{2: 37, 0: 28, 5: 25, 6: 24, 1: 21, 3: 19, 7: 13, 4: 12}
[2, 0, 5]
0.13636363636363635 0.1724137931034483
itercount --------> 1
[5, 2, 1]
0.1724137931034483 0.18181818181818182
itercount --------> 2
[2, 0, 5]
0.18181818181818182 0.21428571428571427
itercount --------> 3
[0, 5, 6]
0.21428571428571427 0.25
itercount --------> 4
[0, 5, 1]
0.25 0.36363636363636365
itercount --------> 5
[2, 0, 5]
[2, 0, 1]
[2, 0, 3]
[2, 0, 6]
0.36363636363636365 0.4166666666666667
itercount --------> 6
[5, 0, 2]
[5, 0, 3]
[5, 0, 1]
[5, 0, 4]
[5, 0, 6]
[5, 0, 7]
[5, 0, 2, 3]
[5, 0, 2, 1]
[5, 0, 2, 4]
0.4166666666666667 0.52
itercount --------> 7
[0, 5, 2]
[0, 5, 1]
[0, 5, 6]
[0, 5, 3]
0.52 0.5416666666666666
itercount --------> 8
[0, 5, 2]
[0, 5, 6]
[0, 5, 7]
[0, 5, 4]
[0, 5, 1]
[0, 5, 3]
[0, 5, 2, 6]
[0, 5, 2, 7]
[0, 5, 2, 4]
[0, 5, 2, 1]
0.5416666666666666 0.5454545454545454
itercount --------> 9
[0, 5, 2]
[0, 5, 3]
[0, 5, 1]
[0, 5, 6]
[0, 5, 4]
[0, 5, 7]
[0, 5, 2, 3]
[0, 5, 2, 1]
[0, 5, 2, 6]
[0, 5, 2, 4]
[0, 5, 2, 7]
[0, 5, 2, 3, 1]
[0, 5, 2, 3, 6]
[0, 5, 2, 3, 4]
0.5454545454545454 0.5652173913043478
itercount --------> 10
[0, 5, 2]
[0, 5, 6]
[0, 5, 1]
[0, 5, 7]
[0, 5, 3]
[0, 5, 4]
[0, 5, 2, 6]
[0, 5, 2, 1]
[0, 5, 2, 7]
[0, 5, 2, 3]
[0, 5, 2, 4]
[0, 5, 2, 6, 1]
[0, 5, 2, 6, 7]
[0, 5, 2, 6, 3]
0.5652173913043478 0.5714285714285714
itercount --------> 11
[0, 5, 2]
[0, 5, 3]
[0, 5, 6]
[0, 5, 1]
[0, 5, 4]
[0, 5, 7]
[0, 5, 2, 3]
[0, 5, 2, 6]
[0, 5, 2, 1]
[0, 5, 2, 4]
[0, 5, 2, 7]
[0, 5, 2, 3, 6]
[0, 5, 2, 3, 1]
[0, 5, 2, 3, 4]
[0, 5, 2, 3, 7]
[0, 5, 2, 3, 6, 1]
[0, 5, 2, 3, 6, 4]
[0, 5, 2, 3, 6, 7]
[0, 5, 2, 3, 6, 1, 4]
[0, 5, 2, 3, 6, 1, 7]
[0, 5, 2, 3, 6, 1, 4, 7]
failed Once
after fail n ======> 4
[2, 0, 5, 6]
0.13636363636363635 0.1836734693877551
itercount --------> 1
[2, 0, 5]
0.1836734693877551 0.3076923076923077
itercount --------> 2
[0, 2, 5]
0.3076923076923077 0.36363636363636365
itercount --------> 3
[2, 0, 5]
[2, 0, 1]
[2, 0, 3]
0.36363636363636365 0.38095238095238093
itercount --------> 4
[2, 0, 5]
[2, 0, 1]
[2, 0, 6]
0.38095238095238093 0.4166666666666667
itercount --------> 5
[2, 5, 0]
[2, 5, 3]
[2, 5, 1]
[2, 5, 4]
0.4166666666666667 0.48148148148148145
itercount --------> 6
[2, 5, 0]
[2, 5, 4]
[2, 5, 3]
[2, 5, 6]
[2, 5, 1]
[2, 5, 7]
[2, 5, 0, 4]
[2, 5, 0, 3]
0.48148148148148145 0.5416666666666666
itercount --------> 7
[2, 0, 5]
[2, 0, 1]
[2, 0, 3]
[2, 0, 6]
[2, 0, 4]
[2, 0, 7]
[2, 0, 5, 1]
[2, 0, 5, 3]
0.5416666666666666 0.5909090909090909
itercount --------> 8
[2, 0, 5]
[2, 0, 1]
[2, 0, 6]
[2, 0, 3]
[2, 0, 7]
[2, 0, 4]
[2, 0, 5, 1]
[2, 0, 5, 6]
[2, 0, 5, 3]
[2, 0, 5, 7]
[2, 0, 5, 4]
[2, 0, 5, 1, 6]
[2, 0, 5, 1, 3]
[2, 0, 5, 1, 7]
[2, 0, 5, 1, 4]
[2, 0, 5, 1, 6, 3]
[2, 0, 5, 1, 6, 7]
[2, 0, 5, 1, 6, 4]
[2, 0, 5, 1, 6, 3, 7]
[2, 0, 5, 1, 6, 3, 4]
[2, 0, 5, 1, 6, 3, 7, 4]
failed -> 2 times
after fail n ======> 5
[2, 0, 5, 6, 1]
0.13636363636363635 0.1724137931034483
itercount --------> 1
[2, 0, 1]
[2, 0, 5]
0.1724137931034483 0.18181818181818182
itercount --------> 2
[2, 0, 5]
[2, 0, 1]
[2, 0, 6]
0.18181818181818182 0.36363636363636365
itercount --------> 3
[2, 0, 5]
[2, 0, 1]
[2, 0, 3]
[2, 0, 6]
0.36363636363636365 0.4166666666666667
itercount --------> 4
[2, 0, 5]
[2, 0, 3]
[2, 0, 1]
[2, 0, 4]
0.4166666666666667 0.52
itercount --------> 5
[0, 2, 5]
[0, 2, 1]
[0, 2, 3]
[0, 2, 6]
[0, 2, 4]
[0, 2, 7]
[0, 2, 5, 1]
[0, 2, 5, 3]
[0, 2, 5, 6]
0.52 0.5416666666666666
itercount --------> 6
[2, 5, 0]
[2, 5, 6]
[2, 5, 1]
[2, 5, 3]
[2, 5, 7]
[2, 5, 4]
[2, 5, 0, 6]
[2, 5, 0, 1]
[2, 5, 0, 3]
0.5416666666666666 0.5909090909090909
itercount --------> 7
[2, 5, 0]
[2, 5, 6]
[2, 5, 1]
[2, 5, 3]
[2, 5, 7]
[2, 5, 4]
[2, 5, 0, 6]
[2, 5, 0, 1]
[2, 5, 0, 3]
[2, 5, 0, 7]
[2, 5, 0, 4]
[2, 5, 0, 6, 1]
[2, 5, 0, 6, 3]
[2, 5, 0, 6, 7]
[2, 5, 0, 6, 4]
[2, 5, 0, 6, 1, 3]
[2, 5, 0, 6, 1, 7]
[2, 5, 0, 6, 1, 4]
[2, 5, 0, 6, 1, 3, 7]
[2, 5, 0, 6, 1, 3, 4]
[2, 5, 0, 6, 1, 3, 7, 4]
failed -> 3 times
after fail n ======> 6
[2, 0, 5, 6, 1, 3]
0.13636363636363635 0.1836734693877551
itercount --------> 1
[2, 0, 5]
0.1836734693877551 0.3333333333333333
itercount --------> 2
[0, 2, 5]
[0, 2, 6]
0.3333333333333333 0.38461538461538464
itercount --------> 3
[0, 2, 5]
[0, 2, 3]
[0, 2, 4]
0.38461538461538464 0.48148148148148145
itercount --------> 4
[2, 0, 5]
0.48148148148148145 0.52
itercount --------> 5
[2, 0, 5]
[2, 0, 1]
[2, 0, 3]
[2, 0, 6]
[2, 0, 4]
[2, 0, 7]
[2, 0, 5, 1]
[2, 0, 5, 3]
[2, 0, 5, 6]
0.52 0.5416666666666666
itercount --------> 6
[0, 2, 5]
[0, 2, 6]
[0, 2, 1]
[0, 2, 3]
0.5416666666666666 0.5909090909090909
itercount --------> 7
[0, 5, 2]
[0, 5, 6]
[0, 5, 1]
[0, 5, 3]
[0, 5, 7]
[0, 5, 4]
[0, 5, 2, 6]
[0, 5, 2, 1]
[0, 5, 2, 3]
[0, 5, 2, 7]
[0, 5, 2, 4]
[0, 5, 2, 6, 1]
[0, 5, 2, 6, 3]
[0, 5, 2, 6, 7]
[0, 5, 2, 6, 4]
[0, 5, 2, 6, 1, 3]
[0, 5, 2, 6, 1, 7]
[0, 5, 2, 6, 1, 4]
[0, 5, 2, 6, 1, 3, 7]
[0, 5, 2, 6, 1, 3, 4]
[0, 5, 2, 6, 1, 3, 7, 4]
failed -> 4 times
after fail n ======> 7
[2, 0, 5, 6, 1, 3, 7]
0.13636363636363635 0.1388888888888889
itercount --------> 1
[2, 0, 5]
[2, 0, 3]
[2, 0, 6]
0.1388888888888889 0.15789473684210525
itercount --------> 2
[0, 2, 5]
[0, 2, 3]
0.15789473684210525 0.21951219512195122
itercount --------> 3
[2, 5, 0]
[2, 5, 6]
0.21951219512195122 0.25925925925925924
itercount --------> 4
[2, 0, 5]
0.25925925925925924 0.28
itercount --------> 5
[2, 0, 5]
[2, 0, 3]
[2, 0, 6]
0.28 0.2857142857142857
itercount --------> 6
[2, 0, 5]
[2, 0, 3]
[2, 0, 1]
0.2857142857142857 0.3076923076923077
itercount --------> 7
[2, 5, 0]
[2, 5, 4]
0.3076923076923077 0.3125
itercount --------> 8
[2, 5, 0]
[2, 5, 6]
0.3125 0.35714285714285715
itercount --------> 9
[2, 5, 0]
[2, 5, 4]
[2, 5, 6]
0.35714285714285715 0.375
itercount --------> 10
[2, 5, 0]
[2, 5, 6]
[2, 5, 7]
0.375 0.3870967741935484
itercount --------> 11
[2, 5, 6]
0.3870967741935484 0.41379310344827586
itercount --------> 12
[5, 2, 0]
[5, 2, 6]
[5, 2, 4]
[5, 2, 7]
[5, 2, 3]
[5, 2, 1]
[5, 2, 0, 6]
[5, 2, 0, 4]
[5, 2, 0, 7]
0.41379310344827586 0.42857142857142855
itercount --------> 13
[2, 5, 0]
[2, 5, 7]
[2, 5, 4]
[2, 5, 6]
[2, 5, 3]
0.42857142857142855 0.43333333333333335
itercount --------> 14
[5, 7, 2]
[5, 7, 4]
[5, 7, 3]
[5, 7, 6]
0.43333333333333335 0.46153846153846156
itercount --------> 15
[5, 3, 4]
[5, 3, 7]
[5, 3, 2]
0.46153846153846156 0.4782608695652174
itercount --------> 16
[2, 5, 0]
[2, 5, 3]
[2, 5, 6]
[2, 5, 4]
[2, 5, 7]
[2, 5, 1]
[2, 5, 0, 3]
[2, 5, 0, 6]
[2, 5, 0, 4]
0.4782608695652174 0.5
itercount --------> 17
[2, 5, 0]
[2, 5, 3]
[2, 5, 4]
[2, 5, 1]
[2, 5, 6]
[2, 5, 7]
[2, 5, 0, 3]
[2, 5, 0, 4]
[2, 5, 0, 1]
[2, 5, 0, 6]
[2, 5, 0, 7]
[2, 5, 0, 3, 4]
[2, 5, 0, 3, 1]
[2, 5, 0, 3, 6]
0.5 0.5217391304347826
itercount --------> 18
[2, 5, 0]
[2, 5, 3]
[2, 5, 6]
[2, 5, 1]
[2, 5, 4]
[2, 5, 7]
[2, 5, 0, 3]
[2, 5, 0, 6]
[2, 5, 0, 1]
[2, 5, 0, 4]
[2, 5, 0, 7]
[2, 5, 0, 3, 6]
[2, 5, 0, 3, 1]
[2, 5, 0, 3, 4]
[2, 5, 0, 3, 7]
[2, 5, 0, 3, 6, 1]
0.5217391304347826 0.5454545454545454
itercount --------> 19
[2, 5, 0]
[2, 5, 1]
[2, 5, 4]
[2, 5, 3]
[2, 5, 6]
[2, 5, 7]
[2, 5, 0, 1]
[2, 5, 0, 4]
[2, 5, 0, 3]
[2, 5, 0, 6]
[2, 5, 0, 7]
[2, 5, 0, 1, 4]
[2, 5, 0, 1, 3]
[2, 5, 0, 1, 6]
[2, 5, 0, 1, 7]
[2, 5, 0, 1, 4, 3]
[2, 5, 0, 1, 4, 6]
[2, 5, 0, 1, 4, 7]
[2, 5, 0, 1, 4, 3, 6]
[2, 5, 0, 1, 4, 3, 7]
[2, 5, 0, 1, 4, 3, 6, 7]
failed -> 5 times
after fail n ======> 8
[2, 0, 5, 6, 1, 3, 7, 4]
0.13636363636363635 0.1875
itercount --------> 1
[0, 2, 5]
0.1875 0.3333333333333333
itercount --------> 2
[2, 5, 0]
0.3333333333333333 0.36363636363636365
itercount --------> 3
[2, 0, 5]
[2, 0, 1]
[2, 0, 3]
[2, 0, 6]
0.36363636363636365 0.4166666666666667
itercount --------> 4
[2, 0, 5]
[2, 0, 3]
[2, 0, 1]
[2, 0, 4]
0.4166666666666667 0.52
itercount --------> 5
[0, 2, 5]
[0, 2, 1]
[0, 2, 3]
0.52 0.5416666666666666
itercount --------> 6
[2, 0, 5]
[2, 0, 6]
[2, 0, 1]
[2, 0, 3]
[2, 0, 7]
[2, 0, 4]
[2, 0, 5, 6]
0.5416666666666666 0.5909090909090909
itercount --------> 7
[2, 5, 0]
[2, 5, 6]
[2, 5, 1]
[2, 5, 3]
[2, 5, 7]
[2, 5, 4]
[2, 5, 0, 6]
[2, 5, 0, 1]
[2, 5, 0, 3]
[2, 5, 0, 7]
[2, 5, 0, 4]
[2, 5, 0, 6, 1]
[2, 5, 0, 6, 3]
[2, 5, 0, 6, 7]
[2, 5, 0, 6, 4]
[2, 5, 0, 6, 1, 3]
[2, 5, 0, 6, 1, 7]
[2, 5, 0, 6, 1, 4]
[2, 5, 0, 6, 1, 3, 7]
[2, 5, 0, 6, 1, 3, 4]
[2, 5, 0, 6, 1, 3, 7, 4]
failed -> 6 times
after fail n ======> 5
[2, 0, 5, 6, 1]
0.13636363636363635 0.1724137931034483
itercount --------> 1
[5, 2, 1]
0.1724137931034483 0.18181818181818182
itercount --------> 2
[2, 0, 5]
0.18181818181818182 0.21428571428571427
itercount --------> 3
[0, 5, 6]
0.21428571428571427 0.36363636363636365
itercount --------> 4
[2, 0, 5]
[2, 0, 1]
[2, 0, 3]
[2, 0, 6]
0.36363636363636365 0.4166666666666667
itercount --------> 5
[2, 5, 0]
[2, 5, 3]
[2, 5, 1]
[2, 5, 4]
[2, 5, 6]
[2, 5, 7]
[2, 5, 0, 3]
[2, 5, 0, 1]
[2, 5, 0, 4]
0.4166666666666667 0.48148148148148145
itercount --------> 6
[2, 0, 5]
0.48148148148148145 0.52
itercount --------> 7
[2, 5, 0]
[2, 5, 1]
[2, 5, 6]
[2, 5, 3]
0.52 0.5416666666666666
itercount --------> 8
[2, 5, 0]
[2, 5, 6]
[2, 5, 7]
[2, 5, 4]
[2, 5, 1]
[2, 5, 3]
[2, 5, 0, 6]
0.5416666666666666 0.5909090909090909
itercount --------> 9
[2, 0, 5]
[2, 0, 1]
[2, 0, 6]
[2, 0, 3]
[2, 0, 7]
[2, 0, 4]
[2, 0, 5, 1]
[2, 0, 5, 6]
[2, 0, 5, 3]
[2, 0, 5, 7]
[2, 0, 5, 4]
[2, 0, 5, 1, 6]
[2, 0, 5, 1, 3]
[2, 0, 5, 1, 7]
[2, 0, 5, 1, 4]
[2, 0, 5, 1, 6, 3]
[2, 0, 5, 1, 6, 7]
[2, 0, 5, 1, 6, 4]
[2, 0, 5, 1, 6, 3, 7]
[2, 0, 5, 1, 6, 3, 4]
[2, 0, 5, 1, 6, 3, 7, 4]
failed -> 7 times
after fail n ======> 6
[2, 0, 5, 6, 1, 3]
0.13636363636363635 0.16
itercount --------> 1
[2, 0, 3]
0.16 0.17647058823529413
itercount --------> 2
[3, 4, 5]
[3, 4, 6]
[3, 4, 2]
[3, 4, 0]
[3, 4, 1]
[3, 4, 7]
[3, 4, 5, 6]
0.17647058823529413 0.18518518518518517
itercount --------> 3
[3, 5, 1]
[3, 5, 2]
0.18518518518518517 0.25925925925925924
itercount --------> 4
[3, 5, 6]
[3, 5, 4]
[3, 5, 0]
[3, 5, 1]
[3, 5, 7]
[3, 5, 2]
[3, 5, 6, 4]
[3, 5, 6, 0]
[3, 5, 6, 1]
[3, 5, 6, 7]
[3, 5, 6, 2]
0.25925925925925924 0.27586206896551724
itercount --------> 5
[3, 0, 5]
[3, 0, 4]
[3, 0, 7]
0.27586206896551724 0.32
itercount --------> 6
[3, 5, 0]
[3, 5, 4]
[3, 5, 7]
[3, 5, 6]
0.32 0.3333333333333333
itercount --------> 7
[3, 5, 0]
[3, 5, 1]
[3, 5, 4]
[3, 5, 7]
[3, 5, 6]
[3, 5, 2]
[3, 5, 0, 1]
[3, 5, 0, 4]
[3, 5, 0, 7]
[3, 5, 0, 6]
[3, 5, 0, 2]
[3, 5, 0, 1, 4]
[3, 5, 0, 1, 7]
[3, 5, 0, 1, 6]
[3, 5, 0, 1, 2]
[3, 5, 0, 1, 4, 7]
[3, 5, 0, 1, 4, 6]
0.3333333333333333 0.3448275862068966
itercount --------> 8
[5, 3, 0]
[5, 3, 4]
[5, 3, 1]
[5, 3, 2]
[5, 3, 6]
0.3448275862068966 0.36666666666666664
itercount --------> 9
[3, 0, 5]
[3, 0, 4]
[3, 0, 7]
[3, 0, 1]
[3, 0, 2]
[3, 0, 6]
[3, 0, 5, 4]
0.36666666666666664 0.38461538461538464
itercount --------> 10
[5, 4, 0]
[5, 4, 3]
[5, 4, 2]
[5, 4, 7]
0.38461538461538464 0.4074074074074074
itercount --------> 11
[5, 2, 0]
0.4074074074074074 0.44
itercount --------> 12
[5, 2, 0]
[5, 2, 3]
0.44 0.4583333333333333
itercount --------> 13
[2, 5, 0]
[2, 5, 3]
[2, 5, 4]
[2, 5, 6]
[2, 5, 1]
[2, 5, 7]
[2, 5, 0, 3]
[2, 5, 0, 4]
0.4583333333333333 0.4782608695652174
itercount --------> 14
[5, 2, 0]
[5, 2, 3]
[5, 2, 4]
[5, 2, 1]
[5, 2, 6]
[5, 2, 7]
[5, 2, 0, 3]
[5, 2, 0, 4]
[5, 2, 0, 1]
[5, 2, 0, 6]
[5, 2, 0, 7]
[5, 2, 0, 3, 4]
[5, 2, 0, 3, 1]
[5, 2, 0, 3, 6]
[5, 2, 0, 3, 7]
[5, 2, 0, 3, 4, 1]
[5, 2, 0, 3, 4, 6]
[5, 2, 0, 3, 4, 7]
[5, 2, 0, 3, 4, 1, 6]
[5, 2, 0, 3, 4, 1, 7]
[5, 2, 0, 3, 4, 1, 6, 7]
failed -> 8 times
after fail n ======> 7
[2, 0, 5, 6, 1, 3, 7]
0.13636363636363635 0.16
itercount --------> 1
[2, 0, 3]
[2, 0, 1]
[2, 0, 5]
0.16 0.21739130434782608
itercount --------> 2
[2, 0, 5]
0.21739130434782608 0.22580645161290322
itercount --------> 3
[3, 2, 1]
[3, 2, 5]
[3, 2, 0]
[3, 2, 6]
0.22580645161290322 0.23529411764705882
itercount --------> 4
[3, 5, 4]
[3, 5, 2]
0.23529411764705882 0.25
itercount --------> 5
[2, 5, 4]
0.25 0.3103448275862069
itercount --------> 6
[2, 5, 3]
0.3103448275862069 0.32
itercount --------> 7
[2, 4, 5]
0.32 0.3448275862068966
itercount --------> 8
[2, 5, 4]
[2, 5, 0]
0.3448275862068966 0.45454545454545453
itercount --------> 9
[2, 5, 6]
[2, 5, 0]
[2, 5, 3]
[2, 5, 1]
[2, 5, 7]
[2, 5, 4]
[2, 5, 6, 0]
0.45454545454545453 0.5217391304347826
itercount --------> 10
[2, 0, 5]
[2, 0, 6]
[2, 0, 1]
[2, 0, 3]
[2, 0, 7]
[2, 0, 4]
[2, 0, 5, 6]
[2, 0, 5, 1]
[2, 0, 5, 3]
[2, 0, 5, 7]
[2, 0, 5, 4]
[2, 0, 5, 6, 1]
[2, 0, 5, 6, 3]
0.5217391304347826 0.5909090909090909
itercount --------> 11
[2, 0, 5]
[2, 0, 1]
[2, 0, 6]
[2, 0, 3]
[2, 0, 7]
[2, 0, 4]
[2, 0, 5, 1]
[2, 0, 5, 6]
[2, 0, 5, 3]
[2, 0, 5, 7]
[2, 0, 5, 4]
[2, 0, 5, 1, 6]
[2, 0, 5, 1, 3]
[2, 0, 5, 1, 7]
[2, 0, 5, 1, 4]
[2, 0, 5, 1, 6, 3]
[2, 0, 5, 1, 6, 7]
[2, 0, 5, 1, 6, 4]
[2, 0, 5, 1, 6, 3, 7]
[2, 0, 5, 1, 6, 3, 4]
[2, 0, 5, 1, 6, 3, 7, 4]
failed -> 9 times
after fail n ======> 8
[2, 0, 5, 6, 1, 3, 7, 4]
0.13636363636363635 0.1724137931034483
itercount --------> 1
[5, 2, 1]
0.1724137931034483 0.17857142857142858
itercount --------> 2
[1, 5, 6]
[1, 5, 2]
0.17857142857142858 0.18181818181818182
itercount --------> 3
[2, 0, 1]
[2, 0, 5]
0.18181818181818182 0.2
itercount --------> 4
[2, 5, 0]
[2, 5, 1]
[2, 5, 7]
[2, 5, 6]
0.2 0.36363636363636365
itercount --------> 5
[2, 0, 5]
[2, 0, 1]
[2, 0, 3]
[2, 0, 6]
0.36363636363636365 0.38461538461538464
itercount --------> 6
[0, 5, 2]
[0, 5, 1]
[0, 5, 3]
[0, 5, 6]
[0, 5, 4]
0.38461538461538464 0.5
itercount --------> 7
[0, 5, 2]
[0, 5, 1]
[0, 5, 6]
[0, 5, 3]
[0, 5, 7]
[0, 5, 4]
[0, 5, 2, 1]
[0, 5, 2, 6]
[0, 5, 2, 3]
0.5 0.5416666666666666
itercount --------> 8
[0, 5, 2]
[0, 5, 6]
[0, 5, 1]
[0, 5, 7]
[0, 5, 3]
[0, 5, 4]
[0, 5, 2, 6]
[0, 5, 2, 1]
[0, 5, 2, 7]
[0, 5, 2, 3]
[0, 5, 2, 4]
[0, 5, 2, 6, 1]
[0, 5, 2, 6, 7]
[0, 5, 2, 6, 3]
[0, 5, 2, 6, 4]
[0, 5, 2, 6, 1, 7]
[0, 5, 2, 6, 1, 3]
[0, 5, 2, 6, 1, 4]
[0, 5, 2, 6, 1, 7, 3]
[0, 5, 2, 6, 1, 7, 4]
[0, 5, 2, 6, 1, 7, 3, 4]
failed -> 10 times
after fail n ======> 5
[2, 0, 5, 6, 1]
0.13636363636363635 0.13725490196078433
itercount --------> 1
[0, 2, 5]
[0, 2, 1]
0.13725490196078433 0.15789473684210525
itercount --------> 2
[0, 2, 5]
0.15789473684210525 0.24
itercount --------> 3
[2, 1, 5]
0.24 0.2608695652173913
itercount --------> 4
[2, 0, 5]
[2, 0, 1]
0.2608695652173913 0.2692307692307692
itercount --------> 5
[1, 2, 5]
[1, 2, 0]
[1, 2, 6]
0.2692307692307692 0.2962962962962963
itercount --------> 6
[1, 5, 2]
[1, 5, 0]
[1, 5, 6]
0.2962962962962963 0.30434782608695654
itercount --------> 7
[1, 5, 2]
[1, 5, 6]
0.30434782608695654 0.38461538461538464
itercount --------> 8
[5, 2, 0]
[5, 2, 1]
[5, 2, 6]
[5, 2, 3]
[5, 2, 4]
0.38461538461538464 0.4642857142857143
itercount --------> 9
[5, 2, 0]
[5, 2, 6]
[5, 2, 1]
0.4642857142857143 0.5
itercount --------> 10
[2, 5, 0]
[2, 5, 1]
[2, 5, 6]
[2, 5, 3]
[2, 5, 7]
[2, 5, 4]
[2, 5, 0, 1]
[2, 5, 0, 6]
[2, 5, 0, 3]
0.5 0.52
itercount --------> 11
[0, 2, 5]
[0, 2, 1]
[0, 2, 6]
[0, 2, 3]
[0, 2, 7]
[0, 2, 4]
[0, 2, 5, 1]
[0, 2, 5, 6]
[0, 2, 5, 3]
[0, 2, 5, 7]
[0, 2, 5, 4]
[0, 2, 5, 1, 6]
[0, 2, 5, 1, 3]
0.52 0.5416666666666666
itercount --------> 12
[2, 5, 0]
[2, 5, 1]
[2, 5, 6]
[2, 5, 7]
[2, 5, 3]
[2, 5, 4]
[2, 5, 0, 1]
[2, 5, 0, 6]
[2, 5, 0, 7]
[2, 5, 0, 3]
[2, 5, 0, 4]
[2, 5, 0, 1, 6]
[2, 5, 0, 1, 7]
[2, 5, 0, 1, 3]
[2, 5, 0, 1, 4]
[2, 5, 0, 1, 6, 7]
[2, 5, 0, 1, 6, 3]
[2, 5, 0, 1, 6, 4]
[2, 5, 0, 1, 6, 7, 3]
[2, 5, 0, 1, 6, 7, 4]
[2, 5, 0, 1, 6, 7, 3, 4]
failed -> 11 times
after fail n ======> 6
[2, 0, 5, 6, 1, 3]
0.13636363636363635 0.16
itercount --------> 1
[2, 0, 3]
[2, 0, 1]
0.16 0.22580645161290322
itercount --------> 2
[3, 2, 1]
[3, 2, 5]
0.22580645161290322 0.23809523809523808
itercount --------> 3
[3, 5, 4]
0.23809523809523808 0.2727272727272727
itercount --------> 4
[5, 3, 4]
0.2727272727272727 0.28
itercount --------> 5
[3, 5, 6]
0.28 0.4
itercount --------> 6
[5, 3, 6]
[5, 3, 1]
[5, 3, 4]
[5, 3, 2]
[5, 3, 7]
[5, 3, 0]
0.4 0.43478260869565216
itercount --------> 7
[5, 6, 3]
[5, 6, 4]
[5, 6, 2]
0.43478260869565216 0.5
itercount --------> 8
[5, 4, 2]
0.5 0.5217391304347826
itercount --------> 9
[5, 2, 0]
0.5217391304347826 0.5555555555555556
itercount --------> 10
[5, 3, 2]
[5, 3, 0]
[5, 3, 7]
[5, 3, 1]
[5, 3, 6]
[5, 3, 4]
[5, 3, 2, 0]
[5, 3, 2, 7]
[5, 3, 2, 1]
[5, 3, 2, 6]
[5, 3, 2, 4]
[5, 3, 2, 0, 7]
[5, 3, 2, 0, 1]
[5, 3, 2, 0, 6]
[5, 3, 2, 0, 4]
[5, 3, 2, 0, 7, 1]
[5, 3, 2, 0, 7, 6]
0.5555555555555556 0.56
itercount --------> 11
[5, 3, 2]
[5, 3, 0]
[5, 3, 7]
[5, 3, 1]
[5, 3, 4]
[5, 3, 6]
[5, 3, 2, 0]
[5, 3, 2, 7]
[5, 3, 2, 1]
[5, 3, 2, 4]
[5, 3, 2, 6]
[5, 3, 2, 0, 7]
[5, 3, 2, 0, 1]
[5, 3, 2, 0, 4]
[5, 3, 2, 0, 6]
[5, 3, 2, 0, 7, 1]
[5, 3, 2, 0, 7, 4]
[5, 3, 2, 0, 7, 6]
[5, 3, 2, 0, 7, 1, 4]
[5, 3, 2, 0, 7, 1, 6]
[5, 3, 2, 0, 7, 1, 4, 6]
failed -> 12 times
after fail n ======> 7
[2, 0, 5, 6, 1, 3, 7]
0.13636363636363635 0.15
itercount --------> 1
[2, 0, 3]
0.15 0.2571428571428571
itercount --------> 2
[2, 5, 1]
0.2571428571428571 0.2962962962962963
itercount --------> 3
[2, 5, 3]
0.2962962962962963 0.3103448275862069
itercount --------> 4
[5, 3, 1]
[5, 3, 2]
[5, 3, 6]
[5, 3, 4]
[5, 3, 0]
[5, 3, 7]
[5, 3, 1, 2]
[5, 3, 1, 6]
0.3103448275862069 0.3448275862068966
itercount --------> 5
[5, 3, 4]
0.3448275862068966 0.41935483870967744
itercount --------> 6
[5, 3, 2]
[5, 3, 4]
0.41935483870967744 0.44
itercount --------> 7
[5, 3, 4]
[5, 3, 2]
[5, 3, 1]
[5, 3, 0]
0.44 0.52
itercount --------> 8
[5, 4, 3]
[5, 4, 2]
[5, 4, 0]
[5, 4, 6]
[5, 4, 7]
[5, 4, 1]
[5, 4, 3, 2]
[5, 4, 3, 0]
[5, 4, 3, 6]
[5, 4, 3, 7]
[5, 4, 3, 1]
[5, 4, 3, 2, 0]
[5, 4, 3, 2, 6]
0.52 0.5238095238095238
itercount --------> 9
[2, 5, 0]
[2, 5, 6]
[2, 5, 4]
[2, 5, 3]
[2, 5, 1]
[2, 5, 7]
[2, 5, 0, 6]
[2, 5, 0, 4]
[2, 5, 0, 3]
[2, 5, 0, 1]
[2, 5, 0, 7]
[2, 5, 0, 6, 4]
0.5238095238095238 0.5652173913043478
itercount --------> 10
[4, 5, 2]
[4, 5, 3]
[4, 5, 0]
[4, 5, 7]
[4, 5, 1]
[4, 5, 6]
[4, 5, 2, 3]
[4, 5, 2, 0]
[4, 5, 2, 7]
[4, 5, 2, 1]
[4, 5, 2, 6]
[4, 5, 2, 3, 0]
[4, 5, 2, 3, 7]
[4, 5, 2, 3, 1]
[4, 5, 2, 3, 6]
[4, 5, 2, 3, 0, 7]
[4, 5, 2, 3, 0, 1]
[4, 5, 2, 3, 0, 6]
[4, 5, 2, 3, 0, 7, 1]
[4, 5, 2, 3, 0, 7, 6]
[4, 5, 2, 3, 0, 7, 1, 6]
failed -> 13 times
after fail n ======> 8
[2, 0, 5, 6, 1, 3, 7, 4]
0.13636363636363635 0.1724137931034483
itercount --------> 1
[5, 2, 1]
0.1724137931034483 0.17857142857142858
itercount --------> 2
[1, 5, 6]
[1, 5, 2]
0.17857142857142858 0.18181818181818182
itercount --------> 3
[2, 0, 1]
[2, 0, 5]
0.18181818181818182 0.1935483870967742
itercount --------> 4
[1, 5, 0]
[1, 5, 6]
0.1935483870967742 0.2222222222222222
itercount --------> 5
[0, 5, 1]
0.2222222222222222 0.36363636363636365
itercount --------> 6
[2, 0, 5]
[2, 0, 1]
[2, 0, 3]
[2, 0, 6]
0.36363636363636365 0.4166666666666667
itercount --------> 7
[2, 5, 0]
[2, 5, 3]
[2, 5, 4]
0.4166666666666667 0.5
itercount --------> 8
[2, 5, 0]
[2, 5, 1]
[2, 5, 3]
[2, 5, 6]
[2, 5, 4]
[2, 5, 7]
[2, 5, 0, 1]
0.5 0.5416666666666666
itercount --------> 9
[2, 5, 0]
[2, 5, 6]
[2, 5, 1]
[2, 5, 3]
0.5416666666666666 0.5454545454545454
itercount --------> 10
[2, 5, 0]
[2, 5, 3]
[2, 5, 6]
[2, 5, 1]
[2, 5, 4]
[2, 5, 7]
[2, 5, 0, 3]
[2, 5, 0, 6]
[2, 5, 0, 1]
[2, 5, 0, 4]
[2, 5, 0, 7]
[2, 5, 0, 3, 6]
0.5454545454545454 0.5652173913043478
itercount --------> 11
[2, 5, 0]
[2, 5, 6]
[2, 5, 1]
[2, 5, 7]
[2, 5, 3]
[2, 5, 4]
[2, 5, 0, 6]
[2, 5, 0, 1]
[2, 5, 0, 7]
[2, 5, 0, 3]
[2, 5, 0, 4]
[2, 5, 0, 6, 1]
[2, 5, 0, 6, 7]
[2, 5, 0, 6, 3]
0.5652173913043478 0.5714285714285714
itercount --------> 12
[2, 5, 0]
[2, 5, 3]
[2, 5, 6]
[2, 5, 1]
[2, 5, 4]
[2, 5, 7]
[2, 5, 0, 3]
[2, 5, 0, 6]
[2, 5, 0, 1]
[2, 5, 0, 4]
[2, 5, 0, 7]
[2, 5, 0, 3, 6]
[2, 5, 0, 3, 1]
[2, 5, 0, 3, 4]
[2, 5, 0, 3, 7]
[2, 5, 0, 3, 6, 1]
[2, 5, 0, 3, 6, 4]
[2, 5, 0, 3, 6, 7]
[2, 5, 0, 3, 6, 1, 4]
[2, 5, 0, 3, 6, 1, 7]
[2, 5, 0, 3, 6, 1, 4, 7]
failed -> 14 times
after fail n ======> 5
[2, 0, 5, 6, 1]
0.13636363636363635 0.13725490196078433
itercount --------> 1
[0, 2, 5]
[0, 2, 1]
[0, 2, 6]
0.13725490196078433 0.20512820512820512
itercount --------> 2
[0, 2, 1]
[0, 2, 5]
[0, 2, 6]
0.20512820512820512 0.22580645161290322
itercount --------> 3
[2, 0, 5]
[2, 0, 1]
0.22580645161290322 0.2608695652173913
itercount --------> 4
[2, 0, 5]
[2, 0, 1]
[2, 0, 3]
0.2608695652173913 0.2727272727272727
itercount --------> 5
[0, 5, 2]
[0, 5, 1]
[0, 5, 6]
0.2727272727272727 0.2857142857142857
itercount --------> 6
[5, 3, 6]
[5, 3, 4]
[5, 3, 1]
0.2857142857142857 0.3157894736842105
itercount --------> 7
[2, 5, 0]
[2, 5, 1]
[2, 5, 3]
[2, 5, 4]
0.3157894736842105 0.47368421052631576
itercount --------> 8
[2, 0, 5]
[2, 0, 1]
[2, 0, 3]
[2, 0, 7]
[2, 0, 4]
[2, 0, 6]
[2, 0, 5, 1]
[2, 0, 5, 3]
[2, 0, 5, 7]
[2, 0, 5, 4]
[2, 0, 5, 6]
[2, 0, 5, 1, 3]
[2, 0, 5, 1, 7]
[2, 0, 5, 1, 4]
[2, 0, 5, 1, 6]
[2, 0, 5, 1, 3, 7]
[2, 0, 5, 1, 3, 4]
[2, 0, 5, 1, 3, 6]
[2, 0, 5, 1, 3, 7, 4]
[2, 0, 5, 1, 3, 7, 6]
[2, 0, 5, 1, 3, 7, 4, 6]
failed -> 15 times
after fail n ======> 6
[2, 0, 5, 6, 1, 3]
0.13636363636363635 0.1724137931034483
itercount --------> 1
[2, 0, 1]
0.1724137931034483 0.18181818181818182
itercount --------> 2
[2, 0, 5]
0.18181818181818182 0.21428571428571427
itercount --------> 3
[0, 5, 6]
0.21428571428571427 0.25
itercount --------> 4
[0, 5, 1]
0.25 0.3333333333333333
itercount --------> 5
[5, 6, 2]
[5, 6, 3]
[5, 6, 0]
0.3333333333333333 0.35714285714285715
itercount --------> 6
[5, 0, 3]
[5, 0, 6]
[5, 0, 4]
0.35714285714285715 0.4166666666666667
itercount --------> 7
[5, 0, 2]
[5, 0, 3]
[5, 0, 1]
[5, 0, 4]
[5, 0, 6]
[5, 0, 7]
[5, 0, 2, 3]
[5, 0, 2, 1]
[5, 0, 2, 4]
0.4166666666666667 0.52
itercount --------> 8
[0, 5, 2]
[0, 5, 1]
[0, 5, 6]
[0, 5, 3]
0.52 0.5416666666666666
itercount --------> 9
[0, 5, 2]
[0, 5, 6]
[0, 5, 7]
[0, 5, 4]
[0, 5, 1]
[0, 5, 3]
[0, 5, 2, 6]
0.5416666666666666 0.5909090909090909
itercount --------> 10
[0, 2, 5]
[0, 2, 1]
[0, 2, 6]
[0, 2, 3]
[0, 2, 7]
[0, 2, 4]
[0, 2, 5, 1]
[0, 2, 5, 6]
[0, 2, 5, 3]
[0, 2, 5, 7]
[0, 2, 5, 4]
[0, 2, 5, 1, 6]
[0, 2, 5, 1, 3]
[0, 2, 5, 1, 7]
[0, 2, 5, 1, 4]
[0, 2, 5, 1, 6, 3]
[0, 2, 5, 1, 6, 7]
[0, 2, 5, 1, 6, 4]
[0, 2, 5, 1, 6, 3, 7]
[0, 2, 5, 1, 6, 3, 4]
[0, 2, 5, 1, 6, 3, 7, 4]
failed -> 16 times
after fail n ======> 7
[2, 0, 5, 6, 1, 3, 7]
0.13636363636363635 0.1836734693877551
itercount --------> 1
[2, 0, 5]
0.1836734693877551 0.3333333333333333
itercount --------> 2
[2, 5, 0]
[2, 5, 6]
0.3333333333333333 0.35714285714285715
itercount --------> 3
[5, 2, 3]
0.35714285714285715 0.4166666666666667
itercount --------> 4
[2, 5, 0]
[2, 5, 3]
[2, 5, 1]
[2, 5, 4]
[2, 5, 6]
[2, 5, 7]
[2, 5, 0, 3]
[2, 5, 0, 1]
[2, 5, 0, 4]
0.4166666666666667 0.43333333333333335
itercount --------> 5
[2, 0, 5]
[2, 0, 1]
[2, 0, 6]
0.43333333333333335 0.5416666666666666
itercount --------> 6
[2, 5, 0]
[2, 5, 6]
[2, 5, 1]
[2, 5, 3]
[2, 5, 7]
[2, 5, 4]
[2, 5, 0, 6]
[2, 5, 0, 1]
[2, 5, 0, 3]
0.5416666666666666 0.5909090909090909
itercount --------> 7
[5, 2, 0]
[5, 2, 6]
[5, 2, 3]
[5, 2, 7]
[5, 2, 1]
[5, 2, 4]
[5, 2, 0, 6]
[5, 2, 0, 3]
[5, 2, 0, 7]
[5, 2, 0, 1]
[5, 2, 0, 4]
[5, 2, 0, 6, 3]
[5, 2, 0, 6, 7]
[5, 2, 0, 6, 1]
[5, 2, 0, 6, 4]
[5, 2, 0, 6, 3, 7]
[5, 2, 0, 6, 3, 1]
[5, 2, 0, 6, 3, 4]
[5, 2, 0, 6, 3, 7, 1]
[5, 2, 0, 6, 3, 7, 4]
[5, 2, 0, 6, 3, 7, 1, 4]
failed -> 17 times
after fail n ======> 8
[2, 0, 5, 6, 1, 3, 7, 4]
0.13636363636363635 0.1724137931034483
itercount --------> 1
[5, 2, 1]
0.1724137931034483 0.17857142857142858
itercount --------> 2
[1, 5, 6]
0.17857142857142858 0.23684210526315788
itercount --------> 3
[2, 5, 6]
[2, 5, 1]
0.23684210526315788 0.26666666666666666
itercount --------> 4
[2, 5, 0]
0.26666666666666666 0.36363636363636365
itercount --------> 5
[2, 0, 5]
[2, 0, 1]
[2, 0, 3]
[2, 0, 6]
0.36363636363636365 0.38461538461538464
itercount --------> 6
[0, 5, 2]
[0, 5, 1]
[0, 5, 3]
[0, 5, 6]
[0, 5, 4]
0.38461538461538464 0.5
itercount --------> 7
[0, 5, 2]
[0, 5, 1]
[0, 5, 6]
[0, 5, 3]
[0, 5, 7]
[0, 5, 4]
[0, 5, 2, 1]
[0, 5, 2, 6]
[0, 5, 2, 3]
0.5 0.52
itercount --------> 8
[2, 5, 0]
[2, 5, 6]
[2, 5, 1]
[2, 5, 3]
[2, 5, 7]
[2, 5, 4]
[2, 5, 0, 6]
[2, 5, 0, 1]
[2, 5, 0, 3]
0.52 0.5416666666666666
itercount --------> 9
[0, 5, 2]
[0, 5, 6]
[0, 5, 1]
[0, 5, 7]
[0, 5, 3]
[0, 5, 4]
[0, 5, 2, 6]
[0, 5, 2, 1]
[0, 5, 2, 7]
[0, 5, 2, 3]
[0, 5, 2, 4]
[0, 5, 2, 6, 1]
[0, 5, 2, 6, 7]
[0, 5, 2, 6, 3]
[0, 5, 2, 6, 4]
[0, 5, 2, 6, 1, 7]
[0, 5, 2, 6, 1, 3]
[0, 5, 2, 6, 1, 4]
[0, 5, 2, 6, 1, 7, 3]
[0, 5, 2, 6, 1, 7, 4]
[0, 5, 2, 6, 1, 7, 3, 4]
failed -> 18 times
after fail n ======> 5
[2, 0, 5, 6, 1]
0.13636363636363635 0.1836734693877551
itercount --------> 1
[2, 0, 5]
0.1836734693877551 0.21052631578947367
itercount --------> 2
[2, 0, 5]
0.21052631578947367 0.22580645161290322
itercount --------> 3
[2, 0, 5]
0.22580645161290322 0.3333333333333333
itercount --------> 4
[0, 2, 5]
[0, 2, 6]
0.3333333333333333 0.38461538461538464
itercount --------> 5
[0, 2, 5]
0.38461538461538464 0.4166666666666667
itercount --------> 6
[2, 0, 5]
[2, 0, 3]
[2, 0, 1]
[2, 0, 4]
[2, 0, 6]
[2, 0, 7]
[2, 0, 5, 3]
[2, 0, 5, 1]
[2, 0, 5, 4]
0.4166666666666667 0.5416666666666666
itercount --------> 7
[2, 0, 5]
[2, 0, 1]
[2, 0, 3]
[2, 0, 6]
[2, 0, 4]
[2, 0, 7]
[2, 0, 5, 1]
[2, 0, 5, 3]
0.5416666666666666 0.5909090909090909
itercount --------> 8
[0, 2, 5]
[0, 2, 1]
[0, 2, 6]
[0, 2, 3]
[0, 2, 7]
[0, 2, 4]
[0, 2, 5, 1]
[0, 2, 5, 6]
[0, 2, 5, 3]
[0, 2, 5, 7]
[0, 2, 5, 4]
[0, 2, 5, 1, 6]
[0, 2, 5, 1, 3]
[0, 2, 5, 1, 7]
[0, 2, 5, 1, 4]
[0, 2, 5, 1, 6, 3]
[0, 2, 5, 1, 6, 7]
[0, 2, 5, 1, 6, 4]
[0, 2, 5, 1, 6, 3, 7]
[0, 2, 5, 1, 6, 3, 4]
[0, 2, 5, 1, 6, 3, 7, 4]
failed -> 19 times
after fail n ======> 6
[2, 0, 5, 6, 1, 3]
0.13636363636363635 0.14285714285714285
itercount --------> 1
[5, 2, 0]
0.14285714285714285 0.17857142857142858
itercount --------> 2
[5, 3, 1]
0.17857142857142858 0.2413793103448276
itercount --------> 3
[5, 3, 0]
[5, 3, 2]
0.2413793103448276 0.25
itercount --------> 4
[4, 3, 5]
0.25 0.2962962962962963
itercount --------> 5
[5, 0, 4]
[5, 0, 6]
[5, 0, 3]
[5, 0, 7]
[5, 0, 2]
[5, 0, 1]
[5, 0, 4, 6]
0.2962962962962963 0.3548387096774194
itercount --------> 6
[5, 0, 4]
[5, 0, 2]
0.3548387096774194 0.36666666666666664
itercount --------> 7
[5, 2, 0]
[5, 2, 4]
[5, 2, 3]
[5, 2, 1]
0.36666666666666664 0.375
itercount --------> 8
[0, 5, 1]
0.375 0.44
itercount --------> 9
[5, 0, 4]
[5, 0, 1]
[5, 0, 3]
[5, 0, 2]
[5, 0, 7]
[5, 0, 6]
[5, 0, 4, 1]
[5, 0, 4, 3]
[5, 0, 4, 2]
[5, 0, 4, 7]
[5, 0, 4, 6]
[5, 0, 4, 1, 3]
0.44 0.4583333333333333
itercount --------> 10
[5, 0, 4]
[5, 0, 1]
[5, 0, 2]
[5, 0, 3]
[5, 0, 6]
[5, 0, 7]
[5, 0, 4, 1]
[5, 0, 4, 2]
[5, 0, 4, 3]
[5, 0, 4, 6]
[5, 0, 4, 7]
[5, 0, 4, 1, 2]
[5, 0, 4, 1, 3]
[5, 0, 4, 1, 6]
[5, 0, 4, 1, 7]
[5, 0, 4, 1, 2, 3]
0.4583333333333333 0.5416666666666666
itercount --------> 11
[5, 0, 4]
[5, 0, 2]
[5, 0, 1]
[5, 0, 3]
[5, 0, 6]
[5, 0, 7]
[5, 0, 4, 2]
[5, 0, 4, 1]
[5, 0, 4, 3]
[5, 0, 4, 6]
[5, 0, 4, 7]
[5, 0, 4, 2, 1]
[5, 0, 4, 2, 3]
[5, 0, 4, 2, 6]
[5, 0, 4, 2, 7]
[5, 0, 4, 2, 1, 3]
[5, 0, 4, 2, 1, 6]
[5, 0, 4, 2, 1, 7]
[5, 0, 4, 2, 1, 3, 6]
0.5416666666666666 0.5555555555555556
itercount --------> 12
[0, 5, 2]
[0, 5, 4]
[0, 5, 3]
[0, 5, 7]
[0, 5, 1]
[0, 5, 6]
[0, 5, 2, 4]
[0, 5, 2, 3]
[0, 5, 2, 7]
[0, 5, 2, 1]
[0, 5, 2, 6]
[0, 5, 2, 4, 3]
[0, 5, 2, 4, 7]
[0, 5, 2, 4, 1]
0.5555555555555556 0.56
itercount --------> 13
[0, 5, 2]
[0, 5, 3]
[0, 5, 4]
[0, 5, 7]
[0, 5, 1]
[0, 5, 6]
[0, 5, 2, 3]
0.56 0.6
itercount --------> 14
[5, 0, 2]
[5, 0, 7]
[5, 0, 3]
[5, 0, 6]
[5, 0, 4]
[5, 0, 1]
[5, 0, 2, 7]
0.6 0.6363636363636364
itercount --------> 15
[5, 0, 2]
[5, 0, 3]
[5, 0, 7]
[5, 0, 4]
[5, 0, 6]
[5, 0, 1]
[5, 0, 2, 3]
[5, 0, 2, 7]
[5, 0, 2, 4]
[5, 0, 2, 6]
[5, 0, 2, 1]
[5, 0, 2, 3, 7]
[5, 0, 2, 3, 4]
0.6363636363636364 0.6521739130434783
itercount --------> 16
[5, 0, 2]
[5, 0, 3]
[5, 0, 7]
[5, 0, 6]
[5, 0, 1]
[5, 0, 4]
[5, 0, 2, 3]
[5, 0, 2, 7]
[5, 0, 2, 6]
[5, 0, 2, 1]
[5, 0, 2, 4]
[5, 0, 2, 3, 7]
[5, 0, 2, 3, 6]
[5, 0, 2, 3, 1]
[5, 0, 2, 3, 4]
[5, 0, 2, 3, 7, 6]
[5, 0, 2, 3, 7, 1]
[5, 0, 2, 3, 7, 4]
[5, 0, 2, 3, 7, 6, 1]
[5, 0, 2, 3, 7, 6, 4]
[5, 0, 2, 3, 7, 6, 1, 4]
failed -> 20 times
after fail n ======> 7
[2, 0, 5, 6, 1, 3, 7]
0.13636363636363635 0.16279069767441862
itercount --------> 1
[2, 0, 5]
0.16279069767441862 0.21428571428571427
itercount --------> 2
[2, 0, 5]
[2, 0, 6]
0.21428571428571427 0.26666666666666666
itercount --------> 3
[2, 0, 5]
0.26666666666666666 0.2857142857142857
itercount --------> 4
[2, 0, 5]
[2, 0, 6]
[2, 0, 7]
0.2857142857142857 0.3076923076923077
itercount --------> 5
[2, 6, 5]
[2, 6, 3]
[2, 6, 4]
0.3076923076923077 0.36666666666666664
itercount --------> 6
[2, 5, 6]
[2, 5, 0]
[2, 5, 7]
[2, 5, 4]
[2, 5, 3]
[2, 5, 1]
[2, 5, 6, 0]
0.36666666666666664 0.38461538461538464
itercount --------> 7
[2, 0, 6]
[2, 0, 5]
[2, 0, 7]
[2, 0, 4]
[2, 0, 1]
[2, 0, 3]
[2, 0, 6, 5]
0.38461538461538464 0.43478260869565216
itercount --------> 8
[2, 0, 5]
[2, 0, 6]
[2, 0, 4]
[2, 0, 1]
[2, 0, 3]
[2, 0, 7]
[2, 0, 5, 6]
[2, 0, 5, 4]
[2, 0, 5, 1]
[2, 0, 5, 3]
[2, 0, 5, 7]
[2, 0, 5, 6, 4]
[2, 0, 5, 6, 1]
[2, 0, 5, 6, 3]
[2, 0, 5, 6, 7]
0.43478260869565216 0.4642857142857143
itercount --------> 9
[2, 0, 5]
[2, 0, 6]
0.4642857142857143 0.5
itercount --------> 10
[2, 5, 0]
0.5 0.5217391304347826
itercount --------> 11
[2, 5, 0]
[2, 5, 6]
[2, 5, 1]
[2, 5, 3]
[2, 5, 4]
[2, 5, 7]
[2, 5, 0, 6]
[2, 5, 0, 1]
[2, 5, 0, 3]
[2, 5, 0, 4]
0.5217391304347826 0.5454545454545454
itercount --------> 12
[5, 2, 4]
[5, 2, 0]
[5, 2, 3]
[5, 2, 1]
[5, 2, 6]
[5, 2, 7]
[5, 2, 4, 0]
[5, 2, 4, 3]
[5, 2, 4, 1]
[5, 2, 4, 6]
[5, 2, 4, 7]
[5, 2, 4, 0, 3]
[5, 2, 4, 0, 1]
[5, 2, 4, 0, 6]
[5, 2, 4, 0, 7]
[5, 2, 4, 0, 3, 1]
[5, 2, 4, 0, 3, 6]
[5, 2, 4, 0, 3, 7]
[5, 2, 4, 0, 3, 1, 6]
[5, 2, 4, 0, 3, 1, 7]
[5, 2, 4, 0, 3, 1, 6, 7]
failed -> 21 times
after fail n ======> 8
[2, 0, 5, 6, 1, 3, 7, 4]
0.13636363636363635 0.15151515151515152
itercount --------> 1
[2, 1, 5]
0.15151515151515152 0.16666666666666666
itercount --------> 2
[2, 5, 1]
[2, 5, 6]
0.16666666666666666 0.25
itercount --------> 3
[0, 5, 4]
0.25 0.2903225806451613
itercount --------> 4
[0, 4, 5]
[0, 4, 2]
0.2903225806451613 0.3333333333333333
itercount --------> 5
[5, 6, 4]
0.3333333333333333 0.36363636363636365
itercount --------> 6
[5, 6, 4]
[5, 6, 7]
[5, 6, 3]
[5, 6, 2]
0.36363636363636365 0.45454545454545453
itercount --------> 7
[5, 0, 4]
[5, 0, 2]
[5, 0, 6]
0.45454545454545453 0.47619047619047616
itercount --------> 8
[5, 2, 0]
[5, 2, 3]
[5, 2, 4]
[5, 2, 6]
[5, 2, 1]
[5, 2, 7]
[5, 2, 0, 3]
[5, 2, 0, 4]
[5, 2, 0, 6]
[5, 2, 0, 1]
[5, 2, 0, 7]
[5, 2, 0, 3, 4]
0.47619047619047616 0.5
itercount --------> 9
[2, 5, 0]
[2, 5, 6]
[2, 5, 1]
[2, 5, 4]
[2, 5, 3]
[2, 5, 7]
[2, 5, 0, 6]
[2, 5, 0, 1]
[2, 5, 0, 4]
0.5 0.5238095238095238
itercount --------> 10
[2, 5, 0]
[2, 5, 4]
[2, 5, 6]
[2, 5, 1]
[2, 5, 3]
[2, 5, 7]
[2, 5, 0, 4]
[2, 5, 0, 6]
[2, 5, 0, 1]
[2, 5, 0, 3]
[2, 5, 0, 7]
[2, 5, 0, 4, 6]
0.5238095238095238 0.5909090909090909
itercount --------> 11
[2, 5, 0]
[2, 5, 1]
[2, 5, 3]
[2, 5, 4]
[2, 5, 6]
[2, 5, 7]
[2, 5, 0, 1]
[2, 5, 0, 3]
[2, 5, 0, 4]
[2, 5, 0, 6]
[2, 5, 0, 7]
[2, 5, 0, 1, 3]
[2, 5, 0, 1, 4]
[2, 5, 0, 1, 6]
[2, 5, 0, 1, 7]
[2, 5, 0, 1, 3, 4]
[2, 5, 0, 1, 3, 6]
[2, 5, 0, 1, 3, 7]
[2, 5, 0, 1, 3, 4, 6]
[2, 5, 0, 1, 3, 4, 7]
[2, 5, 0, 1, 3, 4, 6, 7]
failed -> 22 times
after fail n ======> 5
[2, 0, 5, 6, 1]
0.13636363636363635 0.1836734693877551
itercount --------> 1
[2, 0, 5]
0.1836734693877551 0.1875
itercount --------> 2
[0, 2, 5]
0.1875 0.2777777777777778
itercount --------> 3
[2, 5, 1]
0.2777777777777778 0.3076923076923077
itercount --------> 4
[2, 5, 0]
0.3076923076923077 0.36363636363636365
itercount --------> 5
[2, 0, 5]
[2, 0, 1]
[2, 0, 3]
0.36363636363636365 0.38095238095238093
itercount --------> 6
[2, 0, 5]
[2, 0, 1]
[2, 0, 6]
0.38095238095238093 0.4166666666666667
itercount --------> 7
[0, 5, 2]
[0, 5, 3]
[0, 5, 1]
[0, 5, 4]
0.4166666666666667 0.48148148148148145
itercount --------> 8
[0, 5, 2]
[0, 5, 4]
[0, 5, 3]
[0, 5, 6]
[0, 5, 1]
[0, 5, 7]
[0, 5, 2, 4]
0.48148148148148145 0.5
itercount --------> 9
[2, 5, 0]
[2, 5, 4]
[2, 5, 3]
0.5 0.52
itercount --------> 10
[2, 5, 0]
[2, 5, 4]
[2, 5, 3]
[2, 5, 6]
[2, 5, 7]
0.52 0.5217391304347826
itercount --------> 11
[2, 5, 0]
[2, 5, 4]
[2, 5, 3]
[2, 5, 6]
[2, 5, 7]
[2, 5, 1]
[2, 5, 0, 4]
[2, 5, 0, 3]
[2, 5, 0, 6]
[2, 5, 0, 7]
[2, 5, 0, 1]
[2, 5, 0, 4, 3]
0.5217391304347826 0.5416666666666666
itercount --------> 12
[2, 0, 5]
[2, 0, 1]
[2, 0, 3]
[2, 0, 6]
[2, 0, 4]
[2, 0, 7]
[2, 0, 5, 1]
[2, 0, 5, 3]
[2, 0, 5, 6]
[2, 0, 5, 4]
[2, 0, 5, 7]
0.5416666666666666 0.5909090909090909
itercount --------> 13
[0, 2, 5]
[0, 2, 1]
[0, 2, 6]
[0, 2, 3]
[0, 2, 7]
[0, 2, 4]
[0, 2, 5, 1]
[0, 2, 5, 6]
[0, 2, 5, 3]
[0, 2, 5, 7]
[0, 2, 5, 4]
[0, 2, 5, 1, 6]
[0, 2, 5, 1, 3]
[0, 2, 5, 1, 7]
[0, 2, 5, 1, 4]
[0, 2, 5, 1, 6, 3]
[0, 2, 5, 1, 6, 7]
[0, 2, 5, 1, 6, 4]
[0, 2, 5, 1, 6, 3, 7]
[0, 2, 5, 1, 6, 3, 4]
[0, 2, 5, 1, 6, 3, 7, 4]
failed -> 23 times
after fail n ======> 6
[2, 0, 5, 6, 1, 3]
0.13636363636363635 0.16
itercount --------> 1
[2, 0, 3]
0.16 0.21428571428571427
itercount --------> 2
[3, 5, 4]
[3, 5, 6]
[3, 5, 1]
[3, 5, 2]
[3, 5, 7]
[3, 5, 0]
0.21428571428571427 0.23809523809523808
itercount --------> 3
[3, 5, 4]
0.23809523809523808 0.24
itercount --------> 4
[3, 4, 5]
0.24 0.2727272727272727
itercount --------> 5
[5, 3, 4]
0.2727272727272727 0.28
itercount --------> 6
[3, 5, 6]
[3, 5, 1]
[3, 5, 4]
[3, 5, 2]
0.28 0.2857142857142857
itercount --------> 7
[5, 3, 4]
[5, 3, 7]
0.2857142857142857 0.3
itercount --------> 8
[2, 0, 5]
[2, 0, 3]
[2, 0, 6]
0.3 0.3076923076923077
itercount --------> 9
[2, 5, 0]
0.3076923076923077 0.38095238095238093
itercount --------> 10
[2, 5, 0]
[2, 5, 3]
[2, 5, 6]
[2, 5, 4]
[2, 5, 1]
[2, 5, 7]
[2, 5, 0, 3]
0.38095238095238093 0.4166666666666667
itercount --------> 11
[2, 5, 0]
[2, 5, 3]
0.4166666666666667 0.45454545454545453
itercount --------> 12
[2, 5, 6]
0.45454545454545453 0.5217391304347826
itercount --------> 13
[2, 5, 0]
[2, 5, 6]
[2, 5, 3]
[2, 5, 4]
[2, 5, 7]
[2, 5, 1]
[2, 5, 0, 6]
[2, 5, 0, 3]
[2, 5, 0, 4]
[2, 5, 0, 7]
[2, 5, 0, 1]
[2, 5, 0, 6, 3]
0.5217391304347826 0.5416666666666666
itercount --------> 14
[2, 5, 0]
[2, 5, 6]
[2, 5, 7]
[2, 5, 4]
[2, 5, 1]
[2, 5, 3]
[2, 5, 0, 6]
0.5416666666666666 0.5909090909090909
itercount --------> 15
[2, 0, 5]
[2, 0, 1]
[2, 0, 6]
[2, 0, 3]
[2, 0, 7]
[2, 0, 4]
[2, 0, 5, 1]
[2, 0, 5, 6]
[2, 0, 5, 3]
[2, 0, 5, 7]
[2, 0, 5, 4]
[2, 0, 5, 1, 6]
[2, 0, 5, 1, 3]
[2, 0, 5, 1, 7]
[2, 0, 5, 1, 4]
[2, 0, 5, 1, 6, 3]
[2, 0, 5, 1, 6, 7]
[2, 0, 5, 1, 6, 4]
[2, 0, 5, 1, 6, 3, 7]
[2, 0, 5, 1, 6, 3, 4]
[2, 0, 5, 1, 6, 3, 7, 4]
failed -> 24 times
after fail n ======> 7
[2, 0, 5, 6, 1, 3, 7]
0.13636363636363635 0.1836734693877551
itercount --------> 1
[2, 0, 5]
0.1836734693877551 0.2777777777777778
itercount --------> 2
[5, 0, 2]
0.2777777777777778 0.3333333333333333
itercount --------> 3
[0, 2, 5]
0.3333333333333333 0.36363636363636365
itercount --------> 4
[2, 0, 5]
[2, 0, 1]
[2, 0, 3]
0.36363636363636365 0.38095238095238093
itercount --------> 5
[2, 0, 5]
[2, 0, 1]
[2, 0, 6]
[2, 0, 3]
[2, 0, 4]
0.38095238095238093 0.4166666666666667
itercount --------> 6
[2, 0, 5]
[2, 0, 6]
0.4166666666666667 0.4642857142857143
itercount --------> 7
[2, 5, 0]
[2, 5, 4]
0.4642857142857143 0.48148148148148145
itercount --------> 8
[2, 5, 0]
[2, 5, 4]
[2, 5, 3]
[2, 5, 6]
[2, 5, 1]
[2, 5, 7]
[2, 5, 0, 4]
0.48148148148148145 0.5
itercount --------> 9
[0, 5, 2]
[0, 5, 4]
[0, 5, 3]
[0, 5, 6]
[0, 5, 7]
[0, 5, 1]
[0, 5, 2, 4]
[0, 5, 2, 3]
[0, 5, 2, 6]
0.5 0.52
itercount --------> 10
[5, 0, 2]
[5, 0, 4]
[5, 0, 6]
[5, 0, 3]
[5, 0, 7]
[5, 0, 1]
0.52 0.5217391304347826
itercount --------> 11
[5, 4, 2]
[5, 4, 0]
[5, 4, 6]
0.5217391304347826 0.56
itercount --------> 12
[5, 2, 4]
[5, 2, 0]
[5, 2, 1]
[5, 2, 3]
[5, 2, 6]
[5, 2, 7]
[5, 2, 4, 0]
[5, 2, 4, 1]
[5, 2, 4, 3]
[5, 2, 4, 6]
[5, 2, 4, 7]
[5, 2, 4, 0, 1]
[5, 2, 4, 0, 3]
[5, 2, 4, 0, 6]
[5, 2, 4, 0, 7]
[5, 2, 4, 0, 1, 3]
[5, 2, 4, 0, 1, 6]
[5, 2, 4, 0, 1, 7]
[5, 2, 4, 0, 1, 3, 6]
[5, 2, 4, 0, 1, 3, 7]
[5, 2, 4, 0, 1, 3, 6, 7]
failed -> 25 times
after fail n ======> 8
[2, 0, 5, 6, 1, 3, 7, 4]
0.13636363636363635 0.15384615384615385
itercount --------> 1
[2, 1, 0]
[2, 1, 5]
[2, 1, 7]
[2, 1, 4]
0.15384615384615385 0.16666666666666666
itercount --------> 2
[2, 0, 1]
0.16666666666666666 0.2
itercount --------> 3
[2, 0, 1]
[2, 0, 5]
[2, 0, 6]
0.2 0.3
itercount --------> 4
[0, 5, 2]
0.3 0.34615384615384615
itercount --------> 5
[1, 2, 5]
[1, 2, 0]
[1, 2, 6]
[1, 2, 4]
0.34615384615384615 0.36363636363636365
itercount --------> 6
[2, 0, 5]
[2, 0, 1]
[2, 0, 6]
0.36363636363636365 0.4166666666666667
itercount --------> 7
[2, 0, 5]
0.4166666666666667 0.4782608695652174
itercount --------> 8
[2, 0, 5]
[2, 0, 4]
0.4782608695652174 0.5
itercount --------> 9
[2, 0, 5]
[2, 0, 1]
[2, 0, 6]
[2, 0, 4]
[2, 0, 3]
[2, 0, 7]
[2, 0, 5, 1]
[2, 0, 5, 6]
[2, 0, 5, 4]
0.5 0.5238095238095238
itercount --------> 10
[2, 0, 5]
[2, 0, 1]
[2, 0, 3]
[2, 0, 4]
[2, 0, 6]
[2, 0, 7]
[2, 0, 5, 1]
[2, 0, 5, 3]
[2, 0, 5, 4]
[2, 0, 5, 6]
[2, 0, 5, 7]
[2, 0, 5, 1, 3]
[2, 0, 5, 1, 4]
[2, 0, 5, 1, 6]
[2, 0, 5, 1, 7]
[2, 0, 5, 1, 3, 4]
[2, 0, 5, 1, 3, 6]
[2, 0, 5, 1, 3, 7]
[2, 0, 5, 1, 3, 4, 6]
0.5238095238095238 0.5909090909090909
itercount --------> 11
[2, 0, 5]
[2, 0, 1]
[2, 0, 3]
[2, 0, 6]
[2, 0, 7]
[2, 0, 4]
[2, 0, 5, 1]
[2, 0, 5, 3]
[2, 0, 5, 6]
[2, 0, 5, 7]
[2, 0, 5, 4]
[2, 0, 5, 1, 3]
[2, 0, 5, 1, 6]
[2, 0, 5, 1, 7]
[2, 0, 5, 1, 4]
[2, 0, 5, 1, 3, 6]
[2, 0, 5, 1, 3, 7]
[2, 0, 5, 1, 3, 4]
[2, 0, 5, 1, 3, 6, 7]
[2, 0, 5, 1, 3, 6, 4]
[2, 0, 5, 1, 3, 6, 7, 4]
failed -> 26 times
after fail n ======> 5
[2, 0, 5, 6, 1]
0.13636363636363635 0.16
itercount --------> 1
[2, 0, 5]
0.16 0.21052631578947367
itercount --------> 2
[2, 5, 0]
0.21052631578947367 0.22580645161290322
itercount --------> 3
[5, 2, 0]
0.22580645161290322 0.3333333333333333
itercount --------> 4
[5, 6, 2]
0.3333333333333333 0.35714285714285715
itercount --------> 5
[5, 2, 3]
0.35714285714285715 0.4166666666666667
itercount --------> 6
[2, 5, 0]
[2, 5, 3]
[2, 5, 1]
[2, 5, 4]
0.4166666666666667 0.52
itercount --------> 7
[2, 5, 0]
[2, 5, 1]
[2, 5, 6]
[2, 5, 3]
[2, 5, 4]
[2, 5, 7]
[2, 5, 0, 1]
[2, 5, 0, 6]
[2, 5, 0, 3]
[2, 5, 0, 4]
[2, 5, 0, 7]
[2, 5, 0, 1, 6]
0.52 0.5416666666666666
itercount --------> 8
[2, 0, 5]
[2, 0, 1]
[2, 0, 3]
[2, 0, 6]
[2, 0, 4]
[2, 0, 7]
[2, 0, 5, 1]
[2, 0, 5, 3]
0.5416666666666666 0.5909090909090909
itercount --------> 9
[0, 2, 5]
[0, 2, 1]
[0, 2, 6]
[0, 2, 3]
[0, 2, 7]
[0, 2, 4]
[0, 2, 5, 1]
[0, 2, 5, 6]
[0, 2, 5, 3]
[0, 2, 5, 7]
[0, 2, 5, 4]
[0, 2, 5, 1, 6]
[0, 2, 5, 1, 3]
[0, 2, 5, 1, 7]
[0, 2, 5, 1, 4]
[0, 2, 5, 1, 6, 3]
[0, 2, 5, 1, 6, 7]
[0, 2, 5, 1, 6, 4]
[0, 2, 5, 1, 6, 3, 7]
[0, 2, 5, 1, 6, 3, 4]
[0, 2, 5, 1, 6, 3, 7, 4]
failed -> 27 times
after fail n ======> 6
[2, 0, 5, 6, 1, 3]
0.13636363636363635 0.14893617021276595
itercount --------> 1
[2, 1, 0]
[2, 1, 5]
0.14893617021276595 0.1891891891891892
itercount --------> 2
[2, 1, 0]
0.1891891891891892 0.2222222222222222
itercount --------> 3
[2, 1, 5]
[2, 1, 0]
0.2222222222222222 0.24
itercount --------> 4
[2, 1, 0]
[2, 1, 5]
[2, 1, 6]
[2, 1, 4]
0.24 0.28
itercount --------> 5
[2, 1, 5]
0.28 0.32142857142857145
itercount --------> 6
[2, 1, 5]
[2, 1, 6]
0.32142857142857145 0.35294117647058826
itercount --------> 7
[2, 1, 5]
[2, 1, 0]
[2, 1, 6]
[2, 1, 3]
0.35294117647058826 0.3684210526315789
itercount --------> 8
[2, 5, 0]
[2, 5, 1]
[2, 5, 6]
[2, 5, 4]
[2, 5, 3]
[2, 5, 7]
[2, 5, 0, 1]
0.3684210526315789 0.42857142857142855
itercount --------> 9
[2, 0, 5]
[2, 0, 1]
[2, 0, 6]
[2, 0, 7]
[2, 0, 3]
[2, 0, 4]
[2, 0, 5, 1]
[2, 0, 5, 6]
[2, 0, 5, 7]
[2, 0, 5, 3]
[2, 0, 5, 4]
[2, 0, 5, 1, 6]
[2, 0, 5, 1, 7]
[2, 0, 5, 1, 3]
[2, 0, 5, 1, 4]
[2, 0, 5, 1, 6, 7]
[2, 0, 5, 1, 6, 3]
[2, 0, 5, 1, 6, 4]
[2, 0, 5, 1, 6, 7, 3]
[2, 0, 5, 1, 6, 7, 4]
[2, 0, 5, 1, 6, 7, 3, 4]
failed -> 28 times
after fail n ======> 7
[2, 0, 5, 6, 1, 3, 7]
0.13636363636363635 0.13924050632911392
itercount --------> 1
[2, 0, 5]
0.13924050632911392 0.15254237288135594
itercount --------> 2
[2, 0, 1]
0.15254237288135594 0.20512820512820512
itercount --------> 3
[2, 0, 1]
[2, 0, 5]
[2, 0, 6]
0.20512820512820512 0.22580645161290322
itercount --------> 4
[2, 0, 5]
[2, 0, 1]
0.22580645161290322 0.24
itercount --------> 5
[2, 1, 5]
0.24 0.25806451612903225
itercount --------> 6
[5, 1, 2]
[5, 1, 0]
0.25806451612903225 0.2692307692307692
itercount --------> 7
[1, 2, 5]
[1, 2, 0]
[1, 2, 6]
0.2692307692307692 0.2857142857142857
itercount --------> 8
[1, 2, 5]
[1, 2, 0]
[1, 2, 6]
0.2857142857142857 0.36363636363636365
itercount --------> 9
[2, 5, 0]
[2, 5, 1]
[2, 5, 6]
0.36363636363636365 0.4166666666666667
itercount --------> 10
[5, 3, 2]
[5, 3, 4]
0.4166666666666667 0.48
itercount --------> 11
[5, 2, 4]
[5, 2, 0]
[5, 2, 3]
[5, 2, 6]
[5, 2, 1]
[5, 2, 7]
[5, 2, 4, 0]
0.48 0.5217391304347826
itercount --------> 12
[5, 2, 4]
[5, 2, 0]
[5, 2, 3]
[5, 2, 1]
[5, 2, 6]
[5, 2, 7]
[5, 2, 4, 0]
0.5217391304347826 0.5714285714285714
itercount --------> 13
[2, 5, 0]
[2, 5, 1]
[2, 5, 3]
[2, 5, 4]
[2, 5, 6]
[2, 5, 7]
[2, 5, 0, 1]
[2, 5, 0, 3]
0.5714285714285714 0.5909090909090909
itercount --------> 14
[2, 5, 4]
[2, 5, 6]
[2, 5, 0]
[2, 5, 3]
[2, 5, 7]
[2, 5, 1]
[2, 5, 4, 6]
[2, 5, 4, 0]
[2, 5, 4, 3]
[2, 5, 4, 7]
[2, 5, 4, 1]
[2, 5, 4, 6, 0]
[2, 5, 4, 6, 3]
[2, 5, 4, 6, 7]
[2, 5, 4, 6, 1]
[2, 5, 4, 6, 0, 3]
[2, 5, 4, 6, 0, 7]
[2, 5, 4, 6, 0, 1]
[2, 5, 4, 6, 0, 3, 7]
[2, 5, 4, 6, 0, 3, 1]
[2, 5, 4, 6, 0, 3, 7, 1]
failed -> 29 times
after fail n ======> 8
[2, 0, 5, 6, 1, 3, 7, 4]
0.13636363636363635 0.16
itercount --------> 1
[2, 0, 3]
[2, 0, 1]
[2, 0, 5]
0.16 0.21739130434782608
itercount --------> 2
[2, 0, 5]
0.21739130434782608 0.22580645161290322
itercount --------> 3
[2, 3, 1]
[2, 3, 5]
0.22580645161290322 0.23809523809523808
itercount --------> 4
[3, 5, 4]
[3, 5, 2]
0.23809523809523808 0.25
itercount --------> 5
[5, 2, 0]
[5, 2, 1]
[5, 2, 3]
[5, 2, 7]
[5, 2, 4]
0.25 0.2631578947368421
itercount --------> 6
[1, 5, 2]
[1, 5, 7]
[1, 5, 0]
[1, 5, 3]
[1, 5, 4]
0.2631578947368421 0.2857142857142857
itercount --------> 7
[1, 5, 0]
[1, 5, 2]
[1, 5, 4]
[1, 5, 3]
[1, 5, 7]
[1, 5, 6]
0.2857142857142857 0.36
itercount --------> 8
[2, 6, 0]
0.36 0.4
itercount --------> 9
[2, 0, 5]
[2, 0, 1]
[2, 0, 6]
[2, 0, 4]
[2, 0, 7]
[2, 0, 3]
[2, 0, 5, 1]
[2, 0, 5, 6]
0.4 0.42857142857142855
itercount --------> 10
[2, 0, 5]
[2, 0, 1]
[2, 0, 6]
[2, 0, 4]
[2, 0, 3]
[2, 0, 7]
[2, 0, 5, 1]
[2, 0, 5, 6]
[2, 0, 5, 4]
[2, 0, 5, 3]
[2, 0, 5, 7]
[2, 0, 5, 1, 6]
0.42857142857142855 0.46153846153846156
itercount --------> 11
[2, 5, 6]
[2, 5, 0]
[2, 5, 4]
[2, 5, 1]
[2, 5, 3]
[2, 5, 7]
[2, 5, 6, 0]
[2, 5, 6, 4]
[2, 5, 6, 1]
[2, 5, 6, 3]
0.46153846153846156 0.48148148148148145
itercount --------> 12
[2, 5, 0]
[2, 5, 6]
[2, 5, 4]
[2, 5, 1]
[2, 5, 7]
[2, 5, 3]
[2, 5, 0, 6]
[2, 5, 0, 4]
0.48148148148148145 0.5
itercount --------> 13
[5, 2, 0]
[5, 2, 4]
[5, 2, 1]
[5, 2, 6]
[5, 2, 7]
[5, 2, 3]
[5, 2, 0, 4]
[5, 2, 0, 1]
[5, 2, 0, 6]
[5, 2, 0, 7]
[5, 2, 0, 3]
[5, 2, 0, 4, 1]
[5, 2, 0, 4, 6]
[5, 2, 0, 4, 7]
[5, 2, 0, 4, 3]
[5, 2, 0, 4, 1, 6]
[5, 2, 0, 4, 1, 7]
[5, 2, 0, 4, 1, 3]
[5, 2, 0, 4, 1, 6, 7]
[5, 2, 0, 4, 1, 6, 3]
[5, 2, 0, 4, 1, 6, 7, 3]
0.5 0.5416666666666666
itercount --------> 14
[2, 5, 0]
[2, 5, 6]
[2, 5, 7]
[2, 5, 4]
[2, 5, 1]
[2, 5, 3]
[2, 5, 0, 6]
0.5416666666666666 0.5909090909090909
itercount --------> 15
[2, 0, 5]
[2, 0, 1]
[2, 0, 6]
[2, 0, 3]
[2, 0, 7]
[2, 0, 4]
[2, 0, 5, 1]
[2, 0, 5, 6]
[2, 0, 5, 3]
[2, 0, 5, 7]
[2, 0, 5, 4]
[2, 0, 5, 1, 6]
[2, 0, 5, 1, 3]
[2, 0, 5, 1, 7]
[2, 0, 5, 1, 4]
[2, 0, 5, 1, 6, 3]
[2, 0, 5, 1, 6, 7]
[2, 0, 5, 1, 6, 4]
[2, 0, 5, 1, 6, 3, 7]
[2, 0, 5, 1, 6, 3, 4]
[2, 0, 5, 1, 6, 3, 7, 4]
failed -> 30 times
after fail n ======> 5
[2, 0, 5, 6, 1]
0.13636363636363635 0.16
itercount --------> 1
[2, 0, 5]
0.16 0.24324324324324326
itercount --------> 2
[0, 5, 2]
0.24324324324324326 0.3333333333333333
itercount --------> 3
[5, 6, 2]
0.3333333333333333 0.38461538461538464
itercount --------> 4
[5, 2, 3]
[5, 2, 4]
0.38461538461538464 0.4444444444444444
itercount --------> 5
[5, 2, 0]
[5, 2, 4]
0.4444444444444444 0.48148148148148145
itercount --------> 6
[5, 2, 0]
0.48148148148148145 0.52
itercount --------> 7
[2, 5, 0]
[2, 5, 1]
[2, 5, 3]
[2, 5, 6]
[2, 5, 4]
[2, 5, 7]
[2, 5, 0, 1]
[2, 5, 0, 3]
[2, 5, 0, 6]
0.52 0.5416666666666666
itercount --------> 8
[0, 2, 5]
[0, 2, 6]
[0, 2, 1]
[0, 2, 3]
0.5416666666666666 0.5909090909090909
itercount --------> 9
[0, 5, 2]
[0, 5, 6]
[0, 5, 1]
[0, 5, 3]
[0, 5, 7]
[0, 5, 4]
[0, 5, 2, 6]
[0, 5, 2, 1]
[0, 5, 2, 3]
[0, 5, 2, 7]
[0, 5, 2, 4]
[0, 5, 2, 6, 1]
[0, 5, 2, 6, 3]
[0, 5, 2, 6, 7]
[0, 5, 2, 6, 4]
[0, 5, 2, 6, 1, 3]
[0, 5, 2, 6, 1, 7]
[0, 5, 2, 6, 1, 4]
[0, 5, 2, 6, 1, 3, 7]
[0, 5, 2, 6, 1, 3, 4]
[0, 5, 2, 6, 1, 3, 7, 4]
failed -> 31 times
after fail n ======> 6
[2, 0, 5, 6, 1, 3]
0.13636363636363635 0.1724137931034483
itercount --------> 1
[5, 2, 1]
0.1724137931034483 0.18181818181818182
itercount --------> 2
[2, 0, 5]
[2, 0, 1]
[2, 0, 6]
0.18181818181818182 0.38461538461538464
itercount --------> 3
[0, 2, 5]
0.38461538461538464 0.4166666666666667
itercount --------> 4
[2, 0, 5]
[2, 0, 3]
[2, 0, 1]
[2, 0, 4]
0.4166666666666667 0.52
itercount --------> 5
[0, 2, 5]
[0, 2, 1]
[0, 2, 3]
[0, 2, 6]
[0, 2, 4]
[0, 2, 7]
[0, 2, 5, 1]
[0, 2, 5, 3]
0.52 0.5416666666666666
itercount --------> 6
[2, 0, 5]
[2, 0, 6]
[2, 0, 1]
[2, 0, 3]
[2, 0, 7]
[2, 0, 4]
[2, 0, 5, 6]
[2, 0, 5, 1]
0.5416666666666666 0.5454545454545454
itercount --------> 7
[2, 5, 0]
[2, 5, 3]
[2, 5, 1]
[2, 5, 6]
[2, 5, 7]
[2, 5, 4]
[2, 5, 0, 3]
0.5454545454545454 0.5652173913043478
itercount --------> 8
[2, 5, 0]
[2, 5, 6]
[2, 5, 1]
[2, 5, 7]
[2, 5, 3]
[2, 5, 4]
[2, 5, 0, 6]
[2, 5, 0, 1]
[2, 5, 0, 7]
[2, 5, 0, 3]
[2, 5, 0, 4]
[2, 5, 0, 6, 1]
[2, 5, 0, 6, 7]
0.5652173913043478 0.5714285714285714
itercount --------> 9
[2, 0, 5]
[2, 0, 1]
[2, 0, 6]
[2, 0, 3]
[2, 0, 7]
[2, 0, 4]
[2, 0, 5, 1]
[2, 0, 5, 6]
[2, 0, 5, 3]
[2, 0, 5, 7]
[2, 0, 5, 4]
[2, 0, 5, 1, 6]
[2, 0, 5, 1, 3]
[2, 0, 5, 1, 7]
[2, 0, 5, 1, 4]
[2, 0, 5, 1, 6, 3]
[2, 0, 5, 1, 6, 7]
[2, 0, 5, 1, 6, 4]
[2, 0, 5, 1, 6, 3, 7]
[2, 0, 5, 1, 6, 3, 4]
[2, 0, 5, 1, 6, 3, 7, 4]
failed -> 32 times
after fail n ======> 7
[2, 0, 5, 6, 1, 3, 7]
0.13636363636363635 0.1724137931034483
itercount --------> 1
[5, 2, 1]
[5, 2, 6]
0.1724137931034483 0.2777777777777778
itercount --------> 2
[5, 2, 0]
0.2777777777777778 0.35714285714285715
itercount --------> 3
[5, 2, 3]
0.35714285714285715 0.4166666666666667
itercount --------> 4
[2, 5, 0]
[2, 5, 3]
[2, 5, 1]
[2, 5, 4]
0.4166666666666667 0.52
itercount --------> 5
[2, 5, 0]
[2, 5, 1]
[2, 5, 6]
[2, 5, 3]
[2, 5, 4]
[2, 5, 7]
[2, 5, 0, 1]
0.52 0.5416666666666666
itercount --------> 6
[2, 5, 0]
[2, 5, 6]
[2, 5, 1]
[2, 5, 3]
[2, 5, 4]
[2, 5, 7]
[2, 5, 0, 6]
[2, 5, 0, 1]
[2, 5, 0, 3]
0.5416666666666666 0.5652173913043478
itercount --------> 7
[2, 5, 0]
[2, 5, 6]
[2, 5, 1]
[2, 5, 7]
[2, 5, 3]
[2, 5, 4]
[2, 5, 0, 6]
[2, 5, 0, 1]
[2, 5, 0, 7]
0.5652173913043478 0.5714285714285714
itercount --------> 8
[5, 2, 0]
[5, 2, 6]
[5, 2, 3]
[5, 2, 7]
[5, 2, 1]
[5, 2, 4]
[5, 2, 0, 6]
[5, 2, 0, 3]
[5, 2, 0, 7]
[5, 2, 0, 1]
[5, 2, 0, 4]
[5, 2, 0, 6, 3]
[5, 2, 0, 6, 7]
[5, 2, 0, 6, 1]
[5, 2, 0, 6, 4]
0.5714285714285714 0.6086956521739131
itercount --------> 9
[5, 2, 0]
[5, 2, 7]
[5, 2, 4]
[5, 2, 6]
[5, 2, 1]
[5, 2, 3]
[5, 2, 0, 7]
[5, 2, 0, 4]
[5, 2, 0, 6]
[5, 2, 0, 1]
[5, 2, 0, 3]
[5, 2, 0, 7, 4]
[5, 2, 0, 7, 6]
[5, 2, 0, 7, 1]
[5, 2, 0, 7, 3]
[5, 2, 0, 7, 4, 6]
[5, 2, 0, 7, 4, 1]
[5, 2, 0, 7, 4, 3]
[5, 2, 0, 7, 4, 6, 1]
[5, 2, 0, 7, 4, 6, 3]
[5, 2, 0, 7, 4, 6, 1, 3]
failed -> 33 times
after fail n ======> 8
[2, 0, 5, 6, 1, 3, 7, 4]
0.13636363636363635 0.15151515151515152
itercount --------> 1
[2, 0, 3]
0.15151515151515152 0.1724137931034483
itercount --------> 2
[3, 0, 2]
0.1724137931034483 0.20833333333333334
itercount --------> 3
[3, 4, 5]
0.20833333333333334 0.21212121212121213
itercount --------> 4
[5, 2, 3]
0.21212121212121213 0.21428571428571427
itercount --------> 5
[2, 5, 3]
0.21428571428571427 0.25
itercount --------> 6
[5, 3, 4]
[5, 3, 6]
0.25 0.2857142857142857
itercount --------> 7
[5, 3, 6]
[5, 3, 4]
[5, 3, 2]
[5, 3, 0]
0.2857142857142857 0.32
itercount --------> 8
[5, 0, 2]
0.32 0.38095238095238093
itercount --------> 9
[5, 2, 6]
[5, 2, 0]
[5, 2, 3]
0.38095238095238093 0.4166666666666667
itercount --------> 10
[5, 2, 0]
[5, 2, 6]
0.4166666666666667 0.48
itercount --------> 11
[2, 5, 0]
[2, 5, 3]
[2, 5, 4]
[2, 5, 6]
[2, 5, 1]
[2, 5, 7]
[2, 5, 0, 3]
0.48 0.5
itercount --------> 12
[5, 4, 2]
0.5 0.5217391304347826
itercount --------> 13
[5, 2, 0]
0.5217391304347826 0.5555555555555556
itercount --------> 14
[5, 3, 2]
[5, 3, 0]
[5, 3, 7]
[5, 3, 1]
[5, 3, 6]
[5, 3, 4]
[5, 3, 2, 0]
[5, 3, 2, 7]
[5, 3, 2, 1]
[5, 3, 2, 6]
[5, 3, 2, 4]
[5, 3, 2, 0, 7]
0.5555555555555556 0.56
itercount --------> 15
[5, 3, 2]
[5, 3, 0]
[5, 3, 7]
[5, 3, 1]
[5, 3, 4]
[5, 3, 6]
[5, 3, 2, 0]
[5, 3, 2, 7]
[5, 3, 2, 1]
[5, 3, 2, 4]
[5, 3, 2, 6]
[5, 3, 2, 0, 7]
[5, 3, 2, 0, 1]
[5, 3, 2, 0, 4]
[5, 3, 2, 0, 6]
[5, 3, 2, 0, 7, 1]
[5, 3, 2, 0, 7, 4]
[5, 3, 2, 0, 7, 6]
[5, 3, 2, 0, 7, 1, 4]
[5, 3, 2, 0, 7, 1, 6]
[5, 3, 2, 0, 7, 1, 4, 6]
failed -> 34 times
after fail n ======> 5
[2, 0, 5, 6, 1]
0.13636363636363635 0.1836734693877551
itercount --------> 1
[2, 0, 5]
0.1836734693877551 0.22580645161290322
itercount --------> 2
[2, 0, 5]
[2, 0, 1]
0.22580645161290322 0.24
itercount --------> 3
[2, 1, 5]
0.24 0.25806451612903225
itercount --------> 4
[5, 1, 2]
[5, 1, 0]
0.25806451612903225 0.2608695652173913
itercount --------> 5
[2, 0, 5]
[2, 0, 1]
[2, 0, 3]
[2, 0, 6]
[2, 0, 4]
0.2608695652173913 0.375
itercount --------> 6
[2, 0, 5]
0.375 0.391304347826087
itercount --------> 7
[2, 0, 5]
[2, 0, 1]
[2, 0, 6]
0.391304347826087 0.42857142857142855
itercount --------> 8
[2, 0, 5]
[2, 0, 1]
[2, 0, 7]
[2, 0, 3]
[2, 0, 4]
[2, 0, 6]
[2, 0, 5, 1]
[2, 0, 5, 7]
0.42857142857142855 0.45
itercount --------> 9
[2, 0, 5]
[2, 0, 1]
[2, 0, 7]
[2, 0, 3]
[2, 0, 4]
[2, 0, 6]
[2, 0, 5, 1]
[2, 0, 5, 7]
[2, 0, 5, 3]
[2, 0, 5, 4]
[2, 0, 5, 6]
[2, 0, 5, 1, 7]
[2, 0, 5, 1, 3]
[2, 0, 5, 1, 4]
[2, 0, 5, 1, 6]
[2, 0, 5, 1, 7, 3]
[2, 0, 5, 1, 7, 4]
[2, 0, 5, 1, 7, 6]
[2, 0, 5, 1, 7, 3, 4]
[2, 0, 5, 1, 7, 3, 6]
[2, 0, 5, 1, 7, 3, 4, 6]
failed -> 35 times
after fail n ======> 6
[2, 0, 5, 6, 1, 3]
0.13636363636363635 0.1836734693877551
itercount --------> 1
[2, 0, 5]
0.1836734693877551 0.1875
itercount --------> 2
[0, 2, 5]
0.1875 0.25
itercount --------> 3
[5, 2, 1]
[5, 2, 3]
0.25 0.2608695652173913
itercount --------> 4
[3, 4, 5]
0.2608695652173913 0.38095238095238093
itercount --------> 5
[2, 0, 5]
[2, 0, 1]
[2, 0, 6]
0.38095238095238093 0.4166666666666667
itercount --------> 6
[5, 0, 2]
[5, 0, 3]
[5, 0, 4]
[5, 0, 1]
[5, 0, 6]
[5, 0, 7]
0.4166666666666667 0.43478260869565216
itercount --------> 7
[0, 5, 2]
[0, 5, 3]
[0, 5, 4]
[0, 5, 6]
[0, 5, 1]
[0, 5, 7]
[0, 5, 2, 3]
[0, 5, 2, 4]
0.43478260869565216 0.5
itercount --------> 8
[0, 2, 5]
[0, 2, 4]
[0, 2, 3]
[0, 2, 6]
[0, 2, 1]
[0, 2, 7]
[0, 2, 5, 4]
[0, 2, 5, 3]
[0, 2, 5, 6]
[0, 2, 5, 1]
[0, 2, 5, 7]
[0, 2, 5, 4, 3]
0.5 0.5217391304347826
itercount --------> 9
[2, 0, 5]
[2, 0, 6]
[2, 0, 3]
[2, 0, 1]
[2, 0, 4]
[2, 0, 7]
0.5217391304347826 0.5652173913043478
itercount --------> 10
[2, 5, 0]
[2, 5, 6]
[2, 5, 1]
[2, 5, 7]
[2, 5, 3]
[2, 5, 4]
[2, 5, 0, 6]
[2, 5, 0, 1]
[2, 5, 0, 7]
[2, 5, 0, 3]
[2, 5, 0, 4]
[2, 5, 0, 6, 1]
[2, 5, 0, 6, 7]
[2, 5, 0, 6, 3]
0.5652173913043478 0.5714285714285714
itercount --------> 11
[2, 5, 0]
[2, 5, 3]
[2, 5, 1]
[2, 5, 6]
[2, 5, 4]
[2, 5, 7]
[2, 5, 0, 3]
[2, 5, 0, 1]
[2, 5, 0, 6]
[2, 5, 0, 4]
[2, 5, 0, 7]
[2, 5, 0, 3, 1]
[2, 5, 0, 3, 6]
[2, 5, 0, 3, 4]
[2, 5, 0, 3, 7]
[2, 5, 0, 3, 1, 6]
[2, 5, 0, 3, 1, 4]
[2, 5, 0, 3, 1, 7]
[2, 5, 0, 3, 1, 6, 4]
[2, 5, 0, 3, 1, 6, 7]
[2, 5, 0, 3, 1, 6, 4, 7]
failed -> 36 times
after fail n ======> 7
[2, 0, 5, 6, 1, 3, 7]
0.13636363636363635 0.18181818181818182
itercount --------> 1
[2, 0, 5]
0.18181818181818182 0.21428571428571427
itercount --------> 2
[0, 5, 6]
0.21428571428571427 0.36363636363636365
itercount --------> 3
[2, 0, 5]
[2, 0, 1]
[2, 0, 3]
[2, 0, 6]
0.36363636363636365 0.38461538461538464
itercount --------> 4
[2, 5, 0]
0.38461538461538464 0.4166666666666667
itercount --------> 5
[2, 5, 0]
[2, 5, 3]
[2, 5, 1]
[2, 5, 4]
[2, 5, 6]
[2, 5, 7]
[2, 5, 0, 3]
[2, 5, 0, 1]
[2, 5, 0, 4]
0.4166666666666667 0.52
itercount --------> 6
[2, 5, 0]
[2, 5, 1]
[2, 5, 3]
[2, 5, 6]
[2, 5, 4]
[2, 5, 7]
[2, 5, 0, 1]
[2, 5, 0, 3]
[2, 5, 0, 6]
0.52 0.5416666666666666
itercount --------> 7
[0, 2, 5]
[0, 2, 6]
[0, 2, 1]
[0, 2, 3]
[0, 2, 7]
[0, 2, 4]
[0, 2, 5, 6]
[0, 2, 5, 1]
[0, 2, 5, 3]
0.5416666666666666 0.5909090909090909
itercount --------> 8
[5, 0, 2]
[5, 0, 6]
[5, 0, 3]
[5, 0, 7]
[5, 0, 1]
[5, 0, 4]
[5, 0, 2, 6]
[5, 0, 2, 3]
[5, 0, 2, 7]
[5, 0, 2, 1]
[5, 0, 2, 4]
[5, 0, 2, 6, 3]
[5, 0, 2, 6, 7]
[5, 0, 2, 6, 1]
[5, 0, 2, 6, 4]
[5, 0, 2, 6, 3, 7]
[5, 0, 2, 6, 3, 1]
[5, 0, 2, 6, 3, 4]
[5, 0, 2, 6, 3, 7, 1]
[5, 0, 2, 6, 3, 7, 4]
[5, 0, 2, 6, 3, 7, 1, 4]
failed -> 37 times
after fail n ======> 8
[2, 0, 5, 6, 1, 3, 7, 4]
0.13636363636363635 0.14893617021276595
itercount --------> 1
[2, 1, 5]
0.14893617021276595 0.1891891891891892
itercount --------> 2
[1, 0, 5]
0.1891891891891892 0.1935483870967742
itercount --------> 3
[1, 5, 2]
0.1935483870967742 0.24
itercount --------> 4
[1, 5, 2]
[1, 5, 6]
[1, 5, 0]
[1, 5, 4]
0.24 0.26666666666666666
itercount --------> 5
[1, 5, 2]
[1, 5, 0]
[1, 5, 6]
[1, 5, 4]
0.26666666666666666 0.28
itercount --------> 6
[5, 1, 2]
[5, 1, 6]
0.28 0.2903225806451613
itercount --------> 7
[5, 2, 1]
[5, 2, 0]
0.2903225806451613 0.34615384615384615
itercount --------> 8
[5, 2, 1]
0.34615384615384615 0.35714285714285715
itercount --------> 9
[2, 5, 0]
[2, 5, 1]
[2, 5, 6]
[2, 5, 3]
[2, 5, 4]
[2, 5, 7]
[2, 5, 0, 1]
0.35714285714285715 0.37037037037037035
itercount --------> 10
[2, 0, 5]
[2, 0, 1]
[2, 0, 6]
[2, 0, 3]
[2, 0, 4]
[2, 0, 7]
[2, 0, 5, 1]
[2, 0, 5, 6]
[2, 0, 5, 3]
0.37037037037037035 0.38461538461538464
itercount --------> 11
[2, 0, 5]
[2, 0, 1]
[2, 0, 6]
[2, 0, 3]
[2, 0, 4]
[2, 0, 7]
[2, 0, 5, 1]
[2, 0, 5, 6]
[2, 0, 5, 3]
[2, 0, 5, 4]
[2, 0, 5, 7]
[2, 0, 5, 1, 6]
0.38461538461538464 0.4
itercount --------> 12
[0, 2, 5]
[0, 2, 1]
0.4 0.43478260869565216
itercount --------> 13
[0, 5, 2]
[0, 5, 3]
[0, 5, 1]
[0, 5, 6]
[0, 5, 4]
[0, 5, 7]
[0, 5, 2, 3]
[0, 5, 2, 1]
[0, 5, 2, 6]
[0, 5, 2, 4]
[0, 5, 2, 7]
[0, 5, 2, 3, 1]
0.43478260869565216 0.5652173913043478
itercount --------> 14
[0, 5, 2]
[0, 5, 6]
[0, 5, 1]
[0, 5, 7]
[0, 5, 3]
[0, 5, 4]
[0, 5, 2, 6]
[0, 5, 2, 1]
[0, 5, 2, 7]
[0, 5, 2, 3]
[0, 5, 2, 4]
[0, 5, 2, 6, 1]
[0, 5, 2, 6, 7]
0.5652173913043478 0.5714285714285714
itercount --------> 15
[0, 5, 2]
[0, 5, 6]
[0, 5, 1]
[0, 5, 4]
[0, 5, 3]
[0, 5, 7]
[0, 5, 2, 6]
[0, 5, 2, 1]
[0, 5, 2, 4]
[0, 5, 2, 3]
[0, 5, 2, 7]
[0, 5, 2, 6, 1]
[0, 5, 2, 6, 4]
0.5714285714285714 0.6086956521739131
itercount --------> 16
[5, 0, 2]
[5, 0, 4]
[5, 0, 7]
[5, 0, 3]
[5, 0, 6]
[5, 0, 1]
[5, 0, 2, 4]
[5, 0, 2, 7]
[5, 0, 2, 3]
[5, 0, 2, 6]
[5, 0, 2, 1]
[5, 0, 2, 4, 7]
[5, 0, 2, 4, 3]
[5, 0, 2, 4, 6]
[5, 0, 2, 4, 1]
[5, 0, 2, 4, 7, 3]
[5, 0, 2, 4, 7, 6]
[5, 0, 2, 4, 7, 1]
[5, 0, 2, 4, 7, 3, 6]
[5, 0, 2, 4, 7, 3, 1]
[5, 0, 2, 4, 7, 3, 6, 1]
failed -> 38 times
after fail n ======> 5
[2, 0, 5, 6, 1]
0.13636363636363635 0.16
itercount --------> 1
[2, 0, 5]
[2, 0, 1]
0.16 0.22580645161290322
itercount --------> 2
[5, 2, 0]
0.22580645161290322 0.3333333333333333
itercount --------> 3
[5, 6, 2]
[5, 6, 3]
[5, 6, 0]
0.3333333333333333 0.38461538461538464
itercount --------> 4
[5, 3, 0]
[5, 3, 2]
0.38461538461538464 0.4166666666666667
itercount --------> 5
[5, 0, 2]
[5, 0, 3]
[5, 0, 1]
[5, 0, 4]
0.4166666666666667 0.52
itercount --------> 6
[0, 5, 2]
[0, 5, 1]
[0, 5, 6]
[0, 5, 3]
[0, 5, 4]
[0, 5, 7]
[0, 5, 2, 1]
[0, 5, 2, 6]
[0, 5, 2, 3]
[0, 5, 2, 4]
0.52 0.5909090909090909
itercount --------> 7
[0, 2, 5]
[0, 2, 1]
[0, 2, 3]
[0, 2, 4]
[0, 2, 6]
[0, 2, 7]
[0, 2, 5, 1]
[0, 2, 5, 3]
[0, 2, 5, 4]
[0, 2, 5, 6]
[0, 2, 5, 7]
[0, 2, 5, 1, 3]
[0, 2, 5, 1, 4]
[0, 2, 5, 1, 6]
[0, 2, 5, 1, 7]
[0, 2, 5, 1, 3, 4]
[0, 2, 5, 1, 3, 6]
[0, 2, 5, 1, 3, 7]
[0, 2, 5, 1, 3, 4, 6]
[0, 2, 5, 1, 3, 4, 7]
[0, 2, 5, 1, 3, 4, 6, 7]
failed -> 39 times
after fail n ======> 6
[2, 0, 5, 6, 1, 3]
0.13636363636363635 0.15384615384615385
itercount --------> 1
[2, 3, 6]
[2, 3, 5]
0.15384615384615385 0.17857142857142858
itercount --------> 2
[2, 6, 1]
0.17857142857142858 0.25
itercount --------> 3
[2, 0, 5]
0.25 0.36363636363636365
itercount --------> 4
[2, 5, 3]
[2, 5, 0]
[2, 5, 1]
[2, 5, 6]
0.36363636363636365 0.4
itercount --------> 5
[2, 5, 3]
[2, 5, 4]
0.4 0.52
itercount --------> 6
[2, 5, 0]
[2, 5, 4]
[2, 5, 6]
[2, 5, 7]
[2, 5, 1]
[2, 5, 3]
[2, 5, 0, 4]
[2, 5, 0, 6]
[2, 5, 0, 7]
0.52 0.5217391304347826
itercount --------> 7
[5, 2, 0]
[5, 2, 4]
[5, 2, 6]
[5, 2, 7]
[5, 2, 1]
[5, 2, 3]
[5, 2, 0, 4]
0.5217391304347826 0.5416666666666666
itercount --------> 8
[5, 2, 6]
[5, 2, 0]
[5, 2, 7]
[5, 2, 3]
[5, 2, 1]
[5, 2, 4]
[5, 2, 6, 0]
[5, 2, 6, 7]
[5, 2, 6, 3]
[5, 2, 6, 1]
[5, 2, 6, 4]
[5, 2, 6, 0, 7]
0.5416666666666666 0.5909090909090909
itercount --------> 9
[2, 5, 0]
[2, 5, 6]
[2, 5, 1]
[2, 5, 3]
[2, 5, 7]
[2, 5, 4]
[2, 5, 0, 6]
[2, 5, 0, 1]
[2, 5, 0, 3]
[2, 5, 0, 7]
[2, 5, 0, 4]
[2, 5, 0, 6, 1]
[2, 5, 0, 6, 3]
[2, 5, 0, 6, 7]
[2, 5, 0, 6, 4]
[2, 5, 0, 6, 1, 3]
[2, 5, 0, 6, 1, 7]
[2, 5, 0, 6, 1, 4]
[2, 5, 0, 6, 1, 3, 7]
[2, 5, 0, 6, 1, 3, 4]
[2, 5, 0, 6, 1, 3, 7, 4]
failed -> 40 times
after fail n ======> 7
[2, 0, 5, 6, 1, 3, 7]
0.13636363636363635 0.1724137931034483
itercount --------> 1
[5, 2, 1]
[5, 2, 6]
0.1724137931034483 0.22580645161290322
itercount --------> 2
[5, 2, 0]
0.22580645161290322 0.3333333333333333
itercount --------> 3
[5, 6, 2]
0.3333333333333333 0.36363636363636365
itercount --------> 4
[2, 0, 5]
[2, 0, 1]
[2, 0, 3]
[2, 0, 6]
0.36363636363636365 0.4166666666666667
itercount --------> 5
[5, 0, 2]
[5, 0, 3]
[5, 0, 1]
[5, 0, 4]
0.4166666666666667 0.52
itercount --------> 6
[0, 5, 2]
[0, 5, 1]
[0, 5, 6]
[0, 5, 3]
[0, 5, 4]
[0, 5, 7]
[0, 5, 2, 1]
0.52 0.5416666666666666
itercount --------> 7
[0, 5, 2]
[0, 5, 6]
[0, 5, 1]
[0, 5, 3]
[0, 5, 4]
[0, 5, 7]
[0, 5, 2, 6]
[0, 5, 2, 1]
[0, 5, 2, 3]
[0, 5, 2, 4]
[0, 5, 2, 7]
[0, 5, 2, 6, 1]
[0, 5, 2, 6, 3]
[0, 5, 2, 6, 4]
[0, 5, 2, 6, 7]
[0, 5, 2, 6, 1, 3]
[0, 5, 2, 6, 1, 4]
[0, 5, 2, 6, 1, 7]
0.5416666666666666 0.5454545454545454
itercount --------> 8
[0, 5, 2]
[0, 5, 6]
[0, 5, 1]
[0, 5, 3]
[0, 5, 4]
[0, 5, 7]
[0, 5, 2, 6]
[0, 5, 2, 1]
[0, 5, 2, 3]
0.5454545454545454 0.5714285714285714
itercount --------> 9
[5, 0, 2]
[5, 0, 6]
[5, 0, 3]
[5, 0, 7]
[5, 0, 1]
[5, 0, 4]
[5, 0, 2, 6]
[5, 0, 2, 3]
[5, 0, 2, 7]
[5, 0, 2, 1]
[5, 0, 2, 4]
[5, 0, 2, 6, 3]
[5, 0, 2, 6, 7]
[5, 0, 2, 6, 1]
[5, 0, 2, 6, 4]
0.5714285714285714 0.6086956521739131
itercount --------> 10
[5, 0, 2]
[5, 0, 7]
[5, 0, 4]
[5, 0, 6]
[5, 0, 1]
[5, 0, 3]
[5, 0, 2, 7]
[5, 0, 2, 4]
[5, 0, 2, 6]
[5, 0, 2, 1]
[5, 0, 2, 3]
[5, 0, 2, 7, 4]
[5, 0, 2, 7, 6]
[5, 0, 2, 7, 1]
[5, 0, 2, 7, 3]
[5, 0, 2, 7, 4, 6]
[5, 0, 2, 7, 4, 1]
[5, 0, 2, 7, 4, 3]
[5, 0, 2, 7, 4, 6, 1]
[5, 0, 2, 7, 4, 6, 3]
[5, 0, 2, 7, 4, 6, 1, 3]
failed -> 41 times
after fail n ======> 8
[2, 0, 5, 6, 1, 3, 7, 4]
0.13636363636363635 0.1836734693877551
itercount --------> 1
[2, 0, 5]
0.1836734693877551 0.1875
itercount --------> 2
[0, 2, 5]
0.1875 0.3333333333333333
itercount --------> 3
[2, 5, 0]
0.3333333333333333 0.36363636363636365
itercount --------> 4
[2, 0, 5]
[2, 0, 1]
[2, 0, 3]
[2, 0, 6]
0.36363636363636365 0.4166666666666667
itercount --------> 5
[2, 0, 5]
[2, 0, 3]
[2, 0, 1]
[2, 0, 4]
0.4166666666666667 0.52
itercount --------> 6
[0, 2, 5]
[0, 2, 1]
[0, 2, 3]
0.52 0.5416666666666666
itercount --------> 7
[2, 0, 5]
[2, 0, 6]
[2, 0, 1]
[2, 0, 3]
[2, 0, 7]
[2, 0, 4]
[2, 0, 5, 6]
[2, 0, 5, 1]
0.5416666666666666 0.5454545454545454
itercount --------> 8
[2, 5, 0]
[2, 5, 3]
0.5454545454545454 0.5652173913043478
itercount --------> 9
[2, 5, 0]
[2, 5, 6]
[2, 5, 1]
[2, 5, 7]
[2, 5, 3]
[2, 5, 4]
[2, 5, 0, 6]
[2, 5, 0, 1]
[2, 5, 0, 7]
0.5652173913043478 0.5714285714285714
itercount --------> 10
[2, 0, 5]
[2, 0, 1]
[2, 0, 6]
[2, 0, 3]
[2, 0, 7]
[2, 0, 4]
[2, 0, 5, 1]
[2, 0, 5, 6]
[2, 0, 5, 3]
[2, 0, 5, 7]
[2, 0, 5, 4]
[2, 0, 5, 1, 6]
[2, 0, 5, 1, 3]
[2, 0, 5, 1, 7]
[2, 0, 5, 1, 4]
[2, 0, 5, 1, 6, 3]
[2, 0, 5, 1, 6, 7]
[2, 0, 5, 1, 6, 4]
[2, 0, 5, 1, 6, 3, 7]
[2, 0, 5, 1, 6, 3, 4]
[2, 0, 5, 1, 6, 3, 7, 4]
failed -> 42 times
after fail n ======> 5
[2, 0, 5, 6, 1]
0.13636363636363635 0.1724137931034483
itercount --------> 1
[5, 2, 1]
[5, 2, 6]
[5, 2, 3]
0.1724137931034483 0.17857142857142858
itercount --------> 2
[2, 6, 1]
0.17857142857142858 0.25
itercount --------> 3
[2, 5, 4]
0.25 0.3333333333333333
itercount --------> 4
[2, 5, 6]
[2, 5, 0]
0.3333333333333333 0.4
itercount --------> 5
[2, 5, 6]
0.4 0.4642857142857143
itercount --------> 6
[2, 5, 0]
[2, 5, 4]
[2, 5, 3]
0.4642857142857143 0.52
itercount --------> 7
[2, 5, 0]
[2, 5, 1]
[2, 5, 3]
[2, 5, 6]
[2, 5, 4]
[2, 5, 7]
[2, 5, 0, 1]
0.52 0.5416666666666666
itercount --------> 8
[5, 2, 0]
[5, 2, 6]
[5, 2, 3]
[5, 2, 7]
[5, 2, 1]
[5, 2, 4]
[5, 2, 0, 6]
[5, 2, 0, 3]
0.5416666666666666 0.5652173913043478
itercount --------> 9
[5, 2, 3]
[5, 2, 0]
[5, 2, 6]
[5, 2, 1]
[5, 2, 4]
[5, 2, 7]
[5, 2, 3, 0]
[5, 2, 3, 6]
0.5652173913043478 0.6
itercount --------> 10
[5, 2, 7]
[5, 2, 0]
[5, 2, 3]
[5, 2, 6]
[5, 2, 4]
[5, 2, 1]
[5, 2, 7, 0]
0.6 0.6363636363636364
itercount --------> 11
[5, 2, 0]
[5, 2, 3]
[5, 2, 7]
[5, 2, 4]
[5, 2, 6]
[5, 2, 1]
[5, 2, 0, 3]
[5, 2, 0, 7]
[5, 2, 0, 4]
[5, 2, 0, 6]
[5, 2, 0, 1]
[5, 2, 0, 3, 7]
[5, 2, 0, 3, 4]
[5, 2, 0, 3, 6]
[5, 2, 0, 3, 1]
[5, 2, 0, 3, 7, 4]
0.6363636363636364 0.6521739130434783
itercount --------> 12
[2, 5, 0]
[2, 5, 3]
[2, 5, 7]
[2, 5, 6]
[2, 5, 1]
[2, 5, 4]
[2, 5, 0, 3]
[2, 5, 0, 7]
[2, 5, 0, 6]
[2, 5, 0, 1]
[2, 5, 0, 4]
[2, 5, 0, 3, 7]
[2, 5, 0, 3, 6]
[2, 5, 0, 3, 1]
[2, 5, 0, 3, 4]
[2, 5, 0, 3, 7, 6]
[2, 5, 0, 3, 7, 1]
[2, 5, 0, 3, 7, 4]
[2, 5, 0, 3, 7, 6, 1]
[2, 5, 0, 3, 7, 6, 4]
[2, 5, 0, 3, 7, 6, 1, 4]
failed -> 43 times
after fail n ======> 6
[2, 0, 5, 6, 1, 3]
0.13636363636363635 0.1836734693877551
itercount --------> 1
[2, 0, 5]
0.1836734693877551 0.22580645161290322
itercount --------> 2
[2, 0, 5]
0.22580645161290322 0.3333333333333333
itercount --------> 3
[0, 2, 5]
[0, 2, 6]
[0, 2, 1]
0.3333333333333333 0.36363636363636365
itercount --------> 4
[2, 0, 5]
[2, 0, 1]
[2, 0, 3]
0.36363636363636365 0.38095238095238093
itercount --------> 5
[2, 0, 5]
[2, 0, 1]
[2, 0, 6]
0.38095238095238093 0.4166666666666667
itercount --------> 6
[2, 5, 0]
[2, 5, 3]
[2, 5, 1]
[2, 5, 4]
[2, 5, 6]
[2, 5, 7]
[2, 5, 0, 3]
[2, 5, 0, 1]
[2, 5, 0, 4]
0.4166666666666667 0.48148148148148145
itercount --------> 7
[2, 5, 0]
[2, 5, 4]
[2, 5, 3]
[2, 5, 6]
[2, 5, 1]
[2, 5, 7]
[2, 5, 0, 4]
0.48148148148148145 0.5416666666666666
itercount --------> 8
[2, 0, 5]
[2, 0, 6]
[2, 0, 1]
[2, 0, 3]
[2, 0, 7]
[2, 0, 4]
[2, 0, 5, 6]
0.5416666666666666 0.5909090909090909
itercount --------> 9
[2, 5, 0]
[2, 5, 6]
[2, 5, 1]
[2, 5, 3]
[2, 5, 7]
[2, 5, 4]
[2, 5, 0, 6]
[2, 5, 0, 1]
[2, 5, 0, 3]
[2, 5, 0, 7]
[2, 5, 0, 4]
[2, 5, 0, 6, 1]
[2, 5, 0, 6, 3]
[2, 5, 0, 6, 7]
[2, 5, 0, 6, 4]
[2, 5, 0, 6, 1, 3]
[2, 5, 0, 6, 1, 7]
[2, 5, 0, 6, 1, 4]
[2, 5, 0, 6, 1, 3, 7]
[2, 5, 0, 6, 1, 3, 4]
[2, 5, 0, 6, 1, 3, 7, 4]
failed -> 44 times
after fail n ======> 7
[2, 0, 5, 6, 1, 3, 7]
0.13636363636363635 0.1724137931034483
itercount --------> 1
[2, 0, 1]
0.1724137931034483 0.17857142857142858
itercount --------> 2
[2, 0, 6]
[2, 0, 1]
[2, 0, 5]
0.17857142857142858 0.18181818181818182
itercount --------> 3
[2, 5, 6]
[2, 5, 1]
[2, 5, 0]
[2, 5, 7]
[2, 5, 3]
[2, 5, 4]
[2, 5, 6, 1]
0.18181818181818182 0.3333333333333333
itercount --------> 4
[2, 5, 6]
[2, 5, 0]
[2, 5, 1]
[2, 5, 3]
[2, 5, 4]
[2, 5, 7]
[2, 5, 6, 0]
0.3333333333333333 0.45454545454545453
itercount --------> 5
[2, 5, 3]
[2, 5, 0]
[2, 5, 1]
[2, 5, 4]
0.45454545454545453 0.5217391304347826
itercount --------> 6
[5, 2, 4]
[5, 2, 0]
0.5217391304347826 0.5416666666666666
itercount --------> 7
[2, 5, 0]
[2, 5, 6]
[2, 5, 1]
[2, 5, 3]
[2, 5, 4]
[2, 5, 7]
[2, 5, 0, 6]
[2, 5, 0, 1]
[2, 5, 0, 3]
0.5416666666666666 0.5454545454545454
itercount --------> 8
[2, 5, 0]
[2, 5, 3]
[2, 5, 6]
[2, 5, 1]
[2, 5, 4]
[2, 5, 7]
[2, 5, 0, 3]
[2, 5, 0, 6]
[2, 5, 0, 1]
[2, 5, 0, 4]
[2, 5, 0, 7]
[2, 5, 0, 3, 6]
0.5454545454545454 0.5652173913043478
itercount --------> 9
[2, 5, 0]
[2, 5, 6]
[2, 5, 1]
[2, 5, 7]
[2, 5, 3]
[2, 5, 4]
[2, 5, 0, 6]
[2, 5, 0, 1]
[2, 5, 0, 7]
[2, 5, 0, 3]
[2, 5, 0, 4]
[2, 5, 0, 6, 1]
[2, 5, 0, 6, 7]
[2, 5, 0, 6, 3]
0.5652173913043478 0.5714285714285714
itercount --------> 10
[2, 5, 0]
[2, 5, 3]
[2, 5, 6]
[2, 5, 1]
[2, 5, 4]
[2, 5, 7]
[2, 5, 0, 3]
[2, 5, 0, 6]
[2, 5, 0, 1]
[2, 5, 0, 4]
[2, 5, 0, 7]
[2, 5, 0, 3, 6]
[2, 5, 0, 3, 1]
[2, 5, 0, 3, 4]
[2, 5, 0, 3, 7]
[2, 5, 0, 3, 6, 1]
[2, 5, 0, 3, 6, 4]
[2, 5, 0, 3, 6, 7]
[2, 5, 0, 3, 6, 1, 4]
[2, 5, 0, 3, 6, 1, 7]
[2, 5, 0, 3, 6, 1, 4, 7]
failed -> 45 times
after fail n ======> 8
[2, 0, 5, 6, 1, 3, 7, 4]
0.13636363636363635 0.1724137931034483
itercount --------> 1
[5, 2, 1]
0.1724137931034483 0.18181818181818182
itercount --------> 2
[2, 0, 5]
0.18181818181818182 0.21428571428571427
itercount --------> 3
[0, 5, 6]
0.21428571428571427 0.3333333333333333
itercount --------> 4
[5, 6, 2]
[5, 6, 3]
[5, 6, 0]
0.3333333333333333 0.35714285714285715
itercount --------> 5
[5, 0, 3]
0.35714285714285715 0.4166666666666667
itercount --------> 6
[5, 0, 2]
[5, 0, 3]
[5, 0, 1]
[5, 0, 4]
0.4166666666666667 0.52
itercount --------> 7
[0, 2, 5]
[0, 2, 1]
[0, 2, 3]
[0, 2, 6]
[0, 2, 4]
[0, 2, 7]
[0, 2, 5, 1]
[0, 2, 5, 3]
[0, 2, 5, 6]
0.52 0.5416666666666666
itercount --------> 8
[2, 5, 0]
[2, 5, 6]
[2, 5, 1]
[2, 5, 3]
[2, 5, 7]
[2, 5, 4]
[2, 5, 0, 6]
[2, 5, 0, 1]
[2, 5, 0, 3]
0.5416666666666666 0.5909090909090909
itercount --------> 9
[2, 5, 0]
[2, 5, 6]
[2, 5, 1]
[2, 5, 3]
[2, 5, 7]
[2, 5, 4]
[2, 5, 0, 6]
[2, 5, 0, 1]
[2, 5, 0, 3]
[2, 5, 0, 7]
[2, 5, 0, 4]
[2, 5, 0, 6, 1]
[2, 5, 0, 6, 3]
[2, 5, 0, 6, 7]
[2, 5, 0, 6, 4]
[2, 5, 0, 6, 1, 3]
[2, 5, 0, 6, 1, 7]
[2, 5, 0, 6, 1, 4]
[2, 5, 0, 6, 1, 3, 7]
[2, 5, 0, 6, 1, 3, 4]
[2, 5, 0, 6, 1, 3, 7, 4]
failed -> 46 times
after fail n ======> 5
[2, 0, 5, 6, 1]
0.13636363636363635 0.22580645161290322
itercount --------> 1
[5, 2, 0]
[5, 2, 1]
0.22580645161290322 0.3333333333333333
itercount --------> 2
[5, 6, 2]
0.3333333333333333 0.38461538461538464
itercount --------> 3
[5, 2, 3]
[5, 2, 4]
0.38461538461538464 0.48148148148148145
itercount --------> 4
[5, 2, 0]
[5, 2, 6]
[5, 2, 3]
[5, 2, 7]
[5, 2, 1]
[5, 2, 4]
[5, 2, 0, 6]
0.48148148148148145 0.52
itercount --------> 5
[2, 5, 0]
[2, 5, 1]
[2, 5, 3]
[2, 5, 6]
[2, 5, 4]
[2, 5, 7]
[2, 5, 0, 1]
0.52 0.5416666666666666
itercount --------> 6
[5, 2, 0]
[5, 2, 6]
[5, 2, 3]
0.5416666666666666 0.6190476190476191
itercount --------> 7
[5, 2, 0]
[5, 2, 3]
[5, 2, 6]
[5, 2, 1]
[5, 2, 7]
[5, 2, 4]
[5, 2, 0, 3]
[5, 2, 0, 6]
[5, 2, 0, 1]
[5, 2, 0, 7]
[5, 2, 0, 4]
[5, 2, 0, 3, 6]
0.6190476190476191 0.6521739130434783
itercount --------> 8
[5, 2, 7]
[5, 2, 0]
[5, 2, 3]
[5, 2, 6]
[5, 2, 1]
[5, 2, 4]
[5, 2, 7, 0]
[5, 2, 7, 3]
[5, 2, 7, 6]
[5, 2, 7, 1]
[5, 2, 7, 4]
[5, 2, 7, 0, 3]
[5, 2, 7, 0, 6]
[5, 2, 7, 0, 1]
[5, 2, 7, 0, 4]
[5, 2, 7, 0, 3, 6]
[5, 2, 7, 0, 3, 1]
[5, 2, 7, 0, 3, 4]
[5, 2, 7, 0, 3, 6, 1]
[5, 2, 7, 0, 3, 6, 4]
[5, 2, 7, 0, 3, 6, 1, 4]
failed -> 47 times
after fail n ======> 6
[2, 0, 5, 6, 1, 3]
0.13636363636363635 0.1724137931034483
itercount --------> 1
[2, 0, 1]
0.1724137931034483 0.18181818181818182
itercount --------> 2
[2, 0, 5]
0.18181818181818182 0.21428571428571427
itercount --------> 3
[0, 5, 6]
0.21428571428571427 0.2972972972972973
itercount --------> 4
[0, 5, 3]
[0, 5, 4]
0.2972972972972973 0.32432432432432434
itercount --------> 5
[0, 5, 2]
0.32432432432432434 0.41379310344827586
itercount --------> 6
[0, 5, 2]
0.41379310344827586 0.52
itercount --------> 7
[0, 2, 5]
[0, 2, 1]
[0, 2, 3]
[0, 2, 6]
[0, 2, 4]
0.52 0.5416666666666666
itercount --------> 8
[0, 2, 5]
[0, 2, 6]
[0, 2, 1]
[0, 2, 3]
0.5416666666666666 0.5909090909090909
itercount --------> 9
[0, 5, 2]
[0, 5, 6]
[0, 5, 1]
[0, 5, 3]
[0, 5, 7]
[0, 5, 4]
[0, 5, 2, 6]
[0, 5, 2, 1]
[0, 5, 2, 3]
[0, 5, 2, 7]
[0, 5, 2, 4]
[0, 5, 2, 6, 1]
[0, 5, 2, 6, 3]
[0, 5, 2, 6, 7]
[0, 5, 2, 6, 4]
[0, 5, 2, 6, 1, 3]
[0, 5, 2, 6, 1, 7]
[0, 5, 2, 6, 1, 4]
[0, 5, 2, 6, 1, 3, 7]
[0, 5, 2, 6, 1, 3, 4]
[0, 5, 2, 6, 1, 3, 7, 4]
failed -> 48 times
after fail n ======> 7
[2, 0, 5, 6, 1, 3, 7]
0.13636363636363635 0.15492957746478872
itercount --------> 1
[2, 5, 0]
0.15492957746478872 0.2
itercount --------> 2
[2, 0, 5]
0.2 0.25
itercount --------> 3
[5, 2, 0]
0.25 0.2558139534883721
itercount --------> 4
[0, 5, 1]
0.2558139534883721 0.3125
itercount --------> 5
[5, 2, 6]
[5, 2, 0]
0.3125 0.35714285714285715
itercount --------> 6
[2, 0, 5]
[2, 0, 1]
[2, 0, 6]
[2, 0, 3]
[2, 0, 4]
0.35714285714285715 0.4482758620689655
itercount --------> 7
[2, 0, 5]
[2, 0, 6]
[2, 0, 1]
[2, 0, 3]
0.4482758620689655 0.48148148148148145
itercount --------> 8
[0, 2, 5]
[0, 2, 6]
[0, 2, 1]
[0, 2, 4]
[0, 2, 7]
[0, 2, 3]
[0, 2, 5, 6]
[0, 2, 5, 1]
[0, 2, 5, 4]
[0, 2, 5, 7]
[0, 2, 5, 3]
[0, 2, 5, 6, 1]
0.48148148148148145 0.5
itercount --------> 9
[0, 5, 2]
[0, 5, 6]
[0, 5, 7]
[0, 5, 1]
[0, 5, 3]
[0, 5, 4]
0.5 0.5909090909090909
itercount --------> 10
[5, 0, 2]
[5, 0, 6]
[5, 0, 1]
[5, 0, 3]
[5, 0, 4]
[5, 0, 7]
[5, 0, 2, 6]
[5, 0, 2, 1]
[5, 0, 2, 3]
[5, 0, 2, 4]
[5, 0, 2, 7]
[5, 0, 2, 6, 1]
[5, 0, 2, 6, 3]
[5, 0, 2, 6, 4]
[5, 0, 2, 6, 7]
[5, 0, 2, 6, 1, 3]
[5, 0, 2, 6, 1, 4]
[5, 0, 2, 6, 1, 7]
[5, 0, 2, 6, 1, 3, 4]
[5, 0, 2, 6, 1, 3, 7]
[5, 0, 2, 6, 1, 3, 4, 7]
failed -> 49 times
after fail n ======> 8
[2, 0, 5, 6, 1, 3, 7, 4]
0.13636363636363635 0.1836734693877551
itercount --------> 1
[2, 0, 5]
[2, 0, 1]
0.1836734693877551 0.2777777777777778
itercount --------> 2
[2, 5, 1]
0.2777777777777778 0.3076923076923077
itercount --------> 3
[2, 5, 0]
0.3076923076923077 0.36363636363636365
itercount --------> 4
[2, 0, 5]
[2, 0, 1]
[2, 0, 3]
[2, 0, 6]
[2, 0, 4]
0.36363636363636365 0.375
itercount --------> 5
[2, 5, 0]
0.375 0.43478260869565216
itercount --------> 6
[2, 0, 5]
[2, 0, 6]
0.43478260869565216 0.52
itercount --------> 7
[2, 0, 5]
[2, 0, 1]
[2, 0, 3]
[2, 0, 6]
[2, 0, 4]
[2, 0, 7]
[2, 0, 5, 1]
[2, 0, 5, 3]
0.52 0.5416666666666666
itercount --------> 8
[0, 2, 5]
[0, 2, 6]
[0, 2, 1]
[0, 2, 3]
[0, 2, 7]
[0, 2, 4]
[0, 2, 5, 6]
[0, 2, 5, 1]
0.5416666666666666 0.5454545454545454
itercount --------> 9
[0, 5, 2]
[0, 5, 3]
0.5454545454545454 0.5652173913043478
itercount --------> 10
[0, 2, 5]
[0, 2, 6]
[0, 2, 1]
[0, 2, 7]
[0, 2, 3]
[0, 2, 4]
[0, 2, 5, 6]
[0, 2, 5, 1]
[0, 2, 5, 7]
[0, 2, 5, 3]
[0, 2, 5, 4]
[0, 2, 5, 6, 1]
[0, 2, 5, 6, 7]
[0, 2, 5, 6, 3]
0.5652173913043478 0.5714285714285714
itercount --------> 11
[0, 2, 5]
[0, 2, 3]
[0, 2, 1]
[0, 2, 6]
[0, 2, 4]
[0, 2, 7]
[0, 2, 5, 3]
[0, 2, 5, 1]
[0, 2, 5, 6]
[0, 2, 5, 4]
[0, 2, 5, 7]
[0, 2, 5, 3, 1]
[0, 2, 5, 3, 6]
[0, 2, 5, 3, 4]
[0, 2, 5, 3, 7]
[0, 2, 5, 3, 1, 6]
[0, 2, 5, 3, 1, 4]
[0, 2, 5, 3, 1, 7]
[0, 2, 5, 3, 1, 6, 4]
[0, 2, 5, 3, 1, 6, 7]
[0, 2, 5, 3, 1, 6, 4, 7]
failed -> 50 times
after fail n ======> 5
Runs with the maximum attractor JI -> [19, 42, 46]
