{5: 32, 0: 23, 1: 18, 2: 18, 3: 15, 4: 14, 6: 9, 7: 6}
[5, 0, 1]
0.06060606060606061 0.08695652173913043
itercount --------> 1
[1, 2, 0]
0.08695652173913043 0.1111111111111111
itercount --------> 2
[1, 2, 5]
[1, 2, 0]
[1, 2, 3]
0.1111111111111111 0.21052631578947367
itercount --------> 3
[1, 2, 5]
0.21052631578947367 0.2222222222222222
itercount --------> 4
[1, 2, 5]
[1, 2, 0]
0.2222222222222222 0.23529411764705882
itercount --------> 5
[0, 1, 2]
[0, 1, 5]
[0, 1, 3]
[0, 1, 6]
0.23529411764705882 0.35
itercount --------> 6
[1, 0, 2]
0.35 0.3684210526315789
itercount --------> 7
[1, 4, 5]
0.3684210526315789 0.42857142857142855
itercount --------> 8
[1, 2, 3]
[1, 2, 7]
[1, 2, 5]
[1, 2, 6]
[1, 2, 0]
[1, 2, 4]
[1, 2, 3, 7]
[1, 2, 3, 5]
[1, 2, 3, 6]
0.42857142857142855 0.44
itercount --------> 9
[1, 5, 4]
[1, 5, 2]
[1, 5, 6]
[1, 5, 3]
[1, 5, 7]
[1, 5, 0]
[1, 5, 4, 2]
0.44 0.45454545454545453
itercount --------> 10
[1, 4, 3]
0.45454545454545453 0.4583333333333333
itercount --------> 11
[1, 5, 6]
[1, 5, 4]
[1, 5, 7]
[1, 5, 2]
[1, 5, 3]
[1, 5, 0]
[1, 5, 6, 4]
[1, 5, 6, 7]
[1, 5, 6, 2]
0.4583333333333333 0.5
itercount --------> 12
[1, 5, 6]
[1, 5, 4]
[1, 5, 7]
[1, 5, 2]
[1, 5, 3]
[1, 5, 0]
[1, 5, 6, 4]
[1, 5, 6, 7]
[1, 5, 6, 2]
[1, 5, 6, 3]
[1, 5, 6, 0]
[1, 5, 6, 4, 7]
[1, 5, 6, 4, 2]
[1, 5, 6, 4, 3]
[1, 5, 6, 4, 0]
[1, 5, 6, 4, 7, 2]
0.5 0.5454545454545454
itercount --------> 13
[1, 5, 7]
[1, 5, 3]
0.5454545454545454 0.6190476190476191
itercount --------> 14
[5, 1, 4]
[5, 1, 3]
[5, 1, 6]
[5, 1, 7]
[5, 1, 2]
[5, 1, 0]
[5, 1, 4, 3]
[5, 1, 4, 6]
[5, 1, 4, 7]
[5, 1, 4, 2]
[5, 1, 4, 0]
[5, 1, 4, 3, 6]
[5, 1, 4, 3, 7]
[5, 1, 4, 3, 2]
[5, 1, 4, 3, 0]
[5, 1, 4, 3, 6, 7]
[5, 1, 4, 3, 6, 2]
[5, 1, 4, 3, 6, 0]
[5, 1, 4, 3, 6, 7, 2]
[5, 1, 4, 3, 6, 7, 0]
[5, 1, 4, 3, 6, 7, 2, 0]
failed Once
after fail n ======> 4
[5, 0, 1, 2]
0.06060606060606061 0.08695652173913043
itercount --------> 1
[1, 2, 0]
[1, 2, 5]
0.08695652173913043 0.1111111111111111
itercount --------> 2
[1, 2, 5]
[1, 2, 0]
[1, 2, 3]
0.1111111111111111 0.21052631578947367
itercount --------> 3
[2, 0, 4]
0.21052631578947367 0.22727272727272727
itercount --------> 4
[0, 2, 4]
[0, 2, 1]
[0, 2, 7]
[0, 2, 3]
[0, 2, 5]
[0, 2, 6]
0.22727272727272727 0.25806451612903225
itercount --------> 5
[2, 0, 1]
0.25806451612903225 0.2857142857142857
itercount --------> 6
[2, 1, 0]
[2, 1, 5]
0.2857142857142857 0.3157894736842105
itercount --------> 7
[1, 2, 5]
[1, 2, 0]
[1, 2, 3]
[1, 2, 6]
[1, 2, 7]
0.3157894736842105 0.35294117647058826
itercount --------> 8
[1, 2, 0]
[1, 2, 5]
[1, 2, 3]
[1, 2, 7]
[1, 2, 6]
[1, 2, 4]
[1, 2, 0, 5]
0.35294117647058826 0.38095238095238093
itercount --------> 9
[0, 6, 3]
[0, 6, 7]
[0, 6, 1]
[0, 6, 2]
[0, 6, 4]
[0, 6, 5]
[0, 6, 3, 7]
0.38095238095238093 0.39285714285714285
itercount --------> 10
[0, 4, 6]
[0, 4, 1]
[0, 4, 2]
[0, 4, 5]
[0, 4, 3]
[0, 4, 7]
[0, 4, 6, 1]
0.39285714285714285 0.4166666666666667
itercount --------> 11
[0, 4, 1]
[0, 4, 2]
0.4166666666666667 0.43478260869565216
itercount --------> 12
[2, 6, 0]
0.43478260869565216 0.44
itercount --------> 13
[2, 4, 5]
[2, 4, 7]
0.44 0.4444444444444444
itercount --------> 14
[2, 5, 4]
[2, 5, 6]
[2, 5, 1]
[2, 5, 3]
[2, 5, 7]
[2, 5, 0]
0.4444444444444444 0.45454545454545453
itercount --------> 15
[2, 1, 5]
[2, 1, 3]
[2, 1, 6]
[2, 1, 7]
[2, 1, 4]
[2, 1, 0]
[2, 1, 5, 3]
[2, 1, 5, 6]
0.45454545454545453 0.4583333333333333
itercount --------> 16
[2, 5, 6]
[2, 5, 1]
[2, 5, 4]
[2, 5, 7]
[2, 5, 3]
[2, 5, 0]
[2, 5, 6, 1]
[2, 5, 6, 4]
0.4583333333333333 0.4782608695652174
itercount --------> 17
[2, 4, 5]
[2, 4, 6]
[2, 4, 3]
[2, 4, 1]
[2, 4, 0]
[2, 4, 7]
[2, 4, 5, 6]
0.4782608695652174 0.5263157894736842
itercount --------> 18
[2, 1, 3]
[2, 1, 4]
[2, 1, 5]
[2, 1, 6]
[2, 1, 0]
[2, 1, 7]
[2, 1, 3, 4]
[2, 1, 3, 5]
0.5263157894736842 0.5454545454545454
itercount --------> 19
[2, 5, 1]
[2, 5, 3]
[2, 5, 4]
[2, 5, 6]
[2, 5, 7]
0.5454545454545454 0.6
itercount --------> 20
[2, 4, 3]
[2, 4, 5]
[2, 4, 6]
[2, 4, 7]
[2, 4, 1]
[2, 4, 0]
[2, 4, 3, 5]
[2, 4, 3, 6]
[2, 4, 3, 7]
0.6 0.6190476190476191
itercount --------> 21
[2, 1, 3]
[2, 1, 5]
[2, 1, 0]
[2, 1, 4]
[2, 1, 6]
[2, 1, 7]
[2, 1, 3, 5]
[2, 1, 3, 0]
[2, 1, 3, 4]
[2, 1, 3, 6]
[2, 1, 3, 7]
[2, 1, 3, 5, 0]
[2, 1, 3, 5, 4]
[2, 1, 3, 5, 6]
[2, 1, 3, 5, 7]
[2, 1, 3, 5, 0, 4]
[2, 1, 3, 5, 0, 6]
[2, 1, 3, 5, 0, 7]
[2, 1, 3, 5, 0, 4, 6]
[2, 1, 3, 5, 0, 4, 7]
[2, 1, 3, 5, 0, 4, 6, 7]
failed -> 2 times
after fail n ======> 5
[5, 0, 1, 2, 3]
0.06060606060606061 0.06896551724137931
itercount --------> 1
[2, 5, 0]
0.06896551724137931 0.08695652173913043
itercount --------> 2
[5, 1, 0]
0.08695652173913043 0.1111111111111111
itercount --------> 3
[1, 5, 0]
[1, 5, 7]
0.1111111111111111 0.15
itercount --------> 4
[5, 6, 7]
0.15 0.16666666666666666
itercount --------> 5
[4, 3, 6]
[4, 3, 1]
[4, 3, 7]
[4, 3, 0]
[4, 3, 2]
[4, 3, 5]
0.16666666666666666 0.19047619047619047
itercount --------> 6
[6, 4, 7]
[6, 4, 1]
0.19047619047619047 0.2
itercount --------> 7
[1, 7, 4]
[1, 7, 5]
0.2 0.23333333333333334
itercount --------> 8
[5, 1, 7]
0.23333333333333334 0.3333333333333333
itercount --------> 9
[1, 4, 5]
0.3333333333333333 0.38095238095238093
itercount --------> 10
[1, 3, 6]
[1, 3, 5]
[1, 3, 7]
[1, 3, 2]
[1, 3, 4]
[1, 3, 0]
[1, 3, 6, 5]
0.38095238095238093 0.4
itercount --------> 11
[1, 5, 4]
[1, 5, 3]
[1, 5, 6]
[1, 5, 7]
[1, 5, 2]
0.4 0.44
itercount --------> 12
[1, 4, 5]
[1, 4, 3]
[1, 4, 6]
[1, 4, 7]
0.44 0.4444444444444444
itercount --------> 13
[1, 4, 5]
[1, 4, 6]
[1, 4, 3]
[1, 4, 2]
[1, 4, 7]
[1, 4, 0]
[1, 4, 5, 6]
[1, 4, 5, 3]
0.4444444444444444 0.45454545454545453
itercount --------> 14
[5, 4, 3]
[5, 4, 1]
[5, 4, 7]
0.45454545454545453 0.47619047619047616
itercount --------> 15
[3, 5, 4]
[3, 5, 1]
[3, 5, 7]
0.47619047619047616 0.5217391304347826
itercount --------> 16
[5, 3, 1]
[5, 3, 2]
[5, 3, 4]
[5, 3, 0]
[5, 3, 7]
[5, 3, 6]
[5, 3, 1, 2]
[5, 3, 1, 4]
[5, 3, 1, 0]
[5, 3, 1, 7]
[5, 3, 1, 6]
[5, 3, 1, 2, 4]
0.5217391304347826 0.5238095238095238
itercount --------> 17
[1, 3, 4]
[1, 3, 5]
[1, 3, 2]
[1, 3, 0]
[1, 3, 6]
[1, 3, 7]
[1, 3, 4, 5]
[1, 3, 4, 2]
[1, 3, 4, 0]
[1, 3, 4, 6]
0.5238095238095238 0.5263157894736842
itercount --------> 18
[1, 4, 5]
[1, 4, 0]
0.5263157894736842 0.55
itercount --------> 19
[1, 5, 0]
[1, 5, 4]
[1, 5, 2]
[1, 5, 3]
[1, 5, 7]
[1, 5, 6]
[1, 5, 0, 4]
[1, 5, 0, 2]
[1, 5, 0, 3]
[1, 5, 0, 7]
[1, 5, 0, 6]
[1, 5, 0, 4, 2]
[1, 5, 0, 4, 3]
[1, 5, 0, 4, 7]
[1, 5, 0, 4, 6]
[1, 5, 0, 4, 2, 3]
0.55 0.5714285714285714
itercount --------> 20
[1, 5, 2]
[1, 5, 0]
[1, 5, 3]
[1, 5, 4]
[1, 5, 7]
[1, 5, 6]
[1, 5, 2, 0]
[1, 5, 2, 3]
[1, 5, 2, 4]
[1, 5, 2, 7]
[1, 5, 2, 6]
[1, 5, 2, 0, 3]
[1, 5, 2, 0, 4]
[1, 5, 2, 0, 7]
[1, 5, 2, 0, 6]
[1, 5, 2, 0, 3, 4]
[1, 5, 2, 0, 3, 7]
0.5714285714285714 0.631578947368421
itercount --------> 21
[1, 0, 5]
[1, 0, 2]
[1, 0, 3]
[1, 0, 4]
[1, 0, 7]
[1, 0, 6]
[1, 0, 5, 2]
[1, 0, 5, 3]
[1, 0, 5, 4]
[1, 0, 5, 7]
[1, 0, 5, 6]
[1, 0, 5, 2, 3]
[1, 0, 5, 2, 4]
[1, 0, 5, 2, 7]
[1, 0, 5, 2, 6]
[1, 0, 5, 2, 3, 4]
[1, 0, 5, 2, 3, 7]
[1, 0, 5, 2, 3, 6]
[1, 0, 5, 2, 3, 4, 7]
[1, 0, 5, 2, 3, 4, 6]
[1, 0, 5, 2, 3, 4, 7, 6]
failed -> 3 times
after fail n ======> 6
[5, 0, 1, 2, 3, 4]
0.06060606060606061 0.08695652173913043
itercount --------> 1
[1, 2, 0]
0.08695652173913043 0.1111111111111111
itercount --------> 2
[1, 2, 5]
[1, 2, 0]
[1, 2, 3]
0.1111111111111111 0.14814814814814814
itercount --------> 3
[2, 0, 1]
[2, 0, 3]
[2, 0, 4]
[2, 0, 6]
0.14814814814814814 0.17857142857142858
itercount --------> 4
[1, 2, 0]
[1, 2, 5]
0.17857142857142858 0.23333333333333334
itercount --------> 5
[5, 2, 4]
0.23333333333333334 0.32142857142857145
itercount --------> 6
[1, 5, 2]
0.32142857142857145 0.3333333333333333
itercount --------> 7
[2, 5, 3]
0.3333333333333333 0.4090909090909091
itercount --------> 8
[2, 1, 5]
[2, 1, 6]
[2, 1, 3]
[2, 1, 7]
[2, 1, 4]
[2, 1, 0]
[2, 1, 5, 6]
[2, 1, 5, 3]
[2, 1, 5, 7]
[2, 1, 5, 4]
0.4090909090909091 0.45
itercount --------> 9
[2, 1, 3]
[2, 1, 7]
[2, 1, 4]
[2, 1, 6]
[2, 1, 5]
[2, 1, 0]
[2, 1, 3, 7]
[2, 1, 3, 4]
[2, 1, 3, 6]
0.45 0.4583333333333333
itercount --------> 10
[2, 4, 1]
[2, 4, 3]
[2, 4, 5]
[2, 4, 7]
0.4583333333333333 0.46153846153846156
itercount --------> 11
[2, 4, 1]
[2, 4, 5]
[2, 4, 6]
[2, 4, 3]
[2, 4, 7]
[2, 4, 0]
[2, 4, 1, 5]
[2, 4, 1, 6]
[2, 4, 1, 3]
[2, 4, 1, 7]
0.46153846153846156 0.5454545454545454
itercount --------> 12
[2, 4, 1]
[2, 4, 3]
[2, 4, 5]
[2, 4, 6]
[2, 4, 7]
[2, 4, 0]
[2, 4, 1, 3]
[2, 4, 1, 5]
[2, 4, 1, 6]
[2, 4, 1, 7]
[2, 4, 1, 0]
[2, 4, 1, 3, 5]
0.5454545454545454 0.5714285714285714
itercount --------> 13
[4, 3, 1]
[4, 3, 2]
[4, 3, 6]
[4, 3, 7]
[4, 3, 5]
[4, 3, 0]
[4, 3, 1, 2]
[4, 3, 1, 6]
[4, 3, 1, 7]
[4, 3, 1, 5]
[4, 3, 1, 0]
[4, 3, 1, 2, 6]
[4, 3, 1, 2, 7]
[4, 3, 1, 2, 5]
[4, 3, 1, 2, 0]
[4, 3, 1, 2, 6, 7]
[4, 3, 1, 2, 6, 5]
[4, 3, 1, 2, 6, 0]
[4, 3, 1, 2, 6, 7, 5]
[4, 3, 1, 2, 6, 7, 0]
[4, 3, 1, 2, 6, 7, 5, 0]
failed -> 4 times
after fail n ======> 7
[5, 0, 1, 2, 3, 4, 6]
0.06060606060606061 0.075
itercount --------> 1
[5, 0, 1]
0.075 0.08823529411764706
itercount --------> 2
[1, 0, 2]
0.08823529411764706 0.1
itercount --------> 3
[2, 1, 0]
0.1 0.13043478260869565
itercount --------> 4
[0, 2, 6]
0.13043478260869565 0.15789473684210525
itercount --------> 5
[1, 2, 5]
[1, 2, 0]
0.15789473684210525 0.16
itercount --------> 6
[1, 5, 0]
[1, 5, 6]
0.16 0.1935483870967742
itercount --------> 7
[1, 3, 2]
0.1935483870967742 0.2
itercount --------> 8
[1, 2, 0]
0.2 0.2727272727272727
itercount --------> 9
[1, 2, 0]
[1, 2, 4]
[1, 2, 5]
[1, 2, 3]
[1, 2, 6]
0.2727272727272727 0.3157894736842105
itercount --------> 10
[1, 2, 5]
[1, 2, 0]
[1, 2, 3]
0.3157894736842105 0.3181818181818182
itercount --------> 11
[1, 2, 0]
[1, 2, 6]
[1, 2, 5]
[1, 2, 4]
0.3181818181818182 0.3333333333333333
itercount --------> 12
[1, 2, 6]
0.3333333333333333 0.35
itercount --------> 13
[2, 0, 6]
[2, 0, 1]
[2, 0, 5]
0.35 0.3684210526315789
itercount --------> 14
[2, 6, 0]
[2, 6, 1]
[2, 6, 5]
[2, 6, 3]
0.3684210526315789 0.4
itercount --------> 15
[4, 0, 1]
[4, 0, 2]
0.4 0.42105263157894735
itercount --------> 16
[4, 0, 3]
[4, 0, 7]
0.42105263157894735 0.45
itercount --------> 17
[4, 0, 3]
[4, 0, 5]
[4, 0, 1]
[4, 0, 2]
[4, 0, 6]
[4, 0, 7]
[4, 0, 3, 5]
[4, 0, 3, 1]
[4, 0, 3, 2]
[4, 0, 3, 6]
0.45 0.47058823529411764
itercount --------> 18
[1, 2, 5]
[1, 2, 0]
[1, 2, 3]
[1, 2, 4]
[1, 2, 6]
[1, 2, 7]
[1, 2, 5, 0]
[1, 2, 5, 3]
[1, 2, 5, 4]
[1, 2, 5, 6]
[1, 2, 5, 7]
0.47058823529411764 0.5
itercount --------> 19
[1, 2, 0]
[1, 2, 5]
[1, 2, 3]
[1, 2, 7]
[1, 2, 4]
[1, 2, 6]
[1, 2, 0, 5]
[1, 2, 0, 3]
[1, 2, 0, 7]
[1, 2, 0, 4]
[1, 2, 0, 6]
[1, 2, 0, 5, 3]
[1, 2, 0, 5, 7]
[1, 2, 0, 5, 4]
[1, 2, 0, 5, 6]
[1, 2, 0, 5, 3, 7]
0.5 0.5882352941176471
itercount --------> 20
[1, 2, 0]
[1, 2, 5]
[1, 2, 4]
[1, 2, 7]
[1, 2, 3]
[1, 2, 6]
[1, 2, 0, 5]
[1, 2, 0, 4]
[1, 2, 0, 7]
0.5882352941176471 0.625
itercount --------> 21
[1, 2, 0]
[1, 2, 5]
[1, 2, 3]
[1, 2, 4]
[1, 2, 6]
[1, 2, 7]
[1, 2, 0, 5]
[1, 2, 0, 3]
[1, 2, 0, 4]
[1, 2, 0, 6]
[1, 2, 0, 7]
[1, 2, 0, 5, 3]
[1, 2, 0, 5, 4]
[1, 2, 0, 5, 6]
[1, 2, 0, 5, 7]
[1, 2, 0, 5, 3, 4]
[1, 2, 0, 5, 3, 6]
[1, 2, 0, 5, 3, 7]
[1, 2, 0, 5, 3, 4, 6]
[1, 2, 0, 5, 3, 4, 7]
[1, 2, 0, 5, 3, 4, 6, 7]
failed -> 5 times
after fail n ======> 8
[5, 0, 1, 2, 3, 4, 6, 7]
0.06060606060606061 0.08333333333333333
itercount --------> 1
[5, 1, 2]
[5, 1, 0]
[5, 1, 3]
0.08333333333333333 0.18181818181818182
itercount --------> 2
[1, 2, 0]
0.18181818181818182 0.23529411764705882
itercount --------> 3
[1, 2, 5]
[1, 2, 0]
0.23529411764705882 0.2857142857142857
itercount --------> 4
[2, 0, 3]
0.2857142857142857 0.3333333333333333
itercount --------> 5
[6, 4, 0]
[6, 4, 5]
[6, 4, 1]
0.3333333333333333 0.35
itercount --------> 6
[1, 2, 6]
[1, 2, 0]
[1, 2, 5]
[1, 2, 4]
[1, 2, 3]
[1, 2, 7]
[1, 2, 6, 0]
0.35 0.3684210526315789
itercount --------> 7
[2, 0, 6]
[2, 0, 5]
0.3684210526315789 0.4117647058823529
itercount --------> 8
[5, 0, 1]
[5, 0, 2]
[5, 0, 6]
[5, 0, 4]
[5, 0, 3]
[5, 0, 7]
[5, 0, 1, 2]
[5, 0, 1, 6]
[5, 0, 1, 4]
[5, 0, 1, 3]
[5, 0, 1, 7]
0.4117647058823529 0.4375
itercount --------> 9
[0, 5, 1]
[0, 5, 2]
[0, 5, 7]
[0, 5, 6]
[0, 5, 4]
[0, 5, 3]
[0, 5, 1, 2]
[0, 5, 1, 7]
[0, 5, 1, 6]
[0, 5, 1, 4]
[0, 5, 1, 3]
[0, 5, 1, 2, 7]
[0, 5, 1, 2, 6]
[0, 5, 1, 2, 4]
[0, 5, 1, 2, 3]
[0, 5, 1, 2, 7, 6]
[0, 5, 1, 2, 7, 4]
0.4375 0.47058823529411764
itercount --------> 10
[5, 3, 0]
[5, 3, 4]
0.47058823529411764 0.4782608695652174
itercount --------> 11
[4, 0, 5]
[4, 0, 3]
[4, 0, 6]
[4, 0, 1]
[4, 0, 2]
[4, 0, 7]
[4, 0, 5, 3]
[4, 0, 5, 6]
[4, 0, 5, 1]
[4, 0, 5, 2]
0.4782608695652174 0.5
itercount --------> 12
[4, 0, 3]
[4, 0, 5]
[4, 0, 6]
[4, 0, 1]
[4, 0, 2]
[4, 0, 7]
[4, 0, 3, 5]
[4, 0, 3, 6]
[4, 0, 3, 1]
[4, 0, 3, 2]
[4, 0, 3, 7]
[4, 0, 3, 5, 6]
[4, 0, 3, 5, 1]
[4, 0, 3, 5, 2]
[4, 0, 3, 5, 7]
[4, 0, 3, 5, 6, 1]
[4, 0, 3, 5, 6, 2]
[4, 0, 3, 5, 6, 7]
[4, 0, 3, 5, 6, 1, 2]
0.5 0.5238095238095238
itercount --------> 13
[4, 0, 3]
[4, 0, 6]
[4, 0, 5]
[4, 0, 1]
[4, 0, 2]
[4, 0, 7]
[4, 0, 3, 6]
[4, 0, 3, 5]
[4, 0, 3, 1]
[4, 0, 3, 2]
[4, 0, 3, 7]
[4, 0, 3, 6, 5]
[4, 0, 3, 6, 1]
[4, 0, 3, 6, 2]
[4, 0, 3, 6, 7]
[4, 0, 3, 6, 5, 1]
[4, 0, 3, 6, 5, 2]
[4, 0, 3, 6, 5, 7]
[4, 0, 3, 6, 5, 1, 2]
[4, 0, 3, 6, 5, 1, 7]
[4, 0, 3, 6, 5, 1, 2, 7]
failed -> 6 times
after fail n ======> 5
[5, 0, 1, 2, 3]
0.06060606060606061 0.06818181818181818
itercount --------> 1
[2, 3, 1]
0.06818181818181818 0.07692307692307693
itercount --------> 2
[2, 3, 1]
[2, 3, 0]
0.07692307692307693 0.09090909090909091
itercount --------> 3
[2, 0, 3]
[2, 0, 1]
0.09090909090909091 0.125
itercount --------> 4
[5, 0, 3]
0.125 0.14814814814814814
itercount --------> 5
[5, 0, 3]
[5, 0, 1]
0.14814814814814814 0.16666666666666666
itercount --------> 6
[0, 6, 5]
0.16666666666666666 0.3333333333333333
itercount --------> 7
[5, 7, 4]
0.3333333333333333 0.42857142857142855
itercount --------> 8
[5, 4, 6]
[5, 4, 3]
[5, 4, 1]
[5, 4, 2]
0.42857142857142855 0.45454545454545453
itercount --------> 9
[5, 4, 6]
[5, 4, 1]
0.45454545454545453 0.47619047619047616
itercount --------> 10
[1, 2, 3]
[1, 2, 4]
[1, 2, 5]
[1, 2, 6]
[1, 2, 0]
[1, 2, 7]
[1, 2, 3, 4]
[1, 2, 3, 5]
[1, 2, 3, 6]
[1, 2, 3, 0]
[1, 2, 3, 7]
[1, 2, 3, 4, 5]
0.47619047619047616 0.5
itercount --------> 11
[4, 6, 3]
[4, 6, 5]
[4, 6, 1]
[4, 6, 7]
[4, 6, 2]
[4, 6, 0]
[4, 6, 3, 5]
[4, 6, 3, 1]
[4, 6, 3, 7]
[4, 6, 3, 2]
[4, 6, 3, 0]
[4, 6, 3, 5, 1]
[4, 6, 3, 5, 7]
[4, 6, 3, 5, 2]
[4, 6, 3, 5, 0]
[4, 6, 3, 5, 1, 7]
0.5 0.5263157894736842
itercount --------> 12
[5, 4, 6]
[5, 4, 7]
[5, 4, 1]
[5, 4, 3]
[5, 4, 0]
[5, 4, 2]
[5, 4, 6, 7]
[5, 4, 6, 1]
[5, 4, 6, 3]
0.5263157894736842 0.5714285714285714
itercount --------> 13
[4, 3, 5]
[4, 3, 1]
[4, 3, 6]
[4, 3, 7]
[4, 3, 2]
[4, 3, 0]
[4, 3, 5, 1]
[4, 3, 5, 6]
[4, 3, 5, 7]
[4, 3, 5, 2]
[4, 3, 5, 0]
[4, 3, 5, 1, 6]
[4, 3, 5, 1, 7]
[4, 3, 5, 1, 2]
[4, 3, 5, 1, 0]
[4, 3, 5, 1, 6, 7]
[4, 3, 5, 1, 6, 2]
[4, 3, 5, 1, 6, 0]
[4, 3, 5, 1, 6, 7, 2]
[4, 3, 5, 1, 6, 7, 0]
[4, 3, 5, 1, 6, 7, 2, 0]
failed -> 7 times
after fail n ======> 6
[5, 0, 1, 2, 3, 4]
0.06060606060606061 0.07407407407407407
itercount --------> 1
[2, 0, 5]
0.07407407407407407 0.08695652173913043
itercount --------> 2
[1, 2, 0]
0.08695652173913043 0.10526315789473684
itercount --------> 3
[1, 0, 2]
0.10526315789473684 0.1111111111111111
itercount --------> 4
[2, 5, 0]
[2, 5, 7]
0.1111111111111111 0.125
itercount --------> 5
[0, 1, 2]
[0, 1, 5]
[0, 1, 7]
[0, 1, 3]
[0, 1, 4]
0.125 0.17647058823529413
itercount --------> 6
[1, 0, 4]
0.17647058823529413 0.2222222222222222
itercount --------> 7
[0, 4, 6]
0.2222222222222222 0.2777777777777778
itercount --------> 8
[0, 4, 7]
[0, 4, 3]
[0, 4, 6]
[0, 4, 1]
[0, 4, 2]
[0, 4, 5]
[0, 4, 7, 3]
0.2777777777777778 0.3
itercount --------> 9
[4, 0, 3]
[4, 0, 6]
0.3 0.32
itercount --------> 10
[0, 4, 6]
[0, 4, 3]
[0, 4, 2]
0.32 0.3333333333333333
itercount --------> 11
[0, 6, 2]
0.3333333333333333 0.4444444444444444
itercount --------> 12
[3, 4, 0]
[3, 4, 6]
0.4444444444444444 0.47368421052631576
itercount --------> 13
[0, 4, 3]
[0, 4, 1]
[0, 4, 2]
0.47368421052631576 0.5
itercount --------> 14
[3, 0, 4]
[3, 0, 6]
[3, 0, 1]
[3, 0, 2]
[3, 0, 5]
[3, 0, 7]
[3, 0, 4, 6]
[3, 0, 4, 1]
[3, 0, 4, 2]
[3, 0, 4, 5]
[3, 0, 4, 7]
[3, 0, 4, 6, 1]
0.5 0.5238095238095238
itercount --------> 15
[4, 0, 3]
[4, 0, 6]
[4, 0, 5]
[4, 0, 1]
[4, 0, 2]
[4, 0, 7]
[4, 0, 3, 6]
[4, 0, 3, 5]
[4, 0, 3, 1]
[4, 0, 3, 2]
[4, 0, 3, 7]
[4, 0, 3, 6, 5]
[4, 0, 3, 6, 1]
[4, 0, 3, 6, 2]
[4, 0, 3, 6, 7]
[4, 0, 3, 6, 5, 1]
[4, 0, 3, 6, 5, 2]
[4, 0, 3, 6, 5, 7]
[4, 0, 3, 6, 5, 1, 2]
[4, 0, 3, 6, 5, 1, 7]
[4, 0, 3, 6, 5, 1, 2, 7]
failed -> 8 times
after fail n ======> 7
[5, 0, 1, 2, 3, 4, 6]
0.06060606060606061 0.07407407407407407
itercount --------> 1
[1, 5, 6]
[1, 5, 2]
0.07407407407407407 0.09523809523809523
itercount --------> 2
[1, 2, 5]
[1, 2, 6]
0.09523809523809523 0.11538461538461539
itercount --------> 3
[2, 1, 0]
0.11538461538461539 0.11764705882352941
itercount --------> 4
[1, 2, 5]
[1, 2, 0]
0.11764705882352941 0.15789473684210525
itercount --------> 5
[1, 2, 5]
[1, 2, 0]
[1, 2, 3]
0.15789473684210525 0.21739130434782608
itercount --------> 6
[6, 5, 1]
0.21739130434782608 0.3333333333333333
itercount --------> 7
[1, 5, 2]
[1, 5, 4]
0.3333333333333333 0.38095238095238093
itercount --------> 8
[1, 5, 3]
[1, 5, 6]
[1, 5, 7]
[1, 5, 4]
[1, 5, 2]
0.38095238095238093 0.42105263157894735
itercount --------> 9
[1, 3, 4]
[1, 3, 7]
[1, 3, 2]
[1, 3, 6]
0.42105263157894735 0.45454545454545453
itercount --------> 10
[1, 4, 3]
0.45454545454545453 0.4583333333333333
itercount --------> 11
[1, 2, 5]
[1, 2, 6]
[1, 2, 4]
[1, 2, 7]
0.4583333333333333 0.4782608695652174
itercount --------> 12
[1, 2, 5]
[1, 2, 6]
[1, 2, 4]
[1, 2, 7]
[1, 2, 3]
[1, 2, 0]
[1, 2, 5, 6]
[1, 2, 5, 4]
[1, 2, 5, 7]
[1, 2, 5, 3]
[1, 2, 5, 0]
[1, 2, 5, 6, 4]
[1, 2, 5, 6, 7]
[1, 2, 5, 6, 3]
[1, 2, 5, 6, 0]
[1, 2, 5, 6, 4, 7]
0.4782608695652174 0.48
itercount --------> 13
[1, 2, 6]
[1, 2, 4]
[1, 2, 5]
[1, 2, 3]
[1, 2, 7]
[1, 2, 0]
[1, 2, 6, 4]
[1, 2, 6, 5]
[1, 2, 6, 3]
[1, 2, 6, 7]
[1, 2, 6, 0]
[1, 2, 6, 4, 5]
0.48 0.5
itercount --------> 14
[1, 6, 4]
[1, 6, 5]
[1, 6, 3]
[1, 6, 2]
[1, 6, 7]
[1, 6, 0]
[1, 6, 4, 5]
[1, 6, 4, 3]
[1, 6, 4, 2]
[1, 6, 4, 7]
[1, 6, 4, 0]
[1, 6, 4, 5, 3]
[1, 6, 4, 5, 2]
[1, 6, 4, 5, 7]
[1, 6, 4, 5, 0]
[1, 6, 4, 5, 3, 2]
[1, 6, 4, 5, 3, 7]
0.5 0.5185185185185185
itercount --------> 15
[1, 5, 4]
[1, 5, 6]
[1, 5, 2]
[1, 5, 3]
0.5185185185185185 0.52
itercount --------> 16
[1, 5, 4]
[1, 5, 6]
[1, 5, 2]
[1, 5, 3]
[1, 5, 0]
[1, 5, 7]
[1, 5, 4, 6]
[1, 5, 4, 2]
[1, 5, 4, 3]
[1, 5, 4, 0]
[1, 5, 4, 7]
[1, 5, 4, 6, 2]
[1, 5, 4, 6, 3]
[1, 5, 4, 6, 0]
[1, 5, 4, 6, 7]
[1, 5, 4, 6, 2, 3]
[1, 5, 4, 6, 2, 0]
0.52 0.5416666666666666
itercount --------> 17
[1, 2, 5]
[1, 2, 4]
[1, 2, 3]
[1, 2, 0]
[1, 2, 6]
[1, 2, 7]
[1, 2, 5, 4]
[1, 2, 5, 3]
[1, 2, 5, 0]
[1, 2, 5, 6]
0.5416666666666666 0.5652173913043478
itercount --------> 18
[1, 2, 4]
[1, 2, 3]
[1, 2, 0]
[1, 2, 5]
[1, 2, 6]
[1, 2, 7]
[1, 2, 4, 3]
[1, 2, 4, 0]
[1, 2, 4, 5]
[1, 2, 4, 6]
[1, 2, 4, 7]
[1, 2, 4, 3, 0]
[1, 2, 4, 3, 5]
[1, 2, 4, 3, 6]
[1, 2, 4, 3, 7]
[1, 2, 4, 3, 0, 5]
0.5652173913043478 0.5909090909090909
itercount --------> 19
[1, 2, 4]
[1, 2, 3]
[1, 2, 0]
[1, 2, 5]
[1, 2, 6]
[1, 2, 7]
[1, 2, 4, 3]
[1, 2, 4, 0]
[1, 2, 4, 5]
[1, 2, 4, 6]
[1, 2, 4, 7]
[1, 2, 4, 3, 0]
[1, 2, 4, 3, 5]
[1, 2, 4, 3, 6]
[1, 2, 4, 3, 7]
[1, 2, 4, 3, 0, 5]
[1, 2, 4, 3, 0, 6]
0.5909090909090909 0.625
itercount --------> 20
[1, 2, 0]
[1, 2, 5]
[1, 2, 3]
[1, 2, 4]
[1, 2, 6]
[1, 2, 7]
[1, 2, 0, 5]
[1, 2, 0, 3]
[1, 2, 0, 4]
[1, 2, 0, 6]
[1, 2, 0, 7]
[1, 2, 0, 5, 3]
[1, 2, 0, 5, 4]
[1, 2, 0, 5, 6]
[1, 2, 0, 5, 7]
[1, 2, 0, 5, 3, 4]
[1, 2, 0, 5, 3, 6]
[1, 2, 0, 5, 3, 7]
[1, 2, 0, 5, 3, 4, 6]
[1, 2, 0, 5, 3, 4, 7]
[1, 2, 0, 5, 3, 4, 6, 7]
failed -> 9 times
after fail n ======> 8
[5, 0, 1, 2, 3, 4, 6, 7]
0.06060606060606061 0.08695652173913043
itercount --------> 1
[1, 2, 0]
0.08695652173913043 0.1
itercount --------> 2
[0, 6, 2]
0.1 0.13636363636363635
itercount --------> 3
[1, 2, 0]
[1, 2, 6]
[1, 2, 7]
0.13636363636363635 0.2631578947368421
itercount --------> 4
[0, 6, 3]
[0, 6, 7]
[0, 6, 1]
0.2631578947368421 0.28
itercount --------> 5
[3, 0, 1]
0.28 0.3
itercount --------> 6
[4, 3, 1]
0.3 0.3333333333333333
itercount --------> 7
[3, 1, 2]
[3, 1, 4]
0.3333333333333333 0.4166666666666667
itercount --------> 8
[1, 2, 3]
[1, 2, 4]
[1, 2, 0]
0.4166666666666667 0.42857142857142855
itercount --------> 9
[3, 0, 1]
[3, 0, 2]
[3, 0, 4]
[3, 0, 5]
[3, 0, 6]
[3, 0, 7]
[3, 0, 1, 2]
0.42857142857142855 0.47368421052631576
itercount --------> 10
[0, 3, 4]
[0, 3, 1]
[0, 3, 2]
[0, 3, 5]
[0, 3, 6]
[0, 3, 7]
[0, 3, 4, 1]
[0, 3, 4, 2]
[0, 3, 4, 5]
[0, 3, 4, 6]
0.47368421052631576 0.5238095238095238
itercount --------> 11
[4, 0, 3]
[4, 0, 6]
[4, 0, 5]
[4, 0, 1]
[4, 0, 2]
[4, 0, 7]
[4, 0, 3, 6]
[4, 0, 3, 5]
[4, 0, 3, 1]
[4, 0, 3, 2]
[4, 0, 3, 7]
[4, 0, 3, 6, 5]
[4, 0, 3, 6, 1]
[4, 0, 3, 6, 2]
[4, 0, 3, 6, 7]
[4, 0, 3, 6, 5, 1]
[4, 0, 3, 6, 5, 2]
[4, 0, 3, 6, 5, 7]
[4, 0, 3, 6, 5, 1, 2]
[4, 0, 3, 6, 5, 1, 7]
[4, 0, 3, 6, 5, 1, 2, 7]
failed -> 10 times
after fail n ======> 5
[5, 0, 1, 2, 3]
0.06060606060606061 0.07142857142857142
itercount --------> 1
[5, 0, 6]
0.07142857142857142 0.1111111111111111
itercount --------> 2
[0, 5, 2]
0.1111111111111111 0.14285714285714285
itercount --------> 3
[6, 0, 1]
[6, 0, 2]
0.14285714285714285 0.16666666666666666
itercount --------> 4
[0, 3, 2]
0.16666666666666666 0.20833333333333334
itercount --------> 5
[0, 2, 6]
0.20833333333333334 0.2222222222222222
itercount --------> 6
[1, 2, 4]
0.2222222222222222 0.3157894736842105
itercount --------> 7
[2, 1, 3]
0.3157894736842105 0.35
itercount --------> 8
[1, 6, 0]
[1, 6, 2]
[1, 6, 5]
[1, 6, 3]
[1, 6, 7]
[1, 6, 4]
[1, 6, 0, 2]
[1, 6, 0, 5]
0.35 0.36
itercount --------> 9
[2, 6, 4]
[2, 6, 1]
[2, 6, 3]
[2, 6, 5]
[2, 6, 7]
[2, 6, 0]
[2, 6, 4, 1]
0.36 0.38095238095238093
itercount --------> 10
[2, 6, 3]
0.38095238095238093 0.4
itercount --------> 11
[1, 3, 2]
[1, 3, 4]
[1, 3, 6]
0.4 0.45454545454545453
itercount --------> 12
[1, 2, 4]
[1, 2, 6]
[1, 2, 5]
[1, 2, 7]
[1, 2, 3]
[1, 2, 0]
[1, 2, 4, 6]
[1, 2, 4, 5]
[1, 2, 4, 7]
[1, 2, 4, 3]
[1, 2, 4, 0]
[1, 2, 4, 6, 5]
[1, 2, 4, 6, 7]
[1, 2, 4, 6, 3]
[1, 2, 4, 6, 0]
[1, 2, 4, 6, 5, 7]
[1, 2, 4, 6, 5, 3]
[1, 2, 4, 6, 5, 0]
0.45454545454545453 0.47619047619047616
itercount --------> 13
[2, 1, 4]
[2, 1, 6]
[2, 1, 3]
[2, 1, 5]
[2, 1, 7]
[2, 1, 0]
[2, 1, 4, 6]
[2, 1, 4, 3]
0.47619047619047616 0.5
itercount --------> 14
[1, 2, 4]
[1, 2, 3]
[1, 2, 5]
[1, 2, 0]
[1, 2, 6]
[1, 2, 7]
[1, 2, 4, 3]
[1, 2, 4, 5]
0.5 0.5263157894736842
itercount --------> 15
[1, 2, 5]
[1, 2, 3]
[1, 2, 4]
[1, 2, 7]
[1, 2, 0]
[1, 2, 6]
[1, 2, 5, 3]
[1, 2, 5, 4]
[1, 2, 5, 7]
[1, 2, 5, 0]
[1, 2, 5, 6]
[1, 2, 5, 3, 4]
[1, 2, 5, 3, 7]
0.5263157894736842 0.6
itercount --------> 16
[1, 2, 0]
[1, 2, 3]
[1, 2, 4]
[1, 2, 5]
[1, 2, 7]
[1, 2, 6]
[1, 2, 0, 3]
[1, 2, 0, 4]
[1, 2, 0, 5]
[1, 2, 0, 7]
[1, 2, 0, 6]
[1, 2, 0, 3, 4]
[1, 2, 0, 3, 5]
[1, 2, 0, 3, 7]
[1, 2, 0, 3, 6]
[1, 2, 0, 3, 4, 5]
[1, 2, 0, 3, 4, 7]
[1, 2, 0, 3, 4, 6]
[1, 2, 0, 3, 4, 5, 7]
0.6 0.6111111111111112
itercount --------> 17
[1, 2, 5]
[1, 2, 0]
[1, 2, 4]
[1, 2, 3]
[1, 2, 6]
[1, 2, 7]
[1, 2, 5, 0]
[1, 2, 5, 4]
[1, 2, 5, 3]
[1, 2, 5, 6]
[1, 2, 5, 7]
[1, 2, 5, 0, 4]
[1, 2, 5, 0, 3]
[1, 2, 5, 0, 6]
[1, 2, 5, 0, 7]
[1, 2, 5, 0, 4, 3]
[1, 2, 5, 0, 4, 6]
[1, 2, 5, 0, 4, 7]
[1, 2, 5, 0, 4, 3, 6]
[1, 2, 5, 0, 4, 3, 7]
[1, 2, 5, 0, 4, 3, 6, 7]
failed -> 11 times
after fail n ======> 6
[5, 0, 1, 2, 3, 4]
0.06060606060606061 0.06896551724137931
itercount --------> 1
[6, 2, 5]
0.06896551724137931 0.07017543859649122
itercount --------> 2
[5, 1, 4]
0.07017543859649122 0.10810810810810811
itercount --------> 3
[2, 5, 4]
0.10810810810810811 0.14634146341463414
itercount --------> 4
[2, 5, 1]
0.14634146341463414 0.22580645161290322
itercount --------> 5
[5, 2, 6]
[5, 2, 3]
0.22580645161290322 0.25
itercount --------> 6
[2, 5, 1]
[2, 5, 6]
0.25 0.38095238095238093
itercount --------> 7
[1, 2, 5]
[1, 2, 6]
[1, 2, 3]
[1, 2, 4]
[1, 2, 0]
0.38095238095238093 0.4230769230769231
itercount --------> 8
[2, 5, 6]
[2, 5, 1]
[2, 5, 0]
[2, 5, 4]
[2, 5, 7]
[2, 5, 3]
[2, 5, 6, 1]
[2, 5, 6, 0]
[2, 5, 6, 4]
[2, 5, 6, 7]
[2, 5, 6, 3]
[2, 5, 6, 1, 0]
[2, 5, 6, 1, 4]
[2, 5, 6, 1, 7]
[2, 5, 6, 1, 3]
[2, 5, 6, 1, 0, 4]
[2, 5, 6, 1, 0, 7]
[2, 5, 6, 1, 0, 3]
0.4230769230769231 0.45
itercount --------> 9
[2, 5, 1]
[2, 5, 3]
[2, 5, 4]
[2, 5, 6]
[2, 5, 7]
[2, 5, 0]
[2, 5, 1, 3]
[2, 5, 1, 4]
[2, 5, 1, 6]
[2, 5, 1, 7]
[2, 5, 1, 0]
[2, 5, 1, 3, 4]
[2, 5, 1, 3, 6]
[2, 5, 1, 3, 7]
[2, 5, 1, 3, 0]
[2, 5, 1, 3, 4, 6]
[2, 5, 1, 3, 4, 7]
0.45 0.45454545454545453
itercount --------> 10
[2, 5, 4]
[2, 5, 6]
[2, 5, 1]
[2, 5, 3]
[2, 5, 7]
[2, 5, 0]
[2, 5, 4, 6]
[2, 5, 4, 1]
[2, 5, 4, 3]
[2, 5, 4, 7]
[2, 5, 4, 0]
[2, 5, 4, 6, 1]
[2, 5, 4, 6, 3]
[2, 5, 4, 6, 7]
[2, 5, 4, 6, 0]
[2, 5, 4, 6, 1, 3]
0.45454545454545453 0.47619047619047616
itercount --------> 11
[2, 1, 3]
[2, 1, 4]
[2, 1, 5]
[2, 1, 6]
[2, 1, 0]
[2, 1, 7]
[2, 1, 3, 4]
[2, 1, 3, 5]
[2, 1, 3, 6]
[2, 1, 3, 0]
[2, 1, 3, 7]
[2, 1, 3, 4, 5]
0.47619047619047616 0.5
itercount --------> 12
[4, 6, 3]
[4, 6, 5]
[4, 6, 2]
[4, 6, 7]
[4, 6, 1]
[4, 6, 0]
[4, 6, 3, 5]
[4, 6, 3, 2]
[4, 6, 3, 7]
[4, 6, 3, 1]
[4, 6, 3, 0]
[4, 6, 3, 5, 2]
[4, 6, 3, 5, 7]
[4, 6, 3, 5, 1]
[4, 6, 3, 5, 0]
[4, 6, 3, 5, 2, 7]
0.5 0.5909090909090909
itercount --------> 13
[4, 5, 2]
[4, 5, 3]
[4, 5, 6]
[4, 5, 1]
0.5909090909090909 0.65
itercount --------> 14
[4, 5, 2]
[4, 5, 6]
[4, 5, 1]
[4, 5, 0]
[4, 5, 3]
[4, 5, 7]
[4, 5, 2, 6]
[4, 5, 2, 1]
[4, 5, 2, 0]
[4, 5, 2, 3]
[4, 5, 2, 7]
[4, 5, 2, 6, 1]
[4, 5, 2, 6, 0]
[4, 5, 2, 6, 3]
[4, 5, 2, 6, 7]
[4, 5, 2, 6, 1, 0]
[4, 5, 2, 6, 1, 3]
[4, 5, 2, 6, 1, 7]
[4, 5, 2, 6, 1, 0, 3]
[4, 5, 2, 6, 1, 0, 7]
[4, 5, 2, 6, 1, 0, 3, 7]
failed -> 12 times
after fail n ======> 7
[5, 0, 1, 2, 3, 4, 6]
0.06060606060606061 0.09302325581395349
itercount --------> 1
[1, 2, 5]
0.09302325581395349 0.21052631578947367
itercount --------> 2
[1, 2, 5]
[1, 2, 0]
[1, 2, 3]
[1, 2, 4]
0.21052631578947367 0.23809523809523808
itercount --------> 3
[1, 2, 5]
0.23809523809523808 0.25
itercount --------> 4
[1, 6, 0]
0.25 0.2962962962962963
itercount --------> 5
[1, 2, 0]
0.2962962962962963 0.3157894736842105
itercount --------> 6
[1, 2, 5]
[1, 2, 0]
[1, 2, 3]
0.3157894736842105 0.3333333333333333
itercount --------> 7
[1, 6, 2]
[1, 6, 4]
[1, 6, 5]
[1, 6, 0]
[1, 6, 3]
[1, 6, 7]
[1, 6, 2, 4]
[1, 6, 2, 5]
[1, 6, 2, 0]
0.3333333333333333 0.35
itercount --------> 8
[1, 2, 5]
[1, 2, 6]
0.35 0.3684210526315789
itercount --------> 9
[1, 4, 6]
[1, 4, 3]
[1, 4, 0]
0.3684210526315789 0.3888888888888889
itercount --------> 10
[3, 6, 0]
0.3888888888888889 0.4
itercount --------> 11
[4, 0, 3]
[4, 0, 5]
[4, 0, 7]
[4, 0, 1]
[4, 0, 2]
[4, 0, 6]
[4, 0, 3, 5]
[4, 0, 3, 7]
0.4 0.42857142857142855
itercount --------> 12
[4, 0, 5]
[4, 0, 1]
[4, 0, 2]
[4, 0, 3]
[4, 0, 6]
[4, 0, 7]
[4, 0, 5, 1]
0.42857142857142855 0.45
itercount --------> 13
[4, 0, 3]
[4, 0, 5]
[4, 0, 1]
[4, 0, 2]
[4, 0, 6]
[4, 0, 7]
[4, 0, 3, 5]
[4, 0, 3, 1]
[4, 0, 3, 2]
[4, 0, 3, 6]
[4, 0, 3, 7]
0.45 0.5
itercount --------> 14
[4, 0, 5]
[4, 0, 1]
[4, 0, 2]
[4, 0, 3]
0.5 0.5263157894736842
itercount --------> 15
[0, 1, 2]
[0, 1, 4]
[0, 1, 5]
[0, 1, 6]
[0, 1, 3]
[0, 1, 7]
[0, 1, 2, 4]
[0, 1, 2, 5]
[0, 1, 2, 6]
[0, 1, 2, 3]
[0, 1, 2, 7]
[0, 1, 2, 4, 5]
[0, 1, 2, 4, 6]
0.5263157894736842 0.5882352941176471
itercount --------> 16
[1, 2, 5]
[1, 2, 0]
[1, 2, 3]
[1, 2, 4]
[1, 2, 6]
[1, 2, 7]
[1, 2, 5, 0]
[1, 2, 5, 3]
[1, 2, 5, 4]
[1, 2, 5, 6]
[1, 2, 5, 7]
[1, 2, 5, 0, 3]
[1, 2, 5, 0, 4]
[1, 2, 5, 0, 6]
[1, 2, 5, 0, 7]
0.5882352941176471 0.625
itercount --------> 17
[1, 2, 0]
[1, 2, 5]
[1, 2, 3]
[1, 2, 4]
[1, 2, 6]
[1, 2, 7]
[1, 2, 0, 5]
[1, 2, 0, 3]
[1, 2, 0, 4]
[1, 2, 0, 6]
[1, 2, 0, 7]
[1, 2, 0, 5, 3]
[1, 2, 0, 5, 4]
[1, 2, 0, 5, 6]
[1, 2, 0, 5, 7]
[1, 2, 0, 5, 3, 4]
[1, 2, 0, 5, 3, 6]
[1, 2, 0, 5, 3, 7]
[1, 2, 0, 5, 3, 4, 6]
[1, 2, 0, 5, 3, 4, 7]
[1, 2, 0, 5, 3, 4, 6, 7]
failed -> 13 times
after fail n ======> 8
[5, 0, 1, 2, 3, 4, 6, 7]
0.06060606060606061 0.08333333333333333
itercount --------> 1
[5, 2, 1]
0.08333333333333333 0.125
itercount --------> 2
[2, 1, 5]
0.125 0.21052631578947367
itercount --------> 3
[1, 4, 3]
[1, 4, 6]
0.21052631578947367 0.2222222222222222
itercount --------> 4
[1, 4, 3]
[1, 4, 7]
[1, 4, 6]
0.2222222222222222 0.22727272727272727
itercount --------> 5
[1, 3, 2]
0.22727272727272727 0.2727272727272727
itercount --------> 6
[1, 4, 2]
0.2727272727272727 0.3333333333333333
itercount --------> 7
[1, 2, 5]
[1, 2, 7]
[1, 2, 3]
0.3333333333333333 0.36363636363636365
itercount --------> 8
[1, 4, 2]
0.36363636363636365 0.38095238095238093
itercount --------> 9
[1, 4, 3]
[1, 4, 7]
[1, 4, 5]
[1, 4, 2]
[1, 4, 0]
[1, 4, 6]
[1, 4, 3, 7]
0.38095238095238093 0.42105263157894735
itercount --------> 10
[1, 2, 5]
[1, 2, 6]
[1, 2, 3]
[1, 2, 4]
[1, 2, 7]
[1, 2, 0]
[1, 2, 5, 6]
0.42105263157894735 0.4444444444444444
itercount --------> 11
[1, 2, 5]
[1, 2, 6]
[1, 2, 3]
[1, 2, 4]
0.4444444444444444 0.5
itercount --------> 12
[6, 1, 4]
[6, 1, 0]
[6, 1, 2]
[6, 1, 5]
[6, 1, 3]
[6, 1, 7]
[6, 1, 4, 0]
[6, 1, 4, 2]
[6, 1, 4, 5]
[6, 1, 4, 3]
[6, 1, 4, 7]
[6, 1, 4, 0, 2]
[6, 1, 4, 0, 5]
[6, 1, 4, 0, 3]
[6, 1, 4, 0, 7]
[6, 1, 4, 0, 2, 5]
[6, 1, 4, 0, 2, 3]
[6, 1, 4, 0, 2, 7]
[6, 1, 4, 0, 2, 5, 3]
[6, 1, 4, 0, 2, 5, 7]
[6, 1, 4, 0, 2, 5, 3, 7]
failed -> 14 times
after fail n ======> 5
[5, 0, 1, 2, 3]
0.06060606060606061 0.08333333333333333
itercount --------> 1
[5, 1, 0]
[5, 1, 2]
0.08333333333333333 0.21052631578947367
itercount --------> 2
[2, 0, 4]
0.21052631578947367 0.22727272727272727
itercount --------> 3
[0, 2, 4]
[0, 2, 1]
[0, 2, 7]
[0, 2, 3]
[0, 2, 5]
0.22727272727272727 0.25
itercount --------> 4
[0, 4, 1]
[0, 4, 2]
[0, 4, 3]
[0, 4, 5]
0.25 0.2631578947368421
itercount --------> 5
[1, 2, 5]
[1, 2, 0]
[1, 2, 3]
[1, 2, 6]
0.2631578947368421 0.42857142857142855
itercount --------> 6
[2, 1, 3]
[2, 1, 7]
[2, 1, 5]
[2, 1, 6]
[2, 1, 0]
[2, 1, 4]
[2, 1, 3, 7]
[2, 1, 3, 5]
0.42857142857142855 0.45
itercount --------> 7
[5, 3, 1]
[5, 3, 2]
[5, 3, 4]
[5, 3, 6]
[5, 3, 7]
[5, 3, 0]
[5, 3, 1, 2]
[5, 3, 1, 4]
[5, 3, 1, 6]
[5, 3, 1, 7]
0.45 0.47368421052631576
itercount --------> 8
[1, 2, 3]
[1, 2, 5]
[1, 2, 6]
[1, 2, 4]
[1, 2, 7]
[1, 2, 0]
[1, 2, 3, 5]
[1, 2, 3, 6]
[1, 2, 3, 4]
[1, 2, 3, 7]
[1, 2, 3, 0]
[1, 2, 3, 5, 6]
[1, 2, 3, 5, 4]
[1, 2, 3, 5, 7]
[1, 2, 3, 5, 0]
[1, 2, 3, 5, 6, 4]
[1, 2, 3, 5, 6, 7]
[1, 2, 3, 5, 6, 0]
[1, 2, 3, 5, 6, 4, 7]
0.47368421052631576 0.5
itercount --------> 9
[5, 2, 4]
[5, 2, 1]
[5, 2, 3]
[5, 2, 6]
[5, 2, 7]
[5, 2, 0]
[5, 2, 4, 1]
[5, 2, 4, 3]
[5, 2, 4, 6]
[5, 2, 4, 7]
[5, 2, 4, 0]
0.5 0.5263157894736842
itercount --------> 10
[4, 0, 1]
0.5263157894736842 0.5555555555555556
itercount --------> 11
[0, 4, 3]
[0, 4, 5]
[0, 4, 6]
[0, 4, 7]
[0, 4, 1]
[0, 4, 2]
[0, 4, 3, 5]
[0, 4, 3, 6]
[0, 4, 3, 7]
[0, 4, 3, 1]
[0, 4, 3, 2]
[0, 4, 3, 5, 6]
[0, 4, 3, 5, 7]
[0, 4, 3, 5, 1]
[0, 4, 3, 5, 2]
[0, 4, 3, 5, 6, 7]
[0, 4, 3, 5, 6, 1]
[0, 4, 3, 5, 6, 2]
0.5555555555555556 0.5625
itercount --------> 12
[1, 2, 0]
[1, 2, 5]
[1, 2, 4]
[1, 2, 7]
[1, 2, 3]
[1, 2, 6]
[1, 2, 0, 5]
[1, 2, 0, 4]
[1, 2, 0, 7]
[1, 2, 0, 3]
[1, 2, 0, 6]
[1, 2, 0, 5, 4]
[1, 2, 0, 5, 7]
[1, 2, 0, 5, 3]
[1, 2, 0, 5, 6]
[1, 2, 0, 5, 4, 7]
0.5625 0.625
itercount --------> 13
[1, 2, 0]
[1, 2, 5]
[1, 2, 3]
[1, 2, 4]
[1, 2, 6]
[1, 2, 7]
[1, 2, 0, 5]
[1, 2, 0, 3]
[1, 2, 0, 4]
[1, 2, 0, 6]
[1, 2, 0, 7]
[1, 2, 0, 5, 3]
[1, 2, 0, 5, 4]
[1, 2, 0, 5, 6]
[1, 2, 0, 5, 7]
[1, 2, 0, 5, 3, 4]
[1, 2, 0, 5, 3, 6]
[1, 2, 0, 5, 3, 7]
[1, 2, 0, 5, 3, 4, 6]
[1, 2, 0, 5, 3, 4, 7]
[1, 2, 0, 5, 3, 4, 6, 7]
failed -> 15 times
after fail n ======> 6
[5, 0, 1, 2, 3, 4]
0.06060606060606061 0.08695652173913043
itercount --------> 1
[1, 2, 0]
0.08695652173913043 0.09523809523809523
itercount --------> 2
[0, 6, 1]
0.09523809523809523 0.13043478260869565
itercount --------> 3
[0, 3, 1]
0.13043478260869565 0.2
itercount --------> 4
[1, 5, 2]
0.2 0.2222222222222222
itercount --------> 5
[1, 2, 5]
[1, 2, 3]
0.2222222222222222 0.3684210526315789
itercount --------> 6
[1, 2, 5]
[1, 2, 4]
0.3684210526315789 0.45
itercount --------> 7
[1, 2, 3]
[1, 2, 7]
[1, 2, 4]
[1, 2, 6]
[1, 2, 5]
[1, 2, 0]
[1, 2, 3, 7]
[1, 2, 3, 4]
[1, 2, 3, 6]
0.45 0.4583333333333333
itercount --------> 8
[1, 4, 2]
[1, 4, 3]
[1, 4, 5]
[1, 4, 7]
0.4583333333333333 0.46153846153846156
itercount --------> 9
[1, 4, 2]
[1, 4, 5]
[1, 4, 6]
[1, 4, 3]
[1, 4, 7]
[1, 4, 0]
[1, 4, 2, 5]
[1, 4, 2, 6]
[1, 4, 2, 3]
[1, 4, 2, 7]
0.46153846153846156 0.5454545454545454
itercount --------> 10
[1, 4, 2]
[1, 4, 3]
[1, 4, 5]
[1, 4, 6]
[1, 4, 7]
[1, 4, 0]
[1, 4, 2, 3]
[1, 4, 2, 5]
0.5454545454545454 0.5714285714285714
itercount --------> 11
[4, 3, 1]
[4, 3, 2]
[4, 3, 6]
[4, 3, 7]
[4, 3, 5]
[4, 3, 0]
[4, 3, 1, 2]
[4, 3, 1, 6]
[4, 3, 1, 7]
[4, 3, 1, 5]
[4, 3, 1, 0]
[4, 3, 1, 2, 6]
[4, 3, 1, 2, 7]
[4, 3, 1, 2, 5]
[4, 3, 1, 2, 0]
[4, 3, 1, 2, 6, 7]
[4, 3, 1, 2, 6, 5]
[4, 3, 1, 2, 6, 0]
[4, 3, 1, 2, 6, 7, 5]
[4, 3, 1, 2, 6, 7, 0]
[4, 3, 1, 2, 6, 7, 5, 0]
failed -> 16 times
after fail n ======> 7
[5, 0, 1, 2, 3, 4, 6]
0.06060606060606061 0.1
itercount --------> 1
[1, 2, 6]
0.1 0.16666666666666666
itercount --------> 2
[6, 5, 1]
0.16666666666666666 0.3333333333333333
itercount --------> 3
[4, 5, 3]
0.3333333333333333 0.4166666666666667
itercount --------> 4
[5, 6, 1]
[5, 6, 2]
0.4166666666666667 0.43478260869565216
itercount --------> 5
[5, 1, 2]
[5, 1, 4]
[5, 1, 3]
0.43478260869565216 0.45454545454545453
itercount --------> 6
[5, 4, 1]
[5, 4, 2]
[5, 4, 3]
0.45454545454545453 0.4583333333333333
itercount --------> 7
[5, 4, 1]
[5, 4, 2]
[5, 4, 6]
[5, 4, 3]
[5, 4, 7]
0.4583333333333333 0.46153846153846156
itercount --------> 8
[5, 4, 1]
[5, 4, 2]
[5, 4, 6]
[5, 4, 3]
[5, 4, 7]
[5, 4, 0]
[5, 4, 1, 2]
0.46153846153846156 0.48
itercount --------> 9
[5, 4, 2]
[5, 4, 6]
[5, 4, 3]
[5, 4, 1]
[5, 4, 7]
[5, 4, 0]
[5, 4, 2, 6]
[5, 4, 2, 3]
[5, 4, 2, 1]
[5, 4, 2, 7]
0.48 0.5714285714285714
itercount --------> 10
[4, 5, 2]
[4, 5, 6]
[4, 5, 3]
[4, 5, 7]
[4, 5, 1]
[4, 5, 0]
[4, 5, 2, 6]
[4, 5, 2, 3]
[4, 5, 2, 7]
[4, 5, 2, 1]
[4, 5, 2, 0]
[4, 5, 2, 6, 3]
[4, 5, 2, 6, 7]
[4, 5, 2, 6, 1]
[4, 5, 2, 6, 0]
[4, 5, 2, 6, 3, 7]
[4, 5, 2, 6, 3, 1]
[4, 5, 2, 6, 3, 0]
[4, 5, 2, 6, 3, 7, 1]
[4, 5, 2, 6, 3, 7, 0]
0.5714285714285714 0.5909090909090909
itercount --------> 11
[5, 2, 4]
[5, 2, 6]
[5, 2, 1]
[5, 2, 3]
[5, 2, 0]
[5, 2, 7]
[5, 2, 4, 6]
[5, 2, 4, 1]
[5, 2, 4, 3]
[5, 2, 4, 0]
[5, 2, 4, 7]
[5, 2, 4, 6, 1]
[5, 2, 4, 6, 3]
[5, 2, 4, 6, 0]
[5, 2, 4, 6, 7]
[5, 2, 4, 6, 1, 3]
[5, 2, 4, 6, 1, 0]
[5, 2, 4, 6, 1, 7]
[5, 2, 4, 6, 1, 3, 0]
[5, 2, 4, 6, 1, 3, 7]
[5, 2, 4, 6, 1, 3, 0, 7]
failed -> 17 times
after fail n ======> 8
[5, 0, 1, 2, 3, 4, 6, 7]
0.06060606060606061 0.08333333333333333
itercount --------> 1
[5, 2, 1]
[5, 2, 7]
0.08333333333333333 0.18181818181818182
itercount --------> 2
[1, 2, 7]
0.18181818181818182 0.19047619047619047
itercount --------> 3
[7, 3, 1]
0.19047619047619047 0.2
itercount --------> 4
[1, 7, 4]
[1, 7, 2]
[1, 7, 6]
[1, 7, 5]
0.2 0.25
itercount --------> 5
[7, 1, 6]
0.25 0.2777777777777778
itercount --------> 6
[1, 0, 3]
0.2777777777777778 0.3333333333333333
itercount --------> 7
[7, 0, 3]
[7, 0, 1]
[7, 0, 6]
[7, 0, 4]
[7, 0, 2]
[7, 0, 5]
[7, 0, 3, 1]
[7, 0, 3, 6]
[7, 0, 3, 4]
0.3333333333333333 0.42857142857142855
itercount --------> 8
[1, 3, 6]
[1, 3, 7]
[1, 3, 0]
[1, 3, 2]
0.42857142857142855 0.47368421052631576
itercount --------> 9
[6, 3, 0]
0.47368421052631576 0.47619047619047616
itercount --------> 10
[4, 6, 3]
[4, 6, 1]
[4, 6, 2]
[4, 6, 5]
[4, 6, 0]
[4, 6, 7]
0.47619047619047616 0.5
itercount --------> 11
[1, 2, 3]
[1, 2, 4]
[1, 2, 5]
[1, 2, 6]
[1, 2, 0]
[1, 2, 7]
[1, 2, 3, 4]
0.5 0.5238095238095238
itercount --------> 12
[1, 2, 3]
[1, 2, 6]
[1, 2, 5]
[1, 2, 4]
[1, 2, 0]
[1, 2, 7]
[1, 2, 3, 6]
[1, 2, 3, 5]
[1, 2, 3, 4]
[1, 2, 3, 0]
[1, 2, 3, 7]
[1, 2, 3, 6, 5]
[1, 2, 3, 6, 4]
0.5238095238095238 0.5652173913043478
itercount --------> 13
[4, 3, 1]
[4, 3, 2]
[4, 3, 5]
[4, 3, 6]
[4, 3, 0]
[4, 3, 7]
[4, 3, 1, 2]
[4, 3, 1, 5]
[4, 3, 1, 6]
[4, 3, 1, 0]
[4, 3, 1, 7]
[4, 3, 1, 2, 5]
[4, 3, 1, 2, 6]
[4, 3, 1, 2, 0]
[4, 3, 1, 2, 7]
[4, 3, 1, 2, 5, 6]
[4, 3, 1, 2, 5, 0]
[4, 3, 1, 2, 5, 7]
[4, 3, 1, 2, 5, 6, 0]
[4, 3, 1, 2, 5, 6, 7]
[4, 3, 1, 2, 5, 6, 0, 7]
failed -> 18 times
after fail n ======> 5
[5, 0, 1, 2, 3]
0.06060606060606061 0.08695652173913043
itercount --------> 1
[1, 2, 0]
0.08695652173913043 0.09523809523809523
itercount --------> 2
[1, 0, 2]
[1, 0, 7]
0.09523809523809523 0.14285714285714285
itercount --------> 3
[2, 6, 1]
0.14285714285714285 0.20689655172413793
itercount --------> 4
[2, 7, 3]
[2, 7, 5]
[2, 7, 1]
[2, 7, 4]
[2, 7, 0]
[2, 7, 6]
0.20689655172413793 0.2222222222222222
itercount --------> 5
[2, 7, 1]
0.2222222222222222 0.2857142857142857
itercount --------> 6
[7, 3, 4]
0.2857142857142857 0.30434782608695654
itercount --------> 7
[2, 1, 5]
[2, 1, 7]
0.30434782608695654 0.375
itercount --------> 8
[2, 6, 1]
0.375 0.42857142857142855
itercount --------> 9
[2, 6, 3]
[2, 6, 7]
[2, 6, 0]
[2, 6, 4]
[2, 6, 5]
[2, 6, 1]
[2, 6, 3, 7]
[2, 6, 3, 0]
[2, 6, 3, 4]
[2, 6, 3, 5]
[2, 6, 3, 1]
[2, 6, 3, 7, 0]
[2, 6, 3, 7, 4]
0.42857142857142855 0.48148148148148145
itercount --------> 10
[2, 4, 3]
[2, 4, 6]
[2, 4, 5]
[2, 4, 7]
[2, 4, 0]
0.48148148148148145 0.5238095238095238
itercount --------> 11
[4, 0, 3]
[4, 0, 6]
[4, 0, 5]
[4, 0, 1]
[4, 0, 2]
[4, 0, 7]
[4, 0, 3, 6]
[4, 0, 3, 5]
[4, 0, 3, 1]
[4, 0, 3, 2]
[4, 0, 3, 7]
[4, 0, 3, 6, 5]
[4, 0, 3, 6, 1]
[4, 0, 3, 6, 2]
[4, 0, 3, 6, 7]
[4, 0, 3, 6, 5, 1]
[4, 0, 3, 6, 5, 2]
[4, 0, 3, 6, 5, 7]
[4, 0, 3, 6, 5, 1, 2]
[4, 0, 3, 6, 5, 1, 7]
0.5238095238095238 0.5652173913043478
itercount --------> 12
[4, 3, 1]
[4, 3, 2]
[4, 3, 5]
[4, 3, 6]
[4, 3, 0]
[4, 3, 7]
[4, 3, 1, 2]
[4, 3, 1, 5]
[4, 3, 1, 6]
[4, 3, 1, 0]
[4, 3, 1, 7]
[4, 3, 1, 2, 5]
[4, 3, 1, 2, 6]
[4, 3, 1, 2, 0]
[4, 3, 1, 2, 7]
[4, 3, 1, 2, 5, 6]
[4, 3, 1, 2, 5, 0]
[4, 3, 1, 2, 5, 7]
[4, 3, 1, 2, 5, 6, 0]
[4, 3, 1, 2, 5, 6, 7]
[4, 3, 1, 2, 5, 6, 0, 7]
failed -> 19 times
after fail n ======> 6
[5, 0, 1, 2, 3, 4]
0.06060606060606061 0.07407407407407407
itercount --------> 1
[2, 5, 6]
0.07407407407407407 0.09523809523809523
itercount --------> 2
[2, 1, 5]
[2, 1, 6]
0.09523809523809523 0.15789473684210525
itercount --------> 3
[1, 2, 5]
[1, 2, 3]
0.15789473684210525 0.3
itercount --------> 4
[2, 1, 3]
[2, 1, 0]
0.3 0.3333333333333333
itercount --------> 5
[1, 2, 5]
0.3333333333333333 0.42857142857142855
itercount --------> 6
[2, 0, 6]
[2, 0, 7]
[2, 0, 3]
[2, 0, 1]
[2, 0, 4]
[2, 0, 5]
[2, 0, 6, 7]
[2, 0, 6, 3]
[2, 0, 6, 1]
[2, 0, 6, 4]
[2, 0, 6, 5]
[2, 0, 6, 7, 3]
[2, 0, 6, 7, 1]
0.42857142857142855 0.4482758620689655
itercount --------> 7
[2, 1, 5]
[2, 1, 0]
0.4482758620689655 0.5
itercount --------> 8
[2, 0, 1]
[2, 0, 5]
[2, 0, 4]
0.5 0.5263157894736842
itercount --------> 9
[0, 1, 2]
[0, 1, 4]
[0, 1, 5]
0.5263157894736842 0.5555555555555556
itercount --------> 10
[0, 1, 2]
[0, 1, 4]
0.5555555555555556 0.5882352941176471
itercount --------> 11
[0, 4, 1]
[0, 4, 2]
[0, 4, 3]
[0, 4, 5]
[0, 4, 7]
[0, 4, 6]
[0, 4, 1, 2]
[0, 4, 1, 3]
[0, 4, 1, 5]
[0, 4, 1, 7]
[0, 4, 1, 6]
[0, 4, 1, 2, 3]
[0, 4, 1, 2, 5]
[0, 4, 1, 2, 7]
[0, 4, 1, 2, 6]
[0, 4, 1, 2, 3, 5]
[0, 4, 1, 2, 3, 7]
[0, 4, 1, 2, 3, 6]
[0, 4, 1, 2, 3, 5, 7]
[0, 4, 1, 2, 3, 5, 6]
[0, 4, 1, 2, 3, 5, 7, 6]
failed -> 20 times
after fail n ======> 7
[5, 0, 1, 2, 3, 4, 6]
0.06060606060606061 0.06779661016949153
itercount --------> 1
[5, 1, 2]
0.06779661016949153 0.11428571428571428
itercount --------> 2
[5, 0, 1]
0.11428571428571428 0.16666666666666666
itercount --------> 3
[5, 0, 4]
0.16666666666666666 0.2
itercount --------> 4
[5, 7, 6]
0.2 0.21052631578947367
itercount --------> 5
[1, 2, 5]
[1, 2, 7]
0.21052631578947367 0.3157894736842105
itercount --------> 6
[7, 5, 6]
[7, 5, 0]
[7, 5, 3]
[7, 5, 4]
[7, 5, 1]
0.3157894736842105 0.3333333333333333
itercount --------> 7
[7, 0, 3]
[7, 0, 6]
[7, 0, 1]
[7, 0, 2]
[7, 0, 4]
[7, 0, 5]
[7, 0, 3, 6]
[7, 0, 3, 1]
[7, 0, 3, 2]
[7, 0, 3, 4]
0.3333333333333333 0.4090909090909091
itercount --------> 8
[6, 5, 4]
[6, 5, 3]
[6, 5, 1]
[6, 5, 2]
[6, 5, 7]
[6, 5, 0]
[6, 5, 4, 3]
[6, 5, 4, 1]
[6, 5, 4, 2]
0.4090909090909091 0.42857142857142855
itercount --------> 9
[3, 6, 1]
0.42857142857142855 0.45454545454545453
itercount --------> 10
[4, 6, 3]
[4, 6, 1]
[4, 6, 2]
[4, 6, 5]
[4, 6, 0]
[4, 6, 7]
0.45454545454545453 0.52
itercount --------> 11
[1, 2, 4]
[1, 2, 5]
[1, 2, 3]
[1, 2, 6]
[1, 2, 0]
0.52 0.5238095238095238
itercount --------> 12
[4, 0, 3]
[4, 0, 6]
[4, 0, 5]
0.5238095238095238 0.5652173913043478
itercount --------> 13
[4, 3, 6]
[4, 3, 5]
[4, 3, 7]
[4, 3, 0]
[4, 3, 1]
[4, 3, 2]
[4, 3, 6, 5]
[4, 3, 6, 7]
[4, 3, 6, 0]
[4, 3, 6, 1]
[4, 3, 6, 2]
[4, 3, 6, 5, 7]
[4, 3, 6, 5, 0]
[4, 3, 6, 5, 1]
[4, 3, 6, 5, 2]
0.5652173913043478 0.5909090909090909
itercount --------> 14
[4, 3, 5]
[4, 3, 6]
[4, 3, 7]
[4, 3, 0]
[4, 3, 1]
[4, 3, 2]
[4, 3, 5, 6]
[4, 3, 5, 7]
[4, 3, 5, 0]
[4, 3, 5, 1]
[4, 3, 5, 2]
[4, 3, 5, 6, 7]
[4, 3, 5, 6, 0]
[4, 3, 5, 6, 1]
[4, 3, 5, 6, 2]
[4, 3, 5, 6, 7, 0]
[4, 3, 5, 6, 7, 1]
[4, 3, 5, 6, 7, 2]
[4, 3, 5, 6, 7, 0, 1]
[4, 3, 5, 6, 7, 0, 2]
[4, 3, 5, 6, 7, 0, 1, 2]
failed -> 21 times
after fail n ======> 8
[5, 0, 1, 2, 3, 4, 6, 7]
0.06060606060606061 0.08695652173913043
itercount --------> 1
[1, 6, 5]
0.08695652173913043 0.09375
itercount --------> 2
[5, 1, 2]
[5, 1, 7]
0.09375 0.10714285714285714
itercount --------> 3
[3, 1, 2]
0.10714285714285714 0.1724137931034483
itercount --------> 4
[1, 2, 4]
[1, 2, 5]
0.1724137931034483 0.22727272727272727
itercount --------> 5
[1, 7, 6]
0.22727272727272727 0.25
itercount --------> 6
[0, 7, 1]
0.25 0.29411764705882354
itercount --------> 7
[7, 0, 3]
[7, 0, 6]
[7, 0, 4]
[7, 0, 1]
[7, 0, 2]
[7, 0, 5]
[7, 0, 3, 6]
0.29411764705882354 0.30434782608695654
itercount --------> 8
[4, 7, 3]
0.30434782608695654 0.3181818181818182
itercount --------> 9
[4, 3, 6]
0.3181818181818182 0.42857142857142855
itercount --------> 10
[6, 7, 1]
[6, 7, 2]
[6, 7, 4]
[6, 7, 5]
[6, 7, 0]
[6, 7, 3]
[6, 7, 1, 2]
[6, 7, 1, 4]
[6, 7, 1, 5]
[6, 7, 1, 0]
0.42857142857142855 0.45
itercount --------> 11
[6, 4, 1]
[6, 4, 2]
[6, 4, 5]
[6, 4, 0]
[6, 4, 7]
[6, 4, 3]
[6, 4, 1, 2]
[6, 4, 1, 5]
[6, 4, 1, 0]
[6, 4, 1, 7]
[6, 4, 1, 3]
[6, 4, 1, 2, 5]
[6, 4, 1, 2, 0]
[6, 4, 1, 2, 7]
[6, 4, 1, 2, 3]
[6, 4, 1, 2, 5, 0]
[6, 4, 1, 2, 5, 7]
[6, 4, 1, 2, 5, 3]
[6, 4, 1, 2, 5, 0, 7]
[6, 4, 1, 2, 5, 0, 3]
0.45 0.48
itercount --------> 12
[0, 4, 6]
[0, 4, 1]
[0, 4, 2]
[0, 4, 5]
[0, 4, 7]
[0, 4, 3]
[0, 4, 6, 1]
[0, 4, 6, 2]
[0, 4, 6, 5]
[0, 4, 6, 7]
[0, 4, 6, 3]
[0, 4, 6, 1, 2]
[0, 4, 6, 1, 5]
[0, 4, 6, 1, 7]
[0, 4, 6, 1, 3]
[0, 4, 6, 1, 2, 5]
[0, 4, 6, 1, 2, 7]
[0, 4, 6, 1, 2, 3]
[0, 4, 6, 1, 2, 5, 7]
[0, 4, 6, 1, 2, 5, 3]
[0, 4, 6, 1, 2, 5, 7, 3]
failed -> 22 times
after fail n ======> 5
[5, 0, 1, 2, 3]
0.06060606060606061 0.06896551724137931
itercount --------> 1
[0, 5, 1]
0.06896551724137931 0.08695652173913043
itercount --------> 2
[2, 0, 1]
[2, 0, 4]
0.08695652173913043 0.1
itercount --------> 3
[0, 2, 1]
0.1 0.11764705882352941
itercount --------> 4
[0, 1, 2]
[0, 1, 5]
[0, 1, 3]
[0, 1, 4]
0.11764705882352941 0.15789473684210525
itercount --------> 5
[0, 6, 3]
0.15789473684210525 0.18518518518518517
itercount --------> 6
[6, 5, 0]
0.18518518518518517 0.2222222222222222
itercount --------> 7
[3, 4, 7]
0.2222222222222222 0.2777777777777778
itercount --------> 8
[3, 4, 0]
0.2777777777777778 0.35
itercount --------> 9
[3, 4, 6]
0.35 0.3684210526315789
itercount --------> 10
[4, 0, 5]
0.3684210526315789 0.42857142857142855
itercount --------> 11
[4, 0, 7]
[4, 0, 3]
[4, 0, 6]
[4, 0, 5]
[4, 0, 1]
0.42857142857142855 0.47368421052631576
itercount --------> 12
[0, 4, 3]
[0, 4, 6]
[0, 4, 5]
[0, 4, 7]
0.47368421052631576 0.5
itercount --------> 13
[4, 0, 5]
[4, 0, 1]
[4, 0, 2]
[4, 0, 3]
[4, 0, 6]
[4, 0, 7]
[4, 0, 5, 1]
[4, 0, 5, 2]
[4, 0, 5, 3]
[4, 0, 5, 6]
[4, 0, 5, 7]
0.5 0.5238095238095238
itercount --------> 14
[4, 0, 3]
[4, 0, 6]
[4, 0, 5]
[4, 0, 1]
[4, 0, 2]
[4, 0, 7]
[4, 0, 3, 6]
[4, 0, 3, 5]
[4, 0, 3, 1]
[4, 0, 3, 2]
[4, 0, 3, 7]
[4, 0, 3, 6, 5]
[4, 0, 3, 6, 1]
[4, 0, 3, 6, 2]
[4, 0, 3, 6, 7]
[4, 0, 3, 6, 5, 1]
[4, 0, 3, 6, 5, 2]
[4, 0, 3, 6, 5, 7]
[4, 0, 3, 6, 5, 1, 2]
[4, 0, 3, 6, 5, 1, 7]
[4, 0, 3, 6, 5, 1, 2, 7]
failed -> 23 times
after fail n ======> 6
[5, 0, 1, 2, 3, 4]
0.06060606060606061 0.06818181818181818
itercount --------> 1
[5, 6, 1]
[5, 6, 2]
[5, 6, 0]
0.06818181818181818 0.1
itercount --------> 2
[5, 1, 2]
0.1 0.16666666666666666
itercount --------> 3
[1, 2, 5]
0.16666666666666666 0.25
itercount --------> 4
[1, 2, 5]
[1, 2, 0]
[1, 2, 4]
0.25 0.3181818181818182
itercount --------> 5
[1, 2, 4]
[1, 2, 5]
[1, 2, 3]
[1, 2, 6]
[1, 2, 0]
[1, 2, 7]
[1, 2, 4, 5]
[1, 2, 4, 3]
[1, 2, 4, 6]
[1, 2, 4, 0]
[1, 2, 4, 7]
0.3181818181818182 0.3333333333333333
itercount --------> 6
[1, 0, 2]
[1, 0, 3]
[1, 0, 4]
0.3333333333333333 0.35
itercount --------> 7
[7, 0, 1]
[7, 0, 2]
[7, 0, 3]
[7, 0, 4]
[7, 0, 5]
[7, 0, 6]
[7, 0, 1, 2]
[7, 0, 1, 3]
[7, 0, 1, 4]
0.35 0.375
itercount --------> 8
[0, 1, 6]
0.375 0.391304347826087
itercount --------> 9
[1, 6, 2]
[1, 6, 5]
0.391304347826087 0.42857142857142855
itercount --------> 10
[0, 6, 1]
0.42857142857142855 0.45454545454545453
itercount --------> 11
[1, 2, 6]
[1, 2, 5]
[1, 2, 3]
[1, 2, 0]
[1, 2, 4]
[1, 2, 7]
[1, 2, 6, 5]
0.45454545454545453 0.47619047619047616
itercount --------> 12
[1, 3, 6]
0.47619047619047616 0.5714285714285714
itercount --------> 13
[1, 2, 3]
[1, 2, 6]
[1, 2, 4]
[1, 2, 7]
[1, 2, 0]
[1, 2, 5]
[1, 2, 3, 6]
[1, 2, 3, 4]
0.5714285714285714 0.5789473684210527
itercount --------> 14
[1, 2, 3]
[1, 2, 6]
[1, 2, 4]
[1, 2, 0]
[1, 2, 7]
[1, 2, 5]
[1, 2, 3, 6]
[1, 2, 3, 4]
[1, 2, 3, 0]
[1, 2, 3, 7]
[1, 2, 3, 5]
[1, 2, 3, 6, 4]
0.5789473684210527 0.6111111111111112
itercount --------> 15
[1, 2, 0]
[1, 2, 3]
[1, 2, 4]
[1, 2, 6]
[1, 2, 7]
[1, 2, 5]
[1, 2, 0, 3]
[1, 2, 0, 4]
0.6111111111111112 0.6470588235294118
itercount --------> 16
[0, 4, 7]
0.6470588235294118 0.6666666666666666
itercount --------> 17
[0, 6, 7]
[0, 6, 1]
[0, 6, 2]
[0, 6, 3]
[0, 6, 4]
[0, 6, 5]
[0, 6, 7, 1]
[0, 6, 7, 2]
[0, 6, 7, 3]
[0, 6, 7, 4]
[0, 6, 7, 5]
[0, 6, 7, 1, 2]
[0, 6, 7, 1, 3]
[0, 6, 7, 1, 4]
[0, 6, 7, 1, 5]
[0, 6, 7, 1, 2, 3]
[0, 6, 7, 1, 2, 4]
[0, 6, 7, 1, 2, 5]
[0, 6, 7, 1, 2, 3, 4]
[0, 6, 7, 1, 2, 3, 5]
[0, 6, 7, 1, 2, 3, 4, 5]
failed -> 24 times
after fail n ======> 7
[5, 0, 1, 2, 3, 4, 6]
0.06060606060606061 0.09302325581395349
itercount --------> 1
[1, 2, 5]
0.09302325581395349 0.21052631578947367
itercount --------> 2
[1, 2, 5]
[1, 2, 0]
[1, 2, 3]
[1, 2, 4]
0.21052631578947367 0.23809523809523808
itercount --------> 3
[1, 2, 5]
[1, 2, 6]
0.23809523809523808 0.375
itercount --------> 4
[2, 1, 3]
[2, 1, 5]
0.375 0.45
itercount --------> 5
[1, 2, 5]
[1, 2, 3]
[1, 2, 4]
[1, 2, 6]
[1, 2, 7]
[1, 2, 0]
[1, 2, 5, 3]
[1, 2, 5, 4]
[1, 2, 5, 6]
[1, 2, 5, 7]
[1, 2, 5, 0]
[1, 2, 5, 3, 4]
[1, 2, 5, 3, 6]
[1, 2, 5, 3, 7]
[1, 2, 5, 3, 0]
[1, 2, 5, 3, 4, 6]
[1, 2, 5, 3, 4, 7]
0.45 0.45454545454545453
itercount --------> 6
[1, 2, 4]
[1, 2, 6]
[1, 2, 3]
[1, 2, 5]
[1, 2, 7]
[1, 2, 0]
[1, 2, 4, 6]
[1, 2, 4, 3]
[1, 2, 4, 5]
[1, 2, 4, 7]
[1, 2, 4, 0]
[1, 2, 4, 6, 3]
[1, 2, 4, 6, 5]
[1, 2, 4, 6, 7]
[1, 2, 4, 6, 0]
[1, 2, 4, 6, 3, 5]
[1, 2, 4, 6, 3, 7]
0.45454545454545453 0.4666666666666667
itercount --------> 7
[1, 2, 4]
0.4666666666666667 0.5
itercount --------> 8
[1, 2, 4]
[1, 2, 5]
[1, 2, 6]
[1, 2, 7]
[1, 2, 0]
[1, 2, 3]
[1, 2, 4, 5]
0.5 0.6190476190476191
itercount --------> 9
[1, 2, 4]
[1, 2, 5]
[1, 2, 6]
[1, 2, 0]
[1, 2, 3]
[1, 2, 7]
[1, 2, 4, 5]
[1, 2, 4, 6]
[1, 2, 4, 0]
[1, 2, 4, 3]
[1, 2, 4, 7]
[1, 2, 4, 5, 6]
[1, 2, 4, 5, 0]
[1, 2, 4, 5, 3]
0.6190476190476191 0.65
itercount --------> 10
[1, 2, 4]
[1, 2, 5]
[1, 2, 6]
[1, 2, 0]
[1, 2, 3]
[1, 2, 7]
[1, 2, 4, 5]
[1, 2, 4, 6]
[1, 2, 4, 0]
[1, 2, 4, 3]
[1, 2, 4, 7]
[1, 2, 4, 5, 6]
[1, 2, 4, 5, 0]
[1, 2, 4, 5, 3]
[1, 2, 4, 5, 7]
[1, 2, 4, 5, 6, 0]
[1, 2, 4, 5, 6, 3]
[1, 2, 4, 5, 6, 7]
[1, 2, 4, 5, 6, 0, 3]
[1, 2, 4, 5, 6, 0, 7]
[1, 2, 4, 5, 6, 0, 3, 7]
failed -> 25 times
after fail n ======> 8
[5, 0, 1, 2, 3, 4, 6, 7]
0.06060606060606061 0.06896551724137931
itercount --------> 1
[0, 1, 2]
0.06896551724137931 0.08695652173913043
itercount --------> 2
[0, 2, 1]
0.08695652173913043 0.09523809523809523
itercount --------> 3
[0, 5, 3]
0.09523809523809523 0.10526315789473684
itercount --------> 4
[0, 5, 1]
0.10526315789473684 0.125
itercount --------> 5
[0, 1, 2]
[0, 1, 5]
[0, 1, 7]
0.125 0.16666666666666666
itercount --------> 6
[0, 7, 6]
0.16666666666666666 0.18181818181818182
itercount --------> 7
[7, 0, 3]
[7, 0, 4]
0.18181818181818182 0.21052631578947367
itercount --------> 8
[7, 4, 0]
[7, 4, 3]
[7, 4, 6]
[7, 4, 1]
[7, 4, 2]
[7, 4, 5]
[7, 4, 0, 3]
[7, 4, 0, 6]
[7, 4, 0, 1]
0.21052631578947367 0.2222222222222222
itercount --------> 9
[7, 4, 3]
[7, 4, 0]
0.2222222222222222 0.3157894736842105
itercount --------> 10
[4, 7, 0]
[4, 7, 3]
[4, 7, 6]
0.3157894736842105 0.35294117647058826
itercount --------> 11
[0, 3, 4]
[0, 3, 7]
[0, 3, 6]
[0, 3, 1]
[0, 3, 2]
[0, 3, 5]
[0, 3, 4, 7]
0.35294117647058826 0.3684210526315789
itercount --------> 12
[7, 0, 4]
0.3684210526315789 0.38095238095238093
itercount --------> 13
[6, 4, 0]
[6, 4, 3]
[6, 4, 5]
[6, 4, 7]
[6, 4, 1]
0.38095238095238093 0.42105263157894735
itercount --------> 14
[3, 0, 6]
0.42105263157894735 0.47368421052631576
itercount --------> 15
[0, 4, 1]
[0, 4, 2]
[0, 4, 3]
[0, 4, 6]
0.47368421052631576 0.5
itercount --------> 16
[0, 4, 6]
[0, 4, 1]
[0, 4, 2]
[0, 4, 5]
[0, 4, 3]
[0, 4, 7]
[0, 4, 6, 1]
0.5 0.5238095238095238
itercount --------> 17
[4, 0, 3]
[4, 0, 6]
[4, 0, 5]
[4, 0, 1]
[4, 0, 2]
[4, 0, 7]
[4, 0, 3, 6]
[4, 0, 3, 5]
[4, 0, 3, 1]
[4, 0, 3, 2]
[4, 0, 3, 7]
[4, 0, 3, 6, 5]
[4, 0, 3, 6, 1]
[4, 0, 3, 6, 2]
[4, 0, 3, 6, 7]
[4, 0, 3, 6, 5, 1]
[4, 0, 3, 6, 5, 2]
[4, 0, 3, 6, 5, 7]
[4, 0, 3, 6, 5, 1, 2]
[4, 0, 3, 6, 5, 1, 7]
[4, 0, 3, 6, 5, 1, 2, 7]
failed -> 26 times
after fail n ======> 5
[5, 0, 1, 2, 3]
0.06060606060606061 0.06896551724137931
itercount --------> 1
[1, 6, 5]
0.06896551724137931 0.08333333333333333
itercount --------> 2
[5, 1, 2]
0.08333333333333333 0.21052631578947367
itercount --------> 3
[1, 2, 4]
0.21052631578947367 0.2857142857142857
itercount --------> 4
[2, 4, 3]
[2, 4, 0]
0.2857142857142857 0.3333333333333333
itercount --------> 5
[1, 2, 3]
[1, 2, 0]
[1, 2, 5]
0.3333333333333333 0.35294117647058826
itercount --------> 6
[1, 2, 0]
0.35294117647058826 0.3684210526315789
itercount --------> 7
[1, 3, 7]
[1, 3, 2]
0.3684210526315789 0.4090909090909091
itercount --------> 8
[1, 3, 2]
[1, 3, 6]
[1, 3, 7]
[1, 3, 0]
[1, 3, 4]
[1, 3, 5]
[1, 3, 2, 6]
0.4090909090909091 0.42857142857142855
itercount --------> 9
[2, 0, 6]
[2, 0, 7]
[2, 0, 3]
[2, 0, 1]
[2, 0, 4]
[2, 0, 5]
[2, 0, 6, 7]
[2, 0, 6, 3]
[2, 0, 6, 1]
[2, 0, 6, 4]
[2, 0, 6, 5]
[2, 0, 6, 7, 3]
0.42857142857142855 0.43333333333333335
itercount --------> 10
[2, 1, 5]
[2, 1, 4]
[2, 1, 3]
[2, 1, 6]
[2, 1, 0]
[2, 1, 7]
[2, 1, 5, 4]
[2, 1, 5, 3]
0.43333333333333335 0.4642857142857143
itercount --------> 11
[1, 2, 5]
[1, 2, 3]
[1, 2, 4]
[1, 2, 6]
[1, 2, 7]
[1, 2, 0]
0.4642857142857143 0.48
itercount --------> 12
[2, 1, 5]
[2, 1, 3]
0.48 0.5
itercount --------> 13
[2, 0, 1]
[2, 0, 3]
[2, 0, 4]
[2, 0, 5]
[2, 0, 7]
[2, 0, 6]
[2, 0, 1, 3]
0.5 0.5652173913043478
itercount --------> 14
[2, 1, 5]
[2, 1, 3]
[2, 1, 4]
[2, 1, 0]
[2, 1, 7]
[2, 1, 6]
[2, 1, 5, 3]
[2, 1, 5, 4]
[2, 1, 5, 0]
[2, 1, 5, 7]
[2, 1, 5, 6]
[2, 1, 5, 3, 4]
[2, 1, 5, 3, 0]
[2, 1, 5, 3, 7]
[2, 1, 5, 3, 6]
[2, 1, 5, 3, 4, 0]
[2, 1, 5, 3, 4, 7]
0.5652173913043478 0.5909090909090909
itercount --------> 15
[2, 1, 5]
[2, 1, 0]
[2, 1, 3]
[2, 1, 4]
[2, 1, 6]
[2, 1, 7]
[2, 1, 5, 0]
[2, 1, 5, 3]
[2, 1, 5, 4]
[2, 1, 5, 6]
[2, 1, 5, 7]
0.5909090909090909 0.6190476190476191
itercount --------> 16
[2, 5, 1]
[2, 5, 4]
[2, 5, 0]
[2, 5, 3]
[2, 5, 6]
[2, 5, 7]
[2, 5, 1, 4]
0.6190476190476191 0.65
itercount --------> 17
[2, 5, 1]
[2, 5, 0]
[2, 5, 3]
[2, 5, 4]
[2, 5, 6]
[2, 5, 7]
[2, 5, 1, 0]
[2, 5, 1, 3]
[2, 5, 1, 4]
[2, 5, 1, 6]
0.65 0.6842105263157895
itercount --------> 18
[5, 2, 0]
[5, 2, 1]
[5, 2, 4]
[5, 2, 7]
[5, 2, 3]
[5, 2, 6]
[5, 2, 0, 1]
[5, 2, 0, 4]
[5, 2, 0, 7]
[5, 2, 0, 3]
[5, 2, 0, 6]
[5, 2, 0, 1, 4]
[5, 2, 0, 1, 7]
[5, 2, 0, 1, 3]
[5, 2, 0, 1, 6]
[5, 2, 0, 1, 4, 7]
[5, 2, 0, 1, 4, 3]
0.6842105263157895 0.7
itercount --------> 19
[2, 5, 3]
[2, 5, 4]
[2, 5, 0]
[2, 5, 1]
[2, 5, 6]
[2, 5, 7]
[2, 5, 3, 4]
[2, 5, 3, 0]
[2, 5, 3, 1]
[2, 5, 3, 6]
[2, 5, 3, 7]
[2, 5, 3, 4, 0]
[2, 5, 3, 4, 1]
[2, 5, 3, 4, 6]
[2, 5, 3, 4, 7]
[2, 5, 3, 4, 0, 1]
[2, 5, 3, 4, 0, 6]
[2, 5, 3, 4, 0, 7]
[2, 5, 3, 4, 0, 1, 6]
[2, 5, 3, 4, 0, 1, 7]
[2, 5, 3, 4, 0, 1, 6, 7]
failed -> 27 times
after fail n ======> 6
[5, 0, 1, 2, 3, 4]
0.06060606060606061 0.08620689655172414
itercount --------> 1
[1, 2, 5]
0.08620689655172414 0.14705882352941177
itercount --------> 2
[5, 6, 1]
0.14705882352941177 0.3076923076923077
itercount --------> 3
[5, 6, 4]
0.3076923076923077 0.34615384615384615
itercount --------> 4
[5, 1, 2]
0.34615384615384615 0.36363636363636365
itercount --------> 5
[5, 1, 2]
[5, 1, 3]
[5, 1, 6]
[5, 1, 4]
[5, 1, 7]
[5, 1, 0]
0.36363636363636365 0.4090909090909091
itercount --------> 6
[5, 3, 6]
0.4090909090909091 0.43478260869565216
itercount --------> 7
[5, 3, 6]
0.43478260869565216 0.4583333333333333
itercount --------> 8
[5, 3, 6]
[5, 3, 7]
0.4583333333333333 0.48148148148148145
itercount --------> 9
[5, 1, 2]
[5, 1, 3]
0.48148148148148145 0.52
itercount --------> 10
[5, 4, 1]
[5, 4, 2]
[5, 4, 3]
[5, 4, 6]
0.52 0.5454545454545454
itercount --------> 11
[5, 4, 6]
[5, 4, 1]
[5, 4, 2]
[5, 4, 3]
0.5454545454545454 0.5652173913043478
itercount --------> 12
[5, 1, 2]
[5, 1, 4]
[5, 1, 6]
[5, 1, 3]
[5, 1, 7]
[5, 1, 0]
[5, 1, 2, 4]
[5, 1, 2, 6]
[5, 1, 2, 3]
[5, 1, 2, 7]
[5, 1, 2, 0]
[5, 1, 2, 4, 6]
[5, 1, 2, 4, 3]
[5, 1, 2, 4, 7]
[5, 1, 2, 4, 0]
[5, 1, 2, 4, 6, 3]
[5, 1, 2, 4, 6, 7]
[5, 1, 2, 4, 6, 0]
[5, 1, 2, 4, 6, 3, 7]
0.5652173913043478 0.5909090909090909
itercount --------> 13
[5, 1, 2]
[5, 1, 4]
[5, 1, 6]
[5, 1, 3]
[5, 1, 0]
[5, 1, 7]
[5, 1, 2, 4]
[5, 1, 2, 6]
[5, 1, 2, 3]
[5, 1, 2, 0]
[5, 1, 2, 7]
0.5909090909090909 0.6190476190476191
itercount --------> 14
[5, 4, 2]
[5, 4, 6]
[5, 4, 1]
[5, 4, 3]
[5, 4, 0]
[5, 4, 7]
[5, 4, 2, 6]
[5, 4, 2, 1]
0.6190476190476191 0.65
itercount --------> 15
[5, 2, 4]
[5, 2, 6]
[5, 2, 1]
[5, 2, 3]
[5, 2, 0]
[5, 2, 7]
[5, 2, 4, 6]
[5, 2, 4, 1]
[5, 2, 4, 3]
[5, 2, 4, 0]
[5, 2, 4, 7]
[5, 2, 4, 6, 1]
[5, 2, 4, 6, 3]
[5, 2, 4, 6, 0]
[5, 2, 4, 6, 7]
[5, 2, 4, 6, 1, 3]
[5, 2, 4, 6, 1, 0]
0.65 0.6842105263157895
itercount --------> 16
[2, 5, 0]
[2, 5, 1]
[2, 5, 4]
[2, 5, 7]
[2, 5, 3]
[2, 5, 6]
[2, 5, 0, 1]
[2, 5, 0, 4]
[2, 5, 0, 7]
[2, 5, 0, 3]
[2, 5, 0, 6]
[2, 5, 0, 1, 4]
[2, 5, 0, 1, 7]
[2, 5, 0, 1, 3]
[2, 5, 0, 1, 6]
[2, 5, 0, 1, 4, 7]
[2, 5, 0, 1, 4, 3]
0.6842105263157895 0.7
itercount --------> 17
[2, 5, 3]
[2, 5, 4]
[2, 5, 0]
[2, 5, 1]
[2, 5, 6]
[2, 5, 7]
[2, 5, 3, 4]
[2, 5, 3, 0]
[2, 5, 3, 1]
[2, 5, 3, 6]
[2, 5, 3, 7]
[2, 5, 3, 4, 0]
[2, 5, 3, 4, 1]
[2, 5, 3, 4, 6]
[2, 5, 3, 4, 7]
[2, 5, 3, 4, 0, 1]
[2, 5, 3, 4, 0, 6]
[2, 5, 3, 4, 0, 7]
[2, 5, 3, 4, 0, 1, 6]
[2, 5, 3, 4, 0, 1, 7]
[2, 5, 3, 4, 0, 1, 6, 7]
failed -> 28 times
after fail n ======> 7
[5, 0, 1, 2, 3, 4, 6]
0.06060606060606061 0.07407407407407407
itercount --------> 1
[5, 0, 6]
0.07407407407407407 0.08695652173913043
itercount --------> 2
[5, 0, 3]
0.08695652173913043 0.10714285714285714
itercount --------> 3
[5, 6, 0]
0.10714285714285714 0.1388888888888889
itercount --------> 4
[5, 0, 1]
0.1388888888888889 0.25
itercount --------> 5
[5, 6, 4]
0.25 0.2727272727272727
itercount --------> 6
[5, 6, 3]
0.2727272727272727 0.3157894736842105
itercount --------> 7
[4, 6, 7]
0.3157894736842105 0.35
itercount --------> 8
[4, 6, 3]
[4, 6, 0]
[4, 6, 5]
[4, 6, 1]
[4, 6, 2]
[4, 6, 7]
[4, 6, 3, 0]
[4, 6, 3, 5]
[4, 6, 3, 1]
[4, 6, 3, 2]
[4, 6, 3, 7]
[4, 6, 3, 0, 5]
[4, 6, 3, 0, 1]
0.35 0.375
itercount --------> 9
[1, 2, 5]
[1, 2, 0]
[1, 2, 4]
[1, 2, 3]
[1, 2, 6]
[1, 2, 7]
[1, 2, 5, 0]
[1, 2, 5, 4]
[1, 2, 5, 3]
[1, 2, 5, 6]
[1, 2, 5, 7]
[1, 2, 5, 0, 4]
[1, 2, 5, 0, 3]
[1, 2, 5, 0, 6]
[1, 2, 5, 0, 7]
0.375 0.4482758620689655
itercount --------> 10
[0, 4, 1]
0.4482758620689655 0.48148148148148145
itercount --------> 11
[1, 2, 0]
[1, 2, 4]
[1, 2, 6]
[1, 2, 5]
[1, 2, 3]
[1, 2, 7]
[1, 2, 0, 4]
[1, 2, 0, 6]
[1, 2, 0, 5]
0.48148148148148145 0.5416666666666666
itercount --------> 12
[0, 1, 2]
0.5416666666666666 0.5652173913043478
itercount --------> 13
[0, 6, 1]
[0, 6, 2]
[0, 6, 5]
0.5652173913043478 0.5714285714285714
itercount --------> 14
[1, 5, 6]
[1, 5, 2]
[1, 5, 0]
[1, 5, 4]
[1, 5, 3]
[1, 5, 7]
[1, 5, 6, 2]
0.5714285714285714 0.6
itercount --------> 15
[1, 2, 6]
[1, 2, 5]
[1, 2, 3]
[1, 2, 4]
[1, 2, 0]
[1, 2, 7]
[1, 2, 6, 5]
0.6 0.631578947368421
itercount --------> 16
[1, 2, 6]
[1, 2, 5]
[1, 2, 3]
[1, 2, 4]
[1, 2, 0]
[1, 2, 7]
[1, 2, 6, 5]
[1, 2, 6, 3]
[1, 2, 6, 4]
[1, 2, 6, 0]
[1, 2, 6, 7]
[1, 2, 6, 5, 3]
[1, 2, 6, 5, 4]
[1, 2, 6, 5, 0]
[1, 2, 6, 5, 7]
[1, 2, 6, 5, 3, 4]
0.631578947368421 0.6666666666666666
itercount --------> 17
[1, 2, 5]
[1, 2, 0]
[1, 2, 6]
[1, 2, 3]
[1, 2, 4]
[1, 2, 7]
[1, 2, 5, 0]
[1, 2, 5, 6]
[1, 2, 5, 3]
[1, 2, 5, 4]
[1, 2, 5, 7]
[1, 2, 5, 0, 6]
[1, 2, 5, 0, 3]
[1, 2, 5, 0, 4]
[1, 2, 5, 0, 7]
[1, 2, 5, 0, 6, 3]
[1, 2, 5, 0, 6, 4]
[1, 2, 5, 0, 6, 7]
[1, 2, 5, 0, 6, 3, 4]
[1, 2, 5, 0, 6, 3, 7]
[1, 2, 5, 0, 6, 3, 4, 7]
failed -> 29 times
after fail n ======> 8
[5, 0, 1, 2, 3, 4, 6, 7]
0.06060606060606061 0.08333333333333333
itercount --------> 1
[5, 1, 0]
0.08333333333333333 0.125
itercount --------> 2
[1, 2, 0]
[1, 2, 5]
[1, 2, 3]
0.125 0.19047619047619047
itercount --------> 3
[4, 6, 2]
0.19047619047619047 0.2916666666666667
itercount --------> 4
[2, 6, 1]
0.2916666666666667 0.3076923076923077
itercount --------> 5
[2, 1, 5]
[2, 1, 4]
[2, 1, 6]
[2, 1, 3]
0.3076923076923077 0.32
itercount --------> 6
[1, 4, 2]
[1, 4, 5]
[1, 4, 7]
0.32 0.391304347826087
itercount --------> 7
[1, 4, 2]
[1, 4, 3]
[1, 4, 5]
0.391304347826087 0.4
itercount --------> 8
[4, 1, 3]
[4, 1, 2]
[4, 1, 5]
[4, 1, 6]
[4, 1, 7]
[4, 1, 0]
[4, 1, 3, 2]
[4, 1, 3, 5]
[4, 1, 3, 6]
[4, 1, 3, 7]
0.4 0.4090909090909091
itercount --------> 9
[1, 6, 2]
[1, 6, 4]
[1, 6, 5]
[1, 6, 0]
[1, 6, 3]
[1, 6, 7]
[1, 6, 2, 4]
[1, 6, 2, 5]
[1, 6, 2, 0]
[1, 6, 2, 3]
[1, 6, 2, 7]
[1, 6, 2, 4, 5]
0.4090909090909091 0.42105263157894735
itercount --------> 10
[1, 2, 3]
[1, 2, 5]
[1, 2, 6]
[1, 2, 7]
[1, 2, 4]
0.42105263157894735 0.45
itercount --------> 11
[1, 6, 4]
[1, 6, 2]
0.45 0.47368421052631576
itercount --------> 12
[6, 1, 2]
[6, 1, 4]
[6, 1, 0]
[6, 1, 5]
[6, 1, 3]
[6, 1, 7]
[6, 1, 2, 4]
[6, 1, 2, 0]
[6, 1, 2, 5]
[6, 1, 2, 3]
[6, 1, 2, 7]
[6, 1, 2, 4, 0]
[6, 1, 2, 4, 5]
[6, 1, 2, 4, 3]
[6, 1, 2, 4, 7]
0.47368421052631576 0.47619047619047616
itercount --------> 13
[6, 4, 1]
[6, 4, 5]
[6, 4, 2]
[6, 4, 7]
[6, 4, 0]
[6, 4, 3]
[6, 4, 1, 5]
[6, 4, 1, 2]
[6, 4, 1, 7]
[6, 4, 1, 0]
[6, 4, 1, 3]
[6, 4, 1, 5, 2]
[6, 4, 1, 5, 7]
[6, 4, 1, 5, 0]
[6, 4, 1, 5, 3]
[6, 4, 1, 5, 2, 7]
[6, 4, 1, 5, 2, 0]
[6, 4, 1, 5, 2, 3]
0.47619047619047616 0.5416666666666666
itercount --------> 14
[3, 4, 1]
[3, 4, 2]
[3, 4, 6]
[3, 4, 0]
[3, 4, 5]
[3, 4, 7]
[3, 4, 1, 2]
[3, 4, 1, 6]
[3, 4, 1, 0]
[3, 4, 1, 5]
0.5416666666666666 0.5652173913043478
itercount --------> 15
[4, 3, 1]
[4, 3, 2]
[4, 3, 5]
[4, 3, 6]
[4, 3, 0]
[4, 3, 7]
[4, 3, 1, 2]
[4, 3, 1, 5]
[4, 3, 1, 6]
[4, 3, 1, 0]
[4, 3, 1, 7]
[4, 3, 1, 2, 5]
[4, 3, 1, 2, 6]
[4, 3, 1, 2, 0]
[4, 3, 1, 2, 7]
[4, 3, 1, 2, 5, 6]
[4, 3, 1, 2, 5, 0]
[4, 3, 1, 2, 5, 7]
[4, 3, 1, 2, 5, 6, 0]
[4, 3, 1, 2, 5, 6, 7]
[4, 3, 1, 2, 5, 6, 0, 7]
failed -> 30 times
after fail n ======> 5
[5, 0, 1, 2, 3]
0.06060606060606061 0.08695652173913043
itercount --------> 1
[1, 2, 0]
0.08695652173913043 0.1111111111111111
itercount --------> 2
[1, 2, 5]
[1, 2, 0]
[1, 2, 3]
[1, 2, 4]
0.1111111111111111 0.15789473684210525
itercount --------> 3
[2, 6, 0]
0.15789473684210525 0.2
itercount --------> 4
[2, 1, 3]
[2, 1, 5]
0.2 0.25
itercount --------> 5
[2, 1, 3]
0.25 0.34615384615384615
itercount --------> 6
[2, 1, 5]
[2, 1, 7]
[2, 1, 0]
[2, 1, 3]
[2, 1, 4]
[2, 1, 6]
0.34615384615384615 0.36363636363636365
itercount --------> 7
[0, 2, 1]
[0, 2, 6]
[0, 2, 3]
[0, 2, 7]
[0, 2, 5]
[0, 2, 4]
[0, 2, 1, 6]
0.36363636363636365 0.42857142857142855
itercount --------> 8
[1, 2, 3]
[1, 2, 7]
[1, 2, 5]
[1, 2, 4]
[1, 2, 6]
[1, 2, 0]
[1, 2, 3, 7]
0.42857142857142855 0.4782608695652174
itercount --------> 9
[1, 3, 2]
[1, 3, 5]
[1, 3, 0]
[1, 3, 4]
[1, 3, 6]
0.4782608695652174 0.5
itercount --------> 10
[2, 1, 5]
[2, 1, 4]
[2, 1, 3]
[2, 1, 6]
[2, 1, 7]
[2, 1, 0]
[2, 1, 5, 4]
0.5 0.5416666666666666
itercount --------> 11
[1, 2, 3]
[1, 2, 4]
[1, 2, 5]
[1, 2, 6]
[1, 2, 7]
[1, 2, 0]
[1, 2, 3, 4]
[1, 2, 3, 5]
[1, 2, 3, 6]
[1, 2, 3, 7]
[1, 2, 3, 0]
[1, 2, 3, 4, 5]
[1, 2, 3, 4, 6]
[1, 2, 3, 4, 7]
[1, 2, 3, 4, 0]
[1, 2, 3, 4, 5, 6]
0.5416666666666666 0.5454545454545454
itercount --------> 12
[2, 1, 6]
[2, 1, 4]
[2, 1, 5]
[2, 1, 3]
[2, 1, 0]
[2, 1, 7]
[2, 1, 6, 4]
[2, 1, 6, 5]
[2, 1, 6, 3]
[2, 1, 6, 0]
[2, 1, 6, 7]
[2, 1, 6, 4, 5]
[2, 1, 6, 4, 3]
0.5454545454545454 0.5789473684210527
itercount --------> 13
[1, 2, 0]
[1, 2, 4]
[1, 2, 3]
[1, 2, 7]
[1, 2, 5]
[1, 2, 6]
[1, 2, 0, 4]
[1, 2, 0, 3]
[1, 2, 0, 7]
[1, 2, 0, 5]
[1, 2, 0, 6]
[1, 2, 0, 4, 3]
[1, 2, 0, 4, 7]
[1, 2, 0, 4, 5]
0.5789473684210527 0.6
itercount --------> 14
[1, 2, 0]
[1, 2, 3]
[1, 2, 4]
[1, 2, 5]
[1, 2, 7]
[1, 2, 6]
[1, 2, 0, 3]
[1, 2, 0, 4]
[1, 2, 0, 5]
[1, 2, 0, 7]
[1, 2, 0, 6]
[1, 2, 0, 3, 4]
[1, 2, 0, 3, 5]
0.6 0.6111111111111112
itercount --------> 15
[1, 2, 5]
[1, 2, 0]
[1, 2, 4]
[1, 2, 3]
[1, 2, 6]
[1, 2, 7]
[1, 2, 5, 0]
[1, 2, 5, 4]
[1, 2, 5, 3]
[1, 2, 5, 6]
[1, 2, 5, 7]
[1, 2, 5, 0, 4]
[1, 2, 5, 0, 3]
[1, 2, 5, 0, 6]
[1, 2, 5, 0, 7]
[1, 2, 5, 0, 4, 3]
[1, 2, 5, 0, 4, 6]
[1, 2, 5, 0, 4, 7]
[1, 2, 5, 0, 4, 3, 6]
[1, 2, 5, 0, 4, 3, 7]
[1, 2, 5, 0, 4, 3, 6, 7]
failed -> 31 times
after fail n ======> 6
[5, 0, 1, 2, 3, 4]
0.06060606060606061 0.06896551724137931
itercount --------> 1
[1, 5, 0]
0.06896551724137931 0.09523809523809523
itercount --------> 2
[1, 2, 5]
0.09523809523809523 0.1
itercount --------> 3
[5, 2, 7]
0.1 0.11764705882352941
itercount --------> 4
[1, 2, 5]
[1, 2, 0]
[1, 2, 3]
0.11764705882352941 0.15
itercount --------> 5
[6, 1, 4]
0.15 0.21052631578947367
itercount --------> 6
[1, 0, 2]
0.21052631578947367 0.2631578947368421
itercount --------> 7
[1, 3, 6]
[1, 3, 7]
[1, 3, 2]
0.2631578947368421 0.3684210526315789
itercount --------> 8
[1, 3, 7]
[1, 3, 2]
[1, 3, 6]
0.3684210526315789 0.43478260869565216
itercount --------> 9
[1, 3, 7]
0.43478260869565216 0.4444444444444444
itercount --------> 10
[1, 4, 3]
[1, 4, 5]
[1, 4, 2]
[1, 4, 6]
[1, 4, 7]
[1, 4, 0]
[1, 4, 3, 5]
[1, 4, 3, 2]
[1, 4, 3, 6]
0.4444444444444444 0.45454545454545453
itercount --------> 11
[1, 3, 0]
[1, 3, 2]
[1, 3, 6]
[1, 3, 4]
0.45454545454545453 0.5
itercount --------> 12
[1, 0, 2]
[1, 0, 3]
[1, 0, 4]
[1, 0, 5]
[1, 0, 7]
[1, 0, 6]
[1, 0, 2, 3]
[1, 0, 2, 4]
[1, 0, 2, 5]
[1, 0, 2, 7]
[1, 0, 2, 6]
[1, 0, 2, 3, 4]
[1, 0, 2, 3, 5]
[1, 0, 2, 3, 7]
0.5 0.5789473684210527
itercount --------> 13
[1, 0, 2]
[1, 0, 3]
[1, 0, 4]
[1, 0, 7]
[1, 0, 5]
[1, 0, 6]
[1, 0, 2, 3]
[1, 0, 2, 4]
[1, 0, 2, 7]
[1, 0, 2, 5]
[1, 0, 2, 6]
[1, 0, 2, 3, 4]
[1, 0, 2, 3, 7]
[1, 0, 2, 3, 5]
[1, 0, 2, 3, 6]
[1, 0, 2, 3, 4, 7]
[1, 0, 2, 3, 4, 5]
[1, 0, 2, 3, 4, 6]
[1, 0, 2, 3, 4, 7, 5]
[1, 0, 2, 3, 4, 7, 6]
[1, 0, 2, 3, 4, 7, 5, 6]
failed -> 32 times
after fail n ======> 7
[5, 0, 1, 2, 3, 4, 6]
0.06060606060606061 0.06896551724137931
itercount --------> 1
[0, 5, 1]
0.06896551724137931 0.08
itercount --------> 2
[0, 1, 2]
0.08 0.10526315789473684
itercount --------> 3
[5, 0, 1]
0.10526315789473684 0.11764705882352941
itercount --------> 4
[0, 1, 2]
[0, 1, 5]
[0, 1, 3]
0.11764705882352941 0.125
itercount --------> 5
[6, 5, 0]
0.125 0.21052631578947367
itercount --------> 6
[0, 6, 3]
0.21052631578947367 0.22727272727272727
itercount --------> 7
[4, 0, 5]
0.22727272727272727 0.34615384615384615
itercount --------> 8
[1, 2, 0]
0.34615384615384615 0.34782608695652173
itercount --------> 9
[1, 2, 0]
[1, 2, 5]
[1, 2, 4]
[1, 2, 6]
0.34782608695652173 0.4
itercount --------> 10
[4, 0, 1]
[4, 0, 2]
0.4 0.42105263157894735
itercount --------> 11
[4, 0, 3]
[4, 0, 7]
0.42105263157894735 0.45
itercount --------> 12
[4, 0, 3]
[4, 0, 5]
[4, 0, 1]
[4, 0, 2]
[4, 0, 6]
[4, 0, 7]
[4, 0, 3, 5]
[4, 0, 3, 1]
[4, 0, 3, 2]
[4, 0, 3, 6]
0.45 0.47058823529411764
itercount --------> 13
[1, 2, 5]
[1, 2, 0]
[1, 2, 3]
[1, 2, 4]
[1, 2, 6]
[1, 2, 7]
[1, 2, 5, 0]
0.47058823529411764 0.5
itercount --------> 14
[0, 1, 2]
[0, 1, 3]
[0, 1, 7]
0.5 0.6190476190476191
itercount --------> 15
[0, 6, 1]
[0, 6, 2]
0.6190476190476191 0.631578947368421
itercount --------> 16
[1, 2, 0]
[1, 2, 3]
[1, 2, 5]
[1, 2, 6]
[1, 2, 4]
[1, 2, 7]
[1, 2, 0, 3]
[1, 2, 0, 5]
[1, 2, 0, 6]
[1, 2, 0, 4]
[1, 2, 0, 7]
[1, 2, 0, 3, 5]
[1, 2, 0, 3, 6]
[1, 2, 0, 3, 4]
[1, 2, 0, 3, 7]
[1, 2, 0, 3, 5, 6]
[1, 2, 0, 3, 5, 4]
[1, 2, 0, 3, 5, 7]
0.631578947368421 0.6666666666666666
itercount --------> 17
[1, 2, 0]
[1, 2, 3]
[1, 2, 6]
[1, 2, 4]
[1, 2, 5]
[1, 2, 7]
[1, 2, 0, 3]
[1, 2, 0, 6]
[1, 2, 0, 4]
[1, 2, 0, 5]
[1, 2, 0, 7]
[1, 2, 0, 3, 6]
[1, 2, 0, 3, 4]
[1, 2, 0, 3, 5]
[1, 2, 0, 3, 7]
[1, 2, 0, 3, 6, 4]
[1, 2, 0, 3, 6, 5]
[1, 2, 0, 3, 6, 7]
[1, 2, 0, 3, 6, 4, 5]
[1, 2, 0, 3, 6, 4, 7]
[1, 2, 0, 3, 6, 4, 5, 7]
failed -> 33 times
after fail n ======> 8
[5, 0, 1, 2, 3, 4, 6, 7]
0.06060606060606061 0.08695652173913043
itercount --------> 1
[1, 2, 0]
0.08695652173913043 0.1
itercount --------> 2
[0, 6, 2]
0.1 0.1111111111111111
itercount --------> 3
[1, 2, 5]
[1, 2, 3]
0.1111111111111111 0.21052631578947367
itercount --------> 4
[1, 2, 4]
0.21052631578947367 0.3
itercount --------> 5
[2, 1, 3]
[2, 1, 0]
0.3 0.38095238095238093
itercount --------> 6
[2, 1, 3]
[2, 1, 6]
0.38095238095238093 0.4090909090909091
itercount --------> 7
[1, 2, 7]
[1, 2, 5]
[1, 2, 3]
[1, 2, 6]
[1, 2, 0]
[1, 2, 4]
[1, 2, 7, 5]
0.4090909090909091 0.42857142857142855
itercount --------> 8
[1, 2, 3]
[1, 2, 7]
[1, 2, 6]
0.42857142857142855 0.45
itercount --------> 9
[2, 1, 3]
[2, 1, 7]
[2, 1, 4]
[2, 1, 6]
[2, 1, 5]
[2, 1, 0]
[2, 1, 3, 7]
[2, 1, 3, 4]
[2, 1, 3, 6]
0.45 0.4583333333333333
itercount --------> 10
[2, 4, 1]
[2, 4, 3]
[2, 4, 5]
[2, 4, 7]
0.4583333333333333 0.46153846153846156
itercount --------> 11
[2, 4, 1]
[2, 4, 5]
[2, 4, 6]
[2, 4, 3]
[2, 4, 7]
[2, 4, 0]
[2, 4, 1, 5]
[2, 4, 1, 6]
[2, 4, 1, 3]
[2, 4, 1, 7]
0.46153846153846156 0.5454545454545454
itercount --------> 12
[2, 4, 1]
[2, 4, 3]
[2, 4, 5]
[2, 4, 6]
[2, 4, 7]
[2, 4, 0]
[2, 4, 1, 3]
[2, 4, 1, 5]
[2, 4, 1, 6]
[2, 4, 1, 7]
[2, 4, 1, 0]
[2, 4, 1, 3, 5]
0.5454545454545454 0.5714285714285714
itercount --------> 13
[4, 3, 1]
[4, 3, 2]
[4, 3, 6]
[4, 3, 7]
[4, 3, 5]
[4, 3, 0]
[4, 3, 1, 2]
[4, 3, 1, 6]
[4, 3, 1, 7]
[4, 3, 1, 5]
[4, 3, 1, 0]
[4, 3, 1, 2, 6]
[4, 3, 1, 2, 7]
[4, 3, 1, 2, 5]
[4, 3, 1, 2, 0]
[4, 3, 1, 2, 6, 7]
[4, 3, 1, 2, 6, 5]
[4, 3, 1, 2, 6, 0]
[4, 3, 1, 2, 6, 7, 5]
[4, 3, 1, 2, 6, 7, 0]
[4, 3, 1, 2, 6, 7, 5, 0]
failed -> 34 times
after fail n ======> 5
[5, 0, 1, 2, 3]
0.06060606060606061 0.06818181818181818
itercount --------> 1
[1, 2, 3]
0.06818181818181818 0.08333333333333333
itercount --------> 2
[2, 0, 1]
0.08333333333333333 0.125
itercount --------> 3
[5, 1, 2]
0.125 0.16
itercount --------> 4
[2, 0, 6]
[2, 0, 3]
[2, 0, 4]
0.16 0.16666666666666666
itercount --------> 5
[2, 6, 5]
0.16666666666666666 0.17647058823529413
itercount --------> 6
[2, 5, 3]
0.17647058823529413 0.18181818181818182
itercount --------> 7
[2, 1, 5]
[2, 1, 3]
0.18181818181818182 0.19444444444444445
itercount --------> 8
[2, 1, 5]
0.19444444444444445 0.375
itercount --------> 9
[2, 5, 4]
[2, 5, 6]
0.375 0.4090909090909091
itercount --------> 10
[5, 1, 2]
[5, 1, 6]
0.4090909090909091 0.42857142857142855
itercount --------> 11
[1, 2, 3]
0.42857142857142855 0.45
itercount --------> 12
[1, 2, 5]
[1, 2, 3]
[1, 2, 4]
[1, 2, 6]
[1, 2, 7]
[1, 2, 0]
[1, 2, 5, 3]
[1, 2, 5, 4]
[1, 2, 5, 6]
[1, 2, 5, 7]
[1, 2, 5, 0]
[1, 2, 5, 3, 4]
[1, 2, 5, 3, 6]
[1, 2, 5, 3, 7]
[1, 2, 5, 3, 0]
[1, 2, 5, 3, 4, 6]
[1, 2, 5, 3, 4, 7]
0.45 0.45454545454545453
itercount --------> 13
[1, 2, 4]
[1, 2, 6]
[1, 2, 3]
[1, 2, 5]
[1, 2, 7]
[1, 2, 0]
[1, 2, 4, 6]
[1, 2, 4, 3]
[1, 2, 4, 5]
[1, 2, 4, 7]
[1, 2, 4, 0]
[1, 2, 4, 6, 3]
[1, 2, 4, 6, 5]
[1, 2, 4, 6, 7]
[1, 2, 4, 6, 0]
[1, 2, 4, 6, 3, 5]
[1, 2, 4, 6, 3, 7]
0.45454545454545453 0.4666666666666667
itercount --------> 14
[2, 1, 4]
0.4666666666666667 0.5
itercount --------> 15
[1, 2, 4]
[1, 2, 5]
[1, 2, 6]
[1, 2, 7]
[1, 2, 0]
[1, 2, 3]
[1, 2, 4, 5]
0.5 0.5833333333333334
itercount --------> 16
[4, 1, 2]
0.5833333333333334 0.5909090909090909
itercount --------> 17
[1, 2, 4]
[1, 2, 5]
[1, 2, 6]
[1, 2, 0]
[1, 2, 3]
[1, 2, 7]
[1, 2, 4, 5]
[1, 2, 4, 6]
[1, 2, 4, 0]
[1, 2, 4, 3]
0.5909090909090909 0.6190476190476191
itercount --------> 18
[1, 2, 5]
[1, 2, 4]
[1, 2, 0]
[1, 2, 6]
[1, 2, 3]
[1, 2, 7]
[1, 2, 5, 4]
[1, 2, 5, 0]
[1, 2, 5, 6]
[1, 2, 5, 3]
[1, 2, 5, 7]
[1, 2, 5, 4, 0]
[1, 2, 5, 4, 6]
[1, 2, 5, 4, 3]
[1, 2, 5, 4, 7]
0.6190476190476191 0.6842105263157895
itercount --------> 19
[1, 2, 4]
[1, 2, 5]
[1, 2, 0]
[1, 2, 6]
[1, 2, 7]
[1, 2, 3]
[1, 2, 4, 5]
[1, 2, 4, 0]
[1, 2, 4, 6]
[1, 2, 4, 7]
[1, 2, 4, 3]
[1, 2, 4, 5, 0]
[1, 2, 4, 5, 6]
[1, 2, 4, 5, 7]
[1, 2, 4, 5, 3]
[1, 2, 4, 5, 0, 6]
[1, 2, 4, 5, 0, 7]
0.6842105263157895 0.7058823529411765
itercount --------> 20
[1, 2, 0]
[1, 2, 5]
[1, 2, 7]
[1, 2, 4]
[1, 2, 3]
[1, 2, 6]
[1, 2, 0, 5]
[1, 2, 0, 7]
[1, 2, 0, 4]
[1, 2, 0, 3]
[1, 2, 0, 6]
[1, 2, 0, 5, 7]
[1, 2, 0, 5, 4]
[1, 2, 0, 5, 3]
[1, 2, 0, 5, 6]
[1, 2, 0, 5, 7, 4]
[1, 2, 0, 5, 7, 3]
[1, 2, 0, 5, 7, 6]
[1, 2, 0, 5, 7, 4, 3]
[1, 2, 0, 5, 7, 4, 6]
[1, 2, 0, 5, 7, 4, 3, 6]
failed -> 35 times
after fail n ======> 6
[5, 0, 1, 2, 3, 4]
0.06060606060606061 0.075
itercount --------> 1
[5, 0, 1]
0.075 0.08695652173913043
itercount --------> 2
[1, 5, 2]
0.08695652173913043 0.1111111111111111
itercount --------> 3
[1, 2, 5]
[1, 2, 0]
0.1111111111111111 0.15
itercount --------> 4
[1, 2, 0]
[1, 2, 3]
0.15 0.21739130434782608
itercount --------> 5
[0, 1, 2]
[0, 1, 4]
[0, 1, 7]
0.21739130434782608 0.23529411764705882
itercount --------> 6
[1, 2, 0]
[1, 2, 5]
[1, 2, 6]
0.23529411764705882 0.2857142857142857
itercount --------> 7
[2, 0, 6]
0.2857142857142857 0.35294117647058826
itercount --------> 8
[1, 2, 0]
[1, 2, 5]
[1, 2, 7]
[1, 2, 4]
[1, 2, 3]
[1, 2, 6]
[1, 2, 0, 5]
[1, 2, 0, 7]
[1, 2, 0, 4]
[1, 2, 0, 3]
[1, 2, 0, 6]
[1, 2, 0, 5, 7]
[1, 2, 0, 5, 4]
[1, 2, 0, 5, 3]
[1, 2, 0, 5, 6]
[1, 2, 0, 5, 7, 4]
[1, 2, 0, 5, 7, 3]
[1, 2, 0, 5, 7, 6]
[1, 2, 0, 5, 7, 4, 3]
[1, 2, 0, 5, 7, 4, 6]
[1, 2, 0, 5, 7, 4, 3, 6]
0.35294117647058826 0.4117647058823529
itercount --------> 9
[4, 0, 3]
[4, 0, 7]
[4, 0, 5]
[4, 0, 1]
[4, 0, 2]
[4, 0, 6]
[4, 0, 3, 7]
[4, 0, 3, 5]
[4, 0, 3, 1]
[4, 0, 3, 2]
[4, 0, 3, 6]
0.4117647058823529 0.42105263157894735
itercount --------> 10
[6, 4, 0]
[6, 4, 5]
[6, 4, 7]
[6, 4, 1]
[6, 4, 2]
[6, 4, 3]
[6, 4, 0, 5]
[6, 4, 0, 7]
[6, 4, 0, 1]
[6, 4, 0, 2]
[6, 4, 0, 3]
[6, 4, 0, 5, 7]
[6, 4, 0, 5, 1]
[6, 4, 0, 5, 2]
0.42105263157894735 0.4375
itercount --------> 11
[0, 5, 1]
[0, 5, 2]
[0, 5, 3]
0.4375 0.5
itercount --------> 12
[3, 0, 4]
[3, 0, 6]
[3, 0, 1]
[3, 0, 2]
[3, 0, 5]
[3, 0, 7]
[3, 0, 4, 6]
[3, 0, 4, 1]
[3, 0, 4, 2]
[3, 0, 4, 5]
[3, 0, 4, 7]
[3, 0, 4, 6, 1]
[3, 0, 4, 6, 2]
[3, 0, 4, 6, 5]
[3, 0, 4, 6, 7]
[3, 0, 4, 6, 1, 2]
0.5 0.5238095238095238
itercount --------> 13
[4, 0, 3]
[4, 0, 6]
[4, 0, 5]
[4, 0, 1]
[4, 0, 2]
[4, 0, 7]
[4, 0, 3, 6]
[4, 0, 3, 5]
[4, 0, 3, 1]
[4, 0, 3, 2]
[4, 0, 3, 7]
[4, 0, 3, 6, 5]
[4, 0, 3, 6, 1]
[4, 0, 3, 6, 2]
[4, 0, 3, 6, 7]
[4, 0, 3, 6, 5, 1]
[4, 0, 3, 6, 5, 2]
[4, 0, 3, 6, 5, 7]
[4, 0, 3, 6, 5, 1, 2]
[4, 0, 3, 6, 5, 1, 7]
[4, 0, 3, 6, 5, 1, 2, 7]
failed -> 36 times
after fail n ======> 7
[5, 0, 1, 2, 3, 4, 6]
0.06060606060606061 0.07407407407407407
itercount --------> 1
[1, 0, 5]
[1, 0, 2]
0.07407407407407407 0.08695652173913043
itercount --------> 2
[0, 5, 4]
0.08695652173913043 0.09523809523809523
itercount --------> 3
[0, 5, 4]
0.09523809523809523 0.125
itercount --------> 4
[0, 5, 7]
0.125 0.16666666666666666
itercount --------> 5
[0, 2, 4]
0.16666666666666666 0.17647058823529413
itercount --------> 6
[5, 0, 4]
0.17647058823529413 0.1875
itercount --------> 7
[1, 2, 0]
[1, 2, 5]
[1, 2, 3]
0.1875 0.21052631578947367
itercount --------> 8
[6, 5, 1]
[6, 5, 2]
0.21052631578947367 0.25
itercount --------> 9
[1, 2, 0]
[1, 2, 5]
[1, 2, 6]
0.25 0.3333333333333333
itercount --------> 10
[1, 2, 0]
[1, 2, 6]
[1, 2, 5]
0.3333333333333333 0.375
itercount --------> 11
[0, 1, 2]
[0, 1, 5]
[0, 1, 7]
0.375 0.3888888888888889
itercount --------> 12
[2, 0, 3]
0.3888888888888889 0.4
itercount --------> 13
[0, 2, 6]
0.4 0.4090909090909091
itercount --------> 14
[6, 0, 5]
0.4090909090909091 0.4166666666666667
itercount --------> 15
[0, 6, 5]
[0, 6, 2]
[0, 6, 1]
[0, 6, 4]
[0, 6, 7]
[0, 6, 3]
0.4166666666666667 0.42857142857142855
itercount --------> 16
[4, 0, 5]
[4, 0, 7]
[4, 0, 2]
[4, 0, 3]
0.42857142857142855 0.4444444444444444
itercount --------> 17
[3, 4, 0]
[3, 4, 1]
[3, 4, 2]
[3, 4, 5]
[3, 4, 6]
[3, 4, 7]
0.4444444444444444 0.5263157894736842
itercount --------> 18
[7, 0, 1]
[7, 0, 2]
[7, 0, 3]
[7, 0, 5]
[7, 0, 4]
[7, 0, 6]
[7, 0, 1, 2]
[7, 0, 1, 3]
[7, 0, 1, 5]
[7, 0, 1, 4]
[7, 0, 1, 6]
[7, 0, 1, 2, 3]
[7, 0, 1, 2, 5]
[7, 0, 1, 2, 4]
0.5263157894736842 0.5454545454545454
itercount --------> 19
[0, 4, 5]
[0, 4, 6]
0.5454545454545454 0.6
itercount --------> 20
[0, 1, 2]
[0, 1, 5]
[0, 1, 4]
[0, 1, 3]
[0, 1, 7]
[0, 1, 6]
[0, 1, 2, 5]
[0, 1, 2, 4]
[0, 1, 2, 3]
[0, 1, 2, 7]
[0, 1, 2, 6]
[0, 1, 2, 5, 4]
[0, 1, 2, 5, 3]
[0, 1, 2, 5, 7]
0.6 0.631578947368421
itercount --------> 21
[0, 4, 1]
[0, 4, 2]
[0, 4, 3]
[0, 4, 5]
[0, 4, 7]
[0, 4, 6]
[0, 4, 1, 2]
[0, 4, 1, 3]
[0, 4, 1, 5]
[0, 4, 1, 7]
[0, 4, 1, 6]
[0, 4, 1, 2, 3]
[0, 4, 1, 2, 5]
[0, 4, 1, 2, 7]
[0, 4, 1, 2, 6]
[0, 4, 1, 2, 3, 5]
[0, 4, 1, 2, 3, 7]
[0, 4, 1, 2, 3, 6]
[0, 4, 1, 2, 3, 5, 7]
[0, 4, 1, 2, 3, 5, 6]
[0, 4, 1, 2, 3, 5, 7, 6]
failed -> 37 times
after fail n ======> 8
[5, 0, 1, 2, 3, 4, 6, 7]
0.06060606060606061 0.08333333333333333
itercount --------> 1
[5, 1, 2]
0.08333333333333333 0.125
itercount --------> 2
[1, 2, 5]
0.125 0.21052631578947367
itercount --------> 3
[2, 4, 3]
0.21052631578947367 0.3157894736842105
itercount --------> 4
[2, 4, 7]
0.3157894736842105 0.3684210526315789
itercount --------> 5
[2, 4, 7]
[2, 4, 1]
[2, 4, 5]
0.3684210526315789 0.42105263157894735
itercount --------> 6
[4, 2, 7]
[4, 2, 1]
[4, 2, 5]
[4, 2, 6]
0.42105263157894735 0.42857142857142855
itercount --------> 7
[2, 4, 1]
[2, 4, 3]
0.42857142857142855 0.45
itercount --------> 8
[2, 6, 1]
[2, 6, 4]
[2, 6, 5]
0.45 0.5
itercount --------> 9
[6, 4, 1]
[6, 4, 2]
[6, 4, 5]
[6, 4, 0]
[6, 4, 7]
[6, 4, 3]
[6, 4, 1, 2]
[6, 4, 1, 5]
[6, 4, 1, 0]
[6, 4, 1, 7]
[6, 4, 1, 3]
[6, 4, 1, 2, 5]
[6, 4, 1, 2, 0]
[6, 4, 1, 2, 7]
[6, 4, 1, 2, 3]
[6, 4, 1, 2, 5, 0]
[6, 4, 1, 2, 5, 7]
[6, 4, 1, 2, 5, 3]
[6, 4, 1, 2, 5, 0, 7]
[6, 4, 1, 2, 5, 0, 3]
[6, 4, 1, 2, 5, 0, 7, 3]
failed -> 38 times
after fail n ======> 5
[5, 0, 1, 2, 3]
0.06060606060606061 0.06818181818181818
itercount --------> 1
[1, 3, 2]
[1, 3, 5]
0.06818181818181818 0.10714285714285714
itercount --------> 2
[2, 3, 6]
0.10714285714285714 0.12903225806451613
itercount --------> 3
[2, 1, 4]
[2, 1, 5]
[2, 1, 0]
[2, 1, 3]
0.12903225806451613 0.17857142857142858
itercount --------> 4
[2, 5, 3]
[2, 5, 4]
0.17857142857142858 0.25925925925925924
itercount --------> 5
[2, 5, 3]
0.25925925925925924 0.4090909090909091
itercount --------> 6
[2, 1, 5]
0.4090909090909091 0.45454545454545453
itercount --------> 7
[2, 4, 3]
0.45454545454545453 0.4583333333333333
itercount --------> 8
[2, 1, 5]
[2, 1, 6]
[2, 1, 4]
[2, 1, 7]
0.4583333333333333 0.4782608695652174
itercount --------> 9
[2, 1, 5]
[2, 1, 6]
[2, 1, 4]
[2, 1, 7]
[2, 1, 3]
[2, 1, 0]
[2, 1, 5, 6]
[2, 1, 5, 4]
[2, 1, 5, 7]
[2, 1, 5, 3]
[2, 1, 5, 0]
[2, 1, 5, 6, 4]
[2, 1, 5, 6, 7]
[2, 1, 5, 6, 3]
[2, 1, 5, 6, 0]
[2, 1, 5, 6, 4, 7]
0.4782608695652174 0.48
itercount --------> 10
[2, 1, 6]
[2, 1, 4]
[2, 1, 5]
[2, 1, 3]
[2, 1, 7]
[2, 1, 0]
[2, 1, 6, 4]
[2, 1, 6, 5]
[2, 1, 6, 3]
[2, 1, 6, 7]
[2, 1, 6, 0]
[2, 1, 6, 4, 5]
[2, 1, 6, 4, 3]
[2, 1, 6, 4, 7]
[2, 1, 6, 4, 0]
[2, 1, 6, 4, 5, 3]
[2, 1, 6, 4, 5, 7]
[2, 1, 6, 4, 5, 0]
[2, 1, 6, 4, 5, 3, 7]
0.48 0.5
itercount --------> 11
[2, 1, 5]
[2, 1, 6]
[2, 1, 4]
[2, 1, 3]
[2, 1, 0]
0.5 0.5217391304347826
itercount --------> 12
[2, 1, 5]
[2, 1, 0]
[2, 1, 3]
0.5217391304347826 0.5652173913043478
itercount --------> 13
[2, 1, 5]
[2, 1, 3]
[2, 1, 0]
[2, 1, 4]
[2, 1, 6]
[2, 1, 7]
0.5652173913043478 0.5909090909090909
itercount --------> 14
[2, 1, 5]
[2, 1, 0]
[2, 1, 3]
[2, 1, 4]
[2, 1, 6]
[2, 1, 7]
[2, 1, 5, 0]
[2, 1, 5, 3]
[2, 1, 5, 4]
[2, 1, 5, 6]
[2, 1, 5, 7]
[2, 1, 5, 0, 3]
[2, 1, 5, 0, 4]
[2, 1, 5, 0, 6]
[2, 1, 5, 0, 7]
[2, 1, 5, 0, 3, 4]
[2, 1, 5, 0, 3, 6]
[2, 1, 5, 0, 3, 7]
0.5909090909090909 0.6190476190476191
itercount --------> 15
[2, 5, 1]
[2, 5, 4]
[2, 5, 0]
[2, 5, 3]
[2, 5, 6]
[2, 5, 7]
[2, 5, 1, 4]
0.6190476190476191 0.65
itercount --------> 16
[2, 5, 1]
[2, 5, 0]
[2, 5, 3]
[2, 5, 4]
[2, 5, 6]
[2, 5, 7]
[2, 5, 1, 0]
[2, 5, 1, 3]
[2, 5, 1, 4]
[2, 5, 1, 6]
0.65 0.6842105263157895
itercount --------> 17
[5, 2, 0]
[5, 2, 1]
[5, 2, 4]
[5, 2, 7]
[5, 2, 3]
[5, 2, 6]
[5, 2, 0, 1]
[5, 2, 0, 4]
[5, 2, 0, 7]
[5, 2, 0, 3]
[5, 2, 0, 6]
[5, 2, 0, 1, 4]
[5, 2, 0, 1, 7]
[5, 2, 0, 1, 3]
[5, 2, 0, 1, 6]
[5, 2, 0, 1, 4, 7]
[5, 2, 0, 1, 4, 3]
0.6842105263157895 0.7
itercount --------> 18
[2, 5, 3]
[2, 5, 4]
[2, 5, 0]
[2, 5, 1]
[2, 5, 6]
[2, 5, 7]
[2, 5, 3, 4]
[2, 5, 3, 0]
[2, 5, 3, 1]
[2, 5, 3, 6]
[2, 5, 3, 7]
[2, 5, 3, 4, 0]
[2, 5, 3, 4, 1]
[2, 5, 3, 4, 6]
[2, 5, 3, 4, 7]
[2, 5, 3, 4, 0, 1]
[2, 5, 3, 4, 0, 6]
[2, 5, 3, 4, 0, 7]
[2, 5, 3, 4, 0, 1, 6]
[2, 5, 3, 4, 0, 1, 7]
[2, 5, 3, 4, 0, 1, 6, 7]
failed -> 39 times
after fail n ======> 6
[5, 0, 1, 2, 3, 4]
0.06060606060606061 0.06451612903225806
itercount --------> 1
[1, 5, 0]
0.06451612903225806 0.08695652173913043
itercount --------> 2
[1, 2, 0]
[1, 2, 5]
[1, 2, 3]
[1, 2, 4]
0.08695652173913043 0.15789473684210525
itercount --------> 3
[1, 2, 5]
[1, 2, 0]
[1, 2, 6]
0.15789473684210525 0.2857142857142857
itercount --------> 4
[2, 1, 5]
0.2857142857142857 0.3157894736842105
itercount --------> 5
[1, 2, 5]
[1, 2, 3]
0.3157894736842105 0.36363636363636365
itercount --------> 6
[2, 4, 5]
[2, 4, 1]
[2, 4, 6]
[2, 4, 7]
[2, 4, 0]
[2, 4, 3]
0.36363636363636365 0.3684210526315789
itercount --------> 7
[2, 4, 5]
0.3684210526315789 0.42105263157894735
itercount --------> 8
[2, 3, 4]
[2, 3, 7]
[2, 3, 1]
[2, 3, 6]
0.42105263157894735 0.45454545454545453
itercount --------> 9
[2, 4, 3]
0.45454545454545453 0.4583333333333333
itercount --------> 10
[2, 1, 5]
[2, 1, 6]
[2, 1, 4]
[2, 1, 7]
[2, 1, 3]
[2, 1, 0]
[2, 1, 5, 6]
[2, 1, 5, 4]
[2, 1, 5, 7]
[2, 1, 5, 3]
[2, 1, 5, 0]
[2, 1, 5, 6, 4]
[2, 1, 5, 6, 7]
0.4583333333333333 0.4782608695652174
itercount --------> 11
[2, 1, 5]
[2, 1, 6]
[2, 1, 4]
[2, 1, 7]
[2, 1, 3]
[2, 1, 0]
[2, 1, 5, 6]
[2, 1, 5, 4]
[2, 1, 5, 7]
[2, 1, 5, 3]
[2, 1, 5, 0]
[2, 1, 5, 6, 4]
[2, 1, 5, 6, 7]
[2, 1, 5, 6, 3]
[2, 1, 5, 6, 0]
[2, 1, 5, 6, 4, 7]
0.4782608695652174 0.48
itercount --------> 12
[2, 5, 6]
[2, 5, 4]
[2, 5, 1]
[2, 5, 3]
[2, 5, 7]
[2, 5, 0]
[2, 5, 6, 4]
[2, 5, 6, 1]
[2, 5, 6, 3]
[2, 5, 6, 7]
[2, 5, 6, 0]
[2, 5, 6, 4, 1]
[2, 5, 6, 4, 3]
[2, 5, 6, 4, 7]
[2, 5, 6, 4, 0]
[2, 5, 6, 4, 1, 3]
[2, 5, 6, 4, 1, 7]
[2, 5, 6, 4, 1, 0]
[2, 5, 6, 4, 1, 3, 7]
0.48 0.5
itercount --------> 13
[2, 5, 1]
[2, 5, 6]
[2, 5, 4]
[2, 5, 3]
[2, 5, 0]
[2, 5, 7]
[2, 5, 1, 6]
[2, 5, 1, 4]
[2, 5, 1, 3]
[2, 5, 1, 0]
0.5 0.5217391304347826
itercount --------> 14
[2, 1, 5]
[2, 1, 0]
[2, 1, 3]
[2, 1, 6]
[2, 1, 4]
[2, 1, 7]
[2, 1, 5, 0]
[2, 1, 5, 3]
0.5217391304347826 0.5652173913043478
itercount --------> 15
[2, 1, 5]
[2, 1, 4]
[2, 1, 3]
[2, 1, 0]
[2, 1, 6]
[2, 1, 7]
[2, 1, 5, 4]
[2, 1, 5, 3]
[2, 1, 5, 0]
[2, 1, 5, 6]
[2, 1, 5, 7]
[2, 1, 5, 4, 3]
[2, 1, 5, 4, 0]
[2, 1, 5, 4, 6]
[2, 1, 5, 4, 7]
[2, 1, 5, 4, 3, 0]
[2, 1, 5, 4, 3, 6]
[2, 1, 5, 4, 3, 7]
0.5652173913043478 0.5909090909090909
itercount --------> 16
[2, 1, 4]
[2, 1, 0]
[2, 1, 3]
[2, 1, 5]
[2, 1, 6]
[2, 1, 7]
[2, 1, 4, 0]
[2, 1, 4, 3]
[2, 1, 4, 5]
[2, 1, 4, 6]
[2, 1, 4, 7]
[2, 1, 4, 0, 3]
0.5909090909090909 0.6190476190476191
itercount --------> 17
[2, 1, 0]
[2, 1, 3]
[2, 1, 4]
[2, 1, 5]
[2, 1, 6]
[2, 1, 7]
[2, 1, 0, 3]
[2, 1, 0, 4]
[2, 1, 0, 5]
[2, 1, 0, 6]
[2, 1, 0, 7]
[2, 1, 0, 3, 4]
[2, 1, 0, 3, 5]
[2, 1, 0, 3, 6]
[2, 1, 0, 3, 7]
[2, 1, 0, 3, 4, 5]
[2, 1, 0, 3, 4, 6]
[2, 1, 0, 3, 4, 7]
[2, 1, 0, 3, 4, 5, 6]
[2, 1, 0, 3, 4, 5, 7]
[2, 1, 0, 3, 4, 5, 6, 7]
failed -> 40 times
after fail n ======> 7
[5, 0, 1, 2, 3, 4, 6]
0.06060606060606061 0.06779661016949153
itercount --------> 1
[1, 2, 5]
0.06779661016949153 0.11428571428571428
itercount --------> 2
[5, 1, 2]
0.11428571428571428 0.17391304347826086
itercount --------> 3
[1, 2, 3]
0.17391304347826086 0.25
itercount --------> 4
[2, 1, 0]
0.25 0.2631578947368421
itercount --------> 5
[4, 0, 3]
[4, 0, 5]
[4, 0, 7]
0.2631578947368421 0.2777777777777778
itercount --------> 6
[4, 0, 3]
0.2777777777777778 0.35294117647058826
itercount --------> 7
[2, 0, 6]
[2, 0, 7]
[2, 0, 3]
0.35294117647058826 0.4117647058823529
itercount --------> 8
[4, 0, 3]
[4, 0, 7]
[4, 0, 5]
[4, 0, 1]
[4, 0, 2]
[4, 0, 6]
[4, 0, 3, 7]
[4, 0, 3, 5]
[4, 0, 3, 1]
[4, 0, 3, 2]
[4, 0, 3, 6]
[4, 0, 3, 7, 5]
[4, 0, 3, 7, 1]
[4, 0, 3, 7, 2]
[4, 0, 3, 7, 6]
0.4117647058823529 0.42105263157894735
itercount --------> 9
[6, 4, 0]
[6, 4, 5]
[6, 4, 7]
[6, 4, 1]
[6, 4, 2]
[6, 4, 3]
[6, 4, 0, 5]
[6, 4, 0, 7]
[6, 4, 0, 1]
[6, 4, 0, 2]
[6, 4, 0, 3]
0.42105263157894735 0.5
itercount --------> 10
[0, 4, 6]
[0, 4, 1]
[0, 4, 2]
[0, 4, 5]
[0, 4, 3]
[0, 4, 7]
[0, 4, 6, 1]
0.5 0.5238095238095238
itercount --------> 11
[4, 0, 3]
[4, 0, 6]
[4, 0, 5]
[4, 0, 1]
[4, 0, 2]
[4, 0, 7]
[4, 0, 3, 6]
[4, 0, 3, 5]
[4, 0, 3, 1]
[4, 0, 3, 2]
[4, 0, 3, 7]
[4, 0, 3, 6, 5]
[4, 0, 3, 6, 1]
[4, 0, 3, 6, 2]
[4, 0, 3, 6, 7]
[4, 0, 3, 6, 5, 1]
[4, 0, 3, 6, 5, 2]
[4, 0, 3, 6, 5, 7]
[4, 0, 3, 6, 5, 1, 2]
[4, 0, 3, 6, 5, 1, 7]
[4, 0, 3, 6, 5, 1, 2, 7]
failed -> 41 times
after fail n ======> 8
[5, 0, 1, 2, 3, 4, 6, 7]
0.06060606060606061 0.08695652173913043
itercount --------> 1
[5, 0, 2]
0.08695652173913043 0.09090909090909091
itercount --------> 2
[0, 7, 6]
0.09090909090909091 0.13043478260869565
itercount --------> 3
[0, 7, 4]
[0, 7, 2]
0.13043478260869565 0.13636363636363635
itercount --------> 4
[0, 2, 7]
0.13636363636363635 0.15789473684210525
itercount --------> 5
[0, 7, 2]
0.15789473684210525 0.17647058823529413
itercount --------> 6
[0, 7, 4]
0.17647058823529413 0.21052631578947367
itercount --------> 7
[1, 6, 7]
[1, 6, 0]
0.21052631578947367 0.2222222222222222
itercount --------> 8
[7, 1, 0]
0.2222222222222222 0.25
itercount --------> 9
[0, 7, 1]
[0, 7, 2]
[0, 7, 5]
[0, 7, 3]
[0, 7, 6]
[0, 7, 4]
0.25 0.2777777777777778
itercount --------> 10
[2, 4, 0]
[2, 4, 5]
[2, 4, 7]
[2, 4, 3]
0.2777777777777778 0.2857142857142857
itercount --------> 11
[2, 6, 0]
0.2857142857142857 0.3157894736842105
itercount --------> 12
[4, 2, 7]
[4, 2, 0]
[4, 2, 6]
[4, 2, 5]
[4, 2, 1]
0.3157894736842105 0.3333333333333333
itercount --------> 13
[7, 6, 4]
[7, 6, 0]
[7, 6, 1]
[7, 6, 2]
[7, 6, 5]
[7, 6, 3]
[7, 6, 4, 0]
0.3333333333333333 0.35
itercount --------> 14
[4, 0, 6]
[4, 0, 3]
[4, 0, 7]
[4, 0, 1]
[4, 0, 2]
[4, 0, 5]
0.35 0.3888888888888889
itercount --------> 15
[0, 4, 3]
[0, 4, 1]
[0, 4, 2]
[0, 4, 6]
[0, 4, 7]
[0, 4, 5]
[0, 4, 3, 1]
[0, 4, 3, 2]
[0, 4, 3, 6]
0.3888888888888889 0.42105263157894735
itercount --------> 16
[4, 0, 7]
[4, 0, 6]
[4, 0, 1]
[4, 0, 2]
[4, 0, 5]
[4, 0, 3]
[4, 0, 7, 6]
0.42105263157894735 0.45
itercount --------> 17
[0, 4, 6]
[0, 4, 1]
[0, 4, 2]
[0, 4, 3]
[0, 4, 5]
[0, 4, 7]
[0, 4, 6, 1]
[0, 4, 6, 2]
[0, 4, 6, 3]
0.45 0.47058823529411764
itercount --------> 18
[1, 2, 0]
[1, 2, 5]
[1, 2, 3]
[1, 2, 7]
[1, 2, 4]
[1, 2, 6]
[1, 2, 0, 5]
[1, 2, 0, 3]
[1, 2, 0, 7]
[1, 2, 0, 4]
[1, 2, 0, 6]
0.47058823529411764 0.5
itercount --------> 19
[1, 2, 0]
[1, 2, 5]
[1, 2, 3]
[1, 2, 7]
[1, 2, 4]
[1, 2, 6]
[1, 2, 0, 5]
[1, 2, 0, 3]
[1, 2, 0, 7]
[1, 2, 0, 4]
[1, 2, 0, 6]
[1, 2, 0, 5, 3]
[1, 2, 0, 5, 7]
[1, 2, 0, 5, 4]
[1, 2, 0, 5, 6]
[1, 2, 0, 5, 3, 7]
0.5 0.625
itercount --------> 20
[1, 2, 0]
[1, 2, 5]
[1, 2, 3]
[1, 2, 4]
[1, 2, 6]
[1, 2, 7]
[1, 2, 0, 5]
[1, 2, 0, 3]
[1, 2, 0, 4]
[1, 2, 0, 6]
[1, 2, 0, 7]
[1, 2, 0, 5, 3]
[1, 2, 0, 5, 4]
[1, 2, 0, 5, 6]
[1, 2, 0, 5, 7]
[1, 2, 0, 5, 3, 4]
[1, 2, 0, 5, 3, 6]
[1, 2, 0, 5, 3, 7]
[1, 2, 0, 5, 3, 4, 6]
[1, 2, 0, 5, 3, 4, 7]
[1, 2, 0, 5, 3, 4, 6, 7]
failed -> 42 times
after fail n ======> 5
[5, 0, 1, 2, 3]
0.06060606060606061 0.06818181818181818
itercount --------> 1
[1, 2, 3]
0.06818181818181818 0.10714285714285714
itercount --------> 2
[5, 3, 6]
0.10714285714285714 0.12903225806451613
itercount --------> 3
[5, 1, 2]
[5, 1, 4]
0.12903225806451613 0.28
itercount --------> 4
[5, 1, 2]
0.28 0.2916666666666667
itercount --------> 5
[5, 4, 3]
0.2916666666666667 0.3181818181818182
itercount --------> 6
[4, 3, 5]
0.3181818181818182 0.38095238095238093
itercount --------> 7
[4, 3, 5]
0.38095238095238093 0.43478260869565216
itercount --------> 8
[5, 1, 2]
[5, 1, 4]
[5, 1, 3]
[5, 1, 6]
[5, 1, 7]
[5, 1, 0]
[5, 1, 2, 4]
[5, 1, 2, 3]
0.43478260869565216 0.4583333333333333
itercount --------> 9
[5, 6, 1]
[5, 6, 2]
[5, 6, 4]
0.4583333333333333 0.5
itercount --------> 10
[5, 1, 2]
[5, 1, 4]
[5, 1, 6]
[5, 1, 7]
0.5 0.5217391304347826
itercount --------> 11
[5, 1, 2]
[5, 1, 4]
[5, 1, 6]
[5, 1, 7]
[5, 1, 3]
[5, 1, 0]
0.5217391304347826 0.5238095238095238
itercount --------> 12
[5, 4, 3]
[5, 4, 7]
[5, 4, 6]
[5, 4, 1]
[5, 4, 2]
[5, 4, 0]
[5, 4, 3, 7]
0.5238095238095238 0.5652173913043478
itercount --------> 13
[5, 4, 1]
[5, 4, 2]
[5, 4, 3]
[5, 4, 7]
[5, 4, 6]
[5, 4, 0]
[5, 4, 1, 2]
[5, 4, 1, 3]
[5, 4, 1, 7]
[5, 4, 1, 6]
[5, 4, 1, 0]
[5, 4, 1, 2, 3]
0.5652173913043478 0.5909090909090909
itercount --------> 14
[5, 4, 3]
[5, 4, 6]
[5, 4, 7]
[5, 4, 1]
[5, 4, 2]
[5, 4, 0]
[5, 4, 3, 6]
[5, 4, 3, 7]
[5, 4, 3, 1]
[5, 4, 3, 2]
[5, 4, 3, 0]
[5, 4, 3, 6, 7]
[5, 4, 3, 6, 1]
[5, 4, 3, 6, 2]
[5, 4, 3, 6, 0]
[5, 4, 3, 6, 7, 1]
[5, 4, 3, 6, 7, 2]
[5, 4, 3, 6, 7, 0]
[5, 4, 3, 6, 7, 1, 2]
[5, 4, 3, 6, 7, 1, 0]
[5, 4, 3, 6, 7, 1, 2, 0]
failed -> 43 times
after fail n ======> 6
[5, 0, 1, 2, 3, 4]
0.06060606060606061 0.075
itercount --------> 1
[5, 1, 2]
0.075 0.11538461538461539
itercount --------> 2
[5, 6, 0]
0.11538461538461539 0.1388888888888889
itercount --------> 3
[5, 1, 2]
0.1388888888888889 0.21739130434782608
itercount --------> 4
[1, 2, 5]
[1, 2, 6]
[1, 2, 7]
0.21739130434782608 0.3333333333333333
itercount --------> 5
[6, 4, 1]
[6, 4, 2]
0.3333333333333333 0.3793103448275862
itercount --------> 6
[2, 1, 3]
0.3793103448275862 0.39285714285714285
itercount --------> 7
[2, 1, 3]
[2, 1, 0]
0.39285714285714285 0.42857142857142855
itercount --------> 8
[2, 3, 0]
0.42857142857142855 0.43478260869565216
itercount --------> 9
[3, 0, 1]
0.43478260869565216 0.47368421052631576
itercount --------> 10
[0, 3, 4]
[0, 3, 1]
[0, 3, 2]
[0, 3, 5]
[0, 3, 6]
[0, 3, 7]
[0, 3, 4, 1]
[0, 3, 4, 2]
[0, 3, 4, 5]
[0, 3, 4, 6]
[0, 3, 4, 7]
[0, 3, 4, 1, 2]
[0, 3, 4, 1, 5]
[0, 3, 4, 1, 6]
0.47368421052631576 0.5238095238095238
itercount --------> 11
[4, 0, 3]
[4, 0, 6]
[4, 0, 5]
[4, 0, 1]
[4, 0, 2]
[4, 0, 7]
[4, 0, 3, 6]
[4, 0, 3, 5]
[4, 0, 3, 1]
[4, 0, 3, 2]
[4, 0, 3, 7]
[4, 0, 3, 6, 5]
[4, 0, 3, 6, 1]
[4, 0, 3, 6, 2]
[4, 0, 3, 6, 7]
[4, 0, 3, 6, 5, 1]
0.5238095238095238 0.5454545454545454
itercount --------> 12
[3, 4, 0]
[3, 4, 5]
[3, 4, 6]
[3, 4, 1]
[3, 4, 2]
[3, 4, 7]
[3, 4, 0, 5]
[3, 4, 0, 6]
[3, 4, 0, 1]
[3, 4, 0, 2]
[3, 4, 0, 7]
[3, 4, 0, 5, 6]
[3, 4, 0, 5, 1]
[3, 4, 0, 5, 2]
[3, 4, 0, 5, 7]
[3, 4, 0, 5, 6, 1]
[3, 4, 0, 5, 6, 2]
[3, 4, 0, 5, 6, 7]
[3, 4, 0, 5, 6, 1, 2]
[3, 4, 0, 5, 6, 1, 7]
0.5454545454545454 0.5714285714285714
itercount --------> 13
[4, 0, 3]
[4, 0, 6]
[4, 0, 5]
[4, 0, 1]
[4, 0, 2]
[4, 0, 7]
[4, 0, 3, 6]
[4, 0, 3, 5]
[4, 0, 3, 1]
[4, 0, 3, 2]
[4, 0, 3, 7]
[4, 0, 3, 6, 5]
[4, 0, 3, 6, 1]
[4, 0, 3, 6, 2]
[4, 0, 3, 6, 7]
[4, 0, 3, 6, 5, 1]
[4, 0, 3, 6, 5, 2]
[4, 0, 3, 6, 5, 7]
[4, 0, 3, 6, 5, 1, 2]
[4, 0, 3, 6, 5, 1, 7]
[4, 0, 3, 6, 5, 1, 2, 7]
failed -> 44 times
after fail n ======> 7
[5, 0, 1, 2, 3, 4, 6]
0.06060606060606061 0.075
itercount --------> 1
[5, 1, 2]
0.075 0.15789473684210525
itercount --------> 2
[1, 2, 5]
[1, 2, 0]
[1, 2, 3]
0.15789473684210525 0.2631578947368421
itercount --------> 3
[1, 2, 5]
[1, 2, 0]
[1, 2, 3]
0.2631578947368421 0.2727272727272727
itercount --------> 4
[6, 1, 2]
0.2727272727272727 0.3333333333333333
itercount --------> 5
[1, 2, 5]
[1, 2, 6]
[1, 2, 3]
0.3333333333333333 0.375
itercount --------> 6
[1, 2, 3]
[1, 2, 5]
[1, 2, 7]
[1, 2, 4]
[1, 2, 6]
0.375 0.4090909090909091
itercount --------> 7
[2, 1, 5]
[2, 1, 6]
[2, 1, 3]
[2, 1, 7]
[2, 1, 4]
[2, 1, 0]
[2, 1, 5, 6]
0.4090909090909091 0.42857142857142855
itercount --------> 8
[1, 2, 3]
[1, 2, 7]
[1, 2, 5]
[1, 2, 6]
[1, 2, 0]
[1, 2, 4]
[1, 2, 3, 7]
[1, 2, 3, 5]
0.42857142857142855 0.45
itercount --------> 9
[5, 3, 1]
[5, 3, 2]
[5, 3, 4]
[5, 3, 6]
[5, 3, 7]
[5, 3, 0]
[5, 3, 1, 2]
[5, 3, 1, 4]
[5, 3, 1, 6]
[5, 3, 1, 7]
0.45 0.47368421052631576
itercount --------> 10
[1, 3, 6]
[1, 3, 5]
[1, 3, 2]
[1, 3, 4]
[1, 3, 7]
[1, 3, 0]
[1, 3, 6, 5]
[1, 3, 6, 2]
[1, 3, 6, 4]
[1, 3, 6, 7]
[1, 3, 6, 0]
[1, 3, 6, 5, 2]
[1, 3, 6, 5, 4]
[1, 3, 6, 5, 7]
[1, 3, 6, 5, 0]
[1, 3, 6, 5, 2, 4]
[1, 3, 6, 5, 2, 7]
0.47368421052631576 0.48
itercount --------> 11
[5, 1, 2]
[5, 1, 4]
[5, 1, 6]
[5, 1, 3]
0.48 0.5
itercount --------> 12
[1, 5, 2]
[1, 5, 4]
[1, 5, 3]
[1, 5, 6]
[1, 5, 0]
[1, 5, 7]
[1, 5, 2, 4]
[1, 5, 2, 3]
0.5 0.5714285714285714
itercount --------> 13
[1, 5, 2]
[1, 5, 3]
[1, 5, 4]
[1, 5, 6]
[1, 5, 7]
[1, 5, 0]
[1, 5, 2, 3]
[1, 5, 2, 4]
[1, 5, 2, 6]
[1, 5, 2, 7]
[1, 5, 2, 0]
[1, 5, 2, 3, 4]
[1, 5, 2, 3, 6]
[1, 5, 2, 3, 7]
[1, 5, 2, 3, 0]
[1, 5, 2, 3, 4, 6]
[1, 5, 2, 3, 4, 7]
[1, 5, 2, 3, 4, 0]
[1, 5, 2, 3, 4, 6, 7]
0.5714285714285714 0.5789473684210527
itercount --------> 14
[1, 4, 5]
[1, 4, 7]
[1, 4, 2]
[1, 4, 6]
[1, 4, 0]
[1, 4, 3]
[1, 4, 5, 7]
[1, 4, 5, 2]
[1, 4, 5, 6]
[1, 4, 5, 0]
[1, 4, 5, 3]
[1, 4, 5, 7, 2]
0.5789473684210527 0.6
itercount --------> 15
[1, 4, 5]
[1, 4, 6]
[1, 4, 2]
[1, 4, 3]
[1, 4, 7]
[1, 4, 0]
[1, 4, 5, 6]
[1, 4, 5, 2]
[1, 4, 5, 3]
[1, 4, 5, 7]
[1, 4, 5, 0]
[1, 4, 5, 6, 2]
[1, 4, 5, 6, 3]
[1, 4, 5, 6, 7]
[1, 4, 5, 6, 0]
[1, 4, 5, 6, 2, 3]
[1, 4, 5, 6, 2, 7]
[1, 4, 5, 6, 2, 0]
[1, 4, 5, 6, 2, 3, 7]
0.6 0.6666666666666666
itercount --------> 16
[1, 4, 5]
[1, 4, 6]
[1, 4, 2]
[1, 4, 3]
[1, 4, 7]
[1, 4, 0]
[1, 4, 5, 6]
[1, 4, 5, 2]
[1, 4, 5, 3]
[1, 4, 5, 7]
[1, 4, 5, 0]
[1, 4, 5, 6, 2]
[1, 4, 5, 6, 3]
[1, 4, 5, 6, 7]
[1, 4, 5, 6, 0]
[1, 4, 5, 6, 2, 3]
[1, 4, 5, 6, 2, 7]
[1, 4, 5, 6, 2, 0]
[1, 4, 5, 6, 2, 3, 7]
[1, 4, 5, 6, 2, 3, 0]
[1, 4, 5, 6, 2, 3, 7, 0]
failed -> 45 times
after fail n ======> 8
[5, 0, 1, 2, 3, 4, 6, 7]
0.06060606060606061 0.075
itercount --------> 1
[5, 1, 2]
0.075 0.15789473684210525
itercount --------> 2
[1, 2, 5]
[1, 2, 0]
[1, 2, 3]
0.15789473684210525 0.22727272727272727
itercount --------> 3
[2, 6, 1]
[2, 6, 3]
0.22727272727272727 0.3181818181818182
itercount --------> 4
[2, 1, 5]
[2, 1, 7]
[2, 1, 3]
[2, 1, 4]
0.3181818181818182 0.32
itercount --------> 5
[1, 2, 5]
0.32 0.391304347826087
itercount --------> 6
[1, 2, 5]
[1, 2, 3]
[1, 2, 6]
[1, 2, 7]
[1, 2, 4]
[1, 2, 0]
0.391304347826087 0.4
itercount --------> 7
[2, 1, 0]
[2, 1, 5]
[2, 1, 4]
[2, 1, 7]
[2, 1, 3]
[2, 1, 6]
[2, 1, 0, 5]
[2, 1, 0, 4]
[2, 1, 0, 7]
[2, 1, 0, 3]
[2, 1, 0, 6]
[2, 1, 0, 5, 4]
[2, 1, 0, 5, 7]
[2, 1, 0, 5, 3]
[2, 1, 0, 5, 6]
[2, 1, 0, 5, 4, 7]
0.4 0.42105263157894735
itercount --------> 8
[2, 1, 0]
[2, 1, 5]
[2, 1, 4]
[2, 1, 7]
[2, 1, 3]
[2, 1, 6]
[2, 1, 0, 5]
[2, 1, 0, 4]
[2, 1, 0, 7]
[2, 1, 0, 3]
[2, 1, 0, 6]
[2, 1, 0, 5, 4]
[2, 1, 0, 5, 7]
[2, 1, 0, 5, 3]
[2, 1, 0, 5, 6]
[2, 1, 0, 5, 4, 7]
[2, 1, 0, 5, 4, 3]
[2, 1, 0, 5, 4, 6]
[2, 1, 0, 5, 4, 7, 3]
[2, 1, 0, 5, 4, 7, 6]
[2, 1, 0, 5, 4, 7, 3, 6]
0.42105263157894735 0.4230769230769231
itercount --------> 9
[1, 2, 4]
0.4230769230769231 0.45454545454545453
itercount --------> 10
[2, 1, 5]
[2, 1, 4]
[2, 1, 6]
[2, 1, 7]
[2, 1, 0]
0.45454545454545453 0.5
itercount --------> 11
[2, 0, 1]
[2, 0, 4]
[2, 0, 5]
[2, 0, 3]
[2, 0, 7]
0.5 0.5263157894736842
itercount --------> 12
[0, 2, 1]
[0, 2, 3]
[0, 2, 4]
[0, 2, 5]
[0, 2, 7]
[0, 2, 6]
[0, 2, 1, 3]
[0, 2, 1, 4]
[0, 2, 1, 5]
0.5263157894736842 0.5555555555555556
itercount --------> 13
[0, 2, 4]
0.5555555555555556 0.5882352941176471
itercount --------> 14
[0, 4, 1]
[0, 4, 2]
[0, 4, 3]
[0, 4, 5]
[0, 4, 7]
[0, 4, 6]
[0, 4, 1, 2]
[0, 4, 1, 3]
[0, 4, 1, 5]
[0, 4, 1, 7]
[0, 4, 1, 6]
[0, 4, 1, 2, 3]
[0, 4, 1, 2, 5]
[0, 4, 1, 2, 7]
[0, 4, 1, 2, 6]
[0, 4, 1, 2, 3, 5]
[0, 4, 1, 2, 3, 7]
[0, 4, 1, 2, 3, 6]
[0, 4, 1, 2, 3, 5, 7]
[0, 4, 1, 2, 3, 5, 6]
[0, 4, 1, 2, 3, 5, 7, 6]
failed -> 46 times
after fail n ======> 5
[5, 0, 1, 2, 3]
0.06060606060606061 0.06818181818181818
itercount --------> 1
[1, 2, 3]
0.06818181818181818 0.1
itercount --------> 2
[5, 3, 6]
0.1 0.12903225806451613
itercount --------> 3
[5, 3, 2]
0.12903225806451613 0.19230769230769232
itercount --------> 4
[5, 4, 2]
[5, 4, 3]
0.19230769230769232 0.28
itercount --------> 5
[5, 2, 3]
0.28 0.375
itercount --------> 6
[5, 3, 4]
0.375 0.44
itercount --------> 7
[5, 3, 4]
[5, 3, 1]
0.44 0.4782608695652174
itercount --------> 8
[5, 4, 6]
[5, 4, 1]
[5, 4, 2]
[5, 4, 3]
[5, 4, 7]
[5, 4, 0]
[5, 4, 6, 1]
[5, 4, 6, 2]
[5, 4, 6, 3]
0.4782608695652174 0.5
itercount --------> 9
[5, 1, 2]
[5, 1, 4]
[5, 1, 6]
[5, 1, 7]
0.5 0.5217391304347826
itercount --------> 10
[5, 1, 2]
[5, 1, 4]
[5, 1, 6]
[5, 1, 7]
[5, 1, 3]
[5, 1, 0]
0.5217391304347826 0.5238095238095238
itercount --------> 11
[5, 4, 3]
[5, 4, 7]
[5, 4, 6]
[5, 4, 1]
[5, 4, 2]
[5, 4, 0]
[5, 4, 3, 7]
0.5238095238095238 0.5833333333333334
itercount --------> 12
[5, 4, 1]
[5, 4, 2]
[5, 4, 3]
[5, 4, 6]
[5, 4, 0]
0.5833333333333334 0.5882352941176471
itercount --------> 13
[1, 2, 5]
[1, 2, 0]
[1, 2, 3]
[1, 2, 4]
[1, 2, 7]
[1, 2, 6]
[1, 2, 5, 0]
0.5882352941176471 0.6
itercount --------> 14
[5, 0, 1]
[5, 0, 2]
[5, 0, 4]
[5, 0, 6]
[5, 0, 3]
[5, 0, 7]
[5, 0, 1, 2]
0.6 0.631578947368421
itercount --------> 15
[5, 0, 4]
[5, 0, 1]
[5, 0, 2]
[5, 0, 6]
[5, 0, 3]
[5, 0, 7]
[5, 0, 4, 1]
[5, 0, 4, 2]
[5, 0, 4, 6]
[5, 0, 4, 3]
[5, 0, 4, 7]
[5, 0, 4, 1, 2]
[5, 0, 4, 1, 6]
[5, 0, 4, 1, 3]
[5, 0, 4, 1, 7]
[5, 0, 4, 1, 2, 6]
[5, 0, 4, 1, 2, 3]
[5, 0, 4, 1, 2, 7]
[5, 0, 4, 1, 2, 6, 3]
[5, 0, 4, 1, 2, 6, 7]
[5, 0, 4, 1, 2, 6, 3, 7]
failed -> 47 times
after fail n ======> 6
[5, 0, 1, 2, 3, 4]
0.06060606060606061 0.08695652173913043
itercount --------> 1
[5, 0, 3]
0.08695652173913043 0.09523809523809523
itercount --------> 2
[0, 5, 3]
0.09523809523809523 0.125
itercount --------> 3
[0, 5, 4]
0.125 0.12903225806451613
itercount --------> 4
[0, 5, 1]
0.12903225806451613 0.19047619047619047
itercount --------> 5
[0, 4, 1]
[0, 4, 2]
[0, 4, 5]
0.19047619047619047 0.21052631578947367
itercount --------> 6
[5, 0, 3]
[5, 0, 6]
0.21052631578947367 0.2222222222222222
itercount --------> 7
[3, 5, 0]
0.2222222222222222 0.22580645161290322
itercount --------> 8
[5, 0, 1]
0.22580645161290322 0.2857142857142857
itercount --------> 9
[1, 2, 5]
[1, 2, 0]
[1, 2, 4]
[1, 2, 3]
[1, 2, 6]
[1, 2, 7]
0.2857142857142857 0.3157894736842105
itercount --------> 10
[3, 4, 0]
[3, 4, 5]
0.3157894736842105 0.3333333333333333
itercount --------> 11
[3, 0, 4]
[3, 0, 5]
[3, 0, 7]
[3, 0, 1]
[3, 0, 2]
[3, 0, 6]
0.3333333333333333 0.3888888888888889
itercount --------> 12
[3, 0, 1]
[3, 0, 2]
[3, 0, 4]
[3, 0, 5]
[3, 0, 7]
[3, 0, 6]
[3, 0, 1, 2]
[3, 0, 1, 4]
[3, 0, 1, 5]
[3, 0, 1, 7]
0.3888888888888889 0.42105263157894735
itercount --------> 13
[4, 0, 7]
0.42105263157894735 0.45
itercount --------> 14
[0, 4, 6]
[0, 4, 1]
[0, 4, 2]
[0, 4, 3]
[0, 4, 5]
[0, 4, 7]
[0, 4, 6, 1]
[0, 4, 6, 2]
[0, 4, 6, 3]
0.45 0.47058823529411764
itercount --------> 15
[1, 2, 0]
[1, 2, 5]
[1, 2, 3]
[1, 2, 7]
[1, 2, 4]
[1, 2, 6]
[1, 2, 0, 5]
0.47058823529411764 0.5
itercount --------> 16
[0, 1, 2]
[0, 1, 3]
[0, 1, 6]
[0, 1, 7]
[0, 1, 5]
[0, 1, 4]
[0, 1, 2, 3]
0.5 0.5909090909090909
itercount --------> 17
[0, 1, 2]
[0, 1, 6]
[0, 1, 5]
[0, 1, 4]
[0, 1, 3]
[0, 1, 7]
[0, 1, 2, 6]
0.5909090909090909 0.6666666666666666
itercount --------> 18
[1, 2, 5]
[1, 2, 0]
[1, 2, 6]
[1, 2, 3]
[1, 2, 4]
[1, 2, 7]
[1, 2, 5, 0]
[1, 2, 5, 6]
[1, 2, 5, 3]
[1, 2, 5, 4]
[1, 2, 5, 7]
[1, 2, 5, 0, 6]
[1, 2, 5, 0, 3]
[1, 2, 5, 0, 4]
[1, 2, 5, 0, 7]
[1, 2, 5, 0, 6, 3]
[1, 2, 5, 0, 6, 4]
[1, 2, 5, 0, 6, 7]
[1, 2, 5, 0, 6, 3, 4]
[1, 2, 5, 0, 6, 3, 7]
[1, 2, 5, 0, 6, 3, 4, 7]
failed -> 48 times
after fail n ======> 7
[5, 0, 1, 2, 3, 4, 6]
0.06060606060606061 0.08333333333333333
itercount --------> 1
[5, 1, 0]
0.08333333333333333 0.125
itercount --------> 2
[1, 2, 0]
[1, 2, 5]
0.125 0.14814814814814814
itercount --------> 3
[1, 0, 2]
[1, 0, 3]
[1, 0, 4]
[1, 0, 6]
[1, 0, 5]
[1, 0, 7]
0.14814814814814814 0.16
itercount --------> 4
[2, 6, 1]
0.16 0.22580645161290322
itercount --------> 5
[2, 1, 7]
0.22580645161290322 0.4
itercount --------> 6
[1, 4, 7]
[1, 4, 2]
[1, 4, 5]
0.4 0.42105263157894735
itercount --------> 7
[4, 7, 1]
[4, 7, 2]
[4, 7, 6]
0.42105263157894735 0.42857142857142855
itercount --------> 8
[4, 1, 2]
0.42857142857142855 0.45
itercount --------> 9
[4, 3, 1]
0.45 0.47368421052631576
itercount --------> 10
[6, 1, 2]
[6, 1, 4]
[6, 1, 5]
0.47368421052631576 0.5
itercount --------> 11
[6, 4, 1]
[6, 4, 2]
[6, 4, 5]
[6, 4, 0]
[6, 4, 7]
[6, 4, 3]
[6, 4, 1, 2]
[6, 4, 1, 5]
[6, 4, 1, 0]
[6, 4, 1, 7]
[6, 4, 1, 3]
[6, 4, 1, 2, 5]
[6, 4, 1, 2, 0]
[6, 4, 1, 2, 7]
[6, 4, 1, 2, 3]
[6, 4, 1, 2, 5, 0]
[6, 4, 1, 2, 5, 7]
[6, 4, 1, 2, 5, 3]
[6, 4, 1, 2, 5, 0, 7]
[6, 4, 1, 2, 5, 0, 3]
[6, 4, 1, 2, 5, 0, 7, 3]
failed -> 49 times
after fail n ======> 8
[5, 0, 1, 2, 3, 4, 6, 7]
0.06060606060606061 0.06451612903225806
itercount --------> 1
[5, 1, 4]
0.06451612903225806 0.08695652173913043
itercount --------> 2
[1, 2, 0]
0.08695652173913043 0.10526315789473684
itercount --------> 3
[1, 5, 0]
0.10526315789473684 0.1111111111111111
itercount --------> 4
[1, 2, 0]
[1, 2, 4]
0.1111111111111111 0.2
itercount --------> 5
[1, 3, 7]
0.2 0.35
itercount --------> 6
[1, 2, 7]
0.35 0.36363636363636365
itercount --------> 7
[2, 1, 4]
[2, 1, 7]
[2, 1, 6]
[2, 1, 3]
[2, 1, 5]
0.36363636363636365 0.4
itercount --------> 8
[1, 7, 4]
[1, 7, 6]
[1, 7, 2]
[1, 7, 3]
[1, 7, 5]
[1, 7, 0]
[1, 7, 4, 6]
0.4 0.42105263157894735
itercount --------> 9
[4, 1, 3]
[4, 1, 7]
[4, 1, 2]
[4, 1, 5]
[4, 1, 0]
[4, 1, 6]
[4, 1, 3, 7]
[4, 1, 3, 2]
0.42105263157894735 0.4444444444444444
itercount --------> 10
[1, 6, 4]
[1, 6, 0]
[1, 6, 2]
[1, 6, 3]
[1, 6, 5]
0.4444444444444444 0.45
itercount --------> 11
[1, 6, 2]
[1, 6, 4]
[1, 6, 5]
[1, 6, 0]
[1, 6, 3]
[1, 6, 7]
[1, 6, 2, 4]
[1, 6, 2, 5]
[1, 6, 2, 0]
[1, 6, 2, 3]
[1, 6, 2, 7]
[1, 6, 2, 4, 5]
0.45 0.47368421052631576
itercount --------> 12
[6, 1, 4]
[6, 1, 2]
[6, 1, 0]
[6, 1, 5]
[6, 1, 3]
[6, 1, 7]
[6, 1, 4, 2]
[6, 1, 4, 0]
[6, 1, 4, 5]
[6, 1, 4, 3]
[6, 1, 4, 7]
[6, 1, 4, 2, 0]
[6, 1, 4, 2, 5]
[6, 1, 4, 2, 3]
[6, 1, 4, 2, 7]
[6, 1, 4, 2, 0, 5]
0.47368421052631576 0.5
itercount --------> 13
[6, 1, 2]
[6, 1, 4]
[6, 1, 0]
[6, 1, 5]
[6, 1, 3]
[6, 1, 7]
[6, 1, 2, 4]
[6, 1, 2, 0]
[6, 1, 2, 5]
[6, 1, 2, 3]
[6, 1, 2, 7]
[6, 1, 2, 4, 0]
[6, 1, 2, 4, 5]
[6, 1, 2, 4, 3]
[6, 1, 2, 4, 7]
[6, 1, 2, 4, 0, 5]
[6, 1, 2, 4, 0, 3]
[6, 1, 2, 4, 0, 7]
[6, 1, 2, 4, 0, 5, 3]
[6, 1, 2, 4, 0, 5, 7]
[6, 1, 2, 4, 0, 5, 3, 7]
failed -> 50 times
after fail n ======> 5
Runs with the maximum attractor JI -> [34]
