{3: 24, 6: 22, 1: 20, 2: 20, 5: 17, 7: 16, 4: 14, 0: 13}
[3, 6, 1]
0.08 0.10526315789473684
itercount --------> 1
[3, 6, 2]
0.10526315789473684 0.125
itercount --------> 2
[1, 2, 0]
[1, 2, 6]
[1, 2, 3]
[1, 2, 5]
[1, 2, 7]
[1, 2, 4]
0.125 0.1875
itercount --------> 3
[1, 2, 0]
[1, 2, 5]
[1, 2, 3]
[1, 2, 6]
[1, 2, 7]
[1, 2, 4]
[1, 2, 0, 5]
[1, 2, 0, 3]
[1, 2, 0, 6]
0.1875 0.2
itercount --------> 4
[3, 0, 1]
[3, 0, 6]
0.2 0.25
itercount --------> 5
[3, 1, 4]
[3, 1, 0]
0.25 0.2777777777777778
itercount --------> 6
[3, 4, 0]
[3, 4, 1]
[3, 4, 2]
[3, 4, 7]
[3, 4, 5]
[3, 4, 6]
[3, 4, 0, 1]
0.2777777777777778 0.29411764705882354
itercount --------> 7
[3, 4, 0]
[3, 4, 7]
[3, 4, 1]
[3, 4, 2]
[3, 4, 5]
[3, 4, 6]
[3, 4, 0, 7]
[3, 4, 0, 1]
[3, 4, 0, 2]
[3, 4, 0, 5]
[3, 4, 0, 6]
[3, 4, 0, 7, 1]
[3, 4, 0, 7, 2]
[3, 4, 0, 7, 5]
[3, 4, 0, 7, 6]
[3, 4, 0, 7, 1, 2]
[3, 4, 0, 7, 1, 5]
[3, 4, 0, 7, 1, 6]
[3, 4, 0, 7, 1, 2, 5]
0.29411764705882354 0.32
itercount --------> 8
[4, 0, 5]
[4, 0, 2]
0.32 0.36363636363636365
itercount --------> 9
[0, 3, 5]
[0, 3, 1]
[0, 3, 4]
[0, 3, 7]
[0, 3, 2]
[0, 3, 6]
[0, 3, 5, 1]
0.36363636363636365 0.3684210526315789
itercount --------> 10
[3, 0, 1]
0.3684210526315789 0.4117647058823529
itercount --------> 11
[3, 0, 4]
[3, 0, 7]
[3, 0, 5]
[3, 0, 1]
[3, 0, 2]
[3, 0, 6]
[3, 0, 4, 7]
[3, 0, 4, 5]
[3, 0, 4, 1]
[3, 0, 4, 2]
0.4117647058823529 0.5238095238095238
itercount --------> 12
[4, 0, 3]
[4, 0, 6]
[4, 0, 5]
[4, 0, 1]
[4, 0, 2]
[4, 0, 7]
[4, 0, 3, 6]
[4, 0, 3, 5]
[4, 0, 3, 1]
[4, 0, 3, 2]
[4, 0, 3, 7]
[4, 0, 3, 6, 5]
[4, 0, 3, 6, 1]
[4, 0, 3, 6, 2]
[4, 0, 3, 6, 7]
[4, 0, 3, 6, 5, 1]
[4, 0, 3, 6, 5, 2]
[4, 0, 3, 6, 5, 7]
[4, 0, 3, 6, 5, 1, 2]
[4, 0, 3, 6, 5, 1, 7]
[4, 0, 3, 6, 5, 1, 2, 7]
failed Once
after fail n ======> 4
[3, 6, 1, 2]
0.08 0.09375
itercount --------> 1
[6, 1, 2]
0.09375 0.14705882352941177
itercount --------> 2
[1, 2, 4]
0.14705882352941177 0.1875
itercount --------> 3
[2, 1, 5]
0.1875 0.2222222222222222
itercount --------> 4
[5, 6, 2]
[5, 6, 1]
0.2222222222222222 0.3076923076923077
itercount --------> 5
[2, 3, 1]
0.3076923076923077 0.3103448275862069
itercount --------> 6
[2, 3, 1]
[2, 3, 7]
[2, 3, 4]
[2, 3, 6]
[2, 3, 5]
[2, 3, 0]
[2, 3, 1, 7]
0.3103448275862069 0.43478260869565216
itercount --------> 7
[1, 2, 3]
[1, 2, 4]
[1, 2, 7]
[1, 2, 6]
[1, 2, 0]
[1, 2, 5]
[1, 2, 3, 4]
[1, 2, 3, 7]
0.43478260869565216 0.4782608695652174
itercount --------> 8
[1, 2, 3]
[1, 2, 4]
[1, 2, 6]
[1, 2, 7]
[1, 2, 0]
[1, 2, 5]
0.4782608695652174 0.48
itercount --------> 9
[1, 2, 3]
[1, 2, 4]
[1, 2, 7]
[1, 2, 6]
[1, 2, 0]
[1, 2, 5]
[1, 2, 3, 4]
[1, 2, 3, 7]
[1, 2, 3, 6]
0.48 0.5
itercount --------> 10
[2, 1, 3]
[2, 1, 4]
[2, 1, 6]
[2, 1, 7]
[2, 1, 5]
[2, 1, 0]
[2, 1, 3, 4]
[2, 1, 3, 6]
[2, 1, 3, 7]
[2, 1, 3, 5]
[2, 1, 3, 0]
[2, 1, 3, 4, 6]
0.5 0.52
itercount --------> 11
[2, 1, 4]
[2, 1, 3]
[2, 1, 6]
[2, 1, 7]
[2, 1, 5]
[2, 1, 0]
0.52 0.5294117647058824
itercount --------> 12
[1, 2, 0]
[1, 2, 5]
[1, 2, 4]
[1, 2, 7]
[1, 2, 3]
[1, 2, 6]
[1, 2, 0, 5]
[1, 2, 0, 4]
[1, 2, 0, 7]
[1, 2, 0, 3]
[1, 2, 0, 6]
[1, 2, 0, 5, 4]
[1, 2, 0, 5, 7]
0.5294117647058824 0.5625
itercount --------> 13
[1, 2, 0]
[1, 2, 5]
[1, 2, 4]
[1, 2, 7]
[1, 2, 3]
[1, 2, 6]
[1, 2, 0, 5]
[1, 2, 0, 4]
[1, 2, 0, 7]
[1, 2, 0, 3]
[1, 2, 0, 6]
[1, 2, 0, 5, 4]
[1, 2, 0, 5, 7]
[1, 2, 0, 5, 3]
[1, 2, 0, 5, 6]
[1, 2, 0, 5, 4, 7]
0.5625 0.625
itercount --------> 14
[1, 2, 0]
[1, 2, 5]
[1, 2, 3]
[1, 2, 4]
[1, 2, 6]
[1, 2, 7]
[1, 2, 0, 5]
[1, 2, 0, 3]
[1, 2, 0, 4]
[1, 2, 0, 6]
[1, 2, 0, 7]
[1, 2, 0, 5, 3]
[1, 2, 0, 5, 4]
[1, 2, 0, 5, 6]
[1, 2, 0, 5, 7]
[1, 2, 0, 5, 3, 4]
[1, 2, 0, 5, 3, 6]
[1, 2, 0, 5, 3, 7]
[1, 2, 0, 5, 3, 4, 6]
[1, 2, 0, 5, 3, 4, 7]
[1, 2, 0, 5, 3, 4, 6, 7]
failed -> 2 times
after fail n ======> 5
[3, 6, 1, 2, 5]
0.08 0.125
itercount --------> 1
[1, 2, 0]
[1, 2, 6]
0.125 0.16666666666666666
itercount --------> 2
[1, 2, 7]
[1, 2, 0]
0.16666666666666666 0.2222222222222222
itercount --------> 3
[1, 2, 7]
[1, 2, 3]
0.2222222222222222 0.25
itercount --------> 4
[4, 3, 6]
0.25 0.2777777777777778
itercount --------> 5
[4, 3, 7]
[4, 3, 0]
0.2777777777777778 0.3157894736842105
itercount --------> 6
[4, 7, 6]
[4, 7, 1]
[4, 7, 2]
[4, 7, 0]
[4, 7, 3]
0.3157894736842105 0.36363636363636365
itercount --------> 7
[6, 4, 0]
[6, 4, 1]
[6, 4, 2]
[6, 4, 5]
[6, 4, 7]
[6, 4, 3]
[6, 4, 0, 1]
[6, 4, 0, 2]
[6, 4, 0, 5]
0.36363636363636365 0.3684210526315789
itercount --------> 8
[1, 2, 3]
0.3684210526315789 0.375
itercount --------> 9
[2, 3, 0]
0.375 0.4090909090909091
itercount --------> 10
[1, 2, 3]
[1, 2, 4]
[1, 2, 0]
0.4090909090909091 0.5
itercount --------> 11
[3, 0, 4]
[3, 0, 6]
0.5 0.5238095238095238
itercount --------> 12
[4, 0, 3]
[4, 0, 6]
[4, 0, 5]
[4, 0, 1]
[4, 0, 2]
[4, 0, 7]
[4, 0, 3, 6]
[4, 0, 3, 5]
[4, 0, 3, 1]
[4, 0, 3, 2]
[4, 0, 3, 7]
[4, 0, 3, 6, 5]
[4, 0, 3, 6, 1]
[4, 0, 3, 6, 2]
[4, 0, 3, 6, 7]
[4, 0, 3, 6, 5, 1]
[4, 0, 3, 6, 5, 2]
[4, 0, 3, 6, 5, 7]
[4, 0, 3, 6, 5, 1, 2]
[4, 0, 3, 6, 5, 1, 7]
[4, 0, 3, 6, 5, 1, 2, 7]
failed -> 3 times
after fail n ======> 6
[3, 6, 1, 2, 5, 7]
0.08 0.10526315789473684
itercount --------> 1
[5, 0, 3]
[5, 0, 6]
[5, 0, 7]
[5, 0, 1]
0.10526315789473684 0.125
itercount --------> 2
[1, 2, 0]
[1, 2, 6]
0.125 0.16666666666666666
itercount --------> 3
[1, 2, 3]
0.16666666666666666 0.19047619047619047
itercount --------> 4
[6, 2, 7]
0.19047619047619047 0.2857142857142857
itercount --------> 5
[2, 7, 4]
[2, 7, 1]
0.2857142857142857 0.3157894736842105
itercount --------> 6
[2, 1, 4]
0.3157894736842105 0.3684210526315789
itercount --------> 7
[2, 1, 3]
[2, 1, 6]
[2, 1, 4]
[2, 1, 0]
[2, 1, 7]
[2, 1, 5]
0.3684210526315789 0.4
itercount --------> 8
[1, 2, 3]
0.4 0.42857142857142855
itercount --------> 9
[1, 3, 6]
[1, 3, 2]
0.42857142857142855 0.45
itercount --------> 10
[1, 3, 2]
[1, 3, 6]
[1, 3, 0]
[1, 3, 7]
[1, 3, 4]
[1, 3, 5]
[1, 3, 2, 6]
[1, 3, 2, 0]
[1, 3, 2, 7]
[1, 3, 2, 4]
[1, 3, 2, 5]
[1, 3, 2, 6, 0]
[1, 3, 2, 6, 7]
0.45 0.48
itercount --------> 11
[1, 2, 3]
[1, 2, 4]
[1, 2, 7]
[1, 2, 6]
[1, 2, 0]
[1, 2, 5]
[1, 2, 3, 4]
[1, 2, 3, 7]
[1, 2, 3, 6]
0.48 0.5
itercount --------> 12
[2, 1, 3]
[2, 1, 4]
[2, 1, 6]
[2, 1, 7]
[2, 1, 5]
[2, 1, 0]
[2, 1, 3, 4]
0.5 0.5238095238095238
itercount --------> 13
[1, 2, 3]
[1, 2, 4]
[1, 2, 0]
[1, 2, 5]
[1, 2, 6]
[1, 2, 7]
[1, 2, 3, 4]
[1, 2, 3, 0]
[1, 2, 3, 5]
[1, 2, 3, 6]
[1, 2, 3, 7]
[1, 2, 3, 4, 0]
[1, 2, 3, 4, 5]
[1, 2, 3, 4, 6]
[1, 2, 3, 4, 7]
0.5238095238095238 0.6
itercount --------> 14
[2, 1, 4]
[2, 1, 7]
[2, 1, 0]
[2, 1, 3]
[2, 1, 6]
[2, 1, 5]
[2, 1, 4, 7]
[2, 1, 4, 0]
[2, 1, 4, 3]
[2, 1, 4, 6]
[2, 1, 4, 5]
[2, 1, 4, 7, 0]
[2, 1, 4, 7, 3]
[2, 1, 4, 7, 6]
[2, 1, 4, 7, 5]
[2, 1, 4, 7, 0, 3]
0.6 0.65
itercount --------> 15
[4, 3, 1]
[4, 3, 2]
[4, 3, 6]
[4, 3, 5]
[4, 3, 0]
[4, 3, 7]
[4, 3, 1, 2]
[4, 3, 1, 6]
[4, 3, 1, 5]
[4, 3, 1, 0]
[4, 3, 1, 7]
[4, 3, 1, 2, 6]
0.65 0.6666666666666666
itercount --------> 16
[1, 2, 4]
[1, 2, 6]
[1, 2, 3]
[1, 2, 5]
[1, 2, 7]
[1, 2, 0]
[1, 2, 4, 6]
[1, 2, 4, 3]
[1, 2, 4, 5]
[1, 2, 4, 7]
[1, 2, 4, 0]
[1, 2, 4, 6, 3]
[1, 2, 4, 6, 5]
[1, 2, 4, 6, 7]
[1, 2, 4, 6, 0]
[1, 2, 4, 6, 3, 5]
[1, 2, 4, 6, 3, 7]
[1, 2, 4, 6, 3, 0]
[1, 2, 4, 6, 3, 5, 7]
[1, 2, 4, 6, 3, 5, 0]
[1, 2, 4, 6, 3, 5, 7, 0]
failed -> 4 times
after fail n ======> 7
[3, 6, 1, 2, 5, 7, 4]
0.08 0.08695652173913043
itercount --------> 1
[1, 6, 3]
0.08695652173913043 0.10526315789473684
itercount --------> 2
[3, 6, 2]
[3, 6, 1]
0.10526315789473684 0.125
itercount --------> 3
[6, 2, 4]
[6, 2, 5]
0.125 0.16666666666666666
itercount --------> 4
[6, 4, 5]
0.16666666666666666 0.2222222222222222
itercount --------> 5
[6, 5, 2]
0.2222222222222222 0.23529411764705882
itercount --------> 6
[2, 5, 6]
[2, 5, 3]
[2, 5, 0]
0.23529411764705882 0.25
itercount --------> 7
[1, 2, 0]
[1, 2, 5]
[1, 2, 6]
[1, 2, 3]
[1, 2, 7]
[1, 2, 4]
[1, 2, 0, 5]
[1, 2, 0, 6]
[1, 2, 0, 3]
[1, 2, 0, 7]
[1, 2, 0, 4]
[1, 2, 0, 5, 6]
[1, 2, 0, 5, 3]
[1, 2, 0, 5, 7]
[1, 2, 0, 5, 4]
[1, 2, 0, 5, 6, 3]
[1, 2, 0, 5, 6, 7]
[1, 2, 0, 5, 6, 4]
[1, 2, 0, 5, 6, 3, 7]
[1, 2, 0, 5, 6, 3, 4]
0.25 0.2631578947368421
itercount --------> 8
[6, 4, 0]
[6, 4, 1]
[6, 4, 2]
[6, 4, 5]
[6, 4, 3]
[6, 4, 7]
[6, 4, 0, 1]
[6, 4, 0, 2]
[6, 4, 0, 5]
[6, 4, 0, 3]
[6, 4, 0, 7]
[6, 4, 0, 1, 2]
[6, 4, 0, 1, 5]
[6, 4, 0, 1, 3]
[6, 4, 0, 1, 7]
[6, 4, 0, 1, 2, 5]
[6, 4, 0, 1, 2, 3]
[6, 4, 0, 1, 2, 7]
[6, 4, 0, 1, 2, 5, 3]
[6, 4, 0, 1, 2, 5, 7]
[6, 4, 0, 1, 2, 5, 3, 7]
failed -> 5 times
after fail n ======> 8
[3, 6, 1, 2, 5, 7, 4, 0]
0.08 0.10714285714285714
itercount --------> 1
[3, 6, 1]
[3, 6, 2]
0.10714285714285714 0.17391304347826086
itercount --------> 2
[6, 1, 5]
0.17391304347826086 0.23529411764705882
itercount --------> 3
[6, 5, 4]
[6, 5, 3]
[6, 5, 7]
[6, 5, 1]
0.23529411764705882 0.25
itercount --------> 4
[1, 2, 0]
[1, 2, 5]
[1, 2, 6]
[1, 2, 3]
[1, 2, 7]
[1, 2, 4]
[1, 2, 0, 5]
[1, 2, 0, 6]
[1, 2, 0, 3]
[1, 2, 0, 7]
[1, 2, 0, 4]
[1, 2, 0, 5, 6]
0.25 0.2647058823529412
itercount --------> 5
[2, 1, 3]
0.2647058823529412 0.391304347826087
itercount --------> 6
[3, 5, 4]
0.391304347826087 0.42857142857142855
itercount --------> 7
[5, 4, 3]
[5, 4, 7]
[5, 4, 1]
[5, 4, 6]
0.42857142857142855 0.47619047619047616
itercount --------> 8
[6, 4, 5]
[6, 4, 7]
[6, 4, 3]
[6, 4, 1]
[6, 4, 0]
[6, 4, 2]
0.47619047619047616 0.5652173913043478
itercount --------> 9
[4, 5, 3]
[4, 5, 6]
[4, 5, 1]
[4, 5, 7]
[4, 5, 0]
[4, 5, 2]
[4, 5, 3, 6]
[4, 5, 3, 1]
[4, 5, 3, 7]
[4, 5, 3, 0]
[4, 5, 3, 2]
[4, 5, 3, 6, 1]
[4, 5, 3, 6, 7]
[4, 5, 3, 6, 0]
[4, 5, 3, 6, 2]
[4, 5, 3, 6, 1, 7]
[4, 5, 3, 6, 1, 0]
[4, 5, 3, 6, 1, 2]
[4, 5, 3, 6, 1, 7, 0]
[4, 5, 3, 6, 1, 7, 2]
[4, 5, 3, 6, 1, 7, 0, 2]
failed -> 6 times
after fail n ======> 5
[3, 6, 1, 2, 5]
0.08 0.13636363636363635
itercount --------> 1
[6, 2, 7]
0.13636363636363635 0.17647058823529413
itercount --------> 2
[6, 7, 4]
0.17647058823529413 0.23529411764705882
itercount --------> 3
[1, 2, 5]
[1, 2, 6]
[1, 2, 0]
[1, 2, 3]
[1, 2, 7]
[1, 2, 4]
[1, 2, 5, 6]
[1, 2, 5, 0]
0.23529411764705882 0.25
itercount --------> 4
[1, 2, 0]
[1, 2, 5]
[1, 2, 6]
[1, 2, 3]
[1, 2, 7]
[1, 2, 4]
[1, 2, 0, 5]
[1, 2, 0, 6]
[1, 2, 0, 3]
[1, 2, 0, 7]
[1, 2, 0, 4]
[1, 2, 0, 5, 6]
[1, 2, 0, 5, 3]
[1, 2, 0, 5, 7]
[1, 2, 0, 5, 4]
[1, 2, 0, 5, 6, 3]
[1, 2, 0, 5, 6, 7]
[1, 2, 0, 5, 6, 4]
[1, 2, 0, 5, 6, 3, 7]
[1, 2, 0, 5, 6, 3, 4]
0.25 0.2631578947368421
itercount --------> 5
[6, 4, 0]
[6, 4, 1]
[6, 4, 2]
[6, 4, 5]
[6, 4, 3]
[6, 4, 7]
[6, 4, 0, 1]
[6, 4, 0, 2]
[6, 4, 0, 5]
[6, 4, 0, 3]
[6, 4, 0, 7]
[6, 4, 0, 1, 2]
[6, 4, 0, 1, 5]
[6, 4, 0, 1, 3]
[6, 4, 0, 1, 7]
[6, 4, 0, 1, 2, 5]
[6, 4, 0, 1, 2, 3]
[6, 4, 0, 1, 2, 7]
[6, 4, 0, 1, 2, 5, 3]
[6, 4, 0, 1, 2, 5, 7]
[6, 4, 0, 1, 2, 5, 3, 7]
failed -> 7 times
after fail n ======> 6
[3, 6, 1, 2, 5, 7]
0.08 0.09375
itercount --------> 1
[6, 1, 2]
0.09375 0.13636363636363635
itercount --------> 2
[6, 1, 7]
0.13636363636363635 0.15789473684210525
itercount --------> 3
[6, 4, 7]
[6, 4, 1]
[6, 4, 0]
[6, 4, 2]
[6, 4, 5]
[6, 4, 3]
0.15789473684210525 0.16666666666666666
itercount --------> 4
[6, 4, 1]
[6, 4, 7]
[6, 4, 3]
[6, 4, 0]
[6, 4, 2]
[6, 4, 5]
[6, 4, 1, 7]
0.16666666666666666 0.1875
itercount --------> 5
[1, 2, 0]
[1, 2, 5]
[1, 2, 6]
0.1875 0.21052631578947367
itercount --------> 6
[7, 0, 3]
0.21052631578947367 0.25806451612903225
itercount --------> 7
[0, 4, 6]
[0, 4, 1]
0.25806451612903225 0.2608695652173913
itercount --------> 8
[0, 4, 7]
0.2608695652173913 0.30434782608695654
itercount --------> 9
[4, 0, 6]
0.30434782608695654 0.3333333333333333
itercount --------> 10
[6, 0, 4]
[6, 0, 3]
[6, 0, 1]
[6, 0, 5]
[6, 0, 7]
[6, 0, 2]
[6, 0, 4, 3]
[6, 0, 4, 1]
[6, 0, 4, 5]
[6, 0, 4, 7]
[6, 0, 4, 2]
[6, 0, 4, 3, 1]
0.3333333333333333 0.36
itercount --------> 11
[0, 1, 4]
[0, 1, 6]
[0, 1, 5]
0.36 0.38095238095238093
itercount --------> 12
[0, 7, 6]
[0, 7, 3]
0.38095238095238093 0.5
itercount --------> 13
[0, 7, 4]
0.5 0.5263157894736842
itercount --------> 14
[0, 7, 4]
[0, 7, 1]
0.5263157894736842 0.5294117647058824
itercount --------> 15
[1, 2, 0]
[1, 2, 5]
[1, 2, 4]
[1, 2, 7]
[1, 2, 3]
[1, 2, 6]
[1, 2, 0, 5]
[1, 2, 0, 4]
[1, 2, 0, 7]
[1, 2, 0, 3]
0.5294117647058824 0.5555555555555556
itercount --------> 16
[0, 1, 2]
[0, 1, 4]
0.5555555555555556 0.631578947368421
itercount --------> 17
[0, 7, 4]
[0, 7, 6]
[0, 7, 3]
[0, 7, 1]
[0, 7, 2]
[0, 7, 5]
[0, 7, 4, 6]
[0, 7, 4, 3]
[0, 7, 4, 1]
[0, 7, 4, 2]
[0, 7, 4, 5]
[0, 7, 4, 6, 3]
[0, 7, 4, 6, 1]
[0, 7, 4, 6, 2]
[0, 7, 4, 6, 5]
[0, 7, 4, 6, 3, 1]
[0, 7, 4, 6, 3, 2]
[0, 7, 4, 6, 3, 5]
[0, 7, 4, 6, 3, 1, 2]
[0, 7, 4, 6, 3, 1, 5]
[0, 7, 4, 6, 3, 1, 2, 5]
failed -> 8 times
after fail n ======> 7
[3, 6, 1, 2, 5, 7, 4]
0.08 0.09523809523809523
itercount --------> 1
[3, 6, 1]
0.09523809523809523 0.11764705882352941
itercount --------> 2
[6, 3, 4]
[6, 3, 7]
0.11764705882352941 0.125
itercount --------> 3
[1, 2, 0]
[1, 2, 6]
[1, 2, 3]
0.125 0.15789473684210525
itercount --------> 4
[6, 2, 7]
[6, 2, 4]
0.15789473684210525 0.16666666666666666
itercount --------> 5
[2, 6, 3]
0.16666666666666666 0.2222222222222222
itercount --------> 6
[6, 2, 3]
[6, 2, 4]
[6, 2, 0]
0.2222222222222222 0.23529411764705882
itercount --------> 7
[1, 2, 5]
[1, 2, 6]
0.23529411764705882 0.2727272727272727
itercount --------> 8
[3, 1, 0]
0.2727272727272727 0.35294117647058826
itercount --------> 9
[3, 4, 0]
[3, 4, 7]
[3, 4, 1]
[3, 4, 2]
[3, 4, 5]
[3, 4, 6]
[3, 4, 0, 7]
[3, 4, 0, 1]
[3, 4, 0, 2]
[3, 4, 0, 5]
[3, 4, 0, 6]
[3, 4, 0, 7, 1]
[3, 4, 0, 7, 2]
[3, 4, 0, 7, 5]
[3, 4, 0, 7, 6]
0.35294117647058826 0.3684210526315789
itercount --------> 10
[6, 0, 4]
[6, 0, 3]
[6, 0, 5]
[6, 0, 1]
[6, 0, 2]
[6, 0, 7]
[6, 0, 4, 3]
[6, 0, 4, 5]
[6, 0, 4, 1]
[6, 0, 4, 2]
[6, 0, 4, 7]
[6, 0, 4, 3, 5]
[6, 0, 4, 3, 1]
[6, 0, 4, 3, 2]
[6, 0, 4, 3, 7]
[6, 0, 4, 3, 5, 1]
[6, 0, 4, 3, 5, 2]
[6, 0, 4, 3, 5, 7]
[6, 0, 4, 3, 5, 1, 2]
[6, 0, 4, 3, 5, 1, 7]
[6, 0, 4, 3, 5, 1, 2, 7]
failed -> 9 times
after fail n ======> 8
[3, 6, 1, 2, 5, 7, 4, 0]
0.08 0.10526315789473684
itercount --------> 1
[3, 6, 1]
0.10526315789473684 0.11538461538461539
itercount --------> 2
[1, 3, 6]
0.11538461538461539 0.19047619047619047
itercount --------> 3
[6, 1, 7]
0.19047619047619047 0.2
itercount --------> 4
[1, 3, 7]
[1, 3, 0]
0.2 0.21052631578947367
itercount --------> 5
[3, 6, 7]
[3, 6, 0]
[3, 6, 4]
0.21052631578947367 0.36363636363636365
itercount --------> 6
[3, 4, 7]
[3, 4, 1]
[3, 4, 6]
[3, 4, 0]
[3, 4, 2]
[3, 4, 5]
[3, 4, 7, 1]
[3, 4, 7, 6]
[3, 4, 7, 0]
[3, 4, 7, 2]
[3, 4, 7, 5]
[3, 4, 7, 1, 6]
[3, 4, 7, 1, 0]
[3, 4, 7, 1, 2]
0.36363636363636365 0.4
itercount --------> 7
[3, 4, 6]
[3, 4, 7]
[3, 4, 0]
[3, 4, 5]
[3, 4, 1]
[3, 4, 2]
[3, 4, 6, 7]
[3, 4, 6, 0]
[3, 4, 6, 5]
[3, 4, 6, 1]
0.4 0.5
itercount --------> 8
[3, 4, 6]
[3, 4, 7]
[3, 4, 0]
0.5 0.5555555555555556
itercount --------> 9
[0, 1, 2]
[0, 1, 3]
[0, 1, 4]
[0, 1, 5]
[0, 1, 7]
[0, 1, 6]
[0, 1, 2, 3]
[0, 1, 2, 4]
[0, 1, 2, 5]
[0, 1, 2, 7]
[0, 1, 2, 6]
[0, 1, 2, 3, 4]
[0, 1, 2, 3, 5]
0.5555555555555556 0.5789473684210527
itercount --------> 10
[0, 3, 5]
[0, 3, 1]
[0, 3, 2]
[0, 3, 4]
[0, 3, 7]
[0, 3, 6]
[0, 3, 5, 1]
[0, 3, 5, 2]
[0, 3, 5, 4]
[0, 3, 5, 7]
[0, 3, 5, 6]
[0, 3, 5, 1, 2]
[0, 3, 5, 1, 4]
[0, 3, 5, 1, 7]
[0, 3, 5, 1, 6]
[0, 3, 5, 1, 2, 4]
0.5789473684210527 0.6111111111111112
itercount --------> 11
[3, 0, 5]
[3, 0, 7]
[3, 0, 4]
[3, 0, 1]
[3, 0, 2]
[3, 0, 6]
[3, 0, 5, 7]
[3, 0, 5, 4]
[3, 0, 5, 1]
[3, 0, 5, 2]
[3, 0, 5, 6]
[3, 0, 5, 7, 4]
[3, 0, 5, 7, 1]
[3, 0, 5, 7, 2]
[3, 0, 5, 7, 6]
[3, 0, 5, 7, 4, 1]
[3, 0, 5, 7, 4, 2]
[3, 0, 5, 7, 4, 6]
[3, 0, 5, 7, 4, 1, 2]
[3, 0, 5, 7, 4, 1, 6]
[3, 0, 5, 7, 4, 1, 2, 6]
failed -> 10 times
after fail n ======> 5
[3, 6, 1, 2, 5]
0.08 0.10526315789473684
itercount --------> 1
[3, 6, 2]
0.10526315789473684 0.125
itercount --------> 2
[1, 2, 0]
[1, 2, 6]
0.125 0.16666666666666666
itercount --------> 3
[2, 1, 7]
0.16666666666666666 0.19047619047619047
itercount --------> 4
[2, 7, 3]
0.19047619047619047 0.21739130434782608
itercount --------> 5
[2, 0, 4]
0.21739130434782608 0.25
itercount --------> 6
[2, 0, 1]
0.25 0.28125
itercount --------> 7
[0, 2, 1]
0.28125 0.3
itercount --------> 8
[2, 0, 3]
[2, 0, 6]
[2, 0, 1]
[2, 0, 5]
0.3 0.3333333333333333
itercount --------> 9
[2, 0, 1]
0.3333333333333333 0.36
itercount --------> 10
[2, 0, 1]
[2, 0, 4]
[2, 0, 3]
[2, 0, 5]
[2, 0, 6]
[2, 0, 7]
[2, 0, 1, 4]
0.36 0.4
itercount --------> 11
[2, 3, 6]
[2, 3, 7]
[2, 3, 1]
0.4 0.42857142857142855
itercount --------> 12
[2, 1, 6]
[2, 1, 3]
[2, 1, 7]
[2, 1, 0]
[2, 1, 4]
[2, 1, 5]
[2, 1, 6, 3]
[2, 1, 6, 7]
0.42857142857142855 0.45
itercount --------> 13
[1, 3, 2]
[1, 3, 6]
[1, 3, 0]
[1, 3, 7]
[1, 3, 4]
[1, 3, 5]
[1, 3, 2, 6]
[1, 3, 2, 0]
[1, 3, 2, 7]
[1, 3, 2, 4]
[1, 3, 2, 5]
[1, 3, 2, 6, 0]
[1, 3, 2, 6, 7]
0.45 0.48
itercount --------> 14
[1, 2, 3]
0.48 0.5
itercount --------> 15
[2, 1, 3]
[2, 1, 4]
[2, 1, 6]
[2, 1, 7]
[2, 1, 5]
[2, 1, 0]
[2, 1, 3, 4]
0.5 0.5238095238095238
itercount --------> 16
[1, 2, 3]
[1, 2, 4]
[1, 2, 0]
[1, 2, 5]
[1, 2, 6]
[1, 2, 7]
[1, 2, 3, 4]
[1, 2, 3, 0]
[1, 2, 3, 5]
[1, 2, 3, 6]
[1, 2, 3, 7]
[1, 2, 3, 4, 0]
[1, 2, 3, 4, 5]
[1, 2, 3, 4, 6]
[1, 2, 3, 4, 7]
0.5238095238095238 0.55
itercount --------> 17
[4, 1, 2]
0.55 0.6086956521739131
itercount --------> 18
[1, 4, 2]
[1, 4, 3]
[1, 4, 5]
[1, 4, 6]
[1, 4, 0]
[1, 4, 7]
[1, 4, 2, 3]
[1, 4, 2, 5]
0.6086956521739131 0.6190476190476191
itercount --------> 19
[3, 4, 1]
0.6190476190476191 0.6363636363636364
itercount --------> 20
[2, 1, 4]
[2, 1, 5]
[2, 1, 6]
[2, 1, 0]
[2, 1, 3]
[2, 1, 7]
[2, 1, 4, 5]
[2, 1, 4, 6]
[2, 1, 4, 0]
[2, 1, 4, 3]
[2, 1, 4, 7]
[2, 1, 4, 5, 6]
[2, 1, 4, 5, 0]
[2, 1, 4, 5, 3]
[2, 1, 4, 5, 7]
[2, 1, 4, 5, 6, 0]
[2, 1, 4, 5, 6, 3]
[2, 1, 4, 5, 6, 7]
[2, 1, 4, 5, 6, 0, 3]
[2, 1, 4, 5, 6, 0, 7]
[2, 1, 4, 5, 6, 0, 3, 7]
failed -> 11 times
after fail n ======> 6
[3, 6, 1, 2, 5, 7]
0.08 0.125
itercount --------> 1
[1, 2, 0]
[1, 2, 6]
0.125 0.16666666666666666
itercount --------> 2
[1, 2, 3]
0.16666666666666666 0.19047619047619047
itercount --------> 3
[6, 1, 7]
0.19047619047619047 0.2
itercount --------> 4
[1, 6, 3]
[1, 6, 0]
0.2 0.2222222222222222
itercount --------> 5
[0, 1, 6]
[0, 1, 2]
[0, 1, 4]
0.2222222222222222 0.22857142857142856
itercount --------> 6
[1, 0, 2]
0.22857142857142856 0.2608695652173913
itercount --------> 7
[1, 2, 0]
0.2608695652173913 0.2857142857142857
itercount --------> 8
[1, 2, 0]
[1, 2, 6]
[1, 2, 3]
[1, 2, 5]
0.2857142857142857 0.3333333333333333
itercount --------> 9
[1, 0, 2]
[1, 0, 3]
[1, 0, 6]
[1, 0, 5]
[1, 0, 7]
[1, 0, 4]
[1, 0, 2, 3]
[1, 0, 2, 6]
[1, 0, 2, 5]
[1, 0, 2, 7]
0.3333333333333333 0.35294117647058826
itercount --------> 10
[1, 2, 0]
[1, 2, 5]
[1, 2, 7]
[1, 2, 4]
[1, 2, 3]
[1, 2, 6]
[1, 2, 0, 5]
[1, 2, 0, 7]
[1, 2, 0, 4]
0.35294117647058826 0.375
itercount --------> 11
[0, 1, 2]
[0, 1, 5]
[0, 1, 7]
[0, 1, 3]
[0, 1, 4]
[0, 1, 6]
[0, 1, 2, 5]
[0, 1, 2, 7]
[0, 1, 2, 3]
[0, 1, 2, 4]
[0, 1, 2, 6]
[0, 1, 2, 5, 7]
[0, 1, 2, 5, 3]
[0, 1, 2, 5, 4]
[0, 1, 2, 5, 6]
[0, 1, 2, 5, 7, 3]
0.375 0.3888888888888889
itercount --------> 12
[1, 6, 0]
[1, 6, 3]
[1, 6, 4]
[1, 6, 7]
[1, 6, 2]
[1, 6, 5]
[1, 6, 0, 3]
0.3888888888888889 0.42105263157894735
itercount --------> 13
[4, 7, 0]
[4, 7, 3]
0.42105263157894735 0.5263157894736842
itercount --------> 14
[0, 4, 5]
[0, 4, 1]
[0, 4, 2]
[0, 4, 3]
[0, 4, 6]
[0, 4, 7]
[0, 4, 5, 1]
[0, 4, 5, 2]
[0, 4, 5, 3]
[0, 4, 5, 6]
[0, 4, 5, 7]
[0, 4, 5, 1, 2]
[0, 4, 5, 1, 3]
[0, 4, 5, 1, 6]
[0, 4, 5, 1, 7]
[0, 4, 5, 1, 2, 3]
[0, 4, 5, 1, 2, 6]
[0, 4, 5, 1, 2, 7]
[0, 4, 5, 1, 2, 3, 6]
0.5263157894736842 0.5555555555555556
itercount --------> 15
[0, 4, 3]
[0, 4, 5]
[0, 4, 6]
[0, 4, 7]
[0, 4, 1]
[0, 4, 2]
[0, 4, 3, 5]
[0, 4, 3, 6]
0.5555555555555556 0.5625
itercount --------> 16
[1, 2, 0]
[1, 2, 5]
[1, 2, 4]
[1, 2, 7]
[1, 2, 3]
[1, 2, 6]
[1, 2, 0, 5]
[1, 2, 0, 4]
[1, 2, 0, 7]
[1, 2, 0, 3]
[1, 2, 0, 6]
[1, 2, 0, 5, 4]
[1, 2, 0, 5, 7]
[1, 2, 0, 5, 3]
[1, 2, 0, 5, 6]
[1, 2, 0, 5, 4, 7]
0.5625 0.625
itercount --------> 17
[1, 2, 0]
[1, 2, 5]
[1, 2, 3]
[1, 2, 4]
[1, 2, 6]
[1, 2, 7]
[1, 2, 0, 5]
[1, 2, 0, 3]
[1, 2, 0, 4]
[1, 2, 0, 6]
[1, 2, 0, 7]
[1, 2, 0, 5, 3]
[1, 2, 0, 5, 4]
[1, 2, 0, 5, 6]
[1, 2, 0, 5, 7]
[1, 2, 0, 5, 3, 4]
[1, 2, 0, 5, 3, 6]
[1, 2, 0, 5, 3, 7]
[1, 2, 0, 5, 3, 4, 6]
[1, 2, 0, 5, 3, 4, 7]
[1, 2, 0, 5, 3, 4, 6, 7]
failed -> 12 times
after fail n ======> 7
[3, 6, 1, 2, 5, 7, 4]
0.08 0.09375
itercount --------> 1
[6, 1, 2]
0.09375 0.13636363636363635
itercount --------> 2
[6, 1, 2]
0.13636363636363635 0.17647058823529413
itercount --------> 3
[6, 3, 4]
0.17647058823529413 0.2631578947368421
itercount --------> 4
[6, 4, 0]
[6, 4, 1]
[6, 4, 2]
[6, 4, 5]
[6, 4, 3]
[6, 4, 7]
[6, 4, 0, 1]
[6, 4, 0, 2]
[6, 4, 0, 5]
[6, 4, 0, 3]
[6, 4, 0, 7]
[6, 4, 0, 1, 2]
[6, 4, 0, 1, 5]
[6, 4, 0, 1, 3]
[6, 4, 0, 1, 7]
[6, 4, 0, 1, 2, 5]
[6, 4, 0, 1, 2, 3]
[6, 4, 0, 1, 2, 7]
[6, 4, 0, 1, 2, 5, 3]
[6, 4, 0, 1, 2, 5, 7]
[6, 4, 0, 1, 2, 5, 3, 7]
failed -> 13 times
after fail n ======> 8
[3, 6, 1, 2, 5, 7, 4, 0]
0.08 0.09375
itercount --------> 1
[6, 1, 2]
[6, 1, 5]
0.09375 0.13636363636363635
itercount --------> 2
[6, 1, 2]
0.13636363636363635 0.17647058823529413
itercount --------> 3
[6, 3, 4]
0.17647058823529413 0.2631578947368421
itercount --------> 4
[6, 4, 0]
[6, 4, 1]
[6, 4, 2]
[6, 4, 5]
[6, 4, 3]
[6, 4, 7]
[6, 4, 0, 1]
[6, 4, 0, 2]
[6, 4, 0, 5]
[6, 4, 0, 3]
[6, 4, 0, 7]
[6, 4, 0, 1, 2]
0.2631578947368421 0.40625
itercount --------> 5
[1, 2, 4]
[1, 2, 0]
[1, 2, 3]
[1, 2, 5]
0.40625 0.43333333333333335
itercount --------> 6
[1, 2, 4]
0.43333333333333335 0.4642857142857143
itercount --------> 7
[2, 4, 3]
[2, 4, 1]
[2, 4, 6]
[2, 4, 0]
0.4642857142857143 0.4827586206896552
itercount --------> 8
[4, 0, 3]
[4, 0, 1]
0.4827586206896552 0.5238095238095238
itercount --------> 9
[4, 0, 3]
[4, 0, 6]
[4, 0, 5]
[4, 0, 1]
[4, 0, 2]
[4, 0, 7]
[4, 0, 3, 6]
[4, 0, 3, 5]
[4, 0, 3, 1]
[4, 0, 3, 2]
[4, 0, 3, 7]
[4, 0, 3, 6, 5]
[4, 0, 3, 6, 1]
[4, 0, 3, 6, 2]
[4, 0, 3, 6, 7]
[4, 0, 3, 6, 5, 1]
[4, 0, 3, 6, 5, 2]
[4, 0, 3, 6, 5, 7]
[4, 0, 3, 6, 5, 1, 2]
[4, 0, 3, 6, 5, 1, 7]
[4, 0, 3, 6, 5, 1, 2, 7]
failed -> 14 times
after fail n ======> 5
[3, 6, 1, 2, 5]
0.08 0.10526315789473684
itercount --------> 1
[3, 6, 1]
0.10526315789473684 0.125
itercount --------> 2
[1, 2, 0]
[1, 2, 6]
[1, 2, 3]
0.125 0.15789473684210525
itercount --------> 3
[6, 1, 7]
0.15789473684210525 0.17647058823529413
itercount --------> 4
[6, 7, 4]
[6, 7, 0]
[6, 7, 1]
[6, 7, 2]
[6, 7, 3]
[6, 7, 5]
[6, 7, 4, 0]
0.17647058823529413 0.23529411764705882
itercount --------> 5
[1, 2, 5]
[1, 2, 6]
[1, 2, 0]
0.23529411764705882 0.25
itercount --------> 6
[1, 2, 0]
[1, 2, 5]
[1, 2, 6]
0.25 0.2608695652173913
itercount --------> 7
[1, 4, 6]
[1, 4, 0]
[1, 4, 5]
0.2608695652173913 0.3
itercount --------> 8
[1, 6, 0]
[1, 6, 4]
[1, 6, 2]
0.3 0.35
itercount --------> 9
[4, 0, 2]
[4, 0, 6]
[4, 0, 1]
[4, 0, 3]
[4, 0, 7]
[4, 0, 5]
[4, 0, 2, 6]
[4, 0, 2, 1]
[4, 0, 2, 3]
[4, 0, 2, 7]
[4, 0, 2, 5]
[4, 0, 2, 6, 1]
0.35 0.3888888888888889
itercount --------> 10
[5, 0, 1]
[5, 0, 2]
[5, 0, 3]
[5, 0, 7]
[5, 0, 4]
[5, 0, 6]
[5, 0, 1, 2]
[5, 0, 1, 3]
[5, 0, 1, 7]
[5, 0, 1, 4]
[5, 0, 1, 6]
[5, 0, 1, 2, 3]
[5, 0, 1, 2, 7]
[5, 0, 1, 2, 4]
[5, 0, 1, 2, 6]
[5, 0, 1, 2, 3, 7]
[5, 0, 1, 2, 3, 4]
[5, 0, 1, 2, 3, 6]
[5, 0, 1, 2, 3, 7, 4]
[5, 0, 1, 2, 3, 7, 6]
[5, 0, 1, 2, 3, 7, 4, 6]
0.3888888888888889 0.4
itercount --------> 11
[4, 2, 3]
[4, 2, 1]
[4, 2, 7]
[4, 2, 5]
[4, 2, 6]
[4, 2, 0]
[4, 2, 3, 1]
[4, 2, 3, 7]
[4, 2, 3, 5]
[4, 2, 3, 6]
[4, 2, 3, 0]
[4, 2, 3, 1, 7]
[4, 2, 3, 1, 5]
[4, 2, 3, 1, 6]
[4, 2, 3, 1, 0]
[4, 2, 3, 1, 7, 5]
0.4 0.4090909090909091
itercount --------> 12
[2, 4, 1]
[2, 4, 3]
[2, 4, 5]
[2, 4, 7]
[2, 4, 0]
[2, 4, 6]
[2, 4, 1, 3]
[2, 4, 1, 5]
[2, 4, 1, 7]
[2, 4, 1, 0]
[2, 4, 1, 6]
[2, 4, 1, 3, 5]
[2, 4, 1, 3, 7]
[2, 4, 1, 3, 0]
[2, 4, 1, 3, 6]
[2, 4, 1, 3, 5, 7]
[2, 4, 1, 3, 5, 0]
[2, 4, 1, 3, 5, 6]
[2, 4, 1, 3, 5, 7, 0]
[2, 4, 1, 3, 5, 7, 6]
[2, 4, 1, 3, 5, 7, 0, 6]
failed -> 15 times
after fail n ======> 6
[3, 6, 1, 2, 5, 7]
0.08 0.09523809523809523
itercount --------> 1
[3, 5, 4]
0.09523809523809523 0.10526315789473684
itercount --------> 2
[5, 0, 3]
[5, 0, 6]
0.10526315789473684 0.17391304347826086
itercount --------> 3
[5, 4, 1]
[5, 4, 2]
0.17391304347826086 0.23529411764705882
itercount --------> 4
[4, 6, 3]
0.23529411764705882 0.23809523809523808
itercount --------> 5
[4, 0, 3]
[4, 0, 6]
0.23809523809523808 0.25
itercount --------> 6
[4, 0, 6]
[4, 0, 3]
0.25 0.2692307692307692
itercount --------> 7
[4, 3, 7]
[4, 3, 0]
0.2692307692307692 0.2727272727272727
itercount --------> 8
[4, 7, 3]
0.2727272727272727 0.3181818181818182
itercount --------> 9
[3, 4, 0]
0.3181818181818182 0.5
itercount --------> 10
[4, 0, 6]
[4, 0, 1]
0.5 0.5238095238095238
itercount --------> 11
[4, 0, 3]
[4, 0, 6]
[4, 0, 5]
[4, 0, 1]
[4, 0, 2]
[4, 0, 7]
[4, 0, 3, 6]
[4, 0, 3, 5]
[4, 0, 3, 1]
[4, 0, 3, 2]
[4, 0, 3, 7]
[4, 0, 3, 6, 5]
[4, 0, 3, 6, 1]
[4, 0, 3, 6, 2]
[4, 0, 3, 6, 7]
[4, 0, 3, 6, 5, 1]
[4, 0, 3, 6, 5, 2]
[4, 0, 3, 6, 5, 7]
[4, 0, 3, 6, 5, 1, 2]
[4, 0, 3, 6, 5, 1, 7]
[4, 0, 3, 6, 5, 1, 2, 7]
failed -> 16 times
after fail n ======> 7
[3, 6, 1, 2, 5, 7, 4]
0.08 0.08695652173913043
itercount --------> 1
[3, 6, 2]
0.08695652173913043 0.11538461538461539
itercount --------> 2
[6, 1, 4]
0.11538461538461539 0.15789473684210525
itercount --------> 3
[6, 4, 7]
0.15789473684210525 0.16666666666666666
itercount --------> 4
[1, 7, 2]
0.16666666666666666 0.17391304347826086
itercount --------> 5
[1, 2, 6]
0.17391304347826086 0.23529411764705882
itercount --------> 6
[1, 2, 5]
[1, 2, 6]
[1, 2, 0]
0.23529411764705882 0.25
itercount --------> 7
[1, 2, 0]
[1, 2, 5]
[1, 2, 6]
0.25 0.36363636363636365
itercount --------> 8
[4, 3, 0]
[4, 3, 5]
[4, 3, 1]
[4, 3, 7]
[4, 3, 2]
[4, 3, 6]
[4, 3, 0, 5]
0.36363636363636365 0.38095238095238093
itercount --------> 9
[3, 0, 4]
[3, 0, 1]
0.38095238095238093 0.42105263157894735
itercount --------> 10
[3, 4, 0]
[3, 4, 7]
[3, 4, 5]
[3, 4, 1]
[3, 4, 2]
[3, 4, 6]
[3, 4, 0, 7]
[3, 4, 0, 5]
[3, 4, 0, 1]
[3, 4, 0, 2]
[3, 4, 0, 6]
[3, 4, 0, 7, 5]
[3, 4, 0, 7, 1]
[3, 4, 0, 7, 2]
[3, 4, 0, 7, 6]
[3, 4, 0, 7, 5, 1]
[3, 4, 0, 7, 5, 2]
[3, 4, 0, 7, 5, 6]
[3, 4, 0, 7, 5, 1, 2]
[3, 4, 0, 7, 5, 1, 6]
[3, 4, 0, 7, 5, 1, 2, 6]
failed -> 17 times
after fail n ======> 8
[3, 6, 1, 2, 5, 7, 4, 0]
0.08 0.09375
itercount --------> 1
[6, 1, 2]
0.09375 0.14705882352941177
itercount --------> 2
[1, 2, 4]
[1, 2, 5]
0.14705882352941177 0.25806451612903225
itercount --------> 3
[1, 2, 4]
0.25806451612903225 0.28
itercount --------> 4
[2, 1, 7]
0.28 0.34782608695652173
itercount --------> 5
[4, 7, 1]
[4, 7, 3]
0.34782608695652173 0.4642857142857143
itercount --------> 6
[1, 4, 3]
[1, 4, 2]
[1, 4, 6]
[1, 4, 0]
0.4642857142857143 0.5238095238095238
itercount --------> 7
[4, 0, 3]
[4, 0, 6]
[4, 0, 5]
[4, 0, 1]
[4, 0, 2]
[4, 0, 7]
[4, 0, 3, 6]
[4, 0, 3, 5]
[4, 0, 3, 1]
0.5238095238095238 0.5454545454545454
itercount --------> 8
[3, 4, 0]
[3, 4, 5]
[3, 4, 6]
[3, 4, 1]
[3, 4, 2]
[3, 4, 7]
[3, 4, 0, 5]
[3, 4, 0, 6]
[3, 4, 0, 1]
[3, 4, 0, 2]
[3, 4, 0, 7]
[3, 4, 0, 5, 6]
[3, 4, 0, 5, 1]
[3, 4, 0, 5, 2]
[3, 4, 0, 5, 7]
0.5454545454545454 0.5714285714285714
itercount --------> 9
[4, 0, 3]
[4, 0, 6]
[4, 0, 5]
[4, 0, 1]
[4, 0, 2]
[4, 0, 7]
[4, 0, 3, 6]
[4, 0, 3, 5]
[4, 0, 3, 1]
[4, 0, 3, 2]
[4, 0, 3, 7]
[4, 0, 3, 6, 5]
[4, 0, 3, 6, 1]
[4, 0, 3, 6, 2]
[4, 0, 3, 6, 7]
[4, 0, 3, 6, 5, 1]
[4, 0, 3, 6, 5, 2]
[4, 0, 3, 6, 5, 7]
[4, 0, 3, 6, 5, 1, 2]
[4, 0, 3, 6, 5, 1, 7]
[4, 0, 3, 6, 5, 1, 2, 7]
failed -> 18 times
after fail n ======> 5
[3, 6, 1, 2, 5]
0.08 0.1
itercount --------> 1
[6, 1, 2]
[6, 1, 4]
0.1 0.11538461538461539
itercount --------> 2
[6, 1, 2]
[6, 1, 7]
0.11538461538461539 0.15384615384615385
itercount --------> 3
[1, 2, 4]
0.15384615384615385 0.25
itercount --------> 4
[4, 1, 5]
[4, 1, 6]
[4, 1, 2]
[4, 1, 3]
0.25 0.25806451612903225
itercount --------> 5
[4, 5, 6]
[4, 5, 1]
0.25806451612903225 0.34782608695652173
itercount --------> 6
[4, 5, 6]
0.34782608695652173 0.375
itercount --------> 7
[5, 3, 6]
[5, 3, 4]
[5, 3, 1]
[5, 3, 2]
0.375 0.47368421052631576
itercount --------> 8
[6, 1, 2]
[6, 1, 4]
[6, 1, 5]
[6, 1, 0]
[6, 1, 3]
[6, 1, 7]
[6, 1, 2, 4]
[6, 1, 2, 5]
[6, 1, 2, 0]
[6, 1, 2, 3]
[6, 1, 2, 7]
[6, 1, 2, 4, 5]
0.47368421052631576 0.5
itercount --------> 9
[6, 4, 1]
[6, 4, 2]
[6, 4, 5]
[6, 4, 0]
[6, 4, 7]
[6, 4, 3]
[6, 4, 1, 2]
[6, 4, 1, 5]
[6, 4, 1, 0]
[6, 4, 1, 7]
[6, 4, 1, 3]
[6, 4, 1, 2, 5]
[6, 4, 1, 2, 0]
[6, 4, 1, 2, 7]
[6, 4, 1, 2, 3]
[6, 4, 1, 2, 5, 0]
[6, 4, 1, 2, 5, 7]
[6, 4, 1, 2, 5, 3]
[6, 4, 1, 2, 5, 0, 7]
[6, 4, 1, 2, 5, 0, 3]
[6, 4, 1, 2, 5, 0, 7, 3]
failed -> 19 times
after fail n ======> 6
[3, 6, 1, 2, 5, 7]
0.08 0.10526315789473684
itercount --------> 1
[3, 6, 1]
0.10526315789473684 0.125
itercount --------> 2
[1, 2, 0]
[1, 2, 6]
0.125 0.14814814814814814
itercount --------> 3
[0, 1, 2]
0.14814814814814814 0.2857142857142857
itercount --------> 4
[0, 5, 7]
[0, 5, 3]
0.2857142857142857 0.30434782608695654
itercount --------> 5
[0, 1, 2]
[0, 1, 7]
[0, 1, 4]
[0, 1, 3]
[0, 1, 5]
[0, 1, 6]
[0, 1, 2, 7]
[0, 1, 2, 4]
[0, 1, 2, 3]
[0, 1, 2, 5]
0.30434782608695654 0.32142857142857145
itercount --------> 6
[0, 7, 2]
[0, 7, 4]
[0, 7, 6]
[0, 7, 3]
[0, 7, 1]
[0, 7, 5]
[0, 7, 2, 4]
[0, 7, 2, 6]
[0, 7, 2, 3]
[0, 7, 2, 1]
[0, 7, 2, 5]
[0, 7, 2, 4, 6]
0.32142857142857145 0.3793103448275862
itercount --------> 7
[3, 0, 2]
[3, 0, 7]
[3, 0, 1]
[3, 0, 4]
0.3793103448275862 0.38095238095238093
itercount --------> 8
[3, 4, 6]
0.38095238095238093 0.391304347826087
itercount --------> 9
[1, 2, 6]
[1, 2, 3]
[1, 2, 4]
[1, 2, 0]
[1, 2, 7]
[1, 2, 5]
[1, 2, 6, 3]
0.391304347826087 0.4782608695652174
itercount --------> 10
[1, 2, 3]
[1, 2, 4]
[1, 2, 6]
[1, 2, 7]
[1, 2, 0]
[1, 2, 5]
[1, 2, 3, 4]
[1, 2, 3, 6]
[1, 2, 3, 7]
[1, 2, 3, 0]
[1, 2, 3, 5]
[1, 2, 3, 4, 6]
[1, 2, 3, 4, 7]
[1, 2, 3, 4, 0]
[1, 2, 3, 4, 5]
[1, 2, 3, 4, 6, 7]
[1, 2, 3, 4, 6, 0]
[1, 2, 3, 4, 6, 5]
[1, 2, 3, 4, 6, 7, 0]
0.4782608695652174 0.5
itercount --------> 11
[0, 4, 3]
[0, 4, 6]
0.5 0.5238095238095238
itercount --------> 12
[4, 0, 3]
[4, 0, 6]
[4, 0, 5]
[4, 0, 1]
[4, 0, 2]
[4, 0, 7]
[4, 0, 3, 6]
[4, 0, 3, 5]
[4, 0, 3, 1]
[4, 0, 3, 2]
[4, 0, 3, 7]
[4, 0, 3, 6, 5]
[4, 0, 3, 6, 1]
[4, 0, 3, 6, 2]
[4, 0, 3, 6, 7]
[4, 0, 3, 6, 5, 1]
[4, 0, 3, 6, 5, 2]
[4, 0, 3, 6, 5, 7]
[4, 0, 3, 6, 5, 1, 2]
[4, 0, 3, 6, 5, 1, 7]
[4, 0, 3, 6, 5, 1, 2, 7]
failed -> 20 times
after fail n ======> 7
[3, 6, 1, 2, 5, 7, 4]
0.08 0.08695652173913043
itercount --------> 1
[3, 6, 2]
0.08695652173913043 0.09523809523809523
itercount --------> 2
[3, 6, 1]
0.09523809523809523 0.15
itercount --------> 3
[6, 7, 1]
[6, 7, 2]
[6, 7, 4]
[6, 7, 0]
[6, 7, 3]
[6, 7, 5]
[6, 7, 1, 2]
0.15 0.15384615384615385
itercount --------> 4
[3, 7, 1]
[3, 7, 6]
[3, 7, 2]
[3, 7, 4]
0.15384615384615385 0.16
itercount --------> 5
[2, 6, 7]
[2, 6, 1]
[2, 6, 3]
[2, 6, 4]
[2, 6, 0]
[2, 6, 5]
[2, 6, 7, 1]
0.16 0.16666666666666666
itercount --------> 6
[6, 1, 3]
[6, 1, 4]
[6, 1, 0]
[6, 1, 7]
[6, 1, 2]
[6, 1, 5]
[6, 1, 3, 4]
0.16666666666666666 0.1875
itercount --------> 7
[1, 2, 0]
[1, 2, 5]
[1, 2, 3]
[1, 2, 6]
[1, 2, 7]
[1, 2, 4]
[1, 2, 0, 5]
[1, 2, 0, 3]
[1, 2, 0, 6]
[1, 2, 0, 7]
[1, 2, 0, 4]
[1, 2, 0, 5, 3]
[1, 2, 0, 5, 6]
[1, 2, 0, 5, 7]
[1, 2, 0, 5, 4]
[1, 2, 0, 5, 3, 6]
[1, 2, 0, 5, 3, 7]
[1, 2, 0, 5, 3, 4]
[1, 2, 0, 5, 3, 6, 7]
[1, 2, 0, 5, 3, 6, 4]
[1, 2, 0, 5, 3, 6, 7, 4]
failed -> 21 times
after fail n ======> 8
[3, 6, 1, 2, 5, 7, 4, 0]
0.08 0.09375
itercount --------> 1
[5, 1, 2]
[5, 1, 3]
0.09375 0.13636363636363635
itercount --------> 2
[1, 5, 2]
0.13636363636363635 0.17647058823529413
itercount --------> 3
[1, 2, 5]
[1, 2, 3]
[1, 2, 6]
[1, 2, 0]
0.17647058823529413 0.1875
itercount --------> 4
[1, 2, 0]
[1, 2, 5]
[1, 2, 3]
[1, 2, 6]
[1, 2, 7]
[1, 2, 4]
[1, 2, 0, 5]
[1, 2, 0, 3]
0.1875 0.23529411764705882
itercount --------> 5
[5, 4, 6]
0.23529411764705882 0.3
itercount --------> 6
[5, 6, 4]
[5, 6, 0]
0.3 0.3181818181818182
itercount --------> 7
[4, 0, 1]
[4, 0, 6]
[4, 0, 3]
[4, 0, 2]
[4, 0, 5]
0.3181818181818182 0.3684210526315789
itercount --------> 8
[4, 0, 1]
[4, 0, 2]
[4, 0, 3]
[4, 0, 6]
0.3684210526315789 0.375
itercount --------> 9
[0, 1, 2]
[0, 1, 5]
[0, 1, 6]
[0, 1, 4]
[0, 1, 3]
[0, 1, 7]
[0, 1, 2, 5]
[0, 1, 2, 6]
[0, 1, 2, 4]
[0, 1, 2, 3]
[0, 1, 2, 7]
[0, 1, 2, 5, 6]
0.375 0.4117647058823529
itercount --------> 10
[4, 0, 3]
[4, 0, 7]
[4, 0, 5]
[4, 0, 1]
[4, 0, 2]
[4, 0, 6]
[4, 0, 3, 7]
[4, 0, 3, 5]
[4, 0, 3, 1]
[4, 0, 3, 2]
[4, 0, 3, 6]
[4, 0, 3, 7, 5]
[4, 0, 3, 7, 1]
[4, 0, 3, 7, 2]
[4, 0, 3, 7, 6]
[4, 0, 3, 7, 5, 1]
[4, 0, 3, 7, 5, 2]
[4, 0, 3, 7, 5, 6]
0.4117647058823529 0.42105263157894735
itercount --------> 11
[6, 4, 0]
[6, 4, 5]
[6, 4, 7]
[6, 4, 1]
[6, 4, 2]
[6, 4, 3]
[6, 4, 0, 5]
[6, 4, 0, 7]
[6, 4, 0, 1]
[6, 4, 0, 2]
[6, 4, 0, 3]
0.42105263157894735 0.5
itercount --------> 12
[0, 4, 6]
[0, 4, 1]
[0, 4, 2]
[0, 4, 5]
[0, 4, 3]
[0, 4, 7]
[0, 4, 6, 1]
[0, 4, 6, 2]
[0, 4, 6, 5]
[0, 4, 6, 3]
[0, 4, 6, 7]
[0, 4, 6, 1, 2]
0.5 0.5238095238095238
itercount --------> 13
[4, 0, 3]
[4, 0, 6]
[4, 0, 5]
[4, 0, 1]
[4, 0, 2]
[4, 0, 7]
[4, 0, 3, 6]
[4, 0, 3, 5]
[4, 0, 3, 1]
[4, 0, 3, 2]
[4, 0, 3, 7]
[4, 0, 3, 6, 5]
[4, 0, 3, 6, 1]
[4, 0, 3, 6, 2]
[4, 0, 3, 6, 7]
[4, 0, 3, 6, 5, 1]
[4, 0, 3, 6, 5, 2]
[4, 0, 3, 6, 5, 7]
[4, 0, 3, 6, 5, 1, 2]
[4, 0, 3, 6, 5, 1, 7]
[4, 0, 3, 6, 5, 1, 2, 7]
failed -> 22 times
after fail n ======> 5
[3, 6, 1, 2, 5]
0.08 0.125
itercount --------> 1
[1, 2, 0]
[1, 2, 6]
0.125 0.16666666666666666
itercount --------> 2
[1, 3, 6]
[1, 3, 7]
[1, 3, 0]
[1, 3, 4]
0.16666666666666666 0.17647058823529413
itercount --------> 3
[1, 6, 3]
0.17647058823529413 0.2727272727272727
itercount --------> 4
[3, 1, 6]
0.2727272727272727 0.3181818181818182
itercount --------> 5
[3, 1, 4]
[3, 1, 6]
[3, 1, 7]
[3, 1, 0]
[3, 1, 2]
0.3181818181818182 0.35
itercount --------> 6
[3, 1, 4]
0.35 0.38095238095238093
itercount --------> 7
[3, 6, 4]
[3, 6, 5]
0.38095238095238093 0.4090909090909091
itercount --------> 8
[4, 6, 3]
0.4090909090909091 0.5416666666666666
itercount --------> 9
[4, 1, 2]
[4, 1, 3]
[4, 1, 5]
[4, 1, 6]
[4, 1, 0]
[4, 1, 7]
[4, 1, 2, 3]
[4, 1, 2, 5]
[4, 1, 2, 6]
0.5416666666666666 0.5652173913043478
itercount --------> 10
[4, 3, 1]
[4, 3, 2]
[4, 3, 5]
[4, 3, 6]
[4, 3, 0]
[4, 3, 7]
[4, 3, 1, 2]
[4, 3, 1, 5]
[4, 3, 1, 6]
[4, 3, 1, 0]
[4, 3, 1, 7]
[4, 3, 1, 2, 5]
[4, 3, 1, 2, 6]
[4, 3, 1, 2, 0]
[4, 3, 1, 2, 7]
[4, 3, 1, 2, 5, 6]
[4, 3, 1, 2, 5, 0]
[4, 3, 1, 2, 5, 7]
[4, 3, 1, 2, 5, 6, 0]
[4, 3, 1, 2, 5, 6, 7]
[4, 3, 1, 2, 5, 6, 0, 7]
failed -> 23 times
after fail n ======> 6
[3, 6, 1, 2, 5, 7]
0.08 0.10526315789473684
itercount --------> 1
[3, 6, 2]
0.10526315789473684 0.1111111111111111
itercount --------> 2
[1, 2, 6]
0.1111111111111111 0.125
itercount --------> 3
[1, 2, 0]
[1, 2, 6]
[1, 2, 3]
0.125 0.15789473684210525
itercount --------> 4
[6, 2, 7]
0.15789473684210525 0.17647058823529413
itercount --------> 5
[6, 7, 4]
0.17647058823529413 0.23529411764705882
itercount --------> 6
[1, 2, 5]
[1, 2, 6]
[1, 2, 0]
[1, 2, 3]
[1, 2, 7]
[1, 2, 4]
[1, 2, 5, 6]
[1, 2, 5, 0]
0.23529411764705882 0.25
itercount --------> 7
[1, 2, 0]
[1, 2, 5]
[1, 2, 6]
[1, 2, 3]
[1, 2, 7]
[1, 2, 4]
[1, 2, 0, 5]
[1, 2, 0, 6]
0.25 0.2727272727272727
itercount --------> 8
[6, 0, 4]
[6, 0, 2]
[6, 0, 7]
[6, 0, 3]
[6, 0, 5]
[6, 0, 1]
[6, 0, 4, 2]
0.2727272727272727 0.36
itercount --------> 9
[4, 0, 5]
[4, 0, 3]
0.36 0.391304347826087
itercount --------> 10
[0, 6, 4]
[0, 6, 2]
[0, 6, 3]
[0, 6, 5]
[0, 6, 7]
[0, 6, 1]
[0, 6, 4, 2]
[0, 6, 4, 3]
[0, 6, 4, 5]
0.391304347826087 0.4090909090909091
itercount --------> 11
[2, 0, 3]
[2, 0, 6]
[2, 0, 4]
[2, 0, 1]
0.4090909090909091 0.45
itercount --------> 12
[0, 2, 3]
[0, 2, 4]
[0, 2, 1]
[0, 2, 5]
0.45 0.5
itercount --------> 13
[0, 4, 3]
[0, 4, 6]
0.5 0.5238095238095238
itercount --------> 14
[4, 0, 3]
[4, 0, 6]
[4, 0, 5]
[4, 0, 1]
[4, 0, 2]
[4, 0, 7]
[4, 0, 3, 6]
[4, 0, 3, 5]
[4, 0, 3, 1]
[4, 0, 3, 2]
[4, 0, 3, 7]
[4, 0, 3, 6, 5]
[4, 0, 3, 6, 1]
[4, 0, 3, 6, 2]
[4, 0, 3, 6, 7]
[4, 0, 3, 6, 5, 1]
[4, 0, 3, 6, 5, 2]
[4, 0, 3, 6, 5, 7]
[4, 0, 3, 6, 5, 1, 2]
[4, 0, 3, 6, 5, 1, 7]
[4, 0, 3, 6, 5, 1, 2, 7]
failed -> 24 times
after fail n ======> 7
[3, 6, 1, 2, 5, 7, 4]
0.08 0.1
itercount --------> 1
[6, 1, 2]
0.1 0.12903225806451613
itercount --------> 2
[2, 1, 5]
0.12903225806451613 0.16666666666666666
itercount --------> 3
[2, 1, 5]
[2, 1, 4]
[2, 1, 0]
0.16666666666666666 0.2727272727272727
itercount --------> 4
[4, 5, 3]
0.2727272727272727 0.2857142857142857
itercount --------> 5
[5, 4, 1]
[5, 4, 2]
0.2857142857142857 0.3333333333333333
itercount --------> 6
[4, 7, 0]
0.3333333333333333 0.35
itercount --------> 7
[1, 2, 0]
0.35 0.3888888888888889
itercount --------> 8
[1, 2, 0]
[1, 2, 3]
[1, 2, 5]
[1, 2, 7]
0.3888888888888889 0.4117647058823529
itercount --------> 9
[1, 2, 5]
[1, 2, 0]
[1, 2, 7]
[1, 2, 3]
[1, 2, 4]
[1, 2, 6]
[1, 2, 5, 0]
[1, 2, 5, 7]
[1, 2, 5, 3]
[1, 2, 5, 4]
[1, 2, 5, 6]
[1, 2, 5, 0, 7]
[1, 2, 5, 0, 3]
[1, 2, 5, 0, 4]
[1, 2, 5, 0, 6]
[1, 2, 5, 0, 7, 3]
[1, 2, 5, 0, 7, 4]
0.4117647058823529 0.42105263157894735
itercount --------> 10
[3, 4, 0]
[3, 4, 7]
[3, 4, 1]
[3, 4, 2]
[3, 4, 6]
[3, 4, 5]
[3, 4, 0, 7]
[3, 4, 0, 1]
0.42105263157894735 0.43478260869565216
itercount --------> 11
[0, 6, 1]
[0, 6, 2]
[0, 6, 3]
0.43478260869565216 0.45
itercount --------> 12
[4, 3, 0]
0.45 0.47619047619047616
itercount --------> 13
[4, 0, 1]
[4, 0, 2]
[4, 0, 3]
[4, 0, 5]
[4, 0, 7]
[4, 0, 6]
[4, 0, 1, 2]
[4, 0, 1, 3]
[4, 0, 1, 5]
[4, 0, 1, 7]
[4, 0, 1, 6]
[4, 0, 1, 2, 3]
[4, 0, 1, 2, 5]
[4, 0, 1, 2, 7]
[4, 0, 1, 2, 6]
[4, 0, 1, 2, 3, 5]
0.47619047619047616 0.5
itercount --------> 14
[4, 0, 3]
0.5 0.5714285714285714
itercount --------> 15
[4, 0, 1]
[4, 0, 2]
[4, 0, 3]
[4, 0, 5]
0.5714285714285714 0.6
itercount --------> 16
[1, 2, 3]
[1, 2, 4]
[1, 2, 6]
[1, 2, 5]
[1, 2, 0]
[1, 2, 7]
[1, 2, 3, 4]
0.6 0.6190476190476191
itercount --------> 17
[4, 6, 1]
[4, 6, 2]
0.6190476190476191 0.631578947368421
itercount --------> 18
[1, 2, 6]
[1, 2, 5]
[1, 2, 3]
[1, 2, 4]
[1, 2, 0]
[1, 2, 7]
[1, 2, 6, 5]
[1, 2, 6, 3]
[1, 2, 6, 4]
[1, 2, 6, 0]
[1, 2, 6, 7]
[1, 2, 6, 5, 3]
[1, 2, 6, 5, 4]
[1, 2, 6, 5, 0]
[1, 2, 6, 5, 7]
[1, 2, 6, 5, 3, 4]
0.631578947368421 0.6666666666666666
itercount --------> 19
[1, 2, 5]
[1, 2, 0]
[1, 2, 6]
[1, 2, 3]
[1, 2, 4]
[1, 2, 7]
[1, 2, 5, 0]
[1, 2, 5, 6]
[1, 2, 5, 3]
[1, 2, 5, 4]
[1, 2, 5, 7]
[1, 2, 5, 0, 6]
[1, 2, 5, 0, 3]
[1, 2, 5, 0, 4]
[1, 2, 5, 0, 7]
[1, 2, 5, 0, 6, 3]
[1, 2, 5, 0, 6, 4]
[1, 2, 5, 0, 6, 7]
[1, 2, 5, 0, 6, 3, 4]
[1, 2, 5, 0, 6, 3, 7]
[1, 2, 5, 0, 6, 3, 4, 7]
failed -> 25 times
after fail n ======> 8
[3, 6, 1, 2, 5, 7, 4, 0]
0.08 0.13636363636363635
itercount --------> 1
[1, 5, 2]
0.13636363636363635 0.15
itercount --------> 2
[1, 6, 3]
0.15 0.17647058823529413
itercount --------> 3
[1, 2, 5]
[1, 2, 3]
[1, 2, 6]
[1, 2, 0]
[1, 2, 4]
[1, 2, 7]
[1, 2, 5, 3]
0.17647058823529413 0.2
itercount --------> 4
[1, 6, 2]
[1, 6, 3]
[1, 6, 0]
0.2 0.2608695652173913
itercount --------> 5
[6, 0, 4]
[6, 0, 1]
0.2608695652173913 0.2727272727272727
itercount --------> 6
[1, 6, 4]
[1, 6, 2]
0.2727272727272727 0.2916666666666667
itercount --------> 7
[1, 0, 4]
[1, 0, 2]
0.2916666666666667 0.30434782608695654
itercount --------> 8
[1, 4, 0]
[1, 4, 3]
[1, 4, 2]
[1, 4, 6]
0.30434782608695654 0.3157894736842105
itercount --------> 9
[1, 4, 2]
0.3157894736842105 0.3333333333333333
itercount --------> 10
[1, 2, 0]
[1, 2, 6]
0.3333333333333333 0.3684210526315789
itercount --------> 11
[4, 0, 1]
[4, 0, 2]
[4, 0, 3]
[4, 0, 6]
0.3684210526315789 0.375
itercount --------> 12
[0, 1, 2]
[0, 1, 5]
[0, 1, 6]
[0, 1, 4]
[0, 1, 3]
[0, 1, 7]
[0, 1, 2, 5]
[0, 1, 2, 6]
[0, 1, 2, 4]
[0, 1, 2, 3]
[0, 1, 2, 7]
[0, 1, 2, 5, 6]
0.375 0.4117647058823529
itercount --------> 13
[4, 0, 3]
[4, 0, 7]
[4, 0, 5]
[4, 0, 1]
[4, 0, 2]
[4, 0, 6]
[4, 0, 3, 7]
[4, 0, 3, 5]
[4, 0, 3, 1]
[4, 0, 3, 2]
[4, 0, 3, 6]
0.4117647058823529 0.42105263157894735
itercount --------> 14
[6, 4, 0]
[6, 4, 5]
[6, 4, 7]
[6, 4, 1]
[6, 4, 2]
[6, 4, 3]
[6, 4, 0, 5]
0.42105263157894735 0.4375
itercount --------> 15
[0, 5, 1]
[0, 5, 2]
[0, 5, 3]
0.4375 0.5
itercount --------> 16
[3, 0, 4]
[3, 0, 6]
[3, 0, 1]
[3, 0, 2]
[3, 0, 5]
[3, 0, 7]
[3, 0, 4, 6]
[3, 0, 4, 1]
[3, 0, 4, 2]
[3, 0, 4, 5]
[3, 0, 4, 7]
[3, 0, 4, 6, 1]
0.5 0.5238095238095238
itercount --------> 17
[4, 0, 3]
[4, 0, 6]
[4, 0, 5]
[4, 0, 1]
[4, 0, 2]
[4, 0, 7]
[4, 0, 3, 6]
[4, 0, 3, 5]
[4, 0, 3, 1]
[4, 0, 3, 2]
[4, 0, 3, 7]
[4, 0, 3, 6, 5]
[4, 0, 3, 6, 1]
[4, 0, 3, 6, 2]
[4, 0, 3, 6, 7]
[4, 0, 3, 6, 5, 1]
[4, 0, 3, 6, 5, 2]
[4, 0, 3, 6, 5, 7]
[4, 0, 3, 6, 5, 1, 2]
[4, 0, 3, 6, 5, 1, 7]
[4, 0, 3, 6, 5, 1, 2, 7]
failed -> 26 times
after fail n ======> 5
[3, 6, 1, 2, 5]
0.08 0.11538461538461539
itercount --------> 1
[6, 1, 2]
0.11538461538461539 0.15384615384615385
itercount --------> 2
[1, 2, 5]
[1, 2, 3]
[1, 2, 4]
0.15384615384615385 0.2857142857142857
itercount --------> 3
[3, 4, 1]
0.2857142857142857 0.3333333333333333
itercount --------> 4
[0, 4, 1]
[0, 4, 2]
[0, 4, 5]
[0, 4, 3]
[0, 4, 6]
[0, 4, 7]
[0, 4, 1, 2]
[0, 4, 1, 5]
0.3333333333333333 0.38095238095238093
itercount --------> 5
[0, 1, 2]
[0, 1, 3]
[0, 1, 5]
[0, 1, 6]
[0, 1, 4]
[0, 1, 7]
[0, 1, 2, 3]
[0, 1, 2, 5]
[0, 1, 2, 6]
0.38095238095238093 0.4
itercount --------> 6
[2, 1, 0]
[2, 1, 3]
[2, 1, 4]
[2, 1, 6]
[2, 1, 5]
0.4 0.4090909090909091
itercount --------> 7
[1, 2, 0]
[1, 2, 4]
[1, 2, 3]
[1, 2, 6]
[1, 2, 5]
[1, 2, 7]
[1, 2, 0, 4]
0.4090909090909091 0.45
itercount --------> 8
[0, 3, 4]
[0, 3, 1]
[0, 3, 2]
0.45 0.5
itercount --------> 9
[3, 0, 4]
[3, 0, 6]
0.5 0.5238095238095238
itercount --------> 10
[4, 0, 3]
[4, 0, 6]
[4, 0, 5]
[4, 0, 1]
[4, 0, 2]
[4, 0, 7]
[4, 0, 3, 6]
[4, 0, 3, 5]
[4, 0, 3, 1]
[4, 0, 3, 2]
[4, 0, 3, 7]
[4, 0, 3, 6, 5]
[4, 0, 3, 6, 1]
[4, 0, 3, 6, 2]
[4, 0, 3, 6, 7]
[4, 0, 3, 6, 5, 1]
[4, 0, 3, 6, 5, 2]
[4, 0, 3, 6, 5, 7]
[4, 0, 3, 6, 5, 1, 2]
[4, 0, 3, 6, 5, 1, 7]
[4, 0, 3, 6, 5, 1, 2, 7]
failed -> 27 times
after fail n ======> 6
[3, 6, 1, 2, 5, 7]
0.08 0.10526315789473684
itercount --------> 1
[3, 6, 2]
0.10526315789473684 0.1111111111111111
itercount --------> 2
[6, 4, 0]
0.1111111111111111 0.16666666666666666
itercount --------> 3
[6, 4, 7]
0.16666666666666666 0.21052631578947367
itercount --------> 4
[6, 2, 0]
0.21052631578947367 0.2916666666666667
itercount --------> 5
[6, 4, 3]
[6, 4, 0]
[6, 4, 7]
[6, 4, 1]
[6, 4, 2]
[6, 4, 5]
[6, 4, 3, 0]
[6, 4, 3, 7]
[6, 4, 3, 1]
0.2916666666666667 0.34615384615384615
itercount --------> 6
[6, 2, 0]
[6, 2, 4]
[6, 2, 3]
[6, 2, 1]
0.34615384615384615 0.4090909090909091
itercount --------> 7
[6, 0, 4]
[6, 0, 3]
[6, 0, 5]
0.4090909090909091 0.47368421052631576
itercount --------> 8
[4, 0, 3]
[4, 0, 6]
0.47368421052631576 0.5294117647058824
itercount --------> 9
[1, 2, 0]
[1, 2, 5]
[1, 2, 4]
[1, 2, 7]
[1, 2, 3]
[1, 2, 6]
[1, 2, 0, 5]
[1, 2, 0, 4]
[1, 2, 0, 7]
[1, 2, 0, 3]
[1, 2, 0, 6]
[1, 2, 0, 5, 4]
0.5294117647058824 0.5625
itercount --------> 10
[1, 2, 0]
[1, 2, 5]
[1, 2, 4]
[1, 2, 7]
[1, 2, 3]
[1, 2, 6]
[1, 2, 0, 5]
[1, 2, 0, 4]
[1, 2, 0, 7]
[1, 2, 0, 3]
[1, 2, 0, 6]
[1, 2, 0, 5, 4]
[1, 2, 0, 5, 7]
[1, 2, 0, 5, 3]
[1, 2, 0, 5, 6]
[1, 2, 0, 5, 4, 7]
[1, 2, 0, 5, 4, 3]
[1, 2, 0, 5, 4, 6]
[1, 2, 0, 5, 4, 7, 3]
[1, 2, 0, 5, 4, 7, 6]
[1, 2, 0, 5, 4, 7, 3, 6]
failed -> 28 times
after fail n ======> 7
[3, 6, 1, 2, 5, 7, 4]
0.08 0.08695652173913043
itercount --------> 1
[3, 6, 2]
[3, 6, 4]
0.08695652173913043 0.11538461538461539
itercount --------> 2
[6, 1, 4]
0.11538461538461539 0.15789473684210525
itercount --------> 3
[6, 4, 7]
0.15789473684210525 0.16666666666666666
itercount --------> 4
[1, 7, 2]
[1, 7, 4]
[1, 7, 6]
0.16666666666666666 0.18181818181818182
itercount --------> 5
[1, 6, 2]
0.18181818181818182 0.21052631578947367
itercount --------> 6
[1, 6, 2]
0.21052631578947367 0.23529411764705882
itercount --------> 7
[1, 2, 5]
[1, 2, 6]
[1, 2, 0]
0.23529411764705882 0.25
itercount --------> 8
[1, 2, 0]
[1, 2, 5]
[1, 2, 6]
[1, 2, 3]
[1, 2, 7]
[1, 2, 4]
[1, 2, 0, 5]
[1, 2, 0, 6]
0.25 0.2857142857142857
itercount --------> 9
[6, 4, 3]
0.2857142857142857 0.4090909090909091
itercount --------> 10
[6, 0, 1]
[6, 0, 4]
[6, 0, 3]
[6, 0, 5]
[6, 0, 2]
[6, 0, 7]
[6, 0, 1, 4]
[6, 0, 1, 3]
[6, 0, 1, 5]
0.4090909090909091 0.45
itercount --------> 11
[0, 1, 6]
[0, 1, 4]
[0, 1, 3]
[0, 1, 2]
0.45 0.5
itercount --------> 12
[0, 4, 3]
[0, 4, 6]
0.5 0.5238095238095238
itercount --------> 13
[4, 0, 3]
[4, 0, 6]
[4, 0, 5]
[4, 0, 1]
[4, 0, 2]
[4, 0, 7]
[4, 0, 3, 6]
[4, 0, 3, 5]
[4, 0, 3, 1]
[4, 0, 3, 2]
[4, 0, 3, 7]
[4, 0, 3, 6, 5]
[4, 0, 3, 6, 1]
[4, 0, 3, 6, 2]
[4, 0, 3, 6, 7]
[4, 0, 3, 6, 5, 1]
[4, 0, 3, 6, 5, 2]
[4, 0, 3, 6, 5, 7]
[4, 0, 3, 6, 5, 1, 2]
[4, 0, 3, 6, 5, 1, 7]
[4, 0, 3, 6, 5, 1, 2, 7]
failed -> 29 times
after fail n ======> 8
[3, 6, 1, 2, 5, 7, 4, 0]
0.08 0.09375
itercount --------> 1
[6, 1, 2]
0.09375 0.14814814814814814
itercount --------> 2
[2, 5, 4]
0.14814814814814814 0.17391304347826086
itercount --------> 3
[2, 6, 5]
0.17391304347826086 0.32
itercount --------> 4
[2, 0, 3]
[2, 0, 1]
[2, 0, 4]
[2, 0, 5]
[2, 0, 6]
0.32 0.3333333333333333
itercount --------> 5
[2, 1, 0]
[2, 1, 4]
[2, 1, 6]
[2, 1, 3]
0.3333333333333333 0.34615384615384615
itercount --------> 6
[2, 3, 1]
[2, 3, 6]
[2, 3, 0]
[2, 3, 4]
[2, 3, 5]
0.34615384615384615 0.4090909090909091
itercount --------> 7
[2, 3, 0]
[2, 3, 4]
[2, 3, 6]
[2, 3, 1]
[2, 3, 5]
[2, 3, 7]
[2, 3, 0, 4]
0.4090909090909091 0.4166666666666667
itercount --------> 8
[3, 0, 2]
[3, 0, 1]
[3, 0, 6]
0.4166666666666667 0.5
itercount --------> 9
[3, 4, 1]
[3, 4, 2]
[3, 4, 6]
[3, 4, 0]
[3, 4, 5]
[3, 4, 7]
[3, 4, 1, 2]
[3, 4, 1, 6]
[3, 4, 1, 0]
0.5 0.5238095238095238
itercount --------> 10
[4, 0, 3]
[4, 0, 6]
[4, 0, 5]
[4, 0, 1]
[4, 0, 2]
[4, 0, 7]
[4, 0, 3, 6]
[4, 0, 3, 5]
[4, 0, 3, 1]
[4, 0, 3, 2]
[4, 0, 3, 7]
[4, 0, 3, 6, 5]
[4, 0, 3, 6, 1]
[4, 0, 3, 6, 2]
[4, 0, 3, 6, 7]
[4, 0, 3, 6, 5, 1]
0.5238095238095238 0.5454545454545454
itercount --------> 11
[3, 4, 0]
[3, 4, 5]
[3, 4, 6]
[3, 4, 1]
[3, 4, 2]
[3, 4, 7]
[3, 4, 0, 5]
[3, 4, 0, 6]
[3, 4, 0, 1]
[3, 4, 0, 2]
[3, 4, 0, 7]
[3, 4, 0, 5, 6]
[3, 4, 0, 5, 1]
[3, 4, 0, 5, 2]
[3, 4, 0, 5, 7]
[3, 4, 0, 5, 6, 1]
[3, 4, 0, 5, 6, 2]
[3, 4, 0, 5, 6, 7]
[3, 4, 0, 5, 6, 1, 2]
[3, 4, 0, 5, 6, 1, 7]
[3, 4, 0, 5, 6, 1, 2, 7]
failed -> 30 times
after fail n ======> 5
[3, 6, 1, 2, 5]
0.08 0.08695652173913043
itercount --------> 1
[1, 6, 7]
0.08695652173913043 0.10526315789473684
itercount --------> 2
[3, 6, 2]
0.10526315789473684 0.14285714285714285
itercount --------> 3
[6, 2, 4]
0.14285714285714285 0.17647058823529413
itercount --------> 4
[6, 7, 4]
0.17647058823529413 0.23529411764705882
itercount --------> 5
[1, 2, 5]
[1, 2, 6]
[1, 2, 0]
0.23529411764705882 0.25
itercount --------> 6
[1, 2, 0]
[1, 2, 5]
[1, 2, 6]
[1, 2, 3]
[1, 2, 7]
[1, 2, 4]
[1, 2, 0, 5]
[1, 2, 0, 6]
[1, 2, 0, 3]
[1, 2, 0, 7]
[1, 2, 0, 4]
[1, 2, 0, 5, 6]
[1, 2, 0, 5, 3]
[1, 2, 0, 5, 7]
[1, 2, 0, 5, 4]
[1, 2, 0, 5, 6, 3]
[1, 2, 0, 5, 6, 7]
[1, 2, 0, 5, 6, 4]
[1, 2, 0, 5, 6, 3, 7]
[1, 2, 0, 5, 6, 3, 4]
0.25 0.2631578947368421
itercount --------> 7
[6, 4, 0]
[6, 4, 1]
[6, 4, 2]
[6, 4, 5]
[6, 4, 3]
[6, 4, 7]
[6, 4, 0, 1]
[6, 4, 0, 2]
0.2631578947368421 0.2727272727272727
itercount --------> 8
[6, 0, 4]
0.2727272727272727 0.2916666666666667
itercount --------> 9
[4, 6, 0]
[4, 6, 2]
[4, 6, 3]
[4, 6, 7]
[4, 6, 1]
[4, 6, 5]
[4, 6, 0, 2]
[4, 6, 0, 3]
[4, 6, 0, 7]
[4, 6, 0, 1]
0.2916666666666667 0.3333333333333333
itercount --------> 10
[3, 6, 0]
[3, 6, 4]
[3, 6, 5]
[3, 6, 1]
[3, 6, 2]
[3, 6, 7]
[3, 6, 0, 4]
[3, 6, 0, 5]
0.3333333333333333 0.35
itercount --------> 11
[6, 4, 3]
0.35 0.3684210526315789
itercount --------> 12
[4, 3, 6]
[4, 3, 0]
[4, 3, 7]
[4, 3, 5]
[4, 3, 1]
[4, 3, 2]
[4, 3, 6, 0]
0.3684210526315789 0.3888888888888889
itercount --------> 13
[4, 6, 0]
[4, 6, 3]
0.3888888888888889 0.5
itercount --------> 14
[0, 4, 3]
[0, 4, 6]
0.5 0.5238095238095238
itercount --------> 15
[4, 0, 3]
[4, 0, 6]
[4, 0, 5]
[4, 0, 1]
[4, 0, 2]
[4, 0, 7]
[4, 0, 3, 6]
[4, 0, 3, 5]
[4, 0, 3, 1]
[4, 0, 3, 2]
[4, 0, 3, 7]
[4, 0, 3, 6, 5]
[4, 0, 3, 6, 1]
[4, 0, 3, 6, 2]
[4, 0, 3, 6, 7]
[4, 0, 3, 6, 5, 1]
[4, 0, 3, 6, 5, 2]
[4, 0, 3, 6, 5, 7]
[4, 0, 3, 6, 5, 1, 2]
[4, 0, 3, 6, 5, 1, 7]
[4, 0, 3, 6, 5, 1, 2, 7]
failed -> 31 times
after fail n ======> 6
[3, 6, 1, 2, 5, 7]
0.08 0.15
itercount --------> 1
[1, 7, 0]
[1, 7, 3]
0.15 0.16666666666666666
itercount --------> 2
[4, 3, 6]
0.16666666666666666 0.17391304347826086
itercount --------> 3
[7, 6, 1]
0.17391304347826086 0.30434782608695654
itercount --------> 4
[7, 1, 4]
[7, 1, 2]
[7, 1, 3]
[7, 1, 5]
0.30434782608695654 0.3888888888888889
itercount --------> 5
[7, 0, 1]
[7, 0, 2]
[7, 0, 3]
[7, 0, 5]
[7, 0, 6]
[7, 0, 4]
[7, 0, 1, 2]
[7, 0, 1, 3]
[7, 0, 1, 5]
[7, 0, 1, 6]
[7, 0, 1, 4]
[7, 0, 1, 2, 3]
[7, 0, 1, 2, 5]
[7, 0, 1, 2, 6]
[7, 0, 1, 2, 4]
[7, 0, 1, 2, 3, 5]
[7, 0, 1, 2, 3, 6]
[7, 0, 1, 2, 3, 4]
0.3888888888888889 0.42105263157894735
itercount --------> 6
[6, 7, 1]
0.42105263157894735 0.42857142857142855
itercount --------> 7
[6, 7, 1]
[6, 7, 2]
[6, 7, 4]
[6, 7, 5]
[6, 7, 0]
[6, 7, 3]
[6, 7, 1, 2]
[6, 7, 1, 4]
[6, 7, 1, 5]
[6, 7, 1, 0]
0.42857142857142855 0.45
itercount --------> 8
[6, 4, 1]
[6, 4, 2]
[6, 4, 5]
[6, 4, 0]
[6, 4, 7]
[6, 4, 3]
[6, 4, 1, 2]
[6, 4, 1, 5]
[6, 4, 1, 0]
[6, 4, 1, 7]
[6, 4, 1, 3]
[6, 4, 1, 2, 5]
[6, 4, 1, 2, 0]
0.45 0.48
itercount --------> 9
[0, 4, 6]
[0, 4, 1]
[0, 4, 2]
[0, 4, 5]
[0, 4, 7]
[0, 4, 3]
[0, 4, 6, 1]
[0, 4, 6, 2]
[0, 4, 6, 5]
[0, 4, 6, 7]
[0, 4, 6, 3]
[0, 4, 6, 1, 2]
[0, 4, 6, 1, 5]
[0, 4, 6, 1, 7]
[0, 4, 6, 1, 3]
[0, 4, 6, 1, 2, 5]
[0, 4, 6, 1, 2, 7]
[0, 4, 6, 1, 2, 3]
[0, 4, 6, 1, 2, 5, 7]
[0, 4, 6, 1, 2, 5, 3]
[0, 4, 6, 1, 2, 5, 7, 3]
failed -> 32 times
after fail n ======> 7
[3, 6, 1, 2, 5, 7, 4]
0.08 0.10526315789473684
itercount --------> 1
[3, 6, 2]
[3, 6, 1]
0.10526315789473684 0.11538461538461539
itercount --------> 2
[6, 1, 2]
0.11538461538461539 0.15789473684210525
itercount --------> 3
[6, 1, 7]
[6, 1, 4]
0.15789473684210525 0.16666666666666666
itercount --------> 4
[1, 6, 3]
[1, 6, 0]
0.16666666666666666 0.23529411764705882
itercount --------> 5
[6, 1, 3]
[6, 1, 0]
[6, 1, 2]
0.23529411764705882 0.25
itercount --------> 6
[1, 2, 0]
[1, 2, 5]
[1, 2, 6]
[1, 2, 3]
[1, 2, 7]
[1, 2, 4]
[1, 2, 0, 5]
[1, 2, 0, 6]
[1, 2, 0, 3]
[1, 2, 0, 7]
[1, 2, 0, 4]
[1, 2, 0, 5, 6]
[1, 2, 0, 5, 3]
[1, 2, 0, 5, 7]
[1, 2, 0, 5, 4]
[1, 2, 0, 5, 6, 3]
[1, 2, 0, 5, 6, 7]
[1, 2, 0, 5, 6, 4]
0.25 0.3
itercount --------> 7
[2, 5, 0]
0.3 0.30434782608695654
itercount --------> 8
[2, 1, 6]
[2, 1, 0]
[2, 1, 5]
[2, 1, 3]
[2, 1, 7]
0.30434782608695654 0.3181818181818182
itercount --------> 9
[2, 1, 6]
[2, 1, 3]
[2, 1, 5]
[2, 1, 0]
[2, 1, 4]
[2, 1, 7]
[2, 1, 6, 3]
[2, 1, 6, 5]
0.3181818181818182 0.36363636363636365
itercount --------> 10
[2, 1, 6]
[2, 1, 0]
[2, 1, 3]
[2, 1, 7]
0.36363636363636365 0.4090909090909091
itercount --------> 11
[2, 1, 6]
[2, 1, 0]
[2, 1, 3]
[2, 1, 7]
[2, 1, 4]
[2, 1, 5]
[2, 1, 6, 0]
[2, 1, 6, 3]
[2, 1, 6, 7]
[2, 1, 6, 4]
[2, 1, 6, 5]
[2, 1, 6, 0, 3]
[2, 1, 6, 0, 7]
[2, 1, 6, 0, 4]
[2, 1, 6, 0, 5]
0.4090909090909091 0.4444444444444444
itercount --------> 12
[1, 2, 3]
[1, 2, 6]
[1, 2, 7]
[1, 2, 4]
[1, 2, 0]
[1, 2, 5]
[1, 2, 3, 6]
[1, 2, 3, 7]
[1, 2, 3, 4]
[1, 2, 3, 0]
[1, 2, 3, 5]
[1, 2, 3, 6, 7]
[1, 2, 3, 6, 4]
[1, 2, 3, 6, 0]
[1, 2, 3, 6, 5]
[1, 2, 3, 6, 7, 4]
0.4444444444444444 0.5
itercount --------> 13
[1, 2, 4]
[1, 2, 3]
[1, 2, 6]
[1, 2, 0]
[1, 2, 7]
[1, 2, 5]
[1, 2, 4, 3]
[1, 2, 4, 6]
[1, 2, 4, 0]
[1, 2, 4, 7]
[1, 2, 4, 5]
[1, 2, 4, 3, 6]
[1, 2, 4, 3, 0]
[1, 2, 4, 3, 7]
[1, 2, 4, 3, 5]
[1, 2, 4, 3, 6, 0]
[1, 2, 4, 3, 6, 7]
0.5 0.5454545454545454
itercount --------> 14
[1, 3, 6]
[1, 3, 2]
[1, 3, 4]
[1, 3, 0]
[1, 3, 5]
0.5454545454545454 0.56
itercount --------> 15
[2, 1, 4]
[2, 1, 5]
[2, 1, 3]
[2, 1, 6]
[2, 1, 0]
[2, 1, 7]
[2, 1, 4, 5]
0.56 0.5909090909090909
itercount --------> 16
[1, 2, 4]
[1, 2, 3]
[1, 2, 5]
[1, 2, 6]
[1, 2, 0]
[1, 2, 7]
[1, 2, 4, 3]
0.5909090909090909 0.65
itercount --------> 17
[2, 1, 0]
[2, 1, 4]
[2, 1, 5]
[2, 1, 3]
[2, 1, 6]
[2, 1, 7]
[2, 1, 0, 4]
[2, 1, 0, 5]
[2, 1, 0, 3]
[2, 1, 0, 6]
[2, 1, 0, 7]
[2, 1, 0, 4, 5]
[2, 1, 0, 4, 3]
[2, 1, 0, 4, 6]
[2, 1, 0, 4, 7]
[2, 1, 0, 4, 5, 3]
0.65 0.6666666666666666
itercount --------> 18
[2, 1, 0]
[2, 1, 4]
[2, 1, 5]
[2, 1, 6]
[2, 1, 3]
[2, 1, 7]
[2, 1, 0, 4]
[2, 1, 0, 5]
[2, 1, 0, 6]
[2, 1, 0, 3]
0.6666666666666666 0.6842105263157895
itercount --------> 19
[1, 2, 0]
[1, 2, 4]
[1, 2, 5]
[1, 2, 7]
[1, 2, 3]
[1, 2, 6]
[1, 2, 0, 4]
[1, 2, 0, 5]
[1, 2, 0, 7]
[1, 2, 0, 3]
[1, 2, 0, 6]
[1, 2, 0, 4, 5]
[1, 2, 0, 4, 7]
[1, 2, 0, 4, 3]
0.6842105263157895 0.7
itercount --------> 20
[1, 2, 3]
[1, 2, 4]
[1, 2, 0]
[1, 2, 5]
[1, 2, 6]
[1, 2, 7]
[1, 2, 3, 4]
[1, 2, 3, 0]
[1, 2, 3, 5]
[1, 2, 3, 6]
[1, 2, 3, 7]
[1, 2, 3, 4, 0]
[1, 2, 3, 4, 5]
[1, 2, 3, 4, 6]
[1, 2, 3, 4, 7]
[1, 2, 3, 4, 0, 5]
[1, 2, 3, 4, 0, 6]
[1, 2, 3, 4, 0, 7]
[1, 2, 3, 4, 0, 5, 6]
[1, 2, 3, 4, 0, 5, 7]
[1, 2, 3, 4, 0, 5, 6, 7]
failed -> 33 times
after fail n ======> 8
[3, 6, 1, 2, 5, 7, 4, 0]
0.08 0.10526315789473684
itercount --------> 1
[5, 0, 3]
0.10526315789473684 0.11538461538461539
itercount --------> 2
[6, 0, 1]
[6, 0, 2]
0.11538461538461539 0.20833333333333334
itercount --------> 3
[0, 6, 4]
0.20833333333333334 0.22727272727272727
itercount --------> 4
[0, 4, 6]
0.22727272727272727 0.2857142857142857
itercount --------> 5
[6, 0, 4]
[6, 0, 3]
[6, 0, 1]
0.2857142857142857 0.3181818181818182
itercount --------> 6
[4, 6, 0]
[4, 6, 3]
[4, 6, 1]
[4, 6, 2]
[4, 6, 7]
[4, 6, 5]
[4, 6, 0, 3]
0.3181818181818182 0.3333333333333333
itercount --------> 7
[6, 0, 4]
[6, 0, 1]
[6, 0, 2]
[6, 0, 3]
[6, 0, 5]
0.3333333333333333 0.3684210526315789
itercount --------> 8
[1, 2, 0]
[1, 2, 5]
0.3684210526315789 0.4117647058823529
itercount --------> 9
[0, 1, 2]
[0, 1, 5]
[0, 1, 3]
0.4117647058823529 0.47368421052631576
itercount --------> 10
[0, 4, 3]
[0, 4, 1]
[0, 4, 2]
[0, 4, 5]
0.47368421052631576 0.5
itercount --------> 11
[3, 0, 4]
[3, 0, 6]
[3, 0, 1]
[3, 0, 2]
[3, 0, 5]
[3, 0, 7]
[3, 0, 4, 6]
[3, 0, 4, 1]
[3, 0, 4, 2]
[3, 0, 4, 5]
[3, 0, 4, 7]
[3, 0, 4, 6, 1]
[3, 0, 4, 6, 2]
0.5 0.5238095238095238
itercount --------> 12
[4, 0, 3]
[4, 0, 6]
[4, 0, 5]
[4, 0, 1]
[4, 0, 2]
[4, 0, 7]
[4, 0, 3, 6]
[4, 0, 3, 5]
[4, 0, 3, 1]
[4, 0, 3, 2]
[4, 0, 3, 7]
[4, 0, 3, 6, 5]
[4, 0, 3, 6, 1]
[4, 0, 3, 6, 2]
[4, 0, 3, 6, 7]
[4, 0, 3, 6, 5, 1]
[4, 0, 3, 6, 5, 2]
[4, 0, 3, 6, 5, 7]
[4, 0, 3, 6, 5, 1, 2]
[4, 0, 3, 6, 5, 1, 7]
[4, 0, 3, 6, 5, 1, 2, 7]
failed -> 34 times
after fail n ======> 5
[3, 6, 1, 2, 5]
0.08 0.125
itercount --------> 1
[1, 2, 3]
0.125 0.19047619047619047
itercount --------> 2
[6, 1, 7]
0.19047619047619047 0.2777777777777778
itercount --------> 3
[1, 4, 7]
[1, 4, 3]
0.2777777777777778 0.2857142857142857
itercount --------> 4
[1, 6, 7]
[1, 6, 2]
0.2857142857142857 0.3333333333333333
itercount --------> 5
[2, 4, 6]
[2, 4, 3]
0.3333333333333333 0.375
itercount --------> 6
[2, 1, 3]
[2, 1, 7]
[2, 1, 6]
[2, 1, 0]
[2, 1, 4]
[2, 1, 5]
0.375 0.45
itercount --------> 7
[3, 1, 6]
[3, 1, 7]
[3, 1, 0]
[3, 1, 4]
[3, 1, 2]
[3, 1, 5]
[3, 1, 6, 7]
0.45 0.4642857142857143
itercount --------> 8
[1, 2, 4]
[1, 2, 3]
[1, 2, 6]
[1, 2, 0]
0.4642857142857143 0.5238095238095238
itercount --------> 9
[4, 0, 3]
[4, 0, 6]
[4, 0, 5]
[4, 0, 1]
[4, 0, 2]
[4, 0, 7]
[4, 0, 3, 6]
[4, 0, 3, 5]
[4, 0, 3, 1]
0.5238095238095238 0.5454545454545454
itercount --------> 10
[3, 4, 0]
[3, 4, 5]
[3, 4, 6]
[3, 4, 1]
[3, 4, 2]
[3, 4, 7]
[3, 4, 0, 5]
[3, 4, 0, 6]
[3, 4, 0, 1]
[3, 4, 0, 2]
[3, 4, 0, 7]
[3, 4, 0, 5, 6]
[3, 4, 0, 5, 1]
[3, 4, 0, 5, 2]
[3, 4, 0, 5, 7]
0.5454545454545454 0.5714285714285714
itercount --------> 11
[4, 0, 3]
[4, 0, 6]
[4, 0, 5]
[4, 0, 1]
[4, 0, 2]
[4, 0, 7]
[4, 0, 3, 6]
[4, 0, 3, 5]
[4, 0, 3, 1]
[4, 0, 3, 2]
[4, 0, 3, 7]
[4, 0, 3, 6, 5]
[4, 0, 3, 6, 1]
[4, 0, 3, 6, 2]
[4, 0, 3, 6, 7]
[4, 0, 3, 6, 5, 1]
[4, 0, 3, 6, 5, 2]
[4, 0, 3, 6, 5, 7]
[4, 0, 3, 6, 5, 1, 2]
[4, 0, 3, 6, 5, 1, 7]
[4, 0, 3, 6, 5, 1, 2, 7]
failed -> 35 times
after fail n ======> 6
[3, 6, 1, 2, 5, 7]
0.08 0.10526315789473684
itercount --------> 1
[3, 6, 2]
0.10526315789473684 0.125
itercount --------> 2
[1, 2, 6]
0.125 0.16
itercount --------> 3
[3, 1, 4]
0.16 0.2
itercount --------> 4
[1, 3, 2]
0.2 0.24
itercount --------> 5
[1, 3, 4]
0.24 0.24242424242424243
itercount --------> 6
[1, 6, 4]
0.24242424242424243 0.2608695652173913
itercount --------> 7
[1, 3, 6]
[1, 3, 4]
0.2608695652173913 0.2727272727272727
itercount --------> 8
[1, 3, 6]
[1, 3, 4]
[1, 3, 2]
[1, 3, 0]
0.2727272727272727 0.2916666666666667
itercount --------> 9
[6, 1, 4]
[6, 1, 0]
0.2916666666666667 0.3181818181818182
itercount --------> 10
[6, 1, 2]
[6, 1, 0]
[6, 1, 4]
0.3181818181818182 0.3333333333333333
itercount --------> 11
[4, 6, 0]
[4, 6, 3]
[4, 6, 7]
[4, 6, 5]
[4, 6, 1]
[4, 6, 2]
[4, 6, 0, 3]
[4, 6, 0, 7]
[4, 6, 0, 5]
0.3333333333333333 0.35
itercount --------> 12
[6, 4, 3]
0.35 0.3684210526315789
itercount --------> 13
[4, 3, 6]
[4, 3, 0]
[4, 3, 7]
[4, 3, 5]
[4, 3, 1]
[4, 3, 2]
[4, 3, 6, 0]
[4, 3, 6, 7]
[4, 3, 6, 5]
[4, 3, 6, 1]
[4, 3, 6, 2]
[4, 3, 6, 0, 7]
[4, 3, 6, 0, 5]
[4, 3, 6, 0, 1]
[4, 3, 6, 0, 2]
[4, 3, 6, 0, 7, 5]
0.3684210526315789 0.47368421052631576
itercount --------> 14
[4, 0, 3]
0.47368421052631576 0.5294117647058824
itercount --------> 15
[1, 2, 0]
[1, 2, 5]
[1, 2, 4]
[1, 2, 7]
[1, 2, 3]
[1, 2, 6]
[1, 2, 0, 5]
[1, 2, 0, 4]
[1, 2, 0, 7]
[1, 2, 0, 3]
[1, 2, 0, 6]
[1, 2, 0, 5, 4]
0.5294117647058824 0.5555555555555556
itercount --------> 16
[5, 0, 1]
[5, 0, 2]
[5, 0, 4]
[5, 0, 7]
[5, 0, 3]
[5, 0, 6]
[5, 0, 1, 2]
[5, 0, 1, 4]
[5, 0, 1, 7]
[5, 0, 1, 3]
[5, 0, 1, 6]
[5, 0, 1, 2, 4]
0.5555555555555556 0.5882352941176471
itercount --------> 17
[5, 0, 4]
[5, 0, 1]
[5, 0, 2]
[5, 0, 7]
[5, 0, 3]
[5, 0, 6]
[5, 0, 4, 1]
[5, 0, 4, 2]
[5, 0, 4, 7]
[5, 0, 4, 3]
[5, 0, 4, 6]
[5, 0, 4, 1, 2]
[5, 0, 4, 1, 7]
[5, 0, 4, 1, 3]
[5, 0, 4, 1, 6]
[5, 0, 4, 1, 2, 7]
[5, 0, 4, 1, 2, 3]
[5, 0, 4, 1, 2, 6]
[5, 0, 4, 1, 2, 7, 3]
[5, 0, 4, 1, 2, 7, 6]
[5, 0, 4, 1, 2, 7, 3, 6]
failed -> 36 times
after fail n ======> 7
[3, 6, 1, 2, 5, 7, 4]
0.08 0.08695652173913043
itercount --------> 1
[3, 6, 1]
0.08695652173913043 0.09523809523809523
itercount --------> 2
[3, 6, 2]
0.09523809523809523 0.11764705882352941
itercount --------> 3
[6, 3, 4]
0.11764705882352941 0.125
itercount --------> 4
[1, 2, 0]
[1, 2, 6]
[1, 2, 3]
[1, 2, 5]
[1, 2, 7]
0.125 0.17647058823529413
itercount --------> 5
[2, 6, 3]
0.17647058823529413 0.2
itercount --------> 6
[2, 3, 1]
0.2 0.2727272727272727
itercount --------> 7
[3, 2, 1]
[3, 2, 4]
[3, 2, 6]
[3, 2, 7]
[3, 2, 0]
0.2727272727272727 0.3076923076923077
itercount --------> 8
[3, 6, 4]
[3, 6, 2]
[3, 6, 1]
[3, 6, 5]
[3, 6, 0]
[3, 6, 7]
0.3076923076923077 0.3333333333333333
itercount --------> 9
[3, 4, 6]
[3, 4, 2]
[3, 4, 7]
[3, 4, 1]
0.3333333333333333 0.38461538461538464
itercount --------> 10
[1, 2, 3]
[1, 2, 4]
0.38461538461538464 0.45454545454545453
itercount --------> 11
[2, 1, 3]
[2, 1, 4]
[2, 1, 0]
[2, 1, 5]
0.45454545454545453 0.5
itercount --------> 12
[1, 2, 3]
[1, 2, 0]
[1, 2, 4]
[1, 2, 5]
[1, 2, 6]
[1, 2, 7]
[1, 2, 3, 0]
[1, 2, 3, 4]
0.5 0.5263157894736842
itercount --------> 13
[3, 1, 2]
[3, 1, 0]
[3, 1, 4]
[3, 1, 5]
[3, 1, 7]
[3, 1, 6]
[3, 1, 2, 0]
0.5263157894736842 0.5294117647058824
itercount --------> 14
[0, 3, 4]
[0, 3, 1]
[0, 3, 2]
[0, 3, 5]
[0, 3, 7]
[0, 3, 6]
[0, 3, 4, 1]
[0, 3, 4, 2]
[0, 3, 4, 5]
[0, 3, 4, 7]
[0, 3, 4, 6]
[0, 3, 4, 1, 2]
[0, 3, 4, 1, 5]
[0, 3, 4, 1, 7]
[0, 3, 4, 1, 6]
[0, 3, 4, 1, 2, 5]
[0, 3, 4, 1, 2, 7]
[0, 3, 4, 1, 2, 6]
[0, 3, 4, 1, 2, 5, 7]
[0, 3, 4, 1, 2, 5, 6]
[0, 3, 4, 1, 2, 5, 7, 6]
failed -> 37 times
after fail n ======> 8
[3, 6, 1, 2, 5, 7, 4, 0]
0.08 0.11538461538461539
itercount --------> 1
[6, 2, 1]
[6, 2, 7]
[6, 2, 4]
0.11538461538461539 0.125
itercount --------> 2
[6, 2, 1]
0.125 0.16666666666666666
itercount --------> 3
[2, 6, 3]
0.16666666666666666 0.17647058823529413
itercount --------> 4
[2, 6, 3]
0.17647058823529413 0.1875
itercount --------> 5
[1, 2, 0]
[1, 2, 5]
[1, 2, 3]
0.1875 0.23529411764705882
itercount --------> 6
[6, 2, 3]
[6, 2, 0]
0.23529411764705882 0.25
itercount --------> 7
[1, 2, 0]
[1, 2, 5]
[1, 2, 6]
0.25 0.3
itercount --------> 8
[1, 5, 0]
0.3 0.3076923076923077
itercount --------> 9
[2, 1, 5]
0.3076923076923077 0.34782608695652173
itercount --------> 10
[2, 0, 6]
[2, 0, 1]
[2, 0, 3]
[2, 0, 4]
[2, 0, 7]
0.34782608695652173 0.375
itercount --------> 11
[2, 6, 0]
[2, 6, 3]
[2, 6, 1]
[2, 6, 7]
[2, 6, 4]
[2, 6, 5]
[2, 6, 0, 3]
[2, 6, 0, 1]
0.375 0.38095238095238093
itercount --------> 12
[2, 3, 4]
[2, 3, 6]
[2, 3, 7]
[2, 3, 1]
[2, 3, 0]
[2, 3, 5]
[2, 3, 4, 6]
[2, 3, 4, 7]
0.38095238095238093 0.42857142857142855
itercount --------> 13
[2, 4, 1]
[2, 4, 3]
[2, 4, 6]
[2, 4, 0]
[2, 4, 5]
[2, 4, 7]
[2, 4, 1, 3]
[2, 4, 1, 6]
[2, 4, 1, 0]
[2, 4, 1, 5]
[2, 4, 1, 7]
[2, 4, 1, 3, 6]
[2, 4, 1, 3, 0]
[2, 4, 1, 3, 5]
0.42857142857142855 0.47368421052631576
itercount --------> 14
[2, 4, 1]
[2, 4, 3]
[2, 4, 6]
[2, 4, 0]
[2, 4, 7]
[2, 4, 5]
[2, 4, 1, 3]
[2, 4, 1, 6]
[2, 4, 1, 0]
[2, 4, 1, 7]
[2, 4, 1, 5]
[2, 4, 1, 3, 6]
[2, 4, 1, 3, 0]
[2, 4, 1, 3, 7]
[2, 4, 1, 3, 5]
[2, 4, 1, 3, 6, 0]
[2, 4, 1, 3, 6, 7]
0.47368421052631576 0.5
itercount --------> 15
[2, 3, 4]
[2, 3, 6]
[2, 3, 5]
[2, 3, 1]
[2, 3, 0]
[2, 3, 7]
[2, 3, 4, 6]
[2, 3, 4, 5]
[2, 3, 4, 1]
[2, 3, 4, 0]
[2, 3, 4, 7]
[2, 3, 4, 6, 5]
[2, 3, 4, 6, 1]
[2, 3, 4, 6, 0]
[2, 3, 4, 6, 7]
[2, 3, 4, 6, 5, 1]
[2, 3, 4, 6, 5, 0]
0.5 0.5238095238095238
itercount --------> 16
[4, 0, 2]
[4, 0, 3]
[4, 0, 6]
[4, 0, 5]
[4, 0, 1]
[4, 0, 7]
[4, 0, 2, 3]
[4, 0, 2, 6]
[4, 0, 2, 5]
[4, 0, 2, 1]
[4, 0, 2, 7]
[4, 0, 2, 3, 6]
[4, 0, 2, 3, 5]
[4, 0, 2, 3, 1]
[4, 0, 2, 3, 7]
[4, 0, 2, 3, 6, 5]
[4, 0, 2, 3, 6, 1]
[4, 0, 2, 3, 6, 7]
[4, 0, 2, 3, 6, 5, 1]
[4, 0, 2, 3, 6, 5, 7]
[4, 0, 2, 3, 6, 5, 1, 7]
failed -> 38 times
after fail n ======> 5
[3, 6, 1, 2, 5]
0.08 0.09090909090909091
itercount --------> 1
[5, 2, 3]
0.09090909090909091 0.10526315789473684
itercount --------> 2
[5, 0, 3]
0.10526315789473684 0.11538461538461539
itercount --------> 3
[6, 0, 1]
[6, 0, 2]
0.11538461538461539 0.17142857142857143
itercount --------> 4
[0, 2, 4]
[0, 2, 1]
0.17142857142857143 0.20689655172413793
itercount --------> 5
[0, 6, 2]
[0, 6, 4]
0.20689655172413793 0.25
itercount --------> 6
[0, 2, 6]
[0, 2, 1]
0.25 0.2916666666666667
itercount --------> 7
[2, 0, 5]
0.2916666666666667 0.3
itercount --------> 8
[1, 2, 0]
[1, 2, 5]
[1, 2, 6]
[1, 2, 7]
[1, 2, 4]
0.3 0.3157894736842105
itercount --------> 9
[4, 0, 6]
0.3157894736842105 0.3684210526315789
itercount --------> 10
[4, 0, 1]
[4, 0, 2]
[4, 0, 3]
[4, 0, 6]
0.3684210526315789 0.375
itercount --------> 11
[0, 1, 2]
[0, 1, 5]
[0, 1, 6]
[0, 1, 4]
[0, 1, 3]
[0, 1, 7]
[0, 1, 2, 5]
[0, 1, 2, 6]
[0, 1, 2, 4]
[0, 1, 2, 3]
[0, 1, 2, 7]
[0, 1, 2, 5, 6]
0.375 0.4117647058823529
itercount --------> 12
[4, 0, 3]
[4, 0, 7]
[4, 0, 5]
[4, 0, 1]
[4, 0, 2]
[4, 0, 6]
[4, 0, 3, 7]
[4, 0, 3, 5]
[4, 0, 3, 1]
[4, 0, 3, 2]
[4, 0, 3, 6]
[4, 0, 3, 7, 5]
[4, 0, 3, 7, 1]
[4, 0, 3, 7, 2]
[4, 0, 3, 7, 6]
0.4117647058823529 0.42105263157894735
itercount --------> 13
[3, 4, 0]
[3, 4, 5]
0.42105263157894735 0.4375
itercount --------> 14
[0, 5, 1]
[0, 5, 2]
[0, 5, 6]
[0, 5, 7]
[0, 5, 3]
[0, 5, 4]
[0, 5, 1, 2]
[0, 5, 1, 6]
0.4375 0.5
itercount --------> 15
[6, 0, 3]
[6, 0, 4]
[6, 0, 1]
[6, 0, 2]
[6, 0, 5]
[6, 0, 7]
[6, 0, 3, 4]
[6, 0, 3, 1]
[6, 0, 3, 2]
[6, 0, 3, 5]
[6, 0, 3, 7]
[6, 0, 3, 4, 1]
[6, 0, 3, 4, 2]
[6, 0, 3, 4, 5]
[6, 0, 3, 4, 7]
[6, 0, 3, 4, 1, 2]
[6, 0, 3, 4, 1, 5]
0.5 0.5238095238095238
itercount --------> 16
[4, 0, 3]
[4, 0, 6]
[4, 0, 5]
[4, 0, 1]
[4, 0, 2]
[4, 0, 7]
[4, 0, 3, 6]
[4, 0, 3, 5]
[4, 0, 3, 1]
[4, 0, 3, 2]
[4, 0, 3, 7]
[4, 0, 3, 6, 5]
[4, 0, 3, 6, 1]
[4, 0, 3, 6, 2]
[4, 0, 3, 6, 7]
[4, 0, 3, 6, 5, 1]
[4, 0, 3, 6, 5, 2]
[4, 0, 3, 6, 5, 7]
[4, 0, 3, 6, 5, 1, 2]
[4, 0, 3, 6, 5, 1, 7]
[4, 0, 3, 6, 5, 1, 2, 7]
failed -> 39 times
after fail n ======> 6
[3, 6, 1, 2, 5, 7]
0.08 0.13636363636363635
itercount --------> 1
[6, 1, 7]
0.13636363636363635 0.15789473684210525
itercount --------> 2
[6, 4, 7]
0.15789473684210525 0.18181818181818182
itercount --------> 3
[2, 1, 6]
[2, 1, 7]
[2, 1, 3]
0.18181818181818182 0.23529411764705882
itercount --------> 4
[1, 2, 5]
[1, 2, 6]
0.23529411764705882 0.2727272727272727
itercount --------> 5
[2, 6, 4]
[2, 6, 5]
0.2727272727272727 0.35294117647058826
itercount --------> 6
[1, 2, 5]
[1, 2, 7]
[1, 2, 0]
[1, 2, 4]
[1, 2, 6]
0.35294117647058826 0.3684210526315789
itercount --------> 7
[1, 2, 5]
0.3684210526315789 0.4117647058823529
itercount --------> 8
[1, 2, 5]
[1, 2, 3]
[1, 2, 7]
0.4117647058823529 0.4444444444444444
itercount --------> 9
[3, 1, 2]
[3, 1, 4]
[3, 1, 6]
0.4444444444444444 0.45454545454545453
itercount --------> 10
[4, 1, 2]
[4, 1, 3]
[4, 1, 5]
[4, 1, 6]
[4, 1, 0]
[4, 1, 7]
[4, 1, 2, 3]
[4, 1, 2, 5]
0.45454545454545453 0.5
itercount --------> 11
[4, 3, 0]
[4, 3, 5]
[4, 3, 6]
[4, 3, 1]
[4, 3, 2]
[4, 3, 7]
0.5 0.5217391304347826
itercount --------> 12
[4, 3, 7]
[4, 3, 0]
[4, 3, 5]
[4, 3, 1]
[4, 3, 2]
[4, 3, 6]
[4, 3, 7, 0]
[4, 3, 7, 5]
[4, 3, 7, 1]
[4, 3, 7, 2]
[4, 3, 7, 6]
[4, 3, 7, 0, 5]
[4, 3, 7, 0, 1]
[4, 3, 7, 0, 2]
0.5217391304347826 0.5416666666666666
itercount --------> 13
[4, 2, 0]
[4, 2, 6]
[4, 2, 3]
[4, 2, 5]
[4, 2, 1]
[4, 2, 7]
[4, 2, 0, 6]
[4, 2, 0, 3]
[4, 2, 0, 5]
[4, 2, 0, 1]
[4, 2, 0, 7]
[4, 2, 0, 6, 3]
[4, 2, 0, 6, 5]
[4, 2, 0, 6, 1]
[4, 2, 0, 6, 7]
[4, 2, 0, 6, 3, 5]
[4, 2, 0, 6, 3, 1]
[4, 2, 0, 6, 3, 7]
[4, 2, 0, 6, 3, 5, 1]
[4, 2, 0, 6, 3, 5, 7]
[4, 2, 0, 6, 3, 5, 1, 7]
failed -> 40 times
after fail n ======> 7
[3, 6, 1, 2, 5, 7, 4]
0.08 0.08695652173913043
itercount --------> 1
[3, 6, 1]
0.08695652173913043 0.09523809523809523
itercount --------> 2
[3, 6, 2]
0.09523809523809523 0.11764705882352941
itercount --------> 3
[6, 3, 4]
0.11764705882352941 0.125
itercount --------> 4
[1, 2, 0]
[1, 2, 6]
[1, 2, 3]
[1, 2, 5]
[1, 2, 7]
0.125 0.17647058823529413
itercount --------> 5
[1, 2, 6]
0.17647058823529413 0.1875
itercount --------> 6
[1, 2, 0]
[1, 2, 5]
[1, 2, 3]
[1, 2, 6]
[1, 2, 7]
[1, 2, 4]
[1, 2, 0, 5]
[1, 2, 0, 3]
[1, 2, 0, 6]
[1, 2, 0, 7]
[1, 2, 0, 4]
[1, 2, 0, 5, 3]
[1, 2, 0, 5, 6]
0.1875 0.19444444444444445
itercount --------> 7
[2, 1, 3]
0.19444444444444445 0.23529411764705882
itercount --------> 8
[2, 3, 5]
[2, 3, 1]
[2, 3, 4]
[2, 3, 6]
0.23529411764705882 0.25
itercount --------> 9
[3, 5, 6]
0.25 0.2608695652173913
itercount --------> 10
[6, 1, 2]
0.2608695652173913 0.27586206896551724
itercount --------> 11
[1, 6, 3]
[1, 6, 4]
0.27586206896551724 0.2962962962962963
itercount --------> 12
[3, 1, 4]
[3, 1, 6]
[3, 1, 2]
[3, 1, 7]
[3, 1, 5]
0.2962962962962963 0.3103448275862069
itercount --------> 13
[3, 4, 1]
[3, 4, 6]
[3, 4, 5]
[3, 4, 7]
[3, 4, 2]
[3, 4, 0]
[3, 4, 1, 6]
0.3103448275862069 0.32142857142857145
itercount --------> 14
[4, 6, 3]
[4, 6, 1]
[4, 6, 5]
0.32142857142857145 0.3333333333333333
itercount --------> 15
[5, 1, 2]
0.3333333333333333 0.44
itercount --------> 16
[1, 5, 4]
0.44 0.5
itercount --------> 17
[1, 2, 3]
[1, 2, 5]
[1, 2, 6]
[1, 2, 4]
[1, 2, 0]
0.5 0.5238095238095238
itercount --------> 18
[1, 3, 4]
[1, 3, 6]
[1, 3, 5]
[1, 3, 7]
[1, 3, 0]
[1, 3, 2]
[1, 3, 4, 6]
0.5238095238095238 0.5416666666666666
itercount --------> 19
[4, 1, 3]
[4, 1, 5]
0.5416666666666666 0.5909090909090909
itercount --------> 20
[1, 3, 4]
[1, 3, 0]
[1, 3, 7]
[1, 3, 2]
[1, 3, 5]
[1, 3, 6]
[1, 3, 4, 0]
[1, 3, 4, 7]
[1, 3, 4, 2]
[1, 3, 4, 5]
[1, 3, 4, 6]
[1, 3, 4, 0, 7]
[1, 3, 4, 0, 2]
[1, 3, 4, 0, 5]
[1, 3, 4, 0, 6]
[1, 3, 4, 0, 7, 2]
[1, 3, 4, 0, 7, 5]
[1, 3, 4, 0, 7, 6]
[1, 3, 4, 0, 7, 2, 5]
[1, 3, 4, 0, 7, 2, 6]
[1, 3, 4, 0, 7, 2, 5, 6]
failed -> 41 times
after fail n ======> 8
[3, 6, 1, 2, 5, 7, 4, 0]
0.08 0.10526315789473684
itercount --------> 1
[3, 6, 2]
0.10526315789473684 0.12903225806451613
itercount --------> 2
[1, 2, 6]
0.12903225806451613 0.13636363636363635
itercount --------> 3
[6, 2, 7]
0.13636363636363635 0.15789473684210525
itercount --------> 4
[6, 4, 7]
[6, 4, 2]
0.15789473684210525 0.17647058823529413
itercount --------> 5
[1, 2, 5]
[1, 2, 6]
[1, 2, 0]
0.17647058823529413 0.1875
itercount --------> 6
[1, 2, 0]
[1, 2, 5]
[1, 2, 6]
[1, 2, 7]
0.1875 0.25
itercount --------> 7
[1, 2, 0]
[1, 2, 5]
[1, 2, 6]
[1, 2, 3]
[1, 2, 7]
[1, 2, 4]
[1, 2, 0, 5]
[1, 2, 0, 6]
[1, 2, 0, 3]
[1, 2, 0, 7]
[1, 2, 0, 4]
[1, 2, 0, 5, 6]
[1, 2, 0, 5, 3]
[1, 2, 0, 5, 7]
[1, 2, 0, 5, 4]
[1, 2, 0, 5, 6, 3]
[1, 2, 0, 5, 6, 7]
[1, 2, 0, 5, 6, 4]
[1, 2, 0, 5, 6, 3, 7]
[1, 2, 0, 5, 6, 3, 4]
0.25 0.2631578947368421
itercount --------> 8
[6, 4, 0]
[6, 4, 1]
[6, 4, 2]
[6, 4, 5]
[6, 4, 3]
[6, 4, 7]
[6, 4, 0, 1]
0.2631578947368421 0.2727272727272727
itercount --------> 9
[4, 6, 0]
0.2727272727272727 0.30434782608695654
itercount --------> 10
[6, 4, 0]
0.30434782608695654 0.3333333333333333
itercount --------> 11
[4, 0, 6]
[4, 0, 3]
[4, 0, 5]
0.3333333333333333 0.35
itercount --------> 12
[4, 6, 0]
[4, 6, 3]
[4, 6, 1]
[4, 6, 7]
[4, 6, 5]
[4, 6, 2]
[4, 6, 0, 3]
[4, 6, 0, 1]
0.35 0.3684210526315789
itercount --------> 13
[4, 3, 6]
[4, 3, 0]
[4, 3, 7]
[4, 3, 5]
[4, 3, 1]
[4, 3, 2]
[4, 3, 6, 0]
[4, 3, 6, 7]
[4, 3, 6, 5]
0.3684210526315789 0.3888888888888889
itercount --------> 14
[4, 6, 0]
[4, 6, 3]
0.3888888888888889 0.5238095238095238
itercount --------> 15
[4, 0, 3]
[4, 0, 6]
[4, 0, 5]
[4, 0, 1]
[4, 0, 2]
[4, 0, 7]
[4, 0, 3, 6]
[4, 0, 3, 5]
[4, 0, 3, 1]
[4, 0, 3, 2]
[4, 0, 3, 7]
[4, 0, 3, 6, 5]
[4, 0, 3, 6, 1]
[4, 0, 3, 6, 2]
[4, 0, 3, 6, 7]
[4, 0, 3, 6, 5, 1]
[4, 0, 3, 6, 5, 2]
[4, 0, 3, 6, 5, 7]
[4, 0, 3, 6, 5, 1, 2]
[4, 0, 3, 6, 5, 1, 7]
[4, 0, 3, 6, 5, 1, 2, 7]
failed -> 42 times
after fail n ======> 5
[3, 6, 1, 2, 5]
0.08 0.08695652173913043
itercount --------> 1
[1, 6, 7]
[1, 6, 2]
0.08695652173913043 0.1111111111111111
itercount --------> 2
[1, 2, 6]
0.1111111111111111 0.13043478260869565
itercount --------> 3
[1, 6, 7]
0.13043478260869565 0.18181818181818182
itercount --------> 4
[7, 0, 1]
0.18181818181818182 0.2222222222222222
itercount --------> 5
[1, 2, 7]
0.2222222222222222 0.23529411764705882
itercount --------> 6
[7, 4, 6]
[7, 4, 3]
[7, 4, 0]
0.23529411764705882 0.25
itercount --------> 7
[0, 7, 1]
[0, 7, 2]
[0, 7, 5]
[0, 7, 3]
[0, 7, 6]
[0, 7, 4]
[0, 7, 1, 2]
0.25 0.2631578947368421
itercount --------> 8
[7, 3, 4]
[7, 3, 0]
0.2631578947368421 0.2692307692307692
itercount --------> 9
[7, 2, 4]
[7, 2, 0]
[7, 2, 6]
[7, 2, 1]
[7, 2, 5]
0.2692307692307692 0.30434782608695654
itercount --------> 10
[7, 0, 6]
[7, 0, 2]
[7, 0, 4]
[7, 0, 3]
[7, 0, 1]
[7, 0, 5]
[7, 0, 6, 2]
[7, 0, 6, 4]
0.30434782608695654 0.34615384615384615
itercount --------> 11
[2, 0, 3]
[2, 0, 7]
0.34615384615384615 0.45
itercount --------> 12
[7, 0, 6]
[7, 0, 3]
[7, 0, 1]
[7, 0, 2]
[7, 0, 4]
[7, 0, 5]
[7, 0, 6, 3]
0.45 0.45454545454545453
itercount --------> 13
[3, 4, 0]
[3, 4, 7]
[3, 4, 6]
[3, 4, 5]
[3, 4, 1]
[3, 4, 2]
[3, 4, 0, 7]
[3, 4, 0, 6]
[3, 4, 0, 5]
0.45454545454545453 0.5
itercount --------> 14
[3, 4, 0]
[3, 4, 7]
[3, 4, 5]
[3, 4, 6]
[3, 4, 1]
[3, 4, 2]
[3, 4, 0, 7]
[3, 4, 0, 5]
[3, 4, 0, 6]
[3, 4, 0, 1]
[3, 4, 0, 2]
0.5 0.5238095238095238
itercount --------> 15
[4, 0, 3]
[4, 0, 6]
[4, 0, 5]
[4, 0, 1]
[4, 0, 2]
[4, 0, 7]
[4, 0, 3, 6]
[4, 0, 3, 5]
[4, 0, 3, 1]
[4, 0, 3, 2]
[4, 0, 3, 7]
[4, 0, 3, 6, 5]
[4, 0, 3, 6, 1]
[4, 0, 3, 6, 2]
[4, 0, 3, 6, 7]
[4, 0, 3, 6, 5, 1]
[4, 0, 3, 6, 5, 2]
[4, 0, 3, 6, 5, 7]
[4, 0, 3, 6, 5, 1, 2]
[4, 0, 3, 6, 5, 1, 7]
[4, 0, 3, 6, 5, 1, 2, 7]
failed -> 43 times
after fail n ======> 6
[3, 6, 1, 2, 5, 7]
0.08 0.10714285714285714
itercount --------> 1
[1, 2, 0]
0.10714285714285714 0.11764705882352941
itercount --------> 2
[1, 2, 0]
[1, 2, 3]
0.11764705882352941 0.14285714285714285
itercount --------> 3
[6, 2, 4]
0.14285714285714285 0.2608695652173913
itercount --------> 4
[6, 2, 5]
0.2608695652173913 0.375
itercount --------> 5
[0, 1, 2]
[0, 1, 5]
[0, 1, 6]
[0, 1, 4]
[0, 1, 3]
[0, 1, 7]
[0, 1, 2, 5]
[0, 1, 2, 6]
0.375 0.4117647058823529
itercount --------> 6
[4, 0, 3]
[4, 0, 7]
[4, 0, 5]
[4, 0, 1]
[4, 0, 2]
[4, 0, 6]
[4, 0, 3, 7]
[4, 0, 3, 5]
[4, 0, 3, 1]
[4, 0, 3, 2]
[4, 0, 3, 6]
0.4117647058823529 0.42105263157894735
itercount --------> 7
[6, 4, 0]
[6, 4, 5]
[6, 4, 7]
[6, 4, 1]
[6, 4, 2]
[6, 4, 3]
[6, 4, 0, 5]
0.42105263157894735 0.4375
itercount --------> 8
[0, 5, 1]
[0, 5, 2]
[0, 5, 3]
[0, 5, 7]
[0, 5, 6]
[0, 5, 4]
[0, 5, 1, 2]
[0, 5, 1, 3]
0.4375 0.5
itercount --------> 9
[3, 0, 4]
[3, 0, 6]
[3, 0, 1]
[3, 0, 2]
[3, 0, 5]
[3, 0, 7]
[3, 0, 4, 6]
[3, 0, 4, 1]
[3, 0, 4, 2]
[3, 0, 4, 5]
[3, 0, 4, 7]
[3, 0, 4, 6, 1]
[3, 0, 4, 6, 2]
0.5 0.5238095238095238
itercount --------> 10
[4, 0, 3]
[4, 0, 6]
[4, 0, 5]
[4, 0, 1]
[4, 0, 2]
[4, 0, 7]
[4, 0, 3, 6]
[4, 0, 3, 5]
[4, 0, 3, 1]
[4, 0, 3, 2]
[4, 0, 3, 7]
[4, 0, 3, 6, 5]
[4, 0, 3, 6, 1]
[4, 0, 3, 6, 2]
[4, 0, 3, 6, 7]
[4, 0, 3, 6, 5, 1]
[4, 0, 3, 6, 5, 2]
[4, 0, 3, 6, 5, 7]
[4, 0, 3, 6, 5, 1, 2]
[4, 0, 3, 6, 5, 1, 7]
[4, 0, 3, 6, 5, 1, 2, 7]
failed -> 44 times
after fail n ======> 7
[3, 6, 1, 2, 5, 7, 4]
0.08 0.08695652173913043
itercount --------> 1
[3, 6, 2]
0.08695652173913043 0.09523809523809523
itercount --------> 2
[3, 6, 1]
0.09523809523809523 0.125
itercount --------> 3
[6, 1, 7]
0.125 0.16666666666666666
itercount --------> 4
[6, 7, 4]
[6, 7, 0]
[6, 7, 1]
0.16666666666666666 0.17647058823529413
itercount --------> 5
[6, 7, 4]
0.17647058823529413 0.21052631578947367
itercount --------> 6
[6, 4, 1]
[6, 4, 2]
[6, 4, 7]
[6, 4, 0]
[6, 4, 5]
[6, 4, 3]
[6, 4, 1, 2]
[6, 4, 1, 7]
0.21052631578947367 0.23529411764705882
itercount --------> 7
[1, 2, 5]
[1, 2, 6]
0.23529411764705882 0.25
itercount --------> 8
[4, 7, 1]
[4, 7, 0]
[4, 7, 3]
[4, 7, 5]
[4, 7, 6]
[4, 7, 2]
[4, 7, 1, 0]
0.25 0.2631578947368421
itercount --------> 9
[4, 6, 7]
[4, 6, 0]
0.2631578947368421 0.2727272727272727
itercount --------> 10
[1, 0, 7]
0.2727272727272727 0.28
itercount --------> 11
[7, 0, 4]
0.28 0.2857142857142857
itercount --------> 12
[7, 0, 6]
0.2857142857142857 0.3
itercount --------> 13
[7, 4, 0]
[7, 4, 3]
0.3 0.3157894736842105
itercount --------> 14
[4, 7, 0]
[4, 7, 3]
[4, 7, 5]
[4, 7, 6]
[4, 7, 1]
[4, 7, 2]
[4, 7, 0, 3]
[4, 7, 0, 5]
[4, 7, 0, 6]
0.3157894736842105 0.375
itercount --------> 15
[7, 3, 4]
[7, 3, 0]
[7, 3, 5]
[7, 3, 1]
[7, 3, 6]
[7, 3, 2]
[7, 3, 4, 0]
[7, 3, 4, 5]
[7, 3, 4, 1]
[7, 3, 4, 6]
[7, 3, 4, 2]
[7, 3, 4, 0, 5]
0.375 0.42105263157894735
itercount --------> 16
[3, 4, 0]
[3, 4, 7]
[3, 4, 5]
[3, 4, 1]
[3, 4, 2]
[3, 4, 6]
[3, 4, 0, 7]
[3, 4, 0, 5]
[3, 4, 0, 1]
[3, 4, 0, 2]
[3, 4, 0, 6]
[3, 4, 0, 7, 5]
[3, 4, 0, 7, 1]
[3, 4, 0, 7, 2]
[3, 4, 0, 7, 6]
[3, 4, 0, 7, 5, 1]
[3, 4, 0, 7, 5, 2]
[3, 4, 0, 7, 5, 6]
[3, 4, 0, 7, 5, 1, 2]
[3, 4, 0, 7, 5, 1, 6]
[3, 4, 0, 7, 5, 1, 2, 6]
failed -> 45 times
after fail n ======> 8
[3, 6, 1, 2, 5, 7, 4, 0]
0.08 0.1
itercount --------> 1
[6, 2, 1]
0.1 0.125
itercount --------> 2
[6, 1, 7]
0.125 0.14285714285714285
itercount --------> 3
[6, 4, 7]
0.14285714285714285 0.15384615384615385
itercount --------> 4
[2, 6, 5]
0.15384615384615385 0.15625
itercount --------> 5
[2, 5, 1]
0.15625 0.21739130434782608
itercount --------> 6
[5, 1, 2]
0.21739130434782608 0.3684210526315789
itercount --------> 7
[5, 6, 3]
[5, 6, 7]
[5, 6, 1]
[5, 6, 2]
0.3684210526315789 0.4117647058823529
itercount --------> 8
[1, 2, 5]
[1, 2, 3]
[1, 2, 7]
0.4117647058823529 0.4444444444444444
itercount --------> 9
[3, 1, 2]
[3, 1, 4]
[3, 1, 6]
0.4444444444444444 0.45454545454545453
itercount --------> 10
[4, 1, 2]
[4, 1, 3]
[4, 1, 5]
0.45454545454545453 0.5
itercount --------> 11
[4, 3, 6]
[4, 3, 1]
[4, 3, 2]
[4, 3, 0]
[4, 3, 5]
[4, 3, 7]
0.5 0.5217391304347826
itercount --------> 12
[4, 1, 2]
[4, 1, 3]
[4, 1, 6]
[4, 1, 7]
[4, 1, 0]
0.5217391304347826 0.5238095238095238
itercount --------> 13
[4, 0, 3]
[4, 0, 6]
[4, 0, 5]
[4, 0, 1]
[4, 0, 2]
[4, 0, 7]
[4, 0, 3, 6]
[4, 0, 3, 5]
[4, 0, 3, 1]
[4, 0, 3, 2]
[4, 0, 3, 7]
[4, 0, 3, 6, 5]
[4, 0, 3, 6, 1]
[4, 0, 3, 6, 2]
[4, 0, 3, 6, 7]
[4, 0, 3, 6, 5, 1]
[4, 0, 3, 6, 5, 2]
[4, 0, 3, 6, 5, 7]
[4, 0, 3, 6, 5, 1, 2]
[4, 0, 3, 6, 5, 1, 7]
[4, 0, 3, 6, 5, 1, 2, 7]
failed -> 46 times
after fail n ======> 5
[3, 6, 1, 2, 5]
0.08 0.09375
itercount --------> 1
[6, 1, 2]
0.09375 0.17857142857142858
itercount --------> 2
[1, 0, 4]
0.17857142857142858 0.21428571428571427
itercount --------> 3
[1, 0, 5]
[1, 0, 4]
[1, 0, 2]
[1, 0, 6]
0.21428571428571427 0.23684210526315788
itercount --------> 4
[1, 0, 2]
0.23684210526315788 0.2692307692307692
itercount --------> 5
[1, 0, 2]
0.2692307692307692 0.30434782608695654
itercount --------> 6
[1, 0, 2]
[1, 0, 5]
0.30434782608695654 0.3157894736842105
itercount --------> 7
[1, 0, 5]
0.3157894736842105 0.3181818181818182
itercount --------> 8
[1, 0, 4]
0.3181818181818182 0.3333333333333333
itercount --------> 9
[1, 0, 4]
0.3333333333333333 0.34782608695652173
itercount --------> 10
[1, 0, 5]
0.34782608695652173 0.3888888888888889
itercount --------> 11
[3, 0, 4]
0.3888888888888889 0.5238095238095238
itercount --------> 12
[4, 0, 3]
[4, 0, 6]
[4, 0, 5]
[4, 0, 1]
[4, 0, 2]
[4, 0, 7]
[4, 0, 3, 6]
[4, 0, 3, 5]
[4, 0, 3, 1]
[4, 0, 3, 2]
[4, 0, 3, 7]
[4, 0, 3, 6, 5]
[4, 0, 3, 6, 1]
[4, 0, 3, 6, 2]
[4, 0, 3, 6, 7]
[4, 0, 3, 6, 5, 1]
[4, 0, 3, 6, 5, 2]
[4, 0, 3, 6, 5, 7]
[4, 0, 3, 6, 5, 1, 2]
[4, 0, 3, 6, 5, 1, 7]
[4, 0, 3, 6, 5, 1, 2, 7]
failed -> 47 times
after fail n ======> 6
[3, 6, 1, 2, 5, 7]
0.08 0.13636363636363635
itercount --------> 1
[6, 2, 7]
[6, 2, 1]
0.13636363636363635 0.15625
itercount --------> 2
[5, 1, 2]
0.15625 0.27586206896551724
itercount --------> 3
[1, 2, 7]
[1, 2, 6]
0.27586206896551724 0.38095238095238093
itercount --------> 4
[1, 2, 4]
[1, 2, 7]
[1, 2, 6]
[1, 2, 3]
[1, 2, 5]
[1, 2, 0]
[1, 2, 4, 7]
0.38095238095238093 0.391304347826087
itercount --------> 5
[1, 2, 6]
[1, 2, 7]
[1, 2, 3]
[1, 2, 4]
[1, 2, 0]
[1, 2, 5]
[1, 2, 6, 7]
0.391304347826087 0.4
itercount --------> 6
[1, 2, 6]
[1, 2, 3]
[1, 2, 0]
0.4 0.4090909090909091
itercount --------> 7
[1, 3, 7]
[1, 3, 6]
[1, 3, 2]
[1, 3, 5]
[1, 3, 0]
[1, 3, 4]
[1, 3, 7, 6]
[1, 3, 7, 2]
[1, 3, 7, 5]
[1, 3, 7, 0]
[1, 3, 7, 4]
[1, 3, 7, 6, 2]
[1, 3, 7, 6, 5]
0.4090909090909091 0.4230769230769231
itercount --------> 8
[1, 3, 5]
[1, 3, 2]
[1, 3, 4]
[1, 3, 6]
[1, 3, 7]
[1, 3, 0]
[1, 3, 5, 2]
[1, 3, 5, 4]
[1, 3, 5, 6]
[1, 3, 5, 7]
[1, 3, 5, 0]
[1, 3, 5, 2, 4]
[1, 3, 5, 2, 6]
[1, 3, 5, 2, 7]
0.4230769230769231 0.45454545454545453
itercount --------> 9
[1, 3, 6]
[1, 3, 7]
[1, 3, 0]
[1, 3, 2]
[1, 3, 5]
[1, 3, 4]
[1, 3, 6, 7]
0.45454545454545453 0.4642857142857143
itercount --------> 10
[1, 5, 2]
[1, 5, 0]
[1, 5, 4]
[1, 5, 6]
[1, 5, 3]
[1, 5, 7]
[1, 5, 2, 0]
0.4642857142857143 0.5882352941176471
itercount --------> 11
[0, 4, 1]
[0, 4, 2]
[0, 4, 3]
[0, 4, 5]
[0, 4, 7]
[0, 4, 6]
[0, 4, 1, 2]
[0, 4, 1, 3]
[0, 4, 1, 5]
[0, 4, 1, 7]
[0, 4, 1, 6]
[0, 4, 1, 2, 3]
[0, 4, 1, 2, 5]
[0, 4, 1, 2, 7]
[0, 4, 1, 2, 6]
[0, 4, 1, 2, 3, 5]
[0, 4, 1, 2, 3, 7]
[0, 4, 1, 2, 3, 6]
[0, 4, 1, 2, 3, 5, 7]
[0, 4, 1, 2, 3, 5, 6]
[0, 4, 1, 2, 3, 5, 7, 6]
failed -> 48 times
after fail n ======> 7
[3, 6, 1, 2, 5, 7, 4]
0.08 0.10869565217391304
itercount --------> 1
[1, 2, 5]
0.10869565217391304 0.17857142857142858
itercount --------> 2
[5, 3, 1]
0.17857142857142858 0.3684210526315789
itercount --------> 3
[5, 4, 7]
[5, 4, 6]
[5, 4, 1]
[5, 4, 2]
0.3684210526315789 0.3888888888888889
itercount --------> 4
[5, 4, 3]
[5, 4, 6]
0.3888888888888889 0.42857142857142855
itercount --------> 5
[3, 4, 5]
[3, 4, 1]
[3, 4, 2]
0.42857142857142855 0.45
itercount --------> 6
[6, 5, 4]
[6, 5, 3]
[6, 5, 1]
[6, 5, 2]
[6, 5, 0]
[6, 5, 7]
[6, 5, 4, 3]
0.45 0.45454545454545453
itercount --------> 7
[5, 3, 4]
0.45454545454545453 0.4782608695652174
itercount --------> 8
[5, 6, 3]
[5, 6, 4]
0.4782608695652174 0.52
itercount --------> 9
[4, 3, 5]
[4, 3, 6]
[4, 3, 7]
[4, 3, 0]
[4, 3, 1]
[4, 3, 2]
[4, 3, 5, 6]
[4, 3, 5, 7]
[4, 3, 5, 0]
[4, 3, 5, 1]
0.52 0.5416666666666666
itercount --------> 10
[4, 1, 3]
[4, 1, 5]
[4, 1, 6]
[4, 1, 0]
[4, 1, 2]
[4, 1, 7]
[4, 1, 3, 5]
[4, 1, 3, 6]
[4, 1, 3, 0]
[4, 1, 3, 2]
[4, 1, 3, 7]
[4, 1, 3, 5, 6]
[4, 1, 3, 5, 0]
[4, 1, 3, 5, 2]
[4, 1, 3, 5, 7]
0.5416666666666666 0.5652173913043478
itercount --------> 11
[4, 1, 3]
[4, 1, 5]
[4, 1, 6]
[4, 1, 0]
[4, 1, 7]
[4, 1, 2]
[4, 1, 3, 5]
[4, 1, 3, 6]
[4, 1, 3, 0]
[4, 1, 3, 7]
[4, 1, 3, 2]
[4, 1, 3, 5, 6]
[4, 1, 3, 5, 0]
[4, 1, 3, 5, 7]
[4, 1, 3, 5, 2]
[4, 1, 3, 5, 6, 0]
[4, 1, 3, 5, 6, 7]
[4, 1, 3, 5, 6, 2]
[4, 1, 3, 5, 6, 0, 7]
[4, 1, 3, 5, 6, 0, 2]
[4, 1, 3, 5, 6, 0, 7, 2]
failed -> 49 times
after fail n ======> 8
[3, 6, 1, 2, 5, 7, 4, 0]
0.08 0.08695652173913043
itercount --------> 1
[3, 6, 2]
0.08695652173913043 0.11538461538461539
itercount --------> 2
[6, 1, 4]
0.11538461538461539 0.15
itercount --------> 3
[2, 6, 1]
0.15 0.17647058823529413
itercount --------> 4
[1, 2, 5]
[1, 2, 6]
[1, 2, 0]
[1, 2, 4]
[1, 2, 7]
0.17647058823529413 0.23529411764705882
itercount --------> 5
[1, 2, 5]
[1, 2, 6]
[1, 2, 0]
0.23529411764705882 0.25
itercount --------> 6
[1, 2, 0]
[1, 2, 5]
[1, 2, 6]
[1, 2, 3]
[1, 2, 7]
[1, 2, 4]
[1, 2, 0, 5]
[1, 2, 0, 6]
[1, 2, 0, 3]
[1, 2, 0, 7]
[1, 2, 0, 4]
[1, 2, 0, 5, 6]
[1, 2, 0, 5, 3]
[1, 2, 0, 5, 7]
[1, 2, 0, 5, 4]
[1, 2, 0, 5, 6, 3]
0.25 0.2857142857142857
itercount --------> 7
[6, 4, 3]
0.2857142857142857 0.3181818181818182
itercount --------> 8
[6, 0, 1]
[6, 0, 4]
[6, 0, 3]
0.3181818181818182 0.4090909090909091
itercount --------> 9
[6, 0, 1]
[6, 0, 4]
[6, 0, 3]
[6, 0, 5]
[6, 0, 2]
[6, 0, 7]
[6, 0, 1, 4]
[6, 0, 1, 3]
[6, 0, 1, 5]
[6, 0, 1, 2]
[6, 0, 1, 7]
[6, 0, 1, 4, 3]
[6, 0, 1, 4, 5]
0.4090909090909091 0.4166666666666667
itercount --------> 10
[0, 6, 1]
[0, 6, 4]
0.4166666666666667 0.42857142857142855
itercount --------> 11
[0, 6, 1]
[0, 6, 4]
[0, 6, 3]
[0, 6, 2]
[0, 6, 5]
[0, 6, 7]
[0, 6, 1, 4]
[0, 6, 1, 3]
[0, 6, 1, 2]
[0, 6, 1, 5]
0.42857142857142855 0.4583333333333333
itercount --------> 12
[0, 1, 4]
[0, 1, 6]
[0, 1, 3]
[0, 1, 5]
[0, 1, 2]
0.4583333333333333 0.5238095238095238
itercount --------> 13
[4, 0, 3]
[4, 0, 6]
[4, 0, 5]
[4, 0, 1]
[4, 0, 2]
[4, 0, 7]
[4, 0, 3, 6]
[4, 0, 3, 5]
[4, 0, 3, 1]
[4, 0, 3, 2]
[4, 0, 3, 7]
[4, 0, 3, 6, 5]
[4, 0, 3, 6, 1]
[4, 0, 3, 6, 2]
[4, 0, 3, 6, 7]
[4, 0, 3, 6, 5, 1]
[4, 0, 3, 6, 5, 2]
[4, 0, 3, 6, 5, 7]
[4, 0, 3, 6, 5, 1, 2]
[4, 0, 3, 6, 5, 1, 7]
[4, 0, 3, 6, 5, 1, 2, 7]
failed -> 50 times
after fail n ======> 5
Runs with the maximum attractor JI -> [32]
