{4: 40, 7: 35, 2: 30, 1: 29, 3: 29, 6: 29, 5: 24, 0: 20}
[4, 7, 2]
0.1111111111111111 0.1724137931034483
itercount --------> 1
[1, 7, 3]
[1, 7, 6]
[1, 7, 5]
0.1724137931034483 0.17857142857142858
itercount --------> 2
[1, 6, 2]
0.17857142857142858 0.2222222222222222
itercount --------> 3
[1, 7, 2]
0.2222222222222222 0.2692307692307692
itercount --------> 4
[1, 3, 5]
0.2692307692307692 0.29411764705882354
itercount --------> 5
[3, 1, 5]
0.29411764705882354 0.2962962962962963
itercount --------> 6
[1, 3, 7]
[1, 3, 2]
[1, 3, 5]
[1, 3, 6]
0.2962962962962963 0.32
itercount --------> 7
[2, 1, 3]
[2, 1, 6]
[2, 1, 7]
[2, 1, 4]
0.32 0.3333333333333333
itercount --------> 8
[2, 1, 3]
[2, 1, 6]
0.3333333333333333 0.375
itercount --------> 9
[2, 1, 0]
[2, 1, 3]
[2, 1, 6]
[2, 1, 7]
[2, 1, 4]
[2, 1, 5]
[2, 1, 0, 3]
0.375 0.391304347826087
itercount --------> 10
[2, 1, 3]
[2, 1, 6]
[2, 1, 0]
[2, 1, 4]
[2, 1, 7]
[2, 1, 5]
[2, 1, 3, 6]
[2, 1, 3, 0]
0.391304347826087 0.4090909090909091
itercount --------> 11
[2, 1, 3]
[2, 1, 6]
[2, 1, 0]
[2, 1, 7]
[2, 1, 4]
[2, 1, 5]
[2, 1, 3, 6]
[2, 1, 3, 0]
[2, 1, 3, 7]
[2, 1, 3, 4]
[2, 1, 3, 5]
0.4090909090909091 0.42857142857142855
itercount --------> 12
[2, 0, 1]
[2, 0, 6]
[2, 0, 7]
[2, 0, 3]
[2, 0, 5]
[2, 0, 4]
[2, 0, 1, 6]
[2, 0, 1, 7]
[2, 0, 1, 3]
[2, 0, 1, 5]
[2, 0, 1, 4]
[2, 0, 1, 6, 7]
[2, 0, 1, 6, 3]
[2, 0, 1, 6, 5]
[2, 0, 1, 6, 4]
[2, 0, 1, 6, 7, 3]
0.42857142857142855 0.45454545454545453
itercount --------> 13
[2, 7, 3]
[2, 7, 6]
[2, 7, 5]
[2, 7, 1]
[2, 7, 4]
[2, 7, 0]
[2, 7, 3, 6]
[2, 7, 3, 5]
[2, 7, 3, 1]
0.45454545454545453 0.5
itercount --------> 14
[1, 2, 3]
[1, 2, 6]
[1, 2, 7]
[1, 2, 4]
[1, 2, 0]
[1, 2, 5]
[1, 2, 3, 6]
[1, 2, 3, 7]
[1, 2, 3, 4]
[1, 2, 3, 0]
[1, 2, 3, 5]
[1, 2, 3, 6, 7]
[1, 2, 3, 6, 4]
[1, 2, 3, 6, 0]
[1, 2, 3, 6, 5]
[1, 2, 3, 6, 7, 4]
[1, 2, 3, 6, 7, 0]
[1, 2, 3, 6, 7, 5]
[1, 2, 3, 6, 7, 4, 0]
[1, 2, 3, 6, 7, 4, 5]
[1, 2, 3, 6, 7, 4, 0, 5]
failed Once
after fail n ======> 4
[4, 7, 2, 1]
0.1111111111111111 0.12195121951219512
itercount --------> 1
[2, 4, 6]
[2, 4, 1]
0.12195121951219512 0.1282051282051282
itercount --------> 2
[2, 4, 6]
0.1282051282051282 0.16666666666666666
itercount --------> 3
[2, 1, 6]
0.16666666666666666 0.1724137931034483
itercount --------> 4
[2, 1, 5]
0.1724137931034483 0.2
itercount --------> 5
[2, 3, 1]
0.2 0.2413793103448276
itercount --------> 6
[2, 7, 0]
0.2413793103448276 0.24324324324324326
itercount --------> 7
[2, 4, 1]
0.24324324324324326 0.2564102564102564
itercount --------> 8
[2, 1, 4]
[2, 1, 6]
0.2564102564102564 0.2857142857142857
itercount --------> 9
[1, 2, 4]
0.2857142857142857 0.30303030303030304
itercount --------> 10
[1, 2, 6]
[1, 2, 4]
[1, 2, 7]
[1, 2, 0]
[1, 2, 3]
0.30303030303030304 0.3157894736842105
itercount --------> 11
[1, 2, 6]
[1, 2, 3]
[1, 2, 7]
[1, 2, 4]
[1, 2, 0]
[1, 2, 5]
[1, 2, 6, 3]
0.3157894736842105 0.3333333333333333
itercount --------> 12
[1, 2, 6]
[1, 2, 3]
[1, 2, 7]
[1, 2, 4]
[1, 2, 0]
[1, 2, 5]
[1, 2, 6, 3]
[1, 2, 6, 7]
[1, 2, 6, 4]
0.3333333333333333 0.3793103448275862
itercount --------> 13
[1, 2, 6]
[1, 2, 3]
[1, 2, 7]
[1, 2, 0]
[1, 2, 5]
[1, 2, 4]
[1, 2, 6, 3]
[1, 2, 6, 7]
[1, 2, 6, 0]
[1, 2, 6, 5]
[1, 2, 6, 4]
[1, 2, 6, 3, 7]
[1, 2, 6, 3, 0]
[1, 2, 6, 3, 5]
[1, 2, 6, 3, 4]
0.3793103448275862 0.4230769230769231
itercount --------> 14
[1, 2, 0]
[1, 2, 5]
[1, 2, 7]
[1, 2, 3]
[1, 2, 6]
[1, 2, 4]
0.4230769230769231 0.44
itercount --------> 15
[1, 2, 7]
[1, 2, 0]
[1, 2, 5]
[1, 2, 4]
[1, 2, 3]
[1, 2, 6]
[1, 2, 7, 0]
[1, 2, 7, 5]
[1, 2, 7, 4]
[1, 2, 7, 3]
[1, 2, 7, 6]
[1, 2, 7, 0, 5]
0.44 0.45
itercount --------> 16
[1, 2, 0]
[1, 2, 4]
[1, 2, 7]
[1, 2, 3]
[1, 2, 5]
[1, 2, 6]
[1, 2, 0, 4]
[1, 2, 0, 7]
[1, 2, 0, 3]
[1, 2, 0, 5]
[1, 2, 0, 6]
[1, 2, 0, 4, 7]
[1, 2, 0, 4, 3]
[1, 2, 0, 4, 5]
[1, 2, 0, 4, 6]
[1, 2, 0, 4, 7, 3]
[1, 2, 0, 4, 7, 5]
0.45 0.5
itercount --------> 17
[2, 1, 4]
[2, 1, 6]
[2, 1, 7]
[2, 1, 3]
[2, 1, 5]
[2, 1, 0]
[2, 1, 4, 6]
[2, 1, 4, 7]
[2, 1, 4, 3]
[2, 1, 4, 5]
[2, 1, 4, 0]
[2, 1, 4, 6, 7]
[2, 1, 4, 6, 3]
[2, 1, 4, 6, 5]
[2, 1, 4, 6, 0]
[2, 1, 4, 6, 7, 3]
[2, 1, 4, 6, 7, 5]
[2, 1, 4, 6, 7, 0]
[2, 1, 4, 6, 7, 3, 5]
[2, 1, 4, 6, 7, 3, 0]
[2, 1, 4, 6, 7, 3, 5, 0]
failed -> 2 times
after fail n ======> 5
[4, 7, 2, 1, 3]
0.1111111111111111 0.13513513513513514
itercount --------> 1
[1, 2, 7]
0.13513513513513514 0.14285714285714285
itercount --------> 2
[1, 2, 6]
0.14285714285714285 0.2
itercount --------> 3
[1, 2, 4]
[1, 2, 5]
[1, 2, 3]
[1, 2, 6]
[1, 2, 7]
0.2 0.23333333333333334
itercount --------> 4
[1, 4, 2]
0.23333333333333334 0.25925925925925924
itercount --------> 5
[2, 1, 6]
0.25925925925925924 0.2857142857142857
itercount --------> 6
[1, 2, 3]
0.2857142857142857 0.3333333333333333
itercount --------> 7
[2, 1, 6]
[2, 1, 7]
[2, 1, 3]
[2, 1, 4]
[2, 1, 0]
[2, 1, 5]
[2, 1, 6, 7]
0.3333333333333333 0.36
itercount --------> 8
[2, 1, 6]
[2, 1, 7]
[2, 1, 0]
[2, 1, 3]
[2, 1, 4]
[2, 1, 5]
[2, 1, 6, 7]
[2, 1, 6, 0]
[2, 1, 6, 3]
0.36 0.391304347826087
itercount --------> 9
[2, 1, 3]
[2, 1, 6]
[2, 1, 0]
[2, 1, 7]
[2, 1, 4]
[2, 1, 5]
[2, 1, 3, 6]
[2, 1, 3, 0]
[2, 1, 3, 7]
0.391304347826087 0.4090909090909091
itercount --------> 10
[1, 2, 3]
[1, 2, 6]
[1, 2, 7]
[1, 2, 0]
[1, 2, 4]
[1, 2, 5]
[1, 2, 3, 6]
[1, 2, 3, 7]
[1, 2, 3, 0]
[1, 2, 3, 4]
0.4090909090909091 0.42857142857142855
itercount --------> 11
[1, 2, 3]
[1, 2, 6]
[1, 2, 7]
[1, 2, 0]
[1, 2, 5]
[1, 2, 4]
[1, 2, 3, 6]
[1, 2, 3, 7]
[1, 2, 3, 0]
[1, 2, 3, 5]
[1, 2, 3, 4]
0.42857142857142855 0.45
itercount --------> 12
[1, 2, 3]
[1, 2, 6]
[1, 2, 7]
[1, 2, 0]
[1, 2, 4]
[1, 2, 5]
[1, 2, 3, 6]
[1, 2, 3, 7]
[1, 2, 3, 0]
[1, 2, 3, 4]
[1, 2, 3, 5]
[1, 2, 3, 6, 7]
[1, 2, 3, 6, 0]
[1, 2, 3, 6, 4]
[1, 2, 3, 6, 5]
[1, 2, 3, 6, 7, 0]
0.45 0.5
itercount --------> 13
[1, 2, 3]
[1, 2, 6]
[1, 2, 7]
[1, 2, 4]
[1, 2, 0]
[1, 2, 5]
[1, 2, 3, 6]
[1, 2, 3, 7]
[1, 2, 3, 4]
[1, 2, 3, 0]
[1, 2, 3, 5]
[1, 2, 3, 6, 7]
[1, 2, 3, 6, 4]
[1, 2, 3, 6, 0]
[1, 2, 3, 6, 5]
[1, 2, 3, 6, 7, 4]
[1, 2, 3, 6, 7, 0]
[1, 2, 3, 6, 7, 5]
[1, 2, 3, 6, 7, 4, 0]
[1, 2, 3, 6, 7, 4, 5]
[1, 2, 3, 6, 7, 4, 0, 5]
failed -> 3 times
after fail n ======> 6
[4, 7, 2, 1, 3, 6]
0.1111111111111111 0.13636363636363635
itercount --------> 1
[4, 2, 1]
0.13636363636363635 0.1875
itercount --------> 2
[2, 1, 7]
0.1875 0.22580645161290322
itercount --------> 3
[2, 6, 1]
[2, 6, 7]
[2, 6, 0]
0.22580645161290322 0.2413793103448276
itercount --------> 4
[2, 6, 7]
0.2413793103448276 0.2692307692307692
itercount --------> 5
[2, 6, 1]
0.2692307692307692 0.28
itercount --------> 6
[2, 1, 0]
[2, 1, 7]
[2, 1, 3]
0.28 0.2916666666666667
itercount --------> 7
[2, 1, 6]
[2, 1, 0]
[2, 1, 5]
[2, 1, 7]
0.2916666666666667 0.36
itercount --------> 8
[2, 1, 6]
[2, 1, 0]
[2, 1, 7]
[2, 1, 3]
[2, 1, 5]
[2, 1, 4]
[2, 1, 6, 0]
[2, 1, 6, 7]
[2, 1, 6, 3]
0.36 0.391304347826087
itercount --------> 9
[2, 1, 3]
[2, 1, 6]
[2, 1, 0]
[2, 1, 7]
[2, 1, 4]
[2, 1, 5]
[2, 1, 3, 6]
[2, 1, 3, 0]
[2, 1, 3, 7]
0.391304347826087 0.4090909090909091
itercount --------> 10
[1, 2, 3]
[1, 2, 6]
[1, 2, 7]
[1, 2, 0]
[1, 2, 4]
[1, 2, 5]
[1, 2, 3, 6]
[1, 2, 3, 7]
[1, 2, 3, 0]
[1, 2, 3, 4]
0.4090909090909091 0.45
itercount --------> 11
[1, 2, 3]
[1, 2, 6]
[1, 2, 7]
[1, 2, 0]
[1, 2, 4]
[1, 2, 5]
[1, 2, 3, 6]
[1, 2, 3, 7]
[1, 2, 3, 0]
[1, 2, 3, 4]
[1, 2, 3, 5]
[1, 2, 3, 6, 7]
[1, 2, 3, 6, 0]
[1, 2, 3, 6, 4]
[1, 2, 3, 6, 5]
[1, 2, 3, 6, 7, 0]
0.45 0.5
itercount --------> 12
[1, 2, 3]
[1, 2, 6]
[1, 2, 7]
[1, 2, 4]
[1, 2, 0]
[1, 2, 5]
[1, 2, 3, 6]
[1, 2, 3, 7]
[1, 2, 3, 4]
[1, 2, 3, 0]
[1, 2, 3, 5]
[1, 2, 3, 6, 7]
[1, 2, 3, 6, 4]
[1, 2, 3, 6, 0]
[1, 2, 3, 6, 5]
[1, 2, 3, 6, 7, 4]
[1, 2, 3, 6, 7, 0]
[1, 2, 3, 6, 7, 5]
[1, 2, 3, 6, 7, 4, 0]
[1, 2, 3, 6, 7, 4, 5]
[1, 2, 3, 6, 7, 4, 0, 5]
failed -> 4 times
after fail n ======> 7
[4, 7, 2, 1, 3, 6, 5]
0.1111111111111111 0.13513513513513514
itercount --------> 1
[7, 6, 2]
0.13513513513513514 0.16666666666666666
itercount --------> 2
[2, 4, 1]
[2, 4, 3]
[2, 4, 0]
[2, 4, 5]
0.16666666666666666 0.1875
itercount --------> 3
[2, 4, 3]
0.1875 0.21739130434782608
itercount --------> 4
[2, 4, 5]
0.21739130434782608 0.2413793103448276
itercount --------> 5
[2, 4, 5]
0.2413793103448276 0.28
itercount --------> 6
[2, 4, 6]
0.28 0.3333333333333333
itercount --------> 7
[2, 0, 3]
[2, 0, 6]
[2, 0, 4]
[2, 0, 5]
[2, 0, 7]
[2, 0, 1]
[2, 0, 3, 6]
[2, 0, 3, 4]
[2, 0, 3, 5]
[2, 0, 3, 7]
0.3333333333333333 0.36
itercount --------> 8
[2, 4, 6]
[2, 4, 7]
0.36 0.391304347826087
itercount --------> 9
[2, 4, 7]
[2, 4, 3]
[2, 4, 0]
[2, 4, 6]
[2, 4, 1]
0.391304347826087 0.4090909090909091
itercount --------> 10
[2, 6, 7]
0.4090909090909091 0.45
itercount --------> 11
[1, 2, 3]
[1, 2, 6]
0.45 0.5
itercount --------> 12
[1, 2, 3]
[1, 2, 6]
[1, 2, 7]
[1, 2, 4]
[1, 2, 0]
[1, 2, 5]
[1, 2, 3, 6]
[1, 2, 3, 7]
[1, 2, 3, 4]
[1, 2, 3, 0]
[1, 2, 3, 5]
[1, 2, 3, 6, 7]
[1, 2, 3, 6, 4]
[1, 2, 3, 6, 0]
[1, 2, 3, 6, 5]
[1, 2, 3, 6, 7, 4]
[1, 2, 3, 6, 7, 0]
[1, 2, 3, 6, 7, 5]
[1, 2, 3, 6, 7, 4, 0]
[1, 2, 3, 6, 7, 4, 5]
[1, 2, 3, 6, 7, 4, 0, 5]
failed -> 5 times
after fail n ======> 8
[4, 7, 2, 1, 3, 6, 5, 0]
0.1111111111111111 0.13513513513513514
itercount --------> 1
[7, 6, 2]
0.13513513513513514 0.16666666666666666
itercount --------> 2
[2, 4, 1]
0.16666666666666666 0.2
itercount --------> 3
[2, 3, 1]
0.2 0.21428571428571427
itercount --------> 4
[2, 1, 0]
0.21428571428571427 0.25
itercount --------> 5
[1, 2, 0]
[1, 2, 4]
0.25 0.2692307692307692
itercount --------> 6
[1, 2, 0]
0.2692307692307692 0.2857142857142857
itercount --------> 7
[1, 2, 5]
[1, 2, 7]
0.2857142857142857 0.3103448275862069
itercount --------> 8
[1, 2, 6]
[1, 2, 5]
0.3103448275862069 0.3611111111111111
itercount --------> 9
[2, 1, 5]
[2, 1, 0]
[2, 1, 3]
[2, 1, 6]
[2, 1, 7]
[2, 1, 4]
[2, 1, 5, 0]
[2, 1, 5, 3]
[2, 1, 5, 6]
[2, 1, 5, 7]
[2, 1, 5, 4]
[2, 1, 5, 0, 3]
0.3611111111111111 0.37142857142857144
itercount --------> 10
[2, 1, 0]
[2, 1, 3]
0.37142857142857144 0.3939393939393939
itercount --------> 11
[2, 1, 0]
[2, 1, 6]
[2, 1, 7]
[2, 1, 3]
[2, 1, 5]
[2, 1, 4]
[2, 1, 0, 6]
[2, 1, 0, 7]
[2, 1, 0, 3]
[2, 1, 0, 5]
[2, 1, 0, 4]
0.3939393939393939 0.40625
itercount --------> 12
[2, 0, 1]
[2, 0, 6]
[2, 0, 7]
[2, 0, 3]
[2, 0, 5]
[2, 0, 4]
[2, 0, 1, 6]
[2, 0, 1, 7]
[2, 0, 1, 3]
[2, 0, 1, 5]
[2, 0, 1, 4]
[2, 0, 1, 6, 7]
[2, 0, 1, 6, 3]
[2, 0, 1, 6, 5]
[2, 0, 1, 6, 4]
0.40625 0.43333333333333335
itercount --------> 13
[2, 0, 1]
[2, 0, 6]
[2, 0, 7]
[2, 0, 3]
[2, 0, 5]
[2, 0, 4]
[2, 0, 1, 6]
[2, 0, 1, 7]
[2, 0, 1, 3]
[2, 0, 1, 5]
[2, 0, 1, 4]
[2, 0, 1, 6, 7]
[2, 0, 1, 6, 3]
[2, 0, 1, 6, 5]
[2, 0, 1, 6, 4]
[2, 0, 1, 6, 7, 3]
[2, 0, 1, 6, 7, 5]
[2, 0, 1, 6, 7, 4]
0.43333333333333335 0.4642857142857143
itercount --------> 14
[2, 0, 1]
[2, 0, 6]
[2, 0, 3]
[2, 0, 7]
[2, 0, 5]
[2, 0, 4]
[2, 0, 1, 6]
[2, 0, 1, 3]
[2, 0, 1, 7]
[2, 0, 1, 5]
[2, 0, 1, 4]
[2, 0, 1, 6, 3]
[2, 0, 1, 6, 7]
[2, 0, 1, 6, 5]
[2, 0, 1, 6, 4]
[2, 0, 1, 6, 3, 7]
[2, 0, 1, 6, 3, 5]
[2, 0, 1, 6, 3, 4]
0.4642857142857143 0.48148148148148145
itercount --------> 15
[2, 0, 1]
[2, 0, 6]
[2, 0, 3]
[2, 0, 5]
[2, 0, 7]
[2, 0, 4]
[2, 0, 1, 6]
[2, 0, 1, 3]
[2, 0, 1, 5]
[2, 0, 1, 7]
[2, 0, 1, 4]
[2, 0, 1, 6, 3]
[2, 0, 1, 6, 5]
[2, 0, 1, 6, 7]
[2, 0, 1, 6, 4]
[2, 0, 1, 6, 3, 5]
[2, 0, 1, 6, 3, 7]
[2, 0, 1, 6, 3, 4]
[2, 0, 1, 6, 3, 5, 7]
[2, 0, 1, 6, 3, 5, 4]
[2, 0, 1, 6, 3, 5, 7, 4]
failed -> 6 times
after fail n ======> 5
[4, 7, 2, 1, 3]
0.1111111111111111 0.13513513513513514
itercount --------> 1
[7, 6, 2]
[7, 6, 1]
0.13513513513513514 0.13636363636363635
itercount --------> 2
[4, 6, 7]
[4, 6, 2]
0.13636363636363635 0.16666666666666666
itercount --------> 3
[4, 7, 6]
[4, 7, 5]
0.16666666666666666 0.16981132075471697
itercount --------> 4
[2, 6, 1]
0.16981132075471697 0.21212121212121213
itercount --------> 5
[2, 1, 6]
[2, 1, 7]
[2, 1, 4]
[2, 1, 3]
0.21212121212121213 0.21875
itercount --------> 6
[2, 1, 6]
[2, 1, 7]
[2, 1, 0]
[2, 1, 4]
0.21875 0.23333333333333334
itercount --------> 7
[2, 1, 6]
[2, 1, 7]
[2, 1, 0]
[2, 1, 3]
0.23333333333333334 0.2727272727272727
itercount --------> 8
[1, 2, 6]
0.2727272727272727 0.28125
itercount --------> 9
[2, 1, 7]
[2, 1, 6]
[2, 1, 0]
[2, 1, 3]
[2, 1, 4]
[2, 1, 5]
[2, 1, 7, 6]
[2, 1, 7, 0]
[2, 1, 7, 3]
[2, 1, 7, 4]
0.28125 0.3
itercount --------> 10
[2, 1, 6]
[2, 1, 7]
[2, 1, 0]
[2, 1, 3]
[2, 1, 4]
[2, 1, 5]
[2, 1, 6, 7]
0.3 0.3125
itercount --------> 11
[1, 2, 6]
[1, 2, 7]
[1, 2, 3]
[1, 2, 4]
[1, 2, 5]
[1, 2, 0]
[1, 2, 6, 7]
0.3125 0.35135135135135137
itercount --------> 12
[2, 1, 6]
[2, 1, 3]
[2, 1, 7]
[2, 1, 5]
[2, 1, 4]
[2, 1, 0]
[2, 1, 6, 3]
0.35135135135135137 0.35714285714285715
itercount --------> 13
[2, 1, 3]
0.35714285714285715 0.36
itercount --------> 14
[2, 6, 3]
[2, 6, 7]
0.36 0.4090909090909091
itercount --------> 15
[2, 6, 1]
[2, 6, 7]
[2, 6, 3]
[2, 6, 4]
[2, 6, 0]
[2, 6, 5]
[2, 6, 1, 7]
0.4090909090909091 0.42857142857142855
itercount --------> 16
[1, 2, 6]
0.42857142857142855 0.45454545454545453
itercount --------> 17
[2, 1, 6]
[2, 1, 7]
[2, 1, 3]
[2, 1, 4]
[2, 1, 0]
[2, 1, 5]
[2, 1, 6, 7]
[2, 1, 6, 3]
[2, 1, 6, 4]
[2, 1, 6, 0]
[2, 1, 6, 5]
[2, 1, 6, 7, 3]
0.45454545454545453 0.47619047619047616
itercount --------> 18
[2, 1, 3]
[2, 1, 6]
[2, 1, 7]
[2, 1, 0]
[2, 1, 4]
[2, 1, 5]
[2, 1, 3, 6]
[2, 1, 3, 7]
[2, 1, 3, 0]
[2, 1, 3, 4]
[2, 1, 3, 5]
[2, 1, 3, 6, 7]
[2, 1, 3, 6, 0]
[2, 1, 3, 6, 4]
[2, 1, 3, 6, 5]
[2, 1, 3, 6, 7, 0]
[2, 1, 3, 6, 7, 4]
[2, 1, 3, 6, 7, 5]
[2, 1, 3, 6, 7, 0, 4]
[2, 1, 3, 6, 7, 0, 5]
[2, 1, 3, 6, 7, 0, 4, 5]
0.47619047619047616 0.5
itercount --------> 19
[1, 2, 3]
[1, 2, 6]
[1, 2, 7]
[1, 2, 4]
[1, 2, 0]
[1, 2, 5]
[1, 2, 3, 6]
[1, 2, 3, 7]
[1, 2, 3, 4]
[1, 2, 3, 0]
[1, 2, 3, 5]
[1, 2, 3, 6, 7]
[1, 2, 3, 6, 4]
[1, 2, 3, 6, 0]
[1, 2, 3, 6, 5]
[1, 2, 3, 6, 7, 4]
[1, 2, 3, 6, 7, 0]
[1, 2, 3, 6, 7, 5]
[1, 2, 3, 6, 7, 4, 0]
[1, 2, 3, 6, 7, 4, 5]
[1, 2, 3, 6, 7, 4, 0, 5]
failed -> 7 times
after fail n ======> 6
[4, 7, 2, 1, 3, 6]
0.1111111111111111 0.13333333333333333
itercount --------> 1
[4, 2, 1]
0.13333333333333333 0.1724137931034483
itercount --------> 2
[7, 1, 6]
0.1724137931034483 0.17857142857142858
itercount --------> 3
[1, 6, 2]
[1, 6, 5]
0.17857142857142858 0.25
itercount --------> 4
[1, 6, 5]
[1, 6, 2]
0.25 0.2608695652173913
itercount --------> 5
[1, 2, 5]
[1, 2, 3]
0.2608695652173913 0.2727272727272727
itercount --------> 6
[2, 1, 0]
[2, 1, 5]
[2, 1, 6]
[2, 1, 7]
0.2727272727272727 0.4090909090909091
itercount --------> 7
[2, 1, 6]
[2, 1, 7]
[2, 1, 4]
[2, 1, 0]
[2, 1, 3]
[2, 1, 5]
[2, 1, 6, 7]
[2, 1, 6, 4]
0.4090909090909091 0.42857142857142855
itercount --------> 8
[2, 1, 4]
[2, 1, 0]
[2, 1, 3]
[2, 1, 6]
[2, 1, 7]
[2, 1, 5]
[2, 1, 4, 0]
[2, 1, 4, 3]
[2, 1, 4, 6]
[2, 1, 4, 7]
0.42857142857142855 0.45
itercount --------> 9
[1, 2, 3]
[1, 2, 6]
[1, 2, 7]
[1, 2, 0]
[1, 2, 4]
[1, 2, 5]
[1, 2, 3, 6]
[1, 2, 3, 7]
[1, 2, 3, 0]
[1, 2, 3, 4]
[1, 2, 3, 5]
[1, 2, 3, 6, 7]
[1, 2, 3, 6, 0]
[1, 2, 3, 6, 4]
[1, 2, 3, 6, 5]
[1, 2, 3, 6, 7, 0]
0.45 0.45454545454545453
itercount --------> 10
[2, 4, 7]
[2, 4, 1]
[2, 4, 6]
[2, 4, 3]
[2, 4, 0]
[2, 4, 5]
[2, 4, 7, 1]
[2, 4, 7, 6]
[2, 4, 7, 3]
0.45454545454545453 0.47619047619047616
itercount --------> 11
[2, 1, 6]
[2, 1, 7]
[2, 1, 3]
[2, 1, 4]
[2, 1, 5]
[2, 1, 0]
[2, 1, 6, 7]
[2, 1, 6, 3]
[2, 1, 6, 4]
[2, 1, 6, 5]
[2, 1, 6, 0]
[2, 1, 6, 7, 3]
[2, 1, 6, 7, 4]
[2, 1, 6, 7, 5]
[2, 1, 6, 7, 0]
[2, 1, 6, 7, 3, 4]
[2, 1, 6, 7, 3, 5]
[2, 1, 6, 7, 3, 0]
[2, 1, 6, 7, 3, 4, 5]
[2, 1, 6, 7, 3, 4, 0]
[2, 1, 6, 7, 3, 4, 5, 0]
0.47619047619047616 0.5
itercount --------> 12
[1, 2, 3]
[1, 2, 6]
[1, 2, 7]
[1, 2, 4]
[1, 2, 0]
[1, 2, 5]
[1, 2, 3, 6]
[1, 2, 3, 7]
[1, 2, 3, 4]
[1, 2, 3, 0]
[1, 2, 3, 5]
[1, 2, 3, 6, 7]
[1, 2, 3, 6, 4]
[1, 2, 3, 6, 0]
[1, 2, 3, 6, 5]
[1, 2, 3, 6, 7, 4]
[1, 2, 3, 6, 7, 0]
[1, 2, 3, 6, 7, 5]
[1, 2, 3, 6, 7, 4, 0]
[1, 2, 3, 6, 7, 4, 5]
[1, 2, 3, 6, 7, 4, 0, 5]
failed -> 8 times
after fail n ======> 7
[4, 7, 2, 1, 3, 6, 5]
0.1111111111111111 0.12195121951219512
itercount --------> 1
[2, 4, 6]
0.12195121951219512 0.13513513513513514
itercount --------> 2
[4, 2, 0]
[4, 2, 1]
0.13513513513513514 0.13793103448275862
itercount --------> 3
[2, 1, 6]
[2, 1, 0]
[2, 1, 3]
0.13793103448275862 0.17857142857142858
itercount --------> 4
[2, 6, 1]
0.17857142857142858 0.2222222222222222
itercount --------> 5
[2, 7, 6]
[2, 7, 1]
[2, 7, 0]
0.2222222222222222 0.24242424242424243
itercount --------> 6
[2, 4, 6]
[2, 4, 1]
0.24242424242424243 0.2564102564102564
itercount --------> 7
[2, 1, 4]
0.2564102564102564 0.2647058823529412
itercount --------> 8
[2, 1, 7]
0.2647058823529412 0.2727272727272727
itercount --------> 9
[2, 1, 7]
[2, 1, 6]
0.2727272727272727 0.3333333333333333
itercount --------> 10
[2, 1, 7]
[2, 1, 3]
[2, 1, 6]
[2, 1, 4]
[2, 1, 5]
[2, 1, 0]
[2, 1, 7, 3]
[2, 1, 7, 6]
0.3333333333333333 0.35714285714285715
itercount --------> 11
[2, 1, 7]
[2, 1, 3]
[2, 1, 4]
[2, 1, 6]
[2, 1, 0]
[2, 1, 5]
[2, 1, 7, 3]
0.35714285714285715 0.4
itercount --------> 12
[2, 1, 7]
[2, 1, 4]
[2, 1, 3]
[2, 1, 6]
[2, 1, 0]
[2, 1, 5]
[2, 1, 7, 4]
0.4 0.43478260869565216
itercount --------> 13
[2, 1, 7]
[2, 1, 3]
[2, 1, 6]
[2, 1, 0]
[2, 1, 4]
[2, 1, 5]
[2, 1, 7, 3]
[2, 1, 7, 6]
[2, 1, 7, 0]
[2, 1, 7, 4]
[2, 1, 7, 5]
[2, 1, 7, 3, 6]
0.43478260869565216 0.45454545454545453
itercount --------> 14
[1, 2, 6]
[1, 2, 3]
[1, 2, 7]
[1, 2, 4]
[1, 2, 0]
[1, 2, 5]
[1, 2, 6, 3]
[1, 2, 6, 7]
[1, 2, 6, 4]
0.45454545454545453 0.47619047619047616
itercount --------> 15
[1, 2, 3]
[1, 2, 6]
[1, 2, 7]
[1, 2, 0]
[1, 2, 4]
[1, 2, 5]
[1, 2, 3, 6]
[1, 2, 3, 7]
[1, 2, 3, 0]
[1, 2, 3, 4]
0.47619047619047616 0.5
itercount --------> 16
[1, 2, 3]
[1, 2, 6]
[1, 2, 7]
[1, 2, 4]
[1, 2, 0]
[1, 2, 5]
[1, 2, 3, 6]
[1, 2, 3, 7]
[1, 2, 3, 4]
[1, 2, 3, 0]
[1, 2, 3, 5]
[1, 2, 3, 6, 7]
[1, 2, 3, 6, 4]
[1, 2, 3, 6, 0]
[1, 2, 3, 6, 5]
[1, 2, 3, 6, 7, 4]
[1, 2, 3, 6, 7, 0]
[1, 2, 3, 6, 7, 5]
[1, 2, 3, 6, 7, 4, 0]
[1, 2, 3, 6, 7, 4, 5]
[1, 2, 3, 6, 7, 4, 0, 5]
failed -> 9 times
after fail n ======> 8
[4, 7, 2, 1, 3, 6, 5, 0]
0.1111111111111111 0.11764705882352941
itercount --------> 1
[3, 7, 4]
0.11764705882352941 0.13513513513513514
itercount --------> 2
[6, 7, 2]
[6, 7, 1]
[6, 7, 4]
0.13513513513513514 0.13636363636363635
itercount --------> 3
[4, 6, 7]
0.13636363636363635 0.15
itercount --------> 4
[4, 7, 6]
0.15 0.15384615384615385
itercount --------> 5
[7, 2, 0]
0.15384615384615385 0.16666666666666666
itercount --------> 6
[2, 0, 3]
0.16666666666666666 0.2
itercount --------> 7
[2, 4, 0]
0.2 0.21739130434782608
itercount --------> 8
[2, 0, 7]
[2, 0, 3]
[2, 0, 1]
[2, 0, 4]
0.21739130434782608 0.23076923076923078
itercount --------> 9
[2, 1, 6]
0.23076923076923078 0.24
itercount --------> 10
[2, 1, 6]
0.24 0.2916666666666667
itercount --------> 11
[2, 3, 0]
[2, 3, 1]
[2, 3, 7]
[2, 3, 6]
[2, 3, 5]
[2, 3, 4]
0.2916666666666667 0.3333333333333333
itercount --------> 12
[2, 0, 4]
[2, 0, 3]
[2, 0, 1]
[2, 0, 5]
[2, 0, 7]
0.3333333333333333 0.38461538461538464
itercount --------> 13
[2, 4, 1]
[2, 4, 3]
[2, 4, 7]
0.38461538461538464 0.4166666666666667
itercount --------> 14
[2, 4, 1]
[2, 4, 7]
[2, 4, 3]
[2, 4, 6]
[2, 4, 0]
[2, 4, 5]
0.4166666666666667 0.43478260869565216
itercount --------> 15
[2, 4, 1]
[2, 4, 7]
[2, 4, 0]
[2, 4, 3]
[2, 4, 6]
[2, 4, 5]
[2, 4, 1, 7]
0.43478260869565216 0.45454545454545453
itercount --------> 16
[2, 1, 4]
[2, 1, 7]
[2, 1, 3]
[2, 1, 6]
[2, 1, 0]
[2, 1, 5]
[2, 1, 4, 7]
[2, 1, 4, 3]
[2, 1, 4, 6]
[2, 1, 4, 0]
[2, 1, 4, 5]
[2, 1, 4, 7, 3]
[2, 1, 4, 7, 6]
0.45454545454545453 0.47619047619047616
itercount --------> 17
[2, 1, 6]
[2, 1, 3]
[2, 1, 4]
[2, 1, 7]
[2, 1, 0]
[2, 1, 5]
[2, 1, 6, 3]
[2, 1, 6, 4]
[2, 1, 6, 7]
[2, 1, 6, 0]
[2, 1, 6, 5]
[2, 1, 6, 3, 4]
[2, 1, 6, 3, 7]
[2, 1, 6, 3, 0]
[2, 1, 6, 3, 5]
[2, 1, 6, 3, 4, 7]
[2, 1, 6, 3, 4, 0]
0.47619047619047616 0.5
itercount --------> 18
[2, 1, 0]
[2, 1, 6]
[2, 1, 3]
[2, 1, 7]
[2, 1, 4]
[2, 1, 5]
[2, 1, 0, 6]
[2, 1, 0, 3]
[2, 1, 0, 7]
[2, 1, 0, 4]
[2, 1, 0, 5]
[2, 1, 0, 6, 3]
[2, 1, 0, 6, 7]
[2, 1, 0, 6, 4]
[2, 1, 0, 6, 5]
[2, 1, 0, 6, 3, 7]
[2, 1, 0, 6, 3, 4]
[2, 1, 0, 6, 3, 5]
[2, 1, 0, 6, 3, 7, 4]
[2, 1, 0, 6, 3, 7, 5]
[2, 1, 0, 6, 3, 7, 4, 5]
failed -> 10 times
after fail n ======> 5
[4, 7, 2, 1, 3]
0.1111111111111111 0.12195121951219512
itercount --------> 1
[4, 6, 2]
0.12195121951219512 0.14285714285714285
itercount --------> 2
[2, 6, 1]
[2, 6, 3]
[2, 6, 7]
0.14285714285714285 0.1875
itercount --------> 3
[2, 1, 3]
0.1875 0.22580645161290322
itercount --------> 4
[2, 4, 6]
[2, 4, 3]
[2, 4, 7]
0.22580645161290322 0.28
itercount --------> 5
[2, 4, 0]
[2, 4, 5]
[2, 4, 1]
[2, 4, 7]
[2, 4, 3]
[2, 4, 6]
0.28 0.30434782608695654
itercount --------> 6
[2, 4, 0]
[2, 4, 6]
[2, 4, 5]
[2, 4, 7]
[2, 4, 1]
[2, 4, 3]
0.30434782608695654 0.3333333333333333
itercount --------> 7
[2, 0, 3]
[2, 0, 6]
[2, 0, 4]
[2, 0, 5]
[2, 0, 7]
0.3333333333333333 0.391304347826087
itercount --------> 8
[2, 4, 7]
[2, 4, 3]
[2, 4, 0]
0.391304347826087 0.42857142857142855
itercount --------> 9
[2, 3, 4]
[2, 3, 6]
[2, 3, 1]
[2, 3, 7]
[2, 3, 0]
[2, 3, 5]
[2, 3, 4, 6]
[2, 3, 4, 1]
0.42857142857142855 0.45
itercount --------> 10
[1, 2, 3]
[1, 2, 6]
0.45 0.5
itercount --------> 11
[1, 2, 3]
[1, 2, 6]
[1, 2, 7]
[1, 2, 4]
[1, 2, 0]
[1, 2, 5]
[1, 2, 3, 6]
[1, 2, 3, 7]
[1, 2, 3, 4]
[1, 2, 3, 0]
[1, 2, 3, 5]
[1, 2, 3, 6, 7]
[1, 2, 3, 6, 4]
[1, 2, 3, 6, 0]
[1, 2, 3, 6, 5]
[1, 2, 3, 6, 7, 4]
[1, 2, 3, 6, 7, 0]
[1, 2, 3, 6, 7, 5]
[1, 2, 3, 6, 7, 4, 0]
[1, 2, 3, 6, 7, 4, 5]
[1, 2, 3, 6, 7, 4, 0, 5]
failed -> 11 times
after fail n ======> 6
[4, 7, 2, 1, 3, 6]
0.1111111111111111 0.13513513513513514
itercount --------> 1
[7, 3, 2]
[7, 3, 1]
0.13513513513513514 0.13636363636363635
itercount --------> 2
[4, 2, 7]
0.13636363636363635 0.1875
itercount --------> 3
[2, 1, 3]
[2, 1, 7]
0.1875 0.20689655172413793
itercount --------> 4
[2, 1, 3]
[2, 1, 6]
0.20689655172413793 0.25
itercount --------> 5
[2, 1, 5]
[2, 1, 4]
0.25 0.2692307692307692
itercount --------> 6
[2, 1, 5]
[2, 1, 3]
[2, 1, 7]
0.2692307692307692 0.2857142857142857
itercount --------> 7
[2, 1, 7]
[2, 1, 5]
[2, 1, 3]
[2, 1, 0]
[2, 1, 4]
[2, 1, 6]
[2, 1, 7, 5]
0.2857142857142857 0.29411764705882354
itercount --------> 8
[2, 5, 3]
[2, 5, 1]
[2, 5, 6]
[2, 5, 7]
[2, 5, 4]
0.29411764705882354 0.3125
itercount --------> 9
[2, 5, 3]
0.3125 0.3333333333333333
itercount --------> 10
[2, 1, 5]
[2, 1, 3]
[2, 1, 6]
[2, 1, 7]
[2, 1, 4]
[2, 1, 0]
[2, 1, 5, 3]
[2, 1, 5, 6]
[2, 1, 5, 7]
[2, 1, 5, 4]
[2, 1, 5, 0]
[2, 1, 5, 3, 6]
[2, 1, 5, 3, 7]
0.3333333333333333 0.34782608695652173
itercount --------> 11
[2, 1, 5]
[2, 1, 0]
[2, 1, 7]
0.34782608695652173 0.391304347826087
itercount --------> 12
[2, 1, 7]
[2, 1, 6]
[2, 1, 4]
[2, 1, 5]
[2, 1, 0]
[2, 1, 3]
[2, 1, 7, 6]
0.391304347826087 0.4090909090909091
itercount --------> 13
[2, 1, 0]
[2, 1, 7]
[2, 1, 4]
0.4090909090909091 0.42857142857142855
itercount --------> 14
[1, 2, 4]
[1, 2, 7]
[1, 2, 3]
[1, 2, 6]
[1, 2, 0]
[1, 2, 5]
[1, 2, 4, 7]
[1, 2, 4, 3]
0.42857142857142855 0.45
itercount --------> 15
[1, 2, 3]
[1, 2, 6]
[1, 2, 7]
[1, 2, 0]
[1, 2, 4]
[1, 2, 5]
[1, 2, 3, 6]
[1, 2, 3, 7]
[1, 2, 3, 0]
[1, 2, 3, 4]
[1, 2, 3, 5]
[1, 2, 3, 6, 7]
[1, 2, 3, 6, 0]
[1, 2, 3, 6, 4]
[1, 2, 3, 6, 5]
[1, 2, 3, 6, 7, 0]
0.45 0.45454545454545453
itercount --------> 16
[2, 1, 7]
[2, 1, 4]
[2, 1, 6]
[2, 1, 3]
[2, 1, 0]
[2, 1, 5]
[2, 1, 7, 4]
[2, 1, 7, 6]
[2, 1, 7, 3]
0.45454545454545453 0.47619047619047616
itercount --------> 17
[2, 1, 7]
[2, 1, 3]
[2, 1, 6]
[2, 1, 0]
[2, 1, 4]
[2, 1, 5]
[2, 1, 7, 3]
[2, 1, 7, 6]
[2, 1, 7, 0]
[2, 1, 7, 4]
[2, 1, 7, 5]
[2, 1, 7, 3, 6]
[2, 1, 7, 3, 0]
[2, 1, 7, 3, 4]
[2, 1, 7, 3, 5]
[2, 1, 7, 3, 6, 0]
[2, 1, 7, 3, 6, 4]
[2, 1, 7, 3, 6, 5]
[2, 1, 7, 3, 6, 0, 4]
[2, 1, 7, 3, 6, 0, 5]
[2, 1, 7, 3, 6, 0, 4, 5]
failed -> 12 times
after fail n ======> 7
[4, 7, 2, 1, 3, 6, 5]
0.1111111111111111 0.11764705882352941
itercount --------> 1
[4, 1, 2]
0.11764705882352941 0.13333333333333333
itercount --------> 2
[1, 2, 4]
0.13333333333333333 0.14285714285714285
itercount --------> 3
[1, 2, 7]
0.14285714285714285 0.21428571428571427
itercount --------> 4
[1, 2, 0]
0.21428571428571427 0.25
itercount --------> 5
[1, 2, 7]
0.25 0.32142857142857145
itercount --------> 6
[1, 2, 6]
0.32142857142857145 0.3333333333333333
itercount --------> 7
[2, 1, 6]
[2, 1, 7]
[2, 1, 3]
[2, 1, 4]
[2, 1, 0]
[2, 1, 5]
[2, 1, 6, 7]
0.3333333333333333 0.36
itercount --------> 8
[2, 1, 6]
[2, 1, 7]
[2, 1, 0]
[2, 1, 3]
[2, 1, 4]
[2, 1, 5]
[2, 1, 6, 7]
[2, 1, 6, 0]
[2, 1, 6, 3]
0.36 0.391304347826087
itercount --------> 9
[2, 1, 3]
[2, 1, 6]
[2, 1, 0]
[2, 1, 7]
[2, 1, 4]
[2, 1, 5]
[2, 1, 3, 6]
[2, 1, 3, 0]
[2, 1, 3, 7]
0.391304347826087 0.4090909090909091
itercount --------> 10
[1, 2, 3]
[1, 2, 6]
[1, 2, 7]
[1, 2, 0]
[1, 2, 4]
[1, 2, 5]
[1, 2, 3, 6]
[1, 2, 3, 7]
[1, 2, 3, 0]
[1, 2, 3, 4]
0.4090909090909091 0.42857142857142855
itercount --------> 11
[1, 2, 3]
[1, 2, 6]
[1, 2, 7]
[1, 2, 0]
[1, 2, 5]
[1, 2, 4]
[1, 2, 3, 6]
[1, 2, 3, 7]
[1, 2, 3, 0]
[1, 2, 3, 5]
[1, 2, 3, 4]
0.42857142857142855 0.45
itercount --------> 12
[1, 2, 3]
[1, 2, 6]
[1, 2, 7]
[1, 2, 0]
[1, 2, 4]
[1, 2, 5]
[1, 2, 3, 6]
[1, 2, 3, 7]
[1, 2, 3, 0]
[1, 2, 3, 4]
[1, 2, 3, 5]
[1, 2, 3, 6, 7]
[1, 2, 3, 6, 0]
[1, 2, 3, 6, 4]
[1, 2, 3, 6, 5]
[1, 2, 3, 6, 7, 0]
0.45 0.5
itercount --------> 13
[1, 2, 3]
[1, 2, 6]
[1, 2, 7]
[1, 2, 4]
[1, 2, 0]
[1, 2, 5]
[1, 2, 3, 6]
[1, 2, 3, 7]
[1, 2, 3, 4]
[1, 2, 3, 0]
[1, 2, 3, 5]
[1, 2, 3, 6, 7]
[1, 2, 3, 6, 4]
[1, 2, 3, 6, 0]
[1, 2, 3, 6, 5]
[1, 2, 3, 6, 7, 4]
[1, 2, 3, 6, 7, 0]
[1, 2, 3, 6, 7, 5]
[1, 2, 3, 6, 7, 4, 0]
[1, 2, 3, 6, 7, 4, 5]
[1, 2, 3, 6, 7, 4, 0, 5]
failed -> 13 times
after fail n ======> 8
[4, 7, 2, 1, 3, 6, 5, 0]
0.1111111111111111 0.13513513513513514
itercount --------> 1
[1, 2, 7]
[1, 2, 3]
[1, 2, 6]
[1, 2, 5]
[1, 2, 0]
[1, 2, 4]
0.13513513513513514 0.15151515151515152
itercount --------> 2
[2, 7, 1]
[2, 7, 3]
0.15151515151515152 0.1875
itercount --------> 3
[2, 1, 3]
[2, 1, 7]
0.1875 0.20689655172413793
itercount --------> 4
[1, 2, 3]
[1, 2, 6]
0.20689655172413793 0.26666666666666666
itercount --------> 5
[2, 1, 5]
0.26666666666666666 0.2777777777777778
itercount --------> 6
[2, 5, 1]
[2, 5, 3]
[2, 5, 6]
[2, 5, 4]
0.2777777777777778 0.3125
itercount --------> 7
[2, 5, 3]
[2, 5, 1]
[2, 5, 6]
[2, 5, 7]
[2, 5, 4]
[2, 5, 0]
[2, 5, 3, 1]
[2, 5, 3, 6]
[2, 5, 3, 7]
[2, 5, 3, 4]
0.3125 0.3333333333333333
itercount --------> 8
[2, 5, 1]
[2, 5, 3]
[2, 5, 6]
[2, 5, 4]
[2, 5, 7]
[2, 5, 0]
[2, 5, 1, 3]
[2, 5, 1, 6]
0.3333333333333333 0.35714285714285715
itercount --------> 9
[2, 1, 3]
[2, 1, 5]
[2, 1, 6]
[2, 1, 4]
[2, 1, 7]
[2, 1, 0]
[2, 1, 3, 5]
[2, 1, 3, 6]
[2, 1, 3, 4]
[2, 1, 3, 7]
[2, 1, 3, 0]
[2, 1, 3, 5, 6]
[2, 1, 3, 5, 4]
[2, 1, 3, 5, 7]
[2, 1, 3, 5, 0]
[2, 1, 3, 5, 6, 4]
[2, 1, 3, 5, 6, 7]
[2, 1, 3, 5, 6, 0]
[2, 1, 3, 5, 6, 4, 7]
0.35714285714285715 0.36
itercount --------> 10
[1, 5, 2]
[1, 5, 3]
[1, 5, 6]
[1, 5, 0]
[1, 5, 7]
[1, 5, 4]
[1, 5, 2, 3]
[1, 5, 2, 6]
[1, 5, 2, 0]
[1, 5, 2, 7]
[1, 5, 2, 4]
[1, 5, 2, 3, 6]
[1, 5, 2, 3, 0]
[1, 5, 2, 3, 7]
[1, 5, 2, 3, 4]
[1, 5, 2, 3, 6, 0]
[1, 5, 2, 3, 6, 7]
[1, 5, 2, 3, 6, 4]
[1, 5, 2, 3, 6, 0, 7]
[1, 5, 2, 3, 6, 0, 4]
[1, 5, 2, 3, 6, 0, 7, 4]
0.36 0.36666666666666664
itercount --------> 11
[2, 5, 1]
[2, 5, 3]
[2, 5, 6]
[2, 5, 7]
[2, 5, 0]
[2, 5, 4]
[2, 5, 1, 3]
[2, 5, 1, 6]
[2, 5, 1, 7]
[2, 5, 1, 0]
[2, 5, 1, 4]
[2, 5, 1, 3, 6]
0.36666666666666664 0.38461538461538464
itercount --------> 12
[2, 1, 3]
[2, 1, 5]
[2, 1, 6]
[2, 1, 7]
[2, 1, 4]
[2, 1, 0]
[2, 1, 3, 5]
[2, 1, 3, 6]
[2, 1, 3, 7]
[2, 1, 3, 4]
[2, 1, 3, 0]
[2, 1, 3, 5, 6]
[2, 1, 3, 5, 7]
[2, 1, 3, 5, 4]
[2, 1, 3, 5, 0]
[2, 1, 3, 5, 6, 7]
[2, 1, 3, 5, 6, 4]
[2, 1, 3, 5, 6, 0]
0.38461538461538464 0.40625
itercount --------> 13
[2, 1, 3]
[2, 1, 6]
[2, 1, 5]
[2, 1, 4]
[2, 1, 7]
[2, 1, 0]
[2, 1, 3, 6]
[2, 1, 3, 5]
[2, 1, 3, 4]
[2, 1, 3, 7]
[2, 1, 3, 0]
[2, 1, 3, 6, 5]
[2, 1, 3, 6, 4]
[2, 1, 3, 6, 7]
[2, 1, 3, 6, 0]
[2, 1, 3, 6, 5, 4]
[2, 1, 3, 6, 5, 7]
[2, 1, 3, 6, 5, 0]
[2, 1, 3, 6, 5, 4, 7]
[2, 1, 3, 6, 5, 4, 0]
[2, 1, 3, 6, 5, 4, 7, 0]
failed -> 14 times
after fail n ======> 5
[4, 7, 2, 1, 3]
0.1111111111111111 0.14705882352941177
itercount --------> 1
[2, 1, 6]
0.14705882352941177 0.15151515151515152
itercount --------> 2
[2, 1, 4]
0.15151515151515152 0.16666666666666666
itercount --------> 3
[2, 1, 6]
0.16666666666666666 0.21428571428571427
itercount --------> 4
[1, 2, 5]
[1, 2, 6]
[1, 2, 3]
0.21428571428571427 0.25
itercount --------> 5
[1, 2, 5]
0.25 0.26666666666666666
itercount --------> 6
[1, 2, 7]
[1, 2, 3]
[1, 2, 0]
[1, 2, 4]
[1, 2, 5]
[1, 2, 6]
0.26666666666666666 0.3
itercount --------> 7
[1, 2, 7]
[1, 2, 5]
[1, 2, 0]
[1, 2, 3]
[1, 2, 6]
[1, 2, 4]
[1, 2, 7, 5]
0.3 0.34146341463414637
itercount --------> 8
[2, 1, 3]
[2, 1, 5]
[2, 1, 6]
[2, 1, 7]
[2, 1, 4]
[2, 1, 0]
[2, 1, 3, 5]
0.34146341463414637 0.34375
itercount --------> 9
[1, 2, 3]
0.34375 0.35714285714285715
itercount --------> 10
[1, 2, 3]
[1, 2, 7]
[1, 2, 4]
[1, 2, 5]
[1, 2, 6]
[1, 2, 0]
[1, 2, 3, 7]
[1, 2, 3, 4]
0.35714285714285715 0.375
itercount --------> 11
[1, 2, 7]
[1, 2, 3]
[1, 2, 5]
[1, 2, 6]
[1, 2, 4]
[1, 2, 0]
[1, 2, 7, 3]
0.375 0.4411764705882353
itercount --------> 12
[1, 2, 7]
[1, 2, 6]
[1, 2, 3]
[1, 2, 4]
[1, 2, 5]
[1, 2, 0]
[1, 2, 7, 6]
[1, 2, 7, 3]
[1, 2, 7, 4]
0.4411764705882353 0.5
itercount --------> 13
[1, 2, 7]
[1, 2, 3]
[1, 2, 6]
[1, 2, 4]
[1, 2, 5]
[1, 2, 0]
[1, 2, 7, 3]
[1, 2, 7, 6]
[1, 2, 7, 4]
[1, 2, 7, 5]
[1, 2, 7, 0]
[1, 2, 7, 3, 6]
[1, 2, 7, 3, 4]
[1, 2, 7, 3, 5]
[1, 2, 7, 3, 0]
[1, 2, 7, 3, 6, 4]
0.5 0.5172413793103449
itercount --------> 14
[1, 2, 3]
[1, 2, 7]
[1, 2, 4]
[1, 2, 5]
[1, 2, 6]
[1, 2, 0]
[1, 2, 3, 7]
[1, 2, 3, 4]
[1, 2, 3, 5]
[1, 2, 3, 6]
[1, 2, 3, 0]
[1, 2, 3, 7, 4]
[1, 2, 3, 7, 5]
[1, 2, 3, 7, 6]
[1, 2, 3, 7, 0]
[1, 2, 3, 7, 4, 5]
0.5172413793103449 0.5357142857142857
itercount --------> 15
[1, 3, 2]
[1, 3, 7]
[1, 3, 4]
[1, 3, 5]
[1, 3, 6]
[1, 3, 0]
[1, 3, 2, 7]
[1, 3, 2, 4]
[1, 3, 2, 5]
[1, 3, 2, 6]
[1, 3, 2, 0]
[1, 3, 2, 7, 4]
[1, 3, 2, 7, 5]
[1, 3, 2, 7, 6]
[1, 3, 2, 7, 0]
[1, 3, 2, 7, 4, 5]
[1, 3, 2, 7, 4, 6]
[1, 3, 2, 7, 4, 0]
[1, 3, 2, 7, 4, 5, 6]
[1, 3, 2, 7, 4, 5, 0]
[1, 3, 2, 7, 4, 5, 6, 0]
failed -> 15 times
after fail n ======> 6
[4, 7, 2, 1, 3, 6]
0.1111111111111111 0.14285714285714285
itercount --------> 1
[2, 1, 6]
0.14285714285714285 0.16129032258064516
itercount --------> 2
[1, 2, 3]
0.16129032258064516 0.2
itercount --------> 3
[2, 1, 3]
0.2 0.23333333333333334
itercount --------> 4
[1, 2, 4]
0.23333333333333334 0.25
itercount --------> 5
[1, 2, 5]
[1, 2, 6]
[1, 2, 7]
0.25 0.32142857142857145
itercount --------> 6
[1, 2, 6]
[1, 2, 4]
[1, 2, 7]
[1, 2, 3]
[1, 2, 5]
[1, 2, 0]
[1, 2, 6, 4]
0.32142857142857145 0.375
itercount --------> 7
[1, 2, 6]
0.375 0.391304347826087
itercount --------> 8
[2, 1, 3]
[2, 1, 7]
[2, 1, 0]
[2, 1, 6]
[2, 1, 4]
[2, 1, 5]
[2, 1, 3, 7]
0.391304347826087 0.42857142857142855
itercount --------> 9
[2, 1, 3]
[2, 1, 7]
[2, 1, 6]
[2, 1, 0]
[2, 1, 5]
[2, 1, 4]
[2, 1, 3, 7]
[2, 1, 3, 6]
0.42857142857142855 0.45
itercount --------> 10
[1, 2, 3]
[1, 2, 6]
[1, 2, 7]
[1, 2, 0]
[1, 2, 4]
[1, 2, 5]
[1, 2, 3, 6]
[1, 2, 3, 7]
[1, 2, 3, 0]
[1, 2, 3, 4]
[1, 2, 3, 5]
[1, 2, 3, 6, 7]
[1, 2, 3, 6, 0]
[1, 2, 3, 6, 4]
[1, 2, 3, 6, 5]
[1, 2, 3, 6, 7, 0]
0.45 0.5
itercount --------> 11
[1, 2, 3]
[1, 2, 6]
[1, 2, 7]
[1, 2, 4]
[1, 2, 0]
[1, 2, 5]
[1, 2, 3, 6]
[1, 2, 3, 7]
[1, 2, 3, 4]
[1, 2, 3, 0]
[1, 2, 3, 5]
[1, 2, 3, 6, 7]
[1, 2, 3, 6, 4]
[1, 2, 3, 6, 0]
[1, 2, 3, 6, 5]
[1, 2, 3, 6, 7, 4]
[1, 2, 3, 6, 7, 0]
[1, 2, 3, 6, 7, 5]
[1, 2, 3, 6, 7, 4, 0]
[1, 2, 3, 6, 7, 4, 5]
[1, 2, 3, 6, 7, 4, 0, 5]
failed -> 16 times
after fail n ======> 7
[4, 7, 2, 1, 3, 6, 5]
0.1111111111111111 0.15
itercount --------> 1
[1, 4, 2]
0.15 0.18181818181818182
itercount --------> 2
[1, 2, 7]
[1, 2, 3]
0.18181818181818182 0.1875
itercount --------> 3
[1, 2, 4]
0.1875 0.20689655172413793
itercount --------> 4
[1, 2, 7]
0.20689655172413793 0.27586206896551724
itercount --------> 5
[1, 2, 5]
[1, 2, 0]
[1, 2, 3]
[1, 2, 6]
[1, 2, 7]
0.27586206896551724 0.32142857142857145
itercount --------> 6
[1, 2, 6]
[1, 2, 3]
[1, 2, 4]
[1, 2, 7]
[1, 2, 0]
[1, 2, 5]
[1, 2, 6, 3]
0.32142857142857145 0.375
itercount --------> 7
[1, 2, 6]
[1, 2, 3]
[1, 2, 7]
[1, 2, 4]
[1, 2, 0]
[1, 2, 5]
[1, 2, 6, 3]
[1, 2, 6, 7]
[1, 2, 6, 4]
0.375 0.4090909090909091
itercount --------> 8
[1, 2, 6]
[1, 2, 3]
[1, 2, 7]
[1, 2, 0]
[1, 2, 5]
[1, 2, 4]
[1, 2, 6, 3]
[1, 2, 6, 7]
[1, 2, 6, 0]
[1, 2, 6, 5]
[1, 2, 6, 4]
[1, 2, 6, 3, 7]
[1, 2, 6, 3, 0]
[1, 2, 6, 3, 5]
[1, 2, 6, 3, 4]
[1, 2, 6, 3, 7, 0]
[1, 2, 6, 3, 7, 5]
0.4090909090909091 0.45454545454545453
itercount --------> 9
[1, 2, 4]
[1, 2, 3]
[1, 2, 7]
[1, 2, 6]
[1, 2, 0]
[1, 2, 5]
[1, 2, 4, 3]
0.45454545454545453 0.47619047619047616
itercount --------> 10
[1, 2, 3]
[1, 2, 0]
[1, 2, 4]
[1, 2, 7]
[1, 2, 6]
[1, 2, 5]
[1, 2, 3, 0]
[1, 2, 3, 4]
[1, 2, 3, 7]
0.47619047619047616 0.5
itercount --------> 11
[1, 2, 4]
[1, 2, 3]
[1, 2, 6]
[1, 2, 7]
[1, 2, 5]
[1, 2, 0]
[1, 2, 4, 3]
[1, 2, 4, 6]
[1, 2, 4, 7]
0.5 0.5217391304347826
itercount --------> 12
[1, 2, 4]
[1, 2, 3]
[1, 2, 6]
[1, 2, 7]
[1, 2, 5]
[1, 2, 0]
[1, 2, 4, 3]
[1, 2, 4, 6]
[1, 2, 4, 7]
[1, 2, 4, 5]
[1, 2, 4, 0]
[1, 2, 4, 3, 6]
[1, 2, 4, 3, 7]
[1, 2, 4, 3, 5]
[1, 2, 4, 3, 0]
[1, 2, 4, 3, 6, 7]
[1, 2, 4, 3, 6, 5]
[1, 2, 4, 3, 6, 0]
[1, 2, 4, 3, 6, 7, 5]
[1, 2, 4, 3, 6, 7, 0]
[1, 2, 4, 3, 6, 7, 5, 0]
0.5217391304347826 0.5454545454545454
itercount --------> 13
[1, 2, 3]
[1, 2, 6]
0.5454545454545454 0.5714285714285714
itercount --------> 14
[1, 2, 3]
[1, 2, 0]
[1, 2, 4]
[1, 2, 5]
[1, 2, 6]
[1, 2, 7]
[1, 2, 3, 0]
[1, 2, 3, 4]
[1, 2, 3, 5]
[1, 2, 3, 6]
[1, 2, 3, 7]
[1, 2, 3, 0, 4]
[1, 2, 3, 0, 5]
[1, 2, 3, 0, 6]
[1, 2, 3, 0, 7]
[1, 2, 3, 0, 4, 5]
[1, 2, 3, 0, 4, 6]
[1, 2, 3, 0, 4, 7]
[1, 2, 3, 0, 4, 5, 6]
[1, 2, 3, 0, 4, 5, 7]
[1, 2, 3, 0, 4, 5, 6, 7]
failed -> 17 times
after fail n ======> 8
[4, 7, 2, 1, 3, 6, 5, 0]
0.1111111111111111 0.13513513513513514
itercount --------> 1
[7, 2, 0]
[7, 2, 1]
0.13513513513513514 0.15151515151515152
itercount --------> 2
[1, 7, 4]
0.15151515151515152 0.16666666666666666
itercount --------> 3
[1, 7, 0]
0.16666666666666666 0.2
itercount --------> 4
[1, 4, 2]
0.2 0.20689655172413793
itercount --------> 5
[2, 1, 3]
0.20689655172413793 0.21428571428571427
itercount --------> 6
[2, 1, 6]
0.21428571428571427 0.3
itercount --------> 7
[2, 1, 7]
[2, 1, 6]
[2, 1, 0]
[2, 1, 4]
[2, 1, 3]
[2, 1, 5]
[2, 1, 7, 6]
[2, 1, 7, 0]
[2, 1, 7, 4]
0.3 0.32142857142857145
itercount --------> 8
[4, 1, 2]
[4, 1, 0]
0.32142857142857145 0.3333333333333333
itercount --------> 9
[2, 1, 6]
[2, 1, 0]
[2, 1, 7]
[2, 1, 3]
[2, 1, 4]
[2, 1, 5]
[2, 1, 6, 0]
[2, 1, 6, 7]
[2, 1, 6, 3]
[2, 1, 6, 4]
0.3333333333333333 0.375
itercount --------> 10
[1, 2, 0]
[1, 2, 4]
[1, 2, 7]
[1, 2, 3]
[1, 2, 5]
[1, 2, 6]
[1, 2, 0, 4]
[1, 2, 0, 7]
[1, 2, 0, 3]
[1, 2, 0, 5]
[1, 2, 0, 6]
[1, 2, 0, 4, 7]
[1, 2, 0, 4, 3]
[1, 2, 0, 4, 5]
[1, 2, 0, 4, 6]
[1, 2, 0, 4, 7, 3]
[1, 2, 0, 4, 7, 5]
[1, 2, 0, 4, 7, 6]
[1, 2, 0, 4, 7, 3, 5]
[1, 2, 0, 4, 7, 3, 6]
[1, 2, 0, 4, 7, 3, 5, 6]
failed -> 18 times
after fail n ======> 5
[4, 7, 2, 1, 3]
0.1111111111111111 0.125
itercount --------> 1
[4, 3, 1]
0.125 0.1282051282051282
itercount --------> 2
[3, 2, 4]
0.1282051282051282 0.14285714285714285
itercount --------> 3
[2, 3, 6]
[2, 3, 1]
0.14285714285714285 0.17142857142857143
itercount --------> 4
[3, 1, 2]
0.17142857142857143 0.2
itercount --------> 5
[2, 1, 3]
[2, 1, 4]
0.2 0.2222222222222222
itercount --------> 6
[1, 2, 3]
[1, 2, 6]
0.2222222222222222 0.2857142857142857
itercount --------> 7
[2, 1, 5]
[2, 1, 7]
[2, 1, 3]
[2, 1, 0]
[2, 1, 6]
[2, 1, 4]
[2, 1, 5, 7]
0.2857142857142857 0.29411764705882354
itercount --------> 8
[2, 5, 3]
[2, 5, 1]
[2, 5, 6]
[2, 5, 7]
[2, 5, 4]
[2, 5, 0]
[2, 5, 3, 1]
[2, 5, 3, 6]
[2, 5, 3, 7]
[2, 5, 3, 4]
0.29411764705882354 0.30303030303030304
itercount --------> 9
[2, 5, 3]
[2, 5, 1]
[2, 5, 6]
[2, 5, 7]
[2, 5, 4]
[2, 5, 0]
[2, 5, 3, 1]
[2, 5, 3, 6]
[2, 5, 3, 7]
[2, 5, 3, 4]
0.30303030303030304 0.3125
itercount --------> 10
[2, 5, 3]
[2, 5, 1]
[2, 5, 6]
[2, 5, 7]
[2, 5, 4]
[2, 5, 0]
[2, 5, 3, 1]
[2, 5, 3, 6]
[2, 5, 3, 7]
[2, 5, 3, 4]
0.3125 0.3333333333333333
itercount --------> 11
[2, 5, 1]
[2, 5, 3]
[2, 5, 6]
[2, 5, 4]
[2, 5, 7]
[2, 5, 0]
[2, 5, 1, 3]
[2, 5, 1, 6]
0.3333333333333333 0.35714285714285715
itercount --------> 12
[2, 1, 3]
[2, 1, 5]
[2, 1, 6]
[2, 1, 4]
[2, 1, 7]
[2, 1, 0]
[2, 1, 3, 5]
[2, 1, 3, 6]
[2, 1, 3, 4]
[2, 1, 3, 7]
[2, 1, 3, 0]
[2, 1, 3, 5, 6]
[2, 1, 3, 5, 4]
[2, 1, 3, 5, 7]
[2, 1, 3, 5, 0]
[2, 1, 3, 5, 6, 4]
[2, 1, 3, 5, 6, 7]
[2, 1, 3, 5, 6, 0]
[2, 1, 3, 5, 6, 4, 7]
[2, 1, 3, 5, 6, 4, 0]
0.35714285714285715 0.36
itercount --------> 13
[1, 5, 2]
[1, 5, 3]
[1, 5, 6]
[1, 5, 0]
[1, 5, 7]
[1, 5, 4]
[1, 5, 2, 3]
[1, 5, 2, 6]
[1, 5, 2, 0]
[1, 5, 2, 7]
[1, 5, 2, 4]
[1, 5, 2, 3, 6]
[1, 5, 2, 3, 0]
[1, 5, 2, 3, 7]
[1, 5, 2, 3, 4]
[1, 5, 2, 3, 6, 0]
[1, 5, 2, 3, 6, 7]
[1, 5, 2, 3, 6, 4]
[1, 5, 2, 3, 6, 0, 7]
[1, 5, 2, 3, 6, 0, 4]
0.36 0.375
itercount --------> 14
[1, 2, 3]
[1, 2, 5]
[1, 2, 0]
[1, 2, 6]
[1, 2, 4]
[1, 2, 7]
[1, 2, 3, 5]
[1, 2, 3, 0]
[1, 2, 3, 6]
[1, 2, 3, 4]
[1, 2, 3, 7]
[1, 2, 3, 5, 0]
[1, 2, 3, 5, 6]
[1, 2, 3, 5, 4]
[1, 2, 3, 5, 7]
[1, 2, 3, 5, 0, 6]
[1, 2, 3, 5, 0, 4]
[1, 2, 3, 5, 0, 7]
[1, 2, 3, 5, 0, 6, 4]
[1, 2, 3, 5, 0, 6, 7]
[1, 2, 3, 5, 0, 6, 4, 7]
failed -> 19 times
after fail n ======> 6
[4, 7, 2, 1, 3, 6]
0.1111111111111111 0.1724137931034483
itercount --------> 1
[4, 0, 2]
0.1724137931034483 0.18518518518518517
itercount --------> 2
[2, 0, 4]
[2, 0, 6]
[2, 0, 1]
0.18518518518518517 0.19230769230769232
itercount --------> 3
[2, 1, 6]
0.19230769230769232 0.2
itercount --------> 4
[1, 5, 2]
0.2 0.21428571428571427
itercount --------> 5
[5, 1, 3]
0.21428571428571427 0.32
itercount --------> 6
[1, 2, 5]
[1, 2, 0]
[1, 2, 6]
[1, 2, 3]
[1, 2, 4]
[1, 2, 7]
0.32 0.36
itercount --------> 7
[1, 2, 4]
0.36 0.375
itercount --------> 8
[1, 2, 6]
[1, 2, 3]
[1, 2, 4]
[1, 2, 7]
[1, 2, 0]
[1, 2, 5]
[1, 2, 6, 3]
0.375 0.4090909090909091
itercount --------> 9
[1, 2, 6]
[1, 2, 3]
[1, 2, 7]
[1, 2, 0]
[1, 2, 5]
[1, 2, 4]
[1, 2, 6, 3]
[1, 2, 6, 7]
[1, 2, 6, 0]
[1, 2, 6, 5]
[1, 2, 6, 4]
[1, 2, 6, 3, 7]
[1, 2, 6, 3, 0]
[1, 2, 6, 3, 5]
[1, 2, 6, 3, 4]
0.4090909090909091 0.42857142857142855
itercount --------> 10
[1, 2, 6]
[1, 2, 7]
[1, 2, 5]
[1, 2, 4]
[1, 2, 3]
[1, 2, 0]
[1, 2, 6, 7]
[1, 2, 6, 5]
[1, 2, 6, 4]
0.42857142857142855 0.45
itercount --------> 11
[1, 2, 0]
[1, 2, 4]
[1, 2, 7]
[1, 2, 3]
[1, 2, 5]
[1, 2, 6]
[1, 2, 0, 4]
[1, 2, 0, 7]
[1, 2, 0, 3]
[1, 2, 0, 5]
[1, 2, 0, 6]
[1, 2, 0, 4, 7]
[1, 2, 0, 4, 3]
[1, 2, 0, 4, 5]
[1, 2, 0, 4, 6]
[1, 2, 0, 4, 7, 3]
[1, 2, 0, 4, 7, 5]
0.45 0.47619047619047616
itercount --------> 12
[1, 2, 4]
[1, 2, 3]
[1, 2, 6]
[1, 2, 0]
[1, 2, 5]
[1, 2, 7]
[1, 2, 4, 3]
[1, 2, 4, 6]
[1, 2, 4, 0]
[1, 2, 4, 5]
[1, 2, 4, 7]
[1, 2, 4, 3, 6]
[1, 2, 4, 3, 0]
[1, 2, 4, 3, 5]
[1, 2, 4, 3, 7]
[1, 2, 4, 3, 6, 0]
[1, 2, 4, 3, 6, 5]
0.47619047619047616 0.5
itercount --------> 13
[1, 2, 4]
[1, 2, 0]
[1, 2, 3]
[1, 2, 6]
[1, 2, 5]
[1, 2, 7]
[1, 2, 4, 0]
[1, 2, 4, 3]
[1, 2, 4, 6]
[1, 2, 4, 5]
[1, 2, 4, 7]
[1, 2, 4, 0, 3]
[1, 2, 4, 0, 6]
[1, 2, 4, 0, 5]
[1, 2, 4, 0, 7]
[1, 2, 4, 0, 3, 6]
[1, 2, 4, 0, 3, 5]
[1, 2, 4, 0, 3, 7]
[1, 2, 4, 0, 3, 6, 5]
[1, 2, 4, 0, 3, 6, 7]
[1, 2, 4, 0, 3, 6, 5, 7]
failed -> 20 times
after fail n ======> 7
[4, 7, 2, 1, 3, 6, 5]
0.1111111111111111 0.13513513513513514
itercount --------> 1
[7, 6, 2]
0.13513513513513514 0.13636363636363635
itercount --------> 2
[4, 6, 7]
0.13636363636363635 0.16666666666666666
itercount --------> 3
[4, 7, 6]
[4, 7, 5]
[4, 7, 2]
[4, 7, 1]
0.16666666666666666 0.1875
itercount --------> 4
[6, 1, 7]
0.1875 0.2
itercount --------> 5
[1, 5, 6]
[1, 5, 7]
[1, 5, 4]
[1, 5, 2]
0.2 0.20689655172413793
itercount --------> 6
[1, 4, 6]
[1, 4, 5]
[1, 4, 7]
[1, 4, 2]
0.20689655172413793 0.21428571428571427
itercount --------> 7
[1, 6, 5]
[1, 6, 2]
0.21428571428571427 0.23076923076923078
itercount --------> 8
[1, 2, 5]
[1, 2, 3]
[1, 2, 7]
[1, 2, 0]
[1, 2, 6]
[1, 2, 4]
[1, 2, 5, 3]
[1, 2, 5, 7]
0.23076923076923078 0.3076923076923077
itercount --------> 9
[2, 1, 3]
0.3076923076923077 0.36
itercount --------> 10
[2, 1, 7]
[2, 1, 6]
0.36 0.4074074074074074
itercount --------> 11
[1, 2, 6]
[1, 2, 4]
[1, 2, 7]
[1, 2, 0]
[1, 2, 5]
[1, 2, 3]
[1, 2, 6, 4]
0.4074074074074074 0.44
itercount --------> 12
[1, 2, 6]
[1, 2, 4]
[1, 2, 0]
[1, 2, 5]
[1, 2, 7]
[1, 2, 3]
[1, 2, 6, 4]
[1, 2, 6, 0]
[1, 2, 6, 5]
[1, 2, 6, 7]
[1, 2, 6, 3]
[1, 2, 6, 4, 0]
0.44 0.4583333333333333
itercount --------> 13
[2, 1, 4]
[2, 1, 0]
[2, 1, 5]
[2, 1, 7]
[2, 1, 3]
[2, 1, 6]
[2, 1, 4, 0]
[2, 1, 4, 5]
[2, 1, 4, 7]
[2, 1, 4, 3]
[2, 1, 4, 6]
[2, 1, 4, 0, 5]
[2, 1, 4, 0, 7]
[2, 1, 4, 0, 3]
[2, 1, 4, 0, 6]
[2, 1, 4, 0, 5, 7]
[2, 1, 4, 0, 5, 3]
0.4583333333333333 0.48
itercount --------> 14
[1, 2, 3]
[1, 2, 5]
[1, 2, 4]
[1, 2, 0]
[1, 2, 6]
[1, 2, 7]
[1, 2, 3, 5]
[1, 2, 3, 4]
[1, 2, 3, 0]
[1, 2, 3, 6]
[1, 2, 3, 7]
[1, 2, 3, 5, 4]
[1, 2, 3, 5, 0]
[1, 2, 3, 5, 6]
[1, 2, 3, 5, 7]
[1, 2, 3, 5, 4, 0]
[1, 2, 3, 5, 4, 6]
[1, 2, 3, 5, 4, 7]
[1, 2, 3, 5, 4, 0, 6]
[1, 2, 3, 5, 4, 0, 7]
[1, 2, 3, 5, 4, 0, 6, 7]
failed -> 21 times
after fail n ======> 8
[4, 7, 2, 1, 3, 6, 5, 0]
0.1111111111111111 0.12195121951219512
itercount --------> 1
[4, 7, 2]
0.12195121951219512 0.13513513513513514
itercount --------> 2
[2, 6, 7]
0.13513513513513514 0.16666666666666666
itercount --------> 3
[6, 2, 1]
[6, 2, 5]
[6, 2, 7]
0.16666666666666666 0.17647058823529413
itercount --------> 4
[2, 6, 4]
[2, 6, 1]
0.17647058823529413 0.18181818181818182
itercount --------> 5
[2, 6, 4]
0.18181818181818182 0.20689655172413793
itercount --------> 6
[2, 1, 6]
[2, 1, 5]
[2, 1, 4]
0.20689655172413793 0.2222222222222222
itercount --------> 7
[2, 1, 6]
0.2222222222222222 0.23076923076923078
itercount --------> 8
[2, 1, 3]
0.23076923076923078 0.28
itercount --------> 9
[2, 1, 7]
0.28 0.36
itercount --------> 10
[2, 1, 6]
[2, 1, 7]
[2, 1, 3]
[2, 1, 5]
[2, 1, 0]
[2, 1, 4]
[2, 1, 6, 7]
0.36 0.375
itercount --------> 11
[2, 1, 6]
[2, 1, 7]
[2, 1, 0]
[2, 1, 3]
[2, 1, 4]
[2, 1, 5]
[2, 1, 6, 7]
[2, 1, 6, 0]
[2, 1, 6, 3]
0.375 0.391304347826087
itercount --------> 12
[2, 1, 3]
[2, 1, 0]
[2, 1, 6]
[2, 1, 7]
[2, 1, 4]
[2, 1, 5]
[2, 1, 3, 0]
[2, 1, 3, 6]
[2, 1, 3, 7]
0.391304347826087 0.42857142857142855
itercount --------> 13
[1, 2, 3]
[1, 2, 6]
[1, 2, 7]
[1, 2, 0]
[1, 2, 5]
[1, 2, 4]
[1, 2, 3, 6]
[1, 2, 3, 7]
[1, 2, 3, 0]
[1, 2, 3, 5]
[1, 2, 3, 4]
[1, 2, 3, 6, 7]
[1, 2, 3, 6, 0]
[1, 2, 3, 6, 5]
[1, 2, 3, 6, 4]
0.42857142857142855 0.45
itercount --------> 14
[1, 2, 3]
[1, 2, 6]
[1, 2, 7]
[1, 2, 0]
[1, 2, 5]
[1, 2, 4]
[1, 2, 3, 6]
[1, 2, 3, 7]
[1, 2, 3, 0]
[1, 2, 3, 5]
[1, 2, 3, 4]
[1, 2, 3, 6, 7]
[1, 2, 3, 6, 0]
[1, 2, 3, 6, 5]
[1, 2, 3, 6, 4]
[1, 2, 3, 6, 7, 0]
0.45 0.5
itercount --------> 15
[1, 2, 3]
[1, 2, 6]
[1, 2, 7]
[1, 2, 0]
[1, 2, 5]
[1, 2, 4]
[1, 2, 3, 6]
[1, 2, 3, 7]
[1, 2, 3, 0]
[1, 2, 3, 5]
[1, 2, 3, 4]
[1, 2, 3, 6, 7]
[1, 2, 3, 6, 0]
[1, 2, 3, 6, 5]
[1, 2, 3, 6, 4]
[1, 2, 3, 6, 7, 0]
[1, 2, 3, 6, 7, 5]
[1, 2, 3, 6, 7, 4]
[1, 2, 3, 6, 7, 0, 5]
[1, 2, 3, 6, 7, 0, 4]
[1, 2, 3, 6, 7, 0, 5, 4]
failed -> 22 times
after fail n ======> 5
[4, 7, 2, 1, 3]
0.1111111111111111 0.12195121951219512
itercount --------> 1
[4, 6, 2]
[4, 6, 1]
0.12195121951219512 0.14285714285714285
itercount --------> 2
[1, 2, 6]
[1, 2, 3]
[1, 2, 4]
[1, 2, 7]
0.14285714285714285 0.15151515151515152
itercount --------> 3
[1, 2, 6]
[1, 2, 4]
[1, 2, 3]
0.15151515151515152 0.16129032258064516
itercount --------> 4
[1, 4, 2]
0.16129032258064516 0.17857142857142858
itercount --------> 5
[1, 2, 6]
0.17857142857142858 0.21428571428571427
itercount --------> 6
[1, 2, 7]
[1, 2, 6]
[1, 2, 3]
0.21428571428571427 0.25925925925925924
itercount --------> 7
[1, 2, 6]
0.25925925925925924 0.2857142857142857
itercount --------> 8
[2, 1, 7]
[2, 1, 4]
[2, 1, 5]
[2, 1, 6]
[2, 1, 0]
[2, 1, 3]
[2, 1, 7, 4]
0.2857142857142857 0.32
itercount --------> 9
[2, 1, 7]
0.32 0.3333333333333333
itercount --------> 10
[2, 1, 6]
0.3333333333333333 0.375
itercount --------> 11
[2, 1, 4]
[2, 1, 6]
[2, 1, 7]
[2, 1, 5]
[2, 1, 0]
[2, 1, 3]
[2, 1, 4, 6]
0.375 0.391304347826087
itercount --------> 12
[2, 1, 6]
[2, 1, 7]
[2, 1, 4]
0.391304347826087 0.4090909090909091
itercount --------> 13
[2, 1, 0]
[2, 1, 7]
[2, 1, 4]
[2, 1, 5]
[2, 1, 3]
[2, 1, 6]
[2, 1, 0, 7]
[2, 1, 0, 4]
[2, 1, 0, 5]
[2, 1, 0, 3]
[2, 1, 0, 6]
[2, 1, 0, 7, 4]
[2, 1, 0, 7, 5]
[2, 1, 0, 7, 3]
[2, 1, 0, 7, 6]
[2, 1, 0, 7, 4, 5]
[2, 1, 0, 7, 4, 3]
0.4090909090909091 0.45
itercount --------> 14
[1, 2, 0]
[1, 2, 4]
[1, 2, 7]
[1, 2, 3]
[1, 2, 5]
[1, 2, 6]
[1, 2, 0, 4]
[1, 2, 0, 7]
[1, 2, 0, 3]
[1, 2, 0, 5]
[1, 2, 0, 6]
[1, 2, 0, 4, 7]
[1, 2, 0, 4, 3]
[1, 2, 0, 4, 5]
[1, 2, 0, 4, 6]
[1, 2, 0, 4, 7, 3]
[1, 2, 0, 4, 7, 5]
[1, 2, 0, 4, 7, 6]
[1, 2, 0, 4, 7, 3, 5]
[1, 2, 0, 4, 7, 3, 6]
[1, 2, 0, 4, 7, 3, 5, 6]
failed -> 23 times
after fail n ======> 6
[4, 7, 2, 1, 3, 6]
0.1111111111111111 0.12195121951219512
itercount --------> 1
[2, 4, 6]
[2, 4, 1]
0.12195121951219512 0.14705882352941177
itercount --------> 2
[2, 1, 6]
0.14705882352941177 0.1935483870967742
itercount --------> 3
[1, 2, 4]
0.1935483870967742 0.2
itercount --------> 4
[2, 1, 5]
[2, 1, 4]
[2, 1, 6]
[2, 1, 3]
[2, 1, 7]
0.2 0.23333333333333334
itercount --------> 5
[1, 2, 4]
0.23333333333333334 0.25925925925925924
itercount --------> 6
[1, 2, 6]
[1, 2, 5]
[1, 2, 3]
0.25925925925925924 0.2857142857142857
itercount --------> 7
[1, 2, 6]
0.2857142857142857 0.3333333333333333
itercount --------> 8
[2, 1, 6]
[2, 1, 7]
[2, 1, 3]
[2, 1, 4]
[2, 1, 0]
[2, 1, 5]
[2, 1, 6, 7]
0.3333333333333333 0.36
itercount --------> 9
[2, 1, 6]
[2, 1, 7]
[2, 1, 0]
[2, 1, 3]
[2, 1, 4]
[2, 1, 5]
[2, 1, 6, 7]
[2, 1, 6, 0]
[2, 1, 6, 3]
0.36 0.391304347826087
itercount --------> 10
[2, 1, 0]
[2, 1, 6]
[2, 1, 3]
[2, 1, 7]
[2, 1, 5]
[2, 1, 4]
[2, 1, 0, 6]
[2, 1, 0, 3]
[2, 1, 0, 7]
0.391304347826087 0.4166666666666667
itercount --------> 11
[2, 3, 6]
[2, 3, 1]
[2, 3, 7]
[2, 3, 4]
0.4166666666666667 0.45454545454545453
itercount --------> 12
[2, 7, 3]
[2, 7, 6]
[2, 7, 5]
[2, 7, 1]
0.45454545454545453 0.47619047619047616
itercount --------> 13
[2, 7, 0]
[2, 7, 3]
[2, 7, 6]
[2, 7, 1]
[2, 7, 4]
[2, 7, 5]
[2, 7, 0, 3]
[2, 7, 0, 6]
[2, 7, 0, 1]
[2, 7, 0, 4]
[2, 7, 0, 5]
[2, 7, 0, 3, 6]
0.47619047619047616 0.5
itercount --------> 14
[1, 2, 3]
[1, 2, 6]
[1, 2, 7]
[1, 2, 4]
[1, 2, 0]
[1, 2, 5]
[1, 2, 3, 6]
[1, 2, 3, 7]
[1, 2, 3, 4]
[1, 2, 3, 0]
[1, 2, 3, 5]
[1, 2, 3, 6, 7]
[1, 2, 3, 6, 4]
[1, 2, 3, 6, 0]
[1, 2, 3, 6, 5]
[1, 2, 3, 6, 7, 4]
[1, 2, 3, 6, 7, 0]
[1, 2, 3, 6, 7, 5]
[1, 2, 3, 6, 7, 4, 0]
[1, 2, 3, 6, 7, 4, 5]
[1, 2, 3, 6, 7, 4, 0, 5]
failed -> 24 times
after fail n ======> 7
[4, 7, 2, 1, 3, 6, 5]
0.1111111111111111 0.15151515151515152
itercount --------> 1
[2, 7, 1]
0.15151515151515152 0.16129032258064516
itercount --------> 2
[2, 1, 6]
0.16129032258064516 0.2
itercount --------> 3
[2, 1, 3]
0.2 0.25925925925925924
itercount --------> 4
[2, 1, 7]
0.25925925925925924 0.2857142857142857
itercount --------> 5
[2, 1, 6]
0.2857142857142857 0.3333333333333333
itercount --------> 6
[2, 1, 7]
[2, 1, 6]
[2, 1, 0]
[2, 1, 3]
[2, 1, 5]
[2, 1, 4]
[2, 1, 7, 6]
0.3333333333333333 0.36
itercount --------> 7
[2, 1, 6]
[2, 1, 0]
[2, 1, 7]
[2, 1, 3]
[2, 1, 5]
[2, 1, 4]
[2, 1, 6, 0]
[2, 1, 6, 7]
[2, 1, 6, 3]
0.36 0.391304347826087
itercount --------> 8
[2, 1, 0]
[2, 1, 6]
[2, 1, 3]
[2, 1, 7]
[2, 1, 5]
[2, 1, 4]
[2, 1, 0, 6]
[2, 1, 0, 3]
[2, 1, 0, 7]
0.391304347826087 0.4166666666666667
itercount --------> 9
[2, 3, 6]
[2, 3, 1]
[2, 3, 7]
[2, 3, 4]
0.4166666666666667 0.45454545454545453
itercount --------> 10
[2, 7, 3]
[2, 7, 6]
[2, 7, 5]
[2, 7, 1]
0.45454545454545453 0.47619047619047616
itercount --------> 11
[2, 7, 0]
[2, 7, 3]
[2, 7, 6]
[2, 7, 1]
[2, 7, 4]
[2, 7, 5]
[2, 7, 0, 3]
0.47619047619047616 0.5
itercount --------> 12
[1, 2, 3]
[1, 2, 6]
[1, 2, 7]
[1, 2, 4]
[1, 2, 0]
[1, 2, 5]
[1, 2, 3, 6]
[1, 2, 3, 7]
[1, 2, 3, 4]
[1, 2, 3, 0]
[1, 2, 3, 5]
[1, 2, 3, 6, 7]
[1, 2, 3, 6, 4]
[1, 2, 3, 6, 0]
[1, 2, 3, 6, 5]
[1, 2, 3, 6, 7, 4]
[1, 2, 3, 6, 7, 0]
[1, 2, 3, 6, 7, 5]
[1, 2, 3, 6, 7, 4, 0]
[1, 2, 3, 6, 7, 4, 5]
[1, 2, 3, 6, 7, 4, 0, 5]
failed -> 25 times
after fail n ======> 8
[4, 7, 2, 1, 3, 6, 5, 0]
0.1111111111111111 0.13513513513513514
itercount --------> 1
[2, 7, 1]
0.13513513513513514 0.14705882352941177
itercount --------> 2
[1, 2, 6]
[1, 2, 3]
0.14705882352941177 0.15625
itercount --------> 3
[2, 1, 6]
0.15625 0.22580645161290322
itercount --------> 4
[1, 2, 4]
0.22580645161290322 0.25
itercount --------> 5
[1, 2, 7]
[1, 2, 0]
0.25 0.26666666666666666
itercount --------> 6
[2, 1, 7]
[2, 1, 0]
[2, 1, 6]
[2, 1, 5]
[2, 1, 4]
[2, 1, 3]
[2, 1, 7, 0]
0.26666666666666666 0.2903225806451613
itercount --------> 7
[2, 1, 6]
[2, 1, 4]
[2, 1, 3]
0.2903225806451613 0.3125
itercount --------> 8
[2, 1, 6]
[2, 1, 3]
[2, 1, 4]
[2, 1, 0]
0.3125 0.32142857142857145
itercount --------> 9
[1, 2, 6]
[1, 2, 3]
[1, 2, 4]
[1, 2, 7]
[1, 2, 0]
[1, 2, 5]
[1, 2, 6, 3]
0.32142857142857145 0.375
itercount --------> 10
[1, 2, 6]
[1, 2, 3]
[1, 2, 7]
[1, 2, 4]
[1, 2, 0]
[1, 2, 5]
[1, 2, 6, 3]
[1, 2, 6, 7]
[1, 2, 6, 4]
0.375 0.4090909090909091
itercount --------> 11
[1, 2, 6]
[1, 2, 3]
[1, 2, 7]
[1, 2, 0]
[1, 2, 5]
[1, 2, 4]
[1, 2, 6, 3]
[1, 2, 6, 7]
[1, 2, 6, 0]
[1, 2, 6, 5]
[1, 2, 6, 4]
[1, 2, 6, 3, 7]
[1, 2, 6, 3, 0]
[1, 2, 6, 3, 5]
[1, 2, 6, 3, 4]
0.4090909090909091 0.45
itercount --------> 12
[1, 2, 0]
[1, 2, 4]
[1, 2, 7]
[1, 2, 3]
[1, 2, 5]
[1, 2, 6]
[1, 2, 0, 4]
[1, 2, 0, 7]
[1, 2, 0, 3]
[1, 2, 0, 5]
[1, 2, 0, 6]
[1, 2, 0, 4, 7]
[1, 2, 0, 4, 3]
[1, 2, 0, 4, 5]
[1, 2, 0, 4, 6]
[1, 2, 0, 4, 7, 3]
[1, 2, 0, 4, 7, 5]
0.45 0.47619047619047616
itercount --------> 13
[1, 2, 4]
[1, 2, 3]
[1, 2, 6]
[1, 2, 0]
[1, 2, 5]
[1, 2, 7]
[1, 2, 4, 3]
[1, 2, 4, 6]
[1, 2, 4, 0]
[1, 2, 4, 5]
[1, 2, 4, 7]
0.47619047619047616 0.5
itercount --------> 14
[2, 1, 4]
[2, 1, 6]
[2, 1, 7]
[2, 1, 3]
[2, 1, 5]
[2, 1, 0]
[2, 1, 4, 6]
[2, 1, 4, 7]
[2, 1, 4, 3]
[2, 1, 4, 5]
[2, 1, 4, 0]
[2, 1, 4, 6, 7]
[2, 1, 4, 6, 3]
[2, 1, 4, 6, 5]
[2, 1, 4, 6, 0]
[2, 1, 4, 6, 7, 3]
[2, 1, 4, 6, 7, 5]
[2, 1, 4, 6, 7, 0]
[2, 1, 4, 6, 7, 3, 5]
[2, 1, 4, 6, 7, 3, 0]
[2, 1, 4, 6, 7, 3, 5, 0]
failed -> 26 times
after fail n ======> 5
[4, 7, 2, 1, 3]
0.1111111111111111 0.1282051282051282
itercount --------> 1
[4, 1, 6]
[4, 1, 3]
[4, 1, 7]
0.1282051282051282 0.14285714285714285
itercount --------> 2
[4, 1, 6]
[4, 1, 3]
0.14285714285714285 0.16129032258064516
itercount --------> 3
[1, 4, 2]
0.16129032258064516 0.17857142857142858
itercount --------> 4
[1, 2, 6]
0.17857142857142858 0.20689655172413793
itercount --------> 5
[1, 2, 3]
0.20689655172413793 0.21428571428571427
itercount --------> 6
[1, 2, 7]
0.21428571428571427 0.25
itercount --------> 7
[1, 2, 6]
0.25 0.2962962962962963
itercount --------> 8
[1, 2, 3]
0.2962962962962963 0.34615384615384615
itercount --------> 9
[2, 1, 6]
[2, 1, 3]
[2, 1, 4]
[2, 1, 7]
[2, 1, 0]
[2, 1, 5]
[2, 1, 6, 3]
0.34615384615384615 0.4090909090909091
itercount --------> 10
[2, 1, 3]
[2, 1, 0]
[2, 1, 6]
[2, 1, 7]
[2, 1, 4]
[2, 1, 5]
[2, 1, 3, 0]
[2, 1, 3, 6]
[2, 1, 3, 7]
0.4090909090909091 0.42857142857142855
itercount --------> 11
[1, 2, 3]
[1, 2, 6]
[1, 2, 7]
[1, 2, 0]
[1, 2, 5]
[1, 2, 4]
[1, 2, 3, 6]
[1, 2, 3, 7]
[1, 2, 3, 0]
[1, 2, 3, 5]
[1, 2, 3, 4]
[1, 2, 3, 6, 7]
[1, 2, 3, 6, 0]
[1, 2, 3, 6, 5]
[1, 2, 3, 6, 4]
0.42857142857142855 0.45
itercount --------> 12
[1, 2, 3]
[1, 2, 6]
[1, 2, 7]
[1, 2, 0]
[1, 2, 4]
[1, 2, 5]
[1, 2, 3, 6]
[1, 2, 3, 7]
[1, 2, 3, 0]
[1, 2, 3, 4]
[1, 2, 3, 5]
[1, 2, 3, 6, 7]
[1, 2, 3, 6, 0]
[1, 2, 3, 6, 4]
[1, 2, 3, 6, 5]
[1, 2, 3, 6, 7, 0]
0.45 0.45454545454545453
itercount --------> 13
[2, 1, 4]
[2, 1, 6]
[2, 1, 3]
[2, 1, 7]
[2, 1, 0]
[2, 1, 5]
[2, 1, 4, 6]
[2, 1, 4, 3]
[2, 1, 4, 7]
0.45454545454545453 0.47619047619047616
itercount --------> 14
[2, 1, 6]
[2, 1, 3]
[2, 1, 4]
[2, 1, 7]
[2, 1, 0]
[2, 1, 5]
[2, 1, 6, 3]
[2, 1, 6, 4]
[2, 1, 6, 7]
[2, 1, 6, 0]
[2, 1, 6, 5]
[2, 1, 6, 3, 4]
[2, 1, 6, 3, 7]
[2, 1, 6, 3, 0]
[2, 1, 6, 3, 5]
[2, 1, 6, 3, 4, 7]
[2, 1, 6, 3, 4, 0]
0.47619047619047616 0.5
itercount --------> 15
[2, 1, 0]
[2, 1, 6]
[2, 1, 3]
[2, 1, 7]
[2, 1, 4]
[2, 1, 5]
[2, 1, 0, 6]
[2, 1, 0, 3]
[2, 1, 0, 7]
[2, 1, 0, 4]
[2, 1, 0, 5]
[2, 1, 0, 6, 3]
[2, 1, 0, 6, 7]
[2, 1, 0, 6, 4]
[2, 1, 0, 6, 5]
[2, 1, 0, 6, 3, 7]
[2, 1, 0, 6, 3, 4]
[2, 1, 0, 6, 3, 5]
[2, 1, 0, 6, 3, 7, 4]
[2, 1, 0, 6, 3, 7, 5]
[2, 1, 0, 6, 3, 7, 4, 5]
failed -> 27 times
after fail n ======> 6
[4, 7, 2, 1, 3, 6]
0.1111111111111111 0.11764705882352941
itercount --------> 1
[2, 4, 7]
0.11764705882352941 0.13333333333333333
itercount --------> 2
[2, 1, 7]
[2, 1, 0]
[2, 1, 3]
0.13333333333333333 0.14285714285714285
itercount --------> 3
[2, 1, 7]
0.14285714285714285 0.16666666666666666
itercount --------> 4
[2, 1, 5]
0.16666666666666666 0.1724137931034483
itercount --------> 5
[2, 1, 7]
0.1724137931034483 0.1935483870967742
itercount --------> 6
[2, 1, 5]
0.1935483870967742 0.25
itercount --------> 7
[2, 1, 5]
[2, 1, 4]
0.25 0.28
itercount --------> 8
[2, 1, 5]
0.28 0.3076923076923077
itercount --------> 9
[1, 2, 5]
[1, 2, 0]
[1, 2, 3]
[1, 2, 4]
[1, 2, 6]
[1, 2, 7]
[1, 2, 5, 0]
[1, 2, 5, 3]
0.3076923076923077 0.34615384615384615
itercount --------> 10
[1, 2, 3]
[1, 2, 6]
[1, 2, 7]
[1, 2, 4]
[1, 2, 0]
[1, 2, 5]
[1, 2, 3, 6]
0.34615384615384615 0.36
itercount --------> 11
[1, 2, 3]
[1, 2, 6]
0.36 0.375
itercount --------> 12
[1, 2, 6]
[1, 2, 3]
[1, 2, 7]
[1, 2, 4]
[1, 2, 0]
[1, 2, 5]
[1, 2, 6, 3]
[1, 2, 6, 7]
[1, 2, 6, 4]
0.375 0.4090909090909091
itercount --------> 13
[1, 2, 6]
[1, 2, 3]
[1, 2, 7]
[1, 2, 0]
[1, 2, 5]
[1, 2, 4]
[1, 2, 6, 3]
[1, 2, 6, 7]
[1, 2, 6, 0]
[1, 2, 6, 5]
[1, 2, 6, 4]
[1, 2, 6, 3, 7]
[1, 2, 6, 3, 0]
[1, 2, 6, 3, 5]
[1, 2, 6, 3, 4]
0.4090909090909091 0.45
itercount --------> 14
[1, 2, 0]
[1, 2, 4]
[1, 2, 7]
[1, 2, 3]
[1, 2, 5]
[1, 2, 6]
[1, 2, 0, 4]
[1, 2, 0, 7]
[1, 2, 0, 3]
[1, 2, 0, 5]
[1, 2, 0, 6]
[1, 2, 0, 4, 7]
[1, 2, 0, 4, 3]
[1, 2, 0, 4, 5]
[1, 2, 0, 4, 6]
[1, 2, 0, 4, 7, 3]
[1, 2, 0, 4, 7, 5]
0.45 0.47619047619047616
itercount --------> 15
[1, 2, 4]
[1, 2, 3]
[1, 2, 6]
[1, 2, 0]
[1, 2, 5]
[1, 2, 7]
0.47619047619047616 0.5
itercount --------> 16
[2, 1, 4]
[2, 1, 6]
[2, 1, 7]
[2, 1, 3]
[2, 1, 5]
[2, 1, 0]
[2, 1, 4, 6]
[2, 1, 4, 7]
[2, 1, 4, 3]
[2, 1, 4, 5]
[2, 1, 4, 0]
[2, 1, 4, 6, 7]
[2, 1, 4, 6, 3]
[2, 1, 4, 6, 5]
[2, 1, 4, 6, 0]
[2, 1, 4, 6, 7, 3]
[2, 1, 4, 6, 7, 5]
[2, 1, 4, 6, 7, 0]
[2, 1, 4, 6, 7, 3, 5]
[2, 1, 4, 6, 7, 3, 0]
[2, 1, 4, 6, 7, 3, 5, 0]
failed -> 28 times
after fail n ======> 7
[4, 7, 2, 1, 3, 6, 5]
0.1111111111111111 0.15151515151515152
itercount --------> 1
[2, 7, 1]
0.15151515151515152 0.16129032258064516
itercount --------> 2
[2, 1, 6]
0.16129032258064516 0.2
itercount --------> 3
[2, 3, 1]
0.2 0.2413793103448276
itercount --------> 4
[2, 7, 0]
0.2413793103448276 0.24324324324324326
itercount --------> 5
[2, 4, 1]
[2, 4, 7]
[2, 4, 6]
0.24324324324324326 0.2903225806451613
itercount --------> 6
[2, 4, 1]
[2, 4, 7]
0.2903225806451613 0.3333333333333333
itercount --------> 7
[4, 2, 7]
0.3333333333333333 0.36
itercount --------> 8
[2, 4, 7]
[2, 4, 6]
[2, 4, 1]
0.36 0.36363636363636365
itercount --------> 9
[2, 4, 7]
[2, 4, 6]
[2, 4, 0]
[2, 4, 1]
[2, 4, 3]
0.36363636363636365 0.38095238095238093
itercount --------> 10
[2, 4, 7]
[2, 4, 3]
[2, 4, 6]
[2, 4, 0]
[2, 4, 1]
0.38095238095238093 0.4090909090909091
itercount --------> 11
[2, 6, 7]
0.4090909090909091 0.45
itercount --------> 12
[1, 2, 3]
[1, 2, 6]
0.45 0.5
itercount --------> 13
[1, 2, 3]
[1, 2, 6]
[1, 2, 7]
[1, 2, 4]
[1, 2, 0]
[1, 2, 5]
[1, 2, 3, 6]
[1, 2, 3, 7]
[1, 2, 3, 4]
[1, 2, 3, 0]
[1, 2, 3, 5]
[1, 2, 3, 6, 7]
[1, 2, 3, 6, 4]
[1, 2, 3, 6, 0]
[1, 2, 3, 6, 5]
[1, 2, 3, 6, 7, 4]
[1, 2, 3, 6, 7, 0]
[1, 2, 3, 6, 7, 5]
[1, 2, 3, 6, 7, 4, 0]
[1, 2, 3, 6, 7, 4, 5]
[1, 2, 3, 6, 7, 4, 0, 5]
failed -> 29 times
after fail n ======> 8
[4, 7, 2, 1, 3, 6, 5, 0]
0.1111111111111111 0.13725490196078433
itercount --------> 1
[4, 6, 2]
0.13725490196078433 0.16666666666666666
itercount --------> 2
[2, 4, 1]
[2, 4, 3]
[2, 4, 0]
0.16666666666666666 0.2
itercount --------> 3
[2, 1, 3]
[2, 1, 6]
0.2 0.21428571428571427
itercount --------> 4
[2, 1, 3]
[2, 1, 0]
[2, 1, 5]
[2, 1, 4]
[2, 1, 7]
[2, 1, 6]
[2, 1, 3, 0]
0.21428571428571427 0.25925925925925924
itercount --------> 5
[2, 0, 1]
[2, 0, 7]
0.25925925925925924 0.2777777777777778
itercount --------> 6
[2, 1, 7]
[2, 1, 4]
0.2777777777777778 0.3125
itercount --------> 7
[2, 1, 7]
[2, 1, 4]
[2, 1, 6]
[2, 1, 3]
[2, 1, 0]
[2, 1, 5]
[2, 1, 7, 4]
0.3125 0.35714285714285715
itercount --------> 8
[2, 1, 7]
[2, 1, 6]
[2, 1, 3]
[2, 1, 4]
[2, 1, 0]
[2, 1, 5]
[2, 1, 7, 6]
[2, 1, 7, 3]
0.35714285714285715 0.4166666666666667
itercount --------> 9
[2, 1, 7]
[2, 1, 4]
[2, 1, 3]
[2, 1, 6]
[2, 1, 5]
[2, 1, 0]
[2, 1, 7, 4]
[2, 1, 7, 3]
[2, 1, 7, 6]
[2, 1, 7, 5]
[2, 1, 7, 0]
0.4166666666666667 0.42857142857142855
itercount --------> 10
[1, 2, 7]
[1, 2, 0]
[1, 2, 3]
[1, 2, 6]
[1, 2, 4]
[1, 2, 5]
[1, 2, 7, 0]
[1, 2, 7, 3]
[1, 2, 7, 6]
[1, 2, 7, 4]
[1, 2, 7, 5]
[1, 2, 7, 0, 3]
[1, 2, 7, 0, 6]
[1, 2, 7, 0, 4]
[1, 2, 7, 0, 5]
[1, 2, 7, 0, 3, 6]
[1, 2, 7, 0, 3, 4]
[1, 2, 7, 0, 3, 5]
[1, 2, 7, 0, 3, 6, 4]
0.42857142857142855 0.45
itercount --------> 11
[1, 2, 3]
[1, 2, 6]
[1, 2, 7]
[1, 2, 0]
[1, 2, 4]
[1, 2, 5]
[1, 2, 3, 6]
[1, 2, 3, 7]
[1, 2, 3, 0]
[1, 2, 3, 4]
[1, 2, 3, 5]
[1, 2, 3, 6, 7]
[1, 2, 3, 6, 0]
[1, 2, 3, 6, 4]
[1, 2, 3, 6, 5]
[1, 2, 3, 6, 7, 0]
0.45 0.45454545454545453
itercount --------> 12
[2, 1, 7]
[2, 1, 4]
[2, 1, 3]
[2, 1, 6]
[2, 1, 5]
[2, 1, 0]
[2, 1, 7, 4]
[2, 1, 7, 3]
[2, 1, 7, 6]
[2, 1, 7, 5]
[2, 1, 7, 0]
[2, 1, 7, 4, 3]
[2, 1, 7, 4, 6]
[2, 1, 7, 4, 5]
[2, 1, 7, 4, 0]
0.45454545454545453 0.5
itercount --------> 13
[1, 2, 3]
[1, 2, 6]
[1, 2, 7]
[1, 2, 4]
[1, 2, 0]
[1, 2, 5]
[1, 2, 3, 6]
[1, 2, 3, 7]
[1, 2, 3, 4]
[1, 2, 3, 0]
[1, 2, 3, 5]
[1, 2, 3, 6, 7]
[1, 2, 3, 6, 4]
[1, 2, 3, 6, 0]
[1, 2, 3, 6, 5]
[1, 2, 3, 6, 7, 4]
[1, 2, 3, 6, 7, 0]
[1, 2, 3, 6, 7, 5]
[1, 2, 3, 6, 7, 4, 0]
[1, 2, 3, 6, 7, 4, 5]
[1, 2, 3, 6, 7, 4, 0, 5]
failed -> 30 times
after fail n ======> 5
[4, 7, 2, 1, 3]
0.1111111111111111 0.15151515151515152
itercount --------> 1
[2, 7, 1]
0.15151515151515152 0.16129032258064516
itercount --------> 2
[2, 1, 6]
0.16129032258064516 0.21428571428571427
itercount --------> 3
[1, 2, 5]
[1, 2, 6]
[1, 2, 3]
0.21428571428571427 0.25
itercount --------> 4
[1, 2, 5]
0.25 0.26666666666666666
itercount --------> 5
[1, 2, 7]
[1, 2, 3]
[1, 2, 0]
[1, 2, 4]
[1, 2, 5]
[1, 2, 6]
0.26666666666666666 0.3
itercount --------> 6
[1, 2, 7]
[1, 2, 5]
[1, 2, 0]
[1, 2, 3]
[1, 2, 6]
[1, 2, 4]
[1, 2, 7, 5]
0.3 0.34146341463414637
itercount --------> 7
[2, 1, 3]
[2, 1, 5]
[2, 1, 6]
[2, 1, 7]
[2, 1, 4]
[2, 1, 0]
[2, 1, 3, 5]
[2, 1, 3, 6]
0.34146341463414637 0.39285714285714285
itercount --------> 8
[2, 1, 3]
[2, 1, 6]
[2, 1, 7]
[2, 1, 5]
[2, 1, 4]
[2, 1, 0]
[2, 1, 3, 6]
0.39285714285714285 0.44
itercount --------> 9
[1, 2, 3]
[1, 2, 6]
[1, 2, 7]
[1, 2, 4]
[1, 2, 5]
[1, 2, 0]
[1, 2, 3, 6]
[1, 2, 3, 7]
[1, 2, 3, 4]
0.44 0.4782608695652174
itercount --------> 10
[1, 2, 3]
[1, 2, 7]
[1, 2, 5]
[1, 2, 6]
[1, 2, 0]
[1, 2, 4]
[1, 2, 3, 7]
[1, 2, 3, 5]
[1, 2, 3, 6]
[1, 2, 3, 0]
[1, 2, 3, 4]
[1, 2, 3, 7, 5]
[1, 2, 3, 7, 6]
[1, 2, 3, 7, 0]
[1, 2, 3, 7, 4]
[1, 2, 3, 7, 5, 6]
[1, 2, 3, 7, 5, 0]
[1, 2, 3, 7, 5, 4]
0.4782608695652174 0.5
itercount --------> 11
[1, 2, 3]
[1, 2, 7]
[1, 2, 5]
[1, 2, 6]
[1, 2, 0]
[1, 2, 4]
[1, 2, 3, 7]
[1, 2, 3, 5]
[1, 2, 3, 6]
[1, 2, 3, 0]
[1, 2, 3, 4]
[1, 2, 3, 7, 5]
[1, 2, 3, 7, 6]
[1, 2, 3, 7, 0]
[1, 2, 3, 7, 4]
0.5 0.5238095238095238
itercount --------> 12
[2, 1, 3]
[2, 1, 6]
[2, 1, 5]
[2, 1, 7]
[2, 1, 4]
[2, 1, 0]
[2, 1, 3, 6]
[2, 1, 3, 5]
[2, 1, 3, 7]
[2, 1, 3, 4]
[2, 1, 3, 0]
[2, 1, 3, 6, 5]
[2, 1, 3, 6, 7]
[2, 1, 3, 6, 4]
[2, 1, 3, 6, 0]
[2, 1, 3, 6, 5, 7]
[2, 1, 3, 6, 5, 4]
[2, 1, 3, 6, 5, 0]
[2, 1, 3, 6, 5, 7, 4]
[2, 1, 3, 6, 5, 7, 0]
[2, 1, 3, 6, 5, 7, 4, 0]
failed -> 31 times
after fail n ======> 6
[4, 7, 2, 1, 3, 6]
0.1111111111111111 0.13513513513513514
itercount --------> 1
[7, 6, 2]
0.13513513513513514 0.13636363636363635
itercount --------> 2
[4, 6, 7]
0.13636363636363635 0.16666666666666666
itercount --------> 3
[4, 7, 6]
[4, 7, 5]
0.16666666666666666 0.16981132075471697
itercount --------> 4
[2, 6, 1]
0.16981132075471697 0.21212121212121213
itercount --------> 5
[2, 1, 6]
[2, 1, 7]
[2, 1, 4]
[2, 1, 3]
[2, 1, 5]
[2, 1, 0]
[2, 1, 6, 7]
0.21212121212121213 0.21951219512195122
itercount --------> 6
[2, 1, 6]
[2, 1, 5]
[2, 1, 4]
0.21951219512195122 0.23076923076923078
itercount --------> 7
[2, 1, 6]
[2, 1, 5]
[2, 1, 4]
0.23076923076923078 0.24324324324324326
itercount --------> 8
[2, 1, 6]
[2, 1, 5]
[2, 1, 3]
[2, 1, 7]
[2, 1, 4]
[2, 1, 0]
0.24324324324324326 0.25
itercount --------> 9
[2, 1, 0]
[2, 1, 3]
0.25 0.2857142857142857
itercount --------> 10
[2, 1, 3]
[2, 1, 0]
[2, 1, 5]
[2, 1, 4]
0.2857142857142857 0.2903225806451613
itercount --------> 11
[2, 1, 4]
[2, 1, 0]
[2, 1, 3]
[2, 1, 6]
0.2903225806451613 0.2962962962962963
itercount --------> 12
[2, 1, 0]
[2, 1, 4]
[2, 1, 3]
[2, 1, 6]
[2, 1, 5]
[2, 1, 7]
[2, 1, 0, 4]
0.2962962962962963 0.3076923076923077
itercount --------> 13
[2, 1, 0]
[2, 1, 4]
[2, 1, 3]
[2, 1, 6]
[2, 1, 7]
[2, 1, 5]
[2, 1, 0, 4]
[2, 1, 0, 3]
[2, 1, 0, 6]
0.3076923076923077 0.32432432432432434
itercount --------> 14
[1, 2, 6]
[1, 2, 7]
[1, 2, 0]
[1, 2, 4]
[1, 2, 3]
[1, 2, 5]
[1, 2, 6, 7]
[1, 2, 6, 0]
0.32432432432432434 0.41025641025641024
itercount --------> 15
[1, 7, 2]
[1, 7, 6]
[1, 7, 0]
[1, 7, 4]
0.41025641025641024 0.42105263157894735
itercount --------> 16
[1, 7, 2]
[1, 7, 6]
[1, 7, 0]
[1, 7, 3]
0.42105263157894735 0.4666666666666667
itercount --------> 17
[1, 7, 0]
[1, 7, 2]
[1, 7, 6]
[1, 7, 3]
[1, 7, 4]
[1, 7, 5]
[1, 7, 0, 2]
[1, 7, 0, 6]
[1, 7, 0, 3]
0.4666666666666667 0.47058823529411764
itercount --------> 18
[1, 7, 2]
[1, 7, 6]
[1, 7, 0]
[1, 7, 4]
[1, 7, 3]
[1, 7, 5]
[1, 7, 2, 6]
[1, 7, 2, 0]
[1, 7, 2, 4]
[1, 7, 2, 3]
[1, 7, 2, 5]
[1, 7, 2, 6, 0]
[1, 7, 2, 6, 4]
[1, 7, 2, 6, 3]
[1, 7, 2, 6, 5]
[1, 7, 2, 6, 0, 4]
0.47058823529411764 0.48484848484848486
itercount --------> 19
[1, 2, 7]
[1, 2, 6]
[1, 2, 0]
[1, 2, 4]
[1, 2, 3]
[1, 2, 5]
[1, 2, 7, 6]
[1, 2, 7, 0]
[1, 2, 7, 4]
[1, 2, 7, 3]
[1, 2, 7, 5]
[1, 2, 7, 6, 0]
[1, 2, 7, 6, 4]
[1, 2, 7, 6, 3]
[1, 2, 7, 6, 5]
[1, 2, 7, 6, 0, 4]
[1, 2, 7, 6, 0, 3]
[1, 2, 7, 6, 0, 5]
[1, 2, 7, 6, 0, 4, 3]
0.48484848484848486 0.5161290322580645
itercount --------> 20
[1, 6, 7]
[1, 6, 2]
[1, 6, 0]
[1, 6, 4]
[1, 6, 3]
[1, 6, 5]
[1, 6, 7, 2]
[1, 6, 7, 0]
[1, 6, 7, 4]
[1, 6, 7, 3]
[1, 6, 7, 5]
[1, 6, 7, 2, 0]
[1, 6, 7, 2, 4]
[1, 6, 7, 2, 3]
[1, 6, 7, 2, 5]
[1, 6, 7, 2, 0, 4]
[1, 6, 7, 2, 0, 3]
[1, 6, 7, 2, 0, 5]
[1, 6, 7, 2, 0, 4, 3]
[1, 6, 7, 2, 0, 4, 5]
0.5161290322580645 0.5357142857142857
itercount --------> 21
[6, 0, 1]
[6, 0, 7]
[6, 0, 2]
[6, 0, 3]
[6, 0, 4]
[6, 0, 5]
[6, 0, 1, 7]
[6, 0, 1, 2]
[6, 0, 1, 3]
[6, 0, 1, 4]
[6, 0, 1, 5]
[6, 0, 1, 7, 2]
[6, 0, 1, 7, 3]
[6, 0, 1, 7, 4]
[6, 0, 1, 7, 5]
[6, 0, 1, 7, 2, 3]
[6, 0, 1, 7, 2, 4]
[6, 0, 1, 7, 2, 5]
[6, 0, 1, 7, 2, 3, 4]
[6, 0, 1, 7, 2, 3, 5]
[6, 0, 1, 7, 2, 3, 4, 5]
failed -> 32 times
after fail n ======> 7
[4, 7, 2, 1, 3, 6, 5]
0.1111111111111111 0.12195121951219512
itercount --------> 1
[4, 7, 6]
0.12195121951219512 0.13636363636363635
itercount --------> 2
[4, 6, 5]
[4, 6, 2]
0.13636363636363635 0.16666666666666666
itercount --------> 3
[6, 2, 1]
[6, 2, 5]
[6, 2, 7]
[6, 2, 3]
[6, 2, 4]
0.16666666666666666 0.1875
itercount --------> 4
[6, 1, 2]
[6, 1, 7]
[6, 1, 5]
[6, 1, 3]
0.1875 0.2
itercount --------> 5
[1, 2, 7]
0.2 0.26666666666666666
itercount --------> 6
[1, 2, 6]
[1, 2, 4]
[1, 2, 0]
[1, 2, 3]
[1, 2, 7]
[1, 2, 5]
[1, 2, 6, 4]
0.26666666666666666 0.2857142857142857
itercount --------> 7
[2, 1, 4]
[2, 1, 3]
[2, 1, 6]
[2, 1, 0]
[2, 1, 7]
0.2857142857142857 0.35714285714285715
itercount --------> 8
[2, 1, 4]
[2, 1, 3]
[2, 1, 5]
[2, 1, 6]
[2, 1, 7]
[2, 1, 0]
[2, 1, 4, 3]
0.35714285714285715 0.38461538461538464
itercount --------> 9
[2, 1, 3]
[2, 1, 4]
[2, 1, 5]
[2, 1, 6]
[2, 1, 7]
[2, 1, 0]
[2, 1, 3, 4]
[2, 1, 3, 5]
[2, 1, 3, 6]
[2, 1, 3, 7]
0.38461538461538464 0.4
itercount --------> 10
[2, 1, 3]
[2, 1, 5]
[2, 1, 4]
[2, 1, 6]
[2, 1, 7]
[2, 1, 0]
[2, 1, 3, 5]
[2, 1, 3, 4]
[2, 1, 3, 6]
[2, 1, 3, 7]
[2, 1, 3, 0]
[2, 1, 3, 5, 4]
0.4 0.41379310344827586
itercount --------> 11
[2, 1, 5]
[2, 1, 3]
[2, 1, 4]
[2, 1, 6]
[2, 1, 7]
[2, 1, 0]
[2, 1, 5, 3]
[2, 1, 5, 4]
[2, 1, 5, 6]
[2, 1, 5, 7]
[2, 1, 5, 0]
[2, 1, 5, 3, 4]
0.41379310344827586 0.42857142857142855
itercount --------> 12
[2, 1, 4]
[2, 1, 5]
[2, 1, 6]
[2, 1, 7]
[2, 1, 3]
[2, 1, 0]
[2, 1, 4, 5]
[2, 1, 4, 6]
[2, 1, 4, 7]
[2, 1, 4, 3]
[2, 1, 4, 0]
[2, 1, 4, 5, 6]
[2, 1, 4, 5, 7]
[2, 1, 4, 5, 3]
[2, 1, 4, 5, 0]
[2, 1, 4, 5, 6, 7]
0.42857142857142855 0.4583333333333333
itercount --------> 13
[2, 1, 4]
[2, 1, 6]
[2, 1, 5]
[2, 1, 7]
[2, 1, 0]
[2, 1, 3]
[2, 1, 4, 6]
[2, 1, 4, 5]
[2, 1, 4, 7]
[2, 1, 4, 0]
[2, 1, 4, 3]
[2, 1, 4, 6, 5]
[2, 1, 4, 6, 7]
0.4583333333333333 0.46153846153846156
itercount --------> 14
[2, 1, 5]
[2, 1, 6]
[2, 1, 4]
[2, 1, 7]
[2, 1, 0]
[2, 1, 3]
[2, 1, 5, 6]
[2, 1, 5, 4]
[2, 1, 5, 7]
[2, 1, 5, 0]
[2, 1, 5, 3]
[2, 1, 5, 6, 4]
[2, 1, 5, 6, 7]
[2, 1, 5, 6, 0]
[2, 1, 5, 6, 3]
[2, 1, 5, 6, 4, 7]
[2, 1, 5, 6, 4, 0]
[2, 1, 5, 6, 4, 3]
[2, 1, 5, 6, 4, 7, 0]
0.46153846153846156 0.5
itercount --------> 15
[2, 1, 4]
[2, 1, 6]
[2, 1, 7]
[2, 1, 0]
[2, 1, 5]
[2, 1, 3]
[2, 1, 4, 6]
0.5 0.5454545454545454
itercount --------> 16
[2, 1, 4]
[2, 1, 0]
[2, 1, 3]
[2, 1, 5]
[2, 1, 6]
[2, 1, 7]
[2, 1, 4, 0]
[2, 1, 4, 3]
[2, 1, 4, 5]
[2, 1, 4, 6]
[2, 1, 4, 7]
[2, 1, 4, 0, 3]
[2, 1, 4, 0, 5]
[2, 1, 4, 0, 6]
[2, 1, 4, 0, 7]
[2, 1, 4, 0, 3, 5]
[2, 1, 4, 0, 3, 6]
0.5454545454545454 0.5714285714285714
itercount --------> 17
[2, 1, 4]
[2, 1, 0]
[2, 1, 3]
[2, 1, 5]
[2, 1, 6]
[2, 1, 7]
[2, 1, 4, 0]
[2, 1, 4, 3]
[2, 1, 4, 5]
[2, 1, 4, 6]
[2, 1, 4, 7]
[2, 1, 4, 0, 3]
[2, 1, 4, 0, 5]
[2, 1, 4, 0, 6]
[2, 1, 4, 0, 7]
[2, 1, 4, 0, 3, 5]
[2, 1, 4, 0, 3, 6]
[2, 1, 4, 0, 3, 7]
[2, 1, 4, 0, 3, 5, 6]
[2, 1, 4, 0, 3, 5, 7]
[2, 1, 4, 0, 3, 5, 6, 7]
failed -> 33 times
after fail n ======> 8
[4, 7, 2, 1, 3, 6, 5, 0]
0.1111111111111111 0.11764705882352941
itercount --------> 1
[4, 1, 0]
0.11764705882352941 0.13333333333333333
itercount --------> 2
[1, 2, 0]
[1, 2, 4]
0.13333333333333333 0.14814814814814814
itercount --------> 3
[1, 2, 7]
0.14814814814814814 0.19230769230769232
itercount --------> 4
[2, 1, 3]
0.19230769230769232 0.2
itercount --------> 5
[1, 0, 2]
[1, 0, 3]
0.2 0.22727272727272727
itercount --------> 6
[1, 2, 0]
[1, 2, 5]
[1, 2, 3]
0.22727272727272727 0.2727272727272727
itercount --------> 7
[2, 1, 0]
[2, 1, 3]
[2, 1, 6]
[2, 1, 7]
[2, 1, 5]
[2, 1, 4]
[2, 1, 0, 3]
[2, 1, 0, 6]
0.2727272727272727 0.28
itercount --------> 8
[1, 2, 0]
[1, 2, 5]
[1, 2, 7]
0.28 0.34615384615384615
itercount --------> 9
[2, 1, 0]
[2, 1, 7]
[2, 1, 6]
0.34615384615384615 0.36
itercount --------> 10
[2, 1, 0]
[2, 1, 7]
[2, 1, 3]
[2, 1, 6]
[2, 1, 5]
[2, 1, 4]
[2, 1, 0, 7]
[2, 1, 0, 3]
[2, 1, 0, 6]
0.36 0.391304347826087
itercount --------> 11
[2, 1, 0]
[2, 1, 6]
[2, 1, 3]
[2, 1, 7]
[2, 1, 5]
[2, 1, 4]
[2, 1, 0, 6]
[2, 1, 0, 3]
[2, 1, 0, 7]
[2, 1, 0, 5]
[2, 1, 0, 4]
0.391304347826087 0.4090909090909091
itercount --------> 12
[2, 0, 1]
[2, 0, 6]
[2, 0, 3]
[2, 0, 7]
[2, 0, 5]
[2, 0, 4]
0.4090909090909091 0.42857142857142855
itercount --------> 13
[2, 0, 1]
[2, 0, 6]
[2, 0, 7]
[2, 0, 3]
[2, 0, 5]
[2, 0, 4]
[2, 0, 1, 6]
[2, 0, 1, 7]
[2, 0, 1, 3]
[2, 0, 1, 5]
[2, 0, 1, 4]
[2, 0, 1, 6, 7]
[2, 0, 1, 6, 3]
[2, 0, 1, 6, 5]
[2, 0, 1, 6, 4]
[2, 0, 1, 6, 7, 3]
[2, 0, 1, 6, 7, 5]
[2, 0, 1, 6, 7, 4]
[2, 0, 1, 6, 7, 3, 5]
[2, 0, 1, 6, 7, 3, 4]
[2, 0, 1, 6, 7, 3, 5, 4]
failed -> 34 times
after fail n ======> 5
[4, 7, 2, 1, 3]
0.1111111111111111 0.14285714285714285
itercount --------> 1
[2, 1, 6]
0.14285714285714285 0.15151515151515152
itercount --------> 2
[2, 1, 4]
[2, 1, 5]
0.15151515151515152 0.17647058823529413
itercount --------> 3
[2, 1, 3]
0.17647058823529413 0.18181818181818182
itercount --------> 4
[2, 1, 4]
0.18181818181818182 0.1875
itercount --------> 5
[2, 1, 4]
0.1875 0.20689655172413793
itercount --------> 6
[2, 4, 1]
0.20689655172413793 0.23076923076923078
itercount --------> 7
[2, 1, 4]
[2, 1, 7]
[2, 1, 0]
[2, 1, 5]
[2, 1, 3]
[2, 1, 6]
[2, 1, 4, 7]
0.23076923076923078 0.2413793103448276
itercount --------> 8
[2, 7, 1]
0.2413793103448276 0.2857142857142857
itercount --------> 9
[2, 1, 6]
0.2857142857142857 0.3333333333333333
itercount --------> 10
[2, 1, 6]
[2, 1, 7]
[2, 1, 3]
[2, 1, 4]
[2, 1, 0]
[2, 1, 5]
[2, 1, 6, 7]
0.3333333333333333 0.36
itercount --------> 11
[2, 1, 6]
[2, 1, 7]
[2, 1, 0]
[2, 1, 3]
[2, 1, 4]
[2, 1, 5]
[2, 1, 6, 7]
[2, 1, 6, 0]
[2, 1, 6, 3]
0.36 0.391304347826087
itercount --------> 12
[2, 1, 3]
[2, 1, 6]
[2, 1, 0]
[2, 1, 7]
[2, 1, 4]
[2, 1, 5]
[2, 1, 3, 6]
[2, 1, 3, 0]
[2, 1, 3, 7]
0.391304347826087 0.4090909090909091
itercount --------> 13
[1, 2, 3]
[1, 2, 6]
[1, 2, 7]
[1, 2, 0]
[1, 2, 4]
[1, 2, 5]
[1, 2, 3, 6]
[1, 2, 3, 7]
[1, 2, 3, 0]
[1, 2, 3, 4]
[1, 2, 3, 5]
[1, 2, 3, 6, 7]
[1, 2, 3, 6, 0]
[1, 2, 3, 6, 4]
0.4090909090909091 0.45
itercount --------> 14
[1, 2, 3]
[1, 2, 6]
[1, 2, 7]
[1, 2, 0]
[1, 2, 4]
[1, 2, 5]
[1, 2, 3, 6]
[1, 2, 3, 7]
[1, 2, 3, 0]
[1, 2, 3, 4]
[1, 2, 3, 5]
[1, 2, 3, 6, 7]
[1, 2, 3, 6, 0]
[1, 2, 3, 6, 4]
[1, 2, 3, 6, 5]
[1, 2, 3, 6, 7, 0]
0.45 0.47619047619047616
itercount --------> 15
[2, 1, 4]
[2, 1, 7]
[2, 1, 3]
[2, 1, 0]
[2, 1, 6]
[2, 1, 5]
[2, 1, 4, 7]
[2, 1, 4, 3]
[2, 1, 4, 0]
0.47619047619047616 0.5
itercount --------> 16
[1, 2, 3]
[1, 2, 6]
[1, 2, 7]
[1, 2, 4]
[1, 2, 0]
[1, 2, 5]
[1, 2, 3, 6]
[1, 2, 3, 7]
[1, 2, 3, 4]
[1, 2, 3, 0]
[1, 2, 3, 5]
[1, 2, 3, 6, 7]
[1, 2, 3, 6, 4]
[1, 2, 3, 6, 0]
[1, 2, 3, 6, 5]
[1, 2, 3, 6, 7, 4]
[1, 2, 3, 6, 7, 0]
[1, 2, 3, 6, 7, 5]
[1, 2, 3, 6, 7, 4, 0]
[1, 2, 3, 6, 7, 4, 5]
[1, 2, 3, 6, 7, 4, 0, 5]
failed -> 35 times
after fail n ======> 6
[4, 7, 2, 1, 3, 6]
0.1111111111111111 0.15151515151515152
itercount --------> 1
[4, 6, 0]
0.15151515151515152 0.17073170731707318
itercount --------> 2
[2, 4, 3]
[2, 4, 6]
0.17073170731707318 0.2
itercount --------> 3
[2, 6, 3]
0.2 0.23529411764705882
itercount --------> 4
[2, 0, 6]
0.23529411764705882 0.2413793103448276
itercount --------> 5
[2, 0, 3]
[2, 0, 6]
[2, 0, 7]
0.2413793103448276 0.25
itercount --------> 6
[2, 1, 6]
0.25 0.2608695652173913
itercount --------> 7
[2, 1, 6]
0.2608695652173913 0.2777777777777778
itercount --------> 8
[2, 1, 7]
[2, 1, 4]
0.2777777777777778 0.3125
itercount --------> 9
[2, 1, 7]
[2, 1, 6]
[2, 1, 3]
[2, 1, 4]
[2, 1, 0]
[2, 1, 5]
[2, 1, 7, 6]
0.3125 0.35714285714285715
itercount --------> 10
[2, 1, 7]
[2, 1, 3]
[2, 1, 6]
[2, 1, 4]
[2, 1, 0]
[2, 1, 5]
[2, 1, 7, 3]
0.35714285714285715 0.38461538461538464
itercount --------> 11
[2, 1, 7]
[2, 1, 3]
[2, 1, 6]
[2, 1, 4]
[2, 1, 5]
[2, 1, 0]
[2, 1, 7, 3]
[2, 1, 7, 6]
[2, 1, 7, 4]
0.38461538461538464 0.4166666666666667
itercount --------> 12
[2, 1, 6]
[2, 1, 3]
[2, 1, 7]
[2, 1, 4]
[2, 1, 5]
[2, 1, 0]
[2, 1, 6, 3]
[2, 1, 6, 7]
[2, 1, 6, 4]
[2, 1, 6, 5]
[2, 1, 6, 0]
0.4166666666666667 0.45454545454545453
itercount --------> 13
[1, 2, 6]
[1, 2, 3]
[1, 2, 7]
[1, 2, 4]
[1, 2, 0]
[1, 2, 5]
[1, 2, 6, 3]
[1, 2, 6, 7]
[1, 2, 6, 4]
[1, 2, 6, 0]
[1, 2, 6, 5]
[1, 2, 6, 3, 7]
[1, 2, 6, 3, 4]
0.45454545454545453 0.47619047619047616
itercount --------> 14
[2, 1, 7]
[2, 1, 3]
[2, 1, 6]
[2, 1, 4]
[2, 1, 0]
[2, 1, 5]
[2, 1, 7, 3]
[2, 1, 7, 6]
[2, 1, 7, 4]
[2, 1, 7, 0]
[2, 1, 7, 5]
[2, 1, 7, 3, 6]
0.47619047619047616 0.5
itercount --------> 15
[1, 2, 3]
[1, 2, 6]
[1, 2, 7]
[1, 2, 0]
[1, 2, 5]
[1, 2, 4]
[1, 2, 3, 6]
[1, 2, 3, 7]
[1, 2, 3, 0]
[1, 2, 3, 5]
[1, 2, 3, 4]
[1, 2, 3, 6, 7]
[1, 2, 3, 6, 0]
[1, 2, 3, 6, 5]
[1, 2, 3, 6, 4]
[1, 2, 3, 6, 7, 0]
[1, 2, 3, 6, 7, 5]
[1, 2, 3, 6, 7, 4]
[1, 2, 3, 6, 7, 0, 5]
[1, 2, 3, 6, 7, 0, 4]
[1, 2, 3, 6, 7, 0, 5, 4]
failed -> 36 times
after fail n ======> 7
[4, 7, 2, 1, 3, 6, 5]
0.1111111111111111 0.125
itercount --------> 1
[4, 3, 1]
0.125 0.15789473684210525
itercount --------> 2
[1, 3, 2]
0.15789473684210525 0.18181818181818182
itercount --------> 3
[1, 3, 2]
0.18181818181818182 0.1875
itercount --------> 4
[2, 1, 0]
[2, 1, 4]
0.1875 0.2
itercount --------> 5
[2, 1, 0]
[2, 1, 3]
0.2 0.20689655172413793
itercount --------> 6
[1, 2, 3]
[1, 2, 6]
0.20689655172413793 0.26666666666666666
itercount --------> 7
[2, 1, 5]
[2, 1, 7]
[2, 1, 3]
[2, 1, 4]
[2, 1, 0]
[2, 1, 6]
[2, 1, 5, 7]
[2, 1, 5, 3]
0.26666666666666666 0.2777777777777778
itercount --------> 8
[2, 5, 1]
[2, 5, 3]
[2, 5, 6]
[2, 5, 4]
[2, 5, 7]
[2, 5, 0]
[2, 5, 1, 3]
[2, 5, 1, 6]
0.2777777777777778 0.30303030303030304
itercount --------> 9
[2, 1, 3]
[2, 1, 5]
[2, 1, 6]
[2, 1, 7]
[2, 1, 4]
[2, 1, 0]
[2, 1, 3, 5]
[2, 1, 3, 6]
[2, 1, 3, 7]
[2, 1, 3, 4]
0.30303030303030304 0.3225806451612903
itercount --------> 10
[2, 1, 3]
[2, 1, 5]
[2, 1, 6]
[2, 1, 7]
[2, 1, 4]
[2, 1, 0]
[2, 1, 3, 5]
[2, 1, 3, 6]
[2, 1, 3, 7]
[2, 1, 3, 4]
[2, 1, 3, 0]
[2, 1, 3, 5, 6]
[2, 1, 3, 5, 7]
[2, 1, 3, 5, 4]
0.3225806451612903 0.35714285714285715
itercount --------> 11
[2, 1, 3]
[2, 1, 5]
[2, 1, 6]
[2, 1, 4]
[2, 1, 7]
[2, 1, 0]
[2, 1, 3, 5]
[2, 1, 3, 6]
[2, 1, 3, 4]
[2, 1, 3, 7]
[2, 1, 3, 0]
[2, 1, 3, 5, 6]
[2, 1, 3, 5, 4]
[2, 1, 3, 5, 7]
[2, 1, 3, 5, 0]
[2, 1, 3, 5, 6, 4]
0.35714285714285715 0.36
itercount --------> 12
[1, 5, 2]
[1, 5, 3]
[1, 5, 6]
[1, 5, 0]
[1, 5, 7]
[1, 5, 4]
[1, 5, 2, 3]
[1, 5, 2, 6]
[1, 5, 2, 0]
[1, 5, 2, 7]
[1, 5, 2, 4]
[1, 5, 2, 3, 6]
[1, 5, 2, 3, 0]
[1, 5, 2, 3, 7]
[1, 5, 2, 3, 4]
[1, 5, 2, 3, 6, 0]
0.36 0.375
itercount --------> 13
[3, 5, 1]
[3, 5, 2]
[3, 5, 6]
[3, 5, 7]
[3, 5, 0]
[3, 5, 4]
[3, 5, 1, 2]
[3, 5, 1, 6]
[3, 5, 1, 7]
[3, 5, 1, 0]
[3, 5, 1, 4]
[3, 5, 1, 2, 6]
[3, 5, 1, 2, 7]
[3, 5, 1, 2, 0]
[3, 5, 1, 2, 4]
[3, 5, 1, 2, 6, 7]
[3, 5, 1, 2, 6, 0]
[3, 5, 1, 2, 6, 4]
[3, 5, 1, 2, 6, 7, 0]
[3, 5, 1, 2, 6, 7, 4]
[3, 5, 1, 2, 6, 7, 0, 4]
failed -> 37 times
after fail n ======> 8
[4, 7, 2, 1, 3, 6, 5, 0]
0.1111111111111111 0.13513513513513514
itercount --------> 1
[2, 7, 1]
[2, 7, 3]
0.13513513513513514 0.14285714285714285
itercount --------> 2
[2, 1, 6]
0.14285714285714285 0.14705882352941177
itercount --------> 3
[2, 1, 6]
0.14705882352941177 0.16129032258064516
itercount --------> 4
[1, 2, 3]
0.16129032258064516 0.2
itercount --------> 5
[2, 1, 5]
[2, 1, 4]
0.2 0.21428571428571427
itercount --------> 6
[1, 2, 5]
[1, 2, 6]
[1, 2, 3]
0.21428571428571427 0.25
itercount --------> 7
[1, 2, 5]
[1, 2, 6]
0.25 0.25925925925925924
itercount --------> 8
[2, 1, 7]
0.25925925925925924 0.3333333333333333
itercount --------> 9
[2, 1, 6]
[2, 1, 7]
[2, 1, 3]
[2, 1, 4]
[2, 1, 0]
[2, 1, 5]
[2, 1, 6, 7]
0.3333333333333333 0.36
itercount --------> 10
[2, 1, 6]
[2, 1, 7]
[2, 1, 0]
[2, 1, 3]
[2, 1, 4]
[2, 1, 5]
[2, 1, 6, 7]
[2, 1, 6, 0]
[2, 1, 6, 3]
0.36 0.391304347826087
itercount --------> 11
[2, 1, 3]
[2, 1, 6]
[2, 1, 0]
[2, 1, 7]
[2, 1, 4]
[2, 1, 5]
[2, 1, 3, 6]
[2, 1, 3, 0]
[2, 1, 3, 7]
0.391304347826087 0.4090909090909091
itercount --------> 12
[1, 2, 3]
[1, 2, 6]
[1, 2, 7]
[1, 2, 0]
[1, 2, 4]
[1, 2, 5]
[1, 2, 3, 6]
[1, 2, 3, 7]
[1, 2, 3, 0]
[1, 2, 3, 4]
0.4090909090909091 0.42857142857142855
itercount --------> 13
[1, 2, 3]
[1, 2, 6]
[1, 2, 7]
[1, 2, 0]
[1, 2, 5]
[1, 2, 4]
[1, 2, 3, 6]
[1, 2, 3, 7]
[1, 2, 3, 0]
[1, 2, 3, 5]
[1, 2, 3, 4]
0.42857142857142855 0.45
itercount --------> 14
[1, 2, 3]
[1, 2, 6]
[1, 2, 7]
[1, 2, 0]
[1, 2, 4]
[1, 2, 5]
[1, 2, 3, 6]
[1, 2, 3, 7]
[1, 2, 3, 0]
[1, 2, 3, 4]
[1, 2, 3, 5]
[1, 2, 3, 6, 7]
[1, 2, 3, 6, 0]
[1, 2, 3, 6, 4]
[1, 2, 3, 6, 5]
[1, 2, 3, 6, 7, 0]
0.45 0.5
itercount --------> 15
[1, 2, 3]
[1, 2, 6]
[1, 2, 7]
[1, 2, 4]
[1, 2, 0]
[1, 2, 5]
[1, 2, 3, 6]
[1, 2, 3, 7]
[1, 2, 3, 4]
[1, 2, 3, 0]
[1, 2, 3, 5]
[1, 2, 3, 6, 7]
[1, 2, 3, 6, 4]
[1, 2, 3, 6, 0]
[1, 2, 3, 6, 5]
[1, 2, 3, 6, 7, 4]
[1, 2, 3, 6, 7, 0]
[1, 2, 3, 6, 7, 5]
[1, 2, 3, 6, 7, 4, 0]
[1, 2, 3, 6, 7, 4, 5]
[1, 2, 3, 6, 7, 4, 0, 5]
failed -> 38 times
after fail n ======> 5
[4, 7, 2, 1, 3]
0.1111111111111111 0.11764705882352941
itercount --------> 1
[1, 2, 7]
0.11764705882352941 0.15625
itercount --------> 2
[1, 2, 6]
0.15625 0.1935483870967742
itercount --------> 3
[1, 2, 0]
[1, 2, 4]
0.1935483870967742 0.21428571428571427
itercount --------> 4
[1, 2, 0]
[1, 2, 6]
0.21428571428571427 0.27586206896551724
itercount --------> 5
[1, 2, 5]
[1, 2, 0]
[1, 2, 3]
[1, 2, 6]
[1, 2, 7]
0.27586206896551724 0.32142857142857145
itercount --------> 6
[1, 2, 6]
[1, 2, 3]
[1, 2, 4]
[1, 2, 7]
[1, 2, 0]
[1, 2, 5]
[1, 2, 6, 3]
0.32142857142857145 0.375
itercount --------> 7
[1, 2, 6]
[1, 2, 3]
[1, 2, 7]
[1, 2, 4]
[1, 2, 0]
[1, 2, 5]
[1, 2, 6, 3]
[1, 2, 6, 7]
[1, 2, 6, 4]
0.375 0.4090909090909091
itercount --------> 8
[1, 2, 6]
[1, 2, 3]
[1, 2, 7]
[1, 2, 0]
[1, 2, 5]
[1, 2, 4]
[1, 2, 6, 3]
[1, 2, 6, 7]
[1, 2, 6, 0]
[1, 2, 6, 5]
[1, 2, 6, 4]
[1, 2, 6, 3, 7]
[1, 2, 6, 3, 0]
[1, 2, 6, 3, 5]
[1, 2, 6, 3, 4]
[1, 2, 6, 3, 7, 0]
[1, 2, 6, 3, 7, 5]
0.4090909090909091 0.42857142857142855
itercount --------> 9
[1, 2, 6]
[1, 2, 3]
[1, 2, 4]
[1, 2, 7]
[1, 2, 5]
[1, 2, 0]
[1, 2, 6, 3]
[1, 2, 6, 4]
[1, 2, 6, 7]
[1, 2, 6, 5]
0.42857142857142855 0.45454545454545453
itercount --------> 10
[2, 1, 3]
[2, 1, 6]
[2, 1, 7]
[2, 1, 0]
[2, 1, 4]
[2, 1, 5]
[2, 1, 3, 6]
[2, 1, 3, 7]
[2, 1, 3, 0]
[2, 1, 3, 4]
0.45454545454545453 0.47619047619047616
itercount --------> 11
[2, 1, 6]
[2, 1, 7]
[2, 1, 5]
[2, 1, 0]
[2, 1, 4]
[2, 1, 3]
[2, 1, 6, 7]
[2, 1, 6, 5]
[2, 1, 6, 0]
[2, 1, 6, 4]
[2, 1, 6, 3]
[2, 1, 6, 7, 5]
[2, 1, 6, 7, 0]
[2, 1, 6, 7, 4]
[2, 1, 6, 7, 3]
[2, 1, 6, 7, 5, 0]
[2, 1, 6, 7, 5, 4]
0.47619047619047616 0.5
itercount --------> 12
[2, 1, 4]
[2, 1, 6]
[2, 1, 7]
[2, 1, 3]
[2, 1, 5]
[2, 1, 0]
[2, 1, 4, 6]
[2, 1, 4, 7]
[2, 1, 4, 3]
[2, 1, 4, 5]
[2, 1, 4, 0]
[2, 1, 4, 6, 7]
[2, 1, 4, 6, 3]
[2, 1, 4, 6, 5]
[2, 1, 4, 6, 0]
[2, 1, 4, 6, 7, 3]
[2, 1, 4, 6, 7, 5]
[2, 1, 4, 6, 7, 0]
[2, 1, 4, 6, 7, 3, 5]
[2, 1, 4, 6, 7, 3, 0]
[2, 1, 4, 6, 7, 3, 5, 0]
failed -> 39 times
after fail n ======> 6
[4, 7, 2, 1, 3, 6]
0.1111111111111111 0.13333333333333333
itercount --------> 1
[4, 2, 1]
0.13333333333333333 0.1724137931034483
itercount --------> 2
[2, 7, 3]
0.1724137931034483 0.2
itercount --------> 3
[3, 2, 0]
[3, 2, 1]
[3, 2, 7]
[3, 2, 5]
[3, 2, 6]
[3, 2, 4]
0.2 0.20689655172413793
itercount --------> 4
[2, 3, 1]
[2, 3, 7]
0.20689655172413793 0.2222222222222222
itercount --------> 5
[2, 6, 0]
0.2222222222222222 0.2692307692307692
itercount --------> 6
[2, 0, 3]
[2, 0, 7]
[2, 0, 5]
[2, 0, 6]
[2, 0, 1]
[2, 0, 4]
0.2692307692307692 0.30434782608695654
itercount --------> 7
[2, 0, 3]
0.30434782608695654 0.3181818181818182
itercount --------> 8
[2, 0, 3]
[2, 0, 7]
[2, 0, 6]
[2, 0, 1]
[2, 0, 5]
[2, 0, 4]
[2, 0, 3, 7]
0.3181818181818182 0.3333333333333333
itercount --------> 9
[2, 0, 3]
[2, 0, 6]
[2, 0, 7]
[2, 0, 5]
[2, 0, 1]
[2, 0, 4]
[2, 0, 3, 6]
0.3333333333333333 0.35
itercount --------> 10
[2, 0, 1]
[2, 0, 5]
[2, 0, 3]
[2, 0, 6]
[2, 0, 7]
[2, 0, 4]
[2, 0, 1, 5]
[2, 0, 1, 3]
[2, 0, 1, 6]
[2, 0, 1, 7]
[2, 0, 1, 4]
[2, 0, 1, 5, 3]
[2, 0, 1, 5, 6]
[2, 0, 1, 5, 7]
[2, 0, 1, 5, 4]
[2, 0, 1, 5, 3, 6]
[2, 0, 1, 5, 3, 7]
0.35 0.4
itercount --------> 11
[1, 2, 0]
[1, 2, 3]
[1, 2, 6]
[1, 2, 7]
[1, 2, 4]
[1, 2, 5]
[1, 2, 0, 3]
[1, 2, 0, 6]
0.4 0.42857142857142855
itercount --------> 12
[2, 1, 6]
0.42857142857142855 0.44
itercount --------> 13
[6, 0, 7]
[6, 0, 3]
0.44 0.45454545454545453
itercount --------> 14
[6, 5, 0]
[6, 5, 7]
[6, 5, 3]
[6, 5, 1]
[6, 5, 2]
[6, 5, 4]
[6, 5, 0, 7]
0.45454545454545453 0.4782608695652174
itercount --------> 15
[6, 7, 0]
0.4782608695652174 0.5
itercount --------> 16
[6, 7, 5]
[6, 7, 0]
[6, 7, 3]
[6, 7, 1]
[6, 7, 2]
[6, 7, 4]
[6, 7, 5, 0]
[6, 7, 5, 3]
[6, 7, 5, 1]
[6, 7, 5, 2]
[6, 7, 5, 4]
[6, 7, 5, 0, 3]
[6, 7, 5, 0, 1]
[6, 7, 5, 0, 2]
[6, 7, 5, 0, 4]
[6, 7, 5, 0, 3, 1]
[6, 7, 5, 0, 3, 2]
[6, 7, 5, 0, 3, 4]
[6, 7, 5, 0, 3, 1, 2]
[6, 7, 5, 0, 3, 1, 4]
[6, 7, 5, 0, 3, 1, 2, 4]
failed -> 40 times
after fail n ======> 7
[4, 7, 2, 1, 3, 6, 5]
0.1111111111111111 0.12195121951219512
itercount --------> 1
[4, 7, 6]
0.12195121951219512 0.15
itercount --------> 2
[4, 6, 2]
0.15 0.17647058823529413
itercount --------> 3
[2, 6, 7]
[2, 6, 1]
[2, 6, 5]
[2, 6, 4]
[2, 6, 3]
[2, 6, 0]
[2, 6, 7, 1]
0.17647058823529413 0.1935483870967742
itercount --------> 4
[2, 1, 6]
[2, 1, 4]
[2, 1, 0]
[2, 1, 3]
0.1935483870967742 0.23333333333333334
itercount --------> 5
[2, 1, 4]
[2, 1, 0]
0.23333333333333334 0.23529411764705882
itercount --------> 6
[1, 2, 6]
[1, 2, 4]
0.23529411764705882 0.24242424242424243
itercount --------> 7
[1, 2, 4]
[1, 2, 6]
0.24242424242424243 0.2571428571428571
itercount --------> 8
[1, 2, 6]
[1, 2, 7]
[1, 2, 4]
[1, 2, 0]
[1, 2, 5]
[1, 2, 3]
[1, 2, 6, 7]
0.2571428571428571 0.2903225806451613
itercount --------> 9
[1, 2, 7]
0.2903225806451613 0.30303030303030304
itercount --------> 10
[1, 2, 6]
[1, 2, 4]
0.30303030303030304 0.3225806451612903
itercount --------> 11
[1, 2, 6]
[1, 2, 7]
[1, 2, 4]
[1, 2, 5]
0.3225806451612903 0.36363636363636365
itercount --------> 12
[2, 1, 0]
[2, 1, 6]
0.36363636363636365 0.3793103448275862
itercount --------> 13
[2, 1, 4]
[2, 1, 0]
[2, 1, 3]
[2, 1, 6]
[2, 1, 7]
[2, 1, 5]
[2, 1, 4, 0]
[2, 1, 4, 3]
0.3793103448275862 0.39285714285714285
itercount --------> 14
[2, 1, 0]
[2, 1, 4]
[2, 1, 6]
[2, 1, 7]
[2, 1, 3]
[2, 1, 5]
[2, 1, 0, 4]
[2, 1, 0, 6]
0.39285714285714285 0.4074074074074074
itercount --------> 15
[2, 1, 0]
[2, 1, 6]
[2, 1, 7]
[2, 1, 4]
[2, 1, 5]
[2, 1, 3]
[2, 1, 0, 6]
[2, 1, 0, 7]
[2, 1, 0, 4]
[2, 1, 0, 5]
[2, 1, 0, 3]
[2, 1, 0, 6, 7]
0.4074074074074074 0.4583333333333333
itercount --------> 16
[2, 1, 0]
[2, 1, 6]
[2, 1, 7]
[2, 1, 3]
[2, 1, 4]
[2, 1, 5]
[2, 1, 0, 6]
[2, 1, 0, 7]
[2, 1, 0, 3]
[2, 1, 0, 4]
[2, 1, 0, 5]
[2, 1, 0, 6, 7]
[2, 1, 0, 6, 3]
0.4583333333333333 0.5
itercount --------> 17
[2, 1, 6]
[2, 1, 0]
[2, 1, 3]
[2, 1, 7]
[2, 1, 4]
[2, 1, 5]
[2, 1, 6, 0]
[2, 1, 6, 3]
[2, 1, 6, 7]
[2, 1, 6, 4]
[2, 1, 6, 5]
[2, 1, 6, 0, 3]
[2, 1, 6, 0, 7]
[2, 1, 6, 0, 4]
[2, 1, 6, 0, 5]
[2, 1, 6, 0, 3, 7]
[2, 1, 6, 0, 3, 4]
[2, 1, 6, 0, 3, 5]
[2, 1, 6, 0, 3, 7, 4]
[2, 1, 6, 0, 3, 7, 5]
[2, 1, 6, 0, 3, 7, 4, 5]
0.5 0.5238095238095238
itercount --------> 18
[2, 1, 4]
[2, 1, 6]
[2, 1, 0]
[2, 1, 3]
[2, 1, 7]
[2, 1, 5]
[2, 1, 4, 6]
0.5238095238095238 0.55
itercount --------> 19
[1, 2, 6]
[1, 2, 3]
[1, 2, 0]
[1, 2, 4]
[1, 2, 5]
[1, 2, 7]
[1, 2, 6, 3]
[1, 2, 6, 0]
[1, 2, 6, 4]
[1, 2, 6, 5]
[1, 2, 6, 7]
[1, 2, 6, 3, 0]
[1, 2, 6, 3, 4]
[1, 2, 6, 3, 5]
[1, 2, 6, 3, 7]
[1, 2, 6, 3, 0, 4]
[1, 2, 6, 3, 0, 5]
[1, 2, 6, 3, 0, 7]
[1, 2, 6, 3, 0, 4, 5]
[1, 2, 6, 3, 0, 4, 7]
[1, 2, 6, 3, 0, 4, 5, 7]
failed -> 41 times
after fail n ======> 8
[4, 7, 2, 1, 3, 6, 5, 0]
0.1111111111111111 0.13333333333333333
itercount --------> 1
[4, 2, 1]
0.13333333333333333 0.1724137931034483
itercount --------> 2
[2, 7, 3]
0.1724137931034483 0.2
itercount --------> 3
[3, 2, 0]
[3, 2, 1]
[3, 2, 7]
0.2 0.2222222222222222
itercount --------> 4
[2, 0, 3]
0.2222222222222222 0.23076923076923078
itercount --------> 5
[2, 0, 6]
0.23076923076923078 0.25
itercount --------> 6
[2, 6, 0]
[2, 6, 4]
0.25 0.25925925925925924
itercount --------> 7
[2, 6, 0]
0.25925925925925924 0.28
itercount --------> 8
[2, 7, 3]
0.28 0.30434782608695654
itercount --------> 9
[2, 3, 0]
[2, 3, 7]
[2, 3, 5]
[2, 3, 1]
0.30434782608695654 0.3181818181818182
itercount --------> 10
[2, 1, 7]
[2, 1, 0]
[2, 1, 5]
[2, 1, 6]
0.3181818181818182 0.3333333333333333
itercount --------> 11
[2, 1, 0]
[2, 1, 3]
[2, 1, 7]
0.3333333333333333 0.4090909090909091
itercount --------> 12
[2, 1, 0]
[2, 1, 3]
[2, 1, 7]
[2, 1, 6]
[2, 1, 5]
[2, 1, 4]
[2, 1, 0, 3]
[2, 1, 0, 7]
[2, 1, 0, 6]
[2, 1, 0, 5]
[2, 1, 0, 4]
0.4090909090909091 0.42857142857142855
itercount --------> 13
[2, 0, 1]
[2, 0, 6]
[2, 0, 7]
[2, 0, 3]
[2, 0, 5]
[2, 0, 4]
[2, 0, 1, 6]
[2, 0, 1, 7]
[2, 0, 1, 3]
[2, 0, 1, 5]
[2, 0, 1, 4]
[2, 0, 1, 6, 7]
[2, 0, 1, 6, 3]
[2, 0, 1, 6, 5]
[2, 0, 1, 6, 4]
[2, 0, 1, 6, 7, 3]
[2, 0, 1, 6, 7, 5]
[2, 0, 1, 6, 7, 4]
[2, 0, 1, 6, 7, 3, 5]
[2, 0, 1, 6, 7, 3, 4]
[2, 0, 1, 6, 7, 3, 5, 4]
failed -> 42 times
after fail n ======> 5
[4, 7, 2, 1, 3]
0.1111111111111111 0.13513513513513514
itercount --------> 1
[7, 6, 2]
0.13513513513513514 0.16666666666666666
itercount --------> 2
[2, 4, 1]
[2, 4, 3]
0.16666666666666666 0.2
itercount --------> 3
[2, 3, 1]
[2, 3, 5]
0.2 0.2413793103448276
itercount --------> 4
[2, 7, 0]
0.2413793103448276 0.24324324324324326
itercount --------> 5
[2, 6, 4]
0.24324324324324326 0.3103448275862069
itercount --------> 6
[2, 4, 1]
[2, 4, 3]
0.3103448275862069 0.36
itercount --------> 7
[2, 4, 6]
[2, 4, 7]
0.36 0.391304347826087
itercount --------> 8
[2, 4, 7]
[2, 4, 3]
[2, 4, 0]
0.391304347826087 0.42857142857142855
itercount --------> 9
[2, 3, 4]
[2, 3, 6]
[2, 3, 1]
[2, 3, 7]
[2, 3, 0]
[2, 3, 5]
[2, 3, 4, 6]
[2, 3, 4, 1]
0.42857142857142855 0.45
itercount --------> 10
[1, 2, 3]
[1, 2, 6]
0.45 0.5
itercount --------> 11
[1, 2, 3]
[1, 2, 6]
[1, 2, 7]
[1, 2, 4]
[1, 2, 0]
[1, 2, 5]
[1, 2, 3, 6]
[1, 2, 3, 7]
[1, 2, 3, 4]
[1, 2, 3, 0]
[1, 2, 3, 5]
[1, 2, 3, 6, 7]
[1, 2, 3, 6, 4]
[1, 2, 3, 6, 0]
[1, 2, 3, 6, 5]
[1, 2, 3, 6, 7, 4]
[1, 2, 3, 6, 7, 0]
[1, 2, 3, 6, 7, 5]
[1, 2, 3, 6, 7, 4, 0]
[1, 2, 3, 6, 7, 4, 5]
[1, 2, 3, 6, 7, 4, 0, 5]
failed -> 43 times
after fail n ======> 6
[4, 7, 2, 1, 3, 6]
0.1111111111111111 0.125
itercount --------> 1
[4, 3, 2]
0.125 0.17647058823529413
itercount --------> 2
[2, 3, 1]
0.17647058823529413 0.21428571428571427
itercount --------> 3
[2, 1, 6]
[2, 1, 0]
[2, 1, 7]
[2, 1, 4]
[2, 1, 5]
[2, 1, 3]
[2, 1, 6, 0]
0.21428571428571427 0.25925925925925924
itercount --------> 4
[2, 1, 0]
[2, 1, 7]
[2, 1, 5]
[2, 1, 6]
[2, 1, 3]
[2, 1, 4]
[2, 1, 0, 7]
0.25925925925925924 0.27586206896551724
itercount --------> 5
[2, 1, 6]
0.27586206896551724 0.32142857142857145
itercount --------> 6
[2, 1, 7]
[2, 1, 3]
[2, 1, 4]
[2, 1, 0]
[2, 1, 6]
[2, 1, 5]
[2, 1, 7, 3]
0.32142857142857145 0.3333333333333333
itercount --------> 7
[2, 1, 4]
0.3333333333333333 0.375
itercount --------> 8
[2, 1, 0]
[2, 1, 3]
0.375 0.391304347826087
itercount --------> 9
[2, 1, 3]
[2, 1, 7]
[2, 1, 0]
[2, 1, 4]
[2, 1, 6]
[2, 1, 5]
[2, 1, 3, 7]
[2, 1, 3, 0]
[2, 1, 3, 4]
0.391304347826087 0.42857142857142855
itercount --------> 10
[1, 2, 3]
[1, 2, 4]
[1, 2, 7]
[1, 2, 6]
[1, 2, 0]
[1, 2, 5]
[1, 2, 3, 4]
[1, 2, 3, 7]
[1, 2, 3, 6]
0.42857142857142855 0.45
itercount --------> 11
[1, 2, 3]
[1, 2, 6]
[1, 2, 7]
[1, 2, 0]
[1, 2, 4]
[1, 2, 5]
[1, 2, 3, 6]
[1, 2, 3, 7]
[1, 2, 3, 0]
[1, 2, 3, 4]
[1, 2, 3, 5]
[1, 2, 3, 6, 7]
[1, 2, 3, 6, 0]
[1, 2, 3, 6, 4]
[1, 2, 3, 6, 5]
[1, 2, 3, 6, 7, 0]
0.45 0.47619047619047616
itercount --------> 12
[2, 1, 6]
[2, 1, 3]
[2, 1, 4]
[2, 1, 7]
[2, 1, 0]
[2, 1, 5]
[2, 1, 6, 3]
[2, 1, 6, 4]
[2, 1, 6, 7]
[2, 1, 6, 0]
[2, 1, 6, 5]
[2, 1, 6, 3, 4]
[2, 1, 6, 3, 7]
[2, 1, 6, 3, 0]
[2, 1, 6, 3, 5]
[2, 1, 6, 3, 4, 7]
[2, 1, 6, 3, 4, 0]
0.47619047619047616 0.5
itercount --------> 13
[2, 1, 0]
[2, 1, 6]
[2, 1, 3]
[2, 1, 7]
[2, 1, 4]
[2, 1, 5]
[2, 1, 0, 6]
[2, 1, 0, 3]
[2, 1, 0, 7]
[2, 1, 0, 4]
[2, 1, 0, 5]
[2, 1, 0, 6, 3]
[2, 1, 0, 6, 7]
[2, 1, 0, 6, 4]
[2, 1, 0, 6, 5]
[2, 1, 0, 6, 3, 7]
[2, 1, 0, 6, 3, 4]
[2, 1, 0, 6, 3, 5]
[2, 1, 0, 6, 3, 7, 4]
[2, 1, 0, 6, 3, 7, 5]
[2, 1, 0, 6, 3, 7, 4, 5]
failed -> 44 times
after fail n ======> 7
[4, 7, 2, 1, 3, 6, 5]
0.1111111111111111 0.12195121951219512
itercount --------> 1
[2, 4, 6]
0.12195121951219512 0.14285714285714285
itercount --------> 2
[2, 1, 6]
0.14285714285714285 0.16129032258064516
itercount --------> 3
[1, 2, 3]
0.16129032258064516 0.23333333333333334
itercount --------> 4
[1, 2, 4]
0.23333333333333334 0.25
itercount --------> 5
[1, 2, 5]
[1, 2, 6]
[1, 2, 7]
0.25 0.32142857142857145
itercount --------> 6
[1, 2, 6]
[1, 2, 4]
[1, 2, 7]
[1, 2, 3]
[1, 2, 5]
[1, 2, 0]
[1, 2, 6, 4]
0.32142857142857145 0.3333333333333333
itercount --------> 7
[1, 2, 6]
0.3333333333333333 0.375
itercount --------> 8
[1, 2, 6]
[1, 2, 7]
[1, 2, 4]
[1, 2, 5]
[1, 2, 3]
[1, 2, 0]
[1, 2, 6, 7]
0.375 0.4074074074074074
itercount --------> 9
[1, 2, 6]
[1, 2, 4]
[1, 2, 0]
[1, 2, 5]
[1, 2, 7]
[1, 2, 3]
[1, 2, 6, 4]
[1, 2, 6, 0]
[1, 2, 6, 5]
[1, 2, 6, 7]
[1, 2, 6, 3]
0.4074074074074074 0.42857142857142855
itercount --------> 10
[1, 2, 6]
[1, 2, 3]
[1, 2, 5]
[1, 2, 4]
[1, 2, 0]
[1, 2, 7]
[1, 2, 6, 3]
[1, 2, 6, 5]
[1, 2, 6, 4]
[1, 2, 6, 0]
[1, 2, 6, 7]
[1, 2, 6, 3, 5]
[1, 2, 6, 3, 4]
[1, 2, 6, 3, 0]
[1, 2, 6, 3, 7]
[1, 2, 6, 3, 5, 4]
[1, 2, 6, 3, 5, 0]
[1, 2, 6, 3, 5, 7]
[1, 2, 6, 3, 5, 4, 0]
0.42857142857142855 0.45
itercount --------> 11
[1, 2, 3]
[1, 2, 0]
[1, 2, 5]
[1, 2, 4]
[1, 2, 6]
[1, 2, 7]
[1, 2, 3, 0]
0.45 0.4583333333333333
itercount --------> 12
[1, 2, 6]
[1, 2, 0]
[1, 2, 7]
[1, 2, 3]
[1, 2, 4]
[1, 2, 5]
[1, 2, 6, 0]
[1, 2, 6, 7]
[1, 2, 6, 3]
[1, 2, 6, 4]
[1, 2, 6, 5]
[1, 2, 6, 0, 7]
[1, 2, 6, 0, 3]
[1, 2, 6, 0, 4]
[1, 2, 6, 0, 5]
[1, 2, 6, 0, 7, 3]
[1, 2, 6, 0, 7, 4]
[1, 2, 6, 0, 7, 5]
[1, 2, 6, 0, 7, 3, 4]
0.4583333333333333 0.5238095238095238
itercount --------> 13
[1, 2, 0]
[1, 2, 6]
[1, 2, 7]
[1, 2, 5]
[1, 2, 3]
[1, 2, 4]
[1, 2, 0, 6]
[1, 2, 0, 7]
[1, 2, 0, 5]
[1, 2, 0, 3]
[1, 2, 0, 4]
[1, 2, 0, 6, 7]
[1, 2, 0, 6, 5]
[1, 2, 0, 6, 3]
[1, 2, 0, 6, 4]
[1, 2, 0, 6, 7, 5]
[1, 2, 0, 6, 7, 3]
[1, 2, 0, 6, 7, 4]
[1, 2, 0, 6, 7, 5, 3]
[1, 2, 0, 6, 7, 5, 4]
[1, 2, 0, 6, 7, 5, 3, 4]
failed -> 45 times
after fail n ======> 8
[4, 7, 2, 1, 3, 6, 5, 0]
0.1111111111111111 0.11764705882352941
itercount --------> 1
[3, 7, 4]
0.11764705882352941 0.13513513513513514
itercount --------> 2
[7, 6, 2]
0.13513513513513514 0.16666666666666666
itercount --------> 3
[2, 4, 1]
[2, 4, 3]
0.16666666666666666 0.23076923076923078
itercount --------> 4
[2, 1, 3]
0.23076923076923078 0.28
itercount --------> 5
[2, 4, 6]
[2, 4, 7]
[2, 4, 0]
0.28 0.30434782608695654
itercount --------> 6
[2, 4, 0]
[2, 4, 3]
[2, 4, 5]
[2, 4, 7]
[2, 4, 1]
[2, 4, 6]
[2, 4, 0, 3]
[2, 4, 0, 5]
[2, 4, 0, 7]
0.30434782608695654 0.36
itercount --------> 7
[2, 4, 6]
0.36 0.391304347826087
itercount --------> 8
[2, 4, 6]
[2, 4, 1]
0.391304347826087 0.4090909090909091
itercount --------> 9
[2, 0, 1]
[2, 0, 3]
[2, 0, 4]
[2, 0, 7]
[2, 0, 6]
0.4090909090909091 0.41379310344827586
itercount --------> 10
[2, 0, 6]
[2, 0, 7]
[2, 0, 3]
[2, 0, 1]
[2, 0, 4]
[2, 0, 5]
[2, 0, 6, 7]
0.41379310344827586 0.4583333333333333
itercount --------> 11
[2, 0, 7]
[2, 0, 6]
[2, 0, 3]
[2, 0, 1]
[2, 0, 5]
[2, 0, 4]
[2, 0, 7, 6]
[2, 0, 7, 3]
0.4583333333333333 0.4782608695652174
itercount --------> 12
[2, 7, 0]
[2, 7, 6]
[2, 7, 3]
[2, 7, 5]
[2, 7, 1]
0.4782608695652174 0.5
itercount --------> 13
[6, 7, 0]
[6, 7, 3]
[6, 7, 1]
[6, 7, 2]
[6, 7, 4]
[6, 7, 5]
[6, 7, 0, 3]
[6, 7, 0, 1]
[6, 7, 0, 2]
[6, 7, 0, 4]
[6, 7, 0, 5]
[6, 7, 0, 3, 1]
[6, 7, 0, 3, 2]
[6, 7, 0, 3, 4]
[6, 7, 0, 3, 5]
[6, 7, 0, 3, 1, 2]
[6, 7, 0, 3, 1, 4]
[6, 7, 0, 3, 1, 5]
[6, 7, 0, 3, 1, 2, 4]
[6, 7, 0, 3, 1, 2, 5]
[6, 7, 0, 3, 1, 2, 4, 5]
failed -> 46 times
after fail n ======> 5
[4, 7, 2, 1, 3]
0.1111111111111111 0.12195121951219512
itercount --------> 1
[1, 4, 2]
0.12195121951219512 0.16129032258064516
itercount --------> 2
[1, 2, 6]
[1, 2, 0]
0.16129032258064516 0.1724137931034483
itercount --------> 3
[1, 2, 6]
0.1724137931034483 0.2
itercount --------> 4
[1, 2, 3]
0.2 0.21428571428571427
itercount --------> 5
[1, 2, 0]
0.21428571428571427 0.25
itercount --------> 6
[1, 2, 7]
0.25 0.32142857142857145
itercount --------> 7
[1, 2, 6]
[1, 2, 4]
[1, 2, 7]
[1, 2, 3]
[1, 2, 5]
[1, 2, 0]
[1, 2, 6, 4]
0.32142857142857145 0.375
itercount --------> 8
[1, 2, 6]
[1, 2, 7]
[1, 2, 4]
[1, 2, 5]
[1, 2, 3]
[1, 2, 0]
[1, 2, 6, 7]
0.375 0.4074074074074074
itercount --------> 9
[1, 2, 6]
[1, 2, 4]
[1, 2, 0]
[1, 2, 5]
[1, 2, 7]
[1, 2, 3]
[1, 2, 6, 4]
[1, 2, 6, 0]
[1, 2, 6, 5]
[1, 2, 6, 7]
[1, 2, 6, 3]
0.4074074074074074 0.4230769230769231
itercount --------> 10
[1, 2, 6]
[1, 2, 4]
[1, 2, 7]
[1, 2, 0]
[1, 2, 3]
[1, 2, 5]
[1, 2, 6, 4]
[1, 2, 6, 7]
[1, 2, 6, 0]
[1, 2, 6, 3]
[1, 2, 6, 5]
[1, 2, 6, 4, 7]
0.4230769230769231 0.4583333333333333
itercount --------> 11
[1, 2, 6]
[1, 2, 7]
[1, 2, 0]
[1, 2, 3]
[1, 2, 5]
[1, 2, 4]
[1, 2, 6, 7]
[1, 2, 6, 0]
[1, 2, 6, 3]
[1, 2, 6, 5]
[1, 2, 6, 4]
[1, 2, 6, 7, 0]
[1, 2, 6, 7, 3]
[1, 2, 6, 7, 5]
0.4583333333333333 0.4666666666666667
itercount --------> 12
[1, 2, 6]
[1, 2, 4]
[1, 2, 7]
[1, 2, 0]
[1, 2, 3]
[1, 2, 5]
[1, 2, 6, 4]
[1, 2, 6, 7]
[1, 2, 6, 0]
[1, 2, 6, 3]
[1, 2, 6, 5]
0.4666666666666667 0.5217391304347826
itercount --------> 13
[1, 2, 7]
[1, 2, 0]
[1, 2, 5]
[1, 2, 6]
[1, 2, 4]
[1, 2, 3]
[1, 2, 7, 0]
[1, 2, 7, 5]
[1, 2, 7, 6]
[1, 2, 7, 4]
[1, 2, 7, 3]
[1, 2, 7, 0, 5]
[1, 2, 7, 0, 6]
[1, 2, 7, 0, 4]
[1, 2, 7, 0, 3]
[1, 2, 7, 0, 5, 6]
[1, 2, 7, 0, 5, 4]
[1, 2, 7, 0, 5, 3]
[1, 2, 7, 0, 5, 6, 4]
0.5217391304347826 0.5454545454545454
itercount --------> 14
[2, 1, 4]
[2, 1, 0]
[2, 1, 5]
[2, 1, 6]
[2, 1, 7]
[2, 1, 3]
[2, 1, 4, 0]
[2, 1, 4, 5]
[2, 1, 4, 6]
[2, 1, 4, 7]
[2, 1, 4, 3]
[2, 1, 4, 0, 5]
[2, 1, 4, 0, 6]
[2, 1, 4, 0, 7]
[2, 1, 4, 0, 3]
[2, 1, 4, 0, 5, 6]
[2, 1, 4, 0, 5, 7]
[2, 1, 4, 0, 5, 3]
[2, 1, 4, 0, 5, 6, 7]
[2, 1, 4, 0, 5, 6, 3]
[2, 1, 4, 0, 5, 6, 7, 3]
failed -> 47 times
after fail n ======> 6
[4, 7, 2, 1, 3, 6]
0.1111111111111111 0.12195121951219512
itercount --------> 1
[4, 6, 2]
[4, 6, 1]
[4, 6, 3]
[4, 6, 7]
0.12195121951219512 0.13333333333333333
itercount --------> 2
[4, 2, 1]
0.13333333333333333 0.1724137931034483
itercount --------> 3
[2, 7, 3]
0.1724137931034483 0.17857142857142858
itercount --------> 4
[2, 3, 0]
[2, 3, 1]
0.17857142857142858 0.19230769230769232
itercount --------> 5
[1, 0, 2]
0.19230769230769232 0.21428571428571427
itercount --------> 6
[1, 4, 6]
0.21428571428571427 0.3076923076923077
itercount --------> 7
[1, 2, 4]
0.3076923076923077 0.32
itercount --------> 8
[1, 2, 5]
[1, 2, 0]
[1, 2, 7]
0.32 0.375
itercount --------> 9
[1, 2, 6]
[1, 2, 3]
[1, 2, 7]
[1, 2, 4]
[1, 2, 5]
[1, 2, 0]
[1, 2, 6, 3]
0.375 0.4090909090909091
itercount --------> 10
[1, 2, 6]
[1, 2, 3]
[1, 2, 7]
[1, 2, 0]
[1, 2, 5]
[1, 2, 4]
[1, 2, 6, 3]
[1, 2, 6, 7]
[1, 2, 6, 0]
[1, 2, 6, 5]
[1, 2, 6, 4]
[1, 2, 6, 3, 7]
[1, 2, 6, 3, 0]
[1, 2, 6, 3, 5]
[1, 2, 6, 3, 4]
[1, 2, 6, 3, 7, 0]
[1, 2, 6, 3, 7, 5]
0.4090909090909091 0.42857142857142855
itercount --------> 11
[1, 2, 6]
[1, 2, 3]
[1, 2, 4]
[1, 2, 7]
[1, 2, 5]
[1, 2, 0]
[1, 2, 6, 3]
[1, 2, 6, 4]
[1, 2, 6, 7]
[1, 2, 6, 5]
[1, 2, 6, 0]
[1, 2, 6, 3, 4]
0.42857142857142855 0.48
itercount --------> 12
[1, 2, 6]
[1, 2, 3]
[1, 2, 7]
[1, 2, 4]
0.48 0.5
itercount --------> 13
[2, 1, 4]
[2, 1, 6]
[2, 1, 7]
[2, 1, 3]
[2, 1, 5]
[2, 1, 0]
[2, 1, 4, 6]
[2, 1, 4, 7]
[2, 1, 4, 3]
[2, 1, 4, 5]
[2, 1, 4, 0]
[2, 1, 4, 6, 7]
[2, 1, 4, 6, 3]
[2, 1, 4, 6, 5]
[2, 1, 4, 6, 0]
[2, 1, 4, 6, 7, 3]
[2, 1, 4, 6, 7, 5]
[2, 1, 4, 6, 7, 0]
[2, 1, 4, 6, 7, 3, 5]
[2, 1, 4, 6, 7, 3, 0]
[2, 1, 4, 6, 7, 3, 5, 0]
failed -> 48 times
after fail n ======> 7
[4, 7, 2, 1, 3, 6, 5]
0.1111111111111111 0.13513513513513514
itercount --------> 1
[7, 6, 2]
0.13513513513513514 0.13636363636363635
itercount --------> 2
[4, 6, 7]
0.13636363636363635 0.15
itercount --------> 3
[4, 6, 5]
[4, 6, 2]
0.15 0.16666666666666666
itercount --------> 4
[2, 6, 1]
[2, 6, 7]
0.16666666666666666 0.17647058823529413
itercount --------> 5
[2, 4, 6]
[2, 4, 1]
0.17647058823529413 0.18181818181818182
itercount --------> 6
[2, 4, 6]
[2, 4, 1]
0.18181818181818182 0.20689655172413793
itercount --------> 7
[2, 1, 6]
[2, 1, 4]
[2, 1, 5]
[2, 1, 7]
0.20689655172413793 0.2413793103448276
itercount --------> 8
[2, 1, 6]
0.2413793103448276 0.2857142857142857
itercount --------> 9
[2, 1, 3]
[2, 1, 6]
[2, 1, 4]
[2, 1, 5]
[2, 1, 7]
[2, 1, 0]
[2, 1, 3, 6]
0.2857142857142857 0.3333333333333333
itercount --------> 10
[2, 1, 6]
[2, 1, 4]
[2, 1, 7]
[2, 1, 3]
[2, 1, 5]
[2, 1, 0]
[2, 1, 6, 4]
0.3333333333333333 0.36
itercount --------> 11
[2, 1, 6]
0.36 0.4074074074074074
itercount --------> 12
[1, 2, 6]
[1, 2, 4]
[1, 2, 0]
[1, 2, 5]
[1, 2, 7]
[1, 2, 3]
[1, 2, 6, 4]
[1, 2, 6, 0]
[1, 2, 6, 5]
[1, 2, 6, 7]
[1, 2, 6, 3]
[1, 2, 6, 4, 0]
0.4074074074074074 0.4583333333333333
itercount --------> 13
[2, 1, 4]
[2, 1, 0]
[2, 1, 5]
[2, 1, 6]
[2, 1, 7]
[2, 1, 3]
[2, 1, 4, 0]
[2, 1, 4, 5]
[2, 1, 4, 6]
[2, 1, 4, 7]
[2, 1, 4, 3]
[2, 1, 4, 0, 5]
[2, 1, 4, 0, 6]
[2, 1, 4, 0, 7]
[2, 1, 4, 0, 3]
[2, 1, 4, 0, 5, 6]
[2, 1, 4, 0, 5, 7]
[2, 1, 4, 0, 5, 3]
[2, 1, 4, 0, 5, 6, 7]
[2, 1, 4, 0, 5, 6, 3]
0.4583333333333333 0.5
itercount --------> 14
[2, 1, 0]
[2, 1, 4]
[2, 1, 3]
[2, 1, 7]
[2, 1, 5]
[2, 1, 6]
[2, 1, 0, 4]
[2, 1, 0, 3]
[2, 1, 0, 7]
[2, 1, 0, 5]
[2, 1, 0, 6]
[2, 1, 0, 4, 3]
[2, 1, 0, 4, 7]
0.5 0.5238095238095238
itercount --------> 15
[2, 1, 0]
[2, 1, 7]
[2, 1, 5]
[2, 1, 3]
[2, 1, 4]
[2, 1, 6]
[2, 1, 0, 7]
[2, 1, 0, 5]
[2, 1, 0, 3]
[2, 1, 0, 4]
[2, 1, 0, 6]
[2, 1, 0, 7, 5]
0.5238095238095238 0.56
itercount --------> 16
[1, 2, 4]
[1, 2, 0]
[1, 2, 6]
[1, 2, 7]
[1, 2, 3]
[1, 2, 5]
[1, 2, 4, 0]
[1, 2, 4, 6]
[1, 2, 4, 7]
[1, 2, 4, 3]
[1, 2, 4, 5]
[1, 2, 4, 0, 6]
[1, 2, 4, 0, 7]
[1, 2, 4, 0, 3]
[1, 2, 4, 0, 5]
[1, 2, 4, 0, 6, 7]
[1, 2, 4, 0, 6, 3]
[1, 2, 4, 0, 6, 5]
[1, 2, 4, 0, 6, 7, 3]
[1, 2, 4, 0, 6, 7, 5]
[1, 2, 4, 0, 6, 7, 3, 5]
failed -> 49 times
after fail n ======> 8
[4, 7, 2, 1, 3, 6, 5, 0]
0.1111111111111111 0.12195121951219512
itercount --------> 1
[4, 6, 2]
[4, 6, 1]
0.12195121951219512 0.14285714285714285
itercount --------> 2
[1, 7, 3]
[1, 7, 4]
0.14285714285714285 0.15151515151515152
itercount --------> 3
[1, 2, 4]
0.15151515151515152 0.15625
itercount --------> 4
[1, 4, 3]
0.15625 0.16129032258064516
itercount --------> 5
[1, 4, 2]
[1, 4, 6]
0.16129032258064516 0.1935483870967742
itercount --------> 6
[1, 4, 2]
0.1935483870967742 0.21428571428571427
itercount --------> 7
[1, 2, 7]
[1, 2, 3]
0.21428571428571427 0.25925925925925924
itercount --------> 8
[1, 2, 4]
[1, 2, 7]
0.25925925925925924 0.3333333333333333
itercount --------> 9
[1, 2, 4]
[1, 2, 6]
[1, 2, 7]
[1, 2, 3]
[1, 2, 5]
[1, 2, 0]
[1, 2, 4, 6]
0.3333333333333333 0.34615384615384615
itercount --------> 10
[2, 1, 7]
[2, 1, 4]
[2, 1, 6]
[2, 1, 3]
[2, 1, 5]
[2, 1, 0]
[2, 1, 7, 4]
0.34615384615384615 0.36
itercount --------> 11
[2, 1, 7]
[2, 1, 6]
[2, 1, 3]
[2, 1, 0]
[2, 1, 5]
[2, 1, 4]
[2, 1, 7, 6]
[2, 1, 7, 3]
0.36 0.391304347826087
itercount --------> 12
[2, 1, 3]
[2, 1, 7]
[2, 1, 0]
[2, 1, 6]
[2, 1, 5]
[2, 1, 4]
[2, 1, 3, 7]
[2, 1, 3, 0]
[2, 1, 3, 6]
0.391304347826087 0.4090909090909091
itercount --------> 13
[1, 2, 3]
[1, 2, 6]
[1, 2, 7]
[1, 2, 4]
[1, 2, 0]
[1, 2, 5]
[1, 2, 3, 6]
0.4090909090909091 0.42857142857142855
itercount --------> 14
[1, 2, 3]
[1, 2, 6]
[1, 2, 7]
[1, 2, 0]
[1, 2, 5]
[1, 2, 4]
[1, 2, 3, 6]
[1, 2, 3, 7]
[1, 2, 3, 0]
[1, 2, 3, 5]
[1, 2, 3, 4]
[1, 2, 3, 6, 7]
[1, 2, 3, 6, 0]
[1, 2, 3, 6, 5]
[1, 2, 3, 6, 4]
0.42857142857142855 0.45
itercount --------> 15
[1, 2, 3]
[1, 2, 6]
[1, 2, 7]
[1, 2, 0]
[1, 2, 4]
[1, 2, 5]
[1, 2, 3, 6]
[1, 2, 3, 7]
[1, 2, 3, 0]
[1, 2, 3, 4]
[1, 2, 3, 5]
[1, 2, 3, 6, 7]
[1, 2, 3, 6, 0]
[1, 2, 3, 6, 4]
[1, 2, 3, 6, 5]
[1, 2, 3, 6, 7, 0]
0.45 0.47619047619047616
itercount --------> 16
[2, 1, 6]
[2, 1, 3]
[2, 1, 4]
[2, 1, 7]
[2, 1, 0]
[2, 1, 5]
[2, 1, 6, 3]
[2, 1, 6, 4]
[2, 1, 6, 7]
[2, 1, 6, 0]
[2, 1, 6, 5]
[2, 1, 6, 3, 4]
[2, 1, 6, 3, 7]
[2, 1, 6, 3, 0]
[2, 1, 6, 3, 5]
[2, 1, 6, 3, 4, 7]
[2, 1, 6, 3, 4, 0]
0.47619047619047616 0.5
itercount --------> 17
[1, 2, 3]
[1, 2, 6]
[1, 2, 7]
[1, 2, 4]
[1, 2, 0]
[1, 2, 5]
[1, 2, 3, 6]
[1, 2, 3, 7]
[1, 2, 3, 4]
[1, 2, 3, 0]
[1, 2, 3, 5]
[1, 2, 3, 6, 7]
[1, 2, 3, 6, 4]
[1, 2, 3, 6, 0]
[1, 2, 3, 6, 5]
[1, 2, 3, 6, 7, 4]
[1, 2, 3, 6, 7, 0]
[1, 2, 3, 6, 7, 5]
[1, 2, 3, 6, 7, 4, 0]
[1, 2, 3, 6, 7, 4, 5]
[1, 2, 3, 6, 7, 4, 0, 5]
failed -> 50 times
after fail n ======> 5
Runs with the maximum attractor JI -> [16, 32]
