{1: 33, 2: 27, 5: 21, 0: 18, 6: 16, 3: 13, 7: 8, 4: 7}
[1, 2, 5]
0.10526315789473684 0.13333333333333333
itercount --------> 1
[1, 5, 2]
0.13333333333333333 0.13513513513513514
itercount --------> 2
[2, 1, 0]
0.13513513513513514 0.15384615384615385
itercount --------> 3
[1, 5, 2]
[1, 5, 7]
[1, 5, 0]
[1, 5, 3]
[1, 5, 4]
0.15384615384615385 0.16666666666666666
itercount --------> 4
[2, 5, 1]
[2, 5, 6]
0.16666666666666666 0.3
itercount --------> 5
[5, 2, 6]
0.3 0.3333333333333333
itercount --------> 6
[5, 2, 0]
0.3333333333333333 0.375
itercount --------> 7
[2, 5, 0]
[2, 5, 1]
[2, 5, 4]
[2, 5, 6]
[2, 5, 7]
[2, 5, 3]
[2, 5, 0, 1]
0.375 0.3870967741935484
itercount --------> 8
[5, 2, 0]
[5, 2, 1]
[5, 2, 6]
[5, 2, 4]
[5, 2, 7]
[5, 2, 3]
0.3870967741935484 0.42857142857142855
itercount --------> 9
[5, 2, 1]
[5, 2, 6]
[5, 2, 4]
[5, 2, 0]
[5, 2, 3]
[5, 2, 7]
[5, 2, 1, 6]
[5, 2, 1, 4]
0.42857142857142855 0.44
itercount --------> 10
[5, 4, 6]
0.44 0.5
itercount --------> 11
[5, 2, 4]
[5, 2, 6]
[5, 2, 0]
[5, 2, 1]
[5, 2, 3]
[5, 2, 7]
[5, 2, 4, 6]
0.5 0.5238095238095238
itercount --------> 12
[5, 2, 6]
[5, 2, 0]
[5, 2, 3]
[5, 2, 4]
[5, 2, 7]
[5, 2, 1]
[5, 2, 6, 0]
[5, 2, 6, 3]
0.5238095238095238 0.5652173913043478
itercount --------> 13
[5, 2, 6]
[5, 2, 7]
[5, 2, 4]
[5, 2, 3]
[5, 2, 0]
[5, 2, 1]
[5, 2, 6, 7]
[5, 2, 6, 4]
[5, 2, 6, 3]
[5, 2, 6, 0]
[5, 2, 6, 1]
[5, 2, 6, 7, 4]
0.5652173913043478 0.5833333333333334
itercount --------> 14
[5, 7, 2]
[5, 7, 0]
[5, 7, 3]
[5, 7, 1]
[5, 7, 4]
[5, 7, 6]
[5, 7, 2, 0]
[5, 7, 2, 3]
[5, 7, 2, 1]
[5, 7, 2, 4]
[5, 7, 2, 6]
[5, 7, 2, 0, 3]
[5, 7, 2, 0, 1]
[5, 7, 2, 0, 4]
0.5833333333333334 0.6
itercount --------> 15
[5, 2, 0]
[5, 2, 4]
[5, 2, 7]
[5, 2, 3]
[5, 2, 1]
[5, 2, 6]
[5, 2, 0, 4]
[5, 2, 0, 7]
[5, 2, 0, 3]
[5, 2, 0, 1]
[5, 2, 0, 6]
[5, 2, 0, 4, 7]
[5, 2, 0, 4, 3]
[5, 2, 0, 4, 1]
[5, 2, 0, 4, 6]
[5, 2, 0, 4, 7, 3]
[5, 2, 0, 4, 7, 1]
[5, 2, 0, 4, 7, 6]
[5, 2, 0, 4, 7, 3, 1]
0.6 0.6521739130434783
itercount --------> 16
[5, 2, 7]
[5, 2, 0]
[5, 2, 3]
[5, 2, 6]
[5, 2, 1]
[5, 2, 4]
[5, 2, 7, 0]
[5, 2, 7, 3]
[5, 2, 7, 6]
[5, 2, 7, 1]
[5, 2, 7, 4]
[5, 2, 7, 0, 3]
[5, 2, 7, 0, 6]
[5, 2, 7, 0, 1]
[5, 2, 7, 0, 4]
[5, 2, 7, 0, 3, 6]
[5, 2, 7, 0, 3, 1]
[5, 2, 7, 0, 3, 4]
[5, 2, 7, 0, 3, 6, 1]
[5, 2, 7, 0, 3, 6, 4]
[5, 2, 7, 0, 3, 6, 1, 4]
failed Once
after fail n ======> 4
[1, 2, 5, 0]
0.10526315789473684 0.16666666666666666
itercount --------> 1
[0, 1, 5]
[0, 1, 6]
0.16666666666666666 0.21428571428571427
itercount --------> 2
[6, 1, 3]
0.21428571428571427 0.22857142857142856
itercount --------> 3
[5, 2, 1]
[5, 2, 3]
[5, 2, 0]
0.22857142857142856 0.25
itercount --------> 4
[1, 5, 2]
0.25 0.25925925925925924
itercount --------> 5
[5, 1, 2]
[5, 1, 3]
[5, 1, 4]
[5, 1, 6]
0.25925925925925924 0.32142857142857145
itercount --------> 6
[5, 1, 3]
[5, 1, 4]
[5, 1, 2]
0.32142857142857145 0.36
itercount --------> 7
[1, 5, 2]
[1, 5, 4]
0.36 0.39285714285714285
itercount --------> 8
[5, 1, 2]
0.39285714285714285 0.4
itercount --------> 9
[2, 5, 1]
[2, 5, 0]
[2, 5, 4]
[2, 5, 6]
[2, 5, 3]
[2, 5, 7]
[2, 5, 1, 0]
[2, 5, 1, 4]
[2, 5, 1, 6]
0.4 0.44
itercount --------> 10
[2, 5, 0]
[2, 5, 1]
[2, 5, 6]
0.44 0.4782608695652174
itercount --------> 11
[2, 5, 0]
[2, 5, 1]
[2, 5, 6]
[2, 5, 3]
[2, 5, 4]
[2, 5, 7]
[2, 5, 0, 1]
[2, 5, 0, 6]
[2, 5, 0, 3]
[2, 5, 0, 4]
[2, 5, 0, 7]
[2, 5, 0, 1, 6]
0.4782608695652174 0.5
itercount --------> 12
[2, 5, 0]
[2, 5, 3]
[2, 5, 6]
[2, 5, 1]
[2, 5, 4]
[2, 5, 7]
[2, 5, 0, 3]
0.5 0.5238095238095238
itercount --------> 13
[5, 2, 4]
[5, 2, 6]
[5, 2, 3]
[5, 2, 0]
[5, 2, 7]
[5, 2, 1]
[5, 2, 4, 6]
[5, 2, 4, 3]
[5, 2, 4, 0]
[5, 2, 4, 7]
[5, 2, 4, 1]
[5, 2, 4, 6, 3]
[5, 2, 4, 6, 0]
[5, 2, 4, 6, 7]
[5, 2, 4, 6, 1]
[5, 2, 4, 6, 3, 0]
[5, 2, 4, 6, 3, 7]
[5, 2, 4, 6, 3, 1]
[5, 2, 4, 6, 3, 0, 7]
[5, 2, 4, 6, 3, 0, 1]
[5, 2, 4, 6, 3, 0, 7, 1]
failed -> 2 times
after fail n ======> 5
[1, 2, 5, 0, 6]
0.10526315789473684 0.13636363636363635
itercount --------> 1
[1, 2, 0]
0.13636363636363635 0.16129032258064516
itercount --------> 2
[1, 5, 2]
0.16129032258064516 0.16666666666666666
itercount --------> 3
[1, 5, 4]
[1, 5, 2]
0.16666666666666666 0.2727272727272727
itercount --------> 4
[5, 2, 4]
0.2727272727272727 0.3333333333333333
itercount --------> 5
[5, 6, 2]
[5, 6, 4]
0.3333333333333333 0.3448275862068966
itercount --------> 6
[5, 2, 0]
0.3448275862068966 0.43478260869565216
itercount --------> 7
[2, 5, 0]
[2, 5, 1]
[2, 5, 6]
[2, 5, 3]
0.43478260869565216 0.45454545454545453
itercount --------> 8
[5, 6, 2]
[5, 6, 0]
[5, 6, 1]
[5, 6, 3]
[5, 6, 4]
[5, 6, 7]
[5, 6, 2, 0]
[5, 6, 2, 1]
[5, 6, 2, 3]
[5, 6, 2, 4]
[5, 6, 2, 7]
[5, 6, 2, 0, 1]
[5, 6, 2, 0, 3]
[5, 6, 2, 0, 4]
[5, 6, 2, 0, 7]
[5, 6, 2, 0, 1, 3]
[5, 6, 2, 0, 1, 4]
0.45454545454545453 0.48
itercount --------> 9
[5, 0, 2]
[5, 0, 4]
[5, 0, 6]
[5, 0, 1]
0.48 0.5217391304347826
itercount --------> 10
[5, 0, 2]
[5, 0, 4]
[5, 0, 6]
[5, 0, 1]
[5, 0, 3]
[5, 0, 7]
[5, 0, 2, 4]
[5, 0, 2, 6]
[5, 0, 2, 1]
[5, 0, 2, 3]
[5, 0, 2, 7]
[5, 0, 2, 4, 6]
[5, 0, 2, 4, 1]
[5, 0, 2, 4, 3]
[5, 0, 2, 4, 7]
[5, 0, 2, 4, 6, 1]
[5, 0, 2, 4, 6, 3]
0.5217391304347826 0.56
itercount --------> 11
[5, 0, 2]
[5, 0, 4]
[5, 0, 6]
[5, 0, 7]
[5, 0, 1]
[5, 0, 3]
[5, 0, 2, 4]
[5, 0, 2, 6]
[5, 0, 2, 7]
[5, 0, 2, 1]
[5, 0, 2, 3]
[5, 0, 2, 4, 6]
[5, 0, 2, 4, 7]
[5, 0, 2, 4, 1]
[5, 0, 2, 4, 3]
[5, 0, 2, 4, 6, 7]
[5, 0, 2, 4, 6, 1]
[5, 0, 2, 4, 6, 3]
[5, 0, 2, 4, 6, 7, 1]
[5, 0, 2, 4, 6, 7, 3]
[5, 0, 2, 4, 6, 7, 1, 3]
failed -> 3 times
after fail n ======> 6
[1, 2, 5, 0, 6, 3]
0.10526315789473684 0.1111111111111111
itercount --------> 1
[1, 5, 2]
0.1111111111111111 0.15384615384615385
itercount --------> 2
[1, 5, 2]
0.15384615384615385 0.16666666666666666
itercount --------> 3
[1, 5, 2]
[1, 5, 6]
0.16666666666666666 0.2413793103448276
itercount --------> 4
[2, 5, 1]
[2, 5, 6]
[2, 5, 4]
0.2413793103448276 0.26666666666666666
itercount --------> 5
[2, 5, 1]
[2, 5, 6]
0.26666666666666666 0.29411764705882354
itercount --------> 6
[2, 1, 5]
0.29411764705882354 0.37037037037037035
itercount --------> 7
[2, 5, 0]
0.37037037037037035 0.45454545454545453
itercount --------> 8
[2, 0, 5]
[2, 0, 1]
0.45454545454545453 0.4583333333333333
itercount --------> 9
[2, 0, 5]
[2, 0, 6]
[2, 0, 1]
[2, 0, 4]
[2, 0, 3]
[2, 0, 7]
[2, 0, 5, 6]
0.4583333333333333 0.4782608695652174
itercount --------> 10
[0, 2, 5]
[0, 2, 1]
[0, 2, 3]
[0, 2, 6]
[0, 2, 4]
[0, 2, 7]
[0, 2, 5, 1]
0.4782608695652174 0.5
itercount --------> 11
[2, 0, 5]
[2, 0, 4]
[2, 0, 1]
[2, 0, 6]
[2, 0, 3]
[2, 0, 7]
[2, 0, 5, 4]
[2, 0, 5, 1]
[2, 0, 5, 6]
[2, 0, 5, 3]
[2, 0, 5, 7]
[2, 0, 5, 4, 1]
[2, 0, 5, 4, 6]
0.5 0.5416666666666666
itercount --------> 12
[0, 2, 5]
[0, 2, 6]
[0, 2, 1]
[0, 2, 3]
[0, 2, 7]
[0, 2, 4]
[0, 2, 5, 6]
[0, 2, 5, 1]
[0, 2, 5, 3]
0.5416666666666666 0.5909090909090909
itercount --------> 13
[5, 0, 2]
[5, 0, 6]
[5, 0, 3]
[5, 0, 7]
[5, 0, 1]
[5, 0, 4]
[5, 0, 2, 6]
[5, 0, 2, 3]
[5, 0, 2, 7]
[5, 0, 2, 1]
[5, 0, 2, 4]
[5, 0, 2, 6, 3]
[5, 0, 2, 6, 7]
[5, 0, 2, 6, 1]
[5, 0, 2, 6, 4]
[5, 0, 2, 6, 3, 7]
[5, 0, 2, 6, 3, 1]
[5, 0, 2, 6, 3, 4]
[5, 0, 2, 6, 3, 7, 1]
[5, 0, 2, 6, 3, 7, 4]
[5, 0, 2, 6, 3, 7, 1, 4]
failed -> 4 times
after fail n ======> 7
[1, 2, 5, 0, 6, 3, 7]
0.10526315789473684 0.13636363636363635
itercount --------> 1
[1, 2, 0]
0.13636363636363635 0.16666666666666666
itercount --------> 2
[1, 2, 5]
0.16666666666666666 0.1724137931034483
itercount --------> 3
[1, 2, 5]
[1, 2, 0]
[1, 2, 4]
[1, 2, 6]
[1, 2, 3]
[1, 2, 7]
[1, 2, 5, 0]
0.1724137931034483 0.17391304347826086
itercount --------> 4
[1, 5, 4]
0.17391304347826086 0.18181818181818182
itercount --------> 5
[5, 1, 2]
0.18181818181818182 0.23076923076923078
itercount --------> 6
[2, 6, 5]
0.23076923076923078 0.3333333333333333
itercount --------> 7
[2, 5, 0]
[2, 5, 6]
[2, 5, 7]
[2, 5, 1]
[2, 5, 4]
[2, 5, 3]
0.3333333333333333 0.34782608695652173
itercount --------> 8
[5, 6, 2]
[5, 6, 7]
[5, 6, 1]
[5, 6, 4]
0.34782608695652173 0.35714285714285715
itercount --------> 9
[0, 2, 7]
[0, 2, 5]
[0, 2, 1]
[0, 2, 4]
[0, 2, 6]
[0, 2, 3]
[0, 2, 7, 5]
[0, 2, 7, 1]
0.35714285714285715 0.36363636363636365
itercount --------> 10
[2, 5, 1]
0.36363636363636365 0.43333333333333335
itercount --------> 11
[2, 5, 4]
[2, 5, 3]
[2, 5, 6]
[2, 5, 0]
0.43333333333333335 0.4375
itercount --------> 12
[5, 4, 3]
[5, 4, 2]
0.4375 0.4482758620689655
itercount --------> 13
[2, 5, 3]
0.4482758620689655 0.48148148148148145
itercount --------> 14
[2, 5, 0]
[2, 5, 3]
[2, 5, 4]
0.48148148148148145 0.5384615384615384
itercount --------> 15
[2, 5, 4]
[2, 5, 0]
[2, 5, 3]
[2, 5, 1]
[2, 5, 6]
[2, 5, 7]
[2, 5, 4, 0]
[2, 5, 4, 3]
[2, 5, 4, 1]
[2, 5, 4, 6]
[2, 5, 4, 7]
[2, 5, 4, 0, 3]
[2, 5, 4, 0, 1]
[2, 5, 4, 0, 6]
[2, 5, 4, 0, 7]
[2, 5, 4, 0, 3, 1]
[2, 5, 4, 0, 3, 6]
0.5384615384615384 0.5416666666666666
itercount --------> 16
[2, 5, 0]
[2, 5, 6]
[2, 5, 1]
[2, 5, 3]
[2, 5, 4]
[2, 5, 7]
[2, 5, 0, 6]
[2, 5, 0, 1]
[2, 5, 0, 3]
0.5416666666666666 0.5652173913043478
itercount --------> 17
[2, 5, 0]
[2, 5, 6]
[2, 5, 1]
[2, 5, 7]
[2, 5, 3]
[2, 5, 4]
[2, 5, 0, 6]
[2, 5, 0, 1]
[2, 5, 0, 7]
0.5652173913043478 0.5714285714285714
itercount --------> 18
[5, 2, 0]
[5, 2, 6]
[5, 2, 3]
[5, 2, 7]
[5, 2, 1]
[5, 2, 4]
[5, 2, 0, 6]
[5, 2, 0, 3]
[5, 2, 0, 7]
[5, 2, 0, 1]
[5, 2, 0, 4]
0.5714285714285714 0.5909090909090909
itercount --------> 19
[2, 5, 6]
[2, 5, 0]
[2, 5, 7]
[2, 5, 3]
[2, 5, 1]
[2, 5, 4]
[2, 5, 6, 0]
[2, 5, 6, 7]
[2, 5, 6, 3]
[2, 5, 6, 1]
[2, 5, 6, 4]
[2, 5, 6, 0, 7]
[2, 5, 6, 0, 3]
[2, 5, 6, 0, 1]
[2, 5, 6, 0, 4]
[2, 5, 6, 0, 7, 3]
[2, 5, 6, 0, 7, 1]
[2, 5, 6, 0, 7, 4]
[2, 5, 6, 0, 7, 3, 1]
[2, 5, 6, 0, 7, 3, 4]
[2, 5, 6, 0, 7, 3, 1, 4]
failed -> 5 times
after fail n ======> 8
[1, 2, 5, 0, 6, 3, 7, 4]
0.10526315789473684 0.11764705882352941
itercount --------> 1
[1, 2, 5]
0.11764705882352941 0.13513513513513514
itercount --------> 2
[2, 1, 0]
0.13513513513513514 0.14285714285714285
itercount --------> 3
[0, 5, 1]
0.14285714285714285 0.15384615384615385
itercount --------> 4
[1, 5, 2]
[1, 5, 7]
[1, 5, 0]
[1, 5, 3]
[1, 5, 4]
[1, 5, 6]
[1, 5, 2, 7]
[1, 5, 2, 0]
[1, 5, 2, 3]
0.15384615384615385 0.17391304347826086
itercount --------> 5
[1, 2, 7]
[1, 2, 5]
[1, 2, 3]
[1, 2, 4]
0.17391304347826086 0.2
itercount --------> 6
[2, 1, 5]
0.2 0.21739130434782608
itercount --------> 7
[2, 0, 6]
[2, 0, 1]
[2, 0, 5]
0.21739130434782608 0.25
itercount --------> 8
[0, 1, 6]
[0, 1, 2]
[0, 1, 5]
[0, 1, 3]
[0, 1, 7]
[0, 1, 4]
[0, 1, 6, 2]
[0, 1, 6, 5]
0.25 0.2692307692307692
itercount --------> 9
[1, 2, 6]
[1, 2, 5]
[1, 2, 7]
[1, 2, 0]
[1, 2, 4]
[1, 2, 3]
[1, 2, 6, 5]
0.2692307692307692 0.30434782608695654
itercount --------> 10
[2, 0, 5]
[2, 0, 1]
[2, 0, 7]
[2, 0, 6]
[2, 0, 4]
[2, 0, 3]
[2, 0, 5, 1]
0.30434782608695654 0.32142857142857145
itercount --------> 11
[2, 1, 5]
[2, 1, 6]
[2, 1, 7]
[2, 1, 0]
[2, 1, 4]
[2, 1, 3]
[2, 1, 5, 6]
[2, 1, 5, 7]
0.32142857142857145 0.34615384615384615
itercount --------> 12
[2, 5, 0]
[2, 5, 6]
[2, 5, 1]
[2, 5, 7]
[2, 5, 4]
[2, 5, 3]
[2, 5, 0, 6]
[2, 5, 0, 1]
0.34615384615384615 0.36
itercount --------> 13
[5, 6, 2]
[5, 6, 1]
[5, 6, 7]
[5, 6, 0]
[5, 6, 4]
0.36 0.36666666666666664
itercount --------> 14
[5, 2, 0]
[5, 2, 6]
[5, 2, 7]
[5, 2, 1]
0.36666666666666664 0.45
itercount --------> 15
[2, 0, 5]
[2, 0, 1]
[2, 0, 7]
[2, 0, 3]
0.45 0.47368421052631576
itercount --------> 16
[2, 0, 5]
[2, 0, 1]
[2, 0, 3]
[2, 0, 7]
[2, 0, 4]
[2, 0, 6]
[2, 0, 5, 1]
[2, 0, 5, 3]
[2, 0, 5, 7]
[2, 0, 5, 4]
[2, 0, 5, 6]
[2, 0, 5, 1, 3]
[2, 0, 5, 1, 7]
[2, 0, 5, 1, 4]
[2, 0, 5, 1, 6]
[2, 0, 5, 1, 3, 7]
[2, 0, 5, 1, 3, 4]
[2, 0, 5, 1, 3, 6]
[2, 0, 5, 1, 3, 7, 4]
[2, 0, 5, 1, 3, 7, 6]
[2, 0, 5, 1, 3, 7, 4, 6]
failed -> 6 times
after fail n ======> 5
[1, 2, 5, 0, 6]
0.10526315789473684 0.13513513513513514
itercount --------> 1
[2, 1, 0]
[2, 1, 5]
[2, 1, 7]
[2, 1, 4]
0.13513513513513514 0.13636363636363635
itercount --------> 2
[2, 0, 5]
0.13636363636363635 0.18181818181818182
itercount --------> 3
[2, 0, 5]
0.18181818181818182 0.21428571428571427
itercount --------> 4
[0, 5, 6]
0.21428571428571427 0.325
itercount --------> 5
[0, 5, 1]
[0, 5, 2]
[0, 5, 4]
0.325 0.36666666666666664
itercount --------> 6
[5, 0, 2]
[5, 0, 4]
[5, 0, 1]
0.36666666666666664 0.39285714285714285
itercount --------> 7
[5, 0, 2]
[5, 0, 1]
0.39285714285714285 0.4230769230769231
itercount --------> 8
[5, 2, 0]
[5, 2, 4]
[5, 2, 1]
[5, 2, 6]
0.4230769230769231 0.43333333333333335
itercount --------> 9
[5, 2, 0]
[5, 2, 4]
[5, 2, 1]
[5, 2, 3]
[5, 2, 6]
[5, 2, 7]
[5, 2, 0, 4]
[5, 2, 0, 1]
[5, 2, 0, 3]
[5, 2, 0, 6]
[5, 2, 0, 7]
[5, 2, 0, 4, 1]
0.43333333333333335 0.5
itercount --------> 10
[5, 2, 0]
[5, 2, 3]
[5, 2, 1]
[5, 2, 6]
[5, 2, 4]
[5, 2, 7]
[5, 2, 0, 3]
[5, 2, 0, 1]
[5, 2, 0, 6]
[5, 2, 0, 4]
[5, 2, 0, 7]
[5, 2, 0, 3, 1]
[5, 2, 0, 3, 6]
[5, 2, 0, 3, 4]
[5, 2, 0, 3, 7]
[5, 2, 0, 3, 1, 6]
[5, 2, 0, 3, 1, 4]
[5, 2, 0, 3, 1, 7]
[5, 2, 0, 3, 1, 6, 4]
[5, 2, 0, 3, 1, 6, 7]
[5, 2, 0, 3, 1, 6, 4, 7]
0.5 0.5217391304347826
itercount --------> 11
[5, 2, 0]
[5, 2, 3]
[5, 2, 4]
[5, 2, 6]
[5, 2, 7]
[5, 2, 1]
[5, 2, 0, 3]
[5, 2, 0, 4]
[5, 2, 0, 6]
[5, 2, 0, 7]
[5, 2, 0, 1]
[5, 2, 0, 3, 4]
0.5217391304347826 0.55
itercount --------> 12
[2, 0, 5]
[2, 0, 4]
[2, 0, 3]
[2, 0, 6]
[2, 0, 1]
[2, 0, 7]
[2, 0, 5, 4]
[2, 0, 5, 3]
[2, 0, 5, 6]
0.55 0.6
itercount --------> 13
[2, 0, 5]
[2, 0, 4]
[2, 0, 3]
[2, 0, 1]
[2, 0, 6]
[2, 0, 7]
[2, 0, 5, 4]
[2, 0, 5, 3]
[2, 0, 5, 1]
[2, 0, 5, 6]
[2, 0, 5, 7]
[2, 0, 5, 4, 3]
[2, 0, 5, 4, 1]
[2, 0, 5, 4, 6]
[2, 0, 5, 4, 7]
[2, 0, 5, 4, 3, 1]
[2, 0, 5, 4, 3, 6]
[2, 0, 5, 4, 3, 7]
[2, 0, 5, 4, 3, 1, 6]
[2, 0, 5, 4, 3, 1, 7]
[2, 0, 5, 4, 3, 1, 6, 7]
failed -> 7 times
after fail n ======> 6
[1, 2, 5, 0, 6, 3]
0.10526315789473684 0.13513513513513514
itercount --------> 1
[1, 2, 5]
0.13513513513513514 0.15151515151515152
itercount --------> 2
[2, 0, 1]
0.15151515151515152 0.15384615384615385
itercount --------> 3
[2, 4, 5]
0.15384615384615385 0.22580645161290322
itercount --------> 4
[2, 5, 1]
[2, 5, 3]
0.22580645161290322 0.25
itercount --------> 5
[2, 5, 1]
[2, 5, 3]
0.25 0.2608695652173913
itercount --------> 6
[2, 5, 4]
[2, 5, 6]
0.2608695652173913 0.38461538461538464
itercount --------> 7
[2, 5, 0]
0.38461538461538464 0.43478260869565216
itercount --------> 8
[2, 5, 0]
[2, 5, 4]
[2, 5, 3]
[2, 5, 6]
[2, 5, 1]
[2, 5, 7]
[2, 5, 0, 4]
[2, 5, 0, 3]
0.43478260869565216 0.45454545454545453
itercount --------> 9
[2, 4, 5]
[2, 4, 0]
[2, 4, 3]
[2, 4, 6]
[2, 4, 1]
[2, 4, 7]
[2, 4, 5, 0]
0.45454545454545453 0.47619047619047616
itercount --------> 10
[2, 5, 0]
[2, 5, 4]
[2, 5, 6]
[2, 5, 3]
[2, 5, 1]
[2, 5, 7]
[2, 5, 0, 4]
[2, 5, 0, 6]
0.47619047619047616 0.5416666666666666
itercount --------> 11
[2, 5, 0]
[2, 5, 3]
[2, 5, 1]
[2, 5, 4]
[2, 5, 6]
[2, 5, 7]
[2, 5, 0, 3]
[2, 5, 0, 1]
[2, 5, 0, 4]
[2, 5, 0, 6]
[2, 5, 0, 7]
[2, 5, 0, 3, 1]
0.5416666666666666 0.5652173913043478
itercount --------> 12
[2, 5, 4]
[2, 5, 0]
0.5652173913043478 0.5909090909090909
itercount --------> 13
[5, 2, 0]
[5, 2, 4]
[5, 2, 3]
[5, 2, 1]
[5, 2, 7]
[5, 2, 6]
[5, 2, 0, 4]
[5, 2, 0, 3]
[5, 2, 0, 1]
[5, 2, 0, 7]
[5, 2, 0, 6]
[5, 2, 0, 4, 3]
[5, 2, 0, 4, 1]
[5, 2, 0, 4, 7]
[5, 2, 0, 4, 6]
[5, 2, 0, 4, 3, 1]
[5, 2, 0, 4, 3, 7]
[5, 2, 0, 4, 3, 6]
[5, 2, 0, 4, 3, 1, 7]
[5, 2, 0, 4, 3, 1, 6]
[5, 2, 0, 4, 3, 1, 7, 6]
failed -> 8 times
after fail n ======> 7
[1, 2, 5, 0, 6, 3, 7]
0.10526315789473684 0.13636363636363635
itercount --------> 1
[2, 1, 5]
[2, 1, 0]
[2, 1, 3]
[2, 1, 6]
0.13636363636363635 0.15
itercount --------> 2
[5, 2, 0]
0.15 0.3333333333333333
itercount --------> 3
[5, 3, 2]
[5, 3, 0]
[5, 3, 6]
[5, 3, 7]
[5, 3, 1]
[5, 3, 4]
[5, 3, 2, 0]
[5, 3, 2, 6]
0.3333333333333333 0.34782608695652173
itercount --------> 4
[5, 2, 6]
0.34782608695652173 0.36363636363636365
itercount --------> 5
[5, 2, 0]
[5, 2, 4]
0.36363636363636365 0.4166666666666667
itercount --------> 6
[5, 2, 0]
[5, 2, 6]
[5, 2, 4]
0.4166666666666667 0.45454545454545453
itercount --------> 7
[5, 2, 0]
[5, 2, 4]
0.45454545454545453 0.4583333333333333
itercount --------> 8
[5, 2, 0]
[5, 2, 6]
[5, 2, 3]
[5, 2, 4]
[5, 2, 7]
[5, 2, 1]
[5, 2, 0, 6]
[5, 2, 0, 3]
[5, 2, 0, 4]
[5, 2, 0, 7]
0.4583333333333333 0.4782608695652174
itercount --------> 9
[2, 5, 0]
[2, 5, 6]
[2, 5, 3]
[2, 5, 1]
[2, 5, 7]
[2, 5, 4]
[2, 5, 0, 6]
[2, 5, 0, 3]
0.4782608695652174 0.5
itercount --------> 10
[5, 2, 6]
[5, 2, 3]
[5, 2, 0]
[5, 2, 4]
[5, 2, 7]
[5, 2, 1]
[5, 2, 6, 3]
0.5 0.5909090909090909
itercount --------> 11
[5, 2, 3]
[5, 2, 7]
[5, 2, 0]
[5, 2, 4]
[5, 2, 6]
[5, 2, 1]
[5, 2, 3, 7]
[5, 2, 3, 0]
[5, 2, 3, 4]
[5, 2, 3, 6]
[5, 2, 3, 1]
[5, 2, 3, 7, 0]
[5, 2, 3, 7, 4]
[5, 2, 3, 7, 6]
[5, 2, 3, 7, 1]
[5, 2, 3, 7, 0, 4]
[5, 2, 3, 7, 0, 6]
[5, 2, 3, 7, 0, 1]
[5, 2, 3, 7, 0, 4, 6]
[5, 2, 3, 7, 0, 4, 1]
[5, 2, 3, 7, 0, 4, 6, 1]
failed -> 9 times
after fail n ======> 8
[1, 2, 5, 0, 6, 3, 7, 4]
0.10526315789473684 0.11764705882352941
itercount --------> 1
[1, 2, 5]
[1, 2, 0]
[1, 2, 7]
0.11764705882352941 0.125
itercount --------> 2
[2, 1, 7]
[2, 1, 5]
0.125 0.13513513513513514
itercount --------> 3
[2, 1, 0]
0.13513513513513514 0.15384615384615385
itercount --------> 4
[1, 5, 2]
0.15384615384615385 0.17391304347826086
itercount --------> 5
[1, 2, 7]
[1, 2, 5]
[1, 2, 3]
[1, 2, 4]
0.17391304347826086 0.19230769230769232
itercount --------> 6
[2, 1, 6]
[2, 1, 3]
[2, 1, 5]
[2, 1, 7]
[2, 1, 0]
0.19230769230769232 0.2
itercount --------> 7
[1, 6, 2]
[1, 6, 5]
0.2 0.2222222222222222
itercount --------> 8
[1, 5, 3]
[1, 5, 6]
0.2222222222222222 0.2413793103448276
itercount --------> 9
[2, 0, 1]
[2, 0, 5]
[2, 0, 3]
[2, 0, 4]
0.2413793103448276 0.2903225806451613
itercount --------> 10
[1, 2, 5]
[1, 2, 0]
[1, 2, 6]
[1, 2, 7]
[1, 2, 4]
[1, 2, 3]
[1, 2, 5, 0]
[1, 2, 5, 6]
[1, 2, 5, 7]
[1, 2, 5, 4]
0.2903225806451613 0.3103448275862069
itercount --------> 11
[1, 5, 2]
[1, 5, 0]
[1, 5, 6]
[1, 5, 3]
[1, 5, 7]
[1, 5, 4]
0.3103448275862069 0.3333333333333333
itercount --------> 12
[1, 5, 2]
[1, 5, 0]
[1, 5, 6]
[1, 5, 3]
[1, 5, 7]
[1, 5, 4]
[1, 5, 2, 0]
[1, 5, 2, 6]
[1, 5, 2, 3]
[1, 5, 2, 7]
[1, 5, 2, 4]
[1, 5, 2, 0, 6]
0.3333333333333333 0.34615384615384615
itercount --------> 13
[1, 2, 0]
[1, 2, 5]
[1, 2, 7]
0.34615384615384615 0.375
itercount --------> 14
[2, 0, 5]
[2, 0, 1]
[2, 0, 6]
[2, 0, 3]
[2, 0, 7]
[2, 0, 4]
[2, 0, 5, 1]
[2, 0, 5, 6]
[2, 0, 5, 3]
[2, 0, 5, 7]
[2, 0, 5, 4]
[2, 0, 5, 1, 6]
[2, 0, 5, 1, 3]
0.375 0.391304347826087
itercount --------> 15
[2, 5, 0]
[2, 5, 1]
[2, 5, 6]
[2, 5, 7]
[2, 5, 3]
[2, 5, 4]
[2, 5, 0, 1]
[2, 5, 0, 6]
[2, 5, 0, 7]
[2, 5, 0, 3]
[2, 5, 0, 4]
0.391304347826087 0.4090909090909091
itercount --------> 16
[2, 5, 0]
[2, 5, 1]
[2, 5, 7]
[2, 5, 6]
[2, 5, 4]
[2, 5, 3]
[2, 5, 0, 1]
[2, 5, 0, 7]
[2, 5, 0, 6]
[2, 5, 0, 4]
[2, 5, 0, 3]
[2, 5, 0, 1, 7]
[2, 5, 0, 1, 6]
0.4090909090909091 0.42857142857142855
itercount --------> 17
[2, 0, 5]
[2, 0, 1]
[2, 0, 7]
[2, 0, 4]
[2, 0, 6]
[2, 0, 3]
[2, 0, 5, 1]
[2, 0, 5, 7]
[2, 0, 5, 4]
[2, 0, 5, 6]
[2, 0, 5, 3]
[2, 0, 5, 1, 7]
[2, 0, 5, 1, 4]
[2, 0, 5, 1, 6]
[2, 0, 5, 1, 3]
[2, 0, 5, 1, 7, 4]
0.42857142857142855 0.4782608695652174
itercount --------> 18
[5, 0, 2]
[5, 0, 6]
[5, 0, 4]
[5, 0, 1]
[5, 0, 7]
[5, 0, 3]
[5, 0, 2, 6]
[5, 0, 2, 4]
[5, 0, 2, 1]
[5, 0, 2, 7]
[5, 0, 2, 3]
0.4782608695652174 0.5
itercount --------> 19
[5, 0, 2]
[5, 0, 6]
[5, 0, 4]
[5, 0, 7]
[5, 0, 1]
[5, 0, 3]
[5, 0, 2, 6]
[5, 0, 2, 4]
[5, 0, 2, 7]
[5, 0, 2, 1]
[5, 0, 2, 3]
[5, 0, 2, 6, 4]
[5, 0, 2, 6, 7]
[5, 0, 2, 6, 1]
[5, 0, 2, 6, 3]
[5, 0, 2, 6, 4, 7]
[5, 0, 2, 6, 4, 1]
[5, 0, 2, 6, 4, 3]
[5, 0, 2, 6, 4, 7, 1]
0.5 0.5454545454545454
itercount --------> 20
[5, 0, 2]
[5, 0, 6]
[5, 0, 7]
[5, 0, 4]
[5, 0, 1]
[5, 0, 3]
[5, 0, 2, 6]
[5, 0, 2, 7]
[5, 0, 2, 4]
[5, 0, 2, 1]
[5, 0, 2, 3]
[5, 0, 2, 6, 7]
[5, 0, 2, 6, 4]
[5, 0, 2, 6, 1]
[5, 0, 2, 6, 3]
[5, 0, 2, 6, 7, 4]
[5, 0, 2, 6, 7, 1]
[5, 0, 2, 6, 7, 3]
[5, 0, 2, 6, 7, 4, 1]
[5, 0, 2, 6, 7, 4, 3]
[5, 0, 2, 6, 7, 4, 1, 3]
failed -> 10 times
after fail n ======> 5
[1, 2, 5, 0, 6]
0.10526315789473684 0.1232876712328767
itercount --------> 1
[2, 0, 5]
0.1232876712328767 0.21428571428571427
itercount --------> 2
[2, 0, 1]
[2, 0, 5]
0.21428571428571427 0.21951219512195122
itercount --------> 3
[0, 5, 1]
[0, 5, 2]
[0, 5, 3]
[0, 5, 6]
0.21951219512195122 0.23529411764705882
itercount --------> 4
[0, 5, 1]
0.23529411764705882 0.26666666666666666
itercount --------> 5
[0, 2, 5]
[0, 2, 1]
0.26666666666666666 0.3076923076923077
itercount --------> 6
[0, 1, 5]
[0, 1, 4]
0.3076923076923077 0.35714285714285715
itercount --------> 7
[0, 5, 1]
0.35714285714285715 0.37037037037037035
itercount --------> 8
[0, 5, 1]
[0, 5, 2]
0.37037037037037035 0.4
itercount --------> 9
[5, 0, 1]
[5, 0, 6]
[5, 0, 2]
0.4 0.42424242424242425
itercount --------> 10
[5, 1, 0]
[5, 1, 2]
[5, 1, 4]
[5, 1, 6]
0.42424242424242425 0.4782608695652174
itercount --------> 11
[5, 0, 2]
0.4782608695652174 0.5
itercount --------> 12
[5, 0, 2]
[5, 0, 6]
[5, 0, 3]
[5, 0, 7]
[5, 0, 1]
[5, 0, 4]
[5, 0, 2, 6]
[5, 0, 2, 3]
[5, 0, 2, 7]
[5, 0, 2, 1]
[5, 0, 2, 4]
[5, 0, 2, 6, 3]
[5, 0, 2, 6, 7]
[5, 0, 2, 6, 1]
[5, 0, 2, 6, 4]
[5, 0, 2, 6, 3, 7]
[5, 0, 2, 6, 3, 1]
0.5 0.52
itercount --------> 13
[5, 0, 2]
[5, 0, 6]
[5, 0, 1]
[5, 0, 3]
[5, 0, 4]
[5, 0, 7]
[5, 0, 2, 6]
[5, 0, 2, 1]
[5, 0, 2, 3]
[5, 0, 2, 4]
[5, 0, 2, 7]
[5, 0, 2, 6, 1]
[5, 0, 2, 6, 3]
[5, 0, 2, 6, 4]
[5, 0, 2, 6, 7]
[5, 0, 2, 6, 1, 3]
[5, 0, 2, 6, 1, 4]
[5, 0, 2, 6, 1, 7]
[5, 0, 2, 6, 1, 3, 4]
0.52 0.5416666666666666
itercount --------> 14
[0, 1, 5]
[0, 1, 6]
[0, 1, 3]
[0, 1, 4]
[0, 1, 2]
[0, 1, 7]
[0, 1, 5, 6]
[0, 1, 5, 3]
[0, 1, 5, 4]
[0, 1, 5, 2]
[0, 1, 5, 7]
[0, 1, 5, 6, 3]
[0, 1, 5, 6, 4]
[0, 1, 5, 6, 2]
[0, 1, 5, 6, 7]
[0, 1, 5, 6, 3, 4]
[0, 1, 5, 6, 3, 2]
[0, 1, 5, 6, 3, 7]
0.5416666666666666 0.5454545454545454
itercount --------> 15
[0, 5, 2]
[0, 5, 4]
[0, 5, 6]
[0, 5, 3]
[0, 5, 1]
[0, 5, 7]
[0, 5, 2, 4]
[0, 5, 2, 6]
[0, 5, 2, 3]
[0, 5, 2, 1]
[0, 5, 2, 7]
[0, 5, 2, 4, 6]
[0, 5, 2, 4, 3]
[0, 5, 2, 4, 1]
[0, 5, 2, 4, 7]
[0, 5, 2, 4, 6, 3]
[0, 5, 2, 4, 6, 1]
[0, 5, 2, 4, 6, 7]
[0, 5, 2, 4, 6, 3, 1]
[0, 5, 2, 4, 6, 3, 7]
[0, 5, 2, 4, 6, 3, 1, 7]
failed -> 11 times
after fail n ======> 6
[1, 2, 5, 0, 6, 3]
0.10526315789473684 0.1111111111111111
itercount --------> 1
[1, 5, 2]
0.1111111111111111 0.14285714285714285
itercount --------> 2
[5, 2, 1]
[5, 2, 4]
[5, 2, 0]
0.14285714285714285 0.15384615384615385
itercount --------> 3
[2, 0, 1]
[2, 0, 5]
[2, 0, 4]
0.15384615384615385 0.17391304347826086
itercount --------> 4
[5, 6, 7]
0.17391304347826086 0.2413793103448276
itercount --------> 5
[7, 6, 2]
0.2413793103448276 0.25
itercount --------> 6
[6, 7, 5]
0.25 0.25925925925925924
itercount --------> 7
[5, 6, 2]
0.25925925925925924 0.2857142857142857
itercount --------> 8
[5, 6, 2]
[5, 6, 7]
0.2857142857142857 0.2962962962962963
itercount --------> 9
[5, 2, 7]
[5, 2, 0]
[5, 2, 6]
[5, 2, 3]
[5, 2, 4]
[5, 2, 1]
[5, 2, 7, 0]
0.2962962962962963 0.4074074074074074
itercount --------> 10
[5, 2, 7]
[5, 2, 0]
[5, 2, 6]
[5, 2, 3]
[5, 2, 4]
[5, 2, 1]
[5, 2, 7, 0]
0.4074074074074074 0.4230769230769231
itercount --------> 11
[5, 2, 7]
[5, 2, 0]
[5, 2, 6]
[5, 2, 3]
[5, 2, 4]
[5, 2, 1]
[5, 2, 7, 0]
[5, 2, 7, 6]
0.4230769230769231 0.42857142857142855
itercount --------> 12
[5, 6, 7]
[5, 6, 2]
[5, 6, 0]
[5, 6, 3]
[5, 6, 4]
0.42857142857142855 0.48484848484848486
itercount --------> 13
[5, 2, 6]
[5, 2, 0]
[5, 2, 7]
[5, 2, 4]
[5, 2, 1]
[5, 2, 3]
[5, 2, 6, 0]
[5, 2, 6, 7]
[5, 2, 6, 4]
0.48484848484848486 0.5
itercount --------> 14
[5, 2, 0]
[5, 2, 6]
[5, 2, 4]
[5, 2, 7]
[5, 2, 1]
[5, 2, 3]
[5, 2, 0, 6]
[5, 2, 0, 4]
[5, 2, 0, 7]
[5, 2, 0, 1]
[5, 2, 0, 3]
[5, 2, 0, 6, 4]
[5, 2, 0, 6, 7]
[5, 2, 0, 6, 1]
[5, 2, 0, 6, 3]
[5, 2, 0, 6, 4, 7]
[5, 2, 0, 6, 4, 1]
[5, 2, 0, 6, 4, 3]
[5, 2, 0, 6, 4, 7, 1]
[5, 2, 0, 6, 4, 7, 3]
[5, 2, 0, 6, 4, 7, 1, 3]
failed -> 12 times
after fail n ======> 7
[1, 2, 5, 0, 6, 3, 7]
0.10526315789473684 0.16279069767441862
itercount --------> 1
[1, 2, 0]
0.16279069767441862 0.1875
itercount --------> 2
[1, 5, 2]
0.1875 0.26666666666666666
itercount --------> 3
[2, 1, 5]
[2, 1, 3]
[2, 1, 0]
[2, 1, 6]
[2, 1, 4]
0.26666666666666666 0.2972972972972973
itercount --------> 4
[2, 5, 1]
[2, 5, 0]
0.2972972972972973 0.32
itercount --------> 5
[2, 5, 0]
0.32 0.34782608695652173
itercount --------> 6
[2, 0, 5]
[2, 0, 1]
[2, 0, 4]
0.34782608695652173 0.391304347826087
itercount --------> 7
[2, 0, 5]
[2, 0, 6]
[2, 0, 1]
[2, 0, 4]
[2, 0, 7]
[2, 0, 3]
0.391304347826087 0.4090909090909091
itercount --------> 8
[2, 6, 0]
[2, 6, 5]
0.4090909090909091 0.4230769230769231
itercount --------> 9
[2, 0, 5]
[2, 0, 6]
[2, 0, 7]
0.4230769230769231 0.43478260869565216
itercount --------> 10
[2, 0, 5]
[2, 0, 6]
[2, 0, 4]
[2, 0, 1]
[2, 0, 3]
[2, 0, 7]
[2, 0, 5, 6]
[2, 0, 5, 4]
0.43478260869565216 0.45454545454545453
itercount --------> 11
[2, 5, 0]
[2, 5, 6]
[2, 5, 4]
[2, 5, 1]
[2, 5, 3]
[2, 5, 7]
[2, 5, 0, 6]
[2, 5, 0, 4]
0.45454545454545453 0.4583333333333333
itercount --------> 12
[5, 4, 0]
[5, 4, 2]
[5, 4, 1]
[5, 4, 6]
[5, 4, 3]
[5, 4, 7]
[5, 4, 0, 2]
[5, 4, 0, 1]
[5, 4, 0, 6]
0.4583333333333333 0.52
itercount --------> 13
[5, 2, 0]
[5, 2, 4]
[5, 2, 1]
[5, 2, 6]
[5, 2, 3]
[5, 2, 7]
[5, 2, 0, 4]
[5, 2, 0, 1]
[5, 2, 0, 6]
[5, 2, 0, 3]
[5, 2, 0, 7]
[5, 2, 0, 4, 1]
[5, 2, 0, 4, 6]
[5, 2, 0, 4, 3]
[5, 2, 0, 4, 7]
[5, 2, 0, 4, 1, 6]
0.52 0.5454545454545454
itercount --------> 14
[2, 5, 0]
[2, 5, 6]
[2, 5, 4]
[2, 5, 1]
[2, 5, 3]
[2, 5, 7]
[2, 5, 0, 6]
[2, 5, 0, 4]
[2, 5, 0, 1]
[2, 5, 0, 3]
[2, 5, 0, 7]
0.5454545454545454 0.5909090909090909
itercount --------> 15
[5, 0, 2]
[5, 0, 6]
[5, 0, 1]
[5, 0, 3]
[5, 0, 4]
[5, 0, 7]
[5, 0, 2, 6]
[5, 0, 2, 1]
[5, 0, 2, 3]
[5, 0, 2, 4]
[5, 0, 2, 7]
[5, 0, 2, 6, 1]
[5, 0, 2, 6, 3]
[5, 0, 2, 6, 4]
[5, 0, 2, 6, 7]
[5, 0, 2, 6, 1, 3]
[5, 0, 2, 6, 1, 4]
[5, 0, 2, 6, 1, 7]
[5, 0, 2, 6, 1, 3, 4]
[5, 0, 2, 6, 1, 3, 7]
[5, 0, 2, 6, 1, 3, 4, 7]
failed -> 13 times
after fail n ======> 8
[1, 2, 5, 0, 6, 3, 7, 4]
0.10526315789473684 0.13636363636363635
itercount --------> 1
[2, 1, 5]
0.13636363636363635 0.17647058823529413
itercount --------> 2
[0, 2, 5]
0.17647058823529413 0.20833333333333334
itercount --------> 3
[5, 2, 0]
[5, 2, 4]
[5, 2, 6]
0.20833333333333334 0.2222222222222222
itercount --------> 4
[5, 2, 1]
0.2222222222222222 0.3333333333333333
itercount --------> 5
[5, 3, 2]
[5, 3, 0]
[5, 3, 6]
0.3333333333333333 0.36363636363636365
itercount --------> 6
[5, 2, 0]
[5, 2, 3]
[5, 2, 4]
0.36363636363636365 0.44
itercount --------> 7
[5, 2, 0]
0.44 0.4583333333333333
itercount --------> 8
[5, 2, 0]
[5, 2, 6]
[5, 2, 3]
[5, 2, 4]
[5, 2, 7]
[5, 2, 1]
0.4583333333333333 0.4782608695652174
itercount --------> 9
[2, 5, 0]
[2, 5, 4]
0.4782608695652174 0.5
itercount --------> 10
[2, 5, 0]
[2, 5, 6]
[2, 5, 1]
[2, 5, 4]
[2, 5, 3]
[2, 5, 7]
[2, 5, 0, 6]
[2, 5, 0, 1]
[2, 5, 0, 4]
0.5 0.5238095238095238
itercount --------> 11
[2, 5, 0]
[2, 5, 4]
[2, 5, 6]
[2, 5, 1]
[2, 5, 3]
[2, 5, 7]
[2, 5, 0, 4]
[2, 5, 0, 6]
[2, 5, 0, 1]
[2, 5, 0, 3]
[2, 5, 0, 7]
[2, 5, 0, 4, 6]
0.5238095238095238 0.5909090909090909
itercount --------> 12
[2, 5, 0]
[2, 5, 1]
[2, 5, 3]
[2, 5, 4]
[2, 5, 6]
[2, 5, 7]
[2, 5, 0, 1]
[2, 5, 0, 3]
[2, 5, 0, 4]
[2, 5, 0, 6]
[2, 5, 0, 7]
[2, 5, 0, 1, 3]
[2, 5, 0, 1, 4]
[2, 5, 0, 1, 6]
[2, 5, 0, 1, 7]
[2, 5, 0, 1, 3, 4]
[2, 5, 0, 1, 3, 6]
[2, 5, 0, 1, 3, 7]
[2, 5, 0, 1, 3, 4, 6]
[2, 5, 0, 1, 3, 4, 7]
[2, 5, 0, 1, 3, 4, 6, 7]
failed -> 14 times
after fail n ======> 5
[1, 2, 5, 0, 6]
0.10526315789473684 0.13333333333333333
itercount --------> 1
[1, 2, 6]
0.13333333333333333 0.2
itercount --------> 2
[1, 0, 2]
[1, 0, 5]
0.2 0.22580645161290322
itercount --------> 3
[2, 0, 1]
[2, 0, 5]
[2, 0, 3]
0.22580645161290322 0.2608695652173913
itercount --------> 4
[2, 5, 0]
0.2608695652173913 0.26666666666666666
itercount --------> 5
[2, 1, 5]
[2, 1, 3]
[2, 1, 0]
[2, 1, 6]
[2, 1, 4]
[2, 1, 7]
[2, 1, 5, 3]
[2, 1, 5, 0]
0.26666666666666666 0.2727272727272727
itercount --------> 6
[2, 0, 1]
[2, 0, 5]
0.2727272727272727 0.2857142857142857
itercount --------> 7
[2, 0, 5]
[2, 0, 1]
[2, 0, 4]
[2, 0, 6]
0.2857142857142857 0.36363636363636365
itercount --------> 8
[2, 0, 5]
[2, 0, 1]
[2, 0, 3]
[2, 0, 4]
0.36363636363636365 0.4782608695652174
itercount --------> 9
[2, 0, 5]
[2, 0, 4]
[2, 0, 6]
[2, 0, 1]
[2, 0, 3]
[2, 0, 7]
[2, 0, 5, 4]
0.4782608695652174 0.5
itercount --------> 10
[2, 0, 5]
[2, 0, 1]
[2, 0, 3]
[2, 0, 6]
[2, 0, 4]
[2, 0, 7]
[2, 0, 5, 1]
[2, 0, 5, 3]
[2, 0, 5, 6]
[2, 0, 5, 4]
[2, 0, 5, 7]
[2, 0, 5, 1, 3]
[2, 0, 5, 1, 6]
[2, 0, 5, 1, 4]
[2, 0, 5, 1, 7]
[2, 0, 5, 1, 3, 6]
0.5 0.52
itercount --------> 11
[5, 2, 4]
[5, 2, 0]
[5, 2, 3]
0.52 0.5416666666666666
itercount --------> 12
[5, 0, 2]
[5, 0, 4]
[5, 0, 3]
[5, 0, 6]
[5, 0, 7]
[5, 0, 1]
[5, 0, 2, 4]
[5, 0, 2, 3]
[5, 0, 2, 6]
[5, 0, 2, 7]
[5, 0, 2, 1]
[5, 0, 2, 4, 3]
0.5416666666666666 0.5909090909090909
itercount --------> 13
[5, 0, 2]
[5, 0, 4]
[5, 0, 3]
[5, 0, 1]
[5, 0, 7]
[5, 0, 6]
[5, 0, 2, 4]
[5, 0, 2, 3]
[5, 0, 2, 1]
[5, 0, 2, 7]
[5, 0, 2, 6]
[5, 0, 2, 4, 3]
[5, 0, 2, 4, 1]
[5, 0, 2, 4, 7]
[5, 0, 2, 4, 6]
[5, 0, 2, 4, 3, 1]
[5, 0, 2, 4, 3, 7]
[5, 0, 2, 4, 3, 6]
[5, 0, 2, 4, 3, 1, 7]
[5, 0, 2, 4, 3, 1, 6]
[5, 0, 2, 4, 3, 1, 7, 6]
failed -> 15 times
after fail n ======> 6
[1, 2, 5, 0, 6, 3]
0.10526315789473684 0.13636363636363635
itercount --------> 1
[2, 1, 5]
0.13636363636363635 0.17647058823529413
itercount --------> 2
[0, 2, 5]
0.17647058823529413 0.20833333333333334
itercount --------> 3
[5, 2, 0]
[5, 2, 4]
[5, 2, 6]
0.20833333333333334 0.2222222222222222
itercount --------> 4
[5, 2, 1]
0.2222222222222222 0.3333333333333333
itercount --------> 5
[5, 3, 2]
[5, 3, 0]
[5, 3, 6]
0.3333333333333333 0.36363636363636365
itercount --------> 6
[5, 2, 0]
[5, 2, 3]
[5, 2, 4]
0.36363636363636365 0.44
itercount --------> 7
[5, 2, 0]
0.44 0.4583333333333333
itercount --------> 8
[5, 2, 0]
[5, 2, 6]
[5, 2, 3]
[5, 2, 4]
[5, 2, 7]
[5, 2, 1]
0.4583333333333333 0.4782608695652174
itercount --------> 9
[2, 5, 0]
[2, 5, 4]
[2, 5, 6]
[2, 5, 1]
[2, 5, 3]
[2, 5, 7]
[2, 5, 0, 4]
0.4782608695652174 0.5
itercount --------> 10
[2, 5, 0]
[2, 5, 6]
[2, 5, 1]
[2, 5, 4]
[2, 5, 3]
[2, 5, 7]
[2, 5, 0, 6]
[2, 5, 0, 1]
[2, 5, 0, 4]
0.5 0.5238095238095238
itercount --------> 11
[2, 5, 0]
[2, 5, 4]
[2, 5, 6]
[2, 5, 1]
[2, 5, 3]
[2, 5, 7]
[2, 5, 0, 4]
[2, 5, 0, 6]
[2, 5, 0, 1]
[2, 5, 0, 3]
[2, 5, 0, 7]
[2, 5, 0, 4, 6]
0.5238095238095238 0.5909090909090909
itercount --------> 12
[2, 5, 0]
[2, 5, 1]
[2, 5, 3]
[2, 5, 4]
[2, 5, 6]
[2, 5, 7]
[2, 5, 0, 1]
[2, 5, 0, 3]
[2, 5, 0, 4]
[2, 5, 0, 6]
[2, 5, 0, 7]
[2, 5, 0, 1, 3]
[2, 5, 0, 1, 4]
[2, 5, 0, 1, 6]
[2, 5, 0, 1, 7]
[2, 5, 0, 1, 3, 4]
[2, 5, 0, 1, 3, 6]
[2, 5, 0, 1, 3, 7]
[2, 5, 0, 1, 3, 4, 6]
[2, 5, 0, 1, 3, 4, 7]
[2, 5, 0, 1, 3, 4, 6, 7]
failed -> 16 times
after fail n ======> 7
[1, 2, 5, 0, 6, 3, 7]
0.10526315789473684 0.1111111111111111
itercount --------> 1
[1, 5, 2]
0.1111111111111111 0.13043478260869565
itercount --------> 2
[1, 6, 5]
0.13043478260869565 0.16666666666666666
itercount --------> 3
[2, 0, 1]
[2, 0, 5]
0.16666666666666666 0.22580645161290322
itercount --------> 4
[0, 6, 1]
[0, 6, 3]
0.22580645161290322 0.2413793103448276
itercount --------> 5
[3, 5, 1]
[3, 5, 4]
[3, 5, 6]
0.2413793103448276 0.25
itercount --------> 6
[0, 3, 5]
0.25 0.2608695652173913
itercount --------> 7
[3, 4, 5]
0.2608695652173913 0.34782608695652173
itercount --------> 8
[5, 1, 3]
[5, 1, 6]
[5, 1, 2]
[5, 1, 0]
[5, 1, 4]
0.34782608695652173 0.35714285714285715
itercount --------> 9
[5, 1, 0]
[5, 1, 2]
[5, 1, 4]
[5, 1, 6]
[5, 1, 3]
[5, 1, 7]
[5, 1, 0, 2]
[5, 1, 0, 4]
0.35714285714285715 0.3793103448275862
itercount --------> 10
[5, 1, 4]
[5, 1, 0]
[5, 1, 2]
0.3793103448275862 0.4230769230769231
itercount --------> 11
[5, 1, 4]
0.4230769230769231 0.4583333333333333
itercount --------> 12
[5, 1, 6]
[5, 1, 2]
[5, 1, 4]
[5, 1, 0]
[5, 1, 3]
[5, 1, 7]
[5, 1, 6, 2]
0.4583333333333333 0.4642857142857143
itercount --------> 13
[5, 4, 2]
[5, 4, 6]
[5, 4, 0]
[5, 4, 3]
[5, 4, 1]
[5, 4, 7]
[5, 4, 2, 6]
[5, 4, 2, 0]
[5, 4, 2, 3]
[5, 4, 2, 1]
[5, 4, 2, 7]
[5, 4, 2, 6, 0]
0.4642857142857143 0.4666666666666667
itercount --------> 14
[5, 4, 2]
[5, 4, 1]
[5, 4, 6]
[5, 4, 0]
[5, 4, 3]
[5, 4, 7]
[5, 4, 2, 1]
[5, 4, 2, 6]
[5, 4, 2, 0]
[5, 4, 2, 3]
0.4666666666666667 0.5
itercount --------> 15
[5, 2, 6]
[5, 2, 0]
[5, 2, 1]
[5, 2, 4]
[5, 2, 7]
[5, 2, 3]
[5, 2, 6, 0]
[5, 2, 6, 1]
[5, 2, 6, 4]
[5, 2, 6, 7]
[5, 2, 6, 3]
[5, 2, 6, 0, 1]
[5, 2, 6, 0, 4]
[5, 2, 6, 0, 7]
[5, 2, 6, 0, 3]
[5, 2, 6, 0, 1, 4]
[5, 2, 6, 0, 1, 7]
[5, 2, 6, 0, 1, 3]
[5, 2, 6, 0, 1, 4, 7]
[5, 2, 6, 0, 1, 4, 3]
0.5 0.5185185185185185
itercount --------> 16
[5, 0, 4]
[5, 0, 2]
[5, 0, 6]
[5, 0, 7]
[5, 0, 1]
[5, 0, 3]
[5, 0, 4, 2]
[5, 0, 4, 6]
[5, 0, 4, 7]
0.5185185185185185 0.5416666666666666
itercount --------> 17
[5, 7, 0]
[5, 7, 2]
[5, 7, 4]
[5, 7, 6]
[5, 7, 1]
[5, 7, 3]
[5, 7, 0, 2]
[5, 7, 0, 4]
[5, 7, 0, 6]
[5, 7, 0, 1]
[5, 7, 0, 3]
[5, 7, 0, 2, 4]
[5, 7, 0, 2, 6]
[5, 7, 0, 2, 1]
[5, 7, 0, 2, 3]
[5, 7, 0, 2, 4, 6]
[5, 7, 0, 2, 4, 1]
[5, 7, 0, 2, 4, 3]
[5, 7, 0, 2, 4, 6, 1]
[5, 7, 0, 2, 4, 6, 3]
0.5416666666666666 0.5454545454545454
itercount --------> 18
[5, 7, 0]
[5, 7, 2]
[5, 7, 3]
[5, 7, 4]
[5, 7, 6]
[5, 7, 1]
[5, 7, 0, 2]
[5, 7, 0, 3]
[5, 7, 0, 4]
[5, 7, 0, 6]
[5, 7, 0, 1]
[5, 7, 0, 2, 3]
[5, 7, 0, 2, 4]
[5, 7, 0, 2, 6]
[5, 7, 0, 2, 1]
[5, 7, 0, 2, 3, 4]
[5, 7, 0, 2, 3, 6]
[5, 7, 0, 2, 3, 1]
[5, 7, 0, 2, 3, 4, 6]
[5, 7, 0, 2, 3, 4, 1]
[5, 7, 0, 2, 3, 4, 6, 1]
failed -> 17 times
after fail n ======> 8
[1, 2, 5, 0, 6, 3, 7, 4]
0.10526315789473684 0.13513513513513514
itercount --------> 1
[2, 1, 0]
0.13513513513513514 0.15384615384615385
itercount --------> 2
[1, 5, 2]
[1, 5, 7]
[1, 5, 0]
[1, 5, 3]
[1, 5, 4]
[1, 5, 6]
0.15384615384615385 0.18518518518518517
itercount --------> 3
[5, 2, 1]
0.18518518518518517 0.22727272727272727
itercount --------> 4
[5, 2, 4]
[5, 2, 0]
0.22727272727272727 0.23809523809523808
itercount --------> 5
[2, 0, 5]
[2, 0, 1]
[2, 0, 4]
0.23809523809523808 0.2608695652173913
itercount --------> 6
[5, 2, 7]
[5, 2, 6]
0.2608695652173913 0.34782608695652173
itercount --------> 7
[2, 5, 0]
0.34782608695652173 0.3548387096774194
itercount --------> 8
[0, 5, 7]
[0, 5, 2]
[0, 5, 3]
[0, 5, 6]
[0, 5, 1]
[0, 5, 4]
[0, 5, 7, 2]
[0, 5, 7, 3]
0.3548387096774194 0.37142857142857144
itercount --------> 9
[0, 5, 2]
[0, 5, 1]
[0, 5, 3]
[0, 5, 7]
0.37142857142857144 0.4782608695652174
itercount --------> 10
[2, 5, 0]
[2, 5, 4]
0.4782608695652174 0.5
itercount --------> 11
[2, 5, 0]
[2, 5, 6]
[2, 5, 1]
[2, 5, 4]
[2, 5, 3]
[2, 5, 7]
[2, 5, 0, 6]
[2, 5, 0, 1]
[2, 5, 0, 4]
0.5 0.5238095238095238
itercount --------> 12
[2, 5, 0]
[2, 5, 4]
[2, 5, 6]
[2, 5, 1]
[2, 5, 3]
[2, 5, 7]
[2, 5, 0, 4]
[2, 5, 0, 6]
[2, 5, 0, 1]
[2, 5, 0, 3]
[2, 5, 0, 7]
[2, 5, 0, 4, 6]
0.5238095238095238 0.5909090909090909
itercount --------> 13
[2, 5, 0]
[2, 5, 1]
[2, 5, 3]
[2, 5, 4]
[2, 5, 6]
[2, 5, 7]
[2, 5, 0, 1]
[2, 5, 0, 3]
[2, 5, 0, 4]
[2, 5, 0, 6]
[2, 5, 0, 7]
[2, 5, 0, 1, 3]
[2, 5, 0, 1, 4]
[2, 5, 0, 1, 6]
[2, 5, 0, 1, 7]
[2, 5, 0, 1, 3, 4]
[2, 5, 0, 1, 3, 6]
[2, 5, 0, 1, 3, 7]
[2, 5, 0, 1, 3, 4, 6]
[2, 5, 0, 1, 3, 4, 7]
[2, 5, 0, 1, 3, 4, 6, 7]
failed -> 18 times
after fail n ======> 5
[1, 2, 5, 0, 6]
0.10526315789473684 0.1111111111111111
itercount --------> 1
[1, 5, 2]
0.1111111111111111 0.12
itercount --------> 2
[1, 6, 5]
0.12 0.12903225806451613
itercount --------> 3
[1, 5, 2]
0.12903225806451613 0.17647058823529413
itercount --------> 4
[2, 1, 5]
0.17647058823529413 0.2727272727272727
itercount --------> 5
[2, 0, 5]
0.2727272727272727 0.3076923076923077
itercount --------> 6
[5, 2, 0]
0.3076923076923077 0.3333333333333333
itercount --------> 7
[2, 0, 5]
[2, 0, 1]
0.3333333333333333 0.34782608695652173
itercount --------> 8
[5, 1, 0]
[5, 1, 2]
[5, 1, 3]
[5, 1, 6]
[5, 1, 4]
0.34782608695652173 0.35714285714285715
itercount --------> 9
[0, 5, 1]
[0, 5, 2]
[0, 5, 4]
0.35714285714285715 0.37037037037037035
itercount --------> 10
[0, 1, 5]
[0, 1, 2]
[0, 1, 4]
0.37037037037037035 0.44
itercount --------> 11
[0, 5, 2]
[0, 5, 1]
[0, 5, 6]
[0, 5, 4]
[0, 5, 3]
[0, 5, 7]
[0, 5, 2, 1]
[0, 5, 2, 6]
[0, 5, 2, 4]
[0, 5, 2, 3]
[0, 5, 2, 7]
[0, 5, 2, 1, 6]
[0, 5, 2, 1, 4]
[0, 5, 2, 1, 3]
[0, 5, 2, 1, 7]
[0, 5, 2, 1, 6, 4]
0.44 0.4482758620689655
itercount --------> 12
[0, 5, 2]
[0, 5, 6]
[0, 5, 1]
[0, 5, 4]
0.4482758620689655 0.4642857142857143
itercount --------> 13
[0, 5, 2]
[0, 5, 6]
[0, 5, 1]
[0, 5, 4]
[0, 5, 3]
[0, 5, 7]
[0, 5, 2, 6]
0.4642857142857143 0.5
itercount --------> 14
[0, 5, 2]
[0, 5, 6]
[0, 5, 1]
[0, 5, 3]
[0, 5, 4]
[0, 5, 7]
[0, 5, 2, 6]
[0, 5, 2, 1]
[0, 5, 2, 3]
0.5 0.52
itercount --------> 15
[0, 5, 2]
[0, 5, 6]
[0, 5, 1]
[0, 5, 7]
[0, 5, 3]
[0, 5, 4]
[0, 5, 2, 6]
[0, 5, 2, 1]
[0, 5, 2, 7]
[0, 5, 2, 3]
[0, 5, 2, 4]
[0, 5, 2, 6, 1]
[0, 5, 2, 6, 7]
[0, 5, 2, 6, 3]
0.52 0.5454545454545454
itercount --------> 16
[0, 5, 2]
[0, 5, 1]
[0, 5, 6]
[0, 5, 3]
[0, 5, 4]
[0, 5, 7]
[0, 5, 2, 1]
[0, 5, 2, 6]
[0, 5, 2, 3]
[0, 5, 2, 4]
[0, 5, 2, 7]
[0, 5, 2, 1, 6]
0.5454545454545454 0.5714285714285714
itercount --------> 17
[0, 5, 2]
[0, 5, 3]
[0, 5, 6]
[0, 5, 1]
[0, 5, 4]
[0, 5, 7]
[0, 5, 2, 3]
[0, 5, 2, 6]
[0, 5, 2, 1]
[0, 5, 2, 4]
[0, 5, 2, 7]
[0, 5, 2, 3, 6]
[0, 5, 2, 3, 1]
[0, 5, 2, 3, 4]
[0, 5, 2, 3, 7]
[0, 5, 2, 3, 6, 1]
[0, 5, 2, 3, 6, 4]
[0, 5, 2, 3, 6, 7]
[0, 5, 2, 3, 6, 1, 4]
[0, 5, 2, 3, 6, 1, 7]
[0, 5, 2, 3, 6, 1, 4, 7]
failed -> 19 times
after fail n ======> 6
[1, 2, 5, 0, 6, 3]
0.10526315789473684 0.13333333333333333
itercount --------> 1
[1, 2, 6]
0.13333333333333333 0.13513513513513514
itercount --------> 2
[1, 2, 6]
0.13513513513513514 0.16666666666666666
itercount --------> 3
[0, 2, 1]
0.16666666666666666 0.21739130434782608
itercount --------> 4
[0, 2, 5]
0.21739130434782608 0.3103448275862069
itercount --------> 5
[5, 2, 0]
0.3103448275862069 0.34782608695652173
itercount --------> 6
[1, 2, 5]
[1, 2, 0]
[1, 2, 3]
[1, 2, 6]
0.34782608695652173 0.36
itercount --------> 7
[1, 5, 2]
[1, 5, 0]
[1, 5, 3]
[1, 5, 4]
0.36 0.4
itercount --------> 8
[1, 5, 2]
[1, 5, 0]
[1, 5, 4]
[1, 5, 6]
0.4 0.4074074074074074
itercount --------> 9
[2, 5, 0]
0.4074074074074074 0.42424242424242425
itercount --------> 10
[5, 2, 1]
[5, 2, 0]
[5, 2, 4]
0.42424242424242425 0.4827586206896552
itercount --------> 11
[5, 2, 0]
[5, 2, 1]
[5, 2, 4]
[5, 2, 6]
[5, 2, 3]
[5, 2, 7]
[5, 2, 0, 1]
[5, 2, 0, 4]
[5, 2, 0, 6]
[5, 2, 0, 3]
[5, 2, 0, 7]
[5, 2, 0, 1, 4]
[5, 2, 0, 1, 6]
0.4827586206896552 0.5
itercount --------> 12
[2, 0, 1]
[2, 0, 5]
[2, 0, 6]
[2, 0, 3]
[2, 0, 4]
[2, 0, 7]
[2, 0, 1, 5]
[2, 0, 1, 6]
[2, 0, 1, 3]
[2, 0, 1, 4]
[2, 0, 1, 7]
0.5 0.5416666666666666
itercount --------> 13
[2, 5, 0]
[2, 5, 1]
[2, 5, 4]
[2, 5, 6]
[2, 5, 3]
[2, 5, 7]
[2, 5, 0, 1]
[2, 5, 0, 4]
[2, 5, 0, 6]
[2, 5, 0, 3]
[2, 5, 0, 7]
[2, 5, 0, 1, 4]
[2, 5, 0, 1, 6]
[2, 5, 0, 1, 3]
[2, 5, 0, 1, 7]
[2, 5, 0, 1, 4, 6]
[2, 5, 0, 1, 4, 3]
[2, 5, 0, 1, 4, 7]
0.5416666666666666 0.5454545454545454
itercount --------> 14
[2, 5, 0]
[2, 5, 1]
[2, 5, 6]
[2, 5, 3]
[2, 5, 7]
[2, 5, 4]
[2, 5, 0, 1]
[2, 5, 0, 6]
[2, 5, 0, 3]
[2, 5, 0, 7]
[2, 5, 0, 4]
[2, 5, 0, 1, 6]
[2, 5, 0, 1, 3]
[2, 5, 0, 1, 7]
[2, 5, 0, 1, 4]
[2, 5, 0, 1, 6, 3]
[2, 5, 0, 1, 6, 7]
[2, 5, 0, 1, 6, 4]
[2, 5, 0, 1, 6, 3, 7]
[2, 5, 0, 1, 6, 3, 4]
[2, 5, 0, 1, 6, 3, 7, 4]
failed -> 20 times
after fail n ======> 7
[1, 2, 5, 0, 6, 3, 7]
0.10526315789473684 0.11764705882352941
itercount --------> 1
[5, 1, 3]
0.11764705882352941 0.125
itercount --------> 2
[2, 3, 1]
0.125 0.16
itercount --------> 3
[3, 1, 5]
0.16 0.17391304347826086
itercount --------> 4
[4, 6, 2]
0.17391304347826086 0.18181818181818182
itercount --------> 5
[3, 2, 6]
0.18181818181818182 0.23809523809523808
itercount --------> 6
[2, 3, 0]
[2, 3, 5]
[2, 3, 4]
[2, 3, 6]
[2, 3, 1]
[2, 3, 7]
[2, 3, 0, 5]
0.23809523809523808 0.25
itercount --------> 7
[2, 3, 5]
[2, 3, 0]
[2, 3, 4]
[2, 3, 6]
[2, 3, 1]
[2, 3, 7]
[2, 3, 5, 0]
[2, 3, 5, 4]
[2, 3, 5, 6]
[2, 3, 5, 1]
[2, 3, 5, 7]
[2, 3, 5, 0, 4]
0.25 0.2857142857142857
itercount --------> 8
[2, 3, 6]
0.2857142857142857 0.3
itercount --------> 9
[2, 3, 5]
[2, 3, 0]
[2, 3, 6]
[2, 3, 4]
[2, 3, 1]
[2, 3, 7]
[2, 3, 5, 0]
[2, 3, 5, 6]
0.3 0.36363636363636365
itercount --------> 10
[2, 5, 0]
[2, 5, 1]
[2, 5, 6]
[2, 5, 3]
[2, 5, 4]
[2, 5, 7]
[2, 5, 0, 1]
[2, 5, 0, 6]
0.36363636363636365 0.4090909090909091
itercount --------> 11
[2, 0, 5]
0.4090909090909091 0.42857142857142855
itercount --------> 12
[2, 0, 5]
[2, 0, 1]
[2, 0, 3]
[2, 0, 4]
[2, 0, 6]
[2, 0, 7]
[2, 0, 5, 1]
[2, 0, 5, 3]
[2, 0, 5, 4]
[2, 0, 5, 6]
[2, 0, 5, 7]
[2, 0, 5, 1, 3]
[2, 0, 5, 1, 4]
[2, 0, 5, 1, 6]
[2, 0, 5, 1, 7]
[2, 0, 5, 1, 3, 4]
[2, 0, 5, 1, 3, 6]
[2, 0, 5, 1, 3, 7]
[2, 0, 5, 1, 3, 4, 6]
[2, 0, 5, 1, 3, 4, 7]
[2, 0, 5, 1, 3, 4, 6, 7]
failed -> 21 times
after fail n ======> 8
[1, 2, 5, 0, 6, 3, 7, 4]
0.10526315789473684 0.13636363636363635
itercount --------> 1
[2, 0, 5]
[2, 0, 6]
0.13636363636363635 0.2777777777777778
itercount --------> 2
[5, 0, 2]
0.2777777777777778 0.3076923076923077
itercount --------> 3
[0, 2, 5]
[0, 2, 6]
[0, 2, 3]
[0, 2, 1]
[0, 2, 4]
0.3076923076923077 0.37037037037037035
itercount --------> 4
[0, 2, 5]
0.37037037037037035 0.43478260869565216
itercount --------> 5
[0, 2, 5]
[0, 2, 6]
[0, 2, 1]
[0, 2, 7]
[0, 2, 3]
[0, 2, 4]
[0, 2, 5, 6]
0.43478260869565216 0.52
itercount --------> 6
[0, 2, 5]
[0, 2, 1]
[0, 2, 3]
0.52 0.5416666666666666
itercount --------> 7
[2, 0, 5]
[2, 0, 6]
[2, 0, 1]
[2, 0, 3]
[2, 0, 7]
[2, 0, 4]
[2, 0, 5, 6]
[2, 0, 5, 1]
[2, 0, 5, 3]
[2, 0, 5, 7]
0.5416666666666666 0.5454545454545454
itercount --------> 8
[2, 5, 0]
[2, 5, 1]
[2, 5, 3]
0.5454545454545454 0.5652173913043478
itercount --------> 9
[2, 5, 0]
[2, 5, 6]
[2, 5, 1]
[2, 5, 7]
[2, 5, 3]
[2, 5, 4]
[2, 5, 0, 6]
[2, 5, 0, 1]
[2, 5, 0, 7]
[2, 5, 0, 3]
[2, 5, 0, 4]
[2, 5, 0, 6, 1]
[2, 5, 0, 6, 7]
[2, 5, 0, 6, 3]
0.5652173913043478 0.5714285714285714
itercount --------> 10
[2, 5, 0]
[2, 5, 3]
[2, 5, 1]
[2, 5, 6]
[2, 5, 4]
[2, 5, 7]
[2, 5, 0, 3]
[2, 5, 0, 1]
[2, 5, 0, 6]
[2, 5, 0, 4]
[2, 5, 0, 7]
[2, 5, 0, 3, 1]
[2, 5, 0, 3, 6]
[2, 5, 0, 3, 4]
[2, 5, 0, 3, 7]
[2, 5, 0, 3, 1, 6]
[2, 5, 0, 3, 1, 4]
[2, 5, 0, 3, 1, 7]
[2, 5, 0, 3, 1, 6, 4]
[2, 5, 0, 3, 1, 6, 7]
[2, 5, 0, 3, 1, 6, 4, 7]
failed -> 22 times
after fail n ======> 5
[1, 2, 5, 0, 6]
0.10526315789473684 0.16279069767441862
itercount --------> 1
[1, 2, 0]
0.16279069767441862 0.19230769230769232
itercount --------> 2
[2, 1, 5]
[2, 1, 0]
0.19230769230769232 0.20689655172413793
itercount --------> 3
[1, 2, 5]
0.20689655172413793 0.25925925925925924
itercount --------> 4
[2, 1, 5]
0.25925925925925924 0.2727272727272727
itercount --------> 5
[2, 1, 5]
[2, 1, 4]
[2, 1, 6]
0.2727272727272727 0.3076923076923077
itercount --------> 6
[2, 5, 1]
[2, 5, 3]
[2, 5, 0]
0.3076923076923077 0.34782608695652173
itercount --------> 7
[2, 1, 5]
[2, 1, 0]
[2, 1, 6]
0.34782608695652173 0.36
itercount --------> 8
[1, 2, 5]
[1, 2, 0]
[1, 2, 4]
0.36 0.37037037037037035
itercount --------> 9
[2, 1, 5]
[2, 1, 0]
[2, 1, 4]
0.37037037037037035 0.39285714285714285
itercount --------> 10
[2, 1, 5]
[2, 1, 0]
[2, 1, 6]
[2, 1, 4]
[2, 1, 3]
[2, 1, 7]
[2, 1, 5, 0]
0.39285714285714285 0.4
itercount --------> 11
[2, 5, 1]
0.4 0.4117647058823529
itercount --------> 12
[2, 5, 1]
[2, 5, 0]
0.4117647058823529 0.42857142857142855
itercount --------> 13
[2, 1, 5]
[2, 1, 0]
[2, 1, 6]
0.42857142857142855 0.4827586206896552
itercount --------> 14
[2, 5, 0]
[2, 5, 1]
[2, 5, 6]
0.4827586206896552 0.5
itercount --------> 15
[5, 2, 0]
[5, 2, 1]
[5, 2, 3]
[5, 2, 4]
[5, 2, 6]
[5, 2, 7]
[5, 2, 0, 1]
[5, 2, 0, 3]
[5, 2, 0, 4]
[5, 2, 0, 6]
[5, 2, 0, 7]
0.5 0.5416666666666666
itercount --------> 16
[2, 5, 0]
[2, 5, 4]
[2, 5, 6]
[2, 5, 3]
[2, 5, 1]
[2, 5, 7]
[2, 5, 0, 4]
[2, 5, 0, 6]
[2, 5, 0, 3]
[2, 5, 0, 1]
[2, 5, 0, 7]
[2, 5, 0, 4, 6]
[2, 5, 0, 4, 3]
[2, 5, 0, 4, 1]
[2, 5, 0, 4, 7]
[2, 5, 0, 4, 6, 3]
[2, 5, 0, 4, 6, 1]
[2, 5, 0, 4, 6, 7]
0.5416666666666666 0.5454545454545454
itercount --------> 17
[5, 2, 0]
[5, 2, 6]
[5, 2, 3]
[5, 2, 7]
[5, 2, 4]
[5, 2, 1]
[5, 2, 0, 6]
[5, 2, 0, 3]
[5, 2, 0, 7]
[5, 2, 0, 4]
[5, 2, 0, 1]
[5, 2, 0, 6, 3]
[5, 2, 0, 6, 7]
[5, 2, 0, 6, 4]
[5, 2, 0, 6, 1]
[5, 2, 0, 6, 3, 7]
[5, 2, 0, 6, 3, 4]
0.5454545454545454 0.5714285714285714
itercount --------> 18
[2, 1, 5]
[2, 1, 3]
[2, 1, 6]
[2, 1, 4]
[2, 1, 0]
[2, 1, 7]
[2, 1, 5, 3]
[2, 1, 5, 6]
[2, 1, 5, 4]
[2, 1, 5, 0]
[2, 1, 5, 7]
[2, 1, 5, 3, 6]
[2, 1, 5, 3, 4]
[2, 1, 5, 3, 0]
[2, 1, 5, 3, 7]
[2, 1, 5, 3, 6, 4]
[2, 1, 5, 3, 6, 0]
[2, 1, 5, 3, 6, 7]
[2, 1, 5, 3, 6, 4, 0]
[2, 1, 5, 3, 6, 4, 7]
[2, 1, 5, 3, 6, 4, 0, 7]
failed -> 23 times
after fail n ======> 6
[1, 2, 5, 0, 6, 3]
0.10526315789473684 0.1111111111111111
itercount --------> 1
[1, 5, 2]
0.1111111111111111 0.14285714285714285
itercount --------> 2
[2, 0, 5]
[2, 0, 1]
0.14285714285714285 0.15384615384615385
itercount --------> 3
[2, 1, 0]
0.15384615384615385 0.16666666666666666
itercount --------> 4
[0, 1, 2]
[0, 1, 6]
[0, 1, 5]
[0, 1, 7]
[0, 1, 4]
0.16666666666666666 0.1935483870967742
itercount --------> 5
[2, 6, 0]
0.1935483870967742 0.22727272727272727
itercount --------> 6
[2, 0, 5]
0.22727272727272727 0.2727272727272727
itercount --------> 7
[2, 5, 0]
[2, 5, 1]
[2, 5, 6]
[2, 5, 7]
[2, 5, 4]
[2, 5, 3]
[2, 5, 0, 1]
0.2727272727272727 0.3
itercount --------> 8
[0, 5, 2]
0.3 0.34615384615384615
itercount --------> 9
[1, 2, 5]
[1, 2, 0]
[1, 2, 6]
0.34615384615384615 0.375
itercount --------> 10
[2, 0, 5]
[2, 0, 1]
[2, 0, 4]
[2, 0, 6]
[2, 0, 3]
[2, 0, 7]
[2, 0, 5, 1]
[2, 0, 5, 4]
[2, 0, 5, 6]
[2, 0, 5, 3]
[2, 0, 5, 7]
[2, 0, 5, 1, 4]
0.375 0.4230769230769231
itercount --------> 11
[2, 0, 5]
[2, 0, 1]
[2, 0, 4]
0.4230769230769231 0.44
itercount --------> 12
[2, 0, 5]
[2, 0, 6]
[2, 0, 1]
[2, 0, 4]
[2, 0, 3]
[2, 0, 7]
[2, 0, 5, 6]
[2, 0, 5, 1]
0.44 0.4583333333333333
itercount --------> 13
[0, 2, 5]
[0, 2, 6]
[0, 2, 4]
[0, 2, 1]
[0, 2, 3]
[0, 2, 7]
[0, 2, 5, 6]
[0, 2, 5, 4]
[0, 2, 5, 1]
[0, 2, 5, 3]
[0, 2, 5, 7]
[0, 2, 5, 6, 4]
0.4583333333333333 0.5
itercount --------> 14
[0, 2, 5]
[0, 2, 1]
[0, 2, 4]
[0, 2, 3]
[0, 2, 6]
[0, 2, 7]
[0, 2, 5, 1]
[0, 2, 5, 4]
[0, 2, 5, 3]
0.5 0.52
itercount --------> 15
[0, 5, 2]
[0, 5, 1]
[0, 5, 4]
[0, 5, 6]
[0, 5, 3]
[0, 5, 7]
[0, 5, 2, 1]
[0, 5, 2, 4]
[0, 5, 2, 6]
[0, 5, 2, 3]
[0, 5, 2, 7]
[0, 5, 2, 1, 4]
0.52 0.5652173913043478
itercount --------> 16
[0, 2, 5]
[0, 2, 6]
[0, 2, 1]
[0, 2, 7]
[0, 2, 3]
[0, 2, 4]
[0, 2, 5, 6]
[0, 2, 5, 1]
[0, 2, 5, 7]
[0, 2, 5, 3]
[0, 2, 5, 4]
[0, 2, 5, 6, 1]
[0, 2, 5, 6, 7]
0.5652173913043478 0.5714285714285714
itercount --------> 17
[0, 2, 5]
[0, 2, 1]
[0, 2, 6]
[0, 2, 3]
[0, 2, 7]
[0, 2, 4]
[0, 2, 5, 1]
[0, 2, 5, 6]
[0, 2, 5, 3]
[0, 2, 5, 7]
[0, 2, 5, 4]
[0, 2, 5, 1, 6]
[0, 2, 5, 1, 3]
[0, 2, 5, 1, 7]
[0, 2, 5, 1, 4]
[0, 2, 5, 1, 6, 3]
[0, 2, 5, 1, 6, 7]
[0, 2, 5, 1, 6, 4]
[0, 2, 5, 1, 6, 3, 7]
[0, 2, 5, 1, 6, 3, 4]
[0, 2, 5, 1, 6, 3, 7, 4]
failed -> 24 times
after fail n ======> 7
[1, 2, 5, 0, 6, 3, 7]
0.10526315789473684 0.1111111111111111
itercount --------> 1
[1, 5, 2]
0.1111111111111111 0.13043478260869565
itercount --------> 2
[1, 6, 5]
0.13043478260869565 0.15384615384615385
itercount --------> 3
[6, 1, 5]
0.15384615384615385 0.17391304347826086
itercount --------> 4
[1, 2, 3]
[1, 2, 5]
0.17391304347826086 0.18181818181818182
itercount --------> 5
[2, 0, 5]
[2, 0, 1]
0.18181818181818182 0.21428571428571427
itercount --------> 6
[2, 0, 1]
[2, 0, 5]
[2, 0, 3]
[2, 0, 6]
0.21428571428571427 0.26666666666666666
itercount --------> 7
[0, 2, 1]
[0, 2, 5]
[0, 2, 3]
[0, 2, 4]
0.26666666666666666 0.29411764705882354
itercount --------> 8
[0, 2, 5]
0.29411764705882354 0.35714285714285715
itercount --------> 9
[2, 0, 5]
[2, 0, 1]
[2, 0, 4]
[2, 0, 6]
0.35714285714285715 0.39285714285714285
itercount --------> 10
[2, 1, 5]
0.39285714285714285 0.4
itercount --------> 11
[2, 5, 0]
0.4 0.4411764705882353
itercount --------> 12
[2, 5, 0]
[2, 5, 1]
[2, 5, 4]
[2, 5, 6]
[2, 5, 3]
[2, 5, 7]
0.4411764705882353 0.46153846153846156
itercount --------> 13
[2, 0, 5]
[2, 0, 1]
[2, 0, 4]
[2, 0, 3]
[2, 0, 6]
[2, 0, 7]
[2, 0, 5, 1]
[2, 0, 5, 4]
0.46153846153846156 0.4827586206896552
itercount --------> 14
[2, 0, 5]
[2, 0, 1]
[2, 0, 4]
[2, 0, 3]
[2, 0, 6]
[2, 0, 7]
[2, 0, 5, 1]
[2, 0, 5, 4]
[2, 0, 5, 3]
0.4827586206896552 0.5
itercount --------> 15
[2, 1, 0]
[2, 1, 5]
[2, 1, 4]
[2, 1, 3]
[2, 1, 6]
[2, 1, 7]
[2, 1, 0, 5]
[2, 1, 0, 4]
[2, 1, 0, 3]
[2, 1, 0, 6]
[2, 1, 0, 7]
[2, 1, 0, 5, 4]
[2, 1, 0, 5, 3]
[2, 1, 0, 5, 6]
[2, 1, 0, 5, 7]
[2, 1, 0, 5, 4, 3]
[2, 1, 0, 5, 4, 6]
0.5 0.5416666666666666
itercount --------> 16
[2, 1, 0]
[2, 1, 4]
[2, 1, 5]
[2, 1, 3]
[2, 1, 6]
[2, 1, 7]
[2, 1, 0, 4]
[2, 1, 0, 5]
[2, 1, 0, 3]
[2, 1, 0, 6]
[2, 1, 0, 7]
[2, 1, 0, 4, 5]
[2, 1, 0, 4, 3]
[2, 1, 0, 4, 6]
[2, 1, 0, 4, 7]
[2, 1, 0, 4, 5, 3]
[2, 1, 0, 4, 5, 6]
[2, 1, 0, 4, 5, 7]
[2, 1, 0, 4, 5, 3, 6]
[2, 1, 0, 4, 5, 3, 7]
[2, 1, 0, 4, 5, 3, 6, 7]
failed -> 25 times
after fail n ======> 8
[1, 2, 5, 0, 6, 3, 7, 4]
0.10526315789473684 0.13513513513513514
itercount --------> 1
[2, 1, 0]
0.13513513513513514 0.15384615384615385
itercount --------> 2
[1, 5, 2]
0.15384615384615385 0.16666666666666666
itercount --------> 3
[1, 5, 2]
[1, 5, 6]
0.16666666666666666 0.1724137931034483
itercount --------> 4
[1, 2, 6]
0.1724137931034483 0.21428571428571427
itercount --------> 5
[1, 2, 5]
0.21428571428571427 0.21568627450980393
itercount --------> 6
[2, 5, 1]
0.21568627450980393 0.2647058823529412
itercount --------> 7
[2, 0, 5]
[2, 0, 1]
[2, 0, 3]
[2, 0, 4]
0.2647058823529412 0.3
itercount --------> 8
[2, 0, 5]
[2, 0, 1]
[2, 0, 6]
0.3 0.3076923076923077
itercount --------> 9
[2, 0, 5]
0.3076923076923077 0.375
itercount --------> 10
[2, 0, 5]
[2, 0, 1]
[2, 0, 3]
0.375 0.4
itercount --------> 11
[0, 1, 2]
[0, 1, 5]
[0, 1, 4]
[0, 1, 6]
[0, 1, 3]
[0, 1, 7]
[0, 1, 2, 5]
[0, 1, 2, 4]
[0, 1, 2, 6]
[0, 1, 2, 3]
[0, 1, 2, 7]
[0, 1, 2, 5, 4]
[0, 1, 2, 5, 6]
0.4 0.4230769230769231
itercount --------> 12
[0, 6, 1]
[0, 6, 5]
[0, 6, 2]
[0, 6, 3]
[0, 6, 4]
0.4230769230769231 0.48148148148148145
itercount --------> 13
[0, 2, 5]
[0, 2, 6]
[0, 2, 1]
[0, 2, 7]
[0, 2, 4]
[0, 2, 3]
[0, 2, 5, 6]
[0, 2, 5, 1]
[0, 2, 5, 7]
[0, 2, 5, 4]
[0, 2, 5, 3]
[0, 2, 5, 6, 1]
[0, 2, 5, 6, 7]
[0, 2, 5, 6, 4]
[0, 2, 5, 6, 3]
[0, 2, 5, 6, 1, 7]
[0, 2, 5, 6, 1, 4]
0.48148148148148145 0.5416666666666666
itercount --------> 14
[0, 2, 5]
[0, 2, 6]
[0, 2, 1]
[0, 2, 3]
[0, 2, 7]
[0, 2, 4]
[0, 2, 5, 6]
[0, 2, 5, 1]
0.5416666666666666 0.5454545454545454
itercount --------> 15
[0, 5, 2]
[0, 5, 3]
[0, 5, 1]
[0, 5, 6]
[0, 5, 7]
[0, 5, 4]
[0, 5, 2, 3]
0.5454545454545454 0.5652173913043478
itercount --------> 16
[0, 2, 5]
[0, 2, 6]
[0, 2, 1]
[0, 2, 7]
[0, 2, 3]
[0, 2, 4]
[0, 2, 5, 6]
[0, 2, 5, 1]
[0, 2, 5, 7]
0.5652173913043478 0.5714285714285714
itercount --------> 17
[0, 2, 5]
[0, 2, 1]
[0, 2, 6]
[0, 2, 3]
[0, 2, 7]
[0, 2, 4]
[0, 2, 5, 1]
[0, 2, 5, 6]
[0, 2, 5, 3]
[0, 2, 5, 7]
[0, 2, 5, 4]
[0, 2, 5, 1, 6]
[0, 2, 5, 1, 3]
[0, 2, 5, 1, 7]
[0, 2, 5, 1, 4]
[0, 2, 5, 1, 6, 3]
[0, 2, 5, 1, 6, 7]
[0, 2, 5, 1, 6, 4]
[0, 2, 5, 1, 6, 3, 7]
[0, 2, 5, 1, 6, 3, 4]
[0, 2, 5, 1, 6, 3, 7, 4]
failed -> 26 times
after fail n ======> 5
[1, 2, 5, 0, 6]
0.10526315789473684 0.1111111111111111
itercount --------> 1
[1, 5, 2]
0.1111111111111111 0.14285714285714285
itercount --------> 2
[5, 2, 1]
[5, 2, 4]
0.14285714285714285 0.17391304347826086
itercount --------> 3
[5, 6, 2]
0.17391304347826086 0.2608695652173913
itercount --------> 4
[5, 6, 2]
0.2608695652173913 0.38461538461538464
itercount --------> 5
[5, 2, 6]
0.38461538461538464 0.4166666666666667
itercount --------> 6
[5, 2, 0]
[5, 2, 6]
[5, 2, 3]
[5, 2, 4]
0.4166666666666667 0.44
itercount --------> 7
[5, 2, 0]
0.44 0.4583333333333333
itercount --------> 8
[5, 2, 0]
[5, 2, 6]
[5, 2, 3]
[5, 2, 4]
[5, 2, 7]
[5, 2, 1]
0.4583333333333333 0.4782608695652174
itercount --------> 9
[2, 5, 0]
[2, 5, 4]
[2, 5, 6]
[2, 5, 1]
[2, 5, 3]
[2, 5, 7]
[2, 5, 0, 4]
0.4782608695652174 0.5
itercount --------> 10
[2, 5, 0]
[2, 5, 3]
[2, 5, 6]
[2, 5, 1]
[2, 5, 4]
[2, 5, 7]
[2, 5, 0, 3]
[2, 5, 0, 6]
[2, 5, 0, 1]
[2, 5, 0, 4]
[2, 5, 0, 7]
[2, 5, 0, 3, 6]
[2, 5, 0, 3, 1]
[2, 5, 0, 3, 4]
[2, 5, 0, 3, 7]
[2, 5, 0, 3, 6, 1]
[2, 5, 0, 3, 6, 4]
0.5 0.5416666666666666
itercount --------> 11
[2, 5, 0]
[2, 5, 6]
[2, 5, 1]
[2, 5, 3]
[2, 5, 7]
[2, 5, 4]
[2, 5, 0, 6]
[2, 5, 0, 1]
[2, 5, 0, 3]
0.5416666666666666 0.5909090909090909
itercount --------> 12
[2, 5, 0]
[2, 5, 6]
[2, 5, 1]
[2, 5, 3]
[2, 5, 7]
[2, 5, 4]
[2, 5, 0, 6]
[2, 5, 0, 1]
[2, 5, 0, 3]
[2, 5, 0, 7]
[2, 5, 0, 4]
[2, 5, 0, 6, 1]
[2, 5, 0, 6, 3]
[2, 5, 0, 6, 7]
[2, 5, 0, 6, 4]
[2, 5, 0, 6, 1, 3]
[2, 5, 0, 6, 1, 7]
[2, 5, 0, 6, 1, 4]
[2, 5, 0, 6, 1, 3, 7]
[2, 5, 0, 6, 1, 3, 4]
[2, 5, 0, 6, 1, 3, 7, 4]
failed -> 27 times
after fail n ======> 6
[1, 2, 5, 0, 6, 3]
0.10526315789473684 0.13636363636363635
itercount --------> 1
[1, 2, 5]
0.13636363636363635 0.15789473684210525
itercount --------> 2
[1, 2, 0]
0.15789473684210525 0.21875
itercount --------> 3
[5, 1, 2]
0.21875 0.2413793103448276
itercount --------> 4
[4, 5, 2]
[4, 5, 1]
[4, 5, 0]
[4, 5, 6]
0.2413793103448276 0.2619047619047619
itercount --------> 5
[2, 4, 5]
[2, 4, 0]
0.2619047619047619 0.28205128205128205
itercount --------> 6
[2, 4, 5]
[2, 4, 1]
[2, 4, 6]
0.28205128205128205 0.3333333333333333
itercount --------> 7
[4, 5, 2]
[4, 5, 1]
[4, 5, 6]
[4, 5, 0]
0.3333333333333333 0.38095238095238093
itercount --------> 8
[5, 2, 3]
[5, 2, 4]
[5, 2, 1]
[5, 2, 0]
[5, 2, 6]
[5, 2, 7]
[5, 2, 3, 4]
[5, 2, 3, 1]
0.38095238095238093 0.5238095238095238
itercount --------> 9
[2, 5, 0]
[2, 5, 4]
[2, 5, 6]
[2, 5, 1]
[2, 5, 3]
[2, 5, 7]
[2, 5, 0, 4]
[2, 5, 0, 6]
[2, 5, 0, 1]
[2, 5, 0, 3]
[2, 5, 0, 7]
[2, 5, 0, 4, 6]
0.5238095238095238 0.5909090909090909
itercount --------> 10
[2, 5, 0]
[2, 5, 1]
[2, 5, 3]
[2, 5, 4]
[2, 5, 6]
[2, 5, 7]
[2, 5, 0, 1]
[2, 5, 0, 3]
[2, 5, 0, 4]
[2, 5, 0, 6]
[2, 5, 0, 7]
[2, 5, 0, 1, 3]
[2, 5, 0, 1, 4]
[2, 5, 0, 1, 6]
[2, 5, 0, 1, 7]
[2, 5, 0, 1, 3, 4]
[2, 5, 0, 1, 3, 6]
[2, 5, 0, 1, 3, 7]
[2, 5, 0, 1, 3, 4, 6]
[2, 5, 0, 1, 3, 4, 7]
[2, 5, 0, 1, 3, 4, 6, 7]
failed -> 28 times
after fail n ======> 7
[1, 2, 5, 0, 6, 3, 7]
0.10526315789473684 0.11538461538461539
itercount --------> 1
[5, 2, 0]
[5, 2, 1]
0.11538461538461539 0.125
itercount --------> 2
[0, 4, 6]
[0, 4, 2]
0.125 0.13043478260869565
itercount --------> 3
[0, 6, 2]
0.13043478260869565 0.21951219512195122
itercount --------> 4
[0, 2, 3]
0.21951219512195122 0.22580645161290322
itercount --------> 5
[3, 0, 2]
0.22580645161290322 0.22727272727272727
itercount --------> 6
[0, 6, 5]
[0, 6, 3]
0.22727272727272727 0.25925925925925924
itercount --------> 7
[0, 3, 4]
0.25925925925925924 0.2972972972972973
itercount --------> 8
[0, 5, 3]
0.2972972972972973 0.3333333333333333
itercount --------> 9
[0, 2, 5]
0.3333333333333333 0.3793103448275862
itercount --------> 10
[2, 5, 0]
[2, 5, 4]
[2, 5, 3]
[2, 5, 6]
[2, 5, 1]
[2, 5, 7]
[2, 5, 0, 4]
0.3793103448275862 0.4
itercount --------> 11
[0, 2, 5]
[0, 2, 3]
[0, 2, 4]
[0, 2, 6]
[0, 2, 1]
[0, 2, 7]
[0, 2, 5, 3]
[0, 2, 5, 4]
0.4 0.4375
itercount --------> 12
[0, 2, 3]
[0, 2, 5]
[0, 2, 4]
[0, 2, 6]
[0, 2, 1]
[0, 2, 7]
[0, 2, 3, 5]
[0, 2, 3, 4]
[0, 2, 3, 6]
[0, 2, 3, 1]
[0, 2, 3, 7]
[0, 2, 3, 5, 4]
[0, 2, 3, 5, 6]
[0, 2, 3, 5, 1]
[0, 2, 3, 5, 7]
[0, 2, 3, 5, 4, 6]
[0, 2, 3, 5, 4, 1]
0.4375 0.5
itercount --------> 13
[2, 5, 0]
[2, 5, 3]
[2, 5, 6]
[2, 5, 7]
[2, 5, 1]
[2, 5, 4]
[2, 5, 0, 3]
[2, 5, 0, 6]
[2, 5, 0, 7]
[2, 5, 0, 1]
[2, 5, 0, 4]
[2, 5, 0, 3, 6]
[2, 5, 0, 3, 7]
[2, 5, 0, 3, 1]
[2, 5, 0, 3, 4]
[2, 5, 0, 3, 6, 7]
[2, 5, 0, 3, 6, 1]
[2, 5, 0, 3, 6, 4]
[2, 5, 0, 3, 6, 7, 1]
0.5 0.52
itercount --------> 14
[0, 2, 3]
[0, 2, 5]
[0, 2, 6]
[0, 2, 1]
[0, 2, 7]
[0, 2, 4]
[0, 2, 3, 5]
[0, 2, 3, 6]
[0, 2, 3, 1]
[0, 2, 3, 7]
0.52 0.5238095238095238
itercount --------> 15
[3, 2, 0]
[3, 2, 5]
[3, 2, 7]
[3, 2, 1]
[3, 2, 6]
[3, 2, 4]
[3, 2, 0, 5]
[3, 2, 0, 7]
[3, 2, 0, 1]
[3, 2, 0, 6]
[3, 2, 0, 4]
[3, 2, 0, 5, 7]
[3, 2, 0, 5, 1]
[3, 2, 0, 5, 6]
[3, 2, 0, 5, 4]
[3, 2, 0, 5, 7, 1]
[3, 2, 0, 5, 7, 6]
[3, 2, 0, 5, 7, 4]
[3, 2, 0, 5, 7, 1, 6]
[3, 2, 0, 5, 7, 1, 4]
[3, 2, 0, 5, 7, 1, 6, 4]
0.5238095238095238 0.5454545454545454
itercount --------> 16
[2, 0, 3]
[2, 0, 5]
[2, 0, 6]
[2, 0, 7]
[2, 0, 1]
[2, 0, 4]
[2, 0, 3, 5]
[2, 0, 3, 6]
[2, 0, 3, 7]
[2, 0, 3, 1]
[2, 0, 3, 4]
[2, 0, 3, 5, 6]
[2, 0, 3, 5, 7]
[2, 0, 3, 5, 1]
[2, 0, 3, 5, 4]
[2, 0, 3, 5, 6, 7]
0.5454545454545454 0.5714285714285714
itercount --------> 17
[2, 0, 3]
[2, 0, 5]
[2, 0, 6]
[2, 0, 7]
[2, 0, 1]
[2, 0, 4]
[2, 0, 3, 5]
[2, 0, 3, 6]
[2, 0, 3, 7]
[2, 0, 3, 1]
[2, 0, 3, 4]
[2, 0, 3, 5, 6]
0.5714285714285714 0.5833333333333334
itercount --------> 18
[7, 2, 3]
[7, 2, 6]
[7, 2, 0]
[7, 2, 4]
[7, 2, 5]
[7, 2, 1]
[7, 2, 3, 6]
[7, 2, 3, 0]
[7, 2, 3, 4]
[7, 2, 3, 5]
[7, 2, 3, 1]
[7, 2, 3, 6, 0]
[7, 2, 3, 6, 4]
[7, 2, 3, 6, 5]
[7, 2, 3, 6, 1]
[7, 2, 3, 6, 0, 4]
[7, 2, 3, 6, 0, 5]
[7, 2, 3, 6, 0, 1]
[7, 2, 3, 6, 0, 4, 5]
[7, 2, 3, 6, 0, 4, 1]
[7, 2, 3, 6, 0, 4, 5, 1]
failed -> 29 times
after fail n ======> 8
[1, 2, 5, 0, 6, 3, 7, 4]
0.10526315789473684 0.1111111111111111
itercount --------> 1
[3, 1, 5]
[3, 1, 2]
0.1111111111111111 0.12
itercount --------> 2
[2, 1, 3]
[2, 1, 7]
[2, 1, 5]
[2, 1, 4]
[2, 1, 0]
[2, 1, 6]
0.12 0.125
itercount --------> 3
[1, 2, 3]
[1, 2, 0]
[1, 2, 4]
0.125 0.15789473684210525
itercount --------> 4
[1, 5, 2]
0.15789473684210525 0.19047619047619047
itercount --------> 5
[2, 0, 4]
0.19047619047619047 0.2222222222222222
itercount --------> 6
[0, 2, 3]
0.2222222222222222 0.375
itercount --------> 7
[2, 5, 4]
0.375 0.42857142857142855
itercount --------> 8
[5, 4, 1]
[5, 4, 6]
[5, 4, 2]
[5, 4, 3]
[5, 4, 7]
[5, 4, 0]
[5, 4, 1, 6]
[5, 4, 1, 2]
[5, 4, 1, 3]
0.42857142857142855 0.43333333333333335
itercount --------> 9
[5, 1, 6]
0.43333333333333335 0.4482758620689655
itercount --------> 10
[5, 4, 6]
[5, 4, 1]
[5, 4, 2]
[5, 4, 3]
[5, 4, 0]
[5, 4, 7]
[5, 4, 6, 1]
0.4482758620689655 0.4782608695652174
itercount --------> 11
[5, 3, 1]
[5, 3, 6]
[5, 3, 7]
[5, 3, 2]
[5, 3, 0]
[5, 3, 4]
[5, 3, 1, 6]
[5, 3, 1, 7]
0.4782608695652174 0.4827586206896552
itercount --------> 12
[1, 5, 4]
[1, 5, 6]
0.4827586206896552 0.5
itercount --------> 13
[1, 4, 5]
[1, 4, 0]
[1, 4, 2]
[1, 4, 6]
[1, 4, 3]
[1, 4, 7]
[1, 4, 5, 0]
[1, 4, 5, 2]
[1, 4, 5, 6]
[1, 4, 5, 3]
[1, 4, 5, 7]
[1, 4, 5, 0, 2]
[1, 4, 5, 0, 6]
0.5 0.5416666666666666
itercount --------> 14
[1, 0, 2]
[1, 0, 4]
[1, 0, 6]
[1, 0, 3]
[1, 0, 5]
[1, 0, 7]
[1, 0, 2, 4]
[1, 0, 2, 6]
[1, 0, 2, 3]
[1, 0, 2, 5]
[1, 0, 2, 7]
[1, 0, 2, 4, 6]
[1, 0, 2, 4, 3]
[1, 0, 2, 4, 5]
[1, 0, 2, 4, 7]
[1, 0, 2, 4, 6, 3]
[1, 0, 2, 4, 6, 5]
0.5416666666666666 0.5652173913043478
itercount --------> 15
[1, 6, 4]
[1, 6, 0]
[1, 6, 2]
[1, 6, 5]
[1, 6, 3]
[1, 6, 7]
[1, 6, 4, 0]
[1, 6, 4, 2]
[1, 6, 4, 5]
[1, 6, 4, 3]
[1, 6, 4, 7]
[1, 6, 4, 0, 2]
[1, 6, 4, 0, 5]
[1, 6, 4, 0, 3]
[1, 6, 4, 0, 7]
[1, 6, 4, 0, 2, 5]
[1, 6, 4, 0, 2, 3]
[1, 6, 4, 0, 2, 7]
[1, 6, 4, 0, 2, 5, 3]
[1, 6, 4, 0, 2, 5, 7]
[1, 6, 4, 0, 2, 5, 3, 7]
failed -> 30 times
after fail n ======> 5
[1, 2, 5, 0, 6]
0.10526315789473684 0.16279069767441862
itercount --------> 1
[1, 2, 0]
0.16279069767441862 0.17647058823529413
itercount --------> 2
[0, 1, 2]
0.17647058823529413 0.1875
itercount --------> 3
[1, 5, 2]
0.1875 0.19230769230769232
itercount --------> 4
[1, 2, 0]
0.19230769230769232 0.25
itercount --------> 5
[1, 2, 0]
0.25 0.30434782608695654
itercount --------> 6
[5, 2, 6]
0.30434782608695654 0.36363636363636365
itercount --------> 7
[5, 2, 3]
[5, 2, 4]
0.36363636363636365 0.4782608695652174
itercount --------> 8
[2, 5, 0]
0.4782608695652174 0.5
itercount --------> 9
[5, 2, 0]
[5, 2, 3]
[5, 2, 6]
[5, 2, 7]
[5, 2, 1]
[5, 2, 4]
[5, 2, 0, 3]
0.5 0.5238095238095238
itercount --------> 10
[2, 5, 4]
[2, 5, 0]
[2, 5, 3]
[2, 5, 6]
[2, 5, 1]
[2, 5, 7]
[2, 5, 4, 0]
[2, 5, 4, 3]
[2, 5, 4, 6]
[2, 5, 4, 1]
[2, 5, 4, 7]
[2, 5, 4, 0, 3]
[2, 5, 4, 0, 6]
[2, 5, 4, 0, 1]
[2, 5, 4, 0, 7]
[2, 5, 4, 0, 3, 6]
[2, 5, 4, 0, 3, 1]
[2, 5, 4, 0, 3, 7]
[2, 5, 4, 0, 3, 6, 1]
[2, 5, 4, 0, 3, 6, 7]
[2, 5, 4, 0, 3, 6, 1, 7]
failed -> 31 times
after fail n ======> 6
[1, 2, 5, 0, 6, 3]
0.10526315789473684 0.1111111111111111
itercount --------> 1
[1, 5, 2]
[1, 5, 6]
0.1111111111111111 0.1875
itercount --------> 2
[1, 5, 2]
0.1875 0.3076923076923077
itercount --------> 3
[5, 2, 0]
0.3076923076923077 0.3333333333333333
itercount --------> 4
[2, 0, 5]
[2, 0, 1]
0.3333333333333333 0.34782608695652173
itercount --------> 5
[5, 1, 0]
[5, 1, 2]
[5, 1, 3]
[5, 1, 6]
0.34782608695652173 0.36
itercount --------> 6
[1, 5, 0]
[1, 5, 2]
[1, 5, 3]
[1, 5, 4]
0.36 0.4
itercount --------> 7
[0, 5, 2]
[0, 5, 1]
[0, 5, 4]
[0, 5, 6]
[0, 5, 3]
[0, 5, 7]
0.4 0.4074074074074074
itercount --------> 8
[5, 0, 1]
[5, 0, 2]
[5, 0, 6]
[5, 0, 4]
[5, 0, 3]
0.4074074074074074 0.41379310344827586
itercount --------> 9
[5, 4, 1]
[5, 4, 3]
0.41379310344827586 0.44
itercount --------> 10
[5, 4, 1]
[5, 4, 0]
[5, 4, 3]
[5, 4, 6]
[5, 4, 2]
[5, 4, 7]
[5, 4, 1, 0]
[5, 4, 1, 3]
[5, 4, 1, 6]
0.44 0.4583333333333333
itercount --------> 11
[5, 4, 0]
[5, 4, 1]
[5, 4, 3]
[5, 4, 6]
[5, 4, 2]
[5, 4, 7]
[5, 4, 0, 1]
[5, 4, 0, 3]
[5, 4, 0, 6]
[5, 4, 0, 2]
[5, 4, 0, 7]
[5, 4, 0, 1, 3]
[5, 4, 0, 1, 6]
[5, 4, 0, 1, 2]
0.4583333333333333 0.4642857142857143
itercount --------> 12
[5, 4, 2]
[5, 4, 0]
[5, 4, 3]
[5, 4, 1]
[5, 4, 6]
[5, 4, 7]
[5, 4, 2, 0]
[5, 4, 2, 3]
[5, 4, 2, 1]
[5, 4, 2, 6]
[5, 4, 2, 7]
[5, 4, 2, 0, 3]
[5, 4, 2, 0, 1]
0.4642857142857143 0.48148148148148145
itercount --------> 13
[5, 4, 2]
[5, 4, 3]
[5, 4, 0]
[5, 4, 1]
[5, 4, 6]
[5, 4, 7]
[5, 4, 2, 3]
[5, 4, 2, 0]
[5, 4, 2, 1]
[5, 4, 2, 6]
[5, 4, 2, 7]
[5, 4, 2, 3, 0]
[5, 4, 2, 3, 1]
[5, 4, 2, 3, 6]
[5, 4, 2, 3, 7]
[5, 4, 2, 3, 0, 1]
[5, 4, 2, 3, 0, 6]
[5, 4, 2, 3, 0, 7]
[5, 4, 2, 3, 0, 1, 6]
0.48148148148148145 0.5
itercount --------> 14
[5, 1, 2]
[5, 1, 4]
[5, 1, 6]
[5, 1, 0]
[5, 1, 3]
[5, 1, 7]
[5, 1, 2, 4]
[5, 1, 2, 6]
[5, 1, 2, 0]
[5, 1, 2, 3]
[5, 1, 2, 7]
[5, 1, 2, 4, 6]
[5, 1, 2, 4, 0]
[5, 1, 2, 4, 3]
[5, 1, 2, 4, 7]
[5, 1, 2, 4, 6, 0]
[5, 1, 2, 4, 6, 3]
[5, 1, 2, 4, 6, 7]
[5, 1, 2, 4, 6, 0, 3]
[5, 1, 2, 4, 6, 0, 7]
[5, 1, 2, 4, 6, 0, 3, 7]
failed -> 32 times
after fail n ======> 7
[1, 2, 5, 0, 6, 3, 7]
0.10526315789473684 0.11764705882352941
itercount --------> 1
[5, 2, 1]
0.11764705882352941 0.125
itercount --------> 2
[1, 6, 4]
0.125 0.14285714285714285
itercount --------> 3
[1, 6, 0]
0.14285714285714285 0.16666666666666666
itercount --------> 4
[1, 6, 5]
0.16666666666666666 0.2413793103448276
itercount --------> 5
[2, 5, 1]
[2, 5, 0]
[2, 5, 4]
[2, 5, 6]
[2, 5, 7]
[2, 5, 3]
[2, 5, 1, 0]
0.2413793103448276 0.25
itercount --------> 6
[5, 4, 2]
[5, 4, 1]
[5, 4, 6]
0.25 0.2682926829268293
itercount --------> 7
[5, 4, 2]
[5, 4, 1]
[5, 4, 3]
[5, 4, 0]
0.2682926829268293 0.2702702702702703
itercount --------> 8
[5, 2, 4]
0.2702702702702703 0.29411764705882354
itercount --------> 9
[4, 5, 2]
[4, 5, 1]
[4, 5, 3]
[4, 5, 6]
[4, 5, 0]
[4, 5, 7]
[4, 5, 2, 1]
[4, 5, 2, 3]
[4, 5, 2, 6]
[4, 5, 2, 0]
0.29411764705882354 0.3103448275862069
itercount --------> 10
[5, 2, 1]
[5, 2, 4]
[5, 2, 6]
0.3103448275862069 0.32
itercount --------> 11
[2, 4, 5]
[2, 4, 1]
[2, 4, 6]
0.32 0.32142857142857145
itercount --------> 12
[2, 5, 4]
[2, 5, 1]
[2, 5, 0]
[2, 5, 6]
[2, 5, 3]
[2, 5, 7]
[2, 5, 4, 1]
[2, 5, 4, 0]
[2, 5, 4, 6]
[2, 5, 4, 3]
[2, 5, 4, 7]
[2, 5, 4, 1, 0]
[2, 5, 4, 1, 6]
0.32142857142857145 0.36363636363636365
itercount --------> 13
[1, 5, 4]
[1, 5, 2]
[1, 5, 6]
0.36363636363636365 0.38095238095238093
itercount --------> 14
[5, 2, 3]
[5, 2, 4]
[5, 2, 1]
[5, 2, 0]
[5, 2, 6]
[5, 2, 7]
[5, 2, 3, 4]
[5, 2, 3, 1]
[5, 2, 3, 0]
0.38095238095238093 0.4
itercount --------> 15
[5, 2, 1]
[5, 2, 3]
[5, 2, 0]
[5, 2, 4]
[5, 2, 6]
[5, 2, 7]
[5, 2, 1, 3]
0.4 0.47619047619047616
itercount --------> 16
[2, 5, 0]
[2, 5, 6]
[2, 5, 4]
[2, 5, 1]
[2, 5, 3]
[2, 5, 7]
[2, 5, 0, 6]
[2, 5, 0, 4]
0.47619047619047616 0.5238095238095238
itercount --------> 17
[2, 5, 0]
[2, 5, 6]
[2, 5, 4]
[2, 5, 1]
[2, 5, 3]
[2, 5, 7]
[2, 5, 0, 6]
[2, 5, 0, 4]
[2, 5, 0, 1]
[2, 5, 0, 3]
[2, 5, 0, 7]
[2, 5, 0, 6, 4]
0.5238095238095238 0.5652173913043478
itercount --------> 18
[5, 2, 0]
[5, 2, 6]
[5, 2, 7]
[5, 2, 1]
[5, 2, 3]
[5, 2, 4]
[5, 2, 0, 6]
[5, 2, 0, 7]
[5, 2, 0, 1]
[5, 2, 0, 3]
[5, 2, 0, 4]
[5, 2, 0, 6, 7]
0.5652173913043478 0.5714285714285714
itercount --------> 19
[2, 5, 0]
[2, 5, 6]
[2, 5, 1]
[2, 5, 4]
[2, 5, 3]
[2, 5, 7]
[2, 5, 0, 6]
[2, 5, 0, 1]
[2, 5, 0, 4]
0.5714285714285714 0.5909090909090909
itercount --------> 20
[2, 5, 0]
[2, 5, 6]
[2, 5, 7]
[2, 5, 1]
[2, 5, 3]
[2, 5, 4]
[2, 5, 0, 6]
[2, 5, 0, 7]
[2, 5, 0, 1]
[2, 5, 0, 3]
0.5909090909090909 0.6190476190476191
itercount --------> 21
[2, 5, 0]
[2, 5, 3]
[2, 5, 6]
[2, 5, 1]
[2, 5, 4]
[2, 5, 7]
[2, 5, 0, 3]
[2, 5, 0, 6]
[2, 5, 0, 1]
[2, 5, 0, 4]
[2, 5, 0, 7]
[2, 5, 0, 3, 6]
0.6190476190476191 0.6521739130434783
itercount --------> 22
[2, 5, 0]
[2, 5, 3]
[2, 5, 7]
[2, 5, 6]
[2, 5, 1]
[2, 5, 4]
[2, 5, 0, 3]
[2, 5, 0, 7]
[2, 5, 0, 6]
[2, 5, 0, 1]
[2, 5, 0, 4]
[2, 5, 0, 3, 7]
[2, 5, 0, 3, 6]
[2, 5, 0, 3, 1]
[2, 5, 0, 3, 4]
[2, 5, 0, 3, 7, 6]
[2, 5, 0, 3, 7, 1]
[2, 5, 0, 3, 7, 4]
[2, 5, 0, 3, 7, 6, 1]
[2, 5, 0, 3, 7, 6, 4]
[2, 5, 0, 3, 7, 6, 1, 4]
failed -> 33 times
after fail n ======> 8
[1, 2, 5, 0, 6, 3, 7, 4]
0.10526315789473684 0.11764705882352941
itercount --------> 1
[1, 6, 2]
0.11764705882352941 0.12
itercount --------> 2
[2, 0, 5]
0.12 0.125
itercount --------> 3
[5, 2, 1]
0.125 0.34375
itercount --------> 4
[5, 1, 0]
0.34375 0.3448275862068966
itercount --------> 5
[1, 5, 2]
[1, 5, 6]
[1, 5, 0]
[1, 5, 7]
[1, 5, 3]
0.3448275862068966 0.36
itercount --------> 6
[1, 5, 2]
[1, 5, 0]
[1, 5, 6]
0.36 0.38461538461538464
itercount --------> 7
[2, 1, 5]
0.38461538461538464 0.391304347826087
itercount --------> 8
[5, 1, 2]
[5, 1, 0]
[5, 1, 6]
[5, 1, 3]
[5, 1, 4]
[5, 1, 7]
[5, 1, 2, 0]
[5, 1, 2, 6]
0.391304347826087 0.4090909090909091
itercount --------> 9
[5, 2, 6]
[5, 2, 0]
[5, 2, 1]
[5, 2, 3]
[5, 2, 4]
[5, 2, 7]
[5, 2, 6, 0]
[5, 2, 6, 1]
[5, 2, 6, 3]
[5, 2, 6, 4]
0.4090909090909091 0.4583333333333333
itercount --------> 10
[5, 2, 6]
0.4583333333333333 0.4782608695652174
itercount --------> 11
[2, 0, 5]
[2, 0, 1]
[2, 0, 6]
0.4782608695652174 0.5
itercount --------> 12
[0, 2, 5]
[0, 2, 1]
[0, 2, 6]
[0, 2, 3]
[0, 2, 7]
[0, 2, 4]
[0, 2, 5, 1]
[0, 2, 5, 6]
[0, 2, 5, 3]
[0, 2, 5, 7]
[0, 2, 5, 4]
[0, 2, 5, 1, 6]
[0, 2, 5, 1, 3]
[0, 2, 5, 1, 7]
[0, 2, 5, 1, 4]
[0, 2, 5, 1, 6, 3]
[0, 2, 5, 1, 6, 7]
[0, 2, 5, 1, 6, 4]
[0, 2, 5, 1, 6, 3, 7]
[0, 2, 5, 1, 6, 3, 4]
[0, 2, 5, 1, 6, 3, 7, 4]
failed -> 34 times
after fail n ======> 5
[1, 2, 5, 0, 6]
0.10526315789473684 0.16279069767441862
itercount --------> 1
[1, 2, 0]
[1, 2, 5]
0.16279069767441862 0.19047619047619047
itercount --------> 2
[2, 1, 0]
0.19047619047619047 0.26666666666666666
itercount --------> 3
[1, 5, 0]
[1, 5, 2]
0.26666666666666666 0.2727272727272727
itercount --------> 4
[0, 2, 1]
[0, 2, 5]
0.2727272727272727 0.2962962962962963
itercount --------> 5
[1, 5, 0]
[1, 5, 3]
[1, 5, 6]
0.2962962962962963 0.3225806451612903
itercount --------> 6
[0, 5, 1]
0.3225806451612903 0.36363636363636365
itercount --------> 7
[5, 0, 2]
[5, 0, 1]
[5, 0, 3]
[5, 0, 4]
0.36363636363636365 0.4782608695652174
itercount --------> 8
[5, 2, 0]
[5, 2, 4]
0.4782608695652174 0.5
itercount --------> 9
[0, 2, 5]
[0, 2, 3]
[0, 2, 6]
[0, 2, 1]
[0, 2, 4]
[0, 2, 7]
[0, 2, 5, 3]
[0, 2, 5, 6]
[0, 2, 5, 1]
[0, 2, 5, 4]
[0, 2, 5, 7]
[0, 2, 5, 3, 6]
0.5 0.52
itercount --------> 10
[2, 5, 0]
[2, 5, 4]
[2, 5, 3]
0.52 0.5416666666666666
itercount --------> 11
[2, 5, 0]
[2, 5, 4]
[2, 5, 3]
[2, 5, 1]
[2, 5, 7]
[2, 5, 6]
[2, 5, 0, 4]
0.5416666666666666 0.5909090909090909
itercount --------> 12
[5, 2, 0]
[5, 2, 4]
[5, 2, 3]
[5, 2, 1]
[5, 2, 7]
[5, 2, 6]
[5, 2, 0, 4]
[5, 2, 0, 3]
[5, 2, 0, 1]
[5, 2, 0, 7]
[5, 2, 0, 6]
[5, 2, 0, 4, 3]
[5, 2, 0, 4, 1]
[5, 2, 0, 4, 7]
[5, 2, 0, 4, 6]
[5, 2, 0, 4, 3, 1]
[5, 2, 0, 4, 3, 7]
[5, 2, 0, 4, 3, 6]
[5, 2, 0, 4, 3, 1, 7]
[5, 2, 0, 4, 3, 1, 6]
[5, 2, 0, 4, 3, 1, 7, 6]
failed -> 35 times
after fail n ======> 6
[1, 2, 5, 0, 6, 3]
0.10526315789473684 0.13513513513513514
itercount --------> 1
[2, 1, 0]
0.13513513513513514 0.15384615384615385
itercount --------> 2
[1, 5, 2]
0.15384615384615385 0.16666666666666666
itercount --------> 3
[1, 5, 2]
[1, 5, 6]
0.16666666666666666 0.19444444444444445
itercount --------> 4
[2, 1, 0]
[2, 1, 3]
[2, 1, 5]
0.19444444444444445 0.21428571428571427
itercount --------> 5
[2, 0, 1]
[2, 0, 5]
0.21428571428571427 0.25
itercount --------> 6
[1, 5, 2]
[1, 5, 6]
0.25 0.36
itercount --------> 7
[1, 5, 2]
[1, 5, 0]
[1, 5, 3]
[1, 5, 4]
[1, 5, 6]
[1, 5, 7]
[1, 5, 2, 0]
[1, 5, 2, 3]
[1, 5, 2, 4]
0.36 0.4
itercount --------> 8
[2, 5, 0]
[2, 5, 1]
[2, 5, 6]
[2, 5, 4]
[2, 5, 3]
[2, 5, 7]
[2, 5, 0, 1]
[2, 5, 0, 6]
0.4 0.41379310344827586
itercount --------> 9
[5, 0, 1]
[5, 0, 2]
[5, 0, 6]
[5, 0, 4]
[5, 0, 3]
[5, 0, 7]
[5, 0, 1, 2]
[5, 0, 1, 6]
[5, 0, 1, 4]
[5, 0, 1, 3]
[5, 0, 1, 7]
[5, 0, 1, 2, 6]
0.41379310344827586 0.4230769230769231
itercount --------> 10
[0, 2, 5]
[0, 2, 1]
[0, 2, 6]
[0, 2, 3]
[0, 2, 4]
[0, 2, 7]
[0, 2, 5, 1]
[0, 2, 5, 6]
[0, 2, 5, 3]
[0, 2, 5, 4]
[0, 2, 5, 7]
[0, 2, 5, 1, 6]
0.4230769230769231 0.4782608695652174
itercount --------> 11
[0, 2, 5]
[0, 2, 1]
[0, 2, 6]
[0, 2, 3]
[0, 2, 4]
[0, 2, 7]
[0, 2, 5, 1]
[0, 2, 5, 6]
[0, 2, 5, 3]
[0, 2, 5, 4]
[0, 2, 5, 7]
[0, 2, 5, 1, 6]
[0, 2, 5, 1, 3]
[0, 2, 5, 1, 4]
[0, 2, 5, 1, 7]
[0, 2, 5, 1, 6, 3]
[0, 2, 5, 1, 6, 4]
0.4782608695652174 0.5
itercount --------> 12
[0, 5, 2]
[0, 5, 1]
[0, 5, 6]
[0, 5, 3]
[0, 5, 7]
[0, 5, 4]
[0, 5, 2, 1]
[0, 5, 2, 6]
[0, 5, 2, 3]
[0, 5, 2, 7]
[0, 5, 2, 4]
[0, 5, 2, 1, 6]
[0, 5, 2, 1, 3]
0.5 0.52
itercount --------> 13
[0, 5, 2]
[0, 5, 1]
[0, 5, 6]
[0, 5, 3]
0.52 0.5416666666666666
itercount --------> 14
[0, 5, 2]
[0, 5, 6]
[0, 5, 7]
[0, 5, 4]
[0, 5, 1]
[0, 5, 3]
[0, 5, 2, 6]
0.5416666666666666 0.5909090909090909
itercount --------> 15
[0, 2, 5]
[0, 2, 1]
[0, 2, 6]
[0, 2, 3]
[0, 2, 7]
[0, 2, 4]
[0, 2, 5, 1]
[0, 2, 5, 6]
[0, 2, 5, 3]
[0, 2, 5, 7]
[0, 2, 5, 4]
[0, 2, 5, 1, 6]
[0, 2, 5, 1, 3]
[0, 2, 5, 1, 7]
[0, 2, 5, 1, 4]
[0, 2, 5, 1, 6, 3]
[0, 2, 5, 1, 6, 7]
[0, 2, 5, 1, 6, 4]
[0, 2, 5, 1, 6, 3, 7]
[0, 2, 5, 1, 6, 3, 4]
[0, 2, 5, 1, 6, 3, 7, 4]
failed -> 36 times
after fail n ======> 7
[1, 2, 5, 0, 6, 3, 7]
0.10526315789473684 0.13513513513513514
itercount --------> 1
[1, 2, 0]
[1, 2, 7]
[1, 2, 5]
0.13513513513513514 0.13793103448275862
itercount --------> 2
[0, 1, 2]
0.13793103448275862 0.2
itercount --------> 3
[0, 2, 7]
0.2 0.25925925925925924
itercount --------> 4
[2, 1, 0]
[2, 1, 5]
[2, 1, 3]
[2, 1, 4]
0.25925925925925924 0.2727272727272727
itercount --------> 5
[2, 0, 1]
0.2727272727272727 0.37037037037037035
itercount --------> 6
[0, 5, 6]
[0, 5, 2]
[0, 5, 3]
[0, 5, 4]
0.37037037037037035 0.375
itercount --------> 7
[5, 0, 6]
0.375 0.4
itercount --------> 8
[5, 0, 2]
0.4 0.43478260869565216
itercount --------> 9
[0, 5, 2]
[0, 5, 6]
[0, 5, 4]
0.43478260869565216 0.44
itercount --------> 10
[0, 2, 5]
[0, 2, 1]
[0, 2, 4]
0.44 0.47619047619047616
itercount --------> 11
[0, 5, 2]
0.47619047619047616 0.5
itercount --------> 12
[5, 0, 2]
[5, 0, 3]
0.5 0.5238095238095238
itercount --------> 13
[0, 5, 2]
[0, 5, 4]
[0, 5, 3]
[0, 5, 6]
[0, 5, 1]
[0, 5, 7]
[0, 5, 2, 4]
[0, 5, 2, 3]
[0, 5, 2, 6]
[0, 5, 2, 1]
[0, 5, 2, 7]
[0, 5, 2, 4, 3]
[0, 5, 2, 4, 6]
[0, 5, 2, 4, 1]
[0, 5, 2, 4, 7]
[0, 5, 2, 4, 3, 6]
[0, 5, 2, 4, 3, 1]
[0, 5, 2, 4, 3, 7]
[0, 5, 2, 4, 3, 6, 1]
[0, 5, 2, 4, 3, 6, 7]
[0, 5, 2, 4, 3, 6, 1, 7]
failed -> 37 times
after fail n ======> 8
[1, 2, 5, 0, 6, 3, 7, 4]
0.10526315789473684 0.1111111111111111
itercount --------> 1
[1, 5, 2]
0.1111111111111111 0.14285714285714285
itercount --------> 2
[5, 2, 1]
[5, 2, 4]
[5, 2, 0]
0.14285714285714285 0.15
itercount --------> 3
[2, 1, 0]
[2, 1, 5]
[2, 1, 7]
[2, 1, 4]
[2, 1, 6]
0.15 0.19230769230769232
itercount --------> 4
[1, 2, 4]
0.19230769230769232 0.20833333333333334
itercount --------> 5
[1, 2, 5]
0.20833333333333334 0.2857142857142857
itercount --------> 6
[2, 0, 5]
[2, 0, 1]
[2, 0, 4]
0.2857142857142857 0.42857142857142855
itercount --------> 7
[2, 0, 5]
[2, 0, 1]
[2, 0, 6]
0.42857142857142855 0.4583333333333333
itercount --------> 8
[0, 2, 5]
0.4583333333333333 0.4642857142857143
itercount --------> 9
[0, 2, 5]
0.4642857142857143 0.5
itercount --------> 10
[2, 5, 0]
[2, 5, 6]
[2, 5, 4]
[2, 5, 1]
[2, 5, 3]
[2, 5, 7]
[2, 5, 0, 6]
[2, 5, 0, 4]
[2, 5, 0, 1]
[2, 5, 0, 3]
[2, 5, 0, 7]
[2, 5, 0, 6, 4]
0.5 0.5172413793103449
itercount --------> 11
[2, 5, 0]
[2, 5, 4]
[2, 5, 1]
[2, 5, 3]
[2, 5, 6]
[2, 5, 7]
[2, 5, 0, 4]
[2, 5, 0, 1]
[2, 5, 0, 3]
[2, 5, 0, 6]
[2, 5, 0, 7]
[2, 5, 0, 4, 1]
[2, 5, 0, 4, 3]
[2, 5, 0, 4, 6]
[2, 5, 0, 4, 7]
[2, 5, 0, 4, 1, 3]
[2, 5, 0, 4, 1, 6]
[2, 5, 0, 4, 1, 7]
[2, 5, 0, 4, 1, 3, 6]
0.5172413793103449 0.5357142857142857
itercount --------> 12
[2, 5, 0]
[2, 5, 3]
[2, 5, 4]
[2, 5, 1]
[2, 5, 6]
[2, 5, 7]
[2, 5, 0, 3]
[2, 5, 0, 4]
[2, 5, 0, 1]
[2, 5, 0, 6]
[2, 5, 0, 7]
[2, 5, 0, 3, 4]
[2, 5, 0, 3, 1]
[2, 5, 0, 3, 6]
[2, 5, 0, 3, 7]
[2, 5, 0, 3, 4, 1]
[2, 5, 0, 3, 4, 6]
[2, 5, 0, 3, 4, 7]
[2, 5, 0, 3, 4, 1, 6]
[2, 5, 0, 3, 4, 1, 7]
[2, 5, 0, 3, 4, 1, 6, 7]
failed -> 38 times
after fail n ======> 5
[1, 2, 5, 0, 6]
0.10526315789473684 0.13636363636363635
itercount --------> 1
[1, 2, 0]
[1, 2, 5]
0.13636363636363635 0.16279069767441862
itercount --------> 2
[2, 1, 0]
0.16279069767441862 0.21428571428571427
itercount --------> 3
[2, 1, 5]
0.21428571428571427 0.2413793103448276
itercount --------> 4
[2, 5, 1]
[2, 5, 6]
[2, 5, 4]
0.2413793103448276 0.25806451612903225
itercount --------> 5
[2, 5, 1]
0.25806451612903225 0.2962962962962963
itercount --------> 6
[2, 5, 0]
[2, 5, 6]
[2, 5, 1]
0.2962962962962963 0.3181818181818182
itercount --------> 7
[5, 2, 0]
0.3181818181818182 0.3333333333333333
itercount --------> 8
[5, 2, 0]
[5, 2, 6]
0.3333333333333333 0.4782608695652174
itercount --------> 9
[2, 5, 0]
[2, 5, 3]
[2, 5, 6]
[2, 5, 1]
[2, 5, 4]
[2, 5, 7]
[2, 5, 0, 3]
[2, 5, 0, 6]
0.4782608695652174 0.5
itercount --------> 10
[5, 2, 0]
[5, 2, 4]
[5, 2, 6]
[5, 2, 1]
[5, 2, 3]
[5, 2, 7]
[5, 2, 0, 4]
[5, 2, 0, 6]
[5, 2, 0, 1]
[5, 2, 0, 3]
[5, 2, 0, 7]
[5, 2, 0, 4, 6]
0.5 0.52
itercount --------> 11
[0, 5, 2]
[0, 5, 1]
[0, 5, 6]
[0, 5, 3]
[0, 5, 4]
[0, 5, 7]
[0, 5, 2, 1]
[0, 5, 2, 6]
[0, 5, 2, 3]
[0, 5, 2, 4]
0.52 0.5909090909090909
itercount --------> 12
[0, 2, 5]
[0, 2, 1]
[0, 2, 3]
[0, 2, 4]
[0, 2, 6]
[0, 2, 7]
[0, 2, 5, 1]
[0, 2, 5, 3]
[0, 2, 5, 4]
[0, 2, 5, 6]
[0, 2, 5, 7]
[0, 2, 5, 1, 3]
[0, 2, 5, 1, 4]
[0, 2, 5, 1, 6]
[0, 2, 5, 1, 7]
[0, 2, 5, 1, 3, 4]
[0, 2, 5, 1, 3, 6]
[0, 2, 5, 1, 3, 7]
[0, 2, 5, 1, 3, 4, 6]
[0, 2, 5, 1, 3, 4, 7]
[0, 2, 5, 1, 3, 4, 6, 7]
failed -> 39 times
after fail n ======> 6
[1, 2, 5, 0, 6, 3]
0.10526315789473684 0.1111111111111111
itercount --------> 1
[1, 5, 2]
0.1111111111111111 0.15384615384615385
itercount --------> 2
[1, 5, 2]
0.15384615384615385 0.16666666666666666
itercount --------> 3
[1, 5, 2]
[1, 5, 6]
0.16666666666666666 0.1724137931034483
itercount --------> 4
[1, 2, 6]
0.1724137931034483 0.19444444444444445
itercount --------> 5
[2, 1, 0]
[2, 1, 3]
[2, 1, 5]
0.19444444444444445 0.21428571428571427
itercount --------> 6
[2, 0, 1]
[2, 0, 5]
[2, 0, 3]
[2, 0, 6]
0.21428571428571427 0.21951219512195122
itercount --------> 7
[2, 0, 5]
0.21951219512195122 0.2727272727272727
itercount --------> 8
[2, 5, 0]
0.2727272727272727 0.36
itercount --------> 9
[1, 5, 2]
[1, 5, 0]
[1, 5, 3]
[1, 5, 4]
0.36 0.37037037037037035
itercount --------> 10
[1, 2, 5]
[1, 2, 0]
[1, 2, 4]
[1, 2, 6]
0.37037037037037035 0.4074074074074074
itercount --------> 11
[1, 2, 5]
[1, 2, 0]
[1, 2, 4]
[1, 2, 6]
0.4074074074074074 0.4230769230769231
itercount --------> 12
[2, 0, 5]
0.4230769230769231 0.4583333333333333
itercount --------> 13
[2, 0, 5]
[2, 0, 1]
[2, 0, 4]
[2, 0, 3]
[2, 0, 6]
[2, 0, 7]
[2, 0, 5, 1]
[2, 0, 5, 4]
[2, 0, 5, 3]
[2, 0, 5, 6]
[2, 0, 5, 7]
[2, 0, 5, 1, 4]
0.4583333333333333 0.47619047619047616
itercount --------> 14
[2, 0, 5]
[2, 0, 1]
[2, 0, 3]
[2, 0, 4]
[2, 0, 6]
[2, 0, 7]
[2, 0, 5, 1]
0.47619047619047616 0.5
itercount --------> 15
[2, 0, 5]
[2, 0, 3]
[2, 0, 1]
[2, 0, 6]
[2, 0, 4]
[2, 0, 7]
[2, 0, 5, 3]
0.5 0.5238095238095238
itercount --------> 16
[0, 2, 5]
[0, 2, 3]
[0, 2, 4]
[0, 2, 6]
[0, 2, 1]
[0, 2, 7]
[0, 2, 5, 3]
[0, 2, 5, 4]
[0, 2, 5, 6]
[0, 2, 5, 1]
[0, 2, 5, 7]
[0, 2, 5, 3, 4]
[0, 2, 5, 3, 6]
[0, 2, 5, 3, 1]
[0, 2, 5, 3, 7]
[0, 2, 5, 3, 4, 6]
[0, 2, 5, 3, 4, 1]
[0, 2, 5, 3, 4, 7]
[0, 2, 5, 3, 4, 6, 1]
[0, 2, 5, 3, 4, 6, 7]
[0, 2, 5, 3, 4, 6, 1, 7]
failed -> 40 times
after fail n ======> 7
[1, 2, 5, 0, 6, 3, 7]
0.10526315789473684 0.11764705882352941
itercount --------> 1
[0, 2, 1]
[0, 2, 4]
0.11764705882352941 0.125
itercount --------> 2
[0, 2, 1]
0.125 0.13333333333333333
itercount --------> 3
[0, 3, 2]
0.13333333333333333 0.15384615384615385
itercount --------> 4
[2, 6, 0]
[2, 6, 5]
[2, 6, 3]
0.15384615384615385 0.23076923076923078
itercount --------> 5
[2, 3, 5]
[2, 3, 0]
0.23076923076923078 0.3125
itercount --------> 6
[2, 5, 1]
0.3125 0.3333333333333333
itercount --------> 7
[6, 1, 5]
[6, 1, 2]
0.3333333333333333 0.36666666666666664
itercount --------> 8
[5, 2, 6]
[5, 2, 0]
[5, 2, 1]
[5, 2, 7]
[5, 2, 3]
[5, 2, 4]
[5, 2, 6, 0]
0.36666666666666664 0.37037037037037035
itercount --------> 9
[0, 2, 6]
0.37037037037037035 0.41935483870967744
itercount --------> 10
[2, 5, 0]
0.41935483870967744 0.4583333333333333
itercount --------> 11
[2, 0, 5]
[2, 0, 6]
[2, 0, 4]
0.4583333333333333 0.4782608695652174
itercount --------> 12
[2, 5, 0]
[2, 5, 3]
0.4782608695652174 0.5
itercount --------> 13
[5, 3, 2]
[5, 3, 4]
[5, 3, 0]
[5, 3, 6]
0.5 0.52
itercount --------> 14
[5, 2, 3]
[5, 2, 0]
[5, 2, 4]
[5, 2, 6]
[5, 2, 1]
[5, 2, 7]
[5, 2, 3, 0]
[5, 2, 3, 4]
[5, 2, 3, 6]
0.52 0.5416666666666666
itercount --------> 15
[5, 0, 2]
[5, 0, 3]
[5, 0, 7]
[5, 0, 4]
[5, 0, 6]
[5, 0, 1]
[5, 0, 2, 3]
[5, 0, 2, 7]
[5, 0, 2, 4]
0.5416666666666666 0.5909090909090909
itercount --------> 16
[5, 3, 0]
[5, 3, 2]
[5, 3, 7]
[5, 3, 4]
[5, 3, 6]
[5, 3, 1]
[5, 3, 0, 2]
[5, 3, 0, 7]
[5, 3, 0, 4]
[5, 3, 0, 6]
[5, 3, 0, 1]
[5, 3, 0, 2, 7]
[5, 3, 0, 2, 4]
[5, 3, 0, 2, 6]
[5, 3, 0, 2, 1]
[5, 3, 0, 2, 7, 4]
[5, 3, 0, 2, 7, 6]
[5, 3, 0, 2, 7, 1]
[5, 3, 0, 2, 7, 4, 6]
0.5909090909090909 0.6521739130434783
itercount --------> 17
[5, 0, 2]
[5, 0, 7]
[5, 0, 3]
[5, 0, 6]
[5, 0, 1]
[5, 0, 4]
[5, 0, 2, 7]
[5, 0, 2, 3]
[5, 0, 2, 6]
[5, 0, 2, 1]
[5, 0, 2, 4]
[5, 0, 2, 7, 3]
[5, 0, 2, 7, 6]
[5, 0, 2, 7, 1]
[5, 0, 2, 7, 4]
[5, 0, 2, 7, 3, 6]
[5, 0, 2, 7, 3, 1]
[5, 0, 2, 7, 3, 4]
[5, 0, 2, 7, 3, 6, 1]
[5, 0, 2, 7, 3, 6, 4]
[5, 0, 2, 7, 3, 6, 1, 4]
failed -> 41 times
after fail n ======> 8
[1, 2, 5, 0, 6, 3, 7, 4]
0.10526315789473684 0.13636363636363635
itercount --------> 1
[1, 2, 0]
[1, 2, 5]
0.13636363636363635 0.16279069767441862
itercount --------> 2
[2, 1, 0]
0.16279069767441862 0.17647058823529413
itercount --------> 3
[1, 0, 2]
0.17647058823529413 0.21428571428571427
itercount --------> 4
[2, 5, 1]
0.21428571428571427 0.2727272727272727
itercount --------> 5
[5, 2, 4]
0.2727272727272727 0.36363636363636365
itercount --------> 6
[5, 2, 6]
[5, 2, 3]
[5, 2, 0]
[5, 2, 7]
[5, 2, 1]
[5, 2, 4]
[5, 2, 6, 3]
0.36363636363636365 0.47619047619047616
itercount --------> 7
[2, 5, 0]
[2, 5, 4]
[2, 5, 6]
[2, 5, 3]
[2, 5, 1]
0.47619047619047616 0.4782608695652174
itercount --------> 8
[2, 5, 0]
0.4782608695652174 0.5
itercount --------> 9
[5, 2, 0]
[5, 2, 3]
[5, 2, 6]
[5, 2, 7]
[5, 2, 1]
[5, 2, 4]
[5, 2, 0, 3]
0.5 0.5238095238095238
itercount --------> 10
[2, 5, 0]
[2, 5, 6]
[2, 5, 4]
[2, 5, 1]
[2, 5, 3]
[2, 5, 7]
[2, 5, 0, 6]
[2, 5, 0, 4]
[2, 5, 0, 1]
[2, 5, 0, 3]
[2, 5, 0, 7]
[2, 5, 0, 6, 4]
0.5238095238095238 0.5652173913043478
itercount --------> 11
[5, 2, 0]
[5, 2, 6]
[5, 2, 7]
[5, 2, 1]
[5, 2, 3]
[5, 2, 4]
[5, 2, 0, 6]
[5, 2, 0, 7]
[5, 2, 0, 1]
[5, 2, 0, 3]
[5, 2, 0, 4]
[5, 2, 0, 6, 7]
0.5652173913043478 0.5714285714285714
itercount --------> 12
[2, 5, 0]
[2, 5, 6]
[2, 5, 1]
[2, 5, 4]
[2, 5, 3]
[2, 5, 7]
[2, 5, 0, 6]
[2, 5, 0, 1]
[2, 5, 0, 4]
[2, 5, 0, 3]
[2, 5, 0, 7]
[2, 5, 0, 6, 1]
[2, 5, 0, 6, 4]
[2, 5, 0, 6, 3]
[2, 5, 0, 6, 7]
[2, 5, 0, 6, 1, 4]
[2, 5, 0, 6, 1, 3]
[2, 5, 0, 6, 1, 7]
[2, 5, 0, 6, 1, 4, 3]
[2, 5, 0, 6, 1, 4, 7]
[2, 5, 0, 6, 1, 4, 3, 7]
0.5714285714285714 0.5909090909090909
itercount --------> 13
[2, 5, 0]
[2, 5, 6]
[2, 5, 7]
[2, 5, 1]
[2, 5, 3]
[2, 5, 4]
[2, 5, 0, 6]
[2, 5, 0, 7]
[2, 5, 0, 1]
[2, 5, 0, 3]
0.5909090909090909 0.6190476190476191
itercount --------> 14
[2, 5, 0]
[2, 5, 3]
[2, 5, 6]
[2, 5, 1]
[2, 5, 4]
[2, 5, 7]
[2, 5, 0, 3]
[2, 5, 0, 6]
[2, 5, 0, 1]
[2, 5, 0, 4]
[2, 5, 0, 7]
[2, 5, 0, 3, 6]
0.6190476190476191 0.6521739130434783
itercount --------> 15
[2, 5, 0]
[2, 5, 3]
[2, 5, 7]
[2, 5, 6]
[2, 5, 1]
[2, 5, 4]
[2, 5, 0, 3]
[2, 5, 0, 7]
[2, 5, 0, 6]
[2, 5, 0, 1]
[2, 5, 0, 4]
[2, 5, 0, 3, 7]
[2, 5, 0, 3, 6]
[2, 5, 0, 3, 1]
[2, 5, 0, 3, 4]
[2, 5, 0, 3, 7, 6]
[2, 5, 0, 3, 7, 1]
[2, 5, 0, 3, 7, 4]
[2, 5, 0, 3, 7, 6, 1]
[2, 5, 0, 3, 7, 6, 4]
[2, 5, 0, 3, 7, 6, 1, 4]
failed -> 42 times
after fail n ======> 5
[1, 2, 5, 0, 6]
0.10526315789473684 0.1320754716981132
itercount --------> 1
[1, 5, 2]
0.1320754716981132 0.1794871794871795
itercount --------> 2
[2, 5, 0]
0.1794871794871795 0.19444444444444445
itercount --------> 3
[5, 1, 0]
[5, 1, 4]
0.19444444444444445 0.2894736842105263
itercount --------> 4
[0, 5, 1]
0.2894736842105263 0.4230769230769231
itercount --------> 5
[0, 2, 5]
[0, 2, 1]
[0, 2, 6]
[0, 2, 3]
[0, 2, 4]
[0, 2, 7]
[0, 2, 5, 1]
[0, 2, 5, 6]
[0, 2, 5, 3]
[0, 2, 5, 4]
[0, 2, 5, 7]
[0, 2, 5, 1, 6]
0.4230769230769231 0.5
itercount --------> 6
[2, 0, 5]
[2, 0, 1]
[2, 0, 3]
[2, 0, 6]
[2, 0, 4]
[2, 0, 7]
[2, 0, 5, 1]
[2, 0, 5, 3]
[2, 0, 5, 6]
[2, 0, 5, 4]
[2, 0, 5, 7]
[2, 0, 5, 1, 3]
[2, 0, 5, 1, 6]
[2, 0, 5, 1, 4]
[2, 0, 5, 1, 7]
[2, 0, 5, 1, 3, 6]
0.5 0.52
itercount --------> 7
[5, 2, 4]
[5, 2, 0]
[5, 2, 3]
[5, 2, 6]
[5, 2, 7]
[5, 2, 1]
[5, 2, 4, 0]
[5, 2, 4, 3]
[5, 2, 4, 6]
[5, 2, 4, 7]
0.52 0.5217391304347826
itercount --------> 8
[5, 2, 0]
[5, 2, 4]
[5, 2, 3]
[5, 2, 7]
[5, 2, 1]
[5, 2, 6]
[5, 2, 0, 4]
[5, 2, 0, 3]
[5, 2, 0, 7]
[5, 2, 0, 1]
[5, 2, 0, 6]
[5, 2, 0, 4, 3]
[5, 2, 0, 4, 7]
[5, 2, 0, 4, 1]
[5, 2, 0, 4, 6]
[5, 2, 0, 4, 3, 7]
[5, 2, 0, 4, 3, 1]
[5, 2, 0, 4, 3, 6]
[5, 2, 0, 4, 3, 7, 1]
[5, 2, 0, 4, 3, 7, 6]
[5, 2, 0, 4, 3, 7, 1, 6]
failed -> 43 times
after fail n ======> 6
[1, 2, 5, 0, 6, 3]
0.10526315789473684 0.11764705882352941
itercount --------> 1
[5, 2, 1]
[5, 2, 0]
0.11764705882352941 0.125
itercount --------> 2
[4, 6, 5]
0.125 0.24
itercount --------> 3
[5, 4, 1]
[5, 4, 6]
0.24 0.2647058823529412
itercount --------> 4
[4, 5, 0]
[4, 5, 1]
[4, 5, 2]
0.2647058823529412 0.34375
itercount --------> 5
[4, 5, 0]
[4, 5, 2]
[4, 5, 1]
[4, 5, 6]
[4, 5, 3]
[4, 5, 7]
[4, 5, 0, 2]
[4, 5, 0, 1]
[4, 5, 0, 6]
[4, 5, 0, 3]
[4, 5, 0, 7]
[4, 5, 0, 2, 1]
[4, 5, 0, 2, 6]
[4, 5, 0, 2, 3]
[4, 5, 0, 2, 7]
[4, 5, 0, 2, 1, 6]
[4, 5, 0, 2, 1, 3]
0.34375 0.43478260869565216
itercount --------> 6
[5, 6, 2]
[5, 6, 0]
[5, 6, 1]
[5, 6, 7]
[5, 6, 3]
[5, 6, 4]
[5, 6, 2, 0]
[5, 6, 2, 1]
[5, 6, 2, 7]
[5, 6, 2, 3]
0.43478260869565216 0.45454545454545453
itercount --------> 7
[5, 6, 2]
[5, 6, 7]
[5, 6, 0]
[5, 6, 1]
[5, 6, 3]
[5, 6, 4]
[5, 6, 2, 7]
[5, 6, 2, 0]
[5, 6, 2, 1]
[5, 6, 2, 3]
[5, 6, 2, 4]
0.45454545454545453 0.5
itercount --------> 8
[5, 2, 0]
[5, 2, 4]
[5, 2, 6]
[5, 2, 1]
[5, 2, 3]
[5, 2, 7]
[5, 2, 0, 4]
[5, 2, 0, 6]
[5, 2, 0, 1]
[5, 2, 0, 3]
[5, 2, 0, 7]
[5, 2, 0, 4, 6]
[5, 2, 0, 4, 1]
[5, 2, 0, 4, 3]
[5, 2, 0, 4, 7]
[5, 2, 0, 4, 6, 1]
[5, 2, 0, 4, 6, 3]
0.5 0.5185185185185185
itercount --------> 9
[5, 0, 2]
[5, 0, 4]
[5, 0, 6]
[5, 0, 1]
[5, 0, 3]
[5, 0, 7]
[5, 0, 2, 4]
[5, 0, 2, 6]
[5, 0, 2, 1]
[5, 0, 2, 3]
[5, 0, 2, 7]
[5, 0, 2, 4, 6]
[5, 0, 2, 4, 1]
[5, 0, 2, 4, 3]
[5, 0, 2, 4, 7]
0.5185185185185185 0.5384615384615384
itercount --------> 10
[5, 0, 2]
[5, 0, 4]
[5, 0, 1]
[5, 0, 6]
[5, 0, 3]
[5, 0, 7]
[5, 0, 2, 4]
[5, 0, 2, 1]
[5, 0, 2, 6]
[5, 0, 2, 3]
[5, 0, 2, 7]
[5, 0, 2, 4, 1]
[5, 0, 2, 4, 6]
[5, 0, 2, 4, 3]
[5, 0, 2, 4, 7]
0.5384615384615384 0.5416666666666666
itercount --------> 11
[5, 0, 2]
[5, 0, 7]
[5, 0, 4]
[5, 0, 6]
[5, 0, 3]
[5, 0, 1]
[5, 0, 2, 7]
[5, 0, 2, 4]
[5, 0, 2, 6]
[5, 0, 2, 3]
[5, 0, 2, 1]
[5, 0, 2, 7, 4]
[5, 0, 2, 7, 6]
[5, 0, 2, 7, 3]
[5, 0, 2, 7, 1]
[5, 0, 2, 7, 4, 6]
[5, 0, 2, 7, 4, 3]
[5, 0, 2, 7, 4, 1]
[5, 0, 2, 7, 4, 6, 3]
[5, 0, 2, 7, 4, 6, 1]
[5, 0, 2, 7, 4, 6, 3, 1]
failed -> 44 times
after fail n ======> 7
[1, 2, 5, 0, 6, 3, 7]
0.10526315789473684 0.13636363636363635
itercount --------> 1
[1, 2, 0]
0.13636363636363635 0.16129032258064516
itercount --------> 2
[1, 5, 2]
0.16129032258064516 0.1724137931034483
itercount --------> 3
[1, 2, 5]
[1, 2, 0]
[1, 2, 4]
[1, 2, 6]
[1, 2, 3]
[1, 2, 7]
[1, 2, 5, 0]
0.1724137931034483 0.21428571428571427
itercount --------> 4
[5, 0, 1]
0.21428571428571427 0.2727272727272727
itercount --------> 5
[5, 4, 6]
0.2727272727272727 0.3333333333333333
itercount --------> 6
[5, 6, 3]
[5, 6, 0]
0.3333333333333333 0.45454545454545453
itercount --------> 7
[5, 0, 2]
[5, 0, 3]
[5, 0, 1]
[5, 0, 4]
0.45454545454545453 0.5217391304347826
itercount --------> 8
[0, 5, 2]
[0, 5, 1]
[0, 5, 4]
[0, 5, 6]
[0, 5, 3]
[0, 5, 7]
[0, 5, 2, 1]
[0, 5, 2, 4]
0.5217391304347826 0.5714285714285714
itercount --------> 9
[0, 2, 5]
[0, 2, 1]
[0, 2, 3]
[0, 2, 4]
[0, 2, 6]
[0, 2, 7]
[0, 2, 5, 1]
[0, 2, 5, 3]
[0, 2, 5, 4]
[0, 2, 5, 6]
[0, 2, 5, 7]
[0, 2, 5, 1, 3]
[0, 2, 5, 1, 4]
[0, 2, 5, 1, 6]
[0, 2, 5, 1, 7]
[0, 2, 5, 1, 3, 4]
[0, 2, 5, 1, 3, 6]
[0, 2, 5, 1, 3, 7]
[0, 2, 5, 1, 3, 4, 6]
[0, 2, 5, 1, 3, 4, 7]
[0, 2, 5, 1, 3, 4, 6, 7]
failed -> 45 times
after fail n ======> 8
[1, 2, 5, 0, 6, 3, 7, 4]
0.10526315789473684 0.11538461538461539
itercount --------> 1
[2, 5, 0]
0.11538461538461539 0.15151515151515152
itercount --------> 2
[5, 2, 1]
[5, 2, 6]
0.15151515151515152 0.16279069767441862
itercount --------> 3
[2, 5, 6]
0.16279069767441862 0.21212121212121213
itercount --------> 4
[2, 5, 0]
0.21212121212121213 0.2692307692307692
itercount --------> 5
[2, 0, 5]
[2, 0, 6]
[2, 0, 1]
[2, 0, 3]
[2, 0, 7]
[2, 0, 4]
[2, 0, 5, 6]
[2, 0, 5, 1]
[2, 0, 5, 3]
[2, 0, 5, 7]
[2, 0, 5, 4]
0.2692307692307692 0.30303030303030304
itercount --------> 6
[2, 5, 0]
0.30303030303030304 0.3225806451612903
itercount --------> 7
[6, 2, 5]
[6, 2, 0]
[6, 2, 1]
[6, 2, 3]
[6, 2, 7]
[6, 2, 4]
0.3225806451612903 0.3333333333333333
itercount --------> 8
[2, 0, 5]
[2, 0, 6]
[2, 0, 7]
[2, 0, 4]
[2, 0, 1]
0.3333333333333333 0.34375
itercount --------> 9
[2, 6, 5]
[2, 6, 0]
[2, 6, 7]
[2, 6, 4]
[2, 6, 3]
[2, 6, 1]
[2, 6, 5, 0]
[2, 6, 5, 7]
0.34375 0.37142857142857144
itercount --------> 10
[2, 5, 6]
[2, 5, 7]
0.37142857142857144 0.38095238095238093
itercount --------> 11
[2, 0, 5]
[2, 0, 7]
[2, 0, 1]
[2, 0, 6]
[2, 0, 3]
[2, 0, 4]
[2, 0, 5, 7]
[2, 0, 5, 1]
[2, 0, 5, 6]
[2, 0, 5, 3]
[2, 0, 5, 4]
[2, 0, 5, 7, 1]
[2, 0, 5, 7, 6]
[2, 0, 5, 7, 3]
[2, 0, 5, 7, 4]
[2, 0, 5, 7, 1, 6]
[2, 0, 5, 7, 1, 3]
[2, 0, 5, 7, 1, 4]
[2, 0, 5, 7, 1, 6, 3]
[2, 0, 5, 7, 1, 6, 4]
[2, 0, 5, 7, 1, 6, 3, 4]
failed -> 46 times
after fail n ======> 5
[1, 2, 5, 0, 6]
0.10526315789473684 0.13333333333333333
itercount --------> 1
[1, 2, 6]
0.13333333333333333 0.1875
itercount --------> 2
[0, 6, 2]
0.1875 0.21739130434782608
itercount --------> 3
[6, 1, 5]
[6, 1, 2]
[6, 1, 3]
0.21739130434782608 0.30434782608695654
itercount --------> 4
[5, 3, 2]
[5, 3, 0]
[5, 3, 6]
0.30434782608695654 0.34782608695652173
itercount --------> 5
[5, 3, 2]
[5, 3, 0]
0.34782608695652173 0.36363636363636365
itercount --------> 6
[5, 2, 0]
[5, 2, 4]
0.36363636363636365 0.375
itercount --------> 7
[5, 2, 3]
0.375 0.391304347826087
itercount --------> 8
[5, 2, 0]
[5, 2, 1]
0.391304347826087 0.4
itercount --------> 9
[2, 5, 1]
[2, 5, 0]
[2, 5, 6]
0.4 0.44
itercount --------> 10
[2, 5, 0]
[2, 5, 1]
[2, 5, 4]
[2, 5, 6]
[2, 5, 3]
[2, 5, 7]
[2, 5, 0, 1]
0.44 0.5
itercount --------> 11
[2, 5, 0]
[2, 5, 4]
[2, 5, 1]
[2, 5, 3]
[2, 5, 6]
[2, 5, 7]
[2, 5, 0, 4]
[2, 5, 0, 1]
[2, 5, 0, 3]
0.5 0.55
itercount --------> 12
[2, 5, 0]
[2, 5, 4]
[2, 5, 6]
[2, 5, 1]
[2, 5, 3]
[2, 5, 7]
[2, 5, 0, 4]
[2, 5, 0, 6]
[2, 5, 0, 1]
[2, 5, 0, 3]
[2, 5, 0, 7]
[2, 5, 0, 4, 6]
[2, 5, 0, 4, 1]
[2, 5, 0, 4, 3]
[2, 5, 0, 4, 7]
[2, 5, 0, 4, 6, 1]
0.55 0.5714285714285714
itercount --------> 13
[2, 5, 0]
[2, 5, 3]
[2, 5, 6]
[2, 5, 1]
[2, 5, 4]
[2, 5, 7]
[2, 5, 0, 3]
[2, 5, 0, 6]
[2, 5, 0, 1]
[2, 5, 0, 4]
[2, 5, 0, 7]
[2, 5, 0, 3, 6]
[2, 5, 0, 3, 1]
[2, 5, 0, 3, 4]
[2, 5, 0, 3, 7]
[2, 5, 0, 3, 6, 1]
[2, 5, 0, 3, 6, 4]
[2, 5, 0, 3, 6, 7]
[2, 5, 0, 3, 6, 1, 4]
[2, 5, 0, 3, 6, 1, 7]
[2, 5, 0, 3, 6, 1, 4, 7]
failed -> 47 times
after fail n ======> 6
[1, 2, 5, 0, 6, 3]
0.10526315789473684 0.13636363636363635
itercount --------> 1
[2, 1, 5]
0.13636363636363635 0.14285714285714285
itercount --------> 2
[2, 1, 5]
0.14285714285714285 0.16
itercount --------> 3
[2, 0, 3]
0.16 0.2
itercount --------> 4
[3, 5, 1]
[3, 5, 6]
[3, 5, 2]
0.2 0.22580645161290322
itercount --------> 5
[2, 3, 1]
[2, 3, 5]
[2, 3, 6]
0.22580645161290322 0.2571428571428571
itercount --------> 6
[2, 5, 3]
[2, 5, 1]
0.2571428571428571 0.28
itercount --------> 7
[2, 5, 3]
0.28 0.3076923076923077
itercount --------> 8
[3, 5, 2]
[3, 5, 4]
0.3076923076923077 0.37037037037037035
itercount --------> 9
[5, 3, 2]
[5, 3, 4]
[5, 3, 6]
[5, 3, 7]
[5, 3, 0]
[5, 3, 1]
[5, 3, 2, 4]
0.37037037037037035 0.375
itercount --------> 10
[5, 3, 1]
[5, 3, 2]
0.375 0.4090909090909091
itercount --------> 11
[5, 2, 3]
[5, 2, 4]
[5, 2, 0]
[5, 2, 6]
[5, 2, 7]
[5, 2, 1]
[5, 2, 3, 4]
[5, 2, 3, 0]
[5, 2, 3, 6]
0.4090909090909091 0.4782608695652174
itercount --------> 12
[5, 2, 3]
[5, 2, 4]
[5, 2, 0]
0.4782608695652174 0.5
itercount --------> 13
[5, 2, 3]
[5, 2, 4]
[5, 2, 0]
[5, 2, 1]
[5, 2, 7]
[5, 2, 6]
[5, 2, 3, 4]
[5, 2, 3, 0]
[5, 2, 3, 1]
[5, 2, 3, 7]
[5, 2, 3, 6]
[5, 2, 3, 4, 0]
[5, 2, 3, 4, 1]
[5, 2, 3, 4, 7]
[5, 2, 3, 4, 6]
0.5 0.5238095238095238
itercount --------> 14
[2, 5, 0]
[2, 5, 6]
[2, 5, 4]
[2, 5, 3]
[2, 5, 1]
[2, 5, 7]
[2, 5, 0, 6]
[2, 5, 0, 4]
[2, 5, 0, 3]
[2, 5, 0, 1]
[2, 5, 0, 7]
[2, 5, 0, 6, 4]
0.5238095238095238 0.5652173913043478
itercount --------> 15
[5, 2, 4]
[5, 2, 3]
[5, 2, 0]
[5, 2, 1]
[5, 2, 6]
[5, 2, 7]
[5, 2, 4, 3]
[5, 2, 4, 0]
[5, 2, 4, 1]
[5, 2, 4, 6]
[5, 2, 4, 7]
[5, 2, 4, 3, 0]
[5, 2, 4, 3, 1]
[5, 2, 4, 3, 6]
[5, 2, 4, 3, 7]
[5, 2, 4, 3, 0, 1]
[5, 2, 4, 3, 0, 6]
[5, 2, 4, 3, 0, 7]
[5, 2, 4, 3, 0, 1, 6]
[5, 2, 4, 3, 0, 1, 7]
[5, 2, 4, 3, 0, 1, 6, 7]
failed -> 48 times
after fail n ======> 7
[1, 2, 5, 0, 6, 3, 7]
0.10526315789473684 0.16279069767441862
itercount --------> 1
[1, 2, 0]
0.16279069767441862 0.1875
itercount --------> 2
[1, 5, 2]
0.1875 0.2
itercount --------> 3
[2, 5, 1]
[2, 5, 0]
0.2 0.25925925925925924
itercount --------> 4
[2, 1, 0]
0.25925925925925924 0.30434782608695654
itercount --------> 5
[0, 4, 6]
0.30434782608695654 0.391304347826087
itercount --------> 6
[0, 5, 2]
[0, 5, 6]
0.391304347826087 0.5
itercount --------> 7
[5, 0, 2]
[5, 0, 6]
[5, 0, 3]
[5, 0, 7]
[5, 0, 1]
[5, 0, 4]
[5, 0, 2, 6]
[5, 0, 2, 3]
[5, 0, 2, 7]
[5, 0, 2, 1]
[5, 0, 2, 4]
[5, 0, 2, 6, 3]
[5, 0, 2, 6, 7]
[5, 0, 2, 6, 1]
[5, 0, 2, 6, 4]
[5, 0, 2, 6, 3, 7]
[5, 0, 2, 6, 3, 1]
[5, 0, 2, 6, 3, 4]
0.5 0.5416666666666666
itercount --------> 8
[5, 0, 2]
[5, 0, 6]
[5, 0, 3]
[5, 0, 7]
[5, 0, 1]
[5, 0, 4]
[5, 0, 2, 6]
[5, 0, 2, 3]
0.5416666666666666 0.5652173913043478
itercount --------> 9
[5, 0, 2]
[5, 0, 6]
[5, 0, 7]
[5, 0, 1]
[5, 0, 3]
[5, 0, 4]
[5, 0, 2, 6]
[5, 0, 2, 7]
[5, 0, 2, 1]
[5, 0, 2, 3]
0.5652173913043478 0.6190476190476191
itercount --------> 10
[5, 0, 2]
[5, 0, 3]
[5, 0, 6]
[5, 0, 1]
[5, 0, 7]
[5, 0, 4]
[5, 0, 2, 3]
[5, 0, 2, 6]
[5, 0, 2, 1]
[5, 0, 2, 7]
[5, 0, 2, 4]
[5, 0, 2, 3, 6]
0.6190476190476191 0.6521739130434783
itercount --------> 11
[5, 0, 2]
[5, 0, 7]
[5, 0, 3]
[5, 0, 6]
[5, 0, 1]
[5, 0, 4]
[5, 0, 2, 7]
[5, 0, 2, 3]
[5, 0, 2, 6]
[5, 0, 2, 1]
[5, 0, 2, 4]
[5, 0, 2, 7, 3]
[5, 0, 2, 7, 6]
[5, 0, 2, 7, 1]
[5, 0, 2, 7, 4]
[5, 0, 2, 7, 3, 6]
[5, 0, 2, 7, 3, 1]
[5, 0, 2, 7, 3, 4]
[5, 0, 2, 7, 3, 6, 1]
[5, 0, 2, 7, 3, 6, 4]
[5, 0, 2, 7, 3, 6, 1, 4]
failed -> 49 times
after fail n ======> 8
[1, 2, 5, 0, 6, 3, 7, 4]
0.10526315789473684 0.13636363636363635
itercount --------> 1
[2, 1, 5]
0.13636363636363635 0.22580645161290322
itercount --------> 2
[0, 3, 2]
0.22580645161290322 0.25
itercount --------> 3
[5, 3, 6]
[5, 3, 4]
[5, 3, 2]
[5, 3, 7]
[5, 3, 0]
[5, 3, 1]
[5, 3, 6, 4]
0.25 0.2608695652173913
itercount --------> 4
[3, 5, 4]
0.2608695652173913 0.2727272727272727
itercount --------> 5
[5, 3, 6]
[5, 3, 4]
[5, 3, 2]
[5, 3, 0]
0.2727272727272727 0.2857142857142857
itercount --------> 6
[5, 3, 4]
0.2857142857142857 0.3181818181818182
itercount --------> 7
[5, 3, 6]
[5, 3, 4]
[5, 3, 1]
[5, 3, 2]
[5, 3, 7]
[5, 3, 0]
[5, 3, 6, 4]
0.3181818181818182 0.36363636363636365
itercount --------> 8
[5, 6, 7]
0.36363636363636365 0.39285714285714285
itercount --------> 9
[5, 6, 7]
0.39285714285714285 0.4074074074074074
itercount --------> 10
[5, 6, 2]
[5, 6, 0]
[5, 6, 4]
0.4074074074074074 0.41935483870967744
itercount --------> 11
[5, 4, 6]
[5, 4, 3]
[5, 4, 2]
[5, 4, 7]
[5, 4, 0]
[5, 4, 1]
[5, 4, 6, 3]
0.41935483870967744 0.4782608695652174
itercount --------> 12
[5, 2, 6]
[5, 2, 0]
[5, 2, 4]
[5, 2, 7]
0.4782608695652174 0.5416666666666666
itercount --------> 13
[5, 2, 0]
[5, 2, 6]
[5, 2, 4]
[5, 2, 3]
[5, 2, 7]
[5, 2, 1]
[5, 2, 0, 6]
[5, 2, 0, 4]
[5, 2, 0, 3]
0.5416666666666666 0.5652173913043478
itercount --------> 14
[5, 2, 6]
[5, 2, 0]
[5, 2, 4]
[5, 2, 3]
[5, 2, 7]
[5, 2, 1]
[5, 2, 6, 0]
[5, 2, 6, 4]
[5, 2, 6, 3]
[5, 2, 6, 7]
[5, 2, 6, 1]
[5, 2, 6, 0, 4]
[5, 2, 6, 0, 3]
[5, 2, 6, 0, 7]
[5, 2, 6, 0, 1]
[5, 2, 6, 0, 4, 3]
[5, 2, 6, 0, 4, 7]
[5, 2, 6, 0, 4, 1]
[5, 2, 6, 0, 4, 3, 7]
[5, 2, 6, 0, 4, 3, 1]
[5, 2, 6, 0, 4, 3, 7, 1]
failed -> 50 times
after fail n ======> 5
Runs with the maximum attractor JI -> [0, 32, 40, 41, 48]
