{1: 28, 2: 28, 6: 28, 5: 25, 4: 17, 0: 13, 3: 13, 7: 6}
[1, 2, 6]
[1, 2, 5]
0.10256410256410256 0.2222222222222222
itercount --------> 1
[6, 1, 2]
0.2222222222222222 0.34782608695652173
itercount --------> 2
[2, 3, 4]
[2, 3, 6]
[2, 3, 7]
[2, 3, 0]
0.34782608695652173 0.391304347826087
itercount --------> 3
[6, 0, 2]
[6, 0, 4]
[6, 0, 3]
0.391304347826087 0.42857142857142855
itercount --------> 4
[2, 3, 0]
[2, 3, 6]
[2, 3, 4]
[2, 3, 1]
[2, 3, 5]
[2, 3, 7]
[2, 3, 0, 6]
0.42857142857142855 0.45454545454545453
itercount --------> 5
[3, 0, 1]
[3, 0, 2]
[3, 0, 6]
[3, 0, 5]
0.45454545454545453 0.5
itercount --------> 6
[3, 0, 4]
[3, 0, 6]
[3, 0, 1]
[3, 0, 2]
[3, 0, 5]
[3, 0, 7]
[3, 0, 4, 6]
0.5 0.5238095238095238
itercount --------> 7
[4, 0, 3]
[4, 0, 6]
[4, 0, 5]
[4, 0, 1]
[4, 0, 2]
[4, 0, 7]
[4, 0, 3, 6]
[4, 0, 3, 5]
[4, 0, 3, 1]
[4, 0, 3, 2]
[4, 0, 3, 7]
[4, 0, 3, 6, 5]
[4, 0, 3, 6, 1]
[4, 0, 3, 6, 2]
[4, 0, 3, 6, 7]
[4, 0, 3, 6, 5, 1]
[4, 0, 3, 6, 5, 2]
[4, 0, 3, 6, 5, 7]
[4, 0, 3, 6, 5, 1, 2]
0.5238095238095238 0.5454545454545454
itercount --------> 8
[3, 4, 0]
[3, 4, 5]
[3, 4, 6]
[3, 4, 1]
[3, 4, 2]
[3, 4, 7]
[3, 4, 0, 5]
[3, 4, 0, 6]
[3, 4, 0, 1]
[3, 4, 0, 2]
[3, 4, 0, 7]
[3, 4, 0, 5, 6]
[3, 4, 0, 5, 1]
[3, 4, 0, 5, 2]
[3, 4, 0, 5, 7]
0.5454545454545454 0.5714285714285714
itercount --------> 9
[4, 0, 3]
[4, 0, 6]
[4, 0, 5]
[4, 0, 1]
[4, 0, 2]
[4, 0, 7]
[4, 0, 3, 6]
[4, 0, 3, 5]
[4, 0, 3, 1]
[4, 0, 3, 2]
[4, 0, 3, 7]
[4, 0, 3, 6, 5]
[4, 0, 3, 6, 1]
[4, 0, 3, 6, 2]
[4, 0, 3, 6, 7]
[4, 0, 3, 6, 5, 1]
[4, 0, 3, 6, 5, 2]
[4, 0, 3, 6, 5, 7]
[4, 0, 3, 6, 5, 1, 2]
[4, 0, 3, 6, 5, 1, 7]
[4, 0, 3, 6, 5, 1, 2, 7]
failed Once
after fail n ======> 4
[1, 2, 6, 5]
0.10256410256410256 0.16
itercount --------> 1
[2, 6, 1]
0.16 0.2222222222222222
itercount --------> 2
[6, 1, 2]
0.2222222222222222 0.3333333333333333
itercount --------> 3
[1, 4, 2]
0.3333333333333333 0.34782608695652173
itercount --------> 4
[1, 4, 6]
[1, 4, 7]
[1, 4, 0]
0.34782608695652173 0.36
itercount --------> 5
[4, 0, 1]
[4, 0, 5]
[4, 0, 3]
[4, 0, 6]
[4, 0, 7]
[4, 0, 2]
[4, 0, 1, 5]
[4, 0, 1, 3]
0.36 0.37037037037037035
itercount --------> 6
[4, 1, 6]
[4, 1, 5]
[4, 1, 0]
0.37037037037037035 0.38095238095238093
itercount --------> 7
[6, 4, 0]
[6, 4, 1]
[6, 4, 2]
[6, 4, 5]
[6, 4, 7]
[6, 4, 3]
[6, 4, 0, 1]
[6, 4, 0, 2]
0.38095238095238093 0.42105263157894735
itercount --------> 8
[6, 4, 0]
[6, 4, 5]
[6, 4, 7]
[6, 4, 1]
[6, 4, 2]
[6, 4, 3]
[6, 4, 0, 5]
0.42105263157894735 0.4375
itercount --------> 9
[0, 5, 1]
[0, 5, 2]
[0, 5, 3]
0.4375 0.5
itercount --------> 10
[3, 0, 4]
[3, 0, 6]
[3, 0, 1]
[3, 0, 2]
[3, 0, 5]
[3, 0, 7]
[3, 0, 4, 6]
[3, 0, 4, 1]
[3, 0, 4, 2]
[3, 0, 4, 5]
[3, 0, 4, 7]
[3, 0, 4, 6, 1]
[3, 0, 4, 6, 2]
[3, 0, 4, 6, 5]
0.5 0.5238095238095238
itercount --------> 11
[4, 0, 3]
[4, 0, 6]
[4, 0, 5]
[4, 0, 1]
[4, 0, 2]
[4, 0, 7]
[4, 0, 3, 6]
[4, 0, 3, 5]
[4, 0, 3, 1]
[4, 0, 3, 2]
[4, 0, 3, 7]
[4, 0, 3, 6, 5]
[4, 0, 3, 6, 1]
[4, 0, 3, 6, 2]
[4, 0, 3, 6, 7]
[4, 0, 3, 6, 5, 1]
[4, 0, 3, 6, 5, 2]
[4, 0, 3, 6, 5, 7]
[4, 0, 3, 6, 5, 1, 2]
[4, 0, 3, 6, 5, 1, 7]
[4, 0, 3, 6, 5, 1, 2, 7]
failed -> 2 times
after fail n ======> 5
[1, 2, 6, 5, 4]
0.10256410256410256 0.11904761904761904
itercount --------> 1
[1, 2, 5]
0.11904761904761904 0.19230769230769232
itercount --------> 2
[1, 2, 4]
0.19230769230769232 0.2
itercount --------> 3
[2, 1, 4]
0.2 0.2727272727272727
itercount --------> 4
[4, 1, 6]
[4, 1, 2]
0.2727272727272727 0.35294117647058826
itercount --------> 5
[4, 6, 3]
0.35294117647058826 0.4090909090909091
itercount --------> 6
[4, 6, 0]
[4, 6, 3]
[4, 6, 1]
0.4090909090909091 0.4230769230769231
itercount --------> 7
[1, 2, 3]
[1, 2, 4]
[1, 2, 6]
[1, 2, 5]
[1, 2, 7]
[1, 2, 0]
[1, 2, 3, 4]
[1, 2, 3, 6]
[1, 2, 3, 5]
0.4230769230769231 0.5
itercount --------> 8
[1, 2, 3]
[1, 2, 4]
0.5 0.5238095238095238
itercount --------> 9
[1, 2, 3]
[1, 2, 6]
[1, 2, 5]
[1, 2, 4]
[1, 2, 0]
[1, 2, 7]
[1, 2, 3, 6]
[1, 2, 3, 5]
[1, 2, 3, 4]
[1, 2, 3, 0]
[1, 2, 3, 7]
[1, 2, 3, 6, 5]
[1, 2, 3, 6, 4]
0.5238095238095238 0.5652173913043478
itercount --------> 10
[4, 3, 1]
[4, 3, 2]
[4, 3, 5]
[4, 3, 6]
[4, 3, 0]
[4, 3, 7]
[4, 3, 1, 2]
[4, 3, 1, 5]
[4, 3, 1, 6]
[4, 3, 1, 0]
[4, 3, 1, 7]
[4, 3, 1, 2, 5]
[4, 3, 1, 2, 6]
[4, 3, 1, 2, 0]
[4, 3, 1, 2, 7]
[4, 3, 1, 2, 5, 6]
[4, 3, 1, 2, 5, 0]
[4, 3, 1, 2, 5, 7]
[4, 3, 1, 2, 5, 6, 0]
[4, 3, 1, 2, 5, 6, 7]
[4, 3, 1, 2, 5, 6, 0, 7]
failed -> 3 times
after fail n ======> 6
[1, 2, 6, 5, 4, 0]
0.10256410256410256 0.10810810810810811
itercount --------> 1
[4, 0, 1]
[4, 0, 6]
0.10810810810810811 0.17142857142857143
itercount --------> 2
[1, 4, 2]
[1, 4, 6]
[1, 4, 5]
0.17142857142857143 0.1724137931034483
itercount --------> 3
[1, 2, 4]
0.1724137931034483 0.18181818181818182
itercount --------> 4
[5, 4, 1]
0.18181818181818182 0.19047619047619047
itercount --------> 5
[5, 4, 1]
0.19047619047619047 0.21739130434782608
itercount --------> 6
[4, 5, 6]
[4, 5, 1]
0.21739130434782608 0.23529411764705882
itercount --------> 7
[4, 6, 3]
[4, 6, 7]
[4, 6, 0]
0.23529411764705882 0.25
itercount --------> 8
[4, 0, 6]
[4, 0, 3]
[4, 0, 1]
0.25 0.29411764705882354
itercount --------> 9
[4, 6, 0]
[4, 6, 1]
[4, 6, 2]
[4, 6, 3]
[4, 6, 5]
[4, 6, 7]
[4, 6, 0, 1]
0.29411764705882354 0.3333333333333333
itercount --------> 10
[4, 3, 0]
0.3333333333333333 0.38095238095238093
itercount --------> 11
[0, 1, 2]
0.38095238095238093 0.3870967741935484
itercount --------> 12
[0, 1, 6]
[0, 1, 2]
[0, 1, 4]
[0, 1, 3]
0.3870967741935484 0.391304347826087
itercount --------> 13
[1, 6, 4]
[1, 6, 5]
[1, 6, 2]
[1, 6, 3]
[1, 6, 0]
[1, 6, 7]
[1, 6, 4, 5]
[1, 6, 4, 2]
[1, 6, 4, 3]
[1, 6, 4, 0]
[1, 6, 4, 7]
[1, 6, 4, 5, 2]
0.391304347826087 0.45
itercount --------> 14
[1, 6, 4]
[1, 6, 0]
[1, 6, 2]
[1, 6, 3]
[1, 6, 5]
[1, 6, 7]
[1, 6, 4, 0]
[1, 6, 4, 2]
[1, 6, 4, 3]
[1, 6, 4, 5]
0.45 0.47368421052631576
itercount --------> 15
[6, 4, 1]
[6, 4, 2]
[6, 4, 5]
[6, 4, 0]
[6, 4, 7]
[6, 4, 3]
[6, 4, 1, 2]
[6, 4, 1, 5]
[6, 4, 1, 0]
[6, 4, 1, 7]
[6, 4, 1, 3]
[6, 4, 1, 2, 5]
[6, 4, 1, 2, 0]
[6, 4, 1, 2, 7]
0.47368421052631576 0.5
itercount --------> 16
[6, 4, 1]
[6, 4, 2]
[6, 4, 5]
[6, 4, 0]
[6, 4, 7]
[6, 4, 3]
[6, 4, 1, 2]
[6, 4, 1, 5]
[6, 4, 1, 0]
[6, 4, 1, 7]
[6, 4, 1, 3]
[6, 4, 1, 2, 5]
[6, 4, 1, 2, 0]
[6, 4, 1, 2, 7]
[6, 4, 1, 2, 3]
[6, 4, 1, 2, 5, 0]
[6, 4, 1, 2, 5, 7]
[6, 4, 1, 2, 5, 3]
[6, 4, 1, 2, 5, 0, 7]
[6, 4, 1, 2, 5, 0, 3]
[6, 4, 1, 2, 5, 0, 7, 3]
failed -> 4 times
after fail n ======> 7
[1, 2, 6, 5, 4, 0, 3]
0.10256410256410256 0.12903225806451613
itercount --------> 1
[1, 2, 0]
0.12903225806451613 0.17647058823529413
itercount --------> 2
[1, 2, 0]
[1, 2, 3]
[1, 2, 6]
0.17647058823529413 0.2222222222222222
itercount --------> 3
[4, 5, 1]
0.2222222222222222 0.25
itercount --------> 4
[1, 2, 0]
[1, 2, 5]
[1, 2, 3]
0.25 0.3
itercount --------> 5
[2, 6, 4]
[2, 6, 0]
0.3 0.42857142857142855
itercount --------> 6
[2, 3, 0]
[2, 3, 4]
[2, 3, 1]
0.42857142857142855 0.5
itercount --------> 7
[3, 0, 4]
[3, 0, 6]
0.5 0.5238095238095238
itercount --------> 8
[4, 0, 3]
[4, 0, 6]
[4, 0, 5]
[4, 0, 1]
[4, 0, 2]
[4, 0, 7]
[4, 0, 3, 6]
[4, 0, 3, 5]
[4, 0, 3, 1]
[4, 0, 3, 2]
[4, 0, 3, 7]
[4, 0, 3, 6, 5]
[4, 0, 3, 6, 1]
[4, 0, 3, 6, 2]
[4, 0, 3, 6, 7]
[4, 0, 3, 6, 5, 1]
[4, 0, 3, 6, 5, 2]
[4, 0, 3, 6, 5, 7]
[4, 0, 3, 6, 5, 1, 2]
[4, 0, 3, 6, 5, 1, 7]
[4, 0, 3, 6, 5, 1, 2, 7]
failed -> 5 times
after fail n ======> 8
[1, 2, 6, 5, 4, 0, 3, 7]
0.10256410256410256 0.125
itercount --------> 1
[2, 1, 5]
[2, 1, 4]
0.125 0.12903225806451613
itercount --------> 2
[2, 1, 4]
0.12903225806451613 0.22580645161290322
itercount --------> 3
[1, 2, 5]
0.22580645161290322 0.23076923076923078
itercount --------> 4
[1, 4, 2]
0.23076923076923078 0.34782608695652173
itercount --------> 5
[2, 4, 6]
[2, 4, 7]
[2, 4, 0]
[2, 4, 3]
0.34782608695652173 0.3684210526315789
itercount --------> 6
[2, 4, 7]
[2, 4, 1]
0.3684210526315789 0.38095238095238093
itercount --------> 7
[2, 7, 4]
[2, 7, 1]
[2, 7, 6]
[2, 7, 5]
[2, 7, 0]
[2, 7, 3]
[2, 7, 4, 1]
0.38095238095238093 0.38461538461538464
itercount --------> 8
[1, 2, 3]
[1, 2, 6]
[1, 2, 7]
0.38461538461538464 0.4090909090909091
itercount --------> 9
[2, 1, 3]
[2, 1, 6]
[2, 1, 7]
[2, 1, 0]
[2, 1, 5]
0.4090909090909091 0.45
itercount --------> 10
[2, 3, 6]
[2, 3, 1]
[2, 3, 7]
[2, 3, 0]
[2, 3, 4]
[2, 3, 5]
[2, 3, 6, 1]
[2, 3, 6, 7]
0.45 0.48
itercount --------> 11
[2, 1, 3]
[2, 1, 4]
[2, 1, 5]
[2, 1, 6]
[2, 1, 7]
[2, 1, 0]
[2, 1, 3, 4]
[2, 1, 3, 5]
[2, 1, 3, 6]
[2, 1, 3, 7]
[2, 1, 3, 0]
[2, 1, 3, 4, 5]
[2, 1, 3, 4, 6]
[2, 1, 3, 4, 7]
0.48 0.5
itercount --------> 12
[2, 4, 1]
[2, 4, 3]
[2, 4, 5]
0.5 0.5454545454545454
itercount --------> 13
[2, 3, 4]
[2, 3, 6]
[2, 3, 0]
[2, 3, 1]
[2, 3, 7]
[2, 3, 5]
0.5454545454545454 0.56
itercount --------> 14
[2, 4, 1]
[2, 4, 3]
0.56 0.5652173913043478
itercount --------> 15
[2, 1, 4]
[2, 1, 5]
[2, 1, 3]
[2, 1, 6]
[2, 1, 0]
[2, 1, 7]
[2, 1, 4, 5]
[2, 1, 4, 3]
[2, 1, 4, 6]
[2, 1, 4, 0]
[2, 1, 4, 7]
[2, 1, 4, 5, 3]
[2, 1, 4, 5, 6]
0.5652173913043478 0.6190476190476191
itercount --------> 16
[2, 1, 3]
[2, 1, 4]
[2, 1, 5]
0.6190476190476191 0.65
itercount --------> 17
[1, 2, 0]
[1, 2, 4]
[1, 2, 5]
[1, 2, 3]
[1, 2, 6]
[1, 2, 7]
[1, 2, 0, 4]
[1, 2, 0, 5]
[1, 2, 0, 3]
[1, 2, 0, 6]
[1, 2, 0, 7]
[1, 2, 0, 4, 5]
[1, 2, 0, 4, 3]
[1, 2, 0, 4, 6]
[1, 2, 0, 4, 7]
[1, 2, 0, 4, 5, 3]
[1, 2, 0, 4, 5, 6]
[1, 2, 0, 4, 5, 7]
[1, 2, 0, 4, 5, 3, 6]
[1, 2, 0, 4, 5, 3, 7]
[1, 2, 0, 4, 5, 3, 6, 7]
failed -> 6 times
after fail n ======> 5
[1, 2, 6, 5, 4]
0.10256410256410256 0.17142857142857143
itercount --------> 1
[2, 4, 1]
0.17142857142857143 0.2727272727272727
itercount --------> 2
[4, 1, 2]
[4, 1, 5]
[4, 1, 6]
0.2727272727272727 0.28
itercount --------> 3
[1, 4, 3]
0.28 0.2916666666666667
itercount --------> 4
[1, 4, 2]
[1, 4, 6]
[1, 4, 3]
[1, 4, 5]
[1, 4, 0]
0.2916666666666667 0.30434782608695654
itercount --------> 5
[1, 4, 6]
[1, 4, 2]
[1, 4, 0]
[1, 4, 5]
0.30434782608695654 0.3157894736842105
itercount --------> 6
[4, 1, 2]
[4, 1, 5]
0.3157894736842105 0.3684210526315789
itercount --------> 7
[6, 1, 2]
[6, 1, 4]
[6, 1, 0]
0.3684210526315789 0.4090909090909091
itercount --------> 8
[1, 6, 2]
[1, 6, 4]
[1, 6, 5]
[1, 6, 3]
[1, 6, 0]
[1, 6, 7]
[1, 6, 2, 4]
[1, 6, 2, 5]
0.4090909090909091 0.45
itercount --------> 9
[1, 6, 2]
0.45 0.47368421052631576
itercount --------> 10
[6, 1, 2]
[6, 1, 4]
[6, 1, 0]
[6, 1, 5]
[6, 1, 3]
[6, 1, 7]
[6, 1, 2, 4]
[6, 1, 2, 0]
[6, 1, 2, 5]
[6, 1, 2, 3]
[6, 1, 2, 7]
[6, 1, 2, 4, 0]
[6, 1, 2, 4, 5]
[6, 1, 2, 4, 3]
[6, 1, 2, 4, 7]
[6, 1, 2, 4, 0, 5]
[6, 1, 2, 4, 0, 3]
[6, 1, 2, 4, 0, 7]
[6, 1, 2, 4, 0, 5, 3]
[6, 1, 2, 4, 0, 5, 7]
[6, 1, 2, 4, 0, 5, 3, 7]
0.47368421052631576 0.48
itercount --------> 11
[0, 3, 6]
[0, 3, 4]
[0, 3, 1]
[0, 3, 2]
[0, 3, 5]
0.48 0.5
itercount --------> 12
[6, 4, 1]
[6, 4, 2]
[6, 4, 5]
[6, 4, 0]
[6, 4, 7]
[6, 4, 3]
[6, 4, 1, 2]
[6, 4, 1, 5]
[6, 4, 1, 0]
[6, 4, 1, 7]
[6, 4, 1, 3]
[6, 4, 1, 2, 5]
[6, 4, 1, 2, 0]
[6, 4, 1, 2, 7]
[6, 4, 1, 2, 3]
[6, 4, 1, 2, 5, 0]
[6, 4, 1, 2, 5, 7]
[6, 4, 1, 2, 5, 3]
[6, 4, 1, 2, 5, 0, 7]
[6, 4, 1, 2, 5, 0, 3]
[6, 4, 1, 2, 5, 0, 7, 3]
failed -> 7 times
after fail n ======> 6
[1, 2, 6, 5, 4, 0]
0.10256410256410256 0.11904761904761904
itercount --------> 1
[1, 2, 5]
[1, 2, 4]
0.11904761904761904 0.14285714285714285
itercount --------> 2
[1, 2, 4]
0.14285714285714285 0.2727272727272727
itercount --------> 3
[4, 1, 2]
[4, 1, 5]
0.2727272727272727 0.2777777777777778
itercount --------> 4
[1, 2, 5]
[1, 2, 4]
0.2777777777777778 0.35294117647058826
itercount --------> 5
[4, 6, 3]
0.35294117647058826 0.36363636363636365
itercount --------> 6
[4, 3, 6]
0.36363636363636365 0.4090909090909091
itercount --------> 7
[4, 6, 0]
[4, 6, 3]
[4, 6, 1]
[4, 6, 2]
0.4090909090909091 0.4230769230769231
itercount --------> 8
[2, 1, 3]
[2, 1, 4]
[2, 1, 6]
[2, 1, 5]
0.4230769230769231 0.5
itercount --------> 9
[1, 2, 3]
[1, 2, 4]
[1, 2, 5]
[1, 2, 6]
[1, 2, 0]
[1, 2, 7]
[1, 2, 3, 4]
0.5 0.5238095238095238
itercount --------> 10
[1, 2, 3]
[1, 2, 6]
[1, 2, 5]
[1, 2, 4]
[1, 2, 0]
[1, 2, 7]
[1, 2, 3, 6]
[1, 2, 3, 5]
[1, 2, 3, 4]
[1, 2, 3, 0]
[1, 2, 3, 7]
[1, 2, 3, 6, 5]
[1, 2, 3, 6, 4]
0.5238095238095238 0.5652173913043478
itercount --------> 11
[4, 3, 1]
[4, 3, 2]
[4, 3, 5]
[4, 3, 6]
[4, 3, 0]
[4, 3, 7]
[4, 3, 1, 2]
[4, 3, 1, 5]
[4, 3, 1, 6]
[4, 3, 1, 0]
[4, 3, 1, 7]
[4, 3, 1, 2, 5]
[4, 3, 1, 2, 6]
[4, 3, 1, 2, 0]
[4, 3, 1, 2, 7]
[4, 3, 1, 2, 5, 6]
[4, 3, 1, 2, 5, 0]
[4, 3, 1, 2, 5, 7]
[4, 3, 1, 2, 5, 6, 0]
[4, 3, 1, 2, 5, 6, 7]
[4, 3, 1, 2, 5, 6, 0, 7]
failed -> 8 times
after fail n ======> 7
[1, 2, 6, 5, 4, 0, 3]
0.10256410256410256 0.15789473684210525
itercount --------> 1
[1, 6, 2]
0.15789473684210525 0.20833333333333334
itercount --------> 2
[2, 3, 4]
[2, 3, 1]
0.20833333333333334 0.21052631578947367
itercount --------> 3
[2, 1, 4]
0.21052631578947367 0.21212121212121213
itercount --------> 4
[2, 1, 5]
0.21212121212121213 0.2222222222222222
itercount --------> 5
[2, 1, 3]
[2, 1, 4]
[2, 1, 6]
0.2222222222222222 0.24
itercount --------> 6
[1, 2, 3]
0.24 0.30434782608695654
itercount --------> 7
[1, 2, 4]
[1, 2, 5]
[1, 2, 6]
[1, 2, 3]
0.30434782608695654 0.32
itercount --------> 8
[1, 2, 3]
[1, 2, 4]
0.32 0.34375
itercount --------> 9
[2, 1, 3]
[2, 1, 4]
0.34375 0.37037037037037035
itercount --------> 10
[1, 3, 4]
[1, 3, 2]
[1, 3, 6]
0.37037037037037035 0.3939393939393939
itercount --------> 11
[1, 2, 4]
0.3939393939393939 0.40625
itercount --------> 12
[2, 1, 4]
[2, 1, 6]
[2, 1, 3]
0.40625 0.43333333333333335
itercount --------> 13
[2, 4, 1]
[2, 4, 6]
[2, 4, 3]
[2, 4, 5]
[2, 4, 0]
0.43333333333333335 0.5
itercount --------> 14
[4, 0, 1]
0.5 0.5238095238095238
itercount --------> 15
[4, 0, 3]
[4, 0, 6]
[4, 0, 5]
[4, 0, 1]
[4, 0, 2]
[4, 0, 7]
[4, 0, 3, 6]
[4, 0, 3, 5]
[4, 0, 3, 1]
[4, 0, 3, 2]
[4, 0, 3, 7]
[4, 0, 3, 6, 5]
[4, 0, 3, 6, 1]
[4, 0, 3, 6, 2]
[4, 0, 3, 6, 7]
[4, 0, 3, 6, 5, 1]
[4, 0, 3, 6, 5, 2]
[4, 0, 3, 6, 5, 7]
[4, 0, 3, 6, 5, 1, 2]
[4, 0, 3, 6, 5, 1, 7]
[4, 0, 3, 6, 5, 1, 2, 7]
failed -> 9 times
after fail n ======> 8
[1, 2, 6, 5, 4, 0, 3, 7]
0.10256410256410256 0.10714285714285714
itercount --------> 1
[6, 1, 2]
0.10714285714285714 0.15
itercount --------> 2
[6, 4, 1]
0.15 0.16129032258064516
itercount --------> 3
[1, 4, 5]
0.16129032258064516 0.22727272727272727
itercount --------> 4
[3, 4, 1]
0.22727272727272727 0.24
itercount --------> 5
[3, 4, 1]
0.24 0.25
itercount --------> 6
[3, 4, 1]
0.25 0.25925925925925924
itercount --------> 7
[1, 2, 4]
[1, 2, 5]
0.25925925925925924 0.3333333333333333
itercount --------> 8
[1, 2, 6]
[1, 2, 5]
[1, 2, 4]
[1, 2, 3]
[1, 2, 7]
0.3333333333333333 0.375
itercount --------> 9
[1, 2, 4]
[1, 2, 3]
[1, 2, 6]
[1, 2, 5]
[1, 2, 7]
[1, 2, 0]
[1, 2, 4, 3]
0.375 0.4090909090909091
itercount --------> 10
[1, 2, 4]
[1, 2, 6]
[1, 2, 3]
[1, 2, 5]
[1, 2, 0]
[1, 2, 7]
[1, 2, 4, 6]
[1, 2, 4, 3]
0.4090909090909091 0.48
itercount --------> 11
[1, 2, 4]
[1, 2, 6]
[1, 2, 3]
[1, 2, 5]
[1, 2, 0]
[1, 2, 7]
[1, 2, 4, 6]
[1, 2, 4, 3]
[1, 2, 4, 5]
[1, 2, 4, 0]
[1, 2, 4, 7]
[1, 2, 4, 6, 3]
[1, 2, 4, 6, 5]
[1, 2, 4, 6, 0]
[1, 2, 4, 6, 7]
[1, 2, 4, 6, 3, 5]
0.48 0.5
itercount --------> 12
[1, 4, 3]
[1, 4, 6]
[1, 4, 2]
[1, 4, 5]
[1, 4, 0]
[1, 4, 7]
[1, 4, 3, 6]
[1, 4, 3, 2]
[1, 4, 3, 5]
[1, 4, 3, 0]
[1, 4, 3, 7]
0.5 0.5238095238095238
itercount --------> 13
[4, 3, 6]
[4, 3, 1]
[4, 3, 2]
[4, 3, 0]
[4, 3, 5]
[4, 3, 7]
[4, 3, 6, 1]
[4, 3, 6, 2]
[4, 3, 6, 0]
[4, 3, 6, 5]
[4, 3, 6, 7]
[4, 3, 6, 1, 2]
[4, 3, 6, 1, 0]
[4, 3, 6, 1, 5]
[4, 3, 6, 1, 7]
[4, 3, 6, 1, 2, 0]
[4, 3, 6, 1, 2, 5]
0.5238095238095238 0.5454545454545454
itercount --------> 14
[1, 4, 3]
[1, 4, 2]
[1, 4, 6]
[1, 4, 0]
[1, 4, 5]
[1, 4, 7]
[1, 4, 3, 2]
[1, 4, 3, 6]
[1, 4, 3, 0]
[1, 4, 3, 5]
[1, 4, 3, 7]
[1, 4, 3, 2, 6]
[1, 4, 3, 2, 0]
[1, 4, 3, 2, 5]
[1, 4, 3, 2, 7]
[1, 4, 3, 2, 6, 0]
[1, 4, 3, 2, 6, 5]
[1, 4, 3, 2, 6, 7]
[1, 4, 3, 2, 6, 0, 5]
[1, 4, 3, 2, 6, 0, 7]
[1, 4, 3, 2, 6, 0, 5, 7]
failed -> 10 times
after fail n ======> 5
[1, 2, 6, 5, 4]
0.10256410256410256 0.16
itercount --------> 1
[2, 6, 1]
0.16 0.2
itercount --------> 2
[2, 1, 0]
0.2 0.21212121212121213
itercount --------> 3
[2, 4, 0]
0.21212121212121213 0.2962962962962963
itercount --------> 4
[1, 4, 2]
[1, 4, 5]
[1, 4, 6]
0.2962962962962963 0.34375
itercount --------> 5
[1, 2, 3]
[1, 2, 4]
[1, 2, 6]
0.34375 0.34782608695652173
itercount --------> 6
[1, 4, 6]
[1, 4, 3]
[1, 4, 7]
[1, 4, 0]
0.34782608695652173 0.35294117647058826
itercount --------> 7
[4, 6, 0]
[4, 6, 3]
0.35294117647058826 0.5238095238095238
itercount --------> 8
[4, 0, 3]
[4, 0, 6]
[4, 0, 5]
[4, 0, 1]
[4, 0, 2]
[4, 0, 7]
[4, 0, 3, 6]
[4, 0, 3, 5]
[4, 0, 3, 1]
[4, 0, 3, 2]
[4, 0, 3, 7]
[4, 0, 3, 6, 5]
[4, 0, 3, 6, 1]
[4, 0, 3, 6, 2]
[4, 0, 3, 6, 7]
[4, 0, 3, 6, 5, 1]
[4, 0, 3, 6, 5, 2]
[4, 0, 3, 6, 5, 7]
[4, 0, 3, 6, 5, 1, 2]
[4, 0, 3, 6, 5, 1, 7]
[4, 0, 3, 6, 5, 1, 2, 7]
failed -> 11 times
after fail n ======> 6
[1, 2, 6, 5, 4, 0]
0.10256410256410256 0.11538461538461539
itercount --------> 1
[6, 2, 1]
[6, 2, 4]
[6, 2, 5]
0.11538461538461539 0.13636363636363635
itercount --------> 2
[6, 1, 2]
0.13636363636363635 0.17647058823529413
itercount --------> 3
[6, 3, 4]
0.17647058823529413 0.1875
itercount --------> 4
[1, 2, 0]
[1, 2, 5]
[1, 2, 3]
0.1875 0.21052631578947367
itercount --------> 5
[6, 1, 3]
0.21052631578947367 0.25
itercount --------> 6
[1, 2, 0]
[1, 2, 5]
[1, 2, 6]
[1, 2, 3]
[1, 2, 7]
[1, 2, 4]
[1, 2, 0, 5]
[1, 2, 0, 6]
[1, 2, 0, 3]
[1, 2, 0, 7]
[1, 2, 0, 4]
[1, 2, 0, 5, 6]
[1, 2, 0, 5, 3]
[1, 2, 0, 5, 7]
[1, 2, 0, 5, 4]
[1, 2, 0, 5, 6, 3]
[1, 2, 0, 5, 6, 7]
[1, 2, 0, 5, 6, 4]
[1, 2, 0, 5, 6, 3, 7]
[1, 2, 0, 5, 6, 3, 4]
0.25 0.2631578947368421
itercount --------> 7
[6, 4, 0]
[6, 4, 1]
[6, 4, 2]
[6, 4, 5]
[6, 4, 3]
[6, 4, 7]
[6, 4, 0, 1]
[6, 4, 0, 2]
[6, 4, 0, 5]
[6, 4, 0, 3]
[6, 4, 0, 7]
[6, 4, 0, 1, 2]
[6, 4, 0, 1, 5]
[6, 4, 0, 1, 3]
[6, 4, 0, 1, 7]
[6, 4, 0, 1, 2, 5]
[6, 4, 0, 1, 2, 3]
[6, 4, 0, 1, 2, 7]
[6, 4, 0, 1, 2, 5, 3]
[6, 4, 0, 1, 2, 5, 7]
[6, 4, 0, 1, 2, 5, 3, 7]
failed -> 12 times
after fail n ======> 7
[1, 2, 6, 5, 4, 0, 3]
0.10256410256410256 0.10810810810810811
itercount --------> 1
[4, 0, 1]
0.10810810810810811 0.12
itercount --------> 2
[1, 6, 4]
0.12 0.21739130434782608
itercount --------> 3
[4, 1, 6]
[4, 1, 2]
[4, 1, 5]
0.21739130434782608 0.2631578947368421
itercount --------> 4
[4, 2, 6]
[4, 2, 0]
[4, 2, 1]
0.2631578947368421 0.29411764705882354
itercount --------> 5
[4, 6, 0]
[4, 6, 1]
0.29411764705882354 0.3333333333333333
itercount --------> 6
[4, 3, 0]
0.3333333333333333 0.38095238095238093
itercount --------> 7
[0, 1, 2]
0.38095238095238093 0.3870967741935484
itercount --------> 8
[0, 1, 6]
[0, 1, 2]
[0, 1, 4]
[0, 1, 3]
[0, 1, 5]
[0, 1, 7]
[0, 1, 6, 2]
[0, 1, 6, 4]
[0, 1, 6, 3]
0.3870967741935484 0.391304347826087
itercount --------> 9
[1, 6, 4]
[1, 6, 5]
[1, 6, 2]
[1, 6, 3]
[1, 6, 0]
[1, 6, 7]
[1, 6, 4, 5]
[1, 6, 4, 2]
0.391304347826087 0.4090909090909091
itercount --------> 10
[1, 6, 2]
[1, 6, 4]
[1, 6, 5]
[1, 6, 3]
[1, 6, 0]
[1, 6, 7]
[1, 6, 2, 4]
[1, 6, 2, 5]
0.4090909090909091 0.45
itercount --------> 11
[1, 6, 2]
[1, 6, 4]
[1, 6, 5]
0.45 0.47368421052631576
itercount --------> 12
[6, 4, 1]
[6, 4, 2]
[6, 4, 5]
[6, 4, 0]
[6, 4, 7]
[6, 4, 3]
[6, 4, 1, 2]
[6, 4, 1, 5]
[6, 4, 1, 0]
[6, 4, 1, 7]
[6, 4, 1, 3]
[6, 4, 1, 2, 5]
[6, 4, 1, 2, 0]
[6, 4, 1, 2, 7]
[6, 4, 1, 2, 3]
[6, 4, 1, 2, 5, 0]
[6, 4, 1, 2, 5, 7]
0.47368421052631576 0.5
itercount --------> 13
[6, 4, 1]
[6, 4, 2]
[6, 4, 5]
[6, 4, 0]
[6, 4, 7]
[6, 4, 3]
[6, 4, 1, 2]
[6, 4, 1, 5]
[6, 4, 1, 0]
[6, 4, 1, 7]
[6, 4, 1, 3]
[6, 4, 1, 2, 5]
[6, 4, 1, 2, 0]
[6, 4, 1, 2, 7]
[6, 4, 1, 2, 3]
[6, 4, 1, 2, 5, 0]
[6, 4, 1, 2, 5, 7]
[6, 4, 1, 2, 5, 3]
[6, 4, 1, 2, 5, 0, 7]
[6, 4, 1, 2, 5, 0, 3]
[6, 4, 1, 2, 5, 0, 7, 3]
failed -> 13 times
after fail n ======> 8
[1, 2, 6, 5, 4, 0, 3, 7]
0.10256410256410256 0.10526315789473684
itercount --------> 1
[1, 2, 6]
[1, 2, 3]
0.10526315789473684 0.1702127659574468
itercount --------> 2
[2, 1, 6]
0.1702127659574468 0.2727272727272727
itercount --------> 3
[6, 4, 3]
[6, 4, 0]
[6, 4, 5]
0.2727272727272727 0.30434782608695654
itercount --------> 4
[6, 5, 3]
[6, 5, 4]
0.30434782608695654 0.3103448275862069
itercount --------> 5
[3, 5, 6]
[3, 5, 1]
[3, 5, 2]
0.3103448275862069 0.34782608695652173
itercount --------> 6
[5, 4, 6]
[5, 4, 7]
0.34782608695652173 0.375
itercount --------> 7
[5, 6, 3]
0.375 0.391304347826087
itercount --------> 8
[5, 6, 3]
[5, 6, 7]
[5, 6, 4]
[5, 6, 1]
[5, 6, 2]
[5, 6, 0]
[5, 6, 3, 7]
0.391304347826087 0.5909090909090909
itercount --------> 9
[5, 3, 4]
[5, 3, 7]
[5, 3, 6]
[5, 3, 0]
[5, 3, 1]
[5, 3, 2]
[5, 3, 4, 7]
[5, 3, 4, 6]
[5, 3, 4, 0]
[5, 3, 4, 1]
[5, 3, 4, 2]
[5, 3, 4, 7, 6]
[5, 3, 4, 7, 0]
[5, 3, 4, 7, 1]
[5, 3, 4, 7, 2]
[5, 3, 4, 7, 6, 0]
[5, 3, 4, 7, 6, 1]
[5, 3, 4, 7, 6, 2]
[5, 3, 4, 7, 6, 0, 1]
[5, 3, 4, 7, 6, 0, 2]
[5, 3, 4, 7, 6, 0, 1, 2]
failed -> 14 times
after fail n ======> 5
[1, 2, 6, 5, 4]
0.10256410256410256 0.125
itercount --------> 1
[1, 2, 5]
0.125 0.20512820512820512
itercount --------> 2
[2, 1, 4]
0.20512820512820512 0.3333333333333333
itercount --------> 3
[1, 4, 2]
[1, 4, 6]
[1, 4, 3]
0.3333333333333333 0.35714285714285715
itercount --------> 4
[1, 6, 4]
0.35714285714285715 0.4090909090909091
itercount --------> 5
[1, 6, 2]
[1, 6, 4]
[1, 6, 5]
[1, 6, 3]
[1, 6, 0]
[1, 6, 7]
[1, 6, 2, 4]
[1, 6, 2, 5]
0.4090909090909091 0.45
itercount --------> 6
[1, 6, 2]
0.45 0.47368421052631576
itercount --------> 7
[6, 1, 2]
[6, 1, 4]
[6, 1, 0]
[6, 1, 5]
[6, 1, 3]
[6, 1, 7]
[6, 1, 2, 4]
[6, 1, 2, 0]
[6, 1, 2, 5]
[6, 1, 2, 3]
[6, 1, 2, 7]
[6, 1, 2, 4, 0]
[6, 1, 2, 4, 5]
[6, 1, 2, 4, 3]
[6, 1, 2, 4, 7]
[6, 1, 2, 4, 0, 5]
[6, 1, 2, 4, 0, 3]
0.47368421052631576 0.48
itercount --------> 8
[0, 3, 6]
[0, 3, 4]
[0, 3, 1]
[0, 3, 2]
[0, 3, 5]
0.48 0.5
itercount --------> 9
[6, 4, 1]
[6, 4, 2]
[6, 4, 5]
[6, 4, 0]
[6, 4, 7]
[6, 4, 3]
[6, 4, 1, 2]
[6, 4, 1, 5]
[6, 4, 1, 0]
[6, 4, 1, 7]
[6, 4, 1, 3]
[6, 4, 1, 2, 5]
[6, 4, 1, 2, 0]
[6, 4, 1, 2, 7]
[6, 4, 1, 2, 3]
[6, 4, 1, 2, 5, 0]
[6, 4, 1, 2, 5, 7]
[6, 4, 1, 2, 5, 3]
[6, 4, 1, 2, 5, 0, 7]
[6, 4, 1, 2, 5, 0, 3]
[6, 4, 1, 2, 5, 0, 7, 3]
failed -> 15 times
after fail n ======> 6
[1, 2, 6, 5, 4, 0]
0.10256410256410256 0.2222222222222222
itercount --------> 1
[6, 1, 2]
0.2222222222222222 0.34782608695652173
itercount --------> 2
[2, 3, 4]
[2, 3, 6]
0.34782608695652173 0.41935483870967744
itercount --------> 3
[2, 4, 3]
[2, 4, 6]
0.41935483870967744 0.4230769230769231
itercount --------> 4
[2, 1, 3]
[2, 1, 4]
[2, 1, 6]
[2, 1, 5]
[2, 1, 7]
[2, 1, 0]
0.4230769230769231 0.45
itercount --------> 5
[1, 2, 4]
[1, 2, 5]
[1, 2, 6]
[1, 2, 0]
0.45 0.5
itercount --------> 6
[0, 4, 3]
[0, 4, 6]
[0, 4, 1]
[0, 4, 2]
[0, 4, 5]
[0, 4, 7]
[0, 4, 3, 6]
0.5 0.5238095238095238
itercount --------> 7
[4, 0, 3]
[4, 0, 6]
[4, 0, 5]
[4, 0, 1]
[4, 0, 2]
[4, 0, 7]
[4, 0, 3, 6]
[4, 0, 3, 5]
[4, 0, 3, 1]
[4, 0, 3, 2]
[4, 0, 3, 7]
[4, 0, 3, 6, 5]
[4, 0, 3, 6, 1]
[4, 0, 3, 6, 2]
[4, 0, 3, 6, 7]
[4, 0, 3, 6, 5, 1]
[4, 0, 3, 6, 5, 2]
[4, 0, 3, 6, 5, 7]
[4, 0, 3, 6, 5, 1, 2]
0.5238095238095238 0.5652173913043478
itercount --------> 8
[4, 3, 1]
[4, 3, 2]
[4, 3, 5]
[4, 3, 6]
[4, 3, 0]
[4, 3, 7]
[4, 3, 1, 2]
[4, 3, 1, 5]
[4, 3, 1, 6]
[4, 3, 1, 0]
[4, 3, 1, 7]
[4, 3, 1, 2, 5]
[4, 3, 1, 2, 6]
[4, 3, 1, 2, 0]
[4, 3, 1, 2, 7]
[4, 3, 1, 2, 5, 6]
[4, 3, 1, 2, 5, 0]
[4, 3, 1, 2, 5, 7]
[4, 3, 1, 2, 5, 6, 0]
[4, 3, 1, 2, 5, 6, 7]
[4, 3, 1, 2, 5, 6, 0, 7]
failed -> 16 times
after fail n ======> 7
[1, 2, 6, 5, 4, 0, 3]
0.10256410256410256 0.11538461538461539
itercount --------> 1
[1, 6, 2]
0.11538461538461539 0.12
itercount --------> 2
[1, 6, 2]
0.12 0.20833333333333334
itercount --------> 3
[2, 3, 4]
[2, 3, 1]
0.20833333333333334 0.25
itercount --------> 4
[2, 4, 5]
0.25 0.3333333333333333
itercount --------> 5
[2, 4, 1]
0.3333333333333333 0.34782608695652173
itercount --------> 6
[2, 4, 6]
[2, 4, 7]
[2, 4, 0]
[2, 4, 3]
0.34782608695652173 0.3684210526315789
itercount --------> 7
[2, 4, 7]
[2, 4, 1]
0.3684210526315789 0.38095238095238093
itercount --------> 8
[2, 7, 4]
[2, 7, 1]
[2, 7, 6]
[2, 7, 5]
[2, 7, 0]
[2, 7, 3]
[2, 7, 4, 1]
0.38095238095238093 0.4090909090909091
itercount --------> 9
[2, 1, 3]
[2, 1, 6]
[2, 1, 7]
[2, 1, 0]
[2, 1, 5]
0.4090909090909091 0.45
itercount --------> 10
[2, 3, 6]
[2, 3, 1]
[2, 3, 7]
[2, 3, 0]
[2, 3, 4]
[2, 3, 5]
[2, 3, 6, 1]
[2, 3, 6, 7]
0.45 0.48
itercount --------> 11
[2, 1, 3]
[2, 1, 4]
[2, 1, 5]
[2, 1, 6]
[2, 1, 7]
[2, 1, 0]
0.48 0.5
itercount --------> 12
[4, 0, 2]
0.5 0.5263157894736842
itercount --------> 13
[0, 4, 2]
[0, 4, 3]
[0, 4, 6]
[0, 4, 5]
[0, 4, 7]
[0, 4, 1]
[0, 4, 2, 3]
0.5263157894736842 0.5555555555555556
itercount --------> 14
[0, 4, 3]
[0, 4, 5]
[0, 4, 6]
[0, 4, 7]
[0, 4, 1]
[0, 4, 2]
[0, 4, 3, 5]
[0, 4, 3, 6]
[0, 4, 3, 7]
[0, 4, 3, 1]
[0, 4, 3, 2]
[0, 4, 3, 5, 6]
[0, 4, 3, 5, 7]
[0, 4, 3, 5, 1]
[0, 4, 3, 5, 2]
[0, 4, 3, 5, 6, 7]
[0, 4, 3, 5, 6, 1]
0.5555555555555556 0.5625
itercount --------> 15
[1, 2, 0]
[1, 2, 5]
[1, 2, 4]
[1, 2, 7]
[1, 2, 3]
[1, 2, 6]
[1, 2, 0, 5]
[1, 2, 0, 4]
[1, 2, 0, 7]
[1, 2, 0, 3]
[1, 2, 0, 6]
[1, 2, 0, 5, 4]
[1, 2, 0, 5, 7]
[1, 2, 0, 5, 3]
[1, 2, 0, 5, 6]
[1, 2, 0, 5, 4, 7]
0.5625 0.625
itercount --------> 16
[1, 2, 0]
[1, 2, 5]
[1, 2, 3]
[1, 2, 4]
[1, 2, 6]
[1, 2, 7]
[1, 2, 0, 5]
[1, 2, 0, 3]
[1, 2, 0, 4]
[1, 2, 0, 6]
[1, 2, 0, 7]
[1, 2, 0, 5, 3]
[1, 2, 0, 5, 4]
[1, 2, 0, 5, 6]
[1, 2, 0, 5, 7]
[1, 2, 0, 5, 3, 4]
[1, 2, 0, 5, 3, 6]
[1, 2, 0, 5, 3, 7]
[1, 2, 0, 5, 3, 4, 6]
[1, 2, 0, 5, 3, 4, 7]
[1, 2, 0, 5, 3, 4, 6, 7]
failed -> 17 times
after fail n ======> 8
[1, 2, 6, 5, 4, 0, 3, 7]
0.10256410256410256 0.11904761904761904
itercount --------> 1
[1, 2, 5]
0.11904761904761904 0.19230769230769232
itercount --------> 2
[1, 2, 7]
0.19230769230769232 0.3157894736842105
itercount --------> 3
[7, 6, 0]
[7, 6, 1]
[7, 6, 2]
0.3157894736842105 0.3333333333333333
itercount --------> 4
[2, 7, 1]
0.3333333333333333 0.4090909090909091
itercount --------> 5
[2, 6, 3]
[2, 6, 1]
[2, 6, 4]
[2, 6, 5]
[2, 6, 0]
[2, 6, 7]
[2, 6, 3, 1]
0.4090909090909091 0.4166666666666667
itercount --------> 6
[1, 3, 6]
0.4166666666666667 0.42105263157894735
itercount --------> 7
[6, 7, 2]
0.42105263157894735 0.42857142857142855
itercount --------> 8
[6, 7, 2]
[6, 7, 4]
[6, 7, 5]
[6, 7, 0]
[6, 7, 3]
[6, 7, 1]
[6, 7, 2, 4]
[6, 7, 2, 5]
[6, 7, 2, 0]
[6, 7, 2, 3]
[6, 7, 2, 1]
[6, 7, 2, 4, 5]
[6, 7, 2, 4, 0]
0.42857142857142855 0.45
itercount --------> 9
[6, 4, 2]
[6, 4, 5]
[6, 4, 0]
[6, 4, 7]
[6, 4, 1]
[6, 4, 3]
[6, 4, 2, 5]
[6, 4, 2, 0]
[6, 4, 2, 7]
[6, 4, 2, 1]
[6, 4, 2, 3]
[6, 4, 2, 5, 0]
[6, 4, 2, 5, 7]
[6, 4, 2, 5, 1]
0.45 0.47368421052631576
itercount --------> 10
[6, 4, 0]
[6, 4, 7]
[6, 4, 5]
[6, 4, 1]
[6, 4, 2]
[6, 4, 3]
[6, 4, 0, 7]
[6, 4, 0, 5]
[6, 4, 0, 1]
0.47368421052631576 0.48
itercount --------> 11
[0, 4, 6]
[0, 4, 1]
[0, 4, 2]
[0, 4, 5]
[0, 4, 7]
[0, 4, 3]
[0, 4, 6, 1]
[0, 4, 6, 2]
[0, 4, 6, 5]
[0, 4, 6, 7]
[0, 4, 6, 3]
[0, 4, 6, 1, 2]
[0, 4, 6, 1, 5]
[0, 4, 6, 1, 7]
[0, 4, 6, 1, 3]
[0, 4, 6, 1, 2, 5]
[0, 4, 6, 1, 2, 7]
[0, 4, 6, 1, 2, 3]
[0, 4, 6, 1, 2, 5, 7]
[0, 4, 6, 1, 2, 5, 3]
[0, 4, 6, 1, 2, 5, 7, 3]
failed -> 18 times
after fail n ======> 5
[1, 2, 6, 5, 4]
0.10256410256410256 0.2222222222222222
itercount --------> 1
[6, 1, 2]
0.2222222222222222 0.34782608695652173
itercount --------> 2
[2, 3, 4]
[2, 3, 6]
0.34782608695652173 0.41935483870967744
itercount --------> 3
[2, 4, 3]
[2, 4, 6]
[2, 4, 5]
0.41935483870967744 0.4642857142857143
itercount --------> 4
[4, 2, 5]
0.4642857142857143 0.5652173913043478
itercount --------> 5
[4, 3, 1]
[4, 3, 2]
[4, 3, 5]
[4, 3, 6]
[4, 3, 0]
[4, 3, 7]
[4, 3, 1, 2]
[4, 3, 1, 5]
[4, 3, 1, 6]
[4, 3, 1, 0]
[4, 3, 1, 7]
[4, 3, 1, 2, 5]
[4, 3, 1, 2, 6]
[4, 3, 1, 2, 0]
[4, 3, 1, 2, 7]
[4, 3, 1, 2, 5, 6]
[4, 3, 1, 2, 5, 0]
[4, 3, 1, 2, 5, 7]
[4, 3, 1, 2, 5, 6, 0]
[4, 3, 1, 2, 5, 6, 7]
[4, 3, 1, 2, 5, 6, 0, 7]
failed -> 19 times
after fail n ======> 6
[1, 2, 6, 5, 4, 0]
0.10256410256410256 0.15789473684210525
itercount --------> 1
[6, 4, 3]
0.15789473684210525 0.20833333333333334
itercount --------> 2
[4, 6, 1]
0.20833333333333334 0.28
itercount --------> 3
[4, 6, 1]
[4, 6, 2]
[4, 6, 0]
[4, 6, 5]
0.28 0.3448275862068966
itercount --------> 4
[5, 0, 1]
0.3448275862068966 0.45
itercount --------> 5
[4, 5, 0]
0.45 0.47368421052631576
itercount --------> 6
[4, 0, 5]
[4, 0, 6]
0.47368421052631576 0.5
itercount --------> 7
[4, 0, 6]
[4, 0, 3]
[4, 0, 5]
[4, 0, 1]
[4, 0, 2]
[4, 0, 7]
[4, 0, 6, 3]
[4, 0, 6, 5]
0.5 0.5238095238095238
itercount --------> 8
[4, 0, 5]
[4, 0, 6]
[4, 0, 3]
[4, 0, 1]
[4, 0, 2]
[4, 0, 7]
[4, 0, 5, 6]
[4, 0, 5, 3]
[4, 0, 5, 1]
[4, 0, 5, 2]
[4, 0, 5, 7]
[4, 0, 5, 6, 3]
[4, 0, 5, 6, 1]
[4, 0, 5, 6, 2]
[4, 0, 5, 6, 7]
[4, 0, 5, 6, 3, 1]
[4, 0, 5, 6, 3, 2]
[4, 0, 5, 6, 3, 7]
[4, 0, 5, 6, 3, 1, 2]
[4, 0, 5, 6, 3, 1, 7]
[4, 0, 5, 6, 3, 1, 2, 7]
failed -> 20 times
after fail n ======> 7
[1, 2, 6, 5, 4, 0, 3]
0.10256410256410256 0.12162162162162163
itercount --------> 1
[1, 2, 0]
0.12162162162162163 0.20454545454545456
itercount --------> 2
[1, 2, 0]
[1, 2, 6]
0.20454545454545456 0.2571428571428571
itercount --------> 3
[1, 2, 4]
0.2571428571428571 0.36
itercount --------> 4
[0, 2, 6]
[0, 2, 3]
[0, 2, 4]
[0, 2, 5]
0.36 0.42857142857142855
itercount --------> 5
[0, 6, 3]
[0, 6, 2]
[0, 6, 5]
0.42857142857142855 0.47368421052631576
itercount --------> 6
[0, 4, 3]
[0, 4, 2]
[0, 4, 5]
[0, 4, 6]
[0, 4, 1]
0.47368421052631576 0.5
itercount --------> 7
[3, 0, 4]
[3, 0, 6]
[3, 0, 1]
[3, 0, 2]
[3, 0, 5]
[3, 0, 7]
[3, 0, 4, 6]
0.5 0.5238095238095238
itercount --------> 8
[4, 0, 3]
[4, 0, 6]
[4, 0, 5]
[4, 0, 1]
[4, 0, 2]
[4, 0, 7]
[4, 0, 3, 6]
[4, 0, 3, 5]
[4, 0, 3, 1]
[4, 0, 3, 2]
[4, 0, 3, 7]
[4, 0, 3, 6, 5]
[4, 0, 3, 6, 1]
[4, 0, 3, 6, 2]
[4, 0, 3, 6, 7]
[4, 0, 3, 6, 5, 1]
[4, 0, 3, 6, 5, 2]
[4, 0, 3, 6, 5, 7]
[4, 0, 3, 6, 5, 1, 2]
[4, 0, 3, 6, 5, 1, 7]
[4, 0, 3, 6, 5, 1, 2, 7]
failed -> 21 times
after fail n ======> 8
[1, 2, 6, 5, 4, 0, 3, 7]
0.10256410256410256 0.11538461538461539
itercount --------> 1
[6, 2, 1]
0.11538461538461539 0.15789473684210525
itercount --------> 2
[6, 4, 3]
0.15789473684210525 0.21739130434782608
itercount --------> 3
[6, 1, 2]
[6, 1, 4]
[6, 1, 0]
[6, 1, 5]
0.21739130434782608 0.2631578947368421
itercount --------> 4
[6, 4, 0]
[6, 4, 1]
[6, 4, 2]
[6, 4, 5]
[6, 4, 3]
[6, 4, 7]
[6, 4, 0, 1]
[6, 4, 0, 2]
[6, 4, 0, 5]
[6, 4, 0, 3]
[6, 4, 0, 7]
0.2631578947368421 0.2727272727272727
itercount --------> 5
[6, 7, 2]
0.2727272727272727 0.34782608695652173
itercount --------> 6
[6, 0, 7]
[6, 0, 4]
[6, 0, 1]
0.34782608695652173 0.38095238095238093
itercount --------> 7
[6, 2, 4]
[6, 2, 1]
0.38095238095238093 0.42105263157894735
itercount --------> 8
[6, 0, 4]
[6, 0, 7]
0.42105263157894735 0.4782608695652174
itercount --------> 9
[3, 0, 6]
[3, 0, 4]
[3, 0, 5]
[3, 0, 7]
[3, 0, 1]
[3, 0, 2]
[3, 0, 6, 4]
[3, 0, 6, 5]
0.4782608695652174 0.5
itercount --------> 10
[3, 6, 0]
[3, 6, 4]
[3, 6, 5]
[3, 6, 7]
[3, 6, 1]
[3, 6, 2]
[3, 6, 0, 4]
[3, 6, 0, 5]
[3, 6, 0, 7]
[3, 6, 0, 1]
[3, 6, 0, 2]
[3, 6, 0, 4, 5]
[3, 6, 0, 4, 7]
[3, 6, 0, 4, 1]
[3, 6, 0, 4, 2]
[3, 6, 0, 4, 5, 7]
[3, 6, 0, 4, 5, 1]
[3, 6, 0, 4, 5, 2]
0.5 0.5238095238095238
itercount --------> 11
[3, 0, 6]
[3, 0, 1]
[3, 0, 2]
[3, 0, 4]
[3, 0, 5]
[3, 0, 7]
[3, 0, 6, 1]
[3, 0, 6, 2]
[3, 0, 6, 4]
[3, 0, 6, 5]
[3, 0, 6, 7]
[3, 0, 6, 1, 2]
[3, 0, 6, 1, 4]
[3, 0, 6, 1, 5]
[3, 0, 6, 1, 7]
[3, 0, 6, 1, 2, 4]
[3, 0, 6, 1, 2, 5]
[3, 0, 6, 1, 2, 7]
[3, 0, 6, 1, 2, 4, 5]
[3, 0, 6, 1, 2, 4, 7]
[3, 0, 6, 1, 2, 4, 5, 7]
failed -> 22 times
after fail n ======> 5
[1, 2, 6, 5, 4]
0.10256410256410256 0.12162162162162163
itercount --------> 1
[1, 2, 5]
[1, 2, 4]
0.12162162162162163 0.1276595744680851
itercount --------> 2
[1, 2, 4]
[1, 2, 5]
0.1276595744680851 0.18181818181818182
itercount --------> 3
[2, 4, 5]
0.18181818181818182 0.21621621621621623
itercount --------> 4
[2, 5, 4]
[2, 5, 6]
0.21621621621621623 0.2222222222222222
itercount --------> 5
[6, 4, 5]
0.2222222222222222 0.35294117647058826
itercount --------> 6
[4, 6, 3]
0.35294117647058826 0.36363636363636365
itercount --------> 7
[4, 3, 6]
0.36363636363636365 0.4090909090909091
itercount --------> 8
[6, 4, 0]
0.4090909090909091 0.41379310344827586
itercount --------> 9
[0, 1, 6]
0.41379310344827586 0.47368421052631576
itercount --------> 10
[0, 1, 6]
[0, 1, 4]
[0, 1, 5]
[0, 1, 3]
[0, 1, 2]
0.47368421052631576 0.5
itercount --------> 11
[0, 4, 3]
[0, 4, 6]
0.5 0.5238095238095238
itercount --------> 12
[4, 0, 3]
[4, 0, 6]
[4, 0, 5]
[4, 0, 1]
[4, 0, 2]
[4, 0, 7]
[4, 0, 3, 6]
[4, 0, 3, 5]
[4, 0, 3, 1]
[4, 0, 3, 2]
[4, 0, 3, 7]
[4, 0, 3, 6, 5]
[4, 0, 3, 6, 1]
[4, 0, 3, 6, 2]
[4, 0, 3, 6, 7]
[4, 0, 3, 6, 5, 1]
[4, 0, 3, 6, 5, 2]
[4, 0, 3, 6, 5, 7]
[4, 0, 3, 6, 5, 1, 2]
[4, 0, 3, 6, 5, 1, 7]
[4, 0, 3, 6, 5, 1, 2, 7]
failed -> 23 times
after fail n ======> 6
[1, 2, 6, 5, 4, 0]
0.10256410256410256 0.11538461538461539
itercount --------> 1
[6, 1, 2]
0.11538461538461539 0.14634146341463414
itercount --------> 2
[1, 2, 4]
[1, 2, 6]
0.14634146341463414 0.15789473684210525
itercount --------> 3
[2, 1, 6]
0.15789473684210525 0.24
itercount --------> 4
[1, 2, 4]
[1, 2, 5]
[1, 2, 6]
0.24 0.3
itercount --------> 5
[2, 1, 4]
[2, 1, 5]
0.3 0.391304347826087
itercount --------> 6
[2, 3, 4]
[2, 3, 0]
0.391304347826087 0.47368421052631576
itercount --------> 7
[3, 4, 0]
[3, 4, 1]
[3, 4, 2]
[3, 4, 5]
[3, 4, 6]
[3, 4, 7]
[3, 4, 0, 1]
0.47368421052631576 0.5
itercount --------> 8
[3, 0, 4]
[3, 0, 6]
[3, 0, 1]
[3, 0, 2]
[3, 0, 5]
[3, 0, 7]
[3, 0, 4, 6]
[3, 0, 4, 1]
[3, 0, 4, 2]
[3, 0, 4, 5]
[3, 0, 4, 7]
[3, 0, 4, 6, 1]
[3, 0, 4, 6, 2]
[3, 0, 4, 6, 5]
[3, 0, 4, 6, 7]
[3, 0, 4, 6, 1, 2]
0.5 0.5238095238095238
itercount --------> 9
[4, 0, 3]
[4, 0, 6]
[4, 0, 5]
[4, 0, 1]
[4, 0, 2]
[4, 0, 7]
[4, 0, 3, 6]
[4, 0, 3, 5]
[4, 0, 3, 1]
[4, 0, 3, 2]
[4, 0, 3, 7]
[4, 0, 3, 6, 5]
[4, 0, 3, 6, 1]
[4, 0, 3, 6, 2]
[4, 0, 3, 6, 7]
[4, 0, 3, 6, 5, 1]
[4, 0, 3, 6, 5, 2]
[4, 0, 3, 6, 5, 7]
[4, 0, 3, 6, 5, 1, 2]
[4, 0, 3, 6, 5, 1, 7]
[4, 0, 3, 6, 5, 1, 2, 7]
failed -> 24 times
after fail n ======> 7
[1, 2, 6, 5, 4, 0, 3]
0.10256410256410256 0.11538461538461539
itercount --------> 1
[6, 2, 1]
0.11538461538461539 0.15789473684210525
itercount --------> 2
[6, 4, 3]
0.15789473684210525 0.21739130434782608
itercount --------> 3
[6, 1, 2]
[6, 1, 4]
[6, 1, 0]
[6, 1, 5]
0.21739130434782608 0.2631578947368421
itercount --------> 4
[6, 4, 0]
[6, 4, 1]
[6, 4, 2]
[6, 4, 5]
[6, 4, 3]
[6, 4, 7]
[6, 4, 0, 1]
[6, 4, 0, 2]
[6, 4, 0, 5]
[6, 4, 0, 3]
[6, 4, 0, 7]
[6, 4, 0, 1, 2]
[6, 4, 0, 1, 5]
0.2631578947368421 0.3023255813953488
itercount --------> 5
[2, 1, 3]
[2, 1, 4]
0.3023255813953488 0.3793103448275862
itercount --------> 6
[1, 2, 3]
0.3793103448275862 0.48148148148148145
itercount --------> 7
[1, 4, 5]
0.48148148148148145 0.5652173913043478
itercount --------> 8
[4, 5, 3]
[4, 5, 6]
[4, 5, 1]
[4, 5, 7]
[4, 5, 0]
[4, 5, 2]
[4, 5, 3, 6]
[4, 5, 3, 1]
[4, 5, 3, 7]
[4, 5, 3, 0]
[4, 5, 3, 2]
[4, 5, 3, 6, 1]
[4, 5, 3, 6, 7]
[4, 5, 3, 6, 0]
[4, 5, 3, 6, 2]
[4, 5, 3, 6, 1, 7]
[4, 5, 3, 6, 1, 0]
[4, 5, 3, 6, 1, 2]
[4, 5, 3, 6, 1, 7, 0]
[4, 5, 3, 6, 1, 7, 2]
[4, 5, 3, 6, 1, 7, 0, 2]
failed -> 25 times
after fail n ======> 8
[1, 2, 6, 5, 4, 0, 3, 7]
0.10256410256410256 0.16
itercount --------> 1
[2, 6, 1]
0.16 0.2222222222222222
itercount --------> 2
[6, 1, 2]
0.2222222222222222 0.34782608695652173
itercount --------> 3
[2, 3, 4]
[2, 3, 6]
[2, 3, 7]
[2, 3, 0]
0.34782608695652173 0.391304347826087
itercount --------> 4
[6, 0, 2]
[6, 0, 4]
[6, 0, 3]
[6, 0, 5]
0.391304347826087 0.42105263157894735
itercount --------> 5
[6, 4, 0]
[6, 4, 5]
[6, 4, 7]
[6, 4, 1]
[6, 4, 2]
[6, 4, 3]
[6, 4, 0, 5]
[6, 4, 0, 7]
[6, 4, 0, 1]
[6, 4, 0, 2]
[6, 4, 0, 3]
0.42105263157894735 0.5
itercount --------> 6
[3, 0, 4]
[3, 0, 6]
[3, 0, 1]
[3, 0, 2]
[3, 0, 5]
[3, 0, 7]
[3, 0, 4, 6]
[3, 0, 4, 1]
[3, 0, 4, 2]
[3, 0, 4, 5]
[3, 0, 4, 7]
[3, 0, 4, 6, 1]
[3, 0, 4, 6, 2]
[3, 0, 4, 6, 5]
0.5 0.5238095238095238
itercount --------> 7
[4, 0, 3]
[4, 0, 6]
[4, 0, 5]
[4, 0, 1]
[4, 0, 2]
[4, 0, 7]
[4, 0, 3, 6]
[4, 0, 3, 5]
[4, 0, 3, 1]
[4, 0, 3, 2]
[4, 0, 3, 7]
[4, 0, 3, 6, 5]
[4, 0, 3, 6, 1]
[4, 0, 3, 6, 2]
[4, 0, 3, 6, 7]
[4, 0, 3, 6, 5, 1]
[4, 0, 3, 6, 5, 2]
[4, 0, 3, 6, 5, 7]
[4, 0, 3, 6, 5, 1, 2]
[4, 0, 3, 6, 5, 1, 7]
[4, 0, 3, 6, 5, 1, 2, 7]
failed -> 26 times
after fail n ======> 5
[1, 2, 6, 5, 4]
0.10256410256410256 0.11538461538461539
itercount --------> 1
[2, 5, 6]
[2, 5, 1]
0.11538461538461539 0.125
itercount --------> 2
[5, 1, 2]
[5, 1, 6]
0.125 0.15789473684210525
itercount --------> 3
[5, 6, 4]
[5, 6, 3]
[5, 6, 1]
0.15789473684210525 0.2608695652173913
itercount --------> 4
[5, 4, 6]
0.2608695652173913 0.2857142857142857
itercount --------> 5
[4, 7, 0]
0.2857142857142857 0.36
itercount --------> 6
[4, 0, 5]
[4, 0, 1]
[4, 0, 2]
[4, 0, 3]
[4, 0, 6]
0.36 0.36363636363636365
itercount --------> 7
[1, 2, 0]
0.36363636363636365 0.42857142857142855
itercount --------> 8
[0, 1, 2]
[0, 1, 5]
[0, 1, 4]
[0, 1, 3]
[0, 1, 6]
[0, 1, 7]
0.42857142857142855 0.43478260869565216
itercount --------> 9
[0, 3, 1]
0.43478260869565216 0.47619047619047616
itercount --------> 10
[4, 0, 1]
[4, 0, 2]
[4, 0, 6]
[4, 0, 3]
[4, 0, 5]
[4, 0, 7]
[4, 0, 1, 2]
[4, 0, 1, 6]
[4, 0, 1, 3]
[4, 0, 1, 5]
[4, 0, 1, 7]
[4, 0, 1, 2, 6]
[4, 0, 1, 2, 3]
[4, 0, 1, 2, 5]
[4, 0, 1, 2, 7]
[4, 0, 1, 2, 6, 3]
[4, 0, 1, 2, 6, 5]
[4, 0, 1, 2, 6, 7]
[4, 0, 1, 2, 6, 3, 5]
0.47619047619047616 0.5
itercount --------> 11
[4, 6, 0]
[4, 6, 5]
[4, 6, 1]
[4, 6, 2]
[4, 6, 3]
[4, 6, 7]
[4, 6, 0, 5]
0.5 0.5238095238095238
itercount --------> 12
[4, 0, 3]
[4, 0, 6]
[4, 0, 5]
[4, 0, 1]
[4, 0, 2]
[4, 0, 7]
[4, 0, 3, 6]
[4, 0, 3, 5]
[4, 0, 3, 1]
[4, 0, 3, 2]
[4, 0, 3, 7]
[4, 0, 3, 6, 5]
[4, 0, 3, 6, 1]
[4, 0, 3, 6, 2]
[4, 0, 3, 6, 7]
[4, 0, 3, 6, 5, 1]
[4, 0, 3, 6, 5, 2]
0.5238095238095238 0.5454545454545454
itercount --------> 13
[4, 0, 3]
[4, 0, 5]
0.5454545454545454 0.5714285714285714
itercount --------> 14
[4, 0, 3]
[4, 0, 5]
[4, 0, 6]
[4, 0, 1]
[4, 0, 2]
[4, 0, 7]
[4, 0, 3, 5]
[4, 0, 3, 6]
[4, 0, 3, 1]
[4, 0, 3, 2]
[4, 0, 3, 7]
[4, 0, 3, 5, 6]
[4, 0, 3, 5, 1]
[4, 0, 3, 5, 2]
[4, 0, 3, 5, 7]
[4, 0, 3, 5, 6, 1]
[4, 0, 3, 5, 6, 2]
[4, 0, 3, 5, 6, 7]
[4, 0, 3, 5, 6, 1, 2]
[4, 0, 3, 5, 6, 1, 7]
[4, 0, 3, 5, 6, 1, 2, 7]
failed -> 27 times
after fail n ======> 6
[1, 2, 6, 5, 4, 0]
0.10256410256410256 0.225
itercount --------> 1
[1, 2, 0]
0.225 0.36
itercount --------> 2
[0, 1, 2]
0.36 0.391304347826087
itercount --------> 3
[1, 2, 4]
[1, 2, 0]
[1, 2, 5]
0.391304347826087 0.47368421052631576
itercount --------> 4
[0, 4, 3]
[0, 4, 1]
0.47368421052631576 0.5
itercount --------> 5
[3, 0, 4]
[3, 0, 6]
[3, 0, 1]
[3, 0, 2]
[3, 0, 5]
[3, 0, 7]
[3, 0, 4, 6]
[3, 0, 4, 1]
[3, 0, 4, 2]
[3, 0, 4, 5]
[3, 0, 4, 7]
[3, 0, 4, 6, 1]
[3, 0, 4, 6, 2]
[3, 0, 4, 6, 5]
[3, 0, 4, 6, 7]
[3, 0, 4, 6, 1, 2]
0.5 0.5238095238095238
itercount --------> 6
[4, 0, 3]
[4, 0, 6]
[4, 0, 5]
[4, 0, 1]
[4, 0, 2]
[4, 0, 7]
[4, 0, 3, 6]
[4, 0, 3, 5]
[4, 0, 3, 1]
[4, 0, 3, 2]
[4, 0, 3, 7]
[4, 0, 3, 6, 5]
[4, 0, 3, 6, 1]
[4, 0, 3, 6, 2]
[4, 0, 3, 6, 7]
[4, 0, 3, 6, 5, 1]
[4, 0, 3, 6, 5, 2]
[4, 0, 3, 6, 5, 7]
[4, 0, 3, 6, 5, 1, 2]
[4, 0, 3, 6, 5, 1, 7]
[4, 0, 3, 6, 5, 1, 2, 7]
failed -> 28 times
after fail n ======> 7
[1, 2, 6, 5, 4, 0, 3]
0.10256410256410256 0.13636363636363635
itercount --------> 1
[2, 6, 1]
[2, 6, 3]
0.13636363636363635 0.15
itercount --------> 2
[6, 3, 1]
0.15 0.1875
itercount --------> 3
[1, 2, 0]
[1, 2, 5]
[1, 2, 3]
[1, 2, 6]
[1, 2, 7]
[1, 2, 4]
[1, 2, 0, 5]
[1, 2, 0, 3]
0.1875 0.22727272727272727
itercount --------> 4
[6, 1, 4]
0.22727272727272727 0.23809523809523808
itercount --------> 5
[6, 1, 4]
[6, 1, 0]
0.23809523809523808 0.2631578947368421
itercount --------> 6
[6, 4, 0]
[6, 4, 1]
[6, 4, 2]
[6, 4, 5]
[6, 4, 3]
[6, 4, 7]
[6, 4, 0, 1]
0.2631578947368421 0.2692307692307692
itercount --------> 7
[6, 4, 0]
[6, 4, 1]
[6, 4, 2]
[6, 4, 5]
[6, 4, 3]
[6, 4, 7]
[6, 4, 0, 1]
0.2692307692307692 0.30434782608695654
itercount --------> 8
[4, 6, 0]
[4, 6, 2]
[4, 6, 1]
[4, 6, 5]
[4, 6, 3]
[4, 6, 7]
[4, 6, 0, 2]
0.30434782608695654 0.3181818181818182
itercount --------> 9
[6, 2, 0]
[6, 2, 4]
[6, 2, 1]
0.3181818181818182 0.3684210526315789
itercount --------> 10
[6, 4, 0]
[6, 4, 5]
[6, 4, 1]
[6, 4, 2]
[6, 4, 3]
[6, 4, 7]
[6, 4, 0, 5]
[6, 4, 0, 1]
[6, 4, 0, 2]
0.3684210526315789 0.4117647058823529
itercount --------> 11
[6, 4, 0]
[6, 4, 1]
0.4117647058823529 0.42105263157894735
itercount --------> 12
[6, 4, 0]
[6, 4, 5]
[6, 4, 7]
[6, 4, 1]
[6, 4, 2]
[6, 4, 3]
[6, 4, 0, 5]
[6, 4, 0, 7]
[6, 4, 0, 1]
[6, 4, 0, 2]
[6, 4, 0, 3]
[6, 4, 0, 5, 7]
[6, 4, 0, 5, 1]
[6, 4, 0, 5, 2]
0.42105263157894735 0.4375
itercount --------> 13
[0, 5, 1]
[0, 5, 2]
[0, 5, 3]
0.4375 0.5
itercount --------> 14
[3, 0, 4]
[3, 0, 6]
[3, 0, 1]
[3, 0, 2]
[3, 0, 5]
[3, 0, 7]
[3, 0, 4, 6]
[3, 0, 4, 1]
[3, 0, 4, 2]
[3, 0, 4, 5]
[3, 0, 4, 7]
[3, 0, 4, 6, 1]
[3, 0, 4, 6, 2]
[3, 0, 4, 6, 5]
0.5 0.5238095238095238
itercount --------> 15
[4, 0, 3]
[4, 0, 6]
[4, 0, 5]
[4, 0, 1]
[4, 0, 2]
[4, 0, 7]
[4, 0, 3, 6]
[4, 0, 3, 5]
[4, 0, 3, 1]
[4, 0, 3, 2]
[4, 0, 3, 7]
[4, 0, 3, 6, 5]
[4, 0, 3, 6, 1]
[4, 0, 3, 6, 2]
[4, 0, 3, 6, 7]
[4, 0, 3, 6, 5, 1]
[4, 0, 3, 6, 5, 2]
[4, 0, 3, 6, 5, 7]
[4, 0, 3, 6, 5, 1, 2]
[4, 0, 3, 6, 5, 1, 7]
[4, 0, 3, 6, 5, 1, 2, 7]
failed -> 29 times
after fail n ======> 8
[1, 2, 6, 5, 4, 0, 3, 7]
0.10256410256410256 0.11538461538461539
itercount --------> 1
[4, 7, 1]
[4, 7, 6]
0.11538461538461539 0.16666666666666666
itercount --------> 2
[1, 2, 0]
0.16666666666666666 0.25
itercount --------> 3
[1, 2, 0]
[1, 2, 5]
[1, 2, 3]
0.25 0.3157894736842105
itercount --------> 4
[6, 4, 0]
[6, 4, 5]
0.3157894736842105 0.35
itercount --------> 5
[6, 4, 0]
[6, 4, 5]
[6, 4, 7]
[6, 4, 3]
[6, 4, 1]
[6, 4, 2]
[6, 4, 0, 5]
0.35 0.3684210526315789
itercount --------> 6
[6, 4, 0]
[6, 4, 7]
[6, 4, 5]
[6, 4, 1]
[6, 4, 2]
[6, 4, 3]
[6, 4, 0, 7]
[6, 4, 0, 5]
[6, 4, 0, 1]
[6, 4, 0, 2]
[6, 4, 0, 3]
0.3684210526315789 0.42105263157894735
itercount --------> 7
[6, 0, 4]
[6, 0, 7]
[6, 0, 5]
[6, 0, 1]
[6, 0, 2]
[6, 0, 3]
[6, 0, 4, 7]
[6, 0, 4, 5]
[6, 0, 4, 1]
[6, 0, 4, 2]
[6, 0, 4, 3]
[6, 0, 4, 7, 5]
[6, 0, 4, 7, 1]
[6, 0, 4, 7, 2]
[6, 0, 4, 7, 3]
[6, 0, 4, 7, 5, 1]
[6, 0, 4, 7, 5, 2]
[6, 0, 4, 7, 5, 3]
[6, 0, 4, 7, 5, 1, 2]
[6, 0, 4, 7, 5, 1, 3]
[6, 0, 4, 7, 5, 1, 2, 3]
failed -> 30 times
after fail n ======> 5
[1, 2, 6, 5, 4]
0.10256410256410256 0.2222222222222222
itercount --------> 1
[6, 1, 2]
0.2222222222222222 0.34782608695652173
itercount --------> 2
[2, 3, 4]
[2, 3, 6]
[2, 3, 7]
[2, 3, 0]
[2, 3, 1]
[2, 3, 5]
[2, 3, 4, 6]
0.34782608695652173 0.36
itercount --------> 3
[2, 1, 6]
0.36 0.375
itercount --------> 4
[4, 3, 2]
[4, 3, 6]
[4, 3, 7]
[4, 3, 0]
[4, 3, 1]
[4, 3, 5]
[4, 3, 2, 6]
[4, 3, 2, 7]
[4, 3, 2, 0]
[4, 3, 2, 1]
0.375 0.38095238095238093
itercount --------> 5
[3, 4, 6]
[3, 4, 7]
[3, 4, 1]
0.38095238095238093 0.42857142857142855
itercount --------> 6
[4, 3, 7]
[4, 3, 6]
[4, 3, 0]
[4, 3, 1]
[4, 3, 2]
[4, 3, 5]
[4, 3, 7, 6]
0.42857142857142855 0.5238095238095238
itercount --------> 7
[4, 3, 7]
[4, 3, 1]
0.5238095238095238 0.5789473684210527
itercount --------> 8
[1, 2, 4]
[1, 2, 5]
[1, 2, 0]
[1, 2, 3]
[1, 2, 7]
[1, 2, 6]
[1, 2, 4, 5]
[1, 2, 4, 0]
[1, 2, 4, 3]
[1, 2, 4, 7]
[1, 2, 4, 6]
[1, 2, 4, 5, 0]
[1, 2, 4, 5, 3]
[1, 2, 4, 5, 7]
[1, 2, 4, 5, 6]
[1, 2, 4, 5, 0, 3]
0.5789473684210527 0.6111111111111112
itercount --------> 9
[0, 4, 7]
[0, 4, 1]
[0, 4, 2]
[0, 4, 3]
[0, 4, 5]
[0, 4, 6]
[0, 4, 7, 1]
[0, 4, 7, 2]
[0, 4, 7, 3]
[0, 4, 7, 5]
[0, 4, 7, 6]
[0, 4, 7, 1, 2]
[0, 4, 7, 1, 3]
[0, 4, 7, 1, 5]
[0, 4, 7, 1, 6]
[0, 4, 7, 1, 2, 3]
[0, 4, 7, 1, 2, 5]
[0, 4, 7, 1, 2, 6]
[0, 4, 7, 1, 2, 3, 5]
[0, 4, 7, 1, 2, 3, 6]
[0, 4, 7, 1, 2, 3, 5, 6]
failed -> 31 times
after fail n ======> 6
[1, 2, 6, 5, 4, 0]
0.10256410256410256 0.13636363636363635
itercount --------> 1
[6, 1, 2]
0.13636363636363635 0.17647058823529413
itercount --------> 2
[6, 3, 4]
0.17647058823529413 0.2631578947368421
itercount --------> 3
[6, 4, 0]
[6, 4, 1]
[6, 4, 2]
[6, 4, 5]
[6, 4, 3]
[6, 4, 7]
[6, 4, 0, 1]
[6, 4, 0, 2]
[6, 4, 0, 5]
0.2631578947368421 0.36666666666666664
itercount --------> 4
[6, 0, 4]
[6, 0, 5]
0.36666666666666664 0.5
itercount --------> 5
[0, 6, 4]
[0, 6, 5]
[0, 6, 3]
[0, 6, 1]
0.5 0.5238095238095238
itercount --------> 6
[4, 0, 3]
[4, 0, 6]
[4, 0, 5]
[4, 0, 1]
[4, 0, 2]
[4, 0, 7]
[4, 0, 3, 6]
[4, 0, 3, 5]
[4, 0, 3, 1]
[4, 0, 3, 2]
[4, 0, 3, 7]
[4, 0, 3, 6, 5]
[4, 0, 3, 6, 1]
[4, 0, 3, 6, 2]
[4, 0, 3, 6, 7]
[4, 0, 3, 6, 5, 1]
[4, 0, 3, 6, 5, 2]
[4, 0, 3, 6, 5, 7]
[4, 0, 3, 6, 5, 1, 2]
[4, 0, 3, 6, 5, 1, 7]
[4, 0, 3, 6, 5, 1, 2, 7]
failed -> 32 times
after fail n ======> 7
[1, 2, 6, 5, 4, 0, 3]
0.10256410256410256 0.12162162162162163
itercount --------> 1
[1, 2, 5]
0.12162162162162163 0.225
itercount --------> 2
[1, 2, 5]
0.225 0.34782608695652173
itercount --------> 3
[4, 5, 6]
[4, 5, 1]
0.34782608695652173 0.36363636363636365
itercount --------> 4
[1, 2, 4]
[1, 2, 5]
[1, 2, 7]
0.36363636363636365 0.38095238095238093
itercount --------> 5
[1, 2, 4]
0.38095238095238093 0.4
itercount --------> 6
[4, 1, 7]
[4, 1, 0]
[4, 1, 3]
[4, 1, 6]
[4, 1, 5]
[4, 1, 2]
[4, 1, 7, 0]
[4, 1, 7, 3]
[4, 1, 7, 6]
0.4 0.45
itercount --------> 7
[6, 1, 3]
0.45 0.45454545454545453
itercount --------> 8
[4, 6, 1]
[4, 6, 3]
[4, 6, 5]
[4, 6, 0]
[4, 6, 7]
0.45454545454545453 0.5416666666666666
itercount --------> 9
[4, 1, 3]
[4, 1, 5]
[4, 1, 6]
[4, 1, 0]
[4, 1, 2]
[4, 1, 7]
[4, 1, 3, 5]
[4, 1, 3, 6]
[4, 1, 3, 0]
[4, 1, 3, 2]
[4, 1, 3, 7]
[4, 1, 3, 5, 6]
[4, 1, 3, 5, 0]
[4, 1, 3, 5, 2]
[4, 1, 3, 5, 7]
[4, 1, 3, 5, 6, 0]
0.5416666666666666 0.5652173913043478
itercount --------> 10
[4, 1, 3]
[4, 1, 5]
[4, 1, 6]
[4, 1, 0]
[4, 1, 7]
[4, 1, 2]
[4, 1, 3, 5]
[4, 1, 3, 6]
[4, 1, 3, 0]
[4, 1, 3, 7]
[4, 1, 3, 2]
[4, 1, 3, 5, 6]
[4, 1, 3, 5, 0]
[4, 1, 3, 5, 7]
[4, 1, 3, 5, 2]
[4, 1, 3, 5, 6, 0]
[4, 1, 3, 5, 6, 7]
[4, 1, 3, 5, 6, 2]
[4, 1, 3, 5, 6, 0, 7]
[4, 1, 3, 5, 6, 0, 2]
[4, 1, 3, 5, 6, 0, 7, 2]
failed -> 33 times
after fail n ======> 8
[1, 2, 6, 5, 4, 0, 3, 7]
0.10256410256410256 0.13636363636363635
itercount --------> 1
[2, 6, 1]
0.13636363636363635 0.17647058823529413
itercount --------> 2
[1, 2, 6]
0.17647058823529413 0.1875
itercount --------> 3
[1, 2, 0]
[1, 2, 5]
[1, 2, 3]
0.1875 0.22727272727272727
itercount --------> 4
[6, 4, 0]
[6, 4, 1]
[6, 4, 2]
0.22727272727272727 0.23809523809523808
itercount --------> 5
[6, 4, 0]
0.23809523809523808 0.2692307692307692
itercount --------> 6
[6, 1, 2]
[6, 1, 4]
[6, 1, 0]
[6, 1, 5]
[6, 1, 3]
0.2692307692307692 0.2777777777777778
itercount --------> 7
[4, 1, 2]
[4, 1, 6]
[4, 1, 0]
0.2777777777777778 0.29411764705882354
itercount --------> 8
[4, 6, 0]
[4, 6, 1]
[4, 6, 2]
[4, 6, 3]
0.29411764705882354 0.3181818181818182
itercount --------> 9
[4, 2, 0]
[4, 2, 6]
[4, 2, 3]
[4, 2, 5]
[4, 2, 1]
[4, 2, 7]
[4, 2, 0, 6]
0.3181818181818182 0.35
itercount --------> 10
[4, 6, 0]
0.35 0.5
itercount --------> 11
[0, 4, 3]
[0, 4, 6]
[0, 4, 1]
[0, 4, 2]
[0, 4, 5]
[0, 4, 7]
[0, 4, 3, 6]
0.5 0.5238095238095238
itercount --------> 12
[4, 0, 3]
[4, 0, 6]
[4, 0, 5]
[4, 0, 1]
[4, 0, 2]
[4, 0, 7]
[4, 0, 3, 6]
[4, 0, 3, 5]
[4, 0, 3, 1]
[4, 0, 3, 2]
[4, 0, 3, 7]
[4, 0, 3, 6, 5]
[4, 0, 3, 6, 1]
[4, 0, 3, 6, 2]
[4, 0, 3, 6, 7]
[4, 0, 3, 6, 5, 1]
[4, 0, 3, 6, 5, 2]
[4, 0, 3, 6, 5, 7]
[4, 0, 3, 6, 5, 1, 2]
[4, 0, 3, 6, 5, 1, 7]
[4, 0, 3, 6, 5, 1, 2, 7]
failed -> 34 times
after fail n ======> 5
[1, 2, 6, 5, 4]
0.10256410256410256 0.125
itercount --------> 1
[1, 2, 5]
0.125 0.20512820512820512
itercount --------> 2
[2, 1, 4]
0.20512820512820512 0.2857142857142857
itercount --------> 3
[4, 1, 0]
0.2857142857142857 0.35294117647058826
itercount --------> 4
[4, 6, 0]
0.35294117647058826 0.4
itercount --------> 5
[0, 3, 4]
[0, 3, 6]
[0, 3, 1]
[0, 3, 2]
[0, 3, 5]
0.4 0.4444444444444444
itercount --------> 6
[3, 4, 0]
[3, 4, 6]
0.4444444444444444 0.47368421052631576
itercount --------> 7
[0, 4, 3]
[0, 4, 1]
[0, 4, 5]
0.47368421052631576 0.5
itercount --------> 8
[3, 0, 4]
[3, 0, 6]
[3, 0, 1]
[3, 0, 2]
[3, 0, 5]
[3, 0, 7]
[3, 0, 4, 6]
0.5 0.5238095238095238
itercount --------> 9
[4, 0, 3]
[4, 0, 6]
[4, 0, 5]
[4, 0, 1]
[4, 0, 2]
[4, 0, 7]
[4, 0, 3, 6]
[4, 0, 3, 5]
[4, 0, 3, 1]
[4, 0, 3, 2]
[4, 0, 3, 7]
[4, 0, 3, 6, 5]
[4, 0, 3, 6, 1]
[4, 0, 3, 6, 2]
[4, 0, 3, 6, 7]
[4, 0, 3, 6, 5, 1]
[4, 0, 3, 6, 5, 2]
[4, 0, 3, 6, 5, 7]
[4, 0, 3, 6, 5, 1, 2]
[4, 0, 3, 6, 5, 1, 7]
[4, 0, 3, 6, 5, 1, 2, 7]
failed -> 35 times
after fail n ======> 6
[1, 2, 6, 5, 4, 0]
0.10256410256410256 0.11538461538461539
itercount --------> 1
[6, 1, 2]
0.11538461538461539 0.15789473684210525
itercount --------> 2
[6, 4, 3]
[6, 4, 5]
0.15789473684210525 0.17647058823529413
itercount --------> 3
[6, 3, 4]
0.17647058823529413 0.2631578947368421
itercount --------> 4
[6, 4, 0]
0.2631578947368421 0.3793103448275862
itercount --------> 5
[6, 0, 1]
[6, 0, 2]
0.3793103448275862 0.4230769230769231
itercount --------> 6
[0, 4, 1]
[0, 4, 2]
0.4230769230769231 0.44
itercount --------> 7
[4, 0, 1]
[4, 0, 2]
[4, 0, 6]
[4, 0, 3]
[4, 0, 5]
[4, 0, 7]
[4, 0, 1, 2]
[4, 0, 1, 6]
[4, 0, 1, 3]
[4, 0, 1, 5]
0.44 0.5238095238095238
itercount --------> 8
[4, 0, 3]
[4, 0, 6]
[4, 0, 5]
[4, 0, 1]
[4, 0, 2]
[4, 0, 7]
[4, 0, 3, 6]
[4, 0, 3, 5]
[4, 0, 3, 1]
[4, 0, 3, 2]
[4, 0, 3, 7]
[4, 0, 3, 6, 5]
[4, 0, 3, 6, 1]
[4, 0, 3, 6, 2]
[4, 0, 3, 6, 7]
[4, 0, 3, 6, 5, 1]
[4, 0, 3, 6, 5, 2]
[4, 0, 3, 6, 5, 7]
[4, 0, 3, 6, 5, 1, 2]
[4, 0, 3, 6, 5, 1, 7]
[4, 0, 3, 6, 5, 1, 2, 7]
failed -> 36 times
after fail n ======> 7
[1, 2, 6, 5, 4, 0, 3]
0.10256410256410256 0.125
itercount --------> 1
[1, 2, 5]
0.125 0.34782608695652173
itercount --------> 2
[1, 3, 4]
[1, 3, 6]
[1, 3, 7]
[1, 3, 0]
[1, 3, 2]
0.34782608695652173 0.42105263157894735
itercount --------> 3
[4, 7, 0]
[4, 7, 3]
[4, 7, 1]
[4, 7, 2]
[4, 7, 6]
0.42105263157894735 0.47368421052631576
itercount --------> 4
[6, 3, 0]
0.47368421052631576 0.47619047619047616
itercount --------> 5
[4, 6, 3]
[4, 6, 1]
[4, 6, 2]
[4, 6, 5]
[4, 6, 0]
[4, 6, 7]
0.47619047619047616 0.5652173913043478
itercount --------> 6
[4, 3, 1]
[4, 3, 2]
[4, 3, 5]
[4, 3, 6]
[4, 3, 0]
[4, 3, 7]
[4, 3, 1, 2]
[4, 3, 1, 5]
[4, 3, 1, 6]
[4, 3, 1, 0]
[4, 3, 1, 7]
[4, 3, 1, 2, 5]
[4, 3, 1, 2, 6]
[4, 3, 1, 2, 0]
[4, 3, 1, 2, 7]
[4, 3, 1, 2, 5, 6]
[4, 3, 1, 2, 5, 0]
[4, 3, 1, 2, 5, 7]
[4, 3, 1, 2, 5, 6, 0]
[4, 3, 1, 2, 5, 6, 7]
[4, 3, 1, 2, 5, 6, 0, 7]
failed -> 37 times
after fail n ======> 8
[1, 2, 6, 5, 4, 0, 3, 7]
0.10256410256410256 0.11538461538461539
itercount --------> 1
[0, 2, 1]
0.11538461538461539 0.15789473684210525
itercount --------> 2
[6, 1, 2]
[6, 1, 5]
0.15789473684210525 0.1875
itercount --------> 3
[0, 1, 2]
[0, 1, 5]
[0, 1, 7]
0.1875 0.23529411764705882
itercount --------> 4
[6, 3, 7]
0.23529411764705882 0.3888888888888889
itercount --------> 5
[7, 6, 0]
0.3888888888888889 0.42105263157894735
itercount --------> 6
[6, 0, 4]
[6, 0, 7]
[6, 0, 5]
0.42105263157894735 0.42857142857142855
itercount --------> 7
[6, 7, 4]
[6, 7, 5]
[6, 7, 3]
[6, 7, 0]
[6, 7, 1]
[6, 7, 2]
[6, 7, 4, 5]
[6, 7, 4, 3]
[6, 7, 4, 0]
[6, 7, 4, 1]
[6, 7, 4, 2]
[6, 7, 4, 5, 3]
[6, 7, 4, 5, 0]
[6, 7, 4, 5, 1]
0.42857142857142855 0.47619047619047616
itercount --------> 8
[3, 6, 5]
[3, 6, 4]
[3, 6, 7]
[3, 6, 0]
[3, 6, 1]
[3, 6, 2]
[3, 6, 5, 4]
[3, 6, 5, 7]
0.47619047619047616 0.5416666666666666
itercount --------> 9
[5, 3, 4]
[5, 3, 6]
[5, 3, 7]
[5, 3, 0]
[5, 3, 1]
[5, 3, 2]
[5, 3, 4, 6]
[5, 3, 4, 7]
[5, 3, 4, 0]
[5, 3, 4, 1]
[5, 3, 4, 2]
0.5416666666666666 0.5652173913043478
itercount --------> 10
[4, 3, 6]
[4, 3, 5]
[4, 3, 7]
[4, 3, 0]
[4, 3, 1]
[4, 3, 2]
[4, 3, 6, 5]
[4, 3, 6, 7]
[4, 3, 6, 0]
[4, 3, 6, 1]
[4, 3, 6, 2]
[4, 3, 6, 5, 7]
[4, 3, 6, 5, 0]
[4, 3, 6, 5, 1]
[4, 3, 6, 5, 2]
0.5652173913043478 0.5909090909090909
itercount --------> 11
[4, 3, 5]
[4, 3, 6]
[4, 3, 7]
[4, 3, 0]
[4, 3, 1]
[4, 3, 2]
[4, 3, 5, 6]
[4, 3, 5, 7]
[4, 3, 5, 0]
[4, 3, 5, 1]
[4, 3, 5, 2]
[4, 3, 5, 6, 7]
[4, 3, 5, 6, 0]
[4, 3, 5, 6, 1]
[4, 3, 5, 6, 2]
[4, 3, 5, 6, 7, 0]
[4, 3, 5, 6, 7, 1]
[4, 3, 5, 6, 7, 2]
[4, 3, 5, 6, 7, 0, 1]
[4, 3, 5, 6, 7, 0, 2]
[4, 3, 5, 6, 7, 0, 1, 2]
failed -> 38 times
after fail n ======> 5
[1, 2, 6, 5, 4]
0.10256410256410256 0.109375
itercount --------> 1
[1, 2, 5]
0.109375 0.15217391304347827
itercount --------> 2
[2, 5, 1]
0.15217391304347827 0.20588235294117646
itercount --------> 3
[2, 5, 0]
0.20588235294117646 0.25925925925925924
itercount --------> 4
[0, 4, 3]
0.25925925925925924 0.2857142857142857
itercount --------> 5
[0, 4, 3]
[0, 4, 7]
0.2857142857142857 0.3
itercount --------> 6
[4, 0, 7]
[4, 0, 3]
[4, 0, 6]
0.3 0.30434782608695654
itercount --------> 7
[4, 0, 3]
[4, 0, 7]
[4, 0, 5]
[4, 0, 1]
[4, 0, 2]
[4, 0, 6]
[4, 0, 3, 7]
[4, 0, 3, 5]
[4, 0, 3, 1]
[4, 0, 3, 2]
[4, 0, 3, 6]
0.30434782608695654 0.3157894736842105
itercount --------> 8
[4, 0, 7]
[4, 0, 3]
[4, 0, 6]
[4, 0, 1]
[4, 0, 2]
[4, 0, 5]
0.3157894736842105 0.3181818181818182
itercount --------> 9
[0, 4, 3]
[0, 4, 7]
[0, 4, 1]
[0, 4, 2]
[0, 4, 5]
[0, 4, 6]
[0, 4, 3, 7]
0.3181818181818182 0.3225806451612903
itercount --------> 10
[0, 4, 2]
[0, 4, 5]
[0, 4, 6]
[0, 4, 1]
[0, 4, 7]
[0, 4, 3]
[0, 4, 2, 5]
[0, 4, 2, 6]
[0, 4, 2, 1]
[0, 4, 2, 7]
0.3225806451612903 0.4
itercount --------> 11
[4, 0, 6]
[4, 0, 5]
[4, 0, 7]
[4, 0, 3]
[4, 0, 1]
0.4 0.4166666666666667
itercount --------> 12
[6, 3, 1]
[6, 3, 4]
0.4166666666666667 0.43478260869565216
itercount --------> 13
[3, 0, 6]
0.43478260869565216 0.5238095238095238
itercount --------> 14
[1, 6, 3]
[1, 6, 5]
[1, 6, 4]
0.5238095238095238 0.5652173913043478
itercount --------> 15
[4, 1, 3]
[4, 1, 5]
[4, 1, 6]
[4, 1, 0]
[4, 1, 7]
[4, 1, 2]
[4, 1, 3, 5]
[4, 1, 3, 6]
[4, 1, 3, 0]
[4, 1, 3, 7]
[4, 1, 3, 2]
[4, 1, 3, 5, 6]
[4, 1, 3, 5, 0]
[4, 1, 3, 5, 7]
[4, 1, 3, 5, 2]
[4, 1, 3, 5, 6, 0]
[4, 1, 3, 5, 6, 7]
[4, 1, 3, 5, 6, 2]
[4, 1, 3, 5, 6, 0, 7]
[4, 1, 3, 5, 6, 0, 2]
[4, 1, 3, 5, 6, 0, 7, 2]
failed -> 39 times
after fail n ======> 6
[1, 2, 6, 5, 4, 0]
0.10256410256410256 0.13636363636363635
itercount --------> 1
[2, 7, 6]
0.13636363636363635 0.22727272727272727
itercount --------> 2
[2, 0, 4]
[2, 0, 6]
[2, 0, 7]
0.22727272727272727 0.23529411764705882
itercount --------> 3
[2, 7, 3]
[2, 7, 4]
0.23529411764705882 0.29411764705882354
itercount --------> 4
[2, 0, 7]
0.29411764705882354 0.30434782608695654
itercount --------> 5
[2, 0, 4]
[2, 0, 6]
[2, 0, 3]
[2, 0, 7]
[2, 0, 1]
0.30434782608695654 0.42105263157894735
itercount --------> 6
[7, 3, 6]
0.42105263157894735 0.5
itercount --------> 7
[4, 2, 3]
[4, 2, 7]
[4, 2, 0]
[4, 2, 6]
[4, 2, 5]
0.5 0.5454545454545454
itercount --------> 8
[4, 3, 7]
[4, 3, 0]
[4, 3, 5]
[4, 3, 6]
[4, 3, 1]
[4, 3, 2]
[4, 3, 7, 0]
[4, 3, 7, 5]
[4, 3, 7, 6]
[4, 3, 7, 1]
[4, 3, 7, 2]
[4, 3, 7, 0, 5]
[4, 3, 7, 0, 6]
[4, 3, 7, 0, 1]
[4, 3, 7, 0, 2]
[4, 3, 7, 0, 5, 6]
[4, 3, 7, 0, 5, 1]
[4, 3, 7, 0, 5, 2]
[4, 3, 7, 0, 5, 6, 1]
0.5454545454545454 0.5714285714285714
itercount --------> 9
[4, 0, 3]
[4, 0, 5]
[4, 0, 6]
[4, 0, 1]
[4, 0, 2]
[4, 0, 7]
[4, 0, 3, 5]
[4, 0, 3, 6]
[4, 0, 3, 1]
[4, 0, 3, 2]
[4, 0, 3, 7]
[4, 0, 3, 5, 6]
[4, 0, 3, 5, 1]
[4, 0, 3, 5, 2]
[4, 0, 3, 5, 7]
[4, 0, 3, 5, 6, 1]
[4, 0, 3, 5, 6, 2]
[4, 0, 3, 5, 6, 7]
[4, 0, 3, 5, 6, 1, 2]
[4, 0, 3, 5, 6, 1, 7]
[4, 0, 3, 5, 6, 1, 2, 7]
failed -> 40 times
after fail n ======> 7
[1, 2, 6, 5, 4, 0, 3]
0.10256410256410256 0.10526315789473684
itercount --------> 1
[1, 2, 6]
0.10526315789473684 0.14035087719298245
itercount --------> 2
[2, 1, 6]
0.14035087719298245 0.18181818181818182
itercount --------> 3
[2, 6, 3]
0.18181818181818182 0.21739130434782608
itercount --------> 4
[6, 1, 2]
0.21739130434782608 0.2826086956521739
itercount --------> 5
[2, 1, 4]
0.2826086956521739 0.34375
itercount --------> 6
[2, 4, 1]
[2, 4, 5]
0.34375 0.4482758620689655
itercount --------> 7
[2, 4, 3]
[2, 4, 6]
[2, 4, 5]
[2, 4, 1]
[2, 4, 0]
0.4482758620689655 0.5
itercount --------> 8
[4, 0, 2]
[4, 0, 6]
[4, 0, 5]
0.5 0.5238095238095238
itercount --------> 9
[4, 0, 3]
[4, 0, 6]
[4, 0, 5]
[4, 0, 1]
[4, 0, 2]
[4, 0, 7]
[4, 0, 3, 6]
[4, 0, 3, 5]
[4, 0, 3, 1]
[4, 0, 3, 2]
[4, 0, 3, 7]
[4, 0, 3, 6, 5]
[4, 0, 3, 6, 1]
[4, 0, 3, 6, 2]
[4, 0, 3, 6, 7]
[4, 0, 3, 6, 5, 1]
[4, 0, 3, 6, 5, 2]
[4, 0, 3, 6, 5, 7]
[4, 0, 3, 6, 5, 1, 2]
[4, 0, 3, 6, 5, 1, 7]
[4, 0, 3, 6, 5, 1, 2, 7]
failed -> 41 times
after fail n ======> 8
[1, 2, 6, 5, 4, 0, 3, 7]
0.10256410256410256 0.11538461538461539
itercount --------> 1
[6, 2, 1]
0.11538461538461539 0.15789473684210525
itercount --------> 2
[6, 4, 3]
[6, 4, 5]
0.15789473684210525 0.17647058823529413
itercount --------> 3
[6, 3, 4]
0.17647058823529413 0.1875
itercount --------> 4
[1, 2, 0]
[1, 2, 5]
[1, 2, 3]
0.1875 0.25
itercount --------> 5
[1, 2, 0]
[1, 2, 5]
[1, 2, 6]
[1, 2, 3]
[1, 2, 7]
[1, 2, 4]
[1, 2, 0, 5]
[1, 2, 0, 6]
0.25 0.2608695652173913
itercount --------> 6
[2, 4, 6]
[2, 4, 0]
[2, 4, 5]
[2, 4, 1]
[2, 4, 3]
[2, 4, 7]
[2, 4, 6, 0]
0.2608695652173913 0.2857142857142857
itercount --------> 7
[2, 4, 6]
[2, 4, 0]
[2, 4, 5]
[2, 4, 1]
[2, 4, 3]
[2, 4, 7]
[2, 4, 6, 0]
[2, 4, 6, 5]
0.2857142857142857 0.3333333333333333
itercount --------> 8
[1, 2, 6]
[1, 2, 0]
0.3333333333333333 0.375
itercount --------> 9
[0, 1, 2]
[0, 1, 5]
[0, 1, 6]
[0, 1, 4]
[0, 1, 3]
[0, 1, 7]
[0, 1, 2, 5]
[0, 1, 2, 6]
[0, 1, 2, 4]
[0, 1, 2, 3]
[0, 1, 2, 7]
[0, 1, 2, 5, 6]
0.375 0.4117647058823529
itercount --------> 10
[4, 0, 3]
[4, 0, 7]
[4, 0, 5]
[4, 0, 1]
[4, 0, 2]
[4, 0, 6]
[4, 0, 3, 7]
[4, 0, 3, 5]
[4, 0, 3, 1]
[4, 0, 3, 2]
[4, 0, 3, 6]
0.4117647058823529 0.42105263157894735
itercount --------> 11
[6, 4, 0]
[6, 4, 5]
0.42105263157894735 0.4375
itercount --------> 12
[0, 5, 1]
[0, 5, 2]
[0, 5, 3]
0.4375 0.5
itercount --------> 13
[3, 0, 4]
[3, 0, 6]
[3, 0, 1]
[3, 0, 2]
[3, 0, 5]
[3, 0, 7]
[3, 0, 4, 6]
[3, 0, 4, 1]
[3, 0, 4, 2]
[3, 0, 4, 5]
[3, 0, 4, 7]
[3, 0, 4, 6, 1]
0.5 0.5238095238095238
itercount --------> 14
[4, 0, 3]
[4, 0, 6]
[4, 0, 5]
[4, 0, 1]
[4, 0, 2]
[4, 0, 7]
[4, 0, 3, 6]
[4, 0, 3, 5]
[4, 0, 3, 1]
[4, 0, 3, 2]
[4, 0, 3, 7]
[4, 0, 3, 6, 5]
[4, 0, 3, 6, 1]
[4, 0, 3, 6, 2]
[4, 0, 3, 6, 7]
[4, 0, 3, 6, 5, 1]
[4, 0, 3, 6, 5, 2]
[4, 0, 3, 6, 5, 7]
[4, 0, 3, 6, 5, 1, 2]
[4, 0, 3, 6, 5, 1, 7]
[4, 0, 3, 6, 5, 1, 2, 7]
failed -> 42 times
after fail n ======> 5
[1, 2, 6, 5, 4]
0.10256410256410256 0.1276595744680851
itercount --------> 1
[2, 1, 4]
0.1276595744680851 0.25806451612903225
itercount --------> 2
[1, 4, 2]
0.25806451612903225 0.28
itercount --------> 3
[1, 4, 3]
0.28 0.2916666666666667
itercount --------> 4
[1, 4, 2]
[1, 4, 6]
0.2916666666666667 0.3076923076923077
itercount --------> 5
[4, 6, 1]
[4, 6, 5]
[4, 6, 2]
[4, 6, 0]
[4, 6, 7]
[4, 6, 3]
[4, 6, 1, 5]
0.3076923076923077 0.38095238095238093
itercount --------> 6
[6, 4, 1]
0.38095238095238093 0.4090909090909091
itercount --------> 7
[1, 6, 2]
[1, 6, 4]
[1, 6, 5]
[1, 6, 3]
[1, 6, 0]
[1, 6, 7]
[1, 6, 2, 4]
[1, 6, 2, 5]
0.4090909090909091 0.42105263157894735
itercount --------> 8
[6, 4, 0]
[6, 4, 5]
0.42105263157894735 0.47368421052631576
itercount --------> 9
[6, 4, 1]
[6, 4, 2]
[6, 4, 5]
[6, 4, 0]
[6, 4, 7]
[6, 4, 3]
[6, 4, 1, 2]
[6, 4, 1, 5]
[6, 4, 1, 0]
[6, 4, 1, 7]
[6, 4, 1, 3]
[6, 4, 1, 2, 5]
[6, 4, 1, 2, 0]
[6, 4, 1, 2, 7]
[6, 4, 1, 2, 3]
[6, 4, 1, 2, 5, 0]
[6, 4, 1, 2, 5, 7]
0.47368421052631576 0.5
itercount --------> 10
[6, 4, 1]
[6, 4, 2]
[6, 4, 5]
[6, 4, 0]
[6, 4, 7]
[6, 4, 3]
[6, 4, 1, 2]
[6, 4, 1, 5]
[6, 4, 1, 0]
[6, 4, 1, 7]
[6, 4, 1, 3]
[6, 4, 1, 2, 5]
[6, 4, 1, 2, 0]
[6, 4, 1, 2, 7]
[6, 4, 1, 2, 3]
[6, 4, 1, 2, 5, 0]
[6, 4, 1, 2, 5, 7]
[6, 4, 1, 2, 5, 3]
[6, 4, 1, 2, 5, 0, 7]
[6, 4, 1, 2, 5, 0, 3]
[6, 4, 1, 2, 5, 0, 7, 3]
failed -> 43 times
after fail n ======> 6
[1, 2, 6, 5, 4, 0]
0.10256410256410256 0.12162162162162163
itercount --------> 1
[1, 2, 5]
0.12162162162162163 0.225
itercount --------> 2
[1, 2, 5]
0.225 0.34782608695652173
itercount --------> 3
[4, 5, 6]
[4, 5, 1]
[4, 5, 2]
[4, 5, 3]
[4, 5, 7]
[4, 5, 0]
0.34782608695652173 0.36
itercount --------> 4
[4, 0, 5]
[4, 0, 1]
[4, 0, 2]
[4, 0, 3]
[4, 0, 6]
0.36 0.36363636363636365
itercount --------> 5
[1, 2, 0]
0.36363636363636365 0.42857142857142855
itercount --------> 6
[0, 1, 2]
[0, 1, 5]
0.42857142857142855 0.44
itercount --------> 7
[5, 0, 1]
[5, 0, 2]
[5, 0, 4]
[5, 0, 6]
[5, 0, 3]
[5, 0, 7]
[5, 0, 1, 2]
[5, 0, 1, 4]
0.44 0.4583333333333333
itercount --------> 8
[5, 0, 4]
[5, 0, 1]
[5, 0, 2]
[5, 0, 3]
[5, 0, 6]
[5, 0, 7]
[5, 0, 4, 1]
[5, 0, 4, 2]
[5, 0, 4, 3]
[5, 0, 4, 6]
[5, 0, 4, 7]
[5, 0, 4, 1, 2]
[5, 0, 4, 1, 3]
[5, 0, 4, 1, 6]
[5, 0, 4, 1, 7]
[5, 0, 4, 1, 2, 3]
[5, 0, 4, 1, 2, 6]
[5, 0, 4, 1, 2, 7]
[5, 0, 4, 1, 2, 3, 6]
[5, 0, 4, 1, 2, 3, 7]
[5, 0, 4, 1, 2, 3, 6, 7]
0.4583333333333333 0.4782608695652174
itercount --------> 9
[5, 0, 4]
0.4782608695652174 0.5
itercount --------> 10
[3, 0, 4]
[3, 0, 6]
[3, 0, 1]
[3, 0, 2]
[3, 0, 5]
[3, 0, 7]
[3, 0, 4, 6]
[3, 0, 4, 1]
[3, 0, 4, 2]
[3, 0, 4, 5]
[3, 0, 4, 7]
[3, 0, 4, 6, 1]
[3, 0, 4, 6, 2]
[3, 0, 4, 6, 5]
[3, 0, 4, 6, 7]
[3, 0, 4, 6, 1, 2]
[3, 0, 4, 6, 1, 5]
0.5 0.5238095238095238
itercount --------> 11
[4, 0, 3]
[4, 0, 6]
[4, 0, 5]
[4, 0, 1]
[4, 0, 2]
[4, 0, 7]
[4, 0, 3, 6]
[4, 0, 3, 5]
[4, 0, 3, 1]
[4, 0, 3, 2]
[4, 0, 3, 7]
[4, 0, 3, 6, 5]
[4, 0, 3, 6, 1]
[4, 0, 3, 6, 2]
[4, 0, 3, 6, 7]
[4, 0, 3, 6, 5, 1]
0.5238095238095238 0.5263157894736842
itercount --------> 12
[0, 4, 5]
[0, 4, 6]
[0, 4, 3]
[0, 4, 1]
[0, 4, 2]
[0, 4, 7]
[0, 4, 5, 6]
[0, 4, 5, 3]
[0, 4, 5, 1]
[0, 4, 5, 2]
[0, 4, 5, 7]
[0, 4, 5, 6, 3]
[0, 4, 5, 6, 1]
[0, 4, 5, 6, 2]
[0, 4, 5, 6, 7]
[0, 4, 5, 6, 3, 1]
[0, 4, 5, 6, 3, 2]
[0, 4, 5, 6, 3, 7]
[0, 4, 5, 6, 3, 1, 2]
[0, 4, 5, 6, 3, 1, 7]
[0, 4, 5, 6, 3, 1, 2, 7]
failed -> 44 times
after fail n ======> 7
[1, 2, 6, 5, 4, 0, 3]
0.10256410256410256 0.13636363636363635
itercount --------> 1
[4, 6, 7]
[4, 6, 1]
0.13636363636363635 0.2
itercount --------> 2
[4, 1, 2]
0.2 0.24
itercount --------> 3
[2, 4, 6]
[2, 4, 3]
[2, 4, 0]
[2, 4, 5]
[2, 4, 1]
[2, 4, 7]
[2, 4, 6, 3]
0.24 0.2413793103448276
itercount --------> 4
[6, 2, 3]
[6, 2, 4]
[6, 2, 7]
0.2413793103448276 0.2727272727272727
itercount --------> 5
[4, 7, 2]
[4, 7, 3]
[4, 7, 6]
[4, 7, 0]
0.2727272727272727 0.2857142857142857
itercount --------> 6
[4, 7, 3]
[4, 7, 2]
[4, 7, 0]
[4, 7, 1]
0.2857142857142857 0.3
itercount --------> 7
[7, 4, 1]
[7, 4, 3]
[7, 4, 2]
[7, 4, 0]
0.3 0.3333333333333333
itercount --------> 8
[7, 3, 1]
[7, 3, 4]
[7, 3, 0]
[7, 3, 2]
0.3333333333333333 0.35
itercount --------> 9
[0, 6, 5]
[0, 6, 3]
[0, 6, 7]
[0, 6, 1]
[0, 6, 2]
[0, 6, 4]
[0, 6, 5, 3]
[0, 6, 5, 7]
0.35 0.4583333333333333
itercount --------> 10
[2, 1, 0]
[2, 1, 4]
[2, 1, 5]
0.4583333333333333 0.47619047619047616
itercount --------> 11
[1, 2, 0]
[1, 2, 4]
[1, 2, 7]
[1, 2, 3]
[1, 2, 5]
0.47619047619047616 0.5
itercount --------> 12
[2, 7, 1]
[2, 7, 0]
[2, 7, 3]
[2, 7, 4]
0.5 0.5238095238095238
itercount --------> 13
[2, 1, 3]
[2, 1, 4]
[2, 1, 0]
0.5238095238095238 0.5294117647058824
itercount --------> 14
[1, 2, 0]
0.5294117647058824 0.5625
itercount --------> 15
[1, 2, 0]
[1, 2, 5]
[1, 2, 4]
[1, 2, 7]
[1, 2, 3]
[1, 2, 6]
[1, 2, 0, 5]
[1, 2, 0, 4]
[1, 2, 0, 7]
[1, 2, 0, 3]
[1, 2, 0, 6]
[1, 2, 0, 5, 4]
[1, 2, 0, 5, 7]
[1, 2, 0, 5, 3]
[1, 2, 0, 5, 6]
[1, 2, 0, 5, 4, 7]
[1, 2, 0, 5, 4, 3]
[1, 2, 0, 5, 4, 6]
[1, 2, 0, 5, 4, 7, 3]
[1, 2, 0, 5, 4, 7, 6]
[1, 2, 0, 5, 4, 7, 3, 6]
failed -> 45 times
after fail n ======> 8
[1, 2, 6, 5, 4, 0, 3, 7]
0.10256410256410256 0.11538461538461539
itercount --------> 1
[6, 1, 2]
0.11538461538461539 0.125
itercount --------> 2
[2, 1, 5]
[2, 1, 4]
0.125 0.25
itercount --------> 3
[2, 4, 5]
0.25 0.2857142857142857
itercount --------> 4
[4, 7, 0]
0.2857142857142857 0.34615384615384615
itercount --------> 5
[0, 4, 1]
0.34615384615384615 0.35294117647058826
itercount --------> 6
[4, 6, 0]
0.35294117647058826 0.38095238095238093
itercount --------> 7
[4, 0, 6]
0.38095238095238093 0.4
itercount --------> 8
[0, 3, 4]
[0, 3, 6]
[0, 3, 1]
[0, 3, 2]
[0, 3, 5]
0.4 0.4444444444444444
itercount --------> 9
[3, 4, 0]
[3, 4, 6]
0.4444444444444444 0.5
itercount --------> 10
[3, 0, 4]
[3, 0, 6]
0.5 0.5238095238095238
itercount --------> 11
[4, 0, 3]
[4, 0, 6]
[4, 0, 5]
[4, 0, 1]
[4, 0, 2]
[4, 0, 7]
[4, 0, 3, 6]
[4, 0, 3, 5]
[4, 0, 3, 1]
[4, 0, 3, 2]
[4, 0, 3, 7]
[4, 0, 3, 6, 5]
[4, 0, 3, 6, 1]
[4, 0, 3, 6, 2]
[4, 0, 3, 6, 7]
[4, 0, 3, 6, 5, 1]
[4, 0, 3, 6, 5, 2]
[4, 0, 3, 6, 5, 7]
[4, 0, 3, 6, 5, 1, 2]
[4, 0, 3, 6, 5, 1, 7]
[4, 0, 3, 6, 5, 1, 2, 7]
failed -> 46 times
after fail n ======> 5
[1, 2, 6, 5, 4]
0.10256410256410256 0.109375
itercount --------> 1
[1, 2, 5]
0.109375 0.2857142857142857
itercount --------> 2
[4, 7, 0]
0.2857142857142857 0.36
itercount --------> 3
[4, 0, 5]
[4, 0, 1]
[4, 0, 2]
[4, 0, 3]
[4, 0, 6]
0.36 0.36363636363636365
itercount --------> 4
[1, 2, 0]
[1, 2, 5]
[1, 2, 4]
[1, 2, 3]
[1, 2, 6]
[1, 2, 7]
[1, 2, 0, 5]
0.36363636363636365 0.42857142857142855
itercount --------> 5
[0, 1, 2]
[0, 1, 5]
[0, 1, 4]
[0, 1, 3]
[0, 1, 6]
[0, 1, 7]
[0, 1, 2, 5]
[0, 1, 2, 4]
[0, 1, 2, 3]
[0, 1, 2, 6]
[0, 1, 2, 7]
[0, 1, 2, 5, 4]
0.42857142857142855 0.44
itercount --------> 6
[5, 0, 1]
[5, 0, 2]
[5, 0, 4]
[5, 0, 6]
[5, 0, 3]
[5, 0, 7]
[5, 0, 1, 2]
[5, 0, 1, 4]
[5, 0, 1, 6]
0.44 0.45454545454545453
itercount --------> 7
[0, 6, 3]
[0, 6, 4]
[0, 6, 1]
[0, 6, 2]
[0, 6, 5]
[0, 6, 7]
0.45454545454545453 0.47058823529411764
itercount --------> 8
[0, 6, 3]
[0, 6, 4]
[0, 6, 7]
[0, 6, 1]
[0, 6, 2]
[0, 6, 5]
[0, 6, 3, 4]
[0, 6, 3, 7]
0.47058823529411764 0.5217391304347826
itercount --------> 9
[0, 4, 6]
[0, 4, 1]
[0, 4, 2]
[0, 4, 5]
[0, 4, 3]
[0, 4, 7]
[0, 4, 6, 1]
[0, 4, 6, 2]
[0, 4, 6, 5]
[0, 4, 6, 3]
[0, 4, 6, 7]
[0, 4, 6, 1, 2]
0.5217391304347826 0.5454545454545454
itercount --------> 10
[0, 4, 6]
[0, 4, 3]
[0, 4, 5]
[0, 4, 1]
[0, 4, 2]
[0, 4, 7]
[0, 4, 6, 3]
[0, 4, 6, 5]
[0, 4, 6, 1]
[0, 4, 6, 2]
[0, 4, 6, 7]
[0, 4, 6, 3, 5]
[0, 4, 6, 3, 1]
[0, 4, 6, 3, 2]
[0, 4, 6, 3, 7]
[0, 4, 6, 3, 5, 1]
[0, 4, 6, 3, 5, 2]
[0, 4, 6, 3, 5, 7]
[0, 4, 6, 3, 5, 1, 2]
[0, 4, 6, 3, 5, 1, 7]
[0, 4, 6, 3, 5, 1, 2, 7]
failed -> 47 times
after fail n ======> 6
[1, 2, 6, 5, 4, 0]
0.10256410256410256 0.11538461538461539
itercount --------> 1
[6, 2, 1]
0.11538461538461539 0.15789473684210525
itercount --------> 2
[6, 4, 3]
0.15789473684210525 0.21739130434782608
itercount --------> 3
[6, 1, 2]
0.21739130434782608 0.3142857142857143
itercount --------> 4
[1, 2, 4]
[1, 2, 5]
0.3142857142857143 0.5
itercount --------> 5
[4, 0, 1]
0.5 0.5238095238095238
itercount --------> 6
[4, 0, 3]
[4, 0, 6]
[4, 0, 5]
[4, 0, 1]
[4, 0, 2]
[4, 0, 7]
[4, 0, 3, 6]
[4, 0, 3, 5]
[4, 0, 3, 1]
[4, 0, 3, 2]
[4, 0, 3, 7]
[4, 0, 3, 6, 5]
[4, 0, 3, 6, 1]
[4, 0, 3, 6, 2]
[4, 0, 3, 6, 7]
[4, 0, 3, 6, 5, 1]
[4, 0, 3, 6, 5, 2]
[4, 0, 3, 6, 5, 7]
[4, 0, 3, 6, 5, 1, 2]
[4, 0, 3, 6, 5, 1, 7]
[4, 0, 3, 6, 5, 1, 2, 7]
failed -> 48 times
after fail n ======> 7
[1, 2, 6, 5, 4, 0, 3]
0.10256410256410256 0.11538461538461539
itercount --------> 1
[2, 6, 1]
[2, 6, 3]
[2, 6, 5]
0.11538461538461539 0.13157894736842105
itercount --------> 2
[2, 1, 3]
0.13157894736842105 0.19230769230769232
itercount --------> 3
[2, 4, 5]
0.19230769230769232 0.21739130434782608
itercount --------> 4
[2, 3, 0]
0.21739130434782608 0.3076923076923077
itercount --------> 5
[2, 1, 4]
[2, 1, 3]
[2, 1, 6]
[2, 1, 0]
[2, 1, 7]
0.3076923076923077 0.32
itercount --------> 6
[2, 0, 7]
[2, 0, 3]
[2, 0, 6]
[2, 0, 1]
0.32 0.3888888888888889
itercount --------> 7
[2, 6, 0]
0.3888888888888889 0.45454545454545453
itercount --------> 8
[0, 3, 6]
[0, 3, 2]
[0, 3, 1]
[0, 3, 4]
[0, 3, 5]
[0, 3, 7]
[0, 3, 6, 2]
[0, 3, 6, 1]
[0, 3, 6, 4]
[0, 3, 6, 5]
[0, 3, 6, 7]
[0, 3, 6, 2, 1]
[0, 3, 6, 2, 4]
[0, 3, 6, 2, 5]
[0, 3, 6, 2, 7]
[0, 3, 6, 2, 1, 4]
[0, 3, 6, 2, 1, 5]
0.45454545454545453 0.5
itercount --------> 9
[3, 0, 4]
[3, 0, 6]
[3, 0, 1]
[3, 0, 2]
[3, 0, 5]
[3, 0, 7]
[3, 0, 4, 6]
[3, 0, 4, 1]
[3, 0, 4, 2]
[3, 0, 4, 5]
[3, 0, 4, 7]
[3, 0, 4, 6, 1]
[3, 0, 4, 6, 2]
[3, 0, 4, 6, 5]
[3, 0, 4, 6, 7]
[3, 0, 4, 6, 1, 2]
0.5 0.5238095238095238
itercount --------> 10
[4, 0, 3]
[4, 0, 6]
[4, 0, 5]
[4, 0, 1]
[4, 0, 2]
[4, 0, 7]
[4, 0, 3, 6]
[4, 0, 3, 5]
[4, 0, 3, 1]
[4, 0, 3, 2]
[4, 0, 3, 7]
[4, 0, 3, 6, 5]
[4, 0, 3, 6, 1]
[4, 0, 3, 6, 2]
[4, 0, 3, 6, 7]
[4, 0, 3, 6, 5, 1]
[4, 0, 3, 6, 5, 2]
[4, 0, 3, 6, 5, 7]
[4, 0, 3, 6, 5, 1, 2]
[4, 0, 3, 6, 5, 1, 7]
[4, 0, 3, 6, 5, 1, 2, 7]
failed -> 49 times
after fail n ======> 8
[1, 2, 6, 5, 4, 0, 3, 7]
0.10256410256410256 0.12903225806451613
itercount --------> 1
[1, 2, 0]
0.12903225806451613 0.13636363636363635
itercount --------> 2
[2, 1, 3]
0.13636363636363635 0.17647058823529413
itercount --------> 3
[1, 2, 0]
[1, 2, 3]
[1, 2, 6]
[1, 2, 5]
0.17647058823529413 0.1875
itercount --------> 4
[1, 2, 0]
[1, 2, 5]
[1, 2, 3]
[1, 2, 6]
[1, 2, 7]
[1, 2, 4]
[1, 2, 0, 5]
[1, 2, 0, 3]
0.1875 0.2631578947368421
itercount --------> 5
[6, 4, 0]
0.2631578947368421 0.3181818181818182
itercount --------> 6
[0, 6, 2]
0.3181818181818182 0.36363636363636365
itercount --------> 7
[6, 0, 4]
[6, 0, 7]
[6, 0, 5]
0.36363636363636365 0.42105263157894735
itercount --------> 8
[6, 4, 0]
[6, 4, 5]
[6, 4, 7]
[6, 4, 1]
[6, 4, 2]
[6, 4, 3]
[6, 4, 0, 5]
[6, 4, 0, 7]
[6, 4, 0, 1]
[6, 4, 0, 2]
[6, 4, 0, 3]
[6, 4, 0, 5, 7]
[6, 4, 0, 5, 1]
[6, 4, 0, 5, 2]
[6, 4, 0, 5, 3]
0.42105263157894735 0.5238095238095238
itercount --------> 9
[4, 0, 3]
[4, 0, 6]
[4, 0, 5]
[4, 0, 1]
[4, 0, 2]
[4, 0, 7]
[4, 0, 3, 6]
[4, 0, 3, 5]
[4, 0, 3, 1]
[4, 0, 3, 2]
[4, 0, 3, 7]
[4, 0, 3, 6, 5]
[4, 0, 3, 6, 1]
[4, 0, 3, 6, 2]
[4, 0, 3, 6, 7]
[4, 0, 3, 6, 5, 1]
[4, 0, 3, 6, 5, 2]
[4, 0, 3, 6, 5, 7]
[4, 0, 3, 6, 5, 1, 2]
[4, 0, 3, 6, 5, 1, 7]
[4, 0, 3, 6, 5, 1, 2, 7]
failed -> 50 times
after fail n ======> 5
Runs with the maximum attractor JI -> [5]
