{0: 34, 1: 34, 2: 34, 5: 34, 4: 25, 3: 15, 6: 15, 7: 15}
[0, 1, 2]
0.05357142857142857 0.09375
itercount --------> 1
[2, 5, 4]
0.09375 0.09523809523809523
itercount --------> 2
[2, 4, 5]
0.09523809523809523 0.13333333333333333
itercount --------> 3
[4, 2, 5]
0.13333333333333333 0.15
itercount --------> 4
[5, 4, 0]
0.15 0.16666666666666666
itercount --------> 5
[0, 1, 2]
[0, 1, 5]
[0, 1, 4]
[0, 1, 6]
[0, 1, 7]
[0, 1, 3]
[0, 1, 2, 5]
[0, 1, 2, 4]
0.16666666666666666 0.21428571428571427
itercount --------> 6
[2, 4, 6]
0.21428571428571427 0.25
itercount --------> 7
[6, 0, 1]
[6, 0, 2]
0.25 0.26666666666666666
itercount --------> 8
[2, 4, 6]
[2, 4, 7]
[2, 4, 0]
0.26666666666666666 0.3076923076923077
itercount --------> 9
[0, 1, 2]
[0, 1, 5]
[0, 1, 3]
[0, 1, 4]
[0, 1, 6]
[0, 1, 7]
0.3076923076923077 0.375
itercount --------> 10
[0, 2, 1]
0.375 0.4
itercount --------> 11
[0, 1, 2]
[0, 1, 6]
0.4 0.4375
itercount --------> 12
[4, 3, 0]
[4, 3, 1]
[4, 3, 2]
[4, 3, 6]
[4, 3, 7]
[4, 3, 5]
[4, 3, 0, 1]
[4, 3, 0, 2]
[4, 3, 0, 6]
[4, 3, 0, 7]
[4, 3, 0, 5]
[4, 3, 0, 1, 2]
[4, 3, 0, 1, 6]
0.4375 0.4444444444444444
itercount --------> 13
[0, 1, 2]
[0, 1, 4]
[0, 1, 3]
[0, 1, 6]
[0, 1, 7]
[0, 1, 5]
0.4444444444444444 0.5
itercount --------> 14
[4, 3, 6]
[4, 3, 7]
[4, 3, 0]
[4, 3, 1]
[4, 3, 2]
[4, 3, 5]
[4, 3, 6, 7]
[4, 3, 6, 0]
0.5 0.55
itercount --------> 15
[7, 0, 1]
[7, 0, 2]
[7, 0, 5]
[7, 0, 3]
[7, 0, 4]
[7, 0, 6]
[7, 0, 1, 2]
[7, 0, 1, 5]
[7, 0, 1, 3]
0.55 0.6111111111111112
itercount --------> 16
[7, 3, 4]
[7, 3, 6]
[7, 3, 0]
[7, 3, 1]
[7, 3, 2]
[7, 3, 5]
[7, 3, 4, 6]
[7, 3, 4, 0]
[7, 3, 4, 1]
[7, 3, 4, 2]
[7, 3, 4, 5]
[7, 3, 4, 6, 0]
[7, 3, 4, 6, 1]
[7, 3, 4, 6, 2]
[7, 3, 4, 6, 5]
[7, 3, 4, 6, 0, 1]
[7, 3, 4, 6, 0, 2]
[7, 3, 4, 6, 0, 5]
[7, 3, 4, 6, 0, 1, 2]
0.6111111111111112 0.6470588235294118
itercount --------> 17
[7, 3, 4]
[7, 3, 6]
[7, 3, 0]
[7, 3, 1]
[7, 3, 2]
[7, 3, 5]
[7, 3, 4, 6]
[7, 3, 4, 0]
[7, 3, 4, 1]
[7, 3, 4, 2]
[7, 3, 4, 5]
[7, 3, 4, 6, 0]
[7, 3, 4, 6, 1]
[7, 3, 4, 6, 2]
[7, 3, 4, 6, 5]
[7, 3, 4, 6, 0, 1]
[7, 3, 4, 6, 0, 2]
[7, 3, 4, 6, 0, 5]
[7, 3, 4, 6, 0, 1, 2]
[7, 3, 4, 6, 0, 1, 5]
[7, 3, 4, 6, 0, 1, 2, 5]
failed Once
after fail n ======> 4
[0, 1, 2, 5]
0.05357142857142857 0.09375
itercount --------> 1
[1, 5, 4]
[1, 5, 0]
0.09375 0.15
itercount --------> 2
[0, 1, 2]
0.15 0.21428571428571427
itercount --------> 3
[0, 1, 2]
[0, 1, 5]
[0, 1, 4]
[0, 1, 3]
[0, 1, 6]
[0, 1, 7]
[0, 1, 2, 5]
[0, 1, 2, 4]
0.21428571428571427 0.25
itercount --------> 4
[2, 4, 6]
[2, 4, 7]
0.25 0.26666666666666666
itercount --------> 5
[0, 1, 2]
[0, 1, 5]
[0, 1, 3]
[0, 1, 4]
[0, 1, 6]
0.26666666666666666 0.3333333333333333
itercount --------> 6
[1, 5, 0]
0.3333333333333333 0.4666666666666667
itercount --------> 7
[0, 1, 2]
[0, 1, 5]
[0, 1, 6]
[0, 1, 3]
[0, 1, 7]
[0, 1, 4]
[0, 1, 2, 5]
[0, 1, 2, 6]
0.4666666666666667 0.5263157894736842
itercount --------> 8
[2, 0, 1]
0.5263157894736842 0.625
itercount --------> 9
[0, 1, 2]
[0, 1, 5]
[0, 1, 6]
[0, 1, 7]
[0, 1, 3]
[0, 1, 4]
[0, 1, 2, 5]
[0, 1, 2, 6]
[0, 1, 2, 7]
[0, 1, 2, 3]
[0, 1, 2, 4]
[0, 1, 2, 5, 6]
[0, 1, 2, 5, 7]
[0, 1, 2, 5, 3]
[0, 1, 2, 5, 4]
[0, 1, 2, 5, 6, 7]
[0, 1, 2, 5, 6, 3]
[0, 1, 2, 5, 6, 4]
[0, 1, 2, 5, 6, 7, 3]
[0, 1, 2, 5, 6, 7, 4]
[0, 1, 2, 5, 6, 7, 3, 4]
failed -> 2 times
after fail n ======> 5
[0, 1, 2, 5, 4]
0.05357142857142857 0.15
itercount --------> 1
[2, 4, 0]
0.15 0.16666666666666666
itercount --------> 2
[0, 1, 2]
[0, 1, 5]
[0, 1, 4]
0.16666666666666666 0.2
itercount --------> 3
[1, 2, 0]
0.2 0.2222222222222222
itercount --------> 4
[0, 1, 5]
0.2222222222222222 0.25
itercount --------> 5
[0, 4, 6]
0.25 0.26666666666666666
itercount --------> 6
[0, 1, 5]
[0, 1, 2]
0.26666666666666666 0.3076923076923077
itercount --------> 7
[0, 1, 2]
[0, 1, 5]
[0, 1, 3]
0.3076923076923077 0.3333333333333333
itercount --------> 8
[0, 1, 2]
[0, 1, 5]
[0, 1, 3]
[0, 1, 7]
[0, 1, 4]
[0, 1, 6]
0.3333333333333333 0.35714285714285715
itercount --------> 9
[4, 7, 3]
0.35714285714285715 0.4
itercount --------> 10
[3, 4, 7]
[3, 4, 6]
[3, 4, 0]
[3, 4, 1]
[3, 4, 5]
0.4 0.5625
itercount --------> 11
[3, 7, 0]
[3, 7, 4]
[3, 7, 5]
[3, 7, 6]
[3, 7, 1]
[3, 7, 2]
[3, 7, 0, 4]
0.5625 0.6111111111111112
itercount --------> 12
[7, 3, 4]
[7, 3, 6]
[7, 3, 0]
[7, 3, 1]
[7, 3, 2]
[7, 3, 5]
[7, 3, 4, 6]
[7, 3, 4, 0]
[7, 3, 4, 1]
[7, 3, 4, 2]
[7, 3, 4, 5]
[7, 3, 4, 6, 0]
0.6111111111111112 0.6666666666666666
itercount --------> 13
[4, 6, 7]
[4, 6, 0]
[4, 6, 1]
[4, 6, 2]
[4, 6, 3]
[4, 6, 5]
[4, 6, 7, 0]
[4, 6, 7, 1]
[4, 6, 7, 2]
[4, 6, 7, 3]
[4, 6, 7, 5]
[4, 6, 7, 0, 1]
[4, 6, 7, 0, 2]
[4, 6, 7, 0, 3]
[4, 6, 7, 0, 5]
[4, 6, 7, 0, 1, 2]
[4, 6, 7, 0, 1, 3]
[4, 6, 7, 0, 1, 5]
[4, 6, 7, 0, 1, 2, 3]
[4, 6, 7, 0, 1, 2, 5]
[4, 6, 7, 0, 1, 2, 3, 5]
failed -> 3 times
after fail n ======> 6
[0, 1, 2, 5, 4, 3]
0.05357142857142857 0.06060606060606061
itercount --------> 1
[4, 5, 0]
0.06060606060606061 0.09523809523809523
itercount --------> 2
[4, 1, 2]
0.09523809523809523 0.13333333333333333
itercount --------> 3
[4, 2, 6]
0.13333333333333333 0.16666666666666666
itercount --------> 4
[0, 1, 2]
[0, 1, 5]
[0, 1, 4]
[0, 1, 6]
[0, 1, 7]
[0, 1, 3]
[0, 1, 2, 5]
[0, 1, 2, 4]
[0, 1, 2, 6]
[0, 1, 2, 7]
[0, 1, 2, 3]
[0, 1, 2, 5, 4]
[0, 1, 2, 5, 6]
[0, 1, 2, 5, 7]
[0, 1, 2, 5, 3]
[0, 1, 2, 5, 4, 6]
[0, 1, 2, 5, 4, 7]
[0, 1, 2, 5, 4, 3]
[0, 1, 2, 5, 4, 6, 7]
0.16666666666666666 0.1875
itercount --------> 5
[4, 1, 6]
[4, 1, 0]
[4, 1, 2]
0.1875 0.23076923076923078
itercount --------> 6
[0, 1, 2]
[0, 1, 5]
[0, 1, 4]
0.23076923076923078 0.26666666666666666
itercount --------> 7
[1, 4, 6]
0.26666666666666666 0.35714285714285715
itercount --------> 8
[1, 4, 6]
[1, 4, 3]
[1, 4, 7]
[1, 4, 0]
[1, 4, 2]
[1, 4, 5]
[1, 4, 6, 3]
0.35714285714285715 0.36363636363636365
itercount --------> 9
[1, 4, 3]
[1, 4, 7]
[1, 4, 0]
[1, 4, 2]
[1, 4, 5]
0.36363636363636365 0.3888888888888889
itercount --------> 10
[4, 1, 3]
[4, 1, 6]
[4, 1, 7]
[4, 1, 0]
[4, 1, 5]
[4, 1, 2]
[4, 1, 3, 6]
[4, 1, 3, 7]
[4, 1, 3, 0]
0.3888888888888889 0.42857142857142855
itercount --------> 11
[3, 4, 7]
[3, 4, 0]
[3, 4, 1]
[3, 4, 2]
[3, 4, 5]
[3, 4, 6]
[3, 4, 7, 0]
[3, 4, 7, 1]
[3, 4, 7, 2]
[3, 4, 7, 5]
[3, 4, 7, 6]
[3, 4, 7, 0, 1]
[3, 4, 7, 0, 2]
0.42857142857142855 0.4375
itercount --------> 12
[4, 3, 1]
[4, 3, 6]
[4, 3, 7]
[4, 3, 0]
[4, 3, 2]
[4, 3, 5]
[4, 3, 1, 6]
0.4375 0.5
itercount --------> 13
[4, 3, 7]
[4, 3, 0]
[4, 3, 1]
[4, 3, 2]
[4, 3, 5]
[4, 3, 6]
[4, 3, 7, 0]
[4, 3, 7, 1]
[4, 3, 7, 2]
[4, 3, 7, 5]
[4, 3, 7, 6]
[4, 3, 7, 0, 1]
[4, 3, 7, 0, 2]
[4, 3, 7, 0, 5]
0.5 0.5333333333333333
itercount --------> 14
[4, 3, 7]
[4, 3, 6]
[4, 3, 0]
[4, 3, 1]
[4, 3, 2]
[4, 3, 5]
[4, 3, 7, 6]
[4, 3, 7, 0]
[4, 3, 7, 1]
[4, 3, 7, 2]
[4, 3, 7, 5]
[4, 3, 7, 6, 0]
[4, 3, 7, 6, 1]
[4, 3, 7, 6, 2]
[4, 3, 7, 6, 5]
[4, 3, 7, 6, 0, 1]
[4, 3, 7, 6, 0, 2]
[4, 3, 7, 6, 0, 5]
[4, 3, 7, 6, 0, 1, 2]
[4, 3, 7, 6, 0, 1, 5]
[4, 3, 7, 6, 0, 1, 2, 5]
failed -> 4 times
after fail n ======> 7
[0, 1, 2, 5, 4, 3, 6]
0.05357142857142857 0.06060606060606061
itercount --------> 1
[4, 1, 0]
0.06060606060606061 0.09523809523809523
itercount --------> 2
[4, 2, 5]
0.09523809523809523 0.16666666666666666
itercount --------> 3
[0, 1, 2]
[0, 1, 5]
[0, 1, 4]
[0, 1, 6]
[0, 1, 7]
[0, 1, 3]
[0, 1, 2, 5]
[0, 1, 2, 4]
0.16666666666666666 0.21428571428571427
itercount --------> 4
[1, 4, 6]
0.21428571428571427 0.26666666666666666
itercount --------> 5
[1, 4, 6]
[1, 4, 7]
[1, 4, 0]
[1, 4, 2]
[1, 4, 3]
[1, 4, 5]
[1, 4, 6, 7]
0.26666666666666666 0.2777777777777778
itercount --------> 6
[1, 4, 3]
[1, 4, 6]
0.2777777777777778 0.3
itercount --------> 7
[1, 3, 4]
[1, 3, 6]
[1, 3, 7]
0.3 0.3333333333333333
itercount --------> 8
[1, 6, 7]
[1, 6, 3]
0.3333333333333333 0.3888888888888889
itercount --------> 9
[1, 3, 4]
[1, 3, 7]
[1, 3, 0]
[1, 3, 2]
0.3888888888888889 0.4
itercount --------> 10
[1, 3, 4]
[1, 3, 6]
0.4 0.47058823529411764
itercount --------> 11
[7, 1, 6]
[7, 1, 3]
[7, 1, 4]
[7, 1, 0]
0.47058823529411764 0.5333333333333333
itercount --------> 12
[7, 6, 0]
[7, 6, 1]
[7, 6, 3]
[7, 6, 4]
[7, 6, 2]
[7, 6, 5]
[7, 6, 0, 1]
[7, 6, 0, 3]
0.5333333333333333 0.5384615384615384
itercount --------> 13
[7, 4, 3]
[7, 4, 6]
[7, 4, 0]
[7, 4, 1]
[7, 4, 2]
[7, 4, 5]
[7, 4, 3, 6]
[7, 4, 3, 0]
[7, 4, 3, 1]
0.5384615384615384 0.5714285714285714
itercount --------> 14
[4, 7, 3]
[4, 7, 6]
[4, 7, 0]
[4, 7, 1]
[4, 7, 2]
[4, 7, 5]
[4, 7, 3, 6]
[4, 7, 3, 0]
[4, 7, 3, 1]
[4, 7, 3, 2]
[4, 7, 3, 5]
[4, 7, 3, 6, 0]
[4, 7, 3, 6, 1]
0.5714285714285714 0.6153846153846154
itercount --------> 15
[7, 4, 3]
[7, 4, 6]
[7, 4, 0]
[7, 4, 1]
[7, 4, 2]
[7, 4, 5]
[7, 4, 3, 6]
[7, 4, 3, 0]
[7, 4, 3, 1]
[7, 4, 3, 2]
0.6153846153846154 0.6666666666666666
itercount --------> 16
[0, 1, 2]
[0, 1, 5]
[0, 1, 7]
[0, 1, 3]
[0, 1, 4]
[0, 1, 6]
[0, 1, 2, 5]
[0, 1, 2, 7]
[0, 1, 2, 3]
[0, 1, 2, 4]
[0, 1, 2, 6]
[0, 1, 2, 5, 7]
[0, 1, 2, 5, 3]
[0, 1, 2, 5, 4]
[0, 1, 2, 5, 6]
[0, 1, 2, 5, 7, 3]
[0, 1, 2, 5, 7, 4]
[0, 1, 2, 5, 7, 6]
[0, 1, 2, 5, 7, 3, 4]
[0, 1, 2, 5, 7, 3, 6]
[0, 1, 2, 5, 7, 3, 4, 6]
failed -> 5 times
after fail n ======> 8
[0, 1, 2, 5, 4, 3, 6, 7]
0.05357142857142857 0.09375
itercount --------> 1
[0, 2, 4]
[0, 2, 1]
0.09375 0.15
itercount --------> 2
[0, 4, 1]
0.15 0.21428571428571427
itercount --------> 3
[0, 1, 2]
[0, 1, 5]
[0, 1, 4]
0.21428571428571427 0.25
itercount --------> 4
[0, 4, 6]
[0, 4, 7]
0.25 0.26666666666666666
itercount --------> 5
[0, 1, 2]
[0, 1, 5]
[0, 1, 3]
[0, 1, 4]
[0, 1, 6]
0.26666666666666666 0.3888888888888889
itercount --------> 6
[0, 6, 1]
0.3888888888888889 0.4
itercount --------> 7
[0, 1, 2]
0.4 0.45454545454545453
itercount --------> 8
[0, 1, 2]
[0, 1, 5]
[0, 1, 7]
[0, 1, 6]
0.45454545454545453 0.4666666666666667
itercount --------> 9
[0, 1, 2]
[0, 1, 5]
[0, 1, 6]
[0, 1, 3]
[0, 1, 7]
[0, 1, 4]
[0, 1, 2, 5]
[0, 1, 2, 6]
0.4666666666666667 0.5263157894736842
itercount --------> 10
[0, 2, 1]
[0, 2, 5]
[0, 2, 7]
[0, 2, 6]
[0, 2, 3]
[0, 2, 4]
[0, 2, 1, 5]
0.5263157894736842 0.625
itercount --------> 11
[0, 1, 2]
[0, 1, 5]
[0, 1, 6]
[0, 1, 7]
[0, 1, 3]
[0, 1, 4]
[0, 1, 2, 5]
[0, 1, 2, 6]
[0, 1, 2, 7]
[0, 1, 2, 3]
[0, 1, 2, 4]
[0, 1, 2, 5, 6]
[0, 1, 2, 5, 7]
[0, 1, 2, 5, 3]
[0, 1, 2, 5, 4]
[0, 1, 2, 5, 6, 7]
[0, 1, 2, 5, 6, 3]
[0, 1, 2, 5, 6, 4]
[0, 1, 2, 5, 6, 7, 3]
[0, 1, 2, 5, 6, 7, 4]
[0, 1, 2, 5, 6, 7, 3, 4]
failed -> 6 times
after fail n ======> 5
[0, 1, 2, 5, 4]
0.05357142857142857 0.09375
itercount --------> 1
[0, 1, 4]
0.09375 0.15
itercount --------> 2
[0, 1, 2]
0.15 0.21428571428571427
itercount --------> 3
[0, 1, 2]
[0, 1, 5]
[0, 1, 4]
0.21428571428571427 0.2222222222222222
itercount --------> 4
[1, 0, 4]
0.2222222222222222 0.25
itercount --------> 5
[0, 4, 6]
[0, 4, 7]
[0, 4, 1]
[0, 4, 2]
[0, 4, 5]
0.25 0.2857142857142857
itercount --------> 6
[0, 1, 2]
[0, 1, 5]
[0, 1, 4]
[0, 1, 3]
[0, 1, 6]
0.2857142857142857 0.375
itercount --------> 7
[0, 6, 4]
[0, 6, 7]
0.375 0.4
itercount --------> 8
[0, 1, 2]
[0, 1, 5]
[0, 1, 6]
0.4 0.5555555555555556
itercount --------> 9
[0, 1, 2]
0.5555555555555556 0.625
itercount --------> 10
[0, 1, 2]
[0, 1, 5]
[0, 1, 7]
[0, 1, 4]
[0, 1, 3]
[0, 1, 6]
[0, 1, 2, 5]
[0, 1, 2, 7]
[0, 1, 2, 4]
[0, 1, 2, 3]
0.625 0.6666666666666666
itercount --------> 11
[0, 7, 1]
[0, 7, 2]
[0, 7, 4]
[0, 7, 5]
[0, 7, 3]
[0, 7, 6]
[0, 7, 1, 2]
[0, 7, 1, 4]
[0, 7, 1, 5]
[0, 7, 1, 3]
[0, 7, 1, 6]
[0, 7, 1, 2, 4]
[0, 7, 1, 2, 5]
[0, 7, 1, 2, 3]
[0, 7, 1, 2, 6]
[0, 7, 1, 2, 4, 5]
[0, 7, 1, 2, 4, 3]
[0, 7, 1, 2, 4, 6]
[0, 7, 1, 2, 4, 5, 3]
[0, 7, 1, 2, 4, 5, 6]
[0, 7, 1, 2, 4, 5, 3, 6]
failed -> 7 times
after fail n ======> 6
[0, 1, 2, 5, 4, 3]
0.05357142857142857 0.06060606060606061
itercount --------> 1
[4, 2, 0]
[4, 2, 1]
0.06060606060606061 0.09523809523809523
itercount --------> 2
[4, 0, 5]
0.09523809523809523 0.1111111111111111
itercount --------> 3
[1, 2, 4]
0.1111111111111111 0.16666666666666666
itercount --------> 4
[5, 4, 1]
[5, 4, 2]
0.16666666666666666 0.21428571428571427
itercount --------> 5
[0, 5, 4]
[0, 5, 6]
[0, 5, 7]
0.21428571428571427 0.25
itercount --------> 6
[0, 4, 6]
0.25 0.2777777777777778
itercount --------> 7
[0, 4, 3]
0.2777777777777778 0.2857142857142857
itercount --------> 8
[0, 3, 4]
[0, 3, 6]
0.2857142857142857 0.3333333333333333
itercount --------> 9
[0, 3, 5]
[0, 3, 6]
[0, 3, 7]
[0, 3, 4]
0.3333333333333333 0.36666666666666664
itercount --------> 10
[0, 5, 7]
[0, 5, 3]
[0, 5, 4]
[0, 5, 6]
[0, 5, 1]
0.36666666666666664 0.4230769230769231
itercount --------> 11
[0, 7, 1]
0.4230769230769231 0.55
itercount --------> 12
[7, 0, 1]
[7, 0, 2]
[7, 0, 5]
[7, 0, 3]
[7, 0, 4]
[7, 0, 6]
[7, 0, 1, 2]
0.55 0.6111111111111112
itercount --------> 13
[7, 3, 4]
[7, 3, 6]
[7, 3, 0]
[7, 3, 1]
[7, 3, 2]
[7, 3, 5]
[7, 3, 4, 6]
[7, 3, 4, 0]
[7, 3, 4, 1]
[7, 3, 4, 2]
[7, 3, 4, 5]
[7, 3, 4, 6, 0]
[7, 3, 4, 6, 1]
[7, 3, 4, 6, 2]
[7, 3, 4, 6, 5]
[7, 3, 4, 6, 0, 1]
[7, 3, 4, 6, 0, 2]
[7, 3, 4, 6, 0, 5]
[7, 3, 4, 6, 0, 1, 2]
[7, 3, 4, 6, 0, 1, 5]
0.6111111111111112 0.6470588235294118
itercount --------> 14
[7, 3, 4]
[7, 3, 6]
[7, 3, 0]
[7, 3, 1]
[7, 3, 2]
[7, 3, 5]
[7, 3, 4, 6]
[7, 3, 4, 0]
[7, 3, 4, 1]
[7, 3, 4, 2]
[7, 3, 4, 5]
[7, 3, 4, 6, 0]
[7, 3, 4, 6, 1]
[7, 3, 4, 6, 2]
[7, 3, 4, 6, 5]
[7, 3, 4, 6, 0, 1]
[7, 3, 4, 6, 0, 2]
[7, 3, 4, 6, 0, 5]
[7, 3, 4, 6, 0, 1, 2]
[7, 3, 4, 6, 0, 1, 5]
[7, 3, 4, 6, 0, 1, 2, 5]
failed -> 8 times
after fail n ======> 7
[0, 1, 2, 5, 4, 3, 6]
0.05357142857142857 0.056338028169014086
itercount --------> 1
[0, 1, 2]
0.056338028169014086 0.10256410256410256
itercount --------> 2
[2, 5, 0]
0.10256410256410256 0.17391304347826086
itercount --------> 3
[5, 0, 1]
0.17391304347826086 0.26666666666666666
itercount --------> 4
[0, 1, 2]
[0, 1, 5]
[0, 1, 4]
[0, 1, 3]
[0, 1, 6]
[0, 1, 7]
[0, 1, 2, 5]
[0, 1, 2, 4]
0.26666666666666666 0.29411764705882354
itercount --------> 5
[2, 3, 6]
0.29411764705882354 0.3125
itercount --------> 6
[2, 6, 4]
0.3125 0.35294117647058826
itercount --------> 7
[2, 4, 3]
[2, 4, 6]
[2, 4, 0]
[2, 4, 1]
0.35294117647058826 0.4
itercount --------> 8
[0, 2, 4]
0.4 0.4375
itercount --------> 9
[2, 0, 3]
[2, 0, 4]
[2, 0, 1]
[2, 0, 5]
0.4375 0.4666666666666667
itercount --------> 10
[2, 3, 4]
0.4666666666666667 0.47058823529411764
itercount --------> 11
[2, 0, 1]
[2, 0, 5]
0.47058823529411764 0.5333333333333333
itercount --------> 12
[0, 1, 2]
[0, 1, 5]
[0, 1, 6]
[0, 1, 4]
[0, 1, 7]
[0, 1, 3]
[0, 1, 2, 5]
[0, 1, 2, 6]
[0, 1, 2, 4]
[0, 1, 2, 7]
[0, 1, 2, 3]
[0, 1, 2, 5, 6]
[0, 1, 2, 5, 4]
[0, 1, 2, 5, 7]
[0, 1, 2, 5, 3]
0.5333333333333333 0.5714285714285714
itercount --------> 13
[0, 1, 2]
[0, 1, 5]
[0, 1, 4]
[0, 1, 6]
[0, 1, 7]
[0, 1, 3]
[0, 1, 2, 5]
[0, 1, 2, 4]
[0, 1, 2, 6]
[0, 1, 2, 7]
[0, 1, 2, 3]
[0, 1, 2, 5, 4]
[0, 1, 2, 5, 6]
[0, 1, 2, 5, 7]
[0, 1, 2, 5, 3]
[0, 1, 2, 5, 4, 6]
0.5714285714285714 0.6
itercount --------> 14
[7, 0, 1]
[7, 0, 2]
[7, 0, 4]
[7, 0, 5]
[7, 0, 6]
[7, 0, 3]
[7, 0, 1, 2]
0.6 0.6428571428571429
itercount --------> 15
[7, 4, 2]
[7, 4, 3]
[7, 4, 6]
[7, 4, 0]
[7, 4, 1]
[7, 4, 5]
[7, 4, 2, 3]
0.6428571428571429 0.6666666666666666
itercount --------> 16
[4, 6, 7]
[4, 6, 0]
[4, 6, 1]
[4, 6, 2]
[4, 6, 3]
[4, 6, 5]
[4, 6, 7, 0]
0.6666666666666666 0.6923076923076923
itercount --------> 17
[7, 4, 6]
[7, 4, 3]
[7, 4, 0]
[7, 4, 1]
[7, 4, 2]
[7, 4, 5]
[7, 4, 6, 3]
[7, 4, 6, 0]
[7, 4, 6, 1]
[7, 4, 6, 2]
[7, 4, 6, 5]
0.6923076923076923 0.7142857142857143
itercount --------> 18
[7, 3, 4]
[7, 3, 6]
[7, 3, 0]
[7, 3, 1]
[7, 3, 2]
[7, 3, 5]
[7, 3, 4, 6]
[7, 3, 4, 0]
[7, 3, 4, 1]
[7, 3, 4, 2]
[7, 3, 4, 5]
[7, 3, 4, 6, 0]
[7, 3, 4, 6, 1]
[7, 3, 4, 6, 2]
[7, 3, 4, 6, 5]
[7, 3, 4, 6, 0, 1]
[7, 3, 4, 6, 0, 2]
[7, 3, 4, 6, 0, 5]
[7, 3, 4, 6, 0, 1, 2]
[7, 3, 4, 6, 0, 1, 5]
[7, 3, 4, 6, 0, 1, 2, 5]
failed -> 9 times
after fail n ======> 8
[0, 1, 2, 5, 4, 3, 6, 7]
0.05357142857142857 0.06060606060606061
itercount --------> 1
[4, 0, 1]
0.06060606060606061 0.09523809523809523
itercount --------> 2
[4, 2, 5]
0.09523809523809523 0.13333333333333333
itercount --------> 3
[4, 5, 6]
0.13333333333333333 0.16666666666666666
itercount --------> 4
[0, 1, 2]
[0, 1, 5]
[0, 1, 4]
[0, 1, 6]
[0, 1, 7]
[0, 1, 3]
[0, 1, 2, 5]
[0, 1, 2, 4]
0.16666666666666666 0.1875
itercount --------> 5
[6, 2, 7]
[6, 2, 3]
0.1875 0.25
itercount --------> 6
[6, 0, 1]
[6, 0, 2]
[6, 0, 5]
[6, 0, 7]
0.25 0.3076923076923077
itercount --------> 7
[0, 2, 5]
[0, 2, 6]
[0, 2, 3]
[0, 2, 4]
[0, 2, 1]
0.3076923076923077 0.3333333333333333
itercount --------> 8
[0, 1, 2]
[0, 1, 5]
[0, 1, 6]
[0, 1, 3]
[0, 1, 7]
[0, 1, 4]
[0, 1, 2, 5]
[0, 1, 2, 6]
[0, 1, 2, 3]
[0, 1, 2, 7]
[0, 1, 2, 4]
[0, 1, 2, 5, 6]
[0, 1, 2, 5, 3]
[0, 1, 2, 5, 7]
[0, 1, 2, 5, 4]
[0, 1, 2, 5, 6, 3]
[0, 1, 2, 5, 6, 7]
[0, 1, 2, 5, 6, 4]
[0, 1, 2, 5, 6, 3, 7]
[0, 1, 2, 5, 6, 3, 4]
[0, 1, 2, 5, 6, 3, 7, 4]
failed -> 10 times
after fail n ======> 5
[0, 1, 2, 5, 4]
0.05357142857142857 0.15
itercount --------> 1
[5, 4, 0]
0.15 0.16666666666666666
itercount --------> 2
[5, 0, 4]
0.16666666666666666 0.21428571428571427
itercount --------> 3
[0, 1, 2]
[0, 1, 4]
[0, 1, 6]
0.21428571428571427 0.25
itercount --------> 4
[0, 4, 6]
0.25 0.2631578947368421
itercount --------> 5
[0, 4, 7]
0.2631578947368421 0.2857142857142857
itercount --------> 6
[0, 3, 4]
[0, 3, 1]
0.2857142857142857 0.3333333333333333
itercount --------> 7
[0, 3, 6]
0.3333333333333333 0.391304347826087
itercount --------> 8
[0, 1, 2]
0.391304347826087 0.4444444444444444
itercount --------> 9
[0, 1, 2]
[0, 1, 3]
0.4444444444444444 0.47058823529411764
itercount --------> 10
[3, 0, 1]
[3, 0, 2]
[3, 0, 4]
0.47058823529411764 0.5263157894736842
itercount --------> 11
[0, 1, 2]
[0, 1, 4]
[0, 1, 5]
0.5263157894736842 0.5555555555555556
itercount --------> 12
[0, 1, 2]
0.5555555555555556 0.5882352941176471
itercount --------> 13
[0, 1, 2]
[0, 1, 4]
[0, 1, 5]
[0, 1, 6]
[0, 1, 7]
[0, 1, 3]
0.5882352941176471 0.625
itercount --------> 14
[0, 4, 6]
[0, 4, 7]
[0, 4, 1]
[0, 4, 2]
[0, 4, 3]
[0, 4, 5]
[0, 4, 6, 7]
[0, 4, 6, 1]
[0, 4, 6, 2]
[0, 4, 6, 3]
[0, 4, 6, 5]
[0, 4, 6, 7, 1]
[0, 4, 6, 7, 2]
[0, 4, 6, 7, 3]
[0, 4, 6, 7, 5]
[0, 4, 6, 7, 1, 2]
[0, 4, 6, 7, 1, 3]
[0, 4, 6, 7, 1, 5]
[0, 4, 6, 7, 1, 2, 3]
[0, 4, 6, 7, 1, 2, 5]
[0, 4, 6, 7, 1, 2, 3, 5]
failed -> 11 times
after fail n ======> 6
[0, 1, 2, 5, 4, 3]
0.05357142857142857 0.15
itercount --------> 1
[0, 4, 1]
0.15 0.16666666666666666
itercount --------> 2
[0, 1, 4]
0.16666666666666666 0.21428571428571427
itercount --------> 3
[1, 2, 5]
[1, 2, 4]
0.21428571428571427 0.25
itercount --------> 4
[2, 4, 6]
[2, 4, 7]
0.25 0.26666666666666666
itercount --------> 5
[1, 2, 5]
[1, 2, 0]
0.26666666666666666 0.3076923076923077
itercount --------> 6
[0, 1, 2]
[0, 1, 5]
[0, 1, 3]
[0, 1, 4]
[0, 1, 6]
0.3076923076923077 0.5263157894736842
itercount --------> 7
[1, 0, 2]
[1, 0, 5]
0.5263157894736842 0.5555555555555556
itercount --------> 8
[1, 0, 2]
0.5555555555555556 0.625
itercount --------> 9
[0, 1, 2]
[0, 1, 5]
[0, 1, 6]
[0, 1, 7]
[0, 1, 3]
[0, 1, 4]
[0, 1, 2, 5]
[0, 1, 2, 6]
[0, 1, 2, 7]
0.625 0.6666666666666666
itercount --------> 10
[1, 7, 4]
[1, 7, 6]
[1, 7, 0]
[1, 7, 2]
[1, 7, 3]
[1, 7, 5]
[1, 7, 4, 6]
[1, 7, 4, 0]
0.6666666666666666 0.7692307692307693
itercount --------> 11
[6, 7, 3]
[6, 7, 4]
[6, 7, 0]
[6, 7, 1]
[6, 7, 2]
[6, 7, 5]
[6, 7, 3, 4]
[6, 7, 3, 0]
[6, 7, 3, 1]
[6, 7, 3, 2]
[6, 7, 3, 5]
[6, 7, 3, 4, 0]
[6, 7, 3, 4, 1]
[6, 7, 3, 4, 2]
[6, 7, 3, 4, 5]
[6, 7, 3, 4, 0, 1]
[6, 7, 3, 4, 0, 2]
[6, 7, 3, 4, 0, 5]
[6, 7, 3, 4, 0, 1, 2]
[6, 7, 3, 4, 0, 1, 5]
[6, 7, 3, 4, 0, 1, 2, 5]
failed -> 12 times
after fail n ======> 7
[0, 1, 2, 5, 4, 3, 6]
0.05357142857142857 0.09523809523809523
itercount --------> 1
[1, 0, 4]
0.09523809523809523 0.15
itercount --------> 2
[0, 6, 2]
0.15 0.25
itercount --------> 3
[6, 0, 1]
[6, 0, 2]
[6, 0, 5]
0.25 0.2857142857142857
itercount --------> 4
[5, 0, 6]
0.2857142857142857 0.375
itercount --------> 5
[0, 5, 6]
[0, 5, 4]
[0, 5, 7]
[0, 5, 2]
[0, 5, 3]
[0, 5, 1]
0.375 0.42857142857142855
itercount --------> 6
[0, 2, 5]
[0, 2, 6]
[0, 2, 4]
[0, 2, 7]
[0, 2, 1]
0.42857142857142855 0.5
itercount --------> 7
[0, 1, 2]
[0, 1, 5]
[0, 1, 6]
0.5 0.6
itercount --------> 8
[7, 0, 1]
[7, 0, 2]
[7, 0, 4]
0.6 0.625
itercount --------> 9
[0, 1, 2]
[0, 1, 5]
[0, 1, 6]
[0, 1, 7]
0.625 0.7692307692307693
itercount --------> 10
[6, 7, 3]
[6, 7, 4]
[6, 7, 0]
[6, 7, 1]
[6, 7, 2]
[6, 7, 5]
[6, 7, 3, 4]
[6, 7, 3, 0]
[6, 7, 3, 1]
[6, 7, 3, 2]
[6, 7, 3, 5]
[6, 7, 3, 4, 0]
[6, 7, 3, 4, 1]
[6, 7, 3, 4, 2]
[6, 7, 3, 4, 5]
[6, 7, 3, 4, 0, 1]
[6, 7, 3, 4, 0, 2]
[6, 7, 3, 4, 0, 5]
[6, 7, 3, 4, 0, 1, 2]
[6, 7, 3, 4, 0, 1, 5]
[6, 7, 3, 4, 0, 1, 2, 5]
failed -> 13 times
after fail n ======> 8
[0, 1, 2, 5, 4, 3, 6, 7]
0.05357142857142857 0.056338028169014086
itercount --------> 1
[0, 1, 2]
[0, 1, 5]
0.056338028169014086 0.10256410256410256
itercount --------> 2
[1, 2, 0]
[1, 2, 5]
0.10256410256410256 0.26666666666666666
itercount --------> 3
[0, 1, 2]
[0, 1, 5]
[0, 1, 3]
[0, 1, 4]
[0, 1, 6]
0.26666666666666666 0.4
itercount --------> 4
[0, 1, 2]
0.4 0.5263157894736842
itercount --------> 5
[0, 1, 2]
0.5263157894736842 0.625
itercount --------> 6
[0, 1, 2]
[0, 1, 5]
[0, 1, 6]
[0, 1, 7]
[0, 1, 3]
[0, 1, 4]
[0, 1, 2, 5]
[0, 1, 2, 6]
[0, 1, 2, 7]
[0, 1, 2, 3]
[0, 1, 2, 4]
[0, 1, 2, 5, 6]
[0, 1, 2, 5, 7]
[0, 1, 2, 5, 3]
[0, 1, 2, 5, 4]
[0, 1, 2, 5, 6, 7]
[0, 1, 2, 5, 6, 3]
[0, 1, 2, 5, 6, 4]
[0, 1, 2, 5, 6, 7, 3]
[0, 1, 2, 5, 6, 7, 4]
[0, 1, 2, 5, 6, 7, 3, 4]
failed -> 14 times
after fail n ======> 5
[0, 1, 2, 5, 4]
0.05357142857142857 0.09523809523809523
itercount --------> 1
[2, 4, 5]
0.09523809523809523 0.15
itercount --------> 2
[0, 1, 2]
0.15 0.21428571428571427
itercount --------> 3
[0, 1, 2]
[0, 1, 5]
[0, 1, 4]
0.21428571428571427 0.25
itercount --------> 4
[0, 4, 6]
[0, 4, 7]
0.25 0.26666666666666666
itercount --------> 5
[0, 1, 2]
[0, 1, 5]
[0, 1, 3]
[0, 1, 4]
[0, 1, 6]
0.26666666666666666 0.3333333333333333
itercount --------> 6
[1, 0, 2]
0.3333333333333333 0.4666666666666667
itercount --------> 7
[0, 1, 2]
[0, 1, 5]
[0, 1, 6]
0.4666666666666667 0.5263157894736842
itercount --------> 8
[0, 1, 2]
[0, 1, 5]
[0, 1, 7]
[0, 1, 6]
[0, 1, 3]
[0, 1, 4]
[0, 1, 2, 5]
0.5263157894736842 0.625
itercount --------> 9
[0, 1, 2]
[0, 1, 5]
[0, 1, 6]
[0, 1, 7]
[0, 1, 3]
[0, 1, 4]
[0, 1, 2, 5]
[0, 1, 2, 6]
[0, 1, 2, 7]
[0, 1, 2, 3]
[0, 1, 2, 4]
[0, 1, 2, 5, 6]
[0, 1, 2, 5, 7]
[0, 1, 2, 5, 3]
[0, 1, 2, 5, 4]
[0, 1, 2, 5, 6, 7]
[0, 1, 2, 5, 6, 3]
[0, 1, 2, 5, 6, 4]
[0, 1, 2, 5, 6, 7, 3]
[0, 1, 2, 5, 6, 7, 4]
[0, 1, 2, 5, 6, 7, 3, 4]
failed -> 15 times
after fail n ======> 6
[0, 1, 2, 5, 4, 3]
0.05357142857142857 0.09375
itercount --------> 1
[2, 5, 4]
0.09375 0.09523809523809523
itercount --------> 2
[5, 2, 4]
0.09523809523809523 0.13333333333333333
itercount --------> 3
[4, 2, 5]
0.13333333333333333 0.16
itercount --------> 4
[5, 0, 1]
0.16 0.2222222222222222
itercount --------> 5
[5, 2, 4]
0.2222222222222222 0.25
itercount --------> 6
[2, 4, 6]
0.25 0.26666666666666666
itercount --------> 7
[0, 1, 2]
[0, 1, 5]
[0, 1, 3]
[0, 1, 4]
[0, 1, 6]
[0, 1, 7]
0.26666666666666666 0.2857142857142857
itercount --------> 8
[1, 0, 6]
0.2857142857142857 0.2916666666666667
itercount --------> 9
[0, 1, 2]
0.2916666666666667 0.3684210526315789
itercount --------> 10
[0, 1, 4]
[0, 1, 3]
[0, 1, 2]
[0, 1, 5]
[0, 1, 6]
0.3684210526315789 0.4
itercount --------> 11
[1, 6, 3]
0.4 0.46153846153846156
itercount --------> 12
[1, 4, 6]
0.46153846153846156 0.47058823529411764
itercount --------> 13
[4, 1, 3]
[4, 1, 0]
[4, 1, 2]
0.47058823529411764 0.5
itercount --------> 14
[4, 3, 0]
[4, 3, 1]
[4, 3, 2]
[4, 3, 5]
[4, 3, 7]
[4, 3, 6]
[4, 3, 0, 1]
[4, 3, 0, 2]
[4, 3, 0, 5]
[4, 3, 0, 7]
[4, 3, 0, 6]
[4, 3, 0, 1, 2]
[4, 3, 0, 1, 5]
0.5 0.5333333333333333
itercount --------> 15
[4, 3, 7]
[4, 3, 6]
[4, 3, 0]
[4, 3, 1]
[4, 3, 2]
[4, 3, 5]
[4, 3, 7, 6]
[4, 3, 7, 0]
[4, 3, 7, 1]
[4, 3, 7, 2]
[4, 3, 7, 5]
[4, 3, 7, 6, 0]
[4, 3, 7, 6, 1]
[4, 3, 7, 6, 2]
[4, 3, 7, 6, 5]
[4, 3, 7, 6, 0, 1]
[4, 3, 7, 6, 0, 2]
[4, 3, 7, 6, 0, 5]
[4, 3, 7, 6, 0, 1, 2]
[4, 3, 7, 6, 0, 1, 5]
[4, 3, 7, 6, 0, 1, 2, 5]
failed -> 16 times
after fail n ======> 7
[0, 1, 2, 5, 4, 3, 6]
0.05357142857142857 0.09302325581395349
itercount --------> 1
[1, 5, 0]
0.09302325581395349 0.16
itercount --------> 2
[0, 1, 5]
0.16 0.2222222222222222
itercount --------> 3
[0, 2, 4]
0.2222222222222222 0.3
itercount --------> 4
[0, 6, 1]
0.3 0.32142857142857145
itercount --------> 5
[0, 1, 2]
0.32142857142857145 0.42857142857142855
itercount --------> 6
[0, 1, 2]
0.42857142857142855 0.47368421052631576
itercount --------> 7
[0, 1, 2]
[0, 1, 5]
[0, 1, 7]
0.47368421052631576 0.5294117647058824
itercount --------> 8
[0, 7, 1]
[0, 7, 2]
0.5294117647058824 0.5384615384615384
itercount --------> 9
[7, 4, 3]
[7, 4, 6]
[7, 4, 0]
[7, 4, 1]
[7, 4, 2]
[7, 4, 5]
[7, 4, 3, 6]
[7, 4, 3, 0]
[7, 4, 3, 1]
[7, 4, 3, 2]
[7, 4, 3, 5]
[7, 4, 3, 6, 0]
[7, 4, 3, 6, 1]
[7, 4, 3, 6, 2]
[7, 4, 3, 6, 5]
[7, 4, 3, 6, 0, 1]
[7, 4, 3, 6, 0, 2]
[7, 4, 3, 6, 0, 5]
[7, 4, 3, 6, 0, 1, 2]
[7, 4, 3, 6, 0, 1, 5]
[7, 4, 3, 6, 0, 1, 2, 5]
failed -> 17 times
after fail n ======> 8
[0, 1, 2, 5, 4, 3, 6, 7]
0.05357142857142857 0.06896551724137931
itercount --------> 1
[0, 2, 3]
0.06896551724137931 0.08695652173913043
itercount --------> 2
[0, 2, 3]
0.08695652173913043 0.09523809523809523
itercount --------> 3
[0, 4, 1]
0.09523809523809523 0.15625
itercount --------> 4
[0, 1, 2]
0.15625 0.21052631578947367
itercount --------> 5
[0, 6, 1]
0.21052631578947367 0.2727272727272727
itercount --------> 6
[0, 1, 6]
[0, 1, 2]
[0, 1, 5]
[0, 1, 7]
0.2727272727272727 0.2777777777777778
itercount --------> 7
[0, 7, 6]
[0, 7, 1]
[0, 7, 2]
[0, 7, 5]
0.2777777777777778 0.3125
itercount --------> 8
[0, 7, 6]
[0, 7, 3]
[0, 7, 1]
[0, 7, 2]
[0, 7, 4]
[0, 7, 5]
0.3125 0.3333333333333333
itercount --------> 9
[3, 7, 0]
[3, 7, 1]
[3, 7, 2]
[3, 7, 5]
[3, 7, 4]
0.3333333333333333 0.4166666666666667
itercount --------> 10
[7, 0, 1]
[7, 0, 2]
[7, 0, 5]
[7, 0, 3]
[7, 0, 6]
[7, 0, 4]
[7, 0, 1, 2]
0.4166666666666667 0.42857142857142855
itercount --------> 11
[1, 2, 6]
[1, 2, 0]
[1, 2, 3]
[1, 2, 4]
[1, 2, 7]
[1, 2, 5]
[1, 2, 6, 0]
[1, 2, 6, 3]
[1, 2, 6, 4]
[1, 2, 6, 7]
[1, 2, 6, 5]
[1, 2, 6, 0, 3]
0.42857142857142855 0.47058823529411764
itercount --------> 12
[1, 2, 0]
[1, 2, 6]
[1, 2, 4]
[1, 2, 7]
[1, 2, 5]
0.47058823529411764 0.5333333333333333
itercount --------> 13
[0, 1, 2]
[0, 1, 6]
[0, 1, 4]
[0, 1, 5]
[0, 1, 7]
[0, 1, 3]
[0, 1, 2, 6]
[0, 1, 2, 4]
[0, 1, 2, 5]
[0, 1, 2, 7]
[0, 1, 2, 3]
0.5333333333333333 0.5714285714285714
itercount --------> 14
[1, 6, 4]
[1, 6, 7]
[1, 6, 0]
[1, 6, 2]
[1, 6, 3]
[1, 6, 5]
[1, 6, 4, 7]
0.5714285714285714 0.6428571428571429
itercount --------> 15
[7, 4, 6]
[7, 4, 0]
[7, 4, 1]
[7, 4, 2]
0.6428571428571429 0.7142857142857143
itercount --------> 16
[4, 6, 7]
[4, 6, 3]
[4, 6, 0]
[4, 6, 1]
[4, 6, 2]
[4, 6, 5]
[4, 6, 7, 3]
[4, 6, 7, 0]
[4, 6, 7, 1]
[4, 6, 7, 2]
[4, 6, 7, 5]
[4, 6, 7, 3, 0]
[4, 6, 7, 3, 1]
[4, 6, 7, 3, 2]
[4, 6, 7, 3, 5]
[4, 6, 7, 3, 0, 1]
[4, 6, 7, 3, 0, 2]
[4, 6, 7, 3, 0, 5]
[4, 6, 7, 3, 0, 1, 2]
[4, 6, 7, 3, 0, 1, 5]
[4, 6, 7, 3, 0, 1, 2, 5]
failed -> 18 times
after fail n ======> 5
[0, 1, 2, 5, 4]
0.05357142857142857 0.09375
itercount --------> 1
[1, 5, 4]
0.09375 0.13333333333333333
itercount --------> 2
[4, 1, 5]
0.13333333333333333 0.16
itercount --------> 3
[1, 0, 2]
0.16 0.2222222222222222
itercount --------> 4
[1, 5, 4]
[1, 5, 6]
0.2222222222222222 0.25
itercount --------> 5
[1, 4, 6]
[1, 4, 7]
0.25 0.26666666666666666
itercount --------> 6
[0, 1, 2]
[0, 1, 6]
0.26666666666666666 0.3333333333333333
itercount --------> 7
[0, 1, 2]
0.3333333333333333 0.4666666666666667
itercount --------> 8
[0, 1, 2]
[0, 1, 6]
[0, 1, 3]
[0, 1, 7]
[0, 1, 4]
[0, 1, 5]
[0, 1, 2, 6]
0.4666666666666667 0.5263157894736842
itercount --------> 9
[0, 2, 1]
[0, 2, 7]
[0, 2, 6]
[0, 2, 3]
[0, 2, 4]
[0, 2, 5]
[0, 2, 1, 7]
0.5263157894736842 0.5384615384615384
itercount --------> 10
[7, 4, 3]
[7, 4, 6]
[7, 4, 0]
[7, 4, 1]
[7, 4, 2]
[7, 4, 5]
[7, 4, 3, 6]
[7, 4, 3, 0]
[7, 4, 3, 1]
[7, 4, 3, 2]
[7, 4, 3, 5]
[7, 4, 3, 6, 0]
[7, 4, 3, 6, 1]
[7, 4, 3, 6, 2]
[7, 4, 3, 6, 5]
[7, 4, 3, 6, 0, 1]
[7, 4, 3, 6, 0, 2]
[7, 4, 3, 6, 0, 5]
[7, 4, 3, 6, 0, 1, 2]
0.5384615384615384 0.625
itercount --------> 11
[0, 2, 7]
[0, 2, 6]
[0, 2, 1]
[0, 2, 3]
[0, 2, 4]
[0, 2, 5]
[0, 2, 7, 6]
[0, 2, 7, 1]
[0, 2, 7, 3]
[0, 2, 7, 4]
[0, 2, 7, 5]
[0, 2, 7, 6, 1]
[0, 2, 7, 6, 3]
[0, 2, 7, 6, 4]
[0, 2, 7, 6, 5]
[0, 2, 7, 6, 1, 3]
[0, 2, 7, 6, 1, 4]
[0, 2, 7, 6, 1, 5]
[0, 2, 7, 6, 1, 3, 4]
[0, 2, 7, 6, 1, 3, 5]
[0, 2, 7, 6, 1, 3, 4, 5]
failed -> 19 times
after fail n ======> 6
[0, 1, 2, 5, 4, 3]
0.05357142857142857 0.09375
itercount --------> 1
[0, 5, 4]
0.09375 0.09523809523809523
itercount --------> 2
[5, 0, 4]
0.09523809523809523 0.13333333333333333
itercount --------> 3
[4, 0, 5]
0.13333333333333333 0.15
itercount --------> 4
[5, 4, 1]
[5, 4, 2]
[5, 4, 6]
[5, 4, 7]
0.15 0.17391304347826086
itercount --------> 5
[5, 1, 2]
0.17391304347826086 0.26666666666666666
itercount --------> 6
[1, 2, 5]
[1, 2, 0]
0.26666666666666666 0.3076923076923077
itercount --------> 7
[0, 1, 2]
[0, 1, 5]
[0, 1, 3]
0.3076923076923077 0.3333333333333333
itercount --------> 8
[0, 1, 2]
[0, 1, 5]
[0, 1, 3]
[0, 1, 7]
[0, 1, 4]
[0, 1, 6]
0.3333333333333333 0.3684210526315789
itercount --------> 9
[0, 6, 1]
0.3684210526315789 0.375
itercount --------> 10
[0, 1, 5]
0.375 0.5263157894736842
itercount --------> 11
[0, 5, 1]
0.5263157894736842 0.625
itercount --------> 12
[0, 1, 2]
[0, 1, 5]
[0, 1, 6]
[0, 1, 7]
[0, 1, 3]
[0, 1, 4]
[0, 1, 2, 5]
[0, 1, 2, 6]
[0, 1, 2, 7]
[0, 1, 2, 3]
[0, 1, 2, 4]
[0, 1, 2, 5, 6]
[0, 1, 2, 5, 7]
[0, 1, 2, 5, 3]
[0, 1, 2, 5, 4]
[0, 1, 2, 5, 6, 7]
[0, 1, 2, 5, 6, 3]
[0, 1, 2, 5, 6, 4]
[0, 1, 2, 5, 6, 7, 3]
[0, 1, 2, 5, 6, 7, 4]
[0, 1, 2, 5, 6, 7, 3, 4]
failed -> 20 times
after fail n ======> 7
[0, 1, 2, 5, 4, 3, 6]
0.05357142857142857 0.057692307692307696
itercount --------> 1
[0, 5, 1]
0.057692307692307696 0.1
itercount --------> 2
[6, 0, 1]
0.1 0.10526315789473684
itercount --------> 3
[2, 4, 7]
0.10526315789473684 0.125
itercount --------> 4
[2, 7, 1]
0.125 0.15789473684210525
itercount --------> 5
[2, 1, 4]
0.15789473684210525 0.2631578947368421
itercount --------> 6
[2, 7, 6]
0.2631578947368421 0.2692307692307692
itercount --------> 7
[7, 2, 1]
[7, 2, 4]
[7, 2, 6]
[7, 2, 3]
[7, 2, 0]
0.2692307692307692 0.3
itercount --------> 8
[7, 2, 1]
[7, 2, 6]
0.3 0.3333333333333333
itercount --------> 9
[7, 2, 1]
[7, 2, 4]
[7, 2, 6]
0.3333333333333333 0.3684210526315789
itercount --------> 10
[7, 2, 6]
[7, 2, 4]
0.3684210526315789 0.4375
itercount --------> 11
[6, 7, 3]
[6, 7, 4]
[6, 7, 2]
0.4375 0.5
itercount --------> 12
[7, 1, 2]
[7, 1, 4]
[7, 1, 3]
[7, 1, 6]
[7, 1, 0]
[7, 1, 5]
[7, 1, 2, 4]
[7, 1, 2, 3]
0.5 0.5384615384615384
itercount --------> 13
[7, 4, 3]
[7, 4, 6]
[7, 4, 0]
[7, 4, 1]
[7, 4, 2]
[7, 4, 5]
[7, 4, 3, 6]
[7, 4, 3, 0]
[7, 4, 3, 1]
[7, 4, 3, 2]
[7, 4, 3, 5]
[7, 4, 3, 6, 0]
[7, 4, 3, 6, 1]
[7, 4, 3, 6, 2]
[7, 4, 3, 6, 5]
[7, 4, 3, 6, 0, 1]
[7, 4, 3, 6, 0, 2]
[7, 4, 3, 6, 0, 5]
[7, 4, 3, 6, 0, 1, 2]
[7, 4, 3, 6, 0, 1, 5]
0.5384615384615384 0.5714285714285714
itercount --------> 14
[4, 7, 3]
[4, 7, 6]
[4, 7, 0]
[4, 7, 1]
[4, 7, 2]
[4, 7, 5]
[4, 7, 3, 6]
[4, 7, 3, 0]
[4, 7, 3, 1]
[4, 7, 3, 2]
[4, 7, 3, 5]
[4, 7, 3, 6, 0]
[4, 7, 3, 6, 1]
[4, 7, 3, 6, 2]
[4, 7, 3, 6, 5]
[4, 7, 3, 6, 0, 1]
[4, 7, 3, 6, 0, 2]
[4, 7, 3, 6, 0, 5]
[4, 7, 3, 6, 0, 1, 2]
[4, 7, 3, 6, 0, 1, 5]
[4, 7, 3, 6, 0, 1, 2, 5]
failed -> 21 times
after fail n ======> 8
[0, 1, 2, 5, 4, 3, 6, 7]
0.05357142857142857 0.09375
itercount --------> 1
[0, 1, 4]
0.09375 0.16
itercount --------> 2
[1, 2, 5]
0.16 0.2222222222222222
itercount --------> 3
[1, 0, 4]
0.2222222222222222 0.25
itercount --------> 4
[0, 4, 6]
0.25 0.26666666666666666
itercount --------> 5
[0, 1, 2]
[0, 1, 5]
[0, 1, 3]
[0, 1, 4]
[0, 1, 6]
[0, 1, 7]
0.26666666666666666 0.3333333333333333
itercount --------> 6
[0, 6, 1]
[0, 6, 2]
[0, 6, 3]
0.3333333333333333 0.35294117647058826
itercount --------> 7
[7, 6, 3]
0.35294117647058826 0.42105263157894735
itercount --------> 8
[0, 7, 1]
[0, 7, 2]
0.42105263157894735 0.4444444444444444
itercount --------> 9
[7, 0, 1]
0.4444444444444444 0.5333333333333333
itercount --------> 10
[7, 3, 4]
[7, 3, 6]
[7, 3, 0]
[7, 3, 1]
[7, 3, 2]
[7, 3, 5]
[7, 3, 4, 6]
[7, 3, 4, 0]
[7, 3, 4, 1]
[7, 3, 4, 2]
[7, 3, 4, 5]
[7, 3, 4, 6, 0]
[7, 3, 4, 6, 1]
[7, 3, 4, 6, 2]
[7, 3, 4, 6, 5]
[7, 3, 4, 6, 0, 1]
[7, 3, 4, 6, 0, 2]
[7, 3, 4, 6, 0, 5]
[7, 3, 4, 6, 0, 1, 2]
[7, 3, 4, 6, 0, 1, 5]
[7, 3, 4, 6, 0, 1, 2, 5]
failed -> 22 times
after fail n ======> 5
[0, 1, 2, 5, 4]
0.05357142857142857 0.09302325581395349
itercount --------> 1
[2, 5, 0]
0.09302325581395349 0.13793103448275862
itercount --------> 2
[2, 0, 1]
0.13793103448275862 0.2222222222222222
itercount --------> 3
[0, 5, 4]
[0, 5, 6]
0.2222222222222222 0.3
itercount --------> 4
[0, 6, 1]
[0, 6, 2]
0.3 0.3333333333333333
itercount --------> 5
[0, 5, 6]
0.3333333333333333 0.35294117647058826
itercount --------> 6
[5, 6, 7]
0.35294117647058826 0.47619047619047616
itercount --------> 7
[0, 1, 2]
[0, 1, 5]
0.47619047619047616 0.625
itercount --------> 8
[0, 1, 2]
[0, 1, 5]
[0, 1, 7]
[0, 1, 4]
[0, 1, 3]
0.625 0.6666666666666666
itercount --------> 9
[0, 1, 2]
[0, 1, 5]
[0, 1, 7]
[0, 1, 4]
[0, 1, 3]
[0, 1, 6]
[0, 1, 2, 5]
[0, 1, 2, 7]
[0, 1, 2, 4]
[0, 1, 2, 3]
[0, 1, 2, 6]
[0, 1, 2, 5, 7]
[0, 1, 2, 5, 4]
[0, 1, 2, 5, 3]
[0, 1, 2, 5, 6]
[0, 1, 2, 5, 7, 4]
[0, 1, 2, 5, 7, 3]
[0, 1, 2, 5, 7, 6]
[0, 1, 2, 5, 7, 4, 3]
[0, 1, 2, 5, 7, 4, 6]
[0, 1, 2, 5, 7, 4, 3, 6]
failed -> 23 times
after fail n ======> 6
[0, 1, 2, 5, 4, 3]
0.05357142857142857 0.05405405405405406
itercount --------> 1
[0, 1, 2]
0.05405405405405406 0.15
itercount --------> 2
[5, 4, 2]
[5, 4, 6]
0.15 0.17391304347826086
itercount --------> 3
[5, 2, 6]
[5, 2, 3]
0.17391304347826086 0.26666666666666666
itercount --------> 4
[2, 5, 6]
[2, 5, 3]
[2, 5, 7]
0.26666666666666666 0.3333333333333333
itercount --------> 5
[2, 6, 3]
[2, 6, 5]
[2, 6, 0]
0.3333333333333333 0.3684210526315789
itercount --------> 6
[2, 3, 4]
[2, 3, 6]
[2, 3, 5]
[2, 3, 0]
[2, 3, 1]
[2, 3, 7]
[2, 3, 4, 6]
0.3684210526315789 0.38095238095238093
itercount --------> 7
[2, 0, 1]
[2, 0, 3]
[2, 0, 4]
[2, 0, 5]
0.38095238095238093 0.4444444444444444
itercount --------> 8
[2, 3, 4]
[2, 3, 0]
[2, 3, 1]
[2, 3, 5]
[2, 3, 6]
0.4444444444444444 0.55
itercount --------> 9
[0, 1, 2]
[0, 1, 5]
[0, 1, 7]
[0, 1, 3]
[0, 1, 4]
[0, 1, 6]
[0, 1, 2, 5]
[0, 1, 2, 7]
[0, 1, 2, 3]
[0, 1, 2, 4]
[0, 1, 2, 6]
[0, 1, 2, 5, 7]
[0, 1, 2, 5, 3]
[0, 1, 2, 5, 4]
[0, 1, 2, 5, 6]
[0, 1, 2, 5, 7, 3]
[0, 1, 2, 5, 7, 4]
[0, 1, 2, 5, 7, 6]
[0, 1, 2, 5, 7, 3, 4]
[0, 1, 2, 5, 7, 3, 6]
[0, 1, 2, 5, 7, 3, 4, 6]
failed -> 24 times
after fail n ======> 7
[0, 1, 2, 5, 4, 3, 6]
0.05357142857142857 0.09375
itercount --------> 1
[1, 2, 4]
0.09375 0.15
itercount --------> 2
[0, 1, 2]
0.15 0.21428571428571427
itercount --------> 3
[0, 1, 2]
[0, 1, 5]
[0, 1, 4]
0.21428571428571427 0.2222222222222222
itercount --------> 4
[0, 5, 4]
[0, 5, 6]
0.2222222222222222 0.3157894736842105
itercount --------> 5
[5, 6, 0]
0.3157894736842105 0.5
itercount --------> 6
[5, 0, 7]
[5, 0, 1]
[5, 0, 2]
0.5 0.5294117647058824
itercount --------> 7
[0, 5, 7]
[0, 5, 4]
[0, 5, 1]
0.5294117647058824 0.6
itercount --------> 8
[7, 0, 1]
[7, 0, 2]
[7, 0, 4]
0.6 0.625
itercount --------> 9
[0, 1, 2]
[0, 1, 5]
[0, 1, 6]
[0, 1, 7]
[0, 1, 3]
[0, 1, 4]
0.625 0.7142857142857143
itercount --------> 10
[6, 7, 0]
[6, 7, 1]
[6, 7, 2]
[6, 7, 3]
[6, 7, 4]
[6, 7, 5]
[6, 7, 0, 1]
[6, 7, 0, 2]
[6, 7, 0, 3]
[6, 7, 0, 4]
[6, 7, 0, 5]
[6, 7, 0, 1, 2]
[6, 7, 0, 1, 3]
[6, 7, 0, 1, 4]
[6, 7, 0, 1, 5]
[6, 7, 0, 1, 2, 3]
[6, 7, 0, 1, 2, 4]
[6, 7, 0, 1, 2, 5]
[6, 7, 0, 1, 2, 3, 4]
[6, 7, 0, 1, 2, 3, 5]
[6, 7, 0, 1, 2, 3, 4, 5]
failed -> 25 times
after fail n ======> 8
[0, 1, 2, 5, 4, 3, 6, 7]
0.05357142857142857 0.09375
itercount --------> 1
[0, 1, 4]
0.09375 0.09523809523809523
itercount --------> 2
[0, 1, 4]
0.09523809523809523 0.16
itercount --------> 3
[0, 2, 5]
0.16 0.2222222222222222
itercount --------> 4
[0, 1, 4]
[0, 1, 6]
0.2222222222222222 0.25
itercount --------> 5
[0, 4, 6]
[0, 4, 7]
0.25 0.26666666666666666
itercount --------> 6
[0, 2, 5]
[0, 2, 6]
0.26666666666666666 0.3888888888888889
itercount --------> 7
[2, 6, 0]
0.3888888888888889 0.4666666666666667
itercount --------> 8
[0, 2, 5]
[0, 2, 6]
[0, 2, 3]
[0, 2, 7]
[0, 2, 4]
[0, 2, 1]
[0, 2, 5, 6]
0.4666666666666667 0.5263157894736842
itercount --------> 9
[2, 5, 0]
[2, 5, 7]
[2, 5, 6]
[2, 5, 1]
0.5263157894736842 0.625
itercount --------> 10
[0, 2, 5]
[0, 2, 7]
[0, 2, 6]
[0, 2, 3]
[0, 2, 4]
0.625 0.7142857142857143
itercount --------> 11
[7, 0, 2]
[7, 0, 5]
0.7142857142857143 0.7692307692307693
itercount --------> 12
[6, 7, 3]
[6, 7, 4]
[6, 7, 0]
[6, 7, 1]
[6, 7, 2]
[6, 7, 5]
[6, 7, 3, 4]
[6, 7, 3, 0]
[6, 7, 3, 1]
[6, 7, 3, 2]
[6, 7, 3, 5]
[6, 7, 3, 4, 0]
[6, 7, 3, 4, 1]
[6, 7, 3, 4, 2]
[6, 7, 3, 4, 5]
[6, 7, 3, 4, 0, 1]
[6, 7, 3, 4, 0, 2]
[6, 7, 3, 4, 0, 5]
[6, 7, 3, 4, 0, 1, 2]
[6, 7, 3, 4, 0, 1, 5]
[6, 7, 3, 4, 0, 1, 2, 5]
failed -> 26 times
after fail n ======> 5
[0, 1, 2, 5, 4]
0.05357142857142857 0.15
itercount --------> 1
[0, 1, 2]
0.15 0.21428571428571427
itercount --------> 2
[0, 1, 2]
[0, 1, 5]
[0, 1, 4]
0.21428571428571427 0.2222222222222222
itercount --------> 3
[0, 5, 4]
[0, 5, 6]
0.2222222222222222 0.3157894736842105
itercount --------> 4
[5, 6, 0]
0.3157894736842105 0.5
itercount --------> 5
[5, 0, 7]
[5, 0, 1]
0.5 0.5294117647058824
itercount --------> 6
[0, 5, 7]
[0, 5, 4]
[0, 5, 1]
[0, 5, 2]
[0, 5, 6]
[0, 5, 3]
[0, 5, 7, 4]
0.5294117647058824 0.625
itercount --------> 7
[0, 1, 2]
[0, 1, 5]
[0, 1, 6]
[0, 1, 7]
[0, 1, 3]
[0, 1, 4]
[0, 1, 2, 5]
[0, 1, 2, 6]
[0, 1, 2, 7]
[0, 1, 2, 3]
[0, 1, 2, 4]
[0, 1, 2, 5, 6]
[0, 1, 2, 5, 7]
[0, 1, 2, 5, 3]
[0, 1, 2, 5, 4]
[0, 1, 2, 5, 6, 7]
[0, 1, 2, 5, 6, 3]
[0, 1, 2, 5, 6, 4]
[0, 1, 2, 5, 6, 7, 3]
[0, 1, 2, 5, 6, 7, 4]
[0, 1, 2, 5, 6, 7, 3, 4]
failed -> 27 times
after fail n ======> 6
[0, 1, 2, 5, 4, 3]
0.05357142857142857 0.06060606060606061
itercount --------> 1
[4, 5, 0]
0.06060606060606061 0.09375
itercount --------> 2
[1, 2, 4]
[1, 2, 0]
0.09375 0.21428571428571427
itercount --------> 3
[0, 1, 2]
[0, 1, 5]
[0, 1, 4]
0.21428571428571427 0.25
itercount --------> 4
[1, 4, 6]
[1, 4, 7]
0.25 0.26666666666666666
itercount --------> 5
[0, 1, 2]
[0, 1, 5]
[0, 1, 3]
[0, 1, 4]
[0, 1, 6]
0.26666666666666666 0.2916666666666667
itercount --------> 6
[0, 1, 2]
0.2916666666666667 0.3333333333333333
itercount --------> 7
[0, 5, 1]
0.3333333333333333 0.3888888888888889
itercount --------> 8
[0, 6, 1]
0.3888888888888889 0.4666666666666667
itercount --------> 9
[0, 1, 2]
[0, 1, 5]
[0, 1, 6]
[0, 1, 3]
[0, 1, 7]
[0, 1, 4]
[0, 1, 2, 5]
[0, 1, 2, 6]
0.4666666666666667 0.5263157894736842
itercount --------> 10
[2, 0, 1]
0.5263157894736842 0.625
itercount --------> 11
[0, 1, 2]
[0, 1, 5]
[0, 1, 6]
[0, 1, 7]
[0, 1, 3]
[0, 1, 4]
[0, 1, 2, 5]
[0, 1, 2, 6]
[0, 1, 2, 7]
[0, 1, 2, 3]
[0, 1, 2, 4]
[0, 1, 2, 5, 6]
[0, 1, 2, 5, 7]
[0, 1, 2, 5, 3]
[0, 1, 2, 5, 4]
[0, 1, 2, 5, 6, 7]
[0, 1, 2, 5, 6, 3]
[0, 1, 2, 5, 6, 4]
[0, 1, 2, 5, 6, 7, 3]
[0, 1, 2, 5, 6, 7, 4]
[0, 1, 2, 5, 6, 7, 3, 4]
failed -> 28 times
after fail n ======> 7
[0, 1, 2, 5, 4, 3, 6]
0.05357142857142857 0.09523809523809523
itercount --------> 1
[4, 2, 5]
0.09523809523809523 0.13333333333333333
itercount --------> 2
[4, 2, 6]
0.13333333333333333 0.16666666666666666
itercount --------> 3
[0, 1, 2]
[0, 1, 5]
[0, 1, 4]
[0, 1, 6]
[0, 1, 7]
[0, 1, 3]
[0, 1, 2, 5]
[0, 1, 2, 4]
[0, 1, 2, 6]
[0, 1, 2, 7]
[0, 1, 2, 3]
[0, 1, 2, 5, 4]
[0, 1, 2, 5, 6]
[0, 1, 2, 5, 7]
[0, 1, 2, 5, 3]
[0, 1, 2, 5, 4, 6]
[0, 1, 2, 5, 4, 7]
[0, 1, 2, 5, 4, 3]
[0, 1, 2, 5, 4, 6, 7]
[0, 1, 2, 5, 4, 6, 3]
[0, 1, 2, 5, 4, 6, 7, 3]
0.16666666666666666 0.18181818181818182
itercount --------> 4
[6, 4, 3]
[6, 4, 7]
[6, 4, 1]
[6, 4, 2]
[6, 4, 5]
[6, 4, 0]
[6, 4, 3, 7]
[6, 4, 3, 1]
[6, 4, 3, 2]
[6, 4, 3, 5]
[6, 4, 3, 0]
[6, 4, 3, 7, 1]
0.18181818181818182 0.23529411764705882
itercount --------> 5
[0, 4, 6]
[0, 4, 3]
[0, 4, 7]
[0, 4, 2]
0.23529411764705882 0.3076923076923077
itercount --------> 6
[5, 6, 3]
[5, 6, 4]
[5, 6, 7]
[5, 6, 0]
0.3076923076923077 0.3333333333333333
itercount --------> 7
[0, 1, 2]
[0, 1, 5]
[0, 1, 3]
[0, 1, 6]
[0, 1, 7]
[0, 1, 4]
[0, 1, 2, 5]
[0, 1, 2, 3]
[0, 1, 2, 6]
[0, 1, 2, 7]
[0, 1, 2, 4]
[0, 1, 2, 5, 3]
[0, 1, 2, 5, 6]
[0, 1, 2, 5, 7]
[0, 1, 2, 5, 4]
[0, 1, 2, 5, 3, 6]
[0, 1, 2, 5, 3, 7]
[0, 1, 2, 5, 3, 4]
[0, 1, 2, 5, 3, 6, 7]
[0, 1, 2, 5, 3, 6, 4]
[0, 1, 2, 5, 3, 6, 7, 4]
failed -> 29 times
after fail n ======> 8
[0, 1, 2, 5, 4, 3, 6, 7]
0.05357142857142857 0.06060606060606061
itercount --------> 1
[4, 5, 0]
0.06060606060606061 0.09523809523809523
itercount --------> 2
[4, 1, 2]
[4, 1, 6]
[4, 1, 0]
0.09523809523809523 0.13333333333333333
itercount --------> 3
[4, 2, 6]
0.13333333333333333 0.21428571428571427
itercount --------> 4
[7, 4, 3]
[7, 4, 6]
[7, 4, 2]
0.21428571428571427 0.23076923076923078
itercount --------> 5
[4, 7, 3]
[4, 7, 6]
0.23076923076923078 0.25
itercount --------> 6
[6, 0, 1]
0.25 0.26666666666666666
itercount --------> 7
[1, 6, 7]
0.26666666666666666 0.3684210526315789
itercount --------> 8
[7, 4, 6]
[7, 4, 0]
0.3684210526315789 0.4375
itercount --------> 9
[7, 0, 1]
[7, 0, 5]
[7, 0, 4]
[7, 0, 2]
0.4375 0.5
itercount --------> 10
[7, 4, 0]
[7, 4, 1]
[7, 4, 2]
[7, 4, 3]
[7, 4, 5]
[7, 4, 6]
[7, 4, 0, 1]
[7, 4, 0, 2]
[7, 4, 0, 3]
[7, 4, 0, 5]
[7, 4, 0, 6]
[7, 4, 0, 1, 2]
[7, 4, 0, 1, 3]
[7, 4, 0, 1, 5]
[7, 4, 0, 1, 6]
[7, 4, 0, 1, 2, 3]
0.5 0.5384615384615384
itercount --------> 11
[7, 4, 3]
[7, 4, 6]
[7, 4, 0]
[7, 4, 1]
[7, 4, 2]
[7, 4, 5]
[7, 4, 3, 6]
[7, 4, 3, 0]
[7, 4, 3, 1]
[7, 4, 3, 2]
[7, 4, 3, 5]
[7, 4, 3, 6, 0]
[7, 4, 3, 6, 1]
[7, 4, 3, 6, 2]
[7, 4, 3, 6, 5]
[7, 4, 3, 6, 0, 1]
[7, 4, 3, 6, 0, 2]
[7, 4, 3, 6, 0, 5]
[7, 4, 3, 6, 0, 1, 2]
[7, 4, 3, 6, 0, 1, 5]
[7, 4, 3, 6, 0, 1, 2, 5]
failed -> 30 times
after fail n ======> 5
[0, 1, 2, 5, 4]
0.05357142857142857 0.06060606060606061
itercount --------> 1
[4, 5, 0]
0.06060606060606061 0.09523809523809523
itercount --------> 2
[4, 1, 2]
0.09523809523809523 0.13333333333333333
itercount --------> 3
[4, 1, 6]
[4, 1, 7]
0.13333333333333333 0.15384615384615385
itercount --------> 4
[0, 1, 2]
[0, 1, 5]
[0, 1, 4]
[0, 1, 6]
0.15384615384615385 0.16666666666666666
itercount --------> 5
[0, 1, 2]
[0, 1, 5]
[0, 1, 4]
[0, 1, 6]
0.16666666666666666 0.23076923076923078
itercount --------> 6
[0, 1, 2]
[0, 1, 5]
[0, 1, 4]
[0, 1, 6]
[0, 1, 7]
[0, 1, 3]
[0, 1, 2, 5]
[0, 1, 2, 4]
[0, 1, 2, 6]
[0, 1, 2, 7]
[0, 1, 2, 3]
[0, 1, 2, 5, 4]
[0, 1, 2, 5, 6]
[0, 1, 2, 5, 7]
[0, 1, 2, 5, 3]
[0, 1, 2, 5, 4, 6]
[0, 1, 2, 5, 4, 7]
[0, 1, 2, 5, 4, 3]
[0, 1, 2, 5, 4, 6, 7]
[0, 1, 2, 5, 4, 6, 3]
[0, 1, 2, 5, 4, 6, 7, 3]
failed -> 31 times
after fail n ======> 6
[0, 1, 2, 5, 4, 3]
0.05357142857142857 0.06060606060606061
itercount --------> 1
[4, 2, 0]
0.06060606060606061 0.09523809523809523
itercount --------> 2
[4, 1, 5]
0.09523809523809523 0.13333333333333333
itercount --------> 3
[4, 0, 2]
[4, 0, 1]
0.13333333333333333 0.16666666666666666
itercount --------> 4
[0, 1, 2]
[0, 1, 5]
[0, 1, 4]
[0, 1, 6]
[0, 1, 7]
[0, 1, 3]
[0, 1, 2, 5]
[0, 1, 2, 4]
0.16666666666666666 0.21428571428571427
itercount --------> 5
[0, 1, 5]
[0, 1, 4]
0.21428571428571427 0.2222222222222222
itercount --------> 6
[1, 0, 5]
[1, 0, 4]
[1, 0, 6]
0.2222222222222222 0.23529411764705882
itercount --------> 7
[0, 6, 4]
0.23529411764705882 0.25
itercount --------> 8
[1, 5, 0]
0.25 0.2857142857142857
itercount --------> 9
[0, 1, 5]
[0, 1, 4]
[0, 1, 6]
[0, 1, 7]
0.2857142857142857 0.4
itercount --------> 10
[0, 6, 2]
[0, 6, 1]
[0, 6, 3]
0.4 0.42857142857142855
itercount --------> 11
[0, 6, 2]
[0, 6, 3]
[0, 6, 4]
0.42857142857142855 0.47058823529411764
itercount --------> 12
[4, 3, 0]
[4, 3, 7]
[4, 3, 2]
[4, 3, 1]
[4, 3, 5]
[4, 3, 6]
[4, 3, 0, 7]
[4, 3, 0, 2]
[4, 3, 0, 1]
0.47058823529411764 0.5
itercount --------> 13
[4, 3, 7]
[4, 3, 0]
[4, 3, 6]
[4, 3, 1]
[4, 3, 2]
[4, 3, 5]
[4, 3, 7, 0]
[4, 3, 7, 6]
[4, 3, 7, 1]
[4, 3, 7, 2]
[4, 3, 7, 5]
[4, 3, 7, 0, 6]
[4, 3, 7, 0, 1]
[4, 3, 7, 0, 2]
[4, 3, 7, 0, 5]
[4, 3, 7, 0, 6, 1]
[4, 3, 7, 0, 6, 2]
[4, 3, 7, 0, 6, 5]
[4, 3, 7, 0, 6, 1, 2]
[4, 3, 7, 0, 6, 1, 5]
[4, 3, 7, 0, 6, 1, 2, 5]
failed -> 32 times
after fail n ======> 7
[0, 1, 2, 5, 4, 3, 6]
0.05357142857142857 0.08
itercount --------> 1
[0, 5, 3]
0.08 0.15
itercount --------> 2
[5, 4, 1]
0.15 0.2
itercount --------> 3
[5, 0, 4]
[5, 0, 6]
[5, 0, 3]
[5, 0, 7]
0.2 0.21428571428571427
itercount --------> 4
[4, 5, 6]
[4, 5, 3]
[4, 5, 7]
0.21428571428571427 0.2857142857142857
itercount --------> 5
[5, 6, 4]
[5, 6, 3]
[5, 6, 7]
[5, 6, 1]
0.2857142857142857 0.3076923076923077
itercount --------> 6
[6, 5, 7]
0.3076923076923077 0.3333333333333333
itercount --------> 7
[0, 1, 2]
[0, 1, 5]
[0, 1, 6]
[0, 1, 7]
[0, 1, 3]
[0, 1, 4]
[0, 1, 2, 5]
[0, 1, 2, 6]
[0, 1, 2, 7]
[0, 1, 2, 3]
[0, 1, 2, 4]
[0, 1, 2, 5, 6]
[0, 1, 2, 5, 7]
[0, 1, 2, 5, 3]
[0, 1, 2, 5, 4]
[0, 1, 2, 5, 6, 7]
[0, 1, 2, 5, 6, 3]
[0, 1, 2, 5, 6, 4]
[0, 1, 2, 5, 6, 7, 3]
[0, 1, 2, 5, 6, 7, 4]
[0, 1, 2, 5, 6, 7, 3, 4]
failed -> 33 times
after fail n ======> 8
[0, 1, 2, 5, 4, 3, 6, 7]
0.05357142857142857 0.06060606060606061
itercount --------> 1
[4, 5, 0]
0.06060606060606061 0.09302325581395349
itercount --------> 2
[1, 2, 5]
[1, 2, 0]
0.09302325581395349 0.25
itercount --------> 3
[5, 4, 6]
[5, 4, 7]
0.25 0.26666666666666666
itercount --------> 4
[0, 1, 2]
[0, 1, 5]
[0, 1, 3]
[0, 1, 4]
[0, 1, 6]
0.26666666666666666 0.3333333333333333
itercount --------> 5
[1, 2, 0]
0.3333333333333333 0.3888888888888889
itercount --------> 6
[1, 6, 0]
0.3888888888888889 0.4
itercount --------> 7
[1, 0, 2]
0.4 0.45454545454545453
itercount --------> 8
[0, 1, 2]
[0, 1, 5]
[0, 1, 7]
0.45454545454545453 0.5263157894736842
itercount --------> 9
[1, 0, 2]
[1, 0, 5]
0.5263157894736842 0.625
itercount --------> 10
[0, 1, 2]
[0, 1, 5]
[0, 1, 6]
[0, 1, 7]
[0, 1, 3]
[0, 1, 4]
[0, 1, 2, 5]
[0, 1, 2, 6]
[0, 1, 2, 7]
[0, 1, 2, 3]
[0, 1, 2, 4]
[0, 1, 2, 5, 6]
[0, 1, 2, 5, 7]
[0, 1, 2, 5, 3]
[0, 1, 2, 5, 4]
[0, 1, 2, 5, 6, 7]
[0, 1, 2, 5, 6, 3]
[0, 1, 2, 5, 6, 4]
[0, 1, 2, 5, 6, 7, 3]
[0, 1, 2, 5, 6, 7, 4]
[0, 1, 2, 5, 6, 7, 3, 4]
failed -> 34 times
after fail n ======> 5
[0, 1, 2, 5, 4]
0.05357142857142857 0.06060606060606061
itercount --------> 1
[4, 0, 1]
0.06060606060606061 0.09302325581395349
itercount --------> 2
[2, 5, 0]
[2, 5, 1]
[2, 5, 4]
[2, 5, 6]
0.09302325581395349 0.17647058823529413
itercount --------> 3
[0, 6, 2]
[0, 6, 4]
[0, 6, 5]
0.17647058823529413 0.21428571428571427
itercount --------> 4
[6, 0, 1]
0.21428571428571427 0.25
itercount --------> 5
[6, 0, 1]
[6, 0, 2]
[6, 0, 5]
[6, 0, 7]
[6, 0, 3]
[6, 0, 4]
[6, 0, 1, 2]
[6, 0, 1, 5]
[6, 0, 1, 7]
0.25 0.2857142857142857
itercount --------> 6
[6, 0, 1]
[6, 0, 4]
0.2857142857142857 0.3333333333333333
itercount --------> 7
[0, 1, 2]
[0, 1, 5]
[0, 1, 6]
[0, 1, 3]
[0, 1, 7]
[0, 1, 4]
[0, 1, 2, 5]
[0, 1, 2, 6]
[0, 1, 2, 3]
[0, 1, 2, 7]
[0, 1, 2, 4]
[0, 1, 2, 5, 6]
[0, 1, 2, 5, 3]
[0, 1, 2, 5, 7]
[0, 1, 2, 5, 4]
[0, 1, 2, 5, 6, 3]
[0, 1, 2, 5, 6, 7]
[0, 1, 2, 5, 6, 4]
[0, 1, 2, 5, 6, 3, 7]
[0, 1, 2, 5, 6, 3, 4]
[0, 1, 2, 5, 6, 3, 7, 4]
failed -> 35 times
after fail n ======> 6
[0, 1, 2, 5, 4, 3]
0.05357142857142857 0.06060606060606061
itercount --------> 1
[4, 2, 0]
[4, 2, 1]
0.06060606060606061 0.09523809523809523
itercount --------> 2
[4, 0, 5]
0.09523809523809523 0.13333333333333333
itercount --------> 3
[4, 5, 6]
0.13333333333333333 0.15384615384615385
itercount --------> 4
[0, 1, 2]
[0, 1, 6]
[0, 1, 4]
[0, 1, 7]
[0, 1, 5]
0.15384615384615385 0.16666666666666666
itercount --------> 5
[0, 1, 2]
[0, 1, 5]
[0, 1, 4]
[0, 1, 6]
[0, 1, 7]
[0, 1, 3]
[0, 1, 2, 5]
[0, 1, 2, 4]
[0, 1, 2, 6]
[0, 1, 2, 7]
[0, 1, 2, 3]
[0, 1, 2, 5, 4]
[0, 1, 2, 5, 6]
[0, 1, 2, 5, 7]
[0, 1, 2, 5, 3]
[0, 1, 2, 5, 4, 6]
[0, 1, 2, 5, 4, 7]
[0, 1, 2, 5, 4, 3]
[0, 1, 2, 5, 4, 6, 7]
0.16666666666666666 0.1875
itercount --------> 6
[4, 1, 6]
[4, 1, 0]
0.1875 0.23076923076923078
itercount --------> 7
[0, 1, 2]
[0, 1, 5]
[0, 1, 4]
[0, 1, 6]
[0, 1, 7]
[0, 1, 3]
[0, 1, 2, 5]
[0, 1, 2, 4]
0.23076923076923078 0.23529411764705882
itercount --------> 8
[2, 4, 6]
0.23529411764705882 0.2631578947368421
itercount --------> 9
[4, 2, 3]
[4, 2, 6]
[4, 2, 1]
0.2631578947368421 0.26666666666666666
itercount --------> 10
[4, 1, 6]
0.26666666666666666 0.2777777777777778
itercount --------> 11
[1, 6, 3]
0.2777777777777778 0.3157894736842105
itercount --------> 12
[1, 6, 3]
[1, 6, 4]
[1, 6, 7]
[1, 6, 0]
0.3157894736842105 0.3333333333333333
itercount --------> 13
[1, 0, 2]
[1, 0, 5]
[1, 0, 6]
[1, 0, 3]
[1, 0, 7]
[1, 0, 4]
[1, 0, 2, 5]
0.3333333333333333 0.36
itercount --------> 14
[1, 0, 2]
0.36 0.4090909090909091
itercount --------> 15
[1, 6, 3]
[1, 6, 7]
[1, 6, 0]
[1, 6, 2]
[1, 6, 5]
[1, 6, 4]
[1, 6, 3, 7]
0.4090909090909091 0.42105263157894735
itercount --------> 16
[1, 3, 7]
[1, 3, 6]
[1, 3, 4]
0.42105263157894735 0.43478260869565216
itercount --------> 17
[1, 7, 0]
0.43478260869565216 0.4375
itercount --------> 18
[4, 7, 6]
[4, 7, 0]
0.4375 0.5
itercount --------> 19
[0, 1, 2]
[0, 1, 5]
[0, 1, 7]
[0, 1, 3]
[0, 1, 4]
[0, 1, 6]
[0, 1, 2, 5]
[0, 1, 2, 7]
0.5 0.55
itercount --------> 20
[1, 7, 3]
[1, 7, 4]
[1, 7, 6]
[1, 7, 0]
[1, 7, 2]
[1, 7, 5]
0.55 0.6111111111111112
itercount --------> 21
[7, 3, 4]
[7, 3, 6]
[7, 3, 0]
[7, 3, 1]
[7, 3, 2]
[7, 3, 5]
[7, 3, 4, 6]
[7, 3, 4, 0]
[7, 3, 4, 1]
[7, 3, 4, 2]
[7, 3, 4, 5]
[7, 3, 4, 6, 0]
[7, 3, 4, 6, 1]
[7, 3, 4, 6, 2]
[7, 3, 4, 6, 5]
[7, 3, 4, 6, 0, 1]
[7, 3, 4, 6, 0, 2]
[7, 3, 4, 6, 0, 5]
[7, 3, 4, 6, 0, 1, 2]
[7, 3, 4, 6, 0, 1, 5]
0.6111111111111112 0.6470588235294118
itercount --------> 22
[7, 3, 4]
[7, 3, 6]
[7, 3, 0]
[7, 3, 1]
[7, 3, 2]
[7, 3, 5]
[7, 3, 4, 6]
[7, 3, 4, 0]
[7, 3, 4, 1]
[7, 3, 4, 2]
[7, 3, 4, 5]
[7, 3, 4, 6, 0]
[7, 3, 4, 6, 1]
[7, 3, 4, 6, 2]
[7, 3, 4, 6, 5]
[7, 3, 4, 6, 0, 1]
[7, 3, 4, 6, 0, 2]
[7, 3, 4, 6, 0, 5]
[7, 3, 4, 6, 0, 1, 2]
[7, 3, 4, 6, 0, 1, 5]
[7, 3, 4, 6, 0, 1, 2, 5]
failed -> 36 times
after fail n ======> 7
[0, 1, 2, 5, 4, 3, 6]
0.05357142857142857 0.09375
itercount --------> 1
[0, 1, 4]
0.09375 0.09523809523809523
itercount --------> 2
[0, 1, 4]
0.09523809523809523 0.13333333333333333
itercount --------> 3
[4, 0, 1]
0.13333333333333333 0.15
itercount --------> 4
[1, 4, 2]
0.15 0.21428571428571427
itercount --------> 5
[1, 2, 5]
[1, 2, 4]
0.21428571428571427 0.2222222222222222
itercount --------> 6
[2, 1, 5]
0.2222222222222222 0.2857142857142857
itercount --------> 7
[1, 2, 5]
[1, 2, 4]
[1, 2, 6]
0.2857142857142857 0.375
itercount --------> 8
[1, 2, 6]
0.375 0.47368421052631576
itercount --------> 9
[2, 1, 7]
[2, 1, 4]
[2, 1, 5]
[2, 1, 6]
[2, 1, 0]
0.47368421052631576 0.5294117647058824
itercount --------> 10
[1, 2, 7]
[1, 2, 4]
[1, 2, 5]
[1, 2, 6]
[1, 2, 3]
[1, 2, 0]
[1, 2, 7, 4]
0.5294117647058824 0.5882352941176471
itercount --------> 11
[1, 2, 0]
[1, 2, 5]
[1, 2, 7]
[1, 2, 6]
[1, 2, 3]
[1, 2, 4]
[1, 2, 0, 5]
0.5882352941176471 0.625
itercount --------> 12
[2, 7, 0]
[2, 7, 1]
[2, 7, 4]
[2, 7, 5]
0.625 0.7142857142857143
itercount --------> 13
[6, 7, 0]
[6, 7, 1]
[6, 7, 2]
[6, 7, 3]
[6, 7, 4]
[6, 7, 5]
[6, 7, 0, 1]
[6, 7, 0, 2]
[6, 7, 0, 3]
[6, 7, 0, 4]
[6, 7, 0, 5]
[6, 7, 0, 1, 2]
[6, 7, 0, 1, 3]
[6, 7, 0, 1, 4]
[6, 7, 0, 1, 5]
[6, 7, 0, 1, 2, 3]
[6, 7, 0, 1, 2, 4]
[6, 7, 0, 1, 2, 5]
[6, 7, 0, 1, 2, 3, 4]
[6, 7, 0, 1, 2, 3, 5]
[6, 7, 0, 1, 2, 3, 4, 5]
failed -> 37 times
after fail n ======> 8
[0, 1, 2, 5, 4, 3, 6, 7]
0.05357142857142857 0.0625
itercount --------> 1
[0, 2, 5]
0.0625 0.16666666666666666
itercount --------> 2
[1, 4, 6]
0.16666666666666666 0.21052631578947367
itercount --------> 3
[1, 6, 0]
0.21052631578947367 0.3076923076923077
itercount --------> 4
[0, 1, 2]
[0, 1, 5]
[0, 1, 6]
0.3076923076923077 0.3333333333333333
itercount --------> 5
[0, 1, 2]
[0, 1, 5]
[0, 1, 6]
[0, 1, 3]
[0, 1, 7]
[0, 1, 4]
[0, 1, 2, 5]
[0, 1, 2, 6]
[0, 1, 2, 3]
[0, 1, 2, 7]
[0, 1, 2, 4]
[0, 1, 2, 5, 6]
[0, 1, 2, 5, 3]
[0, 1, 2, 5, 7]
[0, 1, 2, 5, 4]
[0, 1, 2, 5, 6, 3]
[0, 1, 2, 5, 6, 7]
[0, 1, 2, 5, 6, 4]
[0, 1, 2, 5, 6, 3, 7]
[0, 1, 2, 5, 6, 3, 4]
[0, 1, 2, 5, 6, 3, 7, 4]
failed -> 38 times
after fail n ======> 5
[0, 1, 2, 5, 4]
0.05357142857142857 0.09375
itercount --------> 1
[0, 2, 4]
0.09375 0.15
itercount --------> 2
[0, 1, 2]
0.15 0.21428571428571427
itercount --------> 3
[0, 1, 2]
[0, 1, 5]
[0, 1, 4]
[0, 1, 3]
[0, 1, 6]
0.21428571428571427 0.25
itercount --------> 4
[0, 1, 2]
[0, 1, 4]
[0, 1, 6]
0.25 0.2857142857142857
itercount --------> 5
[0, 1, 2]
[0, 1, 5]
[0, 1, 4]
0.2857142857142857 0.3333333333333333
itercount --------> 6
[0, 1, 2]
[0, 1, 5]
[0, 1, 6]
0.3333333333333333 0.391304347826087
itercount --------> 7
[1, 0, 5]
[1, 0, 7]
0.391304347826087 0.4090909090909091
itercount --------> 8
[0, 1, 2]
[0, 1, 5]
[0, 1, 7]
0.4090909090909091 0.4117647058823529
itercount --------> 9
[7, 0, 1]
0.4117647058823529 0.42857142857142855
itercount --------> 10
[1, 0, 2]
[1, 0, 5]
[1, 0, 7]
[1, 0, 4]
[1, 0, 6]
[1, 0, 3]
0.42857142857142855 0.47058823529411764
itercount --------> 11
[1, 7, 4]
[1, 7, 0]
[1, 7, 2]
[1, 7, 5]
[1, 7, 6]
0.47058823529411764 0.47619047619047616
itercount --------> 12
[1, 5, 0]
0.47619047619047616 0.625
itercount --------> 13
[1, 0, 2]
[1, 0, 5]
[1, 0, 7]
[1, 0, 4]
[1, 0, 3]
[1, 0, 6]
[1, 0, 2, 5]
[1, 0, 2, 7]
[1, 0, 2, 4]
[1, 0, 2, 3]
[1, 0, 2, 6]
0.625 0.6428571428571429
itercount --------> 14
[1, 4, 7]
[1, 4, 3]
[1, 4, 6]
[1, 4, 0]
[1, 4, 2]
[1, 4, 5]
[1, 4, 7, 3]
[1, 4, 7, 6]
[1, 4, 7, 0]
0.6428571428571429 0.6666666666666666
itercount --------> 15
[1, 7, 0]
[1, 7, 2]
[1, 7, 4]
[1, 7, 5]
[1, 7, 3]
[1, 7, 6]
[1, 7, 0, 2]
[1, 7, 0, 4]
[1, 7, 0, 5]
[1, 7, 0, 3]
[1, 7, 0, 6]
[1, 7, 0, 2, 4]
[1, 7, 0, 2, 5]
[1, 7, 0, 2, 3]
[1, 7, 0, 2, 6]
[1, 7, 0, 2, 4, 5]
[1, 7, 0, 2, 4, 3]
[1, 7, 0, 2, 4, 6]
[1, 7, 0, 2, 4, 5, 3]
[1, 7, 0, 2, 4, 5, 6]
[1, 7, 0, 2, 4, 5, 3, 6]
failed -> 39 times
after fail n ======> 6
[0, 1, 2, 5, 4, 3]
0.05357142857142857 0.06896551724137931
itercount --------> 1
[5, 2, 0]
0.06896551724137931 0.16
itercount --------> 2
[2, 5, 0]
0.16 0.25
itercount --------> 3
[5, 4, 6]
[5, 4, 7]
0.25 0.26666666666666666
itercount --------> 4
[0, 1, 2]
[0, 1, 5]
[0, 1, 3]
[0, 1, 4]
[0, 1, 6]
0.26666666666666666 0.4
itercount --------> 5
[1, 0, 2]
0.4 0.45454545454545453
itercount --------> 6
[0, 1, 2]
[0, 1, 5]
[0, 1, 7]
0.45454545454545453 0.5263157894736842
itercount --------> 7
[1, 0, 2]
[1, 0, 5]
[1, 0, 7]
[1, 0, 6]
[1, 0, 3]
[1, 0, 4]
[1, 0, 2, 5]
0.5263157894736842 0.625
itercount --------> 8
[0, 1, 2]
[0, 1, 5]
[0, 1, 6]
[0, 1, 7]
[0, 1, 3]
[0, 1, 4]
[0, 1, 2, 5]
[0, 1, 2, 6]
[0, 1, 2, 7]
0.625 0.7692307692307693
itercount --------> 9
[6, 7, 3]
[6, 7, 4]
[6, 7, 0]
[6, 7, 1]
[6, 7, 2]
[6, 7, 5]
[6, 7, 3, 4]
[6, 7, 3, 0]
[6, 7, 3, 1]
[6, 7, 3, 2]
[6, 7, 3, 5]
[6, 7, 3, 4, 0]
[6, 7, 3, 4, 1]
[6, 7, 3, 4, 2]
[6, 7, 3, 4, 5]
[6, 7, 3, 4, 0, 1]
[6, 7, 3, 4, 0, 2]
[6, 7, 3, 4, 0, 5]
[6, 7, 3, 4, 0, 1, 2]
[6, 7, 3, 4, 0, 1, 5]
[6, 7, 3, 4, 0, 1, 2, 5]
failed -> 40 times
after fail n ======> 7
[0, 1, 2, 5, 4, 3, 6]
0.05357142857142857 0.08
itercount --------> 1
[0, 5, 3]
0.08 0.15
itercount --------> 2
[5, 4, 1]
[5, 4, 2]
0.15 0.1875
itercount --------> 3
[5, 4, 6]
0.1875 0.3125
itercount --------> 4
[5, 6, 4]
[5, 6, 7]
[5, 6, 0]
[5, 6, 1]
0.3125 0.3333333333333333
itercount --------> 5
[5, 0, 6]
[5, 0, 1]
[5, 0, 2]
0.3333333333333333 0.38461538461538464
itercount --------> 6
[0, 1, 2]
[0, 1, 5]
[0, 1, 6]
0.38461538461538464 0.4
itercount --------> 7
[3, 7, 4]
[3, 7, 0]
0.4 0.5294117647058824
itercount --------> 8
[0, 1, 2]
[0, 1, 3]
[0, 1, 5]
[0, 1, 7]
[0, 1, 4]
[0, 1, 6]
0.5294117647058824 0.5625
itercount --------> 9
[3, 7, 1]
[3, 7, 4]
[3, 7, 5]
[3, 7, 6]
[3, 7, 0]
[3, 7, 2]
[3, 7, 1, 4]
[3, 7, 1, 5]
[3, 7, 1, 6]
[3, 7, 1, 0]
0.5625 0.6
itercount --------> 10
[3, 7, 4]
[3, 7, 6]
0.6 0.6428571428571429
itercount --------> 11
[7, 4, 6]
[7, 4, 0]
[7, 4, 1]
[7, 4, 2]
0.6428571428571429 0.6666666666666666
itercount --------> 12
[4, 6, 7]
[4, 6, 0]
[4, 6, 1]
[4, 6, 2]
[4, 6, 3]
[4, 6, 5]
[4, 6, 7, 0]
[4, 6, 7, 1]
[4, 6, 7, 2]
[4, 6, 7, 3]
[4, 6, 7, 5]
[4, 6, 7, 0, 1]
[4, 6, 7, 0, 2]
[4, 6, 7, 0, 3]
[4, 6, 7, 0, 5]
[4, 6, 7, 0, 1, 2]
[4, 6, 7, 0, 1, 3]
[4, 6, 7, 0, 1, 5]
[4, 6, 7, 0, 1, 2, 3]
[4, 6, 7, 0, 1, 2, 5]
[4, 6, 7, 0, 1, 2, 3, 5]
0.6666666666666666 0.7142857142857143
itercount --------> 13
[4, 6, 7]
[4, 6, 3]
[4, 6, 0]
[4, 6, 1]
[4, 6, 2]
[4, 6, 5]
[4, 6, 7, 3]
[4, 6, 7, 0]
[4, 6, 7, 1]
[4, 6, 7, 2]
[4, 6, 7, 5]
[4, 6, 7, 3, 0]
[4, 6, 7, 3, 1]
[4, 6, 7, 3, 2]
[4, 6, 7, 3, 5]
[4, 6, 7, 3, 0, 1]
[4, 6, 7, 3, 0, 2]
[4, 6, 7, 3, 0, 5]
[4, 6, 7, 3, 0, 1, 2]
[4, 6, 7, 3, 0, 1, 5]
[4, 6, 7, 3, 0, 1, 2, 5]
failed -> 41 times
after fail n ======> 8
[0, 1, 2, 5, 4, 3, 6, 7]
0.05357142857142857 0.09523809523809523
itercount --------> 1
[4, 1, 5]
0.09523809523809523 0.13333333333333333
itercount --------> 2
[4, 5, 6]
0.13333333333333333 0.21428571428571427
itercount --------> 3
[6, 7, 0]
0.21428571428571427 0.23076923076923078
itercount --------> 4
[6, 1, 7]
[6, 1, 3]
[6, 1, 4]
0.23076923076923078 0.25
itercount --------> 5
[6, 0, 1]
[6, 0, 2]
[6, 0, 5]
[6, 0, 7]
[6, 0, 3]
[6, 0, 4]
[6, 0, 1, 2]
[6, 0, 1, 5]
[6, 0, 1, 7]
[6, 0, 1, 3]
[6, 0, 1, 4]
[6, 0, 1, 2, 5]
[6, 0, 1, 2, 7]
[6, 0, 1, 2, 3]
[6, 0, 1, 2, 4]
[6, 0, 1, 2, 5, 7]
[6, 0, 1, 2, 5, 3]
[6, 0, 1, 2, 5, 4]
[6, 0, 1, 2, 5, 7, 3]
[6, 0, 1, 2, 5, 7, 4]
[6, 0, 1, 2, 5, 7, 3, 4]
failed -> 42 times
after fail n ======> 5
[0, 1, 2, 5, 4]
0.05357142857142857 0.09375
itercount --------> 1
[2, 5, 4]
[2, 5, 0]
0.09375 0.11538461538461539
itercount --------> 2
[0, 5, 4]
0.11538461538461539 0.125
itercount --------> 3
[4, 6, 0]
0.125 0.14285714285714285
itercount --------> 4
[2, 4, 5]
0.14285714285714285 0.16666666666666666
itercount --------> 5
[0, 1, 2]
[0, 1, 5]
[0, 1, 4]
[0, 1, 6]
[0, 1, 7]
[0, 1, 3]
[0, 1, 2, 5]
[0, 1, 2, 4]
[0, 1, 2, 6]
[0, 1, 2, 7]
[0, 1, 2, 3]
[0, 1, 2, 5, 4]
[0, 1, 2, 5, 6]
[0, 1, 2, 5, 7]
[0, 1, 2, 5, 3]
[0, 1, 2, 5, 4, 6]
[0, 1, 2, 5, 4, 7]
[0, 1, 2, 5, 4, 3]
[0, 1, 2, 5, 4, 6, 7]
0.16666666666666666 0.2222222222222222
itercount --------> 6
[4, 6, 7]
[4, 6, 5]
[4, 6, 3]
[4, 6, 0]
[4, 6, 1]
[4, 6, 2]
[4, 6, 7, 5]
0.2222222222222222 0.25
itercount --------> 7
[0, 1, 6]
[0, 1, 4]
[0, 1, 3]
[0, 1, 7]
[0, 1, 2]
0.25 0.3333333333333333
itercount --------> 8
[0, 1, 2]
[0, 1, 5]
[0, 1, 3]
[0, 1, 6]
[0, 1, 7]
[0, 1, 4]
[0, 1, 2, 5]
[0, 1, 2, 3]
[0, 1, 2, 6]
[0, 1, 2, 7]
[0, 1, 2, 4]
[0, 1, 2, 5, 3]
[0, 1, 2, 5, 6]
[0, 1, 2, 5, 7]
[0, 1, 2, 5, 4]
[0, 1, 2, 5, 3, 6]
[0, 1, 2, 5, 3, 7]
[0, 1, 2, 5, 3, 4]
[0, 1, 2, 5, 3, 6, 7]
[0, 1, 2, 5, 3, 6, 4]
[0, 1, 2, 5, 3, 6, 7, 4]
failed -> 43 times
after fail n ======> 6
[0, 1, 2, 5, 4, 3]
0.05357142857142857 0.09375
itercount --------> 1
[1, 5, 4]
0.09375 0.09523809523809523
itercount --------> 2
[5, 1, 4]
0.09523809523809523 0.13333333333333333
itercount --------> 3
[4, 1, 5]
0.13333333333333333 0.15
itercount --------> 4
[0, 1, 2]
0.15 0.21428571428571427
itercount --------> 5
[0, 1, 2]
[0, 1, 5]
[0, 1, 4]
0.21428571428571427 0.2222222222222222
itercount --------> 6
[1, 5, 4]
0.2222222222222222 0.25
itercount --------> 7
[5, 4, 6]
[5, 4, 7]
[5, 4, 0]
0.25 0.2857142857142857
itercount --------> 8
[0, 1, 2]
[0, 1, 5]
[0, 1, 4]
[0, 1, 3]
[0, 1, 6]
0.2857142857142857 0.3333333333333333
itercount --------> 9
[0, 5, 1]
[0, 5, 2]
[0, 5, 6]
0.3333333333333333 0.375
itercount --------> 10
[5, 6, 4]
[5, 6, 7]
[5, 6, 0]
0.375 0.42857142857142855
itercount --------> 11
[5, 0, 1]
[5, 0, 2]
[5, 0, 7]
0.42857142857142855 0.4666666666666667
itercount --------> 12
[7, 4, 0]
[7, 4, 1]
[7, 4, 2]
0.4666666666666667 0.5384615384615384
itercount --------> 13
[7, 4, 3]
[7, 4, 6]
[7, 4, 0]
[7, 4, 1]
[7, 4, 2]
[7, 4, 5]
[7, 4, 3, 6]
[7, 4, 3, 0]
[7, 4, 3, 1]
[7, 4, 3, 2]
[7, 4, 3, 5]
[7, 4, 3, 6, 0]
[7, 4, 3, 6, 1]
[7, 4, 3, 6, 2]
[7, 4, 3, 6, 5]
[7, 4, 3, 6, 0, 1]
[7, 4, 3, 6, 0, 2]
[7, 4, 3, 6, 0, 5]
[7, 4, 3, 6, 0, 1, 2]
[7, 4, 3, 6, 0, 1, 5]
[7, 4, 3, 6, 0, 1, 2, 5]
failed -> 44 times
after fail n ======> 7
[0, 1, 2, 5, 4, 3, 6]
0.05357142857142857 0.09523809523809523
itercount --------> 1
[4, 1, 2]
0.09523809523809523 0.13333333333333333
itercount --------> 2
[4, 2, 6]
0.13333333333333333 0.16666666666666666
itercount --------> 3
[0, 1, 2]
[0, 1, 5]
[0, 1, 4]
[0, 1, 6]
[0, 1, 7]
[0, 1, 3]
[0, 1, 2, 5]
[0, 1, 2, 4]
[0, 1, 2, 6]
[0, 1, 2, 7]
[0, 1, 2, 3]
[0, 1, 2, 5, 4]
[0, 1, 2, 5, 6]
[0, 1, 2, 5, 7]
[0, 1, 2, 5, 3]
[0, 1, 2, 5, 4, 6]
[0, 1, 2, 5, 4, 7]
[0, 1, 2, 5, 4, 3]
[0, 1, 2, 5, 4, 6, 7]
[0, 1, 2, 5, 4, 6, 3]
[0, 1, 2, 5, 4, 6, 7, 3]
failed -> 45 times
after fail n ======> 8
[0, 1, 2, 5, 4, 3, 6, 7]
0.05357142857142857 0.09375
itercount --------> 1
[1, 2, 4]
0.09375 0.16
itercount --------> 2
[1, 0, 5]
0.16 0.2222222222222222
itercount --------> 3
[1, 2, 4]
[1, 2, 6]
0.2222222222222222 0.3157894736842105
itercount --------> 4
[2, 6, 1]
0.3157894736842105 0.5
itercount --------> 5
[2, 1, 7]
[2, 1, 0]
0.5 0.5294117647058824
itercount --------> 6
[1, 2, 7]
[1, 2, 4]
[1, 2, 0]
[1, 2, 5]
0.5294117647058824 0.6
itercount --------> 7
[7, 0, 1]
[7, 0, 2]
[7, 0, 4]
[7, 0, 5]
[7, 0, 6]
[7, 0, 3]
[7, 0, 1, 2]
[7, 0, 1, 4]
0.6 0.7142857142857143
itercount --------> 8
[6, 7, 0]
[6, 7, 1]
[6, 7, 2]
[6, 7, 3]
[6, 7, 4]
[6, 7, 5]
[6, 7, 0, 1]
[6, 7, 0, 2]
[6, 7, 0, 3]
[6, 7, 0, 4]
[6, 7, 0, 5]
[6, 7, 0, 1, 2]
[6, 7, 0, 1, 3]
[6, 7, 0, 1, 4]
[6, 7, 0, 1, 5]
[6, 7, 0, 1, 2, 3]
[6, 7, 0, 1, 2, 4]
[6, 7, 0, 1, 2, 5]
[6, 7, 0, 1, 2, 3, 4]
[6, 7, 0, 1, 2, 3, 5]
[6, 7, 0, 1, 2, 3, 4, 5]
failed -> 46 times
after fail n ======> 5
[0, 1, 2, 5, 4]
0.05357142857142857 0.09523809523809523
itercount --------> 1
[4, 1, 5]
0.09523809523809523 0.1
itercount --------> 2
[0, 2, 4]
0.1 0.10714285714285714
itercount --------> 3
[0, 2, 1]
0.10714285714285714 0.21428571428571427
itercount --------> 4
[1, 2, 5]
[1, 2, 4]
[1, 2, 6]
[1, 2, 7]
0.21428571428571427 0.2222222222222222
itercount --------> 5
[1, 4, 6]
[1, 4, 2]
0.2222222222222222 0.23529411764705882
itercount --------> 6
[2, 4, 6]
0.23529411764705882 0.25
itercount --------> 7
[1, 2, 4]
[1, 2, 5]
0.25 0.2777777777777778
itercount --------> 8
[4, 1, 2]
0.2777777777777778 0.3157894736842105
itercount --------> 9
[3, 1, 2]
0.3157894736842105 0.3181818181818182
itercount --------> 10
[2, 1, 3]
0.3181818181818182 0.3333333333333333
itercount --------> 11
[3, 4, 6]
[3, 4, 1]
[3, 4, 2]
0.3333333333333333 0.4
itercount --------> 12
[1, 3, 2]
[1, 3, 6]
[1, 3, 5]
[1, 3, 7]
[1, 3, 0]
[1, 3, 4]
[1, 3, 2, 6]
0.4 0.4583333333333333
itercount --------> 13
[1, 2, 5]
[1, 2, 7]
[1, 2, 0]
[1, 2, 3]
0.4583333333333333 0.4782608695652174
itercount --------> 14
[1, 2, 5]
[1, 2, 7]
[1, 2, 3]
[1, 2, 4]
[1, 2, 6]
[1, 2, 0]
0.4782608695652174 0.55
itercount --------> 15
[1, 2, 5]
[1, 2, 7]
[1, 2, 3]
[1, 2, 4]
[1, 2, 6]
[1, 2, 0]
[1, 2, 5, 7]
[1, 2, 5, 3]
[1, 2, 5, 4]
0.55 0.6111111111111112
itercount --------> 16
[7, 3, 4]
[7, 3, 6]
[7, 3, 0]
[7, 3, 1]
[7, 3, 2]
[7, 3, 5]
[7, 3, 4, 6]
[7, 3, 4, 0]
[7, 3, 4, 1]
[7, 3, 4, 2]
[7, 3, 4, 5]
[7, 3, 4, 6, 0]
[7, 3, 4, 6, 1]
[7, 3, 4, 6, 2]
[7, 3, 4, 6, 5]
[7, 3, 4, 6, 0, 1]
[7, 3, 4, 6, 0, 2]
[7, 3, 4, 6, 0, 5]
[7, 3, 4, 6, 0, 1, 2]
[7, 3, 4, 6, 0, 1, 5]
[7, 3, 4, 6, 0, 1, 2, 5]
failed -> 47 times
after fail n ======> 6
[0, 1, 2, 5, 4, 3]
0.05357142857142857 0.06060606060606061
itercount --------> 1
[4, 2, 0]
0.06060606060606061 0.09523809523809523
itercount --------> 2
[4, 1, 5]
0.09523809523809523 0.13333333333333333
itercount --------> 3
[4, 5, 6]
0.13333333333333333 0.16666666666666666
itercount --------> 4
[0, 1, 2]
[0, 1, 5]
[0, 1, 4]
[0, 1, 6]
[0, 1, 7]
[0, 1, 3]
[0, 1, 2, 5]
[0, 1, 2, 4]
[0, 1, 2, 6]
[0, 1, 2, 7]
[0, 1, 2, 3]
[0, 1, 2, 5, 4]
[0, 1, 2, 5, 6]
[0, 1, 2, 5, 7]
[0, 1, 2, 5, 3]
[0, 1, 2, 5, 4, 6]
[0, 1, 2, 5, 4, 7]
[0, 1, 2, 5, 4, 3]
[0, 1, 2, 5, 4, 6, 7]
0.16666666666666666 0.1875
itercount --------> 5
[4, 1, 6]
[4, 1, 0]
0.1875 0.23076923076923078
itercount --------> 6
[0, 1, 2]
[0, 1, 5]
[0, 1, 4]
[0, 1, 6]
[0, 1, 7]
[0, 1, 3]
[0, 1, 2, 5]
[0, 1, 2, 4]
[0, 1, 2, 6]
[0, 1, 2, 7]
[0, 1, 2, 3]
[0, 1, 2, 5, 4]
[0, 1, 2, 5, 6]
[0, 1, 2, 5, 7]
[0, 1, 2, 5, 3]
[0, 1, 2, 5, 4, 6]
[0, 1, 2, 5, 4, 7]
[0, 1, 2, 5, 4, 3]
[0, 1, 2, 5, 4, 6, 7]
[0, 1, 2, 5, 4, 6, 3]
[0, 1, 2, 5, 4, 6, 7, 3]
failed -> 48 times
after fail n ======> 7
[0, 1, 2, 5, 4, 3, 6]
0.05357142857142857 0.06060606060606061
itercount --------> 1
[4, 0, 1]
0.06060606060606061 0.09523809523809523
itercount --------> 2
[4, 2, 5]
0.09523809523809523 0.1
itercount --------> 3
[0, 1, 4]
0.1 0.1111111111111111
itercount --------> 4
[0, 1, 2]
0.1111111111111111 0.14285714285714285
itercount --------> 5
[2, 4, 5]
0.14285714285714285 0.1875
itercount --------> 6
[5, 4, 6]
0.1875 0.23529411764705882
itercount --------> 7
[5, 4, 6]
[5, 4, 7]
0.23529411764705882 0.25
itercount --------> 8
[2, 5, 4]
[2, 5, 6]
[2, 5, 7]
[2, 5, 3]
[2, 5, 0]
[2, 5, 1]
0.25 0.3076923076923077
itercount --------> 9
[0, 1, 2]
[0, 1, 5]
[0, 1, 6]
0.3076923076923077 0.35714285714285715
itercount --------> 10
[4, 3, 6]
[4, 3, 7]
0.35714285714285715 0.4
itercount --------> 11
[7, 6, 3]
0.4 0.47058823529411764
itercount --------> 12
[7, 6, 3]
[7, 6, 4]
[7, 6, 0]
[7, 6, 1]
[7, 6, 2]
[7, 6, 5]
[7, 6, 3, 4]
[7, 6, 3, 0]
[7, 6, 3, 1]
[7, 6, 3, 2]
[7, 6, 3, 5]
[7, 6, 3, 4, 0]
0.47058823529411764 0.47368421052631576
itercount --------> 13
[0, 2, 5]
[0, 2, 3]
[0, 2, 1]
[0, 2, 4]
[0, 2, 6]
0.47368421052631576 0.5
itercount --------> 14
[3, 0, 1]
[3, 0, 2]
[3, 0, 5]
[3, 0, 6]
[3, 0, 7]
[3, 0, 4]
[3, 0, 1, 2]
[3, 0, 1, 5]
[3, 0, 1, 6]
[3, 0, 1, 7]
[3, 0, 1, 4]
0.5 0.5384615384615384
itercount --------> 15
[6, 7, 4]
[6, 7, 3]
0.5384615384615384 0.6153846153846154
itercount --------> 16
[0, 1, 2]
[0, 1, 5]
[0, 1, 7]
[0, 1, 3]
[0, 1, 6]
[0, 1, 4]
[0, 1, 2, 5]
[0, 1, 2, 7]
[0, 1, 2, 3]
[0, 1, 2, 6]
[0, 1, 2, 4]
[0, 1, 2, 5, 7]
[0, 1, 2, 5, 3]
[0, 1, 2, 5, 6]
[0, 1, 2, 5, 4]
[0, 1, 2, 5, 7, 3]
[0, 1, 2, 5, 7, 6]
[0, 1, 2, 5, 7, 4]
[0, 1, 2, 5, 7, 3, 6]
[0, 1, 2, 5, 7, 3, 4]
[0, 1, 2, 5, 7, 3, 6, 4]
failed -> 49 times
after fail n ======> 8
[0, 1, 2, 5, 4, 3, 6, 7]
0.05357142857142857 0.09523809523809523
itercount --------> 1
[4, 1, 5]
0.09523809523809523 0.13333333333333333
itercount --------> 2
[4, 0, 2]
0.13333333333333333 0.15
itercount --------> 3
[0, 6, 1]
0.15 0.15384615384615385
itercount --------> 4
[1, 0, 6]
0.15384615384615385 0.21428571428571427
itercount --------> 5
[6, 0, 4]
0.21428571428571427 0.25
itercount --------> 6
[6, 0, 1]
[6, 0, 2]
[6, 0, 5]
[6, 0, 7]
[6, 0, 3]
[6, 0, 4]
[6, 0, 1, 2]
[6, 0, 1, 5]
[6, 0, 1, 7]
0.25 0.3076923076923077
itercount --------> 7
[1, 5, 6]
[1, 5, 3]
[1, 5, 4]
[1, 5, 7]
[1, 5, 0]
0.3076923076923077 0.3333333333333333
itercount --------> 8
[0, 1, 2]
[0, 1, 5]
[0, 1, 6]
[0, 1, 3]
[0, 1, 7]
[0, 1, 4]
[0, 1, 2, 5]
[0, 1, 2, 6]
[0, 1, 2, 3]
[0, 1, 2, 7]
[0, 1, 2, 4]
[0, 1, 2, 5, 6]
[0, 1, 2, 5, 3]
[0, 1, 2, 5, 7]
[0, 1, 2, 5, 4]
[0, 1, 2, 5, 6, 3]
0.3333333333333333 0.35714285714285715
itercount --------> 9
[4, 7, 3]
[4, 7, 6]
[4, 7, 1]
[4, 7, 0]
[4, 7, 2]
[4, 7, 5]
[4, 7, 3, 6]
[4, 7, 3, 1]
0.35714285714285715 0.375
itercount --------> 10
[1, 3, 7]
[1, 3, 4]
[1, 3, 6]
0.375 0.4375
itercount --------> 11
[6, 1, 7]
[6, 1, 3]
[6, 1, 4]
[6, 1, 0]
0.4375 0.4666666666666667
itercount --------> 12
[6, 7, 3]
[6, 7, 4]
[6, 7, 0]
[6, 7, 1]
[6, 7, 2]
[6, 7, 5]
[6, 7, 3, 4]
[6, 7, 3, 0]
[6, 7, 3, 1]
[6, 7, 3, 2]
[6, 7, 3, 5]
[6, 7, 3, 4, 0]
[6, 7, 3, 4, 1]
[6, 7, 3, 4, 2]
[6, 7, 3, 4, 5]
[6, 7, 3, 4, 0, 1]
[6, 7, 3, 4, 0, 2]
[6, 7, 3, 4, 0, 5]
[6, 7, 3, 4, 0, 1, 2]
[6, 7, 3, 4, 0, 1, 5]
[6, 7, 3, 4, 0, 1, 2, 5]
failed -> 50 times
after fail n ======> 5
Runs with the maximum attractor JI -> [11, 12, 25, 39]
