{0: 42, 1: 42, 2: 42, 6: 34, 4: 29, 5: 26, 7: 15, 3: 14}
[0, 1, 2]
[0, 1, 6]
0.05 0.06
itercount --------> 1
[0, 2, 5]
[0, 2, 4]
0.06 0.07272727272727272
itercount --------> 2
[0, 5, 2]
0.07272727272727272 0.08333333333333333
itercount --------> 3
[5, 2, 0]
0.08333333333333333 0.15555555555555556
itercount --------> 4
[0, 5, 1]
0.15555555555555556 0.1724137931034483
itercount --------> 5
[0, 5, 6]
0.1724137931034483 0.18181818181818182
itercount --------> 6
[5, 0, 2]
0.18181818181818182 0.2692307692307692
itercount --------> 7
[5, 0, 6]
0.2692307692307692 0.2727272727272727
itercount --------> 8
[6, 5, 4]
[6, 5, 3]
[6, 5, 7]
0.2727272727272727 0.3157894736842105
itercount --------> 9
[0, 5, 6]
[0, 5, 1]
[0, 5, 2]
[0, 5, 4]
0.3157894736842105 0.3333333333333333
itercount --------> 10
[5, 4, 6]
0.3333333333333333 0.45
itercount --------> 11
[5, 4, 6]
[5, 4, 3]
[5, 4, 7]
[5, 4, 0]
[5, 4, 1]
[5, 4, 2]
0.45 0.47368421052631576
itercount --------> 12
[0, 1, 2]
[0, 1, 5]
[0, 1, 3]
0.47368421052631576 0.5
itercount --------> 13
[5, 1, 4]
[5, 1, 3]
[5, 1, 6]
[5, 1, 7]
0.5 0.5294117647058824
itercount --------> 14
[4, 5, 6]
[4, 5, 3]
[4, 5, 7]
[4, 5, 0]
[4, 5, 1]
[4, 5, 2]
[4, 5, 6, 3]
[4, 5, 6, 7]
[4, 5, 6, 0]
[4, 5, 6, 1]
[4, 5, 6, 2]
[4, 5, 6, 3, 7]
0.5294117647058824 0.7058823529411765
itercount --------> 15
[0, 1, 2]
[0, 1, 5]
[0, 1, 6]
[0, 1, 7]
[0, 1, 3]
[0, 1, 4]
[0, 1, 2, 5]
[0, 1, 2, 6]
[0, 1, 2, 7]
[0, 1, 2, 3]
[0, 1, 2, 4]
[0, 1, 2, 5, 6]
[0, 1, 2, 5, 7]
[0, 1, 2, 5, 3]
[0, 1, 2, 5, 4]
[0, 1, 2, 5, 6, 7]
0.7058823529411765 0.7368421052631579
itercount --------> 16
[5, 6, 7]
[5, 6, 0]
[5, 6, 1]
[5, 6, 2]
[5, 6, 3]
[5, 6, 4]
[5, 6, 7, 0]
[5, 6, 7, 1]
[5, 6, 7, 2]
[5, 6, 7, 3]
[5, 6, 7, 4]
[5, 6, 7, 0, 1]
[5, 6, 7, 0, 2]
[5, 6, 7, 0, 3]
[5, 6, 7, 0, 4]
[5, 6, 7, 0, 1, 2]
[5, 6, 7, 0, 1, 3]
[5, 6, 7, 0, 1, 4]
[5, 6, 7, 0, 1, 2, 3]
[5, 6, 7, 0, 1, 2, 4]
0.7368421052631579 0.7777777777777778
itercount --------> 17
[5, 6, 7]
[5, 6, 3]
[5, 6, 4]
[5, 6, 0]
[5, 6, 1]
[5, 6, 2]
[5, 6, 7, 3]
[5, 6, 7, 4]
[5, 6, 7, 0]
[5, 6, 7, 1]
[5, 6, 7, 2]
[5, 6, 7, 3, 4]
[5, 6, 7, 3, 0]
[5, 6, 7, 3, 1]
[5, 6, 7, 3, 2]
[5, 6, 7, 3, 4, 0]
[5, 6, 7, 3, 4, 1]
[5, 6, 7, 3, 4, 2]
[5, 6, 7, 3, 4, 0, 1]
[5, 6, 7, 3, 4, 0, 2]
[5, 6, 7, 3, 4, 0, 1, 2]
failed Once
after fail n ======> 4
[0, 1, 2, 6]
0.05 0.08333333333333333
itercount --------> 1
[1, 6, 4]
0.08333333333333333 0.125
itercount --------> 2
[6, 4, 5]
[6, 4, 0]
0.125 0.16666666666666666
itercount --------> 3
[6, 4, 5]
[6, 4, 7]
[6, 4, 3]
[6, 4, 0]
0.16666666666666666 0.2222222222222222
itercount --------> 4
[6, 5, 1]
[6, 5, 0]
0.2222222222222222 0.23809523809523808
itercount --------> 5
[6, 5, 4]
0.23809523809523808 0.2631578947368421
itercount --------> 6
[6, 4, 3]
0.2631578947368421 0.2857142857142857
itercount --------> 7
[6, 5, 3]
[6, 5, 7]
[6, 5, 4]
[6, 5, 0]
[6, 5, 1]
0.2857142857142857 0.3157894736842105
itercount --------> 8
[6, 7, 3]
[6, 7, 4]
[6, 7, 5]
[6, 7, 0]
[6, 7, 1]
[6, 7, 2]
[6, 7, 3, 4]
[6, 7, 3, 5]
[6, 7, 3, 0]
[6, 7, 3, 1]
[6, 7, 3, 2]
[6, 7, 3, 4, 5]
[6, 7, 3, 4, 0]
[6, 7, 3, 4, 1]
[6, 7, 3, 4, 2]
[6, 7, 3, 4, 5, 0]
0.3157894736842105 0.3333333333333333
itercount --------> 9
[6, 7, 3]
[6, 7, 4]
[6, 7, 5]
[6, 7, 0]
[6, 7, 1]
[6, 7, 2]
[6, 7, 3, 4]
[6, 7, 3, 5]
[6, 7, 3, 0]
[6, 7, 3, 1]
[6, 7, 3, 2]
[6, 7, 3, 4, 5]
[6, 7, 3, 4, 0]
[6, 7, 3, 4, 1]
[6, 7, 3, 4, 2]
[6, 7, 3, 4, 5, 0]
[6, 7, 3, 4, 5, 1]
[6, 7, 3, 4, 5, 2]
[6, 7, 3, 4, 5, 0, 1]
[6, 7, 3, 4, 5, 0, 2]
[6, 7, 3, 4, 5, 0, 1, 2]
failed -> 2 times
after fail n ======> 5
[0, 1, 2, 6, 4]
0.05 0.08333333333333333
itercount --------> 1
[0, 6, 4]
0.08333333333333333 0.125
itercount --------> 2
[6, 4, 5]
0.125 0.13793103448275862
itercount --------> 3
[4, 5, 7]
[4, 5, 1]
0.13793103448275862 0.15384615384615385
itercount --------> 4
[5, 7, 3]
[5, 7, 0]
0.15384615384615385 0.2857142857142857
itercount --------> 5
[5, 4, 6]
0.2857142857142857 0.36363636363636365
itercount --------> 6
[5, 4, 6]
[5, 4, 7]
[5, 4, 3]
0.36363636363636365 0.4444444444444444
itercount --------> 7
[5, 0, 1]
0.4444444444444444 0.5714285714285714
itercount --------> 8
[5, 0, 1]
[5, 0, 2]
[5, 0, 7]
[5, 0, 6]
[5, 0, 4]
[5, 0, 3]
0.5714285714285714 0.5789473684210527
itercount --------> 9
[5, 6, 4]
[5, 6, 7]
[5, 6, 3]
[5, 6, 0]
[5, 6, 1]
[5, 6, 2]
[5, 6, 4, 7]
[5, 6, 4, 3]
[5, 6, 4, 0]
[5, 6, 4, 1]
[5, 6, 4, 2]
0.5789473684210527 0.6666666666666666
itercount --------> 10
[5, 7, 6]
[5, 7, 0]
[5, 7, 1]
[5, 7, 2]
[5, 7, 4]
[5, 7, 3]
[5, 7, 6, 0]
[5, 7, 6, 1]
[5, 7, 6, 2]
[5, 7, 6, 4]
[5, 7, 6, 3]
[5, 7, 6, 0, 1]
[5, 7, 6, 0, 2]
0.6666666666666666 0.7058823529411765
itercount --------> 11
[5, 7, 6]
[5, 7, 4]
[5, 7, 0]
[5, 7, 1]
[5, 7, 2]
[5, 7, 3]
[5, 7, 6, 4]
0.7058823529411765 0.7368421052631579
itercount --------> 12
[5, 6, 7]
[5, 6, 0]
[5, 6, 1]
[5, 6, 2]
[5, 6, 3]
[5, 6, 4]
[5, 6, 7, 0]
[5, 6, 7, 1]
[5, 6, 7, 2]
[5, 6, 7, 3]
[5, 6, 7, 4]
[5, 6, 7, 0, 1]
[5, 6, 7, 0, 2]
[5, 6, 7, 0, 3]
[5, 6, 7, 0, 4]
[5, 6, 7, 0, 1, 2]
[5, 6, 7, 0, 1, 3]
[5, 6, 7, 0, 1, 4]
[5, 6, 7, 0, 1, 2, 3]
[5, 6, 7, 0, 1, 2, 4]
[5, 6, 7, 0, 1, 2, 3, 4]
failed -> 3 times
after fail n ======> 6
[0, 1, 2, 6, 4, 5]
0.05 0.08333333333333333
itercount --------> 1
[6, 4, 0]
0.08333333333333333 0.10714285714285714
itercount --------> 2
[6, 4, 1]
0.10714285714285714 0.15
itercount --------> 3
[6, 4, 5]
[6, 4, 2]
0.15 0.2222222222222222
itercount --------> 4
[6, 2, 5]
[6, 2, 4]
[6, 2, 3]
[6, 2, 7]
[6, 2, 0]
0.2222222222222222 0.2727272727272727
itercount --------> 5
[6, 5, 3]
[6, 5, 4]
[6, 5, 7]
[6, 5, 0]
[6, 5, 1]
[6, 5, 2]
[6, 5, 3, 4]
0.2727272727272727 0.2857142857142857
itercount --------> 6
[6, 5, 7]
[6, 5, 4]
[6, 5, 3]
[6, 5, 0]
0.2857142857142857 0.3157894736842105
itercount --------> 7
[6, 7, 3]
[6, 7, 4]
[6, 7, 5]
[6, 7, 0]
[6, 7, 1]
[6, 7, 2]
[6, 7, 3, 4]
[6, 7, 3, 5]
[6, 7, 3, 0]
0.3157894736842105 0.3333333333333333
itercount --------> 8
[6, 7, 3]
[6, 7, 4]
[6, 7, 5]
[6, 7, 0]
[6, 7, 1]
[6, 7, 2]
[6, 7, 3, 4]
[6, 7, 3, 5]
[6, 7, 3, 0]
[6, 7, 3, 1]
[6, 7, 3, 2]
[6, 7, 3, 4, 5]
[6, 7, 3, 4, 0]
[6, 7, 3, 4, 1]
[6, 7, 3, 4, 2]
[6, 7, 3, 4, 5, 0]
[6, 7, 3, 4, 5, 1]
[6, 7, 3, 4, 5, 2]
[6, 7, 3, 4, 5, 0, 1]
[6, 7, 3, 4, 5, 0, 2]
[6, 7, 3, 4, 5, 0, 1, 2]
failed -> 4 times
after fail n ======> 7
[0, 1, 2, 6, 4, 5, 7]
0.05 0.08333333333333333
itercount --------> 1
[6, 4, 0]
0.08333333333333333 0.10714285714285714
itercount --------> 2
[6, 4, 1]
0.10714285714285714 0.16666666666666666
itercount --------> 3
[6, 4, 2]
0.16666666666666666 0.17647058823529413
itercount --------> 4
[6, 4, 7]
[6, 4, 3]
[6, 4, 5]
0.17647058823529413 0.2
itercount --------> 5
[4, 5, 0]
[4, 5, 6]
[4, 5, 7]
[4, 5, 1]
0.2 0.21739130434782608
itercount --------> 6
[4, 6, 5]
0.21739130434782608 0.2222222222222222
itercount --------> 7
[4, 5, 0]
0.2222222222222222 0.23076923076923078
itercount --------> 8
[5, 4, 6]
[5, 4, 0]
0.23076923076923078 0.28
itercount --------> 9
[6, 0, 4]
[6, 0, 5]
[6, 0, 1]
[6, 0, 2]
[6, 0, 7]
[6, 0, 3]
[6, 0, 4, 5]
[6, 0, 4, 1]
0.28 0.2916666666666667
itercount --------> 10
[6, 4, 5]
[6, 4, 0]
[6, 4, 2]
[6, 4, 1]
[6, 4, 7]
0.2916666666666667 0.34782608695652173
itercount --------> 11
[4, 1, 5]
0.34782608695652173 0.35
itercount --------> 12
[4, 1, 5]
[4, 1, 2]
0.35 0.36363636363636365
itercount --------> 13
[4, 1, 2]
0.36363636363636365 0.3684210526315789
itercount --------> 14
[4, 1, 2]
0.3684210526315789 0.4
itercount --------> 15
[4, 2, 5]
[4, 2, 6]
[4, 2, 7]
0.4 0.5
itercount --------> 16
[4, 6, 1]
[4, 6, 2]
[4, 6, 7]
[4, 6, 3]
[4, 6, 5]
[4, 6, 0]
[4, 6, 1, 2]
[4, 6, 1, 7]
[4, 6, 1, 3]
0.5 0.5263157894736842
itercount --------> 17
[6, 4, 0]
[6, 4, 3]
[6, 4, 7]
[6, 4, 5]
[6, 4, 1]
[6, 4, 2]
[6, 4, 0, 3]
[6, 4, 0, 7]
[6, 4, 0, 5]
[6, 4, 0, 1]
0.5263157894736842 0.5555555555555556
itercount --------> 18
[6, 4, 7]
[6, 4, 3]
[6, 4, 5]
0.5555555555555556 0.5789473684210527
itercount --------> 19
[4, 6, 5]
0.5789473684210527 0.6666666666666666
itercount --------> 20
[5, 6, 2]
[5, 6, 3]
[5, 6, 4]
[5, 6, 7]
[5, 6, 0]
[5, 6, 1]
[5, 6, 2, 3]
[5, 6, 2, 4]
0.6666666666666666 0.6842105263157895
itercount --------> 21
[5, 4, 6]
[5, 4, 3]
[5, 4, 7]
[5, 4, 0]
[5, 4, 1]
0.6842105263157895 0.7
itercount --------> 22
[6, 5, 0]
0.7 0.7368421052631579
itercount --------> 23
[5, 6, 7]
[5, 6, 0]
[5, 6, 1]
[5, 6, 2]
[5, 6, 3]
[5, 6, 4]
[5, 6, 7, 0]
[5, 6, 7, 1]
[5, 6, 7, 2]
[5, 6, 7, 3]
[5, 6, 7, 4]
[5, 6, 7, 0, 1]
[5, 6, 7, 0, 2]
0.7368421052631579 0.75
itercount --------> 24
[0, 1, 2]
[0, 1, 3]
[0, 1, 4]
0.75 0.8333333333333334
itercount --------> 25
[3, 4, 6]
[3, 4, 7]
[3, 4, 0]
[3, 4, 1]
[3, 4, 2]
[3, 4, 5]
[3, 4, 6, 7]
[3, 4, 6, 0]
[3, 4, 6, 1]
[3, 4, 6, 2]
[3, 4, 6, 5]
[3, 4, 6, 7, 0]
[3, 4, 6, 7, 1]
[3, 4, 6, 7, 2]
[3, 4, 6, 7, 5]
[3, 4, 6, 7, 0, 1]
[3, 4, 6, 7, 0, 2]
[3, 4, 6, 7, 0, 5]
[3, 4, 6, 7, 0, 1, 2]
[3, 4, 6, 7, 0, 1, 5]
[3, 4, 6, 7, 0, 1, 2, 5]
failed -> 5 times
after fail n ======> 8
[0, 1, 2, 6, 4, 5, 7, 3]
0.05 0.10126582278481013
itercount --------> 1
[1, 2, 5]
[1, 2, 0]
0.10126582278481013 0.32
itercount --------> 2
[5, 6, 4]
[5, 6, 7]
0.32 0.4090909090909091
itercount --------> 3
[0, 1, 2]
[0, 1, 4]
[0, 1, 6]
[0, 1, 5]
[0, 1, 3]
[0, 1, 7]
[0, 1, 2, 4]
[0, 1, 2, 6]
[0, 1, 2, 5]
[0, 1, 2, 3]
[0, 1, 2, 7]
[0, 1, 2, 4, 6]
[0, 1, 2, 4, 5]
[0, 1, 2, 4, 3]
0.4090909090909091 0.55
itercount --------> 4
[6, 5, 4]
[6, 5, 7]
[6, 5, 3]
[6, 5, 0]
[6, 5, 1]
[6, 5, 2]
[6, 5, 4, 7]
[6, 5, 4, 3]
[6, 5, 4, 0]
[6, 5, 4, 1]
[6, 5, 4, 2]
[6, 5, 4, 7, 3]
[6, 5, 4, 7, 0]
0.55 0.5714285714285714
itercount --------> 5
[6, 4, 3]
[6, 4, 5]
[6, 4, 7]
[6, 4, 0]
[6, 4, 1]
[6, 4, 2]
[6, 4, 3, 5]
[6, 4, 3, 7]
[6, 4, 3, 0]
[6, 4, 3, 1]
[6, 4, 3, 2]
[6, 4, 3, 5, 7]
[6, 4, 3, 5, 0]
[6, 4, 3, 5, 1]
0.5714285714285714 0.6111111111111112
itercount --------> 6
[6, 4, 7]
[6, 4, 3]
[6, 4, 5]
[6, 4, 0]
[6, 4, 1]
[6, 4, 2]
[6, 4, 7, 3]
[6, 4, 7, 5]
[6, 4, 7, 0]
[6, 4, 7, 1]
[6, 4, 7, 2]
[6, 4, 7, 3, 5]
[6, 4, 7, 3, 0]
[6, 4, 7, 3, 1]
[6, 4, 7, 3, 2]
[6, 4, 7, 3, 5, 0]
[6, 4, 7, 3, 5, 1]
[6, 4, 7, 3, 5, 2]
0.6111111111111112 0.631578947368421
itercount --------> 7
[4, 6, 5]
0.631578947368421 0.75
itercount --------> 8
[4, 5, 0]
[4, 5, 1]
[4, 5, 2]
[4, 5, 3]
[4, 5, 6]
[4, 5, 7]
[4, 5, 0, 1]
[4, 5, 0, 2]
[4, 5, 0, 3]
[4, 5, 0, 6]
[4, 5, 0, 7]
[4, 5, 0, 1, 2]
[4, 5, 0, 1, 3]
[4, 5, 0, 1, 6]
[4, 5, 0, 1, 7]
[4, 5, 0, 1, 2, 3]
[4, 5, 0, 1, 2, 6]
[4, 5, 0, 1, 2, 7]
[4, 5, 0, 1, 2, 3, 6]
[4, 5, 0, 1, 2, 3, 7]
[4, 5, 0, 1, 2, 3, 6, 7]
failed -> 6 times
after fail n ======> 5
[0, 1, 2, 6, 4]
0.05 0.06
itercount --------> 1
[2, 1, 5]
0.06 0.12
itercount --------> 2
[6, 4, 5]
0.12 0.16666666666666666
itercount --------> 3
[5, 6, 2]
[5, 6, 0]
0.16666666666666666 0.2647058823529412
itercount --------> 4
[5, 2, 0]
0.2647058823529412 0.3333333333333333
itercount --------> 5
[6, 5, 7]
0.3333333333333333 0.39285714285714285
itercount --------> 6
[0, 2, 5]
[0, 2, 4]
[0, 2, 1]
[0, 2, 3]
0.39285714285714285 0.42105263157894735
itercount --------> 7
[0, 1, 2]
[0, 1, 3]
0.42105263157894735 0.4583333333333333
itercount --------> 8
[0, 1, 2]
[0, 1, 3]
0.4583333333333333 0.55
itercount --------> 9
[3, 4, 0]
[3, 4, 1]
0.55 0.6666666666666666
itercount --------> 10
[5, 0, 1]
[5, 0, 2]
[5, 0, 3]
[5, 0, 6]
[5, 0, 7]
[5, 0, 4]
[5, 0, 1, 2]
[5, 0, 1, 3]
[5, 0, 1, 6]
0.6666666666666666 0.7368421052631579
itercount --------> 11
[5, 0, 1]
[5, 0, 2]
[5, 0, 3]
[5, 0, 6]
[5, 0, 7]
0.7368421052631579 0.7894736842105263
itercount --------> 12
[6, 3, 4]
[6, 3, 5]
[6, 3, 7]
[6, 3, 0]
[6, 3, 1]
[6, 3, 2]
[6, 3, 4, 5]
[6, 3, 4, 7]
[6, 3, 4, 0]
[6, 3, 4, 1]
[6, 3, 4, 2]
[6, 3, 4, 5, 7]
[6, 3, 4, 5, 0]
[6, 3, 4, 5, 1]
[6, 3, 4, 5, 2]
0.7894736842105263 0.8333333333333334
itercount --------> 13
[3, 4, 6]
[3, 4, 7]
[3, 4, 0]
[3, 4, 1]
[3, 4, 2]
[3, 4, 5]
[3, 4, 6, 7]
[3, 4, 6, 0]
[3, 4, 6, 1]
[3, 4, 6, 2]
[3, 4, 6, 5]
[3, 4, 6, 7, 0]
[3, 4, 6, 7, 1]
[3, 4, 6, 7, 2]
[3, 4, 6, 7, 5]
[3, 4, 6, 7, 0, 1]
[3, 4, 6, 7, 0, 2]
[3, 4, 6, 7, 0, 5]
[3, 4, 6, 7, 0, 1, 2]
[3, 4, 6, 7, 0, 1, 5]
[3, 4, 6, 7, 0, 1, 2, 5]
failed -> 7 times
after fail n ======> 6
[0, 1, 2, 6, 4, 5]
0.05 0.08333333333333333
itercount --------> 1
[6, 4, 1]
0.08333333333333333 0.10714285714285714
itercount --------> 2
[4, 6, 2]
[4, 6, 5]
0.10714285714285714 0.125
itercount --------> 3
[6, 4, 2]
0.125 0.13333333333333333
itercount --------> 4
[2, 4, 5]
0.13333333333333333 0.21428571428571427
itercount --------> 5
[4, 5, 0]
[4, 5, 1]
0.21428571428571427 0.22727272727272727
itercount --------> 6
[4, 5, 6]
[4, 5, 7]
[4, 5, 1]
[4, 5, 0]
0.22727272727272727 0.23076923076923078
itercount --------> 7
[4, 2, 5]
[4, 2, 6]
[4, 2, 0]
0.23076923076923078 0.26666666666666666
itercount --------> 8
[5, 4, 2]
0.26666666666666666 0.2916666666666667
itercount --------> 9
[4, 5, 6]
[4, 5, 0]
[4, 5, 7]
[4, 5, 1]
[4, 5, 2]
[4, 5, 3]
[4, 5, 6, 0]
[4, 5, 6, 7]
0.2916666666666667 0.3181818181818182
itercount --------> 10
[0, 5, 4]
0.3181818181818182 0.3333333333333333
itercount --------> 11
[0, 1, 2]
[0, 1, 5]
[0, 1, 4]
[0, 1, 6]
[0, 1, 7]
[0, 1, 3]
[0, 1, 2, 5]
[0, 1, 2, 4]
0.3333333333333333 0.3888888888888889
itercount --------> 12
[0, 1, 2]
[0, 1, 5]
[0, 1, 4]
[0, 1, 6]
0.3888888888888889 0.4117647058823529
itercount --------> 13
[0, 2, 5]
[0, 2, 6]
[0, 2, 4]
[0, 2, 7]
[0, 2, 1]
0.4117647058823529 0.4375
itercount --------> 14
[0, 1, 2]
[0, 1, 5]
[0, 1, 4]
[0, 1, 3]
[0, 1, 7]
[0, 1, 6]
[0, 1, 2, 5]
[0, 1, 2, 4]
[0, 1, 2, 3]
[0, 1, 2, 7]
[0, 1, 2, 6]
[0, 1, 2, 5, 4]
[0, 1, 2, 5, 3]
[0, 1, 2, 5, 7]
[0, 1, 2, 5, 6]
[0, 1, 2, 5, 4, 3]
0.4375 0.5
itercount --------> 15
[5, 0, 1]
[5, 0, 2]
[5, 0, 4]
[5, 0, 6]
[5, 0, 7]
[5, 0, 3]
[5, 0, 1, 2]
[5, 0, 1, 4]
[5, 0, 1, 6]
[5, 0, 1, 7]
[5, 0, 1, 3]
[5, 0, 1, 2, 4]
[5, 0, 1, 2, 6]
[5, 0, 1, 2, 7]
[5, 0, 1, 2, 3]
[5, 0, 1, 2, 4, 6]
0.5 0.5555555555555556
itercount --------> 16
[5, 6, 0]
[5, 6, 4]
[5, 6, 7]
[5, 6, 3]
[5, 6, 1]
0.5555555555555556 0.5714285714285714
itercount --------> 17
[5, 6, 7]
[5, 6, 0]
[5, 6, 3]
[5, 6, 4]
0.5714285714285714 0.5789473684210527
itercount --------> 18
[5, 6, 0]
[5, 6, 4]
[5, 6, 7]
[5, 6, 3]
[5, 6, 1]
0.5789473684210527 0.6666666666666666
itercount --------> 19
[5, 0, 6]
[5, 0, 7]
[5, 0, 3]
[5, 0, 4]
[5, 0, 1]
[5, 0, 2]
[5, 0, 6, 7]
0.6666666666666666 0.7368421052631579
itercount --------> 20
[5, 0, 1]
[5, 0, 2]
[5, 0, 3]
[5, 0, 6]
[5, 0, 7]
[5, 0, 4]
[5, 0, 1, 2]
[5, 0, 1, 3]
[5, 0, 1, 6]
[5, 0, 1, 7]
[5, 0, 1, 4]
[5, 0, 1, 2, 3]
[5, 0, 1, 2, 6]
[5, 0, 1, 2, 7]
0.7368421052631579 0.7777777777777778
itercount --------> 21
[5, 6, 7]
[5, 6, 3]
[5, 6, 4]
[5, 6, 0]
[5, 6, 1]
[5, 6, 2]
[5, 6, 7, 3]
[5, 6, 7, 4]
[5, 6, 7, 0]
[5, 6, 7, 1]
[5, 6, 7, 2]
[5, 6, 7, 3, 4]
[5, 6, 7, 3, 0]
[5, 6, 7, 3, 1]
[5, 6, 7, 3, 2]
[5, 6, 7, 3, 4, 0]
[5, 6, 7, 3, 4, 1]
[5, 6, 7, 3, 4, 2]
[5, 6, 7, 3, 4, 0, 1]
[5, 6, 7, 3, 4, 0, 2]
[5, 6, 7, 3, 4, 0, 1, 2]
failed -> 8 times
after fail n ======> 7
[0, 1, 2, 6, 4, 5, 7]
0.05 0.125
itercount --------> 1
[6, 4, 1]
0.125 0.15
itercount --------> 2
[6, 4, 5]
[6, 4, 2]
0.15 0.16666666666666666
itercount --------> 3
[6, 4, 5]
[6, 4, 7]
[6, 4, 3]
[6, 4, 0]
[6, 4, 1]
[6, 4, 2]
[6, 4, 5, 7]
0.16666666666666666 0.17647058823529413
itercount --------> 4
[6, 4, 7]
0.17647058823529413 0.20833333333333334
itercount --------> 5
[4, 5, 7]
[4, 5, 0]
[4, 5, 1]
0.20833333333333334 0.25
itercount --------> 6
[4, 6, 7]
[4, 6, 2]
0.25 0.29411764705882354
itercount --------> 7
[4, 6, 7]
[4, 6, 3]
[4, 6, 5]
[4, 6, 0]
[4, 6, 1]
[4, 6, 2]
[4, 6, 7, 3]
[4, 6, 7, 5]
[4, 6, 7, 0]
[4, 6, 7, 1]
[4, 6, 7, 2]
[4, 6, 7, 3, 5]
[4, 6, 7, 3, 0]
[4, 6, 7, 3, 1]
[4, 6, 7, 3, 2]
[4, 6, 7, 3, 5, 0]
[4, 6, 7, 3, 5, 1]
[4, 6, 7, 3, 5, 2]
[4, 6, 7, 3, 5, 0, 1]
[4, 6, 7, 3, 5, 0, 2]
[4, 6, 7, 3, 5, 0, 1, 2]
failed -> 9 times
after fail n ======> 8
[0, 1, 2, 6, 4, 5, 7, 3]
0.05 0.05405405405405406
itercount --------> 1
[2, 6, 4]
0.05405405405405406 0.06896551724137931
itercount --------> 2
[6, 4, 5]
[6, 4, 3]
0.06896551724137931 0.075
itercount --------> 3
[4, 6, 0]
0.075 0.07894736842105263
itercount --------> 4
[6, 4, 0]
[6, 4, 1]
0.07894736842105263 0.12
itercount --------> 5
[6, 4, 0]
0.12 0.16216216216216217
itercount --------> 6
[0, 6, 5]
0.16216216216216217 0.16666666666666666
itercount --------> 7
[0, 6, 4]
0.16666666666666666 0.18181818181818182
itercount --------> 8
[4, 5, 6]
[4, 5, 3]
0.18181818181818182 0.2222222222222222
itercount --------> 9
[5, 4, 3]
[5, 4, 2]
[5, 4, 1]
0.2222222222222222 0.23809523809523808
itercount --------> 10
[4, 5, 3]
0.23809523809523808 0.30434782608695654
itercount --------> 11
[6, 4, 5]
[6, 4, 2]
[6, 4, 3]
[6, 4, 7]
[6, 4, 1]
[6, 4, 0]
[6, 4, 5, 2]
0.30434782608695654 0.3684210526315789
itercount --------> 12
[6, 4, 7]
[6, 4, 1]
[6, 4, 3]
[6, 4, 5]
[6, 4, 0]
[6, 4, 2]
[6, 4, 7, 1]
0.3684210526315789 0.375
itercount --------> 13
[5, 0, 1]
[5, 0, 2]
[5, 0, 6]
[5, 0, 3]
[5, 0, 4]
[5, 0, 7]
[5, 0, 1, 2]
[5, 0, 1, 6]
[5, 0, 1, 3]
[5, 0, 1, 4]
[5, 0, 1, 7]
[5, 0, 1, 2, 6]
[5, 0, 1, 2, 3]
[5, 0, 1, 2, 4]
[5, 0, 1, 2, 7]
[5, 0, 1, 2, 6, 3]
[5, 0, 1, 2, 6, 4]
[5, 0, 1, 2, 6, 7]
0.375 0.42105263157894735
itercount --------> 14
[6, 3, 4]
[6, 3, 7]
[6, 3, 5]
[6, 3, 0]
[6, 3, 2]
[6, 3, 1]
[6, 3, 4, 7]
[6, 3, 4, 5]
[6, 3, 4, 0]
[6, 3, 4, 2]
0.42105263157894735 0.7368421052631579
itercount --------> 15
[0, 2, 3]
[0, 2, 5]
[0, 2, 6]
[0, 2, 7]
[0, 2, 4]
[0, 2, 1]
0.7368421052631579 0.7777777777777778
itercount --------> 16
[5, 6, 7]
[5, 6, 3]
[5, 6, 4]
[5, 6, 0]
[5, 6, 1]
[5, 6, 2]
[5, 6, 7, 3]
[5, 6, 7, 4]
[5, 6, 7, 0]
[5, 6, 7, 1]
[5, 6, 7, 2]
[5, 6, 7, 3, 4]
[5, 6, 7, 3, 0]
[5, 6, 7, 3, 1]
[5, 6, 7, 3, 2]
[5, 6, 7, 3, 4, 0]
[5, 6, 7, 3, 4, 1]
[5, 6, 7, 3, 4, 2]
[5, 6, 7, 3, 4, 0, 1]
[5, 6, 7, 3, 4, 0, 2]
[5, 6, 7, 3, 4, 0, 1, 2]
failed -> 10 times
after fail n ======> 5
[0, 1, 2, 6, 4]
0.05 0.08333333333333333
itercount --------> 1
[6, 4, 1]
0.08333333333333333 0.125
itercount --------> 2
[6, 4, 2]
0.125 0.15
itercount --------> 3
[6, 4, 5]
0.15 0.21428571428571427
itercount --------> 4
[6, 5, 0]
0.21428571428571427 0.22727272727272727
itercount --------> 5
[6, 5, 4]
[6, 5, 3]
0.22727272727272727 0.23529411764705882
itercount --------> 6
[6, 0, 1]
[6, 0, 2]
[6, 0, 5]
[6, 0, 4]
0.23529411764705882 0.2631578947368421
itercount --------> 7
[6, 4, 3]
[6, 4, 7]
[6, 4, 0]
[6, 4, 1]
[6, 4, 2]
[6, 4, 5]
[6, 4, 3, 7]
0.2631578947368421 0.2857142857142857
itercount --------> 8
[6, 7, 4]
[6, 7, 3]
[6, 7, 0]
[6, 7, 1]
[6, 7, 2]
[6, 7, 5]
[6, 7, 4, 3]
[6, 7, 4, 0]
[6, 7, 4, 1]
[6, 7, 4, 2]
[6, 7, 4, 5]
[6, 7, 4, 3, 0]
[6, 7, 4, 3, 1]
[6, 7, 4, 3, 2]
[6, 7, 4, 3, 5]
[6, 7, 4, 3, 0, 1]
[6, 7, 4, 3, 0, 2]
[6, 7, 4, 3, 0, 5]
[6, 7, 4, 3, 0, 1, 2]
[6, 7, 4, 3, 0, 1, 5]
0.2857142857142857 0.3
itercount --------> 9
[6, 7, 4]
[6, 7, 3]
[6, 7, 5]
[6, 7, 0]
[6, 7, 1]
0.3 0.3333333333333333
itercount --------> 10
[6, 7, 3]
[6, 7, 4]
[6, 7, 5]
[6, 7, 0]
[6, 7, 1]
[6, 7, 2]
[6, 7, 3, 4]
[6, 7, 3, 5]
[6, 7, 3, 0]
[6, 7, 3, 1]
[6, 7, 3, 2]
[6, 7, 3, 4, 5]
[6, 7, 3, 4, 0]
[6, 7, 3, 4, 1]
[6, 7, 3, 4, 2]
[6, 7, 3, 4, 5, 0]
[6, 7, 3, 4, 5, 1]
[6, 7, 3, 4, 5, 2]
[6, 7, 3, 4, 5, 0, 1]
[6, 7, 3, 4, 5, 0, 2]
[6, 7, 3, 4, 5, 0, 1, 2]
failed -> 11 times
after fail n ======> 6
[0, 1, 2, 6, 4, 5]
0.05 0.06060606060606061
itercount --------> 1
[6, 4, 1]
0.06060606060606061 0.08695652173913043
itercount --------> 2
[6, 4, 2]
0.08695652173913043 0.09090909090909091
itercount --------> 3
[6, 5, 4]
0.09090909090909091 0.1111111111111111
itercount --------> 4
[6, 4, 5]
0.1111111111111111 0.16666666666666666
itercount --------> 5
[6, 4, 5]
0.16666666666666666 0.21428571428571427
itercount --------> 6
[6, 5, 0]
[6, 5, 1]
[6, 5, 2]
0.21428571428571427 0.22727272727272727
itercount --------> 7
[6, 5, 4]
0.22727272727272727 0.2631578947368421
itercount --------> 8
[6, 4, 3]
0.2631578947368421 0.2857142857142857
itercount --------> 9
[6, 5, 3]
[6, 5, 7]
[6, 5, 4]
[6, 5, 0]
0.2857142857142857 0.3157894736842105
itercount --------> 10
[6, 7, 3]
[6, 7, 4]
[6, 7, 5]
[6, 7, 0]
[6, 7, 1]
[6, 7, 2]
[6, 7, 3, 4]
[6, 7, 3, 5]
[6, 7, 3, 0]
[6, 7, 3, 1]
[6, 7, 3, 2]
[6, 7, 3, 4, 5]
[6, 7, 3, 4, 0]
0.3157894736842105 0.3333333333333333
itercount --------> 11
[6, 7, 3]
[6, 7, 4]
[6, 7, 5]
[6, 7, 0]
[6, 7, 1]
[6, 7, 2]
[6, 7, 3, 4]
[6, 7, 3, 5]
[6, 7, 3, 0]
[6, 7, 3, 1]
[6, 7, 3, 2]
[6, 7, 3, 4, 5]
[6, 7, 3, 4, 0]
[6, 7, 3, 4, 1]
[6, 7, 3, 4, 2]
[6, 7, 3, 4, 5, 0]
[6, 7, 3, 4, 5, 1]
[6, 7, 3, 4, 5, 2]
[6, 7, 3, 4, 5, 0, 1]
[6, 7, 3, 4, 5, 0, 2]
[6, 7, 3, 4, 5, 0, 1, 2]
failed -> 12 times
after fail n ======> 7
[0, 1, 2, 6, 4, 5, 7]
0.05 0.125
itercount --------> 1
[6, 4, 1]
[6, 4, 0]
0.125 0.13636363636363635
itercount --------> 2
[6, 4, 1]
0.13636363636363635 0.17647058823529413
itercount --------> 3
[6, 4, 7]
[6, 4, 3]
[6, 4, 5]
[6, 4, 0]
[6, 4, 1]
0.17647058823529413 0.18518518518518517
itercount --------> 4
[1, 4, 6]
0.18518518518518517 0.23809523809523808
itercount --------> 5
[6, 5, 4]
0.23809523809523808 0.2631578947368421
itercount --------> 6
[6, 4, 3]
[6, 4, 5]
[6, 4, 7]
[6, 4, 0]
[6, 4, 1]
[6, 4, 2]
[6, 4, 3, 5]
[6, 4, 3, 7]
0.2631578947368421 0.2857142857142857
itercount --------> 7
[6, 5, 3]
[6, 5, 7]
[6, 5, 4]
[6, 5, 0]
[6, 5, 1]
0.2857142857142857 0.3157894736842105
itercount --------> 8
[6, 7, 3]
[6, 7, 4]
[6, 7, 5]
[6, 7, 0]
[6, 7, 1]
[6, 7, 2]
[6, 7, 3, 4]
[6, 7, 3, 5]
[6, 7, 3, 0]
[6, 7, 3, 1]
[6, 7, 3, 2]
[6, 7, 3, 4, 5]
[6, 7, 3, 4, 0]
[6, 7, 3, 4, 1]
[6, 7, 3, 4, 2]
[6, 7, 3, 4, 5, 0]
[6, 7, 3, 4, 5, 1]
[6, 7, 3, 4, 5, 2]
[6, 7, 3, 4, 5, 0, 1]
[6, 7, 3, 4, 5, 0, 2]
[6, 7, 3, 4, 5, 0, 1, 2]
failed -> 13 times
after fail n ======> 8
[0, 1, 2, 6, 4, 5, 7, 3]
0.05 0.125
itercount --------> 1
[6, 4, 2]
0.125 0.17857142857142858
itercount --------> 2
[4, 5, 1]
0.17857142857142858 0.22727272727272727
itercount --------> 3
[4, 0, 6]
[4, 0, 5]
0.22727272727272727 0.26666666666666666
itercount --------> 4
[5, 4, 2]
0.26666666666666666 0.2916666666666667
itercount --------> 5
[4, 5, 6]
[4, 5, 0]
[4, 5, 7]
[4, 5, 1]
[4, 5, 2]
[4, 5, 3]
[4, 5, 6, 0]
[4, 5, 6, 7]
[4, 5, 6, 1]
[4, 5, 6, 2]
[4, 5, 6, 3]
0.2916666666666667 0.34782608695652173
itercount --------> 6
[6, 0, 4]
[6, 0, 5]
[6, 0, 7]
[6, 0, 1]
0.34782608695652173 0.35
itercount --------> 7
[6, 7, 4]
[6, 7, 0]
0.35 0.35294117647058826
itercount --------> 8
[0, 1, 2]
[0, 1, 5]
[0, 1, 7]
0.35294117647058826 0.42105263157894735
itercount --------> 9
[6, 7, 4]
[6, 7, 3]
0.42105263157894735 0.5555555555555556
itercount --------> 10
[4, 6, 1]
[4, 6, 2]
[4, 6, 5]
[4, 6, 3]
[4, 6, 7]
[4, 6, 0]
[4, 6, 1, 2]
[4, 6, 1, 5]
[4, 6, 1, 3]
[4, 6, 1, 7]
[4, 6, 1, 0]
[4, 6, 1, 2, 5]
[4, 6, 1, 2, 3]
[4, 6, 1, 2, 7]
0.5555555555555556 0.5882352941176471
itercount --------> 11
[5, 1, 4]
[5, 1, 3]
[5, 1, 7]
[5, 1, 6]
[5, 1, 0]
[5, 1, 2]
0.5882352941176471 0.625
itercount --------> 12
[5, 3, 7]
[5, 3, 4]
[5, 3, 0]
[5, 3, 1]
[5, 3, 2]
[5, 3, 6]
[5, 3, 7, 4]
[5, 3, 7, 0]
[5, 3, 7, 1]
[5, 3, 7, 2]
[5, 3, 7, 6]
[5, 3, 7, 4, 0]
[5, 3, 7, 4, 1]
[5, 3, 7, 4, 2]
[5, 3, 7, 4, 6]
0.625 0.631578947368421
itercount --------> 13
[1, 2, 5]
[1, 2, 4]
[1, 2, 6]
0.631578947368421 0.7058823529411765
itercount --------> 14
[1, 2, 4]
[1, 2, 5]
[1, 2, 6]
[1, 2, 7]
[1, 2, 3]
[1, 2, 0]
0.7058823529411765 0.75
itercount --------> 15
[3, 0, 1]
[3, 0, 2]
[3, 0, 4]
[3, 0, 5]
[3, 0, 7]
[3, 0, 6]
[3, 0, 1, 2]
[3, 0, 1, 4]
[3, 0, 1, 5]
[3, 0, 1, 7]
[3, 0, 1, 6]
[3, 0, 1, 2, 4]
[3, 0, 1, 2, 5]
[3, 0, 1, 2, 7]
[3, 0, 1, 2, 6]
[3, 0, 1, 2, 4, 5]
[3, 0, 1, 2, 4, 7]
[3, 0, 1, 2, 4, 6]
[3, 0, 1, 2, 4, 5, 7]
[3, 0, 1, 2, 4, 5, 6]
[3, 0, 1, 2, 4, 5, 7, 6]
failed -> 14 times
after fail n ======> 5
[0, 1, 2, 6, 4]
0.05 0.08333333333333333
itercount --------> 1
[2, 6, 4]
[2, 6, 0]
0.08333333333333333 0.16666666666666666
itercount --------> 2
[6, 4, 5]
0.16666666666666666 0.23076923076923078
itercount --------> 3
[6, 5, 0]
0.23076923076923078 0.25
itercount --------> 4
[6, 5, 4]
0.25 0.2608695652173913
itercount --------> 5
[6, 5, 4]
[6, 5, 0]
[6, 5, 1]
0.2608695652173913 0.2631578947368421
itercount --------> 6
[6, 4, 3]
0.2631578947368421 0.3
itercount --------> 7
[6, 7, 3]
[6, 7, 4]
[6, 7, 5]
[6, 7, 0]
0.3 0.3333333333333333
itercount --------> 8
[6, 7, 3]
[6, 7, 4]
[6, 7, 0]
0.3333333333333333 0.4
itercount --------> 9
[6, 7, 3]
0.4 0.5263157894736842
itercount --------> 10
[6, 4, 7]
[6, 4, 3]
[6, 4, 0]
[6, 4, 1]
[6, 4, 5]
[6, 4, 2]
[6, 4, 7, 3]
[6, 4, 7, 0]
[6, 4, 7, 1]
[6, 4, 7, 5]
[6, 4, 7, 2]
0.5263157894736842 0.5555555555555556
itercount --------> 11
[3, 4, 6]
0.5555555555555556 0.6111111111111112
itercount --------> 12
[3, 6, 7]
[3, 6, 4]
[3, 6, 0]
[3, 6, 1]
[3, 6, 2]
[3, 6, 5]
[3, 6, 7, 4]
[3, 6, 7, 0]
0.6111111111111112 0.8333333333333334
itercount --------> 13
[3, 4, 6]
[3, 4, 7]
[3, 4, 0]
[3, 4, 1]
[3, 4, 2]
[3, 4, 5]
[3, 4, 6, 7]
[3, 4, 6, 0]
[3, 4, 6, 1]
[3, 4, 6, 2]
[3, 4, 6, 5]
[3, 4, 6, 7, 0]
[3, 4, 6, 7, 1]
[3, 4, 6, 7, 2]
[3, 4, 6, 7, 5]
[3, 4, 6, 7, 0, 1]
[3, 4, 6, 7, 0, 2]
[3, 4, 6, 7, 0, 5]
[3, 4, 6, 7, 0, 1, 2]
[3, 4, 6, 7, 0, 1, 5]
[3, 4, 6, 7, 0, 1, 2, 5]
failed -> 15 times
after fail n ======> 6
[0, 1, 2, 6, 4, 5]
0.05 0.125
itercount --------> 1
[6, 4, 1]
0.125 0.15
itercount --------> 2
[6, 4, 5]
0.15 0.16666666666666666
itercount --------> 3
[6, 4, 5]
[6, 4, 7]
[6, 4, 3]
[6, 4, 0]
[6, 4, 1]
0.16666666666666666 0.17142857142857143
itercount --------> 4
[6, 1, 5]
[6, 1, 0]
0.17142857142857143 0.2222222222222222
itercount --------> 5
[6, 1, 5]
0.2222222222222222 0.24
itercount --------> 6
[6, 5, 1]
[6, 5, 2]
[6, 5, 4]
[6, 5, 3]
[6, 5, 7]
[6, 5, 0]
0.24 0.25
itercount --------> 7
[6, 5, 3]
[6, 5, 4]
0.25 0.2631578947368421
itercount --------> 8
[6, 4, 3]
0.2631578947368421 0.2857142857142857
itercount --------> 9
[6, 5, 3]
0.2857142857142857 0.3
itercount --------> 10
[6, 7, 3]
[6, 7, 4]
[6, 7, 1]
0.3 0.3157894736842105
itercount --------> 11
[6, 7, 4]
[6, 7, 3]
[6, 7, 1]
[6, 7, 2]
[6, 7, 5]
[6, 7, 0]
[6, 7, 4, 3]
[6, 7, 4, 1]
[6, 7, 4, 2]
[6, 7, 4, 5]
[6, 7, 4, 0]
[6, 7, 4, 3, 1]
[6, 7, 4, 3, 2]
[6, 7, 4, 3, 5]
[6, 7, 4, 3, 0]
[6, 7, 4, 3, 1, 2]
[6, 7, 4, 3, 1, 5]
[6, 7, 4, 3, 1, 0]
0.3157894736842105 0.3333333333333333
itercount --------> 12
[6, 7, 3]
[6, 7, 4]
[6, 7, 5]
[6, 7, 0]
[6, 7, 1]
[6, 7, 2]
[6, 7, 3, 4]
[6, 7, 3, 5]
[6, 7, 3, 0]
[6, 7, 3, 1]
[6, 7, 3, 2]
[6, 7, 3, 4, 5]
[6, 7, 3, 4, 0]
[6, 7, 3, 4, 1]
[6, 7, 3, 4, 2]
[6, 7, 3, 4, 5, 0]
[6, 7, 3, 4, 5, 1]
[6, 7, 3, 4, 5, 2]
[6, 7, 3, 4, 5, 0, 1]
[6, 7, 3, 4, 5, 0, 2]
[6, 7, 3, 4, 5, 0, 1, 2]
failed -> 16 times
after fail n ======> 7
[0, 1, 2, 6, 4, 5, 7]
0.05 0.08
itercount --------> 1
[5, 2, 6]
[5, 2, 4]
0.08 0.10526315789473684
itercount --------> 2
[2, 6, 4]
0.10526315789473684 0.15
itercount --------> 3
[6, 0, 1]
0.15 0.1875
itercount --------> 4
[6, 5, 0]
[6, 5, 1]
[6, 5, 2]
[6, 5, 7]
0.1875 0.21739130434782608
itercount --------> 5
[6, 4, 3]
[6, 4, 5]
0.21739130434782608 0.2631578947368421
itercount --------> 6
[6, 4, 3]
[6, 4, 7]
[6, 4, 2]
[6, 4, 5]
[6, 4, 0]
[6, 4, 1]
[6, 4, 3, 7]
0.2631578947368421 0.3
itercount --------> 7
[6, 7, 3]
[6, 7, 4]
[6, 7, 2]
[6, 7, 5]
[6, 7, 0]
[6, 7, 1]
[6, 7, 3, 4]
[6, 7, 3, 2]
0.3 0.3157894736842105
itercount --------> 8
[6, 7, 4]
[6, 7, 3]
[6, 7, 5]
[6, 7, 0]
[6, 7, 1]
[6, 7, 2]
[6, 7, 4, 3]
[6, 7, 4, 5]
[6, 7, 4, 0]
[6, 7, 4, 1]
[6, 7, 4, 2]
[6, 7, 4, 3, 5]
[6, 7, 4, 3, 0]
[6, 7, 4, 3, 1]
[6, 7, 4, 3, 2]
[6, 7, 4, 3, 5, 0]
0.3157894736842105 0.34782608695652173
itercount --------> 9
[6, 5, 2]
[6, 5, 4]
0.34782608695652173 0.35
itercount --------> 10
[6, 7, 4]
[6, 7, 5]
[6, 7, 2]
[6, 7, 3]
[6, 7, 0]
[6, 7, 1]
[6, 7, 4, 5]
0.35 0.47619047619047616
itercount --------> 11
[6, 7, 5]
[6, 7, 3]
[6, 7, 4]
[6, 7, 2]
[6, 7, 0]
[6, 7, 1]
[6, 7, 5, 3]
[6, 7, 5, 4]
[6, 7, 5, 2]
[6, 7, 5, 0]
[6, 7, 5, 1]
0.47619047619047616 0.5
itercount --------> 12
[6, 7, 3]
[6, 7, 4]
[6, 7, 5]
[6, 7, 2]
[6, 7, 0]
[6, 7, 1]
[6, 7, 3, 4]
[6, 7, 3, 5]
[6, 7, 3, 2]
[6, 7, 3, 0]
[6, 7, 3, 1]
[6, 7, 3, 4, 5]
[6, 7, 3, 4, 2]
[6, 7, 3, 4, 0]
[6, 7, 3, 4, 1]
[6, 7, 3, 4, 5, 2]
[6, 7, 3, 4, 5, 0]
[6, 7, 3, 4, 5, 1]
0.5 0.5263157894736842
itercount --------> 13
[6, 7, 3]
[6, 7, 4]
[6, 7, 5]
[6, 7, 2]
[6, 7, 0]
[6, 7, 1]
[6, 7, 3, 4]
[6, 7, 3, 5]
[6, 7, 3, 2]
[6, 7, 3, 0]
[6, 7, 3, 1]
[6, 7, 3, 4, 5]
[6, 7, 3, 4, 2]
[6, 7, 3, 4, 0]
[6, 7, 3, 4, 1]
[6, 7, 3, 4, 5, 2]
[6, 7, 3, 4, 5, 0]
[6, 7, 3, 4, 5, 1]
[6, 7, 3, 4, 5, 2, 0]
0.5263157894736842 0.5555555555555556
itercount --------> 14
[6, 7, 3]
[6, 7, 4]
[6, 7, 5]
[6, 7, 0]
[6, 7, 1]
[6, 7, 2]
[6, 7, 3, 4]
[6, 7, 3, 5]
[6, 7, 3, 0]
[6, 7, 3, 1]
[6, 7, 3, 2]
[6, 7, 3, 4, 5]
[6, 7, 3, 4, 0]
[6, 7, 3, 4, 1]
[6, 7, 3, 4, 2]
[6, 7, 3, 4, 5, 0]
[6, 7, 3, 4, 5, 1]
[6, 7, 3, 4, 5, 2]
[6, 7, 3, 4, 5, 0, 1]
[6, 7, 3, 4, 5, 0, 2]
[6, 7, 3, 4, 5, 0, 1, 2]
failed -> 17 times
after fail n ======> 8
[0, 1, 2, 6, 4, 5, 7, 3]
0.05 0.08333333333333333
itercount --------> 1
[2, 6, 4]
0.08333333333333333 0.10714285714285714
itercount --------> 2
[6, 5, 4]
0.10714285714285714 0.13793103448275862
itercount --------> 3
[6, 5, 3]
0.13793103448275862 0.14814814814814814
itercount --------> 4
[5, 6, 3]
[5, 6, 4]
[5, 6, 2]
0.14814814814814814 0.17391304347826086
itercount --------> 5
[2, 6, 5]
[2, 6, 3]
0.17391304347826086 0.17857142857142858
itercount --------> 6
[6, 2, 0]
0.17857142857142858 0.2
itercount --------> 7
[6, 4, 2]
0.2 0.25
itercount --------> 8
[6, 4, 2]
[6, 4, 3]
[6, 4, 5]
[6, 4, 7]
[6, 4, 0]
0.25 0.2631578947368421
itercount --------> 9
[6, 4, 2]
[6, 4, 3]
[6, 4, 5]
0.2631578947368421 0.2727272727272727
itercount --------> 10
[6, 4, 5]
[6, 4, 2]
[6, 4, 3]
[6, 4, 7]
[6, 4, 0]
[6, 4, 1]
[6, 4, 5, 2]
[6, 4, 5, 3]
0.2727272727272727 0.2916666666666667
itercount --------> 11
[6, 5, 2]
[6, 5, 4]
[6, 5, 3]
[6, 5, 7]
[6, 5, 0]
0.2916666666666667 0.3684210526315789
itercount --------> 12
[6, 7, 3]
[6, 7, 4]
[6, 7, 0]
[6, 7, 1]
[6, 7, 2]
0.3684210526315789 0.375
itercount --------> 13
[5, 0, 1]
[5, 0, 2]
[5, 0, 6]
[5, 0, 3]
[5, 0, 4]
[5, 0, 7]
[5, 0, 1, 2]
[5, 0, 1, 6]
[5, 0, 1, 3]
[5, 0, 1, 4]
[5, 0, 1, 7]
[5, 0, 1, 2, 6]
[5, 0, 1, 2, 3]
[5, 0, 1, 2, 4]
[5, 0, 1, 2, 7]
[5, 0, 1, 2, 6, 3]
[5, 0, 1, 2, 6, 4]
[5, 0, 1, 2, 6, 7]
0.375 0.42105263157894735
itercount --------> 14
[6, 3, 4]
[6, 3, 7]
[6, 3, 5]
[6, 3, 0]
[6, 3, 1]
[6, 3, 2]
[6, 3, 4, 7]
[6, 3, 4, 5]
0.42105263157894735 0.6086956521739131
itercount --------> 15
[5, 2, 3]
[5, 2, 6]
[5, 2, 0]
[5, 2, 1]
[5, 2, 4]
0.6086956521739131 0.65
itercount --------> 16
[5, 6, 7]
[5, 6, 3]
[5, 6, 4]
[5, 6, 2]
[5, 6, 0]
[5, 6, 1]
0.65 0.7368421052631579
itercount --------> 17
[5, 6, 3]
[5, 6, 4]
[5, 6, 7]
[5, 6, 0]
[5, 6, 1]
[5, 6, 2]
[5, 6, 3, 4]
[5, 6, 3, 7]
[5, 6, 3, 0]
0.7368421052631579 0.7777777777777778
itercount --------> 18
[5, 6, 7]
[5, 6, 3]
[5, 6, 4]
[5, 6, 0]
[5, 6, 1]
[5, 6, 2]
[5, 6, 7, 3]
[5, 6, 7, 4]
[5, 6, 7, 0]
[5, 6, 7, 1]
[5, 6, 7, 2]
[5, 6, 7, 3, 4]
[5, 6, 7, 3, 0]
[5, 6, 7, 3, 1]
[5, 6, 7, 3, 2]
[5, 6, 7, 3, 4, 0]
[5, 6, 7, 3, 4, 1]
[5, 6, 7, 3, 4, 2]
[5, 6, 7, 3, 4, 0, 1]
[5, 6, 7, 3, 4, 0, 2]
[5, 6, 7, 3, 4, 0, 1, 2]
failed -> 18 times
after fail n ======> 5
[0, 1, 2, 6, 4]
0.05 0.08333333333333333
itercount --------> 1
[6, 4, 0]
0.08333333333333333 0.125
itercount --------> 2
[6, 4, 2]
0.125 0.15
itercount --------> 3
[6, 4, 5]
0.15 0.16666666666666666
itercount --------> 4
[6, 4, 5]
[6, 4, 7]
[6, 4, 3]
[6, 4, 0]
[6, 4, 1]
[6, 4, 2]
[6, 4, 5, 7]
0.16666666666666666 0.17647058823529413
itercount --------> 5
[6, 4, 7]
[6, 4, 3]
[6, 4, 5]
[6, 4, 0]
[6, 4, 1]
[6, 4, 2]
[6, 4, 7, 3]
[6, 4, 7, 5]
[6, 4, 7, 0]
[6, 4, 7, 1]
[6, 4, 7, 2]
[6, 4, 7, 3, 5]
[6, 4, 7, 3, 0]
[6, 4, 7, 3, 1]
[6, 4, 7, 3, 2]
[6, 4, 7, 3, 5, 0]
[6, 4, 7, 3, 5, 1]
[6, 4, 7, 3, 5, 2]
[6, 4, 7, 3, 5, 0, 1]
[6, 4, 7, 3, 5, 0, 2]
[6, 4, 7, 3, 5, 0, 1, 2]
failed -> 19 times
after fail n ======> 6
[0, 1, 2, 6, 4, 5]
0.05 0.08333333333333333
itercount --------> 1
[6, 4, 1]
0.08333333333333333 0.125
itercount --------> 2
[6, 4, 2]
0.125 0.16666666666666666
itercount --------> 3
[6, 4, 5]
[6, 4, 7]
[6, 4, 3]
[6, 4, 0]
[6, 4, 1]
[6, 4, 2]
[6, 4, 5, 7]
0.16666666666666666 0.17647058823529413
itercount --------> 4
[6, 4, 7]
[6, 4, 3]
[6, 4, 5]
0.17647058823529413 0.2
itercount --------> 5
[4, 7, 6]
[4, 7, 0]
0.2 0.2222222222222222
itercount --------> 6
[4, 5, 6]
[4, 5, 7]
[4, 5, 3]
0.2222222222222222 0.23529411764705882
itercount --------> 7
[4, 5, 7]
[4, 5, 6]
[4, 5, 3]
[4, 5, 0]
0.23529411764705882 0.25
itercount --------> 8
[0, 1, 2]
[0, 1, 5]
[0, 1, 4]
[0, 1, 7]
0.25 0.29411764705882354
itercount --------> 9
[4, 6, 7]
[4, 6, 3]
[4, 6, 5]
[4, 6, 0]
[4, 6, 1]
[4, 6, 2]
[4, 6, 7, 3]
[4, 6, 7, 5]
[4, 6, 7, 0]
[4, 6, 7, 1]
[4, 6, 7, 2]
[4, 6, 7, 3, 5]
[4, 6, 7, 3, 0]
[4, 6, 7, 3, 1]
[4, 6, 7, 3, 2]
[4, 6, 7, 3, 5, 0]
[4, 6, 7, 3, 5, 1]
[4, 6, 7, 3, 5, 2]
[4, 6, 7, 3, 5, 0, 1]
[4, 6, 7, 3, 5, 0, 2]
[4, 6, 7, 3, 5, 0, 1, 2]
failed -> 20 times
after fail n ======> 7
[0, 1, 2, 6, 4, 5, 7]
0.05 0.05405405405405406
itercount --------> 1
[1, 6, 4]
0.05405405405405406 0.06779661016949153
itercount --------> 2
[0, 2, 5]
[0, 2, 1]
[0, 2, 6]
[0, 2, 7]
0.06779661016949153 0.10256410256410256
itercount --------> 3
[1, 2, 6]
0.10256410256410256 0.1111111111111111
itercount --------> 4
[2, 5, 6]
0.1111111111111111 0.16
itercount --------> 5
[6, 5, 1]
0.16 0.19047619047619047
itercount --------> 6
[6, 5, 7]
[6, 5, 0]
[6, 5, 1]
0.19047619047619047 0.25
itercount --------> 7
[0, 4, 5]
0.25 0.2777777777777778
itercount --------> 8
[5, 7, 6]
0.2777777777777778 0.29411764705882354
itercount --------> 9
[0, 1, 2]
[0, 1, 5]
[0, 1, 7]
[0, 1, 4]
0.29411764705882354 0.3125
itercount --------> 10
[0, 1, 2]
[0, 1, 5]
[0, 1, 7]
[0, 1, 4]
[0, 1, 3]
[0, 1, 6]
[0, 1, 2, 5]
[0, 1, 2, 7]
0.3125 0.35
itercount --------> 11
[1, 4, 2]
0.35 0.375
itercount --------> 12
[0, 1, 2]
[0, 1, 4]
[0, 1, 5]
[0, 1, 7]
[0, 1, 6]
[0, 1, 3]
[0, 1, 2, 4]
[0, 1, 2, 5]
[0, 1, 2, 7]
[0, 1, 2, 6]
[0, 1, 2, 3]
[0, 1, 2, 4, 5]
[0, 1, 2, 4, 7]
0.375 0.3888888888888889
itercount --------> 13
[1, 5, 6]
[1, 5, 4]
[1, 5, 7]
[1, 5, 0]
[1, 5, 3]
0.3888888888888889 0.4117647058823529
itercount --------> 14
[4, 1, 6]
[4, 1, 7]
[4, 1, 5]
[4, 1, 3]
[4, 1, 0]
[4, 1, 2]
[4, 1, 6, 7]
[4, 1, 6, 5]
[4, 1, 6, 3]
0.4117647058823529 0.4375
itercount --------> 15
[5, 4, 6]
[5, 4, 0]
[5, 4, 1]
[5, 4, 2]
[5, 4, 3]
[5, 4, 7]
0.4375 0.5263157894736842
itercount --------> 16
[3, 5, 1]
[3, 5, 6]
0.5263157894736842 0.5555555555555556
itercount --------> 17
[5, 1, 3]
[5, 1, 6]
[5, 1, 4]
[5, 1, 7]
[5, 1, 0]
[5, 1, 2]
0.5555555555555556 0.625
itercount --------> 18
[5, 7, 3]
[5, 7, 6]
[5, 7, 0]
[5, 7, 1]
[5, 7, 2]
[5, 7, 4]
[5, 7, 3, 6]
[5, 7, 3, 0]
[5, 7, 3, 1]
[5, 7, 3, 2]
[5, 7, 3, 4]
[5, 7, 3, 6, 0]
[5, 7, 3, 6, 1]
[5, 7, 3, 6, 2]
[5, 7, 3, 6, 4]
[5, 7, 3, 6, 0, 1]
[5, 7, 3, 6, 0, 2]
[5, 7, 3, 6, 0, 4]
[5, 7, 3, 6, 0, 1, 2]
[5, 7, 3, 6, 0, 1, 4]
0.625 0.6875
itercount --------> 19
[0, 1, 2]
[0, 1, 5]
[0, 1, 7]
[0, 1, 3]
[0, 1, 6]
[0, 1, 4]
[0, 1, 2, 5]
[0, 1, 2, 7]
[0, 1, 2, 3]
[0, 1, 2, 6]
[0, 1, 2, 4]
[0, 1, 2, 5, 7]
[0, 1, 2, 5, 3]
[0, 1, 2, 5, 6]
[0, 1, 2, 5, 4]
[0, 1, 2, 5, 7, 3]
[0, 1, 2, 5, 7, 6]
0.6875 0.7777777777777778
itercount --------> 20
[5, 6, 7]
[5, 6, 3]
[5, 6, 4]
[5, 6, 0]
[5, 6, 1]
[5, 6, 2]
[5, 6, 7, 3]
[5, 6, 7, 4]
[5, 6, 7, 0]
[5, 6, 7, 1]
[5, 6, 7, 2]
[5, 6, 7, 3, 4]
[5, 6, 7, 3, 0]
[5, 6, 7, 3, 1]
[5, 6, 7, 3, 2]
[5, 6, 7, 3, 4, 0]
[5, 6, 7, 3, 4, 1]
[5, 6, 7, 3, 4, 2]
[5, 6, 7, 3, 4, 0, 1]
[5, 6, 7, 3, 4, 0, 2]
[5, 6, 7, 3, 4, 0, 1, 2]
failed -> 21 times
after fail n ======> 8
[0, 1, 2, 6, 4, 5, 7, 3]
0.05 0.08333333333333333
itercount --------> 1
[6, 4, 0]
[6, 4, 1]
0.08333333333333333 0.125
itercount --------> 2
[6, 4, 0]
0.125 0.16666666666666666
itercount --------> 3
[6, 4, 2]
0.16666666666666666 0.17857142857142858
itercount --------> 4
[4, 2, 5]
[4, 2, 6]
0.17857142857142858 0.25
itercount --------> 5
[4, 5, 6]
0.25 0.2631578947368421
itercount --------> 6
[4, 6, 7]
[4, 6, 5]
[4, 6, 2]
[4, 6, 3]
[4, 6, 0]
[4, 6, 1]
[4, 6, 7, 5]
0.2631578947368421 0.3333333333333333
itercount --------> 7
[4, 5, 6]
[4, 5, 7]
[4, 5, 2]
[4, 5, 3]
[4, 5, 0]
0.3333333333333333 0.35294117647058826
itercount --------> 8
[4, 2, 5]
[4, 2, 6]
[4, 2, 7]
[4, 2, 0]
0.35294117647058826 0.375
itercount --------> 9
[0, 1, 2]
[0, 1, 4]
[0, 1, 5]
[0, 1, 7]
[0, 1, 6]
[0, 1, 3]
[0, 1, 2, 4]
[0, 1, 2, 5]
[0, 1, 2, 7]
[0, 1, 2, 6]
[0, 1, 2, 3]
[0, 1, 2, 4, 5]
[0, 1, 2, 4, 7]
[0, 1, 2, 4, 6]
[0, 1, 2, 4, 3]
[0, 1, 2, 4, 5, 7]
[0, 1, 2, 4, 5, 6]
[0, 1, 2, 4, 5, 3]
[0, 1, 2, 4, 5, 7, 6]
0.375 0.3888888888888889
itercount --------> 10
[4, 3, 6]
[4, 3, 7]
[4, 3, 0]
[4, 3, 1]
[4, 3, 2]
[4, 3, 5]
[4, 3, 6, 7]
[4, 3, 6, 0]
[4, 3, 6, 1]
[4, 3, 6, 2]
[4, 3, 6, 5]
[4, 3, 6, 7, 0]
[4, 3, 6, 7, 1]
[4, 3, 6, 7, 2]
[4, 3, 6, 7, 5]
[4, 3, 6, 7, 0, 1]
0.3888888888888889 0.4117647058823529
itercount --------> 11
[4, 7, 3]
[4, 7, 6]
[4, 7, 5]
[4, 7, 0]
[4, 7, 1]
[4, 7, 2]
[4, 7, 3, 6]
[4, 7, 3, 5]
[4, 7, 3, 0]
[4, 7, 3, 1]
[4, 7, 3, 2]
[4, 7, 3, 6, 5]
[4, 7, 3, 6, 0]
[4, 7, 3, 6, 1]
[4, 7, 3, 6, 2]
[4, 7, 3, 6, 5, 0]
[4, 7, 3, 6, 5, 1]
[4, 7, 3, 6, 5, 2]
[4, 7, 3, 6, 5, 0, 1]
[4, 7, 3, 6, 5, 0, 2]
[4, 7, 3, 6, 5, 0, 1, 2]
failed -> 22 times
after fail n ======> 5
[0, 1, 2, 6, 4]
0.05 0.08333333333333333
itercount --------> 1
[6, 4, 0]
[6, 4, 1]
0.08333333333333333 0.10714285714285714
itercount --------> 2
[6, 4, 0]
0.10714285714285714 0.15
itercount --------> 3
[6, 4, 5]
0.15 0.16666666666666666
itercount --------> 4
[6, 4, 5]
[6, 4, 7]
[6, 4, 3]
[6, 4, 0]
0.16666666666666666 0.17142857142857143
itercount --------> 5
[6, 0, 5]
[6, 0, 1]
0.17142857142857143 0.2222222222222222
itercount --------> 6
[6, 0, 5]
[6, 0, 4]
[6, 0, 3]
[6, 0, 7]
0.2222222222222222 0.24
itercount --------> 7
[6, 5, 0]
0.24 0.25
itercount --------> 8
[6, 5, 4]
0.25 0.2631578947368421
itercount --------> 9
[6, 4, 3]
[6, 4, 5]
[6, 4, 7]
[6, 4, 0]
[6, 4, 1]
[6, 4, 2]
[6, 4, 3, 5]
0.2631578947368421 0.3157894736842105
itercount --------> 10
[6, 7, 3]
[6, 7, 4]
[6, 7, 5]
[6, 7, 0]
[6, 7, 1]
[6, 7, 2]
[6, 7, 3, 4]
[6, 7, 3, 5]
[6, 7, 3, 0]
[6, 7, 3, 1]
[6, 7, 3, 2]
[6, 7, 3, 4, 5]
[6, 7, 3, 4, 0]
[6, 7, 3, 4, 1]
[6, 7, 3, 4, 2]
[6, 7, 3, 4, 5, 0]
[6, 7, 3, 4, 5, 1]
[6, 7, 3, 4, 5, 2]
[6, 7, 3, 4, 5, 0, 1]
[6, 7, 3, 4, 5, 0, 2]
[6, 7, 3, 4, 5, 0, 1, 2]
failed -> 23 times
after fail n ======> 6
[0, 1, 2, 6, 4, 5]
0.05 0.08333333333333333
itercount --------> 1
[2, 6, 4]
[2, 6, 0]
[2, 6, 1]
0.08333333333333333 0.125
itercount --------> 2
[6, 4, 5]
[6, 4, 0]
0.125 0.13953488372093023
itercount --------> 3
[5, 2, 6]
0.13953488372093023 0.18604651162790697
itercount --------> 4
[5, 0, 1]
[5, 0, 6]
0.18604651162790697 0.26666666666666666
itercount --------> 5
[5, 6, 2]
[5, 6, 0]
0.26666666666666666 0.2692307692307692
itercount --------> 6
[5, 6, 2]
0.2692307692307692 0.34782608695652173
itercount --------> 7
[6, 5, 4]
[6, 5, 7]
[6, 5, 0]
[6, 5, 1]
[6, 5, 2]
[6, 5, 3]
[6, 5, 4, 7]
[6, 5, 4, 0]
[6, 5, 4, 1]
0.34782608695652173 0.35
itercount --------> 8
[6, 4, 5]
[6, 4, 7]
[6, 4, 3]
[6, 4, 0]
[6, 4, 1]
[6, 4, 2]
[6, 4, 5, 7]
0.35 0.42105263157894735
itercount --------> 9
[4, 0, 1]
[4, 0, 6]
[4, 0, 7]
[4, 0, 5]
[4, 0, 3]
[4, 0, 2]
0.42105263157894735 0.4444444444444444
itercount --------> 10
[4, 6, 7]
[4, 6, 0]
[4, 6, 1]
[4, 6, 2]
[4, 6, 3]
[4, 6, 5]
[4, 6, 7, 0]
[4, 6, 7, 1]
0.4444444444444444 0.47368421052631576
itercount --------> 11
[6, 4, 5]
[6, 4, 3]
[6, 4, 7]
[6, 4, 0]
[6, 4, 1]
[6, 4, 2]
[6, 4, 5, 3]
[6, 4, 5, 7]
[6, 4, 5, 0]
0.47368421052631576 0.5
itercount --------> 12
[4, 6, 3]
[4, 6, 7]
[4, 6, 0]
[4, 6, 1]
[4, 6, 2]
[4, 6, 5]
[4, 6, 3, 7]
[4, 6, 3, 0]
0.5 0.5555555555555556
itercount --------> 13
[6, 4, 7]
[6, 4, 3]
[6, 4, 5]
[6, 4, 0]
0.5555555555555556 0.6111111111111112
itercount --------> 14
[4, 6, 5]
0.6111111111111112 0.7368421052631579
itercount --------> 15
[5, 6, 7]
[5, 6, 0]
[5, 6, 1]
[5, 6, 2]
[5, 6, 3]
[5, 6, 4]
[5, 6, 7, 0]
[5, 6, 7, 1]
[5, 6, 7, 2]
[5, 6, 7, 3]
[5, 6, 7, 4]
[5, 6, 7, 0, 1]
[5, 6, 7, 0, 2]
[5, 6, 7, 0, 3]
[5, 6, 7, 0, 4]
[5, 6, 7, 0, 1, 2]
0.7368421052631579 0.75
itercount --------> 16
[5, 6, 0]
[5, 6, 1]
[5, 6, 2]
[5, 6, 3]
[5, 6, 4]
[5, 6, 7]
[5, 6, 0, 1]
0.75 0.7894736842105263
itercount --------> 17
[0, 1, 2]
[0, 1, 3]
[0, 1, 4]
[0, 1, 5]
[0, 1, 6]
[0, 1, 7]
[0, 1, 2, 3]
0.7894736842105263 0.8333333333333334
itercount --------> 18
[3, 4, 6]
[3, 4, 7]
[3, 4, 0]
[3, 4, 1]
[3, 4, 2]
[3, 4, 5]
[3, 4, 6, 7]
[3, 4, 6, 0]
[3, 4, 6, 1]
[3, 4, 6, 2]
[3, 4, 6, 5]
[3, 4, 6, 7, 0]
[3, 4, 6, 7, 1]
[3, 4, 6, 7, 2]
[3, 4, 6, 7, 5]
[3, 4, 6, 7, 0, 1]
[3, 4, 6, 7, 0, 2]
[3, 4, 6, 7, 0, 5]
[3, 4, 6, 7, 0, 1, 2]
[3, 4, 6, 7, 0, 1, 5]
[3, 4, 6, 7, 0, 1, 2, 5]
failed -> 24 times
after fail n ======> 7
[0, 1, 2, 6, 4, 5, 7]
0.05 0.06896551724137931
itercount --------> 1
[5, 6, 0]
0.06896551724137931 0.10526315789473684
itercount --------> 2
[0, 6, 4]
0.10526315789473684 0.13636363636363635
itercount --------> 3
[0, 4, 5]
[0, 4, 1]
[0, 4, 2]
0.13636363636363635 0.14814814814814814
itercount --------> 4
[6, 5, 0]
0.14814814814814814 0.1891891891891892
itercount --------> 5
[2, 5, 6]
0.1891891891891892 0.3333333333333333
itercount --------> 6
[5, 2, 0]
[5, 2, 1]
0.3333333333333333 0.43478260869565216
itercount --------> 7
[5, 2, 6]
[5, 2, 3]
[5, 2, 4]
0.43478260869565216 0.45454545454545453
itercount --------> 8
[4, 5, 0]
[4, 5, 3]
0.45454545454545453 0.56
itercount --------> 9
[1, 2, 5]
[1, 2, 0]
0.56 0.6666666666666666
itercount --------> 10
[0, 1, 2]
[0, 1, 5]
[0, 1, 7]
[0, 1, 4]
0.6666666666666666 0.7368421052631579
itercount --------> 11
[5, 7, 0]
[5, 7, 1]
[5, 7, 2]
[5, 7, 6]
[5, 7, 3]
[5, 7, 4]
[5, 7, 0, 1]
[5, 7, 0, 2]
[5, 7, 0, 6]
[5, 7, 0, 3]
[5, 7, 0, 4]
[5, 7, 0, 1, 2]
[5, 7, 0, 1, 6]
[5, 7, 0, 1, 3]
[5, 7, 0, 1, 4]
[5, 7, 0, 1, 2, 6]
[5, 7, 0, 1, 2, 3]
0.7368421052631579 0.7777777777777778
itercount --------> 12
[5, 6, 7]
[5, 6, 3]
[5, 6, 4]
[5, 6, 0]
[5, 6, 1]
[5, 6, 2]
[5, 6, 7, 3]
[5, 6, 7, 4]
[5, 6, 7, 0]
[5, 6, 7, 1]
[5, 6, 7, 2]
[5, 6, 7, 3, 4]
[5, 6, 7, 3, 0]
[5, 6, 7, 3, 1]
[5, 6, 7, 3, 2]
[5, 6, 7, 3, 4, 0]
[5, 6, 7, 3, 4, 1]
[5, 6, 7, 3, 4, 2]
[5, 6, 7, 3, 4, 0, 1]
[5, 6, 7, 3, 4, 0, 2]
[5, 6, 7, 3, 4, 0, 1, 2]
failed -> 25 times
after fail n ======> 8
[0, 1, 2, 6, 4, 5, 7, 3]
0.05 0.125
itercount --------> 1
[6, 4, 2]
0.125 0.13333333333333333
itercount --------> 2
[6, 2, 5]
0.13333333333333333 0.17857142857142858
itercount --------> 3
[6, 5, 0]
0.17857142857142858 0.22727272727272727
itercount --------> 4
[6, 2, 4]
0.22727272727272727 0.25
itercount --------> 5
[6, 4, 3]
0.25 0.3
itercount --------> 6
[6, 7, 3]
[6, 7, 4]
[6, 7, 5]
[6, 7, 0]
[6, 7, 1]
[6, 7, 2]
0.3 0.3157894736842105
itercount --------> 7
[6, 7, 3]
[6, 7, 4]
[6, 7, 5]
[6, 7, 0]
[6, 7, 1]
[6, 7, 2]
[6, 7, 3, 4]
[6, 7, 3, 5]
[6, 7, 3, 0]
[6, 7, 3, 1]
[6, 7, 3, 2]
[6, 7, 3, 4, 5]
[6, 7, 3, 4, 0]
0.3157894736842105 0.3333333333333333
itercount --------> 8
[6, 7, 3]
[6, 7, 4]
[6, 7, 5]
[6, 7, 0]
[6, 7, 1]
[6, 7, 2]
[6, 7, 3, 4]
[6, 7, 3, 5]
[6, 7, 3, 0]
[6, 7, 3, 1]
[6, 7, 3, 2]
[6, 7, 3, 4, 5]
[6, 7, 3, 4, 0]
[6, 7, 3, 4, 1]
[6, 7, 3, 4, 2]
[6, 7, 3, 4, 5, 0]
0.3333333333333333 0.36
itercount --------> 9
[6, 4, 1]
[6, 4, 5]
[6, 4, 7]
[6, 4, 3]
[6, 4, 2]
[6, 4, 0]
[6, 4, 1, 5]
0.36 0.47619047619047616
itercount --------> 10
[6, 4, 5]
[6, 4, 7]
[6, 4, 3]
[6, 4, 0]
[6, 4, 1]
[6, 4, 2]
[6, 4, 5, 7]
[6, 4, 5, 3]
[6, 4, 5, 0]
[6, 4, 5, 1]
[6, 4, 5, 2]
[6, 4, 5, 7, 3]
[6, 4, 5, 7, 0]
[6, 4, 5, 7, 1]
[6, 4, 5, 7, 2]
[6, 4, 5, 7, 3, 0]
[6, 4, 5, 7, 3, 1]
[6, 4, 5, 7, 3, 2]
[6, 4, 5, 7, 3, 0, 1]
0.47619047619047616 0.5263157894736842
itercount --------> 11
[6, 4, 3]
[6, 4, 7]
[6, 4, 5]
[6, 4, 0]
[6, 4, 1]
[6, 4, 2]
[6, 4, 3, 7]
[6, 4, 3, 5]
[6, 4, 3, 0]
[6, 4, 3, 1]
0.5263157894736842 0.5789473684210527
itercount --------> 12
[4, 6, 5]
0.5789473684210527 0.6363636363636364
itercount --------> 13
[5, 6, 1]
[5, 6, 0]
[5, 6, 3]
[5, 6, 4]
[5, 6, 7]
[5, 6, 2]
0.6363636363636364 0.6666666666666666
itercount --------> 14
[0, 1, 5]
[0, 1, 3]
[0, 1, 6]
[0, 1, 7]
[0, 1, 2]
0.6666666666666666 0.7368421052631579
itercount --------> 15
[5, 6, 7]
[5, 6, 0]
0.7368421052631579 0.75
itercount --------> 16
[5, 6, 0]
0.75 0.7894736842105263
itercount --------> 17
[0, 1, 2]
[0, 1, 5]
[0, 1, 6]
0.7894736842105263 0.8333333333333334
itercount --------> 18
[3, 4, 6]
[3, 4, 7]
[3, 4, 0]
[3, 4, 1]
[3, 4, 2]
[3, 4, 5]
[3, 4, 6, 7]
[3, 4, 6, 0]
[3, 4, 6, 1]
[3, 4, 6, 2]
[3, 4, 6, 5]
[3, 4, 6, 7, 0]
[3, 4, 6, 7, 1]
[3, 4, 6, 7, 2]
[3, 4, 6, 7, 5]
[3, 4, 6, 7, 0, 1]
[3, 4, 6, 7, 0, 2]
[3, 4, 6, 7, 0, 5]
[3, 4, 6, 7, 0, 1, 2]
[3, 4, 6, 7, 0, 1, 5]
[3, 4, 6, 7, 0, 1, 2, 5]
failed -> 26 times
after fail n ======> 5
[0, 1, 2, 6, 4]
0.05 0.08333333333333333
itercount --------> 1
[6, 4, 1]
0.08333333333333333 0.10714285714285714
itercount --------> 2
[6, 4, 2]
0.10714285714285714 0.125
itercount --------> 3
[6, 4, 2]
0.125 0.16666666666666666
itercount --------> 4
[6, 4, 5]
[6, 4, 7]
[6, 4, 3]
[6, 4, 0]
0.16666666666666666 0.17142857142857143
itercount --------> 5
[6, 0, 5]
0.17142857142857143 0.18518518518518517
itercount --------> 6
[6, 5, 0]
[6, 5, 1]
[6, 5, 4]
[6, 5, 2]
[6, 5, 3]
[6, 5, 7]
[6, 5, 0, 1]
0.18518518518518517 0.19230769230769232
itercount --------> 7
[6, 5, 0]
0.19230769230769232 0.2
itercount --------> 8
[6, 5, 0]
[6, 5, 2]
[6, 5, 1]
0.2 0.21739130434782608
itercount --------> 9
[6, 5, 2]
0.21739130434782608 0.3333333333333333
itercount --------> 10
[6, 2, 4]
[6, 2, 3]
[6, 2, 5]
[6, 2, 7]
0.3333333333333333 0.45
itercount --------> 11
[6, 2, 4]
[6, 2, 5]
[6, 2, 3]
[6, 2, 0]
0.45 0.5
itercount --------> 12
[4, 6, 0]
[4, 6, 1]
[4, 6, 3]
[4, 6, 5]
[4, 6, 7]
[4, 6, 2]
[4, 6, 0, 1]
0.5 0.5294117647058824
itercount --------> 13
[4, 6, 3]
[4, 6, 7]
[4, 6, 5]
[4, 6, 0]
[4, 6, 1]
[4, 6, 2]
[4, 6, 3, 7]
[4, 6, 3, 5]
[4, 6, 3, 0]
[4, 6, 3, 1]
0.5294117647058824 0.5555555555555556
itercount --------> 14
[6, 4, 7]
[6, 4, 3]
[6, 4, 5]
[6, 4, 0]
[6, 4, 1]
[6, 4, 2]
[6, 4, 7, 3]
[6, 4, 7, 5]
[6, 4, 7, 0]
[6, 4, 7, 1]
[6, 4, 7, 2]
[6, 4, 7, 3, 5]
[6, 4, 7, 3, 0]
0.5555555555555556 0.6111111111111112
itercount --------> 15
[4, 6, 0]
0.6111111111111112 0.7368421052631579
itercount --------> 16
[0, 1, 4]
[0, 1, 5]
[0, 1, 6]
[0, 1, 7]
[0, 1, 3]
[0, 1, 2]
0.7368421052631579 0.7777777777777778
itercount --------> 17
[5, 6, 7]
[5, 6, 3]
[5, 6, 4]
[5, 6, 0]
[5, 6, 1]
0.7777777777777778 0.7894736842105263
itercount --------> 18
[6, 3, 4]
[6, 3, 5]
[6, 3, 7]
[6, 3, 0]
[6, 3, 1]
[6, 3, 2]
[6, 3, 4, 5]
[6, 3, 4, 7]
[6, 3, 4, 0]
[6, 3, 4, 1]
[6, 3, 4, 2]
[6, 3, 4, 5, 7]
[6, 3, 4, 5, 0]
[6, 3, 4, 5, 1]
[6, 3, 4, 5, 2]
[6, 3, 4, 5, 7, 0]
[6, 3, 4, 5, 7, 1]
[6, 3, 4, 5, 7, 2]
[6, 3, 4, 5, 7, 0, 1]
[6, 3, 4, 5, 7, 0, 2]
[6, 3, 4, 5, 7, 0, 1, 2]
failed -> 27 times
after fail n ======> 6
[0, 1, 2, 6, 4, 5]
0.05 0.06060606060606061
itercount --------> 1
[5, 6, 4]
0.06060606060606061 0.06896551724137931
itercount --------> 2
[5, 7, 2]
[5, 7, 3]
0.06896551724137931 0.09375
itercount --------> 3
[5, 2, 3]
0.09375 0.13636363636363635
itercount --------> 4
[5, 4, 0]
0.13636363636363635 0.20833333333333334
itercount --------> 5
[5, 0, 1]
0.20833333333333334 0.3333333333333333
itercount --------> 6
[5, 4, 6]
0.3333333333333333 0.38461538461538464
itercount --------> 7
[5, 0, 1]
[5, 0, 3]
[5, 0, 4]
[5, 0, 6]
[5, 0, 7]
[5, 0, 2]
0.38461538461538464 0.47619047619047616
itercount --------> 8
[5, 3, 4]
0.47619047619047616 0.5
itercount --------> 9
[5, 6, 4]
0.5 0.5714285714285714
itercount --------> 10
[5, 6, 0]
0.5714285714285714 0.631578947368421
itercount --------> 11
[0, 1, 2]
[0, 1, 5]
[0, 1, 6]
[0, 1, 7]
[0, 1, 3]
[0, 1, 4]
0.631578947368421 0.6666666666666666
itercount --------> 12
[1, 5, 7]
[1, 5, 0]
[1, 5, 2]
0.6666666666666666 0.7058823529411765
itercount --------> 13
[0, 1, 2]
[0, 1, 5]
[0, 1, 6]
[0, 1, 7]
[0, 1, 3]
[0, 1, 4]
[0, 1, 2, 5]
[0, 1, 2, 6]
0.7058823529411765 0.75
itercount --------> 14
[0, 1, 2]
[0, 1, 5]
[0, 1, 6]
[0, 1, 7]
[0, 1, 3]
[0, 1, 4]
[0, 1, 2, 5]
[0, 1, 2, 6]
[0, 1, 2, 7]
[0, 1, 2, 3]
[0, 1, 2, 4]
[0, 1, 2, 5, 6]
[0, 1, 2, 5, 7]
[0, 1, 2, 5, 3]
[0, 1, 2, 5, 4]
[0, 1, 2, 5, 6, 7]
[0, 1, 2, 5, 6, 3]
[0, 1, 2, 5, 6, 4]
[0, 1, 2, 5, 6, 7, 3]
[0, 1, 2, 5, 6, 7, 4]
0.75 0.7777777777777778
itercount --------> 15
[5, 6, 7]
[5, 6, 3]
[5, 6, 4]
[5, 6, 0]
[5, 6, 1]
[5, 6, 2]
[5, 6, 7, 3]
[5, 6, 7, 4]
[5, 6, 7, 0]
[5, 6, 7, 1]
[5, 6, 7, 2]
[5, 6, 7, 3, 4]
[5, 6, 7, 3, 0]
[5, 6, 7, 3, 1]
[5, 6, 7, 3, 2]
[5, 6, 7, 3, 4, 0]
[5, 6, 7, 3, 4, 1]
[5, 6, 7, 3, 4, 2]
[5, 6, 7, 3, 4, 0, 1]
[5, 6, 7, 3, 4, 0, 2]
[5, 6, 7, 3, 4, 0, 1, 2]
failed -> 28 times
after fail n ======> 7
[0, 1, 2, 6, 4, 5, 7]
0.05 0.08333333333333333
itercount --------> 1
[6, 4, 0]
0.08333333333333333 0.125
itercount --------> 2
[6, 4, 2]
[6, 4, 5]
[6, 4, 7]
[6, 4, 3]
[6, 4, 0]
[6, 4, 1]
[6, 4, 2, 5]
0.125 0.16666666666666666
itercount --------> 3
[6, 4, 5]
[6, 4, 7]
[6, 4, 3]
[6, 4, 0]
[6, 4, 1]
[6, 4, 2]
0.16666666666666666 0.17142857142857143
itercount --------> 4
[6, 2, 5]
0.17142857142857143 0.18518518518518517
itercount --------> 5
[6, 5, 2]
[6, 5, 1]
0.18518518518518517 0.23809523809523808
itercount --------> 6
[6, 3, 4]
[6, 3, 0]
0.23809523809523808 0.25
itercount --------> 7
[6, 3, 5]
[6, 3, 0]
[6, 3, 1]
0.25 0.2631578947368421
itercount --------> 8
[6, 1, 3]
[6, 1, 4]
[6, 1, 5]
[6, 1, 7]
0.2631578947368421 0.29411764705882354
itercount --------> 9
[6, 3, 4]
[6, 3, 7]
[6, 3, 5]
[6, 3, 0]
[6, 3, 1]
[6, 3, 2]
[6, 3, 4, 7]
[6, 3, 4, 5]
[6, 3, 4, 0]
0.29411764705882354 0.3333333333333333
itercount --------> 10
[6, 7, 3]
[6, 7, 4]
[6, 7, 5]
[6, 7, 0]
[6, 7, 1]
[6, 7, 2]
[6, 7, 3, 4]
[6, 7, 3, 5]
[6, 7, 3, 0]
[6, 7, 3, 1]
[6, 7, 3, 2]
[6, 7, 3, 4, 5]
[6, 7, 3, 4, 0]
[6, 7, 3, 4, 1]
[6, 7, 3, 4, 2]
[6, 7, 3, 4, 5, 0]
[6, 7, 3, 4, 5, 1]
[6, 7, 3, 4, 5, 2]
[6, 7, 3, 4, 5, 0, 1]
[6, 7, 3, 4, 5, 0, 2]
[6, 7, 3, 4, 5, 0, 1, 2]
failed -> 29 times
after fail n ======> 8
[0, 1, 2, 6, 4, 5, 7, 3]
0.05 0.05405405405405406
itercount --------> 1
[2, 6, 4]
0.05405405405405406 0.06896551724137931
itercount --------> 2
[6, 4, 5]
[6, 4, 3]
0.06896551724137931 0.08333333333333333
itercount --------> 3
[6, 4, 0]
0.08333333333333333 0.11904761904761904
itercount --------> 4
[5, 1, 4]
[5, 1, 0]
0.11904761904761904 0.14285714285714285
itercount --------> 5
[6, 0, 5]
0.14285714285714285 0.2
itercount --------> 6
[6, 4, 0]
[6, 4, 1]
0.2 0.2222222222222222
itercount --------> 7
[1, 6, 4]
[1, 6, 5]
[1, 6, 3]
[1, 6, 7]
[1, 6, 0]
[1, 6, 2]
[1, 6, 4, 5]
[1, 6, 4, 3]
0.2222222222222222 0.23529411764705882
itercount --------> 8
[0, 1, 5]
[0, 1, 4]
[0, 1, 6]
[0, 1, 3]
[0, 1, 7]
[0, 1, 2]
0.23529411764705882 0.25
itercount --------> 9
[4, 5, 7]
[4, 5, 0]
[4, 5, 1]
[4, 5, 2]
[4, 5, 3]
[4, 5, 6]
[4, 5, 7, 0]
[4, 5, 7, 1]
[4, 5, 7, 2]
[4, 5, 7, 3]
0.25 0.3888888888888889
itercount --------> 10
[4, 3, 6]
[4, 3, 7]
[4, 3, 0]
[4, 3, 1]
[4, 3, 2]
[4, 3, 5]
[4, 3, 6, 7]
[4, 3, 6, 0]
0.3888888888888889 0.4117647058823529
itercount --------> 11
[4, 7, 3]
[4, 7, 6]
[4, 7, 5]
[4, 7, 0]
[4, 7, 1]
[4, 7, 2]
[4, 7, 3, 6]
[4, 7, 3, 5]
[4, 7, 3, 0]
[4, 7, 3, 1]
[4, 7, 3, 2]
[4, 7, 3, 6, 5]
[4, 7, 3, 6, 0]
[4, 7, 3, 6, 1]
[4, 7, 3, 6, 2]
[4, 7, 3, 6, 5, 0]
[4, 7, 3, 6, 5, 1]
[4, 7, 3, 6, 5, 2]
[4, 7, 3, 6, 5, 0, 1]
[4, 7, 3, 6, 5, 0, 2]
[4, 7, 3, 6, 5, 0, 1, 2]
failed -> 30 times
after fail n ======> 5
[0, 1, 2, 6, 4]
0.05 0.08333333333333333
itercount --------> 1
[6, 4, 0]
[6, 4, 2]
0.08333333333333333 0.13333333333333333
itercount --------> 2
[6, 0, 5]
[6, 0, 1]
0.13333333333333333 0.1694915254237288
itercount --------> 3
[1, 5, 0]
0.1694915254237288 0.21621621621621623
itercount --------> 4
[1, 5, 6]
0.21621621621621623 0.23809523809523808
itercount --------> 5
[6, 5, 4]
0.23809523809523808 0.2631578947368421
itercount --------> 6
[6, 4, 3]
[6, 4, 5]
[6, 4, 7]
[6, 4, 0]
[6, 4, 1]
[6, 4, 2]
[6, 4, 3, 5]
0.2631578947368421 0.2857142857142857
itercount --------> 7
[6, 5, 3]
[6, 5, 7]
[6, 5, 4]
[6, 5, 0]
[6, 5, 1]
0.2857142857142857 0.3157894736842105
itercount --------> 8
[6, 7, 3]
[6, 7, 4]
[6, 7, 5]
[6, 7, 0]
[6, 7, 1]
[6, 7, 2]
[6, 7, 3, 4]
[6, 7, 3, 5]
[6, 7, 3, 0]
[6, 7, 3, 1]
[6, 7, 3, 2]
[6, 7, 3, 4, 5]
[6, 7, 3, 4, 0]
0.3157894736842105 0.3333333333333333
itercount --------> 9
[6, 7, 3]
[6, 7, 4]
[6, 7, 5]
[6, 7, 0]
[6, 7, 1]
[6, 7, 2]
[6, 7, 3, 4]
[6, 7, 3, 5]
[6, 7, 3, 0]
[6, 7, 3, 1]
[6, 7, 3, 2]
[6, 7, 3, 4, 5]
[6, 7, 3, 4, 0]
[6, 7, 3, 4, 1]
[6, 7, 3, 4, 2]
[6, 7, 3, 4, 5, 0]
[6, 7, 3, 4, 5, 1]
[6, 7, 3, 4, 5, 2]
0.3333333333333333 0.35
itercount --------> 10
[6, 3, 7]
[6, 3, 4]
0.35 0.3888888888888889
itercount --------> 11
[6, 4, 7]
[6, 4, 5]
[6, 4, 3]
[6, 4, 0]
[6, 4, 1]
[6, 4, 2]
[6, 4, 7, 5]
0.3888888888888889 0.5
itercount --------> 12
[4, 3, 6]
[4, 3, 0]
0.5 0.5263157894736842
itercount --------> 13
[6, 4, 7]
[6, 4, 3]
[6, 4, 5]
[6, 4, 0]
[6, 4, 1]
[6, 4, 2]
[6, 4, 7, 3]
[6, 4, 7, 5]
[6, 4, 7, 0]
[6, 4, 7, 1]
[6, 4, 7, 2]
[6, 4, 7, 3, 5]
[6, 4, 7, 3, 0]
[6, 4, 7, 3, 1]
[6, 4, 7, 3, 2]
[6, 4, 7, 3, 5, 0]
[6, 4, 7, 3, 5, 1]
[6, 4, 7, 3, 5, 2]
[6, 4, 7, 3, 5, 0, 1]
0.5263157894736842 0.5555555555555556
itercount --------> 14
[6, 4, 7]
[6, 4, 3]
[6, 4, 5]
[6, 4, 0]
0.5555555555555556 0.5789473684210527
itercount --------> 15
[4, 6, 0]
0.5789473684210527 0.6666666666666666
itercount --------> 16
[0, 1, 5]
[0, 1, 6]
[0, 1, 7]
[0, 1, 2]
0.6666666666666666 0.7368421052631579
itercount --------> 17
[5, 6, 7]
[5, 6, 0]
[5, 6, 1]
[5, 6, 2]
[5, 6, 3]
[5, 6, 4]
[5, 6, 7, 0]
[5, 6, 7, 1]
[5, 6, 7, 2]
[5, 6, 7, 3]
[5, 6, 7, 4]
[5, 6, 7, 0, 1]
[5, 6, 7, 0, 2]
[5, 6, 7, 0, 3]
[5, 6, 7, 0, 4]
[5, 6, 7, 0, 1, 2]
[5, 6, 7, 0, 1, 3]
[5, 6, 7, 0, 1, 4]
[5, 6, 7, 0, 1, 2, 3]
[5, 6, 7, 0, 1, 2, 4]
[5, 6, 7, 0, 1, 2, 3, 4]
failed -> 31 times
after fail n ======> 6
[0, 1, 2, 6, 4, 5]
0.05 0.125
itercount --------> 1
[6, 4, 2]
0.125 0.13636363636363635
itercount --------> 2
[6, 4, 7]
0.13636363636363635 0.16
itercount --------> 3
[5, 4, 0]
0.16 0.2
itercount --------> 4
[0, 2, 4]
0.2 0.2727272727272727
itercount --------> 5
[0, 5, 2]
[0, 5, 4]
0.2727272727272727 0.2857142857142857
itercount --------> 6
[5, 4, 6]
0.2857142857142857 0.3181818181818182
itercount --------> 7
[5, 4, 6]
0.3181818181818182 0.375
itercount --------> 8
[5, 4, 3]
0.375 0.45161290322580644
itercount --------> 9
[5, 0, 1]
0.45161290322580644 0.56
itercount --------> 10
[0, 1, 2]
[0, 1, 5]
[0, 1, 6]
[0, 1, 7]
[0, 1, 4]
[0, 1, 3]
[0, 1, 2, 5]
[0, 1, 2, 6]
[0, 1, 2, 7]
[0, 1, 2, 4]
[0, 1, 2, 3]
0.56 0.5833333333333334
itercount --------> 11
[2, 5, 0]
[2, 5, 1]
[2, 5, 4]
[2, 5, 6]
[2, 5, 3]
[2, 5, 7]
[2, 5, 0, 1]
0.5833333333333334 0.6666666666666666
itercount --------> 12
[5, 0, 1]
[5, 0, 2]
[5, 0, 6]
[5, 0, 7]
[5, 0, 3]
[5, 0, 4]
[5, 0, 1, 2]
[5, 0, 1, 6]
0.6666666666666666 0.7368421052631579
itercount --------> 13
[5, 6, 7]
[5, 6, 0]
[5, 6, 1]
[5, 6, 2]
[5, 6, 3]
[5, 6, 4]
[5, 6, 7, 0]
[5, 6, 7, 1]
[5, 6, 7, 2]
[5, 6, 7, 3]
[5, 6, 7, 4]
[5, 6, 7, 0, 1]
[5, 6, 7, 0, 2]
[5, 6, 7, 0, 3]
[5, 6, 7, 0, 4]
[5, 6, 7, 0, 1, 2]
[5, 6, 7, 0, 1, 3]
[5, 6, 7, 0, 1, 4]
[5, 6, 7, 0, 1, 2, 3]
[5, 6, 7, 0, 1, 2, 4]
[5, 6, 7, 0, 1, 2, 3, 4]
failed -> 32 times
after fail n ======> 7
[0, 1, 2, 6, 4, 5, 7]
0.05 0.125
itercount --------> 1
[6, 4, 1]
0.125 0.15
itercount --------> 2
[6, 4, 2]
0.15 0.16666666666666666
itercount --------> 3
[6, 4, 2]
0.16666666666666666 0.17857142857142858
itercount --------> 4
[6, 2, 5]
0.17857142857142858 0.24
itercount --------> 5
[6, 5, 2]
[6, 5, 0]
[6, 5, 1]
0.24 0.25
itercount --------> 6
[6, 5, 3]
0.25 0.2631578947368421
itercount --------> 7
[6, 4, 3]
0.2631578947368421 0.3157894736842105
itercount --------> 8
[6, 7, 3]
[6, 7, 4]
[6, 7, 5]
[6, 7, 0]
[6, 7, 1]
[6, 7, 2]
[6, 7, 3, 4]
[6, 7, 3, 5]
[6, 7, 3, 0]
[6, 7, 3, 1]
[6, 7, 3, 2]
[6, 7, 3, 4, 5]
[6, 7, 3, 4, 0]
[6, 7, 3, 4, 1]
[6, 7, 3, 4, 2]
[6, 7, 3, 4, 5, 0]
[6, 7, 3, 4, 5, 1]
[6, 7, 3, 4, 5, 2]
[6, 7, 3, 4, 5, 0, 1]
[6, 7, 3, 4, 5, 0, 2]
[6, 7, 3, 4, 5, 0, 1, 2]
failed -> 33 times
after fail n ======> 8
[0, 1, 2, 6, 4, 5, 7, 3]
0.05 0.08333333333333333
itercount --------> 1
[6, 4, 0]
[6, 4, 1]
0.08333333333333333 0.125
itercount --------> 2
[6, 4, 0]
0.125 0.16666666666666666
itercount --------> 3
[6, 4, 5]
[6, 4, 7]
[6, 4, 3]
[6, 4, 0]
0.16666666666666666 0.17142857142857143
itercount --------> 4
[6, 0, 5]
0.17142857142857143 0.18518518518518517
itercount --------> 5
[6, 5, 0]
[6, 5, 1]
0.18518518518518517 0.19230769230769232
itercount --------> 6
[6, 0, 5]
0.19230769230769232 0.26666666666666666
itercount --------> 7
[6, 5, 0]
[6, 5, 2]
0.26666666666666666 0.2916666666666667
itercount --------> 8
[6, 4, 5]
[6, 4, 0]
[6, 4, 7]
[6, 4, 2]
[6, 4, 3]
0.2916666666666667 0.3181818181818182
itercount --------> 9
[6, 7, 3]
[6, 7, 4]
[6, 7, 0]
0.3181818181818182 0.36363636363636365
itercount --------> 10
[6, 4, 3]
0.36363636363636365 0.391304347826087
itercount --------> 11
[4, 6, 5]
[4, 6, 0]
[4, 6, 2]
[4, 6, 1]
[4, 6, 3]
[4, 6, 7]
[4, 6, 5, 0]
[4, 6, 5, 2]
[4, 6, 5, 1]
[4, 6, 5, 3]
[4, 6, 5, 7]
[4, 6, 5, 0, 2]
0.391304347826087 0.4090909090909091
itercount --------> 12
[4, 6, 5]
[4, 6, 2]
[4, 6, 1]
[4, 6, 3]
[4, 6, 0]
[4, 6, 7]
[4, 6, 5, 2]
[4, 6, 5, 1]
[4, 6, 5, 3]
[4, 6, 5, 0]
[4, 6, 5, 7]
[4, 6, 5, 2, 1]
0.4090909090909091 0.42857142857142855
itercount --------> 13
[4, 6, 5]
[4, 6, 2]
[4, 6, 3]
[4, 6, 0]
[4, 6, 7]
[4, 6, 1]
[4, 6, 5, 2]
[4, 6, 5, 3]
0.42857142857142855 0.43478260869565216
itercount --------> 14
[6, 2, 4]
[6, 2, 5]
[6, 2, 7]
[6, 2, 3]
[6, 2, 0]
0.43478260869565216 0.5263157894736842
itercount --------> 15
[6, 4, 7]
[6, 4, 5]
[6, 4, 3]
[6, 4, 0]
[6, 4, 1]
[6, 4, 2]
[6, 4, 7, 5]
[6, 4, 7, 3]
[6, 4, 7, 0]
[6, 4, 7, 1]
[6, 4, 7, 2]
[6, 4, 7, 5, 3]
[6, 4, 7, 5, 0]
[6, 4, 7, 5, 1]
[6, 4, 7, 5, 2]
[6, 4, 7, 5, 3, 0]
[6, 4, 7, 5, 3, 1]
[6, 4, 7, 5, 3, 2]
0.5263157894736842 0.5555555555555556
itercount --------> 16
[6, 4, 7]
[6, 4, 3]
[6, 4, 5]
[6, 4, 0]
[6, 4, 1]
[6, 4, 2]
[6, 4, 7, 3]
[6, 4, 7, 5]
[6, 4, 7, 0]
[6, 4, 7, 1]
[6, 4, 7, 2]
[6, 4, 7, 3, 5]
[6, 4, 7, 3, 0]
[6, 4, 7, 3, 1]
[6, 4, 7, 3, 2]
[6, 4, 7, 3, 5, 0]
[6, 4, 7, 3, 5, 1]
[6, 4, 7, 3, 5, 2]
[6, 4, 7, 3, 5, 0, 1]
0.5555555555555556 0.5789473684210527
itercount --------> 17
[4, 5, 6]
0.5789473684210527 0.6666666666666666
itercount --------> 18
[5, 0, 2]
[5, 0, 6]
[5, 0, 7]
[5, 0, 3]
[5, 0, 4]
[5, 0, 1]
0.6666666666666666 0.7368421052631579
itercount --------> 19
[5, 6, 7]
[5, 6, 0]
[5, 6, 1]
[5, 6, 2]
[5, 6, 3]
[5, 6, 4]
[5, 6, 7, 0]
[5, 6, 7, 1]
[5, 6, 7, 2]
[5, 6, 7, 3]
[5, 6, 7, 4]
[5, 6, 7, 0, 1]
[5, 6, 7, 0, 2]
[5, 6, 7, 0, 3]
[5, 6, 7, 0, 4]
[5, 6, 7, 0, 1, 2]
[5, 6, 7, 0, 1, 3]
[5, 6, 7, 0, 1, 4]
[5, 6, 7, 0, 1, 2, 3]
[5, 6, 7, 0, 1, 2, 4]
[5, 6, 7, 0, 1, 2, 3, 4]
failed -> 34 times
after fail n ======> 5
[0, 1, 2, 6, 4]
0.05 0.08333333333333333
itercount --------> 1
[6, 4, 0]
0.08333333333333333 0.10714285714285714
itercount --------> 2
[6, 4, 2]
0.10714285714285714 0.125
itercount --------> 3
[6, 4, 2]
0.125 0.13333333333333333
itercount --------> 4
[6, 2, 5]
[6, 2, 0]
0.13333333333333333 0.13953488372093023
itercount --------> 5
[6, 2, 5]
0.13953488372093023 0.26666666666666666
itercount --------> 6
[5, 6, 1]
0.26666666666666666 0.2916666666666667
itercount --------> 7
[6, 5, 4]
[6, 5, 2]
0.2916666666666667 0.34782608695652173
itercount --------> 8
[6, 5, 4]
[6, 5, 7]
0.34782608695652173 0.4090909090909091
itercount --------> 9
[5, 6, 4]
[5, 6, 0]
[5, 6, 1]
[5, 6, 2]
[5, 6, 3]
[5, 6, 7]
[5, 6, 4, 0]
[5, 6, 4, 1]
[5, 6, 4, 2]
[5, 6, 4, 3]
0.4090909090909091 0.47619047619047616
itercount --------> 10
[6, 4, 0]
[6, 4, 1]
[6, 4, 2]
[6, 4, 7]
[6, 4, 5]
[6, 4, 3]
[6, 4, 0, 1]
[6, 4, 0, 2]
[6, 4, 0, 7]
[6, 4, 0, 5]
[6, 4, 0, 3]
[6, 4, 0, 1, 2]
[6, 4, 0, 1, 7]
[6, 4, 0, 1, 5]
[6, 4, 0, 1, 3]
[6, 4, 0, 1, 2, 7]
[6, 4, 0, 1, 2, 5]
[6, 4, 0, 1, 2, 3]
[6, 4, 0, 1, 2, 7, 5]
[6, 4, 0, 1, 2, 7, 3]
[6, 4, 0, 1, 2, 7, 5, 3]
failed -> 35 times
after fail n ======> 6
[0, 1, 2, 6, 4, 5]
0.05 0.08333333333333333
itercount --------> 1
[6, 4, 0]
0.08333333333333333 0.125
itercount --------> 2
[6, 4, 1]
0.125 0.13333333333333333
itercount --------> 3
[6, 1, 5]
0.13333333333333333 0.14705882352941177
itercount --------> 4
[5, 6, 0]
0.14705882352941177 0.22727272727272727
itercount --------> 5
[6, 1, 4]
0.22727272727272727 0.25
itercount --------> 6
[6, 4, 3]
0.25 0.3
itercount --------> 7
[6, 7, 3]
[6, 7, 4]
[6, 7, 5]
[6, 7, 0]
0.3 0.3157894736842105
itercount --------> 8
[6, 7, 3]
[6, 7, 4]
[6, 7, 5]
[6, 7, 0]
[6, 7, 1]
[6, 7, 2]
[6, 7, 3, 4]
[6, 7, 3, 5]
[6, 7, 3, 0]
[6, 7, 3, 1]
0.3157894736842105 0.3333333333333333
itercount --------> 9
[6, 7, 3]
[6, 7, 4]
[6, 7, 5]
[6, 7, 0]
[6, 7, 1]
[6, 7, 2]
[6, 7, 3, 4]
[6, 7, 3, 5]
[6, 7, 3, 0]
[6, 7, 3, 1]
[6, 7, 3, 2]
[6, 7, 3, 4, 5]
[6, 7, 3, 4, 0]
[6, 7, 3, 4, 1]
[6, 7, 3, 4, 2]
[6, 7, 3, 4, 5, 0]
[6, 7, 3, 4, 5, 1]
[6, 7, 3, 4, 5, 2]
[6, 7, 3, 4, 5, 0, 1]
0.3333333333333333 0.36
itercount --------> 10
[6, 4, 2]
[6, 4, 5]
[6, 4, 7]
[6, 4, 3]
[6, 4, 0]
[6, 4, 1]
[6, 4, 2, 5]
0.36 0.47619047619047616
itercount --------> 11
[6, 4, 5]
[6, 4, 7]
[6, 4, 3]
[6, 4, 0]
[6, 4, 1]
[6, 4, 2]
[6, 4, 5, 7]
[6, 4, 5, 3]
[6, 4, 5, 0]
[6, 4, 5, 1]
[6, 4, 5, 2]
[6, 4, 5, 7, 3]
[6, 4, 5, 7, 0]
[6, 4, 5, 7, 1]
[6, 4, 5, 7, 2]
[6, 4, 5, 7, 3, 0]
[6, 4, 5, 7, 3, 1]
[6, 4, 5, 7, 3, 2]
[6, 4, 5, 7, 3, 0, 1]
0.47619047619047616 0.5263157894736842
itercount --------> 12
[6, 4, 3]
[6, 4, 7]
[6, 4, 5]
[6, 4, 0]
[6, 4, 1]
[6, 4, 2]
[6, 4, 3, 7]
[6, 4, 3, 5]
[6, 4, 3, 0]
[6, 4, 3, 1]
[6, 4, 3, 2]
[6, 4, 3, 7, 5]
[6, 4, 3, 7, 0]
[6, 4, 3, 7, 1]
[6, 4, 3, 7, 2]
[6, 4, 3, 7, 5, 0]
0.5263157894736842 0.5555555555555556
itercount --------> 13
[6, 4, 7]
[6, 4, 3]
[6, 4, 5]
[6, 4, 0]
[6, 4, 1]
[6, 4, 2]
[6, 4, 7, 3]
[6, 4, 7, 5]
[6, 4, 7, 0]
[6, 4, 7, 1]
[6, 4, 7, 2]
[6, 4, 7, 3, 5]
[6, 4, 7, 3, 0]
[6, 4, 7, 3, 1]
[6, 4, 7, 3, 2]
[6, 4, 7, 3, 5, 0]
[6, 4, 7, 3, 5, 1]
0.5555555555555556 0.5789473684210527
itercount --------> 14
[4, 6, 0]
[4, 6, 1]
0.5789473684210527 0.6666666666666666
itercount --------> 15
[0, 1, 5]
[0, 1, 6]
[0, 1, 7]
[0, 1, 2]
[0, 1, 3]
[0, 1, 4]
[0, 1, 5, 6]
[0, 1, 5, 7]
[0, 1, 5, 2]
0.6666666666666666 0.7368421052631579
itercount --------> 16
[5, 6, 7]
[5, 6, 0]
[5, 6, 1]
[5, 6, 2]
[5, 6, 3]
[5, 6, 4]
[5, 6, 7, 0]
[5, 6, 7, 1]
[5, 6, 7, 2]
[5, 6, 7, 3]
[5, 6, 7, 4]
[5, 6, 7, 0, 1]
[5, 6, 7, 0, 2]
[5, 6, 7, 0, 3]
[5, 6, 7, 0, 4]
[5, 6, 7, 0, 1, 2]
[5, 6, 7, 0, 1, 3]
[5, 6, 7, 0, 1, 4]
[5, 6, 7, 0, 1, 2, 3]
[5, 6, 7, 0, 1, 2, 4]
[5, 6, 7, 0, 1, 2, 3, 4]
failed -> 36 times
after fail n ======> 7
[0, 1, 2, 6, 4, 5, 7]
0.05 0.08333333333333333
itercount --------> 1
[6, 4, 0]
0.08333333333333333 0.125
itercount --------> 2
[6, 4, 1]
0.125 0.13333333333333333
itercount --------> 3
[6, 1, 5]
0.13333333333333333 0.21428571428571427
itercount --------> 4
[6, 5, 0]
[6, 5, 1]
0.21428571428571427 0.22727272727272727
itercount --------> 5
[6, 5, 4]
[6, 5, 3]
0.22727272727272727 0.23809523809523808
itercount --------> 6
[4, 6, 1]
[4, 6, 0]
[4, 6, 2]
[4, 6, 3]
[4, 6, 5]
0.23809523809523808 0.25
itercount --------> 7
[6, 4, 5]
[6, 4, 3]
0.25 0.2857142857142857
itercount --------> 8
[6, 4, 5]
[6, 4, 7]
[6, 4, 3]
[6, 4, 0]
[6, 4, 1]
[6, 4, 2]
[6, 4, 5, 7]
[6, 4, 5, 3]
[6, 4, 5, 0]
0.2857142857142857 0.3157894736842105
itercount --------> 9
[6, 7, 3]
[6, 7, 4]
[6, 7, 5]
[6, 7, 0]
[6, 7, 1]
[6, 7, 2]
[6, 7, 3, 4]
[6, 7, 3, 5]
[6, 7, 3, 0]
[6, 7, 3, 1]
[6, 7, 3, 2]
[6, 7, 3, 4, 5]
[6, 7, 3, 4, 0]
0.3157894736842105 0.3333333333333333
itercount --------> 10
[6, 7, 3]
[6, 7, 4]
[6, 7, 5]
[6, 7, 0]
[6, 7, 1]
[6, 7, 2]
[6, 7, 3, 4]
[6, 7, 3, 5]
[6, 7, 3, 0]
[6, 7, 3, 1]
[6, 7, 3, 2]
[6, 7, 3, 4, 5]
[6, 7, 3, 4, 0]
[6, 7, 3, 4, 1]
[6, 7, 3, 4, 2]
[6, 7, 3, 4, 5, 0]
[6, 7, 3, 4, 5, 1]
[6, 7, 3, 4, 5, 2]
[6, 7, 3, 4, 5, 0, 1]
[6, 7, 3, 4, 5, 0, 2]
[6, 7, 3, 4, 5, 0, 1, 2]
failed -> 37 times
after fail n ======> 8
[0, 1, 2, 6, 4, 5, 7, 3]
0.05 0.08
itercount --------> 1
[6, 3, 4]
0.08 0.09302325581395349
itercount --------> 2
[6, 1, 2]
0.09302325581395349 0.14814814814814814
itercount --------> 3
[6, 1, 3]
0.14814814814814814 0.17647058823529413
itercount --------> 4
[6, 3, 7]
0.17647058823529413 0.21052631578947367
itercount --------> 5
[6, 3, 4]
[6, 3, 5]
[6, 3, 7]
[6, 3, 0]
[6, 3, 1]
[6, 3, 2]
[6, 3, 4, 5]
[6, 3, 4, 7]
[6, 3, 4, 0]
0.21052631578947367 0.2222222222222222
itercount --------> 6
[6, 0, 3]
[6, 0, 4]
[6, 0, 7]
[6, 0, 5]
[6, 0, 1]
[6, 0, 2]
[6, 0, 3, 4]
[6, 0, 3, 7]
[6, 0, 3, 5]
[6, 0, 3, 1]
[6, 0, 3, 2]
[6, 0, 3, 4, 7]
[6, 0, 3, 4, 5]
[6, 0, 3, 4, 1]
[6, 0, 3, 4, 2]
0.2222222222222222 0.2857142857142857
itercount --------> 7
[6, 3, 0]
[6, 3, 4]
[6, 3, 5]
[6, 3, 7]
[6, 3, 1]
[6, 3, 2]
[6, 3, 0, 4]
[6, 3, 0, 5]
0.2857142857142857 0.3333333333333333
itercount --------> 8
[6, 7, 3]
[6, 7, 4]
[6, 7, 5]
[6, 7, 0]
[6, 7, 1]
[6, 7, 2]
[6, 7, 3, 4]
[6, 7, 3, 5]
[6, 7, 3, 0]
[6, 7, 3, 1]
[6, 7, 3, 2]
[6, 7, 3, 4, 5]
[6, 7, 3, 4, 0]
[6, 7, 3, 4, 1]
[6, 7, 3, 4, 2]
[6, 7, 3, 4, 5, 0]
[6, 7, 3, 4, 5, 1]
[6, 7, 3, 4, 5, 2]
[6, 7, 3, 4, 5, 0, 1]
[6, 7, 3, 4, 5, 0, 2]
[6, 7, 3, 4, 5, 0, 1, 2]
failed -> 38 times
after fail n ======> 5
[0, 1, 2, 6, 4]
0.05 0.08333333333333333
itercount --------> 1
[6, 4, 0]
[6, 4, 2]
[6, 4, 5]
[6, 4, 1]
[6, 4, 7]
[6, 4, 3]
[6, 4, 0, 2]
0.08333333333333333 0.13333333333333333
itercount --------> 2
[6, 0, 5]
0.13333333333333333 0.17857142857142858
itercount --------> 3
[6, 5, 1]
0.17857142857142858 0.22727272727272727
itercount --------> 4
[6, 0, 4]
[6, 0, 5]
0.22727272727272727 0.25
itercount --------> 5
[6, 4, 3]
[6, 4, 0]
[6, 4, 1]
[6, 4, 7]
[6, 4, 5]
0.25 0.2777777777777778
itercount --------> 6
[6, 4, 3]
[6, 4, 5]
[6, 4, 7]
[6, 4, 0]
[6, 4, 1]
[6, 4, 2]
[6, 4, 3, 5]
[6, 4, 3, 7]
0.2777777777777778 0.3157894736842105
itercount --------> 7
[6, 4, 7]
[6, 4, 3]
[6, 4, 5]
[6, 4, 0]
[6, 4, 1]
[6, 4, 2]
[6, 4, 7, 3]
[6, 4, 7, 5]
[6, 4, 7, 0]
[6, 4, 7, 1]
[6, 4, 7, 2]
[6, 4, 7, 3, 5]
[6, 4, 7, 3, 0]
[6, 4, 7, 3, 1]
[6, 4, 7, 3, 2]
[6, 4, 7, 3, 5, 0]
[6, 4, 7, 3, 5, 1]
[6, 4, 7, 3, 5, 2]
0.3157894736842105 0.3333333333333333
itercount --------> 8
[6, 7, 3]
[6, 7, 4]
[6, 7, 5]
[6, 7, 0]
[6, 7, 1]
[6, 7, 2]
[6, 7, 3, 4]
[6, 7, 3, 5]
[6, 7, 3, 0]
[6, 7, 3, 1]
[6, 7, 3, 2]
[6, 7, 3, 4, 5]
[6, 7, 3, 4, 0]
[6, 7, 3, 4, 1]
[6, 7, 3, 4, 2]
[6, 7, 3, 4, 5, 0]
[6, 7, 3, 4, 5, 1]
[6, 7, 3, 4, 5, 2]
[6, 7, 3, 4, 5, 0, 1]
[6, 7, 3, 4, 5, 0, 2]
[6, 7, 3, 4, 5, 0, 1, 2]
failed -> 39 times
after fail n ======> 6
[0, 1, 2, 6, 4, 5]
0.05 0.08333333333333333
itercount --------> 1
[2, 6, 4]
[2, 6, 0]
0.08333333333333333 0.16666666666666666
itercount --------> 2
[6, 4, 5]
0.16666666666666666 0.23076923076923078
itercount --------> 3
[6, 5, 0]
0.23076923076923078 0.24390243902439024
itercount --------> 4
[5, 0, 1]
0.24390243902439024 0.2564102564102564
itercount --------> 5
[5, 0, 6]
0.2564102564102564 0.2727272727272727
itercount --------> 6
[5, 6, 0]
0.2727272727272727 0.3181818181818182
itercount --------> 7
[6, 4, 0]
[6, 4, 1]
[6, 4, 5]
[6, 4, 7]
0.3181818181818182 0.38095238095238093
itercount --------> 8
[4, 0, 1]
[4, 0, 6]
[4, 0, 5]
0.38095238095238093 0.391304347826087
itercount --------> 9
[4, 5, 0]
[4, 5, 1]
[4, 5, 6]
[4, 5, 7]
0.391304347826087 0.4090909090909091
itercount --------> 10
[0, 1, 4]
[0, 1, 5]
[0, 1, 6]
[0, 1, 3]
[0, 1, 2]
0.4090909090909091 0.45
itercount --------> 11
[4, 0, 1]
0.45 0.5
itercount --------> 12
[4, 3, 6]
[4, 3, 0]
[4, 3, 1]
0.5 0.55
itercount --------> 13
[6, 5, 4]
[6, 5, 7]
[6, 5, 3]
[6, 5, 0]
[6, 5, 1]
[6, 5, 2]
[6, 5, 4, 7]
[6, 5, 4, 3]
[6, 5, 4, 0]
[6, 5, 4, 1]
[6, 5, 4, 2]
0.55 0.5714285714285714
itercount --------> 14
[4, 5, 6]
[4, 5, 7]
[4, 5, 3]
[4, 5, 0]
0.5714285714285714 0.6111111111111112
itercount --------> 15
[4, 6, 5]
0.6111111111111112 0.6666666666666666
itercount --------> 16
[5, 0, 1]
[5, 0, 2]
[5, 0, 3]
[5, 0, 6]
[5, 0, 7]
0.6666666666666666 0.7
itercount --------> 17
[5, 0, 1]
[5, 0, 2]
[5, 0, 6]
[5, 0, 7]
[5, 0, 3]
[5, 0, 4]
[5, 0, 1, 2]
0.7 0.7368421052631579
itercount --------> 18
[5, 6, 7]
[5, 6, 0]
[5, 6, 1]
[5, 6, 2]
[5, 6, 3]
[5, 6, 4]
[5, 6, 7, 0]
[5, 6, 7, 1]
0.7368421052631579 0.75
itercount --------> 19
[0, 1, 2]
[0, 1, 5]
[0, 1, 6]
[0, 1, 7]
[0, 1, 3]
[0, 1, 4]
[0, 1, 2, 5]
[0, 1, 2, 6]
[0, 1, 2, 7]
[0, 1, 2, 3]
[0, 1, 2, 4]
[0, 1, 2, 5, 6]
[0, 1, 2, 5, 7]
[0, 1, 2, 5, 3]
[0, 1, 2, 5, 4]
[0, 1, 2, 5, 6, 7]
0.75 0.7777777777777778
itercount --------> 20
[5, 6, 7]
[5, 6, 3]
[5, 6, 4]
[5, 6, 0]
[5, 6, 1]
[5, 6, 2]
[5, 6, 7, 3]
[5, 6, 7, 4]
[5, 6, 7, 0]
[5, 6, 7, 1]
[5, 6, 7, 2]
[5, 6, 7, 3, 4]
[5, 6, 7, 3, 0]
[5, 6, 7, 3, 1]
[5, 6, 7, 3, 2]
[5, 6, 7, 3, 4, 0]
[5, 6, 7, 3, 4, 1]
[5, 6, 7, 3, 4, 2]
[5, 6, 7, 3, 4, 0, 1]
[5, 6, 7, 3, 4, 0, 2]
[5, 6, 7, 3, 4, 0, 1, 2]
failed -> 40 times
after fail n ======> 7
[0, 1, 2, 6, 4, 5, 7]
0.05 0.125
itercount --------> 1
[6, 4, 1]
0.125 0.15
itercount --------> 2
[6, 4, 0]
0.15 0.16666666666666666
itercount --------> 3
[6, 4, 0]
0.16666666666666666 0.17647058823529413
itercount --------> 4
[6, 4, 7]
[6, 4, 3]
[6, 4, 5]
[6, 4, 0]
[6, 4, 1]
[6, 4, 2]
[6, 4, 7, 3]
[6, 4, 7, 5]
0.17647058823529413 0.19047619047619047
itercount --------> 5
[6, 3, 5]
0.19047619047619047 0.2
itercount --------> 6
[6, 4, 5]
0.2 0.21052631578947367
itercount --------> 7
[4, 6, 7]
0.21052631578947367 0.2631578947368421
itercount --------> 8
[4, 6, 1]
[4, 6, 3]
[4, 6, 7]
[4, 6, 5]
[4, 6, 0]
[4, 6, 2]
[4, 6, 1, 3]
0.2631578947368421 0.29411764705882354
itercount --------> 9
[4, 6, 3]
[4, 6, 7]
[4, 6, 5]
[4, 6, 0]
[4, 6, 1]
[4, 6, 2]
[4, 6, 3, 7]
[4, 6, 3, 5]
[4, 6, 3, 0]
[4, 6, 3, 1]
[4, 6, 3, 2]
[4, 6, 3, 7, 5]
[4, 6, 3, 7, 0]
[4, 6, 3, 7, 1]
[4, 6, 3, 7, 2]
[4, 6, 3, 7, 5, 0]
[4, 6, 3, 7, 5, 1]
[4, 6, 3, 7, 5, 2]
[4, 6, 3, 7, 5, 0, 1]
[4, 6, 3, 7, 5, 0, 2]
[4, 6, 3, 7, 5, 0, 1, 2]
failed -> 41 times
after fail n ======> 8
[0, 1, 2, 6, 4, 5, 7, 3]
0.05 0.05405405405405406
itercount --------> 1
[1, 6, 4]
[1, 6, 0]
0.05405405405405406 0.06896551724137931
itercount --------> 2
[6, 4, 5]
0.06896551724137931 0.0851063829787234
itercount --------> 3
[5, 0, 2]
0.0851063829787234 0.19047619047619047
itercount --------> 4
[6, 5, 1]
0.19047619047619047 0.22727272727272727
itercount --------> 5
[6, 5, 1]
0.22727272727272727 0.2631578947368421
itercount --------> 6
[6, 5, 3]
0.2631578947368421 0.3157894736842105
itercount --------> 7
[6, 4, 0]
[6, 4, 2]
[6, 4, 5]
[6, 4, 3]
[6, 4, 7]
[6, 4, 1]
[6, 4, 0, 2]
[6, 4, 0, 5]
[6, 4, 0, 3]
0.3157894736842105 0.3684210526315789
itercount --------> 8
[6, 7, 3]
0.3684210526315789 0.3888888888888889
itercount --------> 9
[6, 3, 7]
[6, 3, 4]
[6, 3, 5]
[6, 3, 0]
[6, 3, 1]
[6, 3, 2]
[6, 3, 7, 4]
[6, 3, 7, 5]
0.3888888888888889 0.42105263157894735
itercount --------> 10
[6, 3, 4]
[6, 3, 7]
[6, 3, 5]
[6, 3, 0]
[6, 3, 1]
[6, 3, 2]
[6, 3, 4, 7]
[6, 3, 4, 5]
[6, 3, 4, 0]
[6, 3, 4, 1]
[6, 3, 4, 2]
[6, 3, 4, 7, 5]
0.42105263157894735 0.7368421052631579
itercount --------> 11
[5, 0, 1]
[5, 0, 2]
[5, 0, 3]
[5, 0, 6]
[5, 0, 7]
0.7368421052631579 0.7894736842105263
itercount --------> 12
[6, 3, 4]
[6, 3, 5]
[6, 3, 7]
[6, 3, 0]
[6, 3, 1]
[6, 3, 2]
[6, 3, 4, 5]
[6, 3, 4, 7]
[6, 3, 4, 0]
[6, 3, 4, 1]
[6, 3, 4, 2]
[6, 3, 4, 5, 7]
[6, 3, 4, 5, 0]
[6, 3, 4, 5, 1]
[6, 3, 4, 5, 2]
[6, 3, 4, 5, 7, 0]
[6, 3, 4, 5, 7, 1]
0.7894736842105263 0.8333333333333334
itercount --------> 13
[3, 4, 6]
[3, 4, 7]
[3, 4, 0]
[3, 4, 1]
[3, 4, 2]
[3, 4, 5]
[3, 4, 6, 7]
[3, 4, 6, 0]
[3, 4, 6, 1]
[3, 4, 6, 2]
[3, 4, 6, 5]
[3, 4, 6, 7, 0]
[3, 4, 6, 7, 1]
[3, 4, 6, 7, 2]
[3, 4, 6, 7, 5]
[3, 4, 6, 7, 0, 1]
[3, 4, 6, 7, 0, 2]
[3, 4, 6, 7, 0, 5]
[3, 4, 6, 7, 0, 1, 2]
[3, 4, 6, 7, 0, 1, 5]
[3, 4, 6, 7, 0, 1, 2, 5]
failed -> 42 times
after fail n ======> 5
[0, 1, 2, 6, 4]
0.05 0.06060606060606061
itercount --------> 1
[0, 1, 2]
0.06060606060606061 0.11764705882352941
itercount --------> 2
[0, 5, 1]
0.11764705882352941 0.18604651162790697
itercount --------> 3
[5, 1, 2]
0.18604651162790697 0.2692307692307692
itercount --------> 4
[0, 6, 4]
[0, 6, 5]
[0, 6, 1]
0.2692307692307692 0.2727272727272727
itercount --------> 5
[0, 5, 6]
0.2727272727272727 0.32
itercount --------> 6
[5, 6, 4]
[5, 6, 7]
[5, 6, 0]
[5, 6, 1]
[5, 6, 2]
0.32 0.34782608695652173
itercount --------> 7
[6, 5, 4]
[6, 5, 7]
0.34782608695652173 0.4090909090909091
itercount --------> 8
[5, 6, 4]
[5, 6, 0]
[5, 6, 1]
[5, 6, 2]
[5, 6, 3]
[5, 6, 7]
[5, 6, 4, 0]
0.4090909090909091 0.42105263157894735
itercount --------> 9
[0, 1, 2]
[0, 1, 5]
[0, 1, 4]
[0, 1, 3]
[0, 1, 6]
[0, 1, 7]
[0, 1, 2, 5]
[0, 1, 2, 4]
0.42105263157894735 0.5
itercount --------> 10
[4, 3, 6]
[4, 3, 0]
0.5 0.5263157894736842
itercount --------> 11
[6, 4, 7]
[6, 4, 3]
[6, 4, 5]
[6, 4, 0]
[6, 4, 1]
[6, 4, 2]
[6, 4, 7, 3]
[6, 4, 7, 5]
[6, 4, 7, 0]
[6, 4, 7, 1]
[6, 4, 7, 2]
[6, 4, 7, 3, 5]
[6, 4, 7, 3, 0]
[6, 4, 7, 3, 1]
[6, 4, 7, 3, 2]
[6, 4, 7, 3, 5, 0]
[6, 4, 7, 3, 5, 1]
0.5263157894736842 0.56
itercount --------> 12
[5, 3, 6]
[5, 3, 4]
[5, 3, 7]
[5, 3, 0]
[5, 3, 1]
[5, 3, 2]
[5, 3, 6, 4]
0.56 0.5714285714285714
itercount --------> 13
[5, 3, 4]
[5, 3, 6]
[5, 3, 0]
[5, 3, 1]
0.5714285714285714 0.6086956521739131
itercount --------> 14
[5, 3, 4]
[5, 3, 6]
[5, 3, 0]
[5, 3, 1]
[5, 3, 2]
[5, 3, 7]
[5, 3, 4, 6]
[5, 3, 4, 0]
[5, 3, 4, 1]
[5, 3, 4, 2]
0.6086956521739131 0.7368421052631579
itercount --------> 15
[5, 0, 1]
[5, 0, 2]
[5, 0, 3]
[5, 0, 6]
[5, 0, 7]
[5, 0, 4]
[5, 0, 1, 2]
[5, 0, 1, 3]
[5, 0, 1, 6]
[5, 0, 1, 7]
[5, 0, 1, 4]
[5, 0, 1, 2, 3]
[5, 0, 1, 2, 6]
[5, 0, 1, 2, 7]
[5, 0, 1, 2, 4]
[5, 0, 1, 2, 3, 6]
[5, 0, 1, 2, 3, 7]
0.7368421052631579 0.7777777777777778
itercount --------> 16
[5, 6, 7]
[5, 6, 3]
[5, 6, 4]
[5, 6, 0]
[5, 6, 1]
[5, 6, 2]
[5, 6, 7, 3]
[5, 6, 7, 4]
[5, 6, 7, 0]
[5, 6, 7, 1]
[5, 6, 7, 2]
[5, 6, 7, 3, 4]
[5, 6, 7, 3, 0]
[5, 6, 7, 3, 1]
[5, 6, 7, 3, 2]
[5, 6, 7, 3, 4, 0]
[5, 6, 7, 3, 4, 1]
[5, 6, 7, 3, 4, 2]
[5, 6, 7, 3, 4, 0, 1]
[5, 6, 7, 3, 4, 0, 2]
[5, 6, 7, 3, 4, 0, 1, 2]
failed -> 43 times
after fail n ======> 6
[0, 1, 2, 6, 4, 5]
0.05 0.08333333333333333
itercount --------> 1
[6, 4, 0]
0.08333333333333333 0.10714285714285714
itercount --------> 2
[6, 4, 1]
0.10714285714285714 0.15
itercount --------> 3
[6, 4, 5]
0.15 0.16666666666666666
itercount --------> 4
[6, 4, 5]
[6, 4, 7]
[6, 4, 3]
[6, 4, 0]
[6, 4, 1]
[6, 4, 2]
[6, 4, 5, 7]
0.16666666666666666 0.17647058823529413
itercount --------> 5
[6, 4, 7]
[6, 4, 3]
[6, 4, 5]
[6, 4, 0]
[6, 4, 1]
[6, 4, 2]
0.17647058823529413 0.18181818181818182
itercount --------> 6
[6, 2, 4]
0.18181818181818182 0.21052631578947367
itercount --------> 7
[6, 4, 5]
[6, 4, 3]
0.21052631578947367 0.2777777777777778
itercount --------> 8
[6, 4, 7]
[6, 4, 5]
[6, 4, 3]
[6, 4, 0]
[6, 4, 1]
[6, 4, 2]
[6, 4, 7, 5]
[6, 4, 7, 3]
[6, 4, 7, 0]
[6, 4, 7, 1]
[6, 4, 7, 2]
[6, 4, 7, 5, 3]
[6, 4, 7, 5, 0]
0.2777777777777778 0.29411764705882354
itercount --------> 9
[6, 4, 7]
[6, 4, 3]
[6, 4, 5]
[6, 4, 0]
[6, 4, 1]
[6, 4, 2]
[6, 4, 7, 3]
[6, 4, 7, 5]
[6, 4, 7, 0]
[6, 4, 7, 1]
[6, 4, 7, 2]
[6, 4, 7, 3, 5]
[6, 4, 7, 3, 0]
[6, 4, 7, 3, 1]
[6, 4, 7, 3, 2]
[6, 4, 7, 3, 5, 0]
[6, 4, 7, 3, 5, 1]
[6, 4, 7, 3, 5, 2]
[6, 4, 7, 3, 5, 0, 1]
[6, 4, 7, 3, 5, 0, 2]
[6, 4, 7, 3, 5, 0, 1, 2]
failed -> 44 times
after fail n ======> 7
[0, 1, 2, 6, 4, 5, 7]
0.05 0.07407407407407407
itercount --------> 1
[0, 1, 2]
0.07407407407407407 0.2222222222222222
itercount --------> 2
[5, 6, 0]
[5, 6, 1]
[5, 6, 2]
0.2222222222222222 0.2631578947368421
itercount --------> 3
[5, 6, 4]
[5, 6, 7]
0.2631578947368421 0.36363636363636365
itercount --------> 4
[5, 6, 4]
[5, 6, 7]
[5, 6, 0]
0.36363636363636365 0.3888888888888889
itercount --------> 5
[5, 6, 4]
[5, 6, 7]
0.3888888888888889 0.47368421052631576
itercount --------> 6
[4, 6, 0]
[4, 6, 1]
[4, 6, 2]
[4, 6, 7]
[4, 6, 3]
[4, 6, 5]
[4, 6, 0, 1]
0.47368421052631576 0.5
itercount --------> 7
[4, 6, 3]
[4, 6, 7]
[4, 6, 0]
[4, 6, 1]
[4, 6, 2]
[4, 6, 5]
[4, 6, 3, 7]
[4, 6, 3, 0]
0.5 0.6111111111111112
itercount --------> 8
[6, 4, 7]
[6, 4, 3]
[6, 4, 5]
[6, 4, 0]
[6, 4, 1]
[6, 4, 2]
[6, 4, 7, 3]
[6, 4, 7, 5]
[6, 4, 7, 0]
[6, 4, 7, 1]
[6, 4, 7, 2]
[6, 4, 7, 3, 5]
[6, 4, 7, 3, 0]
[6, 4, 7, 3, 1]
[6, 4, 7, 3, 2]
[6, 4, 7, 3, 5, 0]
[6, 4, 7, 3, 5, 1]
[6, 4, 7, 3, 5, 2]
[6, 4, 7, 3, 5, 0, 1]
0.6111111111111112 0.631578947368421
itercount --------> 9
[4, 6, 5]
0.631578947368421 0.75
itercount --------> 10
[4, 5, 0]
[4, 5, 1]
[4, 5, 2]
[4, 5, 3]
[4, 5, 6]
[4, 5, 7]
[4, 5, 0, 1]
[4, 5, 0, 2]
[4, 5, 0, 3]
[4, 5, 0, 6]
[4, 5, 0, 7]
[4, 5, 0, 1, 2]
[4, 5, 0, 1, 3]
[4, 5, 0, 1, 6]
[4, 5, 0, 1, 7]
[4, 5, 0, 1, 2, 3]
[4, 5, 0, 1, 2, 6]
[4, 5, 0, 1, 2, 7]
[4, 5, 0, 1, 2, 3, 6]
[4, 5, 0, 1, 2, 3, 7]
[4, 5, 0, 1, 2, 3, 6, 7]
failed -> 45 times
after fail n ======> 8
[0, 1, 2, 6, 4, 5, 7, 3]
0.05 0.05405405405405406
itercount --------> 1
[1, 6, 4]
0.05405405405405406 0.06896551724137931
itercount --------> 2
[6, 4, 5]
0.06896551724137931 0.0851063829787234
itercount --------> 3
[5, 0, 2]
0.0851063829787234 0.18181818181818182
itercount --------> 4
[4, 0, 2]
0.18181818181818182 0.2222222222222222
itercount --------> 5
[0, 4, 5]
0.2222222222222222 0.22727272727272727
itercount --------> 6
[5, 4, 6]
[5, 4, 7]
[5, 4, 1]
0.22727272727272727 0.25
itercount --------> 7
[4, 7, 5]
0.25 0.3157894736842105
itercount --------> 8
[4, 6, 0]
[4, 6, 7]
0.3157894736842105 0.3684210526315789
itercount --------> 9
[4, 0, 5]
0.3684210526315789 0.3888888888888889
itercount --------> 10
[4, 7, 6]
[4, 7, 0]
[4, 7, 1]
[4, 7, 2]
[4, 7, 3]
[4, 7, 5]
0.3888888888888889 0.45
itercount --------> 11
[4, 5, 6]
[4, 5, 0]
[4, 5, 1]
[4, 5, 2]
[4, 5, 3]
0.45 0.47619047619047616
itercount --------> 12
[4, 6, 0]
[4, 6, 5]
[4, 6, 7]
[4, 6, 3]
[4, 6, 1]
[4, 6, 2]
[4, 6, 0, 5]
[4, 6, 0, 7]
[4, 6, 0, 3]
[4, 6, 0, 1]
0.47619047619047616 0.5263157894736842
itercount --------> 13
[6, 4, 7]
[6, 4, 5]
[6, 4, 3]
[6, 4, 0]
[6, 4, 1]
[6, 4, 2]
[6, 4, 7, 5]
[6, 4, 7, 3]
[6, 4, 7, 0]
[6, 4, 7, 1]
[6, 4, 7, 2]
[6, 4, 7, 5, 3]
[6, 4, 7, 5, 0]
[6, 4, 7, 5, 1]
[6, 4, 7, 5, 2]
[6, 4, 7, 5, 3, 0]
[6, 4, 7, 5, 3, 1]
[6, 4, 7, 5, 3, 2]
[6, 4, 7, 5, 3, 0, 1]
[6, 4, 7, 5, 3, 0, 2]
0.5263157894736842 0.55
itercount --------> 14
[4, 2, 5]
[4, 2, 6]
0.55 0.6086956521739131
itercount --------> 15
[2, 5, 0]
0.6086956521739131 0.6666666666666666
itercount --------> 16
[5, 0, 2]
[5, 0, 7]
[5, 0, 1]
[5, 0, 6]
[5, 0, 3]
0.6666666666666666 0.7
itercount --------> 17
[0, 2, 5]
[0, 2, 4]
0.7 0.7368421052631579
itercount --------> 18
[5, 2, 3]
[5, 2, 4]
[5, 2, 6]
[5, 2, 7]
[5, 2, 0]
[5, 2, 1]
0.7368421052631579 0.7777777777777778
itercount --------> 19
[5, 6, 7]
[5, 6, 3]
[5, 6, 4]
[5, 6, 0]
[5, 6, 1]
[5, 6, 2]
[5, 6, 7, 3]
[5, 6, 7, 4]
[5, 6, 7, 0]
[5, 6, 7, 1]
[5, 6, 7, 2]
[5, 6, 7, 3, 4]
[5, 6, 7, 3, 0]
[5, 6, 7, 3, 1]
[5, 6, 7, 3, 2]
[5, 6, 7, 3, 4, 0]
[5, 6, 7, 3, 4, 1]
[5, 6, 7, 3, 4, 2]
[5, 6, 7, 3, 4, 0, 1]
[5, 6, 7, 3, 4, 0, 2]
[5, 6, 7, 3, 4, 0, 1, 2]
failed -> 46 times
after fail n ======> 5
[0, 1, 2, 6, 4]
0.05 0.06
itercount --------> 1
[1, 0, 5]
0.06 0.08333333333333333
itercount --------> 2
[0, 6, 1]
0.08333333333333333 0.17647058823529413
itercount --------> 3
[6, 4, 7]
0.17647058823529413 0.25
itercount --------> 4
[6, 5, 4]
0.25 0.2631578947368421
itercount --------> 5
[6, 4, 3]
[6, 4, 5]
[6, 4, 7]
[6, 4, 0]
[6, 4, 1]
0.2631578947368421 0.2647058823529412
itercount --------> 6
[5, 1, 0]
0.2647058823529412 0.3333333333333333
itercount --------> 7
[4, 5, 6]
[4, 5, 7]
[4, 5, 3]
[4, 5, 1]
[4, 5, 0]
[4, 5, 2]
[4, 5, 6, 7]
[4, 5, 6, 3]
0.3333333333333333 0.34615384615384615
itercount --------> 8
[5, 6, 7]
0.34615384615384615 0.4782608695652174
itercount --------> 9
[1, 5, 0]
[1, 5, 2]
[1, 5, 6]
[1, 5, 7]
[1, 5, 3]
[1, 5, 4]
[1, 5, 0, 2]
0.4782608695652174 0.5789473684210527
itercount --------> 10
[0, 1, 2]
[0, 1, 5]
[0, 1, 6]
[0, 1, 7]
[0, 1, 3]
[0, 1, 4]
0.5789473684210527 0.6111111111111112
itercount --------> 11
[1, 5, 6]
[1, 5, 7]
[1, 5, 0]
[1, 5, 2]
[1, 5, 4]
[1, 5, 3]
[1, 5, 6, 7]
0.6111111111111112 0.6666666666666666
itercount --------> 12
[0, 1, 2]
[0, 1, 5]
[0, 1, 6]
[0, 1, 7]
[0, 1, 3]
[0, 1, 4]
[0, 1, 2, 5]
[0, 1, 2, 6]
[0, 1, 2, 7]
[0, 1, 2, 3]
[0, 1, 2, 4]
[0, 1, 2, 5, 6]
[0, 1, 2, 5, 7]
0.6666666666666666 0.7
itercount --------> 13
[0, 1, 5]
[0, 1, 6]
[0, 1, 2]
[0, 1, 7]
[0, 1, 3]
[0, 1, 4]
[0, 1, 5, 6]
0.7 0.7368421052631579
itercount --------> 14
[5, 0, 1]
[5, 0, 2]
[5, 0, 6]
[5, 0, 7]
[5, 0, 3]
[5, 0, 4]
[5, 0, 1, 2]
[5, 0, 1, 6]
[5, 0, 1, 7]
[5, 0, 1, 3]
[5, 0, 1, 4]
[5, 0, 1, 2, 6]
[5, 0, 1, 2, 7]
[5, 0, 1, 2, 3]
[5, 0, 1, 2, 4]
[5, 0, 1, 2, 6, 7]
[5, 0, 1, 2, 6, 3]
[5, 0, 1, 2, 6, 4]
[5, 0, 1, 2, 6, 7, 3]
[5, 0, 1, 2, 6, 7, 4]
[5, 0, 1, 2, 6, 7, 3, 4]
failed -> 47 times
after fail n ======> 6
[0, 1, 2, 6, 4, 5]
0.05 0.08333333333333333
itercount --------> 1
[1, 6, 4]
0.08333333333333333 0.13953488372093023
itercount --------> 2
[5, 1, 6]
0.13953488372093023 0.16666666666666666
itercount --------> 3
[6, 5, 0]
0.16666666666666666 0.2916666666666667
itercount --------> 4
[6, 5, 4]
[6, 5, 0]
[6, 5, 2]
0.2916666666666667 0.3181818181818182
itercount --------> 5
[6, 4, 0]
[6, 4, 2]
[6, 4, 5]
[6, 4, 7]
0.3181818181818182 0.36363636363636365
itercount --------> 6
[4, 0, 2]
0.36363636363636365 0.3684210526315789
itercount --------> 7
[4, 0, 2]
[4, 0, 6]
0.3684210526315789 0.4117647058823529
itercount --------> 8
[4, 7, 3]
[4, 7, 6]
[4, 7, 5]
0.4117647058823529 0.42857142857142855
itercount --------> 9
[4, 5, 7]
0.42857142857142855 0.5
itercount --------> 10
[4, 5, 1]
[4, 5, 3]
[4, 5, 0]
[4, 5, 2]
[4, 5, 6]
[4, 5, 7]
[4, 5, 1, 3]
[4, 5, 1, 0]
0.5 0.6111111111111112
itercount --------> 11
[3, 4, 0]
0.6111111111111112 0.7368421052631579
itercount --------> 12
[5, 0, 1]
[5, 0, 2]
[5, 0, 3]
[5, 0, 6]
[5, 0, 7]
[5, 0, 4]
[5, 0, 1, 2]
[5, 0, 1, 3]
[5, 0, 1, 6]
[5, 0, 1, 7]
[5, 0, 1, 4]
[5, 0, 1, 2, 3]
[5, 0, 1, 2, 6]
[5, 0, 1, 2, 7]
[5, 0, 1, 2, 4]
[5, 0, 1, 2, 3, 6]
[5, 0, 1, 2, 3, 7]
[5, 0, 1, 2, 3, 4]
[5, 0, 1, 2, 3, 6, 7]
0.7368421052631579 0.7777777777777778
itercount --------> 13
[5, 6, 7]
[5, 6, 3]
[5, 6, 4]
[5, 6, 0]
[5, 6, 1]
[5, 6, 2]
[5, 6, 7, 3]
[5, 6, 7, 4]
[5, 6, 7, 0]
[5, 6, 7, 1]
[5, 6, 7, 2]
[5, 6, 7, 3, 4]
[5, 6, 7, 3, 0]
[5, 6, 7, 3, 1]
[5, 6, 7, 3, 2]
[5, 6, 7, 3, 4, 0]
[5, 6, 7, 3, 4, 1]
[5, 6, 7, 3, 4, 2]
[5, 6, 7, 3, 4, 0, 1]
[5, 6, 7, 3, 4, 0, 2]
[5, 6, 7, 3, 4, 0, 1, 2]
failed -> 48 times
after fail n ======> 7
[0, 1, 2, 6, 4, 5, 7]
0.05 0.08333333333333333
itercount --------> 1
[1, 6, 4]
0.08333333333333333 0.125
itercount --------> 2
[6, 4, 5]
[6, 4, 0]
0.125 0.16666666666666666
itercount --------> 3
[6, 4, 5]
[6, 4, 7]
0.16666666666666666 0.2
itercount --------> 4
[4, 5, 7]
0.2 0.2222222222222222
itercount --------> 5
[4, 5, 1]
[4, 5, 6]
[4, 5, 0]
[4, 5, 2]
0.2222222222222222 0.23809523809523808
itercount --------> 6
[4, 5, 6]
[4, 5, 7]
[4, 5, 0]
[4, 5, 2]
[4, 5, 3]
[4, 5, 1]
[4, 5, 6, 7]
0.23809523809523808 0.3157894736842105
itercount --------> 7
[4, 5, 7]
[4, 5, 3]
[4, 5, 0]
0.3157894736842105 0.35294117647058826
itercount --------> 8
[0, 1, 2]
[0, 1, 5]
[0, 1, 4]
[0, 1, 3]
[0, 1, 6]
[0, 1, 7]
[0, 1, 2, 5]
[0, 1, 2, 4]
0.35294117647058826 0.3684210526315789
itercount --------> 9
[0, 2, 5]
[0, 2, 4]
0.3684210526315789 0.43478260869565216
itercount --------> 10
[5, 2, 6]
[5, 2, 3]
[5, 2, 4]
0.43478260869565216 0.45454545454545453
itercount --------> 11
[4, 5, 3]
0.45454545454545453 0.56
itercount --------> 12
[0, 2, 5]
[0, 2, 1]
0.56 0.6666666666666666
itercount --------> 13
[0, 1, 2]
[0, 1, 5]
[0, 1, 6]
[0, 1, 7]
[0, 1, 3]
[0, 1, 4]
[0, 1, 2, 5]
[0, 1, 2, 6]
0.6666666666666666 0.7368421052631579
itercount --------> 14
[5, 7, 0]
[5, 7, 1]
[5, 7, 2]
[5, 7, 6]
[5, 7, 3]
[5, 7, 4]
[5, 7, 0, 1]
[5, 7, 0, 2]
[5, 7, 0, 6]
[5, 7, 0, 3]
[5, 7, 0, 4]
[5, 7, 0, 1, 2]
[5, 7, 0, 1, 6]
[5, 7, 0, 1, 3]
[5, 7, 0, 1, 4]
[5, 7, 0, 1, 2, 6]
[5, 7, 0, 1, 2, 3]
[5, 7, 0, 1, 2, 4]
[5, 7, 0, 1, 2, 6, 3]
[5, 7, 0, 1, 2, 6, 4]
[5, 7, 0, 1, 2, 6, 3, 4]
failed -> 49 times
after fail n ======> 8
[0, 1, 2, 6, 4, 5, 7, 3]
0.05 0.05405405405405406
itercount --------> 1
[2, 6, 4]
0.05405405405405406 0.07407407407407407
itercount --------> 2
[0, 1, 2]
0.07407407407407407 0.13333333333333333
itercount --------> 3
[1, 0, 2]
0.13333333333333333 0.2222222222222222
itercount --------> 4
[5, 4, 3]
0.2222222222222222 0.25
itercount --------> 5
[5, 6, 0]
[5, 6, 1]
[5, 6, 2]
0.25 0.375
itercount --------> 6
[5, 6, 7]
0.375 0.55
itercount --------> 7
[6, 5, 4]
[6, 5, 7]
[6, 5, 3]
[6, 5, 0]
[6, 5, 1]
[6, 5, 2]
[6, 5, 4, 7]
[6, 5, 4, 3]
[6, 5, 4, 0]
[6, 5, 4, 1]
[6, 5, 4, 2]
[6, 5, 4, 7, 3]
[6, 5, 4, 7, 0]
[6, 5, 4, 7, 1]
0.55 0.5714285714285714
itercount --------> 8
[6, 4, 3]
[6, 4, 5]
[6, 4, 7]
[6, 4, 0]
[6, 4, 1]
[6, 4, 2]
[6, 4, 3, 5]
[6, 4, 3, 7]
[6, 4, 3, 0]
[6, 4, 3, 1]
[6, 4, 3, 2]
[6, 4, 3, 5, 7]
[6, 4, 3, 5, 0]
0.5714285714285714 0.6111111111111112
itercount --------> 9
[6, 4, 7]
[6, 4, 3]
[6, 4, 5]
[6, 4, 0]
0.6111111111111112 0.7058823529411765
itercount --------> 10
[4, 6, 7]
[4, 6, 3]
0.7058823529411765 0.8333333333333334
itercount --------> 11
[3, 4, 6]
[3, 4, 7]
[3, 4, 0]
[3, 4, 1]
[3, 4, 2]
[3, 4, 5]
[3, 4, 6, 7]
[3, 4, 6, 0]
[3, 4, 6, 1]
[3, 4, 6, 2]
[3, 4, 6, 5]
[3, 4, 6, 7, 0]
[3, 4, 6, 7, 1]
[3, 4, 6, 7, 2]
[3, 4, 6, 7, 5]
[3, 4, 6, 7, 0, 1]
[3, 4, 6, 7, 0, 2]
[3, 4, 6, 7, 0, 5]
[3, 4, 6, 7, 0, 1, 2]
[3, 4, 6, 7, 0, 1, 5]
[3, 4, 6, 7, 0, 1, 2, 5]
failed -> 50 times
after fail n ======> 5
Runs with the maximum attractor JI -> [4, 6, 14, 23, 25, 41, 49]
