{5: 20, 6: 20, 0: 19, 1: 19, 2: 19, 4: 17, 7: 15, 3: 6}
[5, 6, 0]
0.05405405405405406 0.08
itercount --------> 1
[6, 4, 1]
0.08 0.09523809523809523
itercount --------> 2
[4, 6, 0]
0.09523809523809523 0.14814814814814814
itercount --------> 3
[4, 2, 0]
0.14814814814814814 0.21052631578947367
itercount --------> 4
[4, 0, 6]
0.21052631578947367 0.25
itercount --------> 5
[4, 7, 5]
[4, 7, 0]
0.25 0.2631578947368421
itercount --------> 6
[4, 6, 7]
0.2631578947368421 0.3888888888888889
itercount --------> 7
[4, 3, 6]
[4, 3, 7]
[4, 3, 0]
[4, 3, 1]
[4, 3, 2]
[4, 3, 5]
[4, 3, 6, 7]
[4, 3, 6, 0]
[4, 3, 6, 1]
[4, 3, 6, 2]
[4, 3, 6, 5]
[4, 3, 6, 7, 0]
[4, 3, 6, 7, 1]
[4, 3, 6, 7, 2]
[4, 3, 6, 7, 5]
[4, 3, 6, 7, 0, 1]
[4, 3, 6, 7, 0, 2]
[4, 3, 6, 7, 0, 5]
[4, 3, 6, 7, 0, 1, 2]
[4, 3, 6, 7, 0, 1, 5]
[4, 3, 6, 7, 0, 1, 2, 5]
failed Once
after fail n ======> 4
[5, 6, 0, 1]
0.05405405405405406 0.10526315789473684
itercount --------> 1
[6, 2, 4]
0.10526315789473684 0.14285714285714285
itercount --------> 2
[2, 4, 0]
[2, 4, 1]
0.14285714285714285 0.17391304347826086
itercount --------> 3
[2, 4, 6]
[2, 4, 0]
0.17391304347826086 0.23809523809523808
itercount --------> 4
[2, 4, 6]
0.23809523809523808 0.3157894736842105
itercount --------> 5
[4, 2, 6]
0.3157894736842105 0.35294117647058826
itercount --------> 6
[0, 1, 2]
[0, 1, 5]
[0, 1, 4]
[0, 1, 6]
0.35294117647058826 0.375
itercount --------> 7
[0, 1, 2]
[0, 1, 4]
[0, 1, 5]
[0, 1, 7]
[0, 1, 6]
[0, 1, 3]
[0, 1, 2, 4]
0.375 0.3888888888888889
itercount --------> 8
[4, 2, 6]
[4, 2, 7]
[4, 2, 5]
[4, 2, 0]
[4, 2, 1]
[4, 2, 3]
[4, 2, 6, 7]
0.3888888888888889 0.5
itercount --------> 9
[4, 3, 6]
[4, 3, 0]
0.5 0.55
itercount --------> 10
[6, 5, 4]
[6, 5, 7]
[6, 5, 3]
[6, 5, 0]
[6, 5, 1]
[6, 5, 2]
[6, 5, 4, 7]
[6, 5, 4, 3]
[6, 5, 4, 0]
[6, 5, 4, 1]
[6, 5, 4, 2]
[6, 5, 4, 7, 3]
[6, 5, 4, 7, 0]
0.55 0.5714285714285714
itercount --------> 11
[6, 4, 3]
[6, 4, 5]
[6, 4, 7]
[6, 4, 0]
[6, 4, 1]
[6, 4, 2]
[6, 4, 3, 5]
[6, 4, 3, 7]
[6, 4, 3, 0]
[6, 4, 3, 1]
[6, 4, 3, 2]
[6, 4, 3, 5, 7]
[6, 4, 3, 5, 0]
[6, 4, 3, 5, 1]
0.5714285714285714 0.6111111111111112
itercount --------> 12
[6, 4, 7]
[6, 4, 3]
[6, 4, 5]
[6, 4, 0]
[6, 4, 1]
[6, 4, 2]
[6, 4, 7, 3]
[6, 4, 7, 5]
0.6111111111111112 0.631578947368421
itercount --------> 13
[4, 5, 6]
0.631578947368421 0.7142857142857143
itercount --------> 14
[5, 4, 6]
[5, 4, 3]
[5, 4, 7]
[5, 4, 0]
[5, 4, 1]
[5, 4, 2]
[5, 4, 6, 3]
[5, 4, 6, 7]
[5, 4, 6, 0]
0.7142857142857143 0.75
itercount --------> 15
[0, 2, 6]
[0, 2, 3]
[0, 2, 4]
[0, 2, 7]
[0, 2, 5]
0.75 0.7777777777777778
itercount --------> 16
[5, 6, 7]
[5, 6, 3]
[5, 6, 4]
[5, 6, 0]
[5, 6, 1]
[5, 6, 2]
[5, 6, 7, 3]
[5, 6, 7, 4]
[5, 6, 7, 0]
[5, 6, 7, 1]
[5, 6, 7, 2]
[5, 6, 7, 3, 4]
[5, 6, 7, 3, 0]
[5, 6, 7, 3, 1]
[5, 6, 7, 3, 2]
[5, 6, 7, 3, 4, 0]
[5, 6, 7, 3, 4, 1]
[5, 6, 7, 3, 4, 2]
[5, 6, 7, 3, 4, 0, 1]
[5, 6, 7, 3, 4, 0, 2]
[5, 6, 7, 3, 4, 0, 1, 2]
failed -> 2 times
after fail n ======> 5
[5, 6, 0, 1, 2]
0.05405405405405406 0.10526315789473684
itercount --------> 1
[6, 2, 4]
0.10526315789473684 0.13043478260869565
itercount --------> 2
[5, 6, 2]
0.13043478260869565 0.18518518518518517
itercount --------> 3
[2, 6, 0]
0.18518518518518517 0.21212121212121213
itercount --------> 4
[2, 0, 5]
0.21212121212121213 0.30434782608695654
itercount --------> 5
[0, 1, 2]
0.30434782608695654 0.3684210526315789
itercount --------> 6
[0, 1, 2]
[0, 1, 5]
[0, 1, 4]
0.3684210526315789 0.4117647058823529
itercount --------> 7
[0, 1, 2]
[0, 1, 5]
[0, 1, 4]
[0, 1, 6]
[0, 1, 7]
[0, 1, 3]
[0, 1, 2, 5]
[0, 1, 2, 4]
[0, 1, 2, 6]
[0, 1, 2, 7]
[0, 1, 2, 3]
[0, 1, 2, 5, 4]
[0, 1, 2, 5, 6]
[0, 1, 2, 5, 7]
[0, 1, 2, 5, 3]
[0, 1, 2, 5, 4, 6]
[0, 1, 2, 5, 4, 7]
0.4117647058823529 0.4375
itercount --------> 8
[5, 0, 1]
[5, 0, 2]
[5, 0, 4]
[5, 0, 6]
[5, 0, 3]
[5, 0, 7]
[5, 0, 1, 2]
[5, 0, 1, 4]
[5, 0, 1, 6]
[5, 0, 1, 3]
[5, 0, 1, 7]
[5, 0, 1, 2, 4]
[5, 0, 1, 2, 6]
[5, 0, 1, 2, 3]
[5, 0, 1, 2, 7]
[5, 0, 1, 2, 4, 6]
0.4375 0.45
itercount --------> 9
[5, 7, 4]
[5, 7, 6]
0.45 0.5
itercount --------> 10
[4, 3, 6]
[4, 3, 7]
[4, 3, 5]
[4, 3, 0]
0.5 0.5882352941176471
itercount --------> 11
[4, 6, 7]
0.5882352941176471 0.6470588235294118
itercount --------> 12
[7, 5, 6]
0.6470588235294118 0.6666666666666666
itercount --------> 13
[4, 0, 1]
[4, 0, 2]
[4, 0, 7]
[4, 0, 5]
[4, 0, 6]
[4, 0, 3]
[4, 0, 1, 2]
[4, 0, 1, 7]
[4, 0, 1, 5]
[4, 0, 1, 6]
[4, 0, 1, 3]
0.6666666666666666 0.7058823529411765
itercount --------> 14
[4, 7, 6]
[4, 7, 3]
[4, 7, 0]
[4, 7, 1]
[4, 7, 2]
[4, 7, 5]
[4, 7, 6, 3]
[4, 7, 6, 0]
[4, 7, 6, 1]
[4, 7, 6, 2]
[4, 7, 6, 5]
[4, 7, 6, 3, 0]
[4, 7, 6, 3, 1]
[4, 7, 6, 3, 2]
[4, 7, 6, 3, 5]
[4, 7, 6, 3, 0, 1]
[4, 7, 6, 3, 0, 2]
[4, 7, 6, 3, 0, 5]
[4, 7, 6, 3, 0, 1, 2]
[4, 7, 6, 3, 0, 1, 5]
[4, 7, 6, 3, 0, 1, 2, 5]
failed -> 3 times
after fail n ======> 6
[5, 6, 0, 1, 2, 4]
0.05405405405405406 0.08
itercount --------> 1
[6, 4, 1]
0.08 0.08888888888888889
itercount --------> 2
[1, 4, 2]
0.08888888888888889 0.17142857142857143
itercount --------> 3
[2, 4, 1]
0.17142857142857143 0.25
itercount --------> 4
[4, 1, 0]
0.25 0.2727272727272727
itercount --------> 5
[4, 0, 1]
[4, 0, 5]
[4, 0, 6]
[4, 0, 2]
0.2727272727272727 0.3
itercount --------> 6
[4, 5, 0]
0.3 0.35294117647058826
itercount --------> 7
[0, 1, 2]
[0, 1, 5]
[0, 1, 4]
[0, 1, 6]
[0, 1, 7]
0.35294117647058826 0.375
itercount --------> 8
[0, 1, 2]
[0, 1, 4]
[0, 1, 5]
[0, 1, 7]
[0, 1, 6]
[0, 1, 3]
[0, 1, 2, 4]
[0, 1, 2, 5]
[0, 1, 2, 7]
[0, 1, 2, 6]
[0, 1, 2, 3]
[0, 1, 2, 4, 5]
[0, 1, 2, 4, 7]
[0, 1, 2, 4, 6]
[0, 1, 2, 4, 3]
[0, 1, 2, 4, 5, 7]
[0, 1, 2, 4, 5, 6]
[0, 1, 2, 4, 5, 3]
[0, 1, 2, 4, 5, 7, 6]
0.375 0.3888888888888889
itercount --------> 9
[4, 7, 6]
[4, 7, 0]
[4, 7, 1]
[4, 7, 2]
[4, 7, 3]
[4, 7, 5]
[4, 7, 6, 0]
[4, 7, 6, 1]
[4, 7, 6, 2]
[4, 7, 6, 3]
[4, 7, 6, 5]
[4, 7, 6, 0, 1]
[4, 7, 6, 0, 2]
0.3888888888888889 0.4117647058823529
itercount --------> 10
[4, 7, 3]
[4, 7, 6]
[4, 7, 5]
[4, 7, 0]
[4, 7, 1]
[4, 7, 2]
[4, 7, 3, 6]
[4, 7, 3, 5]
[4, 7, 3, 0]
[4, 7, 3, 1]
[4, 7, 3, 2]
[4, 7, 3, 6, 5]
[4, 7, 3, 6, 0]
[4, 7, 3, 6, 1]
[4, 7, 3, 6, 2]
[4, 7, 3, 6, 5, 0]
[4, 7, 3, 6, 5, 1]
[4, 7, 3, 6, 5, 2]
[4, 7, 3, 6, 5, 0, 1]
[4, 7, 3, 6, 5, 0, 2]
[4, 7, 3, 6, 5, 0, 1, 2]
0.4117647058823529 0.42857142857142855
itercount --------> 11
[2, 5, 0]
0.42857142857142855 0.44
itercount --------> 12
[1, 4, 3]
[1, 4, 2]
[1, 4, 5]
0.44 0.5238095238095238
itercount --------> 13
[4, 5, 3]
[4, 5, 2]
[4, 5, 6]
[4, 5, 7]
[4, 5, 0]
[4, 5, 1]
0.5238095238095238 0.5789473684210527
itercount --------> 14
[4, 2, 3]
[4, 2, 5]
[4, 2, 6]
[4, 2, 7]
[4, 2, 0]
0.5789473684210527 0.6470588235294118
itercount --------> 15
[3, 4, 7]
0.6470588235294118 0.7368421052631579
itercount --------> 16
[5, 6, 0]
[5, 6, 1]
[5, 6, 2]
0.7368421052631579 0.7777777777777778
itercount --------> 17
[5, 6, 7]
[5, 6, 3]
[5, 6, 4]
[5, 6, 0]
[5, 6, 1]
[5, 6, 2]
[5, 6, 7, 3]
[5, 6, 7, 4]
[5, 6, 7, 0]
[5, 6, 7, 1]
[5, 6, 7, 2]
[5, 6, 7, 3, 4]
[5, 6, 7, 3, 0]
[5, 6, 7, 3, 1]
[5, 6, 7, 3, 2]
[5, 6, 7, 3, 4, 0]
[5, 6, 7, 3, 4, 1]
[5, 6, 7, 3, 4, 2]
[5, 6, 7, 3, 4, 0, 1]
[5, 6, 7, 3, 4, 0, 2]
[5, 6, 7, 3, 4, 0, 1, 2]
failed -> 4 times
after fail n ======> 7
[5, 6, 0, 1, 2, 4, 7]
0.05405405405405406 0.08
itercount --------> 1
[6, 4, 1]
0.08 0.10526315789473684
itercount --------> 2
[6, 2, 4]
[6, 2, 7]
0.10526315789473684 0.125
itercount --------> 3
[0, 1, 2]
[0, 1, 5]
[0, 1, 4]
[0, 1, 6]
[0, 1, 7]
[0, 1, 3]
[0, 1, 2, 5]
[0, 1, 2, 4]
0.125 0.15789473684210525
itercount --------> 4
[6, 7, 1]
0.15789473684210525 0.16666666666666666
itercount --------> 5
[6, 1, 5]
[6, 1, 2]
0.16666666666666666 0.17857142857142858
itercount --------> 6
[6, 1, 5]
[6, 1, 0]
0.17857142857142858 0.22727272727272727
itercount --------> 7
[6, 5, 4]
[6, 5, 3]
0.22727272727272727 0.23529411764705882
itercount --------> 8
[6, 1, 2]
0.23529411764705882 0.25
itercount --------> 9
[0, 7, 4]
[0, 7, 6]
[0, 7, 3]
0.25 0.2631578947368421
itercount --------> 10
[4, 7, 5]
0.2631578947368421 0.3333333333333333
itercount --------> 11
[7, 4, 5]
[7, 4, 6]
[7, 4, 1]
[7, 4, 2]
[7, 4, 3]
[7, 4, 0]
[7, 4, 5, 6]
[7, 4, 5, 1]
[7, 4, 5, 2]
[7, 4, 5, 3]
[7, 4, 5, 0]
[7, 4, 5, 6, 1]
[7, 4, 5, 6, 2]
[7, 4, 5, 6, 3]
[7, 4, 5, 6, 0]
0.3333333333333333 0.3684210526315789
itercount --------> 12
[7, 1, 3]
[7, 1, 5]
[7, 1, 4]
[7, 1, 2]
[7, 1, 6]
[7, 1, 0]
[7, 1, 3, 5]
[7, 1, 3, 4]
[7, 1, 3, 2]
[7, 1, 3, 6]
[7, 1, 3, 0]
[7, 1, 3, 5, 4]
0.3684210526315789 0.4090909090909091
itercount --------> 13
[2, 7, 1]
[2, 7, 5]
[2, 7, 6]
[2, 7, 3]
[2, 7, 4]
[2, 7, 0]
0.4090909090909091 0.43478260869565216
itercount --------> 14
[2, 6, 7]
[2, 6, 1]
[2, 6, 4]
[2, 6, 3]
[2, 6, 5]
0.43478260869565216 0.45
itercount --------> 15
[1, 2, 7]
[1, 2, 6]
[1, 2, 4]
[1, 2, 0]
0.45 0.5
itercount --------> 16
[7, 6, 4]
[7, 6, 0]
[7, 6, 1]
[7, 6, 2]
[7, 6, 3]
[7, 6, 5]
[7, 6, 4, 0]
0.5 0.7368421052631579
itercount --------> 17
[5, 7, 0]
[5, 7, 1]
0.7368421052631579 0.75
itercount --------> 18
[0, 1, 2]
[0, 1, 3]
0.75 0.7894736842105263
itercount --------> 19
[3, 4, 5]
[3, 4, 6]
[3, 4, 7]
[3, 4, 0]
[3, 4, 1]
[3, 4, 2]
[3, 4, 5, 6]
[3, 4, 5, 7]
[3, 4, 5, 0]
[3, 4, 5, 1]
[3, 4, 5, 2]
[3, 4, 5, 6, 7]
[3, 4, 5, 6, 0]
[3, 4, 5, 6, 1]
[3, 4, 5, 6, 2]
[3, 4, 5, 6, 7, 0]
[3, 4, 5, 6, 7, 1]
[3, 4, 5, 6, 7, 2]
[3, 4, 5, 6, 7, 0, 1]
[3, 4, 5, 6, 7, 0, 2]
[3, 4, 5, 6, 7, 0, 1, 2]
failed -> 5 times
after fail n ======> 8
[5, 6, 0, 1, 2, 4, 7, 3]
0.05405405405405406 0.08
itercount --------> 1
[6, 4, 1]
[6, 4, 2]
0.08 0.10526315789473684
itercount --------> 2
[6, 1, 4]
0.10526315789473684 0.13793103448275862
itercount --------> 3
[1, 4, 0]
0.13793103448275862 0.2
itercount --------> 4
[4, 2, 6]
0.2 0.2727272727272727
itercount --------> 5
[2, 4, 6]
[2, 4, 0]
0.2727272727272727 0.3181818181818182
itercount --------> 6
[2, 4, 6]
[2, 4, 0]
0.3181818181818182 0.3333333333333333
itercount --------> 7
[2, 4, 6]
[2, 4, 7]
0.3333333333333333 0.4117647058823529
itercount --------> 8
[0, 1, 2]
[0, 1, 5]
[0, 1, 4]
[0, 1, 6]
[0, 1, 7]
[0, 1, 3]
[0, 1, 2, 5]
[0, 1, 2, 4]
[0, 1, 2, 6]
[0, 1, 2, 7]
[0, 1, 2, 3]
[0, 1, 2, 5, 4]
[0, 1, 2, 5, 6]
[0, 1, 2, 5, 7]
[0, 1, 2, 5, 3]
[0, 1, 2, 5, 4, 6]
[0, 1, 2, 5, 4, 7]
[0, 1, 2, 5, 4, 3]
0.4117647058823529 0.5625
itercount --------> 9
[5, 0, 1]
[5, 0, 2]
[5, 0, 4]
[5, 0, 6]
[5, 0, 7]
[5, 0, 3]
[5, 0, 1, 2]
[5, 0, 1, 4]
[5, 0, 1, 6]
[5, 0, 1, 7]
[5, 0, 1, 3]
[5, 0, 1, 2, 4]
[5, 0, 1, 2, 6]
[5, 0, 1, 2, 7]
[5, 0, 1, 2, 3]
[5, 0, 1, 2, 4, 6]
[5, 0, 1, 2, 4, 7]
[5, 0, 1, 2, 4, 3]
[5, 0, 1, 2, 4, 6, 7]
[5, 0, 1, 2, 4, 6, 3]
[5, 0, 1, 2, 4, 6, 7, 3]
failed -> 6 times
after fail n ======> 5
[5, 6, 0, 1, 2]
0.05405405405405406 0.06060606060606061
itercount --------> 1
[5, 1, 2]
0.06060606060606061 0.08695652173913043
itercount --------> 2
[1, 6, 4]
0.08695652173913043 0.17391304347826086
itercount --------> 3
[4, 1, 6]
[4, 1, 7]
[4, 1, 0]
0.17391304347826086 0.2222222222222222
itercount --------> 4
[4, 1, 6]
0.2222222222222222 0.3333333333333333
itercount --------> 5
[4, 1, 6]
[4, 1, 7]
[4, 1, 5]
0.3333333333333333 0.375
itercount --------> 6
[0, 1, 2]
[0, 1, 4]
[0, 1, 5]
[0, 1, 7]
[0, 1, 6]
[0, 1, 3]
[0, 1, 2, 4]
[0, 1, 2, 5]
[0, 1, 2, 7]
[0, 1, 2, 6]
[0, 1, 2, 3]
[0, 1, 2, 4, 5]
[0, 1, 2, 4, 7]
[0, 1, 2, 4, 6]
[0, 1, 2, 4, 3]
[0, 1, 2, 4, 5, 7]
[0, 1, 2, 4, 5, 6]
[0, 1, 2, 4, 5, 3]
[0, 1, 2, 4, 5, 7, 6]
0.375 0.3888888888888889
itercount --------> 7
[4, 3, 6]
[4, 3, 7]
[4, 3, 0]
[4, 3, 1]
[4, 3, 2]
[4, 3, 5]
[4, 3, 6, 7]
[4, 3, 6, 0]
[4, 3, 6, 1]
[4, 3, 6, 2]
[4, 3, 6, 5]
[4, 3, 6, 7, 0]
0.3888888888888889 0.4117647058823529
itercount --------> 8
[4, 7, 3]
[4, 7, 6]
[4, 7, 5]
[4, 7, 0]
[4, 7, 1]
[4, 7, 2]
[4, 7, 3, 6]
[4, 7, 3, 5]
[4, 7, 3, 0]
[4, 7, 3, 1]
[4, 7, 3, 2]
[4, 7, 3, 6, 5]
[4, 7, 3, 6, 0]
[4, 7, 3, 6, 1]
[4, 7, 3, 6, 2]
[4, 7, 3, 6, 5, 0]
0.4117647058823529 0.5
itercount --------> 9
[4, 3, 1]
[4, 3, 6]
0.5 0.5789473684210527
itercount --------> 10
[1, 7, 5]
[1, 7, 0]
[1, 7, 2]
[1, 7, 6]
[1, 7, 4]
[1, 7, 3]
[1, 7, 5, 0]
0.5789473684210527 0.6470588235294118
itercount --------> 11
[0, 1, 2]
[0, 1, 5]
[0, 1, 7]
[0, 1, 6]
[0, 1, 3]
[0, 1, 4]
[0, 1, 2, 5]
[0, 1, 2, 7]
[0, 1, 2, 6]
0.6470588235294118 0.6875
itercount --------> 12
[0, 1, 2]
[0, 1, 5]
[0, 1, 7]
[0, 1, 3]
[0, 1, 4]
[0, 1, 6]
[0, 1, 2, 5]
[0, 1, 2, 7]
[0, 1, 2, 3]
[0, 1, 2, 4]
[0, 1, 2, 6]
[0, 1, 2, 5, 7]
[0, 1, 2, 5, 3]
[0, 1, 2, 5, 4]
[0, 1, 2, 5, 6]
[0, 1, 2, 5, 7, 3]
[0, 1, 2, 5, 7, 4]
[0, 1, 2, 5, 7, 6]
[0, 1, 2, 5, 7, 3, 4]
[0, 1, 2, 5, 7, 3, 6]
[0, 1, 2, 5, 7, 3, 4, 6]
failed -> 7 times
after fail n ======> 6
[5, 6, 0, 1, 2, 4]
0.05405405405405406 0.10526315789473684
itercount --------> 1
[6, 2, 4]
0.10526315789473684 0.125
itercount --------> 2
[0, 1, 2]
[0, 1, 5]
[0, 1, 4]
[0, 1, 6]
[0, 1, 7]
0.125 0.15789473684210525
itercount --------> 3
[6, 4, 0]
0.15789473684210525 0.17647058823529413
itercount --------> 4
[6, 4, 7]
[6, 4, 3]
[6, 4, 5]
[6, 4, 0]
[6, 4, 1]
[6, 4, 2]
0.17647058823529413 0.18518518518518517
itercount --------> 5
[4, 0, 2]
0.18518518518518517 0.25
itercount --------> 6
[4, 7, 6]
[4, 7, 5]
0.25 0.2727272727272727
itercount --------> 7
[4, 5, 6]
[4, 5, 7]
[4, 5, 3]
[4, 5, 0]
[4, 5, 1]
[4, 5, 2]
[4, 5, 6, 7]
0.2727272727272727 0.3684210526315789
itercount --------> 8
[4, 5, 6]
[4, 5, 7]
[4, 5, 3]
[4, 5, 0]
0.3684210526315789 0.4117647058823529
itercount --------> 9
[4, 7, 3]
[4, 7, 6]
[4, 7, 5]
[4, 7, 0]
[4, 7, 1]
[4, 7, 2]
[4, 7, 3, 6]
[4, 7, 3, 5]
[4, 7, 3, 0]
[4, 7, 3, 1]
[4, 7, 3, 2]
[4, 7, 3, 6, 5]
[4, 7, 3, 6, 0]
[4, 7, 3, 6, 1]
[4, 7, 3, 6, 2]
[4, 7, 3, 6, 5, 0]
[4, 7, 3, 6, 5, 1]
[4, 7, 3, 6, 5, 2]
[4, 7, 3, 6, 5, 0, 1]
[4, 7, 3, 6, 5, 0, 2]
[4, 7, 3, 6, 5, 0, 1, 2]
failed -> 8 times
after fail n ======> 7
[5, 6, 0, 1, 2, 4, 7]
0.05405405405405406 0.10526315789473684
itercount --------> 1
[6, 0, 4]
0.10526315789473684 0.125
itercount --------> 2
[0, 1, 2]
[0, 1, 5]
[0, 1, 4]
[0, 1, 6]
[0, 1, 7]
0.125 0.17647058823529413
itercount --------> 3
[6, 4, 7]
[6, 4, 3]
[6, 4, 5]
[6, 4, 0]
[6, 4, 1]
[6, 4, 2]
[6, 4, 7, 3]
[6, 4, 7, 5]
[6, 4, 7, 0]
[6, 4, 7, 1]
[6, 4, 7, 2]
[6, 4, 7, 3, 5]
0.17647058823529413 0.22727272727272727
itercount --------> 4
[6, 4, 5]
[6, 4, 3]
[6, 4, 0]
[6, 4, 2]
[6, 4, 7]
[6, 4, 1]
[6, 4, 5, 3]
[6, 4, 5, 0]
0.22727272727272727 0.2631578947368421
itercount --------> 5
[6, 4, 3]
[6, 4, 2]
0.2631578947368421 0.29411764705882354
itercount --------> 6
[6, 3, 4]
0.29411764705882354 0.3333333333333333
itercount --------> 7
[6, 7, 3]
[6, 7, 4]
[6, 7, 5]
[6, 7, 0]
[6, 7, 1]
[6, 7, 2]
[6, 7, 3, 4]
[6, 7, 3, 5]
[6, 7, 3, 0]
[6, 7, 3, 1]
[6, 7, 3, 2]
[6, 7, 3, 4, 5]
[6, 7, 3, 4, 0]
[6, 7, 3, 4, 1]
[6, 7, 3, 4, 2]
[6, 7, 3, 4, 5, 0]
[6, 7, 3, 4, 5, 1]
[6, 7, 3, 4, 5, 2]
[6, 7, 3, 4, 5, 0, 1]
[6, 7, 3, 4, 5, 0, 2]
[6, 7, 3, 4, 5, 0, 1, 2]
failed -> 9 times
after fail n ======> 8
[5, 6, 0, 1, 2, 4, 7, 3]
0.05405405405405406 0.08
itercount --------> 1
[5, 2, 6]
0.08 0.10526315789473684
itercount --------> 2
[2, 6, 4]
0.10526315789473684 0.125
itercount --------> 3
[2, 5, 6]
0.125 0.175
itercount --------> 4
[2, 0, 1]
0.175 0.18421052631578946
itercount --------> 5
[0, 2, 1]
0.18421052631578946 0.30434782608695654
itercount --------> 6
[2, 0, 1]
0.30434782608695654 0.3181818181818182
itercount --------> 7
[0, 1, 2]
[0, 1, 4]
0.3181818181818182 0.34782608695652173
itercount --------> 8
[5, 0, 1]
[5, 0, 2]
[5, 0, 6]
[5, 0, 4]
0.34782608695652173 0.3684210526315789
itercount --------> 9
[0, 1, 2]
[0, 1, 5]
[0, 1, 4]
0.3684210526315789 0.4117647058823529
itercount --------> 10
[0, 1, 2]
[0, 1, 5]
[0, 1, 4]
[0, 1, 6]
[0, 1, 7]
[0, 1, 3]
[0, 1, 2, 5]
[0, 1, 2, 4]
[0, 1, 2, 6]
[0, 1, 2, 7]
0.4117647058823529 0.4375
itercount --------> 11
[0, 1, 2]
[0, 1, 5]
[0, 1, 4]
[0, 1, 3]
[0, 1, 7]
[0, 1, 6]
[0, 1, 2, 5]
[0, 1, 2, 4]
[0, 1, 2, 3]
[0, 1, 2, 7]
[0, 1, 2, 6]
[0, 1, 2, 5, 4]
[0, 1, 2, 5, 3]
[0, 1, 2, 5, 7]
[0, 1, 2, 5, 6]
[0, 1, 2, 5, 4, 3]
[0, 1, 2, 5, 4, 7]
[0, 1, 2, 5, 4, 6]
[0, 1, 2, 5, 4, 3, 7]
0.4375 0.5
itercount --------> 12
[5, 0, 1]
[5, 0, 2]
[5, 0, 4]
[5, 0, 6]
[5, 0, 7]
0.5 0.5294117647058824
itercount --------> 13
[2, 5, 6]
[2, 5, 4]
[2, 5, 7]
[2, 5, 0]
[2, 5, 1]
[2, 5, 3]
[2, 5, 6, 4]
0.5294117647058824 0.5789473684210527
itercount --------> 14
[5, 6, 4]
0.5789473684210527 0.6190476190476191
itercount --------> 15
[5, 2, 6]
[5, 2, 7]
[5, 2, 0]
[5, 2, 1]
0.6190476190476191 0.6666666666666666
itercount --------> 16
[2, 5, 6]
[2, 5, 7]
[2, 5, 0]
[2, 5, 1]
[2, 5, 3]
[2, 5, 4]
[2, 5, 6, 7]
[2, 5, 6, 0]
[2, 5, 6, 1]
0.6666666666666666 0.7058823529411765
itercount --------> 17
[1, 2, 5]
[1, 2, 7]
[1, 2, 6]
[1, 2, 0]
[1, 2, 3]
[1, 2, 4]
[1, 2, 5, 7]
0.7058823529411765 0.75
itercount --------> 18
[0, 1, 2]
[0, 1, 5]
[0, 1, 6]
[0, 1, 7]
[0, 1, 3]
[0, 1, 4]
[0, 1, 2, 5]
[0, 1, 2, 6]
[0, 1, 2, 7]
[0, 1, 2, 3]
[0, 1, 2, 4]
[0, 1, 2, 5, 6]
[0, 1, 2, 5, 7]
[0, 1, 2, 5, 3]
[0, 1, 2, 5, 4]
[0, 1, 2, 5, 6, 7]
0.75 0.7777777777777778
itercount --------> 19
[5, 6, 7]
[5, 6, 3]
[5, 6, 4]
[5, 6, 0]
[5, 6, 1]
[5, 6, 2]
[5, 6, 7, 3]
[5, 6, 7, 4]
[5, 6, 7, 0]
[5, 6, 7, 1]
[5, 6, 7, 2]
[5, 6, 7, 3, 4]
[5, 6, 7, 3, 0]
[5, 6, 7, 3, 1]
[5, 6, 7, 3, 2]
[5, 6, 7, 3, 4, 0]
[5, 6, 7, 3, 4, 1]
[5, 6, 7, 3, 4, 2]
[5, 6, 7, 3, 4, 0, 1]
[5, 6, 7, 3, 4, 0, 2]
[5, 6, 7, 3, 4, 0, 1, 2]
failed -> 10 times
after fail n ======> 5
[5, 6, 0, 1, 2]
0.05405405405405406 0.08
itercount --------> 1
[6, 4, 0]
0.08 0.09523809523809523
itercount --------> 2
[4, 6, 1]
0.09523809523809523 0.14814814814814814
itercount --------> 3
[4, 2, 1]
0.14814814814814814 0.15384615384615385
itercount --------> 4
[0, 6, 7]
0.15384615384615385 0.16
itercount --------> 5
[0, 1, 4]
[0, 1, 7]
[0, 1, 5]
0.16 0.19047619047619047
itercount --------> 6
[4, 7, 1]
0.19047619047619047 0.4117647058823529
itercount --------> 7
[4, 7, 3]
[4, 7, 6]
[4, 7, 5]
[4, 7, 0]
[4, 7, 1]
[4, 7, 2]
[4, 7, 3, 6]
[4, 7, 3, 5]
[4, 7, 3, 0]
[4, 7, 3, 1]
[4, 7, 3, 2]
[4, 7, 3, 6, 5]
[4, 7, 3, 6, 0]
[4, 7, 3, 6, 1]
[4, 7, 3, 6, 2]
[4, 7, 3, 6, 5, 0]
[4, 7, 3, 6, 5, 1]
[4, 7, 3, 6, 5, 2]
[4, 7, 3, 6, 5, 0, 1]
0.4117647058823529 0.47368421052631576
itercount --------> 8
[4, 5, 3]
[4, 5, 7]
[4, 5, 6]
[4, 5, 0]
[4, 5, 1]
[4, 5, 2]
0.47368421052631576 0.5294117647058824
itercount --------> 9
[4, 3, 7]
[4, 3, 6]
[4, 3, 5]
[4, 3, 0]
[4, 3, 1]
[4, 3, 2]
0.5294117647058824 0.6470588235294118
itercount --------> 10
[4, 7, 3]
[4, 7, 6]
[4, 7, 5]
[4, 7, 0]
[4, 7, 1]
[4, 7, 2]
[4, 7, 3, 6]
[4, 7, 3, 5]
[4, 7, 3, 0]
[4, 7, 3, 1]
[4, 7, 3, 2]
[4, 7, 3, 6, 5]
[4, 7, 3, 6, 0]
[4, 7, 3, 6, 1]
[4, 7, 3, 6, 2]
[4, 7, 3, 6, 5, 0]
[4, 7, 3, 6, 5, 1]
[4, 7, 3, 6, 5, 2]
[4, 7, 3, 6, 5, 0, 1]
[4, 7, 3, 6, 5, 0, 2]
[4, 7, 3, 6, 5, 0, 1, 2]
failed -> 11 times
after fail n ======> 6
[5, 6, 0, 1, 2, 4]
0.05405405405405406 0.057692307692307696
itercount --------> 1
[5, 0, 1]
0.057692307692307696 0.14814814814814814
itercount --------> 2
[4, 2, 6]
0.14814814814814814 0.24
itercount --------> 3
[4, 2, 5]
0.24 0.2857142857142857
itercount --------> 4
[4, 2, 6]
[4, 2, 5]
0.2857142857142857 0.34782608695652173
itercount --------> 5
[2, 4, 5]
[2, 4, 6]
[2, 4, 0]
0.34782608695652173 0.38095238095238093
itercount --------> 6
[5, 4, 2]
[5, 4, 1]
0.38095238095238093 0.42105263157894735
itercount --------> 7
[4, 5, 6]
[4, 5, 3]
[4, 5, 7]
[4, 5, 2]
[4, 5, 0]
[4, 5, 1]
[4, 5, 6, 3]
0.42105263157894735 0.45
itercount --------> 8
[5, 2, 4]
[5, 2, 0]
[5, 2, 3]
[5, 2, 6]
[5, 2, 7]
[5, 2, 1]
0.45 0.5
itercount --------> 9
[5, 0, 2]
[5, 0, 4]
[5, 0, 1]
0.5 0.5294117647058824
itercount --------> 10
[0, 1, 2]
[0, 1, 3]
[0, 1, 5]
[0, 1, 4]
[0, 1, 6]
0.5294117647058824 0.5625
itercount --------> 11
[3, 5, 0]
[3, 5, 1]
[3, 5, 2]
[3, 5, 4]
[3, 5, 6]
[3, 5, 7]
[3, 5, 0, 1]
[3, 5, 0, 2]
[3, 5, 0, 4]
[3, 5, 0, 6]
[3, 5, 0, 7]
[3, 5, 0, 1, 2]
[3, 5, 0, 1, 4]
0.5625 0.75
itercount --------> 12
[0, 1, 2]
[0, 1, 5]
[0, 1, 6]
[0, 1, 7]
[0, 1, 3]
[0, 1, 4]
[0, 1, 2, 5]
[0, 1, 2, 6]
[0, 1, 2, 7]
[0, 1, 2, 3]
[0, 1, 2, 4]
[0, 1, 2, 5, 6]
[0, 1, 2, 5, 7]
[0, 1, 2, 5, 3]
[0, 1, 2, 5, 4]
[0, 1, 2, 5, 6, 7]
[0, 1, 2, 5, 6, 3]
[0, 1, 2, 5, 6, 4]
[0, 1, 2, 5, 6, 7, 3]
[0, 1, 2, 5, 6, 7, 4]
0.75 0.7777777777777778
itercount --------> 13
[5, 6, 7]
[5, 6, 3]
[5, 6, 4]
[5, 6, 0]
[5, 6, 1]
[5, 6, 2]
[5, 6, 7, 3]
[5, 6, 7, 4]
[5, 6, 7, 0]
[5, 6, 7, 1]
[5, 6, 7, 2]
[5, 6, 7, 3, 4]
[5, 6, 7, 3, 0]
[5, 6, 7, 3, 1]
[5, 6, 7, 3, 2]
[5, 6, 7, 3, 4, 0]
[5, 6, 7, 3, 4, 1]
[5, 6, 7, 3, 4, 2]
[5, 6, 7, 3, 4, 0, 1]
[5, 6, 7, 3, 4, 0, 2]
[5, 6, 7, 3, 4, 0, 1, 2]
failed -> 12 times
after fail n ======> 7
[5, 6, 0, 1, 2, 4, 7]
0.05405405405405406 0.08
itercount --------> 1
[5, 2, 6]
0.08 0.10526315789473684
itercount --------> 2
[2, 6, 4]
[2, 6, 5]
0.10526315789473684 0.16
itercount --------> 3
[4, 5, 6]
0.16 0.17857142857142858
itercount --------> 4
[2, 5, 0]
0.17857142857142858 0.2631578947368421
itercount --------> 5
[0, 1, 2]
[0, 1, 5]
[0, 1, 6]
[0, 1, 4]
[0, 1, 7]
0.2631578947368421 0.28
itercount --------> 6
[0, 6, 4]
[0, 6, 2]
0.28 0.3181818181818182
itercount --------> 7
[6, 0, 2]
[6, 0, 4]
[6, 0, 5]
[6, 0, 7]
0.3181818181818182 0.35
itercount --------> 8
[0, 2, 5]
[0, 2, 1]
0.35 0.3684210526315789
itercount --------> 9
[0, 1, 2]
[0, 1, 5]
[0, 1, 4]
[0, 1, 6]
[0, 1, 7]
0.3684210526315789 0.3888888888888889
itercount --------> 10
[0, 1, 2]
[0, 1, 5]
[0, 1, 4]
[0, 1, 6]
[0, 1, 7]
[0, 1, 3]
[0, 1, 2, 5]
[0, 1, 2, 4]
0.3888888888888889 0.4117647058823529
itercount --------> 11
[0, 1, 2]
[0, 1, 5]
[0, 1, 4]
[0, 1, 6]
[0, 1, 7]
0.4117647058823529 0.4375
itercount --------> 12
[0, 1, 2]
[0, 1, 5]
[0, 1, 4]
[0, 1, 3]
[0, 1, 7]
[0, 1, 6]
[0, 1, 2, 5]
[0, 1, 2, 4]
[0, 1, 2, 3]
[0, 1, 2, 7]
[0, 1, 2, 6]
[0, 1, 2, 5, 4]
[0, 1, 2, 5, 3]
[0, 1, 2, 5, 7]
[0, 1, 2, 5, 6]
[0, 1, 2, 5, 4, 3]
0.4375 0.5
itercount --------> 13
[5, 0, 1]
[5, 0, 2]
[5, 0, 4]
[5, 0, 6]
[5, 0, 7]
0.5 0.5625
itercount --------> 14
[5, 0, 1]
[5, 0, 2]
[5, 0, 4]
[5, 0, 6]
[5, 0, 7]
[5, 0, 3]
[5, 0, 1, 2]
[5, 0, 1, 4]
[5, 0, 1, 6]
[5, 0, 1, 7]
[5, 0, 1, 3]
[5, 0, 1, 2, 4]
[5, 0, 1, 2, 6]
[5, 0, 1, 2, 7]
[5, 0, 1, 2, 3]
[5, 0, 1, 2, 4, 6]
0.5625 0.6111111111111112
itercount --------> 15
[5, 6, 0]
[5, 6, 1]
[5, 6, 2]
[5, 6, 4]
[5, 6, 7]
[5, 6, 3]
[5, 6, 0, 1]
[5, 6, 0, 2]
[5, 6, 0, 4]
0.6111111111111112 0.65
itercount --------> 16
[5, 0, 1]
[5, 0, 2]
[5, 0, 6]
[5, 0, 7]
[5, 0, 4]
[5, 0, 3]
[5, 0, 1, 2]
[5, 0, 1, 6]
0.65 0.6842105263157895
itercount --------> 17
[5, 7, 6]
0.6842105263157895 0.75
itercount --------> 18
[4, 5, 0]
[4, 5, 1]
0.75 0.7894736842105263
itercount --------> 19
[0, 1, 2]
[0, 1, 3]
[0, 1, 4]
[0, 1, 5]
[0, 1, 6]
[0, 1, 7]
[0, 1, 2, 3]
0.7894736842105263 0.8333333333333334
itercount --------> 20
[3, 4, 6]
[3, 4, 7]
[3, 4, 0]
[3, 4, 1]
[3, 4, 2]
[3, 4, 5]
[3, 4, 6, 7]
[3, 4, 6, 0]
[3, 4, 6, 1]
[3, 4, 6, 2]
[3, 4, 6, 5]
[3, 4, 6, 7, 0]
[3, 4, 6, 7, 1]
[3, 4, 6, 7, 2]
[3, 4, 6, 7, 5]
[3, 4, 6, 7, 0, 1]
[3, 4, 6, 7, 0, 2]
[3, 4, 6, 7, 0, 5]
[3, 4, 6, 7, 0, 1, 2]
[3, 4, 6, 7, 0, 1, 5]
[3, 4, 6, 7, 0, 1, 2, 5]
failed -> 13 times
after fail n ======> 8
[5, 6, 0, 1, 2, 4, 7, 3]
0.05405405405405406 0.08
itercount --------> 1
[6, 4, 0]
0.08 0.10526315789473684
itercount --------> 2
[6, 1, 4]
0.10526315789473684 0.125
itercount --------> 3
[0, 1, 2]
[0, 1, 5]
[0, 1, 4]
[0, 1, 6]
0.125 0.16666666666666666
itercount --------> 4
[4, 5, 0]
[4, 5, 1]
[4, 5, 6]
0.16666666666666666 0.25
itercount --------> 5
[4, 0, 1]
0.25 0.2727272727272727
itercount --------> 6
[4, 1, 5]
0.2727272727272727 0.3333333333333333
itercount --------> 7
[4, 0, 1]
0.3333333333333333 0.375
itercount --------> 8
[0, 1, 2]
[0, 1, 4]
[0, 1, 5]
[0, 1, 7]
[0, 1, 6]
[0, 1, 3]
[0, 1, 2, 4]
[0, 1, 2, 5]
[0, 1, 2, 7]
[0, 1, 2, 6]
[0, 1, 2, 3]
[0, 1, 2, 4, 5]
[0, 1, 2, 4, 7]
[0, 1, 2, 4, 6]
[0, 1, 2, 4, 3]
[0, 1, 2, 4, 5, 7]
[0, 1, 2, 4, 5, 6]
[0, 1, 2, 4, 5, 3]
[0, 1, 2, 4, 5, 7, 6]
0.375 0.3888888888888889
itercount --------> 9
[4, 3, 6]
[4, 3, 7]
[4, 3, 0]
[4, 3, 1]
[4, 3, 2]
[4, 3, 5]
[4, 3, 6, 7]
[4, 3, 6, 0]
[4, 3, 6, 1]
[4, 3, 6, 2]
[4, 3, 6, 5]
[4, 3, 6, 7, 0]
[4, 3, 6, 7, 1]
[4, 3, 6, 7, 2]
[4, 3, 6, 7, 5]
[4, 3, 6, 7, 0, 1]
0.3888888888888889 0.4117647058823529
itercount --------> 10
[4, 7, 3]
[4, 7, 6]
[4, 7, 5]
[4, 7, 0]
[4, 7, 1]
[4, 7, 2]
[4, 7, 3, 6]
[4, 7, 3, 5]
[4, 7, 3, 0]
[4, 7, 3, 1]
[4, 7, 3, 2]
[4, 7, 3, 6, 5]
[4, 7, 3, 6, 0]
[4, 7, 3, 6, 1]
[4, 7, 3, 6, 2]
[4, 7, 3, 6, 5, 0]
[4, 7, 3, 6, 5, 1]
[4, 7, 3, 6, 5, 2]
[4, 7, 3, 6, 5, 0, 1]
[4, 7, 3, 6, 5, 0, 2]
[4, 7, 3, 6, 5, 0, 1, 2]
failed -> 14 times
after fail n ======> 5
[5, 6, 0, 1, 2]
0.05405405405405406 0.08
itercount --------> 1
[5, 2, 6]
0.08 0.09523809523809523
itercount --------> 2
[2, 5, 6]
[2, 5, 4]
0.09523809523809523 0.10714285714285714
itercount --------> 3
[2, 5, 7]
[2, 5, 4]
0.10714285714285714 0.125
itercount --------> 4
[5, 6, 4]
0.125 0.19230769230769232
itercount --------> 5
[5, 0, 1]
0.19230769230769232 0.3
itercount --------> 6
[5, 4, 6]
0.3 0.34615384615384615
itercount --------> 7
[5, 2, 4]
0.34615384615384615 0.36363636363636365
itercount --------> 8
[5, 4, 6]
[5, 4, 7]
[5, 4, 3]
[5, 4, 0]
0.36363636363636365 0.45
itercount --------> 9
[5, 4, 6]
[5, 4, 0]
[5, 4, 1]
[5, 4, 3]
0.45 0.5217391304347826
itercount --------> 10
[0, 1, 5]
[0, 1, 2]
0.5217391304347826 0.631578947368421
itercount --------> 11
[0, 1, 2]
[0, 1, 5]
[0, 1, 6]
[0, 1, 7]
[0, 1, 4]
[0, 1, 3]
[0, 1, 2, 5]
[0, 1, 2, 6]
0.631578947368421 0.7058823529411765
itercount --------> 12
[0, 1, 2]
[0, 1, 5]
[0, 1, 6]
[0, 1, 7]
[0, 1, 4]
[0, 1, 3]
[0, 1, 2, 5]
[0, 1, 2, 6]
[0, 1, 2, 7]
[0, 1, 2, 4]
[0, 1, 2, 3]
[0, 1, 2, 5, 6]
[0, 1, 2, 5, 7]
[0, 1, 2, 5, 4]
[0, 1, 2, 5, 3]
[0, 1, 2, 5, 6, 7]
[0, 1, 2, 5, 6, 4]
[0, 1, 2, 5, 6, 3]
[0, 1, 2, 5, 6, 7, 4]
0.7058823529411765 0.7368421052631579
itercount --------> 13
[5, 7, 0]
[5, 7, 1]
[5, 7, 2]
[5, 7, 6]
[5, 7, 3]
[5, 7, 4]
[5, 7, 0, 1]
[5, 7, 0, 2]
[5, 7, 0, 6]
[5, 7, 0, 3]
[5, 7, 0, 4]
[5, 7, 0, 1, 2]
[5, 7, 0, 1, 6]
[5, 7, 0, 1, 3]
0.7368421052631579 0.7777777777777778
itercount --------> 14
[5, 6, 7]
[5, 6, 3]
[5, 6, 4]
[5, 6, 0]
[5, 6, 1]
[5, 6, 2]
[5, 6, 7, 3]
[5, 6, 7, 4]
[5, 6, 7, 0]
[5, 6, 7, 1]
[5, 6, 7, 2]
[5, 6, 7, 3, 4]
[5, 6, 7, 3, 0]
[5, 6, 7, 3, 1]
[5, 6, 7, 3, 2]
[5, 6, 7, 3, 4, 0]
[5, 6, 7, 3, 4, 1]
[5, 6, 7, 3, 4, 2]
[5, 6, 7, 3, 4, 0, 1]
[5, 6, 7, 3, 4, 0, 2]
[5, 6, 7, 3, 4, 0, 1, 2]
failed -> 15 times
after fail n ======> 6
[5, 6, 0, 1, 2, 4]
0.05405405405405406 0.10526315789473684
itercount --------> 1
[6, 2, 4]
0.10526315789473684 0.125
itercount --------> 2
[0, 1, 2]
[0, 1, 5]
[0, 1, 4]
[0, 1, 6]
0.125 0.16666666666666666
itercount --------> 3
[4, 5, 0]
0.16666666666666666 0.2222222222222222
itercount --------> 4
[4, 1, 6]
0.2222222222222222 0.3333333333333333
itercount --------> 5
[4, 1, 6]
[4, 1, 7]
[4, 1, 5]
0.3333333333333333 0.375
itercount --------> 6
[0, 1, 2]
[0, 1, 4]
[0, 1, 5]
[0, 1, 7]
[0, 1, 6]
[0, 1, 3]
[0, 1, 2, 4]
[0, 1, 2, 5]
[0, 1, 2, 7]
[0, 1, 2, 6]
[0, 1, 2, 3]
[0, 1, 2, 4, 5]
[0, 1, 2, 4, 7]
[0, 1, 2, 4, 6]
[0, 1, 2, 4, 3]
[0, 1, 2, 4, 5, 7]
[0, 1, 2, 4, 5, 6]
[0, 1, 2, 4, 5, 3]
[0, 1, 2, 4, 5, 7, 6]
0.375 0.3888888888888889
itercount --------> 7
[4, 3, 6]
[4, 3, 7]
[4, 3, 0]
[4, 3, 1]
[4, 3, 2]
[4, 3, 5]
[4, 3, 6, 7]
[4, 3, 6, 0]
[4, 3, 6, 1]
[4, 3, 6, 2]
[4, 3, 6, 5]
[4, 3, 6, 7, 0]
[4, 3, 6, 7, 1]
0.3888888888888889 0.4117647058823529
itercount --------> 8
[4, 7, 3]
[4, 7, 6]
[4, 7, 5]
[4, 7, 0]
[4, 7, 1]
[4, 7, 2]
[4, 7, 3, 6]
[4, 7, 3, 5]
[4, 7, 3, 0]
[4, 7, 3, 1]
[4, 7, 3, 2]
[4, 7, 3, 6, 5]
[4, 7, 3, 6, 0]
[4, 7, 3, 6, 1]
[4, 7, 3, 6, 2]
[4, 7, 3, 6, 5, 0]
[4, 7, 3, 6, 5, 1]
[4, 7, 3, 6, 5, 2]
[4, 7, 3, 6, 5, 0, 1]
[4, 7, 3, 6, 5, 0, 2]
[4, 7, 3, 6, 5, 0, 1, 2]
failed -> 16 times
after fail n ======> 7
[5, 6, 0, 1, 2, 4, 7]
0.05405405405405406 0.08
itercount --------> 1
[5, 0, 6]
0.08 0.11428571428571428
itercount --------> 2
[5, 0, 1]
0.11428571428571428 0.3
itercount --------> 3
[4, 5, 6]
[4, 5, 0]
0.3 0.35
itercount --------> 4
[5, 4, 6]
[5, 4, 3]
[5, 4, 7]
[5, 4, 0]
[5, 4, 1]
[5, 4, 2]
0.35 0.42105263157894735
itercount --------> 5
[4, 5, 6]
[4, 5, 3]
[4, 5, 7]
[4, 5, 0]
[4, 5, 1]
[4, 5, 2]
[4, 5, 6, 3]
0.42105263157894735 0.47619047619047616
itercount --------> 6
[0, 5, 4]
[0, 5, 1]
[0, 5, 2]
0.47619047619047616 0.5263157894736842
itercount --------> 7
[0, 1, 2]
[0, 1, 5]
[0, 1, 6]
[0, 1, 4]
[0, 1, 7]
[0, 1, 3]
0.5263157894736842 0.5555555555555556
itercount --------> 8
[0, 5, 4]
[0, 5, 6]
[0, 5, 1]
0.5555555555555556 0.5882352941176471
itercount --------> 9
[0, 1, 2]
[0, 1, 5]
[0, 1, 6]
[0, 1, 4]
[0, 1, 3]
[0, 1, 7]
[0, 1, 2, 5]
[0, 1, 2, 6]
[0, 1, 2, 4]
[0, 1, 2, 3]
[0, 1, 2, 7]
[0, 1, 2, 5, 6]
[0, 1, 2, 5, 4]
[0, 1, 2, 5, 3]
[0, 1, 2, 5, 7]
[0, 1, 2, 5, 6, 4]
[0, 1, 2, 5, 6, 3]
[0, 1, 2, 5, 6, 7]
0.5882352941176471 0.6111111111111112
itercount --------> 10
[4, 0, 1]
[4, 0, 2]
[4, 0, 3]
[4, 0, 6]
[4, 0, 5]
[4, 0, 7]
[4, 0, 1, 2]
[4, 0, 1, 3]
[4, 0, 1, 6]
0.6111111111111112 0.6666666666666666
itercount --------> 11
[5, 0, 1]
[5, 0, 2]
[5, 0, 3]
[5, 0, 6]
[5, 0, 7]
0.6666666666666666 0.7368421052631579
itercount --------> 12
[5, 6, 7]
[5, 6, 0]
[5, 6, 1]
[5, 6, 2]
[5, 6, 3]
[5, 6, 4]
[5, 6, 7, 0]
[5, 6, 7, 1]
[5, 6, 7, 2]
[5, 6, 7, 3]
[5, 6, 7, 4]
[5, 6, 7, 0, 1]
[5, 6, 7, 0, 2]
[5, 6, 7, 0, 3]
[5, 6, 7, 0, 4]
[5, 6, 7, 0, 1, 2]
[5, 6, 7, 0, 1, 3]
[5, 6, 7, 0, 1, 4]
[5, 6, 7, 0, 1, 2, 3]
[5, 6, 7, 0, 1, 2, 4]
[5, 6, 7, 0, 1, 2, 3, 4]
0.7368421052631579 0.7777777777777778
itercount --------> 13
[5, 6, 7]
[5, 6, 3]
[5, 6, 4]
[5, 6, 0]
[5, 6, 1]
[5, 6, 2]
[5, 6, 7, 3]
[5, 6, 7, 4]
[5, 6, 7, 0]
[5, 6, 7, 1]
[5, 6, 7, 2]
[5, 6, 7, 3, 4]
[5, 6, 7, 3, 0]
[5, 6, 7, 3, 1]
[5, 6, 7, 3, 2]
[5, 6, 7, 3, 4, 0]
[5, 6, 7, 3, 4, 1]
[5, 6, 7, 3, 4, 2]
[5, 6, 7, 3, 4, 0, 1]
[5, 6, 7, 3, 4, 0, 2]
[5, 6, 7, 3, 4, 0, 1, 2]
failed -> 17 times
after fail n ======> 8
[5, 6, 0, 1, 2, 4, 7, 3]
0.05405405405405406 0.10526315789473684
itercount --------> 1
[6, 0, 4]
0.10526315789473684 0.125
itercount --------> 2
[0, 1, 2]
[0, 1, 5]
[0, 1, 4]
[0, 1, 6]
[0, 1, 7]
[0, 1, 3]
[0, 1, 2, 5]
[0, 1, 2, 4]
[0, 1, 2, 6]
[0, 1, 2, 7]
0.125 0.15789473684210525
itercount --------> 3
[6, 4, 2]
0.15789473684210525 0.17647058823529413
itercount --------> 4
[6, 4, 7]
[6, 4, 3]
0.17647058823529413 0.25
itercount --------> 5
[4, 6, 2]
0.25 0.2631578947368421
itercount --------> 6
[4, 6, 2]
[4, 6, 7]
0.2631578947368421 0.3157894736842105
itercount --------> 7
[4, 2, 6]
[4, 2, 7]
[4, 2, 1]
0.3157894736842105 0.3333333333333333
itercount --------> 8
[4, 2, 6]
[4, 2, 7]
0.3333333333333333 0.35294117647058826
itercount --------> 9
[0, 1, 2]
[0, 1, 5]
[0, 1, 4]
[0, 1, 6]
0.35294117647058826 0.375
itercount --------> 10
[0, 1, 2]
[0, 1, 4]
[0, 1, 5]
[0, 1, 7]
[0, 1, 6]
[0, 1, 3]
[0, 1, 2, 4]
[0, 1, 2, 5]
[0, 1, 2, 7]
[0, 1, 2, 6]
[0, 1, 2, 3]
[0, 1, 2, 4, 5]
[0, 1, 2, 4, 7]
[0, 1, 2, 4, 6]
[0, 1, 2, 4, 3]
[0, 1, 2, 4, 5, 7]
[0, 1, 2, 4, 5, 6]
[0, 1, 2, 4, 5, 3]
[0, 1, 2, 4, 5, 7, 6]
0.375 0.3888888888888889
itercount --------> 11
[4, 3, 6]
[4, 3, 7]
[4, 3, 0]
[4, 3, 1]
[4, 3, 2]
[4, 3, 5]
[4, 3, 6, 7]
[4, 3, 6, 0]
[4, 3, 6, 1]
[4, 3, 6, 2]
[4, 3, 6, 5]
[4, 3, 6, 7, 0]
[4, 3, 6, 7, 1]
0.3888888888888889 0.4117647058823529
itercount --------> 12
[4, 7, 3]
[4, 7, 6]
[4, 7, 5]
[4, 7, 0]
[4, 7, 1]
[4, 7, 2]
[4, 7, 3, 6]
[4, 7, 3, 5]
[4, 7, 3, 0]
[4, 7, 3, 1]
[4, 7, 3, 2]
[4, 7, 3, 6, 5]
[4, 7, 3, 6, 0]
[4, 7, 3, 6, 1]
[4, 7, 3, 6, 2]
[4, 7, 3, 6, 5, 0]
[4, 7, 3, 6, 5, 1]
[4, 7, 3, 6, 5, 2]
[4, 7, 3, 6, 5, 0, 1]
[4, 7, 3, 6, 5, 0, 2]
[4, 7, 3, 6, 5, 0, 1, 2]
failed -> 18 times
after fail n ======> 5
[5, 6, 0, 1, 2]
0.05405405405405406 0.08
itercount --------> 1
[6, 4, 0]
0.08 0.10526315789473684
itercount --------> 2
[6, 1, 4]
0.10526315789473684 0.11764705882352941
itercount --------> 3
[2, 5, 4]
[2, 5, 7]
0.11764705882352941 0.15
itercount --------> 4
[4, 6, 2]
0.15 0.15789473684210525
itercount --------> 5
[6, 4, 2]
0.15789473684210525 0.17647058823529413
itercount --------> 6
[6, 4, 7]
[6, 4, 3]
[6, 4, 5]
[6, 4, 0]
0.17647058823529413 0.18518518518518517
itercount --------> 7
[4, 2, 0]
[4, 2, 7]
0.18518518518518517 0.2
itercount --------> 8
[4, 5, 0]
0.2 0.25
itercount --------> 9
[4, 7, 5]
[4, 7, 0]
0.25 0.2631578947368421
itercount --------> 10
[4, 6, 0]
[4, 6, 1]
[4, 6, 7]
0.2631578947368421 0.2777777777777778
itercount --------> 11
[4, 7, 6]
0.2777777777777778 0.3888888888888889
itercount --------> 12
[4, 3, 6]
[4, 3, 7]
[4, 3, 0]
[4, 3, 1]
[4, 3, 2]
[4, 3, 5]
[4, 3, 6, 7]
[4, 3, 6, 0]
[4, 3, 6, 1]
[4, 3, 6, 2]
[4, 3, 6, 5]
[4, 3, 6, 7, 0]
[4, 3, 6, 7, 1]
[4, 3, 6, 7, 2]
[4, 3, 6, 7, 5]
[4, 3, 6, 7, 0, 1]
[4, 3, 6, 7, 0, 2]
[4, 3, 6, 7, 0, 5]
[4, 3, 6, 7, 0, 1, 2]
[4, 3, 6, 7, 0, 1, 5]
[4, 3, 6, 7, 0, 1, 2, 5]
failed -> 19 times
after fail n ======> 6
[5, 6, 0, 1, 2, 4]
0.05405405405405406 0.06896551724137931
itercount --------> 1
[5, 6, 3]
0.06896551724137931 0.09375
itercount --------> 2
[5, 2, 4]
0.09375 0.11428571428571428
itercount --------> 3
[2, 5, 4]
[2, 5, 7]
0.11428571428571428 0.125
itercount --------> 4
[2, 6, 5]
0.125 0.13636363636363635
itercount --------> 5
[6, 2, 5]
0.13636363636363635 0.15
itercount --------> 6
[6, 0, 1]
0.15 0.1875
itercount --------> 7
[6, 0, 1]
[6, 0, 2]
[6, 0, 5]
[6, 0, 7]
0.1875 0.23809523809523808
itercount --------> 8
[6, 0, 3]
0.23809523809523808 0.2777777777777778
itercount --------> 9
[6, 3, 4]
[6, 3, 7]
[6, 3, 5]
[6, 3, 2]
[6, 3, 0]
[6, 3, 1]
[6, 3, 4, 7]
[6, 3, 4, 5]
[6, 3, 4, 2]
[6, 3, 4, 0]
[6, 3, 4, 1]
0.2777777777777778 0.2857142857142857
itercount --------> 10
[6, 7, 5]
[6, 7, 2]
[6, 7, 3]
[6, 7, 4]
[6, 7, 0]
[6, 7, 1]
[6, 7, 5, 2]
[6, 7, 5, 3]
0.2857142857142857 0.3157894736842105
itercount --------> 11
[6, 7, 3]
[6, 7, 4]
[6, 7, 5]
[6, 7, 2]
[6, 7, 0]
[6, 7, 1]
[6, 7, 3, 4]
[6, 7, 3, 5]
[6, 7, 3, 2]
[6, 7, 3, 0]
[6, 7, 3, 1]
[6, 7, 3, 4, 5]
[6, 7, 3, 4, 2]
0.3157894736842105 0.3333333333333333
itercount --------> 12
[6, 7, 3]
[6, 7, 4]
[6, 7, 5]
[6, 7, 0]
[6, 7, 1]
[6, 7, 2]
[6, 7, 3, 4]
[6, 7, 3, 5]
[6, 7, 3, 0]
[6, 7, 3, 1]
[6, 7, 3, 2]
[6, 7, 3, 4, 5]
[6, 7, 3, 4, 0]
[6, 7, 3, 4, 1]
[6, 7, 3, 4, 2]
[6, 7, 3, 4, 5, 0]
[6, 7, 3, 4, 5, 1]
[6, 7, 3, 4, 5, 2]
0.3333333333333333 0.3448275862068966
itercount --------> 13
[2, 6, 3]
[2, 6, 0]
0.3448275862068966 0.47619047619047616
itercount --------> 14
[6, 5, 3]
0.47619047619047616 0.4782608695652174
itercount --------> 15
[5, 2, 0]
0.4782608695652174 0.5238095238095238
itercount --------> 16
[5, 2, 3]
0.5238095238095238 0.5454545454545454
itercount --------> 17
[5, 7, 3]
[5, 7, 4]
[5, 7, 2]
[5, 7, 6]
[5, 7, 0]
[5, 7, 1]
0.5454545454545454 0.5789473684210527
itercount --------> 18
[5, 3, 7]
[5, 3, 6]
0.5789473684210527 0.7
itercount --------> 19
[5, 2, 6]
[5, 2, 7]
[5, 2, 4]
[5, 2, 3]
[5, 2, 0]
[5, 2, 1]
[5, 2, 6, 7]
[5, 2, 6, 4]
[5, 2, 6, 3]
[5, 2, 6, 0]
[5, 2, 6, 1]
0.7 0.7368421052631579
itercount --------> 20
[5, 6, 7]
[5, 6, 4]
[5, 6, 3]
[5, 6, 0]
0.7368421052631579 0.7777777777777778
itercount --------> 21
[5, 6, 7]
[5, 6, 3]
[5, 6, 4]
[5, 6, 0]
[5, 6, 1]
[5, 6, 2]
[5, 6, 7, 3]
[5, 6, 7, 4]
[5, 6, 7, 0]
[5, 6, 7, 1]
[5, 6, 7, 2]
[5, 6, 7, 3, 4]
[5, 6, 7, 3, 0]
[5, 6, 7, 3, 1]
[5, 6, 7, 3, 2]
[5, 6, 7, 3, 4, 0]
[5, 6, 7, 3, 4, 1]
[5, 6, 7, 3, 4, 2]
[5, 6, 7, 3, 4, 0, 1]
[5, 6, 7, 3, 4, 0, 2]
[5, 6, 7, 3, 4, 0, 1, 2]
failed -> 20 times
after fail n ======> 7
[5, 6, 0, 1, 2, 4, 7]
0.05405405405405406 0.06896551724137931
itercount --------> 1
[5, 6, 2]
[5, 6, 4]
0.06896551724137931 0.08333333333333333
itercount --------> 2
[5, 2, 6]
0.08333333333333333 0.09302325581395349
itercount --------> 3
[5, 2, 3]
0.09302325581395349 0.125
itercount --------> 4
[5, 2, 4]
0.125 0.13636363636363635
itercount --------> 5
[2, 5, 3]
0.13636363636363635 0.17142857142857143
itercount --------> 6
[2, 5, 0]
0.17142857142857143 0.2608695652173913
itercount --------> 7
[5, 4, 2]
[5, 4, 6]
0.2608695652173913 0.2857142857142857
itercount --------> 8
[5, 4, 6]
0.2857142857142857 0.34615384615384615
itercount --------> 9
[5, 2, 4]
[5, 2, 3]
[5, 2, 6]
[5, 2, 0]
0.34615384615384615 0.45
itercount --------> 10
[5, 2, 4]
[5, 2, 0]
[5, 2, 1]
[5, 2, 3]
[5, 2, 6]
[5, 2, 7]
[5, 2, 4, 0]
[5, 2, 4, 1]
0.45 0.47368421052631576
itercount --------> 11
[0, 1, 2]
[0, 1, 5]
[0, 1, 3]
0.47368421052631576 0.5
itercount --------> 12
[5, 1, 2]
[5, 1, 4]
[5, 1, 0]
[5, 1, 3]
[5, 1, 6]
[5, 1, 7]
[5, 1, 2, 4]
[5, 1, 2, 0]
[5, 1, 2, 3]
[5, 1, 2, 6]
0.5 0.5294117647058824
itercount --------> 13
[5, 2, 4]
[5, 2, 3]
[5, 2, 6]
[5, 2, 7]
[5, 2, 0]
[5, 2, 1]
[5, 2, 4, 3]
0.5294117647058824 0.7058823529411765
itercount --------> 14
[0, 1, 2]
[0, 1, 5]
[0, 1, 6]
[0, 1, 7]
[0, 1, 3]
[0, 1, 4]
[0, 1, 2, 5]
[0, 1, 2, 6]
[0, 1, 2, 7]
[0, 1, 2, 3]
[0, 1, 2, 4]
[0, 1, 2, 5, 6]
[0, 1, 2, 5, 7]
[0, 1, 2, 5, 3]
[0, 1, 2, 5, 4]
[0, 1, 2, 5, 6, 7]
[0, 1, 2, 5, 6, 3]
[0, 1, 2, 5, 6, 4]
[0, 1, 2, 5, 6, 7, 3]
[0, 1, 2, 5, 6, 7, 4]
[0, 1, 2, 5, 6, 7, 3, 4]
0.7058823529411765 0.7368421052631579
itercount --------> 15
[5, 6, 7]
[5, 6, 0]
[5, 6, 1]
[5, 6, 2]
[5, 6, 3]
[5, 6, 4]
[5, 6, 7, 0]
[5, 6, 7, 1]
[5, 6, 7, 2]
[5, 6, 7, 3]
[5, 6, 7, 4]
[5, 6, 7, 0, 1]
[5, 6, 7, 0, 2]
[5, 6, 7, 0, 3]
[5, 6, 7, 0, 4]
[5, 6, 7, 0, 1, 2]
[5, 6, 7, 0, 1, 3]
[5, 6, 7, 0, 1, 4]
[5, 6, 7, 0, 1, 2, 3]
[5, 6, 7, 0, 1, 2, 4]
[5, 6, 7, 0, 1, 2, 3, 4]
failed -> 21 times
after fail n ======> 8
[5, 6, 0, 1, 2, 4, 7, 3]
0.05405405405405406 0.08
itercount --------> 1
[6, 4, 1]
0.08 0.10526315789473684
itercount --------> 2
[6, 2, 4]
[6, 2, 7]
0.10526315789473684 0.125
itercount --------> 3
[6, 4, 2]
0.125 0.16666666666666666
itercount --------> 4
[6, 4, 3]
[6, 4, 7]
0.16666666666666666 0.17647058823529413
itercount --------> 5
[6, 4, 7]
0.17647058823529413 0.21052631578947367
itercount --------> 6
[6, 4, 0]
0.21052631578947367 0.2222222222222222
itercount --------> 7
[6, 4, 3]
[6, 4, 7]
[6, 4, 5]
0.2222222222222222 0.23529411764705882
itercount --------> 8
[6, 4, 3]
[6, 4, 7]
[6, 4, 5]
[6, 4, 0]
[6, 4, 1]
[6, 4, 2]
[6, 4, 3, 7]
0.23529411764705882 0.25
itercount --------> 9
[6, 0, 1]
[6, 0, 2]
[6, 0, 5]
[6, 0, 7]
[6, 0, 3]
[6, 0, 4]
[6, 0, 1, 2]
[6, 0, 1, 5]
[6, 0, 1, 7]
[6, 0, 1, 3]
[6, 0, 1, 4]
[6, 0, 1, 2, 5]
[6, 0, 1, 2, 7]
[6, 0, 1, 2, 3]
[6, 0, 1, 2, 4]
[6, 0, 1, 2, 5, 7]
[6, 0, 1, 2, 5, 3]
[6, 0, 1, 2, 5, 4]
[6, 0, 1, 2, 5, 7, 3]
[6, 0, 1, 2, 5, 7, 4]
[6, 0, 1, 2, 5, 7, 3, 4]
0.25 0.29411764705882354
itercount --------> 10
[6, 4, 7]
[6, 4, 3]
[6, 4, 5]
[6, 4, 0]
[6, 4, 1]
[6, 4, 2]
[6, 4, 7, 3]
[6, 4, 7, 5]
[6, 4, 7, 0]
[6, 4, 7, 1]
[6, 4, 7, 2]
[6, 4, 7, 3, 5]
[6, 4, 7, 3, 0]
[6, 4, 7, 3, 1]
[6, 4, 7, 3, 2]
[6, 4, 7, 3, 5, 0]
[6, 4, 7, 3, 5, 1]
[6, 4, 7, 3, 5, 2]
[6, 4, 7, 3, 5, 0, 1]
[6, 4, 7, 3, 5, 0, 2]
[6, 4, 7, 3, 5, 0, 1, 2]
failed -> 22 times
after fail n ======> 5
[5, 6, 0, 1, 2]
0.05405405405405406 0.08
itercount --------> 1
[6, 4, 0]
0.08 0.08695652173913043
itercount --------> 2
[6, 0, 4]
[6, 0, 2]
0.08695652173913043 0.09090909090909091
itercount --------> 3
[5, 2, 1]
[5, 2, 4]
[5, 2, 0]
0.09090909090909091 0.15384615384615385
itercount --------> 4
[2, 1, 0]
0.15384615384615385 0.2857142857142857
itercount --------> 5
[1, 0, 2]
0.2857142857142857 0.3
itercount --------> 6
[0, 4, 6]
0.3 0.375
itercount --------> 7
[0, 1, 2]
[0, 1, 4]
0.375 0.42857142857142855
itercount --------> 8
[0, 4, 5]
[0, 4, 6]
[0, 4, 7]
[0, 4, 2]
[0, 4, 3]
0.42857142857142855 0.6
itercount --------> 9
[0, 2, 1]
[0, 2, 5]
[0, 2, 6]
[0, 2, 7]
[0, 2, 3]
[0, 2, 4]
[0, 2, 1, 5]
0.6 0.631578947368421
itercount --------> 10
[0, 1, 2]
0.631578947368421 0.6666666666666666
itercount --------> 11
[0, 1, 2]
[0, 1, 5]
[0, 1, 6]
[0, 1, 7]
[0, 1, 3]
[0, 1, 4]
[0, 1, 2, 5]
[0, 1, 2, 6]
[0, 1, 2, 7]
0.6666666666666666 0.7058823529411765
itercount --------> 12
[0, 1, 2]
[0, 1, 5]
[0, 1, 6]
[0, 1, 7]
[0, 1, 3]
0.7058823529411765 0.75
itercount --------> 13
[0, 1, 2]
[0, 1, 5]
[0, 1, 6]
[0, 1, 7]
[0, 1, 3]
[0, 1, 4]
[0, 1, 2, 5]
[0, 1, 2, 6]
[0, 1, 2, 7]
[0, 1, 2, 3]
[0, 1, 2, 4]
[0, 1, 2, 5, 6]
[0, 1, 2, 5, 7]
[0, 1, 2, 5, 3]
[0, 1, 2, 5, 4]
[0, 1, 2, 5, 6, 7]
0.75 0.7777777777777778
itercount --------> 14
[5, 6, 7]
[5, 6, 3]
[5, 6, 4]
[5, 6, 0]
[5, 6, 1]
[5, 6, 2]
[5, 6, 7, 3]
[5, 6, 7, 4]
[5, 6, 7, 0]
[5, 6, 7, 1]
[5, 6, 7, 2]
[5, 6, 7, 3, 4]
[5, 6, 7, 3, 0]
[5, 6, 7, 3, 1]
[5, 6, 7, 3, 2]
[5, 6, 7, 3, 4, 0]
[5, 6, 7, 3, 4, 1]
[5, 6, 7, 3, 4, 2]
[5, 6, 7, 3, 4, 0, 1]
[5, 6, 7, 3, 4, 0, 2]
[5, 6, 7, 3, 4, 0, 1, 2]
failed -> 23 times
after fail n ======> 6
[5, 6, 0, 1, 2, 4]
0.05405405405405406 0.08
itercount --------> 1
[6, 4, 0]
0.08 0.10526315789473684
itercount --------> 2
[6, 2, 4]
0.10526315789473684 0.125
itercount --------> 3
[0, 1, 2]
[0, 1, 5]
[0, 1, 4]
[0, 1, 6]
[0, 1, 7]
0.125 0.15789473684210525
itercount --------> 4
[6, 4, 1]
[6, 4, 7]
[6, 4, 3]
[6, 4, 5]
[6, 4, 0]
[6, 4, 2]
[6, 4, 1, 7]
0.15789473684210525 0.17647058823529413
itercount --------> 5
[6, 4, 7]
[6, 4, 3]
[6, 4, 5]
0.17647058823529413 0.21739130434782608
itercount --------> 6
[6, 1, 5]
0.21739130434782608 0.25
itercount --------> 7
[6, 1, 4]
0.25 0.2631578947368421
itercount --------> 8
[6, 4, 3]
0.2631578947368421 0.2857142857142857
itercount --------> 9
[6, 1, 7]
0.2857142857142857 0.3157894736842105
itercount --------> 10
[6, 7, 3]
[6, 7, 4]
[6, 7, 5]
[6, 7, 0]
[6, 7, 1]
[6, 7, 2]
[6, 7, 3, 4]
[6, 7, 3, 5]
[6, 7, 3, 0]
[6, 7, 3, 1]
[6, 7, 3, 2]
[6, 7, 3, 4, 5]
[6, 7, 3, 4, 0]
[6, 7, 3, 4, 1]
[6, 7, 3, 4, 2]
[6, 7, 3, 4, 5, 0]
[6, 7, 3, 4, 5, 1]
[6, 7, 3, 4, 5, 2]
[6, 7, 3, 4, 5, 0, 1]
[6, 7, 3, 4, 5, 0, 2]
[6, 7, 3, 4, 5, 0, 1, 2]
failed -> 24 times
after fail n ======> 7
[5, 6, 0, 1, 2, 4, 7]
0.05405405405405406 0.08
itercount --------> 1
[6, 4, 0]
0.08 0.08695652173913043
itercount --------> 2
[6, 0, 4]
0.08695652173913043 0.09375
itercount --------> 3
[1, 5, 6]
0.09375 0.0975609756097561
itercount --------> 4
[1, 2, 5]
0.0975609756097561 0.15384615384615385
itercount --------> 5
[6, 5, 1]
0.15384615384615385 0.16666666666666666
itercount --------> 6
[5, 1, 2]
[5, 1, 6]
[5, 1, 7]
[5, 1, 4]
[5, 1, 3]
[5, 1, 0]
0.16666666666666666 0.17647058823529413
itercount --------> 7
[0, 1, 2]
[0, 1, 5]
[0, 1, 7]
[0, 1, 6]
0.17647058823529413 0.25
itercount --------> 8
[0, 7, 6]
0.25 0.2777777777777778
itercount --------> 9
[0, 1, 2]
[0, 1, 5]
[0, 1, 7]
0.2777777777777778 0.375
itercount --------> 10
[1, 2, 4]
[1, 2, 6]
[1, 2, 5]
0.375 0.47368421052631576
itercount --------> 11
[4, 6, 0]
[4, 6, 1]
[4, 6, 2]
[4, 6, 7]
[4, 6, 3]
[4, 6, 5]
[4, 6, 0, 1]
[4, 6, 0, 2]
[4, 6, 0, 7]
[4, 6, 0, 3]
[4, 6, 0, 5]
[4, 6, 0, 1, 2]
[4, 6, 0, 1, 7]
[4, 6, 0, 1, 3]
0.47368421052631576 0.5263157894736842
itercount --------> 12
[6, 4, 7]
[6, 4, 1]
[6, 4, 2]
[6, 4, 3]
[6, 4, 5]
[6, 4, 0]
[6, 4, 7, 1]
[6, 4, 7, 2]
[6, 4, 7, 3]
[6, 4, 7, 5]
[6, 4, 7, 0]
[6, 4, 7, 1, 2]
[6, 4, 7, 1, 3]
[6, 4, 7, 1, 5]
[6, 4, 7, 1, 0]
[6, 4, 7, 1, 2, 3]
[6, 4, 7, 1, 2, 5]
[6, 4, 7, 1, 2, 0]
0.5263157894736842 0.5555555555555556
itercount --------> 13
[6, 4, 7]
[6, 4, 3]
[6, 4, 5]
[6, 4, 0]
[6, 4, 1]
[6, 4, 2]
[6, 4, 7, 3]
[6, 4, 7, 5]
0.5555555555555556 0.5789473684210527
itercount --------> 14
[4, 5, 6]
0.5789473684210527 0.6666666666666666
itercount --------> 15
[5, 0, 1]
[5, 0, 2]
[5, 0, 6]
[5, 0, 7]
[5, 0, 3]
[5, 0, 4]
[5, 0, 1, 2]
[5, 0, 1, 6]
[5, 0, 1, 7]
[5, 0, 1, 3]
[5, 0, 1, 4]
0.6666666666666666 0.7368421052631579
itercount --------> 16
[5, 6, 7]
[5, 6, 0]
[5, 6, 1]
[5, 6, 2]
[5, 6, 3]
[5, 6, 4]
[5, 6, 7, 0]
[5, 6, 7, 1]
[5, 6, 7, 2]
[5, 6, 7, 3]
[5, 6, 7, 4]
[5, 6, 7, 0, 1]
[5, 6, 7, 0, 2]
0.7368421052631579 0.7777777777777778
itercount --------> 17
[5, 6, 7]
[5, 6, 3]
[5, 6, 4]
[5, 6, 0]
[5, 6, 1]
[5, 6, 2]
[5, 6, 7, 3]
[5, 6, 7, 4]
[5, 6, 7, 0]
[5, 6, 7, 1]
[5, 6, 7, 2]
[5, 6, 7, 3, 4]
[5, 6, 7, 3, 0]
[5, 6, 7, 3, 1]
[5, 6, 7, 3, 2]
[5, 6, 7, 3, 4, 0]
[5, 6, 7, 3, 4, 1]
[5, 6, 7, 3, 4, 2]
[5, 6, 7, 3, 4, 0, 1]
[5, 6, 7, 3, 4, 0, 2]
[5, 6, 7, 3, 4, 0, 1, 2]
failed -> 25 times
after fail n ======> 8
[5, 6, 0, 1, 2, 4, 7, 3]
0.05405405405405406 0.08
itercount --------> 1
[6, 4, 1]
0.08 0.10526315789473684
itercount --------> 2
[6, 2, 4]
0.10526315789473684 0.11764705882352941
itercount --------> 3
[5, 4, 7]
[5, 4, 6]
0.11764705882352941 0.21052631578947367
itercount --------> 4
[4, 5, 6]
[4, 5, 7]
[4, 5, 3]
[4, 5, 0]
[4, 5, 1]
0.21052631578947367 0.23529411764705882
itercount --------> 5
[0, 1, 2]
[0, 1, 5]
[0, 1, 4]
[0, 1, 6]
[0, 1, 7]
[0, 1, 3]
[0, 1, 2, 5]
[0, 1, 2, 4]
[0, 1, 2, 6]
0.23529411764705882 0.3157894736842105
itercount --------> 6
[4, 0, 6]
[4, 0, 7]
[4, 0, 5]
0.3157894736842105 0.35294117647058826
itercount --------> 7
[0, 1, 2]
[0, 1, 5]
[0, 1, 4]
[0, 1, 3]
[0, 1, 6]
[0, 1, 7]
[0, 1, 2, 5]
[0, 1, 2, 4]
[0, 1, 2, 3]
[0, 1, 2, 6]
[0, 1, 2, 7]
[0, 1, 2, 5, 4]
[0, 1, 2, 5, 3]
[0, 1, 2, 5, 6]
[0, 1, 2, 5, 7]
0.35294117647058826 0.375
itercount --------> 8
[0, 1, 2]
[0, 1, 4]
[0, 1, 5]
[0, 1, 7]
[0, 1, 6]
[0, 1, 3]
[0, 1, 2, 4]
[0, 1, 2, 5]
[0, 1, 2, 7]
[0, 1, 2, 6]
[0, 1, 2, 3]
[0, 1, 2, 4, 5]
[0, 1, 2, 4, 7]
[0, 1, 2, 4, 6]
[0, 1, 2, 4, 3]
[0, 1, 2, 4, 5, 7]
[0, 1, 2, 4, 5, 6]
[0, 1, 2, 4, 5, 3]
[0, 1, 2, 4, 5, 7, 6]
0.375 0.4117647058823529
itercount --------> 9
[4, 7, 3]
[4, 7, 6]
[4, 7, 5]
[4, 7, 0]
[4, 7, 1]
[4, 7, 2]
[4, 7, 3, 6]
[4, 7, 3, 5]
[4, 7, 3, 0]
[4, 7, 3, 1]
[4, 7, 3, 2]
[4, 7, 3, 6, 5]
[4, 7, 3, 6, 0]
[4, 7, 3, 6, 1]
[4, 7, 3, 6, 2]
[4, 7, 3, 6, 5, 0]
[4, 7, 3, 6, 5, 1]
[4, 7, 3, 6, 5, 2]
[4, 7, 3, 6, 5, 0, 1]
[4, 7, 3, 6, 5, 0, 2]
[4, 7, 3, 6, 5, 0, 1, 2]
failed -> 26 times
after fail n ======> 5
[5, 6, 0, 1, 2]
0.05405405405405406 0.08
itercount --------> 1
[6, 4, 0]
0.08 0.10526315789473684
itercount --------> 2
[6, 2, 4]
0.10526315789473684 0.11764705882352941
itercount --------> 3
[0, 1, 2]
[0, 1, 5]
[0, 1, 7]
0.11764705882352941 0.15
itercount --------> 4
[6, 4, 0]
[6, 4, 5]
0.15 0.16666666666666666
itercount --------> 5
[6, 5, 0]
[6, 5, 1]
[6, 5, 2]
0.16666666666666666 0.1724137931034483
itercount --------> 6
[6, 0, 2]
0.1724137931034483 0.25
itercount --------> 7
[6, 4, 3]
0.25 0.3157894736842105
itercount --------> 8
[6, 7, 3]
[6, 7, 4]
[6, 7, 5]
[6, 7, 0]
[6, 7, 1]
[6, 7, 2]
[6, 7, 3, 4]
[6, 7, 3, 5]
[6, 7, 3, 0]
[6, 7, 3, 1]
[6, 7, 3, 2]
[6, 7, 3, 4, 5]
[6, 7, 3, 4, 0]
[6, 7, 3, 4, 1]
[6, 7, 3, 4, 2]
0.3157894736842105 0.3333333333333333
itercount --------> 9
[6, 7, 3]
[6, 7, 4]
[6, 7, 5]
[6, 7, 0]
[6, 7, 1]
[6, 7, 2]
[6, 7, 3, 4]
[6, 7, 3, 5]
[6, 7, 3, 0]
[6, 7, 3, 1]
[6, 7, 3, 2]
[6, 7, 3, 4, 5]
[6, 7, 3, 4, 0]
[6, 7, 3, 4, 1]
[6, 7, 3, 4, 2]
[6, 7, 3, 4, 5, 0]
[6, 7, 3, 4, 5, 1]
[6, 7, 3, 4, 5, 2]
[6, 7, 3, 4, 5, 0, 1]
[6, 7, 3, 4, 5, 0, 2]
[6, 7, 3, 4, 5, 0, 1, 2]
failed -> 27 times
after fail n ======> 6
[5, 6, 0, 1, 2, 4]
0.05405405405405406 0.08
itercount --------> 1
[6, 4, 1]
0.08 0.10526315789473684
itercount --------> 2
[6, 2, 4]
0.10526315789473684 0.125
itercount --------> 3
[0, 1, 2]
[0, 1, 5]
[0, 1, 4]
[0, 1, 6]
[0, 1, 7]
0.125 0.15789473684210525
itercount --------> 4
[6, 4, 1]
[6, 4, 7]
[6, 4, 3]
[6, 4, 5]
0.15789473684210525 0.18421052631578946
itercount --------> 5
[5, 1, 4]
0.18421052631578946 0.23809523809523808
itercount --------> 6
[4, 6, 5]
[4, 6, 7]
[4, 6, 0]
0.23809523809523808 0.2777777777777778
itercount --------> 7
[4, 6, 7]
[4, 6, 3]
[4, 6, 5]
[4, 6, 0]
[4, 6, 1]
[4, 6, 2]
[4, 6, 7, 3]
0.2777777777777778 0.29411764705882354
itercount --------> 8
[4, 7, 6]
[4, 7, 3]
[4, 7, 5]
[4, 7, 0]
[4, 7, 1]
[4, 7, 2]
[4, 7, 6, 3]
0.29411764705882354 0.4117647058823529
itercount --------> 9
[4, 7, 3]
[4, 7, 6]
[4, 7, 5]
[4, 7, 0]
[4, 7, 1]
[4, 7, 2]
[4, 7, 3, 6]
[4, 7, 3, 5]
[4, 7, 3, 0]
[4, 7, 3, 1]
[4, 7, 3, 2]
[4, 7, 3, 6, 5]
[4, 7, 3, 6, 0]
[4, 7, 3, 6, 1]
[4, 7, 3, 6, 2]
[4, 7, 3, 6, 5, 0]
[4, 7, 3, 6, 5, 1]
[4, 7, 3, 6, 5, 2]
[4, 7, 3, 6, 5, 0, 1]
[4, 7, 3, 6, 5, 0, 2]
[4, 7, 3, 6, 5, 0, 1, 2]
failed -> 28 times
after fail n ======> 7
[5, 6, 0, 1, 2, 4, 7]
0.05405405405405406 0.06097560975609756
itercount --------> 1
[0, 1, 2]
0.06097560975609756 0.10869565217391304
itercount --------> 2
[5, 0, 1]
0.10869565217391304 0.17857142857142858
itercount --------> 3
[0, 6, 1]
0.17857142857142858 0.2631578947368421
itercount --------> 4
[0, 1, 2]
[0, 1, 5]
[0, 1, 6]
0.2631578947368421 0.2916666666666667
itercount --------> 5
[1, 0, 2]
[1, 0, 5]
0.2916666666666667 0.35
itercount --------> 6
[0, 1, 5]
[0, 1, 2]
[0, 1, 6]
[0, 1, 4]
0.35 0.3888888888888889
itercount --------> 7
[0, 1, 5]
[0, 1, 6]
[0, 1, 2]
0.3888888888888889 0.4117647058823529
itercount --------> 8
[0, 1, 2]
[0, 1, 5]
[0, 1, 4]
[0, 1, 6]
[0, 1, 7]
[0, 1, 3]
[0, 1, 2, 5]
[0, 1, 2, 4]
[0, 1, 2, 6]
[0, 1, 2, 7]
[0, 1, 2, 3]
[0, 1, 2, 5, 4]
[0, 1, 2, 5, 6]
[0, 1, 2, 5, 7]
[0, 1, 2, 5, 3]
[0, 1, 2, 5, 4, 6]
[0, 1, 2, 5, 4, 7]
[0, 1, 2, 5, 4, 3]
[0, 1, 2, 5, 4, 6, 7]
[0, 1, 2, 5, 4, 6, 3]
0.4117647058823529 0.47058823529411764
itercount --------> 9
[0, 1, 2]
[0, 1, 5]
[0, 1, 6]
[0, 1, 4]
[0, 1, 7]
[0, 1, 3]
0.47058823529411764 0.5
itercount --------> 10
[5, 0, 1]
[5, 0, 2]
[5, 0, 4]
[5, 0, 6]
[5, 0, 7]
0.5 0.5294117647058824
itercount --------> 11
[1, 5, 6]
[1, 5, 4]
[1, 5, 7]
[1, 5, 0]
0.5294117647058824 0.5625
itercount --------> 12
[5, 0, 1]
[5, 0, 2]
[5, 0, 4]
[5, 0, 6]
[5, 0, 7]
[5, 0, 3]
[5, 0, 1, 2]
[5, 0, 1, 4]
[5, 0, 1, 6]
[5, 0, 1, 7]
[5, 0, 1, 3]
[5, 0, 1, 2, 4]
[5, 0, 1, 2, 6]
[5, 0, 1, 2, 7]
[5, 0, 1, 2, 3]
[5, 0, 1, 2, 4, 6]
0.5625 0.6111111111111112
itercount --------> 13
[0, 1, 2]
[0, 1, 4]
[0, 1, 5]
[0, 1, 6]
[0, 1, 3]
[0, 1, 7]
[0, 1, 2, 4]
[0, 1, 2, 5]
0.6111111111111112 0.6470588235294118
itercount --------> 14
[0, 1, 2]
[0, 1, 5]
[0, 1, 4]
[0, 1, 6]
[0, 1, 3]
[0, 1, 7]
[0, 1, 2, 5]
[0, 1, 2, 4]
[0, 1, 2, 6]
[0, 1, 2, 3]
[0, 1, 2, 7]
[0, 1, 2, 5, 4]
[0, 1, 2, 5, 6]
[0, 1, 2, 5, 3]
[0, 1, 2, 5, 7]
[0, 1, 2, 5, 4, 6]
0.6470588235294118 0.6842105263157895
itercount --------> 15
[0, 1, 2]
[0, 1, 5]
[0, 1, 6]
[0, 1, 7]
[0, 1, 3]
[0, 1, 4]
[0, 1, 2, 5]
[0, 1, 2, 6]
[0, 1, 2, 7]
[0, 1, 2, 3]
[0, 1, 2, 4]
[0, 1, 2, 5, 6]
0.6842105263157895 0.7222222222222222
itercount --------> 16
[2, 0, 6]
[2, 0, 1]
[2, 0, 7]
[2, 0, 3]
[2, 0, 4]
[2, 0, 5]
[2, 0, 6, 1]
[2, 0, 6, 7]
[2, 0, 6, 3]
[2, 0, 6, 4]
[2, 0, 6, 5]
[2, 0, 6, 1, 7]
0.7222222222222222 0.7894736842105263
itercount --------> 17
[1, 2, 6]
[1, 2, 3]
[1, 2, 4]
[1, 2, 5]
[1, 2, 7]
[1, 2, 0]
[1, 2, 6, 3]
[1, 2, 6, 4]
[1, 2, 6, 5]
[1, 2, 6, 7]
[1, 2, 6, 0]
0.7894736842105263 0.8333333333333334
itercount --------> 18
[3, 4, 6]
[3, 4, 7]
[3, 4, 0]
[3, 4, 1]
[3, 4, 2]
[3, 4, 5]
[3, 4, 6, 7]
[3, 4, 6, 0]
[3, 4, 6, 1]
[3, 4, 6, 2]
[3, 4, 6, 5]
[3, 4, 6, 7, 0]
[3, 4, 6, 7, 1]
[3, 4, 6, 7, 2]
[3, 4, 6, 7, 5]
[3, 4, 6, 7, 0, 1]
[3, 4, 6, 7, 0, 2]
[3, 4, 6, 7, 0, 5]
[3, 4, 6, 7, 0, 1, 2]
[3, 4, 6, 7, 0, 1, 5]
[3, 4, 6, 7, 0, 1, 2, 5]
failed -> 29 times
after fail n ======> 8
[5, 6, 0, 1, 2, 4, 7, 3]
0.05405405405405406 0.08
itercount --------> 1
[6, 4, 0]
0.08 0.08695652173913043
itercount --------> 2
[6, 0, 4]
0.08695652173913043 0.10526315789473684
itercount --------> 3
[6, 1, 4]
0.10526315789473684 0.11764705882352941
itercount --------> 4
[1, 2, 5]
[1, 2, 6]
[1, 2, 7]
0.11764705882352941 0.16666666666666666
itercount --------> 5
[6, 4, 7]
0.16666666666666666 0.17647058823529413
itercount --------> 6
[6, 4, 7]
[6, 4, 3]
[6, 4, 5]
0.17647058823529413 0.19230769230769232
itercount --------> 7
[6, 0, 5]
0.19230769230769232 0.21739130434782608
itercount --------> 8
[6, 0, 5]
0.21739130434782608 0.22727272727272727
itercount --------> 9
[6, 4, 5]
0.22727272727272727 0.2777777777777778
itercount --------> 10
[6, 4, 3]
[6, 4, 7]
[6, 4, 5]
[6, 4, 1]
[6, 4, 2]
[6, 4, 0]
[6, 4, 3, 7]
0.2777777777777778 0.3157894736842105
itercount --------> 11
[6, 7, 3]
[6, 7, 4]
[6, 7, 5]
[6, 7, 1]
[6, 7, 2]
[6, 7, 0]
[6, 7, 3, 4]
[6, 7, 3, 5]
[6, 7, 3, 1]
[6, 7, 3, 2]
[6, 7, 3, 0]
[6, 7, 3, 4, 5]
[6, 7, 3, 4, 1]
[6, 7, 3, 4, 2]
0.3157894736842105 0.3333333333333333
itercount --------> 12
[6, 7, 3]
[6, 7, 4]
[6, 7, 5]
[6, 7, 0]
[6, 7, 1]
[6, 7, 2]
[6, 7, 3, 4]
[6, 7, 3, 5]
[6, 7, 3, 0]
[6, 7, 3, 1]
[6, 7, 3, 2]
[6, 7, 3, 4, 5]
[6, 7, 3, 4, 0]
[6, 7, 3, 4, 1]
[6, 7, 3, 4, 2]
[6, 7, 3, 4, 5, 0]
[6, 7, 3, 4, 5, 1]
[6, 7, 3, 4, 5, 2]
[6, 7, 3, 4, 5, 0, 1]
0.3333333333333333 0.35
itercount --------> 13
[6, 7, 4]
[6, 7, 0]
[6, 7, 3]
[6, 7, 5]
0.35 0.36363636363636365
itercount --------> 14
[6, 0, 4]
[6, 0, 5]
[6, 0, 7]
[6, 0, 1]
[6, 0, 3]
[6, 0, 2]
0.36363636363636365 0.42105263157894735
itercount --------> 15
[6, 4, 7]
[6, 4, 3]
[6, 4, 5]
[6, 4, 0]
[6, 4, 1]
[6, 4, 2]
[6, 4, 7, 3]
[6, 4, 7, 5]
[6, 4, 7, 0]
0.42105263157894735 0.47058823529411764
itercount --------> 16
[3, 5, 7]
[3, 5, 4]
[3, 5, 6]
[3, 5, 0]
[3, 5, 1]
0.47058823529411764 0.5
itercount --------> 17
[0, 1, 2]
[0, 1, 5]
[0, 1, 3]
[0, 1, 7]
[0, 1, 4]
[0, 1, 6]
[0, 1, 2, 5]
[0, 1, 2, 3]
[0, 1, 2, 7]
[0, 1, 2, 4]
[0, 1, 2, 6]
[0, 1, 2, 5, 3]
[0, 1, 2, 5, 7]
[0, 1, 2, 5, 4]
[0, 1, 2, 5, 6]
[0, 1, 2, 5, 3, 7]
[0, 1, 2, 5, 3, 4]
[0, 1, 2, 5, 3, 6]
0.5 0.5294117647058824
itercount --------> 18
[0, 1, 5]
[0, 1, 6]
[0, 1, 7]
[0, 1, 4]
[0, 1, 3]
[0, 1, 2]
[0, 1, 5, 6]
[0, 1, 5, 7]
[0, 1, 5, 4]
[0, 1, 5, 3]
[0, 1, 5, 2]
0.5294117647058824 0.5625
itercount --------> 19
[6, 0, 1]
[6, 0, 2]
[6, 0, 5]
[6, 0, 7]
0.5625 0.5882352941176471
itercount --------> 20
[1, 6, 4]
[1, 6, 5]
[1, 6, 3]
0.5882352941176471 0.6470588235294118
itercount --------> 21
[1, 4, 6]
0.6470588235294118 0.7
itercount --------> 22
[1, 5, 6]
0.7 0.7368421052631579
itercount --------> 23
[5, 6, 7]
[5, 6, 0]
0.7368421052631579 0.7777777777777778
itercount --------> 24
[5, 6, 7]
[5, 6, 3]
[5, 6, 4]
[5, 6, 0]
[5, 6, 1]
[5, 6, 2]
[5, 6, 7, 3]
[5, 6, 7, 4]
[5, 6, 7, 0]
[5, 6, 7, 1]
[5, 6, 7, 2]
[5, 6, 7, 3, 4]
[5, 6, 7, 3, 0]
[5, 6, 7, 3, 1]
[5, 6, 7, 3, 2]
[5, 6, 7, 3, 4, 0]
[5, 6, 7, 3, 4, 1]
[5, 6, 7, 3, 4, 2]
[5, 6, 7, 3, 4, 0, 1]
[5, 6, 7, 3, 4, 0, 2]
[5, 6, 7, 3, 4, 0, 1, 2]
failed -> 30 times
after fail n ======> 5
[5, 6, 0, 1, 2]
0.05405405405405406 0.06896551724137931
itercount --------> 1
[6, 4, 0]
0.06896551724137931 0.09302325581395349
itercount --------> 2
[4, 1, 2]
0.09302325581395349 0.14814814814814814
itercount --------> 3
[4, 2, 6]
0.14814814814814814 0.24
itercount --------> 4
[4, 0, 2]
0.24 0.3
itercount --------> 5
[0, 4, 2]
[0, 4, 5]
0.3 0.35294117647058826
itercount --------> 6
[4, 0, 2]
[4, 0, 5]
[4, 0, 1]
[4, 0, 6]
[4, 0, 7]
[4, 0, 3]
[4, 0, 2, 5]
[4, 0, 2, 1]
0.35294117647058826 0.375
itercount --------> 7
[0, 1, 2]
[0, 1, 4]
[0, 1, 5]
[0, 1, 7]
[0, 1, 6]
[0, 1, 3]
[0, 1, 2, 4]
[0, 1, 2, 5]
[0, 1, 2, 7]
[0, 1, 2, 6]
[0, 1, 2, 3]
[0, 1, 2, 4, 5]
[0, 1, 2, 4, 7]
[0, 1, 2, 4, 6]
[0, 1, 2, 4, 3]
[0, 1, 2, 4, 5, 7]
0.375 0.42857142857142855
itercount --------> 8
[5, 0, 2]
[5, 0, 4]
[5, 0, 6]
[5, 0, 7]
[5, 0, 3]
[5, 0, 1]
0.42857142857142855 0.4444444444444444
itercount --------> 9
[0, 2, 4]
[0, 2, 6]
[0, 2, 3]
[0, 2, 5]
[0, 2, 7]
[0, 2, 1]
[0, 2, 4, 6]
[0, 2, 4, 3]
[0, 2, 4, 5]
[0, 2, 4, 7]
[0, 2, 4, 1]
[0, 2, 4, 6, 3]
[0, 2, 4, 6, 5]
0.4444444444444444 0.5
itercount --------> 10
[0, 2, 4]
[0, 2, 3]
[0, 2, 7]
[0, 2, 5]
[0, 2, 6]
[0, 2, 1]
[0, 2, 4, 3]
0.5 0.631578947368421
itercount --------> 11
[0, 2, 6]
[0, 2, 7]
[0, 2, 1]
[0, 2, 5]
[0, 2, 4]
[0, 2, 3]
[0, 2, 6, 7]
[0, 2, 6, 1]
[0, 2, 6, 5]
[0, 2, 6, 4]
[0, 2, 6, 3]
[0, 2, 6, 7, 1]
0.631578947368421 0.6470588235294118
itercount --------> 12
[0, 2, 7]
[0, 2, 3]
[0, 2, 6]
[0, 2, 1]
[0, 2, 4]
[0, 2, 5]
[0, 2, 7, 3]
[0, 2, 7, 6]
[0, 2, 7, 1]
[0, 2, 7, 4]
[0, 2, 7, 5]
0.6470588235294118 0.6666666666666666
itercount --------> 13
[0, 7, 2]
[0, 7, 4]
[0, 7, 5]
[0, 7, 6]
[0, 7, 1]
[0, 7, 3]
[0, 7, 2, 4]
[0, 7, 2, 5]
[0, 7, 2, 6]
[0, 7, 2, 1]
[0, 7, 2, 3]
[0, 7, 2, 4, 5]
[0, 7, 2, 4, 6]
[0, 7, 2, 4, 1]
[0, 7, 2, 4, 3]
[0, 7, 2, 4, 5, 6]
[0, 7, 2, 4, 5, 1]
[0, 7, 2, 4, 5, 3]
[0, 7, 2, 4, 5, 6, 1]
[0, 7, 2, 4, 5, 6, 3]
[0, 7, 2, 4, 5, 6, 1, 3]
failed -> 31 times
after fail n ======> 6
[5, 6, 0, 1, 2, 4]
0.05405405405405406 0.08
itercount --------> 1
[6, 4, 1]
0.08 0.0851063829787234
itercount --------> 2
[1, 2, 0]
0.0851063829787234 0.13793103448275862
itercount --------> 3
[4, 1, 5]
0.13793103448275862 0.2
itercount --------> 4
[4, 5, 6]
[4, 5, 7]
0.2 0.20833333333333334
itercount --------> 5
[1, 4, 6]
[1, 4, 5]
[1, 4, 7]
0.20833333333333334 0.21739130434782608
itercount --------> 6
[4, 1, 6]
[4, 1, 7]
[4, 1, 5]
0.21739130434782608 0.25
itercount --------> 7
[4, 1, 6]
0.25 0.2631578947368421
itercount --------> 8
[4, 6, 1]
[4, 6, 7]
[4, 6, 5]
[4, 6, 3]
[4, 6, 0]
[4, 6, 2]
[4, 6, 1, 7]
0.2631578947368421 0.3333333333333333
itercount --------> 9
[0, 1, 2]
[0, 1, 4]
[0, 1, 5]
0.3333333333333333 0.35294117647058826
itercount --------> 10
[0, 1, 2]
[0, 1, 5]
[0, 1, 4]
[0, 1, 6]
[0, 1, 7]
[0, 1, 3]
[0, 1, 2, 5]
[0, 1, 2, 4]
0.35294117647058826 0.3684210526315789
itercount --------> 11
[1, 4, 6]
[1, 4, 7]
[1, 4, 0]
[1, 4, 2]
[1, 4, 5]
[1, 4, 3]
0.3684210526315789 0.4444444444444444
itercount --------> 12
[1, 4, 6]
[1, 4, 0]
[1, 4, 2]
0.4444444444444444 0.47058823529411764
itercount --------> 13
[0, 1, 2]
[0, 1, 5]
[0, 1, 6]
[0, 1, 4]
[0, 1, 7]
[0, 1, 3]
[0, 1, 2, 5]
0.47058823529411764 0.47368421052631576
itercount --------> 14
[5, 6, 4]
[5, 6, 7]
[5, 6, 0]
[5, 6, 1]
[5, 6, 2]
[5, 6, 3]
[5, 6, 4, 7]
0.47368421052631576 0.48
itercount --------> 15
[0, 1, 2]
[0, 1, 5]
0.48 0.55
itercount --------> 16
[0, 1, 2]
[0, 1, 5]
[0, 1, 4]
[0, 1, 6]
[0, 1, 7]
0.55 0.5789473684210527
itercount --------> 17
[4, 5, 0]
[4, 5, 1]
[4, 5, 2]
[4, 5, 6]
0.5789473684210527 0.6666666666666666
itercount --------> 18
[5, 0, 1]
[5, 0, 2]
[5, 0, 6]
[5, 0, 7]
[5, 0, 3]
[5, 0, 4]
[5, 0, 1, 2]
[5, 0, 1, 6]
[5, 0, 1, 7]
0.6666666666666666 0.7
itercount --------> 19
[1, 5, 0]
[1, 5, 2]
[1, 5, 6]
0.7 0.7368421052631579
itercount --------> 20
[5, 6, 7]
[5, 6, 0]
[5, 6, 1]
[5, 6, 2]
[5, 6, 3]
[5, 6, 4]
[5, 6, 7, 0]
[5, 6, 7, 1]
[5, 6, 7, 2]
[5, 6, 7, 3]
[5, 6, 7, 4]
[5, 6, 7, 0, 1]
[5, 6, 7, 0, 2]
[5, 6, 7, 0, 3]
[5, 6, 7, 0, 4]
[5, 6, 7, 0, 1, 2]
0.7368421052631579 0.7777777777777778
itercount --------> 21
[5, 6, 7]
[5, 6, 3]
[5, 6, 4]
[5, 6, 0]
[5, 6, 1]
[5, 6, 2]
[5, 6, 7, 3]
[5, 6, 7, 4]
[5, 6, 7, 0]
[5, 6, 7, 1]
[5, 6, 7, 2]
[5, 6, 7, 3, 4]
[5, 6, 7, 3, 0]
[5, 6, 7, 3, 1]
[5, 6, 7, 3, 2]
[5, 6, 7, 3, 4, 0]
[5, 6, 7, 3, 4, 1]
[5, 6, 7, 3, 4, 2]
[5, 6, 7, 3, 4, 0, 1]
[5, 6, 7, 3, 4, 0, 2]
[5, 6, 7, 3, 4, 0, 1, 2]
failed -> 32 times
after fail n ======> 7
[5, 6, 0, 1, 2, 4, 7]
0.05405405405405406 0.08
itercount --------> 1
[5, 0, 6]
0.08 0.11428571428571428
itercount --------> 2
[5, 0, 1]
[5, 0, 2]
0.11428571428571428 0.2222222222222222
itercount --------> 3
[0, 4, 1]
0.2222222222222222 0.3333333333333333
itercount --------> 4
[4, 5, 6]
[4, 5, 7]
[4, 5, 0]
[4, 5, 3]
[4, 5, 1]
0.3333333333333333 0.35294117647058826
itercount --------> 5
[4, 0, 5]
[4, 0, 6]
[4, 0, 7]
[4, 0, 1]
0.35294117647058826 0.375
itercount --------> 6
[0, 1, 2]
[0, 1, 4]
[0, 1, 5]
[0, 1, 7]
[0, 1, 6]
[0, 1, 3]
[0, 1, 2, 4]
[0, 1, 2, 5]
[0, 1, 2, 7]
[0, 1, 2, 6]
[0, 1, 2, 3]
[0, 1, 2, 4, 5]
[0, 1, 2, 4, 7]
0.375 0.38095238095238093
itercount --------> 7
[0, 5, 4]
[0, 5, 6]
[0, 5, 3]
[0, 5, 1]
[0, 5, 7]
0.38095238095238093 0.43478260869565216
itercount --------> 8
[5, 6, 1]
[5, 6, 3]
[5, 6, 4]
[5, 6, 0]
[5, 6, 2]
[5, 6, 7]
[5, 6, 1, 3]
[5, 6, 1, 4]
[5, 6, 1, 0]
[5, 6, 1, 2]
[5, 6, 1, 7]
[5, 6, 1, 3, 4]
[5, 6, 1, 3, 0]
[5, 6, 1, 3, 2]
0.43478260869565216 0.45454545454545453
itercount --------> 9
[5, 6, 3]
[5, 6, 4]
[5, 6, 1]
[5, 6, 7]
[5, 6, 0]
[5, 6, 2]
[5, 6, 3, 4]
[5, 6, 3, 1]
[5, 6, 3, 7]
[5, 6, 3, 0]
[5, 6, 3, 2]
[5, 6, 3, 4, 1]
[5, 6, 3, 4, 7]
[5, 6, 3, 4, 0]
[5, 6, 3, 4, 2]
0.45454545454545453 0.5454545454545454
itercount --------> 10
[5, 1, 0]
[5, 1, 6]
[5, 1, 3]
[5, 1, 4]
[5, 1, 7]
[5, 1, 2]
[5, 1, 0, 6]
[5, 1, 0, 3]
0.5454545454545454 0.6
itercount --------> 11
[1, 5, 0]
[1, 5, 6]
[1, 5, 7]
[1, 5, 3]
[1, 5, 4]
[1, 5, 2]
[1, 5, 0, 6]
[1, 5, 0, 7]
[1, 5, 0, 3]
[1, 5, 0, 4]
[1, 5, 0, 2]
0.6 0.631578947368421
itercount --------> 12
[5, 6, 7]
[5, 6, 1]
[5, 6, 3]
[5, 6, 4]
[5, 6, 0]
[5, 6, 2]
[5, 6, 7, 1]
[5, 6, 7, 3]
[5, 6, 7, 4]
[5, 6, 7, 0]
[5, 6, 7, 2]
[5, 6, 7, 1, 3]
[5, 6, 7, 1, 4]
0.631578947368421 0.65
itercount --------> 13
[5, 6, 7]
[5, 6, 3]
[5, 6, 4]
[5, 6, 1]
[5, 6, 0]
[5, 6, 2]
0.65 0.7
itercount --------> 14
[6, 5, 1]
[6, 5, 3]
[6, 5, 4]
[6, 5, 7]
[6, 5, 0]
[6, 5, 2]
[6, 5, 1, 3]
[6, 5, 1, 4]
[6, 5, 1, 7]
[6, 5, 1, 0]
[6, 5, 1, 2]
[6, 5, 1, 3, 4]
[6, 5, 1, 3, 7]
[6, 5, 1, 3, 0]
[6, 5, 1, 3, 2]
0.7 0.7777777777777778
itercount --------> 15
[5, 6, 7]
[5, 6, 3]
[5, 6, 4]
[5, 6, 0]
[5, 6, 1]
[5, 6, 2]
[5, 6, 7, 3]
[5, 6, 7, 4]
[5, 6, 7, 0]
[5, 6, 7, 1]
[5, 6, 7, 2]
[5, 6, 7, 3, 4]
[5, 6, 7, 3, 0]
[5, 6, 7, 3, 1]
[5, 6, 7, 3, 2]
[5, 6, 7, 3, 4, 0]
[5, 6, 7, 3, 4, 1]
[5, 6, 7, 3, 4, 2]
[5, 6, 7, 3, 4, 0, 1]
[5, 6, 7, 3, 4, 0, 2]
[5, 6, 7, 3, 4, 0, 1, 2]
failed -> 33 times
after fail n ======> 8
[5, 6, 0, 1, 2, 4, 7, 3]
0.05405405405405406 0.08
itercount --------> 1
[5, 1, 6]
0.08 0.16
itercount --------> 2
[4, 5, 6]
0.16 0.18181818181818182
itercount --------> 3
[5, 4, 0]
0.18181818181818182 0.21621621621621623
itercount --------> 4
[5, 0, 2]
[5, 0, 4]
0.21621621621621623 0.34615384615384615
itercount --------> 5
[5, 1, 4]
[5, 1, 0]
[5, 1, 2]
0.34615384615384615 0.391304347826087
itercount --------> 6
[5, 0, 1]
0.391304347826087 0.47368421052631576
itercount --------> 7
[0, 1, 2]
[0, 1, 5]
[0, 1, 3]
0.47368421052631576 0.5
itercount --------> 8
[5, 1, 4]
[5, 1, 3]
[5, 1, 6]
[5, 1, 7]
[5, 1, 0]
[5, 1, 2]
0.5 0.5294117647058824
itercount --------> 9
[0, 1, 2]
[0, 1, 3]
[0, 1, 5]
[0, 1, 4]
[0, 1, 6]
[0, 1, 7]
[0, 1, 2, 3]
[0, 1, 2, 5]
[0, 1, 2, 4]
[0, 1, 2, 6]
0.5294117647058824 0.5625
itercount --------> 10
[3, 5, 0]
[3, 5, 1]
[3, 5, 2]
[3, 5, 4]
[3, 5, 6]
[3, 5, 7]
[3, 5, 0, 1]
[3, 5, 0, 2]
[3, 5, 0, 4]
0.5625 0.7058823529411765
itercount --------> 11
[0, 1, 2]
[0, 1, 5]
[0, 1, 6]
[0, 1, 7]
[0, 1, 3]
[0, 1, 4]
[0, 1, 2, 5]
[0, 1, 2, 6]
[0, 1, 2, 7]
[0, 1, 2, 3]
[0, 1, 2, 4]
0.7058823529411765 0.75
itercount --------> 12
[0, 1, 2]
[0, 1, 5]
[0, 1, 6]
[0, 1, 7]
[0, 1, 3]
[0, 1, 4]
[0, 1, 2, 5]
[0, 1, 2, 6]
[0, 1, 2, 7]
[0, 1, 2, 3]
[0, 1, 2, 4]
[0, 1, 2, 5, 6]
[0, 1, 2, 5, 7]
[0, 1, 2, 5, 3]
[0, 1, 2, 5, 4]
[0, 1, 2, 5, 6, 7]
[0, 1, 2, 5, 6, 3]
[0, 1, 2, 5, 6, 4]
[0, 1, 2, 5, 6, 7, 3]
[0, 1, 2, 5, 6, 7, 4]
0.75 0.7777777777777778
itercount --------> 13
[5, 6, 7]
[5, 6, 3]
[5, 6, 4]
[5, 6, 0]
[5, 6, 1]
[5, 6, 2]
[5, 6, 7, 3]
[5, 6, 7, 4]
[5, 6, 7, 0]
[5, 6, 7, 1]
[5, 6, 7, 2]
[5, 6, 7, 3, 4]
[5, 6, 7, 3, 0]
[5, 6, 7, 3, 1]
[5, 6, 7, 3, 2]
[5, 6, 7, 3, 4, 0]
[5, 6, 7, 3, 4, 1]
[5, 6, 7, 3, 4, 2]
[5, 6, 7, 3, 4, 0, 1]
[5, 6, 7, 3, 4, 0, 2]
[5, 6, 7, 3, 4, 0, 1, 2]
failed -> 34 times
after fail n ======> 5
[5, 6, 0, 1, 2]
0.05405405405405406 0.08
itercount --------> 1
[6, 4, 0]
[6, 4, 2]
0.08 0.10526315789473684
itercount --------> 2
[6, 0, 4]
[6, 0, 7]
[6, 0, 5]
[6, 0, 1]
0.10526315789473684 0.125
itercount --------> 3
[0, 1, 2]
[0, 1, 5]
[0, 1, 4]
[0, 1, 6]
[0, 1, 7]
0.125 0.15789473684210525
itercount --------> 4
[6, 4, 0]
0.15789473684210525 0.17647058823529413
itercount --------> 5
[6, 4, 7]
[6, 4, 3]
[6, 4, 5]
0.17647058823529413 0.2
itercount --------> 6
[6, 4, 5]
[6, 4, 3]
[6, 4, 2]
0.2 0.25
itercount --------> 7
[6, 4, 3]
[6, 4, 5]
[6, 4, 0]
[6, 4, 7]
[6, 4, 1]
[6, 4, 2]
[6, 4, 3, 5]
0.25 0.2727272727272727
itercount --------> 8
[6, 4, 5]
[6, 4, 0]
[6, 4, 3]
[6, 4, 7]
[6, 4, 1]
[6, 4, 2]
[6, 4, 5, 0]
0.2727272727272727 0.3333333333333333
itercount --------> 9
[6, 7, 3]
[6, 7, 4]
[6, 7, 5]
[6, 7, 0]
[6, 7, 1]
[6, 7, 2]
[6, 7, 3, 4]
[6, 7, 3, 5]
[6, 7, 3, 0]
[6, 7, 3, 1]
[6, 7, 3, 2]
[6, 7, 3, 4, 5]
[6, 7, 3, 4, 0]
[6, 7, 3, 4, 1]
[6, 7, 3, 4, 2]
[6, 7, 3, 4, 5, 0]
[6, 7, 3, 4, 5, 1]
[6, 7, 3, 4, 5, 2]
[6, 7, 3, 4, 5, 0, 1]
[6, 7, 3, 4, 5, 0, 2]
[6, 7, 3, 4, 5, 0, 1, 2]
failed -> 35 times
after fail n ======> 6
[5, 6, 0, 1, 2, 4]
0.05405405405405406 0.057692307692307696
itercount --------> 1
[5, 0, 1]
0.057692307692307696 0.16
itercount --------> 2
[4, 2, 6]
0.16 0.2222222222222222
itercount --------> 3
[4, 5, 6]
0.2222222222222222 0.25
itercount --------> 4
[2, 5, 4]
0.25 0.3181818181818182
itercount --------> 5
[5, 2, 0]
0.3181818181818182 0.3888888888888889
itercount --------> 6
[0, 1, 2]
[0, 1, 5]
[0, 1, 4]
[0, 1, 6]
[0, 1, 7]
[0, 1, 3]
0.3888888888888889 0.4117647058823529
itercount --------> 7
[0, 1, 2]
[0, 1, 5]
[0, 1, 3]
[0, 1, 4]
[0, 1, 6]
[0, 1, 7]
[0, 1, 2, 5]
[0, 1, 2, 3]
[0, 1, 2, 4]
[0, 1, 2, 6]
[0, 1, 2, 7]
[0, 1, 2, 5, 3]
[0, 1, 2, 5, 4]
[0, 1, 2, 5, 6]
0.4117647058823529 0.4375
itercount --------> 8
[0, 1, 2]
[0, 1, 5]
[0, 1, 4]
[0, 1, 3]
[0, 1, 7]
[0, 1, 6]
[0, 1, 2, 5]
[0, 1, 2, 4]
[0, 1, 2, 3]
[0, 1, 2, 7]
[0, 1, 2, 6]
[0, 1, 2, 5, 4]
[0, 1, 2, 5, 3]
[0, 1, 2, 5, 7]
[0, 1, 2, 5, 6]
[0, 1, 2, 5, 4, 3]
0.4375 0.5
itercount --------> 9
[5, 0, 1]
[5, 0, 2]
[5, 0, 4]
[5, 0, 6]
[5, 0, 7]
[5, 0, 3]
[5, 0, 1, 2]
[5, 0, 1, 4]
[5, 0, 1, 6]
[5, 0, 1, 7]
[5, 0, 1, 3]
[5, 0, 1, 2, 4]
[5, 0, 1, 2, 6]
[5, 0, 1, 2, 7]
[5, 0, 1, 2, 3]
[5, 0, 1, 2, 4, 6]
0.5 0.5263157894736842
itercount --------> 10
[1, 5, 6]
[1, 5, 4]
[1, 5, 0]
[1, 5, 2]
0.5263157894736842 0.5555555555555556
itercount --------> 11
[0, 1, 2]
[0, 1, 5]
[0, 1, 6]
[0, 1, 3]
[0, 1, 4]
0.5555555555555556 0.5882352941176471
itercount --------> 12
[1, 5, 6]
[1, 5, 4]
[1, 5, 7]
[1, 5, 0]
[1, 5, 2]
[1, 5, 3]
[1, 5, 6, 4]
0.5882352941176471 0.7058823529411765
itercount --------> 13
[1, 5, 6]
[1, 5, 7]
[1, 5, 0]
[1, 5, 2]
[1, 5, 4]
[1, 5, 3]
[1, 5, 6, 7]
0.7058823529411765 0.7368421052631579
itercount --------> 14
[5, 0, 1]
[5, 0, 2]
[5, 0, 3]
[5, 0, 6]
[5, 0, 7]
[5, 0, 4]
[5, 0, 1, 2]
[5, 0, 1, 3]
[5, 0, 1, 6]
[5, 0, 1, 7]
0.7368421052631579 0.7777777777777778
itercount --------> 15
[5, 6, 7]
[5, 6, 3]
[5, 6, 4]
[5, 6, 0]
[5, 6, 1]
[5, 6, 2]
[5, 6, 7, 3]
[5, 6, 7, 4]
[5, 6, 7, 0]
[5, 6, 7, 1]
[5, 6, 7, 2]
[5, 6, 7, 3, 4]
[5, 6, 7, 3, 0]
[5, 6, 7, 3, 1]
[5, 6, 7, 3, 2]
[5, 6, 7, 3, 4, 0]
[5, 6, 7, 3, 4, 1]
[5, 6, 7, 3, 4, 2]
[5, 6, 7, 3, 4, 0, 1]
[5, 6, 7, 3, 4, 0, 2]
[5, 6, 7, 3, 4, 0, 1, 2]
failed -> 36 times
after fail n ======> 7
[5, 6, 0, 1, 2, 4, 7]
0.05405405405405406 0.08
itercount --------> 1
[6, 4, 1]
0.08 0.10526315789473684
itercount --------> 2
[6, 2, 4]
0.10526315789473684 0.125
itercount --------> 3
[0, 1, 2]
[0, 1, 5]
[0, 1, 4]
[0, 1, 6]
[0, 1, 7]
0.125 0.15789473684210525
itercount --------> 4
[6, 4, 0]
0.15789473684210525 0.17647058823529413
itercount --------> 5
[6, 4, 7]
[6, 4, 3]
[6, 4, 5]
0.17647058823529413 0.2631578947368421
itercount --------> 6
[6, 4, 5]
[6, 4, 3]
0.2631578947368421 0.2727272727272727
itercount --------> 7
[6, 5, 7]
[6, 5, 3]
[6, 5, 4]
[6, 5, 0]
[6, 5, 1]
0.2727272727272727 0.3333333333333333
itercount --------> 8
[6, 7, 3]
[6, 7, 4]
[6, 7, 5]
[6, 7, 0]
[6, 7, 1]
[6, 7, 2]
[6, 7, 3, 4]
[6, 7, 3, 5]
[6, 7, 3, 0]
[6, 7, 3, 1]
[6, 7, 3, 2]
[6, 7, 3, 4, 5]
[6, 7, 3, 4, 0]
[6, 7, 3, 4, 1]
[6, 7, 3, 4, 2]
[6, 7, 3, 4, 5, 0]
[6, 7, 3, 4, 5, 1]
[6, 7, 3, 4, 5, 2]
[6, 7, 3, 4, 5, 0, 1]
[6, 7, 3, 4, 5, 0, 2]
[6, 7, 3, 4, 5, 0, 1, 2]
failed -> 37 times
after fail n ======> 8
[5, 6, 0, 1, 2, 4, 7, 3]
0.05405405405405406 0.10869565217391304
itercount --------> 1
[1, 2, 0]
0.10869565217391304 0.17857142857142858
itercount --------> 2
[0, 5, 1]
0.17857142857142858 0.2631578947368421
itercount --------> 3
[0, 1, 2]
[0, 1, 5]
[0, 1, 6]
0.2631578947368421 0.2777777777777778
itercount --------> 4
[5, 0, 1]
[5, 0, 2]
[5, 0, 4]
[5, 0, 6]
0.2777777777777778 0.3684210526315789
itercount --------> 5
[0, 5, 4]
0.3684210526315789 0.4117647058823529
itercount --------> 6
[0, 5, 6]
[0, 5, 4]
[0, 5, 7]
[0, 5, 3]
[0, 5, 1]
[0, 5, 2]
0.4117647058823529 0.4375
itercount --------> 7
[0, 1, 2]
[0, 1, 5]
[0, 1, 4]
[0, 1, 3]
[0, 1, 7]
[0, 1, 6]
[0, 1, 2, 5]
[0, 1, 2, 4]
[0, 1, 2, 3]
[0, 1, 2, 7]
[0, 1, 2, 6]
[0, 1, 2, 5, 4]
[0, 1, 2, 5, 3]
[0, 1, 2, 5, 7]
[0, 1, 2, 5, 6]
[0, 1, 2, 5, 4, 3]
0.4375 0.47058823529411764
itercount --------> 8
[0, 1, 2]
[0, 1, 5]
[0, 1, 4]
[0, 1, 6]
[0, 1, 7]
[0, 1, 3]
0.47058823529411764 0.5
itercount --------> 9
[5, 0, 1]
[5, 0, 2]
[5, 0, 4]
[5, 0, 6]
[5, 0, 7]
[5, 0, 3]
[5, 0, 1, 2]
[5, 0, 1, 4]
[5, 0, 1, 6]
[5, 0, 1, 7]
[5, 0, 1, 3]
[5, 0, 1, 2, 4]
[5, 0, 1, 2, 6]
[5, 0, 1, 2, 7]
[5, 0, 1, 2, 3]
[5, 0, 1, 2, 4, 6]
0.5 0.5263157894736842
itercount --------> 10
[2, 6, 4]
0.5263157894736842 0.631578947368421
itercount --------> 11
[2, 5, 6]
0.631578947368421 0.6666666666666666
itercount --------> 12
[0, 5, 7]
[0, 5, 6]
[0, 5, 2]
0.6666666666666666 0.7058823529411765
itercount --------> 13
[0, 2, 5]
[0, 2, 6]
[0, 2, 7]
[0, 2, 1]
[0, 2, 4]
[0, 2, 3]
[0, 2, 5, 6]
0.7058823529411765 0.75
itercount --------> 14
[0, 1, 2]
[0, 1, 5]
[0, 1, 6]
[0, 1, 7]
[0, 1, 3]
[0, 1, 4]
[0, 1, 2, 5]
[0, 1, 2, 6]
[0, 1, 2, 7]
[0, 1, 2, 3]
[0, 1, 2, 4]
[0, 1, 2, 5, 6]
[0, 1, 2, 5, 7]
[0, 1, 2, 5, 3]
[0, 1, 2, 5, 4]
[0, 1, 2, 5, 6, 7]
[0, 1, 2, 5, 6, 3]
[0, 1, 2, 5, 6, 4]
[0, 1, 2, 5, 6, 7, 3]
0.75 0.7777777777777778
itercount --------> 15
[5, 6, 7]
[5, 6, 3]
[5, 6, 4]
[5, 6, 0]
[5, 6, 1]
[5, 6, 2]
[5, 6, 7, 3]
[5, 6, 7, 4]
[5, 6, 7, 0]
[5, 6, 7, 1]
[5, 6, 7, 2]
[5, 6, 7, 3, 4]
[5, 6, 7, 3, 0]
[5, 6, 7, 3, 1]
[5, 6, 7, 3, 2]
[5, 6, 7, 3, 4, 0]
[5, 6, 7, 3, 4, 1]
[5, 6, 7, 3, 4, 2]
[5, 6, 7, 3, 4, 0, 1]
[5, 6, 7, 3, 4, 0, 2]
[5, 6, 7, 3, 4, 0, 1, 2]
failed -> 38 times
after fail n ======> 5
[5, 6, 0, 1, 2]
0.05405405405405406 0.08
itercount --------> 1
[5, 2, 6]
0.08 0.11428571428571428
itercount --------> 2
[5, 2, 0]
0.11428571428571428 0.16
itercount --------> 3
[2, 4, 6]
0.16 0.26666666666666666
itercount --------> 4
[5, 2, 6]
0.26666666666666666 0.3181818181818182
itercount --------> 5
[5, 6, 0]
[5, 6, 1]
0.3181818181818182 0.3333333333333333
itercount --------> 6
[0, 1, 5]
[0, 1, 4]
[0, 1, 2]
0.3333333333333333 0.3888888888888889
itercount --------> 7
[0, 1, 2]
[0, 1, 5]
[0, 1, 4]
0.3888888888888889 0.4375
itercount --------> 8
[0, 1, 2]
[0, 1, 5]
[0, 1, 4]
[0, 1, 3]
[0, 1, 7]
[0, 1, 6]
[0, 1, 2, 5]
[0, 1, 2, 4]
[0, 1, 2, 3]
[0, 1, 2, 7]
[0, 1, 2, 6]
[0, 1, 2, 5, 4]
[0, 1, 2, 5, 3]
[0, 1, 2, 5, 7]
[0, 1, 2, 5, 6]
[0, 1, 2, 5, 4, 3]
0.4375 0.5
itercount --------> 9
[5, 0, 1]
[5, 0, 2]
[5, 0, 4]
[5, 0, 6]
[5, 0, 7]
[5, 0, 3]
[5, 0, 1, 2]
[5, 0, 1, 4]
[5, 0, 1, 6]
[5, 0, 1, 7]
[5, 0, 1, 3]
[5, 0, 1, 2, 4]
[5, 0, 1, 2, 6]
[5, 0, 1, 2, 7]
[5, 0, 1, 2, 3]
[5, 0, 1, 2, 4, 6]
0.5 0.5882352941176471
itercount --------> 10
[0, 1, 2]
[0, 1, 5]
[0, 1, 6]
[0, 1, 4]
[0, 1, 3]
[0, 1, 7]
[0, 1, 2, 5]
[0, 1, 2, 6]
[0, 1, 2, 4]
[0, 1, 2, 3]
[0, 1, 2, 7]
0.5882352941176471 0.625
itercount --------> 11
[6, 0, 1]
[6, 0, 2]
[6, 0, 5]
[6, 0, 4]
[6, 0, 7]
0.625 0.6470588235294118
itercount --------> 12
[4, 6, 7]
[4, 6, 5]
0.6470588235294118 0.7368421052631579
itercount --------> 13
[5, 0, 1]
[5, 0, 2]
[5, 0, 6]
[5, 0, 7]
[5, 0, 3]
[5, 0, 4]
[5, 0, 1, 2]
[5, 0, 1, 6]
[5, 0, 1, 7]
[5, 0, 1, 3]
[5, 0, 1, 4]
[5, 0, 1, 2, 6]
[5, 0, 1, 2, 7]
[5, 0, 1, 2, 3]
[5, 0, 1, 2, 4]
[5, 0, 1, 2, 6, 7]
0.7368421052631579 0.7777777777777778
itercount --------> 14
[5, 6, 7]
[5, 6, 3]
[5, 6, 4]
[5, 6, 0]
[5, 6, 1]
[5, 6, 2]
[5, 6, 7, 3]
[5, 6, 7, 4]
[5, 6, 7, 0]
[5, 6, 7, 1]
[5, 6, 7, 2]
[5, 6, 7, 3, 4]
[5, 6, 7, 3, 0]
[5, 6, 7, 3, 1]
[5, 6, 7, 3, 2]
[5, 6, 7, 3, 4, 0]
[5, 6, 7, 3, 4, 1]
[5, 6, 7, 3, 4, 2]
[5, 6, 7, 3, 4, 0, 1]
[5, 6, 7, 3, 4, 0, 2]
[5, 6, 7, 3, 4, 0, 1, 2]
failed -> 39 times
after fail n ======> 6
[5, 6, 0, 1, 2, 4]
0.05405405405405406 0.10526315789473684
itercount --------> 1
[6, 0, 4]
[6, 0, 7]
0.10526315789473684 0.125
itercount --------> 2
[6, 4, 0]
0.125 0.175
itercount --------> 3
[0, 2, 1]
0.175 0.21875
itercount --------> 4
[0, 1, 2]
0.21875 0.2916666666666667
itercount --------> 5
[4, 1, 0]
[4, 1, 2]
0.2916666666666667 0.4090909090909091
itercount --------> 6
[1, 4, 5]
[1, 4, 0]
[1, 4, 2]
[1, 4, 6]
[1, 4, 3]
0.4090909090909091 0.55
itercount --------> 7
[6, 5, 4]
[6, 5, 7]
[6, 5, 3]
[6, 5, 0]
[6, 5, 1]
[6, 5, 2]
[6, 5, 4, 7]
[6, 5, 4, 3]
[6, 5, 4, 0]
[6, 5, 4, 1]
[6, 5, 4, 2]
[6, 5, 4, 7, 3]
[6, 5, 4, 7, 0]
[6, 5, 4, 7, 1]
[6, 5, 4, 7, 2]
[6, 5, 4, 7, 3, 0]
[6, 5, 4, 7, 3, 1]
[6, 5, 4, 7, 3, 2]
[6, 5, 4, 7, 3, 0, 1]
0.55 0.5714285714285714
itercount --------> 8
[6, 4, 3]
[6, 4, 5]
[6, 4, 7]
[6, 4, 0]
[6, 4, 1]
[6, 4, 2]
[6, 4, 3, 5]
[6, 4, 3, 7]
[6, 4, 3, 0]
[6, 4, 3, 1]
[6, 4, 3, 2]
[6, 4, 3, 5, 7]
[6, 4, 3, 5, 0]
0.5714285714285714 0.6111111111111112
itercount --------> 9
[6, 4, 7]
[6, 4, 3]
[6, 4, 5]
[6, 4, 0]
[6, 4, 1]
[6, 4, 2]
[6, 4, 7, 3]
[6, 4, 7, 5]
[6, 4, 7, 0]
[6, 4, 7, 1]
[6, 4, 7, 2]
[6, 4, 7, 3, 5]
[6, 4, 7, 3, 0]
[6, 4, 7, 3, 1]
[6, 4, 7, 3, 2]
[6, 4, 7, 3, 5, 0]
[6, 4, 7, 3, 5, 1]
[6, 4, 7, 3, 5, 2]
0.6111111111111112 0.631578947368421
itercount --------> 10
[4, 6, 5]
[4, 6, 0]
[4, 6, 2]
0.631578947368421 0.6818181818181818
itercount --------> 11
[0, 2, 5]
[0, 2, 1]
[0, 2, 4]
[0, 2, 6]
0.6818181818181818 0.7142857142857143
itercount --------> 12
[0, 5, 4]
[0, 5, 6]
[0, 5, 3]
[0, 5, 7]
[0, 5, 1]
0.7142857142857143 0.7894736842105263
itercount --------> 13
[4, 3, 5]
[4, 3, 6]
[4, 3, 7]
[4, 3, 0]
[4, 3, 1]
[4, 3, 2]
[4, 3, 5, 6]
[4, 3, 5, 7]
[4, 3, 5, 0]
[4, 3, 5, 1]
[4, 3, 5, 2]
[4, 3, 5, 6, 7]
[4, 3, 5, 6, 0]
0.7894736842105263 0.8333333333333334
itercount --------> 14
[3, 4, 6]
[3, 4, 7]
[3, 4, 0]
[3, 4, 1]
[3, 4, 2]
[3, 4, 5]
[3, 4, 6, 7]
[3, 4, 6, 0]
[3, 4, 6, 1]
[3, 4, 6, 2]
[3, 4, 6, 5]
[3, 4, 6, 7, 0]
[3, 4, 6, 7, 1]
[3, 4, 6, 7, 2]
[3, 4, 6, 7, 5]
[3, 4, 6, 7, 0, 1]
[3, 4, 6, 7, 0, 2]
[3, 4, 6, 7, 0, 5]
[3, 4, 6, 7, 0, 1, 2]
[3, 4, 6, 7, 0, 1, 5]
[3, 4, 6, 7, 0, 1, 2, 5]
failed -> 40 times
after fail n ======> 7
[5, 6, 0, 1, 2, 4, 7]
0.05405405405405406 0.057692307692307696
itercount --------> 1
[0, 1, 2]
0.057692307692307696 0.13636363636363635
itercount --------> 2
[6, 4, 7]
[6, 4, 3]
0.13636363636363635 0.14814814814814814
itercount --------> 3
[5, 6, 0]
0.14814814814814814 0.16666666666666666
itercount --------> 4
[0, 5, 1]
0.16666666666666666 0.25
itercount --------> 5
[0, 6, 5]
0.25 0.2916666666666667
itercount --------> 6
[0, 6, 4]
[0, 6, 3]
[0, 6, 7]
[0, 6, 1]
[0, 6, 2]
0.2916666666666667 0.30434782608695654
itercount --------> 7
[0, 2, 6]
[0, 2, 4]
0.30434782608695654 0.3181818181818182
itercount --------> 8
[2, 4, 6]
0.3181818181818182 0.3333333333333333
itercount --------> 9
[4, 2, 6]
[4, 2, 7]
[4, 2, 3]
[4, 2, 5]
0.3333333333333333 0.4090909090909091
itercount --------> 10
[5, 4, 3]
0.4090909090909091 0.43478260869565216
itercount --------> 11
[3, 5, 0]
0.43478260869565216 0.5
itercount --------> 12
[3, 0, 1]
0.5 0.5263157894736842
itercount --------> 13
[3, 5, 0]
[3, 5, 1]
[3, 5, 2]
[3, 5, 4]
[3, 5, 7]
[3, 5, 6]
[3, 5, 0, 1]
[3, 5, 0, 2]
[3, 5, 0, 4]
0.5263157894736842 0.7
itercount --------> 14
[5, 0, 1]
[5, 0, 2]
[5, 0, 6]
[5, 0, 7]
[5, 0, 3]
[5, 0, 4]
[5, 0, 1, 2]
[5, 0, 1, 6]
0.7 0.7368421052631579
itercount --------> 15
[5, 6, 0]
[5, 6, 1]
[5, 6, 2]
[5, 6, 7]
[5, 6, 3]
[5, 6, 4]
[5, 6, 0, 1]
[5, 6, 0, 2]
[5, 6, 0, 7]
[5, 6, 0, 3]
[5, 6, 0, 4]
[5, 6, 0, 1, 2]
[5, 6, 0, 1, 7]
[5, 6, 0, 1, 3]
[5, 6, 0, 1, 4]
[5, 6, 0, 1, 2, 7]
[5, 6, 0, 1, 2, 3]
[5, 6, 0, 1, 2, 4]
[5, 6, 0, 1, 2, 7, 3]
[5, 6, 0, 1, 2, 7, 4]
[5, 6, 0, 1, 2, 7, 3, 4]
failed -> 41 times
after fail n ======> 8
[5, 6, 0, 1, 2, 4, 7, 3]
0.05405405405405406 0.08
itercount --------> 1
[5, 6, 1]
0.08 0.08695652173913043
itercount --------> 2
[1, 5, 6]
[1, 5, 4]
[1, 5, 3]
[1, 5, 7]
[1, 5, 0]
[1, 5, 2]
0.08695652173913043 0.1111111111111111
itercount --------> 3
[6, 0, 1]
0.1111111111111111 0.2222222222222222
itercount --------> 4
[0, 1, 2]
[0, 1, 4]
0.2222222222222222 0.2727272727272727
itercount --------> 5
[1, 3, 4]
[1, 3, 6]
0.2727272727272727 0.3
itercount --------> 6
[1, 3, 7]
0.3 0.55
itercount --------> 7
[1, 7, 0]
[1, 7, 2]
0.55 0.5789473684210527
itercount --------> 8
[0, 1, 7]
[0, 1, 2]
[0, 1, 4]
[0, 1, 5]
[0, 1, 6]
[0, 1, 3]
[0, 1, 7, 2]
[0, 1, 7, 4]
[0, 1, 7, 5]
0.5789473684210527 0.6111111111111112
itercount --------> 9
[0, 1, 2]
[0, 1, 5]
[0, 1, 7]
[0, 1, 6]
[0, 1, 4]
[0, 1, 3]
[0, 1, 2, 5]
[0, 1, 2, 7]
[0, 1, 2, 6]
[0, 1, 2, 4]
[0, 1, 2, 3]
0.6111111111111112 0.6875
itercount --------> 10
[0, 1, 2]
[0, 1, 5]
[0, 1, 6]
[0, 1, 7]
[0, 1, 3]
[0, 1, 4]
[0, 1, 2, 5]
[0, 1, 2, 6]
[0, 1, 2, 7]
[0, 1, 2, 3]
[0, 1, 2, 4]
[0, 1, 2, 5, 6]
[0, 1, 2, 5, 7]
[0, 1, 2, 5, 3]
[0, 1, 2, 5, 4]
[0, 1, 2, 5, 6, 7]
0.6875 0.7368421052631579
itercount --------> 11
[5, 0, 1]
[5, 0, 2]
[5, 0, 3]
[5, 0, 6]
[5, 0, 7]
[5, 0, 4]
[5, 0, 1, 2]
[5, 0, 1, 3]
[5, 0, 1, 6]
[5, 0, 1, 7]
0.7368421052631579 0.7777777777777778
itercount --------> 12
[5, 6, 7]
[5, 6, 3]
[5, 6, 4]
[5, 6, 0]
[5, 6, 1]
[5, 6, 2]
[5, 6, 7, 3]
[5, 6, 7, 4]
[5, 6, 7, 0]
[5, 6, 7, 1]
[5, 6, 7, 2]
[5, 6, 7, 3, 4]
[5, 6, 7, 3, 0]
[5, 6, 7, 3, 1]
[5, 6, 7, 3, 2]
[5, 6, 7, 3, 4, 0]
[5, 6, 7, 3, 4, 1]
[5, 6, 7, 3, 4, 2]
[5, 6, 7, 3, 4, 0, 1]
[5, 6, 7, 3, 4, 0, 2]
[5, 6, 7, 3, 4, 0, 1, 2]
failed -> 42 times
after fail n ======> 5
[5, 6, 0, 1, 2]
0.05405405405405406 0.06896551724137931
itercount --------> 1
[6, 4, 2]
0.06896551724137931 0.09302325581395349
itercount --------> 2
[4, 0, 1]
[4, 0, 2]
0.09302325581395349 0.14814814814814814
itercount --------> 3
[1, 4, 6]
[1, 4, 7]
[1, 4, 0]
0.14814814814814814 0.21052631578947367
itercount --------> 4
[0, 1, 2]
[0, 1, 5]
[0, 1, 4]
[0, 1, 6]
0.21052631578947367 0.2857142857142857
itercount --------> 5
[4, 1, 5]
0.2857142857142857 0.34615384615384615
itercount --------> 6
[5, 1, 4]
0.34615384615384615 0.45
itercount --------> 7
[5, 1, 4]
[5, 1, 0]
0.45 0.47368421052631576
itercount --------> 8
[0, 1, 2]
[0, 1, 5]
[0, 1, 3]
0.47368421052631576 0.5
itercount --------> 9
[1, 4, 3]
0.5 0.631578947368421
itercount --------> 10
[0, 1, 2]
[0, 1, 5]
[0, 1, 6]
[0, 1, 7]
[0, 1, 3]
[0, 1, 4]
[0, 1, 2, 5]
[0, 1, 2, 6]
[0, 1, 2, 7]
[0, 1, 2, 3]
[0, 1, 2, 4]
[0, 1, 2, 5, 6]
0.631578947368421 0.7058823529411765
itercount --------> 11
[0, 1, 2]
[0, 1, 5]
[0, 1, 6]
[0, 1, 7]
[0, 1, 3]
[0, 1, 4]
[0, 1, 2, 5]
[0, 1, 2, 6]
[0, 1, 2, 7]
[0, 1, 2, 3]
[0, 1, 2, 4]
[0, 1, 2, 5, 6]
[0, 1, 2, 5, 7]
[0, 1, 2, 5, 3]
[0, 1, 2, 5, 4]
[0, 1, 2, 5, 6, 7]
[0, 1, 2, 5, 6, 3]
[0, 1, 2, 5, 6, 4]
[0, 1, 2, 5, 6, 7, 3]
0.7058823529411765 0.7368421052631579
itercount --------> 12
[5, 6, 7]
[5, 6, 0]
[5, 6, 1]
[5, 6, 2]
[5, 6, 3]
[5, 6, 4]
[5, 6, 7, 0]
[5, 6, 7, 1]
[5, 6, 7, 2]
[5, 6, 7, 3]
[5, 6, 7, 4]
[5, 6, 7, 0, 1]
[5, 6, 7, 0, 2]
[5, 6, 7, 0, 3]
[5, 6, 7, 0, 4]
[5, 6, 7, 0, 1, 2]
[5, 6, 7, 0, 1, 3]
[5, 6, 7, 0, 1, 4]
[5, 6, 7, 0, 1, 2, 3]
[5, 6, 7, 0, 1, 2, 4]
[5, 6, 7, 0, 1, 2, 3, 4]
failed -> 43 times
after fail n ======> 6
[5, 6, 0, 1, 2, 4]
0.05405405405405406 0.06451612903225806
itercount --------> 1
[5, 0, 2]
0.06451612903225806 0.08695652173913043
itercount --------> 2
[5, 7, 0]
[5, 7, 4]
0.08695652173913043 0.13793103448275862
itercount --------> 3
[6, 0, 5]
0.13793103448275862 0.15384615384615385
itercount --------> 4
[0, 6, 5]
0.15384615384615385 0.19642857142857142
itercount --------> 5
[0, 5, 1]
[0, 5, 6]
[0, 5, 2]
0.19642857142857142 0.2894736842105263
itercount --------> 6
[5, 0, 1]
0.2894736842105263 0.4166666666666667
itercount --------> 7
[0, 3, 5]
0.4166666666666667 0.5
itercount --------> 8
[3, 4, 6]
[3, 4, 0]
[3, 4, 1]
[3, 4, 2]
0.5 0.6363636363636364
itercount --------> 9
[0, 1, 5]
[0, 1, 2]
0.6363636363636364 0.6666666666666666
itercount --------> 10
[5, 0, 1]
[5, 0, 2]
[5, 0, 6]
[5, 0, 7]
0.6666666666666666 0.7
itercount --------> 11
[5, 0, 1]
[5, 0, 2]
[5, 0, 6]
[5, 0, 7]
[5, 0, 3]
[5, 0, 4]
0.7 0.7368421052631579
itercount --------> 12
[5, 0, 1]
[5, 0, 2]
[5, 0, 6]
[5, 0, 7]
[5, 0, 3]
[5, 0, 4]
[5, 0, 1, 2]
[5, 0, 1, 6]
[5, 0, 1, 7]
[5, 0, 1, 3]
[5, 0, 1, 4]
[5, 0, 1, 2, 6]
0.7368421052631579 0.7777777777777778
itercount --------> 13
[5, 6, 7]
[5, 6, 3]
[5, 6, 4]
[5, 6, 0]
[5, 6, 1]
[5, 6, 2]
[5, 6, 7, 3]
[5, 6, 7, 4]
[5, 6, 7, 0]
[5, 6, 7, 1]
[5, 6, 7, 2]
[5, 6, 7, 3, 4]
[5, 6, 7, 3, 0]
[5, 6, 7, 3, 1]
[5, 6, 7, 3, 2]
[5, 6, 7, 3, 4, 0]
[5, 6, 7, 3, 4, 1]
[5, 6, 7, 3, 4, 2]
[5, 6, 7, 3, 4, 0, 1]
[5, 6, 7, 3, 4, 0, 2]
[5, 6, 7, 3, 4, 0, 1, 2]
failed -> 44 times
after fail n ======> 7
[5, 6, 0, 1, 2, 4, 7]
0.05405405405405406 0.10526315789473684
itercount --------> 1
[6, 2, 4]
0.10526315789473684 0.125
itercount --------> 2
[0, 1, 2]
[0, 1, 5]
[0, 1, 4]
[0, 1, 6]
0.125 0.16666666666666666
itercount --------> 3
[4, 5, 0]
0.16666666666666666 0.2222222222222222
itercount --------> 4
[4, 1, 6]
0.2222222222222222 0.3333333333333333
itercount --------> 5
[4, 1, 6]
[4, 1, 7]
[4, 1, 5]
0.3333333333333333 0.375
itercount --------> 6
[0, 1, 2]
[0, 1, 4]
[0, 1, 5]
[0, 1, 7]
[0, 1, 6]
[0, 1, 3]
[0, 1, 2, 4]
[0, 1, 2, 5]
[0, 1, 2, 7]
[0, 1, 2, 6]
[0, 1, 2, 3]
[0, 1, 2, 4, 5]
[0, 1, 2, 4, 7]
[0, 1, 2, 4, 6]
[0, 1, 2, 4, 3]
[0, 1, 2, 4, 5, 7]
[0, 1, 2, 4, 5, 6]
[0, 1, 2, 4, 5, 3]
[0, 1, 2, 4, 5, 7, 6]
[0, 1, 2, 4, 5, 7, 3]
[0, 1, 2, 4, 5, 7, 6, 3]
0.375 0.3888888888888889
itercount --------> 7
[4, 3, 6]
[4, 3, 7]
[4, 3, 0]
[4, 3, 1]
[4, 3, 2]
[4, 3, 5]
[4, 3, 6, 7]
[4, 3, 6, 0]
[4, 3, 6, 1]
[4, 3, 6, 2]
[4, 3, 6, 5]
[4, 3, 6, 7, 0]
0.3888888888888889 0.4117647058823529
itercount --------> 8
[4, 7, 3]
[4, 7, 6]
[4, 7, 5]
[4, 7, 0]
[4, 7, 1]
[4, 7, 2]
[4, 7, 3, 6]
[4, 7, 3, 5]
[4, 7, 3, 0]
[4, 7, 3, 1]
[4, 7, 3, 2]
[4, 7, 3, 6, 5]
[4, 7, 3, 6, 0]
[4, 7, 3, 6, 1]
[4, 7, 3, 6, 2]
[4, 7, 3, 6, 5, 0]
[4, 7, 3, 6, 5, 1]
[4, 7, 3, 6, 5, 2]
[4, 7, 3, 6, 5, 0, 1]
[4, 7, 3, 6, 5, 0, 2]
[4, 7, 3, 6, 5, 0, 1, 2]
failed -> 45 times
after fail n ======> 8
[5, 6, 0, 1, 2, 4, 7, 3]
0.05405405405405406 0.08
itercount --------> 1
[6, 4, 1]
[6, 4, 2]
0.08 0.08823529411764706
itercount --------> 2
[5, 0, 2]
0.08823529411764706 0.11538461538461539
itercount --------> 3
[2, 1, 6]
0.11538461538461539 0.13636363636363635
itercount --------> 4
[0, 6, 4]
0.13636363636363635 0.2727272727272727
itercount --------> 5
[0, 4, 6]
[0, 4, 1]
[0, 4, 2]
0.2727272727272727 0.3181818181818182
itercount --------> 6
[0, 4, 6]
0.3181818181818182 0.3333333333333333
itercount --------> 7
[0, 4, 6]
[0, 4, 7]
[0, 4, 3]
[0, 4, 1]
0.3333333333333333 0.35294117647058826
itercount --------> 8
[0, 1, 2]
[0, 1, 5]
[0, 1, 4]
0.35294117647058826 0.3684210526315789
itercount --------> 9
[0, 4, 6]
[0, 4, 7]
[0, 4, 1]
0.3684210526315789 0.4117647058823529
itercount --------> 10
[0, 1, 2]
[0, 1, 5]
[0, 1, 4]
[0, 1, 6]
[0, 1, 7]
[0, 1, 3]
[0, 1, 2, 5]
[0, 1, 2, 4]
[0, 1, 2, 6]
[0, 1, 2, 7]
[0, 1, 2, 3]
[0, 1, 2, 5, 4]
[0, 1, 2, 5, 6]
[0, 1, 2, 5, 7]
[0, 1, 2, 5, 3]
[0, 1, 2, 5, 4, 6]
[0, 1, 2, 5, 4, 7]
[0, 1, 2, 5, 4, 3]
0.4117647058823529 0.47058823529411764
itercount --------> 11
[0, 1, 2]
[0, 1, 5]
[0, 1, 4]
[0, 1, 6]
[0, 1, 7]
[0, 1, 3]
[0, 1, 2, 5]
[0, 1, 2, 4]
[0, 1, 2, 6]
[0, 1, 2, 7]
[0, 1, 2, 3]
[0, 1, 2, 5, 4]
[0, 1, 2, 5, 6]
[0, 1, 2, 5, 7]
0.47058823529411764 0.5
itercount --------> 12
[5, 7, 4]
[5, 7, 6]
[5, 7, 3]
[5, 7, 0]
[5, 7, 1]
[5, 7, 2]
[5, 7, 4, 6]
0.5 0.5714285714285714
itercount --------> 13
[4, 5, 6]
0.5714285714285714 0.6818181818181818
itercount --------> 14
[5, 0, 1]
0.6818181818181818 0.7368421052631579
itercount --------> 15
[5, 7, 0]
[5, 7, 1]
[5, 7, 2]
[5, 7, 6]
[5, 7, 3]
[5, 7, 4]
[5, 7, 0, 1]
[5, 7, 0, 2]
[5, 7, 0, 6]
[5, 7, 0, 3]
0.7368421052631579 0.75
itercount --------> 16
[0, 1, 2]
[0, 1, 5]
[0, 1, 4]
[0, 1, 6]
[0, 1, 7]
[0, 1, 3]
[0, 1, 2, 5]
[0, 1, 2, 4]
[0, 1, 2, 6]
[0, 1, 2, 7]
[0, 1, 2, 3]
0.75 0.7894736842105263
itercount --------> 17
[4, 3, 5]
[4, 3, 6]
[4, 3, 7]
[4, 3, 0]
[4, 3, 1]
[4, 3, 2]
[4, 3, 5, 6]
[4, 3, 5, 7]
[4, 3, 5, 0]
[4, 3, 5, 1]
[4, 3, 5, 2]
[4, 3, 5, 6, 7]
[4, 3, 5, 6, 0]
[4, 3, 5, 6, 1]
[4, 3, 5, 6, 2]
[4, 3, 5, 6, 7, 0]
[4, 3, 5, 6, 7, 1]
[4, 3, 5, 6, 7, 2]
[4, 3, 5, 6, 7, 0, 1]
[4, 3, 5, 6, 7, 0, 2]
[4, 3, 5, 6, 7, 0, 1, 2]
failed -> 46 times
after fail n ======> 5
[5, 6, 0, 1, 2]
0.05405405405405406 0.06060606060606061
itercount --------> 1
[5, 1, 0]
0.06060606060606061 0.1111111111111111
itercount --------> 2
[0, 2, 6]
0.1111111111111111 0.125
itercount --------> 3
[0, 1, 2]
[0, 1, 5]
[0, 1, 4]
[0, 1, 6]
0.125 0.18181818181818182
itercount --------> 4
[4, 1, 6]
0.18181818181818182 0.2608695652173913
itercount --------> 5
[4, 1, 0]
0.2608695652173913 0.375
itercount --------> 6
[0, 1, 2]
[0, 1, 4]
[0, 1, 5]
[0, 1, 7]
[0, 1, 6]
[0, 1, 3]
[0, 1, 2, 4]
0.375 0.42857142857142855
itercount --------> 7
[1, 4, 5]
[1, 4, 6]
[1, 4, 7]
[1, 4, 0]
[1, 4, 2]
0.42857142857142855 0.47368421052631576
itercount --------> 8
[0, 1, 2]
[0, 1, 4]
[0, 1, 5]
[0, 1, 3]
0.47368421052631576 0.5
itercount --------> 9
[1, 4, 3]
[1, 4, 6]
[1, 4, 7]
[1, 4, 5]
[1, 4, 0]
[1, 4, 2]
[1, 4, 3, 6]
[1, 4, 3, 7]
0.5 0.5263157894736842
itercount --------> 10
[1, 7, 6]
0.5263157894736842 0.55
itercount --------> 11
[0, 1, 2]
[0, 1, 3]
[0, 1, 6]
[0, 1, 7]
[0, 1, 4]
[0, 1, 5]
[0, 1, 2, 3]
[0, 1, 2, 6]
0.55 0.6111111111111112
itercount --------> 12
[3, 6, 7]
0.6111111111111112 0.7
itercount --------> 13
[1, 5, 6]
[1, 5, 7]
[1, 5, 3]
[1, 5, 4]
0.7 0.7368421052631579
itercount --------> 14
[4, 5, 3]
[4, 5, 6]
[4, 5, 7]
[4, 5, 0]
[4, 5, 1]
[4, 5, 2]
0.7368421052631579 0.7777777777777778
itercount --------> 15
[5, 6, 7]
[5, 6, 3]
[5, 6, 4]
[5, 6, 0]
[5, 6, 1]
[5, 6, 2]
[5, 6, 7, 3]
[5, 6, 7, 4]
[5, 6, 7, 0]
[5, 6, 7, 1]
[5, 6, 7, 2]
[5, 6, 7, 3, 4]
[5, 6, 7, 3, 0]
[5, 6, 7, 3, 1]
[5, 6, 7, 3, 2]
[5, 6, 7, 3, 4, 0]
[5, 6, 7, 3, 4, 1]
[5, 6, 7, 3, 4, 2]
[5, 6, 7, 3, 4, 0, 1]
[5, 6, 7, 3, 4, 0, 2]
[5, 6, 7, 3, 4, 0, 1, 2]
failed -> 47 times
after fail n ======> 6
[5, 6, 0, 1, 2, 4]
0.05405405405405406 0.10526315789473684
itercount --------> 1
[6, 2, 4]
0.10526315789473684 0.125
itercount --------> 2
[0, 1, 2]
[0, 1, 5]
[0, 1, 4]
[0, 1, 6]
[0, 1, 7]
0.125 0.15789473684210525
itercount --------> 3
[6, 4, 1]
0.15789473684210525 0.17647058823529413
itercount --------> 4
[6, 4, 7]
[6, 4, 3]
[6, 4, 5]
[6, 4, 0]
[6, 4, 1]
[6, 4, 2]
[6, 4, 7, 3]
[6, 4, 7, 5]
[6, 4, 7, 0]
[6, 4, 7, 1]
[6, 4, 7, 2]
[6, 4, 7, 3, 5]
[6, 4, 7, 3, 0]
[6, 4, 7, 3, 1]
[6, 4, 7, 3, 2]
[6, 4, 7, 3, 5, 0]
[6, 4, 7, 3, 5, 1]
[6, 4, 7, 3, 5, 2]
[6, 4, 7, 3, 5, 0, 1]
[6, 4, 7, 3, 5, 0, 2]
[6, 4, 7, 3, 5, 0, 1, 2]
failed -> 48 times
after fail n ======> 7
[5, 6, 0, 1, 2, 4, 7]
0.05405405405405406 0.057692307692307696
itercount --------> 1
[5, 0, 1]
0.057692307692307696 0.09375
itercount --------> 2
[6, 1, 0]
0.09375 0.13636363636363635
itercount --------> 3
[6, 2, 7]
[6, 2, 5]
0.13636363636363635 0.17647058823529413
itercount --------> 4
[0, 1, 2]
[0, 1, 5]
[0, 1, 7]
[0, 1, 6]
0.17647058823529413 0.21739130434782608
itercount --------> 5
[0, 7, 6]
0.21739130434782608 0.25
itercount --------> 6
[0, 1, 7]
0.25 0.35
itercount --------> 7
[0, 1, 4]
[0, 1, 6]
[0, 1, 7]
[0, 1, 5]
[0, 1, 2]
[0, 1, 3]
[0, 1, 4, 6]
[0, 1, 4, 7]
[0, 1, 4, 5]
[0, 1, 4, 2]
[0, 1, 4, 3]
0.35 0.36363636363636365
itercount --------> 8
[1, 2, 7]
0.36363636363636365 0.38095238095238093
itercount --------> 9
[0, 1, 6]
[0, 1, 7]
[0, 1, 2]
0.38095238095238093 0.4444444444444444
itercount --------> 10
[0, 1, 6]
[0, 1, 7]
[0, 1, 3]
[0, 1, 5]
[0, 1, 4]
[0, 1, 2]
[0, 1, 6, 7]
0.4444444444444444 0.5555555555555556
itercount --------> 11
[6, 4, 7]
[6, 4, 3]
[6, 4, 5]
0.5555555555555556 0.6111111111111112
itercount --------> 12
[4, 6, 5]
[4, 6, 7]
0.6111111111111112 0.7368421052631579
itercount --------> 13
[5, 6, 7]
[5, 6, 0]
[5, 6, 1]
[5, 6, 2]
[5, 6, 3]
[5, 6, 4]
[5, 6, 7, 0]
[5, 6, 7, 1]
[5, 6, 7, 2]
[5, 6, 7, 3]
[5, 6, 7, 4]
[5, 6, 7, 0, 1]
[5, 6, 7, 0, 2]
[5, 6, 7, 0, 3]
[5, 6, 7, 0, 4]
[5, 6, 7, 0, 1, 2]
[5, 6, 7, 0, 1, 3]
[5, 6, 7, 0, 1, 4]
[5, 6, 7, 0, 1, 2, 3]
[5, 6, 7, 0, 1, 2, 4]
[5, 6, 7, 0, 1, 2, 3, 4]
failed -> 49 times
after fail n ======> 8
[5, 6, 0, 1, 2, 4, 7, 3]
0.05405405405405406 0.08
itercount --------> 1
[6, 4, 0]
0.08 0.10526315789473684
itercount --------> 2
[6, 2, 4]
0.10526315789473684 0.125
itercount --------> 3
[0, 1, 2]
[0, 1, 5]
[0, 1, 4]
[0, 1, 6]
[0, 1, 7]
0.125 0.15789473684210525
itercount --------> 4
[6, 4, 1]
[6, 4, 7]
[6, 4, 3]
[6, 4, 5]
[6, 4, 0]
0.15789473684210525 0.18518518518518517
itercount --------> 5
[6, 5, 1]
0.18518518518518517 0.20512820512820512
itercount --------> 6
[5, 6, 0]
0.20512820512820512 0.25925925925925924
itercount --------> 7
[6, 5, 1]
[6, 5, 7]
0.25925925925925924 0.2777777777777778
itercount --------> 8
[6, 4, 3]
[6, 4, 7]
[6, 4, 5]
[6, 4, 0]
0.2777777777777778 0.29411764705882354
itercount --------> 9
[4, 7, 6]
0.29411764705882354 0.4117647058823529
itercount --------> 10
[4, 7, 3]
[4, 7, 6]
[4, 7, 5]
[4, 7, 0]
[4, 7, 1]
[4, 7, 2]
[4, 7, 3, 6]
[4, 7, 3, 5]
[4, 7, 3, 0]
[4, 7, 3, 1]
[4, 7, 3, 2]
[4, 7, 3, 6, 5]
[4, 7, 3, 6, 0]
[4, 7, 3, 6, 1]
[4, 7, 3, 6, 2]
[4, 7, 3, 6, 5, 0]
[4, 7, 3, 6, 5, 1]
[4, 7, 3, 6, 5, 2]
[4, 7, 3, 6, 5, 0, 1]
[4, 7, 3, 6, 5, 0, 2]
[4, 7, 3, 6, 5, 0, 1, 2]
failed -> 50 times
after fail n ======> 5
Runs with the maximum attractor JI -> [12, 28, 39]
