{0: 60, 1: 60, 2: 60, 5: 60, 6: 25, 7: 25, 3: 15, 4: 15}
[0, 1, 2]
0.0594059405940594 0.20689655172413793
itercount --------> 1
[5, 0, 1]
[5, 0, 2]
0.20689655172413793 0.35294117647058826
itercount --------> 2
[0, 1, 2]
[0, 1, 5]
[0, 1, 6]
0.35294117647058826 0.38095238095238093
itercount --------> 3
[1, 0, 2]
0.38095238095238093 0.4444444444444444
itercount --------> 4
[0, 1, 2]
[0, 1, 3]
[0, 1, 5]
[0, 1, 4]
[0, 1, 6]
[0, 1, 7]
[0, 1, 2, 3]
0.4444444444444444 0.47058823529411764
itercount --------> 5
[3, 0, 1]
[3, 0, 2]
[3, 0, 5]
[3, 0, 4]
[3, 0, 6]
[3, 0, 7]
[3, 0, 1, 2]
[3, 0, 1, 5]
[3, 0, 1, 4]
0.47058823529411764 0.5263157894736842
itercount --------> 6
[0, 1, 2]
[0, 1, 5]
[0, 1, 4]
[0, 1, 6]
[0, 1, 7]
[0, 1, 3]
[0, 1, 2, 5]
[0, 1, 2, 4]
0.5263157894736842 0.5555555555555556
itercount --------> 7
[1, 0, 2]
[1, 0, 4]
[1, 0, 5]
0.5555555555555556 0.5882352941176471
itercount --------> 8
[1, 0, 2]
[1, 0, 4]
0.5882352941176471 0.625
itercount --------> 9
[0, 1, 2]
[0, 1, 4]
[0, 1, 5]
[0, 1, 6]
[0, 1, 7]
[0, 1, 3]
[0, 1, 2, 4]
[0, 1, 2, 5]
[0, 1, 2, 6]
[0, 1, 2, 7]
[0, 1, 2, 3]
[0, 1, 2, 4, 5]
[0, 1, 2, 4, 6]
[0, 1, 2, 4, 7]
[0, 1, 2, 4, 3]
[0, 1, 2, 4, 5, 6]
[0, 1, 2, 4, 5, 7]
0.625 0.6666666666666666
itercount --------> 10
[4, 6, 7]
[4, 6, 0]
[4, 6, 1]
[4, 6, 2]
[4, 6, 3]
[4, 6, 5]
[4, 6, 7, 0]
[4, 6, 7, 1]
[4, 6, 7, 2]
[4, 6, 7, 3]
[4, 6, 7, 5]
[4, 6, 7, 0, 1]
[4, 6, 7, 0, 2]
[4, 6, 7, 0, 3]
[4, 6, 7, 0, 5]
[4, 6, 7, 0, 1, 2]
[4, 6, 7, 0, 1, 3]
[4, 6, 7, 0, 1, 5]
0.6666666666666666 0.7142857142857143
itercount --------> 11
[4, 6, 7]
[4, 6, 3]
[4, 6, 0]
[4, 6, 1]
[4, 6, 2]
[4, 6, 5]
[4, 6, 7, 3]
[4, 6, 7, 0]
[4, 6, 7, 1]
[4, 6, 7, 2]
[4, 6, 7, 5]
[4, 6, 7, 3, 0]
[4, 6, 7, 3, 1]
[4, 6, 7, 3, 2]
[4, 6, 7, 3, 5]
[4, 6, 7, 3, 0, 1]
[4, 6, 7, 3, 0, 2]
[4, 6, 7, 3, 0, 5]
[4, 6, 7, 3, 0, 1, 2]
[4, 6, 7, 3, 0, 1, 5]
[4, 6, 7, 3, 0, 1, 2, 5]
failed Once
after fail n ======> 4
[0, 1, 2, 5]
0.0594059405940594 0.11320754716981132
itercount --------> 1
[0, 1, 2]
0.11320754716981132 0.20689655172413793
itercount --------> 2
[0, 1, 2]
0.20689655172413793 0.35294117647058826
itercount --------> 3
[0, 1, 2]
[0, 1, 5]
[0, 1, 6]
[0, 1, 7]
[0, 1, 3]
[0, 1, 4]
[0, 1, 2, 5]
[0, 1, 2, 6]
0.35294117647058826 0.38095238095238093
itercount --------> 4
[1, 0, 2]
0.38095238095238093 0.4444444444444444
itercount --------> 5
[0, 1, 2]
[0, 1, 3]
0.4444444444444444 0.47058823529411764
itercount --------> 6
[3, 0, 1]
[3, 0, 2]
[3, 0, 5]
[3, 0, 4]
[3, 0, 6]
[3, 0, 7]
[3, 0, 1, 2]
[3, 0, 1, 5]
[3, 0, 1, 4]
0.47058823529411764 0.5263157894736842
itercount --------> 7
[0, 1, 2]
[0, 1, 5]
[0, 1, 4]
[0, 1, 6]
[0, 1, 7]
[0, 1, 3]
[0, 1, 2, 5]
[0, 1, 2, 4]
[0, 1, 2, 6]
[0, 1, 2, 7]
[0, 1, 2, 3]
[0, 1, 2, 5, 4]
0.5263157894736842 0.5555555555555556
itercount --------> 8
[1, 0, 2]
[1, 0, 4]
[1, 0, 5]
0.5555555555555556 0.625
itercount --------> 9
[0, 1, 2]
[0, 1, 4]
[0, 1, 5]
[0, 1, 6]
[0, 1, 7]
[0, 1, 3]
[0, 1, 2, 4]
[0, 1, 2, 5]
[0, 1, 2, 6]
[0, 1, 2, 7]
[0, 1, 2, 3]
[0, 1, 2, 4, 5]
[0, 1, 2, 4, 6]
[0, 1, 2, 4, 7]
[0, 1, 2, 4, 3]
[0, 1, 2, 4, 5, 6]
0.625 0.7142857142857143
itercount --------> 10
[4, 6, 7]
[4, 6, 3]
[4, 6, 0]
[4, 6, 1]
[4, 6, 2]
[4, 6, 5]
[4, 6, 7, 3]
[4, 6, 7, 0]
[4, 6, 7, 1]
[4, 6, 7, 2]
[4, 6, 7, 5]
[4, 6, 7, 3, 0]
[4, 6, 7, 3, 1]
[4, 6, 7, 3, 2]
[4, 6, 7, 3, 5]
[4, 6, 7, 3, 0, 1]
[4, 6, 7, 3, 0, 2]
[4, 6, 7, 3, 0, 5]
[4, 6, 7, 3, 0, 1, 2]
[4, 6, 7, 3, 0, 1, 5]
[4, 6, 7, 3, 0, 1, 2, 5]
failed -> 2 times
after fail n ======> 5
[0, 1, 2, 5, 6]
0.0594059405940594 0.09375
itercount --------> 1
[1, 2, 0]
[1, 2, 5]
0.09375 0.15
itercount --------> 2
[1, 0, 2]
0.15 0.21428571428571427
itercount --------> 3
[0, 1, 2]
[0, 1, 5]
[0, 1, 6]
0.21428571428571427 0.38095238095238093
itercount --------> 4
[1, 0, 2]
0.38095238095238093 0.4444444444444444
itercount --------> 5
[0, 1, 2]
[0, 1, 3]
[0, 1, 5]
[0, 1, 4]
0.4444444444444444 0.47058823529411764
itercount --------> 6
[3, 0, 1]
[3, 0, 2]
0.47058823529411764 0.5
itercount --------> 7
[1, 2, 3]
[1, 2, 0]
[1, 2, 4]
[1, 2, 5]
[1, 2, 6]
[1, 2, 7]
[1, 2, 3, 0]
0.5 0.5333333333333333
itercount --------> 8
[3, 4, 6]
0.5333333333333333 0.5882352941176471
itercount --------> 9
[0, 1, 2]
[0, 1, 5]
[0, 1, 4]
[0, 1, 6]
[0, 1, 7]
[0, 1, 3]
[0, 1, 2, 5]
[0, 1, 2, 4]
0.5882352941176471 0.625
itercount --------> 10
[0, 1, 2]
[0, 1, 4]
[0, 1, 5]
[0, 1, 6]
[0, 1, 7]
[0, 1, 3]
[0, 1, 2, 4]
[0, 1, 2, 5]
[0, 1, 2, 6]
[0, 1, 2, 7]
[0, 1, 2, 3]
[0, 1, 2, 4, 5]
[0, 1, 2, 4, 6]
[0, 1, 2, 4, 7]
[0, 1, 2, 4, 3]
[0, 1, 2, 4, 5, 6]
0.625 0.6666666666666666
itercount --------> 11
[4, 6, 7]
[4, 6, 0]
[4, 6, 1]
[4, 6, 2]
[4, 6, 3]
[4, 6, 5]
[4, 6, 7, 0]
[4, 6, 7, 1]
[4, 6, 7, 2]
[4, 6, 7, 3]
[4, 6, 7, 5]
[4, 6, 7, 0, 1]
[4, 6, 7, 0, 2]
[4, 6, 7, 0, 3]
[4, 6, 7, 0, 5]
[4, 6, 7, 0, 1, 2]
[4, 6, 7, 0, 1, 3]
[4, 6, 7, 0, 1, 5]
[4, 6, 7, 0, 1, 2, 3]
[4, 6, 7, 0, 1, 2, 5]
[4, 6, 7, 0, 1, 2, 3, 5]
failed -> 3 times
after fail n ======> 6
[0, 1, 2, 5, 6, 7]
0.0594059405940594 0.20689655172413793
itercount --------> 1
[0, 1, 2]
0.20689655172413793 0.35294117647058826
itercount --------> 2
[0, 1, 2]
[0, 1, 5]
[0, 1, 6]
[0, 1, 7]
[0, 1, 3]
[0, 1, 4]
[0, 1, 2, 5]
[0, 1, 2, 6]
0.35294117647058826 0.38095238095238093
itercount --------> 3
[2, 0, 1]
0.38095238095238093 0.4444444444444444
itercount --------> 4
[0, 1, 2]
[0, 1, 3]
[0, 1, 5]
[0, 1, 4]
[0, 1, 6]
[0, 1, 7]
[0, 1, 2, 3]
[0, 1, 2, 5]
[0, 1, 2, 4]
[0, 1, 2, 6]
[0, 1, 2, 7]
[0, 1, 2, 3, 5]
0.4444444444444444 0.47058823529411764
itercount --------> 5
[1, 2, 3]
[1, 2, 5]
[1, 2, 0]
[1, 2, 4]
0.47058823529411764 0.5
itercount --------> 6
[3, 2, 4]
0.5 0.5555555555555556
itercount --------> 7
[2, 1, 4]
[2, 1, 5]
0.5555555555555556 0.625
itercount --------> 8
[1, 2, 4]
[1, 2, 5]
[1, 2, 6]
[1, 2, 7]
[1, 2, 0]
[1, 2, 3]
[1, 2, 4, 5]
[1, 2, 4, 6]
[1, 2, 4, 7]
[1, 2, 4, 0]
[1, 2, 4, 3]
[1, 2, 4, 5, 6]
0.625 0.6666666666666666
itercount --------> 9
[4, 6, 7]
[4, 6, 0]
[4, 6, 1]
[4, 6, 2]
[4, 6, 3]
[4, 6, 5]
[4, 6, 7, 0]
[4, 6, 7, 1]
[4, 6, 7, 2]
[4, 6, 7, 3]
[4, 6, 7, 5]
[4, 6, 7, 0, 1]
[4, 6, 7, 0, 2]
[4, 6, 7, 0, 3]
[4, 6, 7, 0, 5]
0.6666666666666666 0.7142857142857143
itercount --------> 10
[4, 6, 7]
[4, 6, 3]
[4, 6, 0]
[4, 6, 1]
[4, 6, 2]
[4, 6, 5]
[4, 6, 7, 3]
[4, 6, 7, 0]
[4, 6, 7, 1]
[4, 6, 7, 2]
[4, 6, 7, 5]
[4, 6, 7, 3, 0]
[4, 6, 7, 3, 1]
[4, 6, 7, 3, 2]
[4, 6, 7, 3, 5]
[4, 6, 7, 3, 0, 1]
[4, 6, 7, 3, 0, 2]
[4, 6, 7, 3, 0, 5]
[4, 6, 7, 3, 0, 1, 2]
[4, 6, 7, 3, 0, 1, 5]
[4, 6, 7, 3, 0, 1, 2, 5]
failed -> 4 times
after fail n ======> 7
[0, 1, 2, 5, 6, 7, 3]
0.0594059405940594 0.11320754716981132
itercount --------> 1
[1, 2, 0]
[1, 2, 5]
0.11320754716981132 0.20689655172413793
itercount --------> 2
[0, 1, 2]
0.20689655172413793 0.35294117647058826
itercount --------> 3
[0, 1, 2]
[0, 1, 5]
[0, 1, 6]
[0, 1, 7]
[0, 1, 3]
[0, 1, 4]
[0, 1, 2, 5]
[0, 1, 2, 6]
0.35294117647058826 0.38095238095238093
itercount --------> 4
[2, 0, 1]
0.38095238095238093 0.4444444444444444
itercount --------> 5
[0, 1, 2]
[0, 1, 3]
0.4444444444444444 0.47058823529411764
itercount --------> 6
[0, 2, 3]
[0, 2, 5]
[0, 2, 1]
[0, 2, 4]
[0, 2, 6]
[0, 2, 7]
[0, 2, 3, 5]
[0, 2, 3, 1]
[0, 2, 3, 4]
0.47058823529411764 0.5263157894736842
itercount --------> 7
[0, 2, 5]
[0, 2, 1]
[0, 2, 4]
0.5263157894736842 0.5555555555555556
itercount --------> 8
[2, 0, 4]
[2, 0, 5]
0.5555555555555556 0.625
itercount --------> 9
[0, 2, 4]
[0, 2, 5]
[0, 2, 6]
[0, 2, 7]
[0, 2, 1]
[0, 2, 3]
[0, 2, 4, 5]
[0, 2, 4, 6]
[0, 2, 4, 7]
[0, 2, 4, 1]
[0, 2, 4, 3]
[0, 2, 4, 5, 6]
0.625 0.6666666666666666
itercount --------> 10
[4, 6, 7]
[4, 6, 0]
[4, 6, 1]
[4, 6, 2]
[4, 6, 3]
[4, 6, 5]
[4, 6, 7, 0]
[4, 6, 7, 1]
[4, 6, 7, 2]
[4, 6, 7, 3]
[4, 6, 7, 5]
[4, 6, 7, 0, 1]
[4, 6, 7, 0, 2]
[4, 6, 7, 0, 3]
[4, 6, 7, 0, 5]
[4, 6, 7, 0, 1, 2]
[4, 6, 7, 0, 1, 3]
[4, 6, 7, 0, 1, 5]
[4, 6, 7, 0, 1, 2, 3]
[4, 6, 7, 0, 1, 2, 5]
[4, 6, 7, 0, 1, 2, 3, 5]
failed -> 5 times
after fail n ======> 8
[0, 1, 2, 5, 6, 7, 3, 4]
0.0594059405940594 0.07272727272727272
itercount --------> 1
[0, 2, 5]
[0, 2, 1]
0.07272727272727272 0.12903225806451613
itercount --------> 2
[0, 5, 1]
[0, 5, 2]
[0, 5, 6]
0.12903225806451613 0.23076923076923078
itercount --------> 3
[0, 5, 1]
[0, 5, 2]
0.23076923076923078 0.2727272727272727
itercount --------> 4
[0, 1, 2]
[0, 1, 5]
[0, 1, 4]
0.2727272727272727 0.38095238095238093
itercount --------> 5
[0, 1, 2]
[0, 1, 3]
[0, 1, 5]
0.38095238095238093 0.4444444444444444
itercount --------> 6
[0, 1, 2]
[0, 1, 3]
0.4444444444444444 0.47058823529411764
itercount --------> 7
[0, 3, 1]
[0, 3, 2]
[0, 3, 4]
0.47058823529411764 0.5263157894736842
itercount --------> 8
[0, 1, 2]
0.5263157894736842 0.5882352941176471
itercount --------> 9
[0, 1, 2]
[0, 1, 5]
[0, 1, 4]
[0, 1, 6]
[0, 1, 7]
[0, 1, 3]
[0, 1, 2, 5]
[0, 1, 2, 4]
0.5882352941176471 0.625
itercount --------> 10
[0, 4, 6]
[0, 4, 7]
[0, 4, 1]
[0, 4, 2]
[0, 4, 3]
[0, 4, 5]
[0, 4, 6, 7]
[0, 4, 6, 1]
[0, 4, 6, 2]
[0, 4, 6, 3]
[0, 4, 6, 5]
[0, 4, 6, 7, 1]
[0, 4, 6, 7, 2]
[0, 4, 6, 7, 3]
[0, 4, 6, 7, 5]
[0, 4, 6, 7, 1, 2]
[0, 4, 6, 7, 1, 3]
[0, 4, 6, 7, 1, 5]
[0, 4, 6, 7, 1, 2, 3]
[0, 4, 6, 7, 1, 2, 5]
[0, 4, 6, 7, 1, 2, 3, 5]
failed -> 6 times
after fail n ======> 5
[0, 1, 2, 5, 6]
0.0594059405940594 0.11320754716981132
itercount --------> 1
[0, 2, 1]
0.11320754716981132 0.20689655172413793
itercount --------> 2
[0, 1, 2]
0.20689655172413793 0.35294117647058826
itercount --------> 3
[0, 1, 2]
[0, 1, 5]
[0, 1, 6]
[0, 1, 7]
[0, 1, 3]
[0, 1, 4]
[0, 1, 2, 5]
[0, 1, 2, 6]
0.35294117647058826 0.38095238095238093
itercount --------> 4
[2, 0, 1]
[2, 0, 3]
[2, 0, 5]
[2, 0, 4]
[2, 0, 6]
[2, 0, 7]
[2, 0, 1, 3]
0.38095238095238093 0.4444444444444444
itercount --------> 5
[0, 1, 2]
[0, 1, 3]
[0, 1, 5]
[0, 1, 4]
[0, 1, 6]
[0, 1, 7]
[0, 1, 2, 3]
[0, 1, 2, 5]
[0, 1, 2, 4]
0.4444444444444444 0.47058823529411764
itercount --------> 6
[3, 1, 2]
[3, 1, 5]
[3, 1, 0]
0.47058823529411764 0.5
itercount --------> 7
[2, 3, 0]
[2, 3, 1]
[2, 3, 4]
0.5 0.5263157894736842
itercount --------> 8
[2, 0, 1]
[2, 0, 5]
0.5263157894736842 0.5882352941176471
itercount --------> 9
[0, 1, 2]
[0, 1, 5]
[0, 1, 4]
[0, 1, 7]
[0, 1, 3]
[0, 1, 6]
[0, 1, 2, 5]
[0, 1, 2, 4]
[0, 1, 2, 7]
[0, 1, 2, 3]
0.5882352941176471 0.625
itercount --------> 10
[1, 2, 4]
[1, 2, 6]
[1, 2, 7]
[1, 2, 0]
[1, 2, 3]
[1, 2, 5]
0.625 0.6666666666666666
itercount --------> 11
[4, 6, 7]
[4, 6, 0]
[4, 6, 1]
[4, 6, 2]
[4, 6, 3]
[4, 6, 5]
[4, 6, 7, 0]
[4, 6, 7, 1]
[4, 6, 7, 2]
[4, 6, 7, 3]
[4, 6, 7, 5]
[4, 6, 7, 0, 1]
[4, 6, 7, 0, 2]
[4, 6, 7, 0, 3]
[4, 6, 7, 0, 5]
0.6666666666666666 0.7142857142857143
itercount --------> 12
[4, 6, 7]
[4, 6, 3]
[4, 6, 0]
[4, 6, 1]
[4, 6, 2]
[4, 6, 5]
[4, 6, 7, 3]
[4, 6, 7, 0]
[4, 6, 7, 1]
[4, 6, 7, 2]
[4, 6, 7, 5]
[4, 6, 7, 3, 0]
[4, 6, 7, 3, 1]
[4, 6, 7, 3, 2]
[4, 6, 7, 3, 5]
[4, 6, 7, 3, 0, 1]
[4, 6, 7, 3, 0, 2]
[4, 6, 7, 3, 0, 5]
[4, 6, 7, 3, 0, 1, 2]
[4, 6, 7, 3, 0, 1, 5]
[4, 6, 7, 3, 0, 1, 2, 5]
failed -> 7 times
after fail n ======> 6
[0, 1, 2, 5, 6, 7]
0.0594059405940594 0.09375
itercount --------> 1
[2, 5, 0]
[2, 5, 1]
0.09375 0.15
itercount --------> 2
[5, 6, 0]
0.15 0.16666666666666666
itercount --------> 3
[5, 0, 1]
0.16666666666666666 0.2777777777777778
itercount --------> 4
[7, 3, 0]
0.2777777777777778 0.2857142857142857
itercount --------> 5
[0, 3, 1]
0.2857142857142857 0.3
itercount --------> 6
[0, 3, 4]
[0, 3, 6]
0.3 0.3157894736842105
itercount --------> 7
[0, 3, 4]
0.3157894736842105 0.34782608695652173
itercount --------> 8
[0, 3, 6]
[0, 3, 7]
[0, 3, 1]
[0, 3, 2]
0.34782608695652173 0.4583333333333333
itercount --------> 9
[0, 7, 1]
[0, 7, 2]
[0, 7, 4]
0.4583333333333333 0.47058823529411764
itercount --------> 10
[0, 3, 4]
[0, 3, 7]
[0, 3, 1]
0.47058823529411764 0.47368421052631576
itercount --------> 11
[0, 1, 2]
[0, 1, 3]
[0, 1, 5]
0.47368421052631576 0.5294117647058824
itercount --------> 12
[0, 1, 2]
[0, 1, 3]
[0, 1, 5]
[0, 1, 7]
[0, 1, 4]
[0, 1, 6]
[0, 1, 2, 3]
[0, 1, 2, 5]
[0, 1, 2, 7]
[0, 1, 2, 4]
[0, 1, 2, 6]
0.5294117647058824 0.5625
itercount --------> 13
[3, 7, 0]
[3, 7, 2]
[3, 7, 4]
[3, 7, 6]
[3, 7, 1]
[3, 7, 5]
[3, 7, 0, 2]
[3, 7, 0, 4]
0.5625 0.6111111111111112
itercount --------> 14
[7, 3, 4]
[7, 3, 6]
[7, 3, 0]
[7, 3, 1]
[7, 3, 2]
[7, 3, 5]
[7, 3, 4, 6]
[7, 3, 4, 0]
[7, 3, 4, 1]
[7, 3, 4, 2]
[7, 3, 4, 5]
[7, 3, 4, 6, 0]
[7, 3, 4, 6, 1]
[7, 3, 4, 6, 2]
[7, 3, 4, 6, 5]
[7, 3, 4, 6, 0, 1]
[7, 3, 4, 6, 0, 2]
[7, 3, 4, 6, 0, 5]
0.6111111111111112 0.6470588235294118
itercount --------> 15
[7, 3, 4]
[7, 3, 6]
[7, 3, 0]
[7, 3, 1]
[7, 3, 2]
[7, 3, 5]
[7, 3, 4, 6]
[7, 3, 4, 0]
[7, 3, 4, 1]
[7, 3, 4, 2]
[7, 3, 4, 5]
[7, 3, 4, 6, 0]
[7, 3, 4, 6, 1]
0.6470588235294118 0.6666666666666666
itercount --------> 16
[4, 6, 7]
[4, 6, 0]
[4, 6, 1]
[4, 6, 2]
[4, 6, 3]
[4, 6, 5]
[4, 6, 7, 0]
[4, 6, 7, 1]
[4, 6, 7, 2]
[4, 6, 7, 3]
[4, 6, 7, 5]
[4, 6, 7, 0, 1]
[4, 6, 7, 0, 2]
[4, 6, 7, 0, 3]
[4, 6, 7, 0, 5]
[4, 6, 7, 0, 1, 2]
[4, 6, 7, 0, 1, 3]
[4, 6, 7, 0, 1, 5]
[4, 6, 7, 0, 1, 2, 3]
0.6666666666666666 0.7142857142857143
itercount --------> 17
[4, 6, 7]
[4, 6, 3]
[4, 6, 0]
[4, 6, 1]
[4, 6, 2]
[4, 6, 5]
[4, 6, 7, 3]
[4, 6, 7, 0]
[4, 6, 7, 1]
[4, 6, 7, 2]
[4, 6, 7, 5]
[4, 6, 7, 3, 0]
[4, 6, 7, 3, 1]
[4, 6, 7, 3, 2]
[4, 6, 7, 3, 5]
[4, 6, 7, 3, 0, 1]
[4, 6, 7, 3, 0, 2]
[4, 6, 7, 3, 0, 5]
[4, 6, 7, 3, 0, 1, 2]
[4, 6, 7, 3, 0, 1, 5]
[4, 6, 7, 3, 0, 1, 2, 5]
failed -> 8 times
after fail n ======> 7
[0, 1, 2, 5, 6, 7, 3]
0.0594059405940594 0.11320754716981132
itercount --------> 1
[1, 2, 0]
0.11320754716981132 0.20689655172413793
itercount --------> 2
[0, 1, 2]
[0, 1, 5]
0.20689655172413793 0.35294117647058826
itercount --------> 3
[0, 1, 2]
[0, 1, 5]
[0, 1, 6]
0.35294117647058826 0.38095238095238093
itercount --------> 4
[0, 1, 5]
[0, 1, 2]
0.38095238095238093 0.4444444444444444
itercount --------> 5
[0, 1, 2]
[0, 1, 3]
[0, 1, 5]
[0, 1, 4]
[0, 1, 6]
[0, 1, 7]
0.4444444444444444 0.5333333333333333
itercount --------> 6
[3, 4, 6]
0.5333333333333333 0.5833333333333334
itercount --------> 7
[6, 0, 1]
[6, 0, 2]
[6, 0, 3]
0.5833333333333334 0.625
itercount --------> 8
[0, 1, 2]
[0, 1, 5]
[0, 1, 6]
[0, 1, 7]
[0, 1, 3]
[0, 1, 4]
[0, 1, 2, 5]
[0, 1, 2, 6]
[0, 1, 2, 7]
[0, 1, 2, 3]
[0, 1, 2, 4]
[0, 1, 2, 5, 6]
[0, 1, 2, 5, 7]
[0, 1, 2, 5, 3]
[0, 1, 2, 5, 4]
[0, 1, 2, 5, 6, 7]
[0, 1, 2, 5, 6, 3]
[0, 1, 2, 5, 6, 4]
[0, 1, 2, 5, 6, 7, 3]
[0, 1, 2, 5, 6, 7, 4]
[0, 1, 2, 5, 6, 7, 3, 4]
failed -> 9 times
after fail n ======> 8
[0, 1, 2, 5, 6, 7, 3, 4]
0.0594059405940594 0.09375
itercount --------> 1
[0, 5, 1]
0.09375 0.21428571428571427
itercount --------> 2
[0, 1, 2]
[0, 1, 5]
[0, 1, 6]
[0, 1, 7]
[0, 1, 3]
[0, 1, 4]
[0, 1, 2, 5]
[0, 1, 2, 6]
0.21428571428571427 0.2777777777777778
itercount --------> 3
[7, 0, 1]
0.2777777777777778 0.2962962962962963
itercount --------> 4
[0, 1, 5]
0.2962962962962963 0.4444444444444444
itercount --------> 5
[0, 1, 5]
[0, 1, 3]
[0, 1, 4]
[0, 1, 6]
[0, 1, 7]
[0, 1, 2]
[0, 1, 5, 3]
[0, 1, 5, 4]
[0, 1, 5, 6]
[0, 1, 5, 7]
[0, 1, 5, 2]
0.4444444444444444 0.5333333333333333
itercount --------> 6
[3, 4, 6]
0.5333333333333333 0.5384615384615384
itercount --------> 7
[0, 1, 2]
[0, 1, 5]
[0, 1, 4]
[0, 1, 6]
[0, 1, 7]
[0, 1, 3]
[0, 1, 2, 5]
[0, 1, 2, 4]
[0, 1, 2, 6]
[0, 1, 2, 7]
[0, 1, 2, 3]
0.5384615384615384 0.5833333333333334
itercount --------> 8
[0, 1, 2]
[0, 1, 3]
[0, 1, 4]
[0, 1, 5]
[0, 1, 6]
[0, 1, 7]
[0, 1, 2, 3]
[0, 1, 2, 4]
[0, 1, 2, 5]
[0, 1, 2, 6]
[0, 1, 2, 7]
[0, 1, 2, 3, 4]
[0, 1, 2, 3, 5]
[0, 1, 2, 3, 6]
0.5833333333333334 0.625
itercount --------> 9
[0, 1, 7]
[0, 1, 6]
[0, 1, 2]
0.625 0.7692307692307693
itercount --------> 10
[6, 7, 3]
[6, 7, 4]
[6, 7, 0]
[6, 7, 1]
[6, 7, 2]
[6, 7, 5]
[6, 7, 3, 4]
[6, 7, 3, 0]
[6, 7, 3, 1]
[6, 7, 3, 2]
[6, 7, 3, 5]
[6, 7, 3, 4, 0]
[6, 7, 3, 4, 1]
[6, 7, 3, 4, 2]
[6, 7, 3, 4, 5]
[6, 7, 3, 4, 0, 1]
[6, 7, 3, 4, 0, 2]
[6, 7, 3, 4, 0, 5]
[6, 7, 3, 4, 0, 1, 2]
[6, 7, 3, 4, 0, 1, 5]
[6, 7, 3, 4, 0, 1, 2, 5]
failed -> 10 times
after fail n ======> 5
[0, 1, 2, 5, 6]
0.0594059405940594 0.09375
itercount --------> 1
[1, 0, 2]
0.09375 0.11538461538461539
itercount --------> 2
[0, 2, 6]
0.11538461538461539 0.15
itercount --------> 3
[0, 1, 2]
[0, 1, 5]
0.15 0.21428571428571427
itercount --------> 4
[0, 1, 2]
[0, 1, 5]
[0, 1, 6]
0.21428571428571427 0.35294117647058826
itercount --------> 5
[0, 1, 2]
[0, 1, 5]
[0, 1, 6]
[0, 1, 7]
[0, 1, 3]
[0, 1, 4]
[0, 1, 2, 5]
[0, 1, 2, 6]
0.35294117647058826 0.38095238095238093
itercount --------> 6
[2, 0, 1]
0.38095238095238093 0.4444444444444444
itercount --------> 7
[0, 1, 2]
[0, 1, 3]
[0, 1, 5]
[0, 1, 4]
[0, 1, 6]
[0, 1, 7]
[0, 1, 2, 3]
[0, 1, 2, 5]
[0, 1, 2, 4]
0.4444444444444444 0.47058823529411764
itercount --------> 8
[3, 2, 4]
0.47058823529411764 0.5263157894736842
itercount --------> 9
[2, 0, 1]
[2, 0, 5]
[2, 0, 4]
[2, 0, 6]
[2, 0, 7]
[2, 0, 3]
[2, 0, 1, 5]
0.5263157894736842 0.5882352941176471
itercount --------> 10
[0, 1, 2]
[0, 1, 5]
[0, 1, 4]
[0, 1, 6]
0.5882352941176471 0.6666666666666666
itercount --------> 11
[4, 6, 7]
[4, 6, 0]
[4, 6, 1]
[4, 6, 2]
[4, 6, 3]
[4, 6, 5]
[4, 6, 7, 0]
[4, 6, 7, 1]
[4, 6, 7, 2]
[4, 6, 7, 3]
[4, 6, 7, 5]
[4, 6, 7, 0, 1]
[4, 6, 7, 0, 2]
[4, 6, 7, 0, 3]
[4, 6, 7, 0, 5]
[4, 6, 7, 0, 1, 2]
[4, 6, 7, 0, 1, 3]
[4, 6, 7, 0, 1, 5]
[4, 6, 7, 0, 1, 2, 3]
[4, 6, 7, 0, 1, 2, 5]
[4, 6, 7, 0, 1, 2, 3, 5]
0.6666666666666666 0.7142857142857143
itercount --------> 12
[4, 6, 7]
[4, 6, 3]
[4, 6, 0]
[4, 6, 1]
[4, 6, 2]
[4, 6, 5]
[4, 6, 7, 3]
[4, 6, 7, 0]
[4, 6, 7, 1]
[4, 6, 7, 2]
[4, 6, 7, 5]
[4, 6, 7, 3, 0]
[4, 6, 7, 3, 1]
[4, 6, 7, 3, 2]
[4, 6, 7, 3, 5]
[4, 6, 7, 3, 0, 1]
[4, 6, 7, 3, 0, 2]
[4, 6, 7, 3, 0, 5]
[4, 6, 7, 3, 0, 1, 2]
[4, 6, 7, 3, 0, 1, 5]
[4, 6, 7, 3, 0, 1, 2, 5]
failed -> 11 times
after fail n ======> 6
[0, 1, 2, 5, 6, 7]
0.0594059405940594 0.11320754716981132
itercount --------> 1
[1, 5, 0]
0.11320754716981132 0.35294117647058826
itercount --------> 2
[0, 1, 2]
[0, 1, 5]
[0, 1, 6]
[0, 1, 7]
[0, 1, 3]
[0, 1, 4]
[0, 1, 2, 5]
[0, 1, 2, 6]
0.35294117647058826 0.38095238095238093
itercount --------> 3
[2, 0, 1]
[2, 0, 3]
[2, 0, 5]
0.38095238095238093 0.4444444444444444
itercount --------> 4
[0, 1, 2]
[0, 1, 3]
[0, 1, 5]
[0, 1, 4]
[0, 1, 6]
[0, 1, 7]
[0, 1, 2, 3]
0.4444444444444444 0.47058823529411764
itercount --------> 5
[3, 0, 1]
[3, 0, 2]
[3, 0, 5]
[3, 0, 4]
0.47058823529411764 0.5263157894736842
itercount --------> 6
[0, 1, 2]
[0, 1, 5]
[0, 1, 4]
0.5263157894736842 0.5555555555555556
itercount --------> 7
[1, 2, 5]
[1, 2, 0]
[1, 2, 4]
[1, 2, 6]
[1, 2, 7]
[1, 2, 3]
[1, 2, 5, 0]
0.5555555555555556 0.5882352941176471
itercount --------> 8
[0, 1, 2]
[0, 1, 5]
[0, 1, 4]
0.5882352941176471 0.625
itercount --------> 9
[0, 1, 2]
[0, 1, 4]
[0, 1, 5]
[0, 1, 6]
[0, 1, 7]
[0, 1, 3]
[0, 1, 2, 4]
[0, 1, 2, 5]
[0, 1, 2, 6]
[0, 1, 2, 7]
[0, 1, 2, 3]
[0, 1, 2, 4, 5]
[0, 1, 2, 4, 6]
[0, 1, 2, 4, 7]
[0, 1, 2, 4, 3]
[0, 1, 2, 4, 5, 6]
0.625 0.7142857142857143
itercount --------> 10
[4, 6, 7]
[4, 6, 3]
[4, 6, 0]
[4, 6, 1]
[4, 6, 2]
[4, 6, 5]
[4, 6, 7, 3]
[4, 6, 7, 0]
[4, 6, 7, 1]
[4, 6, 7, 2]
[4, 6, 7, 5]
[4, 6, 7, 3, 0]
[4, 6, 7, 3, 1]
[4, 6, 7, 3, 2]
[4, 6, 7, 3, 5]
[4, 6, 7, 3, 0, 1]
[4, 6, 7, 3, 0, 2]
[4, 6, 7, 3, 0, 5]
[4, 6, 7, 3, 0, 1, 2]
[4, 6, 7, 3, 0, 1, 5]
[4, 6, 7, 3, 0, 1, 2, 5]
failed -> 12 times
after fail n ======> 7
[0, 1, 2, 5, 6, 7, 3]
0.0594059405940594 0.09375
itercount --------> 1
[0, 1, 2]
0.09375 0.15
itercount --------> 2
[0, 6, 1]
0.15 0.21428571428571427
itercount --------> 3
[0, 1, 2]
[0, 1, 5]
[0, 1, 6]
0.21428571428571427 0.2777777777777778
itercount --------> 4
[7, 0, 1]
0.2777777777777778 0.3333333333333333
itercount --------> 5
[7, 3, 4]
0.3333333333333333 0.4375
itercount --------> 6
[7, 0, 1]
[7, 0, 2]
[7, 0, 5]
[7, 0, 4]
[7, 0, 3]
[7, 0, 6]
[7, 0, 1, 2]
[7, 0, 1, 5]
[7, 0, 1, 4]
0.4375 0.5
itercount --------> 7
[7, 4, 3]
[7, 4, 0]
[7, 4, 1]
[7, 4, 2]
[7, 4, 5]
[7, 4, 6]
[7, 4, 3, 0]
[7, 4, 3, 1]
[7, 4, 3, 2]
[7, 4, 3, 5]
[7, 4, 3, 6]
[7, 4, 3, 0, 1]
[7, 4, 3, 0, 2]
[7, 4, 3, 0, 5]
[7, 4, 3, 0, 6]
[7, 4, 3, 0, 1, 2]
[7, 4, 3, 0, 1, 5]
[7, 4, 3, 0, 1, 6]
[7, 4, 3, 0, 1, 2, 5]
[7, 4, 3, 0, 1, 2, 6]
[7, 4, 3, 0, 1, 2, 5, 6]
failed -> 13 times
after fail n ======> 8
[0, 1, 2, 5, 6, 7, 3, 4]
0.0594059405940594 0.09259259259259259
itercount --------> 1
[1, 5, 2]
0.09259259259259259 0.2777777777777778
itercount --------> 2
[4, 7, 0]
[4, 7, 3]
0.2777777777777778 0.28
itercount --------> 3
[6, 7, 0]
[6, 7, 1]
0.28 0.30434782608695654
itercount --------> 4
[7, 0, 6]
0.30434782608695654 0.4230769230769231
itercount --------> 5
[0, 7, 1]
[0, 7, 2]
[0, 7, 5]
0.4230769230769231 0.6111111111111112
itercount --------> 6
[7, 0, 1]
[7, 0, 2]
[7, 0, 3]
[7, 0, 5]
[7, 0, 6]
[7, 0, 4]
[7, 0, 1, 2]
[7, 0, 1, 3]
[7, 0, 1, 5]
[7, 0, 1, 6]
[7, 0, 1, 4]
[7, 0, 1, 2, 3]
[7, 0, 1, 2, 5]
[7, 0, 1, 2, 6]
[7, 0, 1, 2, 4]
[7, 0, 1, 2, 3, 5]
[7, 0, 1, 2, 3, 6]
[7, 0, 1, 2, 3, 4]
[7, 0, 1, 2, 3, 5, 6]
[7, 0, 1, 2, 3, 5, 4]
[7, 0, 1, 2, 3, 5, 6, 4]
failed -> 14 times
after fail n ======> 5
[0, 1, 2, 5, 6]
0.0594059405940594 0.11320754716981132
itercount --------> 1
[0, 2, 1]
0.11320754716981132 0.20689655172413793
itercount --------> 2
[2, 0, 1]
0.20689655172413793 0.35294117647058826
itercount --------> 3
[0, 1, 2]
[0, 1, 5]
[0, 1, 6]
[0, 1, 7]
[0, 1, 3]
[0, 1, 4]
[0, 1, 2, 5]
[0, 1, 2, 6]
0.35294117647058826 0.4444444444444444
itercount --------> 4
[0, 1, 2]
[0, 1, 3]
0.4444444444444444 0.47058823529411764
itercount --------> 5
[1, 2, 3]
[1, 2, 5]
[1, 2, 0]
[1, 2, 4]
0.47058823529411764 0.5
itercount --------> 6
[3, 2, 4]
[3, 2, 7]
[3, 2, 1]
[3, 2, 5]
0.5 0.5333333333333333
itercount --------> 7
[3, 1, 2]
[3, 1, 4]
[3, 1, 5]
[3, 1, 6]
[3, 1, 7]
[3, 1, 0]
[3, 1, 2, 4]
0.5333333333333333 0.625
itercount --------> 8
[1, 2, 4]
[1, 2, 5]
[1, 2, 6]
[1, 2, 7]
[1, 2, 0]
[1, 2, 3]
[1, 2, 4, 5]
[1, 2, 4, 6]
[1, 2, 4, 7]
[1, 2, 4, 0]
[1, 2, 4, 3]
[1, 2, 4, 5, 6]
0.625 0.6666666666666666
itercount --------> 9
[4, 6, 7]
[4, 6, 0]
[4, 6, 1]
[4, 6, 2]
[4, 6, 3]
[4, 6, 5]
[4, 6, 7, 0]
[4, 6, 7, 1]
[4, 6, 7, 2]
[4, 6, 7, 3]
[4, 6, 7, 5]
[4, 6, 7, 0, 1]
[4, 6, 7, 0, 2]
[4, 6, 7, 0, 3]
[4, 6, 7, 0, 5]
[4, 6, 7, 0, 1, 2]
[4, 6, 7, 0, 1, 3]
[4, 6, 7, 0, 1, 5]
[4, 6, 7, 0, 1, 2, 3]
[4, 6, 7, 0, 1, 2, 5]
[4, 6, 7, 0, 1, 2, 3, 5]
failed -> 15 times
after fail n ======> 6
[0, 1, 2, 5, 6, 7]
0.0594059405940594 0.09375
itercount --------> 1
[1, 5, 0]
[1, 5, 2]
0.09375 0.15
itercount --------> 2
[1, 6, 0]
[1, 6, 2]
[1, 6, 5]
0.15 0.21428571428571427
itercount --------> 3
[0, 1, 2]
[0, 1, 5]
[0, 1, 6]
[0, 1, 7]
[0, 1, 3]
[0, 1, 4]
[0, 1, 2, 5]
[0, 1, 2, 6]
0.21428571428571427 0.2777777777777778
itercount --------> 4
[1, 7, 3]
0.2777777777777778 0.3333333333333333
itercount --------> 5
[7, 3, 4]
0.3333333333333333 0.4375
itercount --------> 6
[7, 0, 1]
[7, 0, 2]
[7, 0, 5]
[7, 0, 4]
[7, 0, 3]
[7, 0, 6]
[7, 0, 1, 2]
[7, 0, 1, 5]
[7, 0, 1, 4]
[7, 0, 1, 3]
[7, 0, 1, 6]
[7, 0, 1, 2, 5]
[7, 0, 1, 2, 4]
0.4375 0.5
itercount --------> 7
[7, 4, 3]
[7, 4, 0]
[7, 4, 1]
[7, 4, 2]
[7, 4, 5]
[7, 4, 6]
[7, 4, 3, 0]
[7, 4, 3, 1]
[7, 4, 3, 2]
[7, 4, 3, 5]
[7, 4, 3, 6]
[7, 4, 3, 0, 1]
[7, 4, 3, 0, 2]
[7, 4, 3, 0, 5]
[7, 4, 3, 0, 6]
[7, 4, 3, 0, 1, 2]
[7, 4, 3, 0, 1, 5]
[7, 4, 3, 0, 1, 6]
[7, 4, 3, 0, 1, 2, 5]
[7, 4, 3, 0, 1, 2, 6]
[7, 4, 3, 0, 1, 2, 5, 6]
failed -> 16 times
after fail n ======> 7
[0, 1, 2, 5, 6, 7, 3]
0.0594059405940594 0.11320754716981132
itercount --------> 1
[1, 2, 0]
0.11320754716981132 0.20689655172413793
itercount --------> 2
[1, 0, 2]
0.20689655172413793 0.35294117647058826
itercount --------> 3
[0, 1, 2]
[0, 1, 5]
[0, 1, 3]
0.35294117647058826 0.4
itercount --------> 4
[0, 1, 2]
[0, 1, 5]
[0, 1, 3]
[0, 1, 6]
[0, 1, 7]
[0, 1, 4]
[0, 1, 2, 5]
[0, 1, 2, 3]
[0, 1, 2, 6]
[0, 1, 2, 7]
[0, 1, 2, 4]
0.4 0.42857142857142855
itercount --------> 5
[3, 4, 6]
0.42857142857142855 0.6
itercount --------> 6
[4, 7, 3]
[4, 7, 6]
[4, 7, 0]
[4, 7, 1]
[4, 7, 2]
[4, 7, 5]
[4, 7, 3, 6]
[4, 7, 3, 0]
[4, 7, 3, 1]
[4, 7, 3, 2]
[4, 7, 3, 5]
[4, 7, 3, 6, 0]
[4, 7, 3, 6, 1]
0.6 0.6111111111111112
itercount --------> 7
[7, 3, 4]
[7, 3, 6]
[7, 3, 0]
[7, 3, 1]
[7, 3, 2]
[7, 3, 5]
[7, 3, 4, 6]
[7, 3, 4, 0]
[7, 3, 4, 1]
[7, 3, 4, 2]
[7, 3, 4, 5]
[7, 3, 4, 6, 0]
[7, 3, 4, 6, 1]
[7, 3, 4, 6, 2]
[7, 3, 4, 6, 5]
[7, 3, 4, 6, 0, 1]
[7, 3, 4, 6, 0, 2]
[7, 3, 4, 6, 0, 5]
[7, 3, 4, 6, 0, 1, 2]
[7, 3, 4, 6, 0, 1, 5]
[7, 3, 4, 6, 0, 1, 2, 5]
failed -> 17 times
after fail n ======> 8
[0, 1, 2, 5, 6, 7, 3, 4]
0.0594059405940594 0.11320754716981132
itercount --------> 1
[1, 2, 0]
[1, 2, 5]
0.11320754716981132 0.20689655172413793
itercount --------> 2
[1, 0, 2]
0.20689655172413793 0.35294117647058826
itercount --------> 3
[0, 1, 2]
[0, 1, 5]
[0, 1, 6]
0.35294117647058826 0.4444444444444444
itercount --------> 4
[0, 1, 2]
[0, 1, 3]
[0, 1, 5]
[0, 1, 4]
[0, 1, 6]
[0, 1, 7]
[0, 1, 2, 3]
0.4444444444444444 0.47058823529411764
itercount --------> 5
[1, 2, 3]
[1, 2, 0]
[1, 2, 5]
0.47058823529411764 0.5
itercount --------> 6
[3, 0, 1]
[3, 0, 2]
[3, 0, 4]
[3, 0, 5]
[3, 0, 6]
[3, 0, 7]
[3, 0, 1, 2]
[3, 0, 1, 4]
0.5 0.5882352941176471
itercount --------> 7
[0, 1, 2]
[0, 1, 5]
[0, 1, 4]
[0, 1, 6]
[0, 1, 7]
[0, 1, 3]
[0, 1, 2, 5]
[0, 1, 2, 4]
0.5882352941176471 0.625
itercount --------> 8
[1, 2, 4]
[1, 2, 6]
[1, 2, 7]
[1, 2, 0]
0.625 0.6666666666666666
itercount --------> 9
[4, 6, 7]
[4, 6, 0]
[4, 6, 1]
[4, 6, 2]
[4, 6, 3]
[4, 6, 5]
[4, 6, 7, 0]
[4, 6, 7, 1]
[4, 6, 7, 2]
[4, 6, 7, 3]
[4, 6, 7, 5]
[4, 6, 7, 0, 1]
[4, 6, 7, 0, 2]
[4, 6, 7, 0, 3]
[4, 6, 7, 0, 5]
0.6666666666666666 0.7142857142857143
itercount --------> 10
[4, 6, 7]
[4, 6, 3]
[4, 6, 0]
[4, 6, 1]
[4, 6, 2]
[4, 6, 5]
[4, 6, 7, 3]
[4, 6, 7, 0]
[4, 6, 7, 1]
[4, 6, 7, 2]
[4, 6, 7, 5]
[4, 6, 7, 3, 0]
[4, 6, 7, 3, 1]
[4, 6, 7, 3, 2]
[4, 6, 7, 3, 5]
[4, 6, 7, 3, 0, 1]
[4, 6, 7, 3, 0, 2]
[4, 6, 7, 3, 0, 5]
[4, 6, 7, 3, 0, 1, 2]
[4, 6, 7, 3, 0, 1, 5]
[4, 6, 7, 3, 0, 1, 2, 5]
failed -> 18 times
after fail n ======> 5
[0, 1, 2, 5, 6]
0.0594059405940594 0.11320754716981132
itercount --------> 1
[1, 2, 0]
0.11320754716981132 0.20689655172413793
itercount --------> 2
[2, 0, 1]
0.20689655172413793 0.35294117647058826
itercount --------> 3
[0, 1, 2]
[0, 1, 5]
[0, 1, 6]
0.35294117647058826 0.38095238095238093
itercount --------> 4
[0, 1, 2]
[0, 1, 3]
0.38095238095238093 0.42105263157894735
itercount --------> 5
[0, 1, 2]
[0, 1, 5]
[0, 1, 3]
[0, 1, 4]
[0, 1, 6]
0.42105263157894735 0.42857142857142855
itercount --------> 6
[0, 5, 6]
[0, 5, 7]
[0, 5, 4]
[0, 5, 3]
[0, 5, 1]
0.42857142857142855 0.46153846153846156
itercount --------> 7
[7, 0, 1]
[7, 0, 2]
[7, 0, 3]
[7, 0, 5]
[7, 0, 6]
0.46153846153846156 0.5
itercount --------> 8
[3, 0, 1]
[3, 0, 2]
[3, 0, 5]
[3, 0, 6]
[3, 0, 7]
[3, 0, 4]
0.5 0.55
itercount --------> 9
[0, 1, 2]
[0, 1, 5]
[0, 1, 7]
[0, 1, 3]
[0, 1, 4]
[0, 1, 6]
[0, 1, 2, 5]
[0, 1, 2, 7]
0.55 0.6111111111111112
itercount --------> 10
[7, 3, 4]
[7, 3, 6]
[7, 3, 0]
[7, 3, 1]
[7, 3, 2]
[7, 3, 5]
[7, 3, 4, 6]
[7, 3, 4, 0]
[7, 3, 4, 1]
[7, 3, 4, 2]
[7, 3, 4, 5]
[7, 3, 4, 6, 0]
[7, 3, 4, 6, 1]
0.6111111111111112 0.625
itercount --------> 11
[7, 0, 1]
[7, 0, 2]
[7, 0, 5]
[7, 0, 3]
[7, 0, 4]
[7, 0, 6]
[7, 0, 1, 2]
[7, 0, 1, 5]
[7, 0, 1, 3]
[7, 0, 1, 4]
[7, 0, 1, 6]
[7, 0, 1, 2, 5]
[7, 0, 1, 2, 3]
[7, 0, 1, 2, 4]
[7, 0, 1, 2, 6]
[7, 0, 1, 2, 5, 3]
0.625 0.6666666666666666
itercount --------> 12
[7, 0, 1]
[7, 0, 2]
[7, 0, 3]
[7, 0, 4]
[7, 0, 5]
[7, 0, 6]
[7, 0, 1, 2]
[7, 0, 1, 3]
[7, 0, 1, 4]
[7, 0, 1, 5]
[7, 0, 1, 6]
[7, 0, 1, 2, 3]
[7, 0, 1, 2, 4]
[7, 0, 1, 2, 5]
[7, 0, 1, 2, 6]
[7, 0, 1, 2, 3, 4]
[7, 0, 1, 2, 3, 5]
[7, 0, 1, 2, 3, 6]
[7, 0, 1, 2, 3, 4, 5]
[7, 0, 1, 2, 3, 4, 6]
[7, 0, 1, 2, 3, 4, 5, 6]
failed -> 19 times
after fail n ======> 6
[0, 1, 2, 5, 6, 7]
0.0594059405940594 0.11320754716981132
itercount --------> 1
[0, 1, 2]
0.11320754716981132 0.35294117647058826
itercount --------> 2
[0, 1, 2]
[0, 1, 5]
[0, 1, 6]
0.35294117647058826 0.38095238095238093
itercount --------> 3
[0, 1, 2]
0.38095238095238093 0.4444444444444444
itercount --------> 4
[0, 1, 2]
[0, 1, 3]
[0, 1, 5]
[0, 1, 4]
[0, 1, 6]
[0, 1, 7]
[0, 1, 2, 3]
[0, 1, 2, 5]
[0, 1, 2, 4]
0.4444444444444444 0.47058823529411764
itercount --------> 5
[3, 0, 2]
[3, 0, 5]
0.47058823529411764 0.5
itercount --------> 6
[0, 3, 4]
[0, 3, 2]
[0, 3, 5]
0.5 0.5333333333333333
itercount --------> 7
[3, 4, 6]
0.5333333333333333 0.625
itercount --------> 8
[0, 2, 4]
[0, 2, 5]
[0, 2, 6]
[0, 2, 7]
[0, 2, 1]
[0, 2, 3]
[0, 2, 4, 5]
[0, 2, 4, 6]
[0, 2, 4, 7]
[0, 2, 4, 1]
[0, 2, 4, 3]
[0, 2, 4, 5, 6]
[0, 2, 4, 5, 7]
0.625 0.7142857142857143
itercount --------> 9
[4, 6, 7]
[4, 6, 3]
[4, 6, 0]
[4, 6, 1]
[4, 6, 2]
[4, 6, 5]
[4, 6, 7, 3]
[4, 6, 7, 0]
[4, 6, 7, 1]
[4, 6, 7, 2]
[4, 6, 7, 5]
[4, 6, 7, 3, 0]
[4, 6, 7, 3, 1]
[4, 6, 7, 3, 2]
[4, 6, 7, 3, 5]
[4, 6, 7, 3, 0, 1]
[4, 6, 7, 3, 0, 2]
[4, 6, 7, 3, 0, 5]
[4, 6, 7, 3, 0, 1, 2]
[4, 6, 7, 3, 0, 1, 5]
[4, 6, 7, 3, 0, 1, 2, 5]
failed -> 20 times
after fail n ======> 7
[0, 1, 2, 5, 6, 7, 3]
0.0594059405940594 0.10256410256410256
itercount --------> 1
[1, 2, 3]
[1, 2, 4]
[1, 2, 0]
0.10256410256410256 0.12121212121212122
itercount --------> 2
[0, 2, 3]
0.12121212121212122 0.20689655172413793
itercount --------> 3
[0, 1, 2]
0.20689655172413793 0.35294117647058826
itercount --------> 4
[0, 1, 2]
[0, 1, 5]
[0, 1, 6]
0.35294117647058826 0.38095238095238093
itercount --------> 5
[0, 1, 2]
[0, 1, 3]
[0, 1, 5]
0.38095238095238093 0.4444444444444444
itercount --------> 6
[0, 1, 2]
[0, 1, 3]
0.4444444444444444 0.5
itercount --------> 7
[3, 0, 1]
[3, 0, 2]
[3, 0, 4]
0.5 0.5882352941176471
itercount --------> 8
[0, 1, 2]
[0, 1, 5]
[0, 1, 4]
[0, 1, 6]
[0, 1, 7]
[0, 1, 3]
[0, 1, 2, 5]
[0, 1, 2, 4]
0.5882352941176471 0.625
itercount --------> 9
[0, 1, 4]
[0, 1, 5]
[0, 1, 6]
[0, 1, 7]
[0, 1, 2]
[0, 1, 3]
[0, 1, 4, 5]
[0, 1, 4, 6]
[0, 1, 4, 7]
[0, 1, 4, 2]
[0, 1, 4, 3]
[0, 1, 4, 5, 6]
0.625 0.6666666666666666
itercount --------> 10
[4, 6, 7]
[4, 6, 0]
[4, 6, 1]
[4, 6, 2]
[4, 6, 3]
[4, 6, 5]
[4, 6, 7, 0]
[4, 6, 7, 1]
[4, 6, 7, 2]
[4, 6, 7, 3]
[4, 6, 7, 5]
[4, 6, 7, 0, 1]
[4, 6, 7, 0, 2]
[4, 6, 7, 0, 3]
[4, 6, 7, 0, 5]
[4, 6, 7, 0, 1, 2]
[4, 6, 7, 0, 1, 3]
[4, 6, 7, 0, 1, 5]
[4, 6, 7, 0, 1, 2, 3]
[4, 6, 7, 0, 1, 2, 5]
[4, 6, 7, 0, 1, 2, 3, 5]
failed -> 21 times
after fail n ======> 8
[0, 1, 2, 5, 6, 7, 3, 4]
0.0594059405940594 0.09259259259259259
itercount --------> 1
[1, 2, 0]
0.09259259259259259 0.20512820512820512
itercount --------> 2
[2, 1, 0]
0.20512820512820512 0.38095238095238093
itercount --------> 3
[1, 0, 2]
[1, 0, 3]
[1, 0, 5]
0.38095238095238093 0.4444444444444444
itercount --------> 4
[0, 1, 2]
[0, 1, 3]
0.4444444444444444 0.47058823529411764
itercount --------> 5
[1, 3, 0]
[1, 3, 2]
0.47058823529411764 0.5
itercount --------> 6
[3, 0, 1]
[3, 0, 2]
[3, 0, 4]
0.5 0.5882352941176471
itercount --------> 7
[0, 1, 2]
[0, 1, 5]
[0, 1, 4]
[0, 1, 6]
[0, 1, 7]
[0, 1, 3]
[0, 1, 2, 5]
[0, 1, 2, 4]
0.5882352941176471 0.625
itercount --------> 8
[1, 2, 4]
[1, 2, 6]
[1, 2, 7]
[1, 2, 0]
[1, 2, 3]
[1, 2, 5]
0.625 0.6666666666666666
itercount --------> 9
[4, 6, 7]
[4, 6, 0]
[4, 6, 1]
[4, 6, 2]
[4, 6, 3]
[4, 6, 5]
[4, 6, 7, 0]
[4, 6, 7, 1]
[4, 6, 7, 2]
[4, 6, 7, 3]
[4, 6, 7, 5]
[4, 6, 7, 0, 1]
[4, 6, 7, 0, 2]
[4, 6, 7, 0, 3]
[4, 6, 7, 0, 5]
0.6666666666666666 0.7142857142857143
itercount --------> 10
[4, 6, 7]
[4, 6, 3]
[4, 6, 0]
[4, 6, 1]
[4, 6, 2]
[4, 6, 5]
[4, 6, 7, 3]
[4, 6, 7, 0]
[4, 6, 7, 1]
[4, 6, 7, 2]
[4, 6, 7, 5]
[4, 6, 7, 3, 0]
[4, 6, 7, 3, 1]
[4, 6, 7, 3, 2]
[4, 6, 7, 3, 5]
[4, 6, 7, 3, 0, 1]
[4, 6, 7, 3, 0, 2]
[4, 6, 7, 3, 0, 5]
[4, 6, 7, 3, 0, 1, 2]
[4, 6, 7, 3, 0, 1, 5]
[4, 6, 7, 3, 0, 1, 2, 5]
failed -> 22 times
after fail n ======> 5
[0, 1, 2, 5, 6]
0.0594059405940594 0.09259259259259259
itercount --------> 1
[2, 1, 0]
[2, 1, 5]
0.09259259259259259 0.20512820512820512
itercount --------> 2
[0, 2, 5]
0.20512820512820512 0.3333333333333333
itercount --------> 3
[2, 1, 0]
0.3333333333333333 0.38095238095238093
itercount --------> 4
[2, 0, 1]
[2, 0, 3]
[2, 0, 5]
[2, 0, 4]
[2, 0, 6]
[2, 0, 7]
[2, 0, 1, 3]
0.38095238095238093 0.4444444444444444
itercount --------> 5
[0, 1, 2]
[0, 1, 3]
[0, 1, 5]
[0, 1, 4]
0.4444444444444444 0.47058823529411764
itercount --------> 6
[3, 1, 2]
[3, 1, 0]
[3, 1, 4]
[3, 1, 5]
0.47058823529411764 0.5
itercount --------> 7
[3, 0, 1]
[3, 0, 2]
0.5 0.5333333333333333
itercount --------> 8
[3, 4, 6]
0.5333333333333333 0.5384615384615384
itercount --------> 9
[0, 1, 2]
[0, 1, 5]
[0, 1, 4]
[0, 1, 3]
[0, 1, 6]
[0, 1, 7]
[0, 1, 2, 5]
[0, 1, 2, 4]
[0, 1, 2, 3]
0.5384615384615384 0.5833333333333334
itercount --------> 10
[0, 1, 2]
[0, 1, 3]
[0, 1, 4]
[0, 1, 5]
[0, 1, 6]
[0, 1, 7]
[0, 1, 2, 3]
[0, 1, 2, 4]
[0, 1, 2, 5]
[0, 1, 2, 6]
[0, 1, 2, 7]
[0, 1, 2, 3, 4]
[0, 1, 2, 3, 5]
[0, 1, 2, 3, 6]
[0, 1, 2, 3, 7]
[0, 1, 2, 3, 4, 5]
[0, 1, 2, 3, 4, 6]
0.5833333333333334 0.5882352941176471
itercount --------> 11
[0, 1, 2]
[0, 1, 5]
[0, 1, 4]
0.5882352941176471 0.625
itercount --------> 12
[0, 2, 4]
[0, 2, 6]
[0, 2, 7]
[0, 2, 1]
[0, 2, 3]
[0, 2, 5]
0.625 0.6666666666666666
itercount --------> 13
[4, 6, 7]
[4, 6, 0]
[4, 6, 1]
[4, 6, 2]
[4, 6, 3]
[4, 6, 5]
[4, 6, 7, 0]
[4, 6, 7, 1]
[4, 6, 7, 2]
[4, 6, 7, 3]
[4, 6, 7, 5]
[4, 6, 7, 0, 1]
[4, 6, 7, 0, 2]
0.6666666666666666 0.7142857142857143
itercount --------> 14
[4, 6, 7]
[4, 6, 3]
[4, 6, 0]
[4, 6, 1]
[4, 6, 2]
[4, 6, 5]
[4, 6, 7, 3]
[4, 6, 7, 0]
[4, 6, 7, 1]
[4, 6, 7, 2]
[4, 6, 7, 5]
[4, 6, 7, 3, 0]
[4, 6, 7, 3, 1]
[4, 6, 7, 3, 2]
[4, 6, 7, 3, 5]
[4, 6, 7, 3, 0, 1]
[4, 6, 7, 3, 0, 2]
[4, 6, 7, 3, 0, 5]
[4, 6, 7, 3, 0, 1, 2]
[4, 6, 7, 3, 0, 1, 5]
[4, 6, 7, 3, 0, 1, 2, 5]
failed -> 23 times
after fail n ======> 6
[0, 1, 2, 5, 6, 7]
0.0594059405940594 0.09375
itercount --------> 1
[2, 5, 0]
0.09375 0.21428571428571427
itercount --------> 2
[0, 1, 2]
[0, 1, 5]
[0, 1, 6]
[0, 1, 7]
[0, 1, 3]
[0, 1, 4]
[0, 1, 2, 5]
[0, 1, 2, 6]
0.21428571428571427 0.2777777777777778
itercount --------> 3
[1, 7, 3]
[1, 7, 4]
[1, 7, 0]
0.2777777777777778 0.4444444444444444
itercount --------> 4
[1, 3, 4]
0.4444444444444444 0.4666666666666667
itercount --------> 5
[4, 3, 1]
[4, 3, 7]
[4, 3, 6]
[4, 3, 0]
0.4666666666666667 0.47058823529411764
itercount --------> 6
[0, 3, 1]
[0, 3, 4]
0.47058823529411764 0.5263157894736842
itercount --------> 7
[0, 1, 2]
0.5263157894736842 0.5555555555555556
itercount --------> 8
[1, 0, 2]
[1, 0, 5]
0.5555555555555556 0.5882352941176471
itercount --------> 9
[0, 1, 2]
[0, 1, 5]
[0, 1, 4]
[0, 1, 6]
[0, 1, 7]
[0, 1, 3]
[0, 1, 2, 5]
[0, 1, 2, 4]
[0, 1, 2, 6]
0.5882352941176471 0.6666666666666666
itercount --------> 10
[4, 0, 7]
[4, 0, 6]
[4, 0, 3]
[4, 0, 1]
[4, 0, 2]
[4, 0, 5]
0.6666666666666666 0.7142857142857143
itercount --------> 11
[4, 6, 7]
[4, 6, 3]
[4, 6, 0]
[4, 6, 1]
[4, 6, 2]
[4, 6, 5]
[4, 6, 7, 3]
[4, 6, 7, 0]
[4, 6, 7, 1]
[4, 6, 7, 2]
[4, 6, 7, 5]
[4, 6, 7, 3, 0]
[4, 6, 7, 3, 1]
[4, 6, 7, 3, 2]
[4, 6, 7, 3, 5]
[4, 6, 7, 3, 0, 1]
[4, 6, 7, 3, 0, 2]
[4, 6, 7, 3, 0, 5]
[4, 6, 7, 3, 0, 1, 2]
[4, 6, 7, 3, 0, 1, 5]
[4, 6, 7, 3, 0, 1, 2, 5]
failed -> 24 times
after fail n ======> 7
[0, 1, 2, 5, 6, 7, 3]
0.0594059405940594 0.10256410256410256
itercount --------> 1
[2, 5, 3]
0.10256410256410256 0.10526315789473684
itercount --------> 2
[0, 1, 2]
0.10526315789473684 0.13333333333333333
itercount --------> 3
[0, 1, 2]
[0, 1, 5]
[0, 1, 3]
0.13333333333333333 0.20689655172413793
itercount --------> 4
[0, 1, 6]
0.20689655172413793 0.21428571428571427
itercount --------> 5
[0, 1, 6]
0.21428571428571427 0.35294117647058826
itercount --------> 6
[0, 6, 7]
[0, 6, 3]
[0, 6, 4]
[0, 6, 1]
[0, 6, 2]
[0, 6, 5]
0.35294117647058826 0.46153846153846156
itercount --------> 7
[7, 0, 1]
[7, 0, 2]
[7, 0, 3]
[7, 0, 5]
[7, 0, 6]
[7, 0, 4]
[7, 0, 1, 2]
[7, 0, 1, 3]
[7, 0, 1, 5]
[7, 0, 1, 6]
0.46153846153846156 0.47058823529411764
itercount --------> 8
[0, 1, 3]
[0, 1, 2]
[0, 1, 5]
0.47058823529411764 0.5
itercount --------> 9
[3, 0, 1]
[3, 0, 2]
[3, 0, 4]
0.5 0.5882352941176471
itercount --------> 10
[0, 1, 2]
[0, 1, 5]
[0, 1, 4]
0.5882352941176471 0.625
itercount --------> 11
[0, 1, 2]
[0, 1, 4]
[0, 1, 5]
[0, 1, 6]
[0, 1, 7]
[0, 1, 3]
[0, 1, 2, 4]
[0, 1, 2, 5]
[0, 1, 2, 6]
[0, 1, 2, 7]
[0, 1, 2, 3]
[0, 1, 2, 4, 5]
[0, 1, 2, 4, 6]
[0, 1, 2, 4, 7]
[0, 1, 2, 4, 3]
[0, 1, 2, 4, 5, 6]
0.625 0.6666666666666666
itercount --------> 12
[4, 6, 7]
[4, 6, 0]
[4, 6, 1]
[4, 6, 2]
[4, 6, 3]
[4, 6, 5]
[4, 6, 7, 0]
[4, 6, 7, 1]
[4, 6, 7, 2]
[4, 6, 7, 3]
[4, 6, 7, 5]
[4, 6, 7, 0, 1]
[4, 6, 7, 0, 2]
[4, 6, 7, 0, 3]
[4, 6, 7, 0, 5]
[4, 6, 7, 0, 1, 2]
[4, 6, 7, 0, 1, 3]
[4, 6, 7, 0, 1, 5]
[4, 6, 7, 0, 1, 2, 3]
[4, 6, 7, 0, 1, 2, 5]
[4, 6, 7, 0, 1, 2, 3, 5]
failed -> 25 times
after fail n ======> 8
[0, 1, 2, 5, 6, 7, 3, 4]
0.0594059405940594 0.07272727272727272
itercount --------> 1
[0, 1, 5]
0.07272727272727272 0.12903225806451613
itercount --------> 2
[0, 2, 1]
0.12903225806451613 0.21052631578947367
itercount --------> 3
[0, 4, 6]
0.21052631578947367 0.25
itercount --------> 4
[4, 3, 0]
[4, 3, 6]
[4, 3, 7]
0.25 0.2608695652173913
itercount --------> 5
[6, 0, 1]
[6, 0, 2]
0.2608695652173913 0.3333333333333333
itercount --------> 6
[6, 7, 3]
[6, 7, 4]
[6, 7, 0]
[6, 7, 1]
[6, 7, 2]
[6, 7, 5]
[6, 7, 3, 4]
[6, 7, 3, 0]
[6, 7, 3, 1]
[6, 7, 3, 2]
[6, 7, 3, 5]
[6, 7, 3, 4, 0]
[6, 7, 3, 4, 1]
[6, 7, 3, 4, 2]
[6, 7, 3, 4, 5]
[6, 7, 3, 4, 0, 1]
[6, 7, 3, 4, 0, 2]
0.3333333333333333 0.35294117647058826
itercount --------> 7
[6, 7, 1]
[6, 7, 2]
[6, 7, 4]
[6, 7, 5]
[6, 7, 3]
0.35294117647058826 0.4375
itercount --------> 8
[3, 4, 1]
0.4375 0.5
itercount --------> 9
[3, 4, 7]
[3, 4, 0]
[3, 4, 1]
[3, 4, 2]
[3, 4, 5]
[3, 4, 6]
[3, 4, 7, 0]
[3, 4, 7, 1]
[3, 4, 7, 2]
[3, 4, 7, 5]
[3, 4, 7, 6]
[3, 4, 7, 0, 1]
[3, 4, 7, 0, 2]
[3, 4, 7, 0, 5]
0.5 0.5384615384615384
itercount --------> 10
[3, 4, 7]
[3, 4, 6]
[3, 4, 0]
[3, 4, 1]
[3, 4, 2]
[3, 4, 5]
[3, 4, 7, 6]
0.5384615384615384 0.6666666666666666
itercount --------> 11
[0, 1, 2]
[0, 1, 5]
[0, 1, 7]
[0, 1, 3]
[0, 1, 4]
[0, 1, 6]
[0, 1, 2, 5]
[0, 1, 2, 7]
[0, 1, 2, 3]
[0, 1, 2, 4]
[0, 1, 2, 6]
[0, 1, 2, 5, 7]
[0, 1, 2, 5, 3]
[0, 1, 2, 5, 4]
[0, 1, 2, 5, 6]
[0, 1, 2, 5, 7, 3]
[0, 1, 2, 5, 7, 4]
[0, 1, 2, 5, 7, 6]
[0, 1, 2, 5, 7, 3, 4]
[0, 1, 2, 5, 7, 3, 6]
[0, 1, 2, 5, 7, 3, 4, 6]
failed -> 26 times
after fail n ======> 5
[0, 1, 2, 5, 6]
0.0594059405940594 0.20689655172413793
itercount --------> 1
[0, 1, 2]
0.20689655172413793 0.35294117647058826
itercount --------> 2
[0, 1, 2]
[0, 1, 5]
[0, 1, 6]
[0, 1, 7]
0.35294117647058826 0.3684210526315789
itercount --------> 3
[7, 6, 3]
0.3684210526315789 0.47368421052631576
itercount --------> 4
[0, 1, 2]
[0, 1, 5]
[0, 1, 3]
[0, 1, 7]
[0, 1, 6]
[0, 1, 4]
[0, 1, 2, 5]
[0, 1, 2, 3]
[0, 1, 2, 7]
[0, 1, 2, 6]
[0, 1, 2, 4]
[0, 1, 2, 5, 3]
[0, 1, 2, 5, 7]
[0, 1, 2, 5, 6]
[0, 1, 2, 5, 4]
[0, 1, 2, 5, 3, 7]
[0, 1, 2, 5, 3, 6]
[0, 1, 2, 5, 3, 4]
[0, 1, 2, 5, 3, 7, 6]
[0, 1, 2, 5, 3, 7, 4]
0.47368421052631576 0.5
itercount --------> 5
[0, 1, 2]
[0, 1, 5]
[0, 1, 3]
[0, 1, 7]
[0, 1, 6]
[0, 1, 4]
[0, 1, 2, 5]
[0, 1, 2, 3]
[0, 1, 2, 7]
[0, 1, 2, 6]
[0, 1, 2, 4]
[0, 1, 2, 5, 3]
[0, 1, 2, 5, 7]
[0, 1, 2, 5, 6]
[0, 1, 2, 5, 4]
[0, 1, 2, 5, 3, 7]
[0, 1, 2, 5, 3, 6]
[0, 1, 2, 5, 3, 4]
[0, 1, 2, 5, 3, 7, 6]
[0, 1, 2, 5, 3, 7, 4]
0.5 0.5333333333333333
itercount --------> 6
[7, 3, 4]
[7, 3, 6]
[7, 3, 0]
[7, 3, 1]
[7, 3, 2]
[7, 3, 5]
[7, 3, 4, 6]
[7, 3, 4, 0]
[7, 3, 4, 1]
[7, 3, 4, 2]
[7, 3, 4, 5]
[7, 3, 4, 6, 0]
[7, 3, 4, 6, 1]
[7, 3, 4, 6, 2]
[7, 3, 4, 6, 5]
[7, 3, 4, 6, 0, 1]
[7, 3, 4, 6, 0, 2]
[7, 3, 4, 6, 0, 5]
[7, 3, 4, 6, 0, 1, 2]
[7, 3, 4, 6, 0, 1, 5]
[7, 3, 4, 6, 0, 1, 2, 5]
failed -> 27 times
after fail n ======> 6
[0, 1, 2, 5, 6, 7]
0.0594059405940594 0.09259259259259259
itercount --------> 1
[2, 0, 1]
0.09259259259259259 0.20512820512820512
itercount --------> 2
[0, 2, 1]
0.20512820512820512 0.3333333333333333
itercount --------> 3
[2, 0, 1]
0.3333333333333333 0.38095238095238093
itercount --------> 4
[2, 0, 1]
[2, 0, 3]
[2, 0, 5]
[2, 0, 4]
[2, 0, 6]
[2, 0, 7]
[2, 0, 1, 3]
0.38095238095238093 0.4444444444444444
itercount --------> 5
[0, 1, 2]
[0, 1, 3]
[0, 1, 5]
[0, 1, 4]
[0, 1, 6]
[0, 1, 7]
[0, 1, 2, 3]
0.4444444444444444 0.47058823529411764
itercount --------> 6
[0, 2, 3]
[0, 2, 1]
[0, 2, 5]
0.47058823529411764 0.5
itercount --------> 7
[3, 0, 1]
[3, 0, 2]
[3, 0, 4]
0.5 0.5882352941176471
itercount --------> 8
[0, 1, 2]
[0, 1, 5]
[0, 1, 4]
[0, 1, 6]
[0, 1, 7]
[0, 1, 3]
[0, 1, 2, 5]
[0, 1, 2, 4]
0.5882352941176471 0.625
itercount --------> 9
[0, 2, 4]
[0, 2, 6]
[0, 2, 7]
[0, 2, 1]
[0, 2, 3]
[0, 2, 5]
0.625 0.6666666666666666
itercount --------> 10
[4, 6, 7]
[4, 6, 0]
[4, 6, 1]
[4, 6, 2]
[4, 6, 3]
[4, 6, 5]
[4, 6, 7, 0]
[4, 6, 7, 1]
[4, 6, 7, 2]
[4, 6, 7, 3]
[4, 6, 7, 5]
[4, 6, 7, 0, 1]
[4, 6, 7, 0, 2]
[4, 6, 7, 0, 3]
[4, 6, 7, 0, 5]
0.6666666666666666 0.7142857142857143
itercount --------> 11
[4, 6, 7]
[4, 6, 3]
[4, 6, 0]
[4, 6, 1]
[4, 6, 2]
[4, 6, 5]
[4, 6, 7, 3]
[4, 6, 7, 0]
[4, 6, 7, 1]
[4, 6, 7, 2]
[4, 6, 7, 5]
[4, 6, 7, 3, 0]
[4, 6, 7, 3, 1]
[4, 6, 7, 3, 2]
[4, 6, 7, 3, 5]
[4, 6, 7, 3, 0, 1]
[4, 6, 7, 3, 0, 2]
[4, 6, 7, 3, 0, 5]
[4, 6, 7, 3, 0, 1, 2]
[4, 6, 7, 3, 0, 1, 5]
[4, 6, 7, 3, 0, 1, 2, 5]
failed -> 28 times
after fail n ======> 7
[0, 1, 2, 5, 6, 7, 3]
0.0594059405940594 0.09210526315789473
itercount --------> 1
[0, 5, 2]
0.09210526315789473 0.15217391304347827
itercount --------> 2
[0, 2, 1]
0.15217391304347827 0.175
itercount --------> 3
[0, 2, 6]
0.175 0.21052631578947367
itercount --------> 4
[6, 2, 3]
0.21052631578947367 0.22727272727272727
itercount --------> 5
[2, 3, 6]
0.22727272727272727 0.2777777777777778
itercount --------> 6
[2, 6, 3]
0.2777777777777778 0.3181818181818182
itercount --------> 7
[2, 6, 7]
0.3181818181818182 0.35294117647058826
itercount --------> 8
[2, 5, 6]
0.35294117647058826 0.38095238095238093
itercount --------> 9
[5, 2, 3]
[5, 2, 4]
[5, 2, 0]
0.38095238095238093 0.4444444444444444
itercount --------> 10
[2, 5, 3]
[2, 5, 0]
[2, 5, 1]
0.4444444444444444 0.5333333333333333
itercount --------> 11
[3, 4, 6]
0.5333333333333333 0.5384615384615384
itercount --------> 12
[0, 1, 2]
[0, 1, 5]
[0, 1, 4]
[0, 1, 6]
[0, 1, 7]
[0, 1, 3]
[0, 1, 2, 5]
[0, 1, 2, 4]
[0, 1, 2, 6]
[0, 1, 2, 7]
[0, 1, 2, 3]
0.5384615384615384 0.5833333333333334
itercount --------> 13
[0, 1, 2]
[0, 1, 3]
[0, 1, 4]
[0, 1, 5]
[0, 1, 6]
[0, 1, 7]
[0, 1, 2, 3]
[0, 1, 2, 4]
[0, 1, 2, 5]
[0, 1, 2, 6]
[0, 1, 2, 7]
[0, 1, 2, 3, 4]
[0, 1, 2, 3, 5]
[0, 1, 2, 3, 6]
[0, 1, 2, 3, 7]
[0, 1, 2, 3, 4, 5]
[0, 1, 2, 3, 4, 6]
0.5833333333333334 0.625
itercount --------> 14
[0, 2, 5]
[0, 2, 7]
[0, 2, 6]
[0, 2, 1]
[0, 2, 3]
[0, 2, 4]
[0, 2, 5, 7]
[0, 2, 5, 6]
[0, 2, 5, 1]
[0, 2, 5, 3]
[0, 2, 5, 4]
[0, 2, 5, 7, 6]
[0, 2, 5, 7, 1]
[0, 2, 5, 7, 3]
[0, 2, 5, 7, 4]
[0, 2, 5, 7, 6, 1]
[0, 2, 5, 7, 6, 3]
[0, 2, 5, 7, 6, 4]
[0, 2, 5, 7, 6, 1, 3]
[0, 2, 5, 7, 6, 1, 4]
[0, 2, 5, 7, 6, 1, 3, 4]
failed -> 29 times
after fail n ======> 8
[0, 1, 2, 5, 6, 7, 3, 4]
0.0594059405940594 0.09259259259259259
itercount --------> 1
[0, 1, 2]
0.09259259259259259 0.20512820512820512
itercount --------> 2
[1, 0, 2]
0.20512820512820512 0.38095238095238093
itercount --------> 3
[0, 1, 2]
[0, 1, 3]
[0, 1, 5]
0.38095238095238093 0.4444444444444444
itercount --------> 4
[0, 1, 2]
[0, 1, 3]
0.4444444444444444 0.47058823529411764
itercount --------> 5
[3, 0, 1]
[3, 0, 2]
[3, 0, 5]
0.47058823529411764 0.5
itercount --------> 6
[3, 0, 1]
[3, 0, 2]
[3, 0, 4]
0.5 0.5882352941176471
itercount --------> 7
[0, 1, 2]
[0, 1, 5]
[0, 1, 4]
0.5882352941176471 0.625
itercount --------> 8
[0, 1, 2]
[0, 1, 4]
[0, 1, 5]
[0, 1, 6]
[0, 1, 7]
[0, 1, 3]
[0, 1, 2, 4]
[0, 1, 2, 5]
[0, 1, 2, 6]
[0, 1, 2, 7]
[0, 1, 2, 3]
[0, 1, 2, 4, 5]
0.625 0.6666666666666666
itercount --------> 9
[4, 6, 7]
[4, 6, 0]
[4, 6, 1]
[4, 6, 2]
[4, 6, 3]
[4, 6, 5]
[4, 6, 7, 0]
[4, 6, 7, 1]
[4, 6, 7, 2]
[4, 6, 7, 3]
[4, 6, 7, 5]
[4, 6, 7, 0, 1]
[4, 6, 7, 0, 2]
[4, 6, 7, 0, 3]
[4, 6, 7, 0, 5]
[4, 6, 7, 0, 1, 2]
[4, 6, 7, 0, 1, 3]
[4, 6, 7, 0, 1, 5]
[4, 6, 7, 0, 1, 2, 3]
[4, 6, 7, 0, 1, 2, 5]
[4, 6, 7, 0, 1, 2, 3, 5]
failed -> 30 times
after fail n ======> 5
[0, 1, 2, 5, 6]
0.0594059405940594 0.11320754716981132
itercount --------> 1
[0, 5, 1]
0.11320754716981132 0.35294117647058826
itercount --------> 2
[0, 1, 2]
[0, 1, 5]
[0, 1, 6]
[0, 1, 7]
[0, 1, 3]
[0, 1, 4]
[0, 1, 2, 5]
[0, 1, 2, 6]
0.35294117647058826 0.38095238095238093
itercount --------> 3
[0, 1, 2]
[0, 1, 3]
[0, 1, 5]
[0, 1, 4]
[0, 1, 6]
[0, 1, 7]
[0, 1, 2, 3]
0.38095238095238093 0.4444444444444444
itercount --------> 4
[0, 1, 2]
[0, 1, 3]
[0, 1, 5]
[0, 1, 4]
[0, 1, 6]
[0, 1, 7]
[0, 1, 2, 3]
0.4444444444444444 0.47058823529411764
itercount --------> 5
[0, 1, 3]
[0, 1, 5]
[0, 1, 2]
[0, 1, 4]
[0, 1, 6]
[0, 1, 7]
[0, 1, 3, 5]
[0, 1, 3, 2]
[0, 1, 3, 4]
0.47058823529411764 0.5
itercount --------> 6
[3, 0, 4]
[3, 0, 7]
[3, 0, 1]
[3, 0, 5]
[3, 0, 6]
[3, 0, 2]
[3, 0, 4, 7]
0.5 0.5555555555555556
itercount --------> 7
[0, 1, 4]
[0, 1, 5]
0.5555555555555556 0.625
itercount --------> 8
[0, 1, 4]
[0, 1, 5]
[0, 1, 6]
[0, 1, 7]
[0, 1, 2]
[0, 1, 3]
[0, 1, 4, 5]
[0, 1, 4, 6]
[0, 1, 4, 7]
[0, 1, 4, 2]
[0, 1, 4, 3]
[0, 1, 4, 5, 6]
[0, 1, 4, 5, 7]
0.625 0.6666666666666666
itercount --------> 9
[4, 6, 7]
[4, 6, 0]
[4, 6, 1]
[4, 6, 2]
[4, 6, 3]
[4, 6, 5]
[4, 6, 7, 0]
[4, 6, 7, 1]
[4, 6, 7, 2]
[4, 6, 7, 3]
[4, 6, 7, 5]
[4, 6, 7, 0, 1]
[4, 6, 7, 0, 2]
[4, 6, 7, 0, 3]
[4, 6, 7, 0, 5]
[4, 6, 7, 0, 1, 2]
[4, 6, 7, 0, 1, 3]
[4, 6, 7, 0, 1, 5]
[4, 6, 7, 0, 1, 2, 3]
[4, 6, 7, 0, 1, 2, 5]
[4, 6, 7, 0, 1, 2, 3, 5]
failed -> 31 times
after fail n ======> 6
[0, 1, 2, 5, 6, 7]
0.0594059405940594 0.11320754716981132
itercount --------> 1
[0, 5, 1]
[0, 5, 2]
0.11320754716981132 0.20689655172413793
itercount --------> 2
[5, 0, 1]
0.20689655172413793 0.35294117647058826
itercount --------> 3
[0, 1, 2]
[0, 1, 5]
[0, 1, 6]
0.35294117647058826 0.38095238095238093
itercount --------> 4
[1, 0, 2]
0.38095238095238093 0.4444444444444444
itercount --------> 5
[0, 1, 2]
[0, 1, 3]
[0, 1, 5]
[0, 1, 4]
0.4444444444444444 0.47058823529411764
itercount --------> 6
[3, 1, 4]
0.47058823529411764 0.5263157894736842
itercount --------> 7
[1, 0, 2]
[1, 0, 5]
0.5263157894736842 0.5882352941176471
itercount --------> 8
[0, 1, 2]
[0, 1, 5]
[0, 1, 4]
[0, 1, 6]
[0, 1, 7]
[0, 1, 3]
0.5882352941176471 0.625
itercount --------> 9
[1, 4, 6]
[1, 4, 7]
[1, 4, 0]
[1, 4, 2]
[1, 4, 3]
[1, 4, 5]
[1, 4, 6, 7]
[1, 4, 6, 0]
[1, 4, 6, 2]
[1, 4, 6, 3]
[1, 4, 6, 5]
[1, 4, 6, 7, 0]
[1, 4, 6, 7, 2]
[1, 4, 6, 7, 3]
[1, 4, 6, 7, 5]
[1, 4, 6, 7, 0, 2]
[1, 4, 6, 7, 0, 3]
[1, 4, 6, 7, 0, 5]
[1, 4, 6, 7, 0, 2, 3]
[1, 4, 6, 7, 0, 2, 5]
[1, 4, 6, 7, 0, 2, 3, 5]
failed -> 32 times
after fail n ======> 7
[0, 1, 2, 5, 6, 7, 3]
0.0594059405940594 0.10256410256410256
itercount --------> 1
[2, 5, 0]
0.10256410256410256 0.17391304347826086
itercount --------> 2
[2, 3, 6]
0.17391304347826086 0.24
itercount --------> 3
[2, 0, 1]
0.24 0.4
itercount --------> 4
[0, 1, 2]
[0, 1, 5]
[0, 1, 3]
[0, 1, 6]
[0, 1, 7]
[0, 1, 4]
0.4 0.42857142857142855
itercount --------> 5
[3, 4, 6]
0.42857142857142855 0.6
itercount --------> 6
[4, 7, 3]
[4, 7, 6]
[4, 7, 0]
[4, 7, 1]
[4, 7, 2]
[4, 7, 5]
[4, 7, 3, 6]
[4, 7, 3, 0]
[4, 7, 3, 1]
[4, 7, 3, 2]
[4, 7, 3, 5]
[4, 7, 3, 6, 0]
[4, 7, 3, 6, 1]
[4, 7, 3, 6, 2]
[4, 7, 3, 6, 5]
0.6 0.6111111111111112
itercount --------> 7
[7, 3, 4]
[7, 3, 6]
[7, 3, 0]
[7, 3, 1]
[7, 3, 2]
[7, 3, 5]
[7, 3, 4, 6]
[7, 3, 4, 0]
[7, 3, 4, 1]
[7, 3, 4, 2]
[7, 3, 4, 5]
[7, 3, 4, 6, 0]
[7, 3, 4, 6, 1]
[7, 3, 4, 6, 2]
[7, 3, 4, 6, 5]
[7, 3, 4, 6, 0, 1]
[7, 3, 4, 6, 0, 2]
[7, 3, 4, 6, 0, 5]
[7, 3, 4, 6, 0, 1, 2]
[7, 3, 4, 6, 0, 1, 5]
[7, 3, 4, 6, 0, 1, 2, 5]
failed -> 33 times
after fail n ======> 8
[0, 1, 2, 5, 6, 7, 3, 4]
0.0594059405940594 0.09375
itercount --------> 1
[0, 2, 1]
0.09375 0.21428571428571427
itercount --------> 2
[0, 1, 2]
[0, 1, 5]
[0, 1, 6]
0.21428571428571427 0.26666666666666666
itercount --------> 3
[0, 5, 1]
0.26666666666666666 0.3333333333333333
itercount --------> 4
[1, 0, 2]
0.3333333333333333 0.4444444444444444
itercount --------> 5
[0, 1, 2]
[0, 1, 3]
0.4444444444444444 0.47058823529411764
itercount --------> 6
[0, 1, 2]
[0, 1, 3]
[0, 1, 4]
0.47058823529411764 0.5
itercount --------> 7
[3, 1, 4]
[3, 1, 7]
[3, 1, 0]
[3, 1, 2]
[3, 1, 6]
[3, 1, 5]
0.5 0.5714285714285714
itercount --------> 8
[3, 4, 6]
0.5714285714285714 0.5833333333333334
itercount --------> 9
[0, 1, 2]
[0, 1, 3]
[0, 1, 4]
[0, 1, 5]
[0, 1, 6]
[0, 1, 7]
[0, 1, 2, 3]
[0, 1, 2, 4]
[0, 1, 2, 5]
[0, 1, 2, 6]
[0, 1, 2, 7]
[0, 1, 2, 3, 4]
[0, 1, 2, 3, 5]
[0, 1, 2, 3, 6]
[0, 1, 2, 3, 7]
[0, 1, 2, 3, 4, 5]
[0, 1, 2, 3, 4, 6]
0.5833333333333334 0.5882352941176471
itercount --------> 10
[0, 1, 2]
[0, 1, 4]
[0, 1, 5]
[0, 1, 7]
[0, 1, 3]
0.5882352941176471 0.625
itercount --------> 11
[1, 4, 6]
[1, 4, 7]
[1, 4, 0]
[1, 4, 2]
[1, 4, 3]
[1, 4, 5]
[1, 4, 6, 7]
[1, 4, 6, 0]
[1, 4, 6, 2]
[1, 4, 6, 3]
[1, 4, 6, 5]
[1, 4, 6, 7, 0]
[1, 4, 6, 7, 2]
[1, 4, 6, 7, 3]
[1, 4, 6, 7, 5]
[1, 4, 6, 7, 0, 2]
0.625 0.6666666666666666
itercount --------> 12
[4, 6, 7]
[4, 6, 1]
[4, 6, 2]
[4, 6, 3]
[4, 6, 0]
[4, 6, 5]
[4, 6, 7, 1]
[4, 6, 7, 2]
[4, 6, 7, 3]
[4, 6, 7, 0]
[4, 6, 7, 5]
[4, 6, 7, 1, 2]
[4, 6, 7, 1, 3]
[4, 6, 7, 1, 0]
[4, 6, 7, 1, 5]
[4, 6, 7, 1, 2, 3]
[4, 6, 7, 1, 2, 0]
[4, 6, 7, 1, 2, 5]
0.6666666666666666 0.7142857142857143
itercount --------> 13
[4, 6, 7]
[4, 6, 3]
[4, 6, 0]
[4, 6, 1]
[4, 6, 2]
[4, 6, 5]
[4, 6, 7, 3]
[4, 6, 7, 0]
[4, 6, 7, 1]
[4, 6, 7, 2]
[4, 6, 7, 5]
[4, 6, 7, 3, 0]
[4, 6, 7, 3, 1]
[4, 6, 7, 3, 2]
[4, 6, 7, 3, 5]
[4, 6, 7, 3, 0, 1]
[4, 6, 7, 3, 0, 2]
[4, 6, 7, 3, 0, 5]
[4, 6, 7, 3, 0, 1, 2]
[4, 6, 7, 3, 0, 1, 5]
[4, 6, 7, 3, 0, 1, 2, 5]
failed -> 34 times
after fail n ======> 5
[0, 1, 2, 5, 6]
0.0594059405940594 0.09375
itercount --------> 1
[1, 2, 0]
0.09375 0.15
itercount --------> 2
[1, 6, 0]
0.15 0.21428571428571427
itercount --------> 3
[0, 1, 2]
[0, 1, 5]
[0, 1, 6]
[0, 1, 7]
[0, 1, 3]
[0, 1, 4]
[0, 1, 2, 5]
[0, 1, 2, 6]
0.21428571428571427 0.23076923076923078
itercount --------> 4
[5, 1, 3]
0.23076923076923078 0.35294117647058826
itercount --------> 5
[0, 1, 2]
[0, 1, 6]
[0, 1, 7]
[0, 1, 3]
[0, 1, 4]
[0, 1, 5]
[0, 1, 2, 6]
0.35294117647058826 0.4444444444444444
itercount --------> 6
[0, 1, 2]
[0, 1, 3]
[0, 1, 4]
0.4444444444444444 0.47058823529411764
itercount --------> 7
[0, 2, 3]
[0, 2, 1]
[0, 2, 4]
[0, 2, 6]
[0, 2, 7]
[0, 2, 5]
[0, 2, 3, 1]
0.47058823529411764 0.5
itercount --------> 8
[2, 3, 1]
[2, 3, 0]
[2, 3, 4]
[2, 3, 6]
[2, 3, 7]
[2, 3, 5]
[2, 3, 1, 0]
[2, 3, 1, 4]
[2, 3, 1, 6]
[2, 3, 1, 7]
[2, 3, 1, 5]
0.5 0.5714285714285714
itercount --------> 9
[3, 4, 6]
0.5714285714285714 0.5882352941176471
itercount --------> 10
[0, 1, 2]
[0, 1, 4]
[0, 1, 5]
[0, 1, 7]
[0, 1, 3]
[0, 1, 6]
[0, 1, 2, 4]
0.5882352941176471 0.6666666666666666
itercount --------> 11
[4, 6, 7]
[4, 6, 0]
[4, 6, 1]
[4, 6, 2]
[4, 6, 3]
[4, 6, 5]
[4, 6, 7, 0]
[4, 6, 7, 1]
[4, 6, 7, 2]
[4, 6, 7, 3]
[4, 6, 7, 5]
[4, 6, 7, 0, 1]
[4, 6, 7, 0, 2]
[4, 6, 7, 0, 3]
[4, 6, 7, 0, 5]
0.6666666666666666 0.7142857142857143
itercount --------> 12
[4, 6, 7]
[4, 6, 3]
[4, 6, 0]
[4, 6, 1]
[4, 6, 2]
[4, 6, 5]
[4, 6, 7, 3]
[4, 6, 7, 0]
[4, 6, 7, 1]
[4, 6, 7, 2]
[4, 6, 7, 5]
[4, 6, 7, 3, 0]
[4, 6, 7, 3, 1]
[4, 6, 7, 3, 2]
[4, 6, 7, 3, 5]
[4, 6, 7, 3, 0, 1]
[4, 6, 7, 3, 0, 2]
[4, 6, 7, 3, 0, 5]
[4, 6, 7, 3, 0, 1, 2]
[4, 6, 7, 3, 0, 1, 5]
[4, 6, 7, 3, 0, 1, 2, 5]
failed -> 35 times
after fail n ======> 6
[0, 1, 2, 5, 6, 7]
0.0594059405940594 0.09375
itercount --------> 1
[0, 2, 1]
0.09375 0.15
itercount --------> 2
[2, 6, 0]
0.15 0.21428571428571427
itercount --------> 3
[0, 1, 2]
[0, 1, 5]
[0, 1, 6]
0.21428571428571427 0.2777777777777778
itercount --------> 4
[7, 0, 2]
0.2777777777777778 0.3333333333333333
itercount --------> 5
[7, 3, 4]
0.3333333333333333 0.4375
itercount --------> 6
[7, 0, 1]
[7, 0, 2]
[7, 0, 5]
[7, 0, 4]
[7, 0, 3]
[7, 0, 6]
[7, 0, 1, 2]
[7, 0, 1, 5]
[7, 0, 1, 4]
0.4375 0.5
itercount --------> 7
[7, 4, 3]
[7, 4, 0]
[7, 4, 1]
[7, 4, 2]
[7, 4, 5]
[7, 4, 6]
[7, 4, 3, 0]
[7, 4, 3, 1]
[7, 4, 3, 2]
[7, 4, 3, 5]
[7, 4, 3, 6]
[7, 4, 3, 0, 1]
[7, 4, 3, 0, 2]
[7, 4, 3, 0, 5]
[7, 4, 3, 0, 6]
[7, 4, 3, 0, 1, 2]
[7, 4, 3, 0, 1, 5]
[7, 4, 3, 0, 1, 6]
[7, 4, 3, 0, 1, 2, 5]
[7, 4, 3, 0, 1, 2, 6]
[7, 4, 3, 0, 1, 2, 5, 6]
failed -> 36 times
after fail n ======> 7
[0, 1, 2, 5, 6, 7, 3]
0.0594059405940594 0.11320754716981132
itercount --------> 1
[0, 2, 1]
0.11320754716981132 0.20689655172413793
itercount --------> 2
[0, 1, 2]
0.20689655172413793 0.35294117647058826
itercount --------> 3
[0, 1, 2]
[0, 1, 5]
[0, 1, 6]
[0, 1, 7]
[0, 1, 3]
[0, 1, 4]
[0, 1, 2, 5]
[0, 1, 2, 6]
0.35294117647058826 0.38095238095238093
itercount --------> 4
[0, 1, 2]
[0, 1, 3]
[0, 1, 5]
0.38095238095238093 0.4444444444444444
itercount --------> 5
[0, 1, 2]
[0, 1, 3]
[0, 1, 5]
[0, 1, 4]
[0, 1, 6]
[0, 1, 7]
[0, 1, 2, 3]
[0, 1, 2, 5]
[0, 1, 2, 4]
[0, 1, 2, 6]
[0, 1, 2, 7]
[0, 1, 2, 3, 5]
0.4444444444444444 0.47058823529411764
itercount --------> 6
[3, 0, 1]
[3, 0, 2]
[3, 0, 5]
[3, 0, 4]
[3, 0, 6]
[3, 0, 7]
[3, 0, 1, 2]
[3, 0, 1, 5]
[3, 0, 1, 4]
0.47058823529411764 0.5263157894736842
itercount --------> 7
[0, 1, 2]
[0, 1, 5]
[0, 1, 4]
0.5263157894736842 0.5555555555555556
itercount --------> 8
[0, 5, 1]
[0, 5, 2]
0.5555555555555556 0.5882352941176471
itercount --------> 9
[0, 1, 2]
[0, 1, 4]
[0, 1, 5]
[0, 1, 6]
[0, 1, 7]
[0, 1, 3]
[0, 1, 2, 4]
0.5882352941176471 0.625
itercount --------> 10
[0, 1, 2]
[0, 1, 4]
[0, 1, 5]
[0, 1, 6]
[0, 1, 7]
[0, 1, 3]
0.625 0.6666666666666666
itercount --------> 11
[4, 6, 7]
[4, 6, 0]
[4, 6, 1]
[4, 6, 2]
[4, 6, 3]
[4, 6, 5]
[4, 6, 7, 0]
[4, 6, 7, 1]
[4, 6, 7, 2]
[4, 6, 7, 3]
[4, 6, 7, 5]
[4, 6, 7, 0, 1]
[4, 6, 7, 0, 2]
[4, 6, 7, 0, 3]
[4, 6, 7, 0, 5]
[4, 6, 7, 0, 1, 2]
0.6666666666666666 0.7142857142857143
itercount --------> 12
[4, 6, 7]
[4, 6, 3]
[4, 6, 0]
[4, 6, 1]
[4, 6, 2]
[4, 6, 5]
[4, 6, 7, 3]
[4, 6, 7, 0]
[4, 6, 7, 1]
[4, 6, 7, 2]
[4, 6, 7, 5]
[4, 6, 7, 3, 0]
[4, 6, 7, 3, 1]
[4, 6, 7, 3, 2]
[4, 6, 7, 3, 5]
[4, 6, 7, 3, 0, 1]
[4, 6, 7, 3, 0, 2]
[4, 6, 7, 3, 0, 5]
[4, 6, 7, 3, 0, 1, 2]
[4, 6, 7, 3, 0, 1, 5]
[4, 6, 7, 3, 0, 1, 2, 5]
failed -> 37 times
after fail n ======> 8
[0, 1, 2, 5, 6, 7, 3, 4]
0.0594059405940594 0.10256410256410256
itercount --------> 1
[1, 5, 0]
0.10256410256410256 0.26666666666666666
itercount --------> 2
[0, 1, 2]
[0, 1, 5]
[0, 1, 3]
0.26666666666666666 0.35294117647058826
itercount --------> 3
[0, 1, 2]
[0, 1, 5]
[0, 1, 6]
0.35294117647058826 0.38095238095238093
itercount --------> 4
[1, 0, 2]
[1, 0, 3]
[1, 0, 5]
0.38095238095238093 0.4444444444444444
itercount --------> 5
[0, 1, 2]
[0, 1, 3]
0.4444444444444444 0.47058823529411764
itercount --------> 6
[1, 3, 0]
[1, 3, 2]
0.47058823529411764 0.5
itercount --------> 7
[3, 0, 1]
[3, 0, 2]
[3, 0, 4]
0.5 0.5882352941176471
itercount --------> 8
[0, 1, 2]
[0, 1, 5]
[0, 1, 4]
[0, 1, 6]
[0, 1, 7]
[0, 1, 3]
[0, 1, 2, 5]
[0, 1, 2, 4]
0.5882352941176471 0.625
itercount --------> 9
[1, 2, 4]
[1, 2, 6]
[1, 2, 7]
[1, 2, 0]
[1, 2, 3]
[1, 2, 5]
0.625 0.6666666666666666
itercount --------> 10
[4, 6, 7]
[4, 6, 0]
[4, 6, 1]
[4, 6, 2]
[4, 6, 3]
[4, 6, 5]
[4, 6, 7, 0]
[4, 6, 7, 1]
[4, 6, 7, 2]
[4, 6, 7, 3]
[4, 6, 7, 5]
[4, 6, 7, 0, 1]
[4, 6, 7, 0, 2]
[4, 6, 7, 0, 3]
[4, 6, 7, 0, 5]
0.6666666666666666 0.7142857142857143
itercount --------> 11
[4, 6, 7]
[4, 6, 3]
[4, 6, 0]
[4, 6, 1]
[4, 6, 2]
[4, 6, 5]
[4, 6, 7, 3]
[4, 6, 7, 0]
[4, 6, 7, 1]
[4, 6, 7, 2]
[4, 6, 7, 5]
[4, 6, 7, 3, 0]
[4, 6, 7, 3, 1]
[4, 6, 7, 3, 2]
[4, 6, 7, 3, 5]
[4, 6, 7, 3, 0, 1]
[4, 6, 7, 3, 0, 2]
[4, 6, 7, 3, 0, 5]
[4, 6, 7, 3, 0, 1, 2]
[4, 6, 7, 3, 0, 1, 5]
[4, 6, 7, 3, 0, 1, 2, 5]
failed -> 38 times
after fail n ======> 5
[0, 1, 2, 5, 6]
0.0594059405940594 0.11320754716981132
itercount --------> 1
[0, 5, 1]
0.11320754716981132 0.20689655172413793
itercount --------> 2
[5, 0, 1]
0.20689655172413793 0.35294117647058826
itercount --------> 3
[0, 1, 2]
[0, 1, 5]
[0, 1, 6]
[0, 1, 7]
[0, 1, 3]
[0, 1, 4]
[0, 1, 2, 5]
[0, 1, 2, 6]
0.35294117647058826 0.38095238095238093
itercount --------> 4
[2, 0, 1]
0.38095238095238093 0.4444444444444444
itercount --------> 5
[0, 1, 2]
[0, 1, 3]
0.4444444444444444 0.47058823529411764
itercount --------> 6
[1, 2, 3]
[1, 2, 0]
[1, 2, 5]
0.47058823529411764 0.5
itercount --------> 7
[3, 0, 1]
[3, 0, 2]
[3, 0, 4]
0.5 0.5882352941176471
itercount --------> 8
[0, 1, 2]
[0, 1, 5]
[0, 1, 4]
[0, 1, 6]
[0, 1, 7]
[0, 1, 3]
[0, 1, 2, 5]
[0, 1, 2, 4]
[0, 1, 2, 6]
[0, 1, 2, 7]
[0, 1, 2, 3]
[0, 1, 2, 5, 4]
0.5882352941176471 0.625
itercount --------> 9
[1, 2, 4]
[1, 2, 6]
[1, 2, 7]
[1, 2, 0]
[1, 2, 3]
[1, 2, 5]
[1, 2, 4, 6]
[1, 2, 4, 7]
[1, 2, 4, 0]
[1, 2, 4, 3]
[1, 2, 4, 5]
0.625 0.6666666666666666
itercount --------> 10
[4, 6, 7]
[4, 6, 0]
[4, 6, 1]
[4, 6, 2]
[4, 6, 3]
[4, 6, 5]
[4, 6, 7, 0]
[4, 6, 7, 1]
[4, 6, 7, 2]
[4, 6, 7, 3]
[4, 6, 7, 5]
[4, 6, 7, 0, 1]
[4, 6, 7, 0, 2]
[4, 6, 7, 0, 3]
[4, 6, 7, 0, 5]
0.6666666666666666 0.7142857142857143
itercount --------> 11
[4, 6, 7]
[4, 6, 3]
[4, 6, 0]
[4, 6, 1]
[4, 6, 2]
[4, 6, 5]
[4, 6, 7, 3]
[4, 6, 7, 0]
[4, 6, 7, 1]
[4, 6, 7, 2]
[4, 6, 7, 5]
[4, 6, 7, 3, 0]
[4, 6, 7, 3, 1]
[4, 6, 7, 3, 2]
[4, 6, 7, 3, 5]
[4, 6, 7, 3, 0, 1]
[4, 6, 7, 3, 0, 2]
[4, 6, 7, 3, 0, 5]
[4, 6, 7, 3, 0, 1, 2]
[4, 6, 7, 3, 0, 1, 5]
[4, 6, 7, 3, 0, 1, 2, 5]
failed -> 39 times
after fail n ======> 6
[0, 1, 2, 5, 6, 7]
0.0594059405940594 0.10666666666666667
itercount --------> 1
[2, 5, 0]
0.10666666666666667 0.20512820512820512
itercount --------> 2
[0, 2, 5]
0.20512820512820512 0.3333333333333333
itercount --------> 3
[0, 1, 2]
0.3333333333333333 0.38095238095238093
itercount --------> 4
[0, 2, 5]
[0, 2, 1]
0.38095238095238093 0.4444444444444444
itercount --------> 5
[0, 1, 2]
[0, 1, 3]
0.4444444444444444 0.47058823529411764
itercount --------> 6
[0, 3, 1]
[0, 3, 2]
[0, 3, 4]
0.47058823529411764 0.5263157894736842
itercount --------> 7
[0, 1, 2]
0.5263157894736842 0.5882352941176471
itercount --------> 8
[0, 1, 2]
[0, 1, 5]
[0, 1, 4]
0.5882352941176471 0.625
itercount --------> 9
[0, 4, 6]
[0, 4, 7]
[0, 4, 1]
[0, 4, 2]
[0, 4, 3]
[0, 4, 5]
[0, 4, 6, 7]
[0, 4, 6, 1]
[0, 4, 6, 2]
[0, 4, 6, 3]
[0, 4, 6, 5]
[0, 4, 6, 7, 1]
[0, 4, 6, 7, 2]
[0, 4, 6, 7, 3]
[0, 4, 6, 7, 5]
[0, 4, 6, 7, 1, 2]
0.625 0.6666666666666666
itercount --------> 10
[4, 6, 7]
[4, 6, 0]
[4, 6, 3]
[4, 6, 1]
[4, 6, 2]
[4, 6, 5]
[4, 6, 7, 0]
[4, 6, 7, 3]
[4, 6, 7, 1]
[4, 6, 7, 2]
[4, 6, 7, 5]
[4, 6, 7, 0, 3]
[4, 6, 7, 0, 1]
[4, 6, 7, 0, 2]
[4, 6, 7, 0, 5]
[4, 6, 7, 0, 3, 1]
[4, 6, 7, 0, 3, 2]
[4, 6, 7, 0, 3, 5]
[4, 6, 7, 0, 3, 1, 2]
[4, 6, 7, 0, 3, 1, 5]
[4, 6, 7, 0, 3, 1, 2, 5]
failed -> 40 times
after fail n ======> 7
[0, 1, 2, 5, 6, 7, 3]
0.0594059405940594 0.11320754716981132
itercount --------> 1
[0, 1, 2]
0.11320754716981132 0.20689655172413793
itercount --------> 2
[0, 1, 2]
[0, 1, 5]
[0, 1, 6]
0.20689655172413793 0.23076923076923078
itercount --------> 3
[0, 1, 3]
0.23076923076923078 0.26666666666666666
itercount --------> 4
[1, 2, 5]
[1, 2, 3]
0.26666666666666666 0.375
itercount --------> 5
[1, 6, 7]
[1, 6, 4]
[1, 6, 2]
0.375 0.38095238095238093
itercount --------> 6
[1, 2, 5]
[1, 2, 3]
[1, 2, 4]
0.38095238095238093 0.42105263157894735
itercount --------> 7
[2, 1, 3]
[2, 1, 4]
[2, 1, 5]
[2, 1, 6]
[2, 1, 7]
[2, 1, 0]
0.42105263157894735 0.5
itercount --------> 8
[1, 3, 4]
[1, 3, 2]
[1, 3, 5]
[1, 3, 6]
[1, 3, 7]
[1, 3, 0]
[1, 3, 4, 2]
[1, 3, 4, 5]
0.5 0.5714285714285714
itercount --------> 9
[3, 4, 6]
0.5714285714285714 0.625
itercount --------> 10
[1, 2, 4]
[1, 2, 5]
[1, 2, 6]
[1, 2, 7]
[1, 2, 3]
[1, 2, 0]
[1, 2, 4, 5]
[1, 2, 4, 6]
[1, 2, 4, 7]
[1, 2, 4, 3]
[1, 2, 4, 0]
[1, 2, 4, 5, 6]
[1, 2, 4, 5, 7]
[1, 2, 4, 5, 3]
[1, 2, 4, 5, 0]
0.625 0.6666666666666666
itercount --------> 11
[4, 6, 7]
[4, 6, 1]
[4, 6, 2]
[4, 6, 3]
[4, 6, 5]
[4, 6, 0]
[4, 6, 7, 1]
[4, 6, 7, 2]
[4, 6, 7, 3]
[4, 6, 7, 5]
[4, 6, 7, 0]
[4, 6, 7, 1, 2]
[4, 6, 7, 1, 3]
[4, 6, 7, 1, 5]
[4, 6, 7, 1, 0]
[4, 6, 7, 1, 2, 3]
[4, 6, 7, 1, 2, 5]
[4, 6, 7, 1, 2, 0]
[4, 6, 7, 1, 2, 3, 5]
[4, 6, 7, 1, 2, 3, 0]
[4, 6, 7, 1, 2, 3, 5, 0]
0.6666666666666666 0.7142857142857143
itercount --------> 12
[4, 6, 7]
[4, 6, 3]
[4, 6, 0]
[4, 6, 1]
[4, 6, 2]
[4, 6, 5]
[4, 6, 7, 3]
[4, 6, 7, 0]
[4, 6, 7, 1]
[4, 6, 7, 2]
[4, 6, 7, 5]
[4, 6, 7, 3, 0]
[4, 6, 7, 3, 1]
[4, 6, 7, 3, 2]
[4, 6, 7, 3, 5]
[4, 6, 7, 3, 0, 1]
[4, 6, 7, 3, 0, 2]
[4, 6, 7, 3, 0, 5]
[4, 6, 7, 3, 0, 1, 2]
[4, 6, 7, 3, 0, 1, 5]
[4, 6, 7, 3, 0, 1, 2, 5]
failed -> 41 times
after fail n ======> 8
[0, 1, 2, 5, 6, 7, 3, 4]
0.0594059405940594 0.11320754716981132
itercount --------> 1
[2, 5, 0]
0.11320754716981132 0.35294117647058826
itercount --------> 2
[0, 1, 2]
[0, 1, 5]
[0, 1, 6]
0.35294117647058826 0.38095238095238093
itercount --------> 3
[1, 0, 2]
0.38095238095238093 0.4444444444444444
itercount --------> 4
[0, 1, 2]
[0, 1, 3]
[0, 1, 5]
[0, 1, 4]
0.4444444444444444 0.47058823529411764
itercount --------> 5
[3, 1, 4]
0.47058823529411764 0.5263157894736842
itercount --------> 6
[1, 0, 2]
[1, 0, 5]
[1, 0, 4]
[1, 0, 6]
[1, 0, 7]
[1, 0, 3]
[1, 0, 2, 5]
0.5263157894736842 0.5882352941176471
itercount --------> 7
[0, 1, 2]
[0, 1, 5]
[0, 1, 4]
[0, 1, 6]
[0, 1, 7]
[0, 1, 3]
[0, 1, 2, 5]
[0, 1, 2, 4]
[0, 1, 2, 6]
[0, 1, 2, 7]
[0, 1, 2, 3]
0.5882352941176471 0.625
itercount --------> 8
[1, 4, 6]
[1, 4, 7]
[1, 4, 0]
[1, 4, 2]
0.625 0.6666666666666666
itercount --------> 9
[4, 6, 7]
[4, 6, 0]
[4, 6, 1]
[4, 6, 2]
[4, 6, 3]
[4, 6, 5]
[4, 6, 7, 0]
[4, 6, 7, 1]
[4, 6, 7, 2]
[4, 6, 7, 3]
[4, 6, 7, 5]
[4, 6, 7, 0, 1]
[4, 6, 7, 0, 2]
[4, 6, 7, 0, 3]
[4, 6, 7, 0, 5]
[4, 6, 7, 0, 1, 2]
[4, 6, 7, 0, 1, 3]
[4, 6, 7, 0, 1, 5]
[4, 6, 7, 0, 1, 2, 3]
[4, 6, 7, 0, 1, 2, 5]
[4, 6, 7, 0, 1, 2, 3, 5]
failed -> 42 times
after fail n ======> 5
[0, 1, 2, 5, 6]
0.0594059405940594 0.09259259259259259
itercount --------> 1
[5, 0, 1]
[5, 0, 2]
0.09259259259259259 0.14814814814814814
itercount --------> 2
[2, 0, 1]
[2, 0, 5]
0.14814814814814814 0.38095238095238093
itercount --------> 3
[5, 0, 1]
0.38095238095238093 0.4444444444444444
itercount --------> 4
[0, 1, 2]
[0, 1, 3]
[0, 1, 5]
[0, 1, 4]
0.4444444444444444 0.47058823529411764
itercount --------> 5
[3, 1, 5]
0.47058823529411764 0.5
itercount --------> 6
[5, 3, 4]
0.5 0.5555555555555556
itercount --------> 7
[5, 7, 1]
[5, 7, 4]
[5, 7, 6]
[5, 7, 0]
[5, 7, 2]
[5, 7, 3]
[5, 7, 1, 4]
[5, 7, 1, 6]
[5, 7, 1, 0]
0.5555555555555556 0.5882352941176471
itercount --------> 8
[5, 7, 4]
[5, 7, 6]
[5, 7, 0]
[5, 7, 1]
[5, 7, 2]
0.5882352941176471 0.6666666666666666
itercount --------> 9
[4, 6, 7]
[4, 6, 0]
[4, 6, 1]
[4, 6, 2]
[4, 6, 3]
[4, 6, 5]
[4, 6, 7, 0]
[4, 6, 7, 1]
[4, 6, 7, 2]
[4, 6, 7, 3]
[4, 6, 7, 5]
[4, 6, 7, 0, 1]
[4, 6, 7, 0, 2]
0.6666666666666666 0.7142857142857143
itercount --------> 10
[4, 6, 7]
[4, 6, 3]
[4, 6, 0]
[4, 6, 1]
[4, 6, 2]
[4, 6, 5]
[4, 6, 7, 3]
[4, 6, 7, 0]
[4, 6, 7, 1]
[4, 6, 7, 2]
[4, 6, 7, 5]
[4, 6, 7, 3, 0]
[4, 6, 7, 3, 1]
[4, 6, 7, 3, 2]
[4, 6, 7, 3, 5]
[4, 6, 7, 3, 0, 1]
[4, 6, 7, 3, 0, 2]
[4, 6, 7, 3, 0, 5]
[4, 6, 7, 3, 0, 1, 2]
[4, 6, 7, 3, 0, 1, 5]
[4, 6, 7, 3, 0, 1, 2, 5]
failed -> 43 times
after fail n ======> 6
[0, 1, 2, 5, 6, 7]
0.0594059405940594 0.11320754716981132
itercount --------> 1
[1, 2, 0]
0.11320754716981132 0.14634146341463414
itercount --------> 2
[0, 2, 6]
0.14634146341463414 0.15
itercount --------> 3
[6, 0, 1]
0.15 0.21428571428571427
itercount --------> 4
[0, 1, 2]
[0, 1, 5]
[0, 1, 6]
0.21428571428571427 0.23076923076923078
itercount --------> 5
[2, 0, 3]
0.23076923076923078 0.3076923076923077
itercount --------> 6
[3, 7, 0]
0.3076923076923077 0.42857142857142855
itercount --------> 7
[7, 0, 1]
[7, 0, 2]
[7, 0, 5]
[7, 0, 3]
[7, 0, 6]
[7, 0, 4]
[7, 0, 1, 2]
[7, 0, 1, 5]
[7, 0, 1, 3]
0.42857142857142855 0.46153846153846156
itercount --------> 8
[0, 1, 2]
[0, 1, 3]
[0, 1, 5]
[0, 1, 7]
[0, 1, 6]
[0, 1, 4]
[0, 1, 2, 3]
[0, 1, 2, 5]
[0, 1, 2, 7]
[0, 1, 2, 6]
[0, 1, 2, 4]
[0, 1, 2, 3, 5]
[0, 1, 2, 3, 7]
[0, 1, 2, 3, 6]
[0, 1, 2, 3, 4]
0.46153846153846156 0.5
itercount --------> 9
[3, 7, 0]
[3, 7, 1]
[3, 7, 2]
[3, 7, 4]
[3, 7, 5]
[3, 7, 6]
[3, 7, 0, 1]
[3, 7, 0, 2]
[3, 7, 0, 4]
[3, 7, 0, 5]
[3, 7, 0, 6]
0.5 0.5384615384615384
itercount --------> 10
[3, 7, 4]
[3, 7, 6]
[3, 7, 0]
[3, 7, 1]
[3, 7, 2]
[3, 7, 5]
[3, 7, 4, 6]
0.5384615384615384 0.5833333333333334
itercount --------> 11
[4, 0, 1]
0.5833333333333334 0.6428571428571429
itercount --------> 12
[6, 4, 3]
0.6428571428571429 0.6470588235294118
itercount --------> 13
[7, 3, 4]
[7, 3, 6]
[7, 3, 0]
[7, 3, 1]
[7, 3, 2]
[7, 3, 5]
[7, 3, 4, 6]
[7, 3, 4, 0]
[7, 3, 4, 1]
[7, 3, 4, 2]
[7, 3, 4, 5]
[7, 3, 4, 6, 0]
[7, 3, 4, 6, 1]
[7, 3, 4, 6, 2]
[7, 3, 4, 6, 5]
[7, 3, 4, 6, 0, 1]
[7, 3, 4, 6, 0, 2]
[7, 3, 4, 6, 0, 5]
[7, 3, 4, 6, 0, 1, 2]
[7, 3, 4, 6, 0, 1, 5]
[7, 3, 4, 6, 0, 1, 2, 5]
failed -> 44 times
after fail n ======> 7
[0, 1, 2, 5, 6, 7, 3]
0.0594059405940594 0.09375
itercount --------> 1
[0, 2, 1]
0.09375 0.15
itercount --------> 2
[1, 5, 0]
0.15 0.21428571428571427
itercount --------> 3
[0, 1, 2]
[0, 1, 5]
[0, 1, 6]
0.21428571428571427 0.2777777777777778
itercount --------> 4
[7, 0, 2]
0.2777777777777778 0.3333333333333333
itercount --------> 5
[7, 3, 4]
0.3333333333333333 0.4375
itercount --------> 6
[7, 0, 1]
[7, 0, 2]
[7, 0, 5]
[7, 0, 4]
[7, 0, 3]
[7, 0, 6]
[7, 0, 1, 2]
[7, 0, 1, 5]
[7, 0, 1, 4]
0.4375 0.5
itercount --------> 7
[7, 4, 3]
[7, 4, 0]
[7, 4, 1]
[7, 4, 2]
[7, 4, 5]
[7, 4, 6]
[7, 4, 3, 0]
[7, 4, 3, 1]
[7, 4, 3, 2]
[7, 4, 3, 5]
[7, 4, 3, 6]
[7, 4, 3, 0, 1]
[7, 4, 3, 0, 2]
[7, 4, 3, 0, 5]
[7, 4, 3, 0, 6]
[7, 4, 3, 0, 1, 2]
[7, 4, 3, 0, 1, 5]
[7, 4, 3, 0, 1, 6]
[7, 4, 3, 0, 1, 2, 5]
[7, 4, 3, 0, 1, 2, 6]
[7, 4, 3, 0, 1, 2, 5, 6]
failed -> 45 times
after fail n ======> 8
[0, 1, 2, 5, 6, 7, 3, 4]
0.0594059405940594 0.07272727272727272
itercount --------> 1
[1, 0, 5]
0.07272727272727272 0.12903225806451613
itercount --------> 2
[1, 0, 2]
[1, 0, 5]
0.12903225806451613 0.19047619047619047
itercount --------> 3
[1, 2, 0]
0.19047619047619047 0.21052631578947367
itercount --------> 4
[0, 1, 5]
[0, 1, 2]
0.21052631578947367 0.23529411764705882
itercount --------> 5
[0, 1, 2]
[0, 1, 5]
[0, 1, 6]
0.23529411764705882 0.3157894736842105
itercount --------> 6
[0, 1, 2]
[0, 1, 5]
[0, 1, 3]
[0, 1, 4]
0.3157894736842105 0.4444444444444444
itercount --------> 7
[0, 1, 2]
[0, 1, 3]
[0, 1, 5]
[0, 1, 4]
[0, 1, 6]
[0, 1, 7]
[0, 1, 2, 3]
[0, 1, 2, 5]
[0, 1, 2, 4]
[0, 1, 2, 6]
[0, 1, 2, 7]
[0, 1, 2, 3, 5]
0.4444444444444444 0.47058823529411764
itercount --------> 8
[3, 0, 1]
[3, 0, 2]
[3, 0, 5]
[3, 0, 4]
0.47058823529411764 0.5263157894736842
itercount --------> 9
[0, 1, 2]
[0, 1, 5]
[0, 1, 4]
0.5263157894736842 0.5555555555555556
itercount --------> 10
[0, 2, 1]
0.5555555555555556 0.625
itercount --------> 11
[0, 1, 2]
[0, 1, 4]
[0, 1, 5]
[0, 1, 6]
[0, 1, 7]
[0, 1, 3]
[0, 1, 2, 4]
[0, 1, 2, 5]
[0, 1, 2, 6]
[0, 1, 2, 7]
[0, 1, 2, 3]
[0, 1, 2, 4, 5]
[0, 1, 2, 4, 6]
[0, 1, 2, 4, 7]
[0, 1, 2, 4, 3]
[0, 1, 2, 4, 5, 6]
0.625 0.6666666666666666
itercount --------> 12
[4, 6, 7]
[4, 6, 0]
[4, 6, 1]
[4, 6, 2]
[4, 6, 3]
[4, 6, 5]
[4, 6, 7, 0]
[4, 6, 7, 1]
[4, 6, 7, 2]
[4, 6, 7, 3]
[4, 6, 7, 5]
[4, 6, 7, 0, 1]
[4, 6, 7, 0, 2]
[4, 6, 7, 0, 3]
[4, 6, 7, 0, 5]
[4, 6, 7, 0, 1, 2]
[4, 6, 7, 0, 1, 3]
[4, 6, 7, 0, 1, 5]
[4, 6, 7, 0, 1, 2, 3]
[4, 6, 7, 0, 1, 2, 5]
[4, 6, 7, 0, 1, 2, 3, 5]
failed -> 46 times
after fail n ======> 5
[0, 1, 2, 5, 6]
0.0594059405940594 0.09375
itercount --------> 1
[1, 5, 0]
0.09375 0.21428571428571427
itercount --------> 2
[0, 1, 2]
[0, 1, 5]
[0, 1, 6]
0.21428571428571427 0.2962962962962963
itercount --------> 3
[0, 1, 2]
[0, 1, 5]
0.2962962962962963 0.38095238095238093
itercount --------> 4
[0, 1, 5]
[0, 1, 2]
[0, 1, 3]
[0, 1, 4]
0.38095238095238093 0.42105263157894735
itercount --------> 5
[0, 1, 5]
[0, 1, 3]
[0, 1, 2]
0.42105263157894735 0.47058823529411764
itercount --------> 6
[3, 0, 1]
0.47058823529411764 0.5
itercount --------> 7
[0, 3, 4]
[0, 3, 1]
0.5 0.5333333333333333
itercount --------> 8
[3, 4, 6]
0.5333333333333333 0.5555555555555556
itercount --------> 9
[0, 1, 2]
[0, 1, 5]
[0, 1, 4]
[0, 1, 7]
0.5555555555555556 0.5882352941176471
itercount --------> 10
[0, 1, 2]
[0, 1, 5]
[0, 1, 7]
[0, 1, 4]
0.5882352941176471 0.6
itercount --------> 11
[0, 4, 6]
[0, 4, 3]
[0, 4, 7]
[0, 4, 1]
[0, 4, 2]
[0, 4, 5]
[0, 4, 6, 3]
[0, 4, 6, 7]
[0, 4, 6, 1]
[0, 4, 6, 2]
[0, 4, 6, 5]
[0, 4, 6, 3, 7]
[0, 4, 6, 3, 1]
[0, 4, 6, 3, 2]
[0, 4, 6, 3, 5]
[0, 4, 6, 3, 7, 1]
0.6 0.625
itercount --------> 12
[0, 4, 6]
[0, 4, 7]
[0, 4, 1]
[0, 4, 2]
[0, 4, 3]
[0, 4, 5]
[0, 4, 6, 7]
[0, 4, 6, 1]
[0, 4, 6, 2]
[0, 4, 6, 3]
[0, 4, 6, 5]
[0, 4, 6, 7, 1]
[0, 4, 6, 7, 2]
[0, 4, 6, 7, 3]
[0, 4, 6, 7, 5]
[0, 4, 6, 7, 1, 2]
[0, 4, 6, 7, 1, 3]
[0, 4, 6, 7, 1, 5]
[0, 4, 6, 7, 1, 2, 3]
[0, 4, 6, 7, 1, 2, 5]
[0, 4, 6, 7, 1, 2, 3, 5]
failed -> 47 times
after fail n ======> 6
[0, 1, 2, 5, 6, 7]
0.0594059405940594 0.11320754716981132
itercount --------> 1
[0, 1, 2]
0.11320754716981132 0.14634146341463414
itercount --------> 2
[1, 2, 6]
0.14634146341463414 0.15
itercount --------> 3
[2, 5, 0]
0.15 0.21428571428571427
itercount --------> 4
[0, 1, 2]
[0, 1, 5]
[0, 1, 6]
0.21428571428571427 0.35294117647058826
itercount --------> 5
[0, 1, 6]
0.35294117647058826 0.38095238095238093
itercount --------> 6
[1, 0, 3]
[1, 0, 4]
[1, 0, 2]
[1, 0, 5]
[1, 0, 6]
[1, 0, 7]
[1, 0, 3, 4]
0.38095238095238093 0.4
itercount --------> 7
[1, 0, 2]
0.4 0.47619047619047616
itercount --------> 8
[0, 1, 2]
0.47619047619047616 0.5882352941176471
itercount --------> 9
[0, 1, 2]
[0, 1, 5]
[0, 1, 4]
[0, 1, 7]
[0, 1, 3]
[0, 1, 6]
[0, 1, 2, 5]
[0, 1, 2, 4]
[0, 1, 2, 7]
[0, 1, 2, 3]
[0, 1, 2, 6]
[0, 1, 2, 5, 4]
0.5882352941176471 0.6666666666666666
itercount --------> 10
[4, 6, 7]
[4, 6, 0]
[4, 6, 1]
[4, 6, 2]
[4, 6, 3]
[4, 6, 5]
[4, 6, 7, 0]
[4, 6, 7, 1]
[4, 6, 7, 2]
[4, 6, 7, 3]
[4, 6, 7, 5]
[4, 6, 7, 0, 1]
[4, 6, 7, 0, 2]
[4, 6, 7, 0, 3]
[4, 6, 7, 0, 5]
[4, 6, 7, 0, 1, 2]
[4, 6, 7, 0, 1, 3]
[4, 6, 7, 0, 1, 5]
[4, 6, 7, 0, 1, 2, 3]
[4, 6, 7, 0, 1, 2, 5]
[4, 6, 7, 0, 1, 2, 3, 5]
0.6666666666666666 0.7142857142857143
itercount --------> 11
[4, 6, 7]
[4, 6, 3]
[4, 6, 0]
[4, 6, 1]
[4, 6, 2]
[4, 6, 5]
[4, 6, 7, 3]
[4, 6, 7, 0]
[4, 6, 7, 1]
[4, 6, 7, 2]
[4, 6, 7, 5]
[4, 6, 7, 3, 0]
[4, 6, 7, 3, 1]
[4, 6, 7, 3, 2]
[4, 6, 7, 3, 5]
[4, 6, 7, 3, 0, 1]
[4, 6, 7, 3, 0, 2]
[4, 6, 7, 3, 0, 5]
[4, 6, 7, 3, 0, 1, 2]
[4, 6, 7, 3, 0, 1, 5]
[4, 6, 7, 3, 0, 1, 2, 5]
failed -> 48 times
after fail n ======> 7
[0, 1, 2, 5, 6, 7, 3]
0.0594059405940594 0.11320754716981132
itercount --------> 1
[0, 2, 1]
0.11320754716981132 0.35294117647058826
itercount --------> 2
[0, 1, 2]
[0, 1, 5]
[0, 1, 6]
[0, 1, 7]
[0, 1, 3]
[0, 1, 4]
[0, 1, 2, 5]
[0, 1, 2, 6]
0.35294117647058826 0.38095238095238093
itercount --------> 3
[0, 1, 2]
0.38095238095238093 0.4444444444444444
itercount --------> 4
[0, 1, 2]
[0, 1, 3]
0.4444444444444444 0.47058823529411764
itercount --------> 5
[0, 3, 1]
[0, 3, 2]
[0, 3, 4]
0.47058823529411764 0.5263157894736842
itercount --------> 6
[0, 1, 2]
[0, 1, 5]
[0, 1, 7]
[0, 1, 4]
[0, 1, 6]
[0, 1, 3]
[0, 1, 2, 5]
0.5263157894736842 0.5882352941176471
itercount --------> 7
[0, 1, 2]
[0, 1, 5]
[0, 1, 4]
[0, 1, 6]
[0, 1, 7]
[0, 1, 3]
[0, 1, 2, 5]
[0, 1, 2, 4]
[0, 1, 2, 6]
[0, 1, 2, 7]
[0, 1, 2, 3]
[0, 1, 2, 5, 4]
0.5882352941176471 0.625
itercount --------> 8
[0, 4, 5]
[0, 4, 6]
[0, 4, 7]
[0, 4, 1]
0.625 0.6666666666666666
itercount --------> 9
[4, 6, 7]
[4, 6, 0]
[4, 6, 1]
[4, 6, 2]
[4, 6, 3]
[4, 6, 5]
[4, 6, 7, 0]
[4, 6, 7, 1]
[4, 6, 7, 2]
[4, 6, 7, 3]
[4, 6, 7, 5]
[4, 6, 7, 0, 1]
[4, 6, 7, 0, 2]
[4, 6, 7, 0, 3]
[4, 6, 7, 0, 5]
[4, 6, 7, 0, 1, 2]
[4, 6, 7, 0, 1, 3]
[4, 6, 7, 0, 1, 5]
[4, 6, 7, 0, 1, 2, 3]
[4, 6, 7, 0, 1, 2, 5]
[4, 6, 7, 0, 1, 2, 3, 5]
failed -> 49 times
after fail n ======> 8
[0, 1, 2, 5, 6, 7, 3, 4]
0.0594059405940594 0.11320754716981132
itercount --------> 1
[0, 2, 1]
0.11320754716981132 0.35294117647058826
itercount --------> 2
[0, 1, 2]
[0, 1, 5]
[0, 1, 6]
[0, 1, 7]
[0, 1, 3]
[0, 1, 4]
[0, 1, 2, 5]
[0, 1, 2, 6]
0.35294117647058826 0.38095238095238093
itercount --------> 3
[2, 0, 1]
0.38095238095238093 0.4444444444444444
itercount --------> 4
[0, 1, 2]
[0, 1, 3]
[0, 1, 5]
[0, 1, 4]
[0, 1, 6]
[0, 1, 7]
[0, 1, 2, 3]
0.4444444444444444 0.47058823529411764
itercount --------> 5
[2, 3, 0]
[2, 3, 1]
[2, 3, 4]
0.47058823529411764 0.5263157894736842
itercount --------> 6
[2, 0, 1]
[2, 0, 5]
0.5263157894736842 0.5882352941176471
itercount --------> 7
[0, 1, 2]
[0, 1, 5]
[0, 1, 4]
[0, 1, 6]
[0, 1, 7]
0.5882352941176471 0.6666666666666666
itercount --------> 8
[4, 6, 7]
[4, 6, 0]
[4, 6, 1]
[4, 6, 2]
[4, 6, 3]
[4, 6, 5]
[4, 6, 7, 0]
[4, 6, 7, 1]
0.6666666666666666 0.6923076923076923
itercount --------> 9
[7, 4, 6]
[7, 4, 3]
[7, 4, 0]
[7, 4, 1]
[7, 4, 2]
[7, 4, 5]
[7, 4, 6, 3]
[7, 4, 6, 0]
0.6923076923076923 0.7142857142857143
itercount --------> 10
[7, 3, 4]
[7, 3, 6]
[7, 3, 0]
[7, 3, 1]
[7, 3, 2]
[7, 3, 5]
[7, 3, 4, 6]
[7, 3, 4, 0]
[7, 3, 4, 1]
[7, 3, 4, 2]
[7, 3, 4, 5]
[7, 3, 4, 6, 0]
[7, 3, 4, 6, 1]
[7, 3, 4, 6, 2]
[7, 3, 4, 6, 5]
[7, 3, 4, 6, 0, 1]
[7, 3, 4, 6, 0, 2]
[7, 3, 4, 6, 0, 5]
[7, 3, 4, 6, 0, 1, 2]
[7, 3, 4, 6, 0, 1, 5]
[7, 3, 4, 6, 0, 1, 2, 5]
failed -> 50 times
after fail n ======> 5
Runs with the maximum attractor JI -> [9]
