{5: 54, 0: 48, 1: 48, 2: 48, 6: 35, 4: 30, 7: 18, 3: 17}
[5, 0, 1]
0.039473684210526314 0.06818181818181818
itercount --------> 1
[6, 0, 4]
0.06818181818181818 0.07407407407407407
itercount --------> 2
[0, 1, 2]
0.07407407407407407 0.11842105263157894
itercount --------> 3
[0, 2, 5]
0.11842105263157894 0.25
itercount --------> 4
[0, 5, 1]
[0, 5, 2]
[0, 5, 6]
[0, 5, 7]
0.25 0.2692307692307692
itercount --------> 5
[0, 5, 6]
0.2692307692307692 0.2777777777777778
itercount --------> 6
[5, 0, 1]
0.2777777777777778 0.2903225806451613
itercount --------> 7
[1, 0, 5]
0.2903225806451613 0.375
itercount --------> 8
[0, 1, 5]
[0, 1, 2]
0.375 0.42857142857142855
itercount --------> 9
[0, 4, 5]
0.42857142857142855 0.45
itercount --------> 10
[5, 0, 4]
[5, 0, 1]
[5, 0, 2]
0.45 0.47368421052631576
itercount --------> 11
[0, 1, 2]
[0, 1, 5]
[0, 1, 3]
0.47368421052631576 0.5
itercount --------> 12
[0, 1, 2]
[0, 1, 5]
[0, 1, 3]
[0, 1, 4]
[0, 1, 6]
[0, 1, 7]
[0, 1, 2, 5]
[0, 1, 2, 3]
[0, 1, 2, 4]
[0, 1, 2, 6]
0.5 0.5294117647058824
itercount --------> 13
[4, 1, 3]
0.5294117647058824 0.7058823529411765
itercount --------> 14
[0, 1, 2]
[0, 1, 5]
[0, 1, 6]
[0, 1, 7]
[0, 1, 3]
[0, 1, 4]
[0, 1, 2, 5]
[0, 1, 2, 6]
[0, 1, 2, 7]
[0, 1, 2, 3]
[0, 1, 2, 4]
[0, 1, 2, 5, 6]
[0, 1, 2, 5, 7]
[0, 1, 2, 5, 3]
[0, 1, 2, 5, 4]
[0, 1, 2, 5, 6, 7]
[0, 1, 2, 5, 6, 3]
[0, 1, 2, 5, 6, 4]
0.7058823529411765 0.75
itercount --------> 15
[0, 1, 2]
[0, 1, 5]
[0, 1, 6]
[0, 1, 7]
[0, 1, 3]
[0, 1, 4]
[0, 1, 2, 5]
[0, 1, 2, 6]
[0, 1, 2, 7]
[0, 1, 2, 3]
[0, 1, 2, 4]
[0, 1, 2, 5, 6]
[0, 1, 2, 5, 7]
[0, 1, 2, 5, 3]
[0, 1, 2, 5, 4]
[0, 1, 2, 5, 6, 7]
[0, 1, 2, 5, 6, 3]
[0, 1, 2, 5, 6, 4]
[0, 1, 2, 5, 6, 7, 3]
[0, 1, 2, 5, 6, 7, 4]
0.75 0.7777777777777778
itercount --------> 16
[5, 6, 7]
[5, 6, 3]
[5, 6, 4]
[5, 6, 0]
[5, 6, 1]
[5, 6, 2]
[5, 6, 7, 3]
[5, 6, 7, 4]
[5, 6, 7, 0]
[5, 6, 7, 1]
[5, 6, 7, 2]
[5, 6, 7, 3, 4]
[5, 6, 7, 3, 0]
[5, 6, 7, 3, 1]
[5, 6, 7, 3, 2]
[5, 6, 7, 3, 4, 0]
[5, 6, 7, 3, 4, 1]
[5, 6, 7, 3, 4, 2]
[5, 6, 7, 3, 4, 0, 1]
[5, 6, 7, 3, 4, 0, 2]
[5, 6, 7, 3, 4, 0, 1, 2]
failed Once
after fail n ======> 4
[5, 0, 1, 2]
0.039473684210526314 0.10714285714285714
itercount --------> 1
[1, 6, 4]
0.10714285714285714 0.16666666666666666
itercount --------> 2
[4, 5, 0]
[4, 5, 2]
0.16666666666666666 0.19230769230769232
itercount --------> 3
[4, 1, 5]
[4, 1, 6]
0.19230769230769232 0.20833333333333334
itercount --------> 4
[6, 4, 1]
0.20833333333333334 0.25
itercount --------> 5
[6, 4, 3]
0.25 0.2857142857142857
itercount --------> 6
[6, 7, 0]
[6, 7, 2]
0.2857142857142857 0.3157894736842105
itercount --------> 7
[6, 7, 3]
[6, 7, 4]
[6, 7, 5]
[6, 7, 0]
[6, 7, 1]
[6, 7, 2]
[6, 7, 3, 4]
[6, 7, 3, 5]
[6, 7, 3, 0]
[6, 7, 3, 1]
[6, 7, 3, 2]
[6, 7, 3, 4, 5]
[6, 7, 3, 4, 0]
0.3157894736842105 0.3333333333333333
itercount --------> 8
[6, 7, 3]
[6, 7, 4]
[6, 7, 5]
[6, 7, 0]
[6, 7, 1]
[6, 7, 2]
[6, 7, 3, 4]
[6, 7, 3, 5]
[6, 7, 3, 0]
[6, 7, 3, 1]
[6, 7, 3, 2]
[6, 7, 3, 4, 5]
[6, 7, 3, 4, 0]
[6, 7, 3, 4, 1]
[6, 7, 3, 4, 2]
[6, 7, 3, 4, 5, 0]
[6, 7, 3, 4, 5, 1]
[6, 7, 3, 4, 5, 2]
[6, 7, 3, 4, 5, 0, 1]
0.3333333333333333 0.35
itercount --------> 9
[6, 3, 7]
[6, 3, 4]
[6, 3, 5]
0.35 0.42105263157894735
itercount --------> 10
[6, 7, 4]
[6, 7, 3]
0.42105263157894735 0.5555555555555556
itercount --------> 11
[4, 6, 0]
[4, 6, 1]
[4, 6, 2]
[4, 6, 5]
[4, 6, 3]
[4, 6, 7]
[4, 6, 0, 1]
[4, 6, 0, 2]
[4, 6, 0, 5]
[4, 6, 0, 3]
[4, 6, 0, 7]
[4, 6, 0, 1, 2]
[4, 6, 0, 1, 5]
[4, 6, 0, 1, 3]
[4, 6, 0, 1, 7]
[4, 6, 0, 1, 2, 5]
[4, 6, 0, 1, 2, 3]
[4, 6, 0, 1, 2, 7]
[4, 6, 0, 1, 2, 5, 3]
[4, 6, 0, 1, 2, 5, 7]
0.5555555555555556 0.5882352941176471
itercount --------> 12
[5, 1, 2]
[5, 1, 4]
[5, 1, 3]
[5, 1, 7]
[5, 1, 6]
[5, 1, 0]
0.5882352941176471 0.625
itercount --------> 13
[5, 3, 7]
[5, 3, 4]
[5, 3, 0]
[5, 3, 1]
[5, 3, 2]
[5, 3, 6]
[5, 3, 7, 4]
[5, 3, 7, 0]
[5, 3, 7, 1]
[5, 3, 7, 2]
[5, 3, 7, 6]
[5, 3, 7, 4, 0]
[5, 3, 7, 4, 1]
[5, 3, 7, 4, 2]
[5, 3, 7, 4, 6]
[5, 3, 7, 4, 0, 1]
[5, 3, 7, 4, 0, 2]
[5, 3, 7, 4, 0, 6]
0.625 0.7058823529411765
itercount --------> 14
[0, 1, 2]
[0, 1, 4]
[0, 1, 5]
[0, 1, 3]
[0, 1, 6]
[0, 1, 7]
[0, 1, 2, 4]
[0, 1, 2, 5]
[0, 1, 2, 3]
[0, 1, 2, 6]
[0, 1, 2, 7]
[0, 1, 2, 4, 5]
[0, 1, 2, 4, 3]
[0, 1, 2, 4, 6]
[0, 1, 2, 4, 7]
[0, 1, 2, 4, 5, 3]
[0, 1, 2, 4, 5, 6]
[0, 1, 2, 4, 5, 7]
[0, 1, 2, 4, 5, 3, 6]
[0, 1, 2, 4, 5, 3, 7]
[0, 1, 2, 4, 5, 3, 6, 7]
failed -> 2 times
after fail n ======> 5
[5, 0, 1, 2, 6]
0.039473684210526314 0.06818181818181818
itercount --------> 1
[6, 2, 4]
0.06818181818181818 0.08333333333333333
itercount --------> 2
[6, 4, 0]
0.08333333333333333 0.125
itercount --------> 3
[6, 4, 1]
0.125 0.16666666666666666
itercount --------> 4
[6, 4, 2]
0.16666666666666666 0.17647058823529413
itercount --------> 5
[6, 4, 7]
[6, 4, 3]
[6, 4, 5]
[6, 4, 0]
[6, 4, 1]
0.17647058823529413 0.22727272727272727
itercount --------> 6
[6, 1, 4]
[6, 1, 3]
[6, 1, 5]
[6, 1, 7]
[6, 1, 0]
[6, 1, 2]
[6, 1, 4, 3]
0.22727272727272727 0.2857142857142857
itercount --------> 7
[6, 1, 3]
[6, 1, 4]
[6, 1, 7]
[6, 1, 5]
[6, 1, 0]
0.2857142857142857 0.3157894736842105
itercount --------> 8
[6, 7, 3]
[6, 7, 4]
[6, 7, 5]
[6, 7, 0]
[6, 7, 1]
[6, 7, 2]
[6, 7, 3, 4]
[6, 7, 3, 5]
[6, 7, 3, 0]
[6, 7, 3, 1]
[6, 7, 3, 2]
[6, 7, 3, 4, 5]
[6, 7, 3, 4, 0]
[6, 7, 3, 4, 1]
[6, 7, 3, 4, 2]
[6, 7, 3, 4, 5, 0]
0.3157894736842105 0.3333333333333333
itercount --------> 9
[6, 7, 3]
[6, 7, 4]
[6, 7, 5]
[6, 7, 0]
[6, 7, 1]
[6, 7, 2]
[6, 7, 3, 4]
[6, 7, 3, 5]
[6, 7, 3, 0]
[6, 7, 3, 1]
[6, 7, 3, 2]
[6, 7, 3, 4, 5]
[6, 7, 3, 4, 0]
[6, 7, 3, 4, 1]
[6, 7, 3, 4, 2]
[6, 7, 3, 4, 5, 0]
[6, 7, 3, 4, 5, 1]
[6, 7, 3, 4, 5, 2]
[6, 7, 3, 4, 5, 0, 1]
[6, 7, 3, 4, 5, 0, 2]
[6, 7, 3, 4, 5, 0, 1, 2]
failed -> 3 times
after fail n ======> 6
[5, 0, 1, 2, 6, 4]
0.039473684210526314 0.06060606060606061
itercount --------> 1
[0, 1, 2]
0.06060606060606061 0.11764705882352941
itercount --------> 2
[1, 5, 0]
0.11764705882352941 0.2222222222222222
itercount --------> 3
[5, 0, 1]
0.2222222222222222 0.32
itercount --------> 4
[5, 6, 4]
[5, 6, 7]
[5, 6, 0]
0.32 0.34782608695652173
itercount --------> 5
[6, 5, 4]
[6, 5, 7]
0.34782608695652173 0.36363636363636365
itercount --------> 6
[5, 6, 7]
0.36363636363636365 0.4090909090909091
itercount --------> 7
[5, 6, 4]
[5, 6, 0]
[5, 6, 1]
[5, 6, 2]
[5, 6, 3]
[5, 6, 7]
[5, 6, 4, 0]
[5, 6, 4, 1]
0.4090909090909091 0.42105263157894735
itercount --------> 8
[0, 1, 2]
[0, 1, 5]
[0, 1, 4]
0.42105263157894735 0.5
itercount --------> 9
[4, 3, 6]
[4, 3, 0]
[4, 3, 1]
[4, 3, 2]
0.5 0.5263157894736842
itercount --------> 10
[6, 4, 7]
[6, 4, 3]
[6, 4, 5]
0.5263157894736842 0.56
itercount --------> 11
[5, 3, 6]
[5, 3, 4]
[5, 3, 7]
[5, 3, 0]
[5, 3, 1]
[5, 3, 2]
[5, 3, 6, 4]
0.56 0.5714285714285714
itercount --------> 12
[5, 3, 4]
[5, 3, 6]
[5, 3, 0]
[5, 3, 1]
[5, 3, 2]
[5, 3, 7]
[5, 3, 4, 6]
[5, 3, 4, 0]
0.5714285714285714 0.6086956521739131
itercount --------> 13
[5, 6, 3]
[5, 6, 7]
[5, 6, 0]
0.6086956521739131 0.6666666666666666
itercount --------> 14
[5, 0, 1]
[5, 0, 2]
[5, 0, 3]
[5, 0, 6]
[5, 0, 7]
[5, 0, 4]
[5, 0, 1, 2]
[5, 0, 1, 3]
[5, 0, 1, 6]
[5, 0, 1, 7]
[5, 0, 1, 4]
[5, 0, 1, 2, 3]
[5, 0, 1, 2, 6]
[5, 0, 1, 2, 7]
[5, 0, 1, 2, 4]
[5, 0, 1, 2, 3, 6]
[5, 0, 1, 2, 3, 7]
0.6666666666666666 0.6818181818181818
itercount --------> 15
[5, 4, 6]
[5, 4, 0]
[5, 4, 1]
[5, 4, 2]
0.6818181818181818 0.7368421052631579
itercount --------> 16
[5, 6, 7]
[5, 6, 0]
[5, 6, 1]
[5, 6, 2]
[5, 6, 3]
[5, 6, 4]
[5, 6, 7, 0]
[5, 6, 7, 1]
[5, 6, 7, 2]
[5, 6, 7, 3]
[5, 6, 7, 4]
[5, 6, 7, 0, 1]
[5, 6, 7, 0, 2]
[5, 6, 7, 0, 3]
[5, 6, 7, 0, 4]
[5, 6, 7, 0, 1, 2]
[5, 6, 7, 0, 1, 3]
[5, 6, 7, 0, 1, 4]
[5, 6, 7, 0, 1, 2, 3]
0.7368421052631579 0.7777777777777778
itercount --------> 17
[5, 6, 7]
[5, 6, 3]
[5, 6, 4]
[5, 6, 0]
[5, 6, 1]
[5, 6, 2]
[5, 6, 7, 3]
[5, 6, 7, 4]
[5, 6, 7, 0]
[5, 6, 7, 1]
[5, 6, 7, 2]
[5, 6, 7, 3, 4]
[5, 6, 7, 3, 0]
[5, 6, 7, 3, 1]
[5, 6, 7, 3, 2]
[5, 6, 7, 3, 4, 0]
[5, 6, 7, 3, 4, 1]
[5, 6, 7, 3, 4, 2]
[5, 6, 7, 3, 4, 0, 1]
[5, 6, 7, 3, 4, 0, 2]
[5, 6, 7, 3, 4, 0, 1, 2]
failed -> 4 times
after fail n ======> 7
[5, 0, 1, 2, 6, 4, 7]
0.039473684210526314 0.04819277108433735
itercount --------> 1
[5, 0, 1]
0.04819277108433735 0.14705882352941177
itercount --------> 2
[2, 4, 5]
0.14705882352941177 0.25
itercount --------> 3
[4, 6, 7]
[4, 6, 5]
0.25 0.2631578947368421
itercount --------> 4
[4, 6, 7]
[4, 6, 5]
[4, 6, 0]
[4, 6, 1]
0.2631578947368421 0.2777777777777778
itercount --------> 5
[4, 6, 7]
0.2777777777777778 0.3888888888888889
itercount --------> 6
[4, 6, 5]
[4, 6, 7]
[4, 6, 3]
[4, 6, 0]
[4, 6, 1]
[4, 6, 2]
[4, 6, 5, 7]
[4, 6, 5, 3]
[4, 6, 5, 0]
0.3888888888888889 0.4117647058823529
itercount --------> 7
[4, 7, 3]
[4, 7, 6]
[4, 7, 5]
[4, 7, 0]
[4, 7, 1]
[4, 7, 2]
[4, 7, 3, 6]
[4, 7, 3, 5]
[4, 7, 3, 0]
[4, 7, 3, 1]
[4, 7, 3, 2]
[4, 7, 3, 6, 5]
[4, 7, 3, 6, 0]
[4, 7, 3, 6, 1]
[4, 7, 3, 6, 2]
[4, 7, 3, 6, 5, 0]
[4, 7, 3, 6, 5, 1]
[4, 7, 3, 6, 5, 2]
[4, 7, 3, 6, 5, 0, 1]
[4, 7, 3, 6, 5, 0, 2]
[4, 7, 3, 6, 5, 0, 1, 2]
failed -> 5 times
after fail n ======> 8
[5, 0, 1, 2, 6, 4, 7, 3]
0.039473684210526314 0.10126582278481013
itercount --------> 1
[0, 1, 5]
[0, 1, 2]
0.10126582278481013 0.32
itercount --------> 2
[5, 6, 4]
[5, 6, 7]
0.32 0.4090909090909091
itercount --------> 3
[0, 1, 2]
[0, 1, 4]
[0, 1, 6]
[0, 1, 5]
[0, 1, 3]
[0, 1, 7]
[0, 1, 2, 4]
[0, 1, 2, 6]
[0, 1, 2, 5]
[0, 1, 2, 3]
[0, 1, 2, 7]
[0, 1, 2, 4, 6]
[0, 1, 2, 4, 5]
[0, 1, 2, 4, 3]
0.4090909090909091 0.55
itercount --------> 4
[6, 5, 4]
[6, 5, 7]
[6, 5, 3]
[6, 5, 0]
[6, 5, 1]
[6, 5, 2]
[6, 5, 4, 7]
[6, 5, 4, 3]
[6, 5, 4, 0]
[6, 5, 4, 1]
[6, 5, 4, 2]
[6, 5, 4, 7, 3]
[6, 5, 4, 7, 0]
0.55 0.5714285714285714
itercount --------> 5
[6, 4, 3]
[6, 4, 5]
[6, 4, 7]
[6, 4, 0]
[6, 4, 1]
[6, 4, 2]
[6, 4, 3, 5]
[6, 4, 3, 7]
[6, 4, 3, 0]
[6, 4, 3, 1]
[6, 4, 3, 2]
[6, 4, 3, 5, 7]
[6, 4, 3, 5, 0]
0.5714285714285714 0.6111111111111112
itercount --------> 6
[6, 4, 7]
[6, 4, 3]
[6, 4, 5]
[6, 4, 0]
[6, 4, 1]
[6, 4, 2]
[6, 4, 7, 3]
[6, 4, 7, 5]
[6, 4, 7, 0]
[6, 4, 7, 1]
[6, 4, 7, 2]
[6, 4, 7, 3, 5]
[6, 4, 7, 3, 0]
[6, 4, 7, 3, 1]
[6, 4, 7, 3, 2]
[6, 4, 7, 3, 5, 0]
[6, 4, 7, 3, 5, 1]
[6, 4, 7, 3, 5, 2]
[6, 4, 7, 3, 5, 0, 1]
[6, 4, 7, 3, 5, 0, 2]
[6, 4, 7, 3, 5, 0, 1, 2]
failed -> 6 times
after fail n ======> 5
[5, 0, 1, 2, 6]
0.039473684210526314 0.06818181818181818
itercount --------> 1
[5, 1, 6]
0.06818181818181818 0.0851063829787234
itercount --------> 2
[5, 1, 4]
[5, 1, 0]
0.0851063829787234 0.14705882352941177
itercount --------> 3
[1, 4, 5]
[1, 4, 6]
[1, 4, 7]
[1, 4, 0]
[1, 4, 2]
0.14705882352941177 0.22727272727272727
itercount --------> 4
[4, 6, 5]
0.22727272727272727 0.2962962962962963
itercount --------> 5
[5, 6, 4]
0.2962962962962963 0.32
itercount --------> 6
[5, 6, 4]
[5, 6, 7]
[5, 6, 0]
[5, 6, 1]
[5, 6, 2]
[5, 6, 3]
[5, 6, 4, 7]
0.32 0.4090909090909091
itercount --------> 7
[4, 5, 6]
[4, 5, 7]
[4, 5, 0]
[4, 5, 1]
[4, 5, 2]
[4, 5, 3]
[4, 5, 6, 7]
[4, 5, 6, 0]
[4, 5, 6, 1]
[4, 5, 6, 2]
[4, 5, 6, 3]
[4, 5, 6, 7, 0]
[4, 5, 6, 7, 1]
[4, 5, 6, 7, 2]
0.4090909090909091 0.43478260869565216
itercount --------> 8
[5, 4, 6]
[5, 4, 3]
[5, 4, 7]
[5, 4, 0]
[5, 4, 1]
[5, 4, 2]
0.43478260869565216 0.47368421052631576
itercount --------> 9
[4, 6, 0]
[4, 6, 1]
[4, 6, 2]
[4, 6, 7]
[4, 6, 3]
[4, 6, 5]
[4, 6, 0, 1]
0.47368421052631576 0.5
itercount --------> 10
[0, 1, 2]
[0, 1, 5]
[0, 1, 4]
[0, 1, 7]
[0, 1, 6]
0.5 0.5294117647058824
itercount --------> 11
[5, 0, 1]
[5, 0, 2]
[5, 0, 4]
[5, 0, 6]
[5, 0, 7]
[5, 0, 3]
[5, 0, 1, 2]
[5, 0, 1, 4]
[5, 0, 1, 6]
[5, 0, 1, 7]
[5, 0, 1, 3]
[5, 0, 1, 2, 4]
[5, 0, 1, 2, 6]
[5, 0, 1, 2, 7]
[5, 0, 1, 2, 3]
[5, 0, 1, 2, 4, 6]
0.5294117647058824 0.631578947368421
itercount --------> 12
[3, 4, 5]
[3, 4, 0]
[3, 4, 1]
0.631578947368421 0.7894736842105263
itercount --------> 13
[0, 1, 2]
[0, 1, 3]
[0, 1, 4]
[0, 1, 5]
[0, 1, 6]
[0, 1, 7]
[0, 1, 2, 3]
[0, 1, 2, 4]
[0, 1, 2, 5]
[0, 1, 2, 6]
[0, 1, 2, 7]
0.7894736842105263 0.8333333333333334
itercount --------> 14
[3, 4, 6]
[3, 4, 7]
[3, 4, 0]
[3, 4, 1]
[3, 4, 2]
[3, 4, 5]
[3, 4, 6, 7]
[3, 4, 6, 0]
[3, 4, 6, 1]
[3, 4, 6, 2]
[3, 4, 6, 5]
[3, 4, 6, 7, 0]
[3, 4, 6, 7, 1]
[3, 4, 6, 7, 2]
[3, 4, 6, 7, 5]
[3, 4, 6, 7, 0, 1]
[3, 4, 6, 7, 0, 2]
[3, 4, 6, 7, 0, 5]
[3, 4, 6, 7, 0, 1, 2]
[3, 4, 6, 7, 0, 1, 5]
[3, 4, 6, 7, 0, 1, 2, 5]
failed -> 7 times
after fail n ======> 6
[5, 0, 1, 2, 6, 4]
0.039473684210526314 0.10714285714285714
itercount --------> 1
[4, 6, 2]
0.10714285714285714 0.11363636363636363
itercount --------> 2
[2, 0, 4]
0.11363636363636363 0.17857142857142858
itercount --------> 3
[4, 5, 0]
0.17857142857142858 0.18421052631578946
itercount --------> 4
[0, 5, 6]
0.18421052631578946 0.18518518518518517
itercount --------> 5
[0, 6, 4]
[0, 6, 1]
0.18518518518518517 0.28
itercount --------> 6
[6, 1, 4]
[6, 1, 0]
[6, 1, 5]
[6, 1, 2]
[6, 1, 3]
[6, 1, 7]
[6, 1, 4, 0]
[6, 1, 4, 5]
[6, 1, 4, 2]
0.28 0.29411764705882354
itercount --------> 7
[6, 3, 4]
[6, 3, 7]
[6, 3, 5]
0.29411764705882354 0.38095238095238093
itercount --------> 8
[6, 5, 4]
[6, 5, 7]
[6, 5, 3]
[6, 5, 0]
[6, 5, 1]
[6, 5, 2]
0.38095238095238093 0.3888888888888889
itercount --------> 9
[6, 4, 5]
[6, 4, 7]
0.3888888888888889 0.47058823529411764
itercount --------> 10
[4, 7, 6]
[4, 7, 3]
[4, 7, 5]
[4, 7, 0]
0.47058823529411764 0.5
itercount --------> 11
[6, 4, 5]
[6, 4, 3]
[6, 4, 7]
[6, 4, 0]
[6, 4, 1]
[6, 4, 2]
[6, 4, 5, 3]
0.5 0.5263157894736842
itercount --------> 12
[6, 4, 7]
[6, 4, 5]
[6, 4, 3]
[6, 4, 0]
[6, 4, 1]
[6, 4, 2]
[6, 4, 7, 5]
[6, 4, 7, 3]
[6, 4, 7, 0]
[6, 4, 7, 1]
0.5263157894736842 0.6111111111111112
itercount --------> 13
[4, 6, 7]
0.6111111111111112 0.7368421052631579
itercount --------> 14
[5, 7, 0]
[5, 7, 1]
[5, 7, 2]
[5, 7, 6]
[5, 7, 3]
[5, 7, 4]
[5, 7, 0, 1]
[5, 7, 0, 2]
[5, 7, 0, 6]
[5, 7, 0, 3]
[5, 7, 0, 4]
[5, 7, 0, 1, 2]
[5, 7, 0, 1, 6]
[5, 7, 0, 1, 3]
[5, 7, 0, 1, 4]
[5, 7, 0, 1, 2, 6]
[5, 7, 0, 1, 2, 3]
[5, 7, 0, 1, 2, 4]
[5, 7, 0, 1, 2, 6, 3]
[5, 7, 0, 1, 2, 6, 4]
[5, 7, 0, 1, 2, 6, 3, 4]
0.7368421052631579 0.7777777777777778
itercount --------> 15
[5, 6, 7]
[5, 6, 3]
[5, 6, 4]
[5, 6, 0]
[5, 6, 1]
[5, 6, 2]
[5, 6, 7, 3]
[5, 6, 7, 4]
[5, 6, 7, 0]
[5, 6, 7, 1]
[5, 6, 7, 2]
[5, 6, 7, 3, 4]
[5, 6, 7, 3, 0]
[5, 6, 7, 3, 1]
[5, 6, 7, 3, 2]
[5, 6, 7, 3, 4, 0]
[5, 6, 7, 3, 4, 1]
[5, 6, 7, 3, 4, 2]
[5, 6, 7, 3, 4, 0, 1]
[5, 6, 7, 3, 4, 0, 2]
[5, 6, 7, 3, 4, 0, 1, 2]
failed -> 8 times
after fail n ======> 7
[5, 0, 1, 2, 6, 4, 7]
0.039473684210526314 0.11764705882352941
itercount --------> 1
[2, 5, 0]
0.11764705882352941 0.18604651162790697
itercount --------> 2
[2, 5, 6]
0.18604651162790697 0.2
itercount --------> 3
[5, 2, 6]
[5, 2, 0]
0.2 0.2727272727272727
itercount --------> 4
[5, 6, 0]
0.2727272727272727 0.32
itercount --------> 5
[5, 6, 4]
[5, 6, 7]
0.32 0.4090909090909091
itercount --------> 6
[0, 1, 2]
[0, 1, 4]
[0, 1, 6]
[0, 1, 5]
[0, 1, 3]
[0, 1, 7]
[0, 1, 2, 4]
[0, 1, 2, 6]
[0, 1, 2, 5]
[0, 1, 2, 3]
[0, 1, 2, 7]
[0, 1, 2, 4, 6]
[0, 1, 2, 4, 5]
[0, 1, 2, 4, 3]
0.4090909090909091 0.55
itercount --------> 7
[6, 5, 4]
[6, 5, 7]
[6, 5, 3]
[6, 5, 0]
[6, 5, 1]
[6, 5, 2]
[6, 5, 4, 7]
[6, 5, 4, 3]
[6, 5, 4, 0]
[6, 5, 4, 1]
[6, 5, 4, 2]
[6, 5, 4, 7, 3]
[6, 5, 4, 7, 0]
0.55 0.5714285714285714
itercount --------> 8
[6, 4, 3]
[6, 4, 5]
[6, 4, 7]
[6, 4, 0]
[6, 4, 1]
[6, 4, 2]
[6, 4, 3, 5]
[6, 4, 3, 7]
[6, 4, 3, 0]
[6, 4, 3, 1]
[6, 4, 3, 2]
[6, 4, 3, 5, 7]
[6, 4, 3, 5, 0]
0.5714285714285714 0.6111111111111112
itercount --------> 9
[6, 4, 7]
[6, 4, 3]
[6, 4, 5]
[6, 4, 0]
[6, 4, 1]
[6, 4, 2]
[6, 4, 7, 3]
[6, 4, 7, 5]
[6, 4, 7, 0]
[6, 4, 7, 1]
[6, 4, 7, 2]
[6, 4, 7, 3, 5]
[6, 4, 7, 3, 0]
[6, 4, 7, 3, 1]
[6, 4, 7, 3, 2]
[6, 4, 7, 3, 5, 0]
[6, 4, 7, 3, 5, 1]
[6, 4, 7, 3, 5, 2]
[6, 4, 7, 3, 5, 0, 1]
[6, 4, 7, 3, 5, 0, 2]
[6, 4, 7, 3, 5, 0, 1, 2]
failed -> 9 times
after fail n ======> 8
[5, 0, 1, 2, 6, 4, 7, 3]
0.039473684210526314 0.06818181818181818
itercount --------> 1
[6, 1, 4]
0.06818181818181818 0.08333333333333333
itercount --------> 2
[6, 4, 0]
0.08333333333333333 0.1
itercount --------> 3
[0, 2, 4]
0.1 0.23809523809523808
itercount --------> 4
[4, 5, 6]
0.23809523809523808 0.2631578947368421
itercount --------> 5
[4, 6, 7]
[4, 6, 5]
[4, 6, 0]
[4, 6, 1]
[4, 6, 2]
[4, 6, 3]
[4, 6, 7, 5]
0.2631578947368421 0.3333333333333333
itercount --------> 6
[4, 5, 6]
[4, 5, 7]
[4, 5, 0]
0.3333333333333333 0.35294117647058826
itercount --------> 7
[0, 1, 2]
[0, 1, 5]
[0, 1, 4]
[0, 1, 3]
[0, 1, 6]
[0, 1, 7]
[0, 1, 2, 5]
[0, 1, 2, 4]
[0, 1, 2, 3]
[0, 1, 2, 6]
[0, 1, 2, 7]
[0, 1, 2, 5, 4]
0.35294117647058826 0.36363636363636365
itercount --------> 8
[5, 4, 6]
[5, 4, 7]
[5, 4, 3]
[5, 4, 0]
[5, 4, 1]
[5, 4, 2]
0.36363636363636365 0.45
itercount --------> 9
[5, 4, 6]
[5, 4, 0]
[5, 4, 2]
[5, 4, 3]
0.45 0.5217391304347826
itercount --------> 10
[0, 2, 5]
[0, 2, 1]
0.5217391304347826 0.5714285714285714
itercount --------> 11
[2, 5, 0]
[2, 5, 1]
0.5714285714285714 0.631578947368421
itercount --------> 12
[0, 1, 2]
[0, 1, 5]
[0, 1, 6]
[0, 1, 7]
[0, 1, 4]
[0, 1, 3]
[0, 1, 2, 5]
[0, 1, 2, 6]
0.631578947368421 0.7058823529411765
itercount --------> 13
[0, 1, 2]
[0, 1, 5]
[0, 1, 6]
[0, 1, 7]
[0, 1, 4]
[0, 1, 3]
[0, 1, 2, 5]
[0, 1, 2, 6]
[0, 1, 2, 7]
[0, 1, 2, 4]
[0, 1, 2, 3]
0.7058823529411765 0.75
itercount --------> 14
[0, 1, 2]
[0, 1, 5]
[0, 1, 6]
[0, 1, 7]
[0, 1, 3]
[0, 1, 4]
[0, 1, 2, 5]
[0, 1, 2, 6]
[0, 1, 2, 7]
[0, 1, 2, 3]
[0, 1, 2, 4]
[0, 1, 2, 5, 6]
[0, 1, 2, 5, 7]
[0, 1, 2, 5, 3]
[0, 1, 2, 5, 4]
[0, 1, 2, 5, 6, 7]
[0, 1, 2, 5, 6, 3]
[0, 1, 2, 5, 6, 4]
[0, 1, 2, 5, 6, 7, 3]
0.75 0.7777777777777778
itercount --------> 15
[5, 6, 7]
[5, 6, 3]
[5, 6, 4]
[5, 6, 0]
[5, 6, 1]
[5, 6, 2]
[5, 6, 7, 3]
[5, 6, 7, 4]
[5, 6, 7, 0]
[5, 6, 7, 1]
[5, 6, 7, 2]
[5, 6, 7, 3, 4]
[5, 6, 7, 3, 0]
[5, 6, 7, 3, 1]
[5, 6, 7, 3, 2]
[5, 6, 7, 3, 4, 0]
[5, 6, 7, 3, 4, 1]
[5, 6, 7, 3, 4, 2]
[5, 6, 7, 3, 4, 0, 1]
[5, 6, 7, 3, 4, 0, 2]
[5, 6, 7, 3, 4, 0, 1, 2]
failed -> 10 times
after fail n ======> 5
[5, 0, 1, 2, 6]
0.039473684210526314 0.10714285714285714
itercount --------> 1
[5, 6, 4]
0.10714285714285714 0.13793103448275862
itercount --------> 2
[5, 6, 3]
0.13793103448275862 0.17857142857142858
itercount --------> 3
[5, 4, 0]
[5, 4, 1]
[5, 4, 2]
0.17857142857142858 0.28
itercount --------> 4
[2, 6, 5]
0.28 0.30434782608695654
itercount --------> 5
[6, 5, 2]
[6, 5, 3]
[6, 5, 4]
[6, 5, 0]
0.30434782608695654 0.35
itercount --------> 6
[6, 3, 7]
[6, 3, 4]
[6, 3, 5]
[6, 3, 0]
[6, 3, 1]
[6, 3, 2]
[6, 3, 7, 4]
[6, 3, 7, 5]
0.35 0.3684210526315789
itercount --------> 7
[5, 3, 6]
0.3684210526315789 0.43478260869565216
itercount --------> 8
[5, 4, 3]
0.43478260869565216 0.5833333333333334
itercount --------> 9
[5, 0, 1]
[5, 0, 2]
[5, 0, 6]
[5, 0, 4]
[5, 0, 3]
[5, 0, 7]
[5, 0, 1, 2]
0.5833333333333334 0.6363636363636364
itercount --------> 10
[0, 1, 2]
[0, 1, 5]
[0, 1, 4]
[0, 1, 6]
[0, 1, 7]
[0, 1, 3]
0.6363636363636364 0.7368421052631579
itercount --------> 11
[5, 6, 7]
[5, 6, 0]
[5, 6, 1]
[5, 6, 2]
[5, 6, 3]
[5, 6, 4]
[5, 6, 7, 0]
[5, 6, 7, 1]
[5, 6, 7, 2]
[5, 6, 7, 3]
[5, 6, 7, 4]
[5, 6, 7, 0, 1]
[5, 6, 7, 0, 2]
0.7368421052631579 0.7777777777777778
itercount --------> 12
[5, 6, 7]
[5, 6, 3]
[5, 6, 4]
[5, 6, 0]
[5, 6, 1]
[5, 6, 2]
[5, 6, 7, 3]
[5, 6, 7, 4]
[5, 6, 7, 0]
[5, 6, 7, 1]
[5, 6, 7, 2]
[5, 6, 7, 3, 4]
[5, 6, 7, 3, 0]
[5, 6, 7, 3, 1]
[5, 6, 7, 3, 2]
[5, 6, 7, 3, 4, 0]
[5, 6, 7, 3, 4, 1]
[5, 6, 7, 3, 4, 2]
[5, 6, 7, 3, 4, 0, 1]
[5, 6, 7, 3, 4, 0, 2]
[5, 6, 7, 3, 4, 0, 1, 2]
failed -> 11 times
after fail n ======> 6
[5, 0, 1, 2, 6, 4]
0.039473684210526314 0.10714285714285714
itercount --------> 1
[6, 4, 2]
0.10714285714285714 0.15
itercount --------> 2
[6, 4, 5]
[6, 4, 0]
0.15 0.16666666666666666
itercount --------> 3
[6, 4, 5]
0.16666666666666666 0.2
itercount --------> 4
[6, 5, 3]
[6, 5, 4]
[6, 5, 7]
[6, 5, 1]
0.2 0.2631578947368421
itercount --------> 5
[6, 4, 3]
[6, 4, 5]
[6, 4, 7]
[6, 4, 1]
[6, 4, 2]
[6, 4, 0]
[6, 4, 3, 5]
0.2631578947368421 0.2857142857142857
itercount --------> 6
[6, 7, 3]
[6, 7, 4]
[6, 7, 5]
[6, 7, 1]
[6, 7, 2]
[6, 7, 0]
[6, 7, 3, 4]
[6, 7, 3, 5]
[6, 7, 3, 1]
[6, 7, 3, 2]
[6, 7, 3, 0]
[6, 7, 3, 4, 5]
[6, 7, 3, 4, 1]
[6, 7, 3, 4, 2]
[6, 7, 3, 4, 0]
[6, 7, 3, 4, 5, 1]
[6, 7, 3, 4, 5, 2]
[6, 7, 3, 4, 5, 0]
0.2857142857142857 0.3157894736842105
itercount --------> 7
[6, 7, 3]
[6, 7, 4]
[6, 7, 5]
[6, 7, 0]
[6, 7, 1]
[6, 7, 2]
[6, 7, 3, 4]
[6, 7, 3, 5]
0.3157894736842105 0.3333333333333333
itercount --------> 8
[6, 7, 3]
[6, 7, 4]
[6, 7, 5]
[6, 7, 0]
[6, 7, 1]
[6, 7, 2]
[6, 7, 3, 4]
[6, 7, 3, 5]
[6, 7, 3, 0]
[6, 7, 3, 1]
[6, 7, 3, 2]
[6, 7, 3, 4, 5]
[6, 7, 3, 4, 0]
[6, 7, 3, 4, 1]
[6, 7, 3, 4, 2]
[6, 7, 3, 4, 5, 0]
[6, 7, 3, 4, 5, 1]
[6, 7, 3, 4, 5, 2]
[6, 7, 3, 4, 5, 0, 1]
[6, 7, 3, 4, 5, 0, 2]
[6, 7, 3, 4, 5, 0, 1, 2]
failed -> 12 times
after fail n ======> 7
[5, 0, 1, 2, 6, 4, 7]
0.039473684210526314 0.04878048780487805
itercount --------> 1
[0, 5, 2]
[0, 5, 4]
0.04878048780487805 0.10869565217391304
itercount --------> 2
[0, 2, 4]
0.10869565217391304 0.17857142857142858
itercount --------> 3
[4, 0, 5]
[4, 0, 6]
0.17857142857142858 0.25
itercount --------> 4
[4, 5, 6]
0.25 0.2631578947368421
itercount --------> 5
[4, 6, 7]
0.2631578947368421 0.3157894736842105
itercount --------> 6
[4, 5, 7]
0.3157894736842105 0.3333333333333333
itercount --------> 7
[0, 5, 4]
[0, 5, 1]
0.3333333333333333 0.35294117647058826
itercount --------> 8
[0, 1, 2]
[0, 1, 5]
[0, 1, 4]
[0, 1, 3]
[0, 1, 6]
[0, 1, 7]
[0, 1, 2, 5]
[0, 1, 2, 4]
[0, 1, 2, 3]
[0, 1, 2, 6]
[0, 1, 2, 7]
[0, 1, 2, 5, 4]
[0, 1, 2, 5, 3]
[0, 1, 2, 5, 6]
0.35294117647058826 0.375
itercount --------> 9
[0, 1, 2]
[0, 1, 4]
[0, 1, 5]
[0, 1, 7]
[0, 1, 6]
[0, 1, 3]
[0, 1, 2, 4]
[0, 1, 2, 5]
[0, 1, 2, 7]
[0, 1, 2, 6]
[0, 1, 2, 3]
[0, 1, 2, 4, 5]
[0, 1, 2, 4, 7]
[0, 1, 2, 4, 6]
[0, 1, 2, 4, 3]
[0, 1, 2, 4, 5, 7]
[0, 1, 2, 4, 5, 6]
[0, 1, 2, 4, 5, 3]
[0, 1, 2, 4, 5, 7, 6]
0.375 0.3888888888888889
itercount --------> 10
[4, 3, 6]
[4, 3, 7]
[4, 3, 0]
[4, 3, 1]
[4, 3, 2]
[4, 3, 5]
[4, 3, 6, 7]
[4, 3, 6, 0]
[4, 3, 6, 1]
[4, 3, 6, 2]
[4, 3, 6, 5]
[4, 3, 6, 7, 0]
[4, 3, 6, 7, 1]
[4, 3, 6, 7, 2]
[4, 3, 6, 7, 5]
[4, 3, 6, 7, 0, 1]
0.3888888888888889 0.4117647058823529
itercount --------> 11
[4, 7, 3]
[4, 7, 6]
[4, 7, 5]
[4, 7, 0]
[4, 7, 1]
[4, 7, 2]
[4, 7, 3, 6]
[4, 7, 3, 5]
[4, 7, 3, 0]
[4, 7, 3, 1]
[4, 7, 3, 2]
[4, 7, 3, 6, 5]
[4, 7, 3, 6, 0]
[4, 7, 3, 6, 1]
[4, 7, 3, 6, 2]
[4, 7, 3, 6, 5, 0]
[4, 7, 3, 6, 5, 1]
[4, 7, 3, 6, 5, 2]
[4, 7, 3, 6, 5, 0, 1]
[4, 7, 3, 6, 5, 0, 2]
[4, 7, 3, 6, 5, 0, 1, 2]
failed -> 13 times
after fail n ======> 8
[5, 0, 1, 2, 6, 4, 7, 3]
0.039473684210526314 0.06818181818181818
itercount --------> 1
[4, 5, 6]
0.06818181818181818 0.0851063829787234
itercount --------> 2
[4, 0, 2]
0.0851063829787234 0.13793103448275862
itercount --------> 3
[4, 0, 7]
0.13793103448275862 0.17647058823529413
itercount --------> 4
[4, 5, 6]
[4, 5, 7]
0.17647058823529413 0.21052631578947367
itercount --------> 5
[4, 5, 6]
[4, 5, 7]
[4, 5, 3]
[4, 5, 1]
0.21052631578947367 0.23529411764705882
itercount --------> 6
[4, 5, 1]
[4, 5, 2]
[4, 5, 6]
0.23529411764705882 0.2608695652173913
itercount --------> 7
[4, 5, 2]
[4, 5, 6]
0.2608695652173913 0.3157894736842105
itercount --------> 8
[1, 5, 2]
0.3157894736842105 0.3333333333333333
itercount --------> 9
[1, 2, 5]
[1, 2, 4]
[1, 2, 6]
0.3333333333333333 0.375
itercount --------> 10
[0, 1, 2]
[0, 1, 4]
[0, 1, 5]
[0, 1, 7]
[0, 1, 6]
[0, 1, 3]
[0, 1, 2, 4]
[0, 1, 2, 5]
[0, 1, 2, 7]
[0, 1, 2, 6]
[0, 1, 2, 3]
[0, 1, 2, 4, 5]
0.375 0.4117647058823529
itercount --------> 11
[2, 4, 6]
[2, 4, 3]
[2, 4, 7]
[2, 4, 5]
0.4117647058823529 0.4375
itercount --------> 12
[0, 1, 2]
[0, 1, 5]
[0, 1, 4]
[0, 1, 3]
[0, 1, 7]
[0, 1, 6]
[0, 1, 2, 5]
[0, 1, 2, 4]
[0, 1, 2, 3]
[0, 1, 2, 7]
[0, 1, 2, 6]
[0, 1, 2, 5, 4]
[0, 1, 2, 5, 3]
[0, 1, 2, 5, 7]
[0, 1, 2, 5, 6]
[0, 1, 2, 5, 4, 3]
0.4375 0.47058823529411764
itercount --------> 13
[0, 1, 2]
[0, 1, 5]
[0, 1, 4]
[0, 1, 6]
[0, 1, 7]
[0, 1, 3]
[0, 1, 2, 5]
[0, 1, 2, 4]
[0, 1, 2, 6]
[0, 1, 2, 7]
[0, 1, 2, 3]
0.47058823529411764 0.5
itercount --------> 14
[5, 0, 1]
[5, 0, 2]
[5, 0, 4]
[5, 0, 6]
[5, 0, 7]
[5, 0, 3]
[5, 0, 1, 2]
[5, 0, 1, 4]
[5, 0, 1, 6]
[5, 0, 1, 7]
[5, 0, 1, 3]
[5, 0, 1, 2, 4]
[5, 0, 1, 2, 6]
[5, 0, 1, 2, 7]
[5, 0, 1, 2, 3]
[5, 0, 1, 2, 4, 6]
[5, 0, 1, 2, 4, 7]
[5, 0, 1, 2, 4, 3]
[5, 0, 1, 2, 4, 6, 7]
[5, 0, 1, 2, 4, 6, 3]
[5, 0, 1, 2, 4, 6, 7, 3]
0.5 0.5294117647058824
itercount --------> 15
[4, 6, 7]
[4, 6, 3]
[4, 6, 5]
[4, 6, 0]
[4, 6, 1]
[4, 6, 2]
[4, 6, 7, 3]
[4, 6, 7, 5]
[4, 6, 7, 0]
[4, 6, 7, 1]
[4, 6, 7, 2]
[4, 6, 7, 3, 5]
[4, 6, 7, 3, 0]
[4, 6, 7, 3, 1]
[4, 6, 7, 3, 2]
0.5294117647058824 0.7368421052631579
itercount --------> 16
[5, 7, 0]
[5, 7, 6]
[5, 7, 3]
[5, 7, 4]
[5, 7, 1]
[5, 7, 2]
[5, 7, 0, 6]
[5, 7, 0, 3]
0.7368421052631579 0.7777777777777778
itercount --------> 17
[5, 6, 7]
[5, 6, 3]
[5, 6, 4]
[5, 6, 0]
[5, 6, 1]
[5, 6, 2]
[5, 6, 7, 3]
[5, 6, 7, 4]
[5, 6, 7, 0]
[5, 6, 7, 1]
[5, 6, 7, 2]
[5, 6, 7, 3, 4]
[5, 6, 7, 3, 0]
[5, 6, 7, 3, 1]
[5, 6, 7, 3, 2]
[5, 6, 7, 3, 4, 0]
[5, 6, 7, 3, 4, 1]
[5, 6, 7, 3, 4, 2]
[5, 6, 7, 3, 4, 0, 1]
[5, 6, 7, 3, 4, 0, 2]
[5, 6, 7, 3, 4, 0, 1, 2]
failed -> 14 times
after fail n ======> 5
[5, 0, 1, 2, 6]
0.039473684210526314 0.06818181818181818
itercount --------> 1
[6, 2, 4]
[6, 2, 0]
0.06818181818181818 0.10714285714285714
itercount --------> 2
[6, 4, 1]
0.10714285714285714 0.17857142857142858
itercount --------> 3
[6, 5, 0]
[6, 5, 1]
0.17857142857142858 0.18421052631578946
itercount --------> 4
[1, 5, 2]
0.18421052631578946 0.21621621621621623
itercount --------> 5
[1, 5, 6]
[1, 5, 4]
0.21621621621621623 0.2692307692307692
itercount --------> 6
[1, 6, 4]
[1, 6, 0]
0.2692307692307692 0.3181818181818182
itercount --------> 7
[6, 4, 1]
[6, 4, 2]
[6, 4, 5]
[6, 4, 7]
[6, 4, 3]
0.3181818181818182 0.3333333333333333
itercount --------> 8
[6, 7, 3]
[6, 7, 4]
[6, 7, 1]
0.3333333333333333 0.4
itercount --------> 9
[6, 7, 3]
0.4 0.4117647058823529
itercount --------> 10
[3, 4, 6]
[3, 4, 7]
[3, 4, 5]
[3, 4, 0]
0.4117647058823529 0.6470588235294118
itercount --------> 11
[3, 6, 7]
[3, 6, 4]
[3, 6, 0]
[3, 6, 1]
[3, 6, 2]
[3, 6, 5]
[3, 6, 7, 4]
[3, 6, 7, 0]
[3, 6, 7, 1]
[3, 6, 7, 2]
[3, 6, 7, 5]
0.6470588235294118 0.7777777777777778
itercount --------> 12
[5, 6, 7]
[5, 6, 3]
[5, 6, 4]
[5, 6, 0]
[5, 6, 1]
[5, 6, 2]
[5, 6, 7, 3]
[5, 6, 7, 4]
[5, 6, 7, 0]
[5, 6, 7, 1]
0.7777777777777778 0.8333333333333334
itercount --------> 13
[3, 4, 6]
[3, 4, 7]
[3, 4, 0]
[3, 4, 1]
[3, 4, 2]
[3, 4, 5]
[3, 4, 6, 7]
[3, 4, 6, 0]
[3, 4, 6, 1]
[3, 4, 6, 2]
[3, 4, 6, 5]
[3, 4, 6, 7, 0]
[3, 4, 6, 7, 1]
[3, 4, 6, 7, 2]
[3, 4, 6, 7, 5]
[3, 4, 6, 7, 0, 1]
[3, 4, 6, 7, 0, 2]
[3, 4, 6, 7, 0, 5]
[3, 4, 6, 7, 0, 1, 2]
[3, 4, 6, 7, 0, 1, 5]
[3, 4, 6, 7, 0, 1, 2, 5]
failed -> 15 times
after fail n ======> 6
[5, 0, 1, 2, 6, 4]
0.039473684210526314 0.09230769230769231
itercount --------> 1
[0, 2, 5]
0.09230769230769231 0.16666666666666666
itercount --------> 2
[5, 4, 2]
0.16666666666666666 0.2647058823529412
itercount --------> 3
[5, 2, 0]
[5, 2, 1]
0.2647058823529412 0.3333333333333333
itercount --------> 4
[4, 5, 6]
[4, 5, 7]
[4, 5, 3]
0.3333333333333333 0.3448275862068966
itercount --------> 5
[6, 1, 2]
0.3448275862068966 0.4
itercount --------> 6
[6, 7, 5]
0.4 0.42105263157894735
itercount --------> 7
[0, 1, 2]
[0, 1, 5]
[0, 1, 7]
[0, 1, 6]
[0, 1, 3]
[0, 1, 4]
[0, 1, 2, 5]
[0, 1, 2, 7]
0.42105263157894735 0.631578947368421
itercount --------> 8
[0, 1, 2]
[0, 1, 5]
[0, 1, 6]
[0, 1, 7]
[0, 1, 3]
0.631578947368421 0.7058823529411765
itercount --------> 9
[0, 1, 2]
[0, 1, 5]
[0, 1, 6]
[0, 1, 7]
[0, 1, 3]
[0, 1, 4]
[0, 1, 2, 5]
[0, 1, 2, 6]
[0, 1, 2, 7]
[0, 1, 2, 3]
[0, 1, 2, 4]
[0, 1, 2, 5, 6]
[0, 1, 2, 5, 7]
[0, 1, 2, 5, 3]
[0, 1, 2, 5, 4]
[0, 1, 2, 5, 6, 7]
0.7058823529411765 0.7368421052631579
itercount --------> 10
[5, 6, 7]
[5, 6, 0]
[5, 6, 1]
[5, 6, 2]
[5, 6, 3]
[5, 6, 4]
[5, 6, 7, 0]
[5, 6, 7, 1]
[5, 6, 7, 2]
[5, 6, 7, 3]
[5, 6, 7, 4]
[5, 6, 7, 0, 1]
[5, 6, 7, 0, 2]
[5, 6, 7, 0, 3]
[5, 6, 7, 0, 4]
[5, 6, 7, 0, 1, 2]
[5, 6, 7, 0, 1, 3]
[5, 6, 7, 0, 1, 4]
[5, 6, 7, 0, 1, 2, 3]
[5, 6, 7, 0, 1, 2, 4]
0.7368421052631579 0.7777777777777778
itercount --------> 11
[5, 6, 7]
[5, 6, 3]
[5, 6, 4]
[5, 6, 0]
[5, 6, 1]
[5, 6, 2]
[5, 6, 7, 3]
[5, 6, 7, 4]
[5, 6, 7, 0]
[5, 6, 7, 1]
[5, 6, 7, 2]
[5, 6, 7, 3, 4]
[5, 6, 7, 3, 0]
[5, 6, 7, 3, 1]
[5, 6, 7, 3, 2]
[5, 6, 7, 3, 4, 0]
[5, 6, 7, 3, 4, 1]
[5, 6, 7, 3, 4, 2]
[5, 6, 7, 3, 4, 0, 1]
[5, 6, 7, 3, 4, 0, 2]
[5, 6, 7, 3, 4, 0, 1, 2]
failed -> 16 times
after fail n ======> 7
[5, 0, 1, 2, 6, 4, 7]
0.039473684210526314 0.06896551724137931
itercount --------> 1
[5, 6, 1]
0.06896551724137931 0.09375
itercount --------> 2
[5, 4, 1]
0.09375 0.16
itercount --------> 3
[5, 4, 6]
0.16 0.20833333333333334
itercount --------> 4
[4, 1, 0]
[4, 1, 2]
[4, 1, 5]
[4, 1, 6]
[4, 1, 3]
[4, 1, 7]
[4, 1, 0, 2]
0.20833333333333334 0.2777777777777778
itercount --------> 5
[4, 5, 6]
0.2777777777777778 0.3
itercount --------> 6
[4, 5, 1]
[4, 5, 0]
[4, 5, 2]
0.3 0.35294117647058826
itercount --------> 7
[0, 1, 2]
[0, 1, 5]
[0, 1, 4]
[0, 1, 3]
[0, 1, 6]
[0, 1, 7]
[0, 1, 2, 5]
[0, 1, 2, 4]
[0, 1, 2, 3]
[0, 1, 2, 6]
[0, 1, 2, 7]
[0, 1, 2, 5, 4]
0.35294117647058826 0.375
itercount --------> 8
[1, 3, 4]
[1, 3, 5]
[1, 3, 6]
[1, 3, 7]
[1, 3, 0]
[1, 3, 2]
[1, 3, 4, 5]
0.375 0.41935483870967744
itercount --------> 9
[1, 5, 0]
0.41935483870967744 0.4666666666666667
itercount --------> 10
[1, 5, 0]
0.4666666666666667 0.5416666666666666
itercount --------> 11
[1, 5, 4]
0.5416666666666666 0.6666666666666666
itercount --------> 12
[4, 5, 0]
[4, 5, 1]
[4, 5, 2]
[4, 5, 6]
[4, 5, 3]
[4, 5, 7]
[4, 5, 0, 1]
[4, 5, 0, 2]
[4, 5, 0, 6]
[4, 5, 0, 3]
[4, 5, 0, 7]
[4, 5, 0, 1, 2]
[4, 5, 0, 1, 6]
0.6666666666666666 0.6842105263157895
itercount --------> 13
[5, 4, 6]
[5, 4, 3]
[5, 4, 7]
[5, 4, 0]
[5, 4, 1]
[5, 4, 2]
[5, 4, 6, 3]
[5, 4, 6, 7]
[5, 4, 6, 0]
[5, 4, 6, 1]
0.6842105263157895 0.7
itercount --------> 14
[6, 5, 3]
[6, 5, 4]
[6, 5, 7]
[6, 5, 0]
[6, 5, 1]
0.7 0.7368421052631579
itercount --------> 15
[5, 6, 7]
[5, 6, 0]
[5, 6, 1]
[5, 6, 2]
[5, 6, 3]
[5, 6, 4]
[5, 6, 7, 0]
[5, 6, 7, 1]
[5, 6, 7, 2]
[5, 6, 7, 3]
[5, 6, 7, 4]
[5, 6, 7, 0, 1]
[5, 6, 7, 0, 2]
[5, 6, 7, 0, 3]
[5, 6, 7, 0, 4]
[5, 6, 7, 0, 1, 2]
[5, 6, 7, 0, 1, 3]
[5, 6, 7, 0, 1, 4]
[5, 6, 7, 0, 1, 2, 3]
[5, 6, 7, 0, 1, 2, 4]
[5, 6, 7, 0, 1, 2, 3, 4]
failed -> 17 times
after fail n ======> 8
[5, 0, 1, 2, 6, 4, 7, 3]
0.039473684210526314 0.06818181818181818
itercount --------> 1
[6, 1, 4]
0.06818181818181818 0.10126582278481013
itercount --------> 2
[0, 2, 5]
0.10126582278481013 0.1590909090909091
itercount --------> 3
[0, 1, 2]
0.1590909090909091 0.2692307692307692
itercount --------> 4
[1, 6, 4]
[1, 6, 5]
[1, 6, 0]
0.2692307692307692 0.2727272727272727
itercount --------> 5
[1, 5, 6]
0.2727272727272727 0.32
itercount --------> 6
[5, 6, 4]
[5, 6, 7]
0.32 0.4090909090909091
itercount --------> 7
[0, 1, 2]
[0, 1, 4]
[0, 1, 6]
[0, 1, 5]
[0, 1, 3]
[0, 1, 7]
[0, 1, 2, 4]
[0, 1, 2, 6]
[0, 1, 2, 5]
[0, 1, 2, 3]
[0, 1, 2, 7]
[0, 1, 2, 4, 6]
[0, 1, 2, 4, 5]
[0, 1, 2, 4, 3]
0.4090909090909091 0.55
itercount --------> 8
[6, 5, 4]
[6, 5, 7]
[6, 5, 3]
[6, 5, 0]
[6, 5, 1]
[6, 5, 2]
[6, 5, 4, 7]
[6, 5, 4, 3]
[6, 5, 4, 0]
[6, 5, 4, 1]
[6, 5, 4, 2]
[6, 5, 4, 7, 3]
[6, 5, 4, 7, 0]
0.55 0.5714285714285714
itercount --------> 9
[6, 4, 3]
[6, 4, 5]
[6, 4, 7]
[6, 4, 0]
[6, 4, 1]
[6, 4, 2]
[6, 4, 3, 5]
[6, 4, 3, 7]
[6, 4, 3, 0]
[6, 4, 3, 1]
[6, 4, 3, 2]
[6, 4, 3, 5, 7]
[6, 4, 3, 5, 0]
0.5714285714285714 0.6111111111111112
itercount --------> 10
[6, 4, 7]
[6, 4, 3]
[6, 4, 5]
[6, 4, 0]
[6, 4, 1]
[6, 4, 2]
[6, 4, 7, 3]
[6, 4, 7, 5]
[6, 4, 7, 0]
[6, 4, 7, 1]
[6, 4, 7, 2]
[6, 4, 7, 3, 5]
[6, 4, 7, 3, 0]
[6, 4, 7, 3, 1]
[6, 4, 7, 3, 2]
[6, 4, 7, 3, 5, 0]
[6, 4, 7, 3, 5, 1]
[6, 4, 7, 3, 5, 2]
[6, 4, 7, 3, 5, 0, 1]
[6, 4, 7, 3, 5, 0, 2]
[6, 4, 7, 3, 5, 0, 1, 2]
failed -> 18 times
after fail n ======> 5
[5, 0, 1, 2, 6]
0.039473684210526314 0.06818181818181818
itercount --------> 1
[6, 5, 0]
0.06818181818181818 0.125
itercount --------> 2
[6, 4, 2]
0.125 0.21739130434782608
itercount --------> 3
[6, 2, 4]
0.21739130434782608 0.22727272727272727
itercount --------> 4
[6, 5, 4]
0.22727272727272727 0.2631578947368421
itercount --------> 5
[6, 4, 3]
0.2631578947368421 0.2857142857142857
itercount --------> 6
[6, 5, 3]
[6, 5, 7]
[6, 5, 4]
[6, 5, 0]
[6, 5, 1]
[6, 5, 2]
0.2857142857142857 0.3157894736842105
itercount --------> 7
[6, 7, 3]
[6, 7, 4]
[6, 7, 5]
[6, 7, 0]
[6, 7, 1]
[6, 7, 2]
[6, 7, 3, 4]
[6, 7, 3, 5]
[6, 7, 3, 0]
[6, 7, 3, 1]
[6, 7, 3, 2]
[6, 7, 3, 4, 5]
[6, 7, 3, 4, 0]
[6, 7, 3, 4, 1]
[6, 7, 3, 4, 2]
0.3157894736842105 0.3333333333333333
itercount --------> 8
[6, 7, 3]
[6, 7, 4]
[6, 7, 5]
[6, 7, 0]
[6, 7, 1]
[6, 7, 2]
[6, 7, 3, 4]
[6, 7, 3, 5]
[6, 7, 3, 0]
[6, 7, 3, 1]
[6, 7, 3, 2]
[6, 7, 3, 4, 5]
[6, 7, 3, 4, 0]
[6, 7, 3, 4, 1]
[6, 7, 3, 4, 2]
[6, 7, 3, 4, 5, 0]
[6, 7, 3, 4, 5, 1]
[6, 7, 3, 4, 5, 2]
[6, 7, 3, 4, 5, 0, 1]
[6, 7, 3, 4, 5, 0, 2]
[6, 7, 3, 4, 5, 0, 1, 2]
failed -> 19 times
after fail n ======> 6
[5, 0, 1, 2, 6, 4]
0.039473684210526314 0.0851063829787234
itercount --------> 1
[4, 1, 2]
0.0851063829787234 0.13793103448275862
itercount --------> 2
[4, 2, 7]
[4, 2, 5]
0.13793103448275862 0.2
itercount --------> 3
[4, 7, 5]
0.2 0.21052631578947367
itercount --------> 4
[4, 5, 6]
0.21052631578947367 0.2631578947368421
itercount --------> 5
[4, 5, 6]
[4, 5, 3]
[4, 5, 7]
[4, 5, 0]
[4, 5, 1]
0.2631578947368421 0.3333333333333333
itercount --------> 6
[4, 5, 6]
[4, 5, 7]
[4, 5, 0]
0.3333333333333333 0.35294117647058826
itercount --------> 7
[0, 1, 2]
[0, 1, 5]
[0, 1, 4]
[0, 1, 3]
[0, 1, 6]
[0, 1, 7]
[0, 1, 2, 5]
[0, 1, 2, 4]
[0, 1, 2, 3]
[0, 1, 2, 6]
[0, 1, 2, 7]
[0, 1, 2, 5, 4]
[0, 1, 2, 5, 3]
[0, 1, 2, 5, 6]
[0, 1, 2, 5, 7]
[0, 1, 2, 5, 4, 3]
[0, 1, 2, 5, 4, 6]
[0, 1, 2, 5, 4, 7]
[0, 1, 2, 5, 4, 3, 6]
[0, 1, 2, 5, 4, 3, 7]
[0, 1, 2, 5, 4, 3, 6, 7]
0.35294117647058826 0.3888888888888889
itercount --------> 8
[4, 3, 6]
[4, 3, 7]
[4, 3, 0]
[4, 3, 1]
[4, 3, 2]
[4, 3, 5]
[4, 3, 6, 7]
[4, 3, 6, 0]
[4, 3, 6, 1]
[4, 3, 6, 2]
[4, 3, 6, 5]
[4, 3, 6, 7, 0]
0.3888888888888889 0.4117647058823529
itercount --------> 9
[4, 7, 3]
[4, 7, 6]
[4, 7, 5]
[4, 7, 0]
[4, 7, 1]
[4, 7, 2]
[4, 7, 3, 6]
[4, 7, 3, 5]
[4, 7, 3, 0]
[4, 7, 3, 1]
[4, 7, 3, 2]
[4, 7, 3, 6, 5]
[4, 7, 3, 6, 0]
[4, 7, 3, 6, 1]
[4, 7, 3, 6, 2]
[4, 7, 3, 6, 5, 0]
[4, 7, 3, 6, 5, 1]
[4, 7, 3, 6, 5, 2]
[4, 7, 3, 6, 5, 0, 1]
[4, 7, 3, 6, 5, 0, 2]
[4, 7, 3, 6, 5, 0, 1, 2]
failed -> 20 times
after fail n ======> 7
[5, 0, 1, 2, 6, 4, 7]
0.039473684210526314 0.06818181818181818
itercount --------> 1
[5, 1, 6]
0.06818181818181818 0.10714285714285714
itercount --------> 2
[1, 6, 4]
0.10714285714285714 0.16666666666666666
itercount --------> 3
[6, 5, 0]
0.16666666666666666 0.2413793103448276
itercount --------> 4
[0, 1, 6]
0.2413793103448276 0.35
itercount --------> 5
[6, 4, 0]
[6, 4, 2]
[6, 4, 7]
0.35 0.4444444444444444
itercount --------> 6
[4, 6, 7]
[4, 6, 0]
[4, 6, 1]
[4, 6, 2]
[4, 6, 3]
[4, 6, 5]
[4, 6, 7, 0]
0.4444444444444444 0.5
itercount --------> 7
[4, 6, 3]
[4, 6, 7]
[4, 6, 0]
[4, 6, 1]
[4, 6, 2]
[4, 6, 5]
[4, 6, 3, 7]
[4, 6, 3, 0]
[4, 6, 3, 1]
0.5 0.6111111111111112
itercount --------> 8
[6, 4, 7]
[6, 4, 3]
[6, 4, 5]
[6, 4, 0]
[6, 4, 1]
[6, 4, 2]
[6, 4, 7, 3]
[6, 4, 7, 5]
[6, 4, 7, 0]
[6, 4, 7, 1]
[6, 4, 7, 2]
[6, 4, 7, 3, 5]
[6, 4, 7, 3, 0]
[6, 4, 7, 3, 1]
[6, 4, 7, 3, 2]
[6, 4, 7, 3, 5, 0]
[6, 4, 7, 3, 5, 1]
[6, 4, 7, 3, 5, 2]
[6, 4, 7, 3, 5, 0, 1]
[6, 4, 7, 3, 5, 0, 2]
[6, 4, 7, 3, 5, 0, 1, 2]
failed -> 21 times
after fail n ======> 8
[5, 0, 1, 2, 6, 4, 7, 3]
0.039473684210526314 0.044444444444444446
itercount --------> 1
[5, 0, 1]
[5, 0, 2]
0.044444444444444446 0.09523809523809523
itercount --------> 2
[4, 6, 1]
0.09523809523809523 0.10526315789473684
itercount --------> 3
[6, 1, 4]
0.10526315789473684 0.125
itercount --------> 4
[0, 1, 2]
[0, 1, 5]
[0, 1, 4]
[0, 1, 6]
[0, 1, 7]
[0, 1, 3]
[0, 1, 2, 5]
[0, 1, 2, 4]
0.125 0.13043478260869565
itercount --------> 5
[6, 1, 7]
0.13043478260869565 0.15789473684210525
itercount --------> 6
[6, 7, 0]
0.15789473684210525 0.16666666666666666
itercount --------> 7
[6, 0, 7]
0.16666666666666666 0.22727272727272727
itercount --------> 8
[6, 0, 4]
[6, 0, 1]
0.22727272727272727 0.2777777777777778
itercount --------> 9
[6, 3, 4]
[6, 3, 0]
[6, 3, 2]
[6, 3, 7]
[6, 3, 5]
0.2777777777777778 0.2857142857142857
itercount --------> 10
[0, 6, 2]
0.2857142857142857 0.3157894736842105
itercount --------> 11
[0, 6, 1]
[0, 6, 4]
0.3157894736842105 0.3333333333333333
itercount --------> 12
[1, 4, 3]
0.3333333333333333 0.4090909090909091
itercount --------> 13
[1, 4, 3]
[1, 4, 6]
[1, 4, 5]
0.4090909090909091 0.42105263157894735
itercount --------> 14
[4, 1, 7]
[4, 1, 6]
[4, 1, 3]
[4, 1, 5]
0.42105263157894735 0.4444444444444444
itercount --------> 15
[3, 4, 6]
[3, 4, 7]
0.4444444444444444 0.5
itercount --------> 16
[6, 7, 0]
[6, 7, 1]
[6, 7, 3]
[6, 7, 5]
[6, 7, 4]
[6, 7, 2]
[6, 7, 0, 1]
[6, 7, 0, 3]
0.5 0.5555555555555556
itercount --------> 17
[6, 7, 3]
[6, 7, 4]
[6, 7, 5]
[6, 7, 0]
[6, 7, 1]
[6, 7, 2]
[6, 7, 3, 4]
[6, 7, 3, 5]
[6, 7, 3, 0]
[6, 7, 3, 1]
[6, 7, 3, 2]
[6, 7, 3, 4, 5]
[6, 7, 3, 4, 0]
[6, 7, 3, 4, 1]
[6, 7, 3, 4, 2]
[6, 7, 3, 4, 5, 0]
[6, 7, 3, 4, 5, 1]
[6, 7, 3, 4, 5, 2]
[6, 7, 3, 4, 5, 0, 1]
[6, 7, 3, 4, 5, 0, 2]
[6, 7, 3, 4, 5, 0, 1, 2]
failed -> 22 times
after fail n ======> 5
[5, 0, 1, 2, 6]
0.039473684210526314 0.06818181818181818
itercount --------> 1
[6, 1, 4]
[6, 1, 0]
0.06818181818181818 0.125
itercount --------> 2
[6, 4, 2]
0.125 0.21739130434782608
itercount --------> 3
[6, 2, 4]
[6, 2, 5]
0.21739130434782608 0.2777777777777778
itercount --------> 4
[6, 3, 4]
[6, 3, 7]
[6, 3, 5]
[6, 3, 0]
[6, 3, 1]
0.2777777777777778 0.29411764705882354
itercount --------> 5
[6, 3, 4]
[6, 3, 7]
[6, 3, 5]
[6, 3, 0]
[6, 3, 1]
[6, 3, 2]
[6, 3, 4, 7]
[6, 3, 4, 5]
[6, 3, 4, 0]
0.29411764705882354 0.3333333333333333
itercount --------> 6
[6, 7, 3]
[6, 7, 4]
[6, 7, 5]
[6, 7, 0]
[6, 7, 1]
[6, 7, 2]
[6, 7, 3, 4]
[6, 7, 3, 5]
[6, 7, 3, 0]
[6, 7, 3, 1]
[6, 7, 3, 2]
[6, 7, 3, 4, 5]
[6, 7, 3, 4, 0]
[6, 7, 3, 4, 1]
[6, 7, 3, 4, 2]
[6, 7, 3, 4, 5, 0]
[6, 7, 3, 4, 5, 1]
[6, 7, 3, 4, 5, 2]
[6, 7, 3, 4, 5, 0, 1]
[6, 7, 3, 4, 5, 0, 2]
[6, 7, 3, 4, 5, 0, 1, 2]
failed -> 23 times
after fail n ======> 6
[5, 0, 1, 2, 6, 4]
0.039473684210526314 0.06818181818181818
itercount --------> 1
[6, 5, 0]
0.06818181818181818 0.10714285714285714
itercount --------> 2
[6, 4, 2]
0.10714285714285714 0.15
itercount --------> 3
[6, 4, 5]
0.15 0.2
itercount --------> 4
[6, 5, 3]
0.2 0.21052631578947367
itercount --------> 5
[6, 5, 3]
[6, 5, 4]
[6, 5, 7]
[6, 5, 0]
0.21052631578947367 0.23529411764705882
itercount --------> 6
[0, 1, 2]
[0, 1, 5]
[0, 1, 6]
[0, 1, 3]
0.23529411764705882 0.25
itercount --------> 7
[6, 4, 1]
[6, 4, 3]
0.25 0.2608695652173913
itercount --------> 8
[6, 1, 7]
[6, 1, 3]
[6, 1, 4]
0.2608695652173913 0.2727272727272727
itercount --------> 9
[6, 1, 7]
[6, 1, 3]
[6, 1, 4]
[6, 1, 5]
0.2727272727272727 0.3157894736842105
itercount --------> 10
[6, 7, 3]
[6, 7, 4]
[6, 7, 5]
[6, 7, 0]
[6, 7, 1]
[6, 7, 2]
[6, 7, 3, 4]
[6, 7, 3, 5]
[6, 7, 3, 0]
0.3157894736842105 0.3333333333333333
itercount --------> 11
[6, 7, 3]
[6, 7, 4]
[6, 7, 5]
[6, 7, 0]
[6, 7, 1]
[6, 7, 2]
[6, 7, 3, 4]
[6, 7, 3, 5]
[6, 7, 3, 0]
[6, 7, 3, 1]
[6, 7, 3, 2]
[6, 7, 3, 4, 5]
[6, 7, 3, 4, 0]
[6, 7, 3, 4, 1]
[6, 7, 3, 4, 2]
[6, 7, 3, 4, 5, 0]
[6, 7, 3, 4, 5, 1]
[6, 7, 3, 4, 5, 2]
[6, 7, 3, 4, 5, 0, 1]
[6, 7, 3, 4, 5, 0, 2]
[6, 7, 3, 4, 5, 0, 1, 2]
failed -> 24 times
after fail n ======> 7
[5, 0, 1, 2, 6, 4, 7]
0.039473684210526314 0.04819277108433735
itercount --------> 1
[5, 0, 1]
[5, 0, 2]
[5, 0, 6]
0.04819277108433735 0.08620689655172414
itercount --------> 2
[1, 2, 5]
0.08620689655172414 0.13157894736842105
itercount --------> 3
[6, 1, 5]
0.13157894736842105 0.17142857142857143
itercount --------> 4
[5, 0, 1]
0.17142857142857143 0.18518518518518517
itercount --------> 5
[5, 6, 3]
0.18518518518518517 0.2
itercount --------> 6
[4, 5, 3]
0.2 0.20833333333333334
itercount --------> 7
[3, 6, 2]
0.20833333333333334 0.2916666666666667
itercount --------> 8
[6, 5, 3]
0.2916666666666667 0.34782608695652173
itercount --------> 9
[6, 7, 0]
[6, 7, 1]
0.34782608695652173 0.35294117647058826
itercount --------> 10
[5, 0, 1]
[5, 0, 2]
[5, 0, 7]
[5, 0, 6]
0.35294117647058826 0.42105263157894735
itercount --------> 11
[5, 6, 3]
[5, 6, 7]
0.42105263157894735 0.47619047619047616
itercount --------> 12
[6, 3, 2]
[6, 3, 5]
[6, 3, 4]
[6, 3, 7]
[6, 3, 0]
[6, 3, 1]
[6, 3, 2, 5]
[6, 3, 2, 4]
[6, 3, 2, 7]
[6, 3, 2, 0]
[6, 3, 2, 1]
0.47619047619047616 0.5263157894736842
itercount --------> 13
[6, 3, 7]
[6, 3, 4]
[6, 3, 5]
[6, 3, 0]
[6, 3, 1]
[6, 3, 2]
0.5263157894736842 0.55
itercount --------> 14
[3, 5, 0]
[3, 5, 1]
[3, 5, 2]
[3, 5, 6]
0.55 0.6666666666666666
itercount --------> 15
[5, 0, 1]
[5, 0, 2]
[5, 0, 6]
[5, 0, 7]
[5, 0, 3]
[5, 0, 4]
[5, 0, 1, 2]
[5, 0, 1, 6]
[5, 0, 1, 7]
[5, 0, 1, 3]
[5, 0, 1, 4]
[5, 0, 1, 2, 6]
[5, 0, 1, 2, 7]
[5, 0, 1, 2, 3]
[5, 0, 1, 2, 4]
[5, 0, 1, 2, 6, 7]
[5, 0, 1, 2, 6, 3]
[5, 0, 1, 2, 6, 4]
[5, 0, 1, 2, 6, 7, 3]
[5, 0, 1, 2, 6, 7, 4]
[5, 0, 1, 2, 6, 7, 3, 4]
failed -> 25 times
after fail n ======> 8
[5, 0, 1, 2, 6, 4, 7, 3]
0.039473684210526314 0.06818181818181818
itercount --------> 1
[6, 5, 1]
0.06818181818181818 0.10714285714285714
itercount --------> 2
[6, 4, 2]
0.10714285714285714 0.15
itercount --------> 3
[6, 4, 5]
[6, 4, 2]
0.15 0.16666666666666666
itercount --------> 4
[6, 4, 5]
[6, 4, 7]
[6, 4, 3]
[6, 4, 0]
0.16666666666666666 0.17142857142857143
itercount --------> 5
[6, 0, 5]
0.17142857142857143 0.18518518518518517
itercount --------> 6
[6, 5, 0]
[6, 5, 1]
[6, 5, 4]
[6, 5, 2]
0.18518518518518517 0.24
itercount --------> 7
[6, 5, 0]
0.24 0.25
itercount --------> 8
[6, 5, 3]
0.25 0.2631578947368421
itercount --------> 9
[6, 4, 0]
[6, 4, 1]
[6, 4, 3]
0.2631578947368421 0.3157894736842105
itercount --------> 10
[6, 7, 3]
[6, 7, 4]
[6, 7, 5]
[6, 7, 0]
[6, 7, 1]
[6, 7, 2]
[6, 7, 3, 4]
[6, 7, 3, 5]
[6, 7, 3, 0]
[6, 7, 3, 1]
[6, 7, 3, 2]
[6, 7, 3, 4, 5]
[6, 7, 3, 4, 0]
[6, 7, 3, 4, 1]
[6, 7, 3, 4, 2]
[6, 7, 3, 4, 5, 0]
[6, 7, 3, 4, 5, 1]
[6, 7, 3, 4, 5, 2]
[6, 7, 3, 4, 5, 0, 1]
[6, 7, 3, 4, 5, 0, 2]
[6, 7, 3, 4, 5, 0, 1, 2]
failed -> 26 times
after fail n ======> 5
[5, 0, 1, 2, 6]
0.039473684210526314 0.10714285714285714
itercount --------> 1
[6, 4, 2]
0.10714285714285714 0.16666666666666666
itercount --------> 2
[6, 4, 7]
0.16666666666666666 0.18518518518518517
itercount --------> 3
[4, 2, 5]
0.18518518518518517 0.20512820512820512
itercount --------> 4
[2, 5, 4]
0.20512820512820512 0.23809523809523808
itercount --------> 5
[4, 6, 2]
0.23809523809523808 0.2692307692307692
itercount --------> 6
[2, 6, 4]
[2, 6, 5]
0.2692307692307692 0.2916666666666667
itercount --------> 7
[6, 5, 4]
[6, 5, 0]
[6, 5, 1]
0.2916666666666667 0.3181818181818182
itercount --------> 8
[6, 4, 0]
[6, 4, 1]
[6, 4, 5]
[6, 4, 7]
0.3181818181818182 0.36363636363636365
itercount --------> 9
[4, 0, 1]
0.36363636363636365 0.4
itercount --------> 10
[4, 1, 5]
[4, 1, 6]
[4, 1, 7]
0.4 0.5
itercount --------> 11
[4, 6, 0]
[4, 6, 1]
[4, 6, 7]
[4, 6, 3]
[4, 6, 5]
[4, 6, 2]
[4, 6, 0, 1]
[4, 6, 0, 7]
[4, 6, 0, 3]
[4, 6, 0, 5]
[4, 6, 0, 2]
0.5 0.5294117647058824
itercount --------> 12
[4, 6, 3]
[4, 6, 7]
[4, 6, 5]
[4, 6, 0]
[4, 6, 1]
[4, 6, 2]
[4, 6, 3, 7]
[4, 6, 3, 5]
[4, 6, 3, 0]
[4, 6, 3, 1]
[4, 6, 3, 2]
0.5294117647058824 0.5555555555555556
itercount --------> 13
[6, 4, 7]
[6, 4, 3]
[6, 4, 5]
[6, 4, 0]
0.5555555555555556 0.5789473684210527
itercount --------> 14
[4, 5, 0]
[4, 5, 1]
[4, 5, 6]
[4, 5, 7]
[4, 5, 3]
[4, 5, 2]
[4, 5, 0, 1]
[4, 5, 0, 6]
0.5789473684210527 0.6666666666666666
itercount --------> 15
[5, 0, 1]
[5, 0, 6]
0.6666666666666666 0.7
itercount --------> 16
[6, 5, 0]
[6, 5, 1]
[6, 5, 2]
[6, 5, 3]
[6, 5, 4]
[6, 5, 7]
[6, 5, 0, 1]
[6, 5, 0, 2]
[6, 5, 0, 3]
[6, 5, 0, 4]
[6, 5, 0, 7]
0.7 0.7368421052631579
itercount --------> 17
[5, 6, 7]
[5, 6, 0]
[5, 6, 1]
[5, 6, 3]
[5, 6, 4]
[5, 6, 2]
[5, 6, 7, 0]
[5, 6, 7, 1]
[5, 6, 7, 3]
[5, 6, 7, 4]
[5, 6, 7, 2]
[5, 6, 7, 0, 1]
[5, 6, 7, 0, 3]
[5, 6, 7, 0, 4]
[5, 6, 7, 0, 2]
[5, 6, 7, 0, 1, 3]
[5, 6, 7, 0, 1, 4]
[5, 6, 7, 0, 1, 2]
0.7368421052631579 0.7777777777777778
itercount --------> 18
[5, 6, 7]
[5, 6, 3]
[5, 6, 4]
[5, 6, 0]
[5, 6, 1]
[5, 6, 2]
[5, 6, 7, 3]
[5, 6, 7, 4]
[5, 6, 7, 0]
[5, 6, 7, 1]
[5, 6, 7, 2]
[5, 6, 7, 3, 4]
[5, 6, 7, 3, 0]
[5, 6, 7, 3, 1]
[5, 6, 7, 3, 2]
[5, 6, 7, 3, 4, 0]
[5, 6, 7, 3, 4, 1]
[5, 6, 7, 3, 4, 2]
[5, 6, 7, 3, 4, 0, 1]
[5, 6, 7, 3, 4, 0, 2]
[5, 6, 7, 3, 4, 0, 1, 2]
failed -> 27 times
after fail n ======> 6
[5, 0, 1, 2, 6, 4]
0.039473684210526314 0.08333333333333333
itercount --------> 1
[6, 4, 0]
0.08333333333333333 0.1
itercount --------> 2
[6, 0, 2]
0.1 0.15625
itercount --------> 3
[6, 0, 5]
0.15625 0.1935483870967742
itercount --------> 4
[6, 0, 5]
0.1935483870967742 0.25
itercount --------> 5
[6, 4, 3]
0.25 0.3
itercount --------> 6
[6, 7, 3]
[6, 7, 4]
[6, 7, 5]
[6, 7, 0]
[6, 7, 1]
[6, 7, 2]
[6, 7, 3, 4]
[6, 7, 3, 5]
[6, 7, 3, 0]
0.3 0.3157894736842105
itercount --------> 7
[6, 7, 3]
[6, 7, 4]
[6, 7, 5]
[6, 7, 0]
[6, 7, 1]
[6, 7, 2]
[6, 7, 3, 4]
[6, 7, 3, 5]
0.3157894736842105 0.3333333333333333
itercount --------> 8
[6, 7, 3]
[6, 7, 4]
[6, 7, 5]
0.3333333333333333 0.38095238095238093
itercount --------> 9
[6, 3, 4]
[6, 3, 2]
[6, 3, 5]
[6, 3, 7]
[6, 3, 0]
[6, 3, 1]
[6, 3, 4, 2]
[6, 3, 4, 5]
[6, 3, 4, 7]
[6, 3, 4, 0]
[6, 3, 4, 1]
[6, 3, 4, 2, 5]
0.38095238095238093 0.4444444444444444
itercount --------> 10
[6, 4, 7]
[6, 4, 3]
[6, 4, 5]
[6, 4, 0]
[6, 4, 1]
[6, 4, 2]
[6, 4, 7, 3]
[6, 4, 7, 5]
[6, 4, 7, 0]
[6, 4, 7, 1]
[6, 4, 7, 2]
[6, 4, 7, 3, 5]
[6, 4, 7, 3, 0]
[6, 4, 7, 3, 1]
0.4444444444444444 0.7368421052631579
itercount --------> 11
[5, 6, 1]
[5, 6, 3]
[5, 6, 7]
[5, 6, 4]
[5, 6, 0]
[5, 6, 2]
[5, 6, 1, 3]
[5, 6, 1, 7]
[5, 6, 1, 4]
[5, 6, 1, 0]
0.7368421052631579 0.7777777777777778
itercount --------> 12
[5, 6, 7]
[5, 6, 3]
[5, 6, 4]
[5, 6, 0]
[5, 6, 1]
[5, 6, 2]
[5, 6, 7, 3]
[5, 6, 7, 4]
[5, 6, 7, 0]
[5, 6, 7, 1]
[5, 6, 7, 2]
[5, 6, 7, 3, 4]
[5, 6, 7, 3, 0]
[5, 6, 7, 3, 1]
[5, 6, 7, 3, 2]
[5, 6, 7, 3, 4, 0]
[5, 6, 7, 3, 4, 1]
[5, 6, 7, 3, 4, 2]
[5, 6, 7, 3, 4, 0, 1]
[5, 6, 7, 3, 4, 0, 2]
[5, 6, 7, 3, 4, 0, 1, 2]
failed -> 28 times
after fail n ======> 7
[5, 0, 1, 2, 6, 4, 7]
0.039473684210526314 0.06896551724137931
itercount --------> 1
[6, 4, 5]
[6, 4, 1]
0.06896551724137931 0.09523809523809523
itercount --------> 2
[6, 4, 2]
[6, 4, 7]
0.09523809523809523 0.11538461538461539
itercount --------> 3
[6, 4, 2]
0.11538461538461539 0.17857142857142858
itercount --------> 4
[6, 5, 4]
[6, 5, 7]
[6, 5, 0]
0.17857142857142858 0.19047619047619047
itercount --------> 5
[4, 6, 0]
[4, 6, 1]
[4, 6, 2]
[4, 6, 5]
[4, 6, 7]
0.19047619047619047 0.22727272727272727
itercount --------> 6
[6, 5, 4]
0.22727272727272727 0.2631578947368421
itercount --------> 7
[6, 4, 3]
0.2631578947368421 0.2857142857142857
itercount --------> 8
[6, 5, 3]
[6, 5, 7]
[6, 5, 4]
[6, 5, 0]
[6, 5, 1]
0.2857142857142857 0.3157894736842105
itercount --------> 9
[6, 7, 3]
[6, 7, 4]
[6, 7, 5]
[6, 7, 0]
[6, 7, 1]
[6, 7, 2]
[6, 7, 3, 4]
[6, 7, 3, 5]
[6, 7, 3, 0]
[6, 7, 3, 1]
[6, 7, 3, 2]
[6, 7, 3, 4, 5]
[6, 7, 3, 4, 0]
[6, 7, 3, 4, 1]
[6, 7, 3, 4, 2]
[6, 7, 3, 4, 5, 0]
0.3157894736842105 0.3333333333333333
itercount --------> 10
[6, 7, 3]
[6, 7, 4]
[6, 7, 5]
[6, 7, 0]
[6, 7, 1]
[6, 7, 2]
[6, 7, 3, 4]
[6, 7, 3, 5]
[6, 7, 3, 0]
[6, 7, 3, 1]
[6, 7, 3, 2]
[6, 7, 3, 4, 5]
[6, 7, 3, 4, 0]
[6, 7, 3, 4, 1]
[6, 7, 3, 4, 2]
[6, 7, 3, 4, 5, 0]
[6, 7, 3, 4, 5, 1]
[6, 7, 3, 4, 5, 2]
[6, 7, 3, 4, 5, 0, 1]
[6, 7, 3, 4, 5, 0, 2]
[6, 7, 3, 4, 5, 0, 1, 2]
failed -> 29 times
after fail n ======> 8
[5, 0, 1, 2, 6, 4, 7, 3]
0.039473684210526314 0.044444444444444446
itercount --------> 1
[1, 5, 6]
0.044444444444444446 0.05405405405405406
itercount --------> 2
[5, 6, 0]
[5, 6, 1]
0.05405405405405406 0.06896551724137931
itercount --------> 3
[1, 4, 5]
[1, 4, 6]
[1, 4, 0]
0.06896551724137931 0.08
itercount --------> 4
[0, 6, 5]
0.08 0.08695652173913043
itercount --------> 5
[6, 5, 7]
0.08695652173913043 0.1
itercount --------> 6
[0, 2, 6]
0.1 0.10869565217391304
itercount --------> 7
[0, 2, 4]
0.10869565217391304 0.17857142857142858
itercount --------> 8
[4, 0, 2]
0.17857142857142858 0.20454545454545456
itercount --------> 9
[5, 2, 1]
[5, 2, 6]
0.20454545454545456 0.25
itercount --------> 10
[6, 2, 4]
0.25 0.2857142857142857
itercount --------> 11
[1, 4, 2]
0.2857142857142857 0.29411764705882354
itercount --------> 12
[4, 6, 7]
[4, 6, 3]
[4, 6, 5]
0.29411764705882354 0.35
itercount --------> 13
[4, 6, 5]
[4, 6, 7]
[4, 6, 3]
[4, 6, 0]
[4, 6, 1]
[4, 6, 2]
[4, 6, 5, 7]
0.35 0.47368421052631576
itercount --------> 14
[4, 5, 3]
0.47368421052631576 0.6666666666666666
itercount --------> 15
[5, 7, 6]
[5, 7, 4]
[5, 7, 0]
0.6666666666666666 0.7368421052631579
itercount --------> 16
[5, 7, 0]
[5, 7, 1]
[5, 7, 2]
[5, 7, 6]
[5, 7, 3]
[5, 7, 4]
[5, 7, 0, 1]
[5, 7, 0, 2]
[5, 7, 0, 6]
[5, 7, 0, 3]
0.7368421052631579 0.7777777777777778
itercount --------> 17
[5, 6, 7]
[5, 6, 3]
[5, 6, 4]
[5, 6, 0]
[5, 6, 1]
[5, 6, 2]
[5, 6, 7, 3]
[5, 6, 7, 4]
[5, 6, 7, 0]
[5, 6, 7, 1]
[5, 6, 7, 2]
[5, 6, 7, 3, 4]
[5, 6, 7, 3, 0]
[5, 6, 7, 3, 1]
[5, 6, 7, 3, 2]
[5, 6, 7, 3, 4, 0]
[5, 6, 7, 3, 4, 1]
[5, 6, 7, 3, 4, 2]
[5, 6, 7, 3, 4, 0, 1]
[5, 6, 7, 3, 4, 0, 2]
[5, 6, 7, 3, 4, 0, 1, 2]
failed -> 30 times
after fail n ======> 5
[5, 0, 1, 2, 6]
0.039473684210526314 0.10714285714285714
itercount --------> 1
[6, 4, 1]
0.10714285714285714 0.11363636363636363
itercount --------> 2
[1, 6, 2]
0.11363636363636363 0.1951219512195122
itercount --------> 3
[5, 1, 6]
0.1951219512195122 0.2
itercount --------> 4
[5, 6, 0]
0.2 0.26666666666666666
itercount --------> 5
[5, 6, 0]
0.26666666666666666 0.2916666666666667
itercount --------> 6
[6, 5, 4]
[6, 5, 1]
[6, 5, 0]
[6, 5, 7]
0.2916666666666667 0.4090909090909091
itercount --------> 7
[1, 5, 6]
[1, 5, 4]
[1, 5, 0]
0.4090909090909091 0.45
itercount --------> 8
[4, 0, 1]
[4, 0, 2]
[4, 0, 3]
[4, 0, 6]
[4, 0, 5]
[4, 0, 7]
[4, 0, 1, 2]
[4, 0, 1, 3]
0.45 0.5
itercount --------> 9
[4, 3, 6]
[4, 3, 0]
0.5 0.5263157894736842
itercount --------> 10
[6, 4, 7]
[6, 4, 3]
[6, 4, 5]
0.5263157894736842 0.55
itercount --------> 11
[4, 5, 6]
0.55 0.6086956521739131
itercount --------> 12
[5, 6, 3]
[5, 6, 7]
[5, 6, 0]
[5, 6, 1]
[5, 6, 2]
0.6086956521739131 0.7368421052631579
itercount --------> 13
[5, 0, 1]
[5, 0, 2]
[5, 0, 3]
[5, 0, 6]
[5, 0, 7]
[5, 0, 4]
[5, 0, 1, 2]
[5, 0, 1, 3]
[5, 0, 1, 6]
[5, 0, 1, 7]
[5, 0, 1, 4]
[5, 0, 1, 2, 3]
[5, 0, 1, 2, 6]
[5, 0, 1, 2, 7]
[5, 0, 1, 2, 4]
[5, 0, 1, 2, 3, 6]
[5, 0, 1, 2, 3, 7]
[5, 0, 1, 2, 3, 4]
[5, 0, 1, 2, 3, 6, 7]
[5, 0, 1, 2, 3, 6, 4]
[5, 0, 1, 2, 3, 6, 7, 4]
failed -> 31 times
after fail n ======> 6
[5, 0, 1, 2, 6, 4]
0.039473684210526314 0.06818181818181818
itercount --------> 1
[4, 5, 6]
0.06818181818181818 0.0851063829787234
itercount --------> 2
[4, 0, 2]
0.0851063829787234 0.2
itercount --------> 3
[4, 7, 5]
0.2 0.21052631578947367
itercount --------> 4
[4, 5, 6]
0.21052631578947367 0.25
itercount --------> 5
[5, 4, 1]
0.25 0.3157894736842105
itercount --------> 6
[1, 5, 4]
[1, 5, 6]
[1, 5, 0]
0.3157894736842105 0.3333333333333333
itercount --------> 7
[0, 1, 2]
[0, 1, 5]
[0, 1, 4]
0.3333333333333333 0.3888888888888889
itercount --------> 8
[0, 1, 2]
[0, 1, 5]
[0, 1, 4]
[0, 1, 6]
[0, 1, 7]
[0, 1, 3]
[0, 1, 2, 5]
[0, 1, 2, 4]
[0, 1, 2, 6]
[0, 1, 2, 7]
[0, 1, 2, 3]
[0, 1, 2, 5, 4]
[0, 1, 2, 5, 6]
0.3888888888888889 0.4117647058823529
itercount --------> 9
[5, 6, 4]
[5, 6, 7]
[5, 6, 3]
[5, 6, 0]
[5, 6, 1]
[5, 6, 2]
0.4117647058823529 0.4375
itercount --------> 10
[0, 1, 2]
[0, 1, 5]
[0, 1, 4]
[0, 1, 3]
[0, 1, 7]
[0, 1, 6]
[0, 1, 2, 5]
[0, 1, 2, 4]
[0, 1, 2, 3]
[0, 1, 2, 7]
[0, 1, 2, 6]
[0, 1, 2, 5, 4]
[0, 1, 2, 5, 3]
[0, 1, 2, 5, 7]
[0, 1, 2, 5, 6]
[0, 1, 2, 5, 4, 3]
0.4375 0.47058823529411764
itercount --------> 11
[0, 1, 2]
[0, 1, 5]
[0, 1, 4]
[0, 1, 6]
[0, 1, 7]
[0, 1, 3]
[0, 1, 2, 5]
[0, 1, 2, 4]
[0, 1, 2, 6]
[0, 1, 2, 7]
[0, 1, 2, 3]
0.47058823529411764 0.5
itercount --------> 12
[5, 0, 1]
[5, 0, 2]
[5, 0, 4]
[5, 0, 6]
[5, 0, 7]
[5, 0, 3]
[5, 0, 1, 2]
[5, 0, 1, 4]
[5, 0, 1, 6]
[5, 0, 1, 7]
[5, 0, 1, 3]
[5, 0, 1, 2, 4]
[5, 0, 1, 2, 6]
[5, 0, 1, 2, 7]
[5, 0, 1, 2, 3]
[5, 0, 1, 2, 4, 6]
0.5 0.5263157894736842
itercount --------> 13
[2, 6, 5]
[2, 6, 4]
0.5263157894736842 0.5714285714285714
itercount --------> 14
[2, 5, 7]
0.5714285714285714 0.6666666666666666
itercount --------> 15
[2, 5, 6]
[2, 5, 7]
[2, 5, 0]
[2, 5, 1]
[2, 5, 4]
0.6666666666666666 0.75
itercount --------> 16
[0, 1, 2]
[0, 1, 5]
[0, 1, 6]
[0, 1, 7]
[0, 1, 3]
[0, 1, 4]
[0, 1, 2, 5]
[0, 1, 2, 6]
[0, 1, 2, 7]
[0, 1, 2, 3]
[0, 1, 2, 4]
[0, 1, 2, 5, 6]
[0, 1, 2, 5, 7]
[0, 1, 2, 5, 3]
[0, 1, 2, 5, 4]
[0, 1, 2, 5, 6, 7]
0.75 0.7777777777777778
itercount --------> 17
[5, 6, 7]
[5, 6, 3]
[5, 6, 4]
[5, 6, 0]
[5, 6, 1]
[5, 6, 2]
[5, 6, 7, 3]
[5, 6, 7, 4]
[5, 6, 7, 0]
[5, 6, 7, 1]
[5, 6, 7, 2]
[5, 6, 7, 3, 4]
[5, 6, 7, 3, 0]
[5, 6, 7, 3, 1]
[5, 6, 7, 3, 2]
[5, 6, 7, 3, 4, 0]
[5, 6, 7, 3, 4, 1]
[5, 6, 7, 3, 4, 2]
[5, 6, 7, 3, 4, 0, 1]
[5, 6, 7, 3, 4, 0, 2]
[5, 6, 7, 3, 4, 0, 1, 2]
failed -> 32 times
after fail n ======> 7
[5, 0, 1, 2, 6, 4, 7]
0.039473684210526314 0.05
itercount --------> 1
[0, 1, 2]
0.05 0.08333333333333333
itercount --------> 2
[2, 6, 4]
[2, 6, 0]
0.08333333333333333 0.125
itercount --------> 3
[6, 4, 2]
0.125 0.16666666666666666
itercount --------> 4
[6, 4, 5]
[6, 4, 7]
[6, 4, 3]
[6, 4, 0]
[6, 4, 1]
[6, 4, 2]
[6, 4, 5, 7]
0.16666666666666666 0.17647058823529413
itercount --------> 5
[6, 4, 7]
[6, 4, 3]
[6, 4, 5]
0.17647058823529413 0.2413793103448276
itercount --------> 6
[5, 6, 4]
[5, 6, 2]
0.2413793103448276 0.2727272727272727
itercount --------> 7
[6, 4, 5]
[6, 4, 7]
[6, 4, 3]
0.2727272727272727 0.3
itercount --------> 8
[6, 4, 7]
[6, 4, 3]
[6, 4, 5]
[6, 4, 2]
0.3 0.3157894736842105
itercount --------> 9
[6, 2, 7]
[6, 2, 3]
[6, 2, 4]
[6, 2, 0]
0.3157894736842105 0.3333333333333333
itercount --------> 10
[6, 5, 7]
0.3333333333333333 0.35294117647058826
itercount --------> 11
[2, 6, 5]
[2, 6, 7]
[2, 6, 4]
[2, 6, 3]
[2, 6, 0]
[2, 6, 1]
0.35294117647058826 0.375
itercount --------> 12
[0, 1, 2]
[0, 1, 5]
[0, 1, 3]
[0, 1, 6]
[0, 1, 7]
[0, 1, 4]
[0, 1, 2, 5]
[0, 1, 2, 3]
[0, 1, 2, 6]
[0, 1, 2, 7]
[0, 1, 2, 4]
[0, 1, 2, 5, 3]
[0, 1, 2, 5, 6]
[0, 1, 2, 5, 7]
[0, 1, 2, 5, 4]
[0, 1, 2, 5, 3, 6]
0.375 0.5
itercount --------> 13
[5, 0, 1]
[5, 0, 2]
[5, 0, 4]
[5, 0, 6]
[5, 0, 7]
[5, 0, 3]
[5, 0, 1, 2]
[5, 0, 1, 4]
[5, 0, 1, 6]
[5, 0, 1, 7]
[5, 0, 1, 3]
[5, 0, 1, 2, 4]
[5, 0, 1, 2, 6]
[5, 0, 1, 2, 7]
[5, 0, 1, 2, 3]
[5, 0, 1, 2, 4, 6]
[5, 0, 1, 2, 4, 7]
[5, 0, 1, 2, 4, 3]
[5, 0, 1, 2, 4, 6, 7]
0.5 0.5294117647058824
itercount --------> 14
[4, 6, 7]
[4, 6, 3]
[4, 6, 5]
[4, 6, 0]
[4, 6, 1]
[4, 6, 2]
[4, 6, 7, 3]
[4, 6, 7, 5]
0.5294117647058824 0.7368421052631579
itercount --------> 15
[4, 5, 7]
[4, 5, 3]
[4, 5, 6]
[4, 5, 0]
0.7368421052631579 0.7777777777777778
itercount --------> 16
[5, 6, 7]
[5, 6, 3]
[5, 6, 4]
[5, 6, 0]
[5, 6, 1]
[5, 6, 2]
[5, 6, 7, 3]
[5, 6, 7, 4]
[5, 6, 7, 0]
[5, 6, 7, 1]
[5, 6, 7, 2]
[5, 6, 7, 3, 4]
[5, 6, 7, 3, 0]
[5, 6, 7, 3, 1]
[5, 6, 7, 3, 2]
[5, 6, 7, 3, 4, 0]
[5, 6, 7, 3, 4, 1]
[5, 6, 7, 3, 4, 2]
[5, 6, 7, 3, 4, 0, 1]
[5, 6, 7, 3, 4, 0, 2]
[5, 6, 7, 3, 4, 0, 1, 2]
failed -> 33 times
after fail n ======> 8
[5, 0, 1, 2, 6, 4, 7, 3]
0.039473684210526314 0.056338028169014086
itercount --------> 1
[0, 1, 2]
0.056338028169014086 0.125
itercount --------> 2
[0, 6, 5]
[0, 6, 1]
0.125 0.16666666666666666
itercount --------> 3
[6, 5, 7]
0.16666666666666666 0.17391304347826086
itercount --------> 4
[5, 0, 6]
0.17391304347826086 0.25925925925925924
itercount --------> 5
[0, 5, 7]
0.25925925925925924 0.3333333333333333
itercount --------> 6
[0, 5, 6]
0.3333333333333333 0.4090909090909091
itercount --------> 7
[6, 4, 0]
[6, 4, 3]
0.4090909090909091 0.4782608695652174
itercount --------> 8
[0, 2, 6]
[0, 2, 5]
[0, 2, 1]
0.4782608695652174 0.55
itercount --------> 9
[6, 0, 1]
[6, 0, 2]
[6, 0, 7]
[6, 0, 4]
[6, 0, 3]
[6, 0, 5]
[6, 0, 1, 2]
[6, 0, 1, 7]
[6, 0, 1, 4]
[6, 0, 1, 3]
[6, 0, 1, 5]
[6, 0, 1, 2, 7]
0.55 0.5789473684210527
itercount --------> 10
[6, 7, 0]
[6, 7, 1]
[6, 7, 2]
[6, 7, 3]
[6, 7, 4]
[6, 7, 5]
[6, 7, 0, 1]
[6, 7, 0, 2]
[6, 7, 0, 3]
[6, 7, 0, 4]
0.5789473684210527 0.6470588235294118
itercount --------> 11
[5, 0, 1]
[5, 0, 2]
[5, 0, 7]
[5, 0, 3]
[5, 0, 4]
[5, 0, 6]
[5, 0, 1, 2]
[5, 0, 1, 7]
[5, 0, 1, 3]
[5, 0, 1, 4]
0.6470588235294118 0.6875
itercount --------> 12
[3, 4, 5]
[3, 4, 7]
[3, 4, 0]
[3, 4, 1]
[3, 4, 2]
[3, 4, 6]
[3, 4, 5, 7]
[3, 4, 5, 0]
[3, 4, 5, 1]
[3, 4, 5, 2]
[3, 4, 5, 6]
[3, 4, 5, 7, 0]
[3, 4, 5, 7, 1]
[3, 4, 5, 7, 2]
[3, 4, 5, 7, 6]
[3, 4, 5, 7, 0, 1]
[3, 4, 5, 7, 0, 2]
[3, 4, 5, 7, 0, 6]
[3, 4, 5, 7, 0, 1, 2]
[3, 4, 5, 7, 0, 1, 6]
[3, 4, 5, 7, 0, 1, 2, 6]
failed -> 34 times
after fail n ======> 5
[5, 0, 1, 2, 6]
0.039473684210526314 0.04819277108433735
itercount --------> 1
[5, 0, 1]
0.04819277108433735 0.08620689655172414
itercount --------> 2
[1, 2, 5]
0.08620689655172414 0.09523809523809523
itercount --------> 3
[5, 2, 4]
0.09523809523809523 0.25
itercount --------> 4
[4, 6, 7]
0.25 0.3
itercount --------> 5
[4, 5, 0]
0.3 0.35294117647058826
itercount --------> 6
[0, 1, 2]
[0, 1, 5]
[0, 1, 4]
[0, 1, 3]
[0, 1, 6]
[0, 1, 7]
[0, 1, 2, 5]
[0, 1, 2, 4]
0.35294117647058826 0.3684210526315789
itercount --------> 7
[2, 4, 5]
0.3684210526315789 0.45454545454545453
itercount --------> 8
[4, 5, 3]
[4, 5, 2]
[4, 5, 6]
[4, 5, 7]
[4, 5, 0]
[4, 5, 1]
0.45454545454545453 0.5
itercount --------> 9
[4, 2, 3]
[4, 2, 5]
[4, 2, 6]
[4, 2, 7]
[4, 2, 0]
0.5 0.5555555555555556
itercount --------> 10
[3, 4, 6]
[3, 4, 7]
[3, 4, 5]
0.5555555555555556 0.6666666666666666
itercount --------> 11
[0, 1, 2]
[0, 1, 5]
[0, 1, 6]
0.6666666666666666 0.7368421052631579
itercount --------> 12
[5, 7, 0]
[5, 7, 1]
[5, 7, 2]
[5, 7, 6]
[5, 7, 3]
[5, 7, 4]
[5, 7, 0, 1]
[5, 7, 0, 2]
[5, 7, 0, 6]
[5, 7, 0, 3]
0.7368421052631579 0.7777777777777778
itercount --------> 13
[5, 6, 7]
[5, 6, 3]
[5, 6, 4]
[5, 6, 0]
[5, 6, 1]
[5, 6, 2]
[5, 6, 7, 3]
[5, 6, 7, 4]
[5, 6, 7, 0]
[5, 6, 7, 1]
[5, 6, 7, 2]
[5, 6, 7, 3, 4]
[5, 6, 7, 3, 0]
[5, 6, 7, 3, 1]
[5, 6, 7, 3, 2]
[5, 6, 7, 3, 4, 0]
[5, 6, 7, 3, 4, 1]
[5, 6, 7, 3, 4, 2]
[5, 6, 7, 3, 4, 0, 1]
[5, 6, 7, 3, 4, 0, 2]
[5, 6, 7, 3, 4, 0, 1, 2]
failed -> 35 times
after fail n ======> 6
[5, 0, 1, 2, 6, 4]
0.039473684210526314 0.10714285714285714
itercount --------> 1
[6, 4, 2]
0.10714285714285714 0.16666666666666666
itercount --------> 2
[6, 4, 5]
[6, 4, 7]
[6, 4, 3]
[6, 4, 0]
[6, 4, 1]
[6, 4, 2]
0.16666666666666666 0.17142857142857143
itercount --------> 3
[6, 2, 5]
0.17142857142857143 0.18518518518518517
itercount --------> 4
[6, 5, 2]
[6, 5, 0]
0.18518518518518517 0.23809523809523808
itercount --------> 5
[6, 3, 4]
[6, 3, 1]
0.23809523809523808 0.2777777777777778
itercount --------> 6
[6, 4, 3]
[6, 4, 7]
[6, 4, 5]
[6, 4, 0]
[6, 4, 2]
[6, 4, 1]
[6, 4, 3, 7]
0.2777777777777778 0.3333333333333333
itercount --------> 7
[6, 7, 3]
[6, 7, 4]
[6, 7, 5]
[6, 7, 0]
[6, 7, 1]
[6, 7, 2]
[6, 7, 3, 4]
[6, 7, 3, 5]
[6, 7, 3, 0]
[6, 7, 3, 1]
[6, 7, 3, 2]
[6, 7, 3, 4, 5]
[6, 7, 3, 4, 0]
[6, 7, 3, 4, 1]
[6, 7, 3, 4, 2]
[6, 7, 3, 4, 5, 0]
[6, 7, 3, 4, 5, 1]
[6, 7, 3, 4, 5, 2]
[6, 7, 3, 4, 5, 0, 1]
[6, 7, 3, 4, 5, 0, 2]
[6, 7, 3, 4, 5, 0, 1, 2]
failed -> 36 times
after fail n ======> 7
[5, 0, 1, 2, 6, 4, 7]
0.039473684210526314 0.06896551724137931
itercount --------> 1
[1, 6, 4]
0.06896551724137931 0.09523809523809523
itercount --------> 2
[6, 4, 2]
0.09523809523809523 0.1111111111111111
itercount --------> 3
[6, 5, 4]
[6, 5, 7]
0.1111111111111111 0.125
itercount --------> 4
[0, 1, 2]
[0, 1, 5]
[0, 1, 4]
0.125 0.15789473684210525
itercount --------> 5
[6, 1, 5]
[6, 1, 7]
[6, 1, 4]
[6, 1, 0]
0.15789473684210525 0.16666666666666666
itercount --------> 6
[1, 5, 6]
[1, 5, 7]
[1, 5, 4]
[1, 5, 3]
[1, 5, 2]
0.16666666666666666 0.17647058823529413
itercount --------> 7
[5, 6, 1]
[5, 6, 2]
[5, 6, 7]
0.17647058823529413 0.19047619047619047
itercount --------> 8
[6, 5, 7]
0.19047619047619047 0.2857142857142857
itercount --------> 9
[5, 7, 6]
[5, 7, 4]
[5, 7, 1]
0.2857142857142857 0.36
itercount --------> 10
[6, 5, 4]
[6, 5, 7]
[6, 5, 3]
[6, 5, 1]
0.36 0.4090909090909091
itercount --------> 11
[4, 6, 5]
[4, 6, 1]
[4, 6, 7]
[4, 6, 2]
[4, 6, 0]
[4, 6, 3]
[4, 6, 5, 1]
[4, 6, 5, 7]
[4, 6, 5, 2]
0.4090909090909091 0.42105263157894735
itercount --------> 12
[4, 1, 2]
0.42105263157894735 0.5
itercount --------> 13
[4, 6, 3]
[4, 6, 7]
[4, 6, 1]
[4, 6, 2]
[4, 6, 5]
[4, 6, 0]
[4, 6, 3, 7]
[4, 6, 3, 1]
[4, 6, 3, 2]
0.5 0.5555555555555556
itercount --------> 14
[6, 4, 7]
[6, 4, 3]
[6, 4, 5]
[6, 4, 0]
[6, 4, 1]
[6, 4, 2]
[6, 4, 7, 3]
[6, 4, 7, 5]
[6, 4, 7, 0]
[6, 4, 7, 1]
[6, 4, 7, 2]
[6, 4, 7, 3, 5]
[6, 4, 7, 3, 0]
[6, 4, 7, 3, 1]
[6, 4, 7, 3, 2]
[6, 4, 7, 3, 5, 0]
[6, 4, 7, 3, 5, 1]
[6, 4, 7, 3, 5, 2]
[6, 4, 7, 3, 5, 0, 1]
[6, 4, 7, 3, 5, 0, 2]
[6, 4, 7, 3, 5, 0, 1, 2]
failed -> 37 times
after fail n ======> 8
[5, 0, 1, 2, 6, 4, 7, 3]
0.039473684210526314 0.06818181818181818
itercount --------> 1
[6, 5, 0]
0.06818181818181818 0.10714285714285714
itercount --------> 2
[6, 4, 1]
[6, 4, 0]
0.10714285714285714 0.15625
itercount --------> 3
[6, 1, 5]
0.15625 0.18518518518518517
itercount --------> 4
[6, 2, 5]
0.18518518518518517 0.26666666666666666
itercount --------> 5
[5, 6, 2]
0.26666666666666666 0.2916666666666667
itercount --------> 6
[6, 5, 4]
[6, 5, 1]
[6, 5, 7]
[6, 5, 0]
[6, 5, 2]
[6, 5, 3]
[6, 5, 4, 1]
0.2916666666666667 0.3181818181818182
itercount --------> 7
[6, 4, 5]
[6, 4, 1]
[6, 4, 7]
[6, 4, 0]
[6, 4, 2]
[6, 4, 3]
[6, 4, 5, 1]
[6, 4, 5, 7]
0.3181818181818182 0.34782608695652173
itercount --------> 8
[4, 5, 6]
0.34782608695652173 0.35
itercount --------> 9
[4, 1, 5]
[4, 1, 6]
[4, 1, 7]
[4, 1, 3]
[4, 1, 0]
[4, 1, 2]
0.35 0.38095238095238093
itercount --------> 10
[5, 1, 4]
[5, 1, 6]
[5, 1, 0]
0.38095238095238093 0.4
itercount --------> 11
[5, 4, 1]
0.4 0.4444444444444444
itercount --------> 12
[4, 6, 7]
[4, 6, 0]
[4, 6, 1]
[4, 6, 2]
[4, 6, 3]
[4, 6, 5]
[4, 6, 7, 0]
0.4444444444444444 0.47368421052631576
itercount --------> 13
[6, 4, 5]
[6, 4, 3]
[6, 4, 7]
[6, 4, 0]
[6, 4, 1]
[6, 4, 2]
[6, 4, 5, 3]
[6, 4, 5, 7]
[6, 4, 5, 0]
0.47368421052631576 0.5
itercount --------> 14
[4, 6, 3]
[4, 6, 7]
[4, 6, 0]
[4, 6, 1]
[4, 6, 2]
[4, 6, 5]
[4, 6, 3, 7]
[4, 6, 3, 0]
[4, 6, 3, 1]
0.5 0.5555555555555556
itercount --------> 15
[6, 4, 7]
[6, 4, 3]
[6, 4, 5]
[6, 4, 0]
[6, 4, 1]
0.5555555555555556 0.6111111111111112
itercount --------> 16
[4, 6, 5]
0.6111111111111112 0.7368421052631579
itercount --------> 17
[5, 6, 7]
[5, 6, 0]
[5, 6, 1]
[5, 6, 2]
[5, 6, 3]
[5, 6, 4]
[5, 6, 7, 0]
[5, 6, 7, 1]
[5, 6, 7, 2]
[5, 6, 7, 3]
[5, 6, 7, 4]
[5, 6, 7, 0, 1]
[5, 6, 7, 0, 2]
0.7368421052631579 0.75
itercount --------> 18
[5, 6, 0]
[5, 6, 1]
[5, 6, 2]
[5, 6, 3]
[5, 6, 4]
[5, 6, 7]
[5, 6, 0, 1]
[5, 6, 0, 2]
0.75 0.7894736842105263
itercount --------> 19
[0, 1, 2]
[0, 1, 3]
[0, 1, 4]
[0, 1, 5]
[0, 1, 6]
[0, 1, 7]
[0, 1, 2, 3]
[0, 1, 2, 4]
[0, 1, 2, 5]
[0, 1, 2, 6]
[0, 1, 2, 7]
[0, 1, 2, 3, 4]
0.7894736842105263 0.8333333333333334
itercount --------> 20
[3, 4, 6]
[3, 4, 7]
[3, 4, 0]
[3, 4, 1]
[3, 4, 2]
[3, 4, 5]
[3, 4, 6, 7]
[3, 4, 6, 0]
[3, 4, 6, 1]
[3, 4, 6, 2]
[3, 4, 6, 5]
[3, 4, 6, 7, 0]
[3, 4, 6, 7, 1]
[3, 4, 6, 7, 2]
[3, 4, 6, 7, 5]
[3, 4, 6, 7, 0, 1]
[3, 4, 6, 7, 0, 2]
[3, 4, 6, 7, 0, 5]
[3, 4, 6, 7, 0, 1, 2]
[3, 4, 6, 7, 0, 1, 5]
[3, 4, 6, 7, 0, 1, 2, 5]
failed -> 38 times
after fail n ======> 5
[5, 0, 1, 2, 6]
0.039473684210526314 0.06818181818181818
itercount --------> 1
[6, 1, 4]
0.06818181818181818 0.07407407407407407
itercount --------> 2
[1, 0, 2]
0.07407407407407407 0.11842105263157894
itercount --------> 3
[1, 2, 5]
[1, 2, 0]
0.11842105263157894 0.13333333333333333
itercount --------> 4
[1, 0, 2]
[1, 0, 5]
0.13333333333333333 0.21951219512195122
itercount --------> 5
[1, 5, 0]
0.21951219512195122 0.34615384615384615
itercount --------> 6
[1, 6, 5]
[1, 6, 7]
0.34615384615384615 0.48
itercount --------> 7
[1, 5, 4]
[1, 5, 0]
[1, 5, 2]
0.48 0.5714285714285714
itercount --------> 8
[4, 3, 0]
0.5714285714285714 0.75
itercount --------> 9
[0, 1, 2]
[0, 1, 5]
[0, 1, 3]
[0, 1, 4]
[0, 1, 6]
[0, 1, 7]
[0, 1, 2, 5]
[0, 1, 2, 3]
[0, 1, 2, 4]
0.75 0.7894736842105263
itercount --------> 10
[0, 1, 2]
[0, 1, 3]
[0, 1, 4]
[0, 1, 5]
[0, 1, 6]
[0, 1, 7]
[0, 1, 2, 3]
[0, 1, 2, 4]
[0, 1, 2, 5]
[0, 1, 2, 6]
[0, 1, 2, 7]
0.7894736842105263 0.8333333333333334
itercount --------> 11
[3, 4, 6]
[3, 4, 7]
[3, 4, 0]
[3, 4, 1]
[3, 4, 2]
[3, 4, 5]
[3, 4, 6, 7]
[3, 4, 6, 0]
[3, 4, 6, 1]
[3, 4, 6, 2]
[3, 4, 6, 5]
[3, 4, 6, 7, 0]
[3, 4, 6, 7, 1]
[3, 4, 6, 7, 2]
[3, 4, 6, 7, 5]
[3, 4, 6, 7, 0, 1]
[3, 4, 6, 7, 0, 2]
[3, 4, 6, 7, 0, 5]
[3, 4, 6, 7, 0, 1, 2]
[3, 4, 6, 7, 0, 1, 5]
[3, 4, 6, 7, 0, 1, 2, 5]
failed -> 39 times
after fail n ======> 6
[5, 0, 1, 2, 6, 4]
0.039473684210526314 0.10714285714285714
itercount --------> 1
[4, 6, 2]
0.10714285714285714 0.13333333333333333
itercount --------> 2
[2, 4, 5]
0.13333333333333333 0.21428571428571427
itercount --------> 3
[4, 5, 0]
[4, 5, 1]
0.21428571428571427 0.22727272727272727
itercount --------> 4
[4, 5, 6]
[4, 5, 7]
0.22727272727272727 0.23809523809523808
itercount --------> 5
[6, 4, 1]
0.23809523809523808 0.2631578947368421
itercount --------> 6
[4, 6, 7]
0.2631578947368421 0.3333333333333333
itercount --------> 7
[0, 1, 2]
[0, 1, 4]
[0, 1, 5]
[0, 1, 6]
[0, 1, 7]
[0, 1, 3]
[0, 1, 2, 4]
[0, 1, 2, 5]
0.3333333333333333 0.35294117647058826
itercount --------> 8
[0, 1, 2]
[0, 1, 5]
[0, 1, 4]
[0, 1, 6]
[0, 1, 7]
[0, 1, 3]
[0, 1, 2, 5]
[0, 1, 2, 4]
[0, 1, 2, 6]
[0, 1, 2, 7]
0.35294117647058826 0.375
itercount --------> 9
[0, 1, 2]
[0, 1, 4]
[0, 1, 5]
[0, 1, 7]
[0, 1, 6]
[0, 1, 3]
[0, 1, 2, 4]
[0, 1, 2, 5]
[0, 1, 2, 7]
[0, 1, 2, 6]
[0, 1, 2, 3]
[0, 1, 2, 4, 5]
[0, 1, 2, 4, 7]
[0, 1, 2, 4, 6]
[0, 1, 2, 4, 3]
[0, 1, 2, 4, 5, 7]
[0, 1, 2, 4, 5, 6]
[0, 1, 2, 4, 5, 3]
[0, 1, 2, 4, 5, 7, 6]
0.375 0.4117647058823529
itercount --------> 10
[4, 7, 3]
[4, 7, 6]
[4, 7, 5]
[4, 7, 0]
[4, 7, 1]
[4, 7, 2]
[4, 7, 3, 6]
[4, 7, 3, 5]
[4, 7, 3, 0]
[4, 7, 3, 1]
[4, 7, 3, 2]
[4, 7, 3, 6, 5]
[4, 7, 3, 6, 0]
[4, 7, 3, 6, 1]
[4, 7, 3, 6, 2]
[4, 7, 3, 6, 5, 0]
[4, 7, 3, 6, 5, 1]
[4, 7, 3, 6, 5, 2]
[4, 7, 3, 6, 5, 0, 1]
[4, 7, 3, 6, 5, 0, 2]
[4, 7, 3, 6, 5, 0, 1, 2]
failed -> 40 times
after fail n ======> 7
[5, 0, 1, 2, 6, 4, 7]
0.039473684210526314 0.06818181818181818
itercount --------> 1
[4, 5, 6]
0.06818181818181818 0.0851063829787234
itercount --------> 2
[4, 0, 1]
0.0851063829787234 0.13793103448275862
itercount --------> 3
[4, 5, 7]
[4, 5, 0]
[4, 5, 1]
0.13793103448275862 0.15384615384615385
itercount --------> 4
[2, 4, 5]
[2, 4, 7]
0.15384615384615385 0.18421052631578946
itercount --------> 5
[2, 5, 7]
[2, 5, 6]
0.18421052631578946 0.2962962962962963
itercount --------> 6
[5, 6, 4]
[5, 6, 2]
[5, 6, 7]
[5, 6, 0]
0.2962962962962963 0.3333333333333333
itercount --------> 7
[6, 4, 5]
[6, 4, 7]
[6, 4, 3]
[6, 4, 2]
[6, 4, 0]
[6, 4, 1]
[6, 4, 5, 7]
0.3333333333333333 0.4
itercount --------> 8
[4, 5, 2]
[4, 5, 0]
[4, 5, 1]
[4, 5, 3]
0.4 0.45161290322580644
itercount --------> 9
[0, 1, 5]
[0, 1, 2]
0.45161290322580644 0.56
itercount --------> 10
[0, 1, 2]
[0, 1, 5]
[0, 1, 6]
[0, 1, 7]
0.56 0.7368421052631579
itercount --------> 11
[5, 7, 0]
[5, 7, 1]
[5, 7, 2]
[5, 7, 6]
[5, 7, 3]
[5, 7, 4]
[5, 7, 0, 1]
[5, 7, 0, 2]
[5, 7, 0, 6]
[5, 7, 0, 3]
[5, 7, 0, 4]
[5, 7, 0, 1, 2]
[5, 7, 0, 1, 6]
[5, 7, 0, 1, 3]
[5, 7, 0, 1, 4]
[5, 7, 0, 1, 2, 6]
[5, 7, 0, 1, 2, 3]
0.7368421052631579 0.7777777777777778
itercount --------> 12
[5, 6, 7]
[5, 6, 3]
[5, 6, 4]
[5, 6, 0]
[5, 6, 1]
[5, 6, 2]
[5, 6, 7, 3]
[5, 6, 7, 4]
[5, 6, 7, 0]
[5, 6, 7, 1]
[5, 6, 7, 2]
[5, 6, 7, 3, 4]
[5, 6, 7, 3, 0]
[5, 6, 7, 3, 1]
[5, 6, 7, 3, 2]
[5, 6, 7, 3, 4, 0]
[5, 6, 7, 3, 4, 1]
[5, 6, 7, 3, 4, 2]
[5, 6, 7, 3, 4, 0, 1]
[5, 6, 7, 3, 4, 0, 2]
[5, 6, 7, 3, 4, 0, 1, 2]
failed -> 41 times
after fail n ======> 8
[5, 0, 1, 2, 6, 4, 7, 3]
0.039473684210526314 0.06896551724137931
itercount --------> 1
[6, 5, 0]
0.06896551724137931 0.0851063829787234
itercount --------> 2
[0, 5, 2]
0.0851063829787234 0.10810810810810811
itercount --------> 3
[2, 0, 4]
[2, 0, 5]
0.10810810810810811 0.21052631578947367
itercount --------> 4
[0, 1, 2]
[0, 1, 5]
[0, 1, 4]
0.21052631578947367 0.23529411764705882
itercount --------> 5
[0, 1, 2]
[0, 1, 5]
[0, 1, 4]
0.23529411764705882 0.30434782608695654
itercount --------> 6
[1, 6, 7]
0.30434782608695654 0.3181818181818182
itercount --------> 7
[1, 7, 4]
0.3181818181818182 0.41379310344827586
itercount --------> 8
[1, 0, 2]
[1, 0, 4]
0.41379310344827586 0.48
itercount --------> 9
[0, 1, 4]
[0, 1, 2]
0.48 0.5714285714285714
itercount --------> 10
[4, 3, 0]
0.5714285714285714 0.6521739130434783
itercount --------> 11
[0, 1, 2]
[0, 1, 5]
[0, 1, 6]
[0, 1, 7]
[0, 1, 3]
0.6521739130434783 0.75
itercount --------> 12
[0, 1, 2]
[0, 1, 5]
[0, 1, 3]
[0, 1, 4]
[0, 1, 6]
[0, 1, 7]
[0, 1, 2, 5]
[0, 1, 2, 3]
[0, 1, 2, 4]
[0, 1, 2, 6]
[0, 1, 2, 7]
0.75 0.8333333333333334
itercount --------> 13
[3, 4, 6]
[3, 4, 7]
[3, 4, 0]
[3, 4, 1]
[3, 4, 2]
[3, 4, 5]
[3, 4, 6, 7]
[3, 4, 6, 0]
[3, 4, 6, 1]
[3, 4, 6, 2]
[3, 4, 6, 5]
[3, 4, 6, 7, 0]
[3, 4, 6, 7, 1]
[3, 4, 6, 7, 2]
[3, 4, 6, 7, 5]
[3, 4, 6, 7, 0, 1]
[3, 4, 6, 7, 0, 2]
[3, 4, 6, 7, 0, 5]
[3, 4, 6, 7, 0, 1, 2]
[3, 4, 6, 7, 0, 1, 5]
[3, 4, 6, 7, 0, 1, 2, 5]
failed -> 42 times
after fail n ======> 5
[5, 0, 1, 2, 6]
0.039473684210526314 0.10714285714285714
itercount --------> 1
[6, 4, 2]
0.10714285714285714 0.15
itercount --------> 2
[6, 4, 5]
0.15 0.16666666666666666
itercount --------> 3
[6, 4, 5]
[6, 4, 7]
[6, 4, 3]
[6, 4, 0]
[6, 4, 1]
[6, 4, 2]
[6, 4, 5, 7]
0.16666666666666666 0.17647058823529413
itercount --------> 4
[6, 4, 7]
[6, 4, 3]
[6, 4, 5]
[6, 4, 0]
[6, 4, 1]
[6, 4, 2]
0.17647058823529413 0.18181818181818182
itercount --------> 5
[6, 2, 4]
0.18181818181818182 0.21052631578947367
itercount --------> 6
[6, 4, 5]
[6, 4, 3]
[6, 4, 7]
[6, 4, 0]
[6, 4, 1]
[6, 4, 2]
[6, 4, 5, 3]
[6, 4, 5, 7]
[6, 4, 5, 0]
0.21052631578947367 0.2222222222222222
itercount --------> 7
[6, 4, 3]
[6, 4, 7]
[6, 4, 5]
0.2222222222222222 0.30434782608695654
itercount --------> 8
[6, 5, 4]
[6, 5, 7]
0.30434782608695654 0.32
itercount --------> 9
[6, 5, 4]
[6, 5, 2]
[6, 5, 3]
[6, 5, 7]
[6, 5, 0]
[6, 5, 1]
0.32 0.4
itercount --------> 10
[4, 2, 3]
[4, 2, 6]
[4, 2, 7]
[4, 2, 0]
0.4 0.4444444444444444
itercount --------> 11
[4, 6, 3]
[4, 6, 7]
[4, 6, 0]
[4, 6, 1]
[4, 6, 2]
[4, 6, 5]
[4, 6, 3, 7]
[4, 6, 3, 0]
[4, 6, 3, 1]
0.4444444444444444 0.5
itercount --------> 12
[6, 4, 5]
[6, 4, 7]
[6, 4, 3]
[6, 4, 0]
[6, 4, 1]
[6, 4, 2]
[6, 4, 5, 7]
0.5 0.7
itercount --------> 13
[5, 6, 7]
[5, 6, 3]
[5, 6, 4]
[5, 6, 0]
[5, 6, 1]
0.7 0.7777777777777778
itercount --------> 14
[5, 6, 7]
[5, 6, 3]
[5, 6, 4]
[5, 6, 0]
[5, 6, 1]
[5, 6, 2]
[5, 6, 7, 3]
[5, 6, 7, 4]
[5, 6, 7, 0]
[5, 6, 7, 1]
[5, 6, 7, 2]
[5, 6, 7, 3, 4]
[5, 6, 7, 3, 0]
[5, 6, 7, 3, 1]
[5, 6, 7, 3, 2]
[5, 6, 7, 3, 4, 0]
[5, 6, 7, 3, 4, 1]
[5, 6, 7, 3, 4, 2]
[5, 6, 7, 3, 4, 0, 1]
[5, 6, 7, 3, 4, 0, 2]
[5, 6, 7, 3, 4, 0, 1, 2]
failed -> 43 times
after fail n ======> 6
[5, 0, 1, 2, 6, 4]
0.039473684210526314 0.10126582278481013
itercount --------> 1
[1, 2, 5]
[1, 2, 0]
0.10126582278481013 0.10606060606060606
itercount --------> 2
[1, 0, 5]
0.10606060606060606 0.14583333333333334
itercount --------> 3
[0, 1, 2]
0.14583333333333334 0.3181818181818182
itercount --------> 4
[6, 4, 0]
0.3181818181818182 0.3333333333333333
itercount --------> 5
[0, 1, 2]
[0, 1, 5]
[0, 1, 4]
[0, 1, 6]
[0, 1, 3]
0.3333333333333333 0.3888888888888889
itercount --------> 6
[6, 4, 7]
0.3888888888888889 0.4117647058823529
itercount --------> 7
[5, 0, 1]
[5, 0, 2]
[5, 0, 3]
0.4117647058823529 0.45
itercount --------> 8
[6, 0, 4]
[6, 0, 7]
[6, 0, 3]
[6, 0, 5]
[6, 0, 1]
[6, 0, 2]
[6, 0, 4, 7]
0.45 0.5
itercount --------> 9
[7, 4, 6]
[7, 4, 3]
0.5 0.6111111111111112
itercount --------> 10
[7, 6, 0]
0.6111111111111112 0.7894736842105263
itercount --------> 11
[0, 3, 4]
[0, 3, 6]
[0, 3, 7]
[0, 3, 1]
[0, 3, 2]
[0, 3, 5]
[0, 3, 4, 6]
[0, 3, 4, 7]
[0, 3, 4, 1]
[0, 3, 4, 2]
[0, 3, 4, 5]
[0, 3, 4, 6, 7]
[0, 3, 4, 6, 1]
[0, 3, 4, 6, 2]
[0, 3, 4, 6, 5]
[0, 3, 4, 6, 7, 1]
[0, 3, 4, 6, 7, 2]
[0, 3, 4, 6, 7, 5]
[0, 3, 4, 6, 7, 1, 2]
[0, 3, 4, 6, 7, 1, 5]
[0, 3, 4, 6, 7, 1, 2, 5]
failed -> 44 times
after fail n ======> 7
[5, 0, 1, 2, 6, 4, 7]
0.039473684210526314 0.04878048780487805
itercount --------> 1
[2, 5, 4]
[2, 5, 0]
0.04878048780487805 0.06896551724137931
itercount --------> 2
[2, 5, 4]
0.06896551724137931 0.18518518518518517
itercount --------> 3
[4, 2, 5]
0.18518518518518517 0.19230769230769232
itercount --------> 4
[4, 2, 5]
0.19230769230769232 0.23529411764705882
itercount --------> 5
[2, 4, 5]
[2, 4, 6]
0.23529411764705882 0.25
itercount --------> 6
[6, 4, 3]
0.25 0.2857142857142857
itercount --------> 7
[6, 7, 0]
[6, 7, 1]
[6, 7, 3]
[6, 7, 4]
[6, 7, 5]
[6, 7, 2]
[6, 7, 0, 1]
0.2857142857142857 0.3157894736842105
itercount --------> 8
[6, 7, 3]
[6, 7, 4]
[6, 7, 5]
[6, 7, 0]
[6, 7, 1]
[6, 7, 2]
[6, 7, 3, 4]
[6, 7, 3, 5]
[6, 7, 3, 0]
[6, 7, 3, 1]
[6, 7, 3, 2]
[6, 7, 3, 4, 5]
[6, 7, 3, 4, 0]
[6, 7, 3, 4, 1]
[6, 7, 3, 4, 2]
0.3157894736842105 0.3333333333333333
itercount --------> 9
[6, 7, 3]
[6, 7, 4]
[6, 7, 5]
[6, 7, 0]
[6, 7, 1]
[6, 7, 2]
[6, 7, 3, 4]
[6, 7, 3, 5]
[6, 7, 3, 0]
[6, 7, 3, 1]
[6, 7, 3, 2]
[6, 7, 3, 4, 5]
[6, 7, 3, 4, 0]
[6, 7, 3, 4, 1]
[6, 7, 3, 4, 2]
[6, 7, 3, 4, 5, 0]
[6, 7, 3, 4, 5, 1]
0.3333333333333333 0.35
itercount --------> 10
[6, 7, 3]
[6, 7, 4]
[6, 7, 0]
[6, 7, 1]
[6, 7, 5]
[6, 7, 2]
[6, 7, 3, 4]
0.35 0.3684210526315789
itercount --------> 11
[6, 4, 7]
[6, 4, 3]
[6, 4, 5]
[6, 4, 0]
[6, 4, 1]
[6, 4, 2]
[6, 4, 7, 3]
[6, 4, 7, 5]
0.3684210526315789 0.3888888888888889
itercount --------> 12
[1, 4, 5]
0.3888888888888889 0.47619047619047616
itercount --------> 13
[4, 5, 3]
[4, 5, 1]
[4, 5, 6]
[4, 5, 7]
[4, 5, 0]
[4, 5, 2]
[4, 5, 3, 1]
0.47619047619047616 0.6086956521739131
itercount --------> 14
[5, 4, 1]
[5, 4, 0]
[5, 4, 3]
[5, 4, 6]
[5, 4, 7]
[5, 4, 2]
[5, 4, 1, 0]
[5, 4, 1, 3]
[5, 4, 1, 6]
0.6086956521739131 0.65
itercount --------> 15
[5, 4, 6]
[5, 4, 3]
[5, 4, 7]
[5, 4, 0]
[5, 4, 1]
[5, 4, 2]
[5, 4, 6, 3]
[5, 4, 6, 7]
[5, 4, 6, 0]
[5, 4, 6, 1]
[5, 4, 6, 2]
[5, 4, 6, 3, 7]
[5, 4, 6, 3, 0]
[5, 4, 6, 3, 1]
[5, 4, 6, 3, 2]
[5, 4, 6, 3, 7, 0]
[5, 4, 6, 3, 7, 1]
[5, 4, 6, 3, 7, 2]
[5, 4, 6, 3, 7, 0, 1]
[5, 4, 6, 3, 7, 0, 2]
0.65 0.6842105263157895
itercount --------> 16
[5, 4, 6]
[5, 4, 3]
[5, 4, 7]
[5, 4, 0]
[5, 4, 1]
[5, 4, 2]
[5, 4, 6, 3]
[5, 4, 6, 7]
[5, 4, 6, 0]
[5, 4, 6, 1]
[5, 4, 6, 2]
[5, 4, 6, 3, 7]
[5, 4, 6, 3, 0]
[5, 4, 6, 3, 1]
0.6842105263157895 0.7
itercount --------> 17
[5, 6, 4]
[5, 6, 1]
[5, 6, 3]
[5, 6, 7]
[5, 6, 0]
[5, 6, 2]
[5, 6, 4, 1]
[5, 6, 4, 3]
[5, 6, 4, 7]
[5, 6, 4, 0]
[5, 6, 4, 2]
[5, 6, 4, 1, 3]
[5, 6, 4, 1, 7]
[5, 6, 4, 1, 0]
[5, 6, 4, 1, 2]
0.7 0.7368421052631579
itercount --------> 18
[5, 6, 3]
[5, 6, 4]
[5, 6, 7]
[5, 6, 0]
[5, 6, 1]
0.7368421052631579 0.7777777777777778
itercount --------> 19
[5, 6, 7]
[5, 6, 3]
[5, 6, 4]
[5, 6, 0]
[5, 6, 1]
[5, 6, 2]
[5, 6, 7, 3]
[5, 6, 7, 4]
[5, 6, 7, 0]
[5, 6, 7, 1]
[5, 6, 7, 2]
[5, 6, 7, 3, 4]
[5, 6, 7, 3, 0]
[5, 6, 7, 3, 1]
[5, 6, 7, 3, 2]
[5, 6, 7, 3, 4, 0]
[5, 6, 7, 3, 4, 1]
[5, 6, 7, 3, 4, 2]
[5, 6, 7, 3, 4, 0, 1]
[5, 6, 7, 3, 4, 0, 2]
[5, 6, 7, 3, 4, 0, 1, 2]
failed -> 45 times
after fail n ======> 8
[5, 0, 1, 2, 6, 4, 7, 3]
0.039473684210526314 0.06818181818181818
itercount --------> 1
[5, 1, 6]
0.06818181818181818 0.0851063829787234
itercount --------> 2
[5, 1, 4]
0.0851063829787234 0.13793103448275862
itercount --------> 3
[4, 5, 7]
[4, 5, 0]
[4, 5, 2]
0.13793103448275862 0.22727272727272727
itercount --------> 4
[4, 6, 5]
[4, 6, 7]
0.22727272727272727 0.2608695652173913
itercount --------> 5
[4, 5, 1]
0.2608695652173913 0.3
itercount --------> 6
[5, 1, 4]
[5, 1, 0]
0.3 0.35294117647058826
itercount --------> 7
[0, 1, 2]
[0, 1, 5]
[0, 1, 4]
[0, 1, 3]
[0, 1, 6]
[0, 1, 7]
[0, 1, 2, 5]
[0, 1, 2, 4]
0.35294117647058826 0.43478260869565216
itercount --------> 8
[5, 1, 6]
[5, 1, 3]
[5, 1, 4]
[5, 1, 0]
0.43478260869565216 0.5
itercount --------> 9
[3, 4, 0]
0.5 0.6666666666666666
itercount --------> 10
[5, 0, 1]
[5, 0, 2]
[5, 0, 6]
[5, 0, 7]
[5, 0, 3]
[5, 0, 4]
[5, 0, 1, 2]
[5, 0, 1, 6]
[5, 0, 1, 7]
[5, 0, 1, 3]
[5, 0, 1, 4]
[5, 0, 1, 2, 6]
0.6666666666666666 0.7
itercount --------> 11
[5, 0, 1]
[5, 0, 2]
[5, 0, 6]
[5, 0, 7]
[5, 0, 3]
[5, 0, 4]
[5, 0, 1, 2]
0.7 0.75
itercount --------> 12
[0, 1, 2]
[0, 1, 5]
[0, 1, 3]
[0, 1, 4]
[0, 1, 6]
[0, 1, 7]
[0, 1, 2, 5]
[0, 1, 2, 3]
[0, 1, 2, 4]
[0, 1, 2, 6]
[0, 1, 2, 7]
[0, 1, 2, 5, 3]
[0, 1, 2, 5, 4]
[0, 1, 2, 5, 6]
[0, 1, 2, 5, 7]
[0, 1, 2, 5, 3, 4]
[0, 1, 2, 5, 3, 6]
[0, 1, 2, 5, 3, 7]
[0, 1, 2, 5, 3, 4, 6]
[0, 1, 2, 5, 3, 4, 7]
[0, 1, 2, 5, 3, 4, 6, 7]
failed -> 46 times
after fail n ======> 5
[5, 0, 1, 2, 6]
0.039473684210526314 0.10714285714285714
itercount --------> 1
[6, 4, 0]
0.10714285714285714 0.17857142857142858
itercount --------> 2
[4, 0, 6]
[4, 0, 1]
0.17857142857142858 0.2631578947368421
itercount --------> 3
[4, 6, 7]
0.2631578947368421 0.2777777777777778
itercount --------> 4
[4, 7, 6]
0.2777777777777778 0.3888888888888889
itercount --------> 5
[4, 2, 5]
[4, 2, 6]
0.3888888888888889 0.4117647058823529
itercount --------> 6
[4, 7, 3]
[4, 7, 6]
[4, 7, 5]
[4, 7, 0]
[4, 7, 1]
[4, 7, 2]
[4, 7, 3, 6]
[4, 7, 3, 5]
[4, 7, 3, 0]
[4, 7, 3, 1]
[4, 7, 3, 2]
[4, 7, 3, 6, 5]
[4, 7, 3, 6, 0]
[4, 7, 3, 6, 1]
[4, 7, 3, 6, 2]
[4, 7, 3, 6, 5, 0]
[4, 7, 3, 6, 5, 1]
[4, 7, 3, 6, 5, 2]
[4, 7, 3, 6, 5, 0, 1]
[4, 7, 3, 6, 5, 0, 2]
[4, 7, 3, 6, 5, 0, 1, 2]
failed -> 47 times
after fail n ======> 6
[5, 0, 1, 2, 6, 4]
0.039473684210526314 0.10714285714285714
itercount --------> 1
[4, 6, 1]
0.10714285714285714 0.16666666666666666
itercount --------> 2
[6, 4, 2]
0.16666666666666666 0.17647058823529413
itercount --------> 3
[6, 4, 7]
[6, 4, 3]
[6, 4, 5]
0.17647058823529413 0.2
itercount --------> 4
[4, 5, 6]
[4, 5, 7]
[4, 5, 0]
[4, 5, 3]
[4, 5, 2]
0.2 0.2222222222222222
itercount --------> 5
[4, 6, 7]
[4, 6, 5]
[4, 6, 3]
[4, 6, 0]
[4, 6, 1]
[4, 6, 2]
[4, 6, 7, 5]
0.2222222222222222 0.2857142857142857
itercount --------> 6
[4, 5, 7]
[4, 5, 6]
[4, 5, 3]
[4, 5, 0]
[4, 5, 1]
[4, 5, 2]
[4, 5, 7, 6]
0.2857142857142857 0.3333333333333333
itercount --------> 7
[4, 6, 5]
[4, 6, 7]
[4, 6, 3]
[4, 6, 0]
[4, 6, 1]
[4, 6, 2]
[4, 6, 5, 7]
[4, 6, 5, 3]
[4, 6, 5, 0]
0.3333333333333333 0.3888888888888889
itercount --------> 8
[4, 6, 5]
[4, 6, 7]
[4, 6, 3]
[4, 6, 0]
[4, 6, 1]
[4, 6, 2]
[4, 6, 5, 7]
[4, 6, 5, 3]
[4, 6, 5, 0]
[4, 6, 5, 1]
0.3888888888888889 0.4117647058823529
itercount --------> 9
[4, 7, 3]
[4, 7, 6]
[4, 7, 5]
[4, 7, 0]
[4, 7, 1]
[4, 7, 2]
[4, 7, 3, 6]
[4, 7, 3, 5]
[4, 7, 3, 0]
[4, 7, 3, 1]
[4, 7, 3, 2]
[4, 7, 3, 6, 5]
[4, 7, 3, 6, 0]
[4, 7, 3, 6, 1]
[4, 7, 3, 6, 2]
[4, 7, 3, 6, 5, 0]
[4, 7, 3, 6, 5, 1]
[4, 7, 3, 6, 5, 2]
[4, 7, 3, 6, 5, 0, 1]
[4, 7, 3, 6, 5, 0, 2]
[4, 7, 3, 6, 5, 0, 1, 2]
failed -> 48 times
after fail n ======> 7
[5, 0, 1, 2, 6, 4, 7]
0.039473684210526314 0.04878048780487805
itercount --------> 1
[1, 5, 2]
0.04878048780487805 0.19230769230769232
itercount --------> 2
[4, 1, 6]
0.19230769230769232 0.25
itercount --------> 3
[4, 2, 6]
0.25 0.2777777777777778
itercount --------> 4
[4, 6, 7]
[4, 6, 3]
[4, 6, 5]
[4, 6, 0]
[4, 6, 1]
[4, 6, 2]
[4, 6, 7, 3]
[4, 6, 7, 5]
0.2777777777777778 0.3888888888888889
itercount --------> 5
[4, 3, 6]
[4, 3, 7]
[4, 3, 0]
[4, 3, 1]
[4, 3, 2]
[4, 3, 5]
[4, 3, 6, 7]
[4, 3, 6, 0]
[4, 3, 6, 1]
[4, 3, 6, 2]
[4, 3, 6, 5]
[4, 3, 6, 7, 0]
[4, 3, 6, 7, 1]
[4, 3, 6, 7, 2]
0.3888888888888889 0.4117647058823529
itercount --------> 6
[4, 7, 3]
[4, 7, 6]
[4, 7, 5]
[4, 7, 0]
[4, 7, 1]
[4, 7, 2]
[4, 7, 3, 6]
[4, 7, 3, 5]
[4, 7, 3, 0]
[4, 7, 3, 1]
[4, 7, 3, 2]
[4, 7, 3, 6, 5]
[4, 7, 3, 6, 0]
[4, 7, 3, 6, 1]
[4, 7, 3, 6, 2]
[4, 7, 3, 6, 5, 0]
[4, 7, 3, 6, 5, 1]
[4, 7, 3, 6, 5, 2]
[4, 7, 3, 6, 5, 0, 1]
[4, 7, 3, 6, 5, 0, 2]
[4, 7, 3, 6, 5, 0, 1, 2]
failed -> 49 times
after fail n ======> 8
[5, 0, 1, 2, 6, 4, 7, 3]
0.039473684210526314 0.05357142857142857
itercount --------> 1
[2, 0, 1]
[2, 0, 5]
[2, 0, 6]
0.05357142857142857 0.09375
itercount --------> 2
[6, 0, 1]
[6, 0, 5]
0.09375 0.16
itercount --------> 3
[6, 1, 4]
[6, 1, 3]
0.16 0.2222222222222222
itercount --------> 4
[6, 5, 4]
[6, 5, 3]
0.2222222222222222 0.22727272727272727
itercount --------> 5
[6, 4, 5]
[6, 4, 3]
[6, 4, 0]
0.22727272727272727 0.2631578947368421
itercount --------> 6
[6, 4, 3]
[6, 4, 5]
[6, 4, 7]
[6, 4, 0]
[6, 4, 1]
[6, 4, 2]
[6, 4, 3, 5]
0.2631578947368421 0.2857142857142857
itercount --------> 7
[6, 7, 0]
[6, 7, 1]
[6, 7, 3]
[6, 7, 4]
[6, 7, 5]
[6, 7, 2]
[6, 7, 0, 1]
[6, 7, 0, 3]
[6, 7, 0, 4]
[6, 7, 0, 5]
[6, 7, 0, 2]
0.2857142857142857 0.3157894736842105
itercount --------> 8
[6, 7, 3]
[6, 7, 4]
[6, 7, 5]
[6, 7, 0]
[6, 7, 1]
[6, 7, 2]
[6, 7, 3, 4]
[6, 7, 3, 5]
[6, 7, 3, 0]
[6, 7, 3, 1]
[6, 7, 3, 2]
[6, 7, 3, 4, 5]
[6, 7, 3, 4, 0]
[6, 7, 3, 4, 1]
[6, 7, 3, 4, 2]
[6, 7, 3, 4, 5, 0]
[6, 7, 3, 4, 5, 1]
[6, 7, 3, 4, 5, 2]
[6, 7, 3, 4, 5, 0, 1]
0.3157894736842105 0.34782608695652173
itercount --------> 9
[6, 5, 7]
[6, 5, 3]
[6, 5, 4]
[6, 5, 0]
[6, 5, 1]
[6, 5, 2]
[6, 5, 7, 3]
0.34782608695652173 0.35294117647058826
itercount --------> 10
[5, 0, 1]
[5, 0, 2]
[5, 0, 7]
[5, 0, 6]
[5, 0, 3]
[5, 0, 4]
[5, 0, 1, 2]
[5, 0, 1, 7]
0.35294117647058826 0.38095238095238093
itercount --------> 11
[6, 7, 0]
0.38095238095238093 0.47619047619047616
itercount --------> 12
[6, 3, 5]
[6, 3, 7]
[6, 3, 0]
[6, 3, 1]
[6, 3, 2]
[6, 3, 4]
[6, 3, 5, 7]
[6, 3, 5, 0]
[6, 3, 5, 1]
[6, 3, 5, 2]
[6, 3, 5, 4]
[6, 3, 5, 7, 0]
[6, 3, 5, 7, 1]
0.47619047619047616 0.5263157894736842
itercount --------> 13
[6, 3, 7]
[6, 3, 4]
[6, 3, 5]
[6, 3, 0]
[6, 3, 1]
[6, 3, 2]
[6, 3, 7, 4]
[6, 3, 7, 5]
[6, 3, 7, 0]
[6, 3, 7, 1]
[6, 3, 7, 2]
[6, 3, 7, 4, 5]
[6, 3, 7, 4, 0]
[6, 3, 7, 4, 1]
[6, 3, 7, 4, 2]
[6, 3, 7, 4, 5, 0]
[6, 3, 7, 4, 5, 1]
[6, 3, 7, 4, 5, 2]
[6, 3, 7, 4, 5, 0, 1]
[6, 3, 7, 4, 5, 0, 2]
[6, 3, 7, 4, 5, 0, 1, 2]
failed -> 50 times
after fail n ======> 5
Runs with the maximum attractor JI -> [6, 14, 37, 38, 41]
