{0: 59, 1: 59, 2: 59, 5: 59, 7: 25, 6: 15, 4: 10, 3: 5}
[0, 1, 2]
0.058823529411764705 0.1111111111111111
itercount --------> 1
[2, 5, 0]
0.1111111111111111 0.14285714285714285
itercount --------> 2
[0, 5, 7]
0.14285714285714285 0.2
itercount --------> 3
[0, 1, 2]
0.2 0.3333333333333333
itercount --------> 4
[0, 1, 2]
[0, 1, 5]
[0, 1, 7]
[0, 1, 6]
[0, 1, 4]
0.3333333333333333 0.375
itercount --------> 5
[0, 1, 2]
[0, 1, 5]
[0, 1, 6]
[0, 1, 7]
[0, 1, 4]
[0, 1, 3]
[0, 1, 2, 5]
[0, 1, 2, 6]
[0, 1, 2, 7]
[0, 1, 2, 4]
[0, 1, 2, 3]
0.375 0.4
itercount --------> 6
[4, 6, 3]
0.4 0.5714285714285714
itercount --------> 7
[0, 1, 2]
[0, 1, 5]
[0, 1, 6]
[0, 1, 7]
[0, 1, 3]
[0, 1, 4]
[0, 1, 2, 5]
[0, 1, 2, 6]
[0, 1, 2, 7]
[0, 1, 2, 3]
[0, 1, 2, 4]
[0, 1, 2, 5, 6]
[0, 1, 2, 5, 7]
[0, 1, 2, 5, 3]
[0, 1, 2, 5, 4]
[0, 1, 2, 5, 6, 7]
[0, 1, 2, 5, 6, 3]
[0, 1, 2, 5, 6, 4]
[0, 1, 2, 5, 6, 7, 3]
[0, 1, 2, 5, 6, 7, 4]
[0, 1, 2, 5, 6, 7, 3, 4]
failed Once
after fail n ======> 4
[0, 1, 2, 5]
0.058823529411764705 0.1111111111111111
itercount --------> 1
[2, 5, 0]
[2, 5, 1]
0.1111111111111111 0.2
itercount --------> 2
[0, 1, 2]
0.2 0.3333333333333333
itercount --------> 3
[0, 1, 2]
[0, 1, 5]
[0, 1, 7]
[0, 1, 6]
[0, 1, 4]
0.3333333333333333 0.375
itercount --------> 4
[0, 1, 2]
[0, 1, 5]
[0, 1, 6]
[0, 1, 7]
[0, 1, 4]
[0, 1, 3]
0.375 0.4
itercount --------> 5
[4, 6, 3]
0.4 0.4666666666666667
itercount --------> 6
[3, 4, 6]
0.4666666666666667 0.5714285714285714
itercount --------> 7
[0, 1, 2]
[0, 1, 5]
[0, 1, 6]
[0, 1, 7]
[0, 1, 3]
[0, 1, 4]
[0, 1, 2, 5]
[0, 1, 2, 6]
[0, 1, 2, 7]
[0, 1, 2, 3]
[0, 1, 2, 4]
[0, 1, 2, 5, 6]
[0, 1, 2, 5, 7]
[0, 1, 2, 5, 3]
[0, 1, 2, 5, 4]
[0, 1, 2, 5, 6, 7]
[0, 1, 2, 5, 6, 3]
[0, 1, 2, 5, 6, 4]
[0, 1, 2, 5, 6, 7, 3]
[0, 1, 2, 5, 6, 7, 4]
[0, 1, 2, 5, 6, 7, 3, 4]
failed -> 2 times
after fail n ======> 5
[0, 1, 2, 5, 7]
0.058823529411764705 0.1111111111111111
itercount --------> 1
[1, 2, 0]
0.1111111111111111 0.3333333333333333
itercount --------> 2
[0, 1, 2]
[0, 1, 5]
[0, 1, 7]
[0, 1, 6]
[0, 1, 4]
0.3333333333333333 0.375
itercount --------> 3
[0, 1, 2]
[0, 1, 5]
[0, 1, 6]
[0, 1, 7]
[0, 1, 4]
[0, 1, 3]
0.375 0.4
itercount --------> 4
[4, 6, 3]
0.4 0.5714285714285714
itercount --------> 5
[0, 1, 2]
[0, 1, 5]
[0, 1, 6]
[0, 1, 7]
[0, 1, 3]
[0, 1, 4]
[0, 1, 2, 5]
[0, 1, 2, 6]
[0, 1, 2, 7]
[0, 1, 2, 3]
[0, 1, 2, 4]
[0, 1, 2, 5, 6]
[0, 1, 2, 5, 7]
[0, 1, 2, 5, 3]
[0, 1, 2, 5, 4]
[0, 1, 2, 5, 6, 7]
[0, 1, 2, 5, 6, 3]
[0, 1, 2, 5, 6, 4]
[0, 1, 2, 5, 6, 7, 3]
[0, 1, 2, 5, 6, 7, 4]
[0, 1, 2, 5, 6, 7, 3, 4]
failed -> 3 times
after fail n ======> 6
[0, 1, 2, 5, 7, 6]
0.058823529411764705 0.09803921568627451
itercount --------> 1
[5, 2, 0]
0.09803921568627451 0.3333333333333333
itercount --------> 2
[5, 0, 1]
0.3333333333333333 0.3888888888888889
itercount --------> 3
[0, 1, 2]
[0, 1, 5]
[0, 1, 4]
0.3888888888888889 0.4375
itercount --------> 4
[0, 1, 2]
[0, 1, 5]
[0, 1, 4]
[0, 1, 7]
0.4375 0.5
itercount --------> 5
[0, 1, 2]
[0, 1, 5]
[0, 1, 7]
[0, 1, 4]
[0, 1, 6]
[0, 1, 3]
[0, 1, 2, 5]
[0, 1, 2, 7]
[0, 1, 2, 4]
[0, 1, 2, 6]
[0, 1, 2, 3]
[0, 1, 2, 5, 7]
[0, 1, 2, 5, 4]
[0, 1, 2, 5, 6]
[0, 1, 2, 5, 3]
0.5 0.5384615384615384
itercount --------> 6
[0, 1, 2]
[0, 1, 5]
[0, 1, 3]
[0, 1, 7]
[0, 1, 4]
[0, 1, 6]
[0, 1, 2, 5]
[0, 1, 2, 3]
[0, 1, 2, 7]
[0, 1, 2, 4]
[0, 1, 2, 6]
[0, 1, 2, 5, 3]
[0, 1, 2, 5, 7]
[0, 1, 2, 5, 4]
[0, 1, 2, 5, 6]
[0, 1, 2, 5, 3, 7]
0.5384615384615384 0.7142857142857143
itercount --------> 7
[7, 6, 3]
[7, 6, 4]
[7, 6, 0]
[7, 6, 1]
[7, 6, 2]
[7, 6, 5]
[7, 6, 3, 4]
[7, 6, 3, 0]
[7, 6, 3, 1]
[7, 6, 3, 2]
[7, 6, 3, 5]
[7, 6, 3, 4, 0]
[7, 6, 3, 4, 1]
[7, 6, 3, 4, 2]
[7, 6, 3, 4, 5]
[7, 6, 3, 4, 0, 1]
[7, 6, 3, 4, 0, 2]
[7, 6, 3, 4, 0, 5]
[7, 6, 3, 4, 0, 1, 2]
[7, 6, 3, 4, 0, 1, 5]
[7, 6, 3, 4, 0, 1, 2, 5]
failed -> 4 times
after fail n ======> 7
[0, 1, 2, 5, 7, 6, 4]
0.058823529411764705 0.13043478260869565
itercount --------> 1
[5, 2, 0]
[5, 2, 1]
0.13043478260869565 0.23076923076923078
itercount --------> 2
[0, 1, 2]
0.23076923076923078 0.375
itercount --------> 3
[0, 1, 2]
[0, 1, 5]
[0, 1, 6]
[0, 1, 7]
[0, 1, 4]
[0, 1, 3]
0.375 0.4
itercount --------> 4
[4, 6, 3]
0.4 0.5714285714285714
itercount --------> 5
[0, 1, 2]
[0, 1, 5]
[0, 1, 6]
[0, 1, 7]
[0, 1, 3]
[0, 1, 4]
[0, 1, 2, 5]
[0, 1, 2, 6]
[0, 1, 2, 7]
[0, 1, 2, 3]
[0, 1, 2, 4]
[0, 1, 2, 5, 6]
[0, 1, 2, 5, 7]
[0, 1, 2, 5, 3]
[0, 1, 2, 5, 4]
[0, 1, 2, 5, 6, 7]
[0, 1, 2, 5, 6, 3]
[0, 1, 2, 5, 6, 4]
[0, 1, 2, 5, 6, 7, 3]
[0, 1, 2, 5, 6, 7, 4]
[0, 1, 2, 5, 6, 7, 3, 4]
failed -> 5 times
after fail n ======> 8
[0, 1, 2, 5, 7, 6, 4, 3]
0.058823529411764705 0.06976744186046512
itercount --------> 1
[0, 2, 5]
0.06976744186046512 0.13043478260869565
itercount --------> 2
[0, 1, 2]
0.13043478260869565 0.23076923076923078
itercount --------> 3
[0, 1, 2]
0.23076923076923078 0.375
itercount --------> 4
[0, 1, 2]
[0, 1, 5]
[0, 1, 7]
[0, 1, 3]
[0, 1, 4]
0.375 0.47058823529411764
itercount --------> 5
[6, 3, 4]
[6, 3, 7]
[6, 3, 0]
0.47058823529411764 0.5
itercount --------> 6
[0, 1, 2]
[0, 1, 5]
[0, 1, 7]
0.5 0.5384615384615384
itercount --------> 7
[0, 1, 2]
[0, 1, 5]
[0, 1, 7]
0.5384615384615384 0.7142857142857143
itercount --------> 8
[7, 6, 3]
[7, 6, 4]
[7, 6, 0]
[7, 6, 1]
[7, 6, 2]
[7, 6, 5]
[7, 6, 3, 4]
[7, 6, 3, 0]
[7, 6, 3, 1]
[7, 6, 3, 2]
[7, 6, 3, 5]
[7, 6, 3, 4, 0]
[7, 6, 3, 4, 1]
[7, 6, 3, 4, 2]
[7, 6, 3, 4, 5]
[7, 6, 3, 4, 0, 1]
[7, 6, 3, 4, 0, 2]
[7, 6, 3, 4, 0, 5]
[7, 6, 3, 4, 0, 1, 2]
[7, 6, 3, 4, 0, 1, 5]
[7, 6, 3, 4, 0, 1, 2, 5]
failed -> 6 times
after fail n ======> 5
[0, 1, 2, 5, 7]
0.058823529411764705 0.1111111111111111
itercount --------> 1
[1, 5, 0]
0.1111111111111111 0.2
itercount --------> 2
[1, 0, 2]
0.2 0.3333333333333333
itercount --------> 3
[0, 1, 2]
[0, 1, 5]
[0, 1, 7]
0.3333333333333333 0.3684210526315789
itercount --------> 4
[7, 6, 0]
[7, 6, 1]
[7, 6, 2]
[7, 6, 4]
0.3684210526315789 0.375
itercount --------> 5
[0, 1, 2]
[0, 1, 5]
[0, 1, 4]
0.375 0.3888888888888889
itercount --------> 6
[6, 1, 4]
[6, 1, 7]
0.3888888888888889 0.42857142857142855
itercount --------> 7
[0, 1, 2]
[0, 1, 5]
[0, 1, 4]
0.42857142857142855 0.4444444444444444
itercount --------> 8
[0, 1, 2]
[0, 1, 5]
[0, 1, 4]
[0, 1, 6]
[0, 1, 3]
[0, 1, 7]
0.4444444444444444 0.5
itercount --------> 9
[0, 1, 2]
[0, 1, 5]
[0, 1, 4]
[0, 1, 6]
[0, 1, 3]
[0, 1, 7]
[0, 1, 2, 5]
[0, 1, 2, 4]
0.5 0.5333333333333333
itercount --------> 10
[0, 1, 2]
[0, 1, 5]
[0, 1, 4]
[0, 1, 6]
[0, 1, 7]
[0, 1, 3]
[0, 1, 2, 5]
[0, 1, 2, 4]
[0, 1, 2, 6]
[0, 1, 2, 7]
[0, 1, 2, 3]
0.5333333333333333 0.6153846153846154
itercount --------> 11
[4, 0, 1]
[4, 0, 2]
[4, 0, 5]
[4, 0, 6]
[4, 0, 3]
[4, 0, 7]
[4, 0, 1, 2]
[4, 0, 1, 5]
[4, 0, 1, 6]
0.6153846153846154 0.7333333333333333
itercount --------> 12
[0, 1, 2]
[0, 1, 5]
[0, 1, 3]
[0, 1, 4]
[0, 1, 6]
[0, 1, 7]
[0, 1, 2, 5]
[0, 1, 2, 3]
[0, 1, 2, 4]
[0, 1, 2, 6]
[0, 1, 2, 7]
[0, 1, 2, 5, 3]
[0, 1, 2, 5, 4]
[0, 1, 2, 5, 6]
[0, 1, 2, 5, 7]
[0, 1, 2, 5, 3, 4]
[0, 1, 2, 5, 3, 6]
[0, 1, 2, 5, 3, 7]
[0, 1, 2, 5, 3, 4, 6]
[0, 1, 2, 5, 3, 4, 7]
[0, 1, 2, 5, 3, 4, 6, 7]
failed -> 7 times
after fail n ======> 6
[0, 1, 2, 5, 7, 6]
0.058823529411764705 0.09803921568627451
itercount --------> 1
[1, 5, 0]
0.09803921568627451 0.3333333333333333
itercount --------> 2
[1, 0, 2]
0.3333333333333333 0.3888888888888889
itercount --------> 3
[0, 1, 2]
[0, 1, 5]
[0, 1, 4]
[0, 1, 7]
[0, 1, 6]
[0, 1, 3]
[0, 1, 2, 5]
[0, 1, 2, 4]
0.3888888888888889 0.4375
itercount --------> 4
[0, 1, 2]
[0, 1, 5]
[0, 1, 4]
[0, 1, 7]
0.4375 0.5
itercount --------> 5
[0, 1, 2]
[0, 1, 5]
[0, 1, 7]
[0, 1, 4]
[0, 1, 6]
[0, 1, 3]
[0, 1, 2, 5]
[0, 1, 2, 7]
[0, 1, 2, 4]
[0, 1, 2, 6]
[0, 1, 2, 3]
[0, 1, 2, 5, 7]
[0, 1, 2, 5, 4]
[0, 1, 2, 5, 6]
[0, 1, 2, 5, 3]
0.5 0.5384615384615384
itercount --------> 6
[0, 1, 2]
[0, 1, 5]
[0, 1, 3]
[0, 1, 7]
[0, 1, 4]
[0, 1, 6]
[0, 1, 2, 5]
[0, 1, 2, 3]
[0, 1, 2, 7]
[0, 1, 2, 4]
[0, 1, 2, 6]
[0, 1, 2, 5, 3]
[0, 1, 2, 5, 7]
[0, 1, 2, 5, 4]
[0, 1, 2, 5, 6]
[0, 1, 2, 5, 3, 7]
0.5384615384615384 0.7142857142857143
itercount --------> 7
[7, 6, 3]
[7, 6, 4]
[7, 6, 0]
[7, 6, 1]
[7, 6, 2]
[7, 6, 5]
[7, 6, 3, 4]
[7, 6, 3, 0]
[7, 6, 3, 1]
[7, 6, 3, 2]
[7, 6, 3, 5]
[7, 6, 3, 4, 0]
[7, 6, 3, 4, 1]
[7, 6, 3, 4, 2]
[7, 6, 3, 4, 5]
[7, 6, 3, 4, 0, 1]
[7, 6, 3, 4, 0, 2]
[7, 6, 3, 4, 0, 5]
[7, 6, 3, 4, 0, 1, 2]
[7, 6, 3, 4, 0, 1, 5]
[7, 6, 3, 4, 0, 1, 2, 5]
failed -> 8 times
after fail n ======> 7
[0, 1, 2, 5, 7, 6, 4]
0.058823529411764705 0.08333333333333333
itercount --------> 1
[5, 1, 2]
0.08333333333333333 0.2222222222222222
itercount --------> 2
[6, 0, 1]
0.2222222222222222 0.2857142857142857
itercount --------> 3
[0, 1, 2]
[0, 1, 5]
[0, 1, 6]
[0, 1, 7]
[0, 1, 4]
[0, 1, 3]
[0, 1, 2, 5]
[0, 1, 2, 6]
[0, 1, 2, 7]
[0, 1, 2, 4]
[0, 1, 2, 3]
[0, 1, 2, 5, 6]
0.2857142857142857 0.3333333333333333
itercount --------> 4
[5, 6, 7]
0.3333333333333333 0.4
itercount --------> 5
[5, 4, 6]
[5, 4, 7]
0.4 0.5
itercount --------> 6
[5, 6, 3]
[5, 6, 4]
[5, 6, 7]
[5, 6, 0]
0.5 0.5714285714285714
itercount --------> 7
[0, 1, 2]
[0, 1, 5]
[0, 1, 7]
[0, 1, 4]
[0, 1, 3]
[0, 1, 6]
[0, 1, 2, 5]
[0, 1, 2, 7]
[0, 1, 2, 4]
[0, 1, 2, 3]
0.5714285714285714 0.6153846153846154
itercount --------> 8
[0, 1, 2]
[0, 1, 5]
[0, 1, 3]
[0, 1, 7]
[0, 1, 4]
[0, 1, 6]
[0, 1, 2, 5]
[0, 1, 2, 3]
[0, 1, 2, 7]
[0, 1, 2, 4]
[0, 1, 2, 6]
[0, 1, 2, 5, 3]
[0, 1, 2, 5, 7]
[0, 1, 2, 5, 4]
[0, 1, 2, 5, 6]
[0, 1, 2, 5, 3, 7]
0.6153846153846154 0.7058823529411765
itercount --------> 9
[3, 4, 6]
0.7058823529411765 0.7142857142857143
itercount --------> 10
[6, 4, 3]
[6, 4, 7]
[6, 4, 0]
[6, 4, 1]
[6, 4, 2]
[6, 4, 5]
[6, 4, 3, 7]
[6, 4, 3, 0]
[6, 4, 3, 1]
[6, 4, 3, 2]
[6, 4, 3, 5]
[6, 4, 3, 7, 0]
[6, 4, 3, 7, 1]
[6, 4, 3, 7, 2]
[6, 4, 3, 7, 5]
[6, 4, 3, 7, 0, 1]
[6, 4, 3, 7, 0, 2]
[6, 4, 3, 7, 0, 5]
[6, 4, 3, 7, 0, 1, 2]
[6, 4, 3, 7, 0, 1, 5]
[6, 4, 3, 7, 0, 1, 2, 5]
failed -> 9 times
after fail n ======> 8
[0, 1, 2, 5, 7, 6, 4, 3]
0.058823529411764705 0.06976744186046512
itercount --------> 1
[1, 2, 5]
0.06976744186046512 0.13043478260869565
itercount --------> 2
[5, 0, 1]
0.13043478260869565 0.23076923076923078
itercount --------> 3
[1, 2, 0]
0.23076923076923078 0.375
itercount --------> 4
[0, 1, 2]
[0, 1, 5]
[0, 1, 6]
[0, 1, 7]
[0, 1, 4]
[0, 1, 3]
0.375 0.4
itercount --------> 5
[4, 6, 3]
[4, 6, 7]
0.4 0.4117647058823529
itercount --------> 6
[3, 0, 1]
0.4117647058823529 0.5
itercount --------> 7
[0, 1, 2]
[0, 1, 5]
[0, 1, 4]
[0, 1, 3]
[0, 1, 7]
0.5 0.5714285714285714
itercount --------> 8
[0, 1, 2]
[0, 1, 5]
[0, 1, 3]
[0, 1, 7]
[0, 1, 4]
[0, 1, 6]
[0, 1, 2, 5]
[0, 1, 2, 3]
[0, 1, 2, 7]
[0, 1, 2, 4]
[0, 1, 2, 6]
[0, 1, 2, 5, 3]
[0, 1, 2, 5, 7]
[0, 1, 2, 5, 4]
[0, 1, 2, 5, 6]
[0, 1, 2, 5, 3, 7]
[0, 1, 2, 5, 3, 4]
[0, 1, 2, 5, 3, 6]
0.5714285714285714 0.6153846153846154
itercount --------> 9
[0, 1, 2]
[0, 1, 5]
[0, 1, 3]
[0, 1, 7]
[0, 1, 4]
[0, 1, 6]
[0, 1, 2, 5]
[0, 1, 2, 3]
[0, 1, 2, 7]
[0, 1, 2, 4]
[0, 1, 2, 6]
[0, 1, 2, 5, 3]
[0, 1, 2, 5, 7]
[0, 1, 2, 5, 4]
[0, 1, 2, 5, 6]
[0, 1, 2, 5, 3, 7]
[0, 1, 2, 5, 3, 4]
[0, 1, 2, 5, 3, 6]
[0, 1, 2, 5, 3, 7, 4]
0.6153846153846154 0.7058823529411765
itercount --------> 10
[3, 4, 6]
0.7058823529411765 0.7142857142857143
itercount --------> 11
[6, 3, 4]
[6, 3, 7]
[6, 3, 0]
[6, 3, 1]
[6, 3, 2]
[6, 3, 5]
[6, 3, 4, 7]
[6, 3, 4, 0]
[6, 3, 4, 1]
[6, 3, 4, 2]
[6, 3, 4, 5]
[6, 3, 4, 7, 0]
[6, 3, 4, 7, 1]
[6, 3, 4, 7, 2]
[6, 3, 4, 7, 5]
[6, 3, 4, 7, 0, 1]
[6, 3, 4, 7, 0, 2]
[6, 3, 4, 7, 0, 5]
[6, 3, 4, 7, 0, 1, 2]
[6, 3, 4, 7, 0, 1, 5]
[6, 3, 4, 7, 0, 1, 2, 5]
failed -> 10 times
after fail n ======> 5
[0, 1, 2, 5, 7]
0.058823529411764705 0.09090909090909091
itercount --------> 1
[2, 1, 0]
0.09090909090909091 0.16129032258064516
itercount --------> 2
[2, 0, 1]
0.16129032258064516 0.3333333333333333
itercount --------> 3
[2, 6, 4]
[2, 6, 7]
[2, 6, 0]
[2, 6, 1]
[2, 6, 5]
[2, 6, 3]
[2, 6, 4, 7]
0.3333333333333333 0.36363636363636365
itercount --------> 4
[2, 6, 0]
[2, 6, 1]
[2, 6, 5]
0.36363636363636365 0.42105263157894735
itercount --------> 5
[6, 7, 0]
0.42105263157894735 0.5789473684210527
itercount --------> 6
[0, 1, 2]
[0, 1, 5]
[0, 1, 3]
0.5789473684210527 0.6470588235294118
itercount --------> 7
[0, 1, 2]
[0, 1, 5]
[0, 1, 3]
[0, 1, 4]
[0, 1, 6]
[0, 1, 7]
[0, 1, 2, 5]
[0, 1, 2, 3]
[0, 1, 2, 4]
0.6470588235294118 0.7333333333333333
itercount --------> 8
[0, 1, 2]
[0, 1, 5]
[0, 1, 3]
[0, 1, 4]
[0, 1, 6]
[0, 1, 7]
[0, 1, 2, 5]
[0, 1, 2, 3]
[0, 1, 2, 4]
[0, 1, 2, 6]
[0, 1, 2, 7]
[0, 1, 2, 5, 3]
[0, 1, 2, 5, 4]
[0, 1, 2, 5, 6]
[0, 1, 2, 5, 7]
[0, 1, 2, 5, 3, 4]
[0, 1, 2, 5, 3, 6]
[0, 1, 2, 5, 3, 7]
[0, 1, 2, 5, 3, 4, 6]
[0, 1, 2, 5, 3, 4, 7]
[0, 1, 2, 5, 3, 4, 6, 7]
failed -> 11 times
after fail n ======> 6
[0, 1, 2, 5, 7, 6]
0.058823529411764705 0.09090909090909091
itercount --------> 1
[0, 2, 6]
0.09090909090909091 0.2
itercount --------> 2
[0, 1, 2]
[0, 1, 5]
[0, 1, 6]
[0, 1, 7]
0.2 0.2222222222222222
itercount --------> 3
[6, 4, 7]
0.2222222222222222 0.2631578947368421
itercount --------> 4
[6, 0, 2]
[6, 0, 3]
0.2631578947368421 0.2777777777777778
itercount --------> 5
[6, 0, 2]
[6, 0, 4]
[6, 0, 3]
[6, 0, 7]
[6, 0, 1]
[6, 0, 5]
0.2777777777777778 0.3125
itercount --------> 6
[6, 3, 4]
[6, 3, 0]
[6, 3, 2]
0.3125 0.3333333333333333
itercount --------> 7
[6, 3, 4]
[6, 3, 7]
[6, 3, 0]
[6, 3, 1]
[6, 3, 2]
[6, 3, 5]
[6, 3, 4, 7]
[6, 3, 4, 0]
[6, 3, 4, 1]
[6, 3, 4, 2]
[6, 3, 4, 5]
0.3333333333333333 0.35714285714285715
itercount --------> 8
[6, 3, 4]
[6, 3, 7]
[6, 3, 0]
[6, 3, 1]
[6, 3, 2]
[6, 3, 5]
[6, 3, 4, 7]
[6, 3, 4, 0]
[6, 3, 4, 1]
[6, 3, 4, 2]
[6, 3, 4, 5]
[6, 3, 4, 7, 0]
[6, 3, 4, 7, 1]
[6, 3, 4, 7, 2]
[6, 3, 4, 7, 5]
[6, 3, 4, 7, 0, 1]
[6, 3, 4, 7, 0, 2]
[6, 3, 4, 7, 0, 5]
[6, 3, 4, 7, 0, 1, 2]
[6, 3, 4, 7, 0, 1, 5]
[6, 3, 4, 7, 0, 1, 2, 5]
failed -> 12 times
after fail n ======> 7
[0, 1, 2, 5, 7, 6, 4]
0.058823529411764705 0.13043478260869565
itercount --------> 1
[0, 5, 1]
0.13043478260869565 0.375
itercount --------> 2
[0, 1, 2]
[0, 1, 5]
[0, 1, 6]
[0, 1, 7]
[0, 1, 4]
[0, 1, 3]
0.375 0.4
itercount --------> 3
[4, 6, 3]
[4, 6, 7]
0.4 0.4117647058823529
itercount --------> 4
[3, 4, 6]
[3, 4, 7]
[3, 4, 0]
[3, 4, 1]
[3, 4, 2]
[3, 4, 5]
[3, 4, 6, 7]
0.4117647058823529 0.47368421052631576
itercount --------> 5
[3, 4, 0]
[3, 4, 1]
[3, 4, 2]
[3, 4, 5]
[3, 4, 6]
[3, 4, 7]
[3, 4, 0, 1]
[3, 4, 0, 2]
0.47368421052631576 0.5
itercount --------> 6
[0, 1, 2]
[0, 1, 5]
[0, 1, 3]
[0, 1, 4]
[0, 1, 6]
[0, 1, 7]
0.5 0.5714285714285714
itercount --------> 7
[0, 1, 2]
[0, 1, 5]
[0, 1, 3]
[0, 1, 4]
[0, 1, 7]
[0, 1, 6]
[0, 1, 2, 5]
[0, 1, 2, 3]
[0, 1, 2, 4]
0.5714285714285714 0.6470588235294118
itercount --------> 8
[0, 1, 2]
[0, 1, 5]
[0, 1, 3]
[0, 1, 4]
[0, 1, 6]
[0, 1, 7]
[0, 1, 2, 5]
[0, 1, 2, 3]
[0, 1, 2, 4]
[0, 1, 2, 6]
0.6470588235294118 0.6875
itercount --------> 9
[0, 1, 2]
[0, 1, 3]
[0, 1, 4]
[0, 1, 5]
[0, 1, 6]
[0, 1, 7]
[0, 1, 2, 3]
[0, 1, 2, 4]
[0, 1, 2, 5]
[0, 1, 2, 6]
[0, 1, 2, 7]
[0, 1, 2, 3, 4]
[0, 1, 2, 3, 5]
[0, 1, 2, 3, 6]
[0, 1, 2, 3, 7]
[0, 1, 2, 3, 4, 5]
[0, 1, 2, 3, 4, 6]
[0, 1, 2, 3, 4, 7]
[0, 1, 2, 3, 4, 5, 6]
[0, 1, 2, 3, 4, 5, 7]
[0, 1, 2, 3, 4, 5, 6, 7]
failed -> 13 times
after fail n ======> 8
[0, 1, 2, 5, 7, 6, 4, 3]
0.058823529411764705 0.06976744186046512
itercount --------> 1
[0, 1, 5]
0.06976744186046512 0.13043478260869565
itercount --------> 2
[0, 2, 1]
0.13043478260869565 0.23076923076923078
itercount --------> 3
[2, 0, 1]
0.23076923076923078 0.375
itercount --------> 4
[0, 1, 2]
[0, 1, 5]
[0, 1, 6]
[0, 1, 7]
[0, 1, 4]
[0, 1, 3]
0.375 0.4
itercount --------> 5
[4, 6, 3]
[4, 6, 7]
0.4 0.4117647058823529
itercount --------> 6
[3, 4, 6]
[3, 4, 7]
[3, 4, 0]
[3, 4, 1]
[3, 4, 2]
[3, 4, 5]
[3, 4, 6, 7]
0.4117647058823529 0.47368421052631576
itercount --------> 7
[3, 4, 0]
[3, 4, 1]
[3, 4, 2]
[3, 4, 5]
[3, 4, 6]
[3, 4, 7]
[3, 4, 0, 1]
[3, 4, 0, 2]
[3, 4, 0, 5]
0.47368421052631576 0.5
itercount --------> 8
[0, 1, 2]
[0, 1, 5]
[0, 1, 3]
0.5 0.6470588235294118
itercount --------> 9
[0, 1, 2]
[0, 1, 5]
[0, 1, 3]
[0, 1, 4]
[0, 1, 6]
[0, 1, 7]
[0, 1, 2, 5]
[0, 1, 2, 3]
[0, 1, 2, 4]
[0, 1, 2, 6]
[0, 1, 2, 7]
[0, 1, 2, 5, 3]
[0, 1, 2, 5, 4]
[0, 1, 2, 5, 6]
[0, 1, 2, 5, 7]
0.6470588235294118 0.7333333333333333
itercount --------> 10
[0, 1, 2]
[0, 1, 5]
[0, 1, 3]
[0, 1, 4]
[0, 1, 6]
[0, 1, 7]
[0, 1, 2, 5]
[0, 1, 2, 3]
[0, 1, 2, 4]
[0, 1, 2, 6]
[0, 1, 2, 7]
[0, 1, 2, 5, 3]
[0, 1, 2, 5, 4]
[0, 1, 2, 5, 6]
[0, 1, 2, 5, 7]
[0, 1, 2, 5, 3, 4]
[0, 1, 2, 5, 3, 6]
[0, 1, 2, 5, 3, 7]
[0, 1, 2, 5, 3, 4, 6]
[0, 1, 2, 5, 3, 4, 7]
[0, 1, 2, 5, 3, 4, 6, 7]
failed -> 14 times
after fail n ======> 5
[0, 1, 2, 5, 7]
0.058823529411764705 0.2
itercount --------> 1
[0, 1, 2]
0.2 0.3333333333333333
itercount --------> 2
[0, 1, 2]
[0, 1, 5]
[0, 1, 7]
[0, 1, 6]
[0, 1, 4]
0.3333333333333333 0.375
itercount --------> 3
[0, 1, 2]
[0, 1, 5]
[0, 1, 6]
[0, 1, 7]
[0, 1, 4]
[0, 1, 3]
0.375 0.4
itercount --------> 4
[4, 6, 3]
0.4 0.4666666666666667
itercount --------> 5
[3, 4, 6]
[3, 4, 7]
[3, 4, 0]
[3, 4, 1]
[3, 4, 2]
[3, 4, 5]
[3, 4, 6, 7]
0.4666666666666667 0.5714285714285714
itercount --------> 6
[0, 1, 2]
[0, 1, 5]
[0, 1, 6]
[0, 1, 7]
[0, 1, 3]
[0, 1, 4]
[0, 1, 2, 5]
[0, 1, 2, 6]
[0, 1, 2, 7]
[0, 1, 2, 3]
[0, 1, 2, 4]
[0, 1, 2, 5, 6]
[0, 1, 2, 5, 7]
[0, 1, 2, 5, 3]
[0, 1, 2, 5, 4]
[0, 1, 2, 5, 6, 7]
[0, 1, 2, 5, 6, 3]
[0, 1, 2, 5, 6, 4]
[0, 1, 2, 5, 6, 7, 3]
[0, 1, 2, 5, 6, 7, 4]
[0, 1, 2, 5, 6, 7, 3, 4]
failed -> 15 times
after fail n ======> 6
[0, 1, 2, 5, 7, 6]
0.058823529411764705 0.1111111111111111
itercount --------> 1
[0, 5, 1]
[0, 5, 2]
0.1111111111111111 0.2
itercount --------> 2
[0, 1, 2]
[0, 1, 5]
0.2 0.3333333333333333
itercount --------> 3
[0, 1, 2]
[0, 1, 5]
[0, 1, 7]
[0, 1, 6]
[0, 1, 4]
0.3333333333333333 0.375
itercount --------> 4
[0, 1, 2]
[0, 1, 5]
[0, 1, 6]
[0, 1, 7]
[0, 1, 4]
[0, 1, 3]
0.375 0.4
itercount --------> 5
[4, 6, 3]
0.4 0.5714285714285714
itercount --------> 6
[0, 1, 2]
[0, 1, 5]
[0, 1, 6]
[0, 1, 7]
[0, 1, 3]
[0, 1, 4]
[0, 1, 2, 5]
[0, 1, 2, 6]
[0, 1, 2, 7]
[0, 1, 2, 3]
[0, 1, 2, 4]
[0, 1, 2, 5, 6]
[0, 1, 2, 5, 7]
[0, 1, 2, 5, 3]
[0, 1, 2, 5, 4]
[0, 1, 2, 5, 6, 7]
[0, 1, 2, 5, 6, 3]
[0, 1, 2, 5, 6, 4]
[0, 1, 2, 5, 6, 7, 3]
[0, 1, 2, 5, 6, 7, 4]
[0, 1, 2, 5, 6, 7, 3, 4]
failed -> 16 times
after fail n ======> 7
[0, 1, 2, 5, 7, 6, 4]
0.058823529411764705 0.1111111111111111
itercount --------> 1
[1, 2, 0]
0.1111111111111111 0.2
itercount --------> 2
[0, 1, 2]
[0, 1, 5]
0.2 0.3333333333333333
itercount --------> 3
[0, 1, 2]
[0, 1, 5]
[0, 1, 7]
[0, 1, 6]
0.3333333333333333 0.3888888888888889
itercount --------> 4
[0, 1, 2]
[0, 1, 5]
[0, 1, 4]
0.3888888888888889 0.4375
itercount --------> 5
[0, 1, 2]
[0, 1, 5]
[0, 1, 4]
[0, 1, 7]
0.4375 0.5
itercount --------> 6
[0, 1, 2]
[0, 1, 5]
[0, 1, 7]
[0, 1, 4]
[0, 1, 6]
[0, 1, 3]
[0, 1, 2, 5]
[0, 1, 2, 7]
[0, 1, 2, 4]
[0, 1, 2, 6]
[0, 1, 2, 3]
[0, 1, 2, 5, 7]
[0, 1, 2, 5, 4]
[0, 1, 2, 5, 6]
[0, 1, 2, 5, 3]
0.5 0.5384615384615384
itercount --------> 7
[0, 1, 2]
[0, 1, 5]
[0, 1, 3]
[0, 1, 7]
[0, 1, 4]
[0, 1, 6]
[0, 1, 2, 5]
[0, 1, 2, 3]
[0, 1, 2, 7]
[0, 1, 2, 4]
[0, 1, 2, 6]
[0, 1, 2, 5, 3]
[0, 1, 2, 5, 7]
[0, 1, 2, 5, 4]
[0, 1, 2, 5, 6]
[0, 1, 2, 5, 3, 7]
0.5384615384615384 0.7142857142857143
itercount --------> 8
[7, 6, 3]
[7, 6, 4]
[7, 6, 0]
[7, 6, 1]
[7, 6, 2]
[7, 6, 5]
[7, 6, 3, 4]
[7, 6, 3, 0]
[7, 6, 3, 1]
[7, 6, 3, 2]
[7, 6, 3, 5]
[7, 6, 3, 4, 0]
[7, 6, 3, 4, 1]
[7, 6, 3, 4, 2]
[7, 6, 3, 4, 5]
[7, 6, 3, 4, 0, 1]
[7, 6, 3, 4, 0, 2]
[7, 6, 3, 4, 0, 5]
[7, 6, 3, 4, 0, 1, 2]
[7, 6, 3, 4, 0, 1, 5]
[7, 6, 3, 4, 0, 1, 2, 5]
failed -> 17 times
after fail n ======> 8
[0, 1, 2, 5, 7, 6, 4, 3]
0.058823529411764705 0.07692307692307693
itercount --------> 1
[1, 0, 5]
[1, 0, 2]
0.07692307692307693 0.2
itercount --------> 2
[5, 6, 7]
[5, 6, 0]
0.2 0.21428571428571427
itercount --------> 3
[0, 1, 2]
[0, 1, 5]
[0, 1, 6]
[0, 1, 7]
0.21428571428571427 0.2857142857142857
itercount --------> 4
[0, 1, 2]
[0, 1, 5]
[0, 1, 6]
[0, 1, 7]
[0, 1, 4]
[0, 1, 3]
[0, 1, 2, 5]
[0, 1, 2, 6]
[0, 1, 2, 7]
[0, 1, 2, 4]
[0, 1, 2, 3]
[0, 1, 2, 5, 6]
[0, 1, 2, 5, 7]
[0, 1, 2, 5, 4]
[0, 1, 2, 5, 3]
[0, 1, 2, 5, 6, 7]
0.2857142857142857 0.35294117647058826
itercount --------> 5
[0, 6, 7]
[0, 6, 3]
[0, 6, 4]
[0, 6, 1]
[0, 6, 2]
0.35294117647058826 0.42857142857142855
itercount --------> 6
[0, 1, 2]
[0, 1, 5]
[0, 1, 7]
[0, 1, 6]
[0, 1, 4]
[0, 1, 3]
[0, 1, 2, 5]
[0, 1, 2, 7]
[0, 1, 2, 6]
0.42857142857142855 0.4375
itercount --------> 7
[0, 1, 2]
[0, 1, 4]
[0, 1, 7]
0.4375 0.5
itercount --------> 8
[0, 1, 2]
[0, 1, 5]
[0, 1, 7]
[0, 1, 4]
[0, 1, 6]
[0, 1, 3]
[0, 1, 2, 5]
[0, 1, 2, 7]
[0, 1, 2, 4]
[0, 1, 2, 6]
[0, 1, 2, 3]
0.5 0.5384615384615384
itercount --------> 9
[0, 1, 2]
[0, 1, 5]
[0, 1, 3]
[0, 1, 7]
[0, 1, 4]
[0, 1, 6]
[0, 1, 2, 5]
[0, 1, 2, 3]
[0, 1, 2, 7]
[0, 1, 2, 4]
[0, 1, 2, 6]
[0, 1, 2, 5, 3]
[0, 1, 2, 5, 7]
[0, 1, 2, 5, 4]
[0, 1, 2, 5, 6]
[0, 1, 2, 5, 3, 7]
0.5384615384615384 0.6666666666666666
itercount --------> 10
[7, 6, 0]
[7, 6, 1]
0.6666666666666666 0.7058823529411765
itercount --------> 11
[3, 4, 6]
0.7058823529411765 0.7142857142857143
itercount --------> 12
[6, 3, 4]
[6, 3, 7]
[6, 3, 0]
[6, 3, 1]
[6, 3, 2]
[6, 3, 5]
[6, 3, 4, 7]
[6, 3, 4, 0]
[6, 3, 4, 1]
[6, 3, 4, 2]
[6, 3, 4, 5]
[6, 3, 4, 7, 0]
[6, 3, 4, 7, 1]
[6, 3, 4, 7, 2]
[6, 3, 4, 7, 5]
[6, 3, 4, 7, 0, 1]
[6, 3, 4, 7, 0, 2]
[6, 3, 4, 7, 0, 5]
[6, 3, 4, 7, 0, 1, 2]
[6, 3, 4, 7, 0, 1, 5]
[6, 3, 4, 7, 0, 1, 2, 5]
failed -> 18 times
after fail n ======> 5
[0, 1, 2, 5, 7]
0.058823529411764705 0.10144927536231885
itercount --------> 1
[0, 1, 2]
[0, 1, 5]
0.10144927536231885 0.1891891891891892
itercount --------> 2
[1, 2, 0]
0.1891891891891892 0.30434782608695654
itercount --------> 3
[2, 1, 7]
[2, 1, 0]
0.30434782608695654 0.3684210526315789
itercount --------> 4
[7, 6, 0]
[7, 6, 1]
[7, 6, 2]
[7, 6, 4]
0.3684210526315789 0.42105263157894735
itercount --------> 5
[6, 7, 0]
0.42105263157894735 0.5
itercount --------> 6
[0, 1, 2]
[0, 1, 5]
[0, 1, 6]
[0, 1, 7]
[0, 1, 3]
0.5 0.5625
itercount --------> 7
[0, 1, 2]
[0, 1, 5]
[0, 1, 3]
[0, 1, 6]
0.5625 0.6
itercount --------> 8
[1, 7, 4]
[1, 7, 6]
[1, 7, 0]
[1, 7, 2]
[1, 7, 3]
[1, 7, 5]
0.6 0.6428571428571429
itercount --------> 9
[0, 1, 2]
[0, 1, 5]
[0, 1, 6]
[0, 1, 3]
[0, 1, 7]
[0, 1, 4]
[0, 1, 2, 5]
[0, 1, 2, 6]
[0, 1, 2, 3]
[0, 1, 2, 7]
[0, 1, 2, 4]
0.6428571428571429 0.6923076923076923
itercount --------> 10
[0, 1, 2]
[0, 1, 5]
[0, 1, 6]
[0, 1, 3]
[0, 1, 4]
[0, 1, 7]
[0, 1, 2, 5]
[0, 1, 2, 6]
[0, 1, 2, 3]
[0, 1, 2, 4]
[0, 1, 2, 7]
[0, 1, 2, 5, 6]
[0, 1, 2, 5, 3]
[0, 1, 2, 5, 4]
[0, 1, 2, 5, 7]
[0, 1, 2, 5, 6, 3]
[0, 1, 2, 5, 6, 4]
[0, 1, 2, 5, 6, 7]
0.6923076923076923 0.7857142857142857
itercount --------> 11
[3, 4, 6]
[3, 4, 0]
[3, 4, 1]
[3, 4, 2]
[3, 4, 5]
[3, 4, 7]
[3, 4, 6, 0]
[3, 4, 6, 1]
[3, 4, 6, 2]
[3, 4, 6, 5]
[3, 4, 6, 7]
[3, 4, 6, 0, 1]
[3, 4, 6, 0, 2]
[3, 4, 6, 0, 5]
[3, 4, 6, 0, 7]
[3, 4, 6, 0, 1, 2]
[3, 4, 6, 0, 1, 5]
[3, 4, 6, 0, 1, 7]
[3, 4, 6, 0, 1, 2, 5]
[3, 4, 6, 0, 1, 2, 7]
[3, 4, 6, 0, 1, 2, 5, 7]
failed -> 19 times
after fail n ======> 6
[0, 1, 2, 5, 7, 6]
0.058823529411764705 0.09090909090909091
itercount --------> 1
[2, 5, 0]
0.09090909090909091 0.14285714285714285
itercount --------> 2
[2, 5, 6]
0.14285714285714285 0.2
itercount --------> 3
[5, 0, 1]
0.2 0.3333333333333333
itercount --------> 4
[0, 1, 5]
[0, 1, 7]
[0, 1, 6]
[0, 1, 2]
0.3333333333333333 0.4
itercount --------> 5
[0, 1, 2]
[0, 1, 5]
[0, 1, 7]
[0, 1, 6]
[0, 1, 4]
0.4 0.42857142857142855
itercount --------> 6
[0, 1, 2]
[0, 1, 5]
[0, 1, 7]
[0, 1, 6]
[0, 1, 4]
[0, 1, 3]
[0, 1, 2, 5]
[0, 1, 2, 7]
[0, 1, 2, 6]
0.42857142857142855 0.4375
itercount --------> 7
[1, 5, 7]
[1, 5, 4]
[1, 5, 6]
[1, 5, 0]
[1, 5, 2]
0.4375 0.5
itercount --------> 8
[0, 1, 2]
[0, 1, 5]
[0, 1, 4]
[0, 1, 6]
[0, 1, 7]
[0, 1, 3]
[0, 1, 2, 5]
[0, 1, 2, 4]
[0, 1, 2, 6]
[0, 1, 2, 7]
[0, 1, 2, 3]
[0, 1, 2, 5, 4]
[0, 1, 2, 5, 6]
[0, 1, 2, 5, 7]
[0, 1, 2, 5, 3]
0.5 0.5384615384615384
itercount --------> 9
[0, 1, 2]
[0, 1, 4]
[0, 1, 5]
[0, 1, 6]
[0, 1, 7]
[0, 1, 3]
[0, 1, 2, 4]
[0, 1, 2, 5]
[0, 1, 2, 6]
[0, 1, 2, 7]
[0, 1, 2, 3]
[0, 1, 2, 4, 5]
[0, 1, 2, 4, 6]
[0, 1, 2, 4, 7]
[0, 1, 2, 4, 3]
0.5384615384615384 0.5714285714285714
itercount --------> 10
[0, 1, 2]
[0, 1, 5]
[0, 1, 6]
[0, 1, 7]
[0, 1, 4]
[0, 1, 3]
[0, 1, 2, 5]
[0, 1, 2, 6]
[0, 1, 2, 7]
[0, 1, 2, 4]
0.5714285714285714 0.6153846153846154
itercount --------> 11
[0, 1, 2]
[0, 1, 4]
[0, 1, 5]
[0, 1, 6]
[0, 1, 7]
[0, 1, 3]
[0, 1, 2, 4]
[0, 1, 2, 5]
[0, 1, 2, 6]
[0, 1, 2, 7]
[0, 1, 2, 3]
[0, 1, 2, 4, 5]
[0, 1, 2, 4, 6]
0.6153846153846154 0.7058823529411765
itercount --------> 12
[3, 4, 6]
[3, 4, 7]
0.7058823529411765 0.7142857142857143
itercount --------> 13
[3, 4, 6]
[3, 4, 7]
[3, 4, 0]
[3, 4, 1]
[3, 4, 2]
[3, 4, 5]
[3, 4, 6, 7]
[3, 4, 6, 0]
[3, 4, 6, 1]
[3, 4, 6, 2]
[3, 4, 6, 5]
[3, 4, 6, 7, 0]
[3, 4, 6, 7, 1]
[3, 4, 6, 7, 2]
[3, 4, 6, 7, 5]
[3, 4, 6, 7, 0, 1]
[3, 4, 6, 7, 0, 2]
[3, 4, 6, 7, 0, 5]
[3, 4, 6, 7, 0, 1, 2]
[3, 4, 6, 7, 0, 1, 5]
[3, 4, 6, 7, 0, 1, 2, 5]
failed -> 20 times
after fail n ======> 7
[0, 1, 2, 5, 7, 6, 4]
0.058823529411764705 0.06976744186046512
itercount --------> 1
[0, 1, 5]
0.06976744186046512 0.23076923076923078
itercount --------> 2
[2, 0, 1]
0.23076923076923078 0.375
itercount --------> 3
[0, 1, 2]
[0, 1, 5]
[0, 1, 6]
[0, 1, 7]
[0, 1, 4]
[0, 1, 3]
0.375 0.4
itercount --------> 4
[4, 6, 3]
0.4 0.4666666666666667
itercount --------> 5
[3, 4, 6]
0.4666666666666667 0.5714285714285714
itercount --------> 6
[0, 1, 2]
[0, 1, 5]
[0, 1, 6]
[0, 1, 7]
[0, 1, 3]
[0, 1, 4]
[0, 1, 2, 5]
[0, 1, 2, 6]
[0, 1, 2, 7]
[0, 1, 2, 3]
[0, 1, 2, 4]
[0, 1, 2, 5, 6]
[0, 1, 2, 5, 7]
[0, 1, 2, 5, 3]
[0, 1, 2, 5, 4]
[0, 1, 2, 5, 6, 7]
[0, 1, 2, 5, 6, 3]
[0, 1, 2, 5, 6, 4]
[0, 1, 2, 5, 6, 7, 3]
[0, 1, 2, 5, 6, 7, 4]
[0, 1, 2, 5, 6, 7, 3, 4]
failed -> 21 times
after fail n ======> 8
[0, 1, 2, 5, 7, 6, 4, 3]
0.058823529411764705 0.09090909090909091
itercount --------> 1
[1, 2, 6]
0.09090909090909091 0.2
itercount --------> 2
[0, 1, 2]
[0, 1, 5]
[0, 1, 6]
[0, 1, 7]
0.2 0.2222222222222222
itercount --------> 3
[6, 4, 0]
0.2222222222222222 0.25
itercount --------> 4
[6, 0, 3]
[6, 0, 4]
[6, 0, 7]
[6, 0, 1]
0.25 0.26666666666666666
itercount --------> 5
[6, 4, 7]
0.26666666666666666 0.3333333333333333
itercount --------> 6
[6, 3, 4]
[6, 3, 7]
[6, 3, 0]
[6, 3, 1]
0.3333333333333333 0.35714285714285715
itercount --------> 7
[6, 3, 4]
[6, 3, 7]
[6, 3, 0]
[6, 3, 1]
[6, 3, 2]
[6, 3, 5]
[6, 3, 4, 7]
[6, 3, 4, 0]
[6, 3, 4, 1]
[6, 3, 4, 2]
[6, 3, 4, 5]
[6, 3, 4, 7, 0]
[6, 3, 4, 7, 1]
[6, 3, 4, 7, 2]
[6, 3, 4, 7, 5]
[6, 3, 4, 7, 0, 1]
[6, 3, 4, 7, 0, 2]
0.35714285714285715 0.4
itercount --------> 8
[6, 4, 7]
[6, 4, 3]
[6, 4, 0]
[6, 4, 1]
[6, 4, 2]
[6, 4, 5]
[6, 4, 7, 3]
[6, 4, 7, 0]
0.4 0.5625
itercount --------> 9
[6, 7, 3]
[6, 7, 4]
[6, 7, 0]
0.5625 0.6666666666666666
itercount --------> 10
[3, 4, 0]
[3, 4, 1]
[3, 4, 2]
[3, 4, 5]
[3, 4, 6]
[3, 4, 7]
[3, 4, 0, 1]
[3, 4, 0, 2]
[3, 4, 0, 5]
[3, 4, 0, 6]
[3, 4, 0, 7]
[3, 4, 0, 1, 2]
[3, 4, 0, 1, 5]
[3, 4, 0, 1, 6]
[3, 4, 0, 1, 7]
[3, 4, 0, 1, 2, 5]
[3, 4, 0, 1, 2, 6]
[3, 4, 0, 1, 2, 7]
0.6666666666666666 0.7058823529411765
itercount --------> 11
[3, 4, 6]
[3, 4, 7]
[3, 4, 0]
[3, 4, 1]
[3, 4, 2]
[3, 4, 5]
[3, 4, 6, 7]
[3, 4, 6, 0]
[3, 4, 6, 1]
[3, 4, 6, 2]
[3, 4, 6, 5]
[3, 4, 6, 7, 0]
[3, 4, 6, 7, 1]
[3, 4, 6, 7, 2]
[3, 4, 6, 7, 5]
[3, 4, 6, 7, 0, 1]
[3, 4, 6, 7, 0, 2]
[3, 4, 6, 7, 0, 5]
[3, 4, 6, 7, 0, 1, 2]
[3, 4, 6, 7, 0, 1, 5]
[3, 4, 6, 7, 0, 1, 2, 5]
failed -> 22 times
after fail n ======> 5
[0, 1, 2, 5, 7]
0.058823529411764705 0.10144927536231885
itercount --------> 1
[0, 1, 5]
0.10144927536231885 0.30434782608695654
itercount --------> 2
[5, 2, 7]
0.30434782608695654 0.3333333333333333
itercount --------> 3
[0, 1, 2]
[0, 1, 5]
[0, 1, 7]
[0, 1, 6]
[0, 1, 4]
0.3333333333333333 0.375
itercount --------> 4
[0, 1, 2]
[0, 1, 5]
[0, 1, 6]
[0, 1, 7]
[0, 1, 4]
[0, 1, 3]
[0, 1, 2, 5]
[0, 1, 2, 6]
0.375 0.4375
itercount --------> 5
[0, 1, 2]
[0, 1, 5]
[0, 1, 4]
[0, 1, 7]
0.4375 0.5
itercount --------> 6
[0, 1, 2]
[0, 1, 5]
[0, 1, 7]
[0, 1, 4]
[0, 1, 6]
[0, 1, 3]
[0, 1, 2, 5]
[0, 1, 2, 7]
[0, 1, 2, 4]
[0, 1, 2, 6]
[0, 1, 2, 3]
0.5 0.5384615384615384
itercount --------> 7
[0, 1, 2]
[0, 1, 5]
[0, 1, 3]
[0, 1, 7]
[0, 1, 4]
[0, 1, 6]
[0, 1, 2, 5]
[0, 1, 2, 3]
[0, 1, 2, 7]
[0, 1, 2, 4]
[0, 1, 2, 6]
[0, 1, 2, 5, 3]
[0, 1, 2, 5, 7]
[0, 1, 2, 5, 4]
[0, 1, 2, 5, 6]
[0, 1, 2, 5, 3, 7]
0.5384615384615384 0.7142857142857143
itercount --------> 8
[7, 6, 3]
[7, 6, 4]
[7, 6, 0]
[7, 6, 1]
[7, 6, 2]
[7, 6, 5]
[7, 6, 3, 4]
[7, 6, 3, 0]
[7, 6, 3, 1]
[7, 6, 3, 2]
[7, 6, 3, 5]
[7, 6, 3, 4, 0]
[7, 6, 3, 4, 1]
[7, 6, 3, 4, 2]
[7, 6, 3, 4, 5]
[7, 6, 3, 4, 0, 1]
[7, 6, 3, 4, 0, 2]
[7, 6, 3, 4, 0, 5]
[7, 6, 3, 4, 0, 1, 2]
[7, 6, 3, 4, 0, 1, 5]
[7, 6, 3, 4, 0, 1, 2, 5]
failed -> 23 times
after fail n ======> 6
[0, 1, 2, 5, 7, 6]
0.058823529411764705 0.10144927536231885
itercount --------> 1
[5, 0, 2]
[5, 0, 1]
0.10144927536231885 0.16279069767441862
itercount --------> 2
[2, 5, 0]
[2, 5, 1]
[2, 5, 4]
0.16279069767441862 0.175
itercount --------> 3
[5, 2, 0]
0.175 0.20588235294117646
itercount --------> 4
[5, 2, 1]
0.20588235294117646 0.35
itercount --------> 5
[5, 6, 7]
0.35 0.4117647058823529
itercount --------> 6
[5, 0, 1]
[5, 0, 2]
0.4117647058823529 0.4375
itercount --------> 7
[0, 1, 2]
[0, 1, 5]
[0, 1, 7]
[0, 1, 4]
[0, 1, 6]
[0, 1, 3]
0.4375 0.5
itercount --------> 8
[0, 1, 2]
[0, 1, 5]
[0, 1, 7]
[0, 1, 3]
[0, 1, 4]
[0, 1, 6]
[0, 1, 2, 5]
[0, 1, 2, 7]
0.5 0.5384615384615384
itercount --------> 9
[0, 1, 2]
[0, 1, 5]
[0, 1, 3]
[0, 1, 7]
[0, 1, 4]
[0, 1, 6]
[0, 1, 2, 5]
[0, 1, 2, 3]
[0, 1, 2, 7]
[0, 1, 2, 4]
[0, 1, 2, 6]
[0, 1, 2, 5, 3]
[0, 1, 2, 5, 7]
[0, 1, 2, 5, 4]
[0, 1, 2, 5, 6]
[0, 1, 2, 5, 3, 7]
0.5384615384615384 0.7142857142857143
itercount --------> 10
[7, 6, 3]
[7, 6, 4]
[7, 6, 0]
[7, 6, 1]
[7, 6, 2]
[7, 6, 5]
[7, 6, 3, 4]
[7, 6, 3, 0]
[7, 6, 3, 1]
[7, 6, 3, 2]
[7, 6, 3, 5]
[7, 6, 3, 4, 0]
[7, 6, 3, 4, 1]
[7, 6, 3, 4, 2]
[7, 6, 3, 4, 5]
[7, 6, 3, 4, 0, 1]
[7, 6, 3, 4, 0, 2]
[7, 6, 3, 4, 0, 5]
[7, 6, 3, 4, 0, 1, 2]
[7, 6, 3, 4, 0, 1, 5]
[7, 6, 3, 4, 0, 1, 2, 5]
failed -> 24 times
after fail n ======> 7
[0, 1, 2, 5, 7, 6, 4]
0.058823529411764705 0.1111111111111111
itercount --------> 1
[0, 5, 1]
0.1111111111111111 0.2
itercount --------> 2
[0, 1, 2]
0.2 0.3333333333333333
itercount --------> 3
[0, 1, 2]
[0, 1, 5]
[0, 1, 7]
[0, 1, 6]
[0, 1, 4]
0.3333333333333333 0.375
itercount --------> 4
[0, 1, 2]
[0, 1, 5]
[0, 1, 6]
[0, 1, 7]
[0, 1, 4]
[0, 1, 3]
0.375 0.4
itercount --------> 5
[4, 6, 3]
[4, 6, 7]
0.4 0.4117647058823529
itercount --------> 6
[3, 0, 1]
[3, 0, 2]
0.4117647058823529 0.5
itercount --------> 7
[0, 1, 2]
[0, 1, 5]
[0, 1, 4]
0.5 0.5294117647058824
itercount --------> 8
[4, 0, 1]
[4, 0, 2]
[4, 0, 5]
[4, 0, 7]
[4, 0, 3]
[4, 0, 6]
0.5294117647058824 0.5333333333333333
itercount --------> 9
[4, 0, 1]
[4, 0, 2]
[4, 0, 5]
[4, 0, 3]
[4, 0, 6]
[4, 0, 7]
0.5333333333333333 0.5714285714285714
itercount --------> 10
[4, 0, 1]
[4, 0, 2]
[4, 0, 5]
0.5714285714285714 0.6
itercount --------> 11
[4, 6, 0]
[4, 6, 1]
0.6 0.6470588235294118
itercount --------> 12
[0, 1, 2]
[0, 1, 5]
[0, 1, 3]
[0, 1, 4]
[0, 1, 6]
[0, 1, 7]
[0, 1, 2, 5]
[0, 1, 2, 3]
[0, 1, 2, 4]
[0, 1, 2, 6]
0.6470588235294118 0.7333333333333333
itercount --------> 13
[3, 4, 0]
[3, 4, 1]
[3, 4, 2]
[3, 4, 5]
[3, 4, 6]
[3, 4, 7]
[3, 4, 0, 1]
[3, 4, 0, 2]
[3, 4, 0, 5]
[3, 4, 0, 6]
[3, 4, 0, 7]
[3, 4, 0, 1, 2]
[3, 4, 0, 1, 5]
[3, 4, 0, 1, 6]
[3, 4, 0, 1, 7]
0.7333333333333333 0.7857142857142857
itercount --------> 14
[3, 4, 6]
[3, 4, 0]
[3, 4, 1]
[3, 4, 2]
[3, 4, 5]
[3, 4, 7]
[3, 4, 6, 0]
[3, 4, 6, 1]
[3, 4, 6, 2]
[3, 4, 6, 5]
[3, 4, 6, 7]
[3, 4, 6, 0, 1]
[3, 4, 6, 0, 2]
[3, 4, 6, 0, 5]
[3, 4, 6, 0, 7]
[3, 4, 6, 0, 1, 2]
[3, 4, 6, 0, 1, 5]
[3, 4, 6, 0, 1, 7]
[3, 4, 6, 0, 1, 2, 5]
[3, 4, 6, 0, 1, 2, 7]
[3, 4, 6, 0, 1, 2, 5, 7]
failed -> 25 times
after fail n ======> 8
[0, 1, 2, 5, 7, 6, 4, 3]
0.058823529411764705 0.1111111111111111
itercount --------> 1
[1, 2, 0]
0.1111111111111111 0.2
itercount --------> 2
[2, 0, 1]
[2, 0, 5]
0.2 0.3333333333333333
itercount --------> 3
[0, 1, 2]
[0, 1, 5]
[0, 1, 3]
0.3333333333333333 0.375
itercount --------> 4
[0, 1, 2]
[0, 1, 5]
[0, 1, 3]
[0, 1, 7]
[0, 1, 4]
0.375 0.5714285714285714
itercount --------> 5
[0, 1, 2]
[0, 1, 5]
[0, 1, 6]
[0, 1, 7]
[0, 1, 3]
[0, 1, 4]
[0, 1, 2, 5]
[0, 1, 2, 6]
[0, 1, 2, 7]
[0, 1, 2, 3]
[0, 1, 2, 4]
[0, 1, 2, 5, 6]
[0, 1, 2, 5, 7]
[0, 1, 2, 5, 3]
[0, 1, 2, 5, 4]
[0, 1, 2, 5, 6, 7]
[0, 1, 2, 5, 6, 3]
[0, 1, 2, 5, 6, 4]
[0, 1, 2, 5, 6, 7, 3]
[0, 1, 2, 5, 6, 7, 4]
[0, 1, 2, 5, 6, 7, 3, 4]
failed -> 26 times
after fail n ======> 5
[0, 1, 2, 5, 7]
0.058823529411764705 0.1111111111111111
itercount --------> 1
[0, 1, 2]
0.1111111111111111 0.2
itercount --------> 2
[1, 0, 2]
0.2 0.3333333333333333
itercount --------> 3
[0, 1, 2]
[0, 1, 5]
[0, 1, 7]
[0, 1, 6]
[0, 1, 4]
0.3333333333333333 0.375
itercount --------> 4
[0, 1, 2]
[0, 1, 5]
[0, 1, 6]
[0, 1, 7]
[0, 1, 4]
[0, 1, 3]
0.375 0.4
itercount --------> 5
[4, 6, 3]
0.4 0.4666666666666667
itercount --------> 6
[3, 4, 6]
[3, 4, 7]
[3, 4, 0]
[3, 4, 1]
[3, 4, 2]
[3, 4, 5]
[3, 4, 6, 7]
0.4666666666666667 0.5714285714285714
itercount --------> 7
[0, 1, 2]
[0, 1, 5]
[0, 1, 6]
[0, 1, 7]
[0, 1, 3]
[0, 1, 4]
[0, 1, 2, 5]
[0, 1, 2, 6]
[0, 1, 2, 7]
[0, 1, 2, 3]
[0, 1, 2, 4]
[0, 1, 2, 5, 6]
[0, 1, 2, 5, 7]
[0, 1, 2, 5, 3]
[0, 1, 2, 5, 4]
[0, 1, 2, 5, 6, 7]
[0, 1, 2, 5, 6, 3]
[0, 1, 2, 5, 6, 4]
[0, 1, 2, 5, 6, 7, 3]
[0, 1, 2, 5, 6, 7, 4]
[0, 1, 2, 5, 6, 7, 3, 4]
failed -> 27 times
after fail n ======> 6
[0, 1, 2, 5, 7, 6]
0.058823529411764705 0.1111111111111111
itercount --------> 1
[0, 1, 2]
0.1111111111111111 0.2
itercount --------> 2
[1, 0, 2]
[1, 0, 5]
0.2 0.3333333333333333
itercount --------> 3
[0, 1, 2]
[0, 1, 5]
[0, 1, 7]
0.3333333333333333 0.3684210526315789
itercount --------> 4
[7, 6, 0]
0.3684210526315789 0.3888888888888889
itercount --------> 5
[0, 1, 2]
[0, 1, 5]
[0, 1, 4]
[0, 1, 7]
[0, 1, 6]
[0, 1, 3]
0.3888888888888889 0.4117647058823529
itercount --------> 6
[0, 1, 2]
[0, 1, 5]
[0, 1, 7]
[0, 1, 4]
0.4117647058823529 0.4375
itercount --------> 7
[0, 1, 2]
[0, 1, 5]
[0, 1, 7]
0.4375 0.4666666666666667
itercount --------> 8
[0, 1, 2]
[0, 1, 5]
[0, 1, 7]
[0, 1, 3]
[0, 1, 4]
[0, 1, 6]
[0, 1, 2, 5]
[0, 1, 2, 7]
[0, 1, 2, 3]
0.4666666666666667 0.5
itercount --------> 9
[0, 1, 2]
[0, 1, 5]
[0, 1, 3]
[0, 1, 7]
[0, 1, 4]
[0, 1, 6]
[0, 1, 2, 5]
[0, 1, 2, 3]
[0, 1, 2, 7]
[0, 1, 2, 4]
0.5 0.5384615384615384
itercount --------> 10
[0, 1, 2]
[0, 1, 5]
[0, 1, 3]
[0, 1, 7]
[0, 1, 4]
[0, 1, 6]
[0, 1, 2, 5]
[0, 1, 2, 3]
[0, 1, 2, 7]
[0, 1, 2, 4]
[0, 1, 2, 6]
[0, 1, 2, 5, 3]
[0, 1, 2, 5, 7]
[0, 1, 2, 5, 4]
[0, 1, 2, 5, 6]
[0, 1, 2, 5, 3, 7]
0.5384615384615384 0.7142857142857143
itercount --------> 11
[7, 6, 3]
[7, 6, 4]
[7, 6, 0]
[7, 6, 1]
[7, 6, 2]
[7, 6, 5]
[7, 6, 3, 4]
[7, 6, 3, 0]
[7, 6, 3, 1]
[7, 6, 3, 2]
[7, 6, 3, 5]
[7, 6, 3, 4, 0]
[7, 6, 3, 4, 1]
[7, 6, 3, 4, 2]
[7, 6, 3, 4, 5]
[7, 6, 3, 4, 0, 1]
[7, 6, 3, 4, 0, 2]
[7, 6, 3, 4, 0, 5]
[7, 6, 3, 4, 0, 1, 2]
[7, 6, 3, 4, 0, 1, 5]
[7, 6, 3, 4, 0, 1, 2, 5]
failed -> 28 times
after fail n ======> 7
[0, 1, 2, 5, 7, 6, 4]
0.058823529411764705 0.08333333333333333
itercount --------> 1
[1, 2, 5]
0.08333333333333333 0.1
itercount --------> 2
[1, 2, 0]
0.1 0.2222222222222222
itercount --------> 3
[6, 0, 1]
0.2222222222222222 0.23076923076923078
itercount --------> 4
[0, 1, 2]
0.23076923076923078 0.3333333333333333
itercount --------> 5
[1, 2, 5]
[1, 2, 6]
[1, 2, 0]
0.3333333333333333 0.42857142857142855
itercount --------> 6
[0, 1, 2]
[0, 1, 5]
[0, 1, 7]
[0, 1, 6]
0.42857142857142855 0.4375
itercount --------> 7
[0, 1, 2]
[0, 1, 5]
[0, 1, 4]
[0, 1, 7]
0.4375 0.5
itercount --------> 8
[0, 1, 2]
[0, 1, 5]
[0, 1, 7]
[0, 1, 4]
[0, 1, 6]
[0, 1, 3]
[0, 1, 2, 5]
[0, 1, 2, 7]
[0, 1, 2, 4]
[0, 1, 2, 6]
[0, 1, 2, 3]
0.5 0.5384615384615384
itercount --------> 9
[0, 1, 2]
[0, 1, 5]
[0, 1, 3]
[0, 1, 7]
[0, 1, 4]
[0, 1, 6]
[0, 1, 2, 5]
[0, 1, 2, 3]
[0, 1, 2, 7]
[0, 1, 2, 4]
[0, 1, 2, 6]
[0, 1, 2, 5, 3]
[0, 1, 2, 5, 7]
[0, 1, 2, 5, 4]
[0, 1, 2, 5, 6]
[0, 1, 2, 5, 3, 7]
[0, 1, 2, 5, 3, 4]
[0, 1, 2, 5, 3, 6]
[0, 1, 2, 5, 3, 7, 4]
0.5384615384615384 0.6666666666666666
itercount --------> 10
[7, 0, 1]
[7, 0, 6]
[7, 0, 3]
[7, 0, 2]
[7, 0, 4]
[7, 0, 5]
0.6666666666666666 0.7142857142857143
itercount --------> 11
[7, 6, 3]
[7, 6, 4]
[7, 6, 0]
[7, 6, 1]
[7, 6, 2]
[7, 6, 5]
[7, 6, 3, 4]
[7, 6, 3, 0]
[7, 6, 3, 1]
[7, 6, 3, 2]
[7, 6, 3, 5]
[7, 6, 3, 4, 0]
[7, 6, 3, 4, 1]
[7, 6, 3, 4, 2]
[7, 6, 3, 4, 5]
[7, 6, 3, 4, 0, 1]
[7, 6, 3, 4, 0, 2]
[7, 6, 3, 4, 0, 5]
[7, 6, 3, 4, 0, 1, 2]
[7, 6, 3, 4, 0, 1, 5]
[7, 6, 3, 4, 0, 1, 2, 5]
failed -> 29 times
after fail n ======> 8
[0, 1, 2, 5, 7, 6, 4, 3]
0.058823529411764705 0.1111111111111111
itercount --------> 1
[0, 1, 2]
0.1111111111111111 0.2
itercount --------> 2
[0, 1, 2]
0.2 0.3333333333333333
itercount --------> 3
[0, 1, 2]
[0, 1, 5]
[0, 1, 7]
[0, 1, 6]
[0, 1, 4]
0.3333333333333333 0.375
itercount --------> 4
[0, 1, 2]
[0, 1, 5]
[0, 1, 6]
[0, 1, 7]
[0, 1, 4]
[0, 1, 3]
0.375 0.4
itercount --------> 5
[4, 6, 3]
[4, 6, 7]
0.4 0.4117647058823529
itercount --------> 6
[3, 0, 1]
[3, 0, 2]
0.4117647058823529 0.5
itercount --------> 7
[0, 1, 2]
[0, 1, 5]
[0, 1, 4]
[0, 1, 3]
[0, 1, 7]
0.5 0.5714285714285714
itercount --------> 8
[0, 1, 2]
[0, 1, 5]
[0, 1, 3]
[0, 1, 7]
[0, 1, 4]
[0, 1, 6]
0.5714285714285714 0.6153846153846154
itercount --------> 9
[0, 1, 2]
[0, 1, 5]
[0, 1, 3]
[0, 1, 7]
[0, 1, 4]
[0, 1, 6]
[0, 1, 2, 5]
[0, 1, 2, 3]
[0, 1, 2, 7]
[0, 1, 2, 4]
[0, 1, 2, 6]
[0, 1, 2, 5, 3]
[0, 1, 2, 5, 7]
[0, 1, 2, 5, 4]
[0, 1, 2, 5, 6]
[0, 1, 2, 5, 3, 7]
[0, 1, 2, 5, 3, 4]
[0, 1, 2, 5, 3, 6]
[0, 1, 2, 5, 3, 7, 4]
[0, 1, 2, 5, 3, 7, 6]
0.6153846153846154 0.7058823529411765
itercount --------> 10
[3, 4, 6]
0.7058823529411765 0.7142857142857143
itercount --------> 11
[6, 3, 4]
[6, 3, 7]
[6, 3, 0]
[6, 3, 1]
[6, 3, 2]
[6, 3, 5]
[6, 3, 4, 7]
[6, 3, 4, 0]
[6, 3, 4, 1]
[6, 3, 4, 2]
[6, 3, 4, 5]
[6, 3, 4, 7, 0]
[6, 3, 4, 7, 1]
[6, 3, 4, 7, 2]
[6, 3, 4, 7, 5]
[6, 3, 4, 7, 0, 1]
[6, 3, 4, 7, 0, 2]
[6, 3, 4, 7, 0, 5]
[6, 3, 4, 7, 0, 1, 2]
[6, 3, 4, 7, 0, 1, 5]
[6, 3, 4, 7, 0, 1, 2, 5]
failed -> 30 times
after fail n ======> 5
[0, 1, 2, 5, 7]
0.058823529411764705 0.1111111111111111
itercount --------> 1
[2, 5, 0]
0.1111111111111111 0.3333333333333333
itercount --------> 2
[0, 1, 2]
[0, 1, 5]
[0, 1, 7]
[0, 1, 6]
[0, 1, 4]
[0, 1, 3]
[0, 1, 2, 5]
[0, 1, 2, 7]
0.3333333333333333 0.3684210526315789
itercount --------> 3
[7, 6, 0]
0.3684210526315789 0.391304347826087
itercount --------> 4
[0, 1, 2]
[0, 1, 5]
[0, 1, 4]
0.391304347826087 0.42857142857142855
itercount --------> 5
[0, 1, 2]
[0, 1, 5]
[0, 1, 4]
[0, 1, 7]
[0, 1, 3]
0.42857142857142855 0.5294117647058824
itercount --------> 6
[4, 0, 1]
[4, 0, 2]
[4, 0, 5]
[4, 0, 7]
0.5294117647058824 0.6470588235294118
itercount --------> 7
[0, 1, 2]
[0, 1, 5]
[0, 1, 3]
[0, 1, 4]
[0, 1, 6]
[0, 1, 7]
[0, 1, 2, 5]
[0, 1, 2, 3]
[0, 1, 2, 4]
[0, 1, 2, 6]
[0, 1, 2, 7]
[0, 1, 2, 5, 3]
[0, 1, 2, 5, 4]
[0, 1, 2, 5, 6]
[0, 1, 2, 5, 7]
[0, 1, 2, 5, 3, 4]
[0, 1, 2, 5, 3, 6]
[0, 1, 2, 5, 3, 7]
[0, 1, 2, 5, 3, 4, 6]
[0, 1, 2, 5, 3, 4, 7]
[0, 1, 2, 5, 3, 4, 6, 7]
failed -> 31 times
after fail n ======> 6
[0, 1, 2, 5, 7, 6]
0.058823529411764705 0.1111111111111111
itercount --------> 1
[1, 2, 0]
0.1111111111111111 0.2
itercount --------> 2
[0, 1, 2]
0.2 0.3333333333333333
itercount --------> 3
[0, 1, 2]
[0, 1, 5]
[0, 1, 7]
[0, 1, 6]
[0, 1, 4]
0.3333333333333333 0.375
itercount --------> 4
[0, 1, 2]
[0, 1, 5]
[0, 1, 6]
[0, 1, 7]
[0, 1, 4]
[0, 1, 3]
0.375 0.4
itercount --------> 5
[4, 6, 3]
0.4 0.5714285714285714
itercount --------> 6
[0, 1, 2]
[0, 1, 5]
[0, 1, 6]
[0, 1, 7]
[0, 1, 3]
[0, 1, 4]
[0, 1, 2, 5]
[0, 1, 2, 6]
[0, 1, 2, 7]
[0, 1, 2, 3]
[0, 1, 2, 4]
[0, 1, 2, 5, 6]
[0, 1, 2, 5, 7]
[0, 1, 2, 5, 3]
[0, 1, 2, 5, 4]
[0, 1, 2, 5, 6, 7]
[0, 1, 2, 5, 6, 3]
[0, 1, 2, 5, 6, 4]
[0, 1, 2, 5, 6, 7, 3]
[0, 1, 2, 5, 6, 7, 4]
[0, 1, 2, 5, 6, 7, 3, 4]
failed -> 32 times
after fail n ======> 7
[0, 1, 2, 5, 7, 6, 4]
0.058823529411764705 0.06976744186046512
itercount --------> 1
[0, 1, 5]
0.06976744186046512 0.13043478260869565
itercount --------> 2
[5, 2, 0]
0.13043478260869565 0.23076923076923078
itercount --------> 3
[0, 1, 2]
0.23076923076923078 0.375
itercount --------> 4
[0, 1, 2]
[0, 1, 5]
[0, 1, 6]
[0, 1, 7]
[0, 1, 4]
[0, 1, 3]
0.375 0.4
itercount --------> 5
[4, 6, 3]
0.4 0.4666666666666667
itercount --------> 6
[3, 4, 6]
0.4666666666666667 0.5714285714285714
itercount --------> 7
[0, 1, 2]
[0, 1, 5]
[0, 1, 6]
[0, 1, 7]
[0, 1, 3]
[0, 1, 4]
[0, 1, 2, 5]
[0, 1, 2, 6]
[0, 1, 2, 7]
[0, 1, 2, 3]
[0, 1, 2, 4]
[0, 1, 2, 5, 6]
[0, 1, 2, 5, 7]
[0, 1, 2, 5, 3]
[0, 1, 2, 5, 4]
[0, 1, 2, 5, 6, 7]
[0, 1, 2, 5, 6, 3]
[0, 1, 2, 5, 6, 4]
[0, 1, 2, 5, 6, 7, 3]
[0, 1, 2, 5, 6, 7, 4]
[0, 1, 2, 5, 6, 7, 3, 4]
failed -> 33 times
after fail n ======> 8
[0, 1, 2, 5, 7, 6, 4, 3]
0.058823529411764705 0.06060606060606061
itercount --------> 1
[0, 1, 2]
0.06060606060606061 0.2222222222222222
itercount --------> 2
[5, 0, 1]
0.2222222222222222 0.4
itercount --------> 3
[0, 1, 2]
[0, 1, 5]
[0, 1, 4]
[0, 1, 7]
0.4 0.5
itercount --------> 4
[0, 1, 2]
[0, 1, 5]
[0, 1, 7]
[0, 1, 4]
[0, 1, 3]
[0, 1, 6]
[0, 1, 2, 5]
[0, 1, 2, 7]
[0, 1, 2, 4]
[0, 1, 2, 3]
[0, 1, 2, 6]
[0, 1, 2, 5, 7]
[0, 1, 2, 5, 4]
[0, 1, 2, 5, 3]
[0, 1, 2, 5, 6]
[0, 1, 2, 5, 7, 4]
[0, 1, 2, 5, 7, 3]
0.5 0.6666666666666666
itercount --------> 5
[0, 1, 2]
[0, 1, 3]
[0, 1, 4]
[0, 1, 5]
[0, 1, 6]
[0, 1, 7]
[0, 1, 2, 3]
[0, 1, 2, 4]
[0, 1, 2, 5]
[0, 1, 2, 6]
[0, 1, 2, 7]
[0, 1, 2, 3, 4]
[0, 1, 2, 3, 5]
[0, 1, 2, 3, 6]
[0, 1, 2, 3, 7]
[0, 1, 2, 3, 4, 5]
[0, 1, 2, 3, 4, 6]
[0, 1, 2, 3, 4, 7]
[0, 1, 2, 3, 4, 5, 6]
[0, 1, 2, 3, 4, 5, 7]
[0, 1, 2, 3, 4, 5, 6, 7]
failed -> 34 times
after fail n ======> 5
[0, 1, 2, 5, 7]
0.058823529411764705 0.08108108108108109
itercount --------> 1
[5, 2, 0]
0.08108108108108109 0.13043478260869565
itercount --------> 2
[2, 5, 0]
0.13043478260869565 0.1875
itercount --------> 3
[0, 1, 2]
[0, 1, 5]
[0, 1, 7]
[0, 1, 6]
0.1875 0.2777777777777778
itercount --------> 4
[1, 7, 4]
0.2777777777777778 0.3333333333333333
itercount --------> 5
[7, 1, 6]
0.3333333333333333 0.5
itercount --------> 6
[6, 7, 3]
[6, 7, 4]
[6, 7, 0]
[6, 7, 1]
[6, 7, 2]
[6, 7, 5]
[6, 7, 3, 4]
[6, 7, 3, 0]
[6, 7, 3, 1]
[6, 7, 3, 2]
[6, 7, 3, 5]
[6, 7, 3, 4, 0]
[6, 7, 3, 4, 1]
[6, 7, 3, 4, 2]
[6, 7, 3, 4, 5]
[6, 7, 3, 4, 0, 1]
[6, 7, 3, 4, 0, 2]
[6, 7, 3, 4, 0, 5]
[6, 7, 3, 4, 0, 1, 2]
[6, 7, 3, 4, 0, 1, 5]
[6, 7, 3, 4, 0, 1, 2, 5]
failed -> 35 times
after fail n ======> 6
[0, 1, 2, 5, 7, 6]
0.058823529411764705 0.1111111111111111
itercount --------> 1
[1, 5, 0]
0.1111111111111111 0.3333333333333333
itercount --------> 2
[0, 1, 2]
[0, 1, 5]
[0, 1, 7]
[0, 1, 6]
[0, 1, 4]
0.3333333333333333 0.375
itercount --------> 3
[0, 1, 2]
[0, 1, 5]
[0, 1, 6]
0.375 0.4375
itercount --------> 4
[0, 1, 2]
[0, 1, 5]
[0, 1, 4]
[0, 1, 7]
[0, 1, 6]
[0, 1, 3]
[0, 1, 2, 5]
[0, 1, 2, 4]
[0, 1, 2, 7]
0.4375 0.5
itercount --------> 5
[0, 1, 2]
[0, 1, 5]
[0, 1, 7]
[0, 1, 4]
[0, 1, 6]
[0, 1, 3]
[0, 1, 2, 5]
[0, 1, 2, 7]
[0, 1, 2, 4]
[0, 1, 2, 6]
[0, 1, 2, 3]
[0, 1, 2, 5, 7]
[0, 1, 2, 5, 4]
[0, 1, 2, 5, 6]
[0, 1, 2, 5, 3]
0.5 0.5384615384615384
itercount --------> 6
[0, 1, 2]
[0, 1, 5]
[0, 1, 3]
[0, 1, 7]
[0, 1, 4]
[0, 1, 6]
[0, 1, 2, 5]
[0, 1, 2, 3]
[0, 1, 2, 7]
[0, 1, 2, 4]
[0, 1, 2, 6]
[0, 1, 2, 5, 3]
[0, 1, 2, 5, 7]
[0, 1, 2, 5, 4]
[0, 1, 2, 5, 6]
[0, 1, 2, 5, 3, 7]
0.5384615384615384 0.7142857142857143
itercount --------> 7
[7, 6, 3]
[7, 6, 4]
[7, 6, 0]
[7, 6, 1]
[7, 6, 2]
[7, 6, 5]
[7, 6, 3, 4]
[7, 6, 3, 0]
[7, 6, 3, 1]
[7, 6, 3, 2]
[7, 6, 3, 5]
[7, 6, 3, 4, 0]
[7, 6, 3, 4, 1]
[7, 6, 3, 4, 2]
[7, 6, 3, 4, 5]
[7, 6, 3, 4, 0, 1]
[7, 6, 3, 4, 0, 2]
[7, 6, 3, 4, 0, 5]
[7, 6, 3, 4, 0, 1, 2]
[7, 6, 3, 4, 0, 1, 5]
[7, 6, 3, 4, 0, 1, 2, 5]
failed -> 36 times
after fail n ======> 7
[0, 1, 2, 5, 7, 6, 4]
0.058823529411764705 0.1111111111111111
itercount --------> 1
[0, 5, 1]
0.1111111111111111 0.3333333333333333
itercount --------> 2
[0, 1, 2]
[0, 1, 5]
[0, 1, 7]
0.3333333333333333 0.3684210526315789
itercount --------> 3
[7, 6, 0]
0.3684210526315789 0.3888888888888889
itercount --------> 4
[0, 1, 2]
[0, 1, 5]
[0, 1, 4]
0.3888888888888889 0.4375
itercount --------> 5
[0, 1, 2]
[0, 1, 5]
[0, 1, 4]
[0, 1, 7]
0.4375 0.5
itercount --------> 6
[0, 1, 2]
[0, 1, 5]
[0, 1, 7]
[0, 1, 4]
[0, 1, 6]
[0, 1, 3]
[0, 1, 2, 5]
[0, 1, 2, 7]
[0, 1, 2, 4]
[0, 1, 2, 6]
[0, 1, 2, 3]
[0, 1, 2, 5, 7]
[0, 1, 2, 5, 4]
[0, 1, 2, 5, 6]
[0, 1, 2, 5, 3]
0.5 0.5384615384615384
itercount --------> 7
[0, 1, 2]
[0, 1, 5]
[0, 1, 3]
[0, 1, 7]
[0, 1, 4]
[0, 1, 6]
[0, 1, 2, 5]
[0, 1, 2, 3]
[0, 1, 2, 7]
[0, 1, 2, 4]
[0, 1, 2, 6]
[0, 1, 2, 5, 3]
[0, 1, 2, 5, 7]
[0, 1, 2, 5, 4]
[0, 1, 2, 5, 6]
[0, 1, 2, 5, 3, 7]
0.5384615384615384 0.7142857142857143
itercount --------> 8
[7, 6, 3]
[7, 6, 4]
[7, 6, 0]
[7, 6, 1]
[7, 6, 2]
[7, 6, 5]
[7, 6, 3, 4]
[7, 6, 3, 0]
[7, 6, 3, 1]
[7, 6, 3, 2]
[7, 6, 3, 5]
[7, 6, 3, 4, 0]
[7, 6, 3, 4, 1]
[7, 6, 3, 4, 2]
[7, 6, 3, 4, 5]
[7, 6, 3, 4, 0, 1]
[7, 6, 3, 4, 0, 2]
[7, 6, 3, 4, 0, 5]
[7, 6, 3, 4, 0, 1, 2]
[7, 6, 3, 4, 0, 1, 5]
[7, 6, 3, 4, 0, 1, 2, 5]
failed -> 37 times
after fail n ======> 8
[0, 1, 2, 5, 7, 6, 4, 3]
0.058823529411764705 0.1111111111111111
itercount --------> 1
[0, 2, 1]
0.1111111111111111 0.2
itercount --------> 2
[2, 0, 1]
0.2 0.3333333333333333
itercount --------> 3
[0, 1, 2]
[0, 1, 5]
[0, 1, 7]
[0, 1, 6]
[0, 1, 4]
0.3333333333333333 0.375
itercount --------> 4
[0, 1, 2]
[0, 1, 5]
[0, 1, 6]
[0, 1, 7]
[0, 1, 4]
[0, 1, 3]
0.375 0.4
itercount --------> 5
[4, 6, 3]
[4, 6, 7]
0.4 0.4117647058823529
itercount --------> 6
[3, 0, 1]
[3, 0, 2]
0.4117647058823529 0.5
itercount --------> 7
[0, 1, 2]
[0, 1, 5]
[0, 1, 4]
0.5 0.5294117647058824
itercount --------> 8
[4, 0, 1]
[4, 0, 2]
[4, 0, 5]
[4, 0, 7]
0.5294117647058824 0.6470588235294118
itercount --------> 9
[0, 1, 2]
[0, 1, 5]
[0, 1, 3]
[0, 1, 4]
[0, 1, 6]
[0, 1, 7]
[0, 1, 2, 5]
[0, 1, 2, 3]
[0, 1, 2, 4]
[0, 1, 2, 6]
[0, 1, 2, 7]
[0, 1, 2, 5, 3]
[0, 1, 2, 5, 4]
[0, 1, 2, 5, 6]
[0, 1, 2, 5, 7]
[0, 1, 2, 5, 3, 4]
[0, 1, 2, 5, 3, 6]
[0, 1, 2, 5, 3, 7]
[0, 1, 2, 5, 3, 4, 6]
[0, 1, 2, 5, 3, 4, 7]
[0, 1, 2, 5, 3, 4, 6, 7]
failed -> 38 times
after fail n ======> 5
[0, 1, 2, 5, 7]
0.058823529411764705 0.09090909090909091
itercount --------> 1
[0, 1, 2]
0.09090909090909091 0.1891891891891892
itercount --------> 2
[1, 0, 2]
0.1891891891891892 0.3333333333333333
itercount --------> 3
[0, 6, 4]
[0, 6, 7]
0.3333333333333333 0.391304347826087
itercount --------> 4
[0, 1, 2]
[0, 1, 5]
[0, 1, 4]
0.391304347826087 0.4
itercount --------> 5
[0, 1, 2]
[0, 1, 5]
[0, 1, 4]
[0, 1, 7]
0.4 0.5
itercount --------> 6
[0, 1, 2]
[0, 1, 5]
[0, 1, 7]
[0, 1, 4]
[0, 1, 3]
[0, 1, 6]
[0, 1, 2, 5]
[0, 1, 2, 7]
[0, 1, 2, 4]
[0, 1, 2, 3]
[0, 1, 2, 6]
[0, 1, 2, 5, 7]
[0, 1, 2, 5, 4]
[0, 1, 2, 5, 3]
[0, 1, 2, 5, 6]
[0, 1, 2, 5, 7, 4]
[0, 1, 2, 5, 7, 3]
0.5 0.6666666666666666
itercount --------> 7
[0, 1, 2]
[0, 1, 3]
[0, 1, 4]
[0, 1, 5]
[0, 1, 6]
[0, 1, 7]
[0, 1, 2, 3]
[0, 1, 2, 4]
[0, 1, 2, 5]
[0, 1, 2, 6]
[0, 1, 2, 7]
[0, 1, 2, 3, 4]
[0, 1, 2, 3, 5]
[0, 1, 2, 3, 6]
[0, 1, 2, 3, 7]
[0, 1, 2, 3, 4, 5]
[0, 1, 2, 3, 4, 6]
[0, 1, 2, 3, 4, 7]
[0, 1, 2, 3, 4, 5, 6]
[0, 1, 2, 3, 4, 5, 7]
[0, 1, 2, 3, 4, 5, 6, 7]
failed -> 39 times
after fail n ======> 6
[0, 1, 2, 5, 7, 6]
0.058823529411764705 0.09090909090909091
itercount --------> 1
[0, 5, 6]
0.09090909090909091 0.2
itercount --------> 2
[0, 1, 2]
[0, 1, 5]
[0, 1, 6]
[0, 1, 7]
0.2 0.2222222222222222
itercount --------> 3
[6, 4, 0]
[6, 4, 7]
0.2222222222222222 0.23529411764705882
itercount --------> 4
[6, 0, 7]
0.23529411764705882 0.25
itercount --------> 5
[0, 1, 2]
[0, 1, 5]
[0, 1, 6]
[0, 1, 4]
[0, 1, 7]
0.25 0.2857142857142857
itercount --------> 6
[0, 1, 2]
[0, 1, 5]
[0, 1, 6]
[0, 1, 7]
[0, 1, 4]
[0, 1, 3]
[0, 1, 2, 5]
[0, 1, 2, 6]
[0, 1, 2, 7]
[0, 1, 2, 4]
[0, 1, 2, 3]
[0, 1, 2, 5, 6]
[0, 1, 2, 5, 7]
[0, 1, 2, 5, 4]
[0, 1, 2, 5, 3]
[0, 1, 2, 5, 6, 7]
[0, 1, 2, 5, 6, 4]
[0, 1, 2, 5, 6, 3]
[0, 1, 2, 5, 6, 7, 4]
[0, 1, 2, 5, 6, 7, 3]
0.2857142857142857 0.3125
itercount --------> 7
[6, 3, 4]
[6, 3, 7]
[6, 3, 0]
[6, 3, 1]
[6, 3, 2]
[6, 3, 5]
[6, 3, 4, 7]
[6, 3, 4, 0]
[6, 3, 4, 1]
[6, 3, 4, 2]
[6, 3, 4, 5]
[6, 3, 4, 7, 0]
[6, 3, 4, 7, 1]
[6, 3, 4, 7, 2]
[6, 3, 4, 7, 5]
[6, 3, 4, 7, 0, 1]
[6, 3, 4, 7, 0, 2]
[6, 3, 4, 7, 0, 5]
[6, 3, 4, 7, 0, 1, 2]
[6, 3, 4, 7, 0, 1, 5]
[6, 3, 4, 7, 0, 1, 2, 5]
failed -> 40 times
after fail n ======> 7
[0, 1, 2, 5, 7, 6, 4]
0.058823529411764705 0.06976744186046512
itercount --------> 1
[1, 2, 5]
[1, 2, 0]
0.06976744186046512 0.23076923076923078
itercount --------> 2
[5, 0, 1]
0.23076923076923078 0.375
itercount --------> 3
[0, 1, 2]
[0, 1, 5]
[0, 1, 6]
0.375 0.4375
itercount --------> 4
[0, 1, 2]
[0, 1, 5]
[0, 1, 4]
[0, 1, 7]
0.4375 0.5
itercount --------> 5
[0, 1, 2]
[0, 1, 5]
[0, 1, 7]
[0, 1, 4]
[0, 1, 6]
[0, 1, 3]
[0, 1, 2, 5]
[0, 1, 2, 7]
[0, 1, 2, 4]
[0, 1, 2, 6]
[0, 1, 2, 3]
0.5 0.5384615384615384
itercount --------> 6
[0, 1, 2]
[0, 1, 5]
[0, 1, 3]
[0, 1, 7]
[0, 1, 4]
[0, 1, 6]
[0, 1, 2, 5]
[0, 1, 2, 3]
[0, 1, 2, 7]
[0, 1, 2, 4]
[0, 1, 2, 6]
[0, 1, 2, 5, 3]
[0, 1, 2, 5, 7]
[0, 1, 2, 5, 4]
[0, 1, 2, 5, 6]
[0, 1, 2, 5, 3, 7]
0.5384615384615384 0.7142857142857143
itercount --------> 7
[7, 6, 3]
[7, 6, 4]
[7, 6, 0]
[7, 6, 1]
[7, 6, 2]
[7, 6, 5]
[7, 6, 3, 4]
[7, 6, 3, 0]
[7, 6, 3, 1]
[7, 6, 3, 2]
[7, 6, 3, 5]
[7, 6, 3, 4, 0]
[7, 6, 3, 4, 1]
[7, 6, 3, 4, 2]
[7, 6, 3, 4, 5]
[7, 6, 3, 4, 0, 1]
[7, 6, 3, 4, 0, 2]
[7, 6, 3, 4, 0, 5]
[7, 6, 3, 4, 0, 1, 2]
[7, 6, 3, 4, 0, 1, 5]
[7, 6, 3, 4, 0, 1, 2, 5]
failed -> 41 times
after fail n ======> 8
[0, 1, 2, 5, 7, 6, 4, 3]
0.058823529411764705 0.1111111111111111
itercount --------> 1
[1, 2, 0]
0.1111111111111111 0.14285714285714285
itercount --------> 2
[0, 1, 7]
0.14285714285714285 0.2
itercount --------> 3
[0, 1, 2]
0.2 0.3333333333333333
itercount --------> 4
[0, 1, 2]
[0, 1, 5]
[0, 1, 7]
[0, 1, 6]
[0, 1, 4]
[0, 1, 3]
[0, 1, 2, 5]
[0, 1, 2, 7]
0.3333333333333333 0.3684210526315789
itercount --------> 5
[7, 6, 0]
0.3684210526315789 0.375
itercount --------> 6
[0, 1, 2]
[0, 1, 5]
[0, 1, 7]
[0, 1, 6]
0.375 0.3888888888888889
itercount --------> 7
[1, 4, 7]
0.3888888888888889 0.4117647058823529
itercount --------> 8
[1, 7, 4]
0.4117647058823529 0.5
itercount --------> 9
[1, 7, 6]
[1, 7, 0]
[1, 7, 2]
[1, 7, 5]
0.5 0.6
itercount --------> 10
[0, 1, 2]
[0, 1, 5]
[0, 1, 6]
[0, 1, 3]
[0, 1, 4]
[0, 1, 7]
[0, 1, 2, 5]
[0, 1, 2, 6]
[0, 1, 2, 3]
0.6 0.6428571428571429
itercount --------> 11
[0, 1, 2]
[0, 1, 5]
[0, 1, 6]
[0, 1, 3]
[0, 1, 7]
[0, 1, 4]
[0, 1, 2, 5]
[0, 1, 2, 6]
[0, 1, 2, 3]
[0, 1, 2, 7]
[0, 1, 2, 4]
0.6428571428571429 0.6923076923076923
itercount --------> 12
[0, 1, 2]
[0, 1, 5]
[0, 1, 6]
[0, 1, 3]
[0, 1, 4]
[0, 1, 7]
[0, 1, 2, 5]
[0, 1, 2, 6]
[0, 1, 2, 3]
[0, 1, 2, 4]
[0, 1, 2, 7]
[0, 1, 2, 5, 6]
[0, 1, 2, 5, 3]
[0, 1, 2, 5, 4]
[0, 1, 2, 5, 7]
[0, 1, 2, 5, 6, 3]
[0, 1, 2, 5, 6, 4]
[0, 1, 2, 5, 6, 7]
0.6923076923076923 0.7333333333333333
itercount --------> 13
[0, 1, 2]
[0, 1, 5]
[0, 1, 3]
[0, 1, 4]
[0, 1, 6]
[0, 1, 7]
[0, 1, 2, 5]
[0, 1, 2, 3]
[0, 1, 2, 4]
[0, 1, 2, 6]
[0, 1, 2, 7]
[0, 1, 2, 5, 3]
[0, 1, 2, 5, 4]
[0, 1, 2, 5, 6]
0.7333333333333333 0.7857142857142857
itercount --------> 14
[3, 4, 6]
[3, 4, 0]
[3, 4, 1]
[3, 4, 2]
[3, 4, 5]
[3, 4, 7]
[3, 4, 6, 0]
[3, 4, 6, 1]
[3, 4, 6, 2]
[3, 4, 6, 5]
[3, 4, 6, 7]
[3, 4, 6, 0, 1]
[3, 4, 6, 0, 2]
[3, 4, 6, 0, 5]
[3, 4, 6, 0, 7]
[3, 4, 6, 0, 1, 2]
[3, 4, 6, 0, 1, 5]
[3, 4, 6, 0, 1, 7]
[3, 4, 6, 0, 1, 2, 5]
[3, 4, 6, 0, 1, 2, 7]
[3, 4, 6, 0, 1, 2, 5, 7]
failed -> 42 times
after fail n ======> 5
[0, 1, 2, 5, 7]
0.058823529411764705 0.09090909090909091
itercount --------> 1
[0, 5, 1]
0.09090909090909091 0.1891891891891892
itercount --------> 2
[0, 1, 2]
0.1891891891891892 0.30434782608695654
itercount --------> 3
[0, 5, 7]
0.30434782608695654 0.3333333333333333
itercount --------> 4
[0, 1, 2]
[0, 1, 5]
0.3333333333333333 0.375
itercount --------> 5
[0, 1, 2]
[0, 1, 5]
[0, 1, 7]
[0, 1, 6]
0.375 0.3888888888888889
itercount --------> 6
[0, 1, 2]
[0, 1, 5]
[0, 1, 4]
0.3888888888888889 0.4117647058823529
itercount --------> 7
[0, 1, 2]
[0, 1, 5]
[0, 1, 4]
[0, 1, 7]
0.4117647058823529 0.4666666666666667
itercount --------> 8
[0, 1, 2]
[0, 1, 5]
[0, 1, 7]
[0, 1, 4]
0.4666666666666667 0.5
itercount --------> 9
[0, 1, 2]
[0, 1, 5]
[0, 1, 7]
[0, 1, 4]
[0, 1, 6]
[0, 1, 3]
[0, 1, 2, 5]
[0, 1, 2, 7]
[0, 1, 2, 4]
[0, 1, 2, 6]
[0, 1, 2, 3]
0.5 0.5384615384615384
itercount --------> 10
[0, 1, 2]
[0, 1, 5]
[0, 1, 3]
[0, 1, 7]
[0, 1, 4]
[0, 1, 6]
[0, 1, 2, 5]
[0, 1, 2, 3]
[0, 1, 2, 7]
[0, 1, 2, 4]
[0, 1, 2, 6]
[0, 1, 2, 5, 3]
[0, 1, 2, 5, 7]
[0, 1, 2, 5, 4]
[0, 1, 2, 5, 6]
[0, 1, 2, 5, 3, 7]
0.5384615384615384 0.7142857142857143
itercount --------> 11
[7, 6, 3]
[7, 6, 4]
[7, 6, 0]
[7, 6, 1]
[7, 6, 2]
[7, 6, 5]
[7, 6, 3, 4]
[7, 6, 3, 0]
[7, 6, 3, 1]
[7, 6, 3, 2]
[7, 6, 3, 5]
[7, 6, 3, 4, 0]
[7, 6, 3, 4, 1]
[7, 6, 3, 4, 2]
[7, 6, 3, 4, 5]
[7, 6, 3, 4, 0, 1]
[7, 6, 3, 4, 0, 2]
[7, 6, 3, 4, 0, 5]
[7, 6, 3, 4, 0, 1, 2]
[7, 6, 3, 4, 0, 1, 5]
[7, 6, 3, 4, 0, 1, 2, 5]
failed -> 43 times
after fail n ======> 6
[0, 1, 2, 5, 7, 6]
0.058823529411764705 0.1111111111111111
itercount --------> 1
[1, 5, 0]
0.1111111111111111 0.2
itercount --------> 2
[1, 0, 2]
0.2 0.3333333333333333
itercount --------> 3
[0, 1, 2]
[0, 1, 5]
[0, 1, 7]
[0, 1, 6]
[0, 1, 4]
0.3333333333333333 0.375
itercount --------> 4
[0, 1, 2]
[0, 1, 5]
[0, 1, 6]
[0, 1, 7]
[0, 1, 4]
[0, 1, 3]
0.375 0.4
itercount --------> 5
[4, 6, 3]
[4, 6, 7]
[4, 6, 0]
[4, 6, 1]
[4, 6, 2]
[4, 6, 5]
[4, 6, 3, 7]
0.4 0.42857142857142855
itercount --------> 6
[0, 1, 2]
[0, 1, 5]
[0, 1, 4]
[0, 1, 6]
0.42857142857142855 0.5
itercount --------> 7
[7, 6, 4]
[7, 6, 3]
0.5 0.5625
itercount --------> 8
[7, 6, 3]
[7, 6, 4]
0.5625 0.6666666666666666
itercount --------> 9
[3, 4, 0]
[3, 4, 1]
[3, 4, 2]
[3, 4, 5]
[3, 4, 6]
[3, 4, 7]
[3, 4, 0, 1]
[3, 4, 0, 2]
[3, 4, 0, 5]
[3, 4, 0, 6]
[3, 4, 0, 7]
[3, 4, 0, 1, 2]
[3, 4, 0, 1, 5]
[3, 4, 0, 1, 6]
[3, 4, 0, 1, 7]
[3, 4, 0, 1, 2, 5]
[3, 4, 0, 1, 2, 6]
[3, 4, 0, 1, 2, 7]
[3, 4, 0, 1, 2, 5, 6]
[3, 4, 0, 1, 2, 5, 7]
[3, 4, 0, 1, 2, 5, 6, 7]
failed -> 44 times
after fail n ======> 7
[0, 1, 2, 5, 7, 6, 4]
0.058823529411764705 0.06976744186046512
itercount --------> 1
[0, 1, 2]
0.06976744186046512 0.13043478260869565
itercount --------> 2
[2, 5, 0]
0.13043478260869565 0.375
itercount --------> 3
[0, 1, 2]
[0, 1, 5]
[0, 1, 6]
[0, 1, 7]
[0, 1, 4]
[0, 1, 3]
[0, 1, 2, 5]
[0, 1, 2, 6]
0.375 0.4375
itercount --------> 4
[0, 1, 2]
[0, 1, 5]
[0, 1, 4]
[0, 1, 7]
0.4375 0.5
itercount --------> 5
[0, 1, 2]
[0, 1, 5]
[0, 1, 7]
[0, 1, 4]
[0, 1, 6]
[0, 1, 3]
[0, 1, 2, 5]
[0, 1, 2, 7]
[0, 1, 2, 4]
[0, 1, 2, 6]
[0, 1, 2, 3]
[0, 1, 2, 5, 7]
[0, 1, 2, 5, 4]
[0, 1, 2, 5, 6]
[0, 1, 2, 5, 3]
[0, 1, 2, 5, 7, 4]
[0, 1, 2, 5, 7, 6]
[0, 1, 2, 5, 7, 3]
0.5 0.6666666666666666
itercount --------> 6
[7, 6, 0]
0.6666666666666666 0.7058823529411765
itercount --------> 7
[3, 4, 6]
0.7058823529411765 0.7142857142857143
itercount --------> 8
[6, 4, 3]
[6, 4, 7]
[6, 4, 0]
[6, 4, 1]
[6, 4, 2]
[6, 4, 5]
[6, 4, 3, 7]
[6, 4, 3, 0]
[6, 4, 3, 1]
[6, 4, 3, 2]
[6, 4, 3, 5]
[6, 4, 3, 7, 0]
[6, 4, 3, 7, 1]
[6, 4, 3, 7, 2]
[6, 4, 3, 7, 5]
[6, 4, 3, 7, 0, 1]
[6, 4, 3, 7, 0, 2]
[6, 4, 3, 7, 0, 5]
[6, 4, 3, 7, 0, 1, 2]
[6, 4, 3, 7, 0, 1, 5]
[6, 4, 3, 7, 0, 1, 2, 5]
failed -> 45 times
after fail n ======> 8
[0, 1, 2, 5, 7, 6, 4, 3]
0.058823529411764705 0.1111111111111111
itercount --------> 1
[0, 1, 2]
0.1111111111111111 0.2
itercount --------> 2
[0, 1, 2]
0.2 0.3333333333333333
itercount --------> 3
[0, 1, 2]
[0, 1, 5]
[0, 1, 7]
[0, 1, 6]
[0, 1, 4]
0.3333333333333333 0.375
itercount --------> 4
[0, 1, 2]
[0, 1, 5]
[0, 1, 6]
[0, 1, 7]
[0, 1, 4]
[0, 1, 3]
0.375 0.4
itercount --------> 5
[4, 6, 3]
0.4 0.4666666666666667
itercount --------> 6
[3, 4, 6]
0.4666666666666667 0.5714285714285714
itercount --------> 7
[0, 1, 2]
[0, 1, 5]
[0, 1, 6]
[0, 1, 7]
[0, 1, 3]
[0, 1, 4]
[0, 1, 2, 5]
[0, 1, 2, 6]
[0, 1, 2, 7]
[0, 1, 2, 3]
[0, 1, 2, 4]
[0, 1, 2, 5, 6]
[0, 1, 2, 5, 7]
[0, 1, 2, 5, 3]
[0, 1, 2, 5, 4]
[0, 1, 2, 5, 6, 7]
[0, 1, 2, 5, 6, 3]
[0, 1, 2, 5, 6, 4]
[0, 1, 2, 5, 6, 7, 3]
[0, 1, 2, 5, 6, 7, 4]
[0, 1, 2, 5, 6, 7, 3, 4]
failed -> 46 times
after fail n ======> 5
[0, 1, 2, 5, 7]
0.058823529411764705 0.10144927536231885
itercount --------> 1
[0, 1, 2]
0.10144927536231885 0.1891891891891892
itercount --------> 2
[2, 0, 1]
[2, 0, 5]
0.1891891891891892 0.3333333333333333
itercount --------> 3
[2, 6, 4]
[2, 6, 7]
[2, 6, 0]
0.3333333333333333 0.3684210526315789
itercount --------> 4
[7, 6, 0]
[7, 6, 1]
0.3684210526315789 0.375
itercount --------> 5
[0, 1, 2]
[0, 1, 5]
[0, 1, 7]
[0, 1, 6]
[0, 1, 4]
0.375 0.42857142857142855
itercount --------> 6
[0, 1, 2]
[0, 1, 5]
[0, 1, 7]
[0, 1, 6]
[0, 1, 4]
[0, 1, 3]
[0, 1, 2, 5]
[0, 1, 2, 7]
[0, 1, 2, 6]
0.42857142857142855 0.5
itercount --------> 7
[0, 1, 2]
[0, 1, 5]
[0, 1, 4]
[0, 1, 6]
[0, 1, 7]
[0, 1, 3]
[0, 1, 2, 5]
[0, 1, 2, 4]
[0, 1, 2, 6]
[0, 1, 2, 7]
[0, 1, 2, 3]
[0, 1, 2, 5, 4]
[0, 1, 2, 5, 6]
[0, 1, 2, 5, 7]
[0, 1, 2, 5, 3]
0.5 0.5384615384615384
itercount --------> 8
[0, 1, 2]
[0, 1, 4]
[0, 1, 5]
[0, 1, 6]
[0, 1, 7]
[0, 1, 3]
[0, 1, 2, 4]
[0, 1, 2, 5]
[0, 1, 2, 6]
[0, 1, 2, 7]
[0, 1, 2, 3]
[0, 1, 2, 4, 5]
[0, 1, 2, 4, 6]
0.5384615384615384 0.6666666666666666
itercount --------> 9
[3, 4, 6]
[3, 4, 0]
[3, 4, 1]
[3, 4, 2]
[3, 4, 5]
[3, 4, 7]
[3, 4, 6, 0]
[3, 4, 6, 1]
[3, 4, 6, 2]
[3, 4, 6, 5]
[3, 4, 6, 7]
[3, 4, 6, 0, 1]
[3, 4, 6, 0, 2]
[3, 4, 6, 0, 5]
[3, 4, 6, 0, 7]
[3, 4, 6, 0, 1, 2]
[3, 4, 6, 0, 1, 5]
[3, 4, 6, 0, 1, 7]
[3, 4, 6, 0, 1, 2, 5]
[3, 4, 6, 0, 1, 2, 7]
[3, 4, 6, 0, 1, 2, 5, 7]
failed -> 47 times
after fail n ======> 6
[0, 1, 2, 5, 7, 6]
0.058823529411764705 0.09090909090909091
itercount --------> 1
[5, 1, 0]
0.09090909090909091 0.1891891891891892
itercount --------> 2
[1, 5, 0]
0.1891891891891892 0.3333333333333333
itercount --------> 3
[5, 6, 4]
[5, 6, 7]
[5, 6, 0]
[5, 6, 1]
[5, 6, 2]
[5, 6, 3]
[5, 6, 4, 7]
0.3333333333333333 0.36363636363636365
itercount --------> 4
[5, 6, 0]
[5, 6, 1]
0.36363636363636365 0.42105263157894735
itercount --------> 5
[6, 7, 0]
[6, 7, 1]
[6, 7, 2]
0.42105263157894735 0.5789473684210527
itercount --------> 6
[0, 1, 2]
[0, 1, 5]
[0, 1, 3]
[0, 1, 4]
[0, 1, 6]
0.5789473684210527 0.6875
itercount --------> 7
[0, 1, 2]
[0, 1, 3]
[0, 1, 4]
[0, 1, 5]
[0, 1, 6]
[0, 1, 7]
[0, 1, 2, 3]
[0, 1, 2, 4]
[0, 1, 2, 5]
[0, 1, 2, 6]
[0, 1, 2, 7]
[0, 1, 2, 3, 4]
[0, 1, 2, 3, 5]
[0, 1, 2, 3, 6]
[0, 1, 2, 3, 7]
[0, 1, 2, 3, 4, 5]
[0, 1, 2, 3, 4, 6]
[0, 1, 2, 3, 4, 7]
[0, 1, 2, 3, 4, 5, 6]
[0, 1, 2, 3, 4, 5, 7]
[0, 1, 2, 3, 4, 5, 6, 7]
failed -> 48 times
after fail n ======> 7
[0, 1, 2, 5, 7, 6, 4]
0.058823529411764705 0.06976744186046512
itercount --------> 1
[0, 2, 5]
0.06976744186046512 0.23076923076923078
itercount --------> 2
[1, 0, 2]
0.23076923076923078 0.375
itercount --------> 3
[0, 1, 2]
[0, 1, 5]
[0, 1, 6]
0.375 0.4375
itercount --------> 4
[0, 1, 2]
[0, 1, 5]
[0, 1, 4]
[0, 1, 7]
0.4375 0.5
itercount --------> 5
[0, 1, 2]
[0, 1, 5]
[0, 1, 7]
[0, 1, 4]
[0, 1, 6]
[0, 1, 3]
[0, 1, 2, 5]
[0, 1, 2, 7]
[0, 1, 2, 4]
[0, 1, 2, 6]
[0, 1, 2, 3]
0.5 0.5384615384615384
itercount --------> 6
[0, 1, 2]
[0, 1, 5]
[0, 1, 3]
[0, 1, 7]
[0, 1, 4]
[0, 1, 6]
[0, 1, 2, 5]
[0, 1, 2, 3]
[0, 1, 2, 7]
[0, 1, 2, 4]
[0, 1, 2, 6]
[0, 1, 2, 5, 3]
[0, 1, 2, 5, 7]
[0, 1, 2, 5, 4]
[0, 1, 2, 5, 6]
[0, 1, 2, 5, 3, 7]
0.5384615384615384 0.7142857142857143
itercount --------> 7
[7, 6, 3]
[7, 6, 4]
[7, 6, 0]
[7, 6, 1]
[7, 6, 2]
[7, 6, 5]
[7, 6, 3, 4]
[7, 6, 3, 0]
[7, 6, 3, 1]
[7, 6, 3, 2]
[7, 6, 3, 5]
[7, 6, 3, 4, 0]
[7, 6, 3, 4, 1]
[7, 6, 3, 4, 2]
[7, 6, 3, 4, 5]
[7, 6, 3, 4, 0, 1]
[7, 6, 3, 4, 0, 2]
[7, 6, 3, 4, 0, 5]
[7, 6, 3, 4, 0, 1, 2]
[7, 6, 3, 4, 0, 1, 5]
[7, 6, 3, 4, 0, 1, 2, 5]
failed -> 49 times
after fail n ======> 8
[0, 1, 2, 5, 7, 6, 4, 3]
0.058823529411764705 0.07142857142857142
itercount --------> 1
[0, 1, 5]
0.07142857142857142 0.2
itercount --------> 2
[2, 0, 1]
[2, 0, 5]
[2, 0, 6]
0.2 0.3333333333333333
itercount --------> 3
[0, 1, 2]
[0, 1, 5]
[0, 1, 6]
0.3333333333333333 0.37037037037037035
itercount --------> 4
[0, 1, 2]
0.37037037037037035 0.5263157894736842
itercount --------> 5
[0, 1, 2]
[0, 1, 5]
[0, 1, 3]
[0, 1, 4]
[0, 1, 6]
[0, 1, 7]
[0, 1, 2, 5]
[0, 1, 2, 3]
0.5263157894736842 0.5555555555555556
itercount --------> 6
[0, 1, 2]
[0, 1, 3]
[0, 1, 5]
[0, 1, 4]
[0, 1, 6]
[0, 1, 7]
[0, 1, 2, 3]
[0, 1, 2, 5]
[0, 1, 2, 4]
[0, 1, 2, 6]
[0, 1, 2, 7]
[0, 1, 2, 3, 5]
[0, 1, 2, 3, 4]
[0, 1, 2, 3, 6]
[0, 1, 2, 3, 7]
[0, 1, 2, 3, 5, 4]
[0, 1, 2, 3, 5, 6]
[0, 1, 2, 3, 5, 7]
[0, 1, 2, 3, 5, 4, 6]
[0, 1, 2, 3, 5, 4, 7]
[0, 1, 2, 3, 5, 4, 6, 7]
0.5555555555555556 0.5714285714285714
itercount --------> 7
[4, 0, 1]
[4, 0, 2]
[4, 0, 5]
[4, 0, 6]
[4, 0, 3]
[4, 0, 7]
[4, 0, 1, 2]
[4, 0, 1, 5]
[4, 0, 1, 6]
[4, 0, 1, 3]
[4, 0, 1, 7]
[4, 0, 1, 2, 5]
[4, 0, 1, 2, 6]
[4, 0, 1, 2, 3]
[4, 0, 1, 2, 7]
[4, 0, 1, 2, 5, 6]
[4, 0, 1, 2, 5, 3]
[4, 0, 1, 2, 5, 7]
[4, 0, 1, 2, 5, 6, 3]
[4, 0, 1, 2, 5, 6, 7]
0.5714285714285714 0.6470588235294118
itercount --------> 8
[0, 1, 2]
[0, 1, 5]
[0, 1, 3]
[0, 1, 4]
[0, 1, 6]
[0, 1, 7]
[0, 1, 2, 5]
[0, 1, 2, 3]
[0, 1, 2, 4]
0.6470588235294118 0.7333333333333333
itercount --------> 9
[3, 4, 0]
[3, 4, 1]
[3, 4, 2]
[3, 4, 5]
[3, 4, 6]
[3, 4, 7]
[3, 4, 0, 1]
[3, 4, 0, 2]
[3, 4, 0, 5]
[3, 4, 0, 6]
[3, 4, 0, 7]
[3, 4, 0, 1, 2]
[3, 4, 0, 1, 5]
[3, 4, 0, 1, 6]
[3, 4, 0, 1, 7]
[3, 4, 0, 1, 2, 5]
[3, 4, 0, 1, 2, 6]
[3, 4, 0, 1, 2, 7]
[3, 4, 0, 1, 2, 5, 6]
[3, 4, 0, 1, 2, 5, 7]
[3, 4, 0, 1, 2, 5, 6, 7]
failed -> 50 times
after fail n ======> 5
Runs with the maximum attractor JI -> [18, 24, 41]
