{0: 58, 1: 58, 2: 58, 5: 58, 7: 25, 3: 10, 4: 10, 6: 5}
[0, 1, 2]
0.058823529411764705 0.1111111111111111
itercount --------> 1
[2, 5, 0]
0.1111111111111111 0.2
itercount --------> 2
[5, 0, 1]
0.2 0.3333333333333333
itercount --------> 3
[0, 1, 2]
[0, 1, 5]
[0, 1, 7]
0.3333333333333333 0.35294117647058826
itercount --------> 4
[0, 1, 2]
[0, 1, 5]
[0, 1, 7]
[0, 1, 3]
0.35294117647058826 0.375
itercount --------> 5
[1, 7, 3]
0.375 0.4
itercount --------> 6
[0, 1, 2]
[0, 1, 5]
[0, 1, 7]
[0, 1, 3]
[0, 1, 4]
0.4 0.42105263157894735
itercount --------> 7
[6, 1, 3]
0.42105263157894735 0.42857142857142855
itercount --------> 8
[1, 3, 6]
0.42857142857142855 0.4375
itercount --------> 9
[6, 3, 4]
[6, 3, 7]
[6, 3, 0]
[6, 3, 1]
[6, 3, 2]
[6, 3, 5]
[6, 3, 4, 7]
[6, 3, 4, 0]
0.4375 0.4666666666666667
itercount --------> 10
[7, 1, 4]
[7, 1, 3]
[7, 1, 6]
0.4666666666666667 0.5714285714285714
itercount --------> 11
[3, 4, 6]
0.5714285714285714 0.6428571428571429
itercount --------> 12
[4, 3, 6]
[4, 3, 7]
[4, 3, 0]
[4, 3, 1]
[4, 3, 2]
[4, 3, 5]
[4, 3, 6, 7]
[4, 3, 6, 0]
[4, 3, 6, 1]
[4, 3, 6, 2]
[4, 3, 6, 5]
[4, 3, 6, 7, 0]
0.6428571428571429 0.6666666666666666
itercount --------> 13
[3, 4, 6]
[3, 4, 7]
[3, 4, 0]
[3, 4, 1]
[3, 4, 2]
[3, 4, 5]
[3, 4, 6, 7]
[3, 4, 6, 0]
[3, 4, 6, 1]
[3, 4, 6, 2]
[3, 4, 6, 5]
[3, 4, 6, 7, 0]
[3, 4, 6, 7, 1]
[3, 4, 6, 7, 2]
[3, 4, 6, 7, 5]
[3, 4, 6, 7, 0, 1]
[3, 4, 6, 7, 0, 2]
[3, 4, 6, 7, 0, 5]
[3, 4, 6, 7, 0, 1, 2]
[3, 4, 6, 7, 0, 1, 5]
[3, 4, 6, 7, 0, 1, 2, 5]
failed Once
after fail n ======> 4
[0, 1, 2, 5]
0.058823529411764705 0.1111111111111111
itercount --------> 1
[2, 5, 0]
0.1111111111111111 0.3333333333333333
itercount --------> 2
[0, 1, 2]
[0, 1, 5]
[0, 1, 7]
[0, 1, 3]
0.3333333333333333 0.375
itercount --------> 3
[0, 1, 2]
[0, 1, 5]
[0, 1, 7]
[0, 1, 3]
[0, 1, 4]
[0, 1, 6]
[0, 1, 2, 5]
[0, 1, 2, 7]
[0, 1, 2, 3]
[0, 1, 2, 4]
0.375 0.47058823529411764
itercount --------> 4
[6, 3, 4]
[6, 3, 7]
[6, 3, 0]
[6, 3, 1]
[6, 3, 2]
[6, 3, 5]
[6, 3, 4, 7]
[6, 3, 4, 0]
[6, 3, 4, 1]
[6, 3, 4, 2]
[6, 3, 4, 5]
[6, 3, 4, 7, 0]
0.47058823529411764 0.5882352941176471
itercount --------> 5
[0, 5, 7]
[0, 5, 1]
0.5882352941176471 0.625
itercount --------> 6
[7, 0, 1]
0.625 0.6666666666666666
itercount --------> 7
[7, 6, 0]
[7, 6, 1]
[7, 6, 5]
0.6666666666666666 0.7058823529411765
itercount --------> 8
[3, 4, 6]
0.7058823529411765 0.7142857142857143
itercount --------> 9
[6, 3, 4]
[6, 3, 7]
[6, 3, 0]
[6, 3, 1]
[6, 3, 2]
[6, 3, 5]
[6, 3, 4, 7]
[6, 3, 4, 0]
[6, 3, 4, 1]
[6, 3, 4, 2]
[6, 3, 4, 5]
[6, 3, 4, 7, 0]
[6, 3, 4, 7, 1]
[6, 3, 4, 7, 2]
[6, 3, 4, 7, 5]
[6, 3, 4, 7, 0, 1]
[6, 3, 4, 7, 0, 2]
[6, 3, 4, 7, 0, 5]
[6, 3, 4, 7, 0, 1, 2]
[6, 3, 4, 7, 0, 1, 5]
[6, 3, 4, 7, 0, 1, 2, 5]
failed -> 2 times
after fail n ======> 5
[0, 1, 2, 5, 7]
0.058823529411764705 0.09090909090909091
itercount --------> 1
[1, 0, 2]
0.09090909090909091 0.10869565217391304
itercount --------> 2
[2, 0, 7]
0.10869565217391304 0.1388888888888889
itercount --------> 3
[0, 2, 1]
[0, 2, 7]
0.1388888888888889 0.14285714285714285
itercount --------> 4
[0, 2, 7]
0.14285714285714285 0.2
itercount --------> 5
[0, 1, 2]
0.2 0.3333333333333333
itercount --------> 6
[0, 1, 2]
[0, 1, 5]
[0, 1, 7]
[0, 1, 3]
0.3333333333333333 0.375
itercount --------> 7
[0, 1, 2]
[0, 1, 5]
[0, 1, 7]
[0, 1, 3]
[0, 1, 4]
0.375 0.47058823529411764
itercount --------> 8
[6, 3, 4]
[6, 3, 7]
[6, 3, 0]
[6, 3, 1]
[6, 3, 2]
[6, 3, 5]
[6, 3, 4, 7]
0.47058823529411764 0.5714285714285714
itercount --------> 9
[0, 1, 2]
[0, 1, 5]
[0, 1, 6]
[0, 1, 7]
[0, 1, 3]
[0, 1, 4]
[0, 1, 2, 5]
[0, 1, 2, 6]
[0, 1, 2, 7]
[0, 1, 2, 3]
[0, 1, 2, 4]
[0, 1, 2, 5, 6]
[0, 1, 2, 5, 7]
[0, 1, 2, 5, 3]
[0, 1, 2, 5, 4]
[0, 1, 2, 5, 6, 7]
[0, 1, 2, 5, 6, 3]
[0, 1, 2, 5, 6, 4]
[0, 1, 2, 5, 6, 7, 3]
[0, 1, 2, 5, 6, 7, 4]
[0, 1, 2, 5, 6, 7, 3, 4]
failed -> 3 times
after fail n ======> 6
[0, 1, 2, 5, 7, 3]
0.058823529411764705 0.07142857142857142
itercount --------> 1
[5, 0, 2]
[5, 0, 1]
0.07142857142857142 0.1111111111111111
itercount --------> 2
[5, 2, 0]
0.1111111111111111 0.16666666666666666
itercount --------> 3
[5, 0, 1]
[5, 0, 2]
0.16666666666666666 0.2
itercount --------> 4
[0, 2, 5]
[0, 2, 1]
0.2 0.2222222222222222
itercount --------> 5
[0, 1, 2]
[0, 1, 5]
[0, 1, 3]
0.2222222222222222 0.375
itercount --------> 6
[0, 1, 2]
[0, 1, 5]
[0, 1, 7]
[0, 1, 3]
[0, 1, 4]
0.375 0.42857142857142855
itercount --------> 7
[0, 1, 2]
[0, 1, 5]
[0, 1, 3]
[0, 1, 7]
[0, 1, 4]
[0, 1, 6]
0.42857142857142855 0.46153846153846156
itercount --------> 8
[0, 1, 2]
[0, 1, 5]
[0, 1, 7]
[0, 1, 3]
0.46153846153846156 0.5
itercount --------> 9
[6, 3, 4]
[6, 3, 7]
[6, 3, 0]
[6, 3, 1]
[6, 3, 2]
0.5 0.5384615384615384
itercount --------> 10
[7, 0, 1]
[7, 0, 2]
0.5384615384615384 0.5555555555555556
itercount --------> 11
[2, 7, 3]
[2, 7, 4]
[2, 7, 6]
[2, 7, 0]
0.5555555555555556 0.7142857142857143
itercount --------> 12
[7, 6, 3]
[7, 6, 4]
[7, 6, 0]
[7, 6, 1]
[7, 6, 2]
[7, 6, 5]
[7, 6, 3, 4]
[7, 6, 3, 0]
[7, 6, 3, 1]
[7, 6, 3, 2]
[7, 6, 3, 5]
[7, 6, 3, 4, 0]
[7, 6, 3, 4, 1]
[7, 6, 3, 4, 2]
[7, 6, 3, 4, 5]
[7, 6, 3, 4, 0, 1]
[7, 6, 3, 4, 0, 2]
[7, 6, 3, 4, 0, 5]
[7, 6, 3, 4, 0, 1, 2]
[7, 6, 3, 4, 0, 1, 5]
[7, 6, 3, 4, 0, 1, 2, 5]
failed -> 4 times
after fail n ======> 7
[0, 1, 2, 5, 7, 3, 4]
0.058823529411764705 0.09090909090909091
itercount --------> 1
[2, 5, 0]
[2, 5, 1]
[2, 5, 7]
[2, 5, 3]
0.09090909090909091 0.17647058823529413
itercount --------> 2
[5, 0, 1]
0.17647058823529413 0.2857142857142857
itercount --------> 3
[7, 5, 0]
0.2857142857142857 0.3333333333333333
itercount --------> 4
[2, 5, 0]
[2, 5, 1]
0.3333333333333333 0.35294117647058826
itercount --------> 5
[0, 1, 2]
[0, 1, 5]
[0, 1, 7]
[0, 1, 3]
[0, 1, 4]
0.35294117647058826 0.4
itercount --------> 6
[0, 1, 2]
[0, 1, 5]
[0, 1, 7]
[0, 1, 4]
[0, 1, 3]
0.4 0.5
itercount --------> 7
[6, 3, 4]
[6, 3, 7]
0.5 0.6153846153846154
itercount --------> 8
[0, 1, 2]
[0, 1, 5]
[0, 1, 6]
[0, 1, 7]
[0, 1, 3]
[0, 1, 4]
[0, 1, 2, 5]
[0, 1, 2, 6]
[0, 1, 2, 7]
[0, 1, 2, 3]
[0, 1, 2, 4]
[0, 1, 2, 5, 6]
[0, 1, 2, 5, 7]
[0, 1, 2, 5, 3]
[0, 1, 2, 5, 4]
[0, 1, 2, 5, 6, 7]
[0, 1, 2, 5, 6, 3]
[0, 1, 2, 5, 6, 4]
[0, 1, 2, 5, 6, 7, 3]
[0, 1, 2, 5, 6, 7, 4]
[0, 1, 2, 5, 6, 7, 3, 4]
failed -> 5 times
after fail n ======> 8
[0, 1, 2, 5, 7, 3, 4, 6]
0.058823529411764705 0.06666666666666667
itercount --------> 1
[0, 2, 5]
[0, 2, 1]
0.06666666666666667 0.11764705882352941
itercount --------> 2
[0, 5, 1]
[0, 5, 2]
0.11764705882352941 0.26666666666666666
itercount --------> 3
[0, 1, 2]
[0, 1, 5]
[0, 1, 7]
[0, 1, 3]
[0, 1, 6]
0.26666666666666666 0.375
itercount --------> 4
[0, 1, 2]
[0, 1, 5]
[0, 1, 7]
[0, 1, 4]
0.375 0.5882352941176471
itercount --------> 5
[1, 7, 6]
[1, 7, 0]
0.5882352941176471 0.6666666666666666
itercount --------> 6
[7, 6, 0]
[7, 6, 1]
[7, 6, 2]
0.6666666666666666 0.7058823529411765
itercount --------> 7
[3, 4, 6]
[3, 4, 7]
[3, 4, 0]
[3, 4, 1]
[3, 4, 2]
[3, 4, 5]
[3, 4, 6, 7]
0.7058823529411765 0.7142857142857143
itercount --------> 8
[6, 3, 4]
[6, 3, 7]
[6, 3, 0]
[6, 3, 1]
[6, 3, 2]
[6, 3, 5]
[6, 3, 4, 7]
[6, 3, 4, 0]
[6, 3, 4, 1]
[6, 3, 4, 2]
[6, 3, 4, 5]
[6, 3, 4, 7, 0]
[6, 3, 4, 7, 1]
[6, 3, 4, 7, 2]
[6, 3, 4, 7, 5]
[6, 3, 4, 7, 0, 1]
[6, 3, 4, 7, 0, 2]
[6, 3, 4, 7, 0, 5]
[6, 3, 4, 7, 0, 1, 2]
[6, 3, 4, 7, 0, 1, 5]
[6, 3, 4, 7, 0, 1, 2, 5]
failed -> 6 times
after fail n ======> 5
[0, 1, 2, 5, 7]
0.058823529411764705 0.1111111111111111
itercount --------> 1
[1, 2, 0]
0.1111111111111111 0.14285714285714285
itercount --------> 2
[0, 1, 7]
0.14285714285714285 0.17647058823529413
itercount --------> 3
[0, 1, 2]
[0, 1, 5]
[0, 1, 7]
0.17647058823529413 0.2222222222222222
itercount --------> 4
[0, 1, 5]
0.2222222222222222 0.3333333333333333
itercount --------> 5
[1, 2, 0]
0.3333333333333333 0.35294117647058826
itercount --------> 6
[0, 1, 2]
[0, 1, 5]
[0, 1, 7]
[0, 1, 3]
0.35294117647058826 0.4
itercount --------> 7
[0, 1, 2]
[0, 1, 5]
[0, 1, 7]
[0, 1, 3]
[0, 1, 4]
0.4 0.5
itercount --------> 8
[6, 3, 4]
[6, 3, 7]
[6, 3, 0]
[6, 3, 1]
[6, 3, 2]
[6, 3, 5]
[6, 3, 4, 7]
0.5 0.6153846153846154
itercount --------> 9
[0, 1, 2]
[0, 1, 5]
[0, 1, 6]
[0, 1, 7]
[0, 1, 3]
[0, 1, 4]
[0, 1, 2, 5]
[0, 1, 2, 6]
[0, 1, 2, 7]
[0, 1, 2, 3]
[0, 1, 2, 4]
[0, 1, 2, 5, 6]
[0, 1, 2, 5, 7]
[0, 1, 2, 5, 3]
[0, 1, 2, 5, 4]
[0, 1, 2, 5, 6, 7]
[0, 1, 2, 5, 6, 3]
[0, 1, 2, 5, 6, 4]
[0, 1, 2, 5, 6, 7, 3]
[0, 1, 2, 5, 6, 7, 4]
[0, 1, 2, 5, 6, 7, 3, 4]
failed -> 7 times
after fail n ======> 6
[0, 1, 2, 5, 7, 3]
0.058823529411764705 0.06976744186046512
itercount --------> 1
[0, 1, 2]
0.06976744186046512 0.13043478260869565
itercount --------> 2
[0, 5, 1]
0.13043478260869565 0.23076923076923078
itercount --------> 3
[1, 2, 0]
0.23076923076923078 0.375
itercount --------> 4
[0, 1, 2]
[0, 1, 5]
[0, 1, 7]
[0, 1, 3]
[0, 1, 4]
0.375 0.47058823529411764
itercount --------> 5
[6, 3, 4]
[6, 3, 7]
0.47058823529411764 0.5714285714285714
itercount --------> 6
[0, 1, 2]
[0, 1, 5]
[0, 1, 6]
[0, 1, 7]
[0, 1, 3]
[0, 1, 4]
[0, 1, 2, 5]
[0, 1, 2, 6]
[0, 1, 2, 7]
[0, 1, 2, 3]
[0, 1, 2, 4]
[0, 1, 2, 5, 6]
[0, 1, 2, 5, 7]
[0, 1, 2, 5, 3]
[0, 1, 2, 5, 4]
[0, 1, 2, 5, 6, 7]
[0, 1, 2, 5, 6, 3]
[0, 1, 2, 5, 6, 4]
[0, 1, 2, 5, 6, 7, 3]
[0, 1, 2, 5, 6, 7, 4]
[0, 1, 2, 5, 6, 7, 3, 4]
failed -> 8 times
after fail n ======> 7
[0, 1, 2, 5, 7, 3, 4]
0.058823529411764705 0.060240963855421686
itercount --------> 1
[5, 0, 1]
0.060240963855421686 0.1111111111111111
itercount --------> 2
[1, 0, 5]
[1, 0, 2]
0.1111111111111111 0.15789473684210525
itercount --------> 3
[0, 1, 7]
[0, 1, 5]
0.15789473684210525 0.2222222222222222
itercount --------> 4
[5, 2, 7]
0.2222222222222222 0.3333333333333333
itercount --------> 5
[1, 2, 0]
[1, 2, 5]
[1, 2, 3]
0.3333333333333333 0.375
itercount --------> 6
[1, 2, 6]
[1, 2, 0]
0.375 0.4
itercount --------> 7
[0, 1, 2]
[0, 1, 5]
[0, 1, 7]
[0, 1, 3]
[0, 1, 4]
0.4 0.5
itercount --------> 8
[6, 3, 4]
[6, 3, 7]
[6, 3, 0]
[6, 3, 1]
[6, 3, 2]
[6, 3, 5]
[6, 3, 4, 7]
0.5 0.6153846153846154
itercount --------> 9
[0, 1, 2]
[0, 1, 5]
[0, 1, 6]
[0, 1, 7]
[0, 1, 4]
[0, 1, 3]
[0, 1, 2, 5]
[0, 1, 2, 6]
[0, 1, 2, 7]
[0, 1, 2, 4]
[0, 1, 2, 3]
[0, 1, 2, 5, 6]
[0, 1, 2, 5, 7]
[0, 1, 2, 5, 4]
[0, 1, 2, 5, 3]
[0, 1, 2, 5, 6, 7]
[0, 1, 2, 5, 6, 4]
[0, 1, 2, 5, 6, 3]
[0, 1, 2, 5, 6, 7, 4]
[0, 1, 2, 5, 6, 7, 3]
[0, 1, 2, 5, 6, 7, 4, 3]
failed -> 9 times
after fail n ======> 8
[0, 1, 2, 5, 7, 3, 4, 6]
0.058823529411764705 0.06976744186046512
itercount --------> 1
[0, 1, 2]
0.06976744186046512 0.13043478260869565
itercount --------> 2
[2, 5, 0]
0.13043478260869565 0.23076923076923078
itercount --------> 3
[5, 0, 1]
0.23076923076923078 0.375
itercount --------> 4
[0, 1, 2]
[0, 1, 5]
[0, 1, 7]
[0, 1, 4]
[0, 1, 3]
0.375 0.47058823529411764
itercount --------> 5
[6, 3, 4]
[6, 3, 7]
[6, 3, 0]
[6, 3, 1]
[6, 3, 2]
[6, 3, 5]
[6, 3, 4, 7]
0.47058823529411764 0.5714285714285714
itercount --------> 6
[0, 1, 2]
[0, 1, 5]
[0, 1, 6]
[0, 1, 7]
[0, 1, 3]
[0, 1, 4]
[0, 1, 2, 5]
[0, 1, 2, 6]
[0, 1, 2, 7]
[0, 1, 2, 3]
[0, 1, 2, 4]
[0, 1, 2, 5, 6]
[0, 1, 2, 5, 7]
[0, 1, 2, 5, 3]
[0, 1, 2, 5, 4]
[0, 1, 2, 5, 6, 7]
[0, 1, 2, 5, 6, 3]
[0, 1, 2, 5, 6, 4]
[0, 1, 2, 5, 6, 7, 3]
[0, 1, 2, 5, 6, 7, 4]
[0, 1, 2, 5, 6, 7, 3, 4]
failed -> 10 times
after fail n ======> 5
[0, 1, 2, 5, 7]
0.058823529411764705 0.07317073170731707
itercount --------> 1
[5, 0, 1]
0.07317073170731707 0.12
itercount --------> 2
[0, 1, 2]
0.12 0.17647058823529413
itercount --------> 3
[0, 1, 2]
[0, 1, 5]
[0, 1, 7]
0.17647058823529413 0.3333333333333333
itercount --------> 4
[0, 1, 2]
[0, 1, 5]
0.3333333333333333 0.35294117647058826
itercount --------> 5
[0, 1, 2]
[0, 1, 5]
[0, 1, 7]
[0, 1, 3]
0.35294117647058826 0.4
itercount --------> 6
[0, 1, 2]
[0, 1, 5]
[0, 1, 7]
[0, 1, 3]
[0, 1, 4]
0.4 0.46153846153846156
itercount --------> 7
[0, 1, 2]
[0, 1, 5]
[0, 1, 7]
[0, 1, 4]
0.46153846153846156 0.5
itercount --------> 8
[6, 3, 4]
[6, 3, 7]
[6, 3, 0]
[6, 3, 1]
[6, 3, 2]
[6, 3, 5]
[6, 3, 4, 7]
0.5 0.6153846153846154
itercount --------> 9
[0, 1, 2]
[0, 1, 5]
[0, 1, 6]
[0, 1, 7]
[0, 1, 3]
[0, 1, 4]
[0, 1, 2, 5]
[0, 1, 2, 6]
[0, 1, 2, 7]
[0, 1, 2, 3]
[0, 1, 2, 4]
[0, 1, 2, 5, 6]
[0, 1, 2, 5, 7]
[0, 1, 2, 5, 3]
[0, 1, 2, 5, 4]
[0, 1, 2, 5, 6, 7]
[0, 1, 2, 5, 6, 3]
[0, 1, 2, 5, 6, 4]
[0, 1, 2, 5, 6, 7, 3]
[0, 1, 2, 5, 6, 7, 4]
[0, 1, 2, 5, 6, 7, 3, 4]
failed -> 11 times
after fail n ======> 6
[0, 1, 2, 5, 7, 3]
0.058823529411764705 0.2
itercount --------> 1
[5, 0, 1]
0.2 0.3333333333333333
itercount --------> 2
[0, 1, 2]
[0, 1, 5]
[0, 1, 7]
[0, 1, 3]
[0, 1, 4]
0.3333333333333333 0.375
itercount --------> 3
[0, 1, 2]
[0, 1, 5]
[0, 1, 7]
[0, 1, 4]
[0, 1, 3]
0.375 0.47058823529411764
itercount --------> 4
[6, 3, 4]
[6, 3, 7]
0.47058823529411764 0.5714285714285714
itercount --------> 5
[0, 1, 2]
[0, 1, 5]
[0, 1, 6]
[0, 1, 7]
[0, 1, 3]
[0, 1, 4]
[0, 1, 2, 5]
[0, 1, 2, 6]
[0, 1, 2, 7]
[0, 1, 2, 3]
[0, 1, 2, 4]
[0, 1, 2, 5, 6]
[0, 1, 2, 5, 7]
[0, 1, 2, 5, 3]
[0, 1, 2, 5, 4]
[0, 1, 2, 5, 6, 7]
[0, 1, 2, 5, 6, 3]
[0, 1, 2, 5, 6, 4]
[0, 1, 2, 5, 6, 7, 3]
[0, 1, 2, 5, 6, 7, 4]
[0, 1, 2, 5, 6, 7, 3, 4]
failed -> 12 times
after fail n ======> 7
[0, 1, 2, 5, 7, 3, 4]
0.058823529411764705 0.2
itercount --------> 1
[1, 0, 2]
[1, 0, 5]
0.2 0.3333333333333333
itercount --------> 2
[0, 1, 2]
[0, 1, 5]
[0, 1, 7]
[0, 1, 3]
0.3333333333333333 0.375
itercount --------> 3
[0, 1, 2]
[0, 1, 5]
[0, 1, 7]
[0, 1, 3]
[0, 1, 4]
0.375 0.47058823529411764
itercount --------> 4
[6, 3, 4]
[6, 3, 7]
0.47058823529411764 0.5714285714285714
itercount --------> 5
[0, 1, 2]
[0, 1, 5]
[0, 1, 6]
[0, 1, 7]
[0, 1, 3]
[0, 1, 4]
[0, 1, 2, 5]
[0, 1, 2, 6]
0.5714285714285714 0.6153846153846154
itercount --------> 6
[0, 1, 2]
[0, 1, 5]
[0, 1, 6]
[0, 1, 7]
[0, 1, 3]
[0, 1, 4]
[0, 1, 2, 5]
[0, 1, 2, 6]
[0, 1, 2, 7]
[0, 1, 2, 3]
[0, 1, 2, 4]
[0, 1, 2, 5, 6]
[0, 1, 2, 5, 7]
[0, 1, 2, 5, 3]
[0, 1, 2, 5, 4]
[0, 1, 2, 5, 6, 7]
[0, 1, 2, 5, 6, 3]
[0, 1, 2, 5, 6, 4]
[0, 1, 2, 5, 6, 7, 3]
[0, 1, 2, 5, 6, 7, 4]
[0, 1, 2, 5, 6, 7, 3, 4]
failed -> 13 times
after fail n ======> 8
[0, 1, 2, 5, 7, 3, 4, 6]
0.058823529411764705 0.13043478260869565
itercount --------> 1
[2, 5, 0]
0.13043478260869565 0.23076923076923078
itercount --------> 2
[0, 1, 2]
0.23076923076923078 0.375
itercount --------> 3
[0, 1, 2]
[0, 1, 5]
[0, 1, 7]
[0, 1, 3]
[0, 1, 4]
0.375 0.47058823529411764
itercount --------> 4
[6, 3, 4]
[6, 3, 7]
0.47058823529411764 0.5714285714285714
itercount --------> 5
[0, 1, 2]
[0, 1, 5]
[0, 1, 6]
[0, 1, 7]
[0, 1, 3]
[0, 1, 4]
[0, 1, 2, 5]
[0, 1, 2, 6]
[0, 1, 2, 7]
[0, 1, 2, 3]
[0, 1, 2, 4]
[0, 1, 2, 5, 6]
[0, 1, 2, 5, 7]
[0, 1, 2, 5, 3]
[0, 1, 2, 5, 4]
[0, 1, 2, 5, 6, 7]
[0, 1, 2, 5, 6, 3]
[0, 1, 2, 5, 6, 4]
[0, 1, 2, 5, 6, 7, 3]
[0, 1, 2, 5, 6, 7, 4]
[0, 1, 2, 5, 6, 7, 3, 4]
failed -> 14 times
after fail n ======> 5
[0, 1, 2, 5, 7]
0.058823529411764705 0.060240963855421686
itercount --------> 1
[1, 0, 2]
0.060240963855421686 0.1111111111111111
itercount --------> 2
[0, 1, 2]
[0, 1, 5]
0.1111111111111111 0.3333333333333333
itercount --------> 3
[5, 0, 1]
0.3333333333333333 0.35294117647058826
itercount --------> 4
[0, 1, 2]
[0, 1, 5]
[0, 1, 7]
[0, 1, 3]
0.35294117647058826 0.4
itercount --------> 5
[0, 1, 2]
[0, 1, 5]
[0, 1, 7]
[0, 1, 3]
[0, 1, 4]
0.4 0.5
itercount --------> 6
[6, 3, 4]
[6, 3, 7]
[6, 3, 0]
[6, 3, 1]
[6, 3, 2]
[6, 3, 5]
[6, 3, 4, 7]
[6, 3, 4, 0]
[6, 3, 4, 1]
[6, 3, 4, 2]
[6, 3, 4, 5]
[6, 3, 4, 7, 0]
[6, 3, 4, 7, 1]
[6, 3, 4, 7, 2]
0.5 0.6153846153846154
itercount --------> 7
[0, 1, 2]
[0, 1, 5]
[0, 1, 6]
[0, 1, 7]
[0, 1, 3]
[0, 1, 4]
[0, 1, 2, 5]
[0, 1, 2, 6]
[0, 1, 2, 7]
[0, 1, 2, 3]
[0, 1, 2, 4]
[0, 1, 2, 5, 6]
[0, 1, 2, 5, 7]
[0, 1, 2, 5, 3]
[0, 1, 2, 5, 4]
[0, 1, 2, 5, 6, 7]
[0, 1, 2, 5, 6, 3]
[0, 1, 2, 5, 6, 4]
[0, 1, 2, 5, 6, 7, 3]
[0, 1, 2, 5, 6, 7, 4]
[0, 1, 2, 5, 6, 7, 3, 4]
failed -> 15 times
after fail n ======> 6
[0, 1, 2, 5, 7, 3]
0.058823529411764705 0.2
itercount --------> 1
[2, 0, 1]
[2, 0, 5]
0.2 0.3333333333333333
itercount --------> 2
[0, 1, 2]
[0, 1, 5]
[0, 1, 7]
[0, 1, 3]
[0, 1, 4]
[0, 1, 6]
[0, 1, 2, 5]
[0, 1, 2, 7]
[0, 1, 2, 3]
0.3333333333333333 0.375
itercount --------> 3
[0, 1, 2]
[0, 1, 5]
[0, 1, 7]
[0, 1, 3]
[0, 1, 4]
0.375 0.42857142857142855
itercount --------> 4
[0, 1, 2]
[0, 1, 5]
[0, 1, 4]
0.42857142857142855 0.47058823529411764
itercount --------> 5
[6, 3, 4]
[6, 3, 7]
[6, 3, 0]
[6, 3, 1]
0.47058823529411764 0.5
itercount --------> 6
[0, 1, 2]
[0, 1, 5]
[0, 1, 7]
[0, 1, 6]
[0, 1, 3]
[0, 1, 4]
[0, 1, 2, 5]
[0, 1, 2, 7]
0.5 0.7142857142857143
itercount --------> 7
[7, 6, 3]
[7, 6, 4]
[7, 6, 0]
[7, 6, 1]
[7, 6, 2]
[7, 6, 5]
[7, 6, 3, 4]
[7, 6, 3, 0]
[7, 6, 3, 1]
[7, 6, 3, 2]
[7, 6, 3, 5]
[7, 6, 3, 4, 0]
[7, 6, 3, 4, 1]
[7, 6, 3, 4, 2]
[7, 6, 3, 4, 5]
[7, 6, 3, 4, 0, 1]
[7, 6, 3, 4, 0, 2]
[7, 6, 3, 4, 0, 5]
[7, 6, 3, 4, 0, 1, 2]
[7, 6, 3, 4, 0, 1, 5]
[7, 6, 3, 4, 0, 1, 2, 5]
failed -> 16 times
after fail n ======> 7
[0, 1, 2, 5, 7, 3, 4]
0.058823529411764705 0.1111111111111111
itercount --------> 1
[0, 2, 1]
0.1111111111111111 0.2
itercount --------> 2
[0, 1, 2]
0.2 0.3333333333333333
itercount --------> 3
[0, 1, 2]
[0, 1, 5]
[0, 1, 7]
[0, 1, 6]
[0, 1, 4]
0.3333333333333333 0.375
itercount --------> 4
[0, 1, 2]
[0, 1, 5]
[0, 1, 6]
0.375 0.4375
itercount --------> 5
[0, 1, 2]
[0, 1, 5]
[0, 1, 4]
[0, 1, 7]
0.4375 0.5
itercount --------> 6
[0, 1, 2]
[0, 1, 5]
[0, 1, 7]
[0, 1, 4]
[0, 1, 6]
[0, 1, 3]
[0, 1, 2, 5]
[0, 1, 2, 7]
[0, 1, 2, 4]
[0, 1, 2, 6]
[0, 1, 2, 3]
0.5 0.5384615384615384
itercount --------> 7
[0, 1, 2]
[0, 1, 5]
[0, 1, 3]
[0, 1, 7]
[0, 1, 4]
[0, 1, 6]
[0, 1, 2, 5]
[0, 1, 2, 3]
[0, 1, 2, 7]
[0, 1, 2, 4]
[0, 1, 2, 6]
[0, 1, 2, 5, 3]
[0, 1, 2, 5, 7]
[0, 1, 2, 5, 4]
[0, 1, 2, 5, 6]
[0, 1, 2, 5, 3, 7]
0.5384615384615384 0.7142857142857143
itercount --------> 8
[7, 6, 3]
[7, 6, 4]
[7, 6, 0]
[7, 6, 1]
[7, 6, 2]
[7, 6, 5]
[7, 6, 3, 4]
[7, 6, 3, 0]
[7, 6, 3, 1]
[7, 6, 3, 2]
[7, 6, 3, 5]
[7, 6, 3, 4, 0]
[7, 6, 3, 4, 1]
[7, 6, 3, 4, 2]
[7, 6, 3, 4, 5]
[7, 6, 3, 4, 0, 1]
[7, 6, 3, 4, 0, 2]
[7, 6, 3, 4, 0, 5]
[7, 6, 3, 4, 0, 1, 2]
[7, 6, 3, 4, 0, 1, 5]
[7, 6, 3, 4, 0, 1, 2, 5]
failed -> 17 times
after fail n ======> 8
[0, 1, 2, 5, 7, 3, 4, 6]
0.058823529411764705 0.06976744186046512
itercount --------> 1
[0, 1, 2]
0.06976744186046512 0.23076923076923078
itercount --------> 2
[5, 0, 1]
0.23076923076923078 0.375
itercount --------> 3
[0, 1, 2]
[0, 1, 5]
[0, 1, 7]
[0, 1, 4]
[0, 1, 3]
0.375 0.47058823529411764
itercount --------> 4
[6, 3, 4]
[6, 3, 7]
[6, 3, 0]
[6, 3, 1]
[6, 3, 2]
[6, 3, 5]
[6, 3, 4, 7]
0.47058823529411764 0.5714285714285714
itercount --------> 5
[0, 1, 2]
[0, 1, 5]
[0, 1, 6]
[0, 1, 7]
[0, 1, 4]
[0, 1, 3]
[0, 1, 2, 5]
[0, 1, 2, 6]
[0, 1, 2, 7]
[0, 1, 2, 4]
[0, 1, 2, 3]
[0, 1, 2, 5, 6]
[0, 1, 2, 5, 7]
[0, 1, 2, 5, 4]
[0, 1, 2, 5, 3]
[0, 1, 2, 5, 6, 7]
[0, 1, 2, 5, 6, 4]
[0, 1, 2, 5, 6, 3]
[0, 1, 2, 5, 6, 7, 4]
[0, 1, 2, 5, 6, 7, 3]
[0, 1, 2, 5, 6, 7, 4, 3]
failed -> 18 times
after fail n ======> 5
[0, 1, 2, 5, 7]
0.058823529411764705 0.07317073170731707
itercount --------> 1
[0, 2, 1]
[0, 2, 5]
0.07317073170731707 0.12
itercount --------> 2
[2, 0, 1]
0.12 0.13043478260869565
itercount --------> 3
[0, 2, 3]
0.13043478260869565 0.19047619047619047
itercount --------> 4
[0, 2, 6]
0.19047619047619047 0.20833333333333334
itercount --------> 5
[0, 2, 4]
0.20833333333333334 0.2777777777777778
itercount --------> 6
[2, 4, 7]
0.2777777777777778 0.5882352941176471
itercount --------> 7
[7, 2, 6]
0.5882352941176471 0.6666666666666666
itercount --------> 8
[0, 1, 2]
[0, 1, 3]
[0, 1, 4]
[0, 1, 5]
[0, 1, 6]
[0, 1, 7]
[0, 1, 2, 3]
[0, 1, 2, 4]
[0, 1, 2, 5]
[0, 1, 2, 6]
[0, 1, 2, 7]
[0, 1, 2, 3, 4]
[0, 1, 2, 3, 5]
[0, 1, 2, 3, 6]
[0, 1, 2, 3, 7]
[0, 1, 2, 3, 4, 5]
[0, 1, 2, 3, 4, 6]
[0, 1, 2, 3, 4, 7]
[0, 1, 2, 3, 4, 5, 6]
[0, 1, 2, 3, 4, 5, 7]
[0, 1, 2, 3, 4, 5, 6, 7]
failed -> 19 times
after fail n ======> 6
[0, 1, 2, 5, 7, 3]
0.058823529411764705 0.06976744186046512
itercount --------> 1
[1, 2, 5]
0.06976744186046512 0.13043478260869565
itercount --------> 2
[2, 0, 1]
[2, 0, 5]
0.13043478260869565 0.15789473684210525
itercount --------> 3
[5, 2, 1]
0.15789473684210525 0.23076923076923078
itercount --------> 4
[1, 0, 2]
0.23076923076923078 0.375
itercount --------> 5
[0, 1, 2]
[0, 1, 5]
[0, 1, 7]
[0, 1, 3]
[0, 1, 4]
0.375 0.47058823529411764
itercount --------> 6
[6, 3, 4]
[6, 3, 7]
[6, 3, 0]
[6, 3, 1]
[6, 3, 2]
[6, 3, 5]
[6, 3, 4, 7]
0.47058823529411764 0.5714285714285714
itercount --------> 7
[0, 1, 2]
[0, 1, 5]
[0, 1, 6]
[0, 1, 7]
0.5714285714285714 0.6153846153846154
itercount --------> 8
[0, 1, 2]
[0, 1, 5]
[0, 1, 6]
[0, 1, 7]
[0, 1, 3]
[0, 1, 4]
[0, 1, 2, 5]
[0, 1, 2, 6]
[0, 1, 2, 7]
[0, 1, 2, 3]
[0, 1, 2, 4]
[0, 1, 2, 5, 6]
[0, 1, 2, 5, 7]
[0, 1, 2, 5, 3]
[0, 1, 2, 5, 4]
[0, 1, 2, 5, 6, 7]
[0, 1, 2, 5, 6, 3]
[0, 1, 2, 5, 6, 4]
[0, 1, 2, 5, 6, 7, 3]
[0, 1, 2, 5, 6, 7, 4]
[0, 1, 2, 5, 6, 7, 3, 4]
failed -> 20 times
after fail n ======> 7
[0, 1, 2, 5, 7, 3, 4]
0.058823529411764705 0.1111111111111111
itercount --------> 1
[1, 2, 0]
0.1111111111111111 0.2
itercount --------> 2
[0, 1, 2]
0.2 0.3333333333333333
itercount --------> 3
[0, 1, 2]
[0, 1, 5]
[0, 1, 7]
[0, 1, 3]
0.3333333333333333 0.375
itercount --------> 4
[0, 1, 2]
[0, 1, 5]
[0, 1, 7]
[0, 1, 3]
[0, 1, 4]
0.375 0.47058823529411764
itercount --------> 5
[6, 3, 4]
[6, 3, 7]
0.47058823529411764 0.5714285714285714
itercount --------> 6
[0, 1, 2]
[0, 1, 5]
[0, 1, 6]
[0, 1, 7]
[0, 1, 3]
[0, 1, 4]
[0, 1, 2, 5]
[0, 1, 2, 6]
[0, 1, 2, 7]
[0, 1, 2, 3]
[0, 1, 2, 4]
[0, 1, 2, 5, 6]
[0, 1, 2, 5, 7]
[0, 1, 2, 5, 3]
[0, 1, 2, 5, 4]
[0, 1, 2, 5, 6, 7]
[0, 1, 2, 5, 6, 3]
[0, 1, 2, 5, 6, 4]
[0, 1, 2, 5, 6, 7, 3]
[0, 1, 2, 5, 6, 7, 4]
[0, 1, 2, 5, 6, 7, 3, 4]
failed -> 21 times
after fail n ======> 8
[0, 1, 2, 5, 7, 3, 4, 6]
0.058823529411764705 0.06976744186046512
itercount --------> 1
[0, 1, 5]
0.06976744186046512 0.13043478260869565
itercount --------> 2
[0, 2, 1]
0.13043478260869565 0.23076923076923078
itercount --------> 3
[1, 5, 0]
0.23076923076923078 0.375
itercount --------> 4
[0, 1, 2]
[0, 1, 5]
[0, 1, 7]
[0, 1, 4]
[0, 1, 3]
[0, 1, 6]
[0, 1, 2, 5]
[0, 1, 2, 7]
[0, 1, 2, 4]
[0, 1, 2, 3]
0.375 0.47058823529411764
itercount --------> 5
[6, 3, 4]
[6, 3, 7]
0.47058823529411764 0.5714285714285714
itercount --------> 6
[0, 1, 2]
[0, 1, 5]
[0, 1, 6]
[0, 1, 7]
[0, 1, 3]
[0, 1, 4]
[0, 1, 2, 5]
[0, 1, 2, 6]
[0, 1, 2, 7]
[0, 1, 2, 3]
[0, 1, 2, 4]
[0, 1, 2, 5, 6]
[0, 1, 2, 5, 7]
[0, 1, 2, 5, 3]
[0, 1, 2, 5, 4]
[0, 1, 2, 5, 6, 7]
[0, 1, 2, 5, 6, 3]
[0, 1, 2, 5, 6, 4]
[0, 1, 2, 5, 6, 7, 3]
[0, 1, 2, 5, 6, 7, 4]
[0, 1, 2, 5, 6, 7, 3, 4]
failed -> 22 times
after fail n ======> 5
[0, 1, 2, 5, 7]
0.058823529411764705 0.09090909090909091
itercount --------> 1
[5, 0, 1]
0.09090909090909091 0.16129032258064516
itercount --------> 2
[0, 7, 1]
0.16129032258064516 0.21428571428571427
itercount --------> 3
[0, 7, 1]
0.21428571428571427 0.22727272727272727
itercount --------> 4
[0, 7, 1]
0.22727272727272727 0.3333333333333333
itercount --------> 5
[0, 1, 2]
[0, 1, 5]
[0, 1, 7]
[0, 1, 3]
0.3333333333333333 0.375
itercount --------> 6
[0, 1, 2]
[0, 1, 5]
[0, 1, 7]
[0, 1, 3]
[0, 1, 4]
0.375 0.47058823529411764
itercount --------> 7
[6, 3, 4]
[6, 3, 7]
0.47058823529411764 0.5714285714285714
itercount --------> 8
[0, 1, 2]
[0, 1, 5]
[0, 1, 6]
[0, 1, 7]
[0, 1, 3]
[0, 1, 4]
[0, 1, 2, 5]
[0, 1, 2, 6]
[0, 1, 2, 7]
[0, 1, 2, 3]
[0, 1, 2, 4]
[0, 1, 2, 5, 6]
[0, 1, 2, 5, 7]
[0, 1, 2, 5, 3]
[0, 1, 2, 5, 4]
[0, 1, 2, 5, 6, 7]
[0, 1, 2, 5, 6, 3]
[0, 1, 2, 5, 6, 4]
[0, 1, 2, 5, 6, 7, 3]
[0, 1, 2, 5, 6, 7, 4]
[0, 1, 2, 5, 6, 7, 3, 4]
failed -> 23 times
after fail n ======> 6
[0, 1, 2, 5, 7, 3]
0.058823529411764705 0.07317073170731707
itercount --------> 1
[1, 2, 0]
0.07317073170731707 0.17647058823529413
itercount --------> 2
[0, 1, 2]
[0, 1, 5]
[0, 1, 7]
[0, 1, 3]
0.17647058823529413 0.19047619047619047
itercount --------> 3
[1, 0, 2]
0.19047619047619047 0.26666666666666666
itercount --------> 4
[0, 1, 2]
[0, 1, 5]
[0, 1, 7]
0.26666666666666666 0.375
itercount --------> 5
[0, 1, 2]
[0, 1, 5]
0.375 0.4
itercount --------> 6
[0, 1, 2]
[0, 1, 5]
[0, 1, 7]
[0, 1, 3]
[0, 1, 4]
0.4 0.4444444444444444
itercount --------> 7
[6, 3, 4]
[6, 3, 7]
[6, 3, 0]
[6, 3, 2]
[6, 3, 1]
[6, 3, 5]
[6, 3, 4, 7]
[6, 3, 4, 0]
[6, 3, 4, 2]
[6, 3, 4, 1]
[6, 3, 4, 5]
[6, 3, 4, 7, 0]
0.4444444444444444 0.5
itercount --------> 8
[6, 4, 7]
0.5 0.6666666666666666
itercount --------> 9
[0, 1, 2]
[0, 1, 5]
[0, 1, 6]
[0, 1, 3]
[0, 1, 4]
[0, 1, 7]
[0, 1, 2, 5]
[0, 1, 2, 6]
[0, 1, 2, 3]
[0, 1, 2, 4]
[0, 1, 2, 7]
[0, 1, 2, 5, 6]
[0, 1, 2, 5, 3]
[0, 1, 2, 5, 4]
[0, 1, 2, 5, 7]
[0, 1, 2, 5, 6, 3]
[0, 1, 2, 5, 6, 4]
[0, 1, 2, 5, 6, 7]
[0, 1, 2, 5, 6, 3, 4]
[0, 1, 2, 5, 6, 3, 7]
[0, 1, 2, 5, 6, 3, 4, 7]
failed -> 24 times
after fail n ======> 7
[0, 1, 2, 5, 7, 3, 4]
0.058823529411764705 0.09090909090909091
itercount --------> 1
[0, 2, 1]
0.09090909090909091 0.17647058823529413
itercount --------> 2
[0, 2, 7]
0.17647058823529413 0.3333333333333333
itercount --------> 3
[0, 1, 2]
[0, 1, 5]
[0, 1, 7]
[0, 1, 3]
0.3333333333333333 0.375
itercount --------> 4
[0, 1, 2]
[0, 1, 5]
[0, 1, 7]
[0, 1, 3]
[0, 1, 4]
0.375 0.47058823529411764
itercount --------> 5
[6, 3, 4]
[6, 3, 7]
[6, 3, 0]
[6, 3, 1]
[6, 3, 2]
[6, 3, 5]
[6, 3, 4, 7]
[6, 3, 4, 0]
[6, 3, 4, 1]
[6, 3, 4, 2]
[6, 3, 4, 5]
[6, 3, 4, 7, 0]
0.47058823529411764 0.5714285714285714
itercount --------> 6
[0, 1, 2]
[0, 1, 5]
[0, 1, 6]
[0, 1, 7]
[0, 1, 4]
[0, 1, 3]
[0, 1, 2, 5]
[0, 1, 2, 6]
[0, 1, 2, 7]
[0, 1, 2, 4]
[0, 1, 2, 3]
[0, 1, 2, 5, 6]
[0, 1, 2, 5, 7]
[0, 1, 2, 5, 4]
[0, 1, 2, 5, 3]
[0, 1, 2, 5, 6, 7]
[0, 1, 2, 5, 6, 4]
[0, 1, 2, 5, 6, 3]
[0, 1, 2, 5, 6, 7, 4]
[0, 1, 2, 5, 6, 7, 3]
[0, 1, 2, 5, 6, 7, 4, 3]
failed -> 25 times
after fail n ======> 8
[0, 1, 2, 5, 7, 3, 4, 6]
0.058823529411764705 0.07142857142857142
itercount --------> 1
[1, 0, 5]
0.07142857142857142 0.16666666666666666
itercount --------> 2
[1, 0, 2]
0.16666666666666666 0.18181818181818182
itercount --------> 3
[1, 5, 7]
[1, 5, 0]
[1, 5, 2]
0.18181818181818182 0.2
itercount --------> 4
[0, 1, 2]
[0, 1, 5]
[0, 1, 7]
0.2 0.21052631578947367
itercount --------> 5
[0, 1, 2]
[0, 1, 7]
[0, 1, 3]
[0, 1, 5]
[0, 1, 4]
0.21052631578947367 0.23529411764705882
itercount --------> 6
[0, 1, 2]
[0, 1, 7]
[0, 1, 3]
0.23529411764705882 0.3157894736842105
itercount --------> 7
[1, 7, 0]
[1, 7, 5]
0.3157894736842105 0.3333333333333333
itercount --------> 8
[5, 7, 0]
0.3333333333333333 0.42857142857142855
itercount --------> 9
[1, 5, 7]
[1, 5, 3]
0.42857142857142855 0.46153846153846156
itercount --------> 10
[0, 1, 2]
[0, 1, 5]
[0, 1, 7]
[0, 1, 4]
0.46153846153846156 0.5
itercount --------> 11
[6, 3, 4]
[6, 3, 7]
[6, 3, 0]
[6, 3, 1]
[6, 3, 2]
[6, 3, 5]
[6, 3, 4, 7]
[6, 3, 4, 0]
[6, 3, 4, 1]
[6, 3, 4, 2]
[6, 3, 4, 5]
[6, 3, 4, 7, 0]
0.5 0.6153846153846154
itercount --------> 12
[0, 1, 2]
[0, 1, 5]
[0, 1, 6]
[0, 1, 7]
[0, 1, 4]
[0, 1, 3]
[0, 1, 2, 5]
[0, 1, 2, 6]
[0, 1, 2, 7]
[0, 1, 2, 4]
[0, 1, 2, 3]
[0, 1, 2, 5, 6]
[0, 1, 2, 5, 7]
[0, 1, 2, 5, 4]
[0, 1, 2, 5, 3]
[0, 1, 2, 5, 6, 7]
[0, 1, 2, 5, 6, 4]
[0, 1, 2, 5, 6, 3]
[0, 1, 2, 5, 6, 7, 4]
[0, 1, 2, 5, 6, 7, 3]
[0, 1, 2, 5, 6, 7, 4, 3]
failed -> 26 times
after fail n ======> 5
[0, 1, 2, 5, 7]
0.058823529411764705 0.1111111111111111
itercount --------> 1
[0, 1, 2]
[0, 1, 5]
0.1111111111111111 0.2
itercount --------> 2
[0, 1, 2]
0.2 0.3333333333333333
itercount --------> 3
[0, 1, 2]
[0, 1, 5]
[0, 1, 7]
[0, 1, 3]
0.3333333333333333 0.375
itercount --------> 4
[0, 1, 2]
[0, 1, 5]
[0, 1, 7]
[0, 1, 3]
[0, 1, 4]
0.375 0.47058823529411764
itercount --------> 5
[6, 3, 4]
[6, 3, 7]
0.47058823529411764 0.5714285714285714
itercount --------> 6
[0, 1, 2]
[0, 1, 5]
[0, 1, 6]
[0, 1, 7]
[0, 1, 3]
[0, 1, 4]
[0, 1, 2, 5]
[0, 1, 2, 6]
[0, 1, 2, 7]
[0, 1, 2, 3]
[0, 1, 2, 4]
[0, 1, 2, 5, 6]
[0, 1, 2, 5, 7]
[0, 1, 2, 5, 3]
[0, 1, 2, 5, 4]
[0, 1, 2, 5, 6, 7]
[0, 1, 2, 5, 6, 3]
[0, 1, 2, 5, 6, 4]
[0, 1, 2, 5, 6, 7, 3]
[0, 1, 2, 5, 6, 7, 4]
[0, 1, 2, 5, 6, 7, 3, 4]
failed -> 27 times
after fail n ======> 6
[0, 1, 2, 5, 7, 3]
0.058823529411764705 0.07317073170731707
itercount --------> 1
[5, 2, 0]
0.07317073170731707 0.08823529411764706
itercount --------> 2
[5, 0, 2]
0.08823529411764706 0.12
itercount --------> 3
[2, 5, 0]
0.12 0.17647058823529413
itercount --------> 4
[0, 1, 2]
[0, 1, 5]
[0, 1, 7]
0.17647058823529413 0.3333333333333333
itercount --------> 5
[0, 1, 2]
0.3333333333333333 0.35294117647058826
itercount --------> 6
[0, 1, 2]
[0, 1, 5]
[0, 1, 7]
[0, 1, 3]
0.35294117647058826 0.375
itercount --------> 7
[0, 6, 4]
0.375 0.47058823529411764
itercount --------> 8
[6, 3, 4]
[6, 3, 7]
[6, 3, 0]
[6, 3, 1]
[6, 3, 2]
[6, 3, 5]
[6, 3, 4, 7]
0.47058823529411764 0.5714285714285714
itercount --------> 9
[0, 6, 7]
[0, 6, 3]
[0, 6, 4]
[0, 6, 1]
0.5714285714285714 0.6153846153846154
itercount --------> 10
[0, 1, 2]
[0, 1, 5]
[0, 1, 6]
[0, 1, 7]
[0, 1, 3]
[0, 1, 4]
[0, 1, 2, 5]
[0, 1, 2, 6]
[0, 1, 2, 7]
[0, 1, 2, 3]
[0, 1, 2, 4]
[0, 1, 2, 5, 6]
[0, 1, 2, 5, 7]
[0, 1, 2, 5, 3]
[0, 1, 2, 5, 4]
[0, 1, 2, 5, 6, 7]
[0, 1, 2, 5, 6, 3]
[0, 1, 2, 5, 6, 4]
[0, 1, 2, 5, 6, 7, 3]
[0, 1, 2, 5, 6, 7, 4]
[0, 1, 2, 5, 6, 7, 3, 4]
failed -> 28 times
after fail n ======> 7
[0, 1, 2, 5, 7, 3, 4]
0.058823529411764705 0.0625
itercount --------> 1
[1, 2, 5]
0.0625 0.1111111111111111
itercount --------> 2
[5, 0, 1]
0.1111111111111111 0.18181818181818182
itercount --------> 3
[5, 6, 0]
0.18181818181818182 0.26666666666666666
itercount --------> 4
[0, 1, 2]
[0, 1, 5]
[0, 1, 7]
0.26666666666666666 0.35294117647058826
itercount --------> 5
[1, 2, 6]
[1, 2, 3]
[1, 2, 0]
0.35294117647058826 0.4
itercount --------> 6
[0, 1, 2]
[0, 1, 5]
[0, 1, 7]
[0, 1, 4]
[0, 1, 3]
0.4 0.5
itercount --------> 7
[6, 3, 4]
[6, 3, 7]
0.5 0.6153846153846154
itercount --------> 8
[0, 1, 2]
[0, 1, 5]
[0, 1, 6]
[0, 1, 7]
[0, 1, 3]
[0, 1, 4]
[0, 1, 2, 5]
[0, 1, 2, 6]
[0, 1, 2, 7]
[0, 1, 2, 3]
[0, 1, 2, 4]
[0, 1, 2, 5, 6]
[0, 1, 2, 5, 7]
[0, 1, 2, 5, 3]
[0, 1, 2, 5, 4]
[0, 1, 2, 5, 6, 7]
[0, 1, 2, 5, 6, 3]
[0, 1, 2, 5, 6, 4]
[0, 1, 2, 5, 6, 7, 3]
[0, 1, 2, 5, 6, 7, 4]
[0, 1, 2, 5, 6, 7, 3, 4]
failed -> 29 times
after fail n ======> 8
[0, 1, 2, 5, 7, 3, 4, 6]
0.058823529411764705 0.1111111111111111
itercount --------> 1
[1, 2, 0]
0.1111111111111111 0.2
itercount --------> 2
[2, 0, 1]
0.2 0.3333333333333333
itercount --------> 3
[0, 1, 2]
[0, 1, 5]
[0, 1, 7]
0.3333333333333333 0.35294117647058826
itercount --------> 4
[0, 1, 2]
[0, 1, 5]
[0, 1, 7]
[0, 1, 3]
0.35294117647058826 0.4
itercount --------> 5
[0, 1, 2]
[0, 1, 5]
[0, 1, 7]
[0, 1, 3]
[0, 1, 4]
[0, 1, 6]
[0, 1, 2, 5]
[0, 1, 2, 7]
[0, 1, 2, 3]
[0, 1, 2, 4]
0.4 0.42105263157894735
itercount --------> 6
[6, 3, 4]
[6, 3, 0]
[6, 3, 5]
[6, 3, 7]
[6, 3, 1]
[6, 3, 2]
[6, 3, 4, 0]
0.42105263157894735 0.42857142857142855
itercount --------> 7
[0, 5, 3]
0.42857142857142855 0.4375
itercount --------> 8
[6, 3, 4]
[6, 3, 7]
[6, 3, 0]
[6, 3, 1]
0.4375 0.46153846153846156
itercount --------> 9
[0, 1, 2]
[0, 1, 5]
[0, 1, 7]
[0, 1, 3]
[0, 1, 6]
[0, 1, 4]
[0, 1, 2, 5]
[0, 1, 2, 7]
[0, 1, 2, 3]
[0, 1, 2, 6]
[0, 1, 2, 4]
[0, 1, 2, 5, 7]
[0, 1, 2, 5, 3]
[0, 1, 2, 5, 6]
[0, 1, 2, 5, 4]
[0, 1, 2, 5, 7, 3]
[0, 1, 2, 5, 7, 6]
0.46153846153846156 0.6428571428571429
itercount --------> 10
[3, 4, 6]
0.6428571428571429 0.6666666666666666
itercount --------> 11
[3, 4, 6]
[3, 4, 7]
[3, 4, 0]
[3, 4, 1]
[3, 4, 2]
[3, 4, 5]
[3, 4, 6, 7]
[3, 4, 6, 0]
[3, 4, 6, 1]
[3, 4, 6, 2]
[3, 4, 6, 5]
[3, 4, 6, 7, 0]
[3, 4, 6, 7, 1]
[3, 4, 6, 7, 2]
[3, 4, 6, 7, 5]
[3, 4, 6, 7, 0, 1]
[3, 4, 6, 7, 0, 2]
[3, 4, 6, 7, 0, 5]
[3, 4, 6, 7, 0, 1, 2]
[3, 4, 6, 7, 0, 1, 5]
[3, 4, 6, 7, 0, 1, 2, 5]
failed -> 30 times
after fail n ======> 5
[0, 1, 2, 5, 7]
0.058823529411764705 0.0967741935483871
itercount --------> 1
[1, 2, 5]
0.0967741935483871 0.17647058823529413
itercount --------> 2
[5, 1, 2]
0.17647058823529413 0.2857142857142857
itercount --------> 3
[7, 5, 0]
[7, 5, 1]
0.2857142857142857 0.3333333333333333
itercount --------> 4
[0, 5, 1]
[0, 5, 2]
0.3333333333333333 0.35294117647058826
itercount --------> 5
[0, 1, 2]
[0, 1, 5]
[0, 1, 7]
[0, 1, 3]
0.35294117647058826 0.4
itercount --------> 6
[0, 1, 2]
[0, 1, 5]
[0, 1, 7]
[0, 1, 3]
[0, 1, 4]
0.4 0.5
itercount --------> 7
[6, 3, 4]
[6, 3, 7]
0.5 0.6153846153846154
itercount --------> 8
[0, 1, 2]
[0, 1, 5]
[0, 1, 6]
[0, 1, 7]
[0, 1, 3]
[0, 1, 4]
[0, 1, 2, 5]
[0, 1, 2, 6]
[0, 1, 2, 7]
[0, 1, 2, 3]
[0, 1, 2, 4]
[0, 1, 2, 5, 6]
[0, 1, 2, 5, 7]
[0, 1, 2, 5, 3]
[0, 1, 2, 5, 4]
[0, 1, 2, 5, 6, 7]
[0, 1, 2, 5, 6, 3]
[0, 1, 2, 5, 6, 4]
[0, 1, 2, 5, 6, 7, 3]
[0, 1, 2, 5, 6, 7, 4]
[0, 1, 2, 5, 6, 7, 3, 4]
failed -> 31 times
after fail n ======> 6
[0, 1, 2, 5, 7, 3]
0.058823529411764705 0.1111111111111111
itercount --------> 1
[1, 5, 0]
0.1111111111111111 0.2
itercount --------> 2
[0, 1, 2]
0.2 0.3333333333333333
itercount --------> 3
[0, 1, 2]
[0, 1, 5]
[0, 1, 7]
[0, 1, 3]
[0, 1, 4]
[0, 1, 6]
[0, 1, 2, 5]
[0, 1, 2, 7]
[0, 1, 2, 3]
0.3333333333333333 0.375
itercount --------> 4
[0, 1, 2]
[0, 1, 5]
[0, 1, 7]
[0, 1, 3]
[0, 1, 4]
0.375 0.47058823529411764
itercount --------> 5
[6, 3, 4]
[6, 3, 7]
0.47058823529411764 0.5714285714285714
itercount --------> 6
[0, 1, 2]
[0, 1, 5]
[0, 1, 6]
0.5714285714285714 0.6153846153846154
itercount --------> 7
[0, 1, 2]
[0, 1, 5]
[0, 1, 6]
[0, 1, 7]
[0, 1, 3]
[0, 1, 4]
[0, 1, 2, 5]
[0, 1, 2, 6]
[0, 1, 2, 7]
[0, 1, 2, 3]
[0, 1, 2, 4]
[0, 1, 2, 5, 6]
[0, 1, 2, 5, 7]
[0, 1, 2, 5, 3]
[0, 1, 2, 5, 4]
[0, 1, 2, 5, 6, 7]
[0, 1, 2, 5, 6, 3]
[0, 1, 2, 5, 6, 4]
[0, 1, 2, 5, 6, 7, 3]
[0, 1, 2, 5, 6, 7, 4]
[0, 1, 2, 5, 6, 7, 3, 4]
failed -> 32 times
after fail n ======> 7
[0, 1, 2, 5, 7, 3, 4]
0.058823529411764705 0.06976744186046512
itercount --------> 1
[0, 1, 5]
0.06976744186046512 0.13043478260869565
itercount --------> 2
[5, 2, 0]
[5, 2, 1]
0.13043478260869565 0.23076923076923078
itercount --------> 3
[2, 0, 1]
0.23076923076923078 0.375
itercount --------> 4
[0, 1, 2]
[0, 1, 5]
[0, 1, 7]
[0, 1, 3]
[0, 1, 4]
[0, 1, 6]
[0, 1, 2, 5]
[0, 1, 2, 7]
[0, 1, 2, 3]
[0, 1, 2, 4]
0.375 0.47058823529411764
itercount --------> 5
[6, 3, 4]
[6, 3, 7]
0.47058823529411764 0.5714285714285714
itercount --------> 6
[0, 1, 2]
[0, 1, 5]
[0, 1, 6]
[0, 1, 7]
[0, 1, 3]
[0, 1, 4]
[0, 1, 2, 5]
[0, 1, 2, 6]
[0, 1, 2, 7]
[0, 1, 2, 3]
[0, 1, 2, 4]
[0, 1, 2, 5, 6]
[0, 1, 2, 5, 7]
[0, 1, 2, 5, 3]
[0, 1, 2, 5, 4]
[0, 1, 2, 5, 6, 7]
[0, 1, 2, 5, 6, 3]
[0, 1, 2, 5, 6, 4]
[0, 1, 2, 5, 6, 7, 3]
[0, 1, 2, 5, 6, 7, 4]
[0, 1, 2, 5, 6, 7, 3, 4]
failed -> 33 times
after fail n ======> 8
[0, 1, 2, 5, 7, 3, 4, 6]
0.058823529411764705 0.1111111111111111
itercount --------> 1
[0, 5, 1]
0.1111111111111111 0.2
itercount --------> 2
[5, 0, 1]
0.2 0.3333333333333333
itercount --------> 3
[0, 1, 2]
[0, 1, 5]
[0, 1, 7]
[0, 1, 3]
0.3333333333333333 0.375
itercount --------> 4
[0, 1, 2]
[0, 1, 5]
[0, 1, 7]
[0, 1, 3]
[0, 1, 4]
0.375 0.47058823529411764
itercount --------> 5
[6, 3, 4]
[6, 3, 7]
[6, 3, 0]
[6, 3, 1]
[6, 3, 2]
[6, 3, 5]
[6, 3, 4, 7]
0.47058823529411764 0.5714285714285714
itercount --------> 6
[0, 1, 2]
[0, 1, 5]
[0, 1, 6]
[0, 1, 7]
[0, 1, 4]
[0, 1, 3]
[0, 1, 2, 5]
[0, 1, 2, 6]
[0, 1, 2, 7]
[0, 1, 2, 4]
[0, 1, 2, 3]
[0, 1, 2, 5, 6]
[0, 1, 2, 5, 7]
[0, 1, 2, 5, 4]
[0, 1, 2, 5, 3]
[0, 1, 2, 5, 6, 7]
[0, 1, 2, 5, 6, 4]
[0, 1, 2, 5, 6, 3]
[0, 1, 2, 5, 6, 7, 4]
[0, 1, 2, 5, 6, 7, 3]
[0, 1, 2, 5, 6, 7, 4, 3]
failed -> 34 times
after fail n ======> 5
[0, 1, 2, 5, 7]
0.058823529411764705 0.09090909090909091
itercount --------> 1
[1, 2, 0]
0.09090909090909091 0.16129032258064516
itercount --------> 2
[2, 7, 0]
0.16129032258064516 0.3
itercount --------> 3
[2, 7, 6]
0.3 0.3333333333333333
itercount --------> 4
[0, 1, 2]
[0, 1, 5]
[0, 1, 7]
[0, 1, 3]
0.3333333333333333 0.5
itercount --------> 5
[0, 1, 2]
[0, 1, 5]
[0, 1, 7]
[0, 1, 4]
0.5 0.6666666666666666
itercount --------> 6
[0, 1, 2]
[0, 1, 3]
[0, 1, 4]
[0, 1, 5]
[0, 1, 6]
[0, 1, 7]
[0, 1, 2, 3]
[0, 1, 2, 4]
[0, 1, 2, 5]
[0, 1, 2, 6]
[0, 1, 2, 7]
[0, 1, 2, 3, 4]
[0, 1, 2, 3, 5]
[0, 1, 2, 3, 6]
[0, 1, 2, 3, 7]
[0, 1, 2, 3, 4, 5]
[0, 1, 2, 3, 4, 6]
[0, 1, 2, 3, 4, 7]
[0, 1, 2, 3, 4, 5, 6]
[0, 1, 2, 3, 4, 5, 7]
[0, 1, 2, 3, 4, 5, 6, 7]
failed -> 35 times
after fail n ======> 6
[0, 1, 2, 5, 7, 3]
0.058823529411764705 0.06976744186046512
itercount --------> 1
[1, 2, 5]
0.06976744186046512 0.13043478260869565
itercount --------> 2
[5, 0, 1]
0.13043478260869565 0.23076923076923078
itercount --------> 3
[5, 0, 1]
0.23076923076923078 0.375
itercount --------> 4
[0, 1, 2]
[0, 1, 5]
[0, 1, 7]
[0, 1, 3]
[0, 1, 4]
0.375 0.47058823529411764
itercount --------> 5
[6, 3, 4]
[6, 3, 7]
[6, 3, 0]
[6, 3, 1]
[6, 3, 2]
[6, 3, 5]
0.47058823529411764 0.5
itercount --------> 6
[0, 1, 2]
[0, 1, 5]
[0, 1, 7]
0.5 0.7142857142857143
itercount --------> 7
[7, 6, 3]
[7, 6, 4]
[7, 6, 0]
[7, 6, 1]
[7, 6, 2]
[7, 6, 5]
[7, 6, 3, 4]
[7, 6, 3, 0]
[7, 6, 3, 1]
[7, 6, 3, 2]
[7, 6, 3, 5]
[7, 6, 3, 4, 0]
[7, 6, 3, 4, 1]
[7, 6, 3, 4, 2]
[7, 6, 3, 4, 5]
[7, 6, 3, 4, 0, 1]
[7, 6, 3, 4, 0, 2]
[7, 6, 3, 4, 0, 5]
[7, 6, 3, 4, 0, 1, 2]
[7, 6, 3, 4, 0, 1, 5]
[7, 6, 3, 4, 0, 1, 2, 5]
failed -> 36 times
after fail n ======> 7
[0, 1, 2, 5, 7, 3, 4]
0.058823529411764705 0.1111111111111111
itercount --------> 1
[1, 5, 0]
0.1111111111111111 0.2
itercount --------> 2
[5, 0, 1]
[5, 0, 2]
[5, 0, 7]
0.2 0.21428571428571427
itercount --------> 3
[5, 7, 0]
[5, 7, 1]
0.21428571428571427 0.3333333333333333
itercount --------> 4
[0, 2, 1]
0.3333333333333333 0.35294117647058826
itercount --------> 5
[0, 1, 2]
[0, 1, 5]
[0, 1, 7]
[0, 1, 3]
0.35294117647058826 0.375
itercount --------> 6
[0, 7, 3]
0.375 0.4
itercount --------> 7
[0, 1, 2]
[0, 1, 5]
[0, 1, 7]
[0, 1, 3]
[0, 1, 4]
0.4 0.4444444444444444
itercount --------> 8
[6, 0, 3]
[6, 0, 4]
[6, 0, 7]
[6, 0, 1]
0.4444444444444444 0.5
itercount --------> 9
[6, 3, 4]
[6, 3, 7]
0.5 0.6153846153846154
itercount --------> 10
[0, 1, 2]
[0, 1, 5]
[0, 1, 6]
[0, 1, 7]
[0, 1, 3]
[0, 1, 4]
[0, 1, 2, 5]
[0, 1, 2, 6]
[0, 1, 2, 7]
[0, 1, 2, 3]
[0, 1, 2, 4]
[0, 1, 2, 5, 6]
[0, 1, 2, 5, 7]
[0, 1, 2, 5, 3]
[0, 1, 2, 5, 4]
[0, 1, 2, 5, 6, 7]
[0, 1, 2, 5, 6, 3]
[0, 1, 2, 5, 6, 4]
[0, 1, 2, 5, 6, 7, 3]
[0, 1, 2, 5, 6, 7, 4]
[0, 1, 2, 5, 6, 7, 3, 4]
failed -> 37 times
after fail n ======> 8
[0, 1, 2, 5, 7, 3, 4, 6]
0.058823529411764705 0.060240963855421686
itercount --------> 1
[0, 1, 2]
0.060240963855421686 0.1111111111111111
itercount --------> 2
[1, 0, 2]
[1, 0, 5]
0.1111111111111111 0.2222222222222222
itercount --------> 3
[0, 2, 5]
0.2222222222222222 0.3333333333333333
itercount --------> 4
[1, 5, 0]
[1, 5, 2]
0.3333333333333333 0.35294117647058826
itercount --------> 5
[0, 1, 2]
[0, 1, 5]
[0, 1, 7]
[0, 1, 3]
0.35294117647058826 0.4
itercount --------> 6
[0, 1, 2]
[0, 1, 5]
[0, 1, 7]
[0, 1, 3]
[0, 1, 4]
0.4 0.5
itercount --------> 7
[6, 3, 4]
[6, 3, 7]
[6, 3, 0]
[6, 3, 1]
[6, 3, 2]
[6, 3, 5]
[6, 3, 4, 7]
[6, 3, 4, 0]
[6, 3, 4, 1]
[6, 3, 4, 2]
[6, 3, 4, 5]
[6, 3, 4, 7, 0]
0.5 0.6153846153846154
itercount --------> 8
[0, 1, 2]
[0, 1, 5]
[0, 1, 6]
[0, 1, 7]
[0, 1, 4]
[0, 1, 3]
[0, 1, 2, 5]
[0, 1, 2, 6]
[0, 1, 2, 7]
[0, 1, 2, 4]
[0, 1, 2, 3]
[0, 1, 2, 5, 6]
[0, 1, 2, 5, 7]
[0, 1, 2, 5, 4]
[0, 1, 2, 5, 3]
[0, 1, 2, 5, 6, 7]
[0, 1, 2, 5, 6, 4]
[0, 1, 2, 5, 6, 3]
[0, 1, 2, 5, 6, 7, 4]
[0, 1, 2, 5, 6, 7, 3]
[0, 1, 2, 5, 6, 7, 4, 3]
failed -> 38 times
after fail n ======> 5
[0, 1, 2, 5, 7]
0.058823529411764705 0.2
itercount --------> 1
[5, 0, 1]
0.2 0.3333333333333333
itercount --------> 2
[0, 1, 2]
[0, 1, 5]
[0, 1, 7]
[0, 1, 3]
0.3333333333333333 0.375
itercount --------> 3
[0, 1, 2]
[0, 1, 5]
[0, 1, 7]
[0, 1, 3]
[0, 1, 4]
[0, 1, 6]
[0, 1, 2, 5]
[0, 1, 2, 7]
[0, 1, 2, 3]
[0, 1, 2, 4]
0.375 0.47058823529411764
itercount --------> 4
[6, 3, 4]
[6, 3, 7]
[6, 3, 0]
[6, 3, 1]
[6, 3, 2]
[6, 3, 5]
[6, 3, 4, 7]
0.47058823529411764 0.5714285714285714
itercount --------> 5
[0, 1, 2]
[0, 1, 5]
[0, 1, 6]
[0, 1, 7]
[0, 1, 3]
[0, 1, 4]
[0, 1, 2, 5]
[0, 1, 2, 6]
[0, 1, 2, 7]
[0, 1, 2, 3]
[0, 1, 2, 4]
[0, 1, 2, 5, 6]
[0, 1, 2, 5, 7]
[0, 1, 2, 5, 3]
[0, 1, 2, 5, 4]
[0, 1, 2, 5, 6, 7]
[0, 1, 2, 5, 6, 3]
[0, 1, 2, 5, 6, 4]
[0, 1, 2, 5, 6, 7, 3]
[0, 1, 2, 5, 6, 7, 4]
[0, 1, 2, 5, 6, 7, 3, 4]
failed -> 39 times
after fail n ======> 6
[0, 1, 2, 5, 7, 3]
0.058823529411764705 0.06976744186046512
itercount --------> 1
[0, 1, 5]
0.06976744186046512 0.13043478260869565
itercount --------> 2
[5, 2, 0]
0.13043478260869565 0.375
itercount --------> 3
[0, 1, 2]
[0, 1, 5]
[0, 1, 7]
[0, 1, 3]
[0, 1, 4]
0.375 0.47058823529411764
itercount --------> 4
[6, 3, 4]
[6, 3, 7]
[6, 3, 0]
[6, 3, 1]
[6, 3, 2]
[6, 3, 5]
[6, 3, 4, 7]
0.47058823529411764 0.5714285714285714
itercount --------> 5
[0, 1, 2]
[0, 1, 5]
[0, 1, 6]
[0, 1, 7]
[0, 1, 4]
[0, 1, 3]
[0, 1, 2, 5]
[0, 1, 2, 6]
[0, 1, 2, 7]
[0, 1, 2, 4]
[0, 1, 2, 3]
[0, 1, 2, 5, 6]
[0, 1, 2, 5, 7]
[0, 1, 2, 5, 4]
[0, 1, 2, 5, 3]
[0, 1, 2, 5, 6, 7]
[0, 1, 2, 5, 6, 4]
[0, 1, 2, 5, 6, 3]
[0, 1, 2, 5, 6, 7, 4]
[0, 1, 2, 5, 6, 7, 3]
[0, 1, 2, 5, 6, 7, 4, 3]
failed -> 40 times
after fail n ======> 7
[0, 1, 2, 5, 7, 3, 4]
0.058823529411764705 0.09090909090909091
itercount --------> 1
[1, 5, 0]
[1, 5, 2]
[1, 5, 7]
0.09090909090909091 0.1111111111111111
itercount --------> 2
[5, 1, 0]
[5, 1, 2]
0.1111111111111111 0.2222222222222222
itercount --------> 3
[5, 1, 7]
[5, 1, 0]
0.2222222222222222 0.3333333333333333
itercount --------> 4
[0, 1, 2]
[0, 1, 5]
0.3333333333333333 0.35294117647058826
itercount --------> 5
[0, 1, 2]
[0, 1, 5]
[0, 1, 7]
[0, 1, 3]
0.35294117647058826 0.4
itercount --------> 6
[0, 1, 2]
[0, 1, 5]
[0, 1, 7]
[0, 1, 3]
[0, 1, 4]
[0, 1, 6]
[0, 1, 2, 5]
[0, 1, 2, 7]
[0, 1, 2, 3]
[0, 1, 2, 4]
0.4 0.5
itercount --------> 7
[6, 3, 4]
[6, 3, 7]
[6, 3, 0]
[6, 3, 1]
[6, 3, 2]
[6, 3, 5]
[6, 3, 4, 7]
[6, 3, 4, 0]
[6, 3, 4, 1]
[6, 3, 4, 2]
0.5 0.5384615384615384
itercount --------> 8
[7, 0, 1]
0.5384615384615384 0.7142857142857143
itercount --------> 9
[7, 6, 3]
[7, 6, 4]
[7, 6, 0]
[7, 6, 1]
[7, 6, 2]
[7, 6, 5]
[7, 6, 3, 4]
[7, 6, 3, 0]
[7, 6, 3, 1]
[7, 6, 3, 2]
[7, 6, 3, 5]
[7, 6, 3, 4, 0]
[7, 6, 3, 4, 1]
[7, 6, 3, 4, 2]
[7, 6, 3, 4, 5]
[7, 6, 3, 4, 0, 1]
[7, 6, 3, 4, 0, 2]
[7, 6, 3, 4, 0, 5]
[7, 6, 3, 4, 0, 1, 2]
[7, 6, 3, 4, 0, 1, 5]
[7, 6, 3, 4, 0, 1, 2, 5]
failed -> 41 times
after fail n ======> 8
[0, 1, 2, 5, 7, 3, 4, 6]
0.058823529411764705 0.07042253521126761
itercount --------> 1
[0, 1, 5]
0.07042253521126761 0.1282051282051282
itercount --------> 2
[0, 2, 1]
0.1282051282051282 0.21739130434782608
itercount --------> 3
[2, 0, 1]
[2, 0, 5]
0.21739130434782608 0.3333333333333333
itercount --------> 4
[0, 1, 2]
[0, 1, 5]
[0, 1, 6]
[0, 1, 4]
[0, 1, 7]
[0, 1, 3]
0.3333333333333333 0.42857142857142855
itercount --------> 5
[0, 1, 2]
[0, 1, 5]
[0, 1, 3]
[0, 1, 6]
0.42857142857142855 0.46153846153846156
itercount --------> 6
[0, 1, 2]
[0, 1, 5]
[0, 1, 7]
[0, 1, 3]
[0, 1, 6]
[0, 1, 4]
[0, 1, 2, 5]
[0, 1, 2, 7]
[0, 1, 2, 3]
[0, 1, 2, 6]
[0, 1, 2, 4]
[0, 1, 2, 5, 7]
[0, 1, 2, 5, 3]
[0, 1, 2, 5, 6]
[0, 1, 2, 5, 4]
[0, 1, 2, 5, 7, 3]
[0, 1, 2, 5, 7, 6]
0.46153846153846156 0.5625
itercount --------> 7
[6, 7, 1]
0.5625 0.6666666666666666
itercount --------> 8
[0, 1, 2]
[0, 1, 5]
[0, 1, 6]
[0, 1, 4]
[0, 1, 3]
[0, 1, 7]
[0, 1, 2, 5]
[0, 1, 2, 6]
[0, 1, 2, 4]
[0, 1, 2, 3]
[0, 1, 2, 7]
[0, 1, 2, 5, 6]
[0, 1, 2, 5, 4]
[0, 1, 2, 5, 3]
[0, 1, 2, 5, 7]
[0, 1, 2, 5, 6, 4]
[0, 1, 2, 5, 6, 3]
[0, 1, 2, 5, 6, 7]
[0, 1, 2, 5, 6, 4, 3]
[0, 1, 2, 5, 6, 4, 7]
[0, 1, 2, 5, 6, 4, 3, 7]
failed -> 42 times
after fail n ======> 5
[0, 1, 2, 5, 7]
0.058823529411764705 0.1111111111111111
itercount --------> 1
[0, 1, 2]
0.1111111111111111 0.3333333333333333
itercount --------> 2
[0, 1, 2]
[0, 1, 5]
[0, 1, 7]
[0, 1, 3]
0.3333333333333333 0.375
itercount --------> 3
[0, 1, 2]
[0, 1, 5]
[0, 1, 7]
[0, 1, 3]
[0, 1, 4]
0.375 0.47058823529411764
itercount --------> 4
[6, 3, 4]
[6, 3, 7]
0.47058823529411764 0.5714285714285714
itercount --------> 5
[0, 1, 2]
[0, 1, 5]
[0, 1, 6]
[0, 1, 7]
[0, 1, 3]
[0, 1, 4]
[0, 1, 2, 5]
[0, 1, 2, 6]
[0, 1, 2, 7]
[0, 1, 2, 3]
[0, 1, 2, 4]
[0, 1, 2, 5, 6]
[0, 1, 2, 5, 7]
[0, 1, 2, 5, 3]
[0, 1, 2, 5, 4]
[0, 1, 2, 5, 6, 7]
[0, 1, 2, 5, 6, 3]
[0, 1, 2, 5, 6, 4]
[0, 1, 2, 5, 6, 7, 3]
[0, 1, 2, 5, 6, 7, 4]
[0, 1, 2, 5, 6, 7, 3, 4]
failed -> 43 times
after fail n ======> 6
[0, 1, 2, 5, 7, 3]
0.058823529411764705 0.13043478260869565
itercount --------> 1
[2, 5, 0]
0.13043478260869565 0.375
itercount --------> 2
[0, 1, 2]
[0, 1, 5]
[0, 1, 7]
[0, 1, 3]
[0, 1, 4]
0.375 0.47058823529411764
itercount --------> 3
[6, 3, 4]
[6, 3, 7]
0.47058823529411764 0.5714285714285714
itercount --------> 4
[0, 1, 2]
[0, 1, 5]
[0, 1, 6]
[0, 1, 7]
[0, 1, 3]
[0, 1, 4]
[0, 1, 2, 5]
[0, 1, 2, 6]
[0, 1, 2, 7]
[0, 1, 2, 3]
[0, 1, 2, 4]
[0, 1, 2, 5, 6]
[0, 1, 2, 5, 7]
[0, 1, 2, 5, 3]
[0, 1, 2, 5, 4]
[0, 1, 2, 5, 6, 7]
[0, 1, 2, 5, 6, 3]
[0, 1, 2, 5, 6, 4]
[0, 1, 2, 5, 6, 7, 3]
[0, 1, 2, 5, 6, 7, 4]
[0, 1, 2, 5, 6, 7, 3, 4]
failed -> 44 times
after fail n ======> 7
[0, 1, 2, 5, 7, 3, 4]
0.058823529411764705 0.06976744186046512
itercount --------> 1
[0, 2, 5]
[0, 2, 1]
0.06976744186046512 0.13043478260869565
itercount --------> 2
[5, 1, 0]
0.13043478260869565 0.375
itercount --------> 3
[0, 1, 2]
[0, 1, 5]
[0, 1, 7]
[0, 1, 4]
[0, 1, 3]
0.375 0.47058823529411764
itercount --------> 4
[6, 3, 4]
[6, 3, 7]
0.47058823529411764 0.5714285714285714
itercount --------> 5
[0, 1, 2]
[0, 1, 5]
[0, 1, 6]
[0, 1, 7]
[0, 1, 3]
[0, 1, 4]
[0, 1, 2, 5]
[0, 1, 2, 6]
[0, 1, 2, 7]
[0, 1, 2, 3]
[0, 1, 2, 4]
[0, 1, 2, 5, 6]
[0, 1, 2, 5, 7]
[0, 1, 2, 5, 3]
[0, 1, 2, 5, 4]
[0, 1, 2, 5, 6, 7]
[0, 1, 2, 5, 6, 3]
[0, 1, 2, 5, 6, 4]
[0, 1, 2, 5, 6, 7, 3]
[0, 1, 2, 5, 6, 7, 4]
[0, 1, 2, 5, 6, 7, 3, 4]
failed -> 45 times
after fail n ======> 8
[0, 1, 2, 5, 7, 3, 4, 6]
0.058823529411764705 0.06976744186046512
itercount --------> 1
[1, 2, 5]
0.06976744186046512 0.23076923076923078
itercount --------> 2
[0, 1, 2]
0.23076923076923078 0.375
itercount --------> 3
[0, 1, 2]
[0, 1, 5]
[0, 1, 7]
[0, 1, 3]
[0, 1, 4]
0.375 0.47058823529411764
itercount --------> 4
[6, 3, 4]
[6, 3, 7]
[6, 3, 0]
[6, 3, 1]
[6, 3, 2]
[6, 3, 5]
[6, 3, 4, 7]
0.47058823529411764 0.5714285714285714
itercount --------> 5
[0, 1, 2]
[0, 1, 5]
[0, 1, 6]
[0, 1, 7]
[0, 1, 3]
[0, 1, 4]
[0, 1, 2, 5]
[0, 1, 2, 6]
[0, 1, 2, 7]
[0, 1, 2, 3]
[0, 1, 2, 4]
[0, 1, 2, 5, 6]
[0, 1, 2, 5, 7]
[0, 1, 2, 5, 3]
[0, 1, 2, 5, 4]
[0, 1, 2, 5, 6, 7]
[0, 1, 2, 5, 6, 3]
[0, 1, 2, 5, 6, 4]
[0, 1, 2, 5, 6, 7, 3]
[0, 1, 2, 5, 6, 7, 4]
[0, 1, 2, 5, 6, 7, 3, 4]
failed -> 46 times
after fail n ======> 5
[0, 1, 2, 5, 7]
0.058823529411764705 0.07317073170731707
itercount --------> 1
[2, 5, 0]
0.07317073170731707 0.12
itercount --------> 2
[5, 0, 1]
0.12 0.17647058823529413
itercount --------> 3
[0, 1, 2]
[0, 1, 5]
[0, 1, 7]
0.17647058823529413 0.21428571428571427
itercount --------> 4
[1, 7, 0]
0.21428571428571427 0.3333333333333333
itercount --------> 5
[0, 2, 5]
[0, 2, 1]
0.3333333333333333 0.35294117647058826
itercount --------> 6
[0, 1, 2]
[0, 1, 5]
[0, 1, 7]
[0, 1, 3]
0.35294117647058826 0.4
itercount --------> 7
[0, 1, 2]
[0, 1, 5]
[0, 1, 7]
[0, 1, 3]
[0, 1, 4]
[0, 1, 6]
[0, 1, 2, 5]
[0, 1, 2, 7]
[0, 1, 2, 3]
[0, 1, 2, 4]
0.4 0.5
itercount --------> 8
[6, 3, 4]
[6, 3, 7]
0.5 0.6153846153846154
itercount --------> 9
[0, 1, 2]
[0, 1, 5]
[0, 1, 6]
[0, 1, 7]
[0, 1, 3]
[0, 1, 4]
[0, 1, 2, 5]
[0, 1, 2, 6]
[0, 1, 2, 7]
[0, 1, 2, 3]
[0, 1, 2, 4]
[0, 1, 2, 5, 6]
[0, 1, 2, 5, 7]
[0, 1, 2, 5, 3]
[0, 1, 2, 5, 4]
[0, 1, 2, 5, 6, 7]
[0, 1, 2, 5, 6, 3]
[0, 1, 2, 5, 6, 4]
[0, 1, 2, 5, 6, 7, 3]
[0, 1, 2, 5, 6, 7, 4]
[0, 1, 2, 5, 6, 7, 3, 4]
failed -> 47 times
after fail n ======> 6
[0, 1, 2, 5, 7, 3]
0.058823529411764705 0.1111111111111111
itercount --------> 1
[2, 5, 0]
0.1111111111111111 0.14285714285714285
itercount --------> 2
[0, 5, 7]
0.14285714285714285 0.17647058823529413
itercount --------> 3
[0, 1, 2]
[0, 1, 5]
[0, 1, 7]
0.17647058823529413 0.2
itercount --------> 4
[1, 0, 2]
0.2 0.21428571428571427
itercount --------> 5
[1, 0, 2]
0.21428571428571427 0.35294117647058826
itercount --------> 6
[0, 1, 2]
[0, 1, 5]
[0, 1, 7]
[0, 1, 3]
0.35294117647058826 0.4
itercount --------> 7
[0, 1, 2]
[0, 1, 5]
[0, 1, 7]
[0, 1, 3]
[0, 1, 4]
0.4 0.5
itercount --------> 8
[6, 3, 4]
[6, 3, 7]
0.5 0.6153846153846154
itercount --------> 9
[0, 1, 2]
[0, 1, 5]
[0, 1, 6]
[0, 1, 7]
[0, 1, 3]
[0, 1, 4]
[0, 1, 2, 5]
[0, 1, 2, 6]
[0, 1, 2, 7]
[0, 1, 2, 3]
[0, 1, 2, 4]
[0, 1, 2, 5, 6]
[0, 1, 2, 5, 7]
[0, 1, 2, 5, 3]
[0, 1, 2, 5, 4]
[0, 1, 2, 5, 6, 7]
[0, 1, 2, 5, 6, 3]
[0, 1, 2, 5, 6, 4]
[0, 1, 2, 5, 6, 7, 3]
[0, 1, 2, 5, 6, 7, 4]
[0, 1, 2, 5, 6, 7, 3, 4]
failed -> 48 times
after fail n ======> 7
[0, 1, 2, 5, 7, 3, 4]
0.058823529411764705 0.06976744186046512
itercount --------> 1
[0, 1, 2]
[0, 1, 5]
0.06976744186046512 0.23076923076923078
itercount --------> 2
[2, 0, 1]
0.23076923076923078 0.375
itercount --------> 3
[0, 1, 2]
[0, 1, 5]
[0, 1, 7]
[0, 1, 4]
[0, 1, 3]
0.375 0.47058823529411764
itercount --------> 4
[6, 3, 4]
[6, 3, 7]
0.47058823529411764 0.5714285714285714
itercount --------> 5
[0, 1, 2]
[0, 1, 5]
[0, 1, 6]
[0, 1, 7]
[0, 1, 3]
[0, 1, 4]
[0, 1, 2, 5]
[0, 1, 2, 6]
[0, 1, 2, 7]
[0, 1, 2, 3]
[0, 1, 2, 4]
[0, 1, 2, 5, 6]
[0, 1, 2, 5, 7]
[0, 1, 2, 5, 3]
[0, 1, 2, 5, 4]
[0, 1, 2, 5, 6, 7]
[0, 1, 2, 5, 6, 3]
[0, 1, 2, 5, 6, 4]
[0, 1, 2, 5, 6, 7, 3]
[0, 1, 2, 5, 6, 7, 4]
[0, 1, 2, 5, 6, 7, 3, 4]
failed -> 49 times
after fail n ======> 8
[0, 1, 2, 5, 7, 3, 4, 6]
0.058823529411764705 0.07936507936507936
itercount --------> 1
[2, 0, 1]
0.07936507936507936 0.12195121951219512
itercount --------> 2
[2, 0, 1]
0.12195121951219512 0.18518518518518517
itercount --------> 3
[2, 0, 1]
0.18518518518518517 0.23809523809523808
itercount --------> 4
[0, 1, 2]
[0, 1, 5]
[0, 1, 6]
0.23809523809523808 0.2777777777777778
itercount --------> 5
[1, 2, 5]
[1, 2, 6]
0.2777777777777778 0.4
itercount --------> 6
[0, 1, 2]
[0, 1, 5]
[0, 1, 7]
[0, 1, 3]
0.4 0.42857142857142855
itercount --------> 7
[0, 1, 2]
[0, 1, 5]
[0, 1, 7]
[0, 1, 3]
[0, 1, 4]
[0, 1, 6]
[0, 1, 2, 5]
[0, 1, 2, 7]
[0, 1, 2, 3]
[0, 1, 2, 4]
0.42857142857142855 0.5
itercount --------> 8
[6, 3, 4]
[6, 3, 7]
[6, 3, 0]
[6, 3, 1]
[6, 3, 2]
[6, 3, 5]
[6, 3, 4, 7]
[6, 3, 4, 0]
[6, 3, 4, 1]
[6, 3, 4, 2]
[6, 3, 4, 5]
[6, 3, 4, 7, 0]
0.5 0.6
itercount --------> 9
[6, 3, 4]
[6, 3, 7]
0.6 0.7058823529411765
itercount --------> 10
[3, 4, 6]
0.7058823529411765 0.7142857142857143
itercount --------> 11
[6, 4, 3]
[6, 4, 7]
[6, 4, 0]
[6, 4, 1]
[6, 4, 2]
[6, 4, 5]
[6, 4, 3, 7]
[6, 4, 3, 0]
[6, 4, 3, 1]
[6, 4, 3, 2]
[6, 4, 3, 5]
[6, 4, 3, 7, 0]
[6, 4, 3, 7, 1]
[6, 4, 3, 7, 2]
[6, 4, 3, 7, 5]
[6, 4, 3, 7, 0, 1]
[6, 4, 3, 7, 0, 2]
[6, 4, 3, 7, 0, 5]
[6, 4, 3, 7, 0, 1, 2]
[6, 4, 3, 7, 0, 1, 5]
[6, 4, 3, 7, 0, 1, 2, 5]
failed -> 50 times
after fail n ======> 5
Runs with the maximum attractor JI -> [1, 3, 5, 15, 16, 35, 40, 49]
