{0: 44, 1: 44, 2: 44, 4: 16, 6: 16, 3: 8, 5: 8, 7: 0}
[0, 1, 2]
0.10810810810810811 0.19047619047619047
itercount --------> 1
[1, 0, 2]
0.19047619047619047 0.3076923076923077
itercount --------> 2
[0, 1, 2]
[0, 1, 4]
0.3076923076923077 0.3333333333333333
itercount --------> 3
[0, 1, 2]
0.3333333333333333 0.38461538461538464
itercount --------> 4
[0, 1, 2]
[0, 1, 6]
0.38461538461538464 0.5
itercount --------> 5
[0, 1, 2]
[0, 1, 3]
[0, 1, 4]
[0, 1, 6]
[0, 1, 5]
[0, 1, 7]
0.5 0.5384615384615384
itercount --------> 6
[0, 3, 1]
[0, 3, 2]
[0, 3, 4]
0.5384615384615384 0.5925925925925926
itercount --------> 7
[0, 1, 2]
[0, 1, 3]
[0, 1, 4]
[0, 1, 6]
0.5925925925925926 0.625
itercount --------> 8
[0, 4, 6]
[0, 4, 1]
[0, 4, 2]
[0, 4, 3]
[0, 4, 7]
[0, 4, 5]
[0, 4, 6, 1]
[0, 4, 6, 2]
[0, 4, 6, 3]
0.625 0.68
itercount --------> 9
[0, 1, 2]
[0, 1, 4]
[0, 1, 6]
[0, 1, 3]
0.68 0.6818181818181818
itercount --------> 10
[0, 3, 4]
[0, 3, 6]
[0, 3, 7]
[0, 3, 1]
[0, 3, 2]
[0, 3, 5]
[0, 3, 4, 6]
[0, 3, 4, 7]
[0, 3, 4, 1]
[0, 3, 4, 2]
[0, 3, 4, 5]
[0, 3, 4, 6, 7]
[0, 3, 4, 6, 1]
[0, 3, 4, 6, 2]
[0, 3, 4, 6, 5]
[0, 3, 4, 6, 7, 1]
[0, 3, 4, 6, 7, 2]
[0, 3, 4, 6, 7, 5]
[0, 3, 4, 6, 7, 1, 2]
0.6818181818181818 0.6923076923076923
itercount --------> 11
[0, 1, 2]
[0, 1, 3]
[0, 1, 4]
[0, 1, 6]
[0, 1, 5]
[0, 1, 7]
0.6923076923076923 0.75
itercount --------> 12
[0, 1, 2]
[0, 1, 3]
[0, 1, 4]
[0, 1, 6]
[0, 1, 5]
[0, 1, 7]
[0, 1, 2, 3]
[0, 1, 2, 4]
[0, 1, 2, 6]
[0, 1, 2, 5]
[0, 1, 2, 7]
[0, 1, 2, 3, 4]
[0, 1, 2, 3, 6]
[0, 1, 2, 3, 5]
[0, 1, 2, 3, 7]
[0, 1, 2, 3, 4, 6]
[0, 1, 2, 3, 4, 5]
[0, 1, 2, 3, 4, 7]
[0, 1, 2, 3, 4, 6, 5]
[0, 1, 2, 3, 4, 6, 7]
[0, 1, 2, 3, 4, 6, 5, 7]
failed Once
after fail n ======> 4
[0, 1, 2, 4]
0.10810810810810811 0.3076923076923077
itercount --------> 1
[0, 1, 2]
[0, 1, 4]
0.3076923076923077 0.35714285714285715
itercount --------> 2
[0, 6, 1]
0.35714285714285715 0.42857142857142855
itercount --------> 3
[0, 1, 2]
[0, 1, 3]
[0, 1, 4]
[0, 1, 6]
[0, 1, 5]
[0, 1, 7]
[0, 1, 2, 3]
0.42857142857142855 0.5
itercount --------> 4
[0, 1, 2]
[0, 1, 3]
[0, 1, 4]
[0, 1, 6]
[0, 1, 5]
0.5 0.5384615384615384
itercount --------> 5
[0, 1, 3]
[0, 1, 2]
[0, 1, 4]
[0, 1, 6]
[0, 1, 5]
[0, 1, 7]
[0, 1, 3, 2]
0.5384615384615384 0.5833333333333334
itercount --------> 6
[0, 1, 3]
[0, 1, 2]
[0, 1, 4]
[0, 1, 6]
[0, 1, 5]
[0, 1, 7]
[0, 1, 3, 2]
[0, 1, 3, 4]
[0, 1, 3, 6]
[0, 1, 3, 5]
[0, 1, 3, 7]
[0, 1, 3, 2, 4]
[0, 1, 3, 2, 6]
[0, 1, 3, 2, 5]
[0, 1, 3, 2, 7]
[0, 1, 3, 2, 4, 6]
[0, 1, 3, 2, 4, 5]
[0, 1, 3, 2, 4, 7]
[0, 1, 3, 2, 4, 6, 5]
[0, 1, 3, 2, 4, 6, 7]
[0, 1, 3, 2, 4, 6, 5, 7]
failed -> 2 times
after fail n ======> 5
[0, 1, 2, 4, 6]
0.10810810810810811 0.19047619047619047
itercount --------> 1
[0, 1, 2]
[0, 1, 4]
0.19047619047619047 0.35714285714285715
itercount --------> 2
[0, 6, 1]
0.35714285714285715 0.42857142857142855
itercount --------> 3
[0, 1, 2]
[0, 1, 3]
[0, 1, 4]
[0, 1, 6]
[0, 1, 5]
[0, 1, 7]
[0, 1, 2, 3]
0.42857142857142855 0.5
itercount --------> 4
[0, 1, 2]
[0, 1, 3]
0.5 0.5833333333333334
itercount --------> 5
[0, 3, 1]
[0, 3, 2]
[0, 3, 4]
0.5833333333333334 0.6153846153846154
itercount --------> 6
[0, 1, 2]
[0, 1, 3]
[0, 1, 4]
[0, 1, 6]
[0, 1, 5]
[0, 1, 7]
[0, 1, 2, 3]
[0, 1, 2, 4]
[0, 1, 2, 6]
[0, 1, 2, 5]
[0, 1, 2, 7]
0.6153846153846154 0.64
itercount --------> 7
[0, 2, 1]
[0, 2, 3]
[0, 2, 4]
[0, 2, 6]
[0, 2, 5]
[0, 2, 7]
[0, 2, 1, 3]
[0, 2, 1, 4]
[0, 2, 1, 6]
0.64 0.6666666666666666
itercount --------> 8
[2, 0, 3]
[2, 0, 1]
[2, 0, 6]
[2, 0, 4]
[2, 0, 7]
[2, 0, 5]
[2, 0, 3, 1]
[2, 0, 3, 6]
[2, 0, 3, 4]
[2, 0, 3, 7]
[2, 0, 3, 5]
[2, 0, 3, 1, 6]
[2, 0, 3, 1, 4]
0.6666666666666666 0.6818181818181818
itercount --------> 9
[2, 6, 0]
[2, 6, 4]
[2, 6, 1]
[2, 6, 3]
0.6818181818181818 0.7083333333333334
itercount --------> 10
[2, 1, 0]
[2, 1, 4]
[2, 1, 6]
[2, 1, 3]
[2, 1, 7]
[2, 1, 5]
[2, 1, 0, 4]
[2, 1, 0, 6]
[2, 1, 0, 3]
[2, 1, 0, 7]
[2, 1, 0, 5]
[2, 1, 0, 4, 6]
[2, 1, 0, 4, 3]
[2, 1, 0, 4, 7]
[2, 1, 0, 4, 5]
0.7083333333333334 0.7619047619047619
itercount --------> 11
[3, 0, 2]
[3, 0, 4]
[3, 0, 6]
[3, 0, 1]
[3, 0, 7]
[3, 0, 5]
[3, 0, 2, 4]
[3, 0, 2, 6]
[3, 0, 2, 1]
[3, 0, 2, 7]
[3, 0, 2, 5]
[3, 0, 2, 4, 6]
[3, 0, 2, 4, 1]
[3, 0, 2, 4, 7]
[3, 0, 2, 4, 5]
[3, 0, 2, 4, 6, 1]
[3, 0, 2, 4, 6, 7]
[3, 0, 2, 4, 6, 5]
[3, 0, 2, 4, 6, 1, 7]
[3, 0, 2, 4, 6, 1, 5]
[3, 0, 2, 4, 6, 1, 7, 5]
failed -> 3 times
after fail n ======> 6
[0, 1, 2, 4, 6, 3]
0.10810810810810811 0.19047619047619047
itercount --------> 1
[2, 0, 1]
0.19047619047619047 0.3076923076923077
itercount --------> 2
[0, 1, 2]
[0, 1, 4]
0.3076923076923077 0.3333333333333333
itercount --------> 3
[0, 1, 2]
[0, 1, 6]
0.3333333333333333 0.4375
itercount --------> 4
[0, 1, 2]
0.4375 0.5
itercount --------> 5
[0, 1, 2]
[0, 1, 3]
[0, 1, 4]
[0, 1, 6]
[0, 1, 5]
0.5 0.5384615384615384
itercount --------> 6
[0, 1, 3]
[0, 1, 2]
[0, 1, 4]
[0, 1, 6]
[0, 1, 5]
[0, 1, 7]
[0, 1, 3, 2]
[0, 1, 3, 4]
0.5384615384615384 0.5714285714285714
itercount --------> 7
[0, 1, 2]
[0, 1, 3]
[0, 1, 4]
[0, 1, 6]
[0, 1, 5]
[0, 1, 7]
[0, 1, 2, 3]
[0, 1, 2, 4]
[0, 1, 2, 6]
[0, 1, 2, 5]
[0, 1, 2, 7]
[0, 1, 2, 3, 4]
[0, 1, 2, 3, 6]
[0, 1, 2, 3, 5]
[0, 1, 2, 3, 7]
[0, 1, 2, 3, 4, 6]
0.5714285714285714 0.5833333333333334
itercount --------> 8
[0, 1, 2]
[0, 1, 4]
[0, 1, 6]
[0, 1, 3]
[0, 1, 5]
[0, 1, 7]
[0, 1, 2, 4]
[0, 1, 2, 6]
[0, 1, 2, 3]
[0, 1, 2, 5]
[0, 1, 2, 7]
[0, 1, 2, 4, 6]
[0, 1, 2, 4, 3]
[0, 1, 2, 4, 5]
[0, 1, 2, 4, 7]
[0, 1, 2, 4, 6, 3]
[0, 1, 2, 4, 6, 5]
[0, 1, 2, 4, 6, 7]
0.5833333333333334 0.6
itercount --------> 9
[2, 1, 0]
[2, 1, 3]
[2, 1, 6]
[2, 1, 4]
[2, 1, 5]
[2, 1, 7]
[2, 1, 0, 3]
[2, 1, 0, 6]
[2, 1, 0, 4]
[2, 1, 0, 5]
[2, 1, 0, 7]
[2, 1, 0, 3, 6]
[2, 1, 0, 3, 4]
[2, 1, 0, 3, 5]
[2, 1, 0, 3, 7]
[2, 1, 0, 3, 6, 4]
[2, 1, 0, 3, 6, 5]
[2, 1, 0, 3, 6, 7]
[2, 1, 0, 3, 6, 4, 5]
[2, 1, 0, 3, 6, 4, 7]
[2, 1, 0, 3, 6, 4, 5, 7]
failed -> 4 times
after fail n ======> 7
[0, 1, 2, 4, 6, 3, 5]
0.10810810810810811 0.3076923076923077
itercount --------> 1
[0, 1, 2]
[0, 1, 4]
0.3076923076923077 0.35714285714285715
itercount --------> 2
[0, 6, 1]
0.35714285714285715 0.42857142857142855
itercount --------> 3
[0, 1, 2]
0.42857142857142855 0.4375
itercount --------> 4
[0, 1, 2]
[0, 1, 3]
[0, 1, 4]
[0, 1, 6]
[0, 1, 5]
[0, 1, 7]
[0, 1, 2, 3]
0.4375 0.5
itercount --------> 5
[0, 1, 2]
[0, 1, 3]
0.5 0.5833333333333334
itercount --------> 6
[0, 3, 1]
[0, 3, 2]
[0, 3, 4]
0.5833333333333334 0.6153846153846154
itercount --------> 7
[0, 1, 2]
[0, 1, 3]
[0, 1, 4]
[0, 1, 6]
[0, 1, 5]
[0, 1, 7]
[0, 1, 2, 3]
[0, 1, 2, 4]
[0, 1, 2, 6]
[0, 1, 2, 5]
[0, 1, 2, 7]
[0, 1, 2, 3, 4]
[0, 1, 2, 3, 6]
[0, 1, 2, 3, 5]
[0, 1, 2, 3, 7]
[0, 1, 2, 3, 4, 6]
[0, 1, 2, 3, 4, 5]
[0, 1, 2, 3, 4, 7]
0.6153846153846154 0.6521739130434783
itercount --------> 8
[0, 1, 3]
[0, 1, 2]
[0, 1, 4]
[0, 1, 6]
[0, 1, 7]
[0, 1, 5]
[0, 1, 3, 2]
[0, 1, 3, 4]
[0, 1, 3, 6]
[0, 1, 3, 7]
[0, 1, 3, 5]
[0, 1, 3, 2, 4]
[0, 1, 3, 2, 6]
0.6521739130434783 0.68
itercount --------> 9
[0, 1, 3]
0.68 0.6818181818181818
itercount --------> 10
[0, 3, 4]
[0, 3, 6]
[0, 3, 7]
[0, 3, 1]
[0, 3, 2]
0.6818181818181818 0.7083333333333334
itercount --------> 11
[0, 2, 4]
[0, 2, 6]
[0, 2, 3]
[0, 2, 1]
[0, 2, 7]
[0, 2, 5]
[0, 2, 4, 6]
[0, 2, 4, 3]
[0, 2, 4, 1]
[0, 2, 4, 7]
[0, 2, 4, 5]
[0, 2, 4, 6, 3]
[0, 2, 4, 6, 1]
[0, 2, 4, 6, 7]
[0, 2, 4, 6, 5]
[0, 2, 4, 6, 3, 1]
[0, 2, 4, 6, 3, 7]
[0, 2, 4, 6, 3, 5]
[0, 2, 4, 6, 3, 1, 7]
[0, 2, 4, 6, 3, 1, 5]
[0, 2, 4, 6, 3, 1, 7, 5]
failed -> 5 times
after fail n ======> 8
[0, 1, 2, 4, 6, 3, 5, 7]
0.10810810810810811 0.15625
itercount --------> 1
[0, 1, 2]
0.15625 0.45454545454545453
itercount --------> 2
[0, 1, 2]
[0, 1, 3]
[0, 1, 4]
[0, 1, 6]
[0, 1, 5]
[0, 1, 7]
[0, 1, 2, 3]
[0, 1, 2, 4]
[0, 1, 2, 6]
[0, 1, 2, 5]
[0, 1, 2, 7]
[0, 1, 2, 3, 4]
[0, 1, 2, 3, 6]
[0, 1, 2, 3, 5]
[0, 1, 2, 3, 7]
[0, 1, 2, 3, 4, 6]
0.45454545454545453 0.5714285714285714
itercount --------> 3
[0, 1, 2]
[0, 1, 3]
[0, 1, 4]
[0, 1, 5]
0.5714285714285714 0.6363636363636364
itercount --------> 4
[5, 0, 1]
0.6363636363636364 0.7272727272727273
itercount --------> 5
[0, 1, 2]
[0, 1, 3]
[0, 1, 4]
[0, 1, 5]
[0, 1, 6]
[0, 1, 7]
[0, 1, 2, 3]
[0, 1, 2, 4]
[0, 1, 2, 5]
[0, 1, 2, 6]
[0, 1, 2, 7]
0.7272727272727273 0.7619047619047619
itercount --------> 6
[3, 0, 1]
[3, 0, 2]
[3, 0, 4]
[3, 0, 5]
[3, 0, 6]
[3, 0, 7]
[3, 0, 1, 2]
[3, 0, 1, 4]
[3, 0, 1, 5]
[3, 0, 1, 6]
[3, 0, 1, 7]
[3, 0, 1, 2, 4]
[3, 0, 1, 2, 5]
[3, 0, 1, 2, 6]
[3, 0, 1, 2, 7]
[3, 0, 1, 2, 4, 5]
[3, 0, 1, 2, 4, 6]
[3, 0, 1, 2, 4, 7]
[3, 0, 1, 2, 4, 5, 6]
[3, 0, 1, 2, 4, 5, 7]
[3, 0, 1, 2, 4, 5, 6, 7]
failed -> 6 times
after fail n ======> 5
[0, 1, 2, 4, 6]
0.10810810810810811 0.19047619047619047
itercount --------> 1
[1, 0, 2]
0.19047619047619047 0.3076923076923077
itercount --------> 2
[0, 1, 2]
[0, 1, 4]
0.3076923076923077 0.35714285714285715
itercount --------> 3
[1, 6, 0]
0.35714285714285715 0.42857142857142855
itercount --------> 4
[1, 0, 2]
[1, 0, 3]
0.42857142857142855 0.5
itercount --------> 5
[1, 0, 2]
[1, 0, 3]
0.5 0.5833333333333334
itercount --------> 6
[1, 3, 0]
[1, 3, 2]
[1, 3, 4]
0.5833333333333334 0.6153846153846154
itercount --------> 7
[1, 0, 2]
[1, 0, 3]
[1, 0, 4]
[1, 0, 6]
[1, 0, 5]
[1, 0, 7]
0.6153846153846154 0.625
itercount --------> 8
[1, 0, 2]
[1, 0, 3]
[1, 0, 4]
[1, 0, 6]
[1, 0, 7]
[1, 0, 5]
[1, 0, 2, 3]
0.625 0.6521739130434783
itercount --------> 9
[1, 2, 3]
[1, 2, 0]
[1, 2, 4]
[1, 2, 6]
[1, 2, 7]
[1, 2, 5]
[1, 2, 3, 0]
[1, 2, 3, 4]
[1, 2, 3, 6]
0.6521739130434783 0.68
itercount --------> 10
[1, 2, 3]
[1, 2, 0]
[1, 2, 4]
[1, 2, 6]
[1, 2, 7]
[1, 2, 5]
[1, 2, 3, 0]
[1, 2, 3, 4]
0.68 0.6818181818181818
itercount --------> 11
[1, 3, 4]
[1, 3, 6]
[1, 3, 7]
[1, 3, 0]
[1, 3, 2]
[1, 3, 5]
[1, 3, 4, 6]
[1, 3, 4, 7]
[1, 3, 4, 0]
0.6818181818181818 0.7083333333333334
itercount --------> 12
[1, 0, 4]
[1, 0, 6]
[1, 0, 3]
[1, 0, 2]
[1, 0, 7]
[1, 0, 5]
[1, 0, 4, 6]
[1, 0, 4, 3]
[1, 0, 4, 2]
[1, 0, 4, 7]
[1, 0, 4, 5]
[1, 0, 4, 6, 3]
[1, 0, 4, 6, 2]
[1, 0, 4, 6, 7]
[1, 0, 4, 6, 5]
[1, 0, 4, 6, 3, 2]
[1, 0, 4, 6, 3, 7]
[1, 0, 4, 6, 3, 5]
[1, 0, 4, 6, 3, 2, 7]
[1, 0, 4, 6, 3, 2, 5]
[1, 0, 4, 6, 3, 2, 7, 5]
failed -> 7 times
after fail n ======> 6
[0, 1, 2, 4, 6, 3]
0.10810810810810811 0.11764705882352941
itercount --------> 1
[0, 1, 2]
0.11764705882352941 0.2222222222222222
itercount --------> 2
[0, 1, 2]
0.2222222222222222 0.4
itercount --------> 3
[0, 1, 2]
[0, 1, 3]
[0, 1, 4]
[0, 1, 6]
[0, 1, 5]
[0, 1, 7]
[0, 1, 2, 3]
0.4 0.5714285714285714
itercount --------> 4
[0, 1, 2]
[0, 1, 3]
[0, 1, 4]
[0, 1, 5]
0.5714285714285714 0.6363636363636364
itercount --------> 5
[5, 0, 1]
0.6363636363636364 0.7272727272727273
itercount --------> 6
[0, 1, 2]
[0, 1, 3]
[0, 1, 4]
[0, 1, 5]
[0, 1, 6]
[0, 1, 7]
[0, 1, 2, 3]
[0, 1, 2, 4]
[0, 1, 2, 5]
[0, 1, 2, 6]
[0, 1, 2, 7]
[0, 1, 2, 3, 4]
[0, 1, 2, 3, 5]
[0, 1, 2, 3, 6]
[0, 1, 2, 3, 7]
0.7272727272727273 0.7619047619047619
itercount --------> 7
[3, 0, 1]
[3, 0, 2]
[3, 0, 4]
[3, 0, 5]
[3, 0, 6]
[3, 0, 7]
[3, 0, 1, 2]
[3, 0, 1, 4]
[3, 0, 1, 5]
[3, 0, 1, 6]
[3, 0, 1, 7]
[3, 0, 1, 2, 4]
[3, 0, 1, 2, 5]
[3, 0, 1, 2, 6]
[3, 0, 1, 2, 7]
[3, 0, 1, 2, 4, 5]
[3, 0, 1, 2, 4, 6]
[3, 0, 1, 2, 4, 7]
[3, 0, 1, 2, 4, 5, 6]
[3, 0, 1, 2, 4, 5, 7]
[3, 0, 1, 2, 4, 5, 6, 7]
failed -> 8 times
after fail n ======> 7
[0, 1, 2, 4, 6, 3, 5]
0.10810810810810811 0.12903225806451613
itercount --------> 1
[0, 1, 2]
0.12903225806451613 0.38461538461538464
itercount --------> 2
[0, 3, 4]
[0, 3, 1]
[0, 3, 2]
[0, 3, 6]
[0, 3, 5]
[0, 3, 7]
[0, 3, 4, 1]
0.38461538461538464 0.45454545454545453
itercount --------> 3
[0, 1, 2]
[0, 1, 4]
[0, 1, 3]
[0, 1, 5]
[0, 1, 6]
0.45454545454545453 0.5
itercount --------> 4
[0, 1, 2]
[0, 1, 3]
[0, 1, 5]
[0, 1, 4]
[0, 1, 6]
[0, 1, 7]
[0, 1, 2, 3]
[0, 1, 2, 5]
[0, 1, 2, 4]
[0, 1, 2, 6]
[0, 1, 2, 7]
0.5 0.5263157894736842
itercount --------> 5
[0, 1, 2]
[0, 1, 3]
[0, 1, 5]
[0, 1, 4]
[0, 1, 6]
[0, 1, 7]
[0, 1, 2, 3]
[0, 1, 2, 5]
[0, 1, 2, 4]
[0, 1, 2, 6]
[0, 1, 2, 7]
[0, 1, 2, 3, 5]
[0, 1, 2, 3, 4]
[0, 1, 2, 3, 6]
[0, 1, 2, 3, 7]
[0, 1, 2, 3, 5, 4]
[0, 1, 2, 3, 5, 6]
[0, 1, 2, 3, 5, 7]
[0, 1, 2, 3, 5, 4, 6]
0.5263157894736842 0.7272727272727273
itercount --------> 6
[3, 0, 1]
[3, 0, 2]
[3, 0, 4]
[3, 0, 5]
[3, 0, 6]
[3, 0, 7]
[3, 0, 1, 2]
[3, 0, 1, 4]
[3, 0, 1, 5]
[3, 0, 1, 6]
[3, 0, 1, 7]
[3, 0, 1, 2, 4]
[3, 0, 1, 2, 5]
[3, 0, 1, 2, 6]
[3, 0, 1, 2, 7]
[3, 0, 1, 2, 4, 5]
[3, 0, 1, 2, 4, 6]
[3, 0, 1, 2, 4, 7]
[3, 0, 1, 2, 4, 5, 6]
[3, 0, 1, 2, 4, 5, 7]
[3, 0, 1, 2, 4, 5, 6, 7]
failed -> 9 times
after fail n ======> 8
[0, 1, 2, 4, 6, 3, 5, 7]
0.10810810810810811 0.11363636363636363
itercount --------> 1
[0, 1, 2]
0.11363636363636363 0.35714285714285715
itercount --------> 2
[0, 1, 2]
[0, 1, 3]
[0, 1, 5]
0.35714285714285715 0.4
itercount --------> 3
[0, 1, 2]
[0, 1, 3]
[0, 1, 5]
[0, 1, 4]
[0, 1, 6]
[0, 1, 7]
[0, 1, 2, 3]
[0, 1, 2, 5]
0.4 0.4117647058823529
itercount --------> 4
[5, 0, 1]
0.4117647058823529 0.5
itercount --------> 5
[0, 1, 2]
[0, 1, 3]
[0, 1, 5]
[0, 1, 4]
[0, 1, 6]
[0, 1, 7]
[0, 1, 2, 3]
[0, 1, 2, 5]
[0, 1, 2, 4]
[0, 1, 2, 6]
[0, 1, 2, 7]
0.5 0.5263157894736842
itercount --------> 6
[3, 5, 0]
[3, 5, 1]
[3, 5, 2]
[3, 5, 4]
[3, 5, 6]
[3, 5, 7]
[3, 5, 0, 1]
[3, 5, 0, 2]
[3, 5, 0, 4]
[3, 5, 0, 6]
[3, 5, 0, 7]
[3, 5, 0, 1, 2]
[3, 5, 0, 1, 4]
[3, 5, 0, 1, 6]
[3, 5, 0, 1, 7]
[3, 5, 0, 1, 2, 4]
[3, 5, 0, 1, 2, 6]
[3, 5, 0, 1, 2, 7]
[3, 5, 0, 1, 2, 4, 6]
0.5263157894736842 0.6666666666666666
itercount --------> 7
[5, 4, 6]
[5, 4, 0]
[5, 4, 1]
[5, 4, 2]
0.6666666666666666 0.7619047619047619
itercount --------> 8
[3, 4, 5]
[3, 4, 6]
[3, 4, 0]
[3, 4, 1]
[3, 4, 2]
[3, 4, 7]
[3, 4, 5, 6]
[3, 4, 5, 0]
[3, 4, 5, 1]
[3, 4, 5, 2]
[3, 4, 5, 7]
[3, 4, 5, 6, 0]
[3, 4, 5, 6, 1]
[3, 4, 5, 6, 2]
[3, 4, 5, 6, 7]
[3, 4, 5, 6, 0, 1]
[3, 4, 5, 6, 0, 2]
[3, 4, 5, 6, 0, 7]
[3, 4, 5, 6, 0, 1, 2]
[3, 4, 5, 6, 0, 1, 7]
[3, 4, 5, 6, 0, 1, 2, 7]
failed -> 10 times
after fail n ======> 5
[0, 1, 2, 4, 6]
0.10810810810810811 0.19047619047619047
itercount --------> 1
[2, 0, 1]
0.19047619047619047 0.38461538461538464
itercount --------> 2
[0, 1, 2]
[0, 1, 6]
0.38461538461538464 0.5
itercount --------> 3
[0, 2, 1]
[0, 2, 3]
[0, 2, 4]
[0, 2, 6]
[0, 2, 5]
[0, 2, 7]
0.5 0.5384615384615384
itercount --------> 4
[2, 3, 0]
[2, 3, 1]
[2, 3, 4]
0.5384615384615384 0.5925925925925926
itercount --------> 5
[2, 0, 1]
[2, 0, 3]
[2, 0, 4]
[2, 0, 6]
0.5925925925925926 0.625
itercount --------> 6
[2, 4, 6]
[2, 4, 0]
[2, 4, 1]
[2, 4, 3]
[2, 4, 7]
[2, 4, 5]
[2, 4, 6, 0]
[2, 4, 6, 1]
[2, 4, 6, 3]
0.625 0.68
itercount --------> 7
[2, 0, 1]
[2, 0, 4]
[2, 0, 6]
[2, 0, 3]
[2, 0, 7]
[2, 0, 5]
[2, 0, 1, 4]
[2, 0, 1, 6]
[2, 0, 1, 3]
0.68 0.6818181818181818
itercount --------> 8
[2, 3, 4]
[2, 3, 6]
[2, 3, 7]
[2, 3, 0]
[2, 3, 1]
[2, 3, 5]
[2, 3, 4, 6]
[2, 3, 4, 7]
[2, 3, 4, 0]
[2, 3, 4, 1]
[2, 3, 4, 5]
[2, 3, 4, 6, 7]
[2, 3, 4, 6, 0]
[2, 3, 4, 6, 1]
[2, 3, 4, 6, 5]
[2, 3, 4, 6, 7, 0]
0.6818181818181818 0.6923076923076923
itercount --------> 9
[2, 0, 1]
[2, 0, 3]
[2, 0, 4]
[2, 0, 6]
[2, 0, 5]
[2, 0, 7]
[2, 0, 1, 3]
0.6923076923076923 0.75
itercount --------> 10
[2, 0, 1]
[2, 0, 3]
[2, 0, 4]
[2, 0, 6]
[2, 0, 5]
[2, 0, 7]
[2, 0, 1, 3]
[2, 0, 1, 4]
[2, 0, 1, 6]
[2, 0, 1, 5]
[2, 0, 1, 7]
[2, 0, 1, 3, 4]
[2, 0, 1, 3, 6]
[2, 0, 1, 3, 5]
[2, 0, 1, 3, 7]
[2, 0, 1, 3, 4, 6]
[2, 0, 1, 3, 4, 5]
[2, 0, 1, 3, 4, 7]
[2, 0, 1, 3, 4, 6, 5]
[2, 0, 1, 3, 4, 6, 7]
[2, 0, 1, 3, 4, 6, 5, 7]
failed -> 11 times
after fail n ======> 6
[0, 1, 2, 4, 6, 3]
0.10810810810810811 0.13636363636363635
itercount --------> 1
[0, 1, 6]
0.13636363636363635 0.18181818181818182
itercount --------> 2
[0, 1, 5]
[0, 1, 6]
0.18181818181818182 0.21428571428571427
itercount --------> 3
[1, 6, 3]
[1, 6, 2]
[1, 6, 4]
0.21428571428571427 0.2777777777777778
itercount --------> 4
[2, 1, 6]
0.2777777777777778 0.3333333333333333
itercount --------> 5
[2, 0, 1]
0.3333333333333333 0.5714285714285714
itercount --------> 6
[2, 0, 1]
0.5714285714285714 0.6666666666666666
itercount --------> 7
[0, 1, 2]
[0, 1, 3]
[0, 1, 4]
0.6666666666666666 0.7272727272727273
itercount --------> 8
[0, 1, 2]
[0, 1, 3]
[0, 1, 4]
[0, 1, 5]
[0, 1, 6]
[0, 1, 7]
[0, 1, 2, 3]
[0, 1, 2, 4]
[0, 1, 2, 5]
[0, 1, 2, 6]
[0, 1, 2, 7]
[0, 1, 2, 3, 4]
[0, 1, 2, 3, 5]
[0, 1, 2, 3, 6]
[0, 1, 2, 3, 7]
[0, 1, 2, 3, 4, 5]
[0, 1, 2, 3, 4, 6]
[0, 1, 2, 3, 4, 7]
[0, 1, 2, 3, 4, 5, 6]
[0, 1, 2, 3, 4, 5, 7]
[0, 1, 2, 3, 4, 5, 6, 7]
failed -> 12 times
after fail n ======> 7
[0, 1, 2, 4, 6, 3, 5]
0.10810810810810811 0.15625
itercount --------> 1
[0, 2, 1]
0.15625 0.45454545454545453
itercount --------> 2
[0, 1, 2]
[0, 1, 3]
[0, 1, 4]
[0, 1, 6]
[0, 1, 5]
[0, 1, 7]
[0, 1, 2, 3]
[0, 1, 2, 4]
[0, 1, 2, 6]
[0, 1, 2, 5]
[0, 1, 2, 7]
[0, 1, 2, 3, 4]
[0, 1, 2, 3, 6]
[0, 1, 2, 3, 5]
[0, 1, 2, 3, 7]
[0, 1, 2, 3, 4, 6]
0.45454545454545453 0.5714285714285714
itercount --------> 3
[0, 1, 2]
[0, 1, 3]
[0, 1, 4]
[0, 1, 5]
0.5714285714285714 0.6363636363636364
itercount --------> 4
[5, 0, 1]
[5, 0, 2]
[5, 0, 4]
[5, 0, 6]
[5, 0, 3]
0.6363636363636364 0.7272727272727273
itercount --------> 5
[0, 1, 2]
[0, 1, 3]
[0, 1, 4]
[0, 1, 5]
[0, 1, 6]
[0, 1, 7]
[0, 1, 2, 3]
[0, 1, 2, 4]
[0, 1, 2, 5]
[0, 1, 2, 6]
[0, 1, 2, 7]
0.7272727272727273 0.7619047619047619
itercount --------> 6
[3, 0, 1]
[3, 0, 2]
[3, 0, 4]
[3, 0, 5]
[3, 0, 6]
[3, 0, 7]
[3, 0, 1, 2]
[3, 0, 1, 4]
[3, 0, 1, 5]
[3, 0, 1, 6]
[3, 0, 1, 7]
[3, 0, 1, 2, 4]
[3, 0, 1, 2, 5]
[3, 0, 1, 2, 6]
[3, 0, 1, 2, 7]
[3, 0, 1, 2, 4, 5]
[3, 0, 1, 2, 4, 6]
[3, 0, 1, 2, 4, 7]
[3, 0, 1, 2, 4, 5, 6]
[3, 0, 1, 2, 4, 5, 7]
[3, 0, 1, 2, 4, 5, 6, 7]
failed -> 13 times
after fail n ======> 8
[0, 1, 2, 4, 6, 3, 5, 7]
0.10810810810810811 0.19047619047619047
itercount --------> 1
[0, 1, 2]
0.19047619047619047 0.3076923076923077
itercount --------> 2
[0, 1, 2]
[0, 1, 4]
0.3076923076923077 0.35714285714285715
itercount --------> 3
[1, 6, 0]
[1, 6, 2]
0.35714285714285715 0.42857142857142855
itercount --------> 4
[1, 0, 2]
0.42857142857142855 0.5
itercount --------> 5
[1, 0, 2]
[1, 0, 3]
[1, 0, 4]
[1, 0, 6]
[1, 0, 5]
[1, 0, 7]
0.5 0.5652173913043478
itercount --------> 6
[1, 3, 0]
[1, 3, 2]
[1, 3, 4]
0.5652173913043478 0.625
itercount --------> 7
[1, 4, 6]
[1, 4, 0]
[1, 4, 2]
[1, 4, 3]
[1, 4, 7]
[1, 4, 5]
[1, 4, 6, 0]
[1, 4, 6, 2]
[1, 4, 6, 3]
[1, 4, 6, 7]
[1, 4, 6, 5]
[1, 4, 6, 0, 2]
[1, 4, 6, 0, 3]
0.625 0.68
itercount --------> 8
[1, 0, 2]
[1, 0, 4]
[1, 0, 6]
[1, 0, 3]
[1, 0, 7]
[1, 0, 5]
[1, 0, 2, 4]
[1, 0, 2, 6]
[1, 0, 2, 3]
0.68 0.6818181818181818
itercount --------> 9
[1, 3, 4]
[1, 3, 6]
[1, 3, 7]
[1, 3, 0]
[1, 3, 2]
[1, 3, 5]
[1, 3, 4, 6]
[1, 3, 4, 7]
[1, 3, 4, 0]
[1, 3, 4, 2]
[1, 3, 4, 5]
[1, 3, 4, 6, 7]
[1, 3, 4, 6, 0]
0.6818181818181818 0.7083333333333334
itercount --------> 10
[1, 0, 4]
[1, 0, 6]
[1, 0, 3]
[1, 0, 2]
[1, 0, 7]
[1, 0, 5]
[1, 0, 4, 6]
[1, 0, 4, 3]
[1, 0, 4, 2]
[1, 0, 4, 7]
[1, 0, 4, 5]
[1, 0, 4, 6, 3]
[1, 0, 4, 6, 2]
[1, 0, 4, 6, 7]
[1, 0, 4, 6, 5]
[1, 0, 4, 6, 3, 2]
[1, 0, 4, 6, 3, 7]
[1, 0, 4, 6, 3, 5]
[1, 0, 4, 6, 3, 2, 7]
[1, 0, 4, 6, 3, 2, 5]
[1, 0, 4, 6, 3, 2, 7, 5]
failed -> 14 times
after fail n ======> 5
[0, 1, 2, 4, 6]
0.10810810810810811 0.11764705882352941
itercount --------> 1
[1, 0, 2]
[1, 0, 3]
0.11764705882352941 0.25
itercount --------> 2
[6, 3, 4]
[6, 3, 1]
0.25 0.2857142857142857
itercount --------> 3
[3, 1, 4]
[3, 1, 6]
[3, 1, 0]
0.2857142857142857 0.4166666666666667
itercount --------> 4
[3, 1, 4]
[3, 1, 6]
[3, 1, 0]
0.4166666666666667 0.45454545454545453
itercount --------> 5
[1, 3, 4]
[1, 3, 6]
[1, 3, 0]
[1, 3, 2]
0.45454545454545453 0.5
itercount --------> 6
[0, 1, 2]
[0, 1, 3]
[0, 1, 5]
[0, 1, 4]
[0, 1, 6]
[0, 1, 7]
[0, 1, 2, 3]
[0, 1, 2, 5]
[0, 1, 2, 4]
[0, 1, 2, 6]
[0, 1, 2, 7]
0.5 0.5263157894736842
itercount --------> 7
[0, 1, 2]
[0, 1, 3]
[0, 1, 5]
[0, 1, 4]
[0, 1, 6]
[0, 1, 7]
[0, 1, 2, 3]
[0, 1, 2, 5]
[0, 1, 2, 4]
[0, 1, 2, 6]
[0, 1, 2, 7]
[0, 1, 2, 3, 5]
[0, 1, 2, 3, 4]
[0, 1, 2, 3, 6]
[0, 1, 2, 3, 7]
[0, 1, 2, 3, 5, 4]
[0, 1, 2, 3, 5, 6]
[0, 1, 2, 3, 5, 7]
[0, 1, 2, 3, 5, 4, 6]
0.5263157894736842 0.7272727272727273
itercount --------> 8
[3, 0, 1]
[3, 0, 2]
[3, 0, 4]
[3, 0, 5]
[3, 0, 6]
[3, 0, 7]
[3, 0, 1, 2]
[3, 0, 1, 4]
[3, 0, 1, 5]
[3, 0, 1, 6]
[3, 0, 1, 7]
[3, 0, 1, 2, 4]
[3, 0, 1, 2, 5]
[3, 0, 1, 2, 6]
[3, 0, 1, 2, 7]
[3, 0, 1, 2, 4, 5]
[3, 0, 1, 2, 4, 6]
[3, 0, 1, 2, 4, 7]
[3, 0, 1, 2, 4, 5, 6]
[3, 0, 1, 2, 4, 5, 7]
[3, 0, 1, 2, 4, 5, 6, 7]
failed -> 15 times
after fail n ======> 6
[0, 1, 2, 4, 6, 3]
0.10810810810810811 0.19047619047619047
itercount --------> 1
[1, 0, 2]
0.19047619047619047 0.3076923076923077
itercount --------> 2
[0, 1, 2]
[0, 1, 4]
[0, 1, 6]
[0, 1, 3]
0.3076923076923077 0.4166666666666667
itercount --------> 3
[3, 4, 6]
[3, 4, 0]
0.4166666666666667 0.45454545454545453
itercount --------> 4
[0, 1, 2]
[0, 1, 3]
[0, 1, 4]
[0, 1, 6]
[0, 1, 5]
[0, 1, 7]
[0, 1, 2, 3]
[0, 1, 2, 4]
[0, 1, 2, 6]
[0, 1, 2, 5]
[0, 1, 2, 7]
[0, 1, 2, 3, 4]
[0, 1, 2, 3, 6]
[0, 1, 2, 3, 5]
[0, 1, 2, 3, 7]
[0, 1, 2, 3, 4, 6]
0.45454545454545453 0.5714285714285714
itercount --------> 5
[0, 1, 2]
[0, 1, 3]
[0, 1, 4]
[0, 1, 5]
0.5714285714285714 0.6363636363636364
itercount --------> 6
[5, 0, 1]
[5, 0, 2]
[5, 0, 4]
[5, 0, 6]
[5, 0, 3]
[5, 0, 7]
0.6363636363636364 0.6666666666666666
itercount --------> 7
[5, 4, 6]
[5, 4, 0]
[5, 4, 1]
0.6666666666666666 0.7142857142857143
itercount --------> 8
[5, 3, 4]
[5, 3, 6]
[5, 3, 0]
[5, 3, 1]
[5, 3, 2]
[5, 3, 7]
[5, 3, 4, 6]
[5, 3, 4, 0]
[5, 3, 4, 1]
[5, 3, 4, 2]
[5, 3, 4, 7]
[5, 3, 4, 6, 0]
[5, 3, 4, 6, 1]
[5, 3, 4, 6, 2]
[5, 3, 4, 6, 7]
[5, 3, 4, 6, 0, 1]
[5, 3, 4, 6, 0, 2]
[5, 3, 4, 6, 0, 7]
[5, 3, 4, 6, 0, 1, 2]
[5, 3, 4, 6, 0, 1, 7]
[5, 3, 4, 6, 0, 1, 2, 7]
failed -> 16 times
after fail n ======> 7
[0, 1, 2, 4, 6, 3, 5]
0.10810810810810811 0.19047619047619047
itercount --------> 1
[1, 0, 2]
0.19047619047619047 0.3076923076923077
itercount --------> 2
[0, 1, 2]
[0, 1, 4]
0.3076923076923077 0.3333333333333333
itercount --------> 3
[0, 1, 2]
[0, 1, 6]
0.3333333333333333 0.4117647058823529
itercount --------> 4
[1, 0, 2]
0.4117647058823529 0.5
itercount --------> 5
[0, 1, 2]
[0, 1, 3]
0.5 0.5384615384615384
itercount --------> 6
[0, 1, 2]
[0, 1, 3]
[0, 1, 4]
[0, 1, 6]
[0, 1, 5]
[0, 1, 7]
[0, 1, 2, 3]
[0, 1, 2, 4]
0.5384615384615384 0.5833333333333334
itercount --------> 7
[1, 3, 0]
[1, 3, 2]
[1, 3, 4]
0.5833333333333334 0.6153846153846154
itercount --------> 8
[1, 0, 2]
[1, 0, 3]
[1, 0, 4]
[1, 0, 6]
[1, 0, 5]
[1, 0, 7]
[1, 0, 2, 3]
[1, 0, 2, 4]
[1, 0, 2, 6]
[1, 0, 2, 5]
[1, 0, 2, 7]
0.6153846153846154 0.625
itercount --------> 9
[1, 0, 2]
[1, 0, 3]
[1, 0, 4]
[1, 0, 6]
[1, 0, 7]
[1, 0, 5]
[1, 0, 2, 3]
[1, 0, 2, 4]
0.625 0.6521739130434783
itercount --------> 10
[1, 2, 3]
[1, 2, 0]
[1, 2, 4]
[1, 2, 6]
[1, 2, 7]
[1, 2, 5]
[1, 2, 3, 0]
[1, 2, 3, 4]
[1, 2, 3, 6]
0.6521739130434783 0.68
itercount --------> 11
[1, 2, 0]
[1, 2, 3]
[1, 2, 4]
[1, 2, 6]
[1, 2, 7]
[1, 2, 5]
[1, 2, 0, 3]
0.68 0.6818181818181818
itercount --------> 12
[1, 3, 4]
[1, 3, 6]
[1, 3, 2]
0.6818181818181818 0.7391304347826086
itercount --------> 13
[1, 2, 4]
[1, 2, 6]
[1, 2, 3]
[1, 2, 0]
[1, 2, 7]
[1, 2, 5]
[1, 2, 4, 6]
[1, 2, 4, 3]
[1, 2, 4, 0]
[1, 2, 4, 7]
[1, 2, 4, 5]
[1, 2, 4, 6, 3]
[1, 2, 4, 6, 0]
0.7391304347826086 0.85
itercount --------> 14
[1, 2, 3]
[1, 2, 4]
[1, 2, 6]
[1, 2, 0]
[1, 2, 7]
[1, 2, 5]
[1, 2, 3, 4]
[1, 2, 3, 6]
[1, 2, 3, 0]
[1, 2, 3, 7]
[1, 2, 3, 5]
[1, 2, 3, 4, 6]
[1, 2, 3, 4, 0]
[1, 2, 3, 4, 7]
[1, 2, 3, 4, 5]
[1, 2, 3, 4, 6, 0]
[1, 2, 3, 4, 6, 7]
[1, 2, 3, 4, 6, 5]
[1, 2, 3, 4, 6, 0, 7]
[1, 2, 3, 4, 6, 0, 5]
[1, 2, 3, 4, 6, 0, 7, 5]
failed -> 17 times
after fail n ======> 8
[0, 1, 2, 4, 6, 3, 5, 7]
0.10810810810810811 0.15625
itercount --------> 1
[1, 2, 0]
[1, 2, 3]
0.15625 0.18181818181818182
itercount --------> 2
[2, 0, 1]
0.18181818181818182 0.26666666666666666
itercount --------> 3
[2, 3, 0]
0.26666666666666666 0.4166666666666667
itercount --------> 4
[3, 4, 6]
[3, 4, 0]
0.4166666666666667 0.45454545454545453
itercount --------> 5
[0, 1, 2]
[0, 1, 3]
[0, 1, 4]
[0, 1, 6]
[0, 1, 5]
[0, 1, 7]
[0, 1, 2, 3]
[0, 1, 2, 4]
[0, 1, 2, 6]
[0, 1, 2, 5]
[0, 1, 2, 7]
[0, 1, 2, 3, 4]
[0, 1, 2, 3, 6]
[0, 1, 2, 3, 5]
[0, 1, 2, 3, 7]
[0, 1, 2, 3, 4, 6]
0.45454545454545453 0.5714285714285714
itercount --------> 6
[0, 1, 2]
[0, 1, 3]
[0, 1, 4]
[0, 1, 5]
0.5714285714285714 0.6363636363636364
itercount --------> 7
[5, 0, 1]
[5, 0, 2]
[5, 0, 4]
[5, 0, 6]
[5, 0, 3]
0.6363636363636364 0.7272727272727273
itercount --------> 8
[0, 1, 2]
[0, 1, 3]
[0, 1, 4]
[0, 1, 5]
[0, 1, 6]
[0, 1, 7]
[0, 1, 2, 3]
[0, 1, 2, 4]
[0, 1, 2, 5]
[0, 1, 2, 6]
[0, 1, 2, 7]
0.7272727272727273 0.7619047619047619
itercount --------> 9
[3, 0, 1]
[3, 0, 2]
[3, 0, 4]
[3, 0, 5]
[3, 0, 6]
[3, 0, 7]
[3, 0, 1, 2]
[3, 0, 1, 4]
[3, 0, 1, 5]
[3, 0, 1, 6]
[3, 0, 1, 7]
[3, 0, 1, 2, 4]
[3, 0, 1, 2, 5]
[3, 0, 1, 2, 6]
[3, 0, 1, 2, 7]
[3, 0, 1, 2, 4, 5]
[3, 0, 1, 2, 4, 6]
[3, 0, 1, 2, 4, 7]
[3, 0, 1, 2, 4, 5, 6]
[3, 0, 1, 2, 4, 5, 7]
[3, 0, 1, 2, 4, 5, 6, 7]
failed -> 18 times
after fail n ======> 5
[0, 1, 2, 4, 6]
0.10810810810810811 0.19047619047619047
itercount --------> 1
[2, 0, 1]
0.19047619047619047 0.3076923076923077
itercount --------> 2
[0, 1, 2]
[0, 1, 4]
[0, 1, 6]
0.3076923076923077 0.35714285714285715
itercount --------> 3
[1, 4, 0]
0.35714285714285715 0.42857142857142855
itercount --------> 4
[1, 0, 2]
0.42857142857142855 0.5
itercount --------> 5
[1, 0, 2]
[1, 0, 3]
[1, 0, 4]
[1, 0, 6]
[1, 0, 5]
[1, 0, 7]
[1, 0, 2, 3]
[1, 0, 2, 4]
[1, 0, 2, 6]
[1, 0, 2, 5]
[1, 0, 2, 7]
0.5 0.56
itercount --------> 6
[1, 3, 2]
[1, 3, 0]
[1, 3, 4]
0.56 0.6153846153846154
itercount --------> 7
[1, 2, 0]
[1, 2, 3]
[1, 2, 4]
[1, 2, 6]
[1, 2, 7]
0.6153846153846154 0.625
itercount --------> 8
[1, 4, 6]
[1, 4, 0]
[1, 4, 2]
[1, 4, 3]
[1, 4, 7]
[1, 4, 5]
[1, 4, 6, 0]
[1, 4, 6, 2]
[1, 4, 6, 3]
0.625 0.68
itercount --------> 9
[1, 0, 2]
[1, 0, 4]
[1, 0, 6]
[1, 0, 3]
[1, 0, 7]
[1, 0, 5]
[1, 0, 2, 4]
[1, 0, 2, 6]
[1, 0, 2, 3]
[1, 0, 2, 7]
[1, 0, 2, 5]
[1, 0, 2, 4, 6]
[1, 0, 2, 4, 3]
[1, 0, 2, 4, 7]
[1, 0, 2, 4, 5]
[1, 0, 2, 4, 6, 3]
0.68 0.6818181818181818
itercount --------> 10
[1, 3, 4]
[1, 3, 6]
[1, 3, 7]
[1, 3, 0]
[1, 3, 2]
[1, 3, 5]
[1, 3, 4, 6]
[1, 3, 4, 7]
[1, 3, 4, 0]
[1, 3, 4, 2]
[1, 3, 4, 5]
[1, 3, 4, 6, 7]
[1, 3, 4, 6, 0]
[1, 3, 4, 6, 2]
0.6818181818181818 0.7083333333333334
itercount --------> 11
[1, 2, 4]
[1, 2, 6]
[1, 2, 3]
[1, 2, 0]
[1, 2, 7]
[1, 2, 5]
[1, 2, 4, 6]
[1, 2, 4, 3]
[1, 2, 4, 0]
[1, 2, 4, 7]
[1, 2, 4, 5]
[1, 2, 4, 6, 3]
[1, 2, 4, 6, 0]
[1, 2, 4, 6, 7]
[1, 2, 4, 6, 5]
[1, 2, 4, 6, 3, 0]
[1, 2, 4, 6, 3, 7]
[1, 2, 4, 6, 3, 5]
[1, 2, 4, 6, 3, 0, 7]
[1, 2, 4, 6, 3, 0, 5]
[1, 2, 4, 6, 3, 0, 7, 5]
failed -> 19 times
after fail n ======> 6
[0, 1, 2, 4, 6, 3]
0.10810810810810811 0.15625
itercount --------> 1
[0, 1, 2]
0.15625 0.2777777777777778
itercount --------> 2
[0, 3, 1]
0.2777777777777778 0.4166666666666667
itercount --------> 3
[3, 4, 6]
[3, 4, 0]
[3, 4, 1]
[3, 4, 2]
0.4166666666666667 0.45454545454545453
itercount --------> 4
[0, 1, 2]
[0, 1, 3]
[0, 1, 4]
[0, 1, 6]
[0, 1, 5]
[0, 1, 7]
[0, 1, 2, 3]
[0, 1, 2, 4]
[0, 1, 2, 6]
[0, 1, 2, 5]
[0, 1, 2, 7]
[0, 1, 2, 3, 4]
[0, 1, 2, 3, 6]
[0, 1, 2, 3, 5]
[0, 1, 2, 3, 7]
[0, 1, 2, 3, 4, 6]
0.45454545454545453 0.5714285714285714
itercount --------> 5
[0, 1, 2]
[0, 1, 3]
[0, 1, 4]
[0, 1, 5]
0.5714285714285714 0.6363636363636364
itercount --------> 6
[5, 0, 1]
[5, 0, 2]
[5, 0, 4]
[5, 0, 6]
[5, 0, 3]
[5, 0, 7]
0.6363636363636364 0.6666666666666666
itercount --------> 7
[5, 4, 6]
[5, 4, 0]
0.6666666666666666 0.7142857142857143
itercount --------> 8
[5, 3, 4]
[5, 3, 6]
[5, 3, 0]
[5, 3, 1]
[5, 3, 2]
[5, 3, 7]
[5, 3, 4, 6]
[5, 3, 4, 0]
[5, 3, 4, 1]
[5, 3, 4, 2]
[5, 3, 4, 7]
[5, 3, 4, 6, 0]
[5, 3, 4, 6, 1]
[5, 3, 4, 6, 2]
[5, 3, 4, 6, 7]
[5, 3, 4, 6, 0, 1]
[5, 3, 4, 6, 0, 2]
[5, 3, 4, 6, 0, 7]
[5, 3, 4, 6, 0, 1, 2]
[5, 3, 4, 6, 0, 1, 7]
[5, 3, 4, 6, 0, 1, 2, 7]
failed -> 20 times
after fail n ======> 7
[0, 1, 2, 4, 6, 3, 5]
0.10810810810810811 0.15625
itercount --------> 1
[1, 2, 0]
0.15625 0.2777777777777778
itercount --------> 2
[2, 3, 0]
0.2777777777777778 0.45454545454545453
itercount --------> 3
[0, 1, 2]
[0, 1, 3]
[0, 1, 4]
[0, 1, 6]
[0, 1, 5]
[0, 1, 7]
[0, 1, 2, 3]
[0, 1, 2, 4]
[0, 1, 2, 6]
[0, 1, 2, 5]
[0, 1, 2, 7]
[0, 1, 2, 3, 4]
[0, 1, 2, 3, 6]
[0, 1, 2, 3, 5]
[0, 1, 2, 3, 7]
[0, 1, 2, 3, 4, 6]
0.45454545454545453 0.5714285714285714
itercount --------> 4
[0, 1, 2]
[0, 1, 3]
[0, 1, 4]
[0, 1, 5]
0.5714285714285714 0.6363636363636364
itercount --------> 5
[5, 0, 1]
[5, 0, 2]
[5, 0, 4]
[5, 0, 6]
[5, 0, 3]
[5, 0, 7]
[5, 0, 1, 2]
[5, 0, 1, 4]
[5, 0, 1, 6]
[5, 0, 1, 3]
[5, 0, 1, 7]
[5, 0, 1, 2, 4]
0.6363636363636364 0.7272727272727273
itercount --------> 6
[0, 1, 2]
[0, 1, 3]
[0, 1, 4]
[0, 1, 5]
[0, 1, 6]
[0, 1, 7]
[0, 1, 2, 3]
[0, 1, 2, 4]
[0, 1, 2, 5]
[0, 1, 2, 6]
[0, 1, 2, 7]
0.7272727272727273 0.7619047619047619
itercount --------> 7
[3, 0, 1]
[3, 0, 2]
[3, 0, 4]
[3, 0, 5]
[3, 0, 6]
[3, 0, 7]
[3, 0, 1, 2]
[3, 0, 1, 4]
[3, 0, 1, 5]
[3, 0, 1, 6]
[3, 0, 1, 7]
[3, 0, 1, 2, 4]
[3, 0, 1, 2, 5]
[3, 0, 1, 2, 6]
[3, 0, 1, 2, 7]
[3, 0, 1, 2, 4, 5]
[3, 0, 1, 2, 4, 6]
[3, 0, 1, 2, 4, 7]
[3, 0, 1, 2, 4, 5, 6]
[3, 0, 1, 2, 4, 5, 7]
[3, 0, 1, 2, 4, 5, 6, 7]
failed -> 21 times
after fail n ======> 8
[0, 1, 2, 4, 6, 3, 5, 7]
0.10810810810810811 0.11764705882352941
itercount --------> 1
[0, 1, 2]
0.11764705882352941 0.2222222222222222
itercount --------> 2
[1, 0, 2]
0.2222222222222222 0.4
itercount --------> 3
[0, 1, 2]
[0, 1, 3]
0.4 0.5714285714285714
itercount --------> 4
[0, 1, 2]
[0, 1, 3]
[0, 1, 4]
[0, 1, 5]
0.5714285714285714 0.6363636363636364
itercount --------> 5
[5, 0, 1]
[5, 0, 2]
[5, 0, 4]
[5, 0, 6]
[5, 0, 3]
[5, 0, 7]
[5, 0, 1, 2]
0.6363636363636364 0.7272727272727273
itercount --------> 6
[0, 1, 2]
[0, 1, 3]
[0, 1, 4]
[0, 1, 5]
[0, 1, 6]
[0, 1, 7]
[0, 1, 2, 3]
[0, 1, 2, 4]
[0, 1, 2, 5]
[0, 1, 2, 6]
[0, 1, 2, 7]
0.7272727272727273 0.7619047619047619
itercount --------> 7
[3, 0, 1]
[3, 0, 2]
[3, 0, 4]
[3, 0, 5]
[3, 0, 6]
[3, 0, 7]
[3, 0, 1, 2]
[3, 0, 1, 4]
[3, 0, 1, 5]
[3, 0, 1, 6]
[3, 0, 1, 7]
[3, 0, 1, 2, 4]
[3, 0, 1, 2, 5]
[3, 0, 1, 2, 6]
[3, 0, 1, 2, 7]
[3, 0, 1, 2, 4, 5]
[3, 0, 1, 2, 4, 6]
[3, 0, 1, 2, 4, 7]
[3, 0, 1, 2, 4, 5, 6]
[3, 0, 1, 2, 4, 5, 7]
[3, 0, 1, 2, 4, 5, 6, 7]
failed -> 22 times
after fail n ======> 5
[0, 1, 2, 4, 6]
0.10810810810810811 0.19047619047619047
itercount --------> 1
[0, 1, 2]
0.19047619047619047 0.20833333333333334
itercount --------> 2
[1, 0, 2]
0.20833333333333334 0.35714285714285715
itercount --------> 3
[0, 4, 1]
0.35714285714285715 0.42857142857142855
itercount --------> 4
[0, 1, 2]
0.42857142857142855 0.5
itercount --------> 5
[0, 1, 2]
[0, 1, 3]
0.5 0.5833333333333334
itercount --------> 6
[0, 3, 1]
[0, 3, 2]
[0, 3, 4]
[0, 3, 6]
0.5833333333333334 0.6153846153846154
itercount --------> 7
[0, 1, 2]
[0, 1, 3]
[0, 1, 4]
[0, 1, 6]
[0, 1, 5]
[0, 1, 7]
0.6153846153846154 0.625
itercount --------> 8
[0, 1, 2]
[0, 1, 3]
[0, 1, 4]
[0, 1, 6]
[0, 1, 7]
[0, 1, 5]
[0, 1, 2, 3]
[0, 1, 2, 4]
[0, 1, 2, 6]
[0, 1, 2, 7]
[0, 1, 2, 5]
0.625 0.6521739130434783
itercount --------> 9
[0, 2, 3]
[0, 2, 1]
[0, 2, 4]
[0, 2, 6]
[0, 2, 7]
[0, 2, 5]
[0, 2, 3, 1]
[0, 2, 3, 4]
0.6521739130434783 0.68
itercount --------> 10
[0, 2, 1]
[0, 2, 3]
[0, 2, 4]
[0, 2, 6]
[0, 2, 7]
[0, 2, 5]
[0, 2, 1, 3]
[0, 2, 1, 4]
[0, 2, 1, 6]
[0, 2, 1, 7]
[0, 2, 1, 5]
[0, 2, 1, 3, 4]
[0, 2, 1, 3, 6]
0.68 0.6818181818181818
itercount --------> 11
[0, 3, 4]
[0, 3, 6]
[0, 3, 2]
[0, 3, 7]
[0, 3, 1]
[0, 3, 5]
[0, 3, 4, 6]
[0, 3, 4, 2]
[0, 3, 4, 7]
[0, 3, 4, 1]
[0, 3, 4, 5]
[0, 3, 4, 6, 2]
[0, 3, 4, 6, 7]
[0, 3, 4, 6, 1]
[0, 3, 4, 6, 5]
[0, 3, 4, 6, 2, 7]
[0, 3, 4, 6, 2, 1]
[0, 3, 4, 6, 2, 5]
[0, 3, 4, 6, 2, 7, 1]
[0, 3, 4, 6, 2, 7, 5]
[0, 3, 4, 6, 2, 7, 1, 5]
0.6818181818181818 0.72
itercount --------> 12
[2, 0, 3]
[2, 0, 4]
[2, 0, 6]
[2, 0, 1]
[2, 0, 5]
[2, 0, 7]
[2, 0, 3, 4]
[2, 0, 3, 6]
[2, 0, 3, 1]
[2, 0, 3, 5]
[2, 0, 3, 7]
[2, 0, 3, 4, 6]
[2, 0, 3, 4, 1]
[2, 0, 3, 4, 5]
[2, 0, 3, 4, 7]
[2, 0, 3, 4, 6, 1]
[2, 0, 3, 4, 6, 5]
[2, 0, 3, 4, 6, 7]
[2, 0, 3, 4, 6, 1, 5]
[2, 0, 3, 4, 6, 1, 7]
[2, 0, 3, 4, 6, 1, 5, 7]
0.72 0.75
itercount --------> 13
[0, 2, 3]
[0, 2, 4]
[0, 2, 6]
[0, 2, 1]
[0, 2, 5]
[0, 2, 7]
[0, 2, 3, 4]
[0, 2, 3, 6]
[0, 2, 3, 1]
[0, 2, 3, 5]
[0, 2, 3, 7]
[0, 2, 3, 4, 6]
[0, 2, 3, 4, 1]
0.75 0.782608695652174
itercount --------> 14
[0, 2, 1]
[0, 2, 3]
[0, 2, 4]
[0, 2, 6]
[0, 2, 5]
[0, 2, 7]
[0, 2, 1, 3]
[0, 2, 1, 4]
[0, 2, 1, 6]
[0, 2, 1, 5]
[0, 2, 1, 7]
[0, 2, 1, 3, 4]
[0, 2, 1, 3, 6]
[0, 2, 1, 3, 5]
[0, 2, 1, 3, 7]
[0, 2, 1, 3, 4, 6]
[0, 2, 1, 3, 4, 5]
[0, 2, 1, 3, 4, 7]
[0, 2, 1, 3, 4, 6, 5]
[0, 2, 1, 3, 4, 6, 7]
[0, 2, 1, 3, 4, 6, 5, 7]
failed -> 23 times
after fail n ======> 6
[0, 1, 2, 4, 6, 3]
0.10810810810810811 0.12903225806451613
itercount --------> 1
[0, 1, 2]
0.12903225806451613 0.22727272727272727
itercount --------> 2
[0, 2, 1]
0.22727272727272727 0.35714285714285715
itercount --------> 3
[0, 1, 2]
0.35714285714285715 0.38461538461538464
itercount --------> 4
[0, 3, 6]
[0, 3, 1]
[0, 3, 2]
0.38461538461538464 0.45454545454545453
itercount --------> 5
[0, 1, 2]
[0, 1, 6]
[0, 1, 3]
[0, 1, 4]
0.45454545454545453 0.5
itercount --------> 6
[0, 1, 2]
[0, 1, 3]
[0, 1, 5]
[0, 1, 4]
[0, 1, 6]
[0, 1, 7]
[0, 1, 2, 3]
[0, 1, 2, 5]
[0, 1, 2, 4]
[0, 1, 2, 6]
[0, 1, 2, 7]
0.5 0.5263157894736842
itercount --------> 7
[0, 1, 2]
[0, 1, 3]
[0, 1, 5]
[0, 1, 4]
[0, 1, 6]
[0, 1, 7]
[0, 1, 2, 3]
[0, 1, 2, 5]
[0, 1, 2, 4]
[0, 1, 2, 6]
[0, 1, 2, 7]
[0, 1, 2, 3, 5]
[0, 1, 2, 3, 4]
[0, 1, 2, 3, 6]
[0, 1, 2, 3, 7]
[0, 1, 2, 3, 5, 4]
[0, 1, 2, 3, 5, 6]
[0, 1, 2, 3, 5, 7]
[0, 1, 2, 3, 5, 4, 6]
0.5263157894736842 0.7272727272727273
itercount --------> 8
[3, 0, 1]
[3, 0, 2]
[3, 0, 4]
[3, 0, 5]
[3, 0, 6]
[3, 0, 7]
[3, 0, 1, 2]
[3, 0, 1, 4]
[3, 0, 1, 5]
[3, 0, 1, 6]
[3, 0, 1, 7]
[3, 0, 1, 2, 4]
[3, 0, 1, 2, 5]
[3, 0, 1, 2, 6]
[3, 0, 1, 2, 7]
[3, 0, 1, 2, 4, 5]
[3, 0, 1, 2, 4, 6]
[3, 0, 1, 2, 4, 7]
[3, 0, 1, 2, 4, 5, 6]
[3, 0, 1, 2, 4, 5, 7]
[3, 0, 1, 2, 4, 5, 6, 7]
failed -> 24 times
after fail n ======> 7
[0, 1, 2, 4, 6, 3, 5]
0.10810810810810811 0.19047619047619047
itercount --------> 1
[0, 1, 2]
[0, 1, 4]
0.19047619047619047 0.35714285714285715
itercount --------> 2
[0, 6, 1]
0.35714285714285715 0.4117647058823529
itercount --------> 3
[0, 1, 2]
[0, 1, 3]
[0, 1, 4]
0.4117647058823529 0.4375
itercount --------> 4
[1, 0, 2]
[1, 0, 3]
[1, 0, 4]
[1, 0, 6]
[1, 0, 5]
[1, 0, 7]
[1, 0, 2, 3]
0.4375 0.5
itercount --------> 5
[1, 0, 2]
[1, 0, 3]
[1, 0, 4]
[1, 0, 6]
[1, 0, 5]
[1, 0, 7]
0.5 0.56
itercount --------> 6
[1, 3, 0]
[1, 3, 2]
[1, 3, 4]
[1, 3, 6]
0.56 0.6153846153846154
itercount --------> 7
[1, 0, 2]
[1, 0, 3]
[1, 0, 6]
[1, 0, 4]
[1, 0, 7]
[1, 0, 5]
0.6153846153846154 0.625
itercount --------> 8
[1, 4, 6]
[1, 4, 0]
[1, 4, 2]
[1, 4, 3]
[1, 4, 7]
[1, 4, 5]
[1, 4, 6, 0]
[1, 4, 6, 2]
[1, 4, 6, 3]
0.625 0.68
itercount --------> 9
[1, 0, 2]
[1, 0, 4]
[1, 0, 6]
[1, 0, 3]
[1, 0, 7]
[1, 0, 5]
[1, 0, 2, 4]
[1, 0, 2, 6]
[1, 0, 2, 3]
0.68 0.6818181818181818
itercount --------> 10
[1, 3, 4]
[1, 3, 6]
[1, 3, 0]
[1, 3, 2]
[1, 3, 7]
[1, 3, 5]
[1, 3, 4, 6]
[1, 3, 4, 0]
[1, 3, 4, 2]
[1, 3, 4, 7]
[1, 3, 4, 5]
[1, 3, 4, 6, 0]
[1, 3, 4, 6, 2]
0.6818181818181818 0.7083333333333334
itercount --------> 11
[1, 2, 4]
[1, 2, 6]
[1, 2, 3]
[1, 2, 0]
[1, 2, 7]
[1, 2, 5]
[1, 2, 4, 6]
[1, 2, 4, 3]
[1, 2, 4, 0]
0.7083333333333334 0.7391304347826086
itercount --------> 12
[1, 2, 4]
[1, 2, 6]
0.7391304347826086 0.782608695652174
itercount --------> 13
[2, 1, 0]
[2, 1, 6]
[2, 1, 3]
[2, 1, 4]
[2, 1, 5]
[2, 1, 7]
[2, 1, 0, 6]
0.782608695652174 0.85
itercount --------> 14
[1, 2, 3]
[1, 2, 4]
[1, 2, 6]
[1, 2, 0]
[1, 2, 7]
[1, 2, 5]
[1, 2, 3, 4]
[1, 2, 3, 6]
[1, 2, 3, 0]
[1, 2, 3, 7]
[1, 2, 3, 5]
[1, 2, 3, 4, 6]
[1, 2, 3, 4, 0]
[1, 2, 3, 4, 7]
[1, 2, 3, 4, 5]
[1, 2, 3, 4, 6, 0]
[1, 2, 3, 4, 6, 7]
[1, 2, 3, 4, 6, 5]
[1, 2, 3, 4, 6, 0, 7]
[1, 2, 3, 4, 6, 0, 5]
[1, 2, 3, 4, 6, 0, 7, 5]
failed -> 25 times
after fail n ======> 8
[0, 1, 2, 4, 6, 3, 5, 7]
0.10810810810810811 0.13636363636363635
itercount --------> 1
[0, 1, 4]
0.13636363636363635 0.16
itercount --------> 2
[0, 1, 2]
0.16 0.21052631578947367
itercount --------> 3
[0, 3, 1]
0.21052631578947367 0.35714285714285715
itercount --------> 4
[0, 1, 3]
[0, 1, 6]
[0, 1, 4]
0.35714285714285715 0.4166666666666667
itercount --------> 5
[0, 1, 3]
[0, 1, 4]
[0, 1, 2]
0.4166666666666667 0.5
itercount --------> 6
[0, 1, 2]
[0, 1, 3]
[0, 1, 5]
[0, 1, 4]
[0, 1, 6]
[0, 1, 7]
[0, 1, 2, 3]
[0, 1, 2, 5]
[0, 1, 2, 4]
[0, 1, 2, 6]
[0, 1, 2, 7]
0.5 0.5263157894736842
itercount --------> 7
[0, 1, 2]
[0, 1, 3]
[0, 1, 5]
[0, 1, 4]
[0, 1, 6]
[0, 1, 7]
[0, 1, 2, 3]
[0, 1, 2, 5]
[0, 1, 2, 4]
[0, 1, 2, 6]
[0, 1, 2, 7]
[0, 1, 2, 3, 5]
[0, 1, 2, 3, 4]
[0, 1, 2, 3, 6]
[0, 1, 2, 3, 7]
[0, 1, 2, 3, 5, 4]
[0, 1, 2, 3, 5, 6]
[0, 1, 2, 3, 5, 7]
[0, 1, 2, 3, 5, 4, 6]
0.5263157894736842 0.7272727272727273
itercount --------> 8
[3, 0, 1]
[3, 0, 2]
[3, 0, 4]
[3, 0, 5]
[3, 0, 6]
[3, 0, 7]
[3, 0, 1, 2]
[3, 0, 1, 4]
[3, 0, 1, 5]
[3, 0, 1, 6]
[3, 0, 1, 7]
[3, 0, 1, 2, 4]
[3, 0, 1, 2, 5]
[3, 0, 1, 2, 6]
[3, 0, 1, 2, 7]
[3, 0, 1, 2, 4, 5]
[3, 0, 1, 2, 4, 6]
[3, 0, 1, 2, 4, 7]
[3, 0, 1, 2, 4, 5, 6]
[3, 0, 1, 2, 4, 5, 7]
[3, 0, 1, 2, 4, 5, 6, 7]
failed -> 26 times
after fail n ======> 5
[0, 1, 2, 4, 6]
0.10810810810810811 0.19047619047619047
itercount --------> 1
[1, 0, 2]
0.19047619047619047 0.3076923076923077
itercount --------> 2
[0, 1, 2]
[0, 1, 4]
0.3076923076923077 0.3333333333333333
itercount --------> 3
[0, 1, 2]
0.3333333333333333 0.35714285714285715
itercount --------> 4
[0, 6, 1]
0.35714285714285715 0.42857142857142855
itercount --------> 5
[0, 1, 2]
[0, 1, 3]
[0, 1, 4]
[0, 1, 6]
[0, 1, 5]
[0, 1, 7]
[0, 1, 2, 3]
0.42857142857142855 0.5
itercount --------> 6
[0, 1, 2]
[0, 1, 3]
0.5 0.5833333333333334
itercount --------> 7
[0, 3, 1]
[0, 3, 2]
[0, 3, 4]
[0, 3, 6]
[0, 3, 5]
[0, 3, 7]
[0, 3, 1, 2]
[0, 3, 1, 4]
0.5833333333333334 0.6153846153846154
itercount --------> 8
[0, 1, 2]
[0, 1, 3]
[0, 1, 4]
[0, 1, 6]
[0, 1, 5]
[0, 1, 7]
[0, 1, 2, 3]
[0, 1, 2, 4]
[0, 1, 2, 6]
[0, 1, 2, 5]
[0, 1, 2, 7]
0.6153846153846154 0.6521739130434783
itercount --------> 9
[0, 1, 3]
[0, 1, 2]
[0, 1, 4]
[0, 1, 6]
[0, 1, 7]
[0, 1, 5]
[0, 1, 3, 2]
[0, 1, 3, 4]
[0, 1, 3, 6]
[0, 1, 3, 7]
[0, 1, 3, 5]
[0, 1, 3, 2, 4]
[0, 1, 3, 2, 6]
0.6521739130434783 0.68
itercount --------> 10
[0, 1, 3]
0.68 0.6818181818181818
itercount --------> 11
[0, 3, 4]
[0, 3, 6]
[0, 3, 7]
[0, 3, 1]
[0, 3, 2]
0.6818181818181818 0.7083333333333334
itercount --------> 12
[0, 2, 4]
[0, 2, 6]
[0, 2, 3]
[0, 2, 1]
[0, 2, 7]
[0, 2, 5]
[0, 2, 4, 6]
[0, 2, 4, 3]
[0, 2, 4, 1]
[0, 2, 4, 7]
[0, 2, 4, 5]
[0, 2, 4, 6, 3]
[0, 2, 4, 6, 1]
[0, 2, 4, 6, 7]
[0, 2, 4, 6, 5]
[0, 2, 4, 6, 3, 1]
[0, 2, 4, 6, 3, 7]
[0, 2, 4, 6, 3, 5]
[0, 2, 4, 6, 3, 1, 7]
[0, 2, 4, 6, 3, 1, 5]
[0, 2, 4, 6, 3, 1, 7, 5]
failed -> 27 times
after fail n ======> 6
[0, 1, 2, 4, 6, 3]
0.10810810810810811 0.11764705882352941
itercount --------> 1
[0, 1, 2]
[0, 1, 3]
0.11764705882352941 0.1509433962264151
itercount --------> 2
[0, 2, 1]
0.1509433962264151 0.2962962962962963
itercount --------> 3
[2, 0, 1]
0.2962962962962963 0.5714285714285714
itercount --------> 4
[0, 1, 2]
[0, 1, 3]
[0, 1, 4]
[0, 1, 5]
0.5714285714285714 0.6363636363636364
itercount --------> 5
[5, 0, 1]
[5, 0, 2]
0.6363636363636364 0.7272727272727273
itercount --------> 6
[0, 1, 2]
[0, 1, 3]
[0, 1, 4]
[0, 1, 5]
[0, 1, 6]
[0, 1, 7]
[0, 1, 2, 3]
[0, 1, 2, 4]
[0, 1, 2, 5]
[0, 1, 2, 6]
[0, 1, 2, 7]
[0, 1, 2, 3, 4]
[0, 1, 2, 3, 5]
[0, 1, 2, 3, 6]
[0, 1, 2, 3, 7]
0.7272727272727273 0.7619047619047619
itercount --------> 7
[3, 0, 1]
[3, 0, 2]
[3, 0, 4]
[3, 0, 5]
[3, 0, 6]
[3, 0, 7]
[3, 0, 1, 2]
[3, 0, 1, 4]
[3, 0, 1, 5]
[3, 0, 1, 6]
[3, 0, 1, 7]
[3, 0, 1, 2, 4]
[3, 0, 1, 2, 5]
[3, 0, 1, 2, 6]
[3, 0, 1, 2, 7]
[3, 0, 1, 2, 4, 5]
[3, 0, 1, 2, 4, 6]
[3, 0, 1, 2, 4, 7]
[3, 0, 1, 2, 4, 5, 6]
[3, 0, 1, 2, 4, 5, 7]
[3, 0, 1, 2, 4, 5, 6, 7]
failed -> 28 times
after fail n ======> 7
[0, 1, 2, 4, 6, 3, 5]
0.10810810810810811 0.20833333333333334
itercount --------> 1
[2, 1, 0]
0.20833333333333334 0.38461538461538464
itercount --------> 2
[0, 1, 2]
[0, 1, 4]
[0, 1, 3]
0.38461538461538464 0.45454545454545453
itercount --------> 3
[0, 1, 2]
[0, 1, 4]
[0, 1, 3]
[0, 1, 5]
[0, 1, 6]
0.45454545454545453 0.5
itercount --------> 4
[0, 1, 2]
[0, 1, 3]
[0, 1, 5]
[0, 1, 4]
[0, 1, 6]
[0, 1, 7]
[0, 1, 2, 3]
[0, 1, 2, 5]
[0, 1, 2, 4]
[0, 1, 2, 6]
[0, 1, 2, 7]
0.5 0.5263157894736842
itercount --------> 5
[0, 1, 2]
[0, 1, 3]
[0, 1, 5]
[0, 1, 4]
[0, 1, 6]
[0, 1, 7]
[0, 1, 2, 3]
[0, 1, 2, 5]
[0, 1, 2, 4]
[0, 1, 2, 6]
[0, 1, 2, 7]
[0, 1, 2, 3, 5]
[0, 1, 2, 3, 4]
[0, 1, 2, 3, 6]
[0, 1, 2, 3, 7]
[0, 1, 2, 3, 5, 4]
[0, 1, 2, 3, 5, 6]
[0, 1, 2, 3, 5, 7]
[0, 1, 2, 3, 5, 4, 6]
0.5263157894736842 0.7272727272727273
itercount --------> 6
[3, 0, 1]
[3, 0, 2]
[3, 0, 4]
[3, 0, 5]
[3, 0, 6]
[3, 0, 7]
[3, 0, 1, 2]
[3, 0, 1, 4]
[3, 0, 1, 5]
[3, 0, 1, 6]
[3, 0, 1, 7]
[3, 0, 1, 2, 4]
[3, 0, 1, 2, 5]
[3, 0, 1, 2, 6]
[3, 0, 1, 2, 7]
[3, 0, 1, 2, 4, 5]
[3, 0, 1, 2, 4, 6]
[3, 0, 1, 2, 4, 7]
[3, 0, 1, 2, 4, 5, 6]
[3, 0, 1, 2, 4, 5, 7]
[3, 0, 1, 2, 4, 5, 6, 7]
failed -> 29 times
after fail n ======> 8
[0, 1, 2, 4, 6, 3, 5, 7]
0.10810810810810811 0.19047619047619047
itercount --------> 1
[2, 0, 1]
0.19047619047619047 0.3076923076923077
itercount --------> 2
[0, 1, 2]
[0, 1, 4]
[0, 1, 6]
0.3076923076923077 0.35714285714285715
itercount --------> 3
[0, 4, 1]
[0, 4, 2]
0.35714285714285715 0.42857142857142855
itercount --------> 4
[0, 1, 2]
[0, 1, 3]
[0, 1, 4]
[0, 1, 6]
[0, 1, 5]
[0, 1, 7]
[0, 1, 2, 3]
0.42857142857142855 0.5
itercount --------> 5
[0, 1, 2]
[0, 1, 3]
0.5 0.5833333333333334
itercount --------> 6
[0, 3, 1]
[0, 3, 2]
[0, 3, 4]
0.5833333333333334 0.6153846153846154
itercount --------> 7
[0, 1, 2]
[0, 1, 3]
[0, 1, 4]
[0, 1, 6]
[0, 1, 5]
[0, 1, 7]
[0, 1, 2, 3]
[0, 1, 2, 4]
[0, 1, 2, 6]
[0, 1, 2, 5]
[0, 1, 2, 7]
[0, 1, 2, 3, 4]
[0, 1, 2, 3, 6]
[0, 1, 2, 3, 5]
[0, 1, 2, 3, 7]
0.6153846153846154 0.64
itercount --------> 8
[0, 2, 1]
[0, 2, 3]
[0, 2, 4]
[0, 2, 6]
[0, 2, 5]
[0, 2, 7]
[0, 2, 1, 3]
[0, 2, 1, 4]
[0, 2, 1, 6]
0.64 0.6666666666666666
itercount --------> 9
[2, 0, 3]
[2, 0, 1]
[2, 0, 6]
[2, 0, 4]
[2, 0, 7]
[2, 0, 5]
[2, 0, 3, 1]
[2, 0, 3, 6]
[2, 0, 3, 4]
[2, 0, 3, 7]
[2, 0, 3, 5]
[2, 0, 3, 1, 6]
[2, 0, 3, 1, 4]
[2, 0, 3, 1, 7]
[2, 0, 3, 1, 5]
[2, 0, 3, 1, 6, 4]
0.6666666666666666 0.6818181818181818
itercount --------> 10
[2, 6, 0]
[2, 6, 4]
[2, 6, 1]
[2, 6, 3]
[2, 6, 7]
[2, 6, 5]
[2, 6, 0, 4]
[2, 6, 0, 1]
[2, 6, 0, 3]
0.6818181818181818 0.7083333333333334
itercount --------> 11
[2, 1, 0]
[2, 1, 4]
[2, 1, 6]
[2, 1, 3]
[2, 1, 7]
[2, 1, 5]
[2, 1, 0, 4]
[2, 1, 0, 6]
[2, 1, 0, 3]
[2, 1, 0, 7]
[2, 1, 0, 5]
[2, 1, 0, 4, 6]
[2, 1, 0, 4, 3]
[2, 1, 0, 4, 7]
[2, 1, 0, 4, 5]
[2, 1, 0, 4, 6, 3]
0.7083333333333334 0.85
itercount --------> 12
[0, 2, 3]
[0, 2, 4]
[0, 2, 6]
[0, 2, 1]
[0, 2, 7]
[0, 2, 5]
[0, 2, 3, 4]
[0, 2, 3, 6]
[0, 2, 3, 1]
[0, 2, 3, 7]
[0, 2, 3, 5]
[0, 2, 3, 4, 6]
[0, 2, 3, 4, 1]
[0, 2, 3, 4, 7]
[0, 2, 3, 4, 5]
[0, 2, 3, 4, 6, 1]
[0, 2, 3, 4, 6, 7]
[0, 2, 3, 4, 6, 5]
[0, 2, 3, 4, 6, 1, 7]
[0, 2, 3, 4, 6, 1, 5]
[0, 2, 3, 4, 6, 1, 7, 5]
failed -> 30 times
after fail n ======> 5
[0, 1, 2, 4, 6]
0.10810810810810811 0.19047619047619047
itercount --------> 1
[2, 0, 1]
0.19047619047619047 0.3076923076923077
itercount --------> 2
[0, 1, 2]
[0, 1, 4]
0.3076923076923077 0.3333333333333333
itercount --------> 3
[1, 0, 2]
0.3333333333333333 0.35714285714285715
itercount --------> 4
[1, 6, 0]
0.35714285714285715 0.4117647058823529
itercount --------> 5
[1, 0, 2]
[1, 0, 3]
[1, 0, 4]
[1, 0, 6]
[1, 0, 5]
[1, 0, 7]
[1, 0, 2, 3]
0.4117647058823529 0.5
itercount --------> 6
[0, 1, 2]
[0, 1, 3]
0.5 0.5384615384615384
itercount --------> 7
[0, 1, 2]
[0, 1, 3]
[0, 1, 4]
[0, 1, 6]
[0, 1, 5]
[0, 1, 7]
[0, 1, 2, 3]
[0, 1, 2, 4]
[0, 1, 2, 6]
[0, 1, 2, 5]
[0, 1, 2, 7]
[0, 1, 2, 3, 4]
[0, 1, 2, 3, 6]
0.5384615384615384 0.6153846153846154
itercount --------> 8
[0, 1, 2]
[0, 1, 4]
[0, 1, 3]
[0, 1, 6]
[0, 1, 5]
[0, 1, 7]
[0, 1, 2, 4]
[0, 1, 2, 3]
[0, 1, 2, 6]
[0, 1, 2, 5]
[0, 1, 2, 7]
0.6153846153846154 0.625
itercount --------> 9
[0, 4, 3]
0.625 0.6538461538461539
itercount --------> 10
[0, 1, 2]
[0, 1, 3]
[0, 1, 6]
[0, 1, 4]
[0, 1, 7]
[0, 1, 5]
[0, 1, 2, 3]
0.6538461538461539 0.68
itercount --------> 11
[0, 1, 3]
[0, 1, 6]
[0, 1, 4]
[0, 1, 2]
[0, 1, 7]
[0, 1, 5]
[0, 1, 3, 6]
[0, 1, 3, 4]
[0, 1, 3, 2]
[0, 1, 3, 7]
[0, 1, 3, 5]
[0, 1, 3, 6, 4]
[0, 1, 3, 6, 2]
[0, 1, 3, 6, 7]
[0, 1, 3, 6, 5]
[0, 1, 3, 6, 4, 2]
0.68 0.7083333333333334
itercount --------> 12
[0, 1, 3]
[0, 1, 6]
[0, 1, 4]
[0, 1, 2]
[0, 1, 7]
0.7083333333333334 0.7391304347826086
itercount --------> 13
[1, 0, 4]
[1, 0, 6]
[1, 0, 3]
[1, 0, 2]
[1, 0, 7]
[1, 0, 5]
[1, 0, 4, 6]
[1, 0, 4, 3]
[1, 0, 4, 2]
0.7391304347826086 0.85
itercount --------> 14
[0, 1, 3]
[0, 1, 4]
[0, 1, 6]
[0, 1, 2]
[0, 1, 7]
[0, 1, 5]
[0, 1, 3, 4]
[0, 1, 3, 6]
[0, 1, 3, 2]
[0, 1, 3, 7]
[0, 1, 3, 5]
[0, 1, 3, 4, 6]
[0, 1, 3, 4, 2]
[0, 1, 3, 4, 7]
[0, 1, 3, 4, 5]
[0, 1, 3, 4, 6, 2]
[0, 1, 3, 4, 6, 7]
[0, 1, 3, 4, 6, 5]
[0, 1, 3, 4, 6, 2, 7]
[0, 1, 3, 4, 6, 2, 5]
[0, 1, 3, 4, 6, 2, 7, 5]
failed -> 31 times
after fail n ======> 6
[0, 1, 2, 4, 6, 3]
0.10810810810810811 0.11764705882352941
itercount --------> 1
[0, 1, 2]
[0, 1, 3]
[0, 1, 4]
0.11764705882352941 0.15
itercount --------> 2
[0, 1, 2]
0.15 0.16666666666666666
itercount --------> 3
[2, 1, 0]
0.16666666666666666 0.23076923076923078
itercount --------> 4
[0, 1, 2]
0.23076923076923078 0.25
itercount --------> 5
[0, 1, 2]
[0, 1, 3]
[0, 1, 4]
[0, 1, 5]
[0, 1, 6]
0.25 0.3125
itercount --------> 6
[0, 6, 1]
[0, 6, 3]
0.3125 0.36363636363636365
itercount --------> 7
[6, 1, 3]
[6, 1, 4]
0.36363636363636365 0.4166666666666667
itercount --------> 8
[1, 3, 6]
[1, 3, 4]
[1, 3, 0]
0.4166666666666667 0.5
itercount --------> 9
[0, 1, 2]
[0, 1, 3]
[0, 1, 5]
[0, 1, 4]
[0, 1, 6]
[0, 1, 7]
[0, 1, 2, 3]
[0, 1, 2, 5]
[0, 1, 2, 4]
[0, 1, 2, 6]
[0, 1, 2, 7]
0.5 0.5263157894736842
itercount --------> 10
[0, 1, 2]
[0, 1, 3]
[0, 1, 5]
[0, 1, 4]
[0, 1, 6]
[0, 1, 7]
[0, 1, 2, 3]
[0, 1, 2, 5]
[0, 1, 2, 4]
[0, 1, 2, 6]
[0, 1, 2, 7]
[0, 1, 2, 3, 5]
[0, 1, 2, 3, 4]
[0, 1, 2, 3, 6]
[0, 1, 2, 3, 7]
[0, 1, 2, 3, 5, 4]
[0, 1, 2, 3, 5, 6]
[0, 1, 2, 3, 5, 7]
[0, 1, 2, 3, 5, 4, 6]
0.5263157894736842 0.6666666666666666
itercount --------> 11
[5, 4, 6]
[5, 4, 0]
[5, 4, 1]
[5, 4, 2]
0.6666666666666666 0.7272727272727273
itercount --------> 12
[3, 0, 1]
[3, 0, 2]
[3, 0, 4]
[3, 0, 5]
[3, 0, 6]
[3, 0, 7]
[3, 0, 1, 2]
[3, 0, 1, 4]
[3, 0, 1, 5]
[3, 0, 1, 6]
[3, 0, 1, 7]
[3, 0, 1, 2, 4]
[3, 0, 1, 2, 5]
[3, 0, 1, 2, 6]
[3, 0, 1, 2, 7]
[3, 0, 1, 2, 4, 5]
[3, 0, 1, 2, 4, 6]
[3, 0, 1, 2, 4, 7]
[3, 0, 1, 2, 4, 5, 6]
[3, 0, 1, 2, 4, 5, 7]
[3, 0, 1, 2, 4, 5, 6, 7]
failed -> 32 times
after fail n ======> 7
[0, 1, 2, 4, 6, 3, 5]
0.10810810810810811 0.19047619047619047
itercount --------> 1
[0, 1, 2]
0.19047619047619047 0.3076923076923077
itercount --------> 2
[0, 1, 2]
[0, 1, 4]
0.3076923076923077 0.35714285714285715
itercount --------> 3
[0, 6, 1]
0.35714285714285715 0.42857142857142855
itercount --------> 4
[0, 1, 2]
0.42857142857142855 0.5
itercount --------> 5
[0, 1, 2]
[0, 1, 3]
[0, 1, 4]
[0, 1, 6]
[0, 1, 5]
0.5 0.5384615384615384
itercount --------> 6
[0, 1, 3]
[0, 1, 2]
[0, 1, 4]
[0, 1, 6]
[0, 1, 5]
[0, 1, 7]
[0, 1, 3, 2]
0.5384615384615384 0.5833333333333334
itercount --------> 7
[0, 1, 3]
[0, 1, 2]
[0, 1, 4]
[0, 1, 6]
[0, 1, 5]
[0, 1, 7]
[0, 1, 3, 2]
[0, 1, 3, 4]
[0, 1, 3, 6]
[0, 1, 3, 5]
[0, 1, 3, 7]
[0, 1, 3, 2, 4]
[0, 1, 3, 2, 6]
[0, 1, 3, 2, 5]
[0, 1, 3, 2, 7]
[0, 1, 3, 2, 4, 6]
[0, 1, 3, 2, 4, 5]
[0, 1, 3, 2, 4, 7]
[0, 1, 3, 2, 4, 6, 5]
[0, 1, 3, 2, 4, 6, 7]
[0, 1, 3, 2, 4, 6, 5, 7]
failed -> 33 times
after fail n ======> 8
[0, 1, 2, 4, 6, 3, 5, 7]
0.10810810810810811 0.13333333333333333
itercount --------> 1
[2, 7, 0]
0.13333333333333333 0.18181818181818182
itercount --------> 2
[0, 1, 2]
[0, 1, 7]
[0, 1, 4]
0.18181818181818182 0.21739130434782608
itercount --------> 3
[1, 7, 6]
0.21739130434782608 0.2608695652173913
itercount --------> 4
[1, 7, 0]
[1, 7, 2]
0.2608695652173913 0.30434782608695654
itercount --------> 5
[1, 7, 0]
[1, 7, 2]
0.30434782608695654 0.3157894736842105
itercount --------> 6
[0, 2, 1]
0.3157894736842105 0.56
itercount --------> 7
[1, 3, 2]
[1, 3, 0]
[1, 3, 4]
[1, 3, 6]
0.56 0.6153846153846154
itercount --------> 8
[1, 2, 0]
[1, 2, 3]
[1, 2, 4]
[1, 2, 6]
[1, 2, 5]
[1, 2, 7]
0.6153846153846154 0.625
itercount --------> 9
[1, 4, 6]
[1, 4, 0]
[1, 4, 2]
[1, 4, 3]
0.625 0.68
itercount --------> 10
[1, 0, 2]
[1, 0, 4]
[1, 0, 6]
[1, 0, 3]
0.68 0.6818181818181818
itercount --------> 11
[1, 3, 4]
[1, 3, 6]
[1, 3, 7]
[1, 3, 0]
[1, 3, 2]
[1, 3, 5]
[1, 3, 4, 6]
[1, 3, 4, 7]
[1, 3, 4, 0]
[1, 3, 4, 2]
[1, 3, 4, 5]
[1, 3, 4, 6, 7]
[1, 3, 4, 6, 0]
[1, 3, 4, 6, 2]
[1, 3, 4, 6, 5]
[1, 3, 4, 6, 7, 0]
0.6818181818181818 0.75
itercount --------> 12
[1, 0, 2]
[1, 0, 3]
[1, 0, 4]
[1, 0, 6]
[1, 0, 5]
[1, 0, 7]
[1, 0, 2, 3]
[1, 0, 2, 4]
[1, 0, 2, 6]
[1, 0, 2, 5]
[1, 0, 2, 7]
[1, 0, 2, 3, 4]
[1, 0, 2, 3, 6]
[1, 0, 2, 3, 5]
[1, 0, 2, 3, 7]
0.75 0.782608695652174
itercount --------> 13
[1, 0, 2]
[1, 0, 3]
[1, 0, 4]
[1, 0, 6]
[1, 0, 5]
[1, 0, 7]
[1, 0, 2, 3]
[1, 0, 2, 4]
[1, 0, 2, 6]
[1, 0, 2, 5]
[1, 0, 2, 7]
[1, 0, 2, 3, 4]
[1, 0, 2, 3, 6]
[1, 0, 2, 3, 5]
[1, 0, 2, 3, 7]
[1, 0, 2, 3, 4, 6]
[1, 0, 2, 3, 4, 5]
[1, 0, 2, 3, 4, 7]
[1, 0, 2, 3, 4, 6, 5]
[1, 0, 2, 3, 4, 6, 7]
[1, 0, 2, 3, 4, 6, 5, 7]
failed -> 34 times
after fail n ======> 5
[0, 1, 2, 4, 6]
0.10810810810810811 0.11764705882352941
itercount --------> 1
[0, 1, 2]
[0, 1, 3]
0.11764705882352941 0.1509433962264151
itercount --------> 2
[1, 2, 0]
[1, 2, 3]
0.1509433962264151 0.16
itercount --------> 3
[0, 1, 2]
0.16 0.18181818181818182
itercount --------> 4
[0, 2, 1]
[0, 2, 3]
0.18181818181818182 0.5714285714285714
itercount --------> 5
[0, 1, 2]
[0, 1, 3]
[0, 1, 4]
[0, 1, 5]
0.5714285714285714 0.6363636363636364
itercount --------> 6
[5, 0, 1]
[5, 0, 2]
[5, 0, 4]
[5, 0, 6]
[5, 0, 3]
[5, 0, 7]
[5, 0, 1, 2]
[5, 0, 1, 4]
0.6363636363636364 0.7272727272727273
itercount --------> 7
[0, 1, 2]
[0, 1, 3]
[0, 1, 4]
[0, 1, 5]
[0, 1, 6]
[0, 1, 7]
[0, 1, 2, 3]
[0, 1, 2, 4]
[0, 1, 2, 5]
[0, 1, 2, 6]
[0, 1, 2, 7]
[0, 1, 2, 3, 4]
[0, 1, 2, 3, 5]
[0, 1, 2, 3, 6]
[0, 1, 2, 3, 7]
0.7272727272727273 0.7619047619047619
itercount --------> 8
[3, 0, 1]
[3, 0, 2]
[3, 0, 4]
[3, 0, 5]
[3, 0, 6]
[3, 0, 7]
[3, 0, 1, 2]
[3, 0, 1, 4]
[3, 0, 1, 5]
[3, 0, 1, 6]
[3, 0, 1, 7]
[3, 0, 1, 2, 4]
[3, 0, 1, 2, 5]
[3, 0, 1, 2, 6]
[3, 0, 1, 2, 7]
[3, 0, 1, 2, 4, 5]
[3, 0, 1, 2, 4, 6]
[3, 0, 1, 2, 4, 7]
[3, 0, 1, 2, 4, 5, 6]
[3, 0, 1, 2, 4, 5, 7]
[3, 0, 1, 2, 4, 5, 6, 7]
failed -> 35 times
after fail n ======> 6
[0, 1, 2, 4, 6, 3]
0.10810810810810811 0.19047619047619047
itercount --------> 1
[0, 1, 2]
0.19047619047619047 0.35714285714285715
itercount --------> 2
[0, 4, 1]
0.35714285714285715 0.42857142857142855
itercount --------> 3
[0, 1, 2]
[0, 1, 3]
[0, 1, 4]
[0, 1, 6]
[0, 1, 5]
[0, 1, 7]
[0, 1, 2, 3]
0.42857142857142855 0.5
itercount --------> 4
[0, 1, 2]
[0, 1, 3]
[0, 1, 4]
[0, 1, 6]
[0, 1, 5]
[0, 1, 7]
0.5 0.56
itercount --------> 5
[0, 3, 1]
[0, 3, 2]
[0, 3, 4]
0.56 0.6153846153846154
itercount --------> 6
[0, 1, 2]
[0, 1, 3]
[0, 1, 4]
[0, 1, 6]
[0, 1, 7]
0.6153846153846154 0.625
itercount --------> 7
[0, 4, 6]
[0, 4, 1]
[0, 4, 2]
[0, 4, 3]
[0, 4, 7]
[0, 4, 5]
[0, 4, 6, 1]
[0, 4, 6, 2]
[0, 4, 6, 3]
0.625 0.68
itercount --------> 8
[0, 1, 2]
[0, 1, 4]
[0, 1, 6]
[0, 1, 3]
[0, 1, 7]
[0, 1, 5]
[0, 1, 2, 4]
[0, 1, 2, 6]
[0, 1, 2, 3]
0.68 0.7083333333333334
itercount --------> 9
[0, 1, 4]
[0, 1, 6]
[0, 1, 3]
[0, 1, 2]
[0, 1, 7]
[0, 1, 5]
[0, 1, 4, 6]
[0, 1, 4, 3]
[0, 1, 4, 2]
[0, 1, 4, 7]
[0, 1, 4, 5]
[0, 1, 4, 6, 3]
[0, 1, 4, 6, 2]
[0, 1, 4, 6, 7]
[0, 1, 4, 6, 5]
[0, 1, 4, 6, 3, 2]
[0, 1, 4, 6, 3, 7]
[0, 1, 4, 6, 3, 5]
[0, 1, 4, 6, 3, 2, 7]
[0, 1, 4, 6, 3, 2, 5]
[0, 1, 4, 6, 3, 2, 7, 5]
failed -> 36 times
after fail n ======> 7
[0, 1, 2, 4, 6, 3, 5]
0.10810810810810811 0.13636363636363635
itercount --------> 1
[1, 0, 2]
0.13636363636363635 0.21428571428571427
itercount --------> 2
[4, 3, 6]
0.21428571428571427 0.3076923076923077
itercount --------> 3
[0, 1, 2]
[0, 1, 4]
0.3076923076923077 0.38461538461538464
itercount --------> 4
[0, 1, 2]
[0, 1, 6]
0.38461538461538464 0.5
itercount --------> 5
[1, 0, 2]
[1, 0, 3]
0.5 0.5833333333333334
itercount --------> 6
[1, 3, 0]
[1, 3, 2]
[1, 3, 4]
0.5833333333333334 0.6153846153846154
itercount --------> 7
[1, 0, 2]
[1, 0, 3]
[1, 0, 4]
[1, 0, 6]
[1, 0, 5]
[1, 0, 7]
0.6153846153846154 0.625
itercount --------> 8
[1, 0, 2]
[1, 0, 3]
[1, 0, 4]
[1, 0, 6]
[1, 0, 7]
[1, 0, 5]
[1, 0, 2, 3]
[1, 0, 2, 4]
[1, 0, 2, 6]
[1, 0, 2, 7]
[1, 0, 2, 5]
[1, 0, 2, 3, 4]
0.625 0.6521739130434783
itercount --------> 9
[1, 2, 3]
[1, 2, 0]
[1, 2, 4]
[1, 2, 6]
[1, 2, 7]
[1, 2, 5]
[1, 2, 3, 0]
[1, 2, 3, 4]
[1, 2, 3, 6]
0.6521739130434783 0.68
itercount --------> 10
[1, 2, 0]
[1, 2, 3]
[1, 2, 4]
[1, 2, 6]
[1, 2, 7]
[1, 2, 5]
[1, 2, 0, 3]
[1, 2, 0, 4]
[1, 2, 0, 6]
[1, 2, 0, 7]
[1, 2, 0, 5]
[1, 2, 0, 3, 4]
[1, 2, 0, 3, 6]
0.68 0.6818181818181818
itercount --------> 11
[1, 3, 4]
[1, 3, 6]
[1, 3, 2]
[1, 3, 7]
[1, 3, 0]
[1, 3, 5]
[1, 3, 4, 6]
[1, 3, 4, 2]
[1, 3, 4, 7]
[1, 3, 4, 0]
[1, 3, 4, 5]
[1, 3, 4, 6, 2]
0.6818181818181818 0.7391304347826086
itercount --------> 12
[1, 2, 4]
[1, 2, 6]
0.7391304347826086 0.8181818181818182
itercount --------> 13
[2, 1, 3]
[2, 1, 4]
[2, 1, 6]
[2, 1, 0]
[2, 1, 5]
[2, 1, 7]
[2, 1, 3, 4]
[2, 1, 3, 6]
[2, 1, 3, 0]
[2, 1, 3, 5]
[2, 1, 3, 7]
[2, 1, 3, 4, 6]
[2, 1, 3, 4, 0]
[2, 1, 3, 4, 5]
[2, 1, 3, 4, 7]
[2, 1, 3, 4, 6, 0]
[2, 1, 3, 4, 6, 5]
[2, 1, 3, 4, 6, 7]
[2, 1, 3, 4, 6, 0, 5]
0.8181818181818182 0.85
itercount --------> 14
[1, 2, 3]
[1, 2, 4]
[1, 2, 6]
[1, 2, 0]
[1, 2, 7]
[1, 2, 5]
[1, 2, 3, 4]
[1, 2, 3, 6]
[1, 2, 3, 0]
[1, 2, 3, 7]
[1, 2, 3, 5]
[1, 2, 3, 4, 6]
[1, 2, 3, 4, 0]
[1, 2, 3, 4, 7]
[1, 2, 3, 4, 5]
[1, 2, 3, 4, 6, 0]
[1, 2, 3, 4, 6, 7]
[1, 2, 3, 4, 6, 5]
[1, 2, 3, 4, 6, 0, 7]
[1, 2, 3, 4, 6, 0, 5]
[1, 2, 3, 4, 6, 0, 7, 5]
failed -> 37 times
after fail n ======> 8
[0, 1, 2, 4, 6, 3, 5, 7]
0.10810810810810811 0.3076923076923077
itercount --------> 1
[0, 1, 2]
[0, 1, 4]
[0, 1, 6]
0.3076923076923077 0.35714285714285715
itercount --------> 2
[0, 4, 1]
0.35714285714285715 0.42857142857142855
itercount --------> 3
[0, 1, 2]
0.42857142857142855 0.4375
itercount --------> 4
[0, 1, 2]
0.4375 0.5
itercount --------> 5
[0, 1, 2]
[0, 1, 3]
[0, 1, 4]
[0, 1, 6]
[0, 1, 5]
[0, 1, 7]
[0, 1, 2, 3]
[0, 1, 2, 4]
[0, 1, 2, 6]
[0, 1, 2, 5]
[0, 1, 2, 7]
0.5 0.56
itercount --------> 6
[0, 3, 2]
[0, 3, 1]
0.56 0.6086956521739131
itercount --------> 7
[0, 3, 4]
0.6086956521739131 0.64
itercount --------> 8
[0, 2, 1]
[0, 2, 3]
[0, 2, 4]
[0, 2, 6]
[0, 2, 5]
[0, 2, 7]
[0, 2, 1, 3]
[0, 2, 1, 4]
[0, 2, 1, 6]
[0, 2, 1, 5]
[0, 2, 1, 7]
[0, 2, 1, 3, 4]
[0, 2, 1, 3, 6]
0.64 0.6666666666666666
itercount --------> 9
[2, 0, 3]
[2, 0, 1]
[2, 0, 6]
[2, 0, 4]
[2, 0, 7]
[2, 0, 5]
[2, 0, 3, 1]
[2, 0, 3, 6]
[2, 0, 3, 4]
[2, 0, 3, 7]
[2, 0, 3, 5]
[2, 0, 3, 1, 6]
[2, 0, 3, 1, 4]
[2, 0, 3, 1, 7]
[2, 0, 3, 1, 5]
[2, 0, 3, 1, 6, 4]
0.6666666666666666 0.6818181818181818
itercount --------> 10
[2, 6, 0]
[2, 6, 4]
[2, 6, 1]
[2, 6, 3]
0.6818181818181818 0.7083333333333334
itercount --------> 11
[2, 1, 0]
[2, 1, 4]
[2, 1, 6]
[2, 1, 3]
[2, 1, 7]
[2, 1, 5]
[2, 1, 0, 4]
[2, 1, 0, 6]
[2, 1, 0, 3]
[2, 1, 0, 7]
[2, 1, 0, 5]
0.7083333333333334 0.7619047619047619
itercount --------> 12
[3, 0, 2]
[3, 0, 4]
[3, 0, 6]
[3, 0, 1]
[3, 0, 7]
[3, 0, 5]
[3, 0, 2, 4]
[3, 0, 2, 6]
[3, 0, 2, 1]
[3, 0, 2, 7]
[3, 0, 2, 5]
[3, 0, 2, 4, 6]
[3, 0, 2, 4, 1]
[3, 0, 2, 4, 7]
[3, 0, 2, 4, 5]
[3, 0, 2, 4, 6, 1]
[3, 0, 2, 4, 6, 7]
[3, 0, 2, 4, 6, 5]
[3, 0, 2, 4, 6, 1, 7]
[3, 0, 2, 4, 6, 1, 5]
[3, 0, 2, 4, 6, 1, 7, 5]
failed -> 38 times
after fail n ======> 5
[0, 1, 2, 4, 6]
0.10810810810810811 0.19047619047619047
itercount --------> 1
[2, 0, 1]
0.19047619047619047 0.3076923076923077
itercount --------> 2
[0, 1, 2]
[0, 1, 4]
[0, 1, 6]
0.3076923076923077 0.35714285714285715
itercount --------> 3
[1, 4, 0]
0.35714285714285715 0.4117647058823529
itercount --------> 4
[1, 0, 2]
0.4117647058823529 0.5
itercount --------> 5
[0, 1, 2]
[0, 1, 3]
0.5 0.5384615384615384
itercount --------> 6
[1, 0, 2]
[1, 0, 3]
[1, 0, 4]
[1, 0, 6]
[1, 0, 5]
[1, 0, 7]
[1, 0, 2, 3]
[1, 0, 2, 4]
[1, 0, 2, 6]
0.5384615384615384 0.5833333333333334
itercount --------> 7
[0, 3, 1]
[0, 3, 2]
[0, 3, 4]
0.5833333333333334 0.6153846153846154
itercount --------> 8
[0, 1, 2]
[0, 1, 3]
[0, 1, 4]
[0, 1, 6]
[0, 1, 5]
[0, 1, 7]
[0, 1, 2, 3]
[0, 1, 2, 4]
[0, 1, 2, 6]
[0, 1, 2, 5]
[0, 1, 2, 7]
0.6153846153846154 0.6521739130434783
itercount --------> 9
[0, 1, 3]
[0, 1, 2]
[0, 1, 4]
[0, 1, 6]
[0, 1, 7]
[0, 1, 5]
[0, 1, 3, 2]
[0, 1, 3, 4]
[0, 1, 3, 6]
0.6521739130434783 0.68
itercount --------> 10
[0, 1, 3]
[0, 1, 2]
[0, 1, 4]
[0, 1, 6]
[0, 1, 7]
[0, 1, 5]
[0, 1, 3, 2]
0.68 0.6818181818181818
itercount --------> 11
[0, 3, 4]
[0, 3, 6]
[0, 3, 7]
[0, 3, 1]
[0, 3, 2]
[0, 3, 5]
[0, 3, 4, 6]
[0, 3, 4, 7]
[0, 3, 4, 1]
[0, 3, 4, 2]
0.6818181818181818 0.7083333333333334
itercount --------> 12
[0, 2, 4]
[0, 2, 6]
[0, 2, 3]
[0, 2, 1]
[0, 2, 7]
[0, 2, 5]
[0, 2, 4, 6]
[0, 2, 4, 3]
[0, 2, 4, 1]
[0, 2, 4, 7]
[0, 2, 4, 5]
[0, 2, 4, 6, 3]
[0, 2, 4, 6, 1]
[0, 2, 4, 6, 7]
[0, 2, 4, 6, 5]
[0, 2, 4, 6, 3, 1]
[0, 2, 4, 6, 3, 7]
[0, 2, 4, 6, 3, 5]
[0, 2, 4, 6, 3, 1, 7]
[0, 2, 4, 6, 3, 1, 5]
[0, 2, 4, 6, 3, 1, 7, 5]
failed -> 39 times
after fail n ======> 6
[0, 1, 2, 4, 6, 3]
0.10810810810810811 0.11538461538461539
itercount --------> 1
[0, 2, 1]
[0, 2, 4]
0.11538461538461539 0.2222222222222222
itercount --------> 2
[1, 2, 0]
0.2222222222222222 0.3333333333333333
itercount --------> 3
[2, 3, 4]
[2, 3, 6]
[2, 3, 0]
[2, 3, 1]
[2, 3, 5]
[2, 3, 7]
[2, 3, 4, 6]
0.3333333333333333 0.38461538461538464
itercount --------> 4
[2, 3, 6]
[2, 3, 0]
[2, 3, 1]
0.38461538461538464 0.4166666666666667
itercount --------> 5
[2, 6, 0]
[2, 6, 1]
[2, 6, 3]
[2, 6, 4]
0.4166666666666667 0.5714285714285714
itercount --------> 6
[0, 1, 2]
[0, 1, 3]
[0, 1, 4]
[0, 1, 5]
0.5714285714285714 0.6363636363636364
itercount --------> 7
[5, 0, 1]
[5, 0, 2]
[5, 0, 4]
[5, 0, 6]
[5, 0, 3]
0.6363636363636364 0.7272727272727273
itercount --------> 8
[0, 1, 2]
[0, 1, 3]
[0, 1, 4]
[0, 1, 5]
[0, 1, 6]
[0, 1, 7]
[0, 1, 2, 3]
[0, 1, 2, 4]
[0, 1, 2, 5]
[0, 1, 2, 6]
[0, 1, 2, 7]
[0, 1, 2, 3, 4]
[0, 1, 2, 3, 5]
[0, 1, 2, 3, 6]
[0, 1, 2, 3, 7]
0.7272727272727273 0.7619047619047619
itercount --------> 9
[3, 0, 1]
[3, 0, 2]
[3, 0, 4]
[3, 0, 5]
[3, 0, 6]
[3, 0, 7]
[3, 0, 1, 2]
[3, 0, 1, 4]
[3, 0, 1, 5]
[3, 0, 1, 6]
[3, 0, 1, 7]
[3, 0, 1, 2, 4]
[3, 0, 1, 2, 5]
[3, 0, 1, 2, 6]
[3, 0, 1, 2, 7]
[3, 0, 1, 2, 4, 5]
[3, 0, 1, 2, 4, 6]
[3, 0, 1, 2, 4, 7]
[3, 0, 1, 2, 4, 5, 6]
[3, 0, 1, 2, 4, 5, 7]
[3, 0, 1, 2, 4, 5, 6, 7]
failed -> 40 times
after fail n ======> 7
[0, 1, 2, 4, 6, 3, 5]
0.10810810810810811 0.13636363636363635
itercount --------> 1
[0, 1, 6]
0.13636363636363635 0.16
itercount --------> 2
[0, 1, 2]
0.16 0.21052631578947367
itercount --------> 3
[1, 3, 0]
[1, 3, 2]
0.21052631578947367 0.2222222222222222
itercount --------> 4
[0, 1, 2]
0.2222222222222222 0.4166666666666667
itercount --------> 5
[1, 4, 0]
[1, 4, 3]
0.4166666666666667 0.42857142857142855
itercount --------> 6
[1, 0, 3]
[1, 0, 2]
[1, 0, 4]
0.42857142857142855 0.4666666666666667
itercount --------> 7
[0, 1, 2]
0.4666666666666667 0.5
itercount --------> 8
[0, 1, 3]
[0, 1, 2]
[0, 1, 4]
[0, 1, 6]
[0, 1, 5]
[0, 1, 7]
[0, 1, 3, 2]
0.5 0.5384615384615384
itercount --------> 9
[0, 2, 3]
[0, 2, 1]
[0, 2, 4]
[0, 2, 6]
[0, 2, 5]
[0, 2, 7]
[0, 2, 3, 1]
0.5384615384615384 0.5833333333333334
itercount --------> 10
[0, 3, 1]
[0, 3, 4]
0.5833333333333334 0.6153846153846154
itercount --------> 11
[0, 1, 2]
[0, 1, 3]
[0, 1, 4]
[0, 1, 6]
[0, 1, 5]
[0, 1, 7]
0.6153846153846154 0.6521739130434783
itercount --------> 12
[0, 3, 1]
[0, 3, 4]
[0, 3, 2]
[0, 3, 6]
0.6521739130434783 0.6538461538461539
itercount --------> 13
[0, 1, 2]
[0, 1, 3]
[0, 1, 4]
[0, 1, 6]
[0, 1, 7]
[0, 1, 5]
[0, 1, 2, 3]
0.6538461538461539 0.68
itercount --------> 14
[0, 1, 4]
[0, 1, 6]
[0, 1, 3]
[0, 1, 2]
[0, 1, 7]
[0, 1, 5]
[0, 1, 4, 6]
[0, 1, 4, 3]
[0, 1, 4, 2]
[0, 1, 4, 7]
[0, 1, 4, 5]
[0, 1, 4, 6, 3]
[0, 1, 4, 6, 2]
[0, 1, 4, 6, 7]
[0, 1, 4, 6, 5]
[0, 1, 4, 6, 3, 2]
0.68 0.6818181818181818
itercount --------> 15
[0, 3, 4]
[0, 3, 6]
[0, 3, 1]
[0, 3, 7]
[0, 3, 2]
[0, 3, 5]
[0, 3, 4, 6]
[0, 3, 4, 1]
[0, 3, 4, 7]
[0, 3, 4, 2]
[0, 3, 4, 5]
[0, 3, 4, 6, 1]
[0, 3, 4, 6, 7]
[0, 3, 4, 6, 2]
[0, 3, 4, 6, 5]
[0, 3, 4, 6, 1, 7]
0.6818181818181818 0.75
itercount --------> 16
[0, 1, 3]
[0, 1, 4]
[0, 1, 6]
[0, 1, 2]
[0, 1, 5]
[0, 1, 7]
[0, 1, 3, 4]
[0, 1, 3, 6]
[0, 1, 3, 2]
[0, 1, 3, 5]
[0, 1, 3, 7]
[0, 1, 3, 4, 6]
[0, 1, 3, 4, 2]
0.75 0.8181818181818182
itercount --------> 17
[0, 1, 2]
[0, 1, 3]
[0, 1, 4]
[0, 1, 6]
[0, 1, 5]
[0, 1, 7]
[0, 1, 2, 3]
[0, 1, 2, 4]
[0, 1, 2, 6]
[0, 1, 2, 5]
[0, 1, 2, 7]
[0, 1, 2, 3, 4]
[0, 1, 2, 3, 6]
[0, 1, 2, 3, 5]
[0, 1, 2, 3, 7]
[0, 1, 2, 3, 4, 6]
[0, 1, 2, 3, 4, 5]
[0, 1, 2, 3, 4, 7]
[0, 1, 2, 3, 4, 6, 5]
[0, 1, 2, 3, 4, 6, 7]
0.8181818181818182 0.85
itercount --------> 18
[0, 1, 3]
[0, 1, 4]
[0, 1, 6]
[0, 1, 2]
[0, 1, 7]
[0, 1, 5]
[0, 1, 3, 4]
[0, 1, 3, 6]
[0, 1, 3, 2]
[0, 1, 3, 7]
[0, 1, 3, 5]
[0, 1, 3, 4, 6]
[0, 1, 3, 4, 2]
[0, 1, 3, 4, 7]
[0, 1, 3, 4, 5]
[0, 1, 3, 4, 6, 2]
[0, 1, 3, 4, 6, 7]
[0, 1, 3, 4, 6, 5]
[0, 1, 3, 4, 6, 2, 7]
[0, 1, 3, 4, 6, 2, 5]
[0, 1, 3, 4, 6, 2, 7, 5]
failed -> 41 times
after fail n ======> 8
[0, 1, 2, 4, 6, 3, 5, 7]
0.10810810810810811 0.11363636363636363
itercount --------> 1
[0, 1, 2]
0.11363636363636363 0.20833333333333334
itercount --------> 2
[2, 0, 1]
0.20833333333333334 0.35714285714285715
itercount --------> 3
[0, 1, 2]
[0, 1, 3]
[0, 1, 5]
0.35714285714285715 0.4
itercount --------> 4
[0, 1, 2]
[0, 1, 3]
[0, 1, 5]
[0, 1, 4]
[0, 1, 6]
[0, 1, 7]
[0, 1, 2, 3]
[0, 1, 2, 5]
0.4 0.5
itercount --------> 5
[0, 1, 2]
[0, 1, 3]
[0, 1, 5]
[0, 1, 4]
[0, 1, 6]
[0, 1, 7]
[0, 1, 2, 3]
[0, 1, 2, 5]
[0, 1, 2, 4]
[0, 1, 2, 6]
[0, 1, 2, 7]
0.5 0.5263157894736842
itercount --------> 6
[3, 5, 0]
[3, 5, 1]
[3, 5, 2]
[3, 5, 4]
[3, 5, 6]
[3, 5, 7]
[3, 5, 0, 1]
[3, 5, 0, 2]
[3, 5, 0, 4]
[3, 5, 0, 6]
[3, 5, 0, 7]
[3, 5, 0, 1, 2]
[3, 5, 0, 1, 4]
[3, 5, 0, 1, 6]
[3, 5, 0, 1, 7]
[3, 5, 0, 1, 2, 4]
[3, 5, 0, 1, 2, 6]
[3, 5, 0, 1, 2, 7]
[3, 5, 0, 1, 2, 4, 6]
0.5263157894736842 0.7619047619047619
itercount --------> 7
[3, 4, 5]
[3, 4, 6]
[3, 4, 0]
[3, 4, 1]
[3, 4, 2]
[3, 4, 7]
[3, 4, 5, 6]
[3, 4, 5, 0]
[3, 4, 5, 1]
[3, 4, 5, 2]
[3, 4, 5, 7]
[3, 4, 5, 6, 0]
[3, 4, 5, 6, 1]
[3, 4, 5, 6, 2]
[3, 4, 5, 6, 7]
[3, 4, 5, 6, 0, 1]
[3, 4, 5, 6, 0, 2]
[3, 4, 5, 6, 0, 7]
[3, 4, 5, 6, 0, 1, 2]
[3, 4, 5, 6, 0, 1, 7]
[3, 4, 5, 6, 0, 1, 2, 7]
failed -> 42 times
after fail n ======> 5
[0, 1, 2, 4, 6]
0.10810810810810811 0.11764705882352941
itercount --------> 1
[0, 1, 2]
0.11764705882352941 0.2222222222222222
itercount --------> 2
[0, 1, 2]
0.2222222222222222 0.4
itercount --------> 3
[0, 1, 2]
[0, 1, 3]
0.4 0.5714285714285714
itercount --------> 4
[0, 1, 2]
[0, 1, 3]
[0, 1, 4]
[0, 1, 5]
0.5714285714285714 0.6363636363636364
itercount --------> 5
[5, 0, 1]
[5, 0, 2]
0.6363636363636364 0.7272727272727273
itercount --------> 6
[0, 1, 2]
[0, 1, 3]
[0, 1, 4]
[0, 1, 5]
[0, 1, 6]
[0, 1, 7]
0.7272727272727273 0.7619047619047619
itercount --------> 7
[3, 0, 1]
[3, 0, 2]
[3, 0, 4]
[3, 0, 5]
[3, 0, 6]
[3, 0, 7]
[3, 0, 1, 2]
[3, 0, 1, 4]
[3, 0, 1, 5]
[3, 0, 1, 6]
[3, 0, 1, 7]
[3, 0, 1, 2, 4]
[3, 0, 1, 2, 5]
[3, 0, 1, 2, 6]
[3, 0, 1, 2, 7]
[3, 0, 1, 2, 4, 5]
[3, 0, 1, 2, 4, 6]
[3, 0, 1, 2, 4, 7]
[3, 0, 1, 2, 4, 5, 6]
[3, 0, 1, 2, 4, 5, 7]
[3, 0, 1, 2, 4, 5, 6, 7]
failed -> 43 times
after fail n ======> 6
[0, 1, 2, 4, 6, 3]
0.10810810810810811 0.15625
itercount --------> 1
[1, 2, 0]
0.15625 0.2777777777777778
itercount --------> 2
[2, 3, 0]
0.2777777777777778 0.35714285714285715
itercount --------> 3
[3, 2, 4]
[3, 2, 6]
[3, 2, 0]
0.35714285714285715 0.4166666666666667
itercount --------> 4
[3, 4, 6]
[3, 4, 0]
0.4166666666666667 0.45454545454545453
itercount --------> 5
[0, 1, 2]
[0, 1, 3]
[0, 1, 4]
[0, 1, 6]
[0, 1, 5]
[0, 1, 7]
[0, 1, 2, 3]
[0, 1, 2, 4]
[0, 1, 2, 6]
[0, 1, 2, 5]
[0, 1, 2, 7]
[0, 1, 2, 3, 4]
[0, 1, 2, 3, 6]
[0, 1, 2, 3, 5]
[0, 1, 2, 3, 7]
[0, 1, 2, 3, 4, 6]
0.45454545454545453 0.5714285714285714
itercount --------> 6
[0, 1, 2]
[0, 1, 3]
[0, 1, 4]
[0, 1, 5]
0.5714285714285714 0.6363636363636364
itercount --------> 7
[5, 0, 1]
[5, 0, 2]
[5, 0, 4]
[5, 0, 6]
[5, 0, 3]
[5, 0, 7]
0.6363636363636364 0.7142857142857143
itercount --------> 8
[5, 3, 4]
[5, 3, 6]
[5, 3, 0]
[5, 3, 1]
[5, 3, 2]
[5, 3, 7]
[5, 3, 4, 6]
[5, 3, 4, 0]
[5, 3, 4, 1]
[5, 3, 4, 2]
[5, 3, 4, 7]
[5, 3, 4, 6, 0]
[5, 3, 4, 6, 1]
[5, 3, 4, 6, 2]
[5, 3, 4, 6, 7]
[5, 3, 4, 6, 0, 1]
[5, 3, 4, 6, 0, 2]
[5, 3, 4, 6, 0, 7]
[5, 3, 4, 6, 0, 1, 2]
[5, 3, 4, 6, 0, 1, 7]
[5, 3, 4, 6, 0, 1, 2, 7]
failed -> 44 times
after fail n ======> 7
[0, 1, 2, 4, 6, 3, 5]
0.10810810810810811 0.13793103448275862
itercount --------> 1
[0, 1, 2]
0.13793103448275862 0.25
itercount --------> 2
[0, 1, 2]
0.25 0.4166666666666667
itercount --------> 3
[1, 4, 0]
0.4166666666666667 0.45454545454545453
itercount --------> 4
[0, 1, 2]
[0, 1, 4]
[0, 1, 3]
[0, 1, 5]
[0, 1, 6]
0.45454545454545453 0.5
itercount --------> 5
[0, 1, 2]
[0, 1, 3]
[0, 1, 5]
[0, 1, 4]
[0, 1, 6]
[0, 1, 7]
[0, 1, 2, 3]
[0, 1, 2, 5]
[0, 1, 2, 4]
[0, 1, 2, 6]
[0, 1, 2, 7]
[0, 1, 2, 3, 5]
[0, 1, 2, 3, 4]
[0, 1, 2, 3, 6]
[0, 1, 2, 3, 7]
0.5 0.5263157894736842
itercount --------> 6
[0, 1, 2]
[0, 1, 3]
[0, 1, 5]
[0, 1, 4]
[0, 1, 6]
[0, 1, 7]
[0, 1, 2, 3]
[0, 1, 2, 5]
[0, 1, 2, 4]
[0, 1, 2, 6]
[0, 1, 2, 7]
[0, 1, 2, 3, 5]
[0, 1, 2, 3, 4]
[0, 1, 2, 3, 6]
[0, 1, 2, 3, 7]
[0, 1, 2, 3, 5, 4]
[0, 1, 2, 3, 5, 6]
[0, 1, 2, 3, 5, 7]
[0, 1, 2, 3, 5, 4, 6]
0.5263157894736842 0.7272727272727273
itercount --------> 7
[3, 0, 1]
[3, 0, 2]
[3, 0, 4]
[3, 0, 5]
[3, 0, 6]
[3, 0, 7]
[3, 0, 1, 2]
[3, 0, 1, 4]
[3, 0, 1, 5]
[3, 0, 1, 6]
[3, 0, 1, 7]
[3, 0, 1, 2, 4]
[3, 0, 1, 2, 5]
[3, 0, 1, 2, 6]
[3, 0, 1, 2, 7]
[3, 0, 1, 2, 4, 5]
[3, 0, 1, 2, 4, 6]
[3, 0, 1, 2, 4, 7]
[3, 0, 1, 2, 4, 5, 6]
[3, 0, 1, 2, 4, 5, 7]
[3, 0, 1, 2, 4, 5, 6, 7]
failed -> 45 times
after fail n ======> 8
[0, 1, 2, 4, 6, 3, 5, 7]
0.10810810810810811 0.13636363636363635
itercount --------> 1
[1, 0, 3]
0.13636363636363635 0.17647058823529413
itercount --------> 2
[1, 3, 4]
0.17647058823529413 0.20833333333333334
itercount --------> 3
[1, 3, 0]
0.20833333333333334 0.2222222222222222
itercount --------> 4
[0, 1, 2]
0.2222222222222222 0.3333333333333333
itercount --------> 5
[3, 0, 1]
0.3333333333333333 0.4166666666666667
itercount --------> 6
[3, 4, 6]
[3, 4, 0]
0.4166666666666667 0.45454545454545453
itercount --------> 7
[0, 1, 2]
[0, 1, 3]
[0, 1, 4]
[0, 1, 6]
[0, 1, 5]
[0, 1, 7]
[0, 1, 2, 3]
[0, 1, 2, 4]
[0, 1, 2, 6]
[0, 1, 2, 5]
[0, 1, 2, 7]
[0, 1, 2, 3, 4]
[0, 1, 2, 3, 6]
[0, 1, 2, 3, 5]
[0, 1, 2, 3, 7]
[0, 1, 2, 3, 4, 6]
0.45454545454545453 0.5714285714285714
itercount --------> 8
[0, 1, 2]
[0, 1, 3]
[0, 1, 4]
[0, 1, 5]
0.5714285714285714 0.6363636363636364
itercount --------> 9
[5, 0, 1]
[5, 0, 2]
[5, 0, 4]
[5, 0, 6]
[5, 0, 3]
[5, 0, 7]
0.6363636363636364 0.6666666666666666
itercount --------> 10
[5, 4, 6]
[5, 4, 0]
[5, 4, 1]
[5, 4, 2]
[5, 4, 3]
[5, 4, 7]
[5, 4, 6, 0]
[5, 4, 6, 1]
[5, 4, 6, 2]
[5, 4, 6, 3]
[5, 4, 6, 7]
[5, 4, 6, 0, 1]
[5, 4, 6, 0, 2]
[5, 4, 6, 0, 3]
[5, 4, 6, 0, 7]
[5, 4, 6, 0, 1, 2]
[5, 4, 6, 0, 1, 3]
[5, 4, 6, 0, 1, 7]
[5, 4, 6, 0, 1, 2, 3]
[5, 4, 6, 0, 1, 2, 7]
[5, 4, 6, 0, 1, 2, 3, 7]
failed -> 46 times
after fail n ======> 5
[0, 1, 2, 4, 6]
0.10810810810810811 0.19047619047619047
itercount --------> 1
[0, 1, 2]
0.19047619047619047 0.3076923076923077
itercount --------> 2
[0, 1, 2]
[0, 1, 4]
0.3076923076923077 0.35714285714285715
itercount --------> 3
[1, 6, 0]
0.35714285714285715 0.3888888888888889
itercount --------> 4
[0, 1, 2]
0.3888888888888889 0.4117647058823529
itercount --------> 5
[1, 0, 2]
[1, 0, 3]
0.4117647058823529 0.42105263157894735
itercount --------> 6
[1, 0, 2]
[1, 0, 6]
[1, 0, 3]
[1, 0, 4]
0.42105263157894735 0.4375
itercount --------> 7
[1, 0, 2]
[1, 0, 3]
[1, 0, 4]
[1, 0, 6]
[1, 0, 5]
[1, 0, 7]
[1, 0, 2, 3]
0.4375 0.5833333333333334
itercount --------> 8
[0, 3, 1]
[0, 3, 2]
[0, 3, 4]
0.5833333333333334 0.6153846153846154
itercount --------> 9
[0, 1, 2]
[0, 1, 3]
[0, 1, 4]
[0, 1, 6]
[0, 1, 5]
[0, 1, 7]
[0, 1, 2, 3]
[0, 1, 2, 4]
[0, 1, 2, 6]
[0, 1, 2, 5]
[0, 1, 2, 7]
0.6153846153846154 0.6521739130434783
itercount --------> 10
[0, 1, 3]
[0, 1, 2]
[0, 1, 4]
[0, 1, 6]
[0, 1, 7]
[0, 1, 5]
[0, 1, 3, 2]
[0, 1, 3, 4]
[0, 1, 3, 6]
0.6521739130434783 0.68
itercount --------> 11
[0, 1, 3]
[0, 1, 2]
[0, 1, 4]
[0, 1, 6]
[0, 1, 7]
[0, 1, 5]
[0, 1, 3, 2]
0.68 0.6818181818181818
itercount --------> 12
[0, 3, 4]
[0, 3, 6]
[0, 3, 7]
[0, 3, 1]
[0, 3, 2]
[0, 3, 5]
[0, 3, 4, 6]
[0, 3, 4, 7]
[0, 3, 4, 1]
[0, 3, 4, 2]
[0, 3, 4, 5]
[0, 3, 4, 6, 7]
[0, 3, 4, 6, 1]
[0, 3, 4, 6, 2]
[0, 3, 4, 6, 5]
[0, 3, 4, 6, 7, 1]
[0, 3, 4, 6, 7, 2]
[0, 3, 4, 6, 7, 5]
[0, 3, 4, 6, 7, 1, 2]
[0, 3, 4, 6, 7, 1, 5]
0.6818181818181818 0.782608695652174
itercount --------> 13
[0, 1, 2]
[0, 1, 3]
[0, 1, 4]
[0, 1, 6]
[0, 1, 5]
[0, 1, 7]
[0, 1, 2, 3]
[0, 1, 2, 4]
[0, 1, 2, 6]
[0, 1, 2, 5]
[0, 1, 2, 7]
[0, 1, 2, 3, 4]
[0, 1, 2, 3, 6]
[0, 1, 2, 3, 5]
[0, 1, 2, 3, 7]
[0, 1, 2, 3, 4, 6]
[0, 1, 2, 3, 4, 5]
[0, 1, 2, 3, 4, 7]
[0, 1, 2, 3, 4, 6, 5]
[0, 1, 2, 3, 4, 6, 7]
[0, 1, 2, 3, 4, 6, 5, 7]
failed -> 47 times
after fail n ======> 6
[0, 1, 2, 4, 6, 3]
0.10810810810810811 0.19047619047619047
itercount --------> 1
[2, 0, 1]
0.19047619047619047 0.3076923076923077
itercount --------> 2
[0, 1, 2]
[0, 1, 4]
0.3076923076923077 0.35714285714285715
itercount --------> 3
[1, 6, 0]
0.35714285714285715 0.42857142857142855
itercount --------> 4
[1, 0, 2]
0.42857142857142855 0.5
itercount --------> 5
[1, 0, 2]
[1, 0, 3]
0.5 0.5833333333333334
itercount --------> 6
[1, 3, 0]
[1, 3, 2]
[1, 3, 4]
0.5833333333333334 0.6153846153846154
itercount --------> 7
[1, 0, 2]
[1, 0, 3]
[1, 0, 4]
[1, 0, 6]
[1, 0, 5]
[1, 0, 7]
0.6153846153846154 0.625
itercount --------> 8
[1, 0, 2]
[1, 0, 3]
[1, 0, 4]
[1, 0, 6]
[1, 0, 7]
[1, 0, 5]
[1, 0, 2, 3]
[1, 0, 2, 4]
[1, 0, 2, 6]
[1, 0, 2, 7]
0.625 0.6521739130434783
itercount --------> 9
[1, 0, 3]
[1, 0, 2]
[1, 0, 4]
[1, 0, 6]
[1, 0, 7]
[1, 0, 5]
[1, 0, 3, 2]
[1, 0, 3, 4]
[1, 0, 3, 6]
0.6521739130434783 0.68
itercount --------> 10
[1, 0, 3]
[1, 0, 2]
[1, 0, 4]
[1, 0, 6]
[1, 0, 7]
[1, 0, 5]
[1, 0, 3, 2]
[1, 0, 3, 4]
[1, 0, 3, 6]
0.68 0.6818181818181818
itercount --------> 11
[1, 3, 4]
[1, 3, 6]
[1, 3, 7]
[1, 3, 0]
[1, 3, 2]
0.6818181818181818 0.7083333333333334
itercount --------> 12
[1, 2, 4]
[1, 2, 6]
[1, 2, 3]
[1, 2, 0]
[1, 2, 7]
[1, 2, 5]
[1, 2, 4, 6]
[1, 2, 4, 3]
[1, 2, 4, 0]
[1, 2, 4, 7]
[1, 2, 4, 5]
[1, 2, 4, 6, 3]
[1, 2, 4, 6, 0]
[1, 2, 4, 6, 7]
[1, 2, 4, 6, 5]
[1, 2, 4, 6, 3, 0]
[1, 2, 4, 6, 3, 7]
[1, 2, 4, 6, 3, 5]
[1, 2, 4, 6, 3, 0, 7]
[1, 2, 4, 6, 3, 0, 5]
[1, 2, 4, 6, 3, 0, 7, 5]
failed -> 48 times
after fail n ======> 7
[0, 1, 2, 4, 6, 3, 5]
0.10810810810810811 0.11363636363636363
itercount --------> 1
[0, 1, 2]
0.11363636363636363 0.20833333333333334
itercount --------> 2
[2, 0, 1]
0.20833333333333334 0.35714285714285715
itercount --------> 3
[0, 1, 2]
[0, 1, 3]
[0, 1, 5]
0.35714285714285715 0.4
itercount --------> 4
[0, 1, 2]
[0, 1, 3]
[0, 1, 5]
[0, 1, 4]
[0, 1, 6]
[0, 1, 7]
[0, 1, 2, 3]
[0, 1, 2, 5]
0.4 0.5
itercount --------> 5
[0, 1, 2]
[0, 1, 3]
[0, 1, 5]
[0, 1, 4]
[0, 1, 6]
[0, 1, 7]
[0, 1, 2, 3]
[0, 1, 2, 5]
[0, 1, 2, 4]
[0, 1, 2, 6]
[0, 1, 2, 7]
0.5 0.5263157894736842
itercount --------> 6
[3, 5, 0]
[3, 5, 1]
[3, 5, 2]
[3, 5, 4]
[3, 5, 6]
[3, 5, 7]
[3, 5, 0, 1]
[3, 5, 0, 2]
[3, 5, 0, 4]
[3, 5, 0, 6]
[3, 5, 0, 7]
[3, 5, 0, 1, 2]
[3, 5, 0, 1, 4]
[3, 5, 0, 1, 6]
[3, 5, 0, 1, 7]
[3, 5, 0, 1, 2, 4]
[3, 5, 0, 1, 2, 6]
[3, 5, 0, 1, 2, 7]
[3, 5, 0, 1, 2, 4, 6]
0.5263157894736842 0.7619047619047619
itercount --------> 7
[3, 4, 5]
[3, 4, 6]
[3, 4, 0]
[3, 4, 1]
[3, 4, 2]
[3, 4, 7]
[3, 4, 5, 6]
[3, 4, 5, 0]
[3, 4, 5, 1]
[3, 4, 5, 2]
[3, 4, 5, 7]
[3, 4, 5, 6, 0]
[3, 4, 5, 6, 1]
[3, 4, 5, 6, 2]
[3, 4, 5, 6, 7]
[3, 4, 5, 6, 0, 1]
[3, 4, 5, 6, 0, 2]
[3, 4, 5, 6, 0, 7]
[3, 4, 5, 6, 0, 1, 2]
[3, 4, 5, 6, 0, 1, 7]
[3, 4, 5, 6, 0, 1, 2, 7]
failed -> 49 times
after fail n ======> 8
[0, 1, 2, 4, 6, 3, 5, 7]
0.10810810810810811 0.19047619047619047
itercount --------> 1
[2, 0, 1]
[2, 0, 4]
0.19047619047619047 0.20833333333333334
itercount --------> 2
[2, 0, 1]
0.20833333333333334 0.35714285714285715
itercount --------> 3
[0, 6, 1]
0.35714285714285715 0.4117647058823529
itercount --------> 4
[0, 1, 2]
0.4117647058823529 0.5
itercount --------> 5
[0, 1, 2]
[0, 1, 3]
[0, 1, 4]
[0, 1, 6]
[0, 1, 5]
[0, 1, 7]
0.5 0.5384615384615384
itercount --------> 6
[1, 3, 0]
[1, 3, 2]
[1, 3, 6]
[1, 3, 4]
[1, 3, 7]
[1, 3, 5]
[1, 3, 0, 2]
[1, 3, 0, 6]
0.5384615384615384 0.5925925925925926
itercount --------> 7
[1, 0, 2]
[1, 0, 3]
[1, 0, 6]
0.5925925925925926 0.6153846153846154
itercount --------> 8
[0, 1, 2]
[0, 1, 3]
[0, 1, 6]
[0, 1, 4]
[0, 1, 7]
[0, 1, 5]
0.6153846153846154 0.625
itercount --------> 9
[0, 4, 6]
[0, 4, 1]
[0, 4, 2]
[0, 4, 3]
0.625 0.68
itercount --------> 10
[0, 1, 2]
[0, 1, 4]
[0, 1, 6]
[0, 1, 3]
0.68 0.6818181818181818
itercount --------> 11
[0, 3, 4]
[0, 3, 6]
[0, 3, 1]
[0, 3, 2]
[0, 3, 7]
[0, 3, 5]
[0, 3, 4, 6]
[0, 3, 4, 1]
[0, 3, 4, 2]
0.6818181818181818 0.7083333333333334
itercount --------> 12
[0, 2, 4]
[0, 2, 6]
[0, 2, 3]
[0, 2, 1]
[0, 2, 7]
[0, 2, 5]
[0, 2, 4, 6]
[0, 2, 4, 3]
[0, 2, 4, 1]
[0, 2, 4, 7]
[0, 2, 4, 5]
[0, 2, 4, 6, 3]
[0, 2, 4, 6, 1]
0.7083333333333334 0.7391304347826086
itercount --------> 13
[0, 2, 4]
0.7391304347826086 0.782608695652174
itercount --------> 14
[2, 0, 1]
[2, 0, 4]
[2, 0, 3]
[2, 0, 6]
[2, 0, 5]
[2, 0, 7]
[2, 0, 1, 4]
0.782608695652174 0.85
itercount --------> 15
[0, 2, 3]
[0, 2, 4]
[0, 2, 6]
[0, 2, 1]
[0, 2, 7]
[0, 2, 5]
[0, 2, 3, 4]
[0, 2, 3, 6]
[0, 2, 3, 1]
[0, 2, 3, 7]
[0, 2, 3, 5]
[0, 2, 3, 4, 6]
[0, 2, 3, 4, 1]
[0, 2, 3, 4, 7]
[0, 2, 3, 4, 5]
[0, 2, 3, 4, 6, 1]
[0, 2, 3, 4, 6, 7]
[0, 2, 3, 4, 6, 5]
[0, 2, 3, 4, 6, 1, 7]
[0, 2, 3, 4, 6, 1, 5]
[0, 2, 3, 4, 6, 1, 7, 5]
failed -> 50 times
after fail n ======> 5
Runs with the maximum attractor JI -> [16, 24, 29, 30, 36, 40, 49]
