{0: 31, 1: 31, 2: 31, 6: 28, 5: 26, 4: 25, 7: 21, 3: 20}
[0, 1, 2]
[0, 1, 6]
0.021739130434782608 0.045454545454545456
itercount --------> 1
[6, 4, 7]
0.045454545454545456 0.08823529411764706
itercount --------> 2
[6, 5, 2]
[6, 5, 4]
[6, 5, 7]
0.08823529411764706 0.13157894736842105
itercount --------> 3
[2, 4, 5]
0.13157894736842105 0.14285714285714285
itercount --------> 4
[4, 7, 3]
0.14285714285714285 0.20833333333333334
itercount --------> 5
[4, 2, 7]
0.20833333333333334 0.25
itercount --------> 6
[5, 7, 6]
[5, 7, 2]
[5, 7, 3]
0.25 0.2727272727272727
itercount --------> 7
[2, 5, 3]
[2, 5, 6]
[2, 5, 7]
0.2727272727272727 0.3333333333333333
itercount --------> 8
[2, 4, 5]
[2, 4, 0]
0.3333333333333333 0.375
itercount --------> 9
[4, 0, 1]
[4, 0, 2]
0.375 0.4375
itercount --------> 10
[0, 1, 2]
[0, 1, 5]
[0, 1, 4]
[0, 1, 7]
[0, 1, 3]
[0, 1, 6]
[0, 1, 2, 5]
[0, 1, 2, 4]
[0, 1, 2, 7]
[0, 1, 2, 3]
[0, 1, 2, 6]
[0, 1, 2, 5, 4]
[0, 1, 2, 5, 7]
[0, 1, 2, 5, 3]
[0, 1, 2, 5, 6]
[0, 1, 2, 5, 4, 7]
[0, 1, 2, 5, 4, 3]
0.4375 0.47058823529411764
itercount --------> 11
[6, 3, 4]
[6, 3, 7]
[6, 3, 5]
[6, 3, 0]
[6, 3, 1]
[6, 3, 2]
[6, 3, 4, 7]
[6, 3, 4, 5]
[6, 3, 4, 0]
[6, 3, 4, 1]
[6, 3, 4, 2]
[6, 3, 4, 7, 5]
[6, 3, 4, 7, 0]
[6, 3, 4, 7, 1]
[6, 3, 4, 7, 2]
[6, 3, 4, 7, 5, 0]
[6, 3, 4, 7, 5, 1]
[6, 3, 4, 7, 5, 2]
[6, 3, 4, 7, 5, 0, 1]
[6, 3, 4, 7, 5, 0, 2]
[6, 3, 4, 7, 5, 0, 1, 2]
failed Once
after fail n ======> 4
[0, 1, 2, 6]
0.021739130434782608 0.03333333333333333
itercount --------> 1
[6, 4, 1]
0.03333333333333333 0.09375
itercount --------> 2
[6, 2, 5]
0.09375 0.13636363636363635
itercount --------> 3
[6, 3, 5]
0.13636363636363635 0.16666666666666666
itercount --------> 4
[6, 0, 1]
0.16666666666666666 0.17857142857142858
itercount --------> 5
[6, 2, 5]
0.17857142857142858 0.18181818181818182
itercount --------> 6
[6, 5, 3]
[6, 5, 4]
0.18181818181818182 0.2692307692307692
itercount --------> 7
[5, 4, 6]
[5, 4, 0]
0.2692307692307692 0.2962962962962963
itercount --------> 8
[5, 0, 4]
0.2962962962962963 0.4166666666666667
itercount --------> 9
[6, 5, 4]
[6, 5, 0]
[6, 5, 1]
0.4166666666666667 0.45
itercount --------> 10
[6, 4, 5]
[6, 4, 0]
[6, 4, 1]
[6, 4, 3]
[6, 4, 2]
[6, 4, 7]
[6, 4, 5, 0]
0.45 0.47368421052631576
itercount --------> 11
[4, 6, 5]
[4, 6, 2]
[4, 6, 3]
[4, 6, 7]
[4, 6, 0]
[4, 6, 1]
[4, 6, 5, 2]
[4, 6, 5, 3]
0.47368421052631576 0.5
itercount --------> 12
[7, 4, 6]
0.5 0.5294117647058824
itercount --------> 13
[5, 0, 1]
[5, 0, 2]
[5, 0, 4]
[5, 0, 3]
0.5294117647058824 0.5625
itercount --------> 14
[5, 7, 3]
[5, 7, 4]
[5, 7, 0]
[5, 7, 1]
[5, 7, 2]
[5, 7, 6]
[5, 7, 3, 4]
[5, 7, 3, 0]
[5, 7, 3, 1]
[5, 7, 3, 2]
[5, 7, 3, 6]
[5, 7, 3, 4, 0]
[5, 7, 3, 4, 1]
[5, 7, 3, 4, 2]
[5, 7, 3, 4, 6]
[5, 7, 3, 4, 0, 1]
[5, 7, 3, 4, 0, 2]
[5, 7, 3, 4, 0, 6]
[5, 7, 3, 4, 0, 1, 2]
[5, 7, 3, 4, 0, 1, 6]
[5, 7, 3, 4, 0, 1, 2, 6]
failed -> 2 times
after fail n ======> 5
[0, 1, 2, 6, 5]
0.021739130434782608 0.03333333333333333
itercount --------> 1
[6, 4, 0]
0.03333333333333333 0.057692307692307696
itercount --------> 2
[0, 1, 2]
0.057692307692307696 0.06818181818181818
itercount --------> 3
[2, 6, 0]
0.06818181818181818 0.13636363636363635
itercount --------> 4
[6, 3, 5]
0.13636363636363635 0.20833333333333334
itercount --------> 5
[6, 5, 3]
[6, 5, 7]
[6, 5, 0]
0.20833333333333334 0.21052631578947367
itercount --------> 6
[6, 3, 5]
0.21052631578947367 0.2727272727272727
itercount --------> 7
[6, 5, 3]
0.2727272727272727 0.3333333333333333
itercount --------> 8
[5, 6, 4]
[5, 6, 7]
[5, 6, 0]
0.3333333333333333 0.43478260869565216
itercount --------> 9
[4, 5, 6]
[4, 5, 0]
[4, 5, 1]
[4, 5, 2]
[4, 5, 7]
[4, 5, 3]
[4, 5, 6, 0]
[4, 5, 6, 1]
0.43478260869565216 0.47368421052631576
itercount --------> 10
[6, 4, 5]
[6, 4, 3]
[6, 4, 0]
[6, 4, 1]
[6, 4, 2]
[6, 4, 7]
[6, 4, 5, 3]
[6, 4, 5, 0]
[6, 4, 5, 1]
[6, 4, 5, 2]
0.47368421052631576 0.5
itercount --------> 11
[4, 6, 3]
[4, 6, 0]
[4, 6, 1]
[4, 6, 2]
[4, 6, 7]
[4, 6, 5]
[4, 6, 3, 0]
[4, 6, 3, 1]
0.5 0.5882352941176471
itercount --------> 12
[4, 6, 3]
[4, 6, 7]
[4, 6, 5]
[4, 6, 0]
[4, 6, 1]
[4, 6, 2]
[4, 6, 3, 7]
[4, 6, 3, 5]
[4, 6, 3, 0]
[4, 6, 3, 1]
[4, 6, 3, 2]
[4, 6, 3, 7, 5]
0.5882352941176471 0.625
itercount --------> 13
[5, 3, 7]
[5, 3, 4]
[5, 3, 0]
[5, 3, 1]
[5, 3, 2]
[5, 3, 6]
[5, 3, 7, 4]
[5, 3, 7, 0]
[5, 3, 7, 1]
[5, 3, 7, 2]
[5, 3, 7, 6]
[5, 3, 7, 4, 0]
[5, 3, 7, 4, 1]
[5, 3, 7, 4, 2]
[5, 3, 7, 4, 6]
[5, 3, 7, 4, 0, 1]
[5, 3, 7, 4, 0, 2]
[5, 3, 7, 4, 0, 6]
0.625 0.631578947368421
itercount --------> 14
[0, 1, 5]
[0, 1, 3]
[0, 1, 2]
0.631578947368421 0.6666666666666666
itercount --------> 15
[0, 5, 6]
[0, 5, 4]
[0, 5, 7]
[0, 5, 1]
[0, 5, 2]
[0, 5, 3]
[0, 5, 6, 4]
[0, 5, 6, 7]
[0, 5, 6, 1]
0.6666666666666666 0.7058823529411765
itercount --------> 16
[0, 1, 2]
[0, 1, 3]
[0, 1, 5]
[0, 1, 4]
[0, 1, 7]
[0, 1, 6]
[0, 1, 2, 3]
[0, 1, 2, 5]
0.7058823529411765 0.7222222222222222
itercount --------> 17
[5, 4, 6]
[5, 4, 7]
[5, 4, 0]
[5, 4, 1]
[5, 4, 2]
[5, 4, 3]
[5, 4, 6, 7]
[5, 4, 6, 0]
[5, 4, 6, 1]
[5, 4, 6, 2]
[5, 4, 6, 3]
[5, 4, 6, 7, 0]
[5, 4, 6, 7, 1]
[5, 4, 6, 7, 2]
[5, 4, 6, 7, 3]
[5, 4, 6, 7, 0, 1]
[5, 4, 6, 7, 0, 2]
[5, 4, 6, 7, 0, 3]
[5, 4, 6, 7, 0, 1, 2]
[5, 4, 6, 7, 0, 1, 3]
0.7222222222222222 0.7647058823529411
itercount --------> 18
[5, 4, 6]
[5, 4, 7]
[5, 4, 3]
[5, 4, 0]
[5, 4, 1]
[5, 4, 2]
[5, 4, 6, 7]
[5, 4, 6, 3]
[5, 4, 6, 0]
[5, 4, 6, 1]
[5, 4, 6, 2]
[5, 4, 6, 7, 3]
[5, 4, 6, 7, 0]
[5, 4, 6, 7, 1]
[5, 4, 6, 7, 2]
[5, 4, 6, 7, 3, 0]
[5, 4, 6, 7, 3, 1]
[5, 4, 6, 7, 3, 2]
[5, 4, 6, 7, 3, 0, 1]
[5, 4, 6, 7, 3, 0, 2]
[5, 4, 6, 7, 3, 0, 1, 2]
failed -> 3 times
after fail n ======> 6
[0, 1, 2, 6, 5, 4]
0.021739130434782608 0.045454545454545456
itercount --------> 1
[6, 4, 7]
0.045454545454545456 0.08695652173913043
itercount --------> 2
[6, 4, 0]
0.08695652173913043 0.1111111111111111
itercount --------> 3
[6, 4, 7]
0.1111111111111111 0.125
itercount --------> 4
[4, 0, 5]
0.125 0.14705882352941177
itercount --------> 5
[0, 5, 6]
0.14705882352941177 0.19230769230769232
itercount --------> 6
[0, 4, 6]
[0, 4, 5]
0.19230769230769232 0.2
itercount --------> 7
[6, 4, 7]
[6, 4, 5]
[6, 4, 0]
[6, 4, 3]
0.2 0.2916666666666667
itercount --------> 8
[5, 4, 3]
[5, 4, 0]
0.2916666666666667 0.3225806451612903
itercount --------> 9
[4, 5, 0]
[4, 5, 6]
[4, 5, 1]
[4, 5, 2]
0.3225806451612903 0.34615384615384615
itercount --------> 10
[4, 0, 5]
[4, 0, 6]
0.34615384615384615 0.35
itercount --------> 11
[4, 1, 2]
[4, 1, 5]
0.35 0.391304347826087
itercount --------> 12
[4, 5, 0]
0.391304347826087 0.45
itercount --------> 13
[4, 1, 2]
[4, 1, 6]
[4, 1, 5]
[4, 1, 3]
[4, 1, 7]
[4, 1, 0]
0.45 0.5294117647058824
itercount --------> 14
[4, 6, 3]
[4, 6, 7]
[4, 6, 5]
[4, 6, 0]
[4, 6, 1]
[4, 6, 2]
[4, 6, 3, 7]
[4, 6, 3, 5]
0.5294117647058824 0.5555555555555556
itercount --------> 15
[4, 6, 0]
[4, 6, 1]
[4, 6, 2]
[4, 6, 5]
[4, 6, 3]
[4, 6, 7]
[4, 6, 0, 1]
[4, 6, 0, 2]
[4, 6, 0, 5]
[4, 6, 0, 3]
[4, 6, 0, 7]
[4, 6, 0, 1, 2]
[4, 6, 0, 1, 5]
[4, 6, 0, 1, 3]
0.5555555555555556 0.5882352941176471
itercount --------> 16
[4, 6, 3]
[4, 6, 7]
[4, 6, 5]
[4, 6, 0]
[4, 6, 1]
[4, 6, 2]
[4, 6, 3, 7]
[4, 6, 3, 5]
[4, 6, 3, 0]
[4, 6, 3, 1]
[4, 6, 3, 2]
0.5882352941176471 0.625
itercount --------> 17
[3, 4, 7]
[3, 4, 0]
[3, 4, 1]
[3, 4, 2]
[3, 4, 5]
[3, 4, 6]
[3, 4, 7, 0]
0.625 0.7058823529411765
itercount --------> 18
[0, 1, 2]
[0, 1, 3]
[0, 1, 5]
[0, 1, 4]
[0, 1, 7]
[0, 1, 6]
[0, 1, 2, 3]
[0, 1, 2, 5]
[0, 1, 2, 4]
[0, 1, 2, 7]
[0, 1, 2, 6]
[0, 1, 2, 3, 5]
[0, 1, 2, 3, 4]
[0, 1, 2, 3, 7]
[0, 1, 2, 3, 6]
[0, 1, 2, 3, 5, 4]
[0, 1, 2, 3, 5, 7]
[0, 1, 2, 3, 5, 6]
[0, 1, 2, 3, 5, 4, 7]
[0, 1, 2, 3, 5, 4, 6]
[0, 1, 2, 3, 5, 4, 7, 6]
failed -> 4 times
after fail n ======> 7
[0, 1, 2, 6, 5, 4, 7]
0.021739130434782608 0.03333333333333333
itercount --------> 1
[6, 4, 0]
0.03333333333333333 0.04081632653061224
itercount --------> 2
[0, 1, 5]
0.04081632653061224 0.10416666666666667
itercount --------> 3
[1, 0, 4]
0.10416666666666667 0.11538461538461539
itercount --------> 4
[4, 2, 7]
[4, 2, 5]
0.11538461538461539 0.14285714285714285
itercount --------> 5
[4, 7, 0]
0.14285714285714285 0.16
itercount --------> 6
[0, 6, 1]
[0, 6, 4]
0.16 0.2608695652173913
itercount --------> 7
[6, 1, 4]
0.2608695652173913 0.3157894736842105
itercount --------> 8
[6, 7, 3]
[6, 7, 4]
[6, 7, 5]
[6, 7, 0]
[6, 7, 2]
[6, 7, 1]
[6, 7, 3, 4]
[6, 7, 3, 5]
[6, 7, 3, 0]
[6, 7, 3, 2]
[6, 7, 3, 1]
[6, 7, 3, 4, 5]
[6, 7, 3, 4, 0]
[6, 7, 3, 4, 2]
0.3157894736842105 0.3333333333333333
itercount --------> 9
[6, 7, 3]
[6, 7, 4]
[6, 7, 5]
[6, 7, 0]
[6, 7, 1]
[6, 7, 2]
[6, 7, 3, 4]
[6, 7, 3, 5]
[6, 7, 3, 0]
[6, 7, 3, 1]
[6, 7, 3, 2]
[6, 7, 3, 4, 5]
[6, 7, 3, 4, 0]
[6, 7, 3, 4, 1]
[6, 7, 3, 4, 2]
[6, 7, 3, 4, 5, 0]
[6, 7, 3, 4, 5, 1]
[6, 7, 3, 4, 5, 2]
[6, 7, 3, 4, 5, 0, 1]
[6, 7, 3, 4, 5, 0, 2]
[6, 7, 3, 4, 5, 0, 1, 2]
0.3333333333333333 0.35
itercount --------> 10
[6, 0, 4]
[6, 0, 7]
0.35 0.45
itercount --------> 11
[6, 4, 3]
[6, 4, 7]
[6, 4, 0]
[6, 4, 5]
[6, 4, 1]
[6, 4, 2]
[6, 4, 3, 7]
[6, 4, 3, 0]
[6, 4, 3, 5]
[6, 4, 3, 1]
[6, 4, 3, 2]
[6, 4, 3, 7, 0]
[6, 4, 3, 7, 5]
[6, 4, 3, 7, 1]
0.45 0.5
itercount --------> 12
[3, 0, 4]
0.5 0.5294117647058824
itercount --------> 13
[3, 6, 7]
[3, 6, 4]
[3, 6, 0]
[3, 6, 1]
[3, 6, 2]
[3, 6, 5]
[3, 6, 7, 4]
[3, 6, 7, 0]
[3, 6, 7, 1]
0.5294117647058824 0.5882352941176471
itercount --------> 14
[3, 6, 4]
[3, 6, 7]
[3, 6, 0]
[3, 6, 1]
[3, 6, 2]
[3, 6, 5]
[3, 6, 4, 7]
[3, 6, 4, 0]
[3, 6, 4, 1]
[3, 6, 4, 2]
[3, 6, 4, 5]
[3, 6, 4, 7, 0]
[3, 6, 4, 7, 1]
[3, 6, 4, 7, 2]
[3, 6, 4, 7, 5]
[3, 6, 4, 7, 0, 1]
[3, 6, 4, 7, 0, 2]
[3, 6, 4, 7, 0, 5]
[3, 6, 4, 7, 0, 1, 2]
[3, 6, 4, 7, 0, 1, 5]
[3, 6, 4, 7, 0, 1, 2, 5]
failed -> 5 times
after fail n ======> 8
[0, 1, 2, 6, 5, 4, 7, 3]
0.021739130434782608 0.05357142857142857
itercount --------> 1
[1, 0, 2]
0.05357142857142857 0.08823529411764706
itercount --------> 2
[2, 5, 0]
0.08823529411764706 0.13043478260869565
itercount --------> 3
[5, 6, 3]
0.13043478260869565 0.14814814814814814
itercount --------> 4
[6, 5, 4]
[6, 5, 0]
[6, 5, 1]
0.14814814814814814 0.19047619047619047
itercount --------> 5
[6, 5, 4]
[6, 5, 3]
0.19047619047619047 0.21052631578947367
itercount --------> 6
[5, 3, 4]
0.21052631578947367 0.3333333333333333
itercount --------> 7
[5, 6, 3]
[5, 6, 7]
[5, 6, 4]
[5, 6, 0]
0.3333333333333333 0.34615384615384615
itercount --------> 8
[6, 0, 2]
[6, 0, 5]
0.34615384615384615 0.5263157894736842
itercount --------> 9
[6, 7, 4]
[6, 7, 3]
[6, 7, 0]
[6, 7, 2]
[6, 7, 5]
0.5263157894736842 0.5789473684210527
itercount --------> 10
[5, 6, 3]
[5, 6, 0]
[5, 6, 2]
[5, 6, 4]
[5, 6, 7]
[5, 6, 1]
[5, 6, 3, 0]
[5, 6, 3, 2]
[5, 6, 3, 4]
[5, 6, 3, 7]
0.5789473684210527 0.6111111111111112
itercount --------> 11
[0, 2, 5]
[0, 2, 7]
[0, 2, 6]
[0, 2, 1]
[0, 2, 4]
[0, 2, 3]
[0, 2, 5, 7]
0.6111111111111112 0.6666666666666666
itercount --------> 12
[5, 7, 6]
[5, 7, 4]
[5, 7, 0]
[5, 7, 1]
0.6666666666666666 0.6875
itercount --------> 13
[0, 1, 2]
[0, 1, 5]
[0, 1, 7]
[0, 1, 3]
[0, 1, 6]
[0, 1, 4]
[0, 1, 2, 5]
[0, 1, 2, 7]
[0, 1, 2, 3]
[0, 1, 2, 6]
[0, 1, 2, 4]
[0, 1, 2, 5, 7]
[0, 1, 2, 5, 3]
0.6875 0.7058823529411765
itercount --------> 14
[5, 7, 3]
[5, 7, 6]
[5, 7, 0]
[5, 7, 1]
[5, 7, 2]
[5, 7, 4]
[5, 7, 3, 6]
0.7058823529411765 0.8333333333333334
itercount --------> 15
[3, 4, 6]
[3, 4, 7]
[3, 4, 0]
[3, 4, 1]
[3, 4, 2]
[3, 4, 5]
[3, 4, 6, 7]
[3, 4, 6, 0]
[3, 4, 6, 1]
[3, 4, 6, 2]
[3, 4, 6, 5]
[3, 4, 6, 7, 0]
[3, 4, 6, 7, 1]
[3, 4, 6, 7, 2]
[3, 4, 6, 7, 5]
[3, 4, 6, 7, 0, 1]
[3, 4, 6, 7, 0, 2]
[3, 4, 6, 7, 0, 5]
[3, 4, 6, 7, 0, 1, 2]
[3, 4, 6, 7, 0, 1, 5]
[3, 4, 6, 7, 0, 1, 2, 5]
failed -> 6 times
after fail n ======> 5
[0, 1, 2, 6, 5]
0.021739130434782608 0.045454545454545456
itercount --------> 1
[6, 4, 7]
0.045454545454545456 0.07407407407407407
itercount --------> 2
[5, 4, 0]
0.07407407407407407 0.08695652173913043
itercount --------> 3
[4, 5, 6]
[4, 5, 7]
0.08695652173913043 0.16666666666666666
itercount --------> 4
[6, 4, 3]
0.16666666666666666 0.17647058823529413
itercount --------> 5
[0, 1, 2]
[0, 1, 5]
0.17647058823529413 0.22727272727272727
itercount --------> 6
[5, 6, 0]
0.22727272727272727 0.2631578947368421
itercount --------> 7
[4, 0, 3]
0.2631578947368421 0.3333333333333333
itercount --------> 8
[0, 7, 3]
[0, 7, 4]
[0, 7, 6]
[0, 7, 1]
[0, 7, 2]
[0, 7, 5]
0.3333333333333333 0.35294117647058826
itercount --------> 9
[0, 1, 2]
[0, 1, 5]
[0, 1, 3]
0.35294117647058826 0.5263157894736842
itercount --------> 10
[4, 0, 1]
[4, 0, 2]
[4, 0, 5]
[4, 0, 6]
[4, 0, 7]
[4, 0, 3]
[4, 0, 1, 2]
[4, 0, 1, 5]
[4, 0, 1, 6]
[4, 0, 1, 7]
0.5263157894736842 0.5555555555555556
itercount --------> 11
[4, 7, 0]
[4, 7, 1]
[4, 7, 2]
[4, 7, 6]
[4, 7, 5]
[4, 7, 3]
[4, 7, 0, 1]
[4, 7, 0, 2]
[4, 7, 0, 6]
[4, 7, 0, 5]
[4, 7, 0, 3]
[4, 7, 0, 1, 2]
[4, 7, 0, 1, 6]
[4, 7, 0, 1, 5]
0.5555555555555556 0.6111111111111112
itercount --------> 12
[4, 0, 1]
[4, 0, 2]
[4, 0, 6]
[4, 0, 7]
[4, 0, 5]
[4, 0, 3]
[4, 0, 1, 2]
[4, 0, 1, 6]
[4, 0, 1, 7]
[4, 0, 1, 5]
[4, 0, 1, 3]
[4, 0, 1, 2, 6]
[4, 0, 1, 2, 7]
[4, 0, 1, 2, 5]
[4, 0, 1, 2, 3]
[4, 0, 1, 2, 6, 7]
[4, 0, 1, 2, 6, 5]
[4, 0, 1, 2, 6, 3]
0.6111111111111112 0.6470588235294118
itercount --------> 13
[0, 1, 2]
[0, 1, 7]
[0, 1, 6]
[0, 1, 3]
[0, 1, 4]
[0, 1, 5]
[0, 1, 2, 7]
[0, 1, 2, 6]
[0, 1, 2, 3]
[0, 1, 2, 4]
[0, 1, 2, 5]
[0, 1, 2, 7, 6]
[0, 1, 2, 7, 3]
[0, 1, 2, 7, 4]
[0, 1, 2, 7, 5]
[0, 1, 2, 7, 6, 3]
[0, 1, 2, 7, 6, 4]
[0, 1, 2, 7, 6, 5]
[0, 1, 2, 7, 6, 3, 4]
[0, 1, 2, 7, 6, 3, 5]
[0, 1, 2, 7, 6, 3, 4, 5]
failed -> 7 times
after fail n ======> 6
[0, 1, 2, 6, 5, 4]
0.021739130434782608 0.03333333333333333
itercount --------> 1
[6, 4, 0]
0.03333333333333333 0.057692307692307696
itercount --------> 2
[0, 2, 1]
0.057692307692307696 0.09375
itercount --------> 3
[4, 2, 5]
0.09375 0.19230769230769232
itercount --------> 4
[4, 5, 6]
[4, 5, 0]
0.19230769230769232 0.2727272727272727
itercount --------> 5
[5, 4, 2]
[5, 4, 6]
[5, 4, 0]
[5, 4, 1]
[5, 4, 7]
0.2727272727272727 0.32
itercount --------> 6
[6, 5, 4]
[6, 5, 2]
0.32 0.34782608695652173
itercount --------> 7
[6, 5, 7]
0.34782608695652173 0.45
itercount --------> 8
[7, 5, 6]
[7, 5, 4]
0.45 0.45454545454545453
itercount --------> 9
[5, 4, 7]
[5, 4, 3]
0.45454545454545453 0.5
itercount --------> 10
[3, 5, 0]
[3, 5, 1]
[3, 5, 2]
[3, 5, 7]
[3, 5, 4]
[3, 5, 6]
[3, 5, 0, 1]
0.5 0.5263157894736842
itercount --------> 11
[3, 0, 1]
[3, 0, 5]
[3, 0, 6]
[3, 0, 7]
[3, 0, 4]
[3, 0, 2]
0.5263157894736842 0.5555555555555556
itercount --------> 12
[3, 6, 7]
[3, 6, 0]
[3, 6, 1]
[3, 6, 2]
[3, 6, 4]
[3, 6, 5]
[3, 6, 7, 0]
[3, 6, 7, 1]
0.5555555555555556 0.5882352941176471
itercount --------> 13
[0, 1, 2]
[0, 1, 5]
[0, 1, 4]
[0, 1, 6]
[0, 1, 3]
[0, 1, 7]
[0, 1, 2, 5]
[0, 1, 2, 4]
[0, 1, 2, 6]
[0, 1, 2, 3]
[0, 1, 2, 7]
[0, 1, 2, 5, 4]
[0, 1, 2, 5, 6]
[0, 1, 2, 5, 3]
0.5882352941176471 0.625
itercount --------> 14
[3, 7, 0]
[3, 7, 1]
[3, 7, 2]
[3, 7, 4]
[3, 7, 5]
[3, 7, 6]
[3, 7, 0, 1]
[3, 7, 0, 2]
[3, 7, 0, 4]
[3, 7, 0, 5]
[3, 7, 0, 6]
[3, 7, 0, 1, 2]
[3, 7, 0, 1, 4]
[3, 7, 0, 1, 5]
[3, 7, 0, 1, 6]
[3, 7, 0, 1, 2, 4]
[3, 7, 0, 1, 2, 5]
[3, 7, 0, 1, 2, 6]
[3, 7, 0, 1, 2, 4, 5]
[3, 7, 0, 1, 2, 4, 6]
[3, 7, 0, 1, 2, 4, 5, 6]
failed -> 8 times
after fail n ======> 7
[0, 1, 2, 6, 5, 4, 7]
0.021739130434782608 0.02631578947368421
itercount --------> 1
[5, 7, 3]
0.02631578947368421 0.057692307692307696
itercount --------> 2
[5, 0, 1]
0.057692307692307696 0.125
itercount --------> 3
[2, 5, 7]
[2, 5, 4]
0.125 0.2777777777777778
itercount --------> 4
[2, 5, 7]
[2, 5, 4]
[2, 5, 6]
[2, 5, 0]
[2, 5, 1]
[2, 5, 3]
[2, 5, 7, 4]
[2, 5, 7, 6]
[2, 5, 7, 0]
0.2777777777777778 0.29411764705882354
itercount --------> 5
[2, 5, 7]
[2, 5, 4]
[2, 5, 6]
[2, 5, 3]
[2, 5, 0]
[2, 5, 1]
[2, 5, 7, 4]
[2, 5, 7, 6]
[2, 5, 7, 3]
[2, 5, 7, 0]
0.29411764705882354 0.3
itercount --------> 6
[2, 7, 4]
[2, 7, 6]
[2, 7, 3]
[2, 7, 5]
[2, 7, 0]
0.3 0.3157894736842105
itercount --------> 7
[2, 5, 4]
[2, 5, 6]
[2, 5, 7]
[2, 5, 3]
[2, 5, 0]
[2, 5, 1]
0.3157894736842105 0.3333333333333333
itercount --------> 8
[0, 2, 5]
[0, 2, 4]
[0, 2, 6]
[0, 2, 7]
[0, 2, 3]
[0, 2, 1]
[0, 2, 5, 4]
[0, 2, 5, 6]
[0, 2, 5, 7]
[0, 2, 5, 3]
[0, 2, 5, 1]
[0, 2, 5, 4, 6]
0.3333333333333333 0.4117647058823529
itercount --------> 9
[0, 1, 2]
[0, 1, 5]
[0, 1, 3]
[0, 1, 7]
[0, 1, 4]
[0, 1, 6]
[0, 1, 2, 5]
[0, 1, 2, 3]
[0, 1, 2, 7]
[0, 1, 2, 4]
[0, 1, 2, 6]
[0, 1, 2, 5, 3]
[0, 1, 2, 5, 7]
[0, 1, 2, 5, 4]
[0, 1, 2, 5, 6]
[0, 1, 2, 5, 3, 7]
0.4117647058823529 0.5
itercount --------> 10
[5, 3, 4]
[5, 3, 6]
[5, 3, 7]
[5, 3, 0]
[5, 3, 1]
[5, 3, 2]
[5, 3, 4, 6]
0.5 0.631578947368421
itercount --------> 11
[0, 1, 2]
[0, 1, 5]
[0, 1, 6]
[0, 1, 7]
0.631578947368421 0.6666666666666666
itercount --------> 12
[1, 2, 5]
[1, 2, 0]
[1, 2, 6]
[1, 2, 7]
[1, 2, 4]
0.6666666666666666 0.7058823529411765
itercount --------> 13
[0, 1, 2]
[0, 1, 5]
[0, 1, 6]
[0, 1, 7]
[0, 1, 3]
[0, 1, 4]
[0, 1, 2, 5]
[0, 1, 2, 6]
[0, 1, 2, 7]
0.7058823529411765 0.75
itercount --------> 14
[0, 1, 2]
[0, 1, 5]
[0, 1, 6]
[0, 1, 7]
[0, 1, 3]
[0, 1, 4]
[0, 1, 2, 5]
[0, 1, 2, 6]
[0, 1, 2, 7]
[0, 1, 2, 3]
[0, 1, 2, 4]
[0, 1, 2, 5, 6]
[0, 1, 2, 5, 7]
[0, 1, 2, 5, 3]
[0, 1, 2, 5, 4]
[0, 1, 2, 5, 6, 7]
0.75 0.7777777777777778
itercount --------> 15
[5, 6, 7]
[5, 6, 3]
[5, 6, 4]
[5, 6, 0]
[5, 6, 1]
[5, 6, 2]
[5, 6, 7, 3]
[5, 6, 7, 4]
[5, 6, 7, 0]
[5, 6, 7, 1]
[5, 6, 7, 2]
[5, 6, 7, 3, 4]
[5, 6, 7, 3, 0]
[5, 6, 7, 3, 1]
[5, 6, 7, 3, 2]
[5, 6, 7, 3, 4, 0]
[5, 6, 7, 3, 4, 1]
[5, 6, 7, 3, 4, 2]
[5, 6, 7, 3, 4, 0, 1]
[5, 6, 7, 3, 4, 0, 2]
[5, 6, 7, 3, 4, 0, 1, 2]
failed -> 9 times
after fail n ======> 8
[0, 1, 2, 6, 5, 4, 7, 3]
0.021739130434782608 0.03333333333333333
itercount --------> 1
[6, 4, 7]
0.03333333333333333 0.05405405405405406
itercount --------> 2
[4, 0, 1]
0.05405405405405406 0.05714285714285714
itercount --------> 3
[0, 5, 1]
[0, 5, 2]
0.05714285714285714 0.11428571428571428
itercount --------> 4
[1, 0, 6]
[1, 0, 7]
[1, 0, 4]
[1, 0, 3]
0.11428571428571428 0.16666666666666666
itercount --------> 5
[6, 7, 0]
0.16666666666666666 0.2
itercount --------> 6
[0, 1, 7]
[0, 1, 4]
[0, 1, 3]
[0, 1, 6]
[0, 1, 5]
0.2 0.20833333333333334
itercount --------> 7
[0, 4, 3]
0.20833333333333334 0.28
itercount --------> 8
[0, 7, 4]
[0, 7, 6]
[0, 7, 2]
0.28 0.34782608695652173
itercount --------> 9
[7, 0, 6]
0.34782608695652173 0.4
itercount --------> 10
[0, 7, 6]
[0, 7, 3]
0.4 0.42857142857142855
itercount --------> 11
[0, 7, 5]
0.42857142857142855 0.4782608695652174
itercount --------> 12
[7, 0, 3]
0.4782608695652174 0.625
itercount --------> 13
[0, 2, 5]
[0, 2, 1]
0.625 0.75
itercount --------> 14
[0, 1, 2]
[0, 1, 5]
[0, 1, 3]
[0, 1, 4]
[0, 1, 6]
[0, 1, 7]
[0, 1, 2, 5]
[0, 1, 2, 3]
[0, 1, 2, 4]
[0, 1, 2, 6]
[0, 1, 2, 7]
0.75 0.8333333333333334
itercount --------> 15
[3, 4, 6]
[3, 4, 7]
[3, 4, 0]
[3, 4, 1]
[3, 4, 2]
[3, 4, 5]
[3, 4, 6, 7]
[3, 4, 6, 0]
[3, 4, 6, 1]
[3, 4, 6, 2]
[3, 4, 6, 5]
[3, 4, 6, 7, 0]
[3, 4, 6, 7, 1]
[3, 4, 6, 7, 2]
[3, 4, 6, 7, 5]
[3, 4, 6, 7, 0, 1]
[3, 4, 6, 7, 0, 2]
[3, 4, 6, 7, 0, 5]
[3, 4, 6, 7, 0, 1, 2]
[3, 4, 6, 7, 0, 1, 5]
[3, 4, 6, 7, 0, 1, 2, 5]
failed -> 10 times
after fail n ======> 5
[0, 1, 2, 6, 5]
0.021739130434782608 0.027777777777777776
itercount --------> 1
[0, 6, 1]
[0, 6, 4]
0.027777777777777776 0.10126582278481013
itercount --------> 2
[0, 1, 5]
0.10126582278481013 0.2857142857142857
itercount --------> 3
[0, 2, 5]
0.2857142857142857 0.36
itercount --------> 4
[0, 6, 4]
[0, 6, 1]
[0, 6, 2]
[0, 6, 3]
0.36 0.36363636363636365
itercount --------> 5
[0, 4, 6]
[0, 4, 3]
0.36363636363636365 0.4090909090909091
itercount --------> 6
[0, 4, 6]
[0, 4, 1]
0.4090909090909091 0.55
itercount --------> 7
[0, 6, 3]
0.55 0.5555555555555556
itercount --------> 8
[6, 3, 7]
[6, 3, 4]
0.5555555555555556 0.6111111111111112
itercount --------> 9
[4, 6, 3]
[4, 6, 5]
[4, 6, 7]
[4, 6, 0]
[4, 6, 1]
[4, 6, 2]
[4, 6, 3, 5]
[4, 6, 3, 7]
[4, 6, 3, 0]
[4, 6, 3, 1]
[4, 6, 3, 2]
[4, 6, 3, 5, 7]
[4, 6, 3, 5, 0]
[4, 6, 3, 5, 1]
[4, 6, 3, 5, 2]
[4, 6, 3, 5, 7, 0]
[4, 6, 3, 5, 7, 1]
[4, 6, 3, 5, 7, 2]
[4, 6, 3, 5, 7, 0, 1]
[4, 6, 3, 5, 7, 0, 2]
[4, 6, 3, 5, 7, 0, 1, 2]
failed -> 11 times
after fail n ======> 6
[0, 1, 2, 6, 5, 4]
0.021739130434782608 0.1
itercount --------> 1
[0, 1, 2]
0.1 0.16666666666666666
itercount --------> 2
[5, 0, 1]
0.16666666666666666 0.22727272727272727
itercount --------> 3
[5, 6, 4]
[5, 6, 7]
0.22727272727272727 0.25
itercount --------> 4
[4, 7, 5]
0.25 0.2777777777777778
itercount --------> 5
[0, 1, 2]
[0, 1, 5]
[0, 1, 4]
[0, 1, 6]
0.2777777777777778 0.29411764705882354
itercount --------> 6
[0, 1, 2]
[0, 1, 5]
[0, 1, 4]
0.29411764705882354 0.3125
itercount --------> 7
[5, 0, 1]
[5, 0, 2]
[5, 0, 4]
[5, 0, 7]
[5, 0, 3]
[5, 0, 6]
[5, 0, 1, 2]
[5, 0, 1, 4]
[5, 0, 1, 7]
[5, 0, 1, 3]
[5, 0, 1, 6]
[5, 0, 1, 2, 4]
[5, 0, 1, 2, 7]
[5, 0, 1, 2, 3]
[5, 0, 1, 2, 6]
[5, 0, 1, 2, 4, 7]
0.3125 0.35
itercount --------> 8
[6, 7, 4]
[6, 7, 5]
0.35 0.45
itercount --------> 9
[7, 4, 5]
[7, 4, 6]
[7, 4, 3]
0.45 0.47368421052631576
itercount --------> 10
[7, 3, 5]
0.47368421052631576 0.5
itercount --------> 11
[4, 5, 7]
[4, 5, 3]
0.5 0.7368421052631579
itercount --------> 12
[5, 7, 0]
[5, 7, 1]
[5, 7, 2]
[5, 7, 6]
[5, 7, 3]
[5, 7, 4]
[5, 7, 0, 1]
[5, 7, 0, 2]
[5, 7, 0, 6]
[5, 7, 0, 3]
[5, 7, 0, 4]
[5, 7, 0, 1, 2]
[5, 7, 0, 1, 6]
[5, 7, 0, 1, 3]
[5, 7, 0, 1, 4]
[5, 7, 0, 1, 2, 6]
[5, 7, 0, 1, 2, 3]
0.7368421052631579 0.7777777777777778
itercount --------> 13
[5, 6, 7]
[5, 6, 3]
[5, 6, 4]
[5, 6, 0]
[5, 6, 1]
[5, 6, 2]
[5, 6, 7, 3]
[5, 6, 7, 4]
[5, 6, 7, 0]
[5, 6, 7, 1]
[5, 6, 7, 2]
[5, 6, 7, 3, 4]
[5, 6, 7, 3, 0]
[5, 6, 7, 3, 1]
[5, 6, 7, 3, 2]
[5, 6, 7, 3, 4, 0]
[5, 6, 7, 3, 4, 1]
[5, 6, 7, 3, 4, 2]
[5, 6, 7, 3, 4, 0, 1]
[5, 6, 7, 3, 4, 0, 2]
[5, 6, 7, 3, 4, 0, 1, 2]
failed -> 12 times
after fail n ======> 7
[0, 1, 2, 6, 5, 4, 7]
0.021739130434782608 0.03571428571428571
itercount --------> 1
[6, 0, 4]
[6, 0, 7]
0.03571428571428571 0.045454545454545456
itercount --------> 2
[6, 0, 4]
0.045454545454545456 0.06521739130434782
itercount --------> 3
[0, 2, 5]
[0, 2, 4]
0.06521739130434782 0.0967741935483871
itercount --------> 4
[0, 5, 4]
0.0967741935483871 0.12
itercount --------> 5
[5, 4, 1]
0.12 0.16
itercount --------> 6
[5, 1, 6]
0.16 0.21739130434782608
itercount --------> 7
[5, 6, 4]
0.21739130434782608 0.2608695652173913
itercount --------> 8
[5, 6, 4]
[5, 6, 7]
0.2608695652173913 0.30434782608695654
itercount --------> 9
[5, 4, 6]
[5, 4, 3]
0.30434782608695654 0.3333333333333333
itercount --------> 10
[4, 5, 6]
[4, 5, 0]
0.3333333333333333 0.375
itercount --------> 11
[0, 2, 3]
[0, 2, 4]
0.375 0.391304347826087
itercount --------> 12
[2, 3, 0]
[2, 3, 4]
0.391304347826087 0.4
itercount --------> 13
[2, 6, 7]
[2, 6, 4]
0.4 0.41379310344827586
itercount --------> 14
[2, 3, 7]
0.41379310344827586 0.5172413793103449
itercount --------> 15
[2, 0, 5]
0.5172413793103449 0.6086956521739131
itercount --------> 16
[0, 2, 1]
[0, 2, 5]
[0, 2, 3]
[0, 2, 4]
[0, 2, 6]
[0, 2, 7]
[0, 2, 1, 5]
0.6086956521739131 0.7368421052631579
itercount --------> 17
[5, 6, 7]
[5, 6, 0]
[5, 6, 1]
[5, 6, 2]
[5, 6, 3]
[5, 6, 4]
[5, 6, 7, 0]
[5, 6, 7, 1]
[5, 6, 7, 2]
[5, 6, 7, 3]
[5, 6, 7, 4]
[5, 6, 7, 0, 1]
[5, 6, 7, 0, 2]
[5, 6, 7, 0, 3]
[5, 6, 7, 0, 4]
[5, 6, 7, 0, 1, 2]
0.7368421052631579 0.75
itercount --------> 18
[5, 6, 0]
[5, 6, 1]
[5, 6, 2]
[5, 6, 3]
[5, 6, 4]
[5, 6, 7]
[5, 6, 0, 1]
[5, 6, 0, 2]
[5, 6, 0, 3]
[5, 6, 0, 4]
[5, 6, 0, 7]
[5, 6, 0, 1, 2]
[5, 6, 0, 1, 3]
[5, 6, 0, 1, 4]
[5, 6, 0, 1, 7]
[5, 6, 0, 1, 2, 3]
[5, 6, 0, 1, 2, 4]
[5, 6, 0, 1, 2, 7]
[5, 6, 0, 1, 2, 3, 4]
[5, 6, 0, 1, 2, 3, 7]
0.75 0.7894736842105263
itercount --------> 19
[6, 3, 4]
[6, 3, 5]
[6, 3, 7]
[6, 3, 0]
[6, 3, 1]
[6, 3, 2]
[6, 3, 4, 5]
[6, 3, 4, 7]
[6, 3, 4, 0]
[6, 3, 4, 1]
[6, 3, 4, 2]
[6, 3, 4, 5, 7]
[6, 3, 4, 5, 0]
[6, 3, 4, 5, 1]
[6, 3, 4, 5, 2]
[6, 3, 4, 5, 7, 0]
[6, 3, 4, 5, 7, 1]
[6, 3, 4, 5, 7, 2]
[6, 3, 4, 5, 7, 0, 1]
[6, 3, 4, 5, 7, 0, 2]
[6, 3, 4, 5, 7, 0, 1, 2]
failed -> 13 times
after fail n ======> 8
[0, 1, 2, 6, 5, 4, 7, 3]
0.021739130434782608 0.03333333333333333
itercount --------> 1
[5, 6, 3]
[5, 6, 0]
0.03333333333333333 0.045454545454545456
itercount --------> 2
[6, 0, 3]
0.045454545454545456 0.08
itercount --------> 3
[6, 4, 1]
0.08 0.10526315789473684
itercount --------> 4
[6, 2, 4]
0.10526315789473684 0.125
itercount --------> 5
[6, 2, 0]
[6, 2, 7]
0.125 0.12903225806451613
itercount --------> 6
[6, 0, 2]
0.12903225806451613 0.14285714285714285
itercount --------> 7
[6, 2, 0]
[6, 2, 3]
0.14285714285714285 0.14814814814814814
itercount --------> 8
[6, 0, 2]
[6, 0, 4]
[6, 0, 3]
[6, 0, 1]
0.14814814814814814 0.15151515151515152
itercount --------> 9
[2, 0, 6]
[2, 0, 4]
[2, 0, 3]
0.15151515151515152 0.18181818181818182
itercount --------> 10
[6, 0, 3]
0.18181818181818182 0.19047619047619047
itercount --------> 11
[6, 4, 0]
[6, 4, 3]
[6, 4, 1]
0.19047619047619047 0.25925925925925924
itercount --------> 12
[1, 4, 6]
[1, 4, 0]
0.25925925925925924 0.2916666666666667
itercount --------> 13
[4, 0, 3]
[4, 0, 6]
[4, 0, 1]
[4, 0, 5]
[4, 0, 2]
[4, 0, 7]
[4, 0, 3, 6]
0.2916666666666667 0.4090909090909091
itercount --------> 14
[6, 1, 3]
[6, 1, 4]
[6, 1, 7]
[6, 1, 0]
0.4090909090909091 0.45
itercount --------> 15
[6, 4, 0]
[6, 4, 3]
[6, 4, 5]
[6, 4, 7]
[6, 4, 1]
[6, 4, 2]
[6, 4, 0, 3]
[6, 4, 0, 5]
[6, 4, 0, 7]
[6, 4, 0, 1]
[6, 4, 0, 2]
[6, 4, 0, 3, 5]
[6, 4, 0, 3, 7]
0.45 0.55
itercount --------> 16
[6, 5, 4]
[6, 5, 7]
[6, 5, 3]
[6, 5, 0]
[6, 5, 1]
[6, 5, 2]
[6, 5, 4, 7]
[6, 5, 4, 3]
[6, 5, 4, 0]
[6, 5, 4, 1]
[6, 5, 4, 2]
[6, 5, 4, 7, 3]
[6, 5, 4, 7, 0]
[6, 5, 4, 7, 1]
[6, 5, 4, 7, 2]
[6, 5, 4, 7, 3, 0]
[6, 5, 4, 7, 3, 1]
[6, 5, 4, 7, 3, 2]
[6, 5, 4, 7, 3, 0, 1]
[6, 5, 4, 7, 3, 0, 2]
0.55 0.5714285714285714
itercount --------> 17
[6, 4, 3]
[6, 4, 5]
[6, 4, 7]
[6, 4, 0]
[6, 4, 1]
[6, 4, 2]
[6, 4, 3, 5]
[6, 4, 3, 7]
[6, 4, 3, 0]
[6, 4, 3, 1]
[6, 4, 3, 2]
[6, 4, 3, 5, 7]
[6, 4, 3, 5, 0]
[6, 4, 3, 5, 1]
0.5714285714285714 0.6111111111111112
itercount --------> 18
[6, 4, 7]
[6, 4, 3]
[6, 4, 5]
[6, 4, 0]
[6, 4, 1]
[6, 4, 2]
[6, 4, 7, 3]
[6, 4, 7, 5]
[6, 4, 7, 0]
[6, 4, 7, 1]
[6, 4, 7, 2]
[6, 4, 7, 3, 5]
[6, 4, 7, 3, 0]
[6, 4, 7, 3, 1]
[6, 4, 7, 3, 2]
[6, 4, 7, 3, 5, 0]
[6, 4, 7, 3, 5, 1]
0.6111111111111112 0.631578947368421
itercount --------> 19
[4, 6, 5]
0.631578947368421 0.6818181818181818
itercount --------> 20
[1, 5, 0]
[1, 5, 4]
[1, 5, 6]
[1, 5, 3]
[1, 5, 7]
[1, 5, 2]
0.6818181818181818 0.7777777777777778
itercount --------> 21
[5, 6, 7]
[5, 6, 3]
[5, 6, 4]
[5, 6, 0]
[5, 6, 1]
[5, 6, 2]
[5, 6, 7, 3]
[5, 6, 7, 4]
[5, 6, 7, 0]
[5, 6, 7, 1]
[5, 6, 7, 2]
[5, 6, 7, 3, 4]
[5, 6, 7, 3, 0]
[5, 6, 7, 3, 1]
[5, 6, 7, 3, 2]
[5, 6, 7, 3, 4, 0]
[5, 6, 7, 3, 4, 1]
[5, 6, 7, 3, 4, 2]
[5, 6, 7, 3, 4, 0, 1]
[5, 6, 7, 3, 4, 0, 2]
[5, 6, 7, 3, 4, 0, 1, 2]
failed -> 14 times
after fail n ======> 5
[0, 1, 2, 6, 5]
0.021739130434782608 0.03333333333333333
itercount --------> 1
[6, 5, 2]
[6, 5, 4]
0.03333333333333333 0.06060606060606061
itercount --------> 2
[6, 5, 2]
0.06060606060606061 0.08695652173913043
itercount --------> 3
[6, 5, 3]
[6, 5, 4]
[6, 5, 0]
0.08695652173913043 0.1111111111111111
itercount --------> 4
[6, 4, 3]
0.1111111111111111 0.11764705882352941
itercount --------> 5
[5, 6, 4]
0.11764705882352941 0.13636363636363635
itercount --------> 6
[6, 3, 5]
0.13636363636363635 0.17857142857142858
itercount --------> 7
[6, 2, 5]
0.17857142857142858 0.2222222222222222
itercount --------> 8
[6, 5, 0]
0.2222222222222222 0.24390243902439024
itercount --------> 9
[0, 1, 5]
[0, 1, 4]
0.24390243902439024 0.2564102564102564
itercount --------> 10
[1, 4, 5]
0.2564102564102564 0.28
itercount --------> 11
[5, 4, 3]
[5, 4, 6]
[5, 4, 0]
0.28 0.4090909090909091
itercount --------> 12
[4, 5, 6]
[4, 5, 0]
[4, 5, 1]
0.4090909090909091 0.45
itercount --------> 13
[4, 5, 6]
[4, 5, 2]
[4, 5, 0]
[4, 5, 1]
[4, 5, 3]
[4, 5, 7]
[4, 5, 6, 2]
[4, 5, 6, 0]
[4, 5, 6, 1]
[4, 5, 6, 3]
0.45 0.5
itercount --------> 14
[6, 4, 0]
[6, 4, 1]
[6, 4, 5]
[6, 4, 2]
[6, 4, 3]
[6, 4, 7]
[6, 4, 0, 1]
[6, 4, 0, 5]
0.5 0.5555555555555556
itercount --------> 15
[4, 6, 0]
[4, 6, 1]
[4, 6, 2]
[4, 6, 5]
[4, 6, 3]
[4, 6, 7]
[4, 6, 0, 1]
[4, 6, 0, 2]
[4, 6, 0, 5]
[4, 6, 0, 3]
[4, 6, 0, 7]
[4, 6, 0, 1, 2]
[4, 6, 0, 1, 5]
[4, 6, 0, 1, 3]
[4, 6, 0, 1, 7]
[4, 6, 0, 1, 2, 5]
[4, 6, 0, 1, 2, 3]
[4, 6, 0, 1, 2, 7]
[4, 6, 0, 1, 2, 5, 3]
[4, 6, 0, 1, 2, 5, 7]
[4, 6, 0, 1, 2, 5, 3, 7]
failed -> 15 times
after fail n ======> 6
[0, 1, 2, 6, 5, 4]
0.021739130434782608 0.03333333333333333
itercount --------> 1
[6, 4, 7]
0.03333333333333333 0.06060606060606061
itercount --------> 2
[6, 4, 0]
[6, 4, 2]
0.06060606060606061 0.06451612903225806
itercount --------> 3
[6, 4, 2]
0.06451612903225806 0.08695652173913043
itercount --------> 4
[6, 4, 0]
0.08695652173913043 0.1111111111111111
itercount --------> 5
[6, 4, 7]
[6, 4, 3]
[6, 4, 1]
0.1111111111111111 0.11764705882352941
itercount --------> 6
[6, 4, 7]
[6, 4, 3]
0.11764705882352941 0.125
itercount --------> 7
[0, 1, 2]
[0, 1, 5]
[0, 1, 3]
[0, 1, 4]
[0, 1, 6]
[0, 1, 7]
[0, 1, 2, 5]
[0, 1, 2, 3]
[0, 1, 2, 4]
0.125 0.15789473684210525
itercount --------> 8
[6, 0, 3]
[6, 0, 5]
0.15789473684210525 0.16666666666666666
itercount --------> 9
[6, 5, 3]
0.16666666666666666 0.17647058823529413
itercount --------> 10
[6, 5, 3]
0.17647058823529413 0.1875
itercount --------> 11
[6, 0, 1]
[6, 0, 2]
0.1875 0.21739130434782608
itercount --------> 12
[0, 2, 3]
[0, 2, 1]
0.21739130434782608 0.23809523809523808
itercount --------> 13
[2, 6, 4]
0.23809523809523808 0.2727272727272727
itercount --------> 14
[2, 3, 6]
0.2727272727272727 0.3181818181818182
itercount --------> 15
[3, 2, 6]
[3, 2, 7]
[3, 2, 0]
0.3181818181818182 0.3684210526315789
itercount --------> 16
[3, 6, 2]
[3, 6, 7]
[3, 6, 5]
[3, 6, 4]
[3, 6, 0]
[3, 6, 1]
[3, 6, 2, 7]
[3, 6, 2, 5]
0.3684210526315789 0.4117647058823529
itercount --------> 17
[3, 6, 7]
[3, 6, 4]
[3, 6, 5]
0.4117647058823529 0.45
itercount --------> 18
[2, 3, 6]
[2, 3, 7]
[2, 3, 0]
[2, 3, 4]
[2, 3, 1]
[2, 3, 5]
[2, 3, 6, 7]
[2, 3, 6, 0]
[2, 3, 6, 4]
0.45 0.47368421052631576
itercount --------> 19
[3, 6, 7]
[3, 6, 4]
[3, 6, 0]
[3, 6, 2]
[3, 6, 1]
[3, 6, 5]
[3, 6, 7, 4]
0.47368421052631576 0.47619047619047616
itercount --------> 20
[6, 3, 0]
[6, 3, 2]
[6, 3, 4]
0.47619047619047616 0.5
itercount --------> 21
[6, 3, 4]
[6, 3, 7]
0.5 0.5263157894736842
itercount --------> 22
[6, 4, 7]
[6, 4, 3]
0.5263157894736842 0.5789473684210527
itercount --------> 23
[3, 6, 0]
[3, 6, 2]
[3, 6, 1]
[3, 6, 4]
[3, 6, 5]
[3, 6, 7]
[3, 6, 0, 2]
[3, 6, 0, 1]
[3, 6, 0, 4]
[3, 6, 0, 5]
[3, 6, 0, 7]
0.5789473684210527 0.6111111111111112
itercount --------> 24
[0, 1, 4]
0.6111111111111112 0.6470588235294118
itercount --------> 25
[1, 5, 4]
[1, 5, 3]
[1, 5, 7]
[1, 5, 6]
[1, 5, 0]
[1, 5, 2]
0.6470588235294118 0.6875
itercount --------> 26
[3, 4, 5]
[3, 4, 7]
[3, 4, 0]
[3, 4, 1]
[3, 4, 2]
[3, 4, 6]
[3, 4, 5, 7]
[3, 4, 5, 0]
[3, 4, 5, 1]
[3, 4, 5, 2]
[3, 4, 5, 6]
[3, 4, 5, 7, 0]
[3, 4, 5, 7, 1]
[3, 4, 5, 7, 2]
[3, 4, 5, 7, 6]
[3, 4, 5, 7, 0, 1]
[3, 4, 5, 7, 0, 2]
[3, 4, 5, 7, 0, 6]
[3, 4, 5, 7, 0, 1, 2]
[3, 4, 5, 7, 0, 1, 6]
[3, 4, 5, 7, 0, 1, 2, 6]
failed -> 16 times
after fail n ======> 7
[0, 1, 2, 6, 5, 4, 7]
0.021739130434782608 0.03333333333333333
itercount --------> 1
[6, 4, 1]
0.03333333333333333 0.057692307692307696
itercount --------> 2
[1, 2, 0]
0.057692307692307696 0.09375
itercount --------> 3
[6, 2, 5]
[6, 2, 0]
0.09375 0.16666666666666666
itercount --------> 4
[5, 2, 6]
0.16666666666666666 0.22727272727272727
itercount --------> 5
[5, 6, 4]
0.22727272727272727 0.2727272727272727
itercount --------> 6
[5, 4, 6]
[5, 4, 3]
0.2727272727272727 0.3
itercount --------> 7
[5, 4, 6]
[5, 4, 7]
0.3 0.3684210526315789
itercount --------> 8
[5, 6, 7]
0.3684210526315789 0.45
itercount --------> 9
[6, 4, 3]
[6, 4, 2]
[6, 4, 7]
[6, 4, 5]
[6, 4, 0]
[6, 4, 1]
[6, 4, 3, 2]
[6, 4, 3, 7]
0.45 0.45454545454545453
itercount --------> 10
[6, 4, 2]
[6, 4, 7]
[6, 4, 5]
[6, 4, 3]
[6, 4, 0]
[6, 4, 1]
[6, 4, 2, 7]
0.45454545454545453 0.5263157894736842
itercount --------> 11
[6, 7, 3]
0.5263157894736842 0.5555555555555556
itercount --------> 12
[3, 6, 7]
0.5555555555555556 0.5789473684210527
itercount --------> 13
[3, 2, 5]
[3, 2, 6]
[3, 2, 7]
[3, 2, 4]
[3, 2, 0]
[3, 2, 1]
[3, 2, 5, 6]
[3, 2, 5, 7]
0.5789473684210527 0.8333333333333334
itercount --------> 14
[3, 4, 6]
[3, 4, 7]
[3, 4, 0]
[3, 4, 1]
[3, 4, 2]
[3, 4, 5]
[3, 4, 6, 7]
[3, 4, 6, 0]
[3, 4, 6, 1]
[3, 4, 6, 2]
[3, 4, 6, 5]
[3, 4, 6, 7, 0]
[3, 4, 6, 7, 1]
[3, 4, 6, 7, 2]
[3, 4, 6, 7, 5]
[3, 4, 6, 7, 0, 1]
[3, 4, 6, 7, 0, 2]
[3, 4, 6, 7, 0, 5]
[3, 4, 6, 7, 0, 1, 2]
[3, 4, 6, 7, 0, 1, 5]
[3, 4, 6, 7, 0, 1, 2, 5]
failed -> 17 times
after fail n ======> 8
[0, 1, 2, 6, 5, 4, 7, 3]
0.021739130434782608 0.03773584905660377
itercount --------> 1
[0, 1, 2]
0.03773584905660377 0.06060606060606061
itercount --------> 2
[6, 5, 1]
0.06060606060606061 0.11538461538461539
itercount --------> 3
[6, 3, 5]
0.11538461538461539 0.16
itercount --------> 4
[5, 0, 2]
0.16 0.2
itercount --------> 5
[5, 3, 6]
0.2 0.3181818181818182
itercount --------> 6
[6, 4, 7]
[6, 4, 3]
[6, 4, 5]
[6, 4, 0]
[6, 4, 1]
0.3181818181818182 0.391304347826087
itercount --------> 7
[5, 4, 3]
[5, 4, 6]
0.391304347826087 0.4074074074074074
itercount --------> 8
[5, 4, 0]
[5, 4, 2]
[5, 4, 3]
[5, 4, 1]
[5, 4, 6]
[5, 4, 7]
[5, 4, 0, 2]
[5, 4, 0, 3]
0.4074074074074074 0.4444444444444444
itercount --------> 9
[5, 4, 0]
[5, 4, 1]
[5, 4, 2]
[5, 4, 6]
0.4444444444444444 0.48
itercount --------> 10
[5, 4, 1]
[5, 4, 6]
[5, 4, 0]
[5, 4, 2]
0.48 0.5833333333333334
itercount --------> 11
[5, 0, 1]
[5, 0, 2]
[5, 0, 4]
[5, 0, 6]
[5, 0, 3]
[5, 0, 7]
[5, 0, 1, 2]
0.5833333333333334 0.6666666666666666
itercount --------> 12
[5, 4, 6]
[5, 4, 0]
[5, 4, 1]
0.6666666666666666 0.7368421052631579
itercount --------> 13
[0, 1, 2]
[0, 1, 5]
[0, 1, 6]
[0, 1, 7]
[0, 1, 3]
[0, 1, 4]
[0, 1, 2, 5]
[0, 1, 2, 6]
[0, 1, 2, 7]
[0, 1, 2, 3]
[0, 1, 2, 4]
[0, 1, 2, 5, 6]
[0, 1, 2, 5, 7]
[0, 1, 2, 5, 3]
[0, 1, 2, 5, 4]
[0, 1, 2, 5, 6, 7]
[0, 1, 2, 5, 6, 3]
[0, 1, 2, 5, 6, 4]
[0, 1, 2, 5, 6, 7, 3]
[0, 1, 2, 5, 6, 7, 4]
[0, 1, 2, 5, 6, 7, 3, 4]
failed -> 18 times
after fail n ======> 5
[0, 1, 2, 6, 5]
0.021739130434782608 0.03333333333333333
itercount --------> 1
[6, 5, 2]
0.03333333333333333 0.038461538461538464
itercount --------> 2
[2, 6, 4]
0.038461538461538464 0.05
itercount --------> 3
[6, 4, 7]
0.05 0.09523809523809523
itercount --------> 4
[6, 4, 7]
[6, 4, 3]
0.09523809523809523 0.10526315789473684
itercount --------> 5
[2, 6, 3]
[2, 6, 5]
[2, 6, 4]
[2, 6, 0]
0.10526315789473684 0.11764705882352941
itercount --------> 6
[0, 1, 2]
[0, 1, 5]
[0, 1, 6]
[0, 1, 4]
[0, 1, 3]
0.11764705882352941 0.125
itercount --------> 7
[0, 1, 2]
[0, 1, 5]
[0, 1, 3]
[0, 1, 4]
[0, 1, 6]
[0, 1, 7]
[0, 1, 2, 5]
[0, 1, 2, 3]
[0, 1, 2, 4]
0.125 0.16666666666666666
itercount --------> 8
[6, 5, 3]
0.16666666666666666 0.1875
itercount --------> 9
[3, 6, 0]
0.1875 0.2
itercount --------> 10
[0, 3, 2]
0.2 0.23529411764705882
itercount --------> 11
[0, 1, 2]
[0, 1, 5]
0.23529411764705882 0.25
itercount --------> 12
[0, 1, 3]
[0, 1, 6]
0.25 0.3333333333333333
itercount --------> 13
[3, 1, 0]
0.3333333333333333 0.42105263157894735
itercount --------> 14
[3, 6, 5]
[3, 6, 4]
[3, 6, 7]
[3, 6, 0]
[3, 6, 2]
[3, 6, 1]
[3, 6, 5, 4]
[3, 6, 5, 7]
[3, 6, 5, 0]
[3, 6, 5, 2]
[3, 6, 5, 1]
[3, 6, 5, 4, 7]
[3, 6, 5, 4, 0]
[3, 6, 5, 4, 2]
[3, 6, 5, 4, 1]
[3, 6, 5, 4, 7, 0]
0.42105263157894735 0.4444444444444444
itercount --------> 15
[3, 6, 4]
[3, 6, 5]
[3, 6, 7]
[3, 6, 0]
[3, 6, 1]
[3, 6, 2]
[3, 6, 4, 5]
[3, 6, 4, 7]
[3, 6, 4, 0]
[3, 6, 4, 1]
[3, 6, 4, 2]
[3, 6, 4, 5, 7]
[3, 6, 4, 5, 0]
[3, 6, 4, 5, 1]
[3, 6, 4, 5, 2]
[3, 6, 4, 5, 7, 0]
[3, 6, 4, 5, 7, 1]
[3, 6, 4, 5, 7, 2]
[3, 6, 4, 5, 7, 0, 1]
[3, 6, 4, 5, 7, 0, 2]
[3, 6, 4, 5, 7, 0, 1, 2]
failed -> 19 times
after fail n ======> 6
[0, 1, 2, 6, 5, 4]
0.021739130434782608 0.03333333333333333
itercount --------> 1
[6, 4, 0]
0.03333333333333333 0.06896551724137931
itercount --------> 2
[0, 4, 2]
0.06896551724137931 0.11538461538461539
itercount --------> 3
[4, 5, 7]
[4, 5, 0]
0.11538461538461539 0.13636363636363635
itercount --------> 4
[4, 7, 5]
0.13636363636363635 0.15384615384615385
itercount --------> 5
[1, 5, 3]
0.15384615384615385 0.1724137931034483
itercount --------> 6
[5, 1, 7]
0.1724137931034483 0.18181818181818182
itercount --------> 7
[5, 1, 0]
0.18181818181818182 0.2727272727272727
itercount --------> 8
[5, 4, 3]
[5, 4, 6]
[5, 4, 7]
[5, 4, 0]
[5, 4, 1]
0.2727272727272727 0.2916666666666667
itercount --------> 9
[1, 4, 6]
[1, 4, 7]
[1, 4, 0]
[1, 4, 2]
0.2916666666666667 0.3181818181818182
itercount --------> 10
[1, 3, 6]
0.3181818181818182 0.35
itercount --------> 11
[0, 1, 2]
[0, 1, 3]
[0, 1, 5]
[0, 1, 4]
[0, 1, 7]
0.35 0.3888888888888889
itercount --------> 12
[0, 1, 2]
[0, 1, 3]
0.3888888888888889 0.4
itercount --------> 13
[1, 7, 4]
[1, 7, 3]
[1, 7, 6]
0.4 0.43478260869565216
itercount --------> 14
[1, 3, 4]
[1, 3, 0]
[1, 3, 2]
[1, 3, 7]
0.43478260869565216 0.45
itercount --------> 15
[0, 1, 2]
[0, 1, 5]
[0, 1, 3]
0.45 0.48
itercount --------> 16
[0, 5, 1]
[0, 5, 2]
0.48 0.5
itercount --------> 17
[4, 0, 3]
[4, 0, 1]
0.5 0.5263157894736842
itercount --------> 18
[3, 4, 0]
0.5263157894736842 0.6363636363636364
itercount --------> 19
[0, 5, 6]
0.6363636363636364 0.6666666666666666
itercount --------> 20
[0, 4, 1]
0.6666666666666666 0.6818181818181818
itercount --------> 21
[0, 1, 2]
[0, 1, 3]
[0, 1, 4]
0.6818181818181818 0.7142857142857143
itercount --------> 22
[0, 1, 2]
[0, 1, 5]
[0, 1, 3]
[0, 1, 4]
[0, 1, 6]
0.7142857142857143 0.75
itercount --------> 23
[0, 1, 2]
[0, 1, 5]
[0, 1, 6]
[0, 1, 7]
[0, 1, 3]
0.75 0.8333333333333334
itercount --------> 24
[3, 4, 6]
[3, 4, 7]
[3, 4, 0]
[3, 4, 1]
[3, 4, 2]
[3, 4, 5]
[3, 4, 6, 7]
[3, 4, 6, 0]
[3, 4, 6, 1]
[3, 4, 6, 2]
[3, 4, 6, 5]
[3, 4, 6, 7, 0]
[3, 4, 6, 7, 1]
[3, 4, 6, 7, 2]
[3, 4, 6, 7, 5]
[3, 4, 6, 7, 0, 1]
[3, 4, 6, 7, 0, 2]
[3, 4, 6, 7, 0, 5]
[3, 4, 6, 7, 0, 1, 2]
[3, 4, 6, 7, 0, 1, 5]
[3, 4, 6, 7, 0, 1, 2, 5]
failed -> 20 times
after fail n ======> 7
[0, 1, 2, 6, 5, 4, 7]
0.021739130434782608 0.02631578947368421
itercount --------> 1
[0, 1, 2]
0.02631578947368421 0.038461538461538464
itercount --------> 2
[7, 3, 6]
[7, 3, 0]
0.038461538461538464 0.08695652173913043
itercount --------> 3
[0, 6, 3]
0.08695652173913043 0.10526315789473684
itercount --------> 4
[0, 6, 3]
0.10526315789473684 0.11428571428571428
itercount --------> 5
[0, 4, 1]
0.11428571428571428 0.13043478260869565
itercount --------> 6
[4, 0, 7]
[4, 0, 6]
[4, 0, 1]
0.13043478260869565 0.20512820512820512
itercount --------> 7
[0, 1, 6]
[0, 1, 2]
0.20512820512820512 0.2222222222222222
itercount --------> 8
[0, 1, 6]
0.2222222222222222 0.25806451612903225
itercount --------> 9
[0, 7, 6]
0.25806451612903225 0.2916666666666667
itercount --------> 10
[0, 7, 3]
0.2916666666666667 0.391304347826087
itercount --------> 11
[0, 5, 7]
[0, 5, 1]
0.391304347826087 0.4
itercount --------> 12
[0, 7, 6]
[0, 7, 1]
0.4 0.4444444444444444
itercount --------> 13
[7, 0, 6]
0.4444444444444444 0.5
itercount --------> 14
[0, 1, 2]
[0, 1, 5]
[0, 1, 7]
[0, 1, 3]
[0, 1, 4]
[0, 1, 6]
[0, 1, 2, 5]
[0, 1, 2, 7]
[0, 1, 2, 3]
[0, 1, 2, 4]
[0, 1, 2, 6]
[0, 1, 2, 5, 7]
0.5 0.5294117647058824
itercount --------> 15
[0, 1, 2]
[0, 1, 7]
[0, 1, 3]
[0, 1, 5]
[0, 1, 6]
[0, 1, 4]
[0, 1, 2, 7]
[0, 1, 2, 3]
[0, 1, 2, 5]
0.5294117647058824 0.5625
itercount --------> 16
[0, 1, 2]
[0, 1, 5]
[0, 1, 7]
[0, 1, 3]
[0, 1, 4]
[0, 1, 6]
[0, 1, 2, 5]
[0, 1, 2, 7]
[0, 1, 2, 3]
[0, 1, 2, 4]
[0, 1, 2, 6]
[0, 1, 2, 5, 7]
[0, 1, 2, 5, 3]
[0, 1, 2, 5, 4]
[0, 1, 2, 5, 6]
[0, 1, 2, 5, 7, 3]
[0, 1, 2, 5, 7, 4]
[0, 1, 2, 5, 7, 6]
[0, 1, 2, 5, 7, 3, 4]
[0, 1, 2, 5, 7, 3, 6]
[0, 1, 2, 5, 7, 3, 4, 6]
failed -> 21 times
after fail n ======> 8
[0, 1, 2, 6, 5, 4, 7, 3]
0.021739130434782608 0.03333333333333333
itercount --------> 1
[5, 6, 3]
[5, 6, 0]
[5, 6, 1]
[5, 6, 2]
0.03333333333333333 0.05405405405405406
itercount --------> 2
[0, 1, 2]
[0, 1, 3]
[0, 1, 7]
[0, 1, 4]
0.05405405405405406 0.05714285714285714
itercount --------> 3
[5, 4, 2]
0.05714285714285714 0.06666666666666667
itercount --------> 4
[0, 1, 3]
0.06666666666666667 0.06896551724137931
itercount --------> 5
[0, 3, 6]
0.06896551724137931 0.08823529411764706
itercount --------> 6
[2, 3, 0]
0.08823529411764706 0.13043478260869565
itercount --------> 7
[0, 3, 1]
0.13043478260869565 0.15789473684210525
itercount --------> 8
[0, 3, 4]
0.15789473684210525 0.16666666666666666
itercount --------> 9
[0, 1, 3]
[0, 1, 4]
[0, 1, 7]
[0, 1, 6]
[0, 1, 5]
[0, 1, 2]
0.16666666666666666 0.17647058823529413
itercount --------> 10
[0, 1, 3]
[0, 1, 4]
0.17647058823529413 0.375
itercount --------> 11
[0, 1, 2]
[0, 1, 3]
[0, 1, 5]
0.375 0.4117647058823529
itercount --------> 12
[3, 5, 6]
[3, 5, 7]
[3, 5, 4]
[3, 5, 0]
[3, 5, 1]
[3, 5, 2]
[3, 5, 6, 7]
0.4117647058823529 0.4444444444444444
itercount --------> 13
[3, 6, 4]
[3, 6, 5]
[3, 6, 7]
[3, 6, 0]
[3, 6, 1]
[3, 6, 2]
[3, 6, 4, 5]
[3, 6, 4, 7]
[3, 6, 4, 0]
[3, 6, 4, 1]
[3, 6, 4, 2]
[3, 6, 4, 5, 7]
0.4444444444444444 0.47058823529411764
itercount --------> 14
[3, 6, 7]
[3, 6, 4]
[3, 6, 0]
[3, 6, 1]
[3, 6, 2]
[3, 6, 5]
[3, 6, 7, 4]
[3, 6, 7, 0]
[3, 6, 7, 1]
[3, 6, 7, 2]
[3, 6, 7, 5]
[3, 6, 7, 4, 0]
[3, 6, 7, 4, 1]
[3, 6, 7, 4, 2]
[3, 6, 7, 4, 5]
[3, 6, 7, 4, 0, 1]
[3, 6, 7, 4, 0, 2]
[3, 6, 7, 4, 0, 5]
[3, 6, 7, 4, 0, 1, 2]
[3, 6, 7, 4, 0, 1, 5]
[3, 6, 7, 4, 0, 1, 2, 5]
failed -> 22 times
after fail n ======> 5
[0, 1, 2, 6, 5]
0.021739130434782608 0.045454545454545456
itercount --------> 1
[6, 7, 3]
0.045454545454545456 0.08695652173913043
itercount --------> 2
[6, 5, 4]
0.08695652173913043 0.09523809523809523
itercount --------> 3
[5, 7, 3]
0.09523809523809523 0.13636363636363635
itercount --------> 4
[5, 7, 6]
[5, 7, 3]
[5, 7, 4]
0.13636363636363635 0.15625
itercount --------> 5
[5, 0, 1]
[5, 0, 2]
0.15625 0.19047619047619047
itercount --------> 6
[5, 7, 3]
0.19047619047619047 0.21052631578947367
itercount --------> 7
[0, 1, 2]
[0, 1, 5]
[0, 1, 7]
0.21052631578947367 0.22727272727272727
itercount --------> 8
[3, 7, 6]
[3, 7, 1]
0.22727272727272727 0.2608695652173913
itercount --------> 9
[6, 7, 3]
0.2608695652173913 0.32
itercount --------> 10
[6, 1, 2]
[6, 1, 7]
0.32 0.375
itercount --------> 11
[1, 2, 0]
0.375 0.4090909090909091
itercount --------> 12
[1, 7, 5]
0.4090909090909091 0.47368421052631576
itercount --------> 13
[0, 1, 2]
[0, 1, 5]
[0, 1, 7]
[0, 1, 4]
[0, 1, 3]
0.47368421052631576 0.5
itercount --------> 14
[1, 7, 5]
[1, 7, 0]
[1, 7, 2]
0.5 0.5294117647058824
itercount --------> 15
[0, 1, 2]
[0, 1, 5]
[0, 1, 7]
[0, 1, 3]
[0, 1, 4]
[0, 1, 6]
[0, 1, 2, 5]
[0, 1, 2, 7]
[0, 1, 2, 3]
[0, 1, 2, 4]
[0, 1, 2, 6]
[0, 1, 2, 5, 7]
[0, 1, 2, 5, 3]
[0, 1, 2, 5, 4]
[0, 1, 2, 5, 6]
[0, 1, 2, 5, 7, 3]
[0, 1, 2, 5, 7, 4]
[0, 1, 2, 5, 7, 6]
0.5294117647058824 0.5555555555555556
itercount --------> 16
[4, 7, 5]
[4, 7, 6]
[4, 7, 0]
[4, 7, 1]
[4, 7, 2]
[4, 7, 3]
[4, 7, 5, 6]
[4, 7, 5, 0]
0.5555555555555556 0.5882352941176471
itercount --------> 17
[4, 7, 6]
[4, 7, 3]
[4, 7, 5]
[4, 7, 0]
[4, 7, 1]
[4, 7, 2]
[4, 7, 6, 3]
[4, 7, 6, 5]
[4, 7, 6, 0]
[4, 7, 6, 1]
[4, 7, 6, 2]
[4, 7, 6, 3, 5]
[4, 7, 6, 3, 0]
[4, 7, 6, 3, 1]
[4, 7, 6, 3, 2]
[4, 7, 6, 3, 5, 0]
[4, 7, 6, 3, 5, 1]
[4, 7, 6, 3, 5, 2]
[4, 7, 6, 3, 5, 0, 1]
[4, 7, 6, 3, 5, 0, 2]
[4, 7, 6, 3, 5, 0, 1, 2]
failed -> 23 times
after fail n ======> 6
[0, 1, 2, 6, 5, 4]
0.021739130434782608 0.02631578947368421
itercount --------> 1
[0, 6, 4]
[0, 6, 1]
0.02631578947368421 0.038461538461538464
itercount --------> 2
[6, 4, 0]
0.038461538461538464 0.05
itercount --------> 3
[6, 4, 7]
0.05 0.08695652173913043
itercount --------> 4
[4, 6, 2]
0.08695652173913043 0.1111111111111111
itercount --------> 5
[4, 6, 7]
0.1111111111111111 0.11764705882352941
itercount --------> 6
[6, 4, 7]
[6, 4, 3]
[6, 4, 5]
0.11764705882352941 0.13043478260869565
itercount --------> 7
[6, 5, 3]
0.13043478260869565 0.15
itercount --------> 8
[6, 3, 2]
0.15 0.16666666666666666
itercount --------> 9
[6, 3, 4]
[6, 3, 7]
[6, 3, 0]
0.16666666666666666 0.2
itercount --------> 10
[3, 4, 6]
[3, 4, 1]
0.2 0.20833333333333334
itercount --------> 11
[3, 4, 6]
[3, 4, 5]
0.20833333333333334 0.23529411764705882
itercount --------> 12
[0, 2, 5]
[0, 2, 3]
[0, 2, 4]
[0, 2, 1]
0.23529411764705882 0.25
itercount --------> 13
[0, 1, 2]
[0, 1, 5]
[0, 1, 3]
[0, 1, 4]
0.25 0.2631578947368421
itercount --------> 14
[3, 6, 4]
[3, 6, 1]
0.2631578947368421 0.29411764705882354
itercount --------> 15
[3, 6, 4]
[3, 6, 7]
[3, 6, 5]
0.29411764705882354 0.35294117647058826
itercount --------> 16
[3, 6, 4]
[3, 6, 7]
[3, 6, 5]
[3, 6, 0]
[3, 6, 1]
[3, 6, 2]
[3, 6, 4, 7]
[3, 6, 4, 5]
0.35294117647058826 0.36363636363636365
itercount --------> 17
[3, 6, 7]
[3, 6, 4]
[3, 6, 5]
[3, 6, 1]
[3, 6, 0]
[3, 6, 2]
[3, 6, 7, 4]
0.36363636363636365 0.391304347826087
itercount --------> 18
[6, 1, 3]
[6, 1, 4]
[6, 1, 5]
0.391304347826087 0.47368421052631576
itercount --------> 19
[6, 7, 3]
0.47368421052631576 0.5263157894736842
itercount --------> 20
[7, 4, 5]
[7, 4, 6]
[7, 4, 3]
[7, 4, 0]
[7, 4, 1]
0.5263157894736842 0.7894736842105263
itercount --------> 21
[6, 3, 4]
[6, 3, 5]
[6, 3, 7]
[6, 3, 0]
[6, 3, 1]
[6, 3, 2]
[6, 3, 4, 5]
[6, 3, 4, 7]
[6, 3, 4, 0]
[6, 3, 4, 1]
[6, 3, 4, 2]
[6, 3, 4, 5, 7]
[6, 3, 4, 5, 0]
[6, 3, 4, 5, 1]
[6, 3, 4, 5, 2]
[6, 3, 4, 5, 7, 0]
[6, 3, 4, 5, 7, 1]
0.7894736842105263 0.8333333333333334
itercount --------> 22
[3, 4, 6]
[3, 4, 7]
[3, 4, 0]
[3, 4, 1]
[3, 4, 2]
[3, 4, 5]
[3, 4, 6, 7]
[3, 4, 6, 0]
[3, 4, 6, 1]
[3, 4, 6, 2]
[3, 4, 6, 5]
[3, 4, 6, 7, 0]
[3, 4, 6, 7, 1]
[3, 4, 6, 7, 2]
[3, 4, 6, 7, 5]
[3, 4, 6, 7, 0, 1]
[3, 4, 6, 7, 0, 2]
[3, 4, 6, 7, 0, 5]
[3, 4, 6, 7, 0, 1, 2]
[3, 4, 6, 7, 0, 1, 5]
[3, 4, 6, 7, 0, 1, 2, 5]
failed -> 24 times
after fail n ======> 7
[0, 1, 2, 6, 5, 4, 7]
0.021739130434782608 0.03333333333333333
itercount --------> 1
[6, 4, 7]
0.03333333333333333 0.10526315789473684
itercount --------> 2
[1, 2, 4]
0.10526315789473684 0.21428571428571427
itercount --------> 3
[2, 5, 1]
0.21428571428571427 0.26666666666666666
itercount --------> 4
[2, 4, 0]
0.26666666666666666 0.3157894736842105
itercount --------> 5
[4, 7, 6]
[4, 7, 1]
0.3157894736842105 0.32
itercount --------> 6
[1, 2, 4]
[1, 2, 3]
0.32 0.35
itercount --------> 7
[3, 1, 2]
[3, 1, 6]
0.35 0.3888888888888889
itercount --------> 8
[1, 2, 4]
[1, 2, 3]
[1, 2, 6]
[1, 2, 7]
[1, 2, 5]
[1, 2, 0]
0.3888888888888889 0.4375
itercount --------> 9
[5, 0, 1]
[5, 0, 2]
[5, 0, 3]
[5, 0, 7]
[5, 0, 4]
[5, 0, 6]
[5, 0, 1, 2]
[5, 0, 1, 3]
[5, 0, 1, 7]
[5, 0, 1, 4]
[5, 0, 1, 6]
[5, 0, 1, 2, 3]
[5, 0, 1, 2, 7]
[5, 0, 1, 2, 4]
[5, 0, 1, 2, 6]
[5, 0, 1, 2, 3, 7]
[5, 0, 1, 2, 3, 4]
[5, 0, 1, 2, 3, 6]
[5, 0, 1, 2, 3, 7, 4]
[5, 0, 1, 2, 3, 7, 6]
[5, 0, 1, 2, 3, 7, 4, 6]
0.4375 0.4444444444444444
itercount --------> 10
[1, 2, 7]
[1, 2, 6]
0.4444444444444444 0.47058823529411764
itercount --------> 11
[0, 1, 2]
[0, 1, 5]
[0, 1, 4]
[0, 1, 3]
[0, 1, 6]
0.47058823529411764 0.5
itercount --------> 12
[6, 7, 0]
[6, 7, 1]
[6, 7, 2]
0.5 0.5238095238095238
itercount --------> 13
[2, 4, 6]
[2, 4, 0]
0.5238095238095238 0.5789473684210527
itercount --------> 14
[4, 0, 2]
[4, 0, 6]
0.5789473684210527 0.75
itercount --------> 15
[0, 2, 1]
[0, 2, 4]
0.75 0.7894736842105263
itercount --------> 16
[0, 2, 6]
[0, 2, 3]
[0, 2, 4]
[0, 2, 5]
[0, 2, 7]
[0, 2, 1]
[0, 2, 6, 3]
[0, 2, 6, 4]
[0, 2, 6, 5]
[0, 2, 6, 7]
[0, 2, 6, 1]
[0, 2, 6, 3, 4]
[0, 2, 6, 3, 5]
[0, 2, 6, 3, 7]
[0, 2, 6, 3, 1]
[0, 2, 6, 3, 4, 5]
[0, 2, 6, 3, 4, 7]
[0, 2, 6, 3, 4, 1]
[0, 2, 6, 3, 4, 5, 7]
[0, 2, 6, 3, 4, 5, 1]
[0, 2, 6, 3, 4, 5, 7, 1]
failed -> 25 times
after fail n ======> 8
[0, 1, 2, 6, 5, 4, 7, 3]
0.021739130434782608 0.03333333333333333
itercount --------> 1
[6, 4, 7]
0.03333333333333333 0.038461538461538464
itercount --------> 2
[2, 6, 5]
[2, 6, 4]
0.038461538461538464 0.08333333333333333
itercount --------> 3
[2, 7, 0]
0.08333333333333333 0.14705882352941177
itercount --------> 4
[1, 7, 5]
[1, 7, 4]
0.14705882352941177 0.15384615384615385
itercount --------> 5
[1, 7, 4]
[1, 7, 5]
0.15384615384615385 0.2222222222222222
itercount --------> 6
[7, 1, 0]
0.2222222222222222 0.23076923076923078
itercount --------> 7
[1, 7, 4]
[1, 7, 2]
0.23076923076923078 0.2608695652173913
itercount --------> 8
[4, 7, 0]
0.2608695652173913 0.2916666666666667
itercount --------> 9
[1, 7, 5]
[1, 7, 3]
[1, 7, 6]
0.2916666666666667 0.30434782608695654
itercount --------> 10
[7, 1, 4]
0.30434782608695654 0.3181818181818182
itercount --------> 11
[7, 1, 2]
0.3181818181818182 0.35
itercount --------> 12
[7, 6, 3]
0.35 0.6470588235294118
itercount --------> 13
[0, 2, 3]
[0, 2, 6]
[0, 2, 7]
[0, 2, 4]
[0, 2, 1]
0.6470588235294118 0.6875
itercount --------> 14
[4, 7, 0]
[4, 7, 1]
[4, 7, 2]
[4, 7, 3]
[4, 7, 5]
[4, 7, 6]
[4, 7, 0, 1]
[4, 7, 0, 2]
[4, 7, 0, 3]
[4, 7, 0, 5]
[4, 7, 0, 6]
[4, 7, 0, 1, 2]
[4, 7, 0, 1, 3]
[4, 7, 0, 1, 5]
[4, 7, 0, 1, 6]
[4, 7, 0, 1, 2, 3]
[4, 7, 0, 1, 2, 5]
[4, 7, 0, 1, 2, 6]
[4, 7, 0, 1, 2, 3, 5]
[4, 7, 0, 1, 2, 3, 6]
[4, 7, 0, 1, 2, 3, 5, 6]
failed -> 26 times
after fail n ======> 5
[0, 1, 2, 6, 5]
0.021739130434782608 0.03333333333333333
itercount --------> 1
[6, 4, 7]
0.03333333333333333 0.04878048780487805
itercount --------> 2
[4, 5, 0]
0.04878048780487805 0.07142857142857142
itercount --------> 3
[0, 5, 6]
0.07142857142857142 0.11904761904761904
itercount --------> 4
[0, 2, 4]
0.11904761904761904 0.16666666666666666
itercount --------> 5
[2, 0, 5]
0.16666666666666666 0.23529411764705882
itercount --------> 6
[0, 5, 3]
0.23529411764705882 0.2413793103448276
itercount --------> 7
[3, 0, 5]
[3, 0, 4]
0.2413793103448276 0.2857142857142857
itercount --------> 8
[0, 5, 4]
0.2857142857142857 0.37037037037037035
itercount --------> 9
[5, 7, 0]
[5, 7, 1]
[5, 7, 2]
[5, 7, 4]
[5, 7, 3]
[5, 7, 6]
[5, 7, 0, 1]
0.37037037037037035 0.43478260869565216
itercount --------> 10
[7, 5, 3]
0.43478260869565216 0.56
itercount --------> 11
[2, 0, 1]
0.56 0.6086956521739131
itercount --------> 12
[0, 1, 2]
[0, 1, 5]
[0, 1, 6]
[0, 1, 7]
0.6086956521739131 0.6666666666666666
itercount --------> 13
[1, 2, 5]
[1, 2, 0]
[1, 2, 4]
0.6666666666666666 0.7
itercount --------> 14
[1, 5, 0]
[1, 5, 2]
[1, 5, 4]
[1, 5, 6]
[1, 5, 7]
[1, 5, 3]
[1, 5, 0, 2]
[1, 5, 0, 4]
[1, 5, 0, 6]
[1, 5, 0, 7]
0.7 0.7368421052631579
itercount --------> 15
[5, 0, 1]
[5, 0, 2]
[5, 0, 6]
[5, 0, 7]
[5, 0, 3]
[5, 0, 4]
[5, 0, 1, 2]
[5, 0, 1, 6]
[5, 0, 1, 7]
[5, 0, 1, 3]
[5, 0, 1, 4]
[5, 0, 1, 2, 6]
[5, 0, 1, 2, 7]
[5, 0, 1, 2, 3]
[5, 0, 1, 2, 4]
[5, 0, 1, 2, 6, 7]
[5, 0, 1, 2, 6, 3]
[5, 0, 1, 2, 6, 4]
[5, 0, 1, 2, 6, 7, 3]
[5, 0, 1, 2, 6, 7, 4]
[5, 0, 1, 2, 6, 7, 3, 4]
failed -> 27 times
after fail n ======> 6
[0, 1, 2, 6, 5, 4]
0.021739130434782608 0.05405405405405406
itercount --------> 1
[4, 0, 2]
0.05405405405405406 0.08
itercount --------> 2
[4, 7, 0]
0.08 0.13043478260869565
itercount --------> 3
[4, 7, 0]
[4, 7, 5]
[4, 7, 6]
[4, 7, 3]
[4, 7, 1]
0.13043478260869565 0.13636363636363635
itercount --------> 4
[7, 4, 0]
0.13636363636363635 0.15789473684210525
itercount --------> 5
[4, 7, 6]
[4, 7, 1]
[4, 7, 5]
0.15789473684210525 0.19047619047619047
itercount --------> 6
[4, 6, 7]
[4, 6, 5]
[4, 6, 0]
[4, 6, 1]
[4, 6, 3]
[4, 6, 2]
[4, 6, 7, 5]
[4, 6, 7, 0]
0.19047619047619047 0.21052631578947367
itercount --------> 7
[1, 4, 5]
[1, 4, 3]
0.21052631578947367 0.2222222222222222
itercount --------> 8
[4, 5, 3]
[4, 5, 6]
[4, 5, 7]
[4, 5, 1]
[4, 5, 0]
0.2222222222222222 0.23529411764705882
itercount --------> 9
[1, 4, 5]
[1, 4, 3]
[1, 4, 6]
[1, 4, 7]
[1, 4, 0]
0.23529411764705882 0.25
itercount --------> 10
[0, 1, 2]
[0, 1, 4]
[0, 1, 5]
[0, 1, 7]
[0, 1, 3]
[0, 1, 6]
[0, 1, 2, 4]
[0, 1, 2, 5]
[0, 1, 2, 7]
[0, 1, 2, 3]
[0, 1, 2, 6]
[0, 1, 2, 4, 5]
[0, 1, 2, 4, 7]
[0, 1, 2, 4, 3]
[0, 1, 2, 4, 6]
[0, 1, 2, 4, 5, 7]
[0, 1, 2, 4, 5, 3]
[0, 1, 2, 4, 5, 6]
[0, 1, 2, 4, 5, 7, 3]
0.25 0.29411764705882354
itercount --------> 11
[4, 0, 1]
[4, 0, 5]
[4, 0, 7]
[4, 0, 2]
0.29411764705882354 0.3125
itercount --------> 12
[4, 0, 1]
[4, 0, 2]
[4, 0, 5]
[4, 0, 7]
[4, 0, 3]
[4, 0, 6]
[4, 0, 1, 2]
[4, 0, 1, 5]
[4, 0, 1, 7]
[4, 0, 1, 3]
[4, 0, 1, 6]
[4, 0, 1, 2, 5]
[4, 0, 1, 2, 7]
[4, 0, 1, 2, 3]
[4, 0, 1, 2, 6]
[4, 0, 1, 2, 5, 7]
[4, 0, 1, 2, 5, 3]
[4, 0, 1, 2, 5, 6]
[4, 0, 1, 2, 5, 7, 3]
[4, 0, 1, 2, 5, 7, 6]
[4, 0, 1, 2, 5, 7, 3, 6]
0.3125 0.375
itercount --------> 13
[0, 1, 2]
[0, 1, 4]
[0, 1, 5]
[0, 1, 7]
[0, 1, 6]
[0, 1, 3]
[0, 1, 2, 4]
[0, 1, 2, 5]
[0, 1, 2, 7]
[0, 1, 2, 6]
[0, 1, 2, 3]
[0, 1, 2, 4, 5]
[0, 1, 2, 4, 7]
[0, 1, 2, 4, 6]
[0, 1, 2, 4, 3]
[0, 1, 2, 4, 5, 7]
[0, 1, 2, 4, 5, 6]
[0, 1, 2, 4, 5, 3]
[0, 1, 2, 4, 5, 7, 6]
0.375 0.4117647058823529
itercount --------> 14
[4, 7, 3]
[4, 7, 6]
[4, 7, 5]
[4, 7, 0]
[4, 7, 1]
[4, 7, 2]
[4, 7, 3, 6]
[4, 7, 3, 5]
[4, 7, 3, 0]
[4, 7, 3, 1]
[4, 7, 3, 2]
[4, 7, 3, 6, 5]
[4, 7, 3, 6, 0]
[4, 7, 3, 6, 1]
[4, 7, 3, 6, 2]
[4, 7, 3, 6, 5, 0]
[4, 7, 3, 6, 5, 1]
[4, 7, 3, 6, 5, 2]
[4, 7, 3, 6, 5, 0, 1]
[4, 7, 3, 6, 5, 0, 2]
[4, 7, 3, 6, 5, 0, 1, 2]
failed -> 28 times
after fail n ======> 7
[0, 1, 2, 6, 5, 4, 7]
0.021739130434782608 0.03773584905660377
itercount --------> 1
[0, 1, 2]
0.03773584905660377 0.08695652173913043
itercount --------> 2
[6, 4, 5]
[6, 4, 7]
0.08695652173913043 0.18181818181818182
itercount --------> 3
[5, 0, 1]
0.18181818181818182 0.2916666666666667
itercount --------> 4
[5, 4, 7]
[5, 4, 6]
[5, 4, 3]
[5, 4, 0]
[5, 4, 1]
[5, 4, 2]
[5, 4, 7, 6]
0.2916666666666667 0.34782608695652173
itercount --------> 5
[6, 5, 4]
[6, 5, 7]
[6, 5, 3]
[6, 5, 0]
0.34782608695652173 0.38095238095238093
itercount --------> 6
[6, 7, 4]
[6, 7, 0]
0.38095238095238093 0.5263157894736842
itercount --------> 7
[7, 6, 4]
[7, 6, 3]
[7, 6, 0]
[7, 6, 1]
[7, 6, 2]
[7, 6, 5]
[7, 6, 4, 3]
[7, 6, 4, 0]
0.5263157894736842 0.5789473684210527
itercount --------> 8
[0, 1, 2]
[0, 1, 5]
[0, 1, 6]
[0, 1, 7]
0.5789473684210527 0.6111111111111112
itercount --------> 9
[0, 1, 2]
[0, 1, 5]
[0, 1, 7]
[0, 1, 4]
[0, 1, 6]
0.6111111111111112 0.6470588235294118
itercount --------> 10
[0, 1, 2]
[0, 1, 5]
[0, 1, 7]
[0, 1, 3]
[0, 1, 4]
[0, 1, 6]
[0, 1, 2, 5]
[0, 1, 2, 7]
[0, 1, 2, 3]
[0, 1, 2, 4]
[0, 1, 2, 6]
[0, 1, 2, 5, 7]
[0, 1, 2, 5, 3]
[0, 1, 2, 5, 4]
[0, 1, 2, 5, 6]
[0, 1, 2, 5, 7, 3]
[0, 1, 2, 5, 7, 4]
[0, 1, 2, 5, 7, 6]
[0, 1, 2, 5, 7, 3, 4]
[0, 1, 2, 5, 7, 3, 6]
[0, 1, 2, 5, 7, 3, 4, 6]
failed -> 29 times
after fail n ======> 8
[0, 1, 2, 6, 5, 4, 7, 3]
0.021739130434782608 0.03773584905660377
itercount --------> 1
[0, 1, 2]
0.03773584905660377 0.06060606060606061
itercount --------> 2
[5, 6, 4]
0.06060606060606061 0.10294117647058823
itercount --------> 3
[5, 2, 0]
0.10294117647058823 0.13725490196078433
itercount --------> 4
[5, 0, 1]
[5, 0, 6]
0.13725490196078433 0.18421052631578946
itercount --------> 5
[5, 2, 0]
0.18421052631578946 0.30434782608695654
itercount --------> 6
[5, 6, 7]
0.30434782608695654 0.35
itercount --------> 7
[3, 4, 6]
[3, 4, 7]
0.35 0.4090909090909091
itercount --------> 8
[0, 1, 2]
[0, 1, 4]
[0, 1, 6]
[0, 1, 5]
[0, 1, 3]
[0, 1, 7]
[0, 1, 2, 4]
[0, 1, 2, 6]
[0, 1, 2, 5]
[0, 1, 2, 3]
[0, 1, 2, 7]
[0, 1, 2, 4, 6]
[0, 1, 2, 4, 5]
[0, 1, 2, 4, 3]
0.4090909090909091 0.55
itercount --------> 9
[6, 5, 4]
[6, 5, 7]
[6, 5, 3]
[6, 5, 0]
[6, 5, 1]
[6, 5, 2]
[6, 5, 4, 7]
[6, 5, 4, 3]
[6, 5, 4, 0]
[6, 5, 4, 1]
[6, 5, 4, 2]
[6, 5, 4, 7, 3]
[6, 5, 4, 7, 0]
0.55 0.5714285714285714
itercount --------> 10
[6, 4, 3]
[6, 4, 5]
[6, 4, 7]
[6, 4, 0]
[6, 4, 1]
[6, 4, 2]
[6, 4, 3, 5]
[6, 4, 3, 7]
[6, 4, 3, 0]
[6, 4, 3, 1]
[6, 4, 3, 2]
[6, 4, 3, 5, 7]
[6, 4, 3, 5, 0]
0.5714285714285714 0.6111111111111112
itercount --------> 11
[6, 4, 7]
[6, 4, 3]
[6, 4, 5]
[6, 4, 0]
[6, 4, 1]
[6, 4, 2]
[6, 4, 7, 3]
[6, 4, 7, 5]
[6, 4, 7, 0]
[6, 4, 7, 1]
[6, 4, 7, 2]
[6, 4, 7, 3, 5]
[6, 4, 7, 3, 0]
[6, 4, 7, 3, 1]
[6, 4, 7, 3, 2]
[6, 4, 7, 3, 5, 0]
[6, 4, 7, 3, 5, 1]
[6, 4, 7, 3, 5, 2]
[6, 4, 7, 3, 5, 0, 1]
[6, 4, 7, 3, 5, 0, 2]
[6, 4, 7, 3, 5, 0, 1, 2]
failed -> 30 times
after fail n ======> 5
[0, 1, 2, 6, 5]
0.021739130434782608 0.027777777777777776
itercount --------> 1
[1, 6, 2]
0.027777777777777776 0.05555555555555555
itercount --------> 2
[6, 4, 7]
0.05555555555555555 0.1111111111111111
itercount --------> 3
[6, 4, 7]
0.1111111111111111 0.15
itercount --------> 4
[6, 4, 5]
0.15 0.2
itercount --------> 5
[6, 5, 7]
0.2 0.20689655172413793
itercount --------> 6
[6, 2, 5]
0.20689655172413793 0.24390243902439024
itercount --------> 7
[2, 6, 0]
0.24390243902439024 0.27586206896551724
itercount --------> 8
[2, 0, 6]
0.27586206896551724 0.45454545454545453
itercount --------> 9
[6, 4, 0]
[6, 4, 2]
[6, 4, 7]
[6, 4, 1]
[6, 4, 3]
[6, 4, 5]
[6, 4, 0, 2]
[6, 4, 0, 7]
[6, 4, 0, 1]
[6, 4, 0, 3]
[6, 4, 0, 5]
[6, 4, 0, 2, 7]
0.45454545454545453 0.5263157894736842
itercount --------> 10
[6, 7, 3]
0.5263157894736842 0.5555555555555556
itercount --------> 11
[3, 4, 6]
0.5555555555555556 0.5789473684210527
itercount --------> 12
[3, 0, 2]
[3, 0, 4]
[3, 0, 5]
[3, 0, 7]
[3, 0, 6]
[3, 0, 1]
[3, 0, 2, 4]
0.5789473684210527 0.8333333333333334
itercount --------> 13
[3, 4, 6]
[3, 4, 7]
[3, 4, 0]
[3, 4, 1]
[3, 4, 2]
[3, 4, 5]
[3, 4, 6, 7]
[3, 4, 6, 0]
[3, 4, 6, 1]
[3, 4, 6, 2]
[3, 4, 6, 5]
[3, 4, 6, 7, 0]
[3, 4, 6, 7, 1]
[3, 4, 6, 7, 2]
[3, 4, 6, 7, 5]
[3, 4, 6, 7, 0, 1]
[3, 4, 6, 7, 0, 2]
[3, 4, 6, 7, 0, 5]
[3, 4, 6, 7, 0, 1, 2]
[3, 4, 6, 7, 0, 1, 5]
[3, 4, 6, 7, 0, 1, 2, 5]
failed -> 31 times
after fail n ======> 6
[0, 1, 2, 6, 5, 4]
0.021739130434782608 0.045454545454545456
itercount --------> 1
[6, 4, 7]
0.045454545454545456 0.08
itercount --------> 2
[4, 6, 5]
0.08 0.08695652173913043
itercount --------> 3
[4, 6, 5]
[4, 6, 2]
0.08695652173913043 0.09090909090909091
itercount --------> 4
[4, 6, 5]
0.09090909090909091 0.1
itercount --------> 5
[4, 6, 5]
[4, 6, 3]
0.1 0.10526315789473684
itercount --------> 6
[4, 6, 7]
[4, 6, 5]
[4, 6, 2]
0.10526315789473684 0.1111111111111111
itercount --------> 7
[4, 6, 5]
[4, 6, 3]
[4, 6, 7]
[4, 6, 0]
[4, 6, 1]
[4, 6, 2]
[4, 6, 5, 3]
0.1111111111111111 0.1875
itercount --------> 8
[3, 4, 0]
[3, 4, 1]
[3, 4, 2]
[3, 4, 5]
[3, 4, 7]
[3, 4, 6]
[3, 4, 0, 1]
[3, 4, 0, 2]
[3, 4, 0, 5]
[3, 4, 0, 7]
[3, 4, 0, 6]
[3, 4, 0, 1, 2]
[3, 4, 0, 1, 5]
[3, 4, 0, 1, 7]
[3, 4, 0, 1, 6]
[3, 4, 0, 1, 2, 5]
[3, 4, 0, 1, 2, 7]
[3, 4, 0, 1, 2, 6]
[3, 4, 0, 1, 2, 5, 7]
[3, 4, 0, 1, 2, 5, 6]
[3, 4, 0, 1, 2, 5, 7, 6]
failed -> 32 times
after fail n ======> 7
[0, 1, 2, 6, 5, 4, 7]
0.021739130434782608 0.023809523809523808
itercount --------> 1
[2, 0, 1]
0.023809523809523808 0.05714285714285714
itercount --------> 2
[6, 0, 2]
0.05714285714285714 0.06666666666666667
itercount --------> 3
[0, 5, 4]
0.06666666666666667 0.11428571428571428
itercount --------> 4
[2, 4, 0]
0.11428571428571428 0.15625
itercount --------> 5
[4, 2, 5]
0.15625 0.17857142857142858
itercount --------> 6
[4, 5, 2]
0.17857142857142858 0.18181818181818182
itercount --------> 7
[4, 5, 7]
0.18181818181818182 0.20833333333333334
itercount --------> 8
[4, 5, 7]
[4, 5, 3]
[4, 5, 2]
[4, 5, 6]
[4, 5, 0]
[4, 5, 1]
0.20833333333333334 0.21052631578947367
itercount --------> 9
[4, 7, 6]
0.21052631578947367 0.2222222222222222
itercount --------> 10
[1, 2, 5]
[1, 2, 4]
0.2222222222222222 0.25
itercount --------> 11
[0, 1, 2]
[0, 1, 4]
[0, 1, 5]
[0, 1, 7]
[0, 1, 3]
[0, 1, 6]
[0, 1, 2, 4]
[0, 1, 2, 5]
[0, 1, 2, 7]
[0, 1, 2, 3]
[0, 1, 2, 6]
[0, 1, 2, 4, 5]
[0, 1, 2, 4, 7]
[0, 1, 2, 4, 3]
[0, 1, 2, 4, 6]
[0, 1, 2, 4, 5, 7]
[0, 1, 2, 4, 5, 3]
[0, 1, 2, 4, 5, 6]
[0, 1, 2, 4, 5, 7, 3]
0.25 0.3125
itercount --------> 12
[4, 0, 1]
[4, 0, 2]
[4, 0, 5]
[4, 0, 7]
[4, 0, 3]
[4, 0, 6]
[4, 0, 1, 2]
[4, 0, 1, 5]
[4, 0, 1, 7]
[4, 0, 1, 3]
[4, 0, 1, 6]
[4, 0, 1, 2, 5]
[4, 0, 1, 2, 7]
[4, 0, 1, 2, 3]
[4, 0, 1, 2, 6]
[4, 0, 1, 2, 5, 7]
[4, 0, 1, 2, 5, 3]
[4, 0, 1, 2, 5, 6]
[4, 0, 1, 2, 5, 7, 3]
0.3125 0.375
itercount --------> 13
[0, 1, 2]
[0, 1, 4]
0.375 0.38095238095238093
itercount --------> 14
[0, 4, 6]
[0, 4, 2]
[0, 4, 5]
0.38095238095238093 0.42105263157894735
itercount --------> 15
[0, 4, 2]
[0, 4, 5]
[0, 4, 6]
0.42105263157894735 0.6666666666666666
itercount --------> 16
[5, 0, 1]
[5, 0, 2]
[5, 0, 4]
[5, 0, 6]
[5, 0, 7]
[5, 0, 3]
[5, 0, 1, 2]
0.6666666666666666 0.6818181818181818
itercount --------> 17
[2, 0, 1]
[2, 0, 5]
[2, 0, 4]
[2, 0, 6]
[2, 0, 3]
0.6818181818181818 0.75
itercount --------> 18
[0, 1, 2]
[0, 1, 5]
[0, 1, 3]
[0, 1, 4]
[0, 1, 6]
[0, 1, 7]
[0, 1, 2, 5]
[0, 1, 2, 3]
[0, 1, 2, 4]
0.75 0.7894736842105263
itercount --------> 19
[0, 2, 3]
[0, 2, 4]
[0, 2, 6]
[0, 2, 7]
[0, 2, 1]
[0, 2, 5]
[0, 2, 3, 4]
[0, 2, 3, 6]
[0, 2, 3, 7]
[0, 2, 3, 1]
[0, 2, 3, 5]
[0, 2, 3, 4, 6]
[0, 2, 3, 4, 7]
[0, 2, 3, 4, 1]
[0, 2, 3, 4, 5]
[0, 2, 3, 4, 6, 7]
[0, 2, 3, 4, 6, 1]
[0, 2, 3, 4, 6, 5]
[0, 2, 3, 4, 6, 7, 1]
[0, 2, 3, 4, 6, 7, 5]
[0, 2, 3, 4, 6, 7, 1, 5]
failed -> 33 times
after fail n ======> 8
[0, 1, 2, 6, 5, 4, 7, 3]
0.021739130434782608 0.03333333333333333
itercount --------> 1
[6, 4, 1]
0.03333333333333333 0.045454545454545456
itercount --------> 2
[6, 4, 7]
0.045454545454545456 0.08695652173913043
itercount --------> 3
[6, 4, 2]
0.08695652173913043 0.13043478260869565
itercount --------> 4
[6, 4, 2]
0.13043478260869565 0.19230769230769232
itercount --------> 5
[6, 5, 7]
[6, 5, 4]
[6, 5, 3]
0.19230769230769232 0.21052631578947367
itercount --------> 6
[6, 3, 5]
[6, 3, 0]
[6, 3, 1]
[6, 3, 2]
[6, 3, 4]
[6, 3, 7]
[6, 3, 5, 0]
0.21052631578947367 0.23076923076923078
itercount --------> 7
[6, 0, 5]
0.23076923076923078 0.2857142857142857
itercount --------> 8
[6, 0, 7]
[6, 0, 4]
[6, 0, 3]
[6, 0, 1]
0.2857142857142857 0.3
itercount --------> 9
[6, 7, 4]
[6, 7, 3]
[6, 7, 0]
[6, 7, 1]
[6, 7, 2]
[6, 7, 5]
[6, 7, 4, 3]
[6, 7, 4, 0]
0.3 0.3333333333333333
itercount --------> 10
[6, 7, 3]
[6, 7, 4]
[6, 7, 5]
[6, 7, 0]
[6, 7, 1]
[6, 7, 2]
[6, 7, 3, 4]
[6, 7, 3, 5]
[6, 7, 3, 0]
[6, 7, 3, 1]
[6, 7, 3, 2]
[6, 7, 3, 4, 5]
[6, 7, 3, 4, 0]
[6, 7, 3, 4, 1]
[6, 7, 3, 4, 2]
[6, 7, 3, 4, 5, 0]
[6, 7, 3, 4, 5, 1]
[6, 7, 3, 4, 5, 2]
[6, 7, 3, 4, 5, 0, 1]
[6, 7, 3, 4, 5, 0, 2]
[6, 7, 3, 4, 5, 0, 1, 2]
failed -> 34 times
after fail n ======> 5
[0, 1, 2, 6, 5]
0.021739130434782608 0.045454545454545456
itercount --------> 1
[6, 4, 7]
0.045454545454545456 0.08695652173913043
itercount --------> 2
[6, 4, 1]
[6, 4, 7]
[6, 4, 3]
0.08695652173913043 0.09523809523809523
itercount --------> 3
[6, 4, 1]
[6, 4, 3]
0.09523809523809523 0.11428571428571428
itercount --------> 4
[6, 1, 0]
0.11428571428571428 0.17391304347826086
itercount --------> 5
[6, 7, 3]
[6, 7, 4]
[6, 7, 5]
[6, 7, 0]
[6, 7, 1]
[6, 7, 2]
0.17391304347826086 0.2
itercount --------> 6
[6, 7, 3]
0.2 0.2857142857142857
itercount --------> 7
[6, 7, 3]
[6, 7, 4]
[6, 7, 5]
[6, 7, 0]
[6, 7, 1]
[6, 7, 2]
0.2857142857142857 0.3
itercount --------> 8
[6, 7, 3]
[6, 7, 4]
[6, 7, 5]
[6, 7, 0]
[6, 7, 1]
[6, 7, 2]
[6, 7, 3, 4]
[6, 7, 3, 5]
[6, 7, 3, 0]
[6, 7, 3, 1]
[6, 7, 3, 2]
[6, 7, 3, 4, 5]
[6, 7, 3, 4, 0]
[6, 7, 3, 4, 1]
[6, 7, 3, 4, 2]
[6, 7, 3, 4, 5, 0]
0.3 0.3157894736842105
itercount --------> 9
[6, 7, 3]
[6, 7, 4]
[6, 7, 5]
[6, 7, 0]
[6, 7, 1]
[6, 7, 2]
[6, 7, 3, 4]
[6, 7, 3, 5]
[6, 7, 3, 0]
[6, 7, 3, 1]
[6, 7, 3, 2]
[6, 7, 3, 4, 5]
[6, 7, 3, 4, 0]
0.3157894736842105 0.3333333333333333
itercount --------> 10
[6, 7, 3]
[6, 7, 4]
[6, 7, 5]
[6, 7, 0]
[6, 7, 1]
[6, 7, 2]
[6, 7, 3, 4]
[6, 7, 3, 5]
[6, 7, 3, 0]
[6, 7, 3, 1]
[6, 7, 3, 2]
[6, 7, 3, 4, 5]
[6, 7, 3, 4, 0]
[6, 7, 3, 4, 1]
[6, 7, 3, 4, 2]
[6, 7, 3, 4, 5, 0]
[6, 7, 3, 4, 5, 1]
[6, 7, 3, 4, 5, 2]
0.3333333333333333 0.36
itercount --------> 11
[6, 4, 1]
[6, 4, 5]
[6, 4, 7]
[6, 4, 2]
[6, 4, 3]
[6, 4, 0]
[6, 4, 1, 5]
0.36 0.47619047619047616
itercount --------> 12
[6, 5, 4]
[6, 5, 3]
[6, 5, 7]
[6, 5, 2]
[6, 5, 0]
[6, 5, 1]
[6, 5, 4, 3]
[6, 5, 4, 7]
[6, 5, 4, 2]
[6, 5, 4, 0]
[6, 5, 4, 1]
[6, 5, 4, 3, 7]
[6, 5, 4, 3, 2]
[6, 5, 4, 3, 0]
[6, 5, 4, 3, 1]
[6, 5, 4, 3, 7, 2]
[6, 5, 4, 3, 7, 0]
[6, 5, 4, 3, 7, 1]
[6, 5, 4, 3, 7, 2, 0]
0.47619047619047616 0.5263157894736842
itercount --------> 13
[6, 4, 3]
[6, 4, 7]
[6, 4, 5]
[6, 4, 0]
[6, 4, 1]
[6, 4, 2]
[6, 4, 3, 7]
[6, 4, 3, 5]
[6, 4, 3, 0]
[6, 4, 3, 1]
[6, 4, 3, 2]
[6, 4, 3, 7, 5]
[6, 4, 3, 7, 0]
[6, 4, 3, 7, 1]
[6, 4, 3, 7, 2]
[6, 4, 3, 7, 5, 0]
[6, 4, 3, 7, 5, 1]
[6, 4, 3, 7, 5, 2]
0.5263157894736842 0.5555555555555556
itercount --------> 14
[6, 4, 7]
[6, 4, 3]
[6, 4, 5]
[6, 4, 0]
[6, 4, 1]
[6, 4, 2]
[6, 4, 7, 3]
[6, 4, 7, 5]
[6, 4, 7, 0]
[6, 4, 7, 1]
[6, 4, 7, 2]
[6, 4, 7, 3, 5]
[6, 4, 7, 3, 0]
0.5555555555555556 0.5789473684210527
itercount --------> 15
[4, 5, 6]
[4, 5, 0]
[4, 5, 2]
[4, 5, 7]
[4, 5, 1]
[4, 5, 3]
[4, 5, 6, 0]
0.5789473684210527 0.6666666666666666
itercount --------> 16
[5, 0, 2]
[5, 0, 1]
0.6666666666666666 0.7368421052631579
itercount --------> 17
[5, 0, 1]
[5, 0, 2]
[5, 0, 4]
[5, 0, 6]
[5, 0, 7]
[5, 0, 3]
[5, 0, 1, 2]
[5, 0, 1, 4]
[5, 0, 1, 6]
[5, 0, 1, 7]
0.7368421052631579 0.7777777777777778
itercount --------> 18
[5, 6, 7]
[5, 6, 3]
[5, 6, 4]
[5, 6, 0]
[5, 6, 1]
[5, 6, 2]
[5, 6, 7, 3]
[5, 6, 7, 4]
[5, 6, 7, 0]
[5, 6, 7, 1]
[5, 6, 7, 2]
[5, 6, 7, 3, 4]
[5, 6, 7, 3, 0]
[5, 6, 7, 3, 1]
[5, 6, 7, 3, 2]
[5, 6, 7, 3, 4, 0]
[5, 6, 7, 3, 4, 1]
[5, 6, 7, 3, 4, 2]
[5, 6, 7, 3, 4, 0, 1]
[5, 6, 7, 3, 4, 0, 2]
[5, 6, 7, 3, 4, 0, 1, 2]
failed -> 35 times
after fail n ======> 6
[0, 1, 2, 6, 5, 4]
0.021739130434782608 0.05555555555555555
itercount --------> 1
[0, 1, 2]
[0, 1, 5]
0.05555555555555555 0.08620689655172414
itercount --------> 2
[1, 2, 5]
0.08620689655172414 0.20833333333333334
itercount --------> 3
[0, 6, 4]
0.20833333333333334 0.23076923076923078
itercount --------> 4
[0, 4, 6]
0.23076923076923078 0.25
itercount --------> 5
[0, 5, 6]
[0, 5, 7]
[0, 5, 4]
0.25 0.26666666666666666
itercount --------> 6
[0, 5, 4]
[0, 5, 6]
0.26666666666666666 0.2727272727272727
itercount --------> 7
[5, 6, 0]
[5, 6, 1]
[5, 6, 2]
[5, 6, 3]
[5, 6, 7]
[5, 6, 4]
[5, 6, 0, 1]
0.2727272727272727 0.27586206896551724
itercount --------> 8
[1, 5, 6]
[1, 5, 4]
0.27586206896551724 0.3
itercount --------> 9
[5, 1, 4]
0.3 0.36363636363636365
itercount --------> 10
[5, 1, 0]
0.36363636363636365 0.42105263157894735
itercount --------> 11
[1, 2, 5]
[1, 2, 6]
[1, 2, 3]
[1, 2, 0]
0.42105263157894735 0.47058823529411764
itercount --------> 12
[0, 1, 2]
[0, 1, 5]
[0, 1, 4]
[0, 1, 3]
[0, 1, 6]
[0, 1, 7]
[0, 1, 2, 5]
[0, 1, 2, 4]
[0, 1, 2, 3]
0.47058823529411764 0.5
itercount --------> 13
[5, 0, 1]
[5, 0, 2]
[5, 0, 7]
[5, 0, 3]
[5, 0, 4]
[5, 0, 6]
[5, 0, 1, 2]
[5, 0, 1, 7]
[5, 0, 1, 3]
[5, 0, 1, 4]
[5, 0, 1, 6]
[5, 0, 1, 2, 7]
[5, 0, 1, 2, 3]
[5, 0, 1, 2, 4]
[5, 0, 1, 2, 6]
[5, 0, 1, 2, 7, 3]
[5, 0, 1, 2, 7, 4]
[5, 0, 1, 2, 7, 6]
[5, 0, 1, 2, 7, 3, 4]
0.5 0.5882352941176471
itercount --------> 14
[3, 6, 4]
[3, 6, 7]
[3, 6, 5]
0.5882352941176471 0.625
itercount --------> 15
[3, 5, 7]
[3, 5, 4]
[3, 5, 0]
[3, 5, 1]
[3, 5, 2]
[3, 5, 6]
[3, 5, 7, 4]
0.625 0.7058823529411765
itercount --------> 16
[0, 1, 2]
[0, 1, 3]
[0, 1, 5]
[0, 1, 4]
[0, 1, 7]
[0, 1, 6]
[0, 1, 2, 3]
[0, 1, 2, 5]
[0, 1, 2, 4]
[0, 1, 2, 7]
0.7058823529411765 0.75
itercount --------> 17
[3, 0, 1]
[3, 0, 2]
[3, 0, 4]
[3, 0, 5]
[3, 0, 7]
[3, 0, 6]
[3, 0, 1, 2]
[3, 0, 1, 4]
[3, 0, 1, 5]
[3, 0, 1, 7]
[3, 0, 1, 6]
[3, 0, 1, 2, 4]
[3, 0, 1, 2, 5]
[3, 0, 1, 2, 7]
[3, 0, 1, 2, 6]
[3, 0, 1, 2, 4, 5]
[3, 0, 1, 2, 4, 7]
[3, 0, 1, 2, 4, 6]
[3, 0, 1, 2, 4, 5, 7]
[3, 0, 1, 2, 4, 5, 6]
[3, 0, 1, 2, 4, 5, 7, 6]
failed -> 36 times
after fail n ======> 7
[0, 1, 2, 6, 5, 4, 7]
0.021739130434782608 0.03333333333333333
itercount --------> 1
[2, 6, 4]
0.03333333333333333 0.04878048780487805
itercount --------> 2
[2, 0, 1]
0.04878048780487805 0.07407407407407407
itercount --------> 3
[6, 1, 5]
0.07407407407407407 0.1
itercount --------> 4
[6, 5, 7]
0.1 0.125
itercount --------> 5
[6, 5, 7]
0.125 0.15789473684210525
itercount --------> 6
[7, 5, 3]
0.15789473684210525 0.21739130434782608
itercount --------> 7
[5, 7, 6]
0.21739130434782608 0.24
itercount --------> 8
[5, 4, 7]
[5, 4, 1]
0.24 0.3684210526315789
itercount --------> 9
[5, 6, 7]
[5, 6, 3]
[5, 6, 4]
[5, 6, 0]
0.3684210526315789 0.4375
itercount --------> 10
[0, 1, 2]
[0, 1, 5]
[0, 1, 4]
[0, 1, 7]
[0, 1, 3]
[0, 1, 6]
[0, 1, 2, 5]
[0, 1, 2, 4]
[0, 1, 2, 7]
[0, 1, 2, 3]
[0, 1, 2, 6]
[0, 1, 2, 5, 4]
[0, 1, 2, 5, 7]
[0, 1, 2, 5, 3]
[0, 1, 2, 5, 6]
[0, 1, 2, 5, 4, 7]
[0, 1, 2, 5, 4, 3]
0.4375 0.47058823529411764
itercount --------> 11
[6, 3, 4]
[6, 3, 7]
[6, 3, 5]
[6, 3, 0]
[6, 3, 1]
[6, 3, 2]
[6, 3, 4, 7]
[6, 3, 4, 5]
[6, 3, 4, 0]
[6, 3, 4, 1]
[6, 3, 4, 2]
[6, 3, 4, 7, 5]
[6, 3, 4, 7, 0]
[6, 3, 4, 7, 1]
[6, 3, 4, 7, 2]
[6, 3, 4, 7, 5, 0]
[6, 3, 4, 7, 5, 1]
[6, 3, 4, 7, 5, 2]
[6, 3, 4, 7, 5, 0, 1]
[6, 3, 4, 7, 5, 0, 2]
[6, 3, 4, 7, 5, 0, 1, 2]
failed -> 37 times
after fail n ======> 8
[0, 1, 2, 6, 5, 4, 7, 3]
0.021739130434782608 0.023809523809523808
itercount --------> 1
[2, 0, 1]
0.023809523809523808 0.03571428571428571
itercount --------> 2
[2, 7, 6]
[2, 7, 4]
0.03571428571428571 0.038461538461538464
itercount --------> 3
[6, 4, 2]
0.038461538461538464 0.045454545454545456
itercount --------> 4
[6, 4, 7]
0.045454545454545456 0.08
itercount --------> 5
[4, 5, 6]
0.08 0.10714285714285714
itercount --------> 6
[5, 7, 2]
[5, 7, 4]
0.10714285714285714 0.20588235294117646
itercount --------> 7
[5, 0, 1]
0.20588235294117646 0.25
itercount --------> 8
[0, 4, 6]
[0, 4, 7]
[0, 4, 5]
0.25 0.4
itercount --------> 9
[0, 1, 6]
0.4 0.5
itercount --------> 10
[0, 5, 1]
[0, 5, 2]
[0, 5, 4]
[0, 5, 6]
[0, 5, 7]
0.5 0.5238095238095238
itercount --------> 11
[0, 5, 2]
0.5238095238095238 0.5789473684210527
itercount --------> 12
[5, 0, 1]
[5, 0, 4]
[5, 0, 3]
[5, 0, 6]
[5, 0, 2]
[5, 0, 7]
0.5789473684210527 0.6111111111111112
itercount --------> 13
[5, 7, 0]
[5, 7, 1]
[5, 7, 2]
[5, 7, 3]
[5, 7, 4]
[5, 7, 6]
[5, 7, 0, 1]
[5, 7, 0, 2]
[5, 7, 0, 3]
[5, 7, 0, 4]
[5, 7, 0, 6]
[5, 7, 0, 1, 2]
[5, 7, 0, 1, 3]
[5, 7, 0, 1, 4]
[5, 7, 0, 1, 6]
0.6111111111111112 0.6470588235294118
itercount --------> 14
[5, 3, 4]
[5, 3, 7]
[5, 3, 6]
[5, 3, 0]
[5, 3, 1]
[5, 3, 2]
[5, 3, 4, 7]
[5, 3, 4, 6]
[5, 3, 4, 0]
[5, 3, 4, 1]
[5, 3, 4, 2]
[5, 3, 4, 7, 6]
[5, 3, 4, 7, 0]
[5, 3, 4, 7, 1]
[5, 3, 4, 7, 2]
[5, 3, 4, 7, 6, 0]
[5, 3, 4, 7, 6, 1]
[5, 3, 4, 7, 6, 2]
[5, 3, 4, 7, 6, 0, 1]
[5, 3, 4, 7, 6, 0, 2]
[5, 3, 4, 7, 6, 0, 1, 2]
failed -> 38 times
after fail n ======> 5
[0, 1, 2, 6, 5]
0.021739130434782608 0.03333333333333333
itercount --------> 1
[6, 4, 0]
0.03333333333333333 0.03571428571428571
itercount --------> 2
[6, 4, 0]
0.03571428571428571 0.08823529411764706
itercount --------> 3
[0, 6, 2]
0.08823529411764706 0.13043478260869565
itercount --------> 4
[6, 0, 3]
[6, 0, 5]
0.13043478260869565 0.19047619047619047
itercount --------> 5
[6, 5, 0]
[6, 5, 1]
0.19047619047619047 0.23529411764705882
itercount --------> 6
[0, 1, 2]
[0, 1, 5]
[0, 1, 6]
[0, 1, 4]
[0, 1, 3]
[0, 1, 7]
[0, 1, 2, 5]
[0, 1, 2, 6]
[0, 1, 2, 4]
[0, 1, 2, 3]
[0, 1, 2, 7]
[0, 1, 2, 5, 6]
[0, 1, 2, 5, 4]
[0, 1, 2, 5, 3]
[0, 1, 2, 5, 7]
[0, 1, 2, 5, 6, 4]
[0, 1, 2, 5, 6, 3]
[0, 1, 2, 5, 6, 7]
[0, 1, 2, 5, 6, 4, 3]
0.23529411764705882 0.29411764705882354
itercount --------> 7
[6, 3, 7]
0.29411764705882354 0.3333333333333333
itercount --------> 8
[6, 7, 3]
[6, 7, 4]
[6, 7, 5]
[6, 7, 0]
[6, 7, 1]
[6, 7, 2]
[6, 7, 3, 4]
[6, 7, 3, 5]
[6, 7, 3, 0]
[6, 7, 3, 1]
[6, 7, 3, 2]
[6, 7, 3, 4, 5]
[6, 7, 3, 4, 0]
[6, 7, 3, 4, 1]
[6, 7, 3, 4, 2]
[6, 7, 3, 4, 5, 0]
[6, 7, 3, 4, 5, 1]
[6, 7, 3, 4, 5, 2]
[6, 7, 3, 4, 5, 0, 1]
[6, 7, 3, 4, 5, 0, 2]
[6, 7, 3, 4, 5, 0, 1, 2]
failed -> 39 times
after fail n ======> 6
[0, 1, 2, 6, 5, 4]
0.021739130434782608 0.05555555555555555
itercount --------> 1
[0, 1, 2]
0.05555555555555555 0.1
itercount --------> 2
[1, 0, 2]
0.1 0.16666666666666666
itercount --------> 3
[5, 0, 1]
0.16666666666666666 0.22727272727272727
itercount --------> 4
[5, 6, 4]
0.22727272727272727 0.2727272727272727
itercount --------> 5
[5, 6, 4]
[5, 6, 7]
0.2727272727272727 0.3
itercount --------> 6
[5, 6, 4]
[5, 6, 3]
[5, 6, 7]
[5, 6, 0]
[5, 6, 1]
0.3 0.3684210526315789
itercount --------> 7
[4, 5, 3]
[4, 5, 6]
[4, 5, 0]
0.3684210526315789 0.42105263157894735
itercount --------> 8
[0, 5, 3]
[0, 5, 4]
[0, 5, 1]
0.42105263157894735 0.42857142857142855
itercount --------> 9
[5, 3, 4]
[5, 3, 7]
[5, 3, 0]
[5, 3, 1]
[5, 3, 2]
0.42857142857142855 0.4444444444444444
itercount --------> 10
[0, 1, 2]
[0, 1, 5]
[0, 1, 3]
0.4444444444444444 0.47058823529411764
itercount --------> 11
[5, 0, 1]
[5, 0, 2]
[5, 0, 3]
[5, 0, 4]
[5, 0, 6]
[5, 0, 7]
[5, 0, 1, 2]
[5, 0, 1, 3]
[5, 0, 1, 4]
[5, 0, 1, 6]
[5, 0, 1, 7]
[5, 0, 1, 2, 3]
[5, 0, 1, 2, 4]
[5, 0, 1, 2, 6]
[5, 0, 1, 2, 7]
[5, 0, 1, 2, 3, 4]
[5, 0, 1, 2, 3, 6]
[5, 0, 1, 2, 3, 7]
0.47058823529411764 0.5294117647058824
itercount --------> 12
[5, 0, 1]
[5, 0, 2]
[5, 0, 4]
[5, 0, 6]
[5, 0, 7]
[5, 0, 3]
[5, 0, 1, 2]
[5, 0, 1, 4]
[5, 0, 1, 6]
[5, 0, 1, 7]
[5, 0, 1, 3]
[5, 0, 1, 2, 4]
[5, 0, 1, 2, 6]
[5, 0, 1, 2, 7]
[5, 0, 1, 2, 3]
0.5294117647058824 0.5625
itercount --------> 13
[5, 0, 1]
[5, 0, 2]
[5, 0, 4]
[5, 0, 3]
[5, 0, 6]
[5, 0, 7]
[5, 0, 1, 2]
[5, 0, 1, 4]
[5, 0, 1, 3]
[5, 0, 1, 6]
[5, 0, 1, 7]
[5, 0, 1, 2, 4]
[5, 0, 1, 2, 3]
[5, 0, 1, 2, 6]
[5, 0, 1, 2, 7]
[5, 0, 1, 2, 4, 3]
[5, 0, 1, 2, 4, 6]
0.5625 0.631578947368421
itercount --------> 14
[5, 3, 4]
0.631578947368421 0.6666666666666666
itercount --------> 15
[5, 0, 1]
[5, 0, 2]
[5, 0, 6]
[5, 0, 7]
[5, 0, 3]
[5, 0, 4]
[5, 0, 1, 2]
[5, 0, 1, 6]
[5, 0, 1, 7]
0.6666666666666666 0.7368421052631579
itercount --------> 16
[5, 6, 7]
[5, 6, 0]
[5, 6, 1]
[5, 6, 2]
[5, 6, 3]
[5, 6, 4]
[5, 6, 7, 0]
[5, 6, 7, 1]
[5, 6, 7, 2]
[5, 6, 7, 3]
[5, 6, 7, 4]
[5, 6, 7, 0, 1]
[5, 6, 7, 0, 2]
[5, 6, 7, 0, 3]
0.7368421052631579 0.75
itercount --------> 17
[5, 6, 0]
[5, 6, 1]
[5, 6, 2]
[5, 6, 3]
[5, 6, 4]
[5, 6, 7]
[5, 6, 0, 1]
[5, 6, 0, 2]
[5, 6, 0, 3]
[5, 6, 0, 4]
[5, 6, 0, 7]
[5, 6, 0, 1, 2]
[5, 6, 0, 1, 3]
[5, 6, 0, 1, 4]
[5, 6, 0, 1, 7]
0.75 0.7894736842105263
itercount --------> 18
[0, 1, 2]
[0, 1, 3]
[0, 1, 4]
[0, 1, 5]
[0, 1, 6]
[0, 1, 7]
[0, 1, 2, 3]
[0, 1, 2, 4]
[0, 1, 2, 5]
[0, 1, 2, 6]
[0, 1, 2, 7]
[0, 1, 2, 3, 4]
[0, 1, 2, 3, 5]
[0, 1, 2, 3, 6]
[0, 1, 2, 3, 7]
0.7894736842105263 0.8333333333333334
itercount --------> 19
[3, 4, 6]
[3, 4, 7]
[3, 4, 0]
[3, 4, 1]
[3, 4, 2]
[3, 4, 5]
[3, 4, 6, 7]
[3, 4, 6, 0]
[3, 4, 6, 1]
[3, 4, 6, 2]
[3, 4, 6, 5]
[3, 4, 6, 7, 0]
[3, 4, 6, 7, 1]
[3, 4, 6, 7, 2]
[3, 4, 6, 7, 5]
[3, 4, 6, 7, 0, 1]
[3, 4, 6, 7, 0, 2]
[3, 4, 6, 7, 0, 5]
[3, 4, 6, 7, 0, 1, 2]
[3, 4, 6, 7, 0, 1, 5]
[3, 4, 6, 7, 0, 1, 2, 5]
failed -> 40 times
after fail n ======> 7
[0, 1, 2, 6, 5, 4, 7]
0.021739130434782608 0.03333333333333333
itercount --------> 1
[5, 6, 3]
0.03333333333333333 0.044444444444444446
itercount --------> 2
[5, 6, 0]
0.044444444444444446 0.08
itercount --------> 3
[6, 4, 1]
0.08 0.10526315789473684
itercount --------> 4
[6, 2, 4]
0.10526315789473684 0.125
itercount --------> 5
[0, 1, 2]
[0, 1, 5]
[0, 1, 4]
[0, 1, 6]
[0, 1, 7]
[0, 1, 3]
[0, 1, 2, 5]
[0, 1, 2, 4]
0.125 0.14285714285714285
itercount --------> 6
[6, 7, 5]
0.14285714285714285 0.16666666666666666
itercount --------> 7
[6, 2, 7]
0.16666666666666666 0.1875
itercount --------> 8
[6, 5, 0]
[6, 5, 1]
[6, 5, 2]
[6, 5, 7]
[6, 5, 3]
[6, 5, 4]
[6, 5, 0, 1]
[6, 5, 0, 2]
[6, 5, 0, 7]
0.1875 0.19047619047619047
itercount --------> 9
[6, 5, 7]
[6, 5, 0]
[6, 5, 1]
[6, 5, 2]
[6, 5, 3]
[6, 5, 4]
[6, 5, 7, 0]
[6, 5, 7, 1]
[6, 5, 7, 2]
[6, 5, 7, 3]
[6, 5, 7, 4]
[6, 5, 7, 0, 1]
0.19047619047619047 0.21052631578947367
itercount --------> 10
[0, 2, 5]
0.21052631578947367 0.2857142857142857
itercount --------> 11
[0, 5, 2]
[0, 5, 7]
0.2857142857142857 0.36363636363636365
itercount --------> 12
[7, 1, 5]
0.36363636363636365 0.47058823529411764
itercount --------> 13
[0, 2, 5]
[0, 2, 7]
0.47058823529411764 0.47368421052631576
itercount --------> 14
[7, 6, 2]
[7, 6, 3]
[7, 6, 4]
[7, 6, 5]
[7, 6, 0]
[7, 6, 1]
[7, 6, 2, 3]
0.47368421052631576 0.5263157894736842
itercount --------> 15
[6, 7, 2]
[6, 7, 3]
[6, 7, 4]
[6, 7, 5]
[6, 7, 0]
[6, 7, 1]
[6, 7, 2, 3]
[6, 7, 2, 4]
[6, 7, 2, 5]
[6, 7, 2, 0]
[6, 7, 2, 1]
0.5263157894736842 0.5555555555555556
itercount --------> 16
[6, 7, 3]
[6, 7, 4]
[6, 7, 0]
[6, 7, 1]
[6, 7, 2]
[6, 7, 5]
[6, 7, 3, 4]
[6, 7, 3, 0]
0.5555555555555556 0.5882352941176471
itercount --------> 17
[0, 1, 2]
[0, 1, 7]
[0, 1, 5]
[0, 1, 3]
[0, 1, 4]
[0, 1, 6]
[0, 1, 2, 7]
[0, 1, 2, 5]
[0, 1, 2, 3]
[0, 1, 2, 4]
0.5882352941176471 0.625
itercount --------> 18
[3, 4, 7]
[3, 4, 0]
[3, 4, 1]
[3, 4, 2]
[3, 4, 5]
[3, 4, 6]
[3, 4, 7, 0]
[3, 4, 7, 1]
[3, 4, 7, 2]
[3, 4, 7, 5]
[3, 4, 7, 6]
[3, 4, 7, 0, 1]
[3, 4, 7, 0, 2]
[3, 4, 7, 0, 5]
[3, 4, 7, 0, 6]
0.625 0.6470588235294118
itercount --------> 19
[0, 7, 3]
[0, 7, 4]
[0, 7, 6]
[0, 7, 1]
[0, 7, 2]
[0, 7, 5]
[0, 7, 3, 4]
[0, 7, 3, 6]
[0, 7, 3, 1]
0.6470588235294118 0.6875
itercount --------> 20
[0, 1, 2]
[0, 1, 5]
[0, 1, 7]
[0, 1, 3]
[0, 1, 4]
[0, 1, 6]
[0, 1, 2, 5]
[0, 1, 2, 7]
[0, 1, 2, 3]
[0, 1, 2, 4]
[0, 1, 2, 6]
[0, 1, 2, 5, 7]
[0, 1, 2, 5, 3]
[0, 1, 2, 5, 4]
[0, 1, 2, 5, 6]
[0, 1, 2, 5, 7, 3]
[0, 1, 2, 5, 7, 4]
[0, 1, 2, 5, 7, 6]
[0, 1, 2, 5, 7, 3, 4]
[0, 1, 2, 5, 7, 3, 6]
[0, 1, 2, 5, 7, 3, 4, 6]
failed -> 41 times
after fail n ======> 8
[0, 1, 2, 6, 5, 4, 7, 3]
0.021739130434782608 0.03333333333333333
itercount --------> 1
[0, 6, 4]
0.03333333333333333 0.038461538461538464
itercount --------> 2
[5, 6, 4]
0.038461538461538464 0.04878048780487805
itercount --------> 3
[0, 1, 2]
0.04878048780487805 0.1
itercount --------> 4
[6, 5, 7]
0.1 0.10526315789473684
itercount --------> 5
[6, 5, 7]
0.10526315789473684 0.15
itercount --------> 6
[5, 7, 3]
0.15 0.2
itercount --------> 7
[5, 4, 3]
[5, 4, 7]
[5, 4, 6]
[5, 4, 0]
0.2 0.2777777777777778
itercount --------> 8
[7, 5, 6]
0.2777777777777778 0.34782608695652173
itercount --------> 9
[5, 4, 6]
[5, 4, 7]
[5, 4, 3]
0.34782608695652173 0.35294117647058826
itercount --------> 10
[3, 6, 5]
[3, 6, 4]
[3, 6, 7]
[3, 6, 0]
[3, 6, 1]
[3, 6, 2]
[3, 6, 5, 4]
[3, 6, 5, 7]
[3, 6, 5, 0]
[3, 6, 5, 1]
0.35294117647058826 0.3888888888888889
itercount --------> 11
[3, 4, 7]
[3, 4, 6]
[3, 4, 5]
[3, 4, 0]
[3, 4, 1]
[3, 4, 2]
[3, 4, 7, 6]
0.3888888888888889 0.47368421052631576
itercount --------> 12
[6, 4, 5]
[6, 4, 3]
[6, 4, 7]
[6, 4, 0]
[6, 4, 1]
[6, 4, 2]
[6, 4, 5, 3]
[6, 4, 5, 7]
[6, 4, 5, 0]
[6, 4, 5, 1]
[6, 4, 5, 2]
[6, 4, 5, 3, 7]
0.47368421052631576 0.5263157894736842
itercount --------> 13
[6, 4, 7]
[6, 4, 5]
[6, 4, 3]
[6, 4, 0]
[6, 4, 1]
[6, 4, 2]
[6, 4, 7, 5]
[6, 4, 7, 3]
[6, 4, 7, 0]
[6, 4, 7, 1]
[6, 4, 7, 2]
[6, 4, 7, 5, 3]
[6, 4, 7, 5, 0]
[6, 4, 7, 5, 1]
0.5263157894736842 0.55
itercount --------> 14
[4, 5, 6]
[4, 5, 0]
[4, 5, 1]
[4, 5, 2]
0.55 0.6111111111111112
itercount --------> 15
[4, 6, 7]
[4, 6, 5]
0.6111111111111112 0.7368421052631579
itercount --------> 16
[5, 7, 0]
[5, 7, 1]
[5, 7, 2]
[5, 7, 6]
[5, 7, 3]
[5, 7, 4]
[5, 7, 0, 1]
[5, 7, 0, 2]
[5, 7, 0, 6]
[5, 7, 0, 3]
[5, 7, 0, 4]
[5, 7, 0, 1, 2]
[5, 7, 0, 1, 6]
[5, 7, 0, 1, 3]
[5, 7, 0, 1, 4]
[5, 7, 0, 1, 2, 6]
[5, 7, 0, 1, 2, 3]
[5, 7, 0, 1, 2, 4]
[5, 7, 0, 1, 2, 6, 3]
[5, 7, 0, 1, 2, 6, 4]
[5, 7, 0, 1, 2, 6, 3, 4]
0.7368421052631579 0.7777777777777778
itercount --------> 17
[5, 6, 7]
[5, 6, 3]
[5, 6, 4]
[5, 6, 0]
[5, 6, 1]
[5, 6, 2]
[5, 6, 7, 3]
[5, 6, 7, 4]
[5, 6, 7, 0]
[5, 6, 7, 1]
[5, 6, 7, 2]
[5, 6, 7, 3, 4]
[5, 6, 7, 3, 0]
[5, 6, 7, 3, 1]
[5, 6, 7, 3, 2]
[5, 6, 7, 3, 4, 0]
[5, 6, 7, 3, 4, 1]
[5, 6, 7, 3, 4, 2]
[5, 6, 7, 3, 4, 0, 1]
[5, 6, 7, 3, 4, 0, 2]
[5, 6, 7, 3, 4, 0, 1, 2]
failed -> 42 times
after fail n ======> 5
[0, 1, 2, 6, 5]
0.021739130434782608 0.03333333333333333
itercount --------> 1
[6, 4, 7]
0.03333333333333333 0.06060606060606061
itercount --------> 2
[6, 4, 0]
0.06060606060606061 0.0625
itercount --------> 3
[6, 0, 1]
0.0625 0.1
itercount --------> 4
[6, 1, 5]
0.1 0.125
itercount --------> 5
[6, 4, 5]
0.125 0.2222222222222222
itercount --------> 6
[6, 0, 1]
0.2222222222222222 0.23076923076923078
itercount --------> 7
[6, 5, 0]
0.23076923076923078 0.2692307692307692
itercount --------> 8
[6, 7, 5]
0.2692307692307692 0.3103448275862069
itercount --------> 9
[2, 5, 6]
[2, 5, 7]
0.3103448275862069 0.37037037037037035
itercount --------> 10
[5, 6, 2]
[5, 6, 7]
[5, 6, 3]
0.37037037037037035 0.375
itercount --------> 11
[0, 1, 6]
[0, 1, 5]
0.375 0.5
itercount --------> 12
[5, 0, 1]
[5, 0, 3]
[5, 0, 4]
[5, 0, 6]
[5, 0, 7]
0.5 0.5294117647058824
itercount --------> 13
[5, 7, 0]
[5, 7, 1]
[5, 7, 2]
[5, 7, 3]
0.5294117647058824 0.5882352941176471
itercount --------> 14
[5, 7, 0]
[5, 7, 1]
[5, 7, 2]
[5, 7, 3]
[5, 7, 4]
[5, 7, 6]
0.5882352941176471 0.6111111111111112
itercount --------> 15
[2, 5, 7]
[2, 5, 6]
[2, 5, 0]
0.6111111111111112 0.6470588235294118
itercount --------> 16
[0, 1, 2]
[0, 1, 5]
[0, 1, 7]
[0, 1, 4]
[0, 1, 3]
[0, 1, 6]
[0, 1, 2, 5]
[0, 1, 2, 7]
[0, 1, 2, 4]
0.6470588235294118 0.6875
itercount --------> 17
[0, 1, 2]
[0, 1, 5]
[0, 1, 7]
[0, 1, 3]
[0, 1, 4]
[0, 1, 6]
[0, 1, 2, 5]
[0, 1, 2, 7]
[0, 1, 2, 3]
[0, 1, 2, 4]
[0, 1, 2, 6]
[0, 1, 2, 5, 7]
[0, 1, 2, 5, 3]
[0, 1, 2, 5, 4]
[0, 1, 2, 5, 6]
[0, 1, 2, 5, 7, 3]
[0, 1, 2, 5, 7, 4]
[0, 1, 2, 5, 7, 6]
[0, 1, 2, 5, 7, 3, 4]
[0, 1, 2, 5, 7, 3, 6]
[0, 1, 2, 5, 7, 3, 4, 6]
failed -> 43 times
after fail n ======> 6
[0, 1, 2, 6, 5, 4]
0.021739130434782608 0.03333333333333333
itercount --------> 1
[6, 5, 2]
0.03333333333333333 0.08
itercount --------> 2
[4, 5, 7]
0.08 0.11538461538461539
itercount --------> 3
[4, 7, 5]
0.11538461538461539 0.13793103448275862
itercount --------> 4
[5, 4, 0]
0.13793103448275862 0.16666666666666666
itercount --------> 5
[5, 0, 1]
0.16666666666666666 0.2631578947368421
itercount --------> 6
[5, 2, 4]
0.2631578947368421 0.2777777777777778
itercount --------> 7
[5, 4, 7]
[5, 4, 6]
[5, 4, 3]
0.2777777777777778 0.3181818181818182
itercount --------> 8
[5, 6, 7]
0.3181818181818182 0.391304347826087
itercount --------> 9
[5, 3, 6]
[5, 3, 0]
0.391304347826087 0.45454545454545453
itercount --------> 10
[5, 6, 3]
[5, 6, 0]
[5, 6, 1]
[5, 6, 2]
[5, 6, 4]
[5, 6, 7]
[5, 6, 3, 0]
[5, 6, 3, 1]
[5, 6, 3, 2]
[5, 6, 3, 4]
0.45454545454545453 0.5238095238095238
itercount --------> 11
[5, 2, 6]
[5, 2, 0]
0.5238095238095238 0.6111111111111112
itercount --------> 12
[5, 6, 7]
0.6111111111111112 0.6666666666666666
itercount --------> 13
[0, 1, 2]
[0, 1, 5]
[0, 1, 6]
[0, 1, 7]
[0, 1, 3]
[0, 1, 4]
[0, 1, 2, 5]
[0, 1, 2, 6]
0.6666666666666666 0.7
itercount --------> 14
[0, 2, 6]
0.7 0.7368421052631579
itercount --------> 15
[0, 1, 2]
[0, 1, 5]
[0, 1, 6]
[0, 1, 7]
[0, 1, 3]
[0, 1, 4]
[0, 1, 2, 5]
[0, 1, 2, 6]
[0, 1, 2, 7]
[0, 1, 2, 3]
[0, 1, 2, 4]
[0, 1, 2, 5, 6]
[0, 1, 2, 5, 7]
[0, 1, 2, 5, 3]
[0, 1, 2, 5, 4]
[0, 1, 2, 5, 6, 7]
[0, 1, 2, 5, 6, 3]
[0, 1, 2, 5, 6, 4]
[0, 1, 2, 5, 6, 7, 3]
[0, 1, 2, 5, 6, 7, 4]
[0, 1, 2, 5, 6, 7, 3, 4]
failed -> 44 times
after fail n ======> 7
[0, 1, 2, 6, 5, 4, 7]
0.021739130434782608 0.045454545454545456
itercount --------> 1
[6, 4, 7]
0.045454545454545456 0.16666666666666666
itercount --------> 2
[1, 4, 7]
0.16666666666666666 0.19047619047619047
itercount --------> 3
[4, 7, 1]
0.19047619047619047 0.25
itercount --------> 4
[1, 4, 5]
0.25 0.36
itercount --------> 5
[1, 4, 7]
0.36 0.44
itercount --------> 6
[1, 0, 2]
0.44 0.5789473684210527
itercount --------> 7
[0, 1, 2]
[0, 1, 5]
[0, 1, 6]
[0, 1, 7]
0.5789473684210527 0.6111111111111112
itercount --------> 8
[0, 1, 2]
[0, 1, 5]
[0, 1, 7]
[0, 1, 4]
[0, 1, 6]
[0, 1, 3]
0.6111111111111112 0.6470588235294118
itercount --------> 9
[0, 1, 2]
[0, 1, 5]
[0, 1, 7]
[0, 1, 3]
[0, 1, 4]
[0, 1, 6]
[0, 1, 2, 5]
[0, 1, 2, 7]
[0, 1, 2, 3]
[0, 1, 2, 4]
[0, 1, 2, 6]
[0, 1, 2, 5, 7]
[0, 1, 2, 5, 3]
[0, 1, 2, 5, 4]
[0, 1, 2, 5, 6]
[0, 1, 2, 5, 7, 3]
[0, 1, 2, 5, 7, 4]
[0, 1, 2, 5, 7, 6]
[0, 1, 2, 5, 7, 3, 4]
[0, 1, 2, 5, 7, 3, 6]
[0, 1, 2, 5, 7, 3, 4, 6]
failed -> 45 times
after fail n ======> 8
[0, 1, 2, 6, 5, 4, 7, 3]
0.021739130434782608 0.02631578947368421
itercount --------> 1
[2, 6, 0]
0.02631578947368421 0.03571428571428571
itercount --------> 2
[2, 6, 4]
[2, 6, 1]
0.03571428571428571 0.05
itercount --------> 3
[6, 5, 4]
[6, 5, 3]
0.05 0.05555555555555555
itercount --------> 4
[6, 1, 4]
0.05555555555555555 0.058823529411764705
itercount --------> 5
[1, 6, 4]
0.058823529411764705 0.10526315789473684
itercount --------> 6
[6, 3, 1]
[6, 3, 7]
0.10526315789473684 0.13636363636363635
itercount --------> 7
[6, 3, 1]
[6, 3, 5]
0.13636363636363635 0.19047619047619047
itercount --------> 8
[6, 3, 1]
[6, 3, 4]
0.19047619047619047 0.23809523809523808
itercount --------> 9
[6, 3, 1]
[6, 3, 7]
[6, 3, 5]
[6, 3, 4]
[6, 3, 0]
[6, 3, 2]
[6, 3, 1, 7]
0.23809523809523808 0.2631578947368421
itercount --------> 10
[6, 3, 7]
[6, 3, 1]
[6, 3, 4]
[6, 3, 5]
[6, 3, 0]
[6, 3, 2]
[6, 3, 7, 1]
[6, 3, 7, 4]
[6, 3, 7, 5]
0.2631578947368421 0.2777777777777778
itercount --------> 11
[6, 3, 7]
[6, 3, 1]
0.2777777777777778 0.3
itercount --------> 12
[1, 7, 3]
[1, 7, 5]
0.3 0.42105263157894735
itercount --------> 13
[1, 7, 6]
[1, 7, 4]
0.42105263157894735 0.5
itercount --------> 14
[1, 0, 2]
0.5 0.5625
itercount --------> 15
[0, 1, 2]
[0, 1, 5]
[0, 1, 7]
[0, 1, 3]
[0, 1, 4]
[0, 1, 6]
[0, 1, 2, 5]
[0, 1, 2, 7]
[0, 1, 2, 3]
[0, 1, 2, 4]
[0, 1, 2, 6]
[0, 1, 2, 5, 7]
[0, 1, 2, 5, 3]
[0, 1, 2, 5, 4]
[0, 1, 2, 5, 6]
[0, 1, 2, 5, 7, 3]
[0, 1, 2, 5, 7, 4]
[0, 1, 2, 5, 7, 6]
[0, 1, 2, 5, 7, 3, 4]
[0, 1, 2, 5, 7, 3, 6]
0.5625 0.5882352941176471
itercount --------> 16
[4, 7, 3]
[4, 7, 6]
[4, 7, 5]
[4, 7, 0]
[4, 7, 1]
[4, 7, 2]
[4, 7, 3, 6]
[4, 7, 3, 5]
[4, 7, 3, 0]
[4, 7, 3, 1]
[4, 7, 3, 2]
[4, 7, 3, 6, 5]
[4, 7, 3, 6, 0]
[4, 7, 3, 6, 1]
[4, 7, 3, 6, 2]
[4, 7, 3, 6, 5, 0]
[4, 7, 3, 6, 5, 1]
[4, 7, 3, 6, 5, 2]
[4, 7, 3, 6, 5, 0, 1]
[4, 7, 3, 6, 5, 0, 2]
[4, 7, 3, 6, 5, 0, 1, 2]
failed -> 46 times
after fail n ======> 5
[0, 1, 2, 6, 5]
0.021739130434782608 0.06060606060606061
itercount --------> 1
[7, 2, 5]
0.06060606060606061 0.08
itercount --------> 2
[4, 5, 7]
0.08 0.11538461538461539
itercount --------> 3
[4, 7, 5]
0.11538461538461539 0.125
itercount --------> 4
[5, 7, 0]
[5, 7, 1]
0.125 0.2
itercount --------> 5
[5, 4, 7]
0.2 0.22727272727272727
itercount --------> 6
[6, 4, 7]
[6, 4, 3]
[6, 4, 5]
0.22727272727272727 0.25
itercount --------> 7
[5, 4, 6]
0.25 0.2857142857142857
itercount --------> 8
[5, 4, 6]
[5, 4, 0]
0.2857142857142857 0.3
itercount --------> 9
[2, 5, 4]
0.3 0.36363636363636365
itercount --------> 10
[5, 4, 2]
[5, 4, 3]
[5, 4, 0]
[5, 4, 1]
[5, 4, 6]
[5, 4, 7]
0.36363636363636365 0.38095238095238093
itercount --------> 11
[5, 2, 4]
[5, 2, 6]
0.38095238095238093 0.4
itercount --------> 12
[5, 4, 6]
[5, 4, 2]
[5, 4, 7]
[5, 4, 3]
[5, 4, 0]
0.4 0.42105263157894735
itercount --------> 13
[0, 1, 5]
[0, 1, 6]
[0, 1, 4]
[0, 1, 2]
0.42105263157894735 0.4444444444444444
itercount --------> 14
[5, 0, 1]
[5, 0, 2]
[5, 0, 6]
0.4444444444444444 0.47619047619047616
itercount --------> 15
[0, 6, 5]
0.47619047619047616 0.5263157894736842
itercount --------> 16
[0, 1, 5]
[0, 1, 6]
[0, 1, 2]
0.5263157894736842 0.5555555555555556
itercount --------> 17
[0, 1, 2]
[0, 1, 5]
[0, 1, 6]
[0, 1, 4]
[0, 1, 3]
[0, 1, 7]
[0, 1, 2, 5]
[0, 1, 2, 6]
[0, 1, 2, 4]
[0, 1, 2, 3]
0.5555555555555556 0.625
itercount --------> 18
[6, 0, 1]
[6, 0, 2]
[6, 0, 5]
[6, 0, 4]
0.625 0.6875
itercount --------> 19
[6, 0, 1]
[6, 0, 2]
[6, 0, 5]
[6, 0, 7]
[6, 0, 3]
[6, 0, 4]
[6, 0, 1, 2]
[6, 0, 1, 5]
[6, 0, 1, 7]
0.6875 0.7777777777777778
itercount --------> 20
[5, 6, 7]
[5, 6, 3]
[5, 6, 4]
[5, 6, 0]
[5, 6, 1]
[5, 6, 2]
[5, 6, 7, 3]
[5, 6, 7, 4]
[5, 6, 7, 0]
[5, 6, 7, 1]
[5, 6, 7, 2]
[5, 6, 7, 3, 4]
[5, 6, 7, 3, 0]
[5, 6, 7, 3, 1]
[5, 6, 7, 3, 2]
[5, 6, 7, 3, 4, 0]
[5, 6, 7, 3, 4, 1]
[5, 6, 7, 3, 4, 2]
[5, 6, 7, 3, 4, 0, 1]
[5, 6, 7, 3, 4, 0, 2]
[5, 6, 7, 3, 4, 0, 1, 2]
failed -> 47 times
after fail n ======> 6
[0, 1, 2, 6, 5, 4]
0.021739130434782608 0.03333333333333333
itercount --------> 1
[6, 4, 7]
0.03333333333333333 0.06060606060606061
itercount --------> 2
[6, 4, 0]
0.06060606060606061 0.08695652173913043
itercount --------> 3
[6, 4, 1]
0.08695652173913043 0.1111111111111111
itercount --------> 4
[6, 4, 7]
[6, 4, 3]
0.1111111111111111 0.11764705882352941
itercount --------> 5
[2, 5, 6]
0.11764705882352941 0.125
itercount --------> 6
[0, 1, 2]
[0, 1, 5]
[0, 1, 3]
[0, 1, 4]
[0, 1, 6]
[0, 1, 7]
[0, 1, 2, 5]
[0, 1, 2, 3]
[0, 1, 2, 4]
0.125 0.15789473684210525
itercount --------> 7
[6, 1, 3]
[6, 1, 5]
0.15789473684210525 0.16666666666666666
itercount --------> 8
[6, 5, 3]
[6, 5, 4]
0.16666666666666666 0.2
itercount --------> 9
[6, 3, 5]
0.2 0.2222222222222222
itercount --------> 10
[6, 3, 7]
0.2222222222222222 0.23529411764705882
itercount --------> 11
[6, 1, 5]
[6, 1, 3]
[6, 1, 4]
[6, 1, 7]
[6, 1, 0]
0.23529411764705882 0.25
itercount --------> 12
[6, 0, 1]
[6, 0, 2]
[6, 0, 5]
[6, 0, 3]
[6, 0, 4]
[6, 0, 7]
[6, 0, 1, 2]
[6, 0, 1, 5]
[6, 0, 1, 3]
[6, 0, 1, 4]
[6, 0, 1, 7]
[6, 0, 1, 2, 5]
[6, 0, 1, 2, 3]
[6, 0, 1, 2, 4]
[6, 0, 1, 2, 7]
[6, 0, 1, 2, 5, 3]
[6, 0, 1, 2, 5, 4]
[6, 0, 1, 2, 5, 7]
[6, 0, 1, 2, 5, 3, 4]
0.25 0.2777777777777778
itercount --------> 13
[6, 3, 7]
0.2777777777777778 0.3157894736842105
itercount --------> 14
[6, 7, 3]
[6, 7, 4]
[6, 7, 5]
[6, 7, 0]
[6, 7, 1]
[6, 7, 2]
[6, 7, 3, 4]
[6, 7, 3, 5]
[6, 7, 3, 0]
[6, 7, 3, 1]
[6, 7, 3, 2]
[6, 7, 3, 4, 5]
[6, 7, 3, 4, 0]
0.3157894736842105 0.3333333333333333
itercount --------> 15
[6, 7, 3]
[6, 7, 4]
[6, 7, 5]
[6, 7, 0]
[6, 7, 1]
[6, 7, 2]
[6, 7, 3, 4]
[6, 7, 3, 5]
[6, 7, 3, 0]
[6, 7, 3, 1]
[6, 7, 3, 2]
[6, 7, 3, 4, 5]
[6, 7, 3, 4, 0]
[6, 7, 3, 4, 1]
[6, 7, 3, 4, 2]
[6, 7, 3, 4, 5, 0]
[6, 7, 3, 4, 5, 1]
[6, 7, 3, 4, 5, 2]
[6, 7, 3, 4, 5, 0, 1]
[6, 7, 3, 4, 5, 0, 2]
[6, 7, 3, 4, 5, 0, 1, 2]
failed -> 48 times
after fail n ======> 7
[0, 1, 2, 6, 5, 4, 7]
0.021739130434782608 0.03333333333333333
itercount --------> 1
[6, 4, 7]
0.03333333333333333 0.06060606060606061
itercount --------> 2
[6, 4, 0]
0.06060606060606061 0.0625
itercount --------> 3
[6, 0, 1]
0.0625 0.1
itercount --------> 4
[6, 1, 5]
0.1 0.14285714285714285
itercount --------> 5
[6, 4, 5]
0.14285714285714285 0.16129032258064516
itercount --------> 6
[6, 0, 1]
[6, 0, 7]
[6, 0, 5]
0.16129032258064516 0.2222222222222222
itercount --------> 7
[6, 0, 1]
0.2222222222222222 0.24
itercount --------> 8
[6, 0, 1]
[6, 0, 5]
0.24 0.30434782608695654
itercount --------> 9
[6, 7, 4]
[6, 7, 5]
[6, 7, 3]
[6, 7, 0]
0.30434782608695654 0.38095238095238093
itercount --------> 10
[6, 7, 4]
[6, 7, 5]
0.38095238095238093 0.4090909090909091
itercount --------> 11
[6, 3, 4]
0.4090909090909091 0.45
itercount --------> 12
[6, 3, 4]
0.45 0.47619047619047616
itercount --------> 13
[3, 6, 5]
[3, 6, 2]
[3, 6, 7]
[3, 6, 4]
[3, 6, 0]
[3, 6, 1]
0.47619047619047616 0.5263157894736842
itercount --------> 14
[5, 6, 2]
[5, 6, 3]
[5, 6, 4]
[5, 6, 7]
[5, 6, 0]
[5, 6, 1]
0.5263157894736842 0.5555555555555556
itercount --------> 15
[2, 5, 6]
[2, 5, 3]
[2, 5, 4]
[2, 5, 0]
0.5555555555555556 0.5882352941176471
itercount --------> 16
[0, 1, 2]
[0, 1, 7]
[0, 1, 5]
[0, 1, 6]
[0, 1, 3]
[0, 1, 4]
0.5882352941176471 0.625
itercount --------> 17
[3, 7, 0]
[3, 7, 1]
[3, 7, 2]
[3, 7, 4]
[3, 7, 5]
[3, 7, 6]
[3, 7, 0, 1]
[3, 7, 0, 2]
[3, 7, 0, 4]
[3, 7, 0, 5]
[3, 7, 0, 6]
[3, 7, 0, 1, 2]
[3, 7, 0, 1, 4]
[3, 7, 0, 1, 5]
[3, 7, 0, 1, 6]
[3, 7, 0, 1, 2, 4]
[3, 7, 0, 1, 2, 5]
[3, 7, 0, 1, 2, 6]
[3, 7, 0, 1, 2, 4, 5]
[3, 7, 0, 1, 2, 4, 6]
[3, 7, 0, 1, 2, 4, 5, 6]
failed -> 49 times
after fail n ======> 8
[0, 1, 2, 6, 5, 4, 7, 3]
0.021739130434782608 0.038461538461538464
itercount --------> 1
[5, 6, 4]
[5, 6, 3]
0.038461538461538464 0.06896551724137931
itercount --------> 2
[6, 4, 5]
0.06896551724137931 0.075
itercount --------> 3
[4, 1, 2]
0.075 0.15789473684210525
itercount --------> 4
[4, 5, 6]
[4, 5, 7]
[4, 5, 0]
0.15789473684210525 0.19230769230769232
itercount --------> 5
[0, 4, 3]
0.19230769230769232 0.29411764705882354
itercount --------> 6
[5, 0, 1]
0.29411764705882354 0.32
itercount --------> 7
[0, 5, 4]
[0, 5, 6]
0.32 0.4166666666666667
itercount --------> 8
[0, 4, 5]
[0, 4, 3]
[0, 4, 6]
[0, 4, 1]
0.4166666666666667 0.5652173913043478
itercount --------> 9
[5, 0, 1]
[5, 0, 2]
[5, 0, 4]
[5, 0, 6]
[5, 0, 3]
[5, 0, 7]
[5, 0, 1, 2]
[5, 0, 1, 4]
0.5652173913043478 0.6190476190476191
itercount --------> 10
[5, 0, 4]
[5, 0, 6]
[5, 0, 7]
[5, 0, 1]
[5, 0, 2]
0.6190476190476191 0.6842105263157895
itercount --------> 11
[5, 4, 6]
[5, 4, 7]
[5, 4, 0]
[5, 4, 1]
[5, 4, 2]
0.6842105263157895 0.7222222222222222
itercount --------> 12
[5, 4, 6]
[5, 4, 7]
[5, 4, 0]
[5, 4, 1]
[5, 4, 2]
[5, 4, 3]
[5, 4, 6, 7]
[5, 4, 6, 0]
[5, 4, 6, 1]
[5, 4, 6, 2]
[5, 4, 6, 3]
[5, 4, 6, 7, 0]
[5, 4, 6, 7, 1]
[5, 4, 6, 7, 2]
[5, 4, 6, 7, 3]
[5, 4, 6, 7, 0, 1]
[5, 4, 6, 7, 0, 2]
[5, 4, 6, 7, 0, 3]
[5, 4, 6, 7, 0, 1, 2]
0.7222222222222222 0.7647058823529411
itercount --------> 13
[4, 5, 6]
[4, 5, 7]
[4, 5, 3]
[4, 5, 0]
[4, 5, 1]
[4, 5, 2]
[4, 5, 6, 7]
[4, 5, 6, 3]
[4, 5, 6, 0]
[4, 5, 6, 1]
[4, 5, 6, 2]
[4, 5, 6, 7, 3]
[4, 5, 6, 7, 0]
[4, 5, 6, 7, 1]
[4, 5, 6, 7, 2]
[4, 5, 6, 7, 3, 0]
[4, 5, 6, 7, 3, 1]
[4, 5, 6, 7, 3, 2]
[4, 5, 6, 7, 3, 0, 1]
[4, 5, 6, 7, 3, 0, 2]
[4, 5, 6, 7, 3, 0, 1, 2]
failed -> 50 times
after fail n ======> 5
Runs with the maximum attractor JI -> [5, 9, 16, 19, 23, 30, 39]
