{0: 28, 1: 28, 2: 28, 5: 28, 3: 25, 4: 25, 6: 20, 7: 20}
[0, 1, 2]
0.04878048780487805 0.08
itercount --------> 1
[1, 5, 3]
[1, 5, 4]
0.08 0.15
itercount --------> 2
[5, 0, 2]
0.15 0.21428571428571427
itercount --------> 3
[0, 2, 5]
[0, 2, 3]
[0, 2, 1]
0.21428571428571427 0.23076923076923078
itercount --------> 4
[0, 1, 2]
[0, 1, 5]
[0, 1, 3]
0.23076923076923078 0.26666666666666666
itercount --------> 5
[0, 5, 1]
[0, 5, 2]
[0, 5, 4]
0.26666666666666666 0.3076923076923077
itercount --------> 6
[0, 1, 2]
[0, 1, 5]
[0, 1, 3]
[0, 1, 4]
[0, 1, 6]
0.3076923076923077 0.35714285714285715
itercount --------> 7
[0, 6, 4]
[0, 6, 3]
[0, 6, 7]
0.35714285714285715 0.5
itercount --------> 8
[7, 4, 3]
[7, 4, 0]
[7, 4, 1]
0.5 0.5333333333333333
itercount --------> 9
[7, 4, 0]
[7, 4, 1]
[7, 4, 3]
[7, 4, 2]
[7, 4, 5]
[7, 4, 6]
[7, 4, 0, 1]
0.5333333333333333 0.5384615384615384
itercount --------> 10
[7, 4, 3]
[7, 4, 6]
[7, 4, 0]
[7, 4, 1]
[7, 4, 2]
[7, 4, 5]
[7, 4, 3, 6]
[7, 4, 3, 0]
[7, 4, 3, 1]
[7, 4, 3, 2]
[7, 4, 3, 5]
[7, 4, 3, 6, 0]
[7, 4, 3, 6, 1]
[7, 4, 3, 6, 2]
[7, 4, 3, 6, 5]
[7, 4, 3, 6, 0, 1]
[7, 4, 3, 6, 0, 2]
[7, 4, 3, 6, 0, 5]
[7, 4, 3, 6, 0, 1, 2]
[7, 4, 3, 6, 0, 1, 5]
[7, 4, 3, 6, 0, 1, 2, 5]
0.5384615384615384 0.5714285714285714
itercount --------> 11
[7, 3, 4]
[7, 3, 0]
[7, 3, 1]
[7, 3, 2]
0.5714285714285714 0.6666666666666666
itercount --------> 12
[0, 7, 4]
[0, 7, 1]
[0, 7, 2]
[0, 7, 5]
[0, 7, 3]
[0, 7, 6]
[0, 7, 4, 1]
[0, 7, 4, 2]
[0, 7, 4, 5]
0.6666666666666666 0.7142857142857143
itercount --------> 13
[7, 0, 4]
[7, 0, 1]
[7, 0, 2]
[7, 0, 3]
[7, 0, 5]
[7, 0, 6]
[7, 0, 4, 1]
[7, 0, 4, 2]
[7, 0, 4, 3]
[7, 0, 4, 5]
[7, 0, 4, 6]
[7, 0, 4, 1, 2]
[7, 0, 4, 1, 3]
[7, 0, 4, 1, 5]
[7, 0, 4, 1, 6]
[7, 0, 4, 1, 2, 3]
[7, 0, 4, 1, 2, 5]
[7, 0, 4, 1, 2, 6]
[7, 0, 4, 1, 2, 3, 5]
0.7142857142857143 0.7692307692307693
itercount --------> 14
[7, 4, 0]
[7, 4, 1]
[7, 4, 2]
[7, 4, 3]
[7, 4, 5]
[7, 4, 6]
[7, 4, 0, 1]
[7, 4, 0, 2]
[7, 4, 0, 3]
[7, 4, 0, 5]
[7, 4, 0, 6]
[7, 4, 0, 1, 2]
[7, 4, 0, 1, 3]
[7, 4, 0, 1, 5]
[7, 4, 0, 1, 6]
[7, 4, 0, 1, 2, 3]
[7, 4, 0, 1, 2, 5]
[7, 4, 0, 1, 2, 6]
[7, 4, 0, 1, 2, 3, 5]
[7, 4, 0, 1, 2, 3, 6]
[7, 4, 0, 1, 2, 3, 5, 6]
failed Once
after fail n ======> 4
[0, 1, 2, 5]
0.04878048780487805 0.11764705882352941
itercount --------> 1
[2, 3, 4]
[2, 3, 6]
0.11764705882352941 0.15
itercount --------> 2
[2, 6, 3]
0.15 0.16666666666666666
itercount --------> 3
[2, 3, 4]
[2, 3, 0]
[2, 3, 1]
[2, 3, 5]
0.16666666666666666 0.2857142857142857
itercount --------> 4
[2, 7, 4]
[2, 7, 3]
[2, 7, 6]
0.2857142857142857 0.3076923076923077
itercount --------> 5
[0, 1, 2]
[0, 1, 5]
[0, 1, 7]
0.3076923076923077 0.3333333333333333
itercount --------> 6
[7, 0, 1]
[7, 0, 2]
[7, 0, 5]
[7, 0, 3]
[7, 0, 6]
[7, 0, 4]
[7, 0, 1, 2]
[7, 0, 1, 5]
[7, 0, 1, 3]
[7, 0, 1, 6]
[7, 0, 1, 4]
[7, 0, 1, 2, 5]
[7, 0, 1, 2, 3]
[7, 0, 1, 2, 6]
[7, 0, 1, 2, 4]
[7, 0, 1, 2, 5, 3]
[7, 0, 1, 2, 5, 6]
[7, 0, 1, 2, 5, 4]
[7, 0, 1, 2, 5, 3, 6]
[7, 0, 1, 2, 5, 3, 4]
[7, 0, 1, 2, 5, 3, 6, 4]
0.3333333333333333 0.4166666666666667
itercount --------> 7
[0, 1, 2]
[0, 1, 5]
[0, 1, 7]
[0, 1, 3]
[0, 1, 6]
[0, 1, 4]
[0, 1, 2, 5]
[0, 1, 2, 7]
[0, 1, 2, 3]
[0, 1, 2, 6]
[0, 1, 2, 4]
[0, 1, 2, 5, 7]
[0, 1, 2, 5, 3]
[0, 1, 2, 5, 6]
[0, 1, 2, 5, 4]
[0, 1, 2, 5, 7, 3]
[0, 1, 2, 5, 7, 6]
[0, 1, 2, 5, 7, 4]
[0, 1, 2, 5, 7, 3, 6]
[0, 1, 2, 5, 7, 3, 4]
[0, 1, 2, 5, 7, 3, 6, 4]
0.4166666666666667 0.4375
itercount --------> 8
[7, 0, 4]
0.4375 0.5384615384615384
itercount --------> 9
[7, 4, 3]
[7, 4, 6]
[7, 4, 0]
[7, 4, 1]
[7, 4, 2]
[7, 4, 5]
[7, 4, 3, 6]
[7, 4, 3, 0]
[7, 4, 3, 1]
[7, 4, 3, 2]
[7, 4, 3, 5]
[7, 4, 3, 6, 0]
[7, 4, 3, 6, 1]
[7, 4, 3, 6, 2]
[7, 4, 3, 6, 5]
[7, 4, 3, 6, 0, 1]
[7, 4, 3, 6, 0, 2]
[7, 4, 3, 6, 0, 5]
[7, 4, 3, 6, 0, 1, 2]
[7, 4, 3, 6, 0, 1, 5]
[7, 4, 3, 6, 0, 1, 2, 5]
failed -> 2 times
after fail n ======> 5
[0, 1, 2, 5, 3]
0.04878048780487805 0.05555555555555555
itercount --------> 1
[4, 0, 1]
0.05555555555555555 0.08
itercount --------> 2
[1, 2, 5]
[1, 2, 6]
[1, 2, 3]
0.08 0.11764705882352941
itercount --------> 3
[5, 6, 3]
0.11764705882352941 0.15384615384615385
itercount --------> 4
[1, 2, 6]
0.15384615384615385 0.16666666666666666
itercount --------> 5
[0, 1, 2]
[0, 1, 5]
[0, 1, 3]
[0, 1, 6]
[0, 1, 7]
0.16666666666666666 0.1875
itercount --------> 6
[6, 0, 3]
0.1875 0.21428571428571427
itercount --------> 7
[6, 1, 3]
0.21428571428571427 0.23076923076923078
itercount --------> 8
[0, 1, 5]
[0, 1, 6]
[0, 1, 3]
[0, 1, 2]
[0, 1, 4]
[0, 1, 7]
[0, 1, 5, 6]
0.23076923076923078 0.25
itercount --------> 9
[0, 1, 2]
[0, 1, 3]
[0, 1, 5]
[0, 1, 6]
[0, 1, 7]
[0, 1, 4]
[0, 1, 2, 3]
[0, 1, 2, 5]
[0, 1, 2, 6]
[0, 1, 2, 7]
[0, 1, 2, 4]
[0, 1, 2, 3, 5]
[0, 1, 2, 3, 6]
[0, 1, 2, 3, 7]
[0, 1, 2, 3, 4]
[0, 1, 2, 3, 5, 6]
[0, 1, 2, 3, 5, 7]
[0, 1, 2, 3, 5, 4]
[0, 1, 2, 3, 5, 6, 7]
[0, 1, 2, 3, 5, 6, 4]
[0, 1, 2, 3, 5, 6, 7, 4]
failed -> 3 times
after fail n ======> 6
[0, 1, 2, 5, 3, 4]
0.04878048780487805 0.05555555555555555
itercount --------> 1
[4, 2, 5]
[4, 2, 0]
0.05555555555555555 0.07142857142857142
itercount --------> 2
[4, 1, 6]
[4, 1, 3]
[4, 1, 0]
[4, 1, 2]
[4, 1, 5]
0.07142857142857142 0.08333333333333333
itercount --------> 3
[0, 1, 2]
[0, 1, 5]
[0, 1, 3]
[0, 1, 4]
[0, 1, 6]
[0, 1, 7]
[0, 1, 2, 5]
[0, 1, 2, 3]
0.08333333333333333 0.15384615384615385
itercount --------> 4
[0, 2, 4]
0.15384615384615385 0.16666666666666666
itercount --------> 5
[0, 1, 2]
[0, 1, 5]
[0, 1, 4]
[0, 1, 6]
[0, 1, 7]
[0, 1, 3]
[0, 1, 2, 5]
[0, 1, 2, 4]
[0, 1, 2, 6]
[0, 1, 2, 7]
[0, 1, 2, 3]
[0, 1, 2, 5, 4]
0.16666666666666666 0.1875
itercount --------> 6
[1, 5, 3]
[1, 5, 0]
0.1875 0.26666666666666666
itercount --------> 7
[2, 6, 0]
0.26666666666666666 0.2857142857142857
itercount --------> 8
[0, 2, 3]
0.2857142857142857 0.3076923076923077
itercount --------> 9
[0, 2, 4]
[0, 2, 3]
[0, 2, 6]
[0, 2, 7]
[0, 2, 1]
[0, 2, 5]
[0, 2, 4, 3]
[0, 2, 4, 6]
0.3076923076923077 0.3125
itercount --------> 10
[3, 2, 4]
0.3125 0.3333333333333333
itercount --------> 11
[3, 2, 4]
[3, 2, 7]
[3, 2, 6]
0.3333333333333333 0.4375
itercount --------> 12
[7, 2, 3]
[7, 2, 4]
[7, 2, 0]
[7, 2, 6]
[7, 2, 1]
0.4375 0.4666666666666667
itercount --------> 13
[7, 0, 4]
[7, 0, 3]
0.4666666666666667 0.5
itercount --------> 14
[0, 7, 2]
[0, 7, 4]
0.5 0.5263157894736842
itercount --------> 15
[0, 2, 1]
0.5263157894736842 0.5882352941176471
itercount --------> 16
[0, 1, 2]
[0, 1, 5]
[0, 1, 4]
[0, 1, 6]
[0, 1, 7]
[0, 1, 3]
[0, 1, 2, 5]
[0, 1, 2, 4]
[0, 1, 2, 6]
[0, 1, 2, 7]
0.5882352941176471 0.6666666666666666
itercount --------> 17
[4, 6, 7]
[4, 6, 0]
[4, 6, 1]
[4, 6, 2]
[4, 6, 3]
[4, 6, 5]
[4, 6, 7, 0]
[4, 6, 7, 1]
[4, 6, 7, 2]
[4, 6, 7, 3]
[4, 6, 7, 5]
[4, 6, 7, 0, 1]
[4, 6, 7, 0, 2]
[4, 6, 7, 0, 3]
[4, 6, 7, 0, 5]
[4, 6, 7, 0, 1, 2]
[4, 6, 7, 0, 1, 3]
[4, 6, 7, 0, 1, 5]
[4, 6, 7, 0, 1, 2, 3]
[4, 6, 7, 0, 1, 2, 5]
[4, 6, 7, 0, 1, 2, 3, 5]
failed -> 4 times
after fail n ======> 7
[0, 1, 2, 5, 3, 4, 6]
0.04878048780487805 0.05555555555555555
itercount --------> 1
[4, 1, 5]
0.05555555555555555 0.08
itercount --------> 2
[0, 2, 1]
0.08 0.15384615384615385
itercount --------> 3
[0, 1, 2]
[0, 1, 5]
[0, 1, 3]
0.15384615384615385 0.16666666666666666
itercount --------> 4
[0, 1, 2]
[0, 1, 5]
[0, 1, 3]
0.16666666666666666 0.1875
itercount --------> 5
[0, 3, 6]
0.1875 0.21052631578947367
itercount --------> 6
[0, 6, 1]
[0, 6, 2]
0.21052631578947367 0.25
itercount --------> 7
[6, 0, 1]
[6, 0, 2]
[6, 0, 5]
0.25 0.26666666666666666
itercount --------> 8
[0, 6, 3]
[0, 6, 7]
0.26666666666666666 0.3157894736842105
itercount --------> 9
[6, 0, 1]
[6, 0, 5]
0.3157894736842105 0.35294117647058826
itercount --------> 10
[6, 7, 0]
[6, 7, 1]
[6, 7, 2]
[6, 7, 5]
[6, 7, 3]
[6, 7, 4]
[6, 7, 0, 1]
[6, 7, 0, 2]
[6, 7, 0, 5]
[6, 7, 0, 3]
0.35294117647058826 0.3684210526315789
itercount --------> 11
[3, 0, 5]
[3, 0, 7]
0.3684210526315789 0.4
itercount --------> 12
[0, 5, 3]
[0, 5, 1]
[0, 5, 7]
[0, 5, 6]
[0, 5, 2]
0.4 0.5
itercount --------> 13
[3, 7, 6]
0.5 0.5384615384615384
itercount --------> 14
[4, 3, 7]
[4, 3, 6]
0.5384615384615384 0.625
itercount --------> 15
[0, 1, 2]
[0, 1, 5]
[0, 1, 7]
[0, 1, 3]
0.625 0.6666666666666666
itercount --------> 16
[0, 1, 2]
[0, 1, 5]
[0, 1, 7]
[0, 1, 3]
[0, 1, 4]
[0, 1, 6]
[0, 1, 2, 5]
[0, 1, 2, 7]
0.6666666666666666 0.7142857142857143
itercount --------> 17
[7, 3, 4]
[7, 3, 6]
[7, 3, 0]
[7, 3, 1]
[7, 3, 2]
[7, 3, 5]
[7, 3, 4, 6]
[7, 3, 4, 0]
[7, 3, 4, 1]
[7, 3, 4, 2]
[7, 3, 4, 5]
[7, 3, 4, 6, 0]
[7, 3, 4, 6, 1]
[7, 3, 4, 6, 2]
[7, 3, 4, 6, 5]
[7, 3, 4, 6, 0, 1]
[7, 3, 4, 6, 0, 2]
[7, 3, 4, 6, 0, 5]
[7, 3, 4, 6, 0, 1, 2]
[7, 3, 4, 6, 0, 1, 5]
[7, 3, 4, 6, 0, 1, 2, 5]
failed -> 5 times
after fail n ======> 8
[0, 1, 2, 5, 3, 4, 6, 7]
0.04878048780487805 0.05357142857142857
itercount --------> 1
[0, 1, 2]
0.05357142857142857 0.09375
itercount --------> 2
[0, 5, 1]
0.09375 0.21428571428571427
itercount --------> 3
[0, 1, 2]
[0, 1, 5]
[0, 1, 3]
0.21428571428571427 0.23076923076923078
itercount --------> 4
[0, 1, 2]
[0, 1, 5]
[0, 1, 6]
0.23076923076923078 0.23529411764705882
itercount --------> 5
[1, 2, 6]
0.23529411764705882 0.25
itercount --------> 6
[0, 1, 2]
[0, 1, 5]
[0, 1, 6]
[0, 1, 7]
[0, 1, 4]
0.25 0.3076923076923077
itercount --------> 7
[0, 1, 2]
[0, 1, 5]
[0, 1, 6]
0.3076923076923077 0.375
itercount --------> 8
[1, 2, 6]
[1, 2, 4]
[1, 2, 7]
[1, 2, 0]
0.375 0.46153846153846156
itercount --------> 9
[0, 1, 2]
[0, 1, 5]
[0, 1, 3]
0.46153846153846156 0.4666666666666667
itercount --------> 10
[4, 3, 7]
[4, 3, 6]
0.4666666666666667 0.47058823529411764
itercount --------> 11
[3, 0, 1]
[3, 0, 2]
[3, 0, 4]
0.47058823529411764 0.5
itercount --------> 12
[0, 1, 4]
[0, 1, 6]
[0, 1, 2]
[0, 1, 5]
[0, 1, 3]
[0, 1, 7]
[0, 1, 4, 6]
[0, 1, 4, 2]
[0, 1, 4, 5]
[0, 1, 4, 3]
0.5 0.5333333333333333
itercount --------> 13
[1, 4, 6]
[1, 4, 3]
[1, 4, 0]
[1, 4, 2]
[1, 4, 5]
[1, 4, 7]
[1, 4, 6, 3]
[1, 4, 6, 0]
[1, 4, 6, 2]
[1, 4, 6, 5]
[1, 4, 6, 7]
[1, 4, 6, 3, 0]
0.5333333333333333 0.5625
itercount --------> 14
[3, 7, 1]
[3, 7, 4]
[3, 7, 6]
[3, 7, 0]
[3, 7, 2]
[3, 7, 5]
[3, 7, 1, 4]
[3, 7, 1, 6]
0.5625 0.6
itercount --------> 15
[7, 1, 4]
[7, 1, 0]
[7, 1, 2]
[7, 1, 5]
[7, 1, 6]
[7, 1, 3]
[7, 1, 4, 0]
[7, 1, 4, 2]
[7, 1, 4, 5]
[7, 1, 4, 6]
[7, 1, 4, 3]
[7, 1, 4, 0, 2]
0.6 0.625
itercount --------> 16
[1, 4, 6]
[1, 4, 7]
[1, 4, 0]
[1, 4, 2]
[1, 4, 3]
[1, 4, 5]
[1, 4, 6, 7]
[1, 4, 6, 0]
[1, 4, 6, 2]
[1, 4, 6, 3]
[1, 4, 6, 5]
[1, 4, 6, 7, 0]
[1, 4, 6, 7, 2]
[1, 4, 6, 7, 3]
[1, 4, 6, 7, 5]
[1, 4, 6, 7, 0, 2]
[1, 4, 6, 7, 0, 3]
[1, 4, 6, 7, 0, 5]
[1, 4, 6, 7, 0, 2, 3]
[1, 4, 6, 7, 0, 2, 5]
[1, 4, 6, 7, 0, 2, 3, 5]
failed -> 6 times
after fail n ======> 5
[0, 1, 2, 5, 3]
0.04878048780487805 0.05555555555555555
itercount --------> 1
[4, 1, 2]
0.05555555555555555 0.08
itercount --------> 2
[1, 0, 5]
0.08 0.11764705882352941
itercount --------> 3
[0, 6, 3]
[0, 6, 1]
0.11764705882352941 0.16666666666666666
itercount --------> 4
[0, 1, 2]
[0, 1, 5]
[0, 1, 3]
[0, 1, 6]
0.16666666666666666 0.1875
itercount --------> 5
[0, 3, 7]
0.1875 0.21052631578947367
itercount --------> 6
[0, 3, 4]
0.21052631578947367 0.21739130434782608
itercount --------> 7
[0, 1, 4]
0.21739130434782608 0.2222222222222222
itercount --------> 8
[0, 4, 3]
0.2222222222222222 0.25
itercount --------> 9
[0, 3, 1]
[0, 3, 4]
[0, 3, 6]
0.25 0.3125
itercount --------> 10
[1, 0, 2]
[1, 0, 5]
0.3125 0.3333333333333333
itercount --------> 11
[1, 2, 3]
[1, 2, 4]
[1, 2, 6]
[1, 2, 0]
[1, 2, 5]
[1, 2, 7]
[1, 2, 3, 4]
[1, 2, 3, 6]
0.3333333333333333 0.35714285714285715
itercount --------> 12
[2, 4, 6]
[2, 4, 3]
[2, 4, 7]
[2, 4, 0]
0.35714285714285715 0.38461538461538464
itercount --------> 13
[0, 1, 2]
[0, 1, 5]
[0, 1, 3]
[0, 1, 4]
[0, 1, 6]
[0, 1, 7]
[0, 1, 2, 5]
[0, 1, 2, 3]
[0, 1, 2, 4]
[0, 1, 2, 6]
[0, 1, 2, 7]
[0, 1, 2, 5, 3]
[0, 1, 2, 5, 4]
[0, 1, 2, 5, 6]
[0, 1, 2, 5, 7]
[0, 1, 2, 5, 3, 4]
[0, 1, 2, 5, 3, 6]
[0, 1, 2, 5, 3, 7]
[0, 1, 2, 5, 3, 4, 6]
0.38461538461538464 0.5
itercount --------> 14
[0, 1, 2]
[0, 1, 3]
[0, 1, 5]
[0, 1, 7]
[0, 1, 6]
[0, 1, 4]
[0, 1, 2, 3]
[0, 1, 2, 5]
[0, 1, 2, 7]
[0, 1, 2, 6]
[0, 1, 2, 4]
[0, 1, 2, 3, 5]
[0, 1, 2, 3, 7]
[0, 1, 2, 3, 6]
[0, 1, 2, 3, 4]
[0, 1, 2, 3, 5, 7]
[0, 1, 2, 3, 5, 6]
[0, 1, 2, 3, 5, 4]
[0, 1, 2, 3, 5, 7, 6]
0.5 0.5384615384615384
itercount --------> 15
[0, 1, 2]
[0, 1, 5]
[0, 1, 3]
[0, 1, 4]
0.5384615384615384 0.5833333333333334
itercount --------> 16
[0, 1, 2]
[0, 1, 3]
[0, 1, 5]
[0, 1, 7]
[0, 1, 4]
[0, 1, 6]
[0, 1, 2, 3]
[0, 1, 2, 5]
[0, 1, 2, 7]
[0, 1, 2, 4]
[0, 1, 2, 6]
[0, 1, 2, 3, 5]
[0, 1, 2, 3, 7]
[0, 1, 2, 3, 4]
[0, 1, 2, 3, 6]
[0, 1, 2, 3, 5, 7]
[0, 1, 2, 3, 5, 4]
[0, 1, 2, 3, 5, 6]
[0, 1, 2, 3, 5, 7, 4]
[0, 1, 2, 3, 5, 7, 6]
[0, 1, 2, 3, 5, 7, 4, 6]
0.5833333333333334 0.6428571428571429
itercount --------> 17
[7, 6, 3]
[7, 6, 0]
[7, 6, 1]
[7, 6, 2]
[7, 6, 4]
[7, 6, 5]
[7, 6, 3, 0]
[7, 6, 3, 1]
[7, 6, 3, 2]
[7, 6, 3, 4]
[7, 6, 3, 5]
[7, 6, 3, 0, 1]
[7, 6, 3, 0, 2]
[7, 6, 3, 0, 4]
[7, 6, 3, 0, 5]
[7, 6, 3, 0, 1, 2]
[7, 6, 3, 0, 1, 4]
[7, 6, 3, 0, 1, 5]
[7, 6, 3, 0, 1, 2, 4]
[7, 6, 3, 0, 1, 2, 5]
[7, 6, 3, 0, 1, 2, 4, 5]
failed -> 7 times
after fail n ======> 6
[0, 1, 2, 5, 3, 4]
0.04878048780487805 0.05555555555555555
itercount --------> 1
[4, 0, 2]
[4, 0, 1]
0.05555555555555555 0.07142857142857142
itercount --------> 2
[4, 5, 6]
0.07142857142857142 0.07692307692307693
itercount --------> 3
[1, 5, 4]
0.07692307692307693 0.13333333333333333
itercount --------> 4
[1, 0, 2]
0.13333333333333333 0.16666666666666666
itercount --------> 5
[0, 1, 2]
[0, 1, 5]
[0, 1, 3]
0.16666666666666666 0.17647058823529413
itercount --------> 6
[4, 7, 0]
0.17647058823529413 0.21428571428571427
itercount --------> 7
[4, 7, 3]
[4, 7, 6]
[4, 7, 0]
[4, 7, 1]
[4, 7, 2]
0.21428571428571427 0.23076923076923078
itercount --------> 8
[4, 7, 3]
[4, 7, 6]
[4, 7, 0]
[4, 7, 1]
[4, 7, 2]
[4, 7, 5]
[4, 7, 3, 6]
0.23076923076923078 0.25
itercount --------> 9
[6, 0, 1]
0.25 0.26666666666666666
itercount --------> 10
[1, 6, 7]
0.26666666666666666 0.3333333333333333
itercount --------> 11
[7, 0, 1]
[7, 0, 2]
[7, 0, 5]
[7, 0, 3]
[7, 0, 6]
[7, 0, 4]
[7, 0, 1, 2]
[7, 0, 1, 5]
[7, 0, 1, 3]
[7, 0, 1, 6]
0.3333333333333333 0.4666666666666667
itercount --------> 12
[7, 0, 1]
[7, 0, 4]
[7, 0, 2]
[7, 0, 3]
[7, 0, 5]
0.4666666666666667 0.5
itercount --------> 13
[7, 4, 0]
[7, 4, 1]
[7, 4, 3]
[7, 4, 5]
0.5 0.5384615384615384
itercount --------> 14
[7, 4, 3]
[7, 4, 6]
[7, 4, 0]
[7, 4, 1]
[7, 4, 2]
[7, 4, 5]
[7, 4, 3, 6]
[7, 4, 3, 0]
[7, 4, 3, 1]
[7, 4, 3, 2]
[7, 4, 3, 5]
[7, 4, 3, 6, 0]
[7, 4, 3, 6, 1]
[7, 4, 3, 6, 2]
[7, 4, 3, 6, 5]
[7, 4, 3, 6, 0, 1]
[7, 4, 3, 6, 0, 2]
[7, 4, 3, 6, 0, 5]
[7, 4, 3, 6, 0, 1, 2]
[7, 4, 3, 6, 0, 1, 5]
[7, 4, 3, 6, 0, 1, 2, 5]
failed -> 8 times
after fail n ======> 7
[0, 1, 2, 5, 3, 4, 6]
0.04878048780487805 0.08
itercount --------> 1
[0, 2, 3]
[0, 2, 4]
0.08 0.11764705882352941
itercount --------> 2
[0, 1, 2]
0.11764705882352941 0.15384615384615385
itercount --------> 3
[0, 1, 2]
[0, 1, 5]
[0, 1, 3]
[0, 1, 4]
0.15384615384615385 0.2
itercount --------> 4
[1, 5, 3]
0.2 0.23529411764705882
itercount --------> 5
[5, 6, 3]
0.23529411764705882 0.2631578947368421
itercount --------> 6
[5, 4, 7]
[5, 4, 3]
0.2631578947368421 0.26666666666666666
itercount --------> 7
[5, 4, 3]
[5, 4, 6]
[5, 4, 1]
[5, 4, 7]
[5, 4, 0]
[5, 4, 2]
0.26666666666666666 0.3181818181818182
itercount --------> 8
[5, 7, 2]
0.3181818181818182 0.3684210526315789
itercount --------> 9
[7, 1, 2]
0.3684210526315789 0.4444444444444444
itercount --------> 10
[7, 2, 1]
0.4444444444444444 0.4666666666666667
itercount --------> 11
[7, 4, 2]
0.4666666666666667 0.5
itercount --------> 12
[7, 4, 3]
[7, 4, 0]
0.5 0.6153846153846154
itercount --------> 13
[7, 4, 3]
[7, 4, 6]
[7, 4, 0]
[7, 4, 1]
[7, 4, 2]
[7, 4, 5]
[7, 4, 3, 6]
[7, 4, 3, 0]
[7, 4, 3, 1]
[7, 4, 3, 2]
[7, 4, 3, 5]
[7, 4, 3, 6, 0]
[7, 4, 3, 6, 1]
[7, 4, 3, 6, 2]
[7, 4, 3, 6, 5]
[7, 4, 3, 6, 0, 1]
[7, 4, 3, 6, 0, 2]
[7, 4, 3, 6, 0, 5]
[7, 4, 3, 6, 0, 1, 2]
[7, 4, 3, 6, 0, 1, 5]
[7, 4, 3, 6, 0, 1, 2, 5]
failed -> 9 times
after fail n ======> 8
[0, 1, 2, 5, 3, 4, 6, 7]
0.04878048780487805 0.05357142857142857
itercount --------> 1
[0, 1, 2]
0.05357142857142857 0.09375
itercount --------> 2
[0, 5, 1]
[0, 5, 2]
0.09375 0.15
itercount --------> 3
[5, 0, 1]
0.15 0.21428571428571427
itercount --------> 4
[0, 1, 2]
[0, 1, 5]
[0, 1, 3]
0.21428571428571427 0.25
itercount --------> 5
[0, 1, 2]
[0, 1, 5]
[0, 1, 3]
[0, 1, 7]
0.25 0.2857142857142857
itercount --------> 6
[1, 5, 3]
[1, 5, 6]
[1, 5, 7]
[1, 5, 0]
0.2857142857142857 0.3333333333333333
itercount --------> 7
[0, 1, 2]
[0, 1, 5]
[0, 1, 3]
[0, 1, 7]
[0, 1, 6]
0.3333333333333333 0.375
itercount --------> 8
[6, 3, 7]
0.375 0.3888888888888889
itercount --------> 9
[6, 4, 0]
[6, 4, 1]
[6, 4, 3]
0.3888888888888889 0.47368421052631576
itercount --------> 10
[0, 1, 2]
[0, 1, 4]
0.47368421052631576 0.5
itercount --------> 11
[1, 4, 6]
[1, 4, 0]
[1, 4, 2]
[1, 4, 3]
[1, 4, 5]
[1, 4, 7]
[1, 4, 6, 0]
0.5 0.5333333333333333
itercount --------> 12
[4, 6, 1]
[4, 6, 3]
[4, 6, 7]
[4, 6, 0]
[4, 6, 2]
[4, 6, 5]
[4, 6, 1, 3]
[4, 6, 1, 7]
0.5333333333333333 0.55
itercount --------> 13
[1, 7, 0]
[1, 7, 2]
[1, 7, 3]
[1, 7, 5]
[1, 7, 6]
[1, 7, 4]
[1, 7, 0, 2]
[1, 7, 0, 3]
[1, 7, 0, 5]
[1, 7, 0, 6]
0.55 0.5555555555555556
itercount --------> 14
[7, 1, 3]
[7, 1, 4]
[7, 1, 6]
[7, 1, 0]
[7, 1, 2]
0.5555555555555556 0.5789473684210527
itercount --------> 15
[7, 1, 3]
[7, 1, 4]
[7, 1, 6]
[7, 1, 2]
[7, 1, 0]
[7, 1, 5]
[7, 1, 3, 4]
[7, 1, 3, 6]
[7, 1, 3, 2]
[7, 1, 3, 0]
[7, 1, 3, 5]
[7, 1, 3, 4, 6]
[7, 1, 3, 4, 2]
[7, 1, 3, 4, 0]
[7, 1, 3, 4, 5]
[7, 1, 3, 4, 6, 2]
[7, 1, 3, 4, 6, 0]
[7, 1, 3, 4, 6, 5]
[7, 1, 3, 4, 6, 2, 0]
[7, 1, 3, 4, 6, 2, 5]
0.5789473684210527 0.6111111111111112
itercount --------> 16
[7, 3, 4]
[7, 3, 6]
[7, 3, 1]
[7, 3, 0]
[7, 3, 2]
[7, 3, 5]
[7, 3, 4, 6]
[7, 3, 4, 1]
[7, 3, 4, 0]
[7, 3, 4, 2]
[7, 3, 4, 5]
[7, 3, 4, 6, 1]
[7, 3, 4, 6, 0]
[7, 3, 4, 6, 2]
[7, 3, 4, 6, 5]
[7, 3, 4, 6, 1, 0]
[7, 3, 4, 6, 1, 2]
[7, 3, 4, 6, 1, 5]
[7, 3, 4, 6, 1, 0, 2]
[7, 3, 4, 6, 1, 0, 5]
[7, 3, 4, 6, 1, 0, 2, 5]
failed -> 10 times
after fail n ======> 5
[0, 1, 2, 5, 3]
0.04878048780487805 0.08
itercount --------> 1
[0, 1, 3]
[0, 1, 4]
0.08 0.15
itercount --------> 2
[0, 2, 5]
[0, 2, 3]
[0, 2, 1]
0.15 0.21428571428571427
itercount --------> 3
[0, 3, 6]
0.21428571428571427 0.25
itercount --------> 4
[0, 4, 6]
0.25 0.26666666666666666
itercount --------> 5
[0, 1, 2]
[0, 1, 5]
[0, 1, 3]
[0, 1, 4]
[0, 1, 6]
0.26666666666666666 0.2727272727272727
itercount --------> 6
[1, 0, 7]
[1, 0, 2]
[1, 0, 4]
[1, 0, 5]
0.2727272727272727 0.3157894736842105
itercount --------> 7
[1, 7, 4]
0.3157894736842105 0.375
itercount --------> 8
[4, 1, 7]
[4, 1, 3]
[4, 1, 0]
[4, 1, 2]
[4, 1, 5]
[4, 1, 6]
[4, 1, 7, 3]
[4, 1, 7, 0]
0.375 0.4
itercount --------> 9
[4, 7, 3]
[4, 7, 0]
0.4 0.4666666666666667
itercount --------> 10
[0, 1, 3]
[0, 1, 2]
[0, 1, 5]
0.4666666666666667 0.5
itercount --------> 11
[0, 1, 2]
[0, 1, 5]
[0, 1, 3]
[0, 1, 4]
[0, 1, 7]
[0, 1, 6]
[0, 1, 2, 5]
[0, 1, 2, 3]
[0, 1, 2, 4]
0.5 0.5384615384615384
itercount --------> 12
[0, 1, 2]
[0, 1, 5]
[0, 1, 3]
[0, 1, 7]
[0, 1, 4]
[0, 1, 6]
[0, 1, 2, 5]
[0, 1, 2, 3]
[0, 1, 2, 7]
[0, 1, 2, 4]
[0, 1, 2, 6]
[0, 1, 2, 5, 3]
[0, 1, 2, 5, 7]
[0, 1, 2, 5, 4]
[0, 1, 2, 5, 6]
[0, 1, 2, 5, 3, 7]
[0, 1, 2, 5, 3, 4]
[0, 1, 2, 5, 3, 6]
[0, 1, 2, 5, 3, 7, 4]
[0, 1, 2, 5, 3, 7, 6]
[0, 1, 2, 5, 3, 7, 4, 6]
failed -> 11 times
after fail n ======> 6
[0, 1, 2, 5, 3, 4]
0.04878048780487805 0.08
itercount --------> 1
[1, 5, 0]
0.08 0.2
itercount --------> 2
[1, 5, 3]
[1, 5, 4]
[1, 5, 6]
[1, 5, 0]
0.2 0.23076923076923078
itercount --------> 3
[0, 1, 2]
[0, 1, 5]
[0, 1, 3]
0.23076923076923078 0.26666666666666666
itercount --------> 4
[0, 1, 2]
[0, 1, 5]
[0, 1, 4]
[0, 1, 6]
0.26666666666666666 0.2777777777777778
itercount --------> 5
[0, 2, 6]
[0, 2, 1]
0.2777777777777778 0.29411764705882354
itercount --------> 6
[0, 6, 3]
[0, 6, 1]
0.29411764705882354 0.4
itercount --------> 7
[0, 7, 1]
0.4 0.4375
itercount --------> 8
[7, 0, 1]
[7, 0, 4]
[7, 0, 2]
0.4375 0.5
itercount --------> 9
[7, 4, 3]
[7, 4, 0]
[7, 4, 1]
[7, 4, 5]
[7, 4, 6]
[7, 4, 2]
[7, 4, 3, 0]
[7, 4, 3, 1]
0.5 0.5384615384615384
itercount --------> 10
[7, 4, 3]
[7, 4, 6]
[7, 4, 0]
[7, 4, 1]
[7, 4, 2]
[7, 4, 5]
[7, 4, 3, 6]
[7, 4, 3, 0]
[7, 4, 3, 1]
[7, 4, 3, 2]
[7, 4, 3, 5]
[7, 4, 3, 6, 0]
[7, 4, 3, 6, 1]
[7, 4, 3, 6, 2]
[7, 4, 3, 6, 5]
[7, 4, 3, 6, 0, 1]
[7, 4, 3, 6, 0, 2]
[7, 4, 3, 6, 0, 5]
[7, 4, 3, 6, 0, 1, 2]
[7, 4, 3, 6, 0, 1, 5]
[7, 4, 3, 6, 0, 1, 2, 5]
failed -> 12 times
after fail n ======> 7
[0, 1, 2, 5, 3, 4, 6]
0.04878048780487805 0.05555555555555555
itercount --------> 1
[1, 2, 4]
[1, 2, 3]
0.05555555555555555 0.08
itercount --------> 2
[1, 4, 2]
0.08 0.11764705882352941
itercount --------> 3
[1, 4, 2]
0.11764705882352941 0.13333333333333333
itercount --------> 4
[4, 1, 2]
[4, 1, 0]
0.13333333333333333 0.15384615384615385
itercount --------> 5
[4, 0, 1]
0.15384615384615385 0.16666666666666666
itercount --------> 6
[0, 1, 2]
[0, 1, 5]
[0, 1, 4]
0.16666666666666666 0.17647058823529413
itercount --------> 7
[6, 7, 2]
0.17647058823529413 0.1875
itercount --------> 8
[6, 1, 4]
[6, 1, 7]
0.1875 0.2
itercount --------> 9
[6, 1, 0]
[6, 1, 2]
0.2 0.22727272727272727
itercount --------> 10
[6, 0, 5]
[6, 0, 1]
0.22727272727272727 0.23076923076923078
itercount --------> 11
[6, 0, 5]
0.23076923076923078 0.26666666666666666
itercount --------> 12
[0, 5, 1]
0.26666666666666666 0.2962962962962963
itercount --------> 13
[0, 7, 5]
0.2962962962962963 0.35
itercount --------> 14
[0, 7, 5]
0.35 0.3684210526315789
itercount --------> 15
[7, 0, 6]
0.3684210526315789 0.4375
itercount --------> 16
[7, 0, 5]
[7, 0, 4]
[7, 0, 6]
[7, 0, 1]
0.4375 0.4666666666666667
itercount --------> 17
[7, 0, 4]
[7, 0, 3]
[7, 0, 1]
[7, 0, 2]
0.4666666666666667 0.5384615384615384
itercount --------> 18
[7, 4, 3]
[7, 4, 6]
[7, 4, 0]
[7, 4, 1]
[7, 4, 2]
[7, 4, 5]
[7, 4, 3, 6]
[7, 4, 3, 0]
[7, 4, 3, 1]
[7, 4, 3, 2]
[7, 4, 3, 5]
[7, 4, 3, 6, 0]
[7, 4, 3, 6, 1]
[7, 4, 3, 6, 2]
[7, 4, 3, 6, 5]
[7, 4, 3, 6, 0, 1]
[7, 4, 3, 6, 0, 2]
[7, 4, 3, 6, 0, 5]
[7, 4, 3, 6, 0, 1, 2]
[7, 4, 3, 6, 0, 1, 5]
[7, 4, 3, 6, 0, 1, 2, 5]
failed -> 13 times
after fail n ======> 8
[0, 1, 2, 5, 3, 4, 6, 7]
0.04878048780487805 0.05357142857142857
itercount --------> 1
[0, 1, 2]
0.05357142857142857 0.09375
itercount --------> 2
[1, 5, 0]
0.09375 0.21428571428571427
itercount --------> 3
[0, 1, 2]
[0, 1, 5]
[0, 1, 3]
0.21428571428571427 0.23076923076923078
itercount --------> 4
[0, 1, 2]
[0, 1, 5]
[0, 1, 4]
0.23076923076923078 0.26666666666666666
itercount --------> 5
[1, 7, 4]
0.26666666666666666 0.3076923076923077
itercount --------> 6
[0, 1, 2]
[0, 1, 5]
[0, 1, 3]
[0, 1, 7]
[0, 1, 4]
[0, 1, 6]
[0, 1, 2, 5]
[0, 1, 2, 3]
[0, 1, 2, 7]
0.3076923076923077 0.3125
itercount --------> 7
[6, 3, 7]
[6, 3, 1]
[6, 3, 4]
[6, 3, 0]
[6, 3, 2]
[6, 3, 5]
0.3125 0.4117647058823529
itercount --------> 8
[1, 5, 4]
[1, 5, 3]
[1, 5, 6]
[1, 5, 7]
[1, 5, 0]
0.4117647058823529 0.4666666666666667
itercount --------> 9
[1, 4, 5]
0.4666666666666667 0.47058823529411764
itercount --------> 10
[5, 1, 4]
[5, 1, 6]
[5, 1, 0]
[5, 1, 2]
0.47058823529411764 0.5
itercount --------> 11
[1, 5, 3]
[1, 5, 4]
[1, 5, 6]
[1, 5, 0]
[1, 5, 2]
0.5 0.5333333333333333
itercount --------> 12
[1, 5, 4]
[1, 5, 6]
[1, 5, 0]
[1, 5, 2]
[1, 5, 3]
[1, 5, 7]
[1, 5, 4, 6]
0.5333333333333333 0.5714285714285714
itercount --------> 13
[4, 3, 6]
0.5714285714285714 0.7142857142857143
itercount --------> 14
[0, 1, 2]
[0, 1, 4]
[0, 1, 5]
[0, 1, 6]
[0, 1, 3]
[0, 1, 7]
[0, 1, 2, 4]
[0, 1, 2, 5]
[0, 1, 2, 6]
0.7142857142857143 0.7692307692307693
itercount --------> 15
[4, 6, 0]
[4, 6, 1]
[4, 6, 2]
[4, 6, 3]
[4, 6, 5]
[4, 6, 7]
[4, 6, 0, 1]
[4, 6, 0, 2]
[4, 6, 0, 3]
[4, 6, 0, 5]
[4, 6, 0, 7]
[4, 6, 0, 1, 2]
[4, 6, 0, 1, 3]
[4, 6, 0, 1, 5]
[4, 6, 0, 1, 7]
[4, 6, 0, 1, 2, 3]
[4, 6, 0, 1, 2, 5]
[4, 6, 0, 1, 2, 7]
[4, 6, 0, 1, 2, 3, 5]
[4, 6, 0, 1, 2, 3, 7]
[4, 6, 0, 1, 2, 3, 5, 7]
failed -> 14 times
after fail n ======> 5
[0, 1, 2, 5, 3]
0.04878048780487805 0.08
itercount --------> 1
[0, 2, 3]
0.08 0.15
itercount --------> 2
[2, 4, 1]
0.15 0.15384615384615385
itercount --------> 3
[0, 1, 2]
[0, 1, 5]
[0, 1, 4]
0.15384615384615385 0.23076923076923078
itercount --------> 4
[0, 1, 2]
[0, 1, 5]
[0, 1, 4]
0.23076923076923078 0.25
itercount --------> 5
[0, 1, 5]
[0, 1, 2]
[0, 1, 4]
[0, 1, 6]
0.25 0.2631578947368421
itercount --------> 6
[0, 6, 2]
0.2631578947368421 0.34782608695652173
itercount --------> 7
[0, 7, 2]
0.34782608695652173 0.35
itercount --------> 8
[0, 7, 1]
0.35 0.4117647058823529
itercount --------> 9
[7, 0, 2]
0.4117647058823529 0.4375
itercount --------> 10
[7, 2, 0]
0.4375 0.5
itercount --------> 11
[7, 4, 3]
[7, 4, 0]
[7, 4, 1]
[7, 4, 2]
[7, 4, 5]
0.5 0.5384615384615384
itercount --------> 12
[7, 4, 3]
[7, 4, 6]
[7, 4, 0]
[7, 4, 1]
[7, 4, 2]
[7, 4, 5]
[7, 4, 3, 6]
[7, 4, 3, 0]
[7, 4, 3, 1]
[7, 4, 3, 2]
[7, 4, 3, 5]
[7, 4, 3, 6, 0]
[7, 4, 3, 6, 1]
[7, 4, 3, 6, 2]
[7, 4, 3, 6, 5]
[7, 4, 3, 6, 0, 1]
[7, 4, 3, 6, 0, 2]
[7, 4, 3, 6, 0, 5]
[7, 4, 3, 6, 0, 1, 2]
[7, 4, 3, 6, 0, 1, 5]
[7, 4, 3, 6, 0, 1, 2, 5]
failed -> 15 times
after fail n ======> 6
[0, 1, 2, 5, 3, 4]
0.04878048780487805 0.08
itercount --------> 1
[0, 2, 3]
[0, 2, 4]
0.08 0.15
itercount --------> 2
[0, 1, 5]
0.15 0.2
itercount --------> 3
[0, 2, 3]
0.2 0.23529411764705882
itercount --------> 4
[2, 6, 3]
0.23529411764705882 0.2631578947368421
itercount --------> 5
[2, 4, 7]
0.2631578947368421 0.2727272727272727
itercount --------> 6
[2, 0, 1]
0.2727272727272727 0.29411764705882354
itercount --------> 7
[2, 7, 0]
0.29411764705882354 0.3076923076923077
itercount --------> 8
[0, 1, 2]
[0, 1, 5]
[0, 1, 3]
[0, 1, 7]
0.3076923076923077 0.3333333333333333
itercount --------> 9
[7, 0, 1]
[7, 0, 2]
[7, 0, 3]
[7, 0, 5]
[7, 0, 6]
[7, 0, 4]
[7, 0, 1, 2]
[7, 0, 1, 3]
[7, 0, 1, 5]
[7, 0, 1, 6]
[7, 0, 1, 4]
[7, 0, 1, 2, 3]
[7, 0, 1, 2, 5]
[7, 0, 1, 2, 6]
[7, 0, 1, 2, 4]
[7, 0, 1, 2, 3, 5]
[7, 0, 1, 2, 3, 6]
0.3333333333333333 0.4166666666666667
itercount --------> 10
[0, 1, 2]
[0, 1, 5]
[0, 1, 7]
[0, 1, 4]
[0, 1, 3]
[0, 1, 6]
[0, 1, 2, 5]
[0, 1, 2, 7]
[0, 1, 2, 4]
[0, 1, 2, 3]
[0, 1, 2, 6]
[0, 1, 2, 5, 7]
[0, 1, 2, 5, 4]
[0, 1, 2, 5, 3]
[0, 1, 2, 5, 6]
[0, 1, 2, 5, 7, 4]
[0, 1, 2, 5, 7, 3]
[0, 1, 2, 5, 7, 6]
[0, 1, 2, 5, 7, 4, 3]
0.4166666666666667 0.5
itercount --------> 11
[0, 1, 2]
[0, 1, 5]
[0, 1, 7]
[0, 1, 4]
[0, 1, 3]
[0, 1, 6]
[0, 1, 2, 5]
[0, 1, 2, 7]
[0, 1, 2, 4]
[0, 1, 2, 3]
[0, 1, 2, 6]
[0, 1, 2, 5, 7]
[0, 1, 2, 5, 4]
[0, 1, 2, 5, 3]
[0, 1, 2, 5, 6]
[0, 1, 2, 5, 7, 4]
[0, 1, 2, 5, 7, 3]
[0, 1, 2, 5, 7, 6]
[0, 1, 2, 5, 7, 4, 3]
[0, 1, 2, 5, 7, 4, 6]
[0, 1, 2, 5, 7, 4, 3, 6]
0.5 0.5384615384615384
itercount --------> 12
[7, 4, 3]
[7, 4, 6]
[7, 4, 0]
[7, 4, 1]
[7, 4, 2]
[7, 4, 5]
[7, 4, 3, 6]
[7, 4, 3, 0]
[7, 4, 3, 1]
[7, 4, 3, 2]
[7, 4, 3, 5]
[7, 4, 3, 6, 0]
[7, 4, 3, 6, 1]
[7, 4, 3, 6, 2]
[7, 4, 3, 6, 5]
[7, 4, 3, 6, 0, 1]
[7, 4, 3, 6, 0, 2]
[7, 4, 3, 6, 0, 5]
[7, 4, 3, 6, 0, 1, 2]
[7, 4, 3, 6, 0, 1, 5]
[7, 4, 3, 6, 0, 1, 2, 5]
failed -> 16 times
after fail n ======> 7
[0, 1, 2, 5, 3, 4, 6]
0.04878048780487805 0.11764705882352941
itercount --------> 1
[1, 3, 4]
[1, 3, 6]
0.11764705882352941 0.15
itercount --------> 2
[1, 4, 0]
[1, 4, 2]
0.15 0.16666666666666666
itercount --------> 3
[0, 1, 2]
[0, 1, 5]
[0, 1, 4]
0.16666666666666666 0.25
itercount --------> 4
[1, 4, 6]
[1, 4, 7]
0.25 0.26666666666666666
itercount --------> 5
[0, 1, 2]
[0, 1, 5]
[0, 1, 3]
[0, 1, 4]
[0, 1, 6]
[0, 1, 7]
0.26666666666666666 0.3125
itercount --------> 6
[6, 7, 4]
0.3125 0.3333333333333333
itercount --------> 7
[7, 0, 1]
[7, 0, 2]
[7, 0, 5]
[7, 0, 3]
[7, 0, 4]
[7, 0, 6]
[7, 0, 1, 2]
[7, 0, 1, 5]
[7, 0, 1, 3]
0.3333333333333333 0.34782608695652173
itercount --------> 8
[0, 1, 2]
[0, 1, 5]
[0, 1, 3]
[0, 1, 6]
0.34782608695652173 0.42105263157894735
itercount --------> 9
[0, 1, 2]
[0, 1, 5]
[0, 1, 3]
[0, 1, 6]
[0, 1, 4]
[0, 1, 7]
0.42105263157894735 0.4444444444444444
itercount --------> 10
[0, 1, 2]
[0, 1, 3]
[0, 1, 5]
[0, 1, 6]
[0, 1, 4]
[0, 1, 7]
[0, 1, 2, 3]
0.4444444444444444 0.47058823529411764
itercount --------> 11
[3, 6, 1]
[3, 6, 4]
0.47058823529411764 0.47368421052631576
itercount --------> 12
[3, 1, 0]
[3, 1, 2]
[3, 1, 5]
0.47368421052631576 0.5
itercount --------> 13
[3, 0, 1]
[3, 0, 2]
[3, 0, 5]
[3, 0, 6]
[3, 0, 7]
[3, 0, 4]
0.5 0.5294117647058824
itercount --------> 14
[3, 4, 7]
0.5294117647058824 0.5555555555555556
itercount --------> 15
[0, 7, 1]
[0, 7, 2]
0.5555555555555556 0.625
itercount --------> 16
[0, 1, 2]
[0, 1, 5]
[0, 1, 7]
0.625 0.6666666666666666
itercount --------> 17
[0, 1, 2]
[0, 1, 5]
[0, 1, 7]
[0, 1, 3]
[0, 1, 4]
[0, 1, 6]
[0, 1, 2, 5]
[0, 1, 2, 7]
[0, 1, 2, 3]
[0, 1, 2, 4]
0.6666666666666666 0.7142857142857143
itercount --------> 18
[7, 3, 4]
[7, 3, 6]
[7, 3, 0]
[7, 3, 1]
[7, 3, 2]
[7, 3, 5]
[7, 3, 4, 6]
[7, 3, 4, 0]
[7, 3, 4, 1]
[7, 3, 4, 2]
[7, 3, 4, 5]
[7, 3, 4, 6, 0]
[7, 3, 4, 6, 1]
[7, 3, 4, 6, 2]
[7, 3, 4, 6, 5]
[7, 3, 4, 6, 0, 1]
[7, 3, 4, 6, 0, 2]
[7, 3, 4, 6, 0, 5]
[7, 3, 4, 6, 0, 1, 2]
[7, 3, 4, 6, 0, 1, 5]
[7, 3, 4, 6, 0, 1, 2, 5]
failed -> 17 times
after fail n ======> 8
[0, 1, 2, 5, 3, 4, 6, 7]
0.04878048780487805 0.05555555555555555
itercount --------> 1
[4, 2, 5]
0.05555555555555555 0.08
itercount --------> 2
[5, 0, 1]
[5, 0, 6]
0.08 0.11764705882352941
itercount --------> 3
[1, 6, 3]
[1, 6, 0]
[1, 6, 5]
0.11764705882352941 0.15384615384615385
itercount --------> 4
[0, 1, 5]
[0, 1, 3]
0.15384615384615385 0.16666666666666666
itercount --------> 5
[0, 1, 2]
[0, 1, 5]
[0, 1, 3]
0.16666666666666666 0.2
itercount --------> 6
[6, 1, 7]
0.2 0.23076923076923078
itercount --------> 7
[0, 1, 5]
[0, 1, 6]
0.23076923076923078 0.26666666666666666
itercount --------> 8
[1, 6, 3]
[1, 6, 7]
0.26666666666666666 0.3125
itercount --------> 9
[6, 3, 1]
[6, 3, 7]
[6, 3, 4]
[6, 3, 0]
[6, 3, 5]
0.3125 0.47058823529411764
itercount --------> 10
[7, 1, 3]
[7, 1, 4]
0.47058823529411764 0.47368421052631576
itercount --------> 11
[1, 7, 5]
[1, 7, 0]
[1, 7, 3]
[1, 7, 6]
[1, 7, 4]
[1, 7, 2]
0.47368421052631576 0.5625
itercount --------> 12
[3, 7, 4]
[3, 7, 0]
[3, 7, 1]
[3, 7, 5]
[3, 7, 6]
[3, 7, 2]
[3, 7, 4, 0]
0.5625 0.6111111111111112
itercount --------> 13
[7, 3, 4]
[7, 3, 6]
[7, 3, 0]
[7, 3, 1]
[7, 3, 2]
[7, 3, 5]
[7, 3, 4, 6]
[7, 3, 4, 0]
[7, 3, 4, 1]
[7, 3, 4, 2]
[7, 3, 4, 5]
[7, 3, 4, 6, 0]
[7, 3, 4, 6, 1]
0.6111111111111112 0.6666666666666666
itercount --------> 14
[1, 5, 7]
[1, 5, 0]
[1, 5, 4]
[1, 5, 2]
[1, 5, 3]
[1, 5, 6]
[1, 5, 7, 0]
[1, 5, 7, 4]
[1, 5, 7, 2]
[1, 5, 7, 3]
[1, 5, 7, 6]
[1, 5, 7, 0, 4]
[1, 5, 7, 0, 2]
0.6666666666666666 0.7142857142857143
itercount --------> 15
[7, 1, 4]
[7, 1, 5]
[7, 1, 0]
[7, 1, 2]
[7, 1, 3]
[7, 1, 6]
[7, 1, 4, 5]
[7, 1, 4, 0]
0.7142857142857143 0.7692307692307693
itercount --------> 16
[7, 4, 0]
[7, 4, 1]
[7, 4, 2]
[7, 4, 3]
[7, 4, 5]
[7, 4, 6]
[7, 4, 0, 1]
[7, 4, 0, 2]
[7, 4, 0, 3]
[7, 4, 0, 5]
[7, 4, 0, 6]
[7, 4, 0, 1, 2]
[7, 4, 0, 1, 3]
[7, 4, 0, 1, 5]
[7, 4, 0, 1, 6]
[7, 4, 0, 1, 2, 3]
[7, 4, 0, 1, 2, 5]
[7, 4, 0, 1, 2, 6]
[7, 4, 0, 1, 2, 3, 5]
[7, 4, 0, 1, 2, 3, 6]
[7, 4, 0, 1, 2, 3, 5, 6]
failed -> 18 times
after fail n ======> 5
[0, 1, 2, 5, 3]
0.04878048780487805 0.05555555555555555
itercount --------> 1
[4, 1, 5]
0.05555555555555555 0.08
itercount --------> 2
[1, 0, 2]
0.08 0.11764705882352941
itercount --------> 3
[0, 6, 3]
0.11764705882352941 0.15384615384615385
itercount --------> 4
[1, 2, 6]
0.15384615384615385 0.16666666666666666
itercount --------> 5
[0, 1, 2]
[0, 1, 5]
[0, 1, 3]
[0, 1, 6]
[0, 1, 7]
[0, 1, 4]
[0, 1, 2, 5]
[0, 1, 2, 3]
[0, 1, 2, 6]
[0, 1, 2, 7]
0.16666666666666666 0.23076923076923078
itercount --------> 6
[1, 2, 6]
[1, 2, 3]
0.23076923076923078 0.25
itercount --------> 7
[0, 1, 2]
[0, 1, 3]
[0, 1, 5]
[0, 1, 6]
[0, 1, 7]
[0, 1, 4]
[0, 1, 2, 3]
[0, 1, 2, 5]
[0, 1, 2, 6]
[0, 1, 2, 7]
[0, 1, 2, 4]
[0, 1, 2, 3, 5]
[0, 1, 2, 3, 6]
[0, 1, 2, 3, 7]
[0, 1, 2, 3, 4]
[0, 1, 2, 3, 5, 6]
[0, 1, 2, 3, 5, 7]
[0, 1, 2, 3, 5, 4]
[0, 1, 2, 3, 5, 6, 7]
[0, 1, 2, 3, 5, 6, 4]
[0, 1, 2, 3, 5, 6, 7, 4]
failed -> 19 times
after fail n ======> 6
[0, 1, 2, 5, 3, 4]
0.04878048780487805 0.09375
itercount --------> 1
[0, 5, 2]
0.09375 0.13636363636363635
itercount --------> 2
[5, 2, 0]
0.13636363636363635 0.21428571428571427
itercount --------> 3
[0, 2, 5]
[0, 2, 3]
[0, 2, 1]
[0, 2, 4]
0.21428571428571427 0.23076923076923078
itercount --------> 4
[0, 1, 2]
[0, 1, 5]
[0, 1, 3]
0.23076923076923078 0.3076923076923077
itercount --------> 5
[0, 1, 2]
[0, 1, 5]
[0, 1, 3]
[0, 1, 4]
[0, 1, 6]
0.3076923076923077 0.3333333333333333
itercount --------> 6
[1, 6, 3]
0.3333333333333333 0.35714285714285715
itercount --------> 7
[0, 1, 2]
[0, 1, 5]
[0, 1, 4]
[0, 1, 3]
[0, 1, 7]
0.35714285714285715 0.375
itercount --------> 8
[0, 1, 4]
0.375 0.4666666666666667
itercount --------> 9
[4, 6, 7]
[4, 6, 0]
0.4666666666666667 0.5294117647058824
itercount --------> 10
[4, 6, 0]
[4, 6, 1]
[4, 6, 2]
[4, 6, 5]
[4, 6, 3]
[4, 6, 7]
[4, 6, 0, 1]
[4, 6, 0, 2]
[4, 6, 0, 5]
[4, 6, 0, 3]
[4, 6, 0, 7]
[4, 6, 0, 1, 2]
[4, 6, 0, 1, 5]
[4, 6, 0, 1, 3]
[4, 6, 0, 1, 7]
[4, 6, 0, 1, 2, 5]
[4, 6, 0, 1, 2, 3]
0.5294117647058824 0.5333333333333333
itercount --------> 11
[7, 3, 4]
0.5333333333333333 0.6111111111111112
itercount --------> 12
[7, 3, 4]
[7, 3, 6]
[7, 3, 0]
0.6111111111111112 0.6153846153846154
itercount --------> 13
[0, 1, 2]
[0, 1, 5]
[0, 1, 7]
0.6153846153846154 0.6666666666666666
itercount --------> 14
[0, 1, 2]
[0, 1, 3]
[0, 1, 5]
[0, 1, 7]
[0, 1, 6]
[0, 1, 4]
[0, 1, 2, 3]
[0, 1, 2, 5]
[0, 1, 2, 7]
[0, 1, 2, 6]
[0, 1, 2, 4]
[0, 1, 2, 3, 5]
[0, 1, 2, 3, 7]
[0, 1, 2, 3, 6]
[0, 1, 2, 3, 4]
[0, 1, 2, 3, 5, 7]
[0, 1, 2, 3, 5, 6]
[0, 1, 2, 3, 5, 4]
[0, 1, 2, 3, 5, 7, 6]
[0, 1, 2, 3, 5, 7, 4]
[0, 1, 2, 3, 5, 7, 6, 4]
failed -> 20 times
after fail n ======> 7
[0, 1, 2, 5, 3, 4, 6]
0.04878048780487805 0.05555555555555555
itercount --------> 1
[4, 0, 2]
[4, 0, 1]
[4, 0, 3]
0.05555555555555555 0.08
itercount --------> 2
[4, 0, 1]
[4, 0, 5]
0.08 0.11764705882352941
itercount --------> 3
[4, 1, 6]
0.11764705882352941 0.13333333333333333
itercount --------> 4
[2, 6, 7]
0.13333333333333333 0.15384615384615385
itercount --------> 5
[0, 4, 5]
0.15384615384615385 0.21428571428571427
itercount --------> 6
[6, 0, 4]
[6, 0, 7]
[6, 0, 3]
[6, 0, 5]
0.21428571428571427 0.23076923076923078
itercount --------> 7
[6, 0, 4]
[6, 0, 7]
0.23076923076923078 0.25
itercount --------> 8
[6, 0, 1]
[6, 0, 2]
[6, 0, 5]
[6, 0, 7]
[6, 0, 3]
[6, 0, 4]
[6, 0, 1, 2]
[6, 0, 1, 5]
[6, 0, 1, 7]
[6, 0, 1, 3]
[6, 0, 1, 4]
[6, 0, 1, 2, 5]
[6, 0, 1, 2, 7]
[6, 0, 1, 2, 3]
[6, 0, 1, 2, 4]
[6, 0, 1, 2, 5, 7]
[6, 0, 1, 2, 5, 3]
[6, 0, 1, 2, 5, 4]
[6, 0, 1, 2, 5, 7, 3]
[6, 0, 1, 2, 5, 7, 4]
[6, 0, 1, 2, 5, 7, 3, 4]
failed -> 21 times
after fail n ======> 8
[0, 1, 2, 5, 3, 4, 6, 7]
0.04878048780487805 0.05357142857142857
itercount --------> 1
[0, 1, 2]
[0, 1, 5]
0.05357142857142857 0.09375
itercount --------> 2
[0, 2, 1]
0.09375 0.15
itercount --------> 3
[0, 1, 2]
0.15 0.21428571428571427
itercount --------> 4
[0, 1, 2]
[0, 1, 5]
[0, 1, 3]
0.21428571428571427 0.2222222222222222
itercount --------> 5
[1, 5, 6]
0.2222222222222222 0.3
itercount --------> 6
[1, 6, 0]
[1, 6, 2]
0.3 0.3333333333333333
itercount --------> 7
[1, 5, 6]
0.3333333333333333 0.45
itercount --------> 8
[5, 7, 1]
[5, 7, 0]
0.45 0.4666666666666667
itercount --------> 9
[7, 1, 5]
[7, 1, 4]
0.4666666666666667 0.5384615384615384
itercount --------> 10
[7, 4, 3]
[7, 4, 6]
[7, 4, 0]
[7, 4, 1]
[7, 4, 2]
[7, 4, 5]
[7, 4, 3, 6]
[7, 4, 3, 0]
[7, 4, 3, 1]
[7, 4, 3, 2]
[7, 4, 3, 5]
[7, 4, 3, 6, 0]
[7, 4, 3, 6, 1]
[7, 4, 3, 6, 2]
[7, 4, 3, 6, 5]
[7, 4, 3, 6, 0, 1]
[7, 4, 3, 6, 0, 2]
[7, 4, 3, 6, 0, 5]
[7, 4, 3, 6, 0, 1, 2]
[7, 4, 3, 6, 0, 1, 5]
0.5384615384615384 0.5625
itercount --------> 11
[5, 7, 1]
[5, 7, 3]
[5, 7, 4]
[5, 7, 0]
[5, 7, 2]
[5, 7, 6]
[5, 7, 1, 3]
[5, 7, 1, 4]
[5, 7, 1, 0]
[5, 7, 1, 2]
[5, 7, 1, 6]
[5, 7, 1, 3, 4]
[5, 7, 1, 3, 0]
[5, 7, 1, 3, 2]
[5, 7, 1, 3, 6]
[5, 7, 1, 3, 4, 0]
[5, 7, 1, 3, 4, 2]
[5, 7, 1, 3, 4, 6]
[5, 7, 1, 3, 4, 0, 2]
0.5625 0.5714285714285714
itercount --------> 12
[3, 7, 4]
[3, 7, 1]
[3, 7, 5]
[3, 7, 6]
[3, 7, 0]
[3, 7, 2]
[3, 7, 4, 1]
[3, 7, 4, 5]
[3, 7, 4, 6]
[3, 7, 4, 0]
[3, 7, 4, 2]
[3, 7, 4, 1, 5]
0.5714285714285714 0.625
itercount --------> 13
[5, 1, 7]
[5, 1, 6]
[5, 1, 0]
[5, 1, 2]
[5, 1, 3]
[5, 1, 4]
[5, 1, 7, 6]
[5, 1, 7, 0]
[5, 1, 7, 2]
[5, 1, 7, 3]
[5, 1, 7, 4]
[5, 1, 7, 6, 0]
[5, 1, 7, 6, 2]
[5, 1, 7, 6, 3]
[5, 1, 7, 6, 4]
[5, 1, 7, 6, 0, 2]
0.625 0.6666666666666666
itercount --------> 14
[1, 7, 4]
[1, 7, 6]
[1, 7, 0]
0.6666666666666666 0.7142857142857143
itercount --------> 15
[6, 7, 0]
[6, 7, 1]
[6, 7, 2]
[6, 7, 3]
[6, 7, 4]
[6, 7, 5]
[6, 7, 0, 1]
[6, 7, 0, 2]
[6, 7, 0, 3]
[6, 7, 0, 4]
[6, 7, 0, 5]
[6, 7, 0, 1, 2]
[6, 7, 0, 1, 3]
[6, 7, 0, 1, 4]
[6, 7, 0, 1, 5]
[6, 7, 0, 1, 2, 3]
[6, 7, 0, 1, 2, 4]
[6, 7, 0, 1, 2, 5]
[6, 7, 0, 1, 2, 3, 4]
[6, 7, 0, 1, 2, 3, 5]
[6, 7, 0, 1, 2, 3, 4, 5]
failed -> 22 times
after fail n ======> 5
[0, 1, 2, 5, 3]
0.04878048780487805 0.09375
itercount --------> 1
[1, 2, 4]
0.09375 0.09523809523809523
itercount --------> 2
[1, 4, 2]
[1, 4, 0]
0.09523809523809523 0.13636363636363635
itercount --------> 3
[2, 4, 0]
0.13636363636363635 0.15384615384615385
itercount --------> 4
[4, 0, 1]
[4, 0, 5]
0.15384615384615385 0.16666666666666666
itercount --------> 5
[2, 0, 4]
0.16666666666666666 0.2
itercount --------> 6
[0, 4, 1]
[0, 4, 5]
0.2 0.23529411764705882
itercount --------> 7
[5, 4, 6]
[5, 4, 7]
[5, 4, 0]
[5, 4, 1]
[5, 4, 2]
[5, 4, 3]
[5, 4, 6, 7]
0.23529411764705882 0.2777777777777778
itercount --------> 8
[6, 3, 5]
[6, 3, 7]
[6, 3, 0]
0.2777777777777778 0.42105263157894735
itercount --------> 9
[5, 7, 0]
[5, 7, 2]
0.42105263157894735 0.47058823529411764
itercount --------> 10
[7, 0, 4]
[7, 0, 1]
0.47058823529411764 0.5
itercount --------> 11
[7, 4, 0]
[7, 4, 3]
[7, 4, 5]
0.5 0.5384615384615384
itercount --------> 12
[7, 4, 3]
[7, 4, 6]
[7, 4, 0]
[7, 4, 1]
[7, 4, 2]
[7, 4, 5]
[7, 4, 3, 6]
[7, 4, 3, 0]
[7, 4, 3, 1]
[7, 4, 3, 2]
[7, 4, 3, 5]
[7, 4, 3, 6, 0]
[7, 4, 3, 6, 1]
[7, 4, 3, 6, 2]
[7, 4, 3, 6, 5]
[7, 4, 3, 6, 0, 1]
[7, 4, 3, 6, 0, 2]
[7, 4, 3, 6, 0, 5]
[7, 4, 3, 6, 0, 1, 2]
[7, 4, 3, 6, 0, 1, 5]
[7, 4, 3, 6, 0, 1, 2, 5]
failed -> 23 times
after fail n ======> 6
[0, 1, 2, 5, 3, 4]
0.04878048780487805 0.05555555555555555
itercount --------> 1
[4, 0, 5]
[4, 0, 1]
0.05555555555555555 0.07142857142857142
itercount --------> 2
[4, 2, 6]
0.07142857142857142 0.08333333333333333
itercount --------> 3
[0, 1, 2]
[0, 1, 5]
[0, 1, 3]
0.08333333333333333 0.13333333333333333
itercount --------> 4
[4, 6, 0]
0.13333333333333333 0.14285714285714285
itercount --------> 5
[4, 6, 5]
[4, 6, 7]
0.14285714285714285 0.2
itercount --------> 6
[6, 2, 5]
0.2 0.21428571428571427
itercount --------> 7
[6, 1, 7]
0.21428571428571427 0.23076923076923078
itercount --------> 8
[6, 0, 1]
[6, 0, 7]
0.23076923076923078 0.25
itercount --------> 9
[6, 0, 1]
[6, 0, 2]
[6, 0, 5]
[6, 0, 7]
[6, 0, 3]
[6, 0, 4]
[6, 0, 1, 2]
[6, 0, 1, 5]
[6, 0, 1, 7]
[6, 0, 1, 3]
[6, 0, 1, 4]
[6, 0, 1, 2, 5]
[6, 0, 1, 2, 7]
[6, 0, 1, 2, 3]
[6, 0, 1, 2, 4]
[6, 0, 1, 2, 5, 7]
[6, 0, 1, 2, 5, 3]
[6, 0, 1, 2, 5, 4]
[6, 0, 1, 2, 5, 7, 3]
[6, 0, 1, 2, 5, 7, 4]
[6, 0, 1, 2, 5, 7, 3, 4]
failed -> 24 times
after fail n ======> 7
[0, 1, 2, 5, 3, 4, 6]
0.04878048780487805 0.05405405405405406
itercount --------> 1
[2, 5, 6]
0.05405405405405406 0.08695652173913043
itercount --------> 2
[6, 3, 0]
0.08695652173913043 0.08823529411764706
itercount --------> 3
[6, 0, 1]
0.08823529411764706 0.15
itercount --------> 4
[1, 2, 5]
[1, 2, 3]
0.15 0.16666666666666666
itercount --------> 5
[1, 2, 5]
0.16666666666666666 0.23076923076923078
itercount --------> 6
[1, 2, 5]
[1, 2, 4]
0.23076923076923078 0.26666666666666666
itercount --------> 7
[2, 7, 4]
0.26666666666666666 0.3076923076923077
itercount --------> 8
[1, 2, 5]
[1, 2, 3]
[1, 2, 7]
0.3076923076923077 0.3333333333333333
itercount --------> 9
[0, 1, 2]
[0, 1, 5]
[0, 1, 7]
[0, 1, 3]
[0, 1, 4]
[0, 1, 6]
[0, 1, 2, 5]
[0, 1, 2, 7]
[0, 1, 2, 3]
[0, 1, 2, 4]
[0, 1, 2, 6]
[0, 1, 2, 5, 7]
[0, 1, 2, 5, 3]
[0, 1, 2, 5, 4]
[0, 1, 2, 5, 6]
[0, 1, 2, 5, 7, 3]
0.3333333333333333 0.35
itercount --------> 10
[1, 0, 4]
[1, 0, 2]
0.35 0.3888888888888889
itercount --------> 11
[0, 4, 1]
0.3888888888888889 0.4
itercount --------> 12
[0, 1, 2]
0.4 0.47058823529411764
itercount --------> 13
[1, 3, 6]
[1, 3, 7]
[1, 3, 0]
[1, 3, 2]
0.47058823529411764 0.5333333333333333
itercount --------> 14
[3, 6, 1]
[3, 6, 7]
[3, 6, 4]
0.5333333333333333 0.5625
itercount --------> 15
[6, 1, 4]
[6, 1, 7]
[6, 1, 0]
[6, 1, 2]
[6, 1, 3]
[6, 1, 5]
[6, 1, 4, 7]
[6, 1, 4, 0]
[6, 1, 4, 2]
0.5625 0.6
itercount --------> 16
[4, 7, 6]
0.6 0.6111111111111112
itercount --------> 17
[7, 3, 4]
[7, 3, 6]
[7, 3, 0]
0.6111111111111112 0.6153846153846154
itercount --------> 18
[0, 1, 2]
[0, 1, 5]
[0, 1, 3]
[0, 1, 7]
[0, 1, 6]
[0, 1, 4]
[0, 1, 2, 5]
[0, 1, 2, 3]
[0, 1, 2, 7]
[0, 1, 2, 6]
[0, 1, 2, 4]
[0, 1, 2, 5, 3]
[0, 1, 2, 5, 7]
[0, 1, 2, 5, 6]
[0, 1, 2, 5, 4]
[0, 1, 2, 5, 3, 7]
[0, 1, 2, 5, 3, 6]
[0, 1, 2, 5, 3, 4]
0.6153846153846154 0.6666666666666666
itercount --------> 19
[0, 1, 2]
[0, 1, 3]
[0, 1, 5]
[0, 1, 7]
[0, 1, 6]
[0, 1, 4]
[0, 1, 2, 3]
[0, 1, 2, 5]
[0, 1, 2, 7]
[0, 1, 2, 6]
[0, 1, 2, 4]
[0, 1, 2, 3, 5]
[0, 1, 2, 3, 7]
[0, 1, 2, 3, 6]
[0, 1, 2, 3, 4]
[0, 1, 2, 3, 5, 7]
[0, 1, 2, 3, 5, 6]
[0, 1, 2, 3, 5, 4]
[0, 1, 2, 3, 5, 7, 6]
[0, 1, 2, 3, 5, 7, 4]
[0, 1, 2, 3, 5, 7, 6, 4]
failed -> 25 times
after fail n ======> 8
[0, 1, 2, 5, 3, 4, 6, 7]
0.04878048780487805 0.05357142857142857
itercount --------> 1
[0, 1, 2]
0.05357142857142857 0.09375
itercount --------> 2
[0, 5, 1]
0.09375 0.13333333333333333
itercount --------> 3
[1, 5, 4]
0.13333333333333333 0.3125
itercount --------> 4
[0, 6, 3]
0.3125 0.3333333333333333
itercount --------> 5
[0, 6, 3]
[0, 6, 4]
[0, 6, 7]
0.3333333333333333 0.4666666666666667
itercount --------> 6
[5, 0, 3]
[5, 0, 1]
[5, 0, 2]
0.4666666666666667 0.5384615384615384
itercount --------> 7
[0, 1, 2]
[0, 1, 5]
[0, 1, 3]
[0, 1, 4]
[0, 1, 7]
0.5384615384615384 0.5833333333333334
itercount --------> 8
[4, 0, 1]
[4, 0, 2]
[4, 0, 3]
0.5833333333333334 0.6153846153846154
itercount --------> 9
[0, 1, 2]
[0, 1, 5]
[0, 1, 4]
[0, 1, 7]
[0, 1, 6]
[0, 1, 3]
[0, 1, 2, 5]
[0, 1, 2, 4]
[0, 1, 2, 7]
[0, 1, 2, 6]
[0, 1, 2, 3]
0.6153846153846154 0.6666666666666666
itercount --------> 10
[4, 0, 1]
[4, 0, 2]
[4, 0, 5]
[4, 0, 7]
[4, 0, 3]
[4, 0, 6]
[4, 0, 1, 2]
[4, 0, 1, 5]
[4, 0, 1, 7]
[4, 0, 1, 3]
[4, 0, 1, 6]
[4, 0, 1, 2, 5]
[4, 0, 1, 2, 7]
[4, 0, 1, 2, 3]
[4, 0, 1, 2, 6]
[4, 0, 1, 2, 5, 7]
[4, 0, 1, 2, 5, 3]
[4, 0, 1, 2, 5, 6]
[4, 0, 1, 2, 5, 7, 3]
[4, 0, 1, 2, 5, 7, 6]
[4, 0, 1, 2, 5, 7, 3, 6]
failed -> 26 times
after fail n ======> 5
[0, 1, 2, 5, 3]
0.04878048780487805 0.08
itercount --------> 1
[0, 5, 3]
[0, 5, 4]
0.08 0.15
itercount --------> 2
[5, 1, 2]
0.15 0.2
itercount --------> 3
[5, 0, 3]
0.2 0.23529411764705882
itercount --------> 4
[0, 6, 3]
0.23529411764705882 0.25
itercount --------> 5
[5, 0, 1]
0.25 0.26666666666666666
itercount --------> 6
[5, 7, 4]
0.26666666666666666 0.3076923076923077
itercount --------> 7
[0, 1, 2]
[0, 1, 5]
[0, 1, 3]
[0, 1, 7]
0.3076923076923077 0.3333333333333333
itercount --------> 8
[0, 1, 2]
[0, 1, 5]
[0, 1, 7]
[0, 1, 3]
[0, 1, 4]
[0, 1, 6]
[0, 1, 2, 5]
[0, 1, 2, 7]
[0, 1, 2, 3]
[0, 1, 2, 4]
[0, 1, 2, 6]
[0, 1, 2, 5, 7]
[0, 1, 2, 5, 3]
[0, 1, 2, 5, 4]
[0, 1, 2, 5, 6]
[0, 1, 2, 5, 7, 3]
0.3333333333333333 0.3684210526315789
itercount --------> 9
[0, 4, 3]
[0, 4, 1]
[0, 4, 2]
0.3684210526315789 0.42105263157894735
itercount --------> 10
[0, 2, 1]
[0, 2, 5]
[0, 2, 6]
[0, 2, 3]
[0, 2, 7]
[0, 2, 4]
[0, 2, 1, 5]
0.42105263157894735 0.47058823529411764
itercount --------> 11
[6, 0, 1]
[6, 0, 2]
[6, 0, 3]
[6, 0, 5]
[6, 0, 7]
[6, 0, 4]
0.47058823529411764 0.5
itercount --------> 12
[0, 1, 2]
[0, 1, 5]
[0, 1, 3]
[0, 1, 7]
[0, 1, 6]
[0, 1, 4]
[0, 1, 2, 5]
[0, 1, 2, 3]
[0, 1, 2, 7]
[0, 1, 2, 6]
0.5 0.5294117647058824
itercount --------> 13
[0, 3, 4]
[0, 3, 6]
[0, 3, 7]
[0, 3, 1]
[0, 3, 2]
[0, 3, 5]
0.5294117647058824 0.6
itercount --------> 14
[3, 7, 6]
[3, 7, 0]
[3, 7, 1]
[3, 7, 2]
[3, 7, 4]
[3, 7, 5]
[3, 7, 6, 0]
[3, 7, 6, 1]
[3, 7, 6, 2]
[3, 7, 6, 4]
[3, 7, 6, 5]
[3, 7, 6, 0, 1]
[3, 7, 6, 0, 2]
[3, 7, 6, 0, 4]
[3, 7, 6, 0, 5]
[3, 7, 6, 0, 1, 2]
0.6 0.6428571428571429
itercount --------> 15
[3, 7, 6]
[3, 7, 4]
0.6428571428571429 0.6470588235294118
itercount --------> 16
[7, 3, 4]
[7, 3, 6]
[7, 3, 0]
0.6470588235294118 0.6666666666666666
itercount --------> 17
[0, 1, 2]
[0, 1, 3]
[0, 1, 5]
[0, 1, 7]
[0, 1, 6]
[0, 1, 4]
[0, 1, 2, 3]
[0, 1, 2, 5]
[0, 1, 2, 7]
[0, 1, 2, 6]
[0, 1, 2, 4]
[0, 1, 2, 3, 5]
[0, 1, 2, 3, 7]
[0, 1, 2, 3, 6]
[0, 1, 2, 3, 4]
[0, 1, 2, 3, 5, 7]
[0, 1, 2, 3, 5, 6]
[0, 1, 2, 3, 5, 4]
[0, 1, 2, 3, 5, 7, 6]
[0, 1, 2, 3, 5, 7, 4]
[0, 1, 2, 3, 5, 7, 6, 4]
failed -> 27 times
after fail n ======> 6
[0, 1, 2, 5, 3, 4]
0.04878048780487805 0.08
itercount --------> 1
[0, 2, 3]
0.08 0.15
itercount --------> 2
[0, 4, 1]
0.15 0.2
itercount --------> 3
[0, 1, 2]
0.2 0.2222222222222222
itercount --------> 4
[0, 6, 1]
0.2222222222222222 0.23809523809523808
itercount --------> 5
[0, 1, 6]
[0, 1, 2]
0.23809523809523808 0.2777777777777778
itercount --------> 6
[1, 5, 0]
0.2777777777777778 0.29411764705882354
itercount --------> 7
[1, 6, 4]
[1, 6, 0]
0.29411764705882354 0.38095238095238093
itercount --------> 8
[0, 7, 1]
0.38095238095238093 0.47058823529411764
itercount --------> 9
[7, 0, 1]
[7, 0, 4]
[7, 0, 3]
[7, 0, 2]
0.47058823529411764 0.5
itercount --------> 10
[7, 4, 3]
[7, 4, 0]
[7, 4, 1]
[7, 4, 5]
[7, 4, 6]
[7, 4, 2]
[7, 4, 3, 0]
0.5 0.5384615384615384
itercount --------> 11
[7, 4, 3]
[7, 4, 6]
[7, 4, 0]
[7, 4, 1]
[7, 4, 2]
[7, 4, 5]
[7, 4, 3, 6]
[7, 4, 3, 0]
[7, 4, 3, 1]
[7, 4, 3, 2]
[7, 4, 3, 5]
[7, 4, 3, 6, 0]
[7, 4, 3, 6, 1]
[7, 4, 3, 6, 2]
[7, 4, 3, 6, 5]
[7, 4, 3, 6, 0, 1]
[7, 4, 3, 6, 0, 2]
[7, 4, 3, 6, 0, 5]
[7, 4, 3, 6, 0, 1, 2]
[7, 4, 3, 6, 0, 1, 5]
[7, 4, 3, 6, 0, 1, 2, 5]
0.5384615384615384 0.6
itercount --------> 12
[7, 0, 1]
[7, 0, 4]
0.6 0.7692307692307693
itercount --------> 13
[6, 7, 3]
[6, 7, 4]
[6, 7, 0]
[6, 7, 1]
[6, 7, 2]
[6, 7, 5]
[6, 7, 3, 4]
[6, 7, 3, 0]
[6, 7, 3, 1]
[6, 7, 3, 2]
[6, 7, 3, 5]
[6, 7, 3, 4, 0]
[6, 7, 3, 4, 1]
[6, 7, 3, 4, 2]
[6, 7, 3, 4, 5]
[6, 7, 3, 4, 0, 1]
[6, 7, 3, 4, 0, 2]
[6, 7, 3, 4, 0, 5]
[6, 7, 3, 4, 0, 1, 2]
[6, 7, 3, 4, 0, 1, 5]
[6, 7, 3, 4, 0, 1, 2, 5]
failed -> 28 times
after fail n ======> 7
[0, 1, 2, 5, 3, 4, 6]
0.04878048780487805 0.05555555555555555
itercount --------> 1
[4, 1, 2]
0.05555555555555555 0.08
itercount --------> 2
[2, 0, 5]
0.08 0.11764705882352941
itercount --------> 3
[5, 6, 3]
0.11764705882352941 0.125
itercount --------> 4
[5, 6, 3]
0.125 0.16666666666666666
itercount --------> 5
[5, 3, 7]
0.16666666666666666 0.2
itercount --------> 6
[5, 3, 6]
[5, 3, 2]
0.2 0.23529411764705882
itercount --------> 7
[5, 3, 6]
[5, 3, 2]
0.23529411764705882 0.2631578947368421
itercount --------> 8
[5, 2, 4]
[5, 2, 6]
0.2631578947368421 0.26666666666666666
itercount --------> 9
[5, 6, 3]
[5, 6, 4]
[5, 6, 7]
0.26666666666666666 0.3333333333333333
itercount --------> 10
[5, 0, 2]
0.3333333333333333 0.42857142857142855
itercount --------> 11
[0, 2, 5]
[0, 2, 1]
0.42857142857142855 0.46153846153846156
itercount --------> 12
[0, 1, 2]
[0, 1, 5]
[0, 1, 3]
[0, 1, 4]
[0, 1, 6]
0.46153846153846156 0.5
itercount --------> 13
[0, 1, 2]
[0, 1, 5]
[0, 1, 3]
0.5 0.5384615384615384
itercount --------> 14
[4, 3, 7]
[4, 3, 6]
[4, 3, 0]
[4, 3, 1]
[4, 3, 2]
[4, 3, 5]
0.5384615384615384 0.5714285714285714
itercount --------> 15
[3, 4, 5]
0.5714285714285714 0.6
itercount --------> 16
[5, 6, 4]
0.6 0.6666666666666666
itercount --------> 17
[0, 1, 2]
[0, 1, 5]
[0, 1, 7]
[0, 1, 3]
[0, 1, 4]
[0, 1, 6]
[0, 1, 2, 5]
[0, 1, 2, 7]
[0, 1, 2, 3]
[0, 1, 2, 4]
[0, 1, 2, 6]
[0, 1, 2, 5, 7]
[0, 1, 2, 5, 3]
[0, 1, 2, 5, 4]
[0, 1, 2, 5, 6]
[0, 1, 2, 5, 7, 3]
[0, 1, 2, 5, 7, 4]
[0, 1, 2, 5, 7, 6]
[0, 1, 2, 5, 7, 3, 4]
[0, 1, 2, 5, 7, 3, 6]
[0, 1, 2, 5, 7, 3, 4, 6]
failed -> 29 times
after fail n ======> 8
[0, 1, 2, 5, 3, 4, 6, 7]
0.04878048780487805 0.05555555555555555
itercount --------> 1
[4, 2, 5]
0.05555555555555555 0.08
itercount --------> 2
[5, 0, 1]
0.08 0.11764705882352941
itercount --------> 3
[1, 6, 3]
0.11764705882352941 0.15384615384615385
itercount --------> 4
[0, 5, 6]
0.15384615384615385 0.16666666666666666
itercount --------> 5
[0, 1, 2]
[0, 1, 5]
[0, 1, 3]
[0, 1, 6]
[0, 1, 7]
[0, 1, 4]
[0, 1, 2, 5]
[0, 1, 2, 3]
0.16666666666666666 0.21428571428571427
itercount --------> 6
[6, 1, 7]
0.21428571428571427 0.25
itercount --------> 7
[6, 0, 1]
[6, 0, 2]
[6, 0, 5]
[6, 0, 7]
[6, 0, 3]
[6, 0, 4]
[6, 0, 1, 2]
[6, 0, 1, 5]
0.25 0.29411764705882354
itercount --------> 8
[7, 1, 2]
0.29411764705882354 0.3125
itercount --------> 9
[7, 4, 6]
[7, 4, 3]
[7, 4, 0]
[7, 4, 1]
[7, 4, 2]
[7, 4, 5]
0.3125 0.4375
itercount --------> 10
[7, 0, 4]
[7, 0, 5]
[7, 0, 3]
[7, 0, 6]
[7, 0, 1]
0.4375 0.4666666666666667
itercount --------> 11
[7, 4, 5]
0.4666666666666667 0.5384615384615384
itercount --------> 12
[7, 4, 3]
[7, 4, 6]
[7, 4, 0]
[7, 4, 1]
[7, 4, 2]
[7, 4, 5]
[7, 4, 3, 6]
[7, 4, 3, 0]
[7, 4, 3, 1]
[7, 4, 3, 2]
[7, 4, 3, 5]
[7, 4, 3, 6, 0]
[7, 4, 3, 6, 1]
[7, 4, 3, 6, 2]
[7, 4, 3, 6, 5]
[7, 4, 3, 6, 0, 1]
[7, 4, 3, 6, 0, 2]
[7, 4, 3, 6, 0, 5]
[7, 4, 3, 6, 0, 1, 2]
[7, 4, 3, 6, 0, 1, 5]
[7, 4, 3, 6, 0, 1, 2, 5]
failed -> 30 times
after fail n ======> 5
[0, 1, 2, 5, 3]
0.04878048780487805 0.08
itercount --------> 1
[1, 5, 3]
0.08 0.15
itercount --------> 2
[1, 4, 0]
0.15 0.25
itercount --------> 3
[1, 4, 6]
[1, 4, 3]
[1, 4, 7]
[1, 4, 0]
[1, 4, 2]
0.25 0.26666666666666666
itercount --------> 4
[1, 5, 4]
[1, 5, 6]
0.26666666666666666 0.2857142857142857
itercount --------> 5
[1, 4, 6]
[1, 4, 3]
[1, 4, 7]
[1, 4, 0]
[1, 4, 2]
[1, 4, 5]
[1, 4, 6, 3]
[1, 4, 6, 7]
0.2857142857142857 0.3333333333333333
itercount --------> 6
[6, 3, 1]
[6, 3, 7]
0.3333333333333333 0.36363636363636365
itercount --------> 7
[1, 7, 0]
0.36363636363636365 0.3684210526315789
itercount --------> 8
[0, 1, 2]
[0, 1, 7]
0.3684210526315789 0.4666666666666667
itercount --------> 9
[7, 0, 1]
[7, 0, 2]
[7, 0, 4]
[7, 0, 3]
[7, 0, 6]
[7, 0, 5]
0.4666666666666667 0.5384615384615384
itercount --------> 10
[7, 4, 3]
[7, 4, 6]
[7, 4, 0]
[7, 4, 1]
[7, 4, 2]
[7, 4, 5]
[7, 4, 3, 6]
[7, 4, 3, 0]
[7, 4, 3, 1]
[7, 4, 3, 2]
[7, 4, 3, 5]
[7, 4, 3, 6, 0]
[7, 4, 3, 6, 1]
[7, 4, 3, 6, 2]
[7, 4, 3, 6, 5]
[7, 4, 3, 6, 0, 1]
[7, 4, 3, 6, 0, 2]
[7, 4, 3, 6, 0, 5]
[7, 4, 3, 6, 0, 1, 2]
0.5384615384615384 0.6153846153846154
itercount --------> 11
[7, 4, 3]
[7, 4, 6]
[7, 4, 0]
[7, 4, 1]
[7, 4, 2]
[7, 4, 5]
[7, 4, 3, 6]
[7, 4, 3, 0]
[7, 4, 3, 1]
[7, 4, 3, 2]
[7, 4, 3, 5]
[7, 4, 3, 6, 0]
[7, 4, 3, 6, 1]
[7, 4, 3, 6, 2]
[7, 4, 3, 6, 5]
[7, 4, 3, 6, 0, 1]
[7, 4, 3, 6, 0, 2]
[7, 4, 3, 6, 0, 5]
[7, 4, 3, 6, 0, 1, 2]
[7, 4, 3, 6, 0, 1, 5]
[7, 4, 3, 6, 0, 1, 2, 5]
failed -> 31 times
after fail n ======> 6
[0, 1, 2, 5, 3, 4]
0.04878048780487805 0.08
itercount --------> 1
[0, 1, 3]
0.08 0.11764705882352941
itercount --------> 2
[0, 1, 2]
0.11764705882352941 0.15384615384615385
itercount --------> 3
[0, 1, 2]
[0, 1, 5]
[0, 1, 3]
0.15384615384615385 0.21428571428571427
itercount --------> 4
[1, 4, 6]
[1, 4, 3]
[1, 4, 7]
0.21428571428571427 0.25
itercount --------> 5
[1, 6, 3]
[1, 6, 7]
0.25 0.2777777777777778
itercount --------> 6
[1, 6, 3]
[1, 6, 7]
[1, 6, 0]
0.2777777777777778 0.35
itercount --------> 7
[1, 7, 3]
0.35 0.36666666666666664
itercount --------> 8
[1, 0, 2]
0.36666666666666664 0.4583333333333333
itercount --------> 9
[0, 1, 2]
[0, 1, 5]
[0, 1, 7]
0.4583333333333333 0.4782608695652174
itercount --------> 10
[0, 1, 2]
[0, 1, 5]
[0, 1, 7]
[0, 1, 4]
[0, 1, 6]
[0, 1, 3]
[0, 1, 2, 5]
[0, 1, 2, 7]
[0, 1, 2, 4]
[0, 1, 2, 6]
[0, 1, 2, 3]
[0, 1, 2, 5, 7]
[0, 1, 2, 5, 4]
[0, 1, 2, 5, 6]
[0, 1, 2, 5, 3]
[0, 1, 2, 5, 7, 4]
0.4782608695652174 0.5263157894736842
itercount --------> 11
[0, 1, 2]
[0, 1, 5]
0.5263157894736842 0.625
itercount --------> 12
[0, 1, 2]
[0, 1, 5]
[0, 1, 7]
[0, 1, 4]
[0, 1, 3]
[0, 1, 6]
[0, 1, 2, 5]
[0, 1, 2, 7]
[0, 1, 2, 4]
[0, 1, 2, 3]
0.625 0.6666666666666666
itercount --------> 13
[0, 7, 1]
[0, 7, 2]
[0, 7, 4]
[0, 7, 5]
[0, 7, 3]
[0, 7, 6]
[0, 7, 1, 2]
[0, 7, 1, 4]
[0, 7, 1, 5]
[0, 7, 1, 3]
[0, 7, 1, 6]
[0, 7, 1, 2, 4]
[0, 7, 1, 2, 5]
[0, 7, 1, 2, 3]
[0, 7, 1, 2, 6]
[0, 7, 1, 2, 4, 5]
[0, 7, 1, 2, 4, 3]
[0, 7, 1, 2, 4, 6]
[0, 7, 1, 2, 4, 5, 3]
[0, 7, 1, 2, 4, 5, 6]
[0, 7, 1, 2, 4, 5, 3, 6]
failed -> 32 times
after fail n ======> 7
[0, 1, 2, 5, 3, 4, 6]
0.04878048780487805 0.08
itercount --------> 1
[2, 5, 3]
[2, 5, 4]
[2, 5, 6]
0.08 0.10526315789473684
itercount --------> 2
[2, 4, 3]
[2, 4, 0]
0.10526315789473684 0.125
itercount --------> 3
[2, 0, 3]
0.125 0.15789473684210525
itercount --------> 4
[2, 5, 0]
0.15789473684210525 0.2
itercount --------> 5
[0, 2, 1]
[0, 2, 5]
[0, 2, 3]
0.2 0.29411764705882354
itercount --------> 6
[2, 6, 3]
[2, 6, 0]
[2, 6, 7]
0.29411764705882354 0.4444444444444444
itercount --------> 7
[2, 7, 0]
[2, 7, 1]
0.4444444444444444 0.5
itercount --------> 8
[7, 4, 3]
[7, 4, 0]
0.5 0.5384615384615384
itercount --------> 9
[7, 4, 3]
[7, 4, 6]
[7, 4, 0]
[7, 4, 1]
[7, 4, 2]
[7, 4, 5]
[7, 4, 3, 6]
[7, 4, 3, 0]
[7, 4, 3, 1]
[7, 4, 3, 2]
[7, 4, 3, 5]
[7, 4, 3, 6, 0]
[7, 4, 3, 6, 1]
[7, 4, 3, 6, 2]
[7, 4, 3, 6, 5]
[7, 4, 3, 6, 0, 1]
[7, 4, 3, 6, 0, 2]
[7, 4, 3, 6, 0, 5]
[7, 4, 3, 6, 0, 1, 2]
[7, 4, 3, 6, 0, 1, 5]
[7, 4, 3, 6, 0, 1, 2, 5]
failed -> 33 times
after fail n ======> 8
[0, 1, 2, 5, 3, 4, 6, 7]
0.04878048780487805 0.05357142857142857
itercount --------> 1
[0, 1, 2]
0.05357142857142857 0.09375
itercount --------> 2
[2, 5, 0]
0.09375 0.15
itercount --------> 3
[0, 1, 2]
0.15 0.21428571428571427
itercount --------> 4
[0, 1, 2]
[0, 1, 5]
[0, 1, 3]
0.21428571428571427 0.25
itercount --------> 5
[1, 6, 3]
[1, 6, 7]
[1, 6, 0]
[1, 6, 2]
0.25 0.2857142857142857
itercount --------> 6
[0, 1, 2]
[0, 1, 5]
[0, 1, 3]
[0, 1, 6]
[0, 1, 7]
0.2857142857142857 0.29411764705882354
itercount --------> 7
[1, 6, 3]
0.29411764705882354 0.3333333333333333
itercount --------> 8
[6, 3, 1]
0.3333333333333333 0.35
itercount --------> 9
[1, 6, 4]
0.35 0.42105263157894735
itercount --------> 10
[1, 0, 2]
[1, 0, 5]
[1, 0, 4]
0.42105263157894735 0.4444444444444444
itercount --------> 11
[7, 0, 1]
[7, 0, 2]
[7, 0, 3]
0.4444444444444444 0.5
itercount --------> 12
[7, 3, 4]
[7, 3, 6]
[7, 3, 0]
[7, 3, 1]
[7, 3, 2]
[7, 3, 5]
[7, 3, 4, 6]
[7, 3, 4, 0]
[7, 3, 4, 1]
[7, 3, 4, 2]
[7, 3, 4, 5]
[7, 3, 4, 6, 0]
[7, 3, 4, 6, 1]
[7, 3, 4, 6, 2]
[7, 3, 4, 6, 5]
[7, 3, 4, 6, 0, 1]
[7, 3, 4, 6, 0, 2]
0.5 0.5333333333333333
itercount --------> 13
[7, 3, 4]
[7, 3, 6]
[7, 3, 0]
[7, 3, 1]
[7, 3, 2]
[7, 3, 5]
[7, 3, 4, 6]
[7, 3, 4, 0]
[7, 3, 4, 1]
[7, 3, 4, 2]
[7, 3, 4, 5]
[7, 3, 4, 6, 0]
[7, 3, 4, 6, 1]
[7, 3, 4, 6, 2]
[7, 3, 4, 6, 5]
[7, 3, 4, 6, 0, 1]
[7, 3, 4, 6, 0, 2]
[7, 3, 4, 6, 0, 5]
[7, 3, 4, 6, 0, 1, 2]
[7, 3, 4, 6, 0, 1, 5]
[7, 3, 4, 6, 0, 1, 2, 5]
failed -> 34 times
after fail n ======> 5
[0, 1, 2, 5, 3]
0.04878048780487805 0.08
itercount --------> 1
[0, 2, 3]
[0, 2, 4]
[0, 2, 6]
[0, 2, 7]
0.08 0.10526315789473684
itercount --------> 2
[2, 4, 3]
[2, 4, 1]
0.10526315789473684 0.15789473684210525
itercount --------> 3
[2, 0, 1]
0.15789473684210525 0.17647058823529413
itercount --------> 4
[2, 3, 6]
0.17647058823529413 0.2631578947368421
itercount --------> 5
[6, 3, 2]
0.2631578947368421 0.35
itercount --------> 6
[2, 4, 1]
[2, 4, 0]
0.35 0.36363636363636365
itercount --------> 7
[2, 0, 4]
0.36363636363636365 0.3888888888888889
itercount --------> 8
[2, 0, 4]
0.3888888888888889 0.4375
itercount --------> 9
[2, 3, 4]
[2, 3, 6]
[2, 3, 1]
[2, 3, 5]
0.4375 0.4666666666666667
itercount --------> 10
[4, 3, 7]
0.4666666666666667 0.47058823529411764
itercount --------> 11
[6, 1, 2]
0.47058823529411764 0.5
itercount --------> 12
[3, 6, 2]
[3, 6, 7]
[3, 6, 4]
[3, 6, 0]
[3, 6, 1]
[3, 6, 5]
[3, 6, 2, 7]
[3, 6, 2, 4]
0.5 0.5294117647058824
itercount --------> 13
[6, 2, 0]
[6, 2, 1]
[6, 2, 4]
[6, 2, 5]
[6, 2, 7]
[6, 2, 3]
[6, 2, 0, 1]
[6, 2, 0, 4]
[6, 2, 0, 5]
[6, 2, 0, 7]
[6, 2, 0, 3]
0.5294117647058824 0.5333333333333333
itercount --------> 14
[2, 6, 4]
[2, 6, 3]
[2, 6, 7]
[2, 6, 0]
[2, 6, 1]
0.5333333333333333 0.5625
itercount --------> 15
[6, 2, 1]
[6, 2, 4]
[6, 2, 5]
[6, 2, 7]
[6, 2, 0]
[6, 2, 3]
[6, 2, 1, 4]
[6, 2, 1, 5]
[6, 2, 1, 7]
[6, 2, 1, 0]
[6, 2, 1, 3]
[6, 2, 1, 4, 5]
[6, 2, 1, 4, 7]
0.5625 0.5882352941176471
itercount --------> 16
[2, 1, 5]
[2, 1, 4]
[2, 1, 6]
[2, 1, 0]
[2, 1, 3]
[2, 1, 7]
[2, 1, 5, 4]
[2, 1, 5, 6]
0.5882352941176471 0.6
itercount --------> 17
[2, 4, 6]
[2, 4, 1]
[2, 4, 3]
[2, 4, 5]
[2, 4, 0]
[2, 4, 7]
[2, 4, 6, 1]
[2, 4, 6, 3]
[2, 4, 6, 5]
[2, 4, 6, 0]
[2, 4, 6, 7]
[2, 4, 6, 1, 3]
[2, 4, 6, 1, 5]
[2, 4, 6, 1, 0]
0.6 0.6428571428571429
itercount --------> 18
[2, 4, 6]
[2, 4, 3]
[2, 4, 0]
[2, 4, 1]
[2, 4, 5]
[2, 4, 7]
[2, 4, 6, 3]
[2, 4, 6, 0]
[2, 4, 6, 1]
[2, 4, 6, 5]
[2, 4, 6, 7]
[2, 4, 6, 3, 0]
[2, 4, 6, 3, 1]
[2, 4, 6, 3, 5]
[2, 4, 6, 3, 7]
[2, 4, 6, 3, 0, 1]
[2, 4, 6, 3, 0, 5]
[2, 4, 6, 3, 0, 7]
[2, 4, 6, 3, 0, 1, 5]
[2, 4, 6, 3, 0, 1, 7]
[2, 4, 6, 3, 0, 1, 5, 7]
failed -> 35 times
after fail n ======> 6
[0, 1, 2, 5, 3, 4]
0.04878048780487805 0.11764705882352941
itercount --------> 1
[2, 3, 4]
[2, 3, 6]
0.11764705882352941 0.15
itercount --------> 2
[2, 3, 0]
0.15 0.2
itercount --------> 3
[2, 3, 6]
[2, 3, 4]
0.2 0.23076923076923078
itercount --------> 4
[0, 1, 2]
[0, 1, 5]
[0, 1, 4]
0.23076923076923078 0.26666666666666666
itercount --------> 5
[1, 7, 4]
0.26666666666666666 0.3076923076923077
itercount --------> 6
[0, 1, 2]
[0, 1, 5]
[0, 1, 3]
[0, 1, 7]
0.3076923076923077 0.3333333333333333
itercount --------> 7
[0, 1, 2]
[0, 1, 5]
[0, 1, 7]
[0, 1, 3]
[0, 1, 4]
[0, 1, 6]
[0, 1, 2, 5]
[0, 1, 2, 7]
[0, 1, 2, 3]
[0, 1, 2, 4]
[0, 1, 2, 6]
[0, 1, 2, 5, 7]
[0, 1, 2, 5, 3]
[0, 1, 2, 5, 4]
[0, 1, 2, 5, 6]
[0, 1, 2, 5, 7, 3]
[0, 1, 2, 5, 7, 4]
[0, 1, 2, 5, 7, 6]
[0, 1, 2, 5, 7, 3, 4]
[0, 1, 2, 5, 7, 3, 6]
[0, 1, 2, 5, 7, 3, 4, 6]
0.3333333333333333 0.4166666666666667
itercount --------> 8
[0, 1, 2]
[0, 1, 5]
[0, 1, 7]
[0, 1, 3]
[0, 1, 6]
[0, 1, 4]
[0, 1, 2, 5]
[0, 1, 2, 7]
0.4166666666666667 0.42105263157894735
itercount --------> 9
[2, 7, 0]
[2, 7, 3]
[2, 7, 4]
[2, 7, 5]
0.42105263157894735 0.4444444444444444
itercount --------> 10
[7, 0, 2]
[7, 0, 3]
[7, 0, 4]
[7, 0, 5]
[7, 0, 6]
[7, 0, 1]
[7, 0, 2, 3]
0.4444444444444444 0.5333333333333333
itercount --------> 11
[7, 3, 4]
[7, 3, 6]
[7, 3, 0]
[7, 3, 2]
[7, 3, 5]
[7, 3, 1]
[7, 3, 4, 6]
[7, 3, 4, 0]
[7, 3, 4, 2]
[7, 3, 4, 5]
[7, 3, 4, 1]
[7, 3, 4, 6, 0]
[7, 3, 4, 6, 2]
[7, 3, 4, 6, 5]
[7, 3, 4, 6, 1]
[7, 3, 4, 6, 0, 2]
[7, 3, 4, 6, 0, 5]
[7, 3, 4, 6, 0, 1]
[7, 3, 4, 6, 0, 2, 5]
[7, 3, 4, 6, 0, 2, 1]
[7, 3, 4, 6, 0, 2, 5, 1]
0.5333333333333333 0.5714285714285714
itercount --------> 12
[7, 3, 4]
[7, 3, 6]
[7, 3, 0]
[7, 3, 1]
[7, 3, 2]
[7, 3, 5]
[7, 3, 4, 6]
[7, 3, 4, 0]
[7, 3, 4, 1]
[7, 3, 4, 2]
[7, 3, 4, 5]
0.5714285714285714 0.6
itercount --------> 13
[3, 7, 6]
[3, 7, 0]
[3, 7, 1]
[3, 7, 2]
[3, 7, 4]
0.6 0.6111111111111112
itercount --------> 14
[7, 3, 4]
[7, 3, 6]
[7, 3, 0]
0.6111111111111112 0.6153846153846154
itercount --------> 15
[0, 1, 2]
[0, 1, 5]
[0, 1, 3]
[0, 1, 7]
[0, 1, 6]
[0, 1, 4]
[0, 1, 2, 5]
[0, 1, 2, 3]
[0, 1, 2, 7]
[0, 1, 2, 6]
[0, 1, 2, 4]
0.6153846153846154 0.6666666666666666
itercount --------> 16
[0, 1, 2]
[0, 1, 3]
[0, 1, 5]
[0, 1, 7]
[0, 1, 6]
[0, 1, 4]
[0, 1, 2, 3]
[0, 1, 2, 5]
[0, 1, 2, 7]
[0, 1, 2, 6]
[0, 1, 2, 4]
[0, 1, 2, 3, 5]
[0, 1, 2, 3, 7]
[0, 1, 2, 3, 6]
[0, 1, 2, 3, 4]
[0, 1, 2, 3, 5, 7]
[0, 1, 2, 3, 5, 6]
[0, 1, 2, 3, 5, 4]
[0, 1, 2, 3, 5, 7, 6]
[0, 1, 2, 3, 5, 7, 4]
[0, 1, 2, 3, 5, 7, 6, 4]
failed -> 36 times
after fail n ======> 7
[0, 1, 2, 5, 3, 4, 6]
0.04878048780487805 0.05555555555555555
itercount --------> 1
[4, 2, 5]
[4, 2, 0]
0.05555555555555555 0.07142857142857142
itercount --------> 2
[4, 1, 6]
0.07142857142857142 0.08333333333333333
itercount --------> 3
[0, 1, 2]
[0, 1, 5]
[0, 1, 3]
0.08333333333333333 0.16666666666666666
itercount --------> 4
[0, 1, 2]
[0, 1, 5]
[0, 1, 4]
0.16666666666666666 0.21428571428571427
itercount --------> 5
[6, 5, 7]
0.21428571428571427 0.23076923076923078
itercount --------> 6
[0, 1, 6]
0.23076923076923078 0.25
itercount --------> 7
[6, 0, 1]
[6, 0, 2]
[6, 0, 5]
[6, 0, 7]
[6, 0, 3]
[6, 0, 4]
[6, 0, 1, 2]
[6, 0, 1, 5]
[6, 0, 1, 7]
[6, 0, 1, 3]
[6, 0, 1, 4]
[6, 0, 1, 2, 5]
[6, 0, 1, 2, 7]
[6, 0, 1, 2, 3]
[6, 0, 1, 2, 4]
[6, 0, 1, 2, 5, 7]
[6, 0, 1, 2, 5, 3]
[6, 0, 1, 2, 5, 4]
[6, 0, 1, 2, 5, 7, 3]
[6, 0, 1, 2, 5, 7, 4]
[6, 0, 1, 2, 5, 7, 3, 4]
failed -> 37 times
after fail n ======> 8
[0, 1, 2, 5, 3, 4, 6, 7]
0.04878048780487805 0.08
itercount --------> 1
[0, 2, 3]
0.08 0.11764705882352941
itercount --------> 2
[0, 1, 2]
0.11764705882352941 0.15384615384615385
itercount --------> 3
[0, 1, 2]
[0, 1, 5]
[0, 1, 3]
[0, 1, 4]
0.15384615384615385 0.2
itercount --------> 4
[1, 5, 3]
0.2 0.23529411764705882
itercount --------> 5
[5, 6, 3]
[5, 6, 7]
0.23529411764705882 0.2692307692307692
itercount --------> 6
[1, 0, 2]
0.2692307692307692 0.2916666666666667
itercount --------> 7
[0, 1, 2]
[0, 1, 5]
0.2916666666666667 0.3684210526315789
itercount --------> 8
[5, 7, 6]
0.3684210526315789 0.4375
itercount --------> 9
[7, 5, 4]
[7, 5, 0]
[7, 5, 1]
[7, 5, 2]
0.4375 0.4666666666666667
itercount --------> 10
[7, 5, 4]
[7, 5, 3]
0.4666666666666667 0.5
itercount --------> 11
[7, 4, 0]
[7, 4, 1]
[7, 4, 2]
[7, 4, 3]
[7, 4, 5]
[7, 4, 6]
[7, 4, 0, 1]
[7, 4, 0, 2]
[7, 4, 0, 3]
[7, 4, 0, 5]
[7, 4, 0, 6]
[7, 4, 0, 1, 2]
[7, 4, 0, 1, 3]
0.5 0.5384615384615384
itercount --------> 12
[7, 4, 3]
[7, 4, 6]
[7, 4, 0]
[7, 4, 1]
[7, 4, 2]
[7, 4, 5]
[7, 4, 3, 6]
[7, 4, 3, 0]
[7, 4, 3, 1]
[7, 4, 3, 2]
[7, 4, 3, 5]
[7, 4, 3, 6, 0]
[7, 4, 3, 6, 1]
[7, 4, 3, 6, 2]
[7, 4, 3, 6, 5]
[7, 4, 3, 6, 0, 1]
[7, 4, 3, 6, 0, 2]
[7, 4, 3, 6, 0, 5]
[7, 4, 3, 6, 0, 1, 2]
[7, 4, 3, 6, 0, 1, 5]
0.5384615384615384 0.625
itercount --------> 13
[5, 7, 4]
[5, 7, 0]
[5, 7, 1]
[5, 7, 2]
0.625 0.6666666666666666
itercount --------> 14
[0, 1, 2]
[0, 1, 5]
[0, 1, 7]
[0, 1, 4]
[0, 1, 3]
[0, 1, 6]
[0, 1, 2, 5]
[0, 1, 2, 7]
[0, 1, 2, 4]
[0, 1, 2, 3]
[0, 1, 2, 6]
[0, 1, 2, 5, 7]
[0, 1, 2, 5, 4]
[0, 1, 2, 5, 3]
[0, 1, 2, 5, 6]
[0, 1, 2, 5, 7, 4]
[0, 1, 2, 5, 7, 3]
[0, 1, 2, 5, 7, 6]
[0, 1, 2, 5, 7, 4, 3]
[0, 1, 2, 5, 7, 4, 6]
[0, 1, 2, 5, 7, 4, 3, 6]
failed -> 38 times
after fail n ======> 5
[0, 1, 2, 5, 3]
0.04878048780487805 0.11764705882352941
itercount --------> 1
[1, 3, 4]
[1, 3, 6]
0.11764705882352941 0.16666666666666666
itercount --------> 2
[1, 4, 6]
0.16666666666666666 0.17391304347826086
itercount --------> 3
[1, 0, 2]
0.17391304347826086 0.26666666666666666
itercount --------> 4
[0, 1, 2]
[0, 1, 5]
[0, 1, 3]
0.26666666666666666 0.38095238095238093
itercount --------> 5
[0, 1, 2]
[0, 1, 5]
[0, 1, 7]
0.38095238095238093 0.5384615384615384
itercount --------> 6
[7, 4, 3]
[7, 4, 6]
[7, 4, 0]
[7, 4, 1]
0.5384615384615384 0.6153846153846154
itercount --------> 7
[7, 3, 4]
[7, 3, 6]
[7, 3, 0]
[7, 3, 1]
[7, 3, 2]
[7, 3, 5]
[7, 3, 4, 6]
[7, 3, 4, 0]
[7, 3, 4, 1]
[7, 3, 4, 2]
[7, 3, 4, 5]
[7, 3, 4, 6, 0]
[7, 3, 4, 6, 1]
[7, 3, 4, 6, 2]
[7, 3, 4, 6, 5]
[7, 3, 4, 6, 0, 1]
[7, 3, 4, 6, 0, 2]
[7, 3, 4, 6, 0, 5]
[7, 3, 4, 6, 0, 1, 2]
[7, 3, 4, 6, 0, 1, 5]
[7, 3, 4, 6, 0, 1, 2, 5]
failed -> 39 times
after fail n ======> 6
[0, 1, 2, 5, 3, 4]
0.04878048780487805 0.08
itercount --------> 1
[0, 1, 3]
[0, 1, 4]
0.08 0.15
itercount --------> 2
[1, 2, 5]
0.15 0.2
itercount --------> 3
[1, 0, 3]
0.2 0.25
itercount --------> 4
[1, 4, 6]
[1, 4, 3]
[1, 4, 7]
[1, 4, 0]
[1, 4, 2]
[1, 4, 5]
0.25 0.26666666666666666
itercount --------> 5
[1, 0, 4]
[1, 0, 6]
0.26666666666666666 0.29411764705882354
itercount --------> 6
[0, 6, 3]
[0, 6, 7]
[0, 6, 1]
0.29411764705882354 0.3125
itercount --------> 7
[1, 6, 4]
[1, 6, 3]
[1, 6, 7]
[1, 6, 0]
0.3125 0.47058823529411764
itercount --------> 8
[7, 0, 1]
[7, 0, 3]
[7, 0, 4]
[7, 0, 2]
[7, 0, 5]
[7, 0, 6]
[7, 0, 1, 3]
[7, 0, 1, 4]
[7, 0, 1, 2]
0.47058823529411764 0.5
itercount --------> 9
[7, 1, 4]
[7, 1, 0]
[7, 1, 3]
[7, 1, 2]
[7, 1, 5]
[7, 1, 6]
[7, 1, 4, 0]
[7, 1, 4, 3]
0.5 0.5333333333333333
itercount --------> 10
[0, 1, 7]
[0, 1, 2]
[0, 1, 5]
0.5333333333333333 0.5714285714285714
itercount --------> 11
[0, 1, 2]
[0, 1, 5]
[0, 1, 7]
[0, 1, 3]
[0, 1, 4]
[0, 1, 6]
[0, 1, 2, 5]
[0, 1, 2, 7]
[0, 1, 2, 3]
[0, 1, 2, 4]
0.5714285714285714 0.6153846153846154
itercount --------> 12
[0, 1, 2]
[0, 1, 5]
[0, 1, 7]
[0, 1, 3]
[0, 1, 4]
[0, 1, 6]
[0, 1, 2, 5]
[0, 1, 2, 7]
[0, 1, 2, 3]
[0, 1, 2, 4]
[0, 1, 2, 6]
[0, 1, 2, 5, 7]
[0, 1, 2, 5, 3]
[0, 1, 2, 5, 4]
[0, 1, 2, 5, 6]
[0, 1, 2, 5, 7, 3]
[0, 1, 2, 5, 7, 4]
[0, 1, 2, 5, 7, 6]
[0, 1, 2, 5, 7, 3, 4]
[0, 1, 2, 5, 7, 3, 6]
[0, 1, 2, 5, 7, 3, 4, 6]
failed -> 40 times
after fail n ======> 7
[0, 1, 2, 5, 3, 4, 6]
0.04878048780487805 0.05357142857142857
itercount --------> 1
[0, 1, 2]
0.05357142857142857 0.09375
itercount --------> 2
[1, 5, 4]
[1, 5, 0]
0.09375 0.21428571428571427
itercount --------> 3
[0, 1, 2]
[0, 1, 5]
[0, 1, 4]
0.21428571428571427 0.2222222222222222
itercount --------> 4
[0, 2, 4]
[0, 2, 6]
[0, 2, 1]
0.2222222222222222 0.25
itercount --------> 5
[0, 4, 6]
0.25 0.26666666666666666
itercount --------> 6
[0, 1, 2]
[0, 1, 5]
[0, 1, 3]
[0, 1, 4]
[0, 1, 6]
0.26666666666666666 0.3157894736842105
itercount --------> 7
[0, 7, 4]
0.3157894736842105 0.375
itercount --------> 8
[4, 0, 7]
[4, 0, 3]
[4, 0, 1]
0.375 0.4
itercount --------> 9
[4, 7, 3]
0.4 0.4375
itercount --------> 10
[0, 1, 2]
[0, 1, 5]
[0, 1, 4]
[0, 1, 7]
[0, 1, 6]
[0, 1, 3]
[0, 1, 2, 5]
[0, 1, 2, 4]
[0, 1, 2, 7]
[0, 1, 2, 6]
[0, 1, 2, 3]
0.4375 0.4666666666666667
itercount --------> 11
[0, 1, 2]
[0, 1, 4]
[0, 1, 5]
[0, 1, 7]
[0, 1, 6]
[0, 1, 3]
[0, 1, 2, 4]
[0, 1, 2, 5]
0.4666666666666667 0.5
itercount --------> 12
[0, 1, 2]
[0, 1, 5]
[0, 1, 3]
[0, 1, 4]
[0, 1, 7]
[0, 1, 6]
0.5 0.5384615384615384
itercount --------> 13
[0, 1, 2]
[0, 1, 5]
[0, 1, 3]
[0, 1, 4]
[0, 1, 7]
[0, 1, 6]
[0, 1, 2, 5]
[0, 1, 2, 3]
[0, 1, 2, 4]
[0, 1, 2, 7]
0.5384615384615384 0.5833333333333334
itercount --------> 14
[0, 1, 2]
[0, 1, 3]
[0, 1, 4]
[0, 1, 5]
[0, 1, 7]
[0, 1, 6]
[0, 1, 2, 3]
[0, 1, 2, 4]
[0, 1, 2, 5]
[0, 1, 2, 7]
[0, 1, 2, 6]
[0, 1, 2, 3, 4]
[0, 1, 2, 3, 5]
[0, 1, 2, 3, 7]
[0, 1, 2, 3, 6]
[0, 1, 2, 3, 4, 5]
[0, 1, 2, 3, 4, 7]
[0, 1, 2, 3, 4, 6]
[0, 1, 2, 3, 4, 5, 7]
0.5833333333333334 0.6153846153846154
itercount --------> 15
[3, 4, 6]
0.6153846153846154 0.7142857142857143
itercount --------> 16
[4, 6, 7]
[4, 6, 3]
[4, 6, 0]
[4, 6, 1]
[4, 6, 2]
[4, 6, 5]
[4, 6, 7, 3]
[4, 6, 7, 0]
[4, 6, 7, 1]
[4, 6, 7, 2]
[4, 6, 7, 5]
[4, 6, 7, 3, 0]
[4, 6, 7, 3, 1]
[4, 6, 7, 3, 2]
[4, 6, 7, 3, 5]
[4, 6, 7, 3, 0, 1]
[4, 6, 7, 3, 0, 2]
[4, 6, 7, 3, 0, 5]
[4, 6, 7, 3, 0, 1, 2]
[4, 6, 7, 3, 0, 1, 5]
[4, 6, 7, 3, 0, 1, 2, 5]
failed -> 41 times
after fail n ======> 8
[0, 1, 2, 5, 3, 4, 6, 7]
0.04878048780487805 0.08
itercount --------> 1
[0, 5, 3]
[0, 5, 4]
[0, 5, 6]
0.08 0.11764705882352941
itercount --------> 2
[0, 1, 2]
0.11764705882352941 0.15384615384615385
itercount --------> 3
[0, 1, 2]
[0, 1, 5]
[0, 1, 3]
[0, 1, 4]
[0, 1, 6]
[0, 1, 7]
[0, 1, 2, 5]
[0, 1, 2, 3]
[0, 1, 2, 4]
[0, 1, 2, 6]
[0, 1, 2, 7]
[0, 1, 2, 5, 3]
[0, 1, 2, 5, 4]
[0, 1, 2, 5, 6]
[0, 1, 2, 5, 7]
[0, 1, 2, 5, 3, 4]
0.15384615384615385 0.2
itercount --------> 4
[1, 2, 4]
0.2 0.23529411764705882
itercount --------> 5
[2, 4, 6]
[2, 4, 7]
[2, 4, 1]
0.23529411764705882 0.25
itercount --------> 6
[1, 4, 6]
[1, 4, 3]
[1, 4, 7]
[1, 4, 0]
[1, 4, 2]
[1, 4, 5]
0.25 0.26666666666666666
itercount --------> 7
[1, 2, 4]
[1, 2, 6]
0.26666666666666666 0.29411764705882354
itercount --------> 8
[2, 6, 3]
[2, 6, 7]
0.29411764705882354 0.38095238095238093
itercount --------> 9
[2, 7, 1]
0.38095238095238093 0.4117647058823529
itercount --------> 10
[7, 2, 4]
0.4117647058823529 0.4666666666666667
itercount --------> 11
[7, 4, 0]
0.4666666666666667 0.5
itercount --------> 12
[7, 4, 3]
[7, 4, 0]
0.5 0.5384615384615384
itercount --------> 13
[7, 4, 3]
[7, 4, 6]
[7, 4, 0]
[7, 4, 1]
[7, 4, 2]
[7, 4, 5]
[7, 4, 3, 6]
[7, 4, 3, 0]
[7, 4, 3, 1]
[7, 4, 3, 2]
[7, 4, 3, 5]
[7, 4, 3, 6, 0]
[7, 4, 3, 6, 1]
[7, 4, 3, 6, 2]
[7, 4, 3, 6, 5]
[7, 4, 3, 6, 0, 1]
[7, 4, 3, 6, 0, 2]
[7, 4, 3, 6, 0, 5]
[7, 4, 3, 6, 0, 1, 2]
[7, 4, 3, 6, 0, 1, 5]
[7, 4, 3, 6, 0, 1, 2, 5]
failed -> 42 times
after fail n ======> 5
[0, 1, 2, 5, 3]
0.04878048780487805 0.05555555555555555
itercount --------> 1
[4, 0, 5]
0.05555555555555555 0.09523809523809523
itercount --------> 2
[1, 2, 6]
[1, 2, 3]
0.09523809523809523 0.13333333333333333
itercount --------> 3
[2, 6, 3]
0.13333333333333333 0.13636363636363635
itercount --------> 4
[2, 0, 3]
0.13636363636363635 0.16666666666666666
itercount --------> 5
[0, 1, 2]
0.16666666666666666 0.21428571428571427
itercount --------> 6
[0, 1, 2]
[0, 1, 3]
[0, 1, 7]
[0, 1, 5]
0.21428571428571427 0.23076923076923078
itercount --------> 7
[0, 1, 2]
[0, 1, 5]
[0, 1, 3]
[0, 1, 7]
0.23076923076923078 0.26666666666666666
itercount --------> 8
[0, 1, 2]
[0, 1, 5]
[0, 1, 3]
[0, 1, 4]
[0, 1, 6]
[0, 1, 7]
[0, 1, 2, 5]
0.26666666666666666 0.2857142857142857
itercount --------> 9
[0, 3, 4]
0.2857142857142857 0.3076923076923077
itercount --------> 10
[0, 1, 2]
[0, 1, 5]
[0, 1, 3]
[0, 1, 4]
[0, 1, 6]
[0, 1, 7]
[0, 1, 2, 5]
[0, 1, 2, 3]
0.3076923076923077 0.3181818181818182
itercount --------> 11
[0, 2, 4]
0.3181818181818182 0.3333333333333333
itercount --------> 12
[0, 2, 4]
0.3333333333333333 0.5
itercount --------> 13
[0, 2, 4]
[0, 2, 1]
[0, 2, 6]
[0, 2, 3]
[0, 2, 5]
[0, 2, 7]
0.5 0.5333333333333333
itercount --------> 14
[0, 4, 6]
0.5333333333333333 0.5714285714285714
itercount --------> 15
[4, 3, 6]
[4, 3, 7]
[4, 3, 0]
0.5714285714285714 0.7142857142857143
itercount --------> 16
[0, 1, 2]
[0, 1, 4]
[0, 1, 5]
[0, 1, 6]
[0, 1, 3]
[0, 1, 7]
[0, 1, 2, 4]
0.7142857142857143 0.7692307692307693
itercount --------> 17
[4, 6, 0]
[4, 6, 1]
[4, 6, 2]
[4, 6, 3]
[4, 6, 5]
[4, 6, 7]
[4, 6, 0, 1]
[4, 6, 0, 2]
[4, 6, 0, 3]
[4, 6, 0, 5]
[4, 6, 0, 7]
[4, 6, 0, 1, 2]
[4, 6, 0, 1, 3]
[4, 6, 0, 1, 5]
[4, 6, 0, 1, 7]
[4, 6, 0, 1, 2, 3]
[4, 6, 0, 1, 2, 5]
[4, 6, 0, 1, 2, 7]
[4, 6, 0, 1, 2, 3, 5]
[4, 6, 0, 1, 2, 3, 7]
[4, 6, 0, 1, 2, 3, 5, 7]
failed -> 43 times
after fail n ======> 6
[0, 1, 2, 5, 3, 4]
0.04878048780487805 0.08
itercount --------> 1
[1, 2, 3]
0.08 0.11764705882352941
itercount --------> 2
[0, 1, 2]
0.11764705882352941 0.15384615384615385
itercount --------> 3
[0, 1, 2]
[0, 1, 5]
[0, 1, 3]
0.15384615384615385 0.2
itercount --------> 4
[1, 2, 4]
0.2 0.25
itercount --------> 5
[1, 4, 6]
[1, 4, 3]
[1, 4, 7]
[1, 4, 0]
[1, 4, 2]
[1, 4, 5]
0.25 0.26666666666666666
itercount --------> 6
[1, 2, 4]
[1, 2, 6]
0.26666666666666666 0.3125
itercount --------> 7
[1, 6, 4]
[1, 6, 3]
[1, 6, 7]
0.3125 0.47058823529411764
itercount --------> 8
[7, 1, 4]
[7, 1, 0]
[7, 1, 2]
[7, 1, 3]
[7, 1, 5]
[7, 1, 6]
[7, 1, 4, 0]
0.47058823529411764 0.47368421052631576
itercount --------> 9
[1, 7, 2]
[1, 7, 3]
[1, 7, 4]
[1, 7, 6]
[1, 7, 0]
[1, 7, 5]
[1, 7, 2, 3]
[1, 7, 2, 4]
[1, 7, 2, 6]
[1, 7, 2, 0]
0.47368421052631576 0.5
itercount --------> 10
[7, 4, 1]
0.5 0.5384615384615384
itercount --------> 11
[7, 4, 3]
[7, 4, 6]
[7, 4, 0]
[7, 4, 1]
[7, 4, 2]
[7, 4, 5]
[7, 4, 3, 6]
[7, 4, 3, 0]
[7, 4, 3, 1]
[7, 4, 3, 2]
[7, 4, 3, 5]
[7, 4, 3, 6, 0]
[7, 4, 3, 6, 1]
[7, 4, 3, 6, 2]
[7, 4, 3, 6, 5]
[7, 4, 3, 6, 0, 1]
[7, 4, 3, 6, 0, 2]
[7, 4, 3, 6, 0, 5]
[7, 4, 3, 6, 0, 1, 2]
[7, 4, 3, 6, 0, 1, 5]
[7, 4, 3, 6, 0, 1, 2, 5]
failed -> 44 times
after fail n ======> 7
[0, 1, 2, 5, 3, 4, 6]
0.04878048780487805 0.06060606060606061
itercount --------> 1
[0, 2, 5]
0.06060606060606061 0.13333333333333333
itercount --------> 2
[1, 3, 6]
0.13333333333333333 0.15
itercount --------> 3
[1, 6, 0]
0.15 0.21428571428571427
itercount --------> 4
[6, 1, 7]
0.21428571428571427 0.25
itercount --------> 5
[6, 0, 1]
[6, 0, 2]
[6, 0, 5]
[6, 0, 7]
[6, 0, 3]
[6, 0, 4]
[6, 0, 1, 2]
[6, 0, 1, 5]
[6, 0, 1, 7]
[6, 0, 1, 3]
[6, 0, 1, 4]
[6, 0, 1, 2, 5]
[6, 0, 1, 2, 7]
[6, 0, 1, 2, 3]
[6, 0, 1, 2, 4]
[6, 0, 1, 2, 5, 7]
[6, 0, 1, 2, 5, 3]
[6, 0, 1, 2, 5, 4]
[6, 0, 1, 2, 5, 7, 3]
[6, 0, 1, 2, 5, 7, 4]
[6, 0, 1, 2, 5, 7, 3, 4]
failed -> 45 times
after fail n ======> 8
[0, 1, 2, 5, 3, 4, 6, 7]
0.04878048780487805 0.05357142857142857
itercount --------> 1
[0, 1, 2]
0.05357142857142857 0.09375
itercount --------> 2
[2, 5, 0]
0.09375 0.11538461538461539
itercount --------> 3
[0, 2, 3]
0.11538461538461539 0.16
itercount --------> 4
[2, 0, 1]
[2, 0, 5]
0.16 0.25
itercount --------> 5
[2, 6, 3]
0.25 0.26666666666666666
itercount --------> 6
[0, 1, 2]
[0, 1, 5]
[0, 1, 3]
[0, 1, 4]
[0, 1, 6]
0.26666666666666666 0.3333333333333333
itercount --------> 7
[1, 3, 6]
[1, 3, 7]
0.3333333333333333 0.4117647058823529
itercount --------> 8
[1, 4, 3]
[1, 4, 0]
[1, 4, 2]
[1, 4, 5]
0.4117647058823529 0.4375
itercount --------> 9
[1, 0, 2]
[1, 0, 3]
[1, 0, 4]
[1, 0, 5]
[1, 0, 6]
[1, 0, 7]
[1, 0, 2, 3]
0.4375 0.47058823529411764
itercount --------> 10
[1, 6, 7]
[1, 6, 0]
[1, 6, 2]
0.47058823529411764 0.5
itercount --------> 11
[1, 4, 6]
0.5 0.5384615384615384
itercount --------> 12
[0, 1, 2]
[0, 1, 5]
[0, 1, 3]
[0, 1, 4]
[0, 1, 6]
[0, 1, 7]
[0, 1, 2, 5]
[0, 1, 2, 3]
[0, 1, 2, 4]
0.5384615384615384 0.5833333333333334
itercount --------> 13
[0, 1, 2]
[0, 1, 3]
[0, 1, 4]
[0, 1, 5]
[0, 1, 6]
[0, 1, 7]
[0, 1, 2, 3]
[0, 1, 2, 4]
[0, 1, 2, 5]
[0, 1, 2, 6]
[0, 1, 2, 7]
[0, 1, 2, 3, 4]
[0, 1, 2, 3, 5]
[0, 1, 2, 3, 6]
0.5833333333333334 0.625
itercount --------> 14
[0, 1, 2]
[0, 1, 5]
[0, 1, 7]
[0, 1, 6]
[0, 1, 3]
[0, 1, 4]
[0, 1, 2, 5]
0.625 0.6666666666666666
itercount --------> 15
[0, 1, 2]
[0, 1, 5]
[0, 1, 6]
[0, 1, 7]
[0, 1, 3]
[0, 1, 4]
[0, 1, 2, 5]
[0, 1, 2, 6]
[0, 1, 2, 7]
0.6666666666666666 0.7142857142857143
itercount --------> 16
[6, 7, 0]
[6, 7, 1]
[6, 7, 2]
[6, 7, 3]
[6, 7, 4]
[6, 7, 5]
[6, 7, 0, 1]
[6, 7, 0, 2]
[6, 7, 0, 3]
[6, 7, 0, 4]
[6, 7, 0, 5]
0.7142857142857143 0.7692307692307693
itercount --------> 17
[6, 7, 3]
[6, 7, 4]
[6, 7, 0]
[6, 7, 1]
[6, 7, 2]
[6, 7, 5]
[6, 7, 3, 4]
[6, 7, 3, 0]
[6, 7, 3, 1]
[6, 7, 3, 2]
[6, 7, 3, 5]
[6, 7, 3, 4, 0]
[6, 7, 3, 4, 1]
[6, 7, 3, 4, 2]
[6, 7, 3, 4, 5]
[6, 7, 3, 4, 0, 1]
[6, 7, 3, 4, 0, 2]
[6, 7, 3, 4, 0, 5]
[6, 7, 3, 4, 0, 1, 2]
[6, 7, 3, 4, 0, 1, 5]
[6, 7, 3, 4, 0, 1, 2, 5]
failed -> 46 times
after fail n ======> 5
[0, 1, 2, 5, 3]
0.04878048780487805 0.08
itercount --------> 1
[2, 5, 3]
[2, 5, 4]
[2, 5, 6]
[2, 5, 7]
0.08 0.11764705882352941
itercount --------> 2
[0, 1, 2]
[0, 1, 5]
0.11764705882352941 0.15384615384615385
itercount --------> 3
[0, 1, 2]
[0, 1, 5]
[0, 1, 3]
0.15384615384615385 0.2
itercount --------> 4
[1, 0, 4]
0.2 0.25
itercount --------> 5
[1, 4, 6]
[1, 4, 3]
[1, 4, 7]
[1, 4, 0]
[1, 4, 2]
0.25 0.26666666666666666
itercount --------> 6
[1, 0, 4]
[1, 0, 6]
0.26666666666666666 0.3125
itercount --------> 7
[1, 6, 4]
[1, 6, 3]
[1, 6, 7]
0.3125 0.47058823529411764
itercount --------> 8
[7, 1, 4]
[7, 1, 0]
0.47058823529411764 0.5
itercount --------> 9
[7, 4, 3]
[7, 4, 1]
[7, 4, 2]
[7, 4, 5]
[7, 4, 6]
[7, 4, 0]
[7, 4, 3, 1]
[7, 4, 3, 2]
0.5 0.5384615384615384
itercount --------> 10
[7, 4, 3]
[7, 4, 6]
[7, 4, 0]
[7, 4, 1]
[7, 4, 2]
[7, 4, 5]
[7, 4, 3, 6]
[7, 4, 3, 0]
[7, 4, 3, 1]
[7, 4, 3, 2]
[7, 4, 3, 5]
[7, 4, 3, 6, 0]
[7, 4, 3, 6, 1]
[7, 4, 3, 6, 2]
[7, 4, 3, 6, 5]
[7, 4, 3, 6, 0, 1]
[7, 4, 3, 6, 0, 2]
[7, 4, 3, 6, 0, 5]
[7, 4, 3, 6, 0, 1, 2]
[7, 4, 3, 6, 0, 1, 5]
[7, 4, 3, 6, 0, 1, 2, 5]
failed -> 47 times
after fail n ======> 6
[0, 1, 2, 5, 3, 4]
0.04878048780487805 0.05555555555555555
itercount --------> 1
[4, 0, 2]
0.05555555555555555 0.08
itercount --------> 2
[0, 1, 5]
0.08 0.11764705882352941
itercount --------> 3
[5, 6, 3]
0.11764705882352941 0.15384615384615385
itercount --------> 4
[0, 1, 6]
0.15384615384615385 0.16666666666666666
itercount --------> 5
[0, 1, 2]
[0, 1, 5]
[0, 1, 3]
[0, 1, 6]
[0, 1, 7]
0.16666666666666666 0.2
itercount --------> 6
[1, 6, 3]
0.2 0.23076923076923078
itercount --------> 7
[0, 1, 6]
[0, 1, 3]
0.23076923076923078 0.25
itercount --------> 8
[0, 1, 2]
[0, 1, 3]
[0, 1, 5]
[0, 1, 6]
[0, 1, 7]
[0, 1, 4]
[0, 1, 2, 3]
[0, 1, 2, 5]
[0, 1, 2, 6]
[0, 1, 2, 7]
[0, 1, 2, 4]
[0, 1, 2, 3, 5]
[0, 1, 2, 3, 6]
0.25 0.26666666666666666
itercount --------> 9
[1, 3, 0]
[1, 3, 6]
[1, 3, 2]
0.26666666666666666 0.2857142857142857
itercount --------> 10
[0, 3, 6]
[0, 3, 4]
[0, 3, 1]
[0, 3, 7]
[0, 3, 2]
[0, 3, 5]
0.2857142857142857 0.3076923076923077
itercount --------> 11
[0, 1, 3]
[0, 1, 6]
[0, 1, 4]
[0, 1, 2]
0.3076923076923077 0.3333333333333333
itercount --------> 12
[0, 1, 2]
[0, 1, 3]
[0, 1, 5]
[0, 1, 7]
[0, 1, 6]
[0, 1, 4]
[0, 1, 2, 3]
[0, 1, 2, 5]
[0, 1, 2, 7]
[0, 1, 2, 6]
[0, 1, 2, 4]
[0, 1, 2, 3, 5]
[0, 1, 2, 3, 7]
[0, 1, 2, 3, 6]
[0, 1, 2, 3, 4]
[0, 1, 2, 3, 5, 7]
[0, 1, 2, 3, 5, 6]
[0, 1, 2, 3, 5, 4]
[0, 1, 2, 3, 5, 7, 6]
0.3333333333333333 0.4166666666666667
itercount --------> 13
[0, 1, 2]
[0, 1, 5]
[0, 1, 3]
[0, 1, 4]
[0, 1, 7]
[0, 1, 6]
[0, 1, 2, 5]
[0, 1, 2, 3]
[0, 1, 2, 4]
[0, 1, 2, 7]
[0, 1, 2, 6]
[0, 1, 2, 5, 3]
[0, 1, 2, 5, 4]
[0, 1, 2, 5, 7]
[0, 1, 2, 5, 6]
[0, 1, 2, 5, 3, 4]
0.4166666666666667 0.42105263157894735
itercount --------> 14
[6, 7, 0]
[6, 7, 5]
[6, 7, 1]
[6, 7, 4]
[6, 7, 3]
[6, 7, 2]
[6, 7, 0, 5]
[6, 7, 0, 1]
[6, 7, 0, 4]
0.42105263157894735 0.47058823529411764
itercount --------> 15
[1, 4, 6]
0.47058823529411764 0.5
itercount --------> 16
[0, 1, 7]
[0, 1, 2]
[0, 1, 5]
0.5 0.55
itercount --------> 17
[0, 7, 1]
[0, 7, 2]
[0, 7, 5]
[0, 7, 3]
[0, 7, 4]
[0, 7, 6]
[0, 7, 1, 2]
[0, 7, 1, 5]
[0, 7, 1, 3]
[0, 7, 1, 4]
[0, 7, 1, 6]
[0, 7, 1, 2, 5]
[0, 7, 1, 2, 3]
[0, 7, 1, 2, 4]
[0, 7, 1, 2, 6]
[0, 7, 1, 2, 5, 3]
[0, 7, 1, 2, 5, 4]
[0, 7, 1, 2, 5, 6]
[0, 7, 1, 2, 5, 3, 4]
0.55 0.5555555555555556
itercount --------> 18
[7, 0, 3]
[7, 0, 4]
[7, 0, 6]
[7, 0, 1]
0.5555555555555556 0.5789473684210527
itercount --------> 19
[7, 0, 3]
[7, 0, 4]
[7, 0, 6]
[7, 0, 1]
[7, 0, 2]
[7, 0, 5]
[7, 0, 3, 4]
[7, 0, 3, 6]
[7, 0, 3, 1]
[7, 0, 3, 2]
[7, 0, 3, 5]
[7, 0, 3, 4, 6]
[7, 0, 3, 4, 1]
[7, 0, 3, 4, 2]
[7, 0, 3, 4, 5]
[7, 0, 3, 4, 6, 1]
[7, 0, 3, 4, 6, 2]
[7, 0, 3, 4, 6, 5]
[7, 0, 3, 4, 6, 1, 2]
[7, 0, 3, 4, 6, 1, 5]
[7, 0, 3, 4, 6, 1, 2, 5]
failed -> 48 times
after fail n ======> 7
[0, 1, 2, 5, 3, 4, 6]
0.04878048780487805 0.08
itercount --------> 1
[0, 2, 3]
0.08 0.15
itercount --------> 2
[0, 4, 1]
0.15 0.15384615384615385
itercount --------> 3
[0, 2, 4]
0.15384615384615385 0.16666666666666666
itercount --------> 4
[0, 1, 2]
[0, 1, 5]
[0, 1, 4]
0.16666666666666666 0.21428571428571427
itercount --------> 5
[0, 4, 6]
0.21428571428571427 0.25
itercount --------> 6
[0, 4, 6]
[0, 4, 3]
[0, 4, 7]
[0, 4, 1]
[0, 4, 2]
[0, 4, 5]
0.25 0.26666666666666666
itercount --------> 7
[0, 2, 1]
0.26666666666666666 0.2857142857142857
itercount --------> 8
[0, 4, 6]
[0, 4, 3]
[0, 4, 7]
[0, 4, 1]
0.2857142857142857 0.3076923076923077
itercount --------> 9
[0, 1, 2]
[0, 1, 5]
[0, 1, 3]
[0, 1, 4]
[0, 1, 6]
[0, 1, 7]
0.3076923076923077 0.35
itercount --------> 10
[6, 0, 7]
[6, 0, 1]
0.35 0.35294117647058826
itercount --------> 11
[6, 7, 0]
[6, 7, 3]
[6, 7, 4]
[6, 7, 1]
[6, 7, 2]
0.35294117647058826 0.375
itercount --------> 12
[6, 0, 7]
0.375 0.3888888888888889
itercount --------> 13
[6, 7, 0]
[6, 7, 3]
[6, 7, 4]
[6, 7, 2]
[6, 7, 1]
[6, 7, 5]
[6, 7, 0, 3]
[6, 7, 0, 4]
[6, 7, 0, 2]
[6, 7, 0, 1]
[6, 7, 0, 5]
[6, 7, 0, 3, 4]
0.3888888888888889 0.4
itercount --------> 14
[0, 3, 6]
[0, 3, 2]
[0, 3, 4]
[0, 3, 1]
[0, 3, 5]
[0, 3, 7]
0.4 0.4375
itercount --------> 15
[4, 3, 0]
[4, 3, 2]
[4, 3, 6]
0.4375 0.4444444444444444
itercount --------> 16
[0, 2, 4]
[0, 2, 1]
[0, 2, 3]
[0, 2, 5]
0.4444444444444444 0.47058823529411764
itercount --------> 17
[4, 0, 1]
[4, 0, 2]
[4, 0, 3]
[4, 0, 5]
[4, 0, 6]
[4, 0, 7]
[4, 0, 1, 2]
[4, 0, 1, 3]
[4, 0, 1, 5]
[4, 0, 1, 6]
[4, 0, 1, 7]
[4, 0, 1, 2, 3]
[4, 0, 1, 2, 5]
[4, 0, 1, 2, 6]
[4, 0, 1, 2, 7]
[4, 0, 1, 2, 3, 5]
0.47058823529411764 0.5
itercount --------> 18
[4, 3, 6]
[4, 3, 7]
[4, 3, 0]
[4, 3, 1]
[4, 3, 2]
[4, 3, 5]
[4, 3, 6, 7]
[4, 3, 6, 0]
[4, 3, 6, 1]
[4, 3, 6, 2]
[4, 3, 6, 5]
[4, 3, 6, 7, 0]
[4, 3, 6, 7, 1]
[4, 3, 6, 7, 2]
[4, 3, 6, 7, 5]
0.5 0.6111111111111112
itercount --------> 19
[7, 3, 4]
[7, 3, 6]
[7, 3, 0]
[7, 3, 1]
[7, 3, 2]
[7, 3, 5]
[7, 3, 4, 6]
[7, 3, 4, 0]
[7, 3, 4, 1]
[7, 3, 4, 2]
[7, 3, 4, 5]
[7, 3, 4, 6, 0]
[7, 3, 4, 6, 1]
[7, 3, 4, 6, 2]
[7, 3, 4, 6, 5]
[7, 3, 4, 6, 0, 1]
[7, 3, 4, 6, 0, 2]
[7, 3, 4, 6, 0, 5]
[7, 3, 4, 6, 0, 1, 2]
0.6111111111111112 0.6470588235294118
itercount --------> 20
[7, 3, 4]
[7, 3, 6]
[7, 3, 0]
[7, 3, 1]
[7, 3, 2]
[7, 3, 5]
[7, 3, 4, 6]
[7, 3, 4, 0]
[7, 3, 4, 1]
[7, 3, 4, 2]
[7, 3, 4, 5]
[7, 3, 4, 6, 0]
[7, 3, 4, 6, 1]
[7, 3, 4, 6, 2]
[7, 3, 4, 6, 5]
[7, 3, 4, 6, 0, 1]
[7, 3, 4, 6, 0, 2]
[7, 3, 4, 6, 0, 5]
[7, 3, 4, 6, 0, 1, 2]
[7, 3, 4, 6, 0, 1, 5]
[7, 3, 4, 6, 0, 1, 2, 5]
failed -> 49 times
after fail n ======> 8
[0, 1, 2, 5, 3, 4, 6, 7]
0.04878048780487805 0.05555555555555555
itercount --------> 1
[4, 0, 1]
0.05555555555555555 0.09523809523809523
itercount --------> 2
[2, 5, 6]
0.09523809523809523 0.16666666666666666
itercount --------> 3
[0, 1, 2]
[0, 1, 5]
[0, 1, 3]
0.16666666666666666 0.2
itercount --------> 4
[6, 0, 7]
0.2 0.2222222222222222
itercount --------> 5
[2, 5, 6]
0.2222222222222222 0.25
itercount --------> 6
[2, 5, 0]
0.25 0.4117647058823529
itercount --------> 7
[7, 0, 1]
[7, 0, 2]
[7, 0, 5]
[7, 0, 4]
[7, 0, 6]
[7, 0, 3]
0.4117647058823529 0.4375
itercount --------> 8
[7, 0, 1]
[7, 0, 2]
[7, 0, 5]
[7, 0, 4]
[7, 0, 3]
[7, 0, 6]
[7, 0, 1, 2]
0.4375 0.5
itercount --------> 9
[7, 0, 1]
[7, 0, 2]
[7, 0, 5]
[7, 0, 4]
[7, 0, 6]
[7, 0, 3]
[7, 0, 1, 2]
[7, 0, 1, 5]
[7, 0, 1, 4]
[7, 0, 1, 6]
0.5 0.5333333333333333
itercount --------> 10
[7, 1, 4]
0.5333333333333333 0.5384615384615384
itercount --------> 11
[7, 4, 3]
[7, 4, 6]
[7, 4, 0]
[7, 4, 1]
[7, 4, 2]
[7, 4, 5]
[7, 4, 3, 6]
[7, 4, 3, 0]
[7, 4, 3, 1]
0.5384615384615384 0.6153846153846154
itercount --------> 12
[7, 4, 3]
[7, 4, 6]
[7, 4, 0]
[7, 4, 1]
[7, 4, 2]
[7, 4, 5]
[7, 4, 3, 6]
[7, 4, 3, 0]
[7, 4, 3, 1]
[7, 4, 3, 2]
[7, 4, 3, 5]
[7, 4, 3, 6, 0]
[7, 4, 3, 6, 1]
[7, 4, 3, 6, 2]
[7, 4, 3, 6, 5]
[7, 4, 3, 6, 0, 1]
[7, 4, 3, 6, 0, 2]
[7, 4, 3, 6, 0, 5]
[7, 4, 3, 6, 0, 1, 2]
[7, 4, 3, 6, 0, 1, 5]
[7, 4, 3, 6, 0, 1, 2, 5]
failed -> 50 times
after fail n ======> 5
Runs with the maximum attractor JI -> [0, 13, 17, 27, 42, 45]
