{0: 36, 1: 36, 2: 36, 4: 28, 7: 28, 3: 24, 5: 24, 6: 16}
[0, 1, 2]
0.08888888888888889 0.13793103448275862
itercount --------> 1
[2, 4, 7]
0.13793103448275862 0.17142857142857143
itercount --------> 2
[2, 0, 1]
0.17142857142857143 0.2608695652173913
itercount --------> 3
[0, 1, 2]
[0, 1, 3]
0.2608695652173913 0.3157894736842105
itercount --------> 4
[5, 0, 1]
[5, 0, 2]
[5, 0, 6]
0.3157894736842105 0.3333333333333333
itercount --------> 5
[5, 6, 3]
0.3333333333333333 0.4
itercount --------> 6
[0, 1, 2]
[0, 1, 5]
[0, 1, 3]
[0, 1, 4]
[0, 1, 7]
[0, 1, 6]
[0, 1, 2, 5]
[0, 1, 2, 3]
[0, 1, 2, 4]
0.4 0.4444444444444444
itercount --------> 7
[5, 0, 1]
[5, 0, 2]
[5, 0, 7]
[5, 0, 3]
[5, 0, 4]
[5, 0, 6]
[5, 0, 1, 2]
[5, 0, 1, 7]
[5, 0, 1, 3]
[5, 0, 1, 4]
[5, 0, 1, 6]
[5, 0, 1, 2, 7]
[5, 0, 1, 2, 3]
[5, 0, 1, 2, 4]
[5, 0, 1, 2, 6]
[5, 0, 1, 2, 7, 3]
[5, 0, 1, 2, 7, 4]
[5, 0, 1, 2, 7, 6]
[5, 0, 1, 2, 7, 3, 4]
[5, 0, 1, 2, 7, 3, 6]
[5, 0, 1, 2, 7, 3, 4, 6]
failed Once
after fail n ======> 4
[0, 1, 2, 4]
0.08888888888888889 0.13793103448275862
itercount --------> 1
[0, 4, 7]
[0, 4, 3]
[0, 4, 5]
[0, 4, 1]
0.13793103448275862 0.14705882352941177
itercount --------> 2
[0, 1, 5]
0.14705882352941177 0.2
itercount --------> 3
[1, 0, 2]
0.2 0.23809523809523808
itercount --------> 4
[0, 1, 2]
[0, 1, 3]
0.23809523809523808 0.25
itercount --------> 5
[0, 1, 2]
[0, 1, 5]
[0, 1, 3]
0.25 0.44
itercount --------> 6
[1, 5, 6]
[1, 5, 0]
[1, 5, 7]
[1, 5, 2]
[1, 5, 4]
[1, 5, 3]
[1, 5, 6, 0]
0.44 0.4482758620689655
itercount --------> 7
[1, 4, 7]
[1, 4, 0]
[1, 4, 3]
[1, 4, 2]
[1, 4, 6]
[1, 4, 5]
[1, 4, 7, 0]
0.4482758620689655 0.48148148148148145
itercount --------> 8
[1, 4, 7]
[1, 4, 0]
[1, 4, 3]
[1, 4, 6]
[1, 4, 2]
[1, 4, 5]
[1, 4, 7, 0]
[1, 4, 7, 3]
[1, 4, 7, 6]
[1, 4, 7, 2]
[1, 4, 7, 5]
[1, 4, 7, 0, 3]
0.48148148148148145 0.52
itercount --------> 9
[1, 0, 3]
[1, 0, 2]
[1, 0, 6]
[1, 0, 4]
[1, 0, 5]
[1, 0, 7]
[1, 0, 3, 2]
[1, 0, 3, 6]
0.52 0.6071428571428571
itercount --------> 10
[0, 1, 2]
[0, 1, 4]
[0, 1, 7]
[0, 1, 3]
[0, 1, 5]
[0, 1, 6]
[0, 1, 2, 4]
[0, 1, 2, 7]
0.6071428571428571 0.6296296296296297
itercount --------> 11
[0, 1, 2]
[0, 1, 4]
[0, 1, 7]
[0, 1, 3]
[0, 1, 5]
[0, 1, 6]
0.6296296296296297 0.64
itercount --------> 12
[0, 2, 1]
[0, 2, 4]
[0, 2, 6]
[0, 2, 7]
[0, 2, 3]
[0, 2, 5]
[0, 2, 1, 4]
[0, 2, 1, 6]
[0, 2, 1, 7]
[0, 2, 1, 3]
[0, 2, 1, 5]
0.64 0.6818181818181818
itercount --------> 13
[0, 1, 2]
[0, 1, 5]
[0, 1, 3]
[0, 1, 4]
[0, 1, 7]
[0, 1, 6]
[0, 1, 2, 5]
0.6818181818181818 0.7142857142857143
itercount --------> 14
[0, 1, 2]
[0, 1, 5]
[0, 1, 3]
[0, 1, 4]
[0, 1, 7]
[0, 1, 6]
[0, 1, 2, 5]
[0, 1, 2, 3]
0.7142857142857143 0.75
itercount --------> 15
[0, 1, 2]
[0, 1, 5]
[0, 1, 3]
[0, 1, 4]
[0, 1, 7]
[0, 1, 6]
[0, 1, 2, 5]
[0, 1, 2, 3]
[0, 1, 2, 4]
[0, 1, 2, 7]
[0, 1, 2, 6]
[0, 1, 2, 5, 3]
[0, 1, 2, 5, 4]
[0, 1, 2, 5, 7]
[0, 1, 2, 5, 6]
[0, 1, 2, 5, 3, 4]
[0, 1, 2, 5, 3, 7]
[0, 1, 2, 5, 3, 6]
[0, 1, 2, 5, 3, 4, 7]
0.75 0.7894736842105263
itercount --------> 16
[5, 3, 0]
[5, 3, 1]
[5, 3, 2]
[5, 3, 4]
[5, 3, 7]
[5, 3, 6]
[5, 3, 0, 1]
[5, 3, 0, 2]
[5, 3, 0, 4]
[5, 3, 0, 7]
[5, 3, 0, 6]
[5, 3, 0, 1, 2]
[5, 3, 0, 1, 4]
[5, 3, 0, 1, 7]
[5, 3, 0, 1, 6]
[5, 3, 0, 1, 2, 4]
[5, 3, 0, 1, 2, 7]
[5, 3, 0, 1, 2, 6]
[5, 3, 0, 1, 2, 4, 7]
[5, 3, 0, 1, 2, 4, 6]
[5, 3, 0, 1, 2, 4, 7, 6]
failed -> 2 times
after fail n ======> 5
[0, 1, 2, 4, 7]
0.08888888888888889 0.1016949152542373
itercount --------> 1
[0, 1, 2]
0.1016949152542373 0.17142857142857143
itercount --------> 2
[2, 0, 1]
[2, 0, 3]
0.17142857142857143 0.21052631578947367
itercount --------> 3
[0, 1, 2]
[0, 1, 5]
[0, 1, 6]
[0, 1, 3]
[0, 1, 4]
[0, 1, 7]
[0, 1, 2, 5]
[0, 1, 2, 6]
0.21052631578947367 0.2631578947368421
itercount --------> 4
[0, 1, 2]
[0, 1, 5]
[0, 1, 3]
[0, 1, 6]
[0, 1, 4]
[0, 1, 7]
[0, 1, 2, 5]
[0, 1, 2, 3]
0.2631578947368421 0.3055555555555556
itercount --------> 5
[2, 0, 4]
[2, 0, 7]
[2, 0, 3]
[2, 0, 1]
0.3055555555555556 0.36666666666666664
itercount --------> 6
[4, 6, 7]
[4, 6, 0]
0.36666666666666664 0.4583333333333333
itercount --------> 7
[4, 3, 0]
[4, 3, 2]
[4, 3, 7]
[4, 3, 5]
[4, 3, 6]
[4, 3, 1]
[4, 3, 0, 2]
0.4583333333333333 0.4642857142857143
itercount --------> 8
[2, 4, 0]
0.4642857142857143 0.4666666666666667
itercount --------> 9
[2, 0, 4]
[2, 0, 7]
[2, 0, 1]
[2, 0, 3]
[2, 0, 5]
[2, 0, 6]
[2, 0, 4, 7]
0.4666666666666667 0.4838709677419355
itercount --------> 10
[2, 0, 7]
[2, 0, 1]
[2, 0, 3]
[2, 0, 4]
[2, 0, 5]
[2, 0, 6]
[2, 0, 7, 1]
0.4838709677419355 0.5
itercount --------> 11
[2, 7, 0]
[2, 7, 1]
[2, 7, 3]
[2, 7, 4]
[2, 7, 5]
[2, 7, 6]
[2, 7, 0, 1]
[2, 7, 0, 3]
[2, 7, 0, 4]
[2, 7, 0, 5]
[2, 7, 0, 6]
[2, 7, 0, 1, 3]
[2, 7, 0, 1, 4]
[2, 7, 0, 1, 5]
0.5 0.5238095238095238
itercount --------> 12
[2, 3, 4]
0.5238095238095238 0.6666666666666666
itercount --------> 13
[2, 3, 5]
[2, 3, 0]
[2, 3, 4]
[2, 3, 7]
[2, 3, 1]
[2, 3, 6]
[2, 3, 5, 0]
0.6666666666666666 0.7
itercount --------> 14
[2, 3, 5]
0.7 0.75
itercount --------> 15
[5, 2, 3]
[5, 2, 0]
[5, 2, 1]
[5, 2, 4]
[5, 2, 7]
[5, 2, 6]
[5, 2, 3, 0]
[5, 2, 3, 1]
[5, 2, 3, 4]
[5, 2, 3, 7]
[5, 2, 3, 6]
[5, 2, 3, 0, 1]
[5, 2, 3, 0, 4]
[5, 2, 3, 0, 7]
0.75 0.7894736842105263
itercount --------> 16
[5, 3, 0]
[5, 3, 1]
[5, 3, 2]
[5, 3, 4]
[5, 3, 7]
[5, 3, 6]
[5, 3, 0, 1]
[5, 3, 0, 2]
[5, 3, 0, 4]
[5, 3, 0, 7]
[5, 3, 0, 6]
[5, 3, 0, 1, 2]
[5, 3, 0, 1, 4]
[5, 3, 0, 1, 7]
[5, 3, 0, 1, 6]
[5, 3, 0, 1, 2, 4]
[5, 3, 0, 1, 2, 7]
[5, 3, 0, 1, 2, 6]
[5, 3, 0, 1, 2, 4, 7]
[5, 3, 0, 1, 2, 4, 6]
[5, 3, 0, 1, 2, 4, 7, 6]
failed -> 3 times
after fail n ======> 6
[0, 1, 2, 4, 7, 3]
0.08888888888888889 0.09615384615384616
itercount --------> 1
[0, 1, 2]
0.09615384615384616 0.15625
itercount --------> 2
[1, 6, 7]
0.15625 0.17391304347826086
itercount --------> 3
[0, 2, 6]
0.17391304347826086 0.17857142857142858
itercount --------> 4
[2, 6, 1]
0.17857142857142858 0.22727272727272727
itercount --------> 5
[0, 2, 6]
0.22727272727272727 0.23076923076923078
itercount --------> 6
[0, 6, 4]
0.23076923076923078 0.2727272727272727
itercount --------> 7
[0, 6, 7]
[0, 6, 3]
0.2727272727272727 0.38095238095238093
itercount --------> 8
[3, 4, 7]
[3, 4, 0]
[3, 4, 2]
[3, 4, 6]
[3, 4, 1]
[3, 4, 5]
[3, 4, 7, 0]
0.38095238095238093 0.45454545454545453
itercount --------> 9
[3, 0, 2]
[3, 0, 4]
[3, 0, 7]
[3, 0, 6]
[3, 0, 1]
[3, 0, 5]
0.45454545454545453 0.47368421052631576
itercount --------> 10
[3, 4, 7]
[3, 4, 5]
[3, 4, 6]
[3, 4, 0]
[3, 4, 1]
[3, 4, 2]
[3, 4, 7, 5]
0.47368421052631576 0.75
itercount --------> 11
[5, 0, 2]
[5, 0, 3]
[5, 0, 1]
[5, 0, 4]
[5, 0, 7]
[5, 0, 6]
[5, 0, 2, 3]
0.75 0.7894736842105263
itercount --------> 12
[5, 3, 0]
[5, 3, 1]
[5, 3, 2]
[5, 3, 4]
[5, 3, 7]
[5, 3, 6]
[5, 3, 0, 1]
[5, 3, 0, 2]
[5, 3, 0, 4]
[5, 3, 0, 7]
[5, 3, 0, 6]
[5, 3, 0, 1, 2]
[5, 3, 0, 1, 4]
[5, 3, 0, 1, 7]
[5, 3, 0, 1, 6]
[5, 3, 0, 1, 2, 4]
[5, 3, 0, 1, 2, 7]
[5, 3, 0, 1, 2, 6]
[5, 3, 0, 1, 2, 4, 7]
[5, 3, 0, 1, 2, 4, 6]
[5, 3, 0, 1, 2, 4, 7, 6]
failed -> 4 times
after fail n ======> 7
[0, 1, 2, 4, 7, 3, 5]
0.08888888888888889 0.09615384615384616
itercount --------> 1
[0, 1, 2]
0.09615384615384616 0.22727272727272727
itercount --------> 2
[0, 1, 2]
[0, 1, 3]
0.22727272727272727 0.25
itercount --------> 3
[1, 0, 2]
[1, 0, 6]
0.25 0.34375
itercount --------> 4
[0, 4, 3]
[0, 4, 1]
[0, 4, 7]
0.34375 0.41379310344827586
itercount --------> 5
[0, 1, 7]
[0, 1, 2]
0.41379310344827586 0.5217391304347826
itercount --------> 6
[7, 0, 1]
[7, 0, 5]
0.5217391304347826 0.55
itercount --------> 7
[0, 1, 2]
[0, 1, 7]
[0, 1, 5]
[0, 1, 6]
[0, 1, 3]
[0, 1, 4]
[0, 1, 2, 7]
[0, 1, 2, 5]
0.55 0.6111111111111112
itercount --------> 8
[0, 1, 2]
[0, 1, 5]
[0, 1, 7]
[0, 1, 4]
[0, 1, 6]
[0, 1, 3]
[0, 1, 2, 5]
[0, 1, 2, 7]
[0, 1, 2, 4]
[0, 1, 2, 6]
[0, 1, 2, 3]
[0, 1, 2, 5, 7]
[0, 1, 2, 5, 4]
[0, 1, 2, 5, 6]
[0, 1, 2, 5, 3]
[0, 1, 2, 5, 7, 4]
[0, 1, 2, 5, 7, 6]
[0, 1, 2, 5, 7, 3]
[0, 1, 2, 5, 7, 4, 6]
[0, 1, 2, 5, 7, 4, 3]
[0, 1, 2, 5, 7, 4, 6, 3]
failed -> 5 times
after fail n ======> 8
[0, 1, 2, 4, 7, 3, 5, 6]
0.08888888888888889 0.1016949152542373
itercount --------> 1
[0, 1, 2]
0.1016949152542373 0.2608695652173913
itercount --------> 2
[0, 1, 2]
[0, 1, 3]
0.2608695652173913 0.2916666666666667
itercount --------> 3
[5, 6, 0]
0.2916666666666667 0.375
itercount --------> 4
[3, 4, 7]
[3, 4, 6]
[3, 4, 0]
[3, 4, 1]
[3, 4, 2]
[3, 4, 5]
[3, 4, 7, 6]
[3, 4, 7, 0]
0.375 0.391304347826087
itercount --------> 5
[3, 4, 7]
[3, 4, 6]
[3, 4, 0]
[3, 4, 1]
[3, 4, 2]
[3, 4, 5]
0.391304347826087 0.4166666666666667
itercount --------> 6
[4, 6, 3]
0.4166666666666667 0.5925925925925926
itercount --------> 7
[0, 1, 2]
[0, 1, 5]
0.5925925925925926 0.6521739130434783
itercount --------> 8
[0, 1, 2]
[0, 1, 5]
[0, 1, 3]
[0, 1, 4]
[0, 1, 6]
[0, 1, 7]
0.6521739130434783 0.7142857142857143
itercount --------> 9
[5, 0, 1]
[5, 0, 2]
[5, 0, 3]
[5, 0, 4]
[5, 0, 7]
0.7142857142857143 0.8
itercount --------> 10
[0, 1, 2]
[0, 1, 5]
[0, 1, 3]
[0, 1, 4]
[0, 1, 6]
[0, 1, 7]
[0, 1, 2, 5]
[0, 1, 2, 3]
[0, 1, 2, 4]
[0, 1, 2, 6]
[0, 1, 2, 7]
[0, 1, 2, 5, 3]
[0, 1, 2, 5, 4]
[0, 1, 2, 5, 6]
[0, 1, 2, 5, 7]
[0, 1, 2, 5, 3, 4]
[0, 1, 2, 5, 3, 6]
[0, 1, 2, 5, 3, 7]
[0, 1, 2, 5, 3, 4, 6]
[0, 1, 2, 5, 3, 4, 7]
[0, 1, 2, 5, 3, 4, 6, 7]
failed -> 6 times
after fail n ======> 5
[0, 1, 2, 4, 7]
0.08888888888888889 0.10714285714285714
itercount --------> 1
[1, 3, 4]
0.10714285714285714 0.11538461538461539
itercount --------> 2
[1, 4, 6]
0.11538461538461539 0.13793103448275862
itercount --------> 3
[1, 4, 7]
[1, 4, 0]
0.13793103448275862 0.2
itercount --------> 4
[1, 6, 7]
[1, 6, 4]
0.2 0.3076923076923077
itercount --------> 5
[1, 3, 6]
[1, 3, 4]
[1, 3, 7]
[1, 3, 0]
0.3076923076923077 0.34375
itercount --------> 6
[1, 3, 0]
[1, 3, 4]
[1, 3, 6]
[1, 3, 7]
[1, 3, 2]
0.34375 0.3793103448275862
itercount --------> 7
[1, 3, 4]
[1, 3, 6]
0.3793103448275862 0.4090909090909091
itercount --------> 8
[0, 1, 2]
[0, 1, 6]
0.4090909090909091 0.44
itercount --------> 9
[1, 6, 0]
[1, 6, 2]
[1, 6, 3]
[1, 6, 4]
[1, 6, 7]
[1, 6, 5]
[1, 6, 0, 2]
0.44 0.4782608695652174
itercount --------> 10
[3, 7, 4]
0.4782608695652174 0.5
itercount --------> 11
[4, 7, 0]
[4, 7, 1]
[4, 7, 6]
[4, 7, 5]
0.5 0.5185185185185185
itercount --------> 12
[5, 0, 1]
[5, 0, 3]
[5, 0, 4]
[5, 0, 6]
[5, 0, 7]
[5, 0, 2]
[5, 0, 1, 3]
[5, 0, 1, 4]
[5, 0, 1, 6]
[5, 0, 1, 7]
[5, 0, 1, 2]
[5, 0, 1, 3, 4]
0.5185185185185185 0.56
itercount --------> 13
[0, 5, 3]
0.56 0.64
itercount --------> 14
[1, 0, 4]
[1, 0, 2]
[1, 0, 5]
[1, 0, 3]
[1, 0, 7]
[1, 0, 6]
[1, 0, 4, 2]
[1, 0, 4, 5]
0.64 0.6818181818181818
itercount --------> 15
[0, 1, 5]
[0, 1, 2]
[0, 1, 3]
[0, 1, 4]
[0, 1, 7]
[0, 1, 6]
[0, 1, 5, 2]
[0, 1, 5, 3]
0.6818181818181818 0.75
itercount --------> 16
[5, 0, 1]
[5, 0, 2]
[5, 0, 3]
[5, 0, 4]
[5, 0, 7]
[5, 0, 6]
[5, 0, 1, 2]
[5, 0, 1, 3]
[5, 0, 1, 4]
[5, 0, 1, 7]
0.75 0.7619047619047619
itercount --------> 17
[3, 5, 0]
[3, 5, 4]
[3, 5, 1]
[3, 5, 2]
0.7619047619047619 0.7894736842105263
itercount --------> 18
[5, 3, 0]
[5, 3, 1]
[5, 3, 2]
[5, 3, 4]
[5, 3, 7]
[5, 3, 6]
[5, 3, 0, 1]
[5, 3, 0, 2]
[5, 3, 0, 4]
[5, 3, 0, 7]
[5, 3, 0, 6]
[5, 3, 0, 1, 2]
[5, 3, 0, 1, 4]
[5, 3, 0, 1, 7]
[5, 3, 0, 1, 6]
[5, 3, 0, 1, 2, 4]
[5, 3, 0, 1, 2, 7]
[5, 3, 0, 1, 2, 6]
[5, 3, 0, 1, 2, 4, 7]
[5, 3, 0, 1, 2, 4, 6]
[5, 3, 0, 1, 2, 4, 7, 6]
failed -> 7 times
after fail n ======> 6
[0, 1, 2, 4, 7, 3]
0.08888888888888889 0.10714285714285714
itercount --------> 1
[2, 5, 4]
0.10714285714285714 0.11538461538461539
itercount --------> 2
[2, 4, 6]
[2, 4, 0]
0.11538461538461539 0.21739130434782608
itercount --------> 3
[2, 3, 6]
0.21739130434782608 0.2916666666666667
itercount --------> 4
[2, 3, 4]
[2, 3, 7]
[2, 3, 6]
0.2916666666666667 0.32142857142857145
itercount --------> 5
[2, 3, 6]
[2, 3, 4]
[2, 3, 0]
0.32142857142857145 0.3333333333333333
itercount --------> 6
[2, 0, 3]
[2, 0, 4]
[2, 0, 1]
0.3333333333333333 0.4230769230769231
itercount --------> 7
[4, 0, 2]
[4, 0, 3]
[4, 0, 6]
0.4230769230769231 0.5416666666666666
itercount --------> 8
[0, 1, 2]
[0, 1, 6]
[0, 1, 7]
[0, 1, 5]
[0, 1, 3]
[0, 1, 4]
0.5416666666666666 0.5652173913043478
itercount --------> 9
[0, 2, 1]
[0, 2, 7]
[0, 2, 3]
[0, 2, 4]
[0, 2, 6]
[0, 2, 5]
[0, 2, 1, 7]
[0, 2, 1, 3]
[0, 2, 1, 4]
[0, 2, 1, 6]
[0, 2, 1, 5]
0.5652173913043478 0.5789473684210527
itercount --------> 10
[0, 1, 2]
[0, 1, 6]
[0, 1, 5]
[0, 1, 7]
[0, 1, 4]
[0, 1, 3]
[0, 1, 2, 6]
[0, 1, 2, 5]
0.5789473684210527 0.6111111111111112
itercount --------> 11
[0, 1, 2]
[0, 1, 5]
[0, 1, 6]
[0, 1, 7]
[0, 1, 4]
[0, 1, 3]
[0, 1, 2, 5]
[0, 1, 2, 6]
[0, 1, 2, 7]
[0, 1, 2, 4]
[0, 1, 2, 3]
[0, 1, 2, 5, 6]
[0, 1, 2, 5, 7]
[0, 1, 2, 5, 4]
[0, 1, 2, 5, 3]
[0, 1, 2, 5, 6, 7]
[0, 1, 2, 5, 6, 4]
[0, 1, 2, 5, 6, 3]
[0, 1, 2, 5, 6, 7, 4]
[0, 1, 2, 5, 6, 7, 3]
[0, 1, 2, 5, 6, 7, 4, 3]
failed -> 8 times
after fail n ======> 7
[0, 1, 2, 4, 7, 3, 5]
0.08888888888888889 0.09615384615384616
itercount --------> 1
[0, 1, 2]
0.09615384615384616 0.15625
itercount --------> 2
[1, 3, 5]
0.15625 0.17857142857142858
itercount --------> 3
[1, 5, 0]
0.17857142857142858 0.2692307692307692
itercount --------> 4
[5, 0, 2]
[5, 0, 4]
[5, 0, 6]
[5, 0, 3]
0.2692307692307692 0.28
itercount --------> 5
[0, 6, 4]
0.28 0.3333333333333333
itercount --------> 6
[0, 6, 4]
[0, 6, 3]
[0, 6, 7]
[0, 6, 2]
[0, 6, 1]
[0, 6, 5]
[0, 6, 4, 3]
0.3333333333333333 0.4
itercount --------> 7
[0, 2, 4]
[0, 2, 3]
[0, 2, 6]
[0, 2, 7]
[0, 2, 1]
0.4 0.4444444444444444
itercount --------> 8
[0, 1, 2]
[0, 1, 4]
[0, 1, 5]
[0, 1, 7]
[0, 1, 6]
[0, 1, 3]
[0, 1, 2, 4]
0.4444444444444444 0.47368421052631576
itercount --------> 9
[0, 1, 2]
[0, 1, 5]
[0, 1, 4]
[0, 1, 6]
[0, 1, 7]
[0, 1, 3]
[0, 1, 2, 5]
[0, 1, 2, 4]
0.47368421052631576 0.5
itercount --------> 10
[0, 1, 2]
[0, 1, 5]
[0, 1, 4]
[0, 1, 6]
[0, 1, 7]
[0, 1, 3]
[0, 1, 2, 5]
[0, 1, 2, 4]
[0, 1, 2, 6]
[0, 1, 2, 7]
[0, 1, 2, 3]
[0, 1, 2, 5, 4]
[0, 1, 2, 5, 6]
[0, 1, 2, 5, 7]
[0, 1, 2, 5, 3]
[0, 1, 2, 5, 4, 6]
0.5 0.5714285714285714
itercount --------> 11
[3, 4, 5]
[3, 4, 6]
[3, 4, 7]
[3, 4, 0]
[3, 4, 1]
[3, 4, 2]
[3, 4, 5, 6]
[3, 4, 5, 7]
[3, 4, 5, 0]
[3, 4, 5, 1]
[3, 4, 5, 2]
[3, 4, 5, 6, 7]
[3, 4, 5, 6, 0]
[3, 4, 5, 6, 1]
[3, 4, 5, 6, 2]
[3, 4, 5, 6, 7, 0]
[3, 4, 5, 6, 7, 1]
[3, 4, 5, 6, 7, 2]
[3, 4, 5, 6, 7, 0, 1]
[3, 4, 5, 6, 7, 0, 2]
[3, 4, 5, 6, 7, 0, 1, 2]
failed -> 9 times
after fail n ======> 8
[0, 1, 2, 4, 7, 3, 5, 6]
0.08888888888888889 0.1
itercount --------> 1
[3, 6, 0]
[3, 6, 1]
0.1 0.16
itercount --------> 2
[0, 1, 3]
0.16 0.20833333333333334
itercount --------> 3
[0, 1, 4]
[0, 1, 7]
[0, 1, 2]
0.20833333333333334 0.2777777777777778
itercount --------> 4
[5, 0, 1]
[5, 0, 2]
[5, 0, 7]
[5, 0, 4]
[5, 0, 3]
[5, 0, 6]
[5, 0, 1, 2]
0.2777777777777778 0.3333333333333333
itercount --------> 5
[0, 1, 2]
[0, 1, 7]
[0, 1, 4]
[0, 1, 5]
[0, 1, 3]
[0, 1, 6]
[0, 1, 2, 7]
[0, 1, 2, 4]
[0, 1, 2, 5]
[0, 1, 2, 3]
[0, 1, 2, 6]
[0, 1, 2, 7, 4]
0.3333333333333333 0.42105263157894735
itercount --------> 6
[0, 1, 2]
[0, 1, 5]
[0, 1, 6]
[0, 1, 3]
[0, 1, 4]
0.42105263157894735 0.4444444444444444
itercount --------> 7
[5, 0, 1]
[5, 0, 2]
[5, 0, 7]
[5, 0, 3]
[5, 0, 4]
[5, 0, 6]
[5, 0, 1, 2]
[5, 0, 1, 7]
[5, 0, 1, 3]
[5, 0, 1, 4]
[5, 0, 1, 6]
[5, 0, 1, 2, 7]
[5, 0, 1, 2, 3]
[5, 0, 1, 2, 4]
[5, 0, 1, 2, 6]
[5, 0, 1, 2, 7, 3]
[5, 0, 1, 2, 7, 4]
[5, 0, 1, 2, 7, 6]
[5, 0, 1, 2, 7, 3, 4]
[5, 0, 1, 2, 7, 3, 6]
[5, 0, 1, 2, 7, 3, 4, 6]
failed -> 10 times
after fail n ======> 5
[0, 1, 2, 4, 7]
0.08888888888888889 0.13793103448275862
itercount --------> 1
[0, 4, 7]
0.13793103448275862 0.17142857142857143
itercount --------> 2
[0, 1, 2]
[0, 1, 3]
0.17142857142857143 0.21052631578947367
itercount --------> 3
[0, 1, 2]
[0, 1, 5]
[0, 1, 6]
0.21052631578947367 0.2631578947368421
itercount --------> 4
[0, 1, 2]
[0, 1, 5]
[0, 1, 3]
0.2631578947368421 0.3055555555555556
itercount --------> 5
[0, 1, 3]
0.3055555555555556 0.34375
itercount --------> 6
[1, 4, 6]
[1, 4, 7]
0.34375 0.38461538461538464
itercount --------> 7
[3, 4, 6]
[3, 4, 0]
[3, 4, 1]
0.38461538461538464 0.41935483870967744
itercount --------> 8
[1, 0, 7]
[1, 0, 4]
[1, 0, 2]
0.41935483870967744 0.4482758620689655
itercount --------> 9
[1, 4, 7]
[1, 4, 0]
[1, 4, 3]
[1, 4, 2]
[1, 4, 6]
[1, 4, 5]
[1, 4, 7, 0]
0.4482758620689655 0.48148148148148145
itercount --------> 10
[1, 4, 7]
[1, 4, 0]
[1, 4, 3]
[1, 4, 6]
[1, 4, 2]
0.48148148148148145 0.5
itercount --------> 11
[1, 7, 4]
[1, 7, 3]
[1, 7, 0]
[1, 7, 6]
[1, 7, 2]
[1, 7, 5]
[1, 7, 4, 3]
[1, 7, 4, 0]
[1, 7, 4, 6]
[1, 7, 4, 2]
[1, 7, 4, 5]
[1, 7, 4, 3, 0]
[1, 7, 4, 3, 6]
[1, 7, 4, 3, 2]
[1, 7, 4, 3, 5]
[1, 7, 4, 3, 0, 6]
[1, 7, 4, 3, 0, 2]
[1, 7, 4, 3, 0, 5]
[1, 7, 4, 3, 0, 6, 2]
[1, 7, 4, 3, 0, 6, 5]
0.5 0.5454545454545454
itercount --------> 12
[4, 1, 0]
[4, 1, 5]
[4, 1, 6]
[4, 1, 7]
[4, 1, 2]
[4, 1, 3]
[4, 1, 0, 5]
[4, 1, 0, 6]
[4, 1, 0, 7]
0.5454545454545454 0.5555555555555556
itercount --------> 13
[1, 0, 4]
0.5555555555555556 0.6071428571428571
itercount --------> 14
[1, 0, 2]
[1, 0, 4]
[1, 0, 7]
[1, 0, 5]
[1, 0, 3]
[1, 0, 6]
[1, 0, 2, 4]
[1, 0, 2, 7]
0.6071428571428571 0.625
itercount --------> 15
[1, 7, 0]
[1, 7, 4]
[1, 7, 6]
[1, 7, 3]
[1, 7, 2]
[1, 7, 5]
[1, 7, 0, 4]
[1, 7, 0, 6]
[1, 7, 0, 3]
[1, 7, 0, 2]
[1, 7, 0, 5]
[1, 7, 0, 4, 6]
[1, 7, 0, 4, 3]
[1, 7, 0, 4, 2]
[1, 7, 0, 4, 5]
[1, 7, 0, 4, 6, 3]
[1, 7, 0, 4, 6, 2]
[1, 7, 0, 4, 6, 5]
[1, 7, 0, 4, 6, 3, 2]
0.625 0.6363636363636364
itercount --------> 16
[6, 4, 7]
[6, 4, 3]
[6, 4, 0]
[6, 4, 1]
[6, 4, 5]
[6, 4, 2]
[6, 4, 7, 3]
[6, 4, 7, 0]
[6, 4, 7, 1]
[6, 4, 7, 5]
[6, 4, 7, 2]
[6, 4, 7, 3, 0]
[6, 4, 7, 3, 1]
[6, 4, 7, 3, 5]
[6, 4, 7, 3, 2]
[6, 4, 7, 3, 0, 1]
[6, 4, 7, 3, 0, 5]
[6, 4, 7, 3, 0, 2]
[6, 4, 7, 3, 0, 1, 5]
[6, 4, 7, 3, 0, 1, 2]
[6, 4, 7, 3, 0, 1, 5, 2]
0.6363636363636364 0.6521739130434783
itercount --------> 17
[4, 6, 0]
[4, 6, 1]
[4, 6, 7]
[4, 6, 3]
[4, 6, 5]
[4, 6, 2]
[4, 6, 0, 1]
[4, 6, 0, 7]
[4, 6, 0, 3]
[4, 6, 0, 5]
[4, 6, 0, 2]
0.6521739130434783 0.6538461538461539
itercount --------> 18
[0, 1, 2]
[0, 1, 4]
[0, 1, 7]
[0, 1, 5]
[0, 1, 3]
[0, 1, 6]
[0, 1, 2, 4]
[0, 1, 2, 7]
[0, 1, 2, 5]
[0, 1, 2, 3]
[0, 1, 2, 6]
[0, 1, 2, 4, 7]
[0, 1, 2, 4, 5]
[0, 1, 2, 4, 3]
[0, 1, 2, 4, 6]
[0, 1, 2, 4, 7, 5]
[0, 1, 2, 4, 7, 3]
[0, 1, 2, 4, 7, 6]
[0, 1, 2, 4, 7, 5, 3]
[0, 1, 2, 4, 7, 5, 6]
[0, 1, 2, 4, 7, 5, 3, 6]
failed -> 11 times
after fail n ======> 6
[0, 1, 2, 4, 7, 3]
0.08888888888888889 0.14705882352941177
itercount --------> 1
[1, 0, 4]
[1, 0, 7]
[1, 0, 3]
0.14705882352941177 0.15384615384615385
itercount --------> 2
[0, 1, 4]
[0, 1, 7]
0.15384615384615385 0.21739130434782608
itercount --------> 3
[0, 3, 6]
0.21739130434782608 0.2903225806451613
itercount --------> 4
[0, 3, 2]
0.2903225806451613 0.2916666666666667
itercount --------> 5
[3, 0, 1]
[3, 0, 4]
0.2916666666666667 0.30434782608695654
itercount --------> 6
[3, 0, 4]
0.30434782608695654 0.32
itercount --------> 7
[3, 0, 7]
[3, 0, 4]
[3, 0, 2]
0.32 0.3225806451612903
itercount --------> 8
[2, 3, 0]
0.3225806451612903 0.35
itercount --------> 9
[3, 4, 7]
[3, 4, 6]
[3, 4, 5]
[3, 4, 0]
[3, 4, 1]
[3, 4, 2]
[3, 4, 7, 6]
[3, 4, 7, 5]
[3, 4, 7, 0]
[3, 4, 7, 1]
[3, 4, 7, 2]
[3, 4, 7, 6, 5]
[3, 4, 7, 6, 0]
[3, 4, 7, 6, 1]
[3, 4, 7, 6, 2]
[3, 4, 7, 6, 5, 0]
[3, 4, 7, 6, 5, 1]
0.35 0.3684210526315789
itercount --------> 10
[3, 4, 7]
[3, 4, 6]
[3, 4, 5]
[3, 4, 0]
[3, 4, 1]
[3, 4, 2]
[3, 4, 7, 6]
[3, 4, 7, 5]
[3, 4, 7, 0]
[3, 4, 7, 1]
[3, 4, 7, 2]
[3, 4, 7, 6, 5]
[3, 4, 7, 6, 0]
[3, 4, 7, 6, 1]
[3, 4, 7, 6, 2]
[3, 4, 7, 6, 5, 0]
[3, 4, 7, 6, 5, 1]
[3, 4, 7, 6, 5, 2]
[3, 4, 7, 6, 5, 0, 1]
[3, 4, 7, 6, 5, 0, 2]
[3, 4, 7, 6, 5, 0, 1, 2]
failed -> 12 times
after fail n ======> 7
[0, 1, 2, 4, 7, 3, 5]
0.08888888888888889 0.09615384615384616
itercount --------> 1
[0, 1, 2]
0.09615384615384616 0.15625
itercount --------> 2
[0, 6, 7]
0.15625 0.17391304347826086
itercount --------> 3
[1, 2, 6]
0.17391304347826086 0.18518518518518517
itercount --------> 4
[2, 6, 4]
0.18518518518518517 0.19230769230769232
itercount --------> 5
[2, 4, 7]
0.19230769230769232 0.2608695652173913
itercount --------> 6
[2, 7, 3]
[2, 7, 4]
0.2608695652173913 0.2727272727272727
itercount --------> 7
[2, 6, 1]
[2, 6, 3]
0.2727272727272727 0.38095238095238093
itercount --------> 8
[0, 3, 4]
[0, 3, 7]
[0, 3, 1]
0.38095238095238093 0.4444444444444444
itercount --------> 9
[0, 1, 2]
[0, 1, 7]
[0, 1, 4]
[0, 1, 5]
[0, 1, 3]
[0, 1, 6]
[0, 1, 2, 7]
[0, 1, 2, 4]
[0, 1, 2, 5]
[0, 1, 2, 3]
[0, 1, 2, 6]
[0, 1, 2, 7, 4]
0.4444444444444444 0.5
itercount --------> 10
[0, 1, 2]
[0, 1, 7]
[0, 1, 3]
[0, 1, 5]
[0, 1, 4]
[0, 1, 6]
[0, 1, 2, 7]
[0, 1, 2, 3]
[0, 1, 2, 5]
[0, 1, 2, 4]
[0, 1, 2, 6]
[0, 1, 2, 7, 3]
[0, 1, 2, 7, 5]
[0, 1, 2, 7, 4]
[0, 1, 2, 7, 6]
[0, 1, 2, 7, 3, 5]
[0, 1, 2, 7, 3, 4]
[0, 1, 2, 7, 3, 6]
0.5 0.55
itercount --------> 11
[4, 2, 3]
[4, 2, 7]
[4, 2, 6]
[4, 2, 5]
[4, 2, 0]
[4, 2, 1]
[4, 2, 3, 7]
[4, 2, 3, 6]
[4, 2, 3, 5]
[4, 2, 3, 0]
0.55 0.5789473684210527
itercount --------> 12
[4, 3, 7]
[4, 3, 6]
[4, 3, 5]
[4, 3, 0]
[4, 3, 1]
[4, 3, 2]
[4, 3, 7, 6]
[4, 3, 7, 5]
[4, 3, 7, 0]
[4, 3, 7, 1]
[4, 3, 7, 2]
[4, 3, 7, 6, 5]
[4, 3, 7, 6, 0]
[4, 3, 7, 6, 1]
[4, 3, 7, 6, 2]
[4, 3, 7, 6, 5, 0]
[4, 3, 7, 6, 5, 1]
[4, 3, 7, 6, 5, 2]
[4, 3, 7, 6, 5, 0, 1]
[4, 3, 7, 6, 5, 0, 2]
[4, 3, 7, 6, 5, 0, 1, 2]
0.5789473684210527 0.6
itercount --------> 13
[4, 5, 7]
[4, 5, 3]
[4, 5, 0]
[4, 5, 1]
[4, 5, 2]
[4, 5, 6]
[4, 5, 7, 3]
[4, 5, 7, 0]
[4, 5, 7, 1]
[4, 5, 7, 2]
[4, 5, 7, 6]
[4, 5, 7, 3, 0]
0.6 0.7619047619047619
itercount --------> 14
[7, 0, 1]
[7, 0, 2]
[7, 0, 4]
[7, 0, 5]
[7, 0, 3]
[7, 0, 6]
[7, 0, 1, 2]
[7, 0, 1, 4]
[7, 0, 1, 5]
[7, 0, 1, 3]
[7, 0, 1, 6]
[7, 0, 1, 2, 4]
[7, 0, 1, 2, 5]
[7, 0, 1, 2, 3]
[7, 0, 1, 2, 6]
[7, 0, 1, 2, 4, 5]
[7, 0, 1, 2, 4, 3]
[7, 0, 1, 2, 4, 6]
[7, 0, 1, 2, 4, 5, 3]
[7, 0, 1, 2, 4, 5, 6]
[7, 0, 1, 2, 4, 5, 3, 6]
failed -> 13 times
after fail n ======> 8
[0, 1, 2, 4, 7, 3, 5, 6]
0.08888888888888889 0.1016949152542373
itercount --------> 1
[0, 1, 2]
0.1016949152542373 0.2608695652173913
itercount --------> 2
[0, 1, 2]
[0, 1, 3]
[0, 1, 5]
[0, 1, 6]
[0, 1, 4]
[0, 1, 7]
[0, 1, 2, 3]
0.2608695652173913 0.2916666666666667
itercount --------> 3
[5, 6, 0]
0.2916666666666667 0.42857142857142855
itercount --------> 4
[3, 4, 7]
[3, 4, 6]
[3, 4, 0]
[3, 4, 1]
[3, 4, 2]
[3, 4, 5]
[3, 4, 7, 6]
[3, 4, 7, 0]
[3, 4, 7, 1]
0.42857142857142855 0.5789473684210527
itercount --------> 5
[0, 1, 2]
[0, 1, 5]
[0, 1, 7]
[0, 1, 6]
[0, 1, 4]
[0, 1, 3]
[0, 1, 2, 5]
[0, 1, 2, 7]
[0, 1, 2, 6]
0.5789473684210527 0.6111111111111112
itercount --------> 6
[0, 1, 2]
[0, 1, 5]
[0, 1, 7]
[0, 1, 4]
[0, 1, 6]
[0, 1, 3]
[0, 1, 2, 5]
[0, 1, 2, 7]
[0, 1, 2, 4]
[0, 1, 2, 6]
[0, 1, 2, 3]
[0, 1, 2, 5, 7]
[0, 1, 2, 5, 4]
[0, 1, 2, 5, 6]
[0, 1, 2, 5, 3]
[0, 1, 2, 5, 7, 4]
[0, 1, 2, 5, 7, 6]
[0, 1, 2, 5, 7, 3]
[0, 1, 2, 5, 7, 4, 6]
[0, 1, 2, 5, 7, 4, 3]
[0, 1, 2, 5, 7, 4, 6, 3]
failed -> 14 times
after fail n ======> 5
[0, 1, 2, 4, 7]
0.08888888888888889 0.1016949152542373
itercount --------> 1
[0, 1, 2]
0.1016949152542373 0.2608695652173913
itercount --------> 2
[0, 1, 2]
[0, 1, 3]
[0, 1, 5]
[0, 1, 6]
[0, 1, 4]
[0, 1, 7]
[0, 1, 2, 3]
0.2608695652173913 0.2916666666666667
itercount --------> 3
[5, 6, 0]
0.2916666666666667 0.39285714285714285
itercount --------> 4
[4, 7, 0]
[4, 7, 1]
[4, 7, 2]
[4, 7, 3]
[4, 7, 5]
[4, 7, 6]
[4, 7, 0, 1]
0.39285714285714285 0.4230769230769231
itercount --------> 5
[4, 7, 3]
[4, 7, 6]
[4, 7, 0]
[4, 7, 1]
[4, 7, 2]
[4, 7, 5]
[4, 7, 3, 6]
0.4230769230769231 0.44
itercount --------> 6
[4, 3, 6]
[4, 3, 7]
[4, 3, 0]
[4, 3, 1]
[4, 3, 2]
[4, 3, 5]
[4, 3, 6, 7]
[4, 3, 6, 0]
0.44 0.5
itercount --------> 7
[3, 4, 5]
[3, 4, 0]
[3, 4, 1]
[3, 4, 2]
[3, 4, 6]
[3, 4, 7]
[3, 4, 5, 0]
0.5 0.5263157894736842
itercount --------> 8
[3, 4, 7]
[3, 4, 5]
[3, 4, 6]
[3, 4, 0]
[3, 4, 1]
[3, 4, 2]
[3, 4, 7, 5]
[3, 4, 7, 6]
[3, 4, 7, 0]
[3, 4, 7, 1]
[3, 4, 7, 2]
[3, 4, 7, 5, 6]
[3, 4, 7, 5, 0]
0.5263157894736842 0.55
itercount --------> 9
[4, 3, 5]
[4, 3, 6]
[4, 3, 7]
[4, 3, 0]
[4, 3, 1]
[4, 3, 2]
[4, 3, 5, 6]
[4, 3, 5, 7]
[4, 3, 5, 0]
[4, 3, 5, 1]
[4, 3, 5, 2]
[4, 3, 5, 6, 7]
[4, 3, 5, 6, 0]
[4, 3, 5, 6, 1]
[4, 3, 5, 6, 2]
[4, 3, 5, 6, 7, 0]
[4, 3, 5, 6, 7, 1]
[4, 3, 5, 6, 7, 2]
[4, 3, 5, 6, 7, 0, 1]
[4, 3, 5, 6, 7, 0, 2]
[4, 3, 5, 6, 7, 0, 1, 2]
failed -> 15 times
after fail n ======> 6
[0, 1, 2, 4, 7, 3]
0.08888888888888889 0.09615384615384616
itercount --------> 1
[0, 1, 2]
[0, 1, 3]
0.09615384615384616 0.10810810810810811
itercount --------> 2
[0, 2, 3]
[0, 2, 1]
0.10810810810810811 0.21052631578947367
itercount --------> 3
[0, 1, 2]
[0, 1, 5]
[0, 1, 6]
0.21052631578947367 0.22727272727272727
itercount --------> 4
[0, 1, 2]
[0, 1, 3]
0.22727272727272727 0.3076923076923077
itercount --------> 5
[1, 3, 4]
[1, 3, 7]
[1, 3, 6]
[1, 3, 0]
0.3076923076923077 0.34375
itercount --------> 6
[1, 4, 3]
[1, 4, 0]
[1, 4, 7]
0.34375 0.41379310344827586
itercount --------> 7
[1, 0, 7]
[1, 0, 2]
[1, 0, 6]
[1, 0, 4]
[1, 0, 3]
[1, 0, 5]
0.41379310344827586 0.4782608695652174
itercount --------> 8
[1, 6, 7]
[1, 6, 0]
[1, 6, 2]
[1, 6, 3]
[1, 6, 4]
[1, 6, 5]
0.4782608695652174 0.5238095238095238
itercount --------> 9
[0, 1, 2]
[0, 1, 7]
[0, 1, 5]
[0, 1, 6]
[0, 1, 3]
[0, 1, 4]
[0, 1, 2, 7]
[0, 1, 2, 5]
0.5238095238095238 0.5789473684210527
itercount --------> 10
[0, 1, 2]
[0, 1, 5]
[0, 1, 7]
[0, 1, 6]
[0, 1, 4]
[0, 1, 3]
[0, 1, 2, 5]
[0, 1, 2, 7]
[0, 1, 2, 6]
[0, 1, 2, 4]
[0, 1, 2, 3]
[0, 1, 2, 5, 7]
[0, 1, 2, 5, 6]
0.5789473684210527 0.6111111111111112
itercount --------> 11
[0, 1, 2]
[0, 1, 5]
[0, 1, 7]
[0, 1, 4]
[0, 1, 6]
[0, 1, 3]
[0, 1, 2, 5]
[0, 1, 2, 7]
[0, 1, 2, 4]
[0, 1, 2, 6]
[0, 1, 2, 3]
[0, 1, 2, 5, 7]
[0, 1, 2, 5, 4]
[0, 1, 2, 5, 6]
[0, 1, 2, 5, 3]
[0, 1, 2, 5, 7, 4]
[0, 1, 2, 5, 7, 6]
[0, 1, 2, 5, 7, 3]
[0, 1, 2, 5, 7, 4, 6]
[0, 1, 2, 5, 7, 4, 3]
[0, 1, 2, 5, 7, 4, 6, 3]
failed -> 16 times
after fail n ======> 7
[0, 1, 2, 4, 7, 3, 5]
0.08888888888888889 0.0945945945945946
itercount --------> 1
[0, 1, 2]
0.0945945945945946 0.16666666666666666
itercount --------> 2
[0, 1, 2]
[0, 1, 5]
0.16666666666666666 0.18421052631578946
itercount --------> 3
[5, 0, 6]
0.18421052631578946 0.2391304347826087
itercount --------> 4
[5, 0, 1]
0.2391304347826087 0.32142857142857145
itercount --------> 5
[0, 1, 2]
[0, 1, 3]
[0, 1, 5]
[0, 1, 4]
[0, 1, 7]
[0, 1, 6]
0.32142857142857145 0.34615384615384615
itercount --------> 6
[0, 3, 4]
[0, 3, 7]
[0, 3, 6]
[0, 3, 1]
[0, 3, 2]
0.34615384615384615 0.36
itercount --------> 7
[0, 3, 4]
0.36 0.42857142857142855
itercount --------> 8
[3, 4, 7]
[3, 4, 6]
[3, 4, 0]
[3, 4, 1]
[3, 4, 2]
[3, 4, 5]
[3, 4, 7, 6]
[3, 4, 7, 0]
[3, 4, 7, 1]
0.42857142857142855 0.6111111111111112
itercount --------> 9
[0, 1, 2]
[0, 1, 5]
[0, 1, 7]
[0, 1, 4]
[0, 1, 6]
[0, 1, 3]
[0, 1, 2, 5]
[0, 1, 2, 7]
[0, 1, 2, 4]
[0, 1, 2, 6]
[0, 1, 2, 3]
[0, 1, 2, 5, 7]
[0, 1, 2, 5, 4]
[0, 1, 2, 5, 6]
[0, 1, 2, 5, 3]
[0, 1, 2, 5, 7, 4]
[0, 1, 2, 5, 7, 6]
[0, 1, 2, 5, 7, 3]
[0, 1, 2, 5, 7, 4, 6]
[0, 1, 2, 5, 7, 4, 3]
[0, 1, 2, 5, 7, 4, 6, 3]
failed -> 17 times
after fail n ======> 8
[0, 1, 2, 4, 7, 3, 5, 6]
0.08888888888888889 0.09615384615384616
itercount --------> 1
[0, 1, 2]
0.09615384615384616 0.15625
itercount --------> 2
[2, 3, 5]
[2, 3, 0]
0.15625 0.175
itercount --------> 3
[2, 0, 3]
0.175 0.39285714285714285
itercount --------> 4
[2, 6, 0]
[2, 6, 1]
0.39285714285714285 0.44
itercount --------> 5
[0, 2, 6]
[0, 2, 1]
[0, 2, 3]
[0, 2, 5]
[0, 2, 4]
[0, 2, 7]
[0, 2, 6, 1]
[0, 2, 6, 3]
[0, 2, 6, 5]
[0, 2, 6, 4]
[0, 2, 6, 7]
[0, 2, 6, 1, 3]
0.44 0.52
itercount --------> 6
[0, 2, 6]
[0, 2, 1]
[0, 2, 3]
[0, 2, 7]
[0, 2, 5]
0.52 0.5789473684210527
itercount --------> 7
[0, 1, 2]
[0, 1, 5]
[0, 1, 6]
[0, 1, 7]
0.5789473684210527 0.6111111111111112
itercount --------> 8
[0, 1, 2]
[0, 1, 5]
[0, 1, 6]
[0, 1, 7]
[0, 1, 4]
[0, 1, 3]
[0, 1, 2, 5]
[0, 1, 2, 6]
[0, 1, 2, 7]
[0, 1, 2, 4]
[0, 1, 2, 3]
[0, 1, 2, 5, 6]
[0, 1, 2, 5, 7]
[0, 1, 2, 5, 4]
[0, 1, 2, 5, 3]
[0, 1, 2, 5, 6, 7]
0.6111111111111112 0.6666666666666666
itercount --------> 9
[0, 1, 2]
[0, 1, 5]
[0, 1, 6]
[0, 1, 7]
[0, 1, 4]
[0, 1, 3]
[0, 1, 2, 5]
[0, 1, 2, 6]
[0, 1, 2, 7]
[0, 1, 2, 4]
[0, 1, 2, 3]
[0, 1, 2, 5, 6]
[0, 1, 2, 5, 7]
[0, 1, 2, 5, 4]
[0, 1, 2, 5, 3]
[0, 1, 2, 5, 6, 7]
[0, 1, 2, 5, 6, 4]
[0, 1, 2, 5, 6, 3]
[0, 1, 2, 5, 6, 7, 4]
[0, 1, 2, 5, 6, 7, 3]
[0, 1, 2, 5, 6, 7, 4, 3]
failed -> 18 times
after fail n ======> 5
[0, 1, 2, 4, 7]
0.08888888888888889 0.14705882352941177
itercount --------> 1
[1, 2, 5]
0.14705882352941177 0.2
itercount --------> 2
[2, 0, 1]
0.2 0.23809523809523808
itercount --------> 3
[0, 1, 2]
[0, 1, 3]
0.23809523809523808 0.2727272727272727
itercount --------> 4
[0, 2, 1]
[0, 2, 4]
[0, 2, 6]
0.2727272727272727 0.37037037037037035
itercount --------> 5
[4, 7, 0]
0.37037037037037035 0.3793103448275862
itercount --------> 6
[7, 0, 3]
[7, 0, 4]
0.3793103448275862 0.39285714285714285
itercount --------> 7
[0, 3, 4]
[0, 3, 7]
[0, 3, 6]
0.39285714285714285 0.4230769230769231
itercount --------> 8
[0, 5, 6]
[0, 5, 2]
0.4230769230769231 0.45
itercount --------> 9
[0, 1, 2]
[0, 1, 5]
0.45 0.47368421052631576
itercount --------> 10
[0, 1, 2]
[0, 1, 5]
[0, 1, 6]
[0, 1, 3]
[0, 1, 4]
0.47368421052631576 0.5
itercount --------> 11
[0, 1, 2]
[0, 1, 5]
[0, 1, 6]
[0, 1, 4]
[0, 1, 7]
[0, 1, 3]
[0, 1, 2, 5]
[0, 1, 2, 6]
[0, 1, 2, 4]
[0, 1, 2, 7]
[0, 1, 2, 3]
[0, 1, 2, 5, 6]
[0, 1, 2, 5, 4]
[0, 1, 2, 5, 7]
[0, 1, 2, 5, 3]
[0, 1, 2, 5, 6, 4]
0.5 0.6111111111111112
itercount --------> 12
[0, 1, 2]
[0, 1, 5]
[0, 1, 6]
[0, 1, 7]
[0, 1, 4]
[0, 1, 3]
[0, 1, 2, 5]
[0, 1, 2, 6]
[0, 1, 2, 7]
[0, 1, 2, 4]
[0, 1, 2, 3]
[0, 1, 2, 5, 6]
[0, 1, 2, 5, 7]
[0, 1, 2, 5, 4]
[0, 1, 2, 5, 3]
[0, 1, 2, 5, 6, 7]
[0, 1, 2, 5, 6, 4]
[0, 1, 2, 5, 6, 3]
[0, 1, 2, 5, 6, 7, 4]
[0, 1, 2, 5, 6, 7, 3]
[0, 1, 2, 5, 6, 7, 4, 3]
failed -> 19 times
after fail n ======> 6
[0, 1, 2, 4, 7, 3]
0.08888888888888889 0.1016949152542373
itercount --------> 1
[0, 1, 2]
0.1016949152542373 0.17142857142857143
itercount --------> 2
[0, 1, 2]
0.17142857142857143 0.2608695652173913
itercount --------> 3
[0, 1, 2]
[0, 1, 3]
[0, 1, 5]
[0, 1, 6]
[0, 1, 4]
[0, 1, 7]
[0, 1, 2, 3]
0.2608695652173913 0.2916666666666667
itercount --------> 4
[5, 6, 0]
0.2916666666666667 0.34615384615384615
itercount --------> 5
[4, 7, 5]
0.34615384615384615 0.36363636363636365
itercount --------> 6
[4, 3, 5]
[4, 3, 6]
[4, 3, 7]
[4, 3, 0]
[4, 3, 1]
[4, 3, 2]
[4, 3, 5, 6]
0.36363636363636365 0.3684210526315789
itercount --------> 7
[4, 3, 6]
0.3684210526315789 0.3888888888888889
itercount --------> 8
[5, 0, 1]
[5, 0, 2]
[5, 0, 7]
[5, 0, 3]
0.3888888888888889 0.42105263157894735
itercount --------> 9
[0, 1, 2]
[0, 1, 7]
[0, 1, 3]
[0, 1, 4]
[0, 1, 5]
[0, 1, 6]
[0, 1, 2, 7]
[0, 1, 2, 3]
[0, 1, 2, 4]
0.42105263157894735 0.4444444444444444
itercount --------> 10
[0, 1, 2]
[0, 1, 5]
[0, 1, 7]
[0, 1, 3]
[0, 1, 4]
[0, 1, 6]
[0, 1, 2, 5]
[0, 1, 2, 7]
[0, 1, 2, 3]
[0, 1, 2, 4]
[0, 1, 2, 6]
[0, 1, 2, 5, 7]
[0, 1, 2, 5, 3]
[0, 1, 2, 5, 4]
[0, 1, 2, 5, 6]
[0, 1, 2, 5, 7, 3]
0.4444444444444444 0.47368421052631576
itercount --------> 11
[7, 5, 4]
[7, 5, 3]
[7, 5, 6]
[7, 5, 0]
0.47368421052631576 0.5555555555555556
itercount --------> 12
[0, 1, 2]
[0, 1, 5]
[0, 1, 4]
[0, 1, 7]
[0, 1, 3]
[0, 1, 6]
[0, 1, 2, 5]
[0, 1, 2, 4]
[0, 1, 2, 7]
[0, 1, 2, 3]
[0, 1, 2, 6]
[0, 1, 2, 5, 4]
[0, 1, 2, 5, 7]
[0, 1, 2, 5, 3]
[0, 1, 2, 5, 6]
[0, 1, 2, 5, 4, 7]
[0, 1, 2, 5, 4, 3]
[0, 1, 2, 5, 4, 6]
[0, 1, 2, 5, 4, 7, 3]
[0, 1, 2, 5, 4, 7, 6]
[0, 1, 2, 5, 4, 7, 3, 6]
failed -> 20 times
after fail n ======> 7
[0, 1, 2, 4, 7, 3, 5]
0.08888888888888889 0.09615384615384616
itercount --------> 1
[0, 1, 2]
0.09615384615384616 0.15625
itercount --------> 2
[0, 3, 5]
[0, 3, 1]
[0, 3, 2]
0.15625 0.28
itercount --------> 3
[0, 6, 4]
[0, 6, 3]
[0, 6, 7]
0.28 0.3076923076923077
itercount --------> 4
[0, 3, 4]
[0, 3, 7]
[0, 3, 6]
0.3076923076923077 0.3870967741935484
itercount --------> 5
[0, 3, 4]
[0, 3, 1]
[0, 3, 2]
[0, 3, 6]
[0, 3, 7]
[0, 3, 5]
0.3870967741935484 0.4
itercount --------> 6
[3, 0, 1]
[3, 0, 2]
[3, 0, 4]
[3, 0, 7]
[3, 0, 5]
[3, 0, 6]
[3, 0, 1, 2]
[3, 0, 1, 4]
[3, 0, 1, 7]
[3, 0, 1, 5]
0.4 0.5
itercount --------> 7
[3, 4, 7]
[3, 4, 0]
[3, 4, 1]
[3, 4, 2]
[3, 4, 5]
[3, 4, 6]
[3, 4, 7, 0]
[3, 4, 7, 1]
[3, 4, 7, 2]
[3, 4, 7, 5]
[3, 4, 7, 6]
[3, 4, 7, 0, 1]
0.5 0.5263157894736842
itercount --------> 8
[3, 4, 7]
[3, 4, 5]
[3, 4, 6]
[3, 4, 0]
[3, 4, 1]
[3, 4, 2]
[3, 4, 7, 5]
[3, 4, 7, 6]
[3, 4, 7, 0]
[3, 4, 7, 1]
[3, 4, 7, 2]
[3, 4, 7, 5, 6]
[3, 4, 7, 5, 0]
[3, 4, 7, 5, 1]
[3, 4, 7, 5, 2]
[3, 4, 7, 5, 6, 0]
[3, 4, 7, 5, 6, 1]
[3, 4, 7, 5, 6, 2]
[3, 4, 7, 5, 6, 0, 1]
[3, 4, 7, 5, 6, 0, 2]
[3, 4, 7, 5, 6, 0, 1, 2]
failed -> 21 times
after fail n ======> 8
[0, 1, 2, 4, 7, 3, 5, 6]
0.08888888888888889 0.0975609756097561
itercount --------> 1
[0, 1, 2]
[0, 1, 6]
0.0975609756097561 0.11904761904761904
itercount --------> 2
[1, 2, 0]
0.11904761904761904 0.1388888888888889
itercount --------> 3
[0, 1, 3]
0.1388888888888889 0.18518518518518517
itercount --------> 4
[0, 1, 2]
0.18518518518518517 0.23809523809523808
itercount --------> 5
[0, 1, 2]
[0, 1, 4]
0.23809523809523808 0.25
itercount --------> 6
[1, 5, 3]
0.25 0.34615384615384615
itercount --------> 7
[1, 6, 3]
0.34615384615384615 0.34782608695652173
itercount --------> 8
[5, 6, 1]
[5, 6, 7]
[5, 6, 4]
[5, 6, 0]
[5, 6, 2]
[5, 6, 3]
[5, 6, 1, 7]
0.34782608695652173 0.4090909090909091
itercount --------> 9
[0, 1, 2]
[0, 1, 6]
0.4090909090909091 0.44
itercount --------> 10
[0, 1, 2]
[0, 1, 3]
[0, 1, 4]
[0, 1, 7]
[0, 1, 6]
[0, 1, 5]
[0, 1, 2, 3]
[0, 1, 2, 4]
[0, 1, 2, 7]
[0, 1, 2, 6]
[0, 1, 2, 5]
0.44 0.5
itercount --------> 11
[3, 4, 7]
0.5 0.5263157894736842
itercount --------> 12
[0, 1, 4]
[0, 1, 7]
[0, 1, 6]
[0, 1, 2]
[0, 1, 3]
[0, 1, 5]
0.5263157894736842 0.5555555555555556
itercount --------> 13
[4, 0, 1]
[4, 0, 2]
[4, 0, 5]
[4, 0, 7]
0.5555555555555556 0.6111111111111112
itercount --------> 14
[4, 0, 1]
[4, 0, 2]
[4, 0, 5]
[4, 0, 7]
[4, 0, 6]
[4, 0, 3]
[4, 0, 1, 2]
[4, 0, 1, 5]
[4, 0, 1, 7]
[4, 0, 1, 6]
0.6111111111111112 0.75
itercount --------> 15
[0, 1, 2]
[0, 1, 5]
[0, 1, 3]
[0, 1, 4]
0.75 0.7894736842105263
itercount --------> 16
[5, 3, 0]
[5, 3, 1]
[5, 3, 2]
[5, 3, 4]
[5, 3, 7]
[5, 3, 6]
[5, 3, 0, 1]
[5, 3, 0, 2]
[5, 3, 0, 4]
[5, 3, 0, 7]
[5, 3, 0, 6]
[5, 3, 0, 1, 2]
[5, 3, 0, 1, 4]
[5, 3, 0, 1, 7]
[5, 3, 0, 1, 6]
[5, 3, 0, 1, 2, 4]
[5, 3, 0, 1, 2, 7]
[5, 3, 0, 1, 2, 6]
[5, 3, 0, 1, 2, 4, 7]
[5, 3, 0, 1, 2, 4, 6]
[5, 3, 0, 1, 2, 4, 7, 6]
failed -> 22 times
after fail n ======> 5
[0, 1, 2, 4, 7]
0.08888888888888889 0.14705882352941177
itercount --------> 1
[2, 0, 5]
[2, 0, 3]
0.14705882352941177 0.16666666666666666
itercount --------> 2
[2, 0, 3]
0.16666666666666666 0.3793103448275862
itercount --------> 3
[2, 0, 6]
0.3793103448275862 0.41935483870967744
itercount --------> 4
[0, 2, 7]
[0, 2, 4]
[0, 2, 1]
0.41935483870967744 0.4482758620689655
itercount --------> 5
[0, 4, 7]
[0, 4, 2]
[0, 4, 3]
[0, 4, 1]
[0, 4, 6]
[0, 4, 5]
[0, 4, 7, 2]
[0, 4, 7, 3]
0.4482758620689655 0.4583333333333333
itercount --------> 6
[0, 3, 4]
[0, 3, 7]
[0, 3, 5]
[0, 3, 6]
[0, 3, 2]
[0, 3, 1]
[0, 3, 4, 7]
[0, 3, 4, 5]
[0, 3, 4, 6]
[0, 3, 4, 2]
0.4583333333333333 0.5217391304347826
itercount --------> 7
[0, 3, 7]
[0, 3, 2]
[0, 3, 1]
[0, 3, 4]
[0, 3, 5]
[0, 3, 6]
[0, 3, 7, 2]
[0, 3, 7, 1]
0.5217391304347826 0.5238095238095238
itercount --------> 8
[0, 3, 4]
[0, 3, 5]
[0, 3, 7]
0.5238095238095238 0.5416666666666666
itercount --------> 9
[2, 3, 0]
[2, 3, 1]
[2, 3, 4]
[2, 3, 6]
0.5416666666666666 0.5862068965517241
itercount --------> 10
[0, 1, 2]
[0, 1, 4]
[0, 1, 7]
[0, 1, 3]
[0, 1, 6]
0.5862068965517241 0.6071428571428571
itercount --------> 11
[1, 2, 0]
[1, 2, 4]
[1, 2, 7]
[1, 2, 3]
[1, 2, 5]
[1, 2, 6]
[1, 2, 0, 4]
[1, 2, 0, 7]
[1, 2, 0, 3]
[1, 2, 0, 5]
0.6071428571428571 0.6818181818181818
itercount --------> 12
[0, 1, 2]
[0, 1, 5]
[0, 1, 3]
[0, 1, 4]
[0, 1, 7]
0.6818181818181818 0.7142857142857143
itercount --------> 13
[0, 1, 2]
[0, 1, 5]
0.7142857142857143 0.75
itercount --------> 14
[5, 0, 1]
[5, 0, 2]
[5, 0, 3]
[5, 0, 4]
[5, 0, 7]
[5, 0, 6]
[5, 0, 1, 2]
[5, 0, 1, 3]
[5, 0, 1, 4]
[5, 0, 1, 7]
[5, 0, 1, 6]
[5, 0, 1, 2, 3]
[5, 0, 1, 2, 4]
0.75 0.7894736842105263
itercount --------> 15
[5, 3, 0]
[5, 3, 1]
[5, 3, 2]
[5, 3, 4]
[5, 3, 7]
[5, 3, 6]
[5, 3, 0, 1]
[5, 3, 0, 2]
[5, 3, 0, 4]
[5, 3, 0, 7]
[5, 3, 0, 6]
[5, 3, 0, 1, 2]
[5, 3, 0, 1, 4]
[5, 3, 0, 1, 7]
[5, 3, 0, 1, 6]
[5, 3, 0, 1, 2, 4]
[5, 3, 0, 1, 2, 7]
[5, 3, 0, 1, 2, 6]
[5, 3, 0, 1, 2, 4, 7]
[5, 3, 0, 1, 2, 4, 6]
[5, 3, 0, 1, 2, 4, 7, 6]
failed -> 23 times
after fail n ======> 6
[0, 1, 2, 4, 7, 3]
0.08888888888888889 0.0975609756097561
itercount --------> 1
[0, 2, 1]
0.0975609756097561 0.1935483870967742
itercount --------> 2
[1, 4, 6]
0.1935483870967742 0.21428571428571427
itercount --------> 3
[1, 4, 6]
[1, 4, 7]
0.21428571428571427 0.22580645161290322
itercount --------> 4
[1, 7, 0]
0.22580645161290322 0.34375
itercount --------> 5
[1, 2, 7]
0.34375 0.48148148148148145
itercount --------> 6
[1, 4, 7]
[1, 4, 3]
[1, 4, 6]
[1, 4, 0]
[1, 4, 2]
0.48148148148148145 0.5
itercount --------> 7
[2, 4, 7]
[2, 4, 3]
[2, 4, 6]
[2, 4, 0]
[2, 4, 1]
[2, 4, 5]
[2, 4, 7, 3]
[2, 4, 7, 6]
[2, 4, 7, 0]
[2, 4, 7, 1]
[2, 4, 7, 5]
[2, 4, 7, 3, 6]
[2, 4, 7, 3, 0]
0.5 0.5416666666666666
itercount --------> 8
[2, 3, 0]
[2, 3, 1]
[2, 3, 4]
[2, 3, 6]
0.5416666666666666 0.5862068965517241
itercount --------> 9
[0, 1, 2]
[0, 1, 4]
[0, 1, 7]
[0, 1, 3]
0.5862068965517241 0.6071428571428571
itercount --------> 10
[1, 2, 0]
[1, 2, 4]
[1, 2, 7]
[1, 2, 3]
[1, 2, 5]
0.6071428571428571 0.625
itercount --------> 11
[1, 2, 0]
[1, 2, 5]
0.625 0.6818181818181818
itercount --------> 12
[0, 1, 2]
[0, 1, 5]
[0, 1, 3]
[0, 1, 4]
0.6818181818181818 0.7142857142857143
itercount --------> 13
[0, 1, 2]
[0, 1, 5]
[0, 1, 3]
[0, 1, 4]
[0, 1, 7]
[0, 1, 6]
[0, 1, 2, 5]
[0, 1, 2, 3]
[0, 1, 2, 4]
[0, 1, 2, 7]
[0, 1, 2, 6]
[0, 1, 2, 5, 3]
0.7142857142857143 0.75
itercount --------> 14
[5, 0, 1]
[5, 0, 2]
[5, 0, 3]
[5, 0, 4]
[5, 0, 7]
[5, 0, 6]
[5, 0, 1, 2]
[5, 0, 1, 3]
[5, 0, 1, 4]
[5, 0, 1, 7]
[5, 0, 1, 6]
[5, 0, 1, 2, 3]
[5, 0, 1, 2, 4]
[5, 0, 1, 2, 7]
[5, 0, 1, 2, 6]
[5, 0, 1, 2, 3, 4]
[5, 0, 1, 2, 3, 7]
0.75 0.7894736842105263
itercount --------> 15
[5, 3, 0]
[5, 3, 1]
[5, 3, 2]
[5, 3, 4]
[5, 3, 7]
[5, 3, 6]
[5, 3, 0, 1]
[5, 3, 0, 2]
[5, 3, 0, 4]
[5, 3, 0, 7]
[5, 3, 0, 6]
[5, 3, 0, 1, 2]
[5, 3, 0, 1, 4]
[5, 3, 0, 1, 7]
[5, 3, 0, 1, 6]
[5, 3, 0, 1, 2, 4]
[5, 3, 0, 1, 2, 7]
[5, 3, 0, 1, 2, 6]
[5, 3, 0, 1, 2, 4, 7]
[5, 3, 0, 1, 2, 4, 6]
[5, 3, 0, 1, 2, 4, 7, 6]
failed -> 24 times
after fail n ======> 7
[0, 1, 2, 4, 7, 3, 5]
0.08888888888888889 0.10714285714285714
itercount --------> 1
[2, 3, 7]
0.10714285714285714 0.15625
itercount --------> 2
[2, 6, 7]
0.15625 0.17391304347826086
itercount --------> 3
[0, 1, 6]
0.17391304347826086 0.2222222222222222
itercount --------> 4
[0, 1, 2]
[0, 1, 6]
0.2222222222222222 0.23076923076923078
itercount --------> 5
[2, 7, 6]
0.23076923076923078 0.2916666666666667
itercount --------> 6
[2, 3, 0]
[2, 3, 1]
[2, 3, 7]
[2, 3, 4]
[2, 3, 6]
0.2916666666666667 0.375
itercount --------> 7
[3, 0, 1]
[3, 0, 2]
[3, 0, 6]
[3, 0, 7]
[3, 0, 4]
[3, 0, 5]
[3, 0, 1, 2]
0.375 0.4090909090909091
itercount --------> 8
[3, 0, 1]
[3, 0, 4]
0.4090909090909091 0.42105263157894735
itercount --------> 9
[3, 4, 7]
[3, 4, 6]
[3, 4, 5]
[3, 4, 0]
[3, 4, 1]
[3, 4, 2]
[3, 4, 7, 6]
[3, 4, 7, 5]
[3, 4, 7, 0]
[3, 4, 7, 1]
[3, 4, 7, 2]
[3, 4, 7, 6, 5]
[3, 4, 7, 6, 0]
[3, 4, 7, 6, 1]
[3, 4, 7, 6, 2]
[3, 4, 7, 6, 5, 0]
0.42105263157894735 0.47368421052631576
itercount --------> 10
[3, 4, 7]
[3, 4, 6]
[3, 4, 5]
[3, 4, 0]
[3, 4, 1]
[3, 4, 2]
[3, 4, 7, 6]
[3, 4, 7, 5]
[3, 4, 7, 0]
[3, 4, 7, 1]
[3, 4, 7, 2]
[3, 4, 7, 6, 5]
[3, 4, 7, 6, 0]
0.47368421052631576 0.5
itercount --------> 11
[4, 0, 1]
0.5 0.5238095238095238
itercount --------> 12
[0, 7, 4]
0.5238095238095238 0.6
itercount --------> 13
[4, 5, 7]
[4, 5, 3]
0.6 0.7619047619047619
itercount --------> 14
[7, 0, 1]
[7, 0, 2]
[7, 0, 4]
[7, 0, 5]
[7, 0, 3]
[7, 0, 6]
[7, 0, 1, 2]
[7, 0, 1, 4]
[7, 0, 1, 5]
[7, 0, 1, 3]
[7, 0, 1, 6]
[7, 0, 1, 2, 4]
[7, 0, 1, 2, 5]
[7, 0, 1, 2, 3]
[7, 0, 1, 2, 6]
[7, 0, 1, 2, 4, 5]
[7, 0, 1, 2, 4, 3]
[7, 0, 1, 2, 4, 6]
[7, 0, 1, 2, 4, 5, 3]
[7, 0, 1, 2, 4, 5, 6]
[7, 0, 1, 2, 4, 5, 3, 6]
failed -> 25 times
after fail n ======> 8
[0, 1, 2, 4, 7, 3, 5, 6]
0.08888888888888889 0.0975609756097561
itercount --------> 1
[0, 2, 1]
0.0975609756097561 0.15625
itercount --------> 2
[0, 2, 3]
0.15625 0.18518518518518517
itercount --------> 3
[0, 2, 1]
0.18518518518518517 0.23809523809523808
itercount --------> 4
[0, 1, 2]
[0, 1, 3]
0.23809523809523808 0.28125
itercount --------> 5
[1, 0, 3]
0.28125 0.3125
itercount --------> 6
[1, 0, 3]
0.3125 0.375
itercount --------> 7
[3, 4, 7]
0.375 0.4230769230769231
itercount --------> 8
[4, 0, 2]
[4, 0, 3]
[4, 0, 7]
[4, 0, 6]
[4, 0, 1]
[4, 0, 5]
[4, 0, 2, 3]
[4, 0, 2, 7]
0.4230769230769231 0.5217391304347826
itercount --------> 9
[7, 0, 2]
[7, 0, 5]
[7, 0, 6]
[7, 0, 1]
[7, 0, 3]
[7, 0, 4]
[7, 0, 2, 5]
0.5217391304347826 0.55
itercount --------> 10
[0, 1, 2]
[0, 1, 7]
[0, 1, 5]
[0, 1, 6]
[0, 1, 3]
[0, 1, 4]
[0, 1, 2, 7]
[0, 1, 2, 5]
0.55 0.6111111111111112
itercount --------> 11
[0, 1, 2]
[0, 1, 5]
[0, 1, 7]
[0, 1, 4]
[0, 1, 6]
[0, 1, 3]
[0, 1, 2, 5]
[0, 1, 2, 7]
[0, 1, 2, 4]
[0, 1, 2, 6]
[0, 1, 2, 3]
[0, 1, 2, 5, 7]
[0, 1, 2, 5, 4]
[0, 1, 2, 5, 6]
[0, 1, 2, 5, 3]
[0, 1, 2, 5, 7, 4]
[0, 1, 2, 5, 7, 6]
[0, 1, 2, 5, 7, 3]
[0, 1, 2, 5, 7, 4, 6]
[0, 1, 2, 5, 7, 4, 3]
[0, 1, 2, 5, 7, 4, 6, 3]
failed -> 26 times
after fail n ======> 5
[0, 1, 2, 4, 7]
0.08888888888888889 0.13793103448275862
itercount --------> 1
[1, 4, 7]
[1, 4, 3]
[1, 4, 5]
0.13793103448275862 0.14814814814814814
itercount --------> 2
[1, 5, 0]
[1, 5, 2]
0.14814814814814814 0.20833333333333334
itercount --------> 3
[5, 6, 0]
[5, 6, 1]
[5, 6, 2]
[5, 6, 4]
0.20833333333333334 0.22727272727272727
itercount --------> 4
[0, 1, 2]
[0, 1, 3]
0.22727272727272727 0.3181818181818182
itercount --------> 5
[0, 1, 2]
[0, 1, 3]
[0, 1, 6]
0.3181818181818182 0.4230769230769231
itercount --------> 6
[3, 0, 1]
[3, 0, 4]
[3, 0, 6]
[3, 0, 7]
[3, 0, 2]
0.4230769230769231 0.44
itercount --------> 7
[3, 7, 4]
0.44 0.52
itercount --------> 8
[4, 0, 2]
[4, 0, 5]
[4, 0, 1]
[4, 0, 3]
[4, 0, 6]
[4, 0, 7]
[4, 0, 2, 5]
[4, 0, 2, 1]
[4, 0, 2, 3]
0.52 0.6071428571428571
itercount --------> 9
[0, 2, 1]
[0, 2, 4]
[0, 2, 7]
[0, 2, 5]
[0, 2, 3]
[0, 2, 6]
[0, 2, 1, 4]
[0, 2, 1, 7]
[0, 2, 1, 5]
0.6071428571428571 0.625
itercount --------> 10
[0, 1, 2]
[0, 1, 5]
[0, 1, 3]
[0, 1, 4]
[0, 1, 7]
[0, 1, 6]
[0, 1, 2, 5]
[0, 1, 2, 3]
[0, 1, 2, 4]
0.625 0.6521739130434783
itercount --------> 11
[0, 1, 2]
[0, 1, 5]
0.6521739130434783 0.7142857142857143
itercount --------> 12
[0, 1, 2]
[0, 1, 5]
[0, 1, 3]
[0, 1, 4]
[0, 1, 7]
[0, 1, 6]
[0, 1, 2, 5]
[0, 1, 2, 3]
[0, 1, 2, 4]
[0, 1, 2, 7]
0.7142857142857143 0.75
itercount --------> 13
[5, 0, 1]
[5, 0, 2]
[5, 0, 3]
[5, 0, 4]
[5, 0, 7]
[5, 0, 6]
[5, 0, 1, 2]
[5, 0, 1, 3]
[5, 0, 1, 4]
[5, 0, 1, 7]
[5, 0, 1, 6]
0.75 0.7894736842105263
itercount --------> 14
[5, 3, 0]
[5, 3, 1]
[5, 3, 2]
[5, 3, 4]
[5, 3, 7]
[5, 3, 6]
[5, 3, 0, 1]
[5, 3, 0, 2]
[5, 3, 0, 4]
[5, 3, 0, 7]
[5, 3, 0, 6]
[5, 3, 0, 1, 2]
[5, 3, 0, 1, 4]
[5, 3, 0, 1, 7]
[5, 3, 0, 1, 6]
[5, 3, 0, 1, 2, 4]
[5, 3, 0, 1, 2, 7]
[5, 3, 0, 1, 2, 6]
[5, 3, 0, 1, 2, 4, 7]
[5, 3, 0, 1, 2, 4, 6]
[5, 3, 0, 1, 2, 4, 7, 6]
failed -> 27 times
after fail n ======> 6
[0, 1, 2, 4, 7, 3]
0.08888888888888889 0.19047619047619047
itercount --------> 1
[0, 1, 2]
[0, 1, 4]
[0, 1, 7]
[0, 1, 3]
0.19047619047619047 0.21739130434782608
itercount --------> 2
[1, 3, 6]
0.21739130434782608 0.2916666666666667
itercount --------> 3
[1, 3, 4]
[1, 3, 7]
[1, 3, 6]
0.2916666666666667 0.32142857142857145
itercount --------> 4
[1, 3, 6]
[1, 3, 4]
[1, 3, 0]
[1, 3, 2]
[1, 3, 7]
0.32142857142857145 0.3870967741935484
itercount --------> 5
[1, 3, 4]
[1, 3, 0]
[1, 3, 2]
[1, 3, 6]
[1, 3, 7]
[1, 3, 5]
[1, 3, 4, 0]
0.3870967741935484 0.46153846153846156
itercount --------> 6
[3, 0, 1]
[3, 0, 2]
0.46153846153846156 0.48
itercount --------> 7
[3, 1, 2]
[3, 1, 4]
[3, 1, 0]
[3, 1, 7]
[3, 1, 6]
[3, 1, 5]
[3, 1, 2, 4]
[3, 1, 2, 0]
[3, 1, 2, 7]
[3, 1, 2, 6]
[3, 1, 2, 5]
0.48 0.5
itercount --------> 8
[3, 4, 7]
[3, 4, 0]
[3, 4, 1]
[3, 4, 2]
[3, 4, 5]
0.5 0.5217391304347826
itercount --------> 9
[1, 2, 5]
[1, 2, 0]
[1, 2, 3]
[1, 2, 4]
[1, 2, 6]
[1, 2, 7]
0.5217391304347826 0.5454545454545454
itercount --------> 10
[1, 3, 2]
[1, 3, 4]
[1, 3, 5]
[1, 3, 0]
[1, 3, 6]
0.5454545454545454 0.55
itercount --------> 11
[3, 1, 0]
[3, 1, 2]
[3, 1, 4]
[3, 1, 6]
[3, 1, 5]
[3, 1, 7]
[3, 1, 0, 2]
[3, 1, 0, 4]
[3, 1, 0, 6]
[3, 1, 0, 5]
[3, 1, 0, 7]
[3, 1, 0, 2, 4]
[3, 1, 0, 2, 6]
[3, 1, 0, 2, 5]
[3, 1, 0, 2, 7]
[3, 1, 0, 2, 4, 6]
[3, 1, 0, 2, 4, 5]
[3, 1, 0, 2, 4, 7]
[3, 1, 0, 2, 4, 6, 5]
0.55 0.6666666666666666
itercount --------> 12
[1, 5, 2]
0.6666666666666666 0.7142857142857143
itercount --------> 13
[5, 1, 2]
[5, 1, 0]
0.7142857142857143 0.75
itercount --------> 14
[5, 0, 1]
[5, 0, 2]
[5, 0, 3]
[5, 0, 4]
[5, 0, 7]
[5, 0, 6]
[5, 0, 1, 2]
[5, 0, 1, 3]
[5, 0, 1, 4]
[5, 0, 1, 7]
[5, 0, 1, 6]
0.75 0.7894736842105263
itercount --------> 15
[5, 3, 0]
[5, 3, 1]
[5, 3, 2]
[5, 3, 4]
[5, 3, 7]
[5, 3, 6]
[5, 3, 0, 1]
[5, 3, 0, 2]
[5, 3, 0, 4]
[5, 3, 0, 7]
[5, 3, 0, 6]
[5, 3, 0, 1, 2]
[5, 3, 0, 1, 4]
[5, 3, 0, 1, 7]
[5, 3, 0, 1, 6]
[5, 3, 0, 1, 2, 4]
[5, 3, 0, 1, 2, 7]
[5, 3, 0, 1, 2, 6]
[5, 3, 0, 1, 2, 4, 7]
[5, 3, 0, 1, 2, 4, 6]
[5, 3, 0, 1, 2, 4, 7, 6]
failed -> 28 times
after fail n ======> 7
[0, 1, 2, 4, 7, 3, 5]
0.08888888888888889 0.13793103448275862
itercount --------> 1
[0, 4, 7]
[0, 4, 3]
[0, 4, 5]
0.13793103448275862 0.1388888888888889
itercount --------> 2
[0, 5, 1]
[0, 5, 2]
0.1388888888888889 0.14814814814814814
itercount --------> 3
[0, 5, 1]
0.14814814814814814 0.20833333333333334
itercount --------> 4
[5, 6, 0]
[5, 6, 1]
[5, 6, 2]
[5, 6, 4]
0.20833333333333334 0.22727272727272727
itercount --------> 5
[0, 1, 2]
[0, 1, 3]
0.22727272727272727 0.25
itercount --------> 6
[1, 0, 2]
0.25 0.3181818181818182
itercount --------> 7
[0, 1, 2]
[0, 1, 3]
0.3181818181818182 0.44
itercount --------> 8
[0, 1, 6]
[0, 1, 2]
[0, 1, 3]
[0, 1, 5]
[0, 1, 4]
0.44 0.4583333333333333
itercount --------> 9
[1, 6, 0]
[1, 6, 2]
[1, 6, 3]
0.4583333333333333 0.5652173913043478
itercount --------> 10
[0, 1, 2]
[0, 1, 6]
[0, 1, 7]
[0, 1, 3]
[0, 1, 5]
[0, 1, 4]
[0, 1, 2, 6]
[0, 1, 2, 7]
[0, 1, 2, 3]
[0, 1, 2, 5]
0.5652173913043478 0.6111111111111112
itercount --------> 11
[0, 1, 2]
[0, 1, 5]
[0, 1, 6]
[0, 1, 7]
[0, 1, 4]
[0, 1, 3]
[0, 1, 2, 5]
[0, 1, 2, 6]
[0, 1, 2, 7]
[0, 1, 2, 4]
[0, 1, 2, 3]
[0, 1, 2, 5, 6]
[0, 1, 2, 5, 7]
0.6111111111111112 0.631578947368421
itercount --------> 12
[0, 1, 2]
[0, 1, 5]
[0, 1, 6]
[0, 1, 7]
[0, 1, 3]
[0, 1, 4]
0.631578947368421 0.6666666666666666
itercount --------> 13
[0, 1, 2]
[0, 1, 5]
[0, 1, 6]
[0, 1, 7]
[0, 1, 4]
[0, 1, 3]
[0, 1, 2, 5]
[0, 1, 2, 6]
[0, 1, 2, 7]
[0, 1, 2, 4]
[0, 1, 2, 3]
[0, 1, 2, 5, 6]
[0, 1, 2, 5, 7]
[0, 1, 2, 5, 4]
[0, 1, 2, 5, 3]
[0, 1, 2, 5, 6, 7]
[0, 1, 2, 5, 6, 4]
[0, 1, 2, 5, 6, 3]
[0, 1, 2, 5, 6, 7, 4]
[0, 1, 2, 5, 6, 7, 3]
[0, 1, 2, 5, 6, 7, 4, 3]
failed -> 29 times
after fail n ======> 8
[0, 1, 2, 4, 7, 3, 5, 6]
0.08888888888888889 0.14705882352941177
itercount --------> 1
[2, 1, 5]
0.14705882352941177 0.15625
itercount --------> 2
[5, 3, 2]
0.15625 0.32142857142857145
itercount --------> 3
[5, 1, 0]
[5, 1, 2]
0.32142857142857145 0.375
itercount --------> 4
[1, 2, 5]
[1, 2, 0]
0.375 0.4090909090909091
itercount --------> 5
[0, 1, 2]
[0, 1, 5]
[0, 1, 6]
[0, 1, 4]
[0, 1, 7]
[0, 1, 3]
0.4090909090909091 0.42857142857142855
itercount --------> 6
[1, 6, 5]
[1, 6, 3]
0.42857142857142855 0.45
itercount --------> 7
[1, 5, 6]
[1, 5, 3]
[1, 5, 0]
[1, 5, 2]
0.45 0.47368421052631576
itercount --------> 8
[0, 1, 2]
[0, 1, 5]
[0, 1, 6]
[0, 1, 3]
[0, 1, 4]
[0, 1, 7]
[0, 1, 2, 5]
[0, 1, 2, 6]
[0, 1, 2, 3]
[0, 1, 2, 4]
[0, 1, 2, 7]
[0, 1, 2, 5, 6]
[0, 1, 2, 5, 3]
[0, 1, 2, 5, 4]
[0, 1, 2, 5, 7]
[0, 1, 2, 5, 6, 3]
[0, 1, 2, 5, 6, 4]
[0, 1, 2, 5, 6, 7]
0.47368421052631576 0.5
itercount --------> 9
[0, 1, 2]
[0, 1, 5]
[0, 1, 6]
[0, 1, 4]
[0, 1, 7]
[0, 1, 3]
[0, 1, 2, 5]
[0, 1, 2, 6]
[0, 1, 2, 4]
[0, 1, 2, 7]
[0, 1, 2, 3]
[0, 1, 2, 5, 6]
[0, 1, 2, 5, 4]
[0, 1, 2, 5, 7]
[0, 1, 2, 5, 3]
[0, 1, 2, 5, 6, 4]
0.5 0.6111111111111112
itercount --------> 10
[0, 1, 2]
[0, 1, 5]
[0, 1, 6]
[0, 1, 7]
[0, 1, 4]
[0, 1, 3]
[0, 1, 2, 5]
[0, 1, 2, 6]
[0, 1, 2, 7]
[0, 1, 2, 4]
[0, 1, 2, 3]
[0, 1, 2, 5, 6]
[0, 1, 2, 5, 7]
[0, 1, 2, 5, 4]
[0, 1, 2, 5, 3]
[0, 1, 2, 5, 6, 7]
[0, 1, 2, 5, 6, 4]
[0, 1, 2, 5, 6, 3]
[0, 1, 2, 5, 6, 7, 4]
[0, 1, 2, 5, 6, 7, 3]
[0, 1, 2, 5, 6, 7, 4, 3]
failed -> 30 times
after fail n ======> 5
[0, 1, 2, 4, 7]
0.08888888888888889 0.1016949152542373
itercount --------> 1
[0, 1, 2]
0.1016949152542373 0.2608695652173913
itercount --------> 2
[0, 1, 2]
[0, 1, 3]
[0, 1, 5]
[0, 1, 6]
[0, 1, 4]
[0, 1, 7]
[0, 1, 2, 3]
[0, 1, 2, 5]
[0, 1, 2, 6]
0.2608695652173913 0.2916666666666667
itercount --------> 3
[5, 3, 0]
0.2916666666666667 0.3
itercount --------> 4
[3, 0, 1]
0.3 0.34615384615384615
itercount --------> 5
[3, 4, 7]
[3, 4, 6]
[3, 4, 5]
[3, 4, 0]
[3, 4, 1]
[3, 4, 2]
[3, 4, 7, 6]
[3, 4, 7, 5]
[3, 4, 7, 0]
[3, 4, 7, 1]
0.34615384615384615 0.5
itercount --------> 6
[7, 5, 3]
[7, 5, 0]
[7, 5, 1]
[7, 5, 2]
0.5 0.55
itercount --------> 7
[0, 1, 2]
[0, 1, 5]
[0, 1, 7]
[0, 1, 6]
0.55 0.6111111111111112
itercount --------> 8
[0, 1, 2]
[0, 1, 5]
[0, 1, 7]
[0, 1, 4]
[0, 1, 6]
[0, 1, 3]
[0, 1, 2, 5]
[0, 1, 2, 7]
[0, 1, 2, 4]
[0, 1, 2, 6]
[0, 1, 2, 3]
[0, 1, 2, 5, 7]
[0, 1, 2, 5, 4]
[0, 1, 2, 5, 6]
[0, 1, 2, 5, 3]
[0, 1, 2, 5, 7, 4]
[0, 1, 2, 5, 7, 6]
[0, 1, 2, 5, 7, 3]
[0, 1, 2, 5, 7, 4, 6]
[0, 1, 2, 5, 7, 4, 3]
[0, 1, 2, 5, 7, 4, 6, 3]
failed -> 31 times
after fail n ======> 6
[0, 1, 2, 4, 7, 3]
0.08888888888888889 0.14705882352941177
itercount --------> 1
[1, 2, 5]
0.14705882352941177 0.15625
itercount --------> 2
[5, 3, 2]
[5, 3, 6]
0.15625 0.23529411764705882
itercount --------> 3
[2, 5, 0]
[2, 5, 1]
0.23529411764705882 0.32
itercount --------> 4
[2, 0, 1]
0.32 0.34782608695652173
itercount --------> 5
[0, 1, 2]
[0, 1, 6]
0.34782608695652173 0.4
itercount --------> 6
[0, 1, 2]
[0, 1, 6]
0.4 0.42857142857142855
itercount --------> 7
[0, 2, 1]
0.42857142857142855 0.45
itercount --------> 8
[0, 1, 2]
[0, 1, 5]
0.45 0.47368421052631576
itercount --------> 9
[0, 1, 2]
[0, 1, 5]
[0, 1, 6]
[0, 1, 3]
[0, 1, 4]
[0, 1, 7]
[0, 1, 2, 5]
[0, 1, 2, 6]
[0, 1, 2, 3]
[0, 1, 2, 4]
[0, 1, 2, 7]
0.47368421052631576 0.5
itercount --------> 10
[0, 1, 2]
[0, 1, 5]
[0, 1, 6]
[0, 1, 4]
[0, 1, 7]
[0, 1, 3]
[0, 1, 2, 5]
[0, 1, 2, 6]
[0, 1, 2, 4]
[0, 1, 2, 7]
[0, 1, 2, 3]
[0, 1, 2, 5, 6]
[0, 1, 2, 5, 4]
[0, 1, 2, 5, 7]
[0, 1, 2, 5, 3]
[0, 1, 2, 5, 6, 4]
0.5 0.5555555555555556
itercount --------> 11
[0, 1, 2]
[0, 1, 5]
[0, 1, 6]
[0, 1, 3]
[0, 1, 7]
[0, 1, 4]
[0, 1, 2, 5]
[0, 1, 2, 6]
[0, 1, 2, 3]
[0, 1, 2, 7]
[0, 1, 2, 4]
[0, 1, 2, 5, 6]
[0, 1, 2, 5, 3]
[0, 1, 2, 5, 7]
[0, 1, 2, 5, 4]
[0, 1, 2, 5, 6, 3]
[0, 1, 2, 5, 6, 7]
[0, 1, 2, 5, 6, 4]
[0, 1, 2, 5, 6, 3, 7]
[0, 1, 2, 5, 6, 3, 4]
[0, 1, 2, 5, 6, 3, 7, 4]
failed -> 32 times
after fail n ======> 7
[0, 1, 2, 4, 7, 3, 5]
0.08888888888888889 0.1016949152542373
itercount --------> 1
[0, 1, 2]
0.1016949152542373 0.17142857142857143
itercount --------> 2
[2, 0, 1]
[2, 0, 3]
0.17142857142857143 0.1935483870967742
itercount --------> 3
[2, 0, 5]
[2, 0, 6]
[2, 0, 3]
0.1935483870967742 0.21875
itercount --------> 4
[0, 1, 2]
0.21875 0.2916666666666667
itercount --------> 5
[5, 6, 0]
0.2916666666666667 0.375
itercount --------> 6
[3, 4, 7]
[3, 4, 6]
[3, 4, 0]
[3, 4, 1]
[3, 4, 2]
[3, 4, 5]
[3, 4, 7, 6]
[3, 4, 7, 0]
0.375 0.55
itercount --------> 7
[0, 1, 2]
[0, 1, 7]
[0, 1, 5]
0.55 0.6111111111111112
itercount --------> 8
[0, 1, 2]
[0, 1, 5]
[0, 1, 7]
[0, 1, 4]
[0, 1, 6]
[0, 1, 3]
[0, 1, 2, 5]
[0, 1, 2, 7]
[0, 1, 2, 4]
[0, 1, 2, 6]
[0, 1, 2, 3]
[0, 1, 2, 5, 7]
[0, 1, 2, 5, 4]
[0, 1, 2, 5, 6]
[0, 1, 2, 5, 3]
[0, 1, 2, 5, 7, 4]
[0, 1, 2, 5, 7, 6]
[0, 1, 2, 5, 7, 3]
[0, 1, 2, 5, 7, 4, 6]
[0, 1, 2, 5, 7, 4, 3]
[0, 1, 2, 5, 7, 4, 6, 3]
failed -> 33 times
after fail n ======> 8
[0, 1, 2, 4, 7, 3, 5, 6]
0.08888888888888889 0.13793103448275862
itercount --------> 1
[0, 4, 7]
0.13793103448275862 0.17142857142857143
itercount --------> 2
[0, 1, 2]
0.17142857142857143 0.2608695652173913
itercount --------> 3
[0, 1, 2]
[0, 1, 3]
[0, 1, 5]
[0, 1, 6]
[0, 1, 4]
[0, 1, 7]
[0, 1, 2, 3]
0.2608695652173913 0.2916666666666667
itercount --------> 4
[5, 6, 0]
0.2916666666666667 0.2962962962962963
itercount --------> 5
[5, 3, 4]
[5, 3, 7]
0.2962962962962963 0.45454545454545453
itercount --------> 6
[5, 6, 7]
[5, 6, 3]
[5, 6, 4]
[5, 6, 0]
0.45454545454545453 0.5789473684210527
itercount --------> 7
[6, 5, 4]
[6, 5, 7]
[6, 5, 3]
[6, 5, 0]
[6, 5, 1]
0.5789473684210527 0.6111111111111112
itercount --------> 8
[0, 1, 2]
[0, 1, 5]
[0, 1, 7]
[0, 1, 4]
[0, 1, 6]
[0, 1, 3]
[0, 1, 2, 5]
[0, 1, 2, 7]
[0, 1, 2, 4]
[0, 1, 2, 6]
[0, 1, 2, 3]
[0, 1, 2, 5, 7]
[0, 1, 2, 5, 4]
[0, 1, 2, 5, 6]
[0, 1, 2, 5, 3]
[0, 1, 2, 5, 7, 4]
[0, 1, 2, 5, 7, 6]
[0, 1, 2, 5, 7, 3]
[0, 1, 2, 5, 7, 4, 6]
[0, 1, 2, 5, 7, 4, 3]
[0, 1, 2, 5, 7, 4, 6, 3]
failed -> 34 times
after fail n ======> 5
[0, 1, 2, 4, 7]
0.08888888888888889 0.1016949152542373
itercount --------> 1
[0, 1, 2]
0.1016949152542373 0.2608695652173913
itercount --------> 2
[0, 1, 2]
[0, 1, 3]
[0, 1, 5]
[0, 1, 6]
[0, 1, 4]
[0, 1, 7]
[0, 1, 2, 3]
0.2608695652173913 0.2916666666666667
itercount --------> 3
[5, 6, 0]
0.2916666666666667 0.34615384615384615
itercount --------> 4
[3, 4, 7]
[3, 4, 0]
[3, 4, 1]
[3, 4, 2]
[3, 4, 6]
[3, 4, 5]
[3, 4, 7, 0]
[3, 4, 7, 1]
0.34615384615384615 0.375
itercount --------> 5
[0, 1, 2]
[0, 1, 7]
0.375 0.42857142857142855
itercount --------> 6
[0, 1, 2]
[0, 1, 7]
[0, 1, 5]
[0, 1, 6]
[0, 1, 3]
[0, 1, 4]
[0, 1, 2, 7]
[0, 1, 2, 5]
0.42857142857142855 0.47368421052631576
itercount --------> 7
[0, 1, 2]
[0, 1, 5]
[0, 1, 7]
[0, 1, 3]
[0, 1, 4]
[0, 1, 6]
[0, 1, 2, 5]
[0, 1, 2, 7]
[0, 1, 2, 3]
[0, 1, 2, 4]
0.47368421052631576 0.5
itercount --------> 8
[0, 1, 2]
[0, 1, 5]
[0, 1, 7]
[0, 1, 3]
[0, 1, 4]
[0, 1, 6]
[0, 1, 2, 5]
[0, 1, 2, 7]
[0, 1, 2, 3]
[0, 1, 2, 4]
[0, 1, 2, 6]
[0, 1, 2, 5, 7]
[0, 1, 2, 5, 3]
[0, 1, 2, 5, 4]
[0, 1, 2, 5, 6]
[0, 1, 2, 5, 7, 3]
0.5 0.6111111111111112
itercount --------> 9
[0, 1, 2]
[0, 1, 5]
[0, 1, 7]
[0, 1, 4]
[0, 1, 6]
[0, 1, 3]
[0, 1, 2, 5]
[0, 1, 2, 7]
[0, 1, 2, 4]
[0, 1, 2, 6]
[0, 1, 2, 3]
[0, 1, 2, 5, 7]
[0, 1, 2, 5, 4]
[0, 1, 2, 5, 6]
[0, 1, 2, 5, 3]
[0, 1, 2, 5, 7, 4]
[0, 1, 2, 5, 7, 6]
[0, 1, 2, 5, 7, 3]
[0, 1, 2, 5, 7, 4, 6]
[0, 1, 2, 5, 7, 4, 3]
[0, 1, 2, 5, 7, 4, 6, 3]
failed -> 35 times
after fail n ======> 6
[0, 1, 2, 4, 7, 3]
0.08888888888888889 0.14705882352941177
itercount --------> 1
[0, 2, 4]
[0, 2, 7]
[0, 2, 3]
0.14705882352941177 0.2
itercount --------> 2
[2, 0, 1]
[2, 0, 3]
0.2 0.24
itercount --------> 3
[0, 6, 4]
[0, 6, 3]
0.24 0.2962962962962963
itercount --------> 4
[0, 3, 4]
0.2962962962962963 0.32142857142857145
itercount --------> 5
[0, 3, 4]
[0, 3, 7]
[0, 3, 6]
0.32142857142857145 0.3333333333333333
itercount --------> 6
[0, 2, 3]
[0, 2, 4]
[0, 2, 1]
0.3333333333333333 0.4230769230769231
itercount --------> 7
[4, 0, 2]
[4, 0, 3]
[4, 0, 6]
0.4230769230769231 0.44
itercount --------> 8
[5, 0, 2]
[5, 0, 6]
[5, 0, 1]
0.44 0.47368421052631576
itercount --------> 9
[0, 1, 2]
[0, 1, 5]
[0, 1, 6]
[0, 1, 3]
[0, 1, 4]
[0, 1, 7]
[0, 1, 2, 5]
[0, 1, 2, 6]
[0, 1, 2, 3]
[0, 1, 2, 4]
[0, 1, 2, 7]
[0, 1, 2, 5, 6]
[0, 1, 2, 5, 3]
[0, 1, 2, 5, 4]
[0, 1, 2, 5, 7]
0.47368421052631576 0.5
itercount --------> 10
[0, 1, 2]
[0, 1, 5]
[0, 1, 6]
[0, 1, 4]
[0, 1, 7]
[0, 1, 3]
[0, 1, 2, 5]
[0, 1, 2, 6]
[0, 1, 2, 4]
[0, 1, 2, 7]
[0, 1, 2, 3]
[0, 1, 2, 5, 6]
[0, 1, 2, 5, 4]
0.5 0.5263157894736842
itercount --------> 11
[0, 2, 5]
[0, 2, 6]
[0, 2, 1]
[0, 2, 3]
[0, 2, 4]
[0, 2, 7]
[0, 2, 5, 6]
[0, 2, 5, 1]
[0, 2, 5, 3]
[0, 2, 5, 4]
[0, 2, 5, 7]
[0, 2, 5, 6, 1]
[0, 2, 5, 6, 3]
[0, 2, 5, 6, 4]
[0, 2, 5, 6, 7]
[0, 2, 5, 6, 1, 3]
[0, 2, 5, 6, 1, 4]
0.5263157894736842 0.6666666666666666
itercount --------> 12
[0, 1, 2]
[0, 1, 5]
[0, 1, 6]
[0, 1, 7]
[0, 1, 4]
[0, 1, 3]
[0, 1, 2, 5]
[0, 1, 2, 6]
[0, 1, 2, 7]
[0, 1, 2, 4]
[0, 1, 2, 3]
[0, 1, 2, 5, 6]
[0, 1, 2, 5, 7]
[0, 1, 2, 5, 4]
[0, 1, 2, 5, 3]
[0, 1, 2, 5, 6, 7]
[0, 1, 2, 5, 6, 4]
[0, 1, 2, 5, 6, 3]
[0, 1, 2, 5, 6, 7, 4]
[0, 1, 2, 5, 6, 7, 3]
[0, 1, 2, 5, 6, 7, 4, 3]
failed -> 36 times
after fail n ======> 7
[0, 1, 2, 4, 7, 3, 5]
0.08888888888888889 0.0975609756097561
itercount --------> 1
[1, 2, 0]
0.0975609756097561 0.1935483870967742
itercount --------> 2
[0, 4, 6]
[0, 4, 1]
[0, 4, 2]
0.1935483870967742 0.3548387096774194
itercount --------> 3
[0, 1, 6]
[0, 1, 5]
[0, 1, 2]
0.3548387096774194 0.4583333333333333
itercount --------> 4
[5, 1, 2]
[5, 1, 6]
[5, 1, 4]
[5, 1, 7]
[5, 1, 0]
[5, 1, 3]
[5, 1, 2, 6]
[5, 1, 2, 4]
[5, 1, 2, 7]
[5, 1, 2, 0]
[5, 1, 2, 3]
[5, 1, 2, 6, 4]
[5, 1, 2, 6, 7]
[5, 1, 2, 6, 0]
0.4583333333333333 0.48148148148148145
itercount --------> 5
[0, 4, 7]
[0, 4, 3]
[0, 4, 6]
[0, 4, 1]
[0, 4, 2]
0.48148148148148145 0.5
itercount --------> 6
[2, 4, 7]
[2, 4, 3]
[2, 4, 6]
[2, 4, 0]
[2, 4, 1]
[2, 4, 5]
[2, 4, 7, 3]
[2, 4, 7, 6]
[2, 4, 7, 0]
[2, 4, 7, 1]
[2, 4, 7, 5]
[2, 4, 7, 3, 6]
0.5 0.5217391304347826
itercount --------> 7
[2, 3, 7]
[2, 3, 5]
[2, 3, 0]
[2, 3, 4]
[2, 3, 6]
[2, 3, 1]
[2, 3, 7, 5]
0.5217391304347826 0.5416666666666666
itercount --------> 8
[2, 3, 0]
[2, 3, 1]
[2, 3, 4]
[2, 3, 6]
0.5416666666666666 0.5862068965517241
itercount --------> 9
[0, 1, 2]
[0, 1, 4]
[0, 1, 7]
0.5862068965517241 0.6071428571428571
itercount --------> 10
[0, 2, 1]
[0, 2, 4]
[0, 2, 7]
[0, 2, 3]
[0, 2, 5]
0.6071428571428571 0.6818181818181818
itercount --------> 11
[0, 2, 1]
[0, 2, 5]
[0, 2, 3]
[0, 2, 4]
[0, 2, 6]
[0, 2, 7]
[0, 2, 1, 5]
0.6818181818181818 0.75
itercount --------> 12
[5, 0, 1]
[5, 0, 2]
[5, 0, 3]
[5, 0, 4]
[5, 0, 7]
[5, 0, 6]
[5, 0, 1, 2]
[5, 0, 1, 3]
[5, 0, 1, 4]
[5, 0, 1, 7]
[5, 0, 1, 6]
0.75 0.7894736842105263
itercount --------> 13
[5, 3, 0]
[5, 3, 1]
[5, 3, 2]
[5, 3, 4]
[5, 3, 7]
[5, 3, 6]
[5, 3, 0, 1]
[5, 3, 0, 2]
[5, 3, 0, 4]
[5, 3, 0, 7]
[5, 3, 0, 6]
[5, 3, 0, 1, 2]
[5, 3, 0, 1, 4]
[5, 3, 0, 1, 7]
[5, 3, 0, 1, 6]
[5, 3, 0, 1, 2, 4]
[5, 3, 0, 1, 2, 7]
[5, 3, 0, 1, 2, 6]
[5, 3, 0, 1, 2, 4, 7]
[5, 3, 0, 1, 2, 4, 6]
[5, 3, 0, 1, 2, 4, 7, 6]
failed -> 37 times
after fail n ======> 8
[0, 1, 2, 4, 7, 3, 5, 6]
0.08888888888888889 0.0975609756097561
itercount --------> 1
[1, 2, 0]
[1, 2, 5]
[1, 2, 3]
[1, 2, 6]
0.0975609756097561 0.14814814814814814
itercount --------> 2
[0, 5, 1]
[0, 5, 2]
[0, 5, 3]
[0, 5, 6]
[0, 5, 4]
[0, 5, 7]
0.14814814814814814 0.16
itercount --------> 3
[0, 5, 1]
0.16 0.2
itercount --------> 4
[1, 2, 5]
[1, 2, 3]
0.2 0.21739130434782608
itercount --------> 5
[1, 2, 6]
0.21739130434782608 0.32142857142857145
itercount --------> 6
[1, 3, 4]
[1, 3, 6]
0.32142857142857145 0.37037037037037035
itercount --------> 7
[1, 2, 5]
0.37037037037037035 0.4090909090909091
itercount --------> 8
[1, 2, 5]
[1, 2, 6]
[1, 2, 0]
0.4090909090909091 0.47368421052631576
itercount --------> 9
[0, 1, 2]
[0, 1, 5]
0.47368421052631576 0.5
itercount --------> 10
[6, 5, 4]
0.5 0.6666666666666666
itercount --------> 11
[0, 1, 2]
[0, 1, 5]
[0, 1, 6]
[0, 1, 7]
[0, 1, 4]
[0, 1, 3]
[0, 1, 2, 5]
[0, 1, 2, 6]
[0, 1, 2, 7]
[0, 1, 2, 4]
[0, 1, 2, 3]
[0, 1, 2, 5, 6]
[0, 1, 2, 5, 7]
[0, 1, 2, 5, 4]
[0, 1, 2, 5, 3]
[0, 1, 2, 5, 6, 7]
[0, 1, 2, 5, 6, 4]
[0, 1, 2, 5, 6, 3]
[0, 1, 2, 5, 6, 7, 4]
[0, 1, 2, 5, 6, 7, 3]
[0, 1, 2, 5, 6, 7, 4, 3]
failed -> 38 times
after fail n ======> 5
[0, 1, 2, 4, 7]
0.08888888888888889 0.14705882352941177
itercount --------> 1
[2, 1, 5]
[2, 1, 3]
0.14705882352941177 0.14814814814814814
itercount --------> 2
[1, 2, 7]
0.14814814814814814 0.21739130434782608
itercount --------> 3
[1, 3, 6]
[1, 3, 4]
[1, 3, 5]
0.21739130434782608 0.2222222222222222
itercount --------> 4
[5, 1, 3]
[5, 1, 4]
[5, 1, 7]
[5, 1, 6]
0.2222222222222222 0.2962962962962963
itercount --------> 5
[1, 3, 4]
[1, 3, 7]
[1, 3, 6]
[1, 3, 0]
[1, 3, 2]
[1, 3, 5]
[1, 3, 4, 7]
0.2962962962962963 0.34615384615384615
itercount --------> 6
[3, 0, 1]
[3, 0, 4]
[3, 0, 7]
[3, 0, 6]
[3, 0, 2]
0.34615384615384615 0.42857142857142855
itercount --------> 7
[3, 4, 7]
[3, 4, 6]
[3, 4, 0]
[3, 4, 1]
[3, 4, 2]
[3, 4, 5]
[3, 4, 7, 6]
[3, 4, 7, 0]
[3, 4, 7, 1]
[3, 4, 7, 2]
[3, 4, 7, 5]
[3, 4, 7, 6, 0]
0.42857142857142855 0.43478260869565216
itercount --------> 8
[0, 1, 4]
[0, 1, 2]
[0, 1, 5]
0.43478260869565216 0.47619047619047616
itercount --------> 9
[0, 1, 2]
[0, 1, 5]
[0, 1, 4]
0.47619047619047616 0.5263157894736842
itercount --------> 10
[4, 0, 1]
[4, 0, 5]
[4, 0, 6]
[4, 0, 2]
[4, 0, 3]
0.5263157894736842 0.5789473684210527
itercount --------> 11
[4, 0, 1]
[4, 0, 5]
[4, 0, 6]
0.5789473684210527 0.75
itercount --------> 12
[5, 0, 1]
[5, 0, 3]
[5, 0, 2]
[5, 0, 4]
[5, 0, 7]
[5, 0, 6]
[5, 0, 1, 3]
[5, 0, 1, 2]
0.75 0.7894736842105263
itercount --------> 13
[5, 3, 0]
[5, 3, 1]
[5, 3, 2]
[5, 3, 4]
[5, 3, 7]
[5, 3, 6]
[5, 3, 0, 1]
[5, 3, 0, 2]
[5, 3, 0, 4]
[5, 3, 0, 7]
[5, 3, 0, 6]
[5, 3, 0, 1, 2]
[5, 3, 0, 1, 4]
[5, 3, 0, 1, 7]
[5, 3, 0, 1, 6]
[5, 3, 0, 1, 2, 4]
[5, 3, 0, 1, 2, 7]
[5, 3, 0, 1, 2, 6]
[5, 3, 0, 1, 2, 4, 7]
[5, 3, 0, 1, 2, 4, 6]
[5, 3, 0, 1, 2, 4, 7, 6]
failed -> 39 times
after fail n ======> 6
[0, 1, 2, 4, 7, 3]
0.08888888888888889 0.13793103448275862
itercount --------> 1
[0, 4, 7]
0.13793103448275862 0.17142857142857143
itercount --------> 2
[0, 1, 2]
[0, 1, 3]
0.17142857142857143 0.21052631578947367
itercount --------> 3
[0, 1, 2]
[0, 1, 5]
[0, 1, 6]
[0, 1, 3]
[0, 1, 4]
[0, 1, 7]
[0, 1, 2, 5]
[0, 1, 2, 6]
0.21052631578947367 0.25
itercount --------> 4
[5, 3, 4]
[5, 3, 7]
0.25 0.2631578947368421
itercount --------> 5
[5, 3, 4]
0.2631578947368421 0.2916666666666667
itercount --------> 6
[5, 3, 4]
0.2916666666666667 0.41379310344827586
itercount --------> 7
[5, 3, 7]
[5, 3, 4]
[5, 3, 0]
0.41379310344827586 0.4444444444444444
itercount --------> 8
[5, 0, 1]
0.4444444444444444 0.4583333333333333
itercount --------> 9
[0, 1, 2]
[0, 1, 7]
[0, 1, 6]
[0, 1, 5]
0.4583333333333333 0.6111111111111112
itercount --------> 10
[0, 1, 2]
[0, 1, 5]
[0, 1, 7]
[0, 1, 4]
[0, 1, 6]
[0, 1, 3]
[0, 1, 2, 5]
[0, 1, 2, 7]
[0, 1, 2, 4]
[0, 1, 2, 6]
[0, 1, 2, 3]
[0, 1, 2, 5, 7]
[0, 1, 2, 5, 4]
[0, 1, 2, 5, 6]
[0, 1, 2, 5, 3]
[0, 1, 2, 5, 7, 4]
[0, 1, 2, 5, 7, 6]
[0, 1, 2, 5, 7, 3]
[0, 1, 2, 5, 7, 4, 6]
[0, 1, 2, 5, 7, 4, 3]
[0, 1, 2, 5, 7, 4, 6, 3]
failed -> 40 times
after fail n ======> 7
[0, 1, 2, 4, 7, 3, 5]
0.08888888888888889 0.1016949152542373
itercount --------> 1
[0, 1, 2]
0.1016949152542373 0.17142857142857143
itercount --------> 2
[2, 0, 1]
[2, 0, 3]
[2, 0, 5]
0.17142857142857143 0.2608695652173913
itercount --------> 3
[0, 1, 2]
[0, 1, 3]
[0, 1, 5]
[0, 1, 6]
[0, 1, 4]
[0, 1, 7]
[0, 1, 2, 3]
0.2608695652173913 0.2916666666666667
itercount --------> 4
[5, 6, 0]
0.2916666666666667 0.39285714285714285
itercount --------> 5
[4, 7, 0]
[4, 7, 1]
[4, 7, 2]
[4, 7, 3]
[4, 7, 5]
[4, 7, 6]
[4, 7, 0, 1]
0.39285714285714285 0.4230769230769231
itercount --------> 6
[4, 7, 3]
[4, 7, 6]
[4, 7, 0]
[4, 7, 1]
[4, 7, 2]
[4, 7, 5]
[4, 7, 3, 6]
0.4230769230769231 0.44
itercount --------> 7
[4, 6, 3]
[4, 6, 7]
[4, 6, 0]
[4, 6, 1]
[4, 6, 2]
[4, 6, 5]
0.44 0.46153846153846156
itercount --------> 8
[6, 5, 0]
[6, 5, 1]
0.46153846153846156 0.5
itercount --------> 9
[0, 1, 2]
[0, 1, 5]
[0, 1, 6]
[0, 1, 3]
[0, 1, 4]
[0, 1, 7]
[0, 1, 2, 5]
0.5 0.5263157894736842
itercount --------> 10
[0, 1, 2]
[0, 1, 5]
[0, 1, 6]
[0, 1, 3]
[0, 1, 4]
[0, 1, 7]
[0, 1, 2, 5]
[0, 1, 2, 6]
[0, 1, 2, 3]
[0, 1, 2, 4]
[0, 1, 2, 7]
[0, 1, 2, 5, 6]
[0, 1, 2, 5, 3]
[0, 1, 2, 5, 4]
[0, 1, 2, 5, 7]
[0, 1, 2, 5, 6, 3]
[0, 1, 2, 5, 6, 4]
0.5263157894736842 0.631578947368421
itercount --------> 11
[0, 1, 2]
[0, 1, 5]
[0, 1, 6]
[0, 1, 7]
[0, 1, 3]
0.631578947368421 0.6666666666666666
itercount --------> 12
[0, 1, 2]
[0, 1, 5]
[0, 1, 6]
[0, 1, 7]
[0, 1, 4]
[0, 1, 3]
[0, 1, 2, 5]
[0, 1, 2, 6]
[0, 1, 2, 7]
[0, 1, 2, 4]
[0, 1, 2, 3]
[0, 1, 2, 5, 6]
[0, 1, 2, 5, 7]
[0, 1, 2, 5, 4]
[0, 1, 2, 5, 3]
[0, 1, 2, 5, 6, 7]
[0, 1, 2, 5, 6, 4]
[0, 1, 2, 5, 6, 3]
[0, 1, 2, 5, 6, 7, 4]
[0, 1, 2, 5, 6, 7, 3]
[0, 1, 2, 5, 6, 7, 4, 3]
failed -> 41 times
after fail n ======> 8
[0, 1, 2, 4, 7, 3, 5, 6]
0.08888888888888889 0.1016949152542373
itercount --------> 1
[0, 1, 2]
0.1016949152542373 0.17142857142857143
itercount --------> 2
[0, 1, 2]
0.17142857142857143 0.2608695652173913
itercount --------> 3
[0, 1, 2]
[0, 1, 3]
0.2608695652173913 0.2916666666666667
itercount --------> 4
[5, 6, 0]
0.2916666666666667 0.36666666666666664
itercount --------> 5
[0, 3, 4]
[0, 3, 7]
0.36666666666666664 0.5217391304347826
itercount --------> 6
[7, 0, 6]
[7, 0, 1]
[7, 0, 2]
[7, 0, 3]
[7, 0, 4]
[7, 0, 5]
0.5217391304347826 0.55
itercount --------> 7
[0, 1, 2]
[0, 1, 7]
[0, 1, 5]
0.55 0.6111111111111112
itercount --------> 8
[0, 1, 2]
[0, 1, 5]
[0, 1, 7]
[0, 1, 4]
[0, 1, 6]
[0, 1, 3]
[0, 1, 2, 5]
[0, 1, 2, 7]
[0, 1, 2, 4]
[0, 1, 2, 6]
[0, 1, 2, 3]
[0, 1, 2, 5, 7]
[0, 1, 2, 5, 4]
[0, 1, 2, 5, 6]
[0, 1, 2, 5, 3]
[0, 1, 2, 5, 7, 4]
[0, 1, 2, 5, 7, 6]
[0, 1, 2, 5, 7, 3]
[0, 1, 2, 5, 7, 4, 6]
[0, 1, 2, 5, 7, 4, 3]
[0, 1, 2, 5, 7, 4, 6, 3]
failed -> 42 times
after fail n ======> 5
[0, 1, 2, 4, 7]
0.08888888888888889 0.14705882352941177
itercount --------> 1
[1, 0, 5]
0.14705882352941177 0.2
itercount --------> 2
[0, 1, 2]
[0, 1, 3]
0.2 0.20689655172413793
itercount --------> 3
[1, 5, 0]
[1, 5, 6]
0.20689655172413793 0.26666666666666666
itercount --------> 4
[0, 2, 3]
0.26666666666666666 0.3235294117647059
itercount --------> 5
[0, 2, 1]
[0, 2, 3]
[0, 2, 4]
[0, 2, 6]
0.3235294117647059 0.3333333333333333
itercount --------> 6
[2, 0, 6]
0.3333333333333333 0.36363636363636365
itercount --------> 7
[0, 2, 1]
0.36363636363636365 0.38095238095238093
itercount --------> 8
[0, 1, 2]
[0, 1, 6]
0.38095238095238093 0.4
itercount --------> 9
[0, 1, 2]
[0, 1, 6]
0.4 0.4090909090909091
itercount --------> 10
[0, 2, 1]
[0, 2, 6]
[0, 2, 5]
0.4090909090909091 0.45
itercount --------> 11
[0, 1, 2]
[0, 1, 5]
[0, 1, 6]
0.45 0.5
itercount --------> 12
[3, 4, 7]
[3, 4, 0]
[3, 4, 1]
[3, 4, 6]
0.5 0.55
itercount --------> 13
[0, 1, 2]
[0, 1, 3]
[0, 1, 7]
[0, 1, 4]
[0, 1, 5]
0.55 0.5789473684210527
itercount --------> 14
[0, 1, 2]
[0, 1, 3]
0.5789473684210527 0.6111111111111112
itercount --------> 15
[3, 0, 1]
[3, 0, 2]
[3, 0, 5]
[3, 0, 6]
[3, 0, 7]
0.6111111111111112 0.75
itercount --------> 16
[0, 1, 2]
[0, 1, 5]
[0, 1, 3]
[0, 1, 4]
[0, 1, 7]
[0, 1, 6]
[0, 1, 2, 5]
[0, 1, 2, 3]
[0, 1, 2, 4]
[0, 1, 2, 7]
0.75 0.7894736842105263
itercount --------> 17
[5, 3, 0]
[5, 3, 1]
[5, 3, 2]
[5, 3, 4]
[5, 3, 7]
[5, 3, 6]
[5, 3, 0, 1]
[5, 3, 0, 2]
[5, 3, 0, 4]
[5, 3, 0, 7]
[5, 3, 0, 6]
[5, 3, 0, 1, 2]
[5, 3, 0, 1, 4]
[5, 3, 0, 1, 7]
[5, 3, 0, 1, 6]
[5, 3, 0, 1, 2, 4]
[5, 3, 0, 1, 2, 7]
[5, 3, 0, 1, 2, 6]
[5, 3, 0, 1, 2, 4, 7]
[5, 3, 0, 1, 2, 4, 6]
[5, 3, 0, 1, 2, 4, 7, 6]
failed -> 43 times
after fail n ======> 6
[0, 1, 2, 4, 7, 3]
0.08888888888888889 0.1016949152542373
itercount --------> 1
[0, 1, 2]
0.1016949152542373 0.17142857142857143
itercount --------> 2
[2, 0, 1]
0.17142857142857143 0.2608695652173913
itercount --------> 3
[0, 1, 2]
[0, 1, 3]
[0, 1, 5]
[0, 1, 6]
[0, 1, 4]
[0, 1, 7]
[0, 1, 2, 3]
0.2608695652173913 0.2916666666666667
itercount --------> 4
[5, 6, 0]
0.2916666666666667 0.36666666666666664
itercount --------> 5
[0, 3, 4]
[0, 3, 7]
0.36666666666666664 0.5217391304347826
itercount --------> 6
[7, 0, 6]
[7, 0, 1]
[7, 0, 2]
[7, 0, 3]
[7, 0, 4]
[7, 0, 5]
0.5217391304347826 0.55
itercount --------> 7
[0, 1, 2]
[0, 1, 7]
[0, 1, 5]
0.55 0.6111111111111112
itercount --------> 8
[0, 1, 2]
[0, 1, 5]
[0, 1, 7]
[0, 1, 4]
[0, 1, 6]
[0, 1, 3]
[0, 1, 2, 5]
[0, 1, 2, 7]
[0, 1, 2, 4]
[0, 1, 2, 6]
[0, 1, 2, 3]
[0, 1, 2, 5, 7]
[0, 1, 2, 5, 4]
[0, 1, 2, 5, 6]
[0, 1, 2, 5, 3]
[0, 1, 2, 5, 7, 4]
[0, 1, 2, 5, 7, 6]
[0, 1, 2, 5, 7, 3]
[0, 1, 2, 5, 7, 4, 6]
[0, 1, 2, 5, 7, 4, 3]
[0, 1, 2, 5, 7, 4, 6, 3]
failed -> 44 times
after fail n ======> 7
[0, 1, 2, 4, 7, 3, 5]
0.08888888888888889 0.13793103448275862
itercount --------> 1
[2, 4, 7]
0.13793103448275862 0.17142857142857143
itercount --------> 2
[2, 0, 1]
0.17142857142857143 0.2608695652173913
itercount --------> 3
[0, 1, 2]
[0, 1, 3]
[0, 1, 5]
[0, 1, 6]
[0, 1, 4]
[0, 1, 7]
[0, 1, 2, 3]
0.2608695652173913 0.2916666666666667
itercount --------> 4
[5, 6, 0]
0.2916666666666667 0.36666666666666664
itercount --------> 5
[4, 6, 7]
0.36666666666666664 0.4230769230769231
itercount --------> 6
[3, 0, 1]
[3, 0, 4]
[3, 0, 6]
[3, 0, 7]
[3, 0, 2]
0.4230769230769231 0.44
itercount --------> 7
[3, 7, 4]
0.44 0.4583333333333333
itercount --------> 8
[4, 5, 7]
0.4583333333333333 0.52
itercount --------> 9
[4, 1, 2]
[4, 1, 5]
[4, 1, 0]
[4, 1, 3]
[4, 1, 6]
[4, 1, 7]
[4, 1, 2, 5]
[4, 1, 2, 0]
[4, 1, 2, 3]
0.52 0.6071428571428571
itercount --------> 10
[1, 2, 0]
[1, 2, 4]
[1, 2, 7]
[1, 2, 5]
[1, 2, 3]
[1, 2, 6]
[1, 2, 0, 4]
[1, 2, 0, 7]
[1, 2, 0, 5]
0.6071428571428571 0.625
itercount --------> 11
[0, 1, 2]
[0, 1, 5]
[0, 1, 3]
[0, 1, 4]
[0, 1, 7]
[0, 1, 6]
[0, 1, 2, 5]
[0, 1, 2, 3]
[0, 1, 2, 4]
[0, 1, 2, 7]
[0, 1, 2, 6]
[0, 1, 2, 5, 3]
0.625 0.75
itercount --------> 12
[0, 1, 2]
[0, 1, 5]
[0, 1, 3]
[0, 1, 4]
[0, 1, 7]
[0, 1, 6]
[0, 1, 2, 5]
[0, 1, 2, 3]
[0, 1, 2, 4]
0.75 0.7894736842105263
itercount --------> 13
[5, 3, 0]
[5, 3, 1]
[5, 3, 2]
[5, 3, 4]
[5, 3, 7]
[5, 3, 6]
[5, 3, 0, 1]
[5, 3, 0, 2]
[5, 3, 0, 4]
[5, 3, 0, 7]
[5, 3, 0, 6]
[5, 3, 0, 1, 2]
[5, 3, 0, 1, 4]
[5, 3, 0, 1, 7]
[5, 3, 0, 1, 6]
[5, 3, 0, 1, 2, 4]
[5, 3, 0, 1, 2, 7]
[5, 3, 0, 1, 2, 6]
[5, 3, 0, 1, 2, 4, 7]
[5, 3, 0, 1, 2, 4, 6]
[5, 3, 0, 1, 2, 4, 7, 6]
failed -> 45 times
after fail n ======> 8
[0, 1, 2, 4, 7, 3, 5, 6]
0.08888888888888889 0.09615384615384616
itercount --------> 1
[0, 1, 2]
0.09615384615384616 0.22727272727272727
itercount --------> 2
[0, 1, 2]
[0, 1, 6]
0.22727272727272727 0.24
itercount --------> 3
[1, 3, 7]
0.24 0.28
itercount --------> 4
[1, 3, 6]
[1, 3, 4]
0.28 0.3076923076923077
itercount --------> 5
[1, 3, 4]
[1, 3, 7]
[1, 3, 6]
[1, 3, 0]
0.3076923076923077 0.34375
itercount --------> 6
[1, 4, 3]
[1, 4, 0]
[1, 4, 7]
0.34375 0.41379310344827586
itercount --------> 7
[1, 0, 7]
[1, 0, 2]
0.41379310344827586 0.5217391304347826
itercount --------> 8
[7, 0, 1]
[7, 0, 5]
0.5217391304347826 0.55
itercount --------> 9
[0, 1, 2]
[0, 1, 7]
[0, 1, 5]
[0, 1, 6]
[0, 1, 3]
[0, 1, 4]
[0, 1, 2, 7]
[0, 1, 2, 5]
0.55 0.6111111111111112
itercount --------> 10
[0, 1, 2]
[0, 1, 5]
[0, 1, 7]
[0, 1, 4]
[0, 1, 6]
[0, 1, 3]
[0, 1, 2, 5]
[0, 1, 2, 7]
[0, 1, 2, 4]
[0, 1, 2, 6]
[0, 1, 2, 3]
[0, 1, 2, 5, 7]
[0, 1, 2, 5, 4]
[0, 1, 2, 5, 6]
[0, 1, 2, 5, 3]
[0, 1, 2, 5, 7, 4]
[0, 1, 2, 5, 7, 6]
[0, 1, 2, 5, 7, 3]
[0, 1, 2, 5, 7, 4, 6]
[0, 1, 2, 5, 7, 4, 3]
[0, 1, 2, 5, 7, 4, 6, 3]
failed -> 46 times
after fail n ======> 5
[0, 1, 2, 4, 7]
0.08888888888888889 0.13793103448275862
itercount --------> 1
[1, 4, 7]
[1, 4, 3]
[1, 4, 5]
0.13793103448275862 0.1388888888888889
itercount --------> 2
[1, 5, 0]
0.1388888888888889 0.20833333333333334
itercount --------> 3
[5, 6, 0]
[5, 6, 1]
[5, 6, 2]
[5, 6, 4]
0.20833333333333334 0.22727272727272727
itercount --------> 4
[0, 1, 2]
[0, 1, 3]
[0, 1, 4]
[0, 1, 5]
[0, 1, 6]
[0, 1, 7]
[0, 1, 2, 3]
0.22727272727272727 0.24
itercount --------> 5
[2, 3, 4]
0.24 0.25
itercount --------> 6
[0, 1, 2]
[0, 1, 3]
[0, 1, 4]
[0, 1, 6]
[0, 1, 5]
[0, 1, 7]
[0, 1, 2, 3]
0.25 0.2916666666666667
itercount --------> 7
[1, 3, 4]
[1, 3, 6]
0.2916666666666667 0.375
itercount --------> 8
[1, 6, 4]
0.375 0.5
itercount --------> 9
[1, 4, 0]
[1, 4, 2]
[1, 4, 6]
[1, 4, 7]
[1, 4, 3]
[1, 4, 5]
0.5 0.5263157894736842
itercount --------> 10
[0, 1, 2]
[0, 1, 6]
[0, 1, 4]
[0, 1, 5]
[0, 1, 7]
[0, 1, 3]
[0, 1, 2, 6]
[0, 1, 2, 4]
[0, 1, 2, 5]
0.5263157894736842 0.5555555555555556
itercount --------> 11
[0, 1, 2]
[0, 1, 5]
0.5555555555555556 0.5789473684210527
itercount --------> 12
[1, 4, 6]
[1, 4, 7]
[1, 4, 0]
[1, 4, 2]
[1, 4, 3]
[1, 4, 5]
[1, 4, 6, 7]
[1, 4, 6, 0]
[1, 4, 6, 2]
[1, 4, 6, 3]
[1, 4, 6, 5]
[1, 4, 6, 7, 0]
[1, 4, 6, 7, 2]
[1, 4, 6, 7, 3]
[1, 4, 6, 7, 5]
[1, 4, 6, 7, 0, 2]
[1, 4, 6, 7, 0, 3]
[1, 4, 6, 7, 0, 5]
[1, 4, 6, 7, 0, 2, 3]
[1, 4, 6, 7, 0, 2, 5]
[1, 4, 6, 7, 0, 2, 3, 5]
failed -> 47 times
after fail n ======> 6
[0, 1, 2, 4, 7, 3]
0.08888888888888889 0.10810810810810811
itercount --------> 1
[0, 2, 3]
0.10810810810810811 0.16666666666666666
itercount --------> 2
[1, 2, 6]
0.16666666666666666 0.22727272727272727
itercount --------> 3
[0, 2, 3]
[0, 2, 6]
0.22727272727272727 0.28
itercount --------> 4
[0, 3, 6]
0.28 0.3870967741935484
itercount --------> 5
[0, 3, 2]
[0, 3, 4]
[0, 3, 1]
0.3870967741935484 0.48
itercount --------> 6
[3, 0, 2]
[3, 0, 4]
[3, 0, 1]
[3, 0, 7]
[3, 0, 6]
[3, 0, 5]
[3, 0, 2, 4]
0.48 0.5
itercount --------> 7
[0, 3, 4]
[0, 3, 6]
[0, 3, 7]
[0, 3, 2]
[0, 3, 1]
[0, 3, 5]
0.5 0.5263157894736842
itercount --------> 8
[3, 4, 7]
[3, 4, 5]
[3, 4, 6]
[3, 4, 0]
[3, 4, 1]
[3, 4, 2]
[3, 4, 7, 5]
[3, 4, 7, 6]
[3, 4, 7, 0]
[3, 4, 7, 1]
[3, 4, 7, 2]
[3, 4, 7, 5, 6]
[3, 4, 7, 5, 0]
0.5263157894736842 0.5789473684210527
itercount --------> 9
[3, 4, 7]
[3, 4, 6]
[3, 4, 0]
[3, 4, 1]
[3, 4, 2]
[3, 4, 5]
[3, 4, 7, 6]
[3, 4, 7, 0]
[3, 4, 7, 1]
[3, 4, 7, 2]
[3, 4, 7, 5]
[3, 4, 7, 6, 0]
[3, 4, 7, 6, 1]
[3, 4, 7, 6, 2]
[3, 4, 7, 6, 5]
[3, 4, 7, 6, 0, 1]
[3, 4, 7, 6, 0, 2]
[3, 4, 7, 6, 0, 5]
[3, 4, 7, 6, 0, 1, 2]
[3, 4, 7, 6, 0, 1, 5]
[3, 4, 7, 6, 0, 1, 2, 5]
failed -> 48 times
after fail n ======> 7
[0, 1, 2, 4, 7, 3, 5]
0.08888888888888889 0.13793103448275862
itercount --------> 1
[0, 4, 7]
0.13793103448275862 0.17142857142857143
itercount --------> 2
[0, 1, 2]
0.17142857142857143 0.2608695652173913
itercount --------> 3
[0, 1, 2]
[0, 1, 3]
0.2608695652173913 0.2916666666666667
itercount --------> 4
[5, 6, 0]
[5, 6, 1]
0.2916666666666667 0.375
itercount --------> 5
[3, 4, 7]
[3, 4, 6]
[3, 4, 0]
[3, 4, 1]
[3, 4, 2]
[3, 4, 5]
[3, 4, 7, 6]
0.375 0.391304347826087
itercount --------> 6
[3, 4, 7]
[3, 4, 6]
[3, 4, 0]
[3, 4, 1]
[3, 4, 2]
[3, 4, 5]
0.391304347826087 0.4166666666666667
itercount --------> 7
[4, 6, 3]
0.4166666666666667 0.46153846153846156
itercount --------> 8
[0, 1, 2]
[0, 1, 3]
[0, 1, 4]
0.46153846153846156 0.5217391304347826
itercount --------> 9
[0, 1, 2]
[0, 1, 4]
[0, 1, 3]
[0, 1, 6]
[0, 1, 5]
[0, 1, 7]
[0, 1, 2, 4]
[0, 1, 2, 3]
0.5217391304347826 0.5454545454545454
itercount --------> 10
[1, 2, 0]
[1, 2, 3]
[1, 2, 4]
[1, 2, 5]
[1, 2, 6]
[1, 2, 7]
[1, 2, 0, 3]
[1, 2, 0, 4]
[1, 2, 0, 5]
0.5454545454545454 0.55
itercount --------> 11
[0, 1, 2]
[0, 1, 3]
[0, 1, 5]
[0, 1, 6]
[0, 1, 4]
[0, 1, 7]
[0, 1, 2, 3]
[0, 1, 2, 5]
[0, 1, 2, 6]
0.55 0.6111111111111112
itercount --------> 12
[3, 0, 1]
[3, 0, 2]
[3, 0, 4]
0.6111111111111112 0.75
itercount --------> 13
[5, 0, 1]
[5, 0, 2]
[5, 0, 3]
[5, 0, 4]
[5, 0, 7]
[5, 0, 6]
[5, 0, 1, 2]
[5, 0, 1, 3]
0.75 0.7894736842105263
itercount --------> 14
[5, 3, 0]
[5, 3, 1]
[5, 3, 2]
[5, 3, 4]
[5, 3, 7]
[5, 3, 6]
[5, 3, 0, 1]
[5, 3, 0, 2]
[5, 3, 0, 4]
[5, 3, 0, 7]
[5, 3, 0, 6]
[5, 3, 0, 1, 2]
[5, 3, 0, 1, 4]
[5, 3, 0, 1, 7]
[5, 3, 0, 1, 6]
[5, 3, 0, 1, 2, 4]
[5, 3, 0, 1, 2, 7]
[5, 3, 0, 1, 2, 6]
[5, 3, 0, 1, 2, 4, 7]
[5, 3, 0, 1, 2, 4, 6]
[5, 3, 0, 1, 2, 4, 7, 6]
failed -> 49 times
after fail n ======> 8
[0, 1, 2, 4, 7, 3, 5, 6]
0.08888888888888889 0.09615384615384616
itercount --------> 1
[0, 1, 2]
0.09615384615384616 0.15625
itercount --------> 2
[1, 6, 4]
[1, 6, 7]
0.15625 0.17391304347826086
itercount --------> 3
[0, 2, 6]
0.17391304347826086 0.2222222222222222
itercount --------> 4
[0, 1, 2]
[0, 1, 6]
[0, 1, 5]
[0, 1, 7]
[0, 1, 3]
[0, 1, 4]
[0, 1, 2, 6]
[0, 1, 2, 5]
[0, 1, 2, 7]
[0, 1, 2, 3]
[0, 1, 2, 4]
[0, 1, 2, 6, 5]
[0, 1, 2, 6, 7]
0.2222222222222222 0.2692307692307692
itercount --------> 5
[1, 3, 0]
[1, 3, 2]
[1, 3, 6]
[1, 3, 4]
[1, 3, 7]
[1, 3, 5]
[1, 3, 0, 2]
[1, 3, 0, 6]
0.2692307692307692 0.2962962962962963
itercount --------> 6
[3, 1, 4]
[3, 1, 6]
[3, 1, 0]
0.2962962962962963 0.36
itercount --------> 7
[3, 1, 4]
[3, 1, 0]
[3, 1, 2]
[3, 1, 6]
[3, 1, 5]
0.36 0.375
itercount --------> 8
[3, 1, 4]
[3, 1, 0]
[3, 1, 2]
[3, 1, 7]
[3, 1, 5]
[3, 1, 6]
[3, 1, 4, 0]
[3, 1, 4, 2]
[3, 1, 4, 7]
[3, 1, 4, 5]
[3, 1, 4, 6]
[3, 1, 4, 0, 2]
[3, 1, 4, 0, 7]
[3, 1, 4, 0, 5]
0.375 0.391304347826087
itercount --------> 9
[3, 0, 2]
[3, 0, 4]
[3, 0, 7]
[3, 0, 5]
[3, 0, 6]
[3, 0, 1]
[3, 0, 2, 4]
[3, 0, 2, 7]
[3, 0, 2, 5]
0.391304347826087 0.47368421052631576
itercount --------> 10
[3, 4, 7]
[3, 4, 5]
[3, 4, 6]
[3, 4, 0]
[3, 4, 1]
[3, 4, 2]
[3, 4, 7, 5]
[3, 4, 7, 6]
[3, 4, 7, 0]
[3, 4, 7, 1]
[3, 4, 7, 2]
[3, 4, 7, 5, 6]
[3, 4, 7, 5, 0]
[3, 4, 7, 5, 1]
[3, 4, 7, 5, 2]
[3, 4, 7, 5, 6, 0]
[3, 4, 7, 5, 6, 1]
[3, 4, 7, 5, 6, 2]
[3, 4, 7, 5, 6, 0, 1]
[3, 4, 7, 5, 6, 0, 2]
[3, 4, 7, 5, 6, 0, 1, 2]
failed -> 50 times
after fail n ======> 5
Runs with the maximum attractor JI -> [5]
