{6: 35, 1: 34, 2: 34, 3: 25, 5: 22, 4: 18, 0: 12, 7: 12}
[6, 1, 2]
0.1282051282051282 0.15384615384615385
itercount --------> 1
[6, 1, 3]
0.15384615384615385 0.18181818181818182
itercount --------> 2
[6, 4, 3]
0.18181818181818182 0.21875
itercount --------> 3
[2, 3, 1]
0.21875 0.2222222222222222
itercount --------> 4
[1, 4, 3]
0.2222222222222222 0.23076923076923078
itercount --------> 5
[1, 3, 4]
[1, 3, 6]
[1, 3, 2]
0.23076923076923078 0.3157894736842105
itercount --------> 6
[3, 4, 6]
[3, 4, 5]
[3, 4, 7]
[3, 4, 0]
0.3157894736842105 0.3333333333333333
itercount --------> 7
[3, 4, 6]
[3, 4, 7]
[3, 4, 5]
[3, 4, 0]
[3, 4, 1]
[3, 4, 2]
[3, 4, 6, 7]
0.3333333333333333 0.37037037037037035
itercount --------> 8
[4, 5, 3]
[4, 5, 6]
[4, 5, 7]
0.37037037037037035 0.391304347826087
itercount --------> 9
[5, 7, 0]
[5, 7, 3]
[5, 7, 4]
0.391304347826087 0.45454545454545453
itercount --------> 10
[4, 7, 3]
[4, 7, 5]
[4, 7, 6]
[4, 7, 1]
[4, 7, 2]
[4, 7, 0]
[4, 7, 3, 5]
[4, 7, 3, 6]
[4, 7, 3, 1]
[4, 7, 3, 2]
[4, 7, 3, 0]
[4, 7, 3, 5, 6]
[4, 7, 3, 5, 1]
0.45454545454545453 0.5
itercount --------> 11
[4, 3, 6]
[4, 3, 7]
[4, 3, 5]
[4, 3, 1]
[4, 3, 2]
[4, 3, 0]
[4, 3, 6, 7]
[4, 3, 6, 5]
[4, 3, 6, 1]
[4, 3, 6, 2]
[4, 3, 6, 0]
[4, 3, 6, 7, 5]
[4, 3, 6, 7, 1]
[4, 3, 6, 7, 2]
[4, 3, 6, 7, 0]
[4, 3, 6, 7, 5, 1]
[4, 3, 6, 7, 5, 2]
[4, 3, 6, 7, 5, 0]
0.5 0.5263157894736842
itercount --------> 12
[3, 4, 6]
[3, 4, 7]
[3, 4, 0]
[3, 4, 5]
[3, 4, 1]
[3, 4, 2]
[3, 4, 6, 7]
[3, 4, 6, 0]
[3, 4, 6, 5]
[3, 4, 6, 1]
[3, 4, 6, 2]
[3, 4, 6, 7, 0]
[3, 4, 6, 7, 5]
[3, 4, 6, 7, 1]
[3, 4, 6, 7, 2]
[3, 4, 6, 7, 0, 5]
[3, 4, 6, 7, 0, 1]
[3, 4, 6, 7, 0, 2]
[3, 4, 6, 7, 0, 5, 1]
[3, 4, 6, 7, 0, 5, 2]
[3, 4, 6, 7, 0, 5, 1, 2]
failed Once
after fail n ======> 4
[6, 1, 2, 3]
0.1282051282051282 0.15384615384615385
itercount --------> 1
[6, 1, 3]
[6, 1, 4]
0.15384615384615385 0.18181818181818182
itercount --------> 2
[1, 6, 4]
0.18181818181818182 0.21052631578947367
itercount --------> 3
[6, 4, 3]
[6, 4, 7]
0.21052631578947367 0.2631578947368421
itercount --------> 4
[6, 5, 3]
0.2631578947368421 0.3076923076923077
itercount --------> 5
[6, 5, 3]
0.3076923076923077 0.3888888888888889
itercount --------> 6
[6, 3, 4]
[6, 3, 5]
[6, 3, 7]
[6, 3, 0]
[6, 3, 1]
[6, 3, 2]
[6, 3, 4, 5]
[6, 3, 4, 7]
[6, 3, 4, 0]
[6, 3, 4, 1]
[6, 3, 4, 2]
[6, 3, 4, 5, 7]
0.3888888888888889 0.4
itercount --------> 7
[6, 5, 3]
0.4 0.42105263157894735
itercount --------> 8
[6, 4, 5]
0.42105263157894735 0.4444444444444444
itercount --------> 9
[6, 3, 4]
[6, 3, 7]
[6, 3, 0]
[6, 3, 1]
[6, 3, 2]
[6, 3, 5]
[6, 3, 4, 7]
[6, 3, 4, 0]
[6, 3, 4, 1]
[6, 3, 4, 2]
[6, 3, 4, 5]
[6, 3, 4, 7, 0]
[6, 3, 4, 7, 1]
[6, 3, 4, 7, 2]
[6, 3, 4, 7, 5]
[6, 3, 4, 7, 0, 1]
[6, 3, 4, 7, 0, 2]
[6, 3, 4, 7, 0, 5]
[6, 3, 4, 7, 0, 1, 2]
[6, 3, 4, 7, 0, 1, 5]
[6, 3, 4, 7, 0, 1, 2, 5]
failed -> 2 times
after fail n ======> 5
[6, 1, 2, 3, 5]
0.1282051282051282 0.21052631578947367
itercount --------> 1
[2, 1, 3]
0.21052631578947367 0.3333333333333333
itercount --------> 2
[3, 1, 4]
0.3333333333333333 0.4090909090909091
itercount --------> 3
[3, 4, 1]
[3, 4, 7]
[3, 4, 5]
[3, 4, 2]
[3, 4, 6]
[3, 4, 0]
[3, 4, 1, 7]
[3, 4, 1, 5]
[3, 4, 1, 2]
[3, 4, 1, 6]
[3, 4, 1, 0]
0.4090909090909091 0.42105263157894735
itercount --------> 4
[3, 4, 7]
0.42105263157894735 0.6818181818181818
itercount --------> 5
[1, 2, 5]
[1, 2, 3]
[1, 2, 4]
[1, 2, 6]
[1, 2, 7]
[1, 2, 0]
0.6818181818181818 0.7368421052631579
itercount --------> 6
[3, 4, 5]
[3, 4, 0]
[3, 4, 1]
[3, 4, 2]
[3, 4, 6]
[3, 4, 7]
[3, 4, 5, 0]
[3, 4, 5, 1]
[3, 4, 5, 2]
[3, 4, 5, 6]
[3, 4, 5, 7]
[3, 4, 5, 0, 1]
[3, 4, 5, 0, 2]
0.7368421052631579 0.7894736842105263
itercount --------> 7
[3, 5, 4]
[3, 5, 1]
[3, 5, 2]
[3, 5, 6]
[3, 5, 7]
[3, 5, 0]
[3, 5, 4, 1]
[3, 5, 4, 2]
[3, 5, 4, 6]
[3, 5, 4, 7]
[3, 5, 4, 0]
[3, 5, 4, 1, 2]
[3, 5, 4, 1, 6]
[3, 5, 4, 1, 7]
[3, 5, 4, 1, 0]
[3, 5, 4, 1, 2, 6]
[3, 5, 4, 1, 2, 7]
[3, 5, 4, 1, 2, 0]
[3, 5, 4, 1, 2, 6, 7]
[3, 5, 4, 1, 2, 6, 0]
[3, 5, 4, 1, 2, 6, 7, 0]
failed -> 3 times
after fail n ======> 6
[6, 1, 2, 3, 5, 4]
0.1282051282051282 0.16129032258064516
itercount --------> 1
[2, 6, 3]
0.16129032258064516 0.23333333333333334
itercount --------> 2
[2, 3, 4]
0.23333333333333334 0.25
itercount --------> 3
[2, 3, 4]
[2, 3, 1]
[2, 3, 6]
[2, 3, 5]
[2, 3, 7]
[2, 3, 0]
[2, 3, 4, 1]
0.25 0.2916666666666667
itercount --------> 4
[3, 2, 4]
[3, 2, 6]
0.2916666666666667 0.3333333333333333
itercount --------> 5
[3, 4, 2]
0.3333333333333333 0.35714285714285715
itercount --------> 6
[2, 3, 4]
0.35714285714285715 0.38095238095238093
itercount --------> 7
[3, 4, 5]
[3, 4, 6]
[3, 4, 7]
0.38095238095238093 0.4074074074074074
itercount --------> 8
[6, 3, 1]
0.4074074074074074 0.45
itercount --------> 9
[6, 5, 4]
[6, 5, 3]
[6, 5, 0]
[6, 5, 1]
0.45 0.45454545454545453
itercount --------> 10
[3, 6, 1]
[3, 6, 2]
[3, 6, 4]
[3, 6, 7]
[3, 6, 5]
0.45454545454545453 0.5
itercount --------> 11
[5, 1, 2]
0.5 0.5238095238095238
itercount --------> 12
[6, 1, 2]
[6, 1, 4]
[6, 1, 3]
0.5238095238095238 0.6818181818181818
itercount --------> 13
[1, 2, 5]
[1, 2, 3]
[1, 2, 4]
[1, 2, 6]
[1, 2, 7]
[1, 2, 0]
0.6818181818181818 0.7368421052631579
itercount --------> 14
[3, 4, 5]
[3, 4, 0]
[3, 4, 1]
[3, 4, 2]
[3, 4, 6]
[3, 4, 7]
[3, 4, 5, 0]
0.7368421052631579 0.7894736842105263
itercount --------> 15
[3, 5, 4]
[3, 5, 1]
[3, 5, 2]
[3, 5, 6]
[3, 5, 7]
[3, 5, 0]
[3, 5, 4, 1]
[3, 5, 4, 2]
[3, 5, 4, 6]
[3, 5, 4, 7]
[3, 5, 4, 0]
[3, 5, 4, 1, 2]
[3, 5, 4, 1, 6]
[3, 5, 4, 1, 7]
[3, 5, 4, 1, 0]
[3, 5, 4, 1, 2, 6]
[3, 5, 4, 1, 2, 7]
0.7894736842105263 0.8
itercount --------> 16
[3, 4, 5]
[3, 4, 1]
[3, 4, 2]
[3, 4, 6]
[3, 4, 7]
[3, 4, 0]
[3, 4, 5, 1]
[3, 4, 5, 2]
[3, 4, 5, 6]
[3, 4, 5, 7]
[3, 4, 5, 0]
[3, 4, 5, 1, 2]
[3, 4, 5, 1, 6]
[3, 4, 5, 1, 7]
0.8 0.8421052631578947
itercount --------> 17
[3, 1, 2]
[3, 1, 4]
[3, 1, 5]
[3, 1, 6]
[3, 1, 7]
[3, 1, 0]
[3, 1, 2, 4]
[3, 1, 2, 5]
[3, 1, 2, 6]
[3, 1, 2, 7]
[3, 1, 2, 0]
[3, 1, 2, 4, 5]
[3, 1, 2, 4, 6]
[3, 1, 2, 4, 7]
[3, 1, 2, 4, 0]
[3, 1, 2, 4, 5, 6]
[3, 1, 2, 4, 5, 7]
[3, 1, 2, 4, 5, 0]
[3, 1, 2, 4, 5, 6, 7]
[3, 1, 2, 4, 5, 6, 0]
[3, 1, 2, 4, 5, 6, 7, 0]
failed -> 4 times
after fail n ======> 7
[6, 1, 2, 3, 5, 4, 0]
0.1282051282051282 0.13513513513513514
itercount --------> 1
[2, 6, 1]
0.13513513513513514 0.22727272727272727
itercount --------> 2
[2, 6, 4]
[2, 6, 7]
[2, 6, 3]
[2, 6, 5]
0.22727272727272727 0.23529411764705882
itercount --------> 3
[1, 2, 5]
[1, 2, 6]
[1, 2, 0]
[1, 2, 3]
[1, 2, 7]
[1, 2, 4]
[1, 2, 5, 6]
[1, 2, 5, 0]
0.23529411764705882 0.25
itercount --------> 4
[6, 2, 4]
[6, 2, 7]
[6, 2, 3]
[6, 2, 5]
0.25 0.2631578947368421
itercount --------> 5
[6, 5, 7]
[6, 5, 1]
0.2631578947368421 0.2777777777777778
itercount --------> 6
[6, 5, 3]
[6, 5, 7]
[6, 5, 4]
0.2777777777777778 0.29411764705882354
itercount --------> 7
[6, 5, 1]
0.29411764705882354 0.34615384615384615
itercount --------> 8
[3, 1, 2]
[3, 1, 4]
0.34615384615384615 0.38461538461538464
itercount --------> 9
[3, 2, 4]
[3, 2, 1]
[3, 2, 7]
[3, 2, 5]
[3, 2, 6]
[3, 2, 0]
0.38461538461538464 0.42857142857142855
itercount --------> 10
[3, 4, 1]
[3, 4, 7]
[3, 4, 5]
[3, 4, 6]
[3, 4, 0]
[3, 4, 2]
[3, 4, 1, 7]
0.42857142857142855 0.6818181818181818
itercount --------> 11
[1, 5, 0]
0.6818181818181818 0.7
itercount --------> 12
[1, 0, 3]
0.7 0.7368421052631579
itercount --------> 13
[3, 4, 5]
[3, 4, 0]
[3, 4, 1]
[3, 4, 2]
[3, 4, 6]
[3, 4, 7]
[3, 4, 5, 0]
0.7368421052631579 0.7894736842105263
itercount --------> 14
[0, 3, 4]
[0, 3, 1]
[0, 3, 2]
[0, 3, 5]
[0, 3, 6]
[0, 3, 7]
[0, 3, 4, 1]
[0, 3, 4, 2]
[0, 3, 4, 5]
[0, 3, 4, 6]
[0, 3, 4, 7]
[0, 3, 4, 1, 2]
[0, 3, 4, 1, 5]
[0, 3, 4, 1, 6]
[0, 3, 4, 1, 7]
[0, 3, 4, 1, 2, 5]
[0, 3, 4, 1, 2, 6]
[0, 3, 4, 1, 2, 7]
[0, 3, 4, 1, 2, 5, 6]
[0, 3, 4, 1, 2, 5, 7]
[0, 3, 4, 1, 2, 5, 6, 7]
failed -> 5 times
after fail n ======> 8
[6, 1, 2, 3, 5, 4, 0, 7]
0.1282051282051282 0.1320754716981132
itercount --------> 1
[1, 2, 3]
0.1320754716981132 0.23333333333333334
itercount --------> 2
[3, 5, 4]
0.23333333333333334 0.25
itercount --------> 3
[3, 5, 4]
[3, 5, 1]
0.25 0.2916666666666667
itercount --------> 4
[3, 4, 5]
[3, 4, 1]
[3, 4, 2]
0.2916666666666667 0.30434782608695654
itercount --------> 5
[3, 4, 5]
[3, 4, 6]
[3, 4, 7]
[3, 4, 1]
[3, 4, 2]
[3, 4, 0]
[3, 4, 5, 6]
0.30434782608695654 0.36363636363636365
itercount --------> 6
[3, 4, 2]
[3, 4, 6]
[3, 4, 7]
[3, 4, 5]
[3, 4, 1]
[3, 4, 0]
[3, 4, 2, 6]
[3, 4, 2, 7]
[3, 4, 2, 5]
0.36363636363636365 0.42105263157894735
itercount --------> 7
[3, 4, 1]
[3, 4, 5]
[3, 4, 6]
0.42105263157894735 0.45454545454545453
itercount --------> 8
[3, 7, 1]
[3, 7, 4]
[3, 7, 6]
[3, 7, 5]
[3, 7, 2]
[3, 7, 0]
[3, 7, 1, 4]
[3, 7, 1, 6]
[3, 7, 1, 5]
[3, 7, 1, 2]
0.45454545454545453 0.5
itercount --------> 9
[3, 7, 4]
[3, 7, 6]
[3, 7, 1]
0.5 0.5238095238095238
itercount --------> 10
[1, 7, 4]
[1, 7, 5]
[1, 7, 3]
[1, 7, 2]
[1, 7, 6]
[1, 7, 0]
0.5238095238095238 0.5263157894736842
itercount --------> 11
[7, 4, 3]
[7, 4, 1]
[7, 4, 2]
[7, 4, 0]
[7, 4, 5]
[7, 4, 6]
[7, 4, 3, 1]
0.5263157894736842 0.7
itercount --------> 12
[1, 2, 0]
0.7 0.7368421052631579
itercount --------> 13
[3, 4, 5]
[3, 4, 0]
[3, 4, 1]
[3, 4, 2]
[3, 4, 6]
[3, 4, 7]
[3, 4, 5, 0]
[3, 4, 5, 1]
[3, 4, 5, 2]
[3, 4, 5, 6]
[3, 4, 5, 7]
[3, 4, 5, 0, 1]
[3, 4, 5, 0, 2]
[3, 4, 5, 0, 6]
[3, 4, 5, 0, 7]
[3, 4, 5, 0, 1, 2]
[3, 4, 5, 0, 1, 6]
[3, 4, 5, 0, 1, 7]
[3, 4, 5, 0, 1, 2, 6]
[3, 4, 5, 0, 1, 2, 7]
[3, 4, 5, 0, 1, 2, 6, 7]
failed -> 6 times
after fail n ======> 5
[6, 1, 2, 3, 5]
0.1282051282051282 0.23529411764705882
itercount --------> 1
[1, 3, 4]
0.23529411764705882 0.26666666666666666
itercount --------> 2
[1, 3, 4]
[1, 3, 7]
0.26666666666666666 0.2903225806451613
itercount --------> 3
[1, 7, 4]
0.2903225806451613 0.3448275862068966
itercount --------> 4
[4, 1, 7]
[4, 1, 3]
[4, 1, 5]
[4, 1, 2]
0.3448275862068966 0.34615384615384615
itercount --------> 5
[1, 7, 4]
[1, 7, 5]
0.34615384615384615 0.375
itercount --------> 6
[1, 4, 3]
[1, 4, 7]
[1, 4, 5]
[1, 4, 2]
0.375 0.45
itercount --------> 7
[4, 3, 7]
[4, 3, 5]
[4, 3, 1]
[4, 3, 6]
[4, 3, 0]
[4, 3, 2]
[4, 3, 7, 5]
[4, 3, 7, 1]
[4, 3, 7, 6]
[4, 3, 7, 0]
[4, 3, 7, 2]
[4, 3, 7, 5, 1]
[4, 3, 7, 5, 6]
0.45 0.7272727272727273
itercount --------> 8
[5, 1, 2]
[5, 1, 3]
[5, 1, 4]
[5, 1, 6]
[5, 1, 7]
[5, 1, 0]
0.7272727272727273 0.7368421052631579
itercount --------> 9
[3, 4, 5]
[3, 4, 0]
[3, 4, 1]
[3, 4, 2]
[3, 4, 6]
[3, 4, 7]
[3, 4, 5, 0]
0.7368421052631579 0.75
itercount --------> 10
[4, 0, 3]
[4, 0, 5]
[4, 0, 1]
[4, 0, 2]
[4, 0, 6]
[4, 0, 7]
[4, 0, 3, 5]
[4, 0, 3, 1]
[4, 0, 3, 2]
0.75 0.8
itercount --------> 11
[3, 4, 5]
[3, 4, 1]
[3, 4, 2]
[3, 4, 6]
[3, 4, 7]
[3, 4, 0]
[3, 4, 5, 1]
[3, 4, 5, 2]
[3, 4, 5, 6]
[3, 4, 5, 7]
[3, 4, 5, 0]
[3, 4, 5, 1, 2]
[3, 4, 5, 1, 6]
[3, 4, 5, 1, 7]
[3, 4, 5, 1, 0]
[3, 4, 5, 1, 2, 6]
[3, 4, 5, 1, 2, 7]
[3, 4, 5, 1, 2, 0]
[3, 4, 5, 1, 2, 6, 7]
[3, 4, 5, 1, 2, 6, 0]
[3, 4, 5, 1, 2, 6, 7, 0]
failed -> 7 times
after fail n ======> 6
[6, 1, 2, 3, 5, 4]
0.1282051282051282 0.16129032258064516
itercount --------> 1
[2, 6, 3]
0.16129032258064516 0.18181818181818182
itercount --------> 2
[6, 4, 3]
0.18181818181818182 0.2
itercount --------> 3
[2, 3, 6]
0.2 0.23529411764705882
itercount --------> 4
[2, 3, 1]
0.23529411764705882 0.38095238095238093
itercount --------> 5
[3, 4, 5]
[3, 4, 6]
[3, 4, 7]
[3, 4, 1]
[3, 4, 2]
[3, 4, 0]
[3, 4, 5, 6]
0.38095238095238093 0.4074074074074074
itercount --------> 6
[7, 3, 1]
0.4074074074074074 0.45
itercount --------> 7
[7, 5, 4]
[7, 5, 3]
[7, 5, 0]
[7, 5, 1]
0.45 0.5238095238095238
itercount --------> 8
[3, 7, 4]
[3, 7, 5]
[3, 7, 6]
[3, 7, 1]
[3, 7, 2]
[3, 7, 0]
[3, 7, 4, 5]
[3, 7, 4, 6]
[3, 7, 4, 1]
[3, 7, 4, 2]
[3, 7, 4, 0]
0.5238095238095238 0.55
itercount --------> 9
[7, 5, 3]
[7, 5, 4]
[7, 5, 1]
[7, 5, 2]
0.55 0.5555555555555556
itercount --------> 10
[7, 3, 4]
[7, 3, 5]
[7, 3, 1]
[7, 3, 2]
[7, 3, 6]
[7, 3, 0]
[7, 3, 4, 5]
[7, 3, 4, 1]
[7, 3, 4, 2]
[7, 3, 4, 6]
[7, 3, 4, 0]
[7, 3, 4, 5, 1]
[7, 3, 4, 5, 2]
[7, 3, 4, 5, 6]
[7, 3, 4, 5, 0]
[7, 3, 4, 5, 1, 2]
[7, 3, 4, 5, 1, 6]
0.5555555555555556 0.5789473684210527
itercount --------> 11
[7, 3, 5]
[7, 3, 4]
[7, 3, 6]
[7, 3, 1]
[7, 3, 2]
[7, 3, 0]
[7, 3, 5, 4]
[7, 3, 5, 6]
[7, 3, 5, 1]
[7, 3, 5, 2]
[7, 3, 5, 0]
[7, 3, 5, 4, 6]
[7, 3, 5, 4, 1]
[7, 3, 5, 4, 2]
[7, 3, 5, 4, 0]
[7, 3, 5, 4, 6, 1]
[7, 3, 5, 4, 6, 2]
[7, 3, 5, 4, 6, 0]
[7, 3, 5, 4, 6, 1, 2]
[7, 3, 5, 4, 6, 1, 0]
[7, 3, 5, 4, 6, 1, 2, 0]
failed -> 8 times
after fail n ======> 7
[6, 1, 2, 3, 5, 4, 0]
0.1282051282051282 0.23529411764705882
itercount --------> 1
[2, 3, 1]
0.23529411764705882 0.38095238095238093
itercount --------> 2
[3, 4, 5]
[3, 4, 6]
0.38095238095238093 0.4074074074074074
itercount --------> 3
[7, 3, 1]
0.4074074074074074 0.45
itercount --------> 4
[7, 5, 4]
[7, 5, 3]
[7, 5, 0]
[7, 5, 1]
0.45 0.45454545454545453
itercount --------> 5
[3, 7, 1]
[3, 7, 2]
[3, 7, 4]
[3, 7, 6]
[3, 7, 5]
[3, 7, 0]
[3, 7, 1, 2]
[3, 7, 1, 4]
[3, 7, 1, 6]
[3, 7, 1, 5]
[3, 7, 1, 0]
0.45454545454545453 0.47368421052631576
itercount --------> 6
[3, 7, 4]
[3, 7, 6]
[3, 7, 5]
[3, 7, 0]
[3, 7, 1]
[3, 7, 2]
[3, 7, 4, 6]
[3, 7, 4, 5]
[3, 7, 4, 0]
[3, 7, 4, 1]
[3, 7, 4, 2]
[3, 7, 4, 6, 5]
0.47368421052631576 0.5238095238095238
itercount --------> 7
[5, 7, 3]
0.5238095238095238 0.5769230769230769
itercount --------> 8
[5, 3, 4]
[5, 3, 6]
[5, 3, 0]
0.5769230769230769 0.7368421052631579
itercount --------> 9
[3, 4, 5]
[3, 4, 0]
[3, 4, 1]
[3, 4, 2]
[3, 4, 6]
[3, 4, 7]
[3, 4, 5, 0]
[3, 4, 5, 1]
[3, 4, 5, 2]
[3, 4, 5, 6]
[3, 4, 5, 7]
[3, 4, 5, 0, 1]
[3, 4, 5, 0, 2]
[3, 4, 5, 0, 6]
[3, 4, 5, 0, 7]
[3, 4, 5, 0, 1, 2]
[3, 4, 5, 0, 1, 6]
[3, 4, 5, 0, 1, 7]
[3, 4, 5, 0, 1, 2, 6]
[3, 4, 5, 0, 1, 2, 7]
[3, 4, 5, 0, 1, 2, 6, 7]
failed -> 9 times
after fail n ======> 8
[6, 1, 2, 3, 5, 4, 0, 7]
0.1282051282051282 0.1388888888888889
itercount --------> 1
[1, 2, 4]
0.1388888888888889 0.21428571428571427
itercount --------> 2
[1, 6, 5]
0.21428571428571427 0.2903225806451613
itercount --------> 3
[1, 5, 3]
0.2903225806451613 0.36
itercount --------> 4
[1, 2, 3]
[1, 2, 4]
[1, 2, 7]
[1, 2, 6]
[1, 2, 5]
[1, 2, 0]
0.36 0.4
itercount --------> 5
[1, 3, 4]
0.4 0.43478260869565216
itercount --------> 6
[3, 1, 4]
[3, 1, 7]
[3, 1, 6]
[3, 1, 5]
[3, 1, 0]
[3, 1, 2]
[3, 1, 4, 7]
[3, 1, 4, 6]
[3, 1, 4, 5]
0.43478260869565216 0.45454545454545453
itercount --------> 7
[3, 7, 1]
[3, 7, 4]
[3, 7, 5]
[3, 7, 6]
[3, 7, 0]
0.45454545454545453 0.48
itercount --------> 8
[1, 5, 2]
[1, 5, 4]
[1, 5, 7]
[1, 5, 3]
[1, 5, 0]
0.48 0.5238095238095238
itercount --------> 9
[1, 2, 0]
[1, 2, 5]
[1, 2, 7]
0.5238095238095238 0.55
itercount --------> 10
[7, 1, 2]
[7, 1, 3]
[7, 1, 5]
[7, 1, 0]
[7, 1, 4]
[7, 1, 6]
[7, 1, 2, 3]
0.55 0.6666666666666666
itercount --------> 11
[5, 1, 2]
[5, 1, 4]
[5, 1, 0]
[5, 1, 3]
0.6666666666666666 0.7368421052631579
itercount --------> 12
[3, 4, 5]
[3, 4, 0]
[3, 4, 1]
[3, 4, 2]
[3, 4, 6]
[3, 4, 7]
[3, 4, 5, 0]
[3, 4, 5, 1]
[3, 4, 5, 2]
[3, 4, 5, 6]
[3, 4, 5, 7]
[3, 4, 5, 0, 1]
[3, 4, 5, 0, 2]
[3, 4, 5, 0, 6]
[3, 4, 5, 0, 7]
[3, 4, 5, 0, 1, 2]
[3, 4, 5, 0, 1, 6]
[3, 4, 5, 0, 1, 7]
[3, 4, 5, 0, 1, 2, 6]
[3, 4, 5, 0, 1, 2, 7]
[3, 4, 5, 0, 1, 2, 6, 7]
failed -> 10 times
after fail n ======> 5
[6, 1, 2, 3, 5]
0.1282051282051282 0.21052631578947367
itercount --------> 1
[6, 3, 2]
0.21052631578947367 0.23529411764705882
itercount --------> 2
[6, 5, 1]
0.23529411764705882 0.23809523809523808
itercount --------> 3
[1, 6, 3]
0.23809523809523808 0.2631578947368421
itercount --------> 4
[6, 3, 4]
0.2631578947368421 0.2857142857142857
itercount --------> 5
[1, 3, 4]
0.2857142857142857 0.35
itercount --------> 6
[3, 4, 1]
[3, 4, 6]
[3, 4, 7]
[3, 4, 5]
[3, 4, 0]
[3, 4, 2]
[3, 4, 1, 6]
0.35 0.45454545454545453
itercount --------> 7
[7, 3, 1]
[7, 3, 5]
[7, 3, 6]
[7, 3, 4]
[7, 3, 2]
[7, 3, 0]
[7, 3, 1, 5]
[7, 3, 1, 6]
[7, 3, 1, 4]
[7, 3, 1, 2]
0.45454545454545453 0.5
itercount --------> 8
[3, 7, 4]
[3, 7, 6]
[3, 7, 5]
0.5 0.5238095238095238
itercount --------> 9
[1, 7, 5]
[1, 7, 3]
0.5238095238095238 0.6818181818181818
itercount --------> 10
[1, 5, 2]
[1, 5, 3]
[1, 5, 4]
[1, 5, 6]
0.6818181818181818 0.7272727272727273
itercount --------> 11
[5, 3, 1]
[5, 3, 2]
[5, 3, 4]
[5, 3, 6]
[5, 3, 7]
[5, 3, 0]
[5, 3, 1, 2]
0.7272727272727273 0.7619047619047619
itercount --------> 12
[5, 1, 2]
[5, 1, 3]
[5, 1, 4]
[5, 1, 6]
[5, 1, 7]
[5, 1, 0]
[5, 1, 2, 3]
[5, 1, 2, 4]
[5, 1, 2, 6]
[5, 1, 2, 7]
[5, 1, 2, 0]
[5, 1, 2, 3, 4]
[5, 1, 2, 3, 6]
[5, 1, 2, 3, 7]
[5, 1, 2, 3, 0]
[5, 1, 2, 3, 4, 6]
[5, 1, 2, 3, 4, 7]
[5, 1, 2, 3, 4, 0]
[5, 1, 2, 3, 4, 6, 7]
[5, 1, 2, 3, 4, 6, 0]
[5, 1, 2, 3, 4, 6, 7, 0]
failed -> 11 times
after fail n ======> 6
[6, 1, 2, 3, 5, 4]
0.1282051282051282 0.13043478260869565
itercount --------> 1
[2, 4, 3]
0.13043478260869565 0.14285714285714285
itercount --------> 2
[4, 6, 7]
0.14285714285714285 0.17391304347826086
itercount --------> 3
[2, 4, 3]
[2, 4, 6]
0.17391304347826086 0.20833333333333334
itercount --------> 4
[4, 2, 1]
0.20833333333333334 0.2608695652173913
itercount --------> 5
[2, 4, 6]
0.2608695652173913 0.2692307692307692
itercount --------> 6
[2, 4, 1]
0.2692307692307692 0.35
itercount --------> 7
[1, 2, 5]
[1, 2, 4]
[1, 2, 3]
[1, 2, 7]
0.35 0.42105263157894735
itercount --------> 8
[3, 4, 7]
[3, 4, 5]
[3, 4, 6]
[3, 4, 0]
[3, 4, 1]
[3, 4, 2]
[3, 4, 7, 5]
0.42105263157894735 0.5789473684210527
itercount --------> 9
[6, 7, 3]
[6, 7, 5]
[6, 7, 4]
[6, 7, 1]
[6, 7, 2]
[6, 7, 0]
[6, 7, 3, 5]
[6, 7, 3, 4]
[6, 7, 3, 1]
[6, 7, 3, 2]
[6, 7, 3, 0]
[6, 7, 3, 5, 4]
[6, 7, 3, 5, 1]
[6, 7, 3, 5, 2]
[6, 7, 3, 5, 0]
[6, 7, 3, 5, 4, 1]
[6, 7, 3, 5, 4, 2]
[6, 7, 3, 5, 4, 0]
[6, 7, 3, 5, 4, 1, 2]
[6, 7, 3, 5, 4, 1, 0]
[6, 7, 3, 5, 4, 1, 2, 0]
failed -> 12 times
after fail n ======> 7
[6, 1, 2, 3, 5, 4, 0]
0.1282051282051282 0.2
itercount --------> 1
[1, 6, 3]
[1, 6, 2]
0.2 0.21052631578947367
itercount --------> 2
[6, 3, 2]
0.21052631578947367 0.21739130434782608
itercount --------> 3
[1, 3, 6]
0.21739130434782608 0.2631578947368421
itercount --------> 4
[3, 6, 4]
[3, 6, 7]
0.2631578947368421 0.2857142857142857
itercount --------> 5
[1, 3, 4]
[1, 3, 2]
0.2857142857142857 0.3333333333333333
itercount --------> 6
[1, 2, 5]
[1, 2, 3]
0.3333333333333333 0.3888888888888889
itercount --------> 7
[1, 2, 5]
[1, 2, 6]
0.3888888888888889 0.45454545454545453
itercount --------> 8
[4, 3, 2]
[4, 3, 5]
0.45454545454545453 0.5
itercount --------> 9
[5, 4, 3]
[5, 4, 2]
[5, 4, 6]
[5, 4, 7]
[5, 4, 1]
[5, 4, 0]
0.5 0.55
itercount --------> 10
[2, 5, 3]
[2, 5, 1]
[2, 5, 4]
[2, 5, 6]
[2, 5, 0]
[2, 5, 7]
[2, 5, 3, 1]
0.55 0.6111111111111112
itercount --------> 11
[1, 2, 5]
[1, 2, 3]
[1, 2, 4]
[1, 2, 6]
[1, 2, 7]
[1, 2, 0]
0.6111111111111112 0.6470588235294118
itercount --------> 12
[1, 2, 5]
[1, 2, 0]
[1, 2, 3]
[1, 2, 4]
[1, 2, 6]
[1, 2, 7]
[1, 2, 5, 0]
[1, 2, 5, 3]
[1, 2, 5, 4]
[1, 2, 5, 6]
[1, 2, 5, 7]
[1, 2, 5, 0, 3]
[1, 2, 5, 0, 4]
[1, 2, 5, 0, 6]
[1, 2, 5, 0, 7]
[1, 2, 5, 0, 3, 4]
0.6470588235294118 0.7368421052631579
itercount --------> 13
[3, 4, 5]
[3, 4, 0]
[3, 4, 1]
[3, 4, 2]
[3, 4, 6]
[3, 4, 7]
[3, 4, 5, 0]
[3, 4, 5, 1]
[3, 4, 5, 2]
[3, 4, 5, 6]
[3, 4, 5, 7]
[3, 4, 5, 0, 1]
[3, 4, 5, 0, 2]
[3, 4, 5, 0, 6]
[3, 4, 5, 0, 7]
[3, 4, 5, 0, 1, 2]
[3, 4, 5, 0, 1, 6]
[3, 4, 5, 0, 1, 7]
[3, 4, 5, 0, 1, 2, 6]
[3, 4, 5, 0, 1, 2, 7]
[3, 4, 5, 0, 1, 2, 6, 7]
failed -> 13 times
after fail n ======> 8
[6, 1, 2, 3, 5, 4, 0, 7]
0.1282051282051282 0.15384615384615385
itercount --------> 1
[6, 1, 3]
0.15384615384615385 0.21052631578947367
itercount --------> 2
[6, 5, 3]
0.21052631578947367 0.2222222222222222
itercount --------> 3
[6, 3, 4]
[6, 3, 7]
[6, 3, 5]
0.2222222222222222 0.23529411764705882
itercount --------> 4
[6, 5, 1]
[6, 5, 2]
[6, 5, 0]
[6, 5, 3]
[6, 5, 7]
[6, 5, 4]
[6, 5, 1, 2]
[6, 5, 1, 0]
[6, 5, 1, 3]
[6, 5, 1, 7]
[6, 5, 1, 4]
[6, 5, 1, 2, 0]
[6, 5, 1, 2, 3]
[6, 5, 1, 2, 7]
[6, 5, 1, 2, 4]
[6, 5, 1, 2, 0, 3]
[6, 5, 1, 2, 0, 7]
[6, 5, 1, 2, 0, 4]
[6, 5, 1, 2, 0, 3, 7]
0.23529411764705882 0.23809523809523808
itercount --------> 5
[6, 5, 3]
0.23809523809523808 0.2631578947368421
itercount --------> 6
[6, 4, 3]
0.2631578947368421 0.30434782608695654
itercount --------> 7
[1, 5, 6]
[1, 5, 4]
0.30434782608695654 0.3157894736842105
itercount --------> 8
[1, 5, 6]
0.3157894736842105 0.5769230769230769
itercount --------> 9
[1, 5, 2]
0.5769230769230769 0.6363636363636364
itercount --------> 10
[1, 5, 4]
[1, 5, 0]
0.6363636363636364 0.7368421052631579
itercount --------> 11
[3, 4, 5]
[3, 4, 0]
[3, 4, 1]
[3, 4, 2]
[3, 4, 6]
[3, 4, 7]
[3, 4, 5, 0]
[3, 4, 5, 1]
[3, 4, 5, 2]
[3, 4, 5, 6]
[3, 4, 5, 7]
[3, 4, 5, 0, 1]
[3, 4, 5, 0, 2]
[3, 4, 5, 0, 6]
[3, 4, 5, 0, 7]
[3, 4, 5, 0, 1, 2]
[3, 4, 5, 0, 1, 6]
0.7368421052631579 0.75
itercount --------> 12
[4, 0, 3]
[4, 0, 5]
0.75 0.7894736842105263
itercount --------> 13
[0, 3, 4]
[0, 3, 1]
[0, 3, 2]
[0, 3, 5]
[0, 3, 6]
[0, 3, 7]
[0, 3, 4, 1]
[0, 3, 4, 2]
[0, 3, 4, 5]
[0, 3, 4, 6]
[0, 3, 4, 7]
[0, 3, 4, 1, 2]
[0, 3, 4, 1, 5]
[0, 3, 4, 1, 6]
[0, 3, 4, 1, 7]
[0, 3, 4, 1, 2, 5]
[0, 3, 4, 1, 2, 6]
[0, 3, 4, 1, 2, 7]
[0, 3, 4, 1, 2, 5, 6]
[0, 3, 4, 1, 2, 5, 7]
[0, 3, 4, 1, 2, 5, 6, 7]
failed -> 14 times
after fail n ======> 5
[6, 1, 2, 3, 5]
0.1282051282051282 0.2
itercount --------> 1
[2, 6, 3]
0.2 0.21052631578947367
itercount --------> 2
[6, 3, 4]
[6, 3, 7]
[6, 3, 1]
[6, 3, 5]
0.21052631578947367 0.23529411764705882
itercount --------> 3
[6, 5, 1]
[6, 5, 2]
[6, 5, 0]
[6, 5, 3]
[6, 5, 7]
[6, 5, 4]
[6, 5, 1, 2]
[6, 5, 1, 0]
[6, 5, 1, 3]
[6, 5, 1, 7]
[6, 5, 1, 4]
[6, 5, 1, 2, 0]
[6, 5, 1, 2, 3]
[6, 5, 1, 2, 7]
[6, 5, 1, 2, 4]
[6, 5, 1, 2, 0, 3]
[6, 5, 1, 2, 0, 7]
[6, 5, 1, 2, 0, 4]
[6, 5, 1, 2, 0, 3, 7]
0.23529411764705882 0.23809523809523808
itercount --------> 4
[6, 1, 3]
[6, 1, 4]
0.23809523809523808 0.2777777777777778
itercount --------> 5
[6, 3, 4]
0.2777777777777778 0.3157894736842105
itercount --------> 6
[1, 2, 5]
[1, 2, 6]
[1, 2, 0]
[1, 2, 3]
[1, 2, 4]
[1, 2, 7]
[1, 2, 5, 6]
[1, 2, 5, 0]
0.3157894736842105 0.3333333333333333
itercount --------> 7
[1, 2, 5]
[1, 2, 0]
[1, 2, 6]
[1, 2, 4]
[1, 2, 7]
[1, 2, 3]
[1, 2, 5, 0]
[1, 2, 5, 6]
[1, 2, 5, 4]
[1, 2, 5, 7]
[1, 2, 5, 3]
[1, 2, 5, 0, 6]
[1, 2, 5, 0, 4]
[1, 2, 5, 0, 7]
[1, 2, 5, 0, 3]
0.3333333333333333 0.35294117647058826
itercount --------> 8
[1, 2, 5]
[1, 2, 0]
[1, 2, 6]
[1, 2, 3]
[1, 2, 4]
[1, 2, 7]
[1, 2, 5, 0]
[1, 2, 5, 6]
[1, 2, 5, 3]
[1, 2, 5, 4]
[1, 2, 5, 7]
[1, 2, 5, 0, 6]
[1, 2, 5, 0, 3]
[1, 2, 5, 0, 4]
[1, 2, 5, 0, 7]
[1, 2, 5, 0, 6, 3]
[1, 2, 5, 0, 6, 4]
[1, 2, 5, 0, 6, 7]
[1, 2, 5, 0, 6, 3, 4]
0.35294117647058826 0.3888888888888889
itercount --------> 9
[6, 3, 4]
[6, 3, 5]
[6, 3, 7]
[6, 3, 0]
[6, 3, 1]
[6, 3, 2]
[6, 3, 4, 5]
[6, 3, 4, 7]
[6, 3, 4, 0]
[6, 3, 4, 1]
[6, 3, 4, 2]
[6, 3, 4, 5, 7]
[6, 3, 4, 5, 0]
[6, 3, 4, 5, 1]
[6, 3, 4, 5, 2]
[6, 3, 4, 5, 7, 0]
[6, 3, 4, 5, 7, 1]
[6, 3, 4, 5, 7, 2]
[6, 3, 4, 5, 7, 0, 1]
[6, 3, 4, 5, 7, 0, 2]
[6, 3, 4, 5, 7, 0, 1, 2]
failed -> 15 times
after fail n ======> 6
[6, 1, 2, 3, 5, 4]
0.1282051282051282 0.1320754716981132
itercount --------> 1
[1, 2, 5]
0.1320754716981132 0.1875
itercount --------> 2
[1, 2, 3]
0.1875 0.2857142857142857
itercount --------> 3
[3, 4, 6]
[3, 4, 7]
0.2857142857142857 0.36363636363636365
itercount --------> 4
[3, 4, 6]
[3, 4, 7]
[3, 4, 1]
[3, 4, 2]
[3, 4, 5]
[3, 4, 0]
[3, 4, 6, 7]
[3, 4, 6, 1]
[3, 4, 6, 2]
[3, 4, 6, 5]
[3, 4, 6, 0]
[3, 4, 6, 7, 1]
0.36363636363636365 0.3684210526315789
itercount --------> 5
[1, 2, 5]
[1, 2, 6]
0.3684210526315789 0.3888888888888889
itercount --------> 6
[6, 3, 7]
[6, 3, 4]
[6, 3, 5]
0.3888888888888889 0.4117647058823529
itercount --------> 7
[0, 1, 2]
[0, 1, 5]
[0, 1, 7]
0.4117647058823529 0.45454545454545453
itercount --------> 8
[4, 0, 3]
[4, 0, 5]
0.45454545454545453 0.47368421052631576
itercount --------> 9
[4, 3, 6]
[4, 3, 7]
0.47368421052631576 0.5555555555555556
itercount --------> 10
[7, 6, 3]
[7, 6, 4]
[7, 6, 5]
[7, 6, 0]
[7, 6, 1]
[7, 6, 2]
[7, 6, 3, 4]
[7, 6, 3, 5]
[7, 6, 3, 0]
[7, 6, 3, 1]
[7, 6, 3, 2]
[7, 6, 3, 4, 5]
[7, 6, 3, 4, 0]
[7, 6, 3, 4, 1]
[7, 6, 3, 4, 2]
[7, 6, 3, 4, 5, 0]
[7, 6, 3, 4, 5, 1]
[7, 6, 3, 4, 5, 2]
[7, 6, 3, 4, 5, 0, 1]
[7, 6, 3, 4, 5, 0, 2]
[7, 6, 3, 4, 5, 0, 1, 2]
failed -> 16 times
after fail n ======> 7
[6, 1, 2, 3, 5, 4, 0]
0.1282051282051282 0.22580645161290322
itercount --------> 1
[1, 2, 3]
0.22580645161290322 0.2692307692307692
itercount --------> 2
[3, 5, 4]
[3, 5, 6]
0.2692307692307692 0.36363636363636365
itercount --------> 3
[3, 4, 5]
[3, 4, 6]
[3, 4, 7]
[3, 4, 1]
0.36363636363636365 0.38095238095238093
itercount --------> 4
[3, 4, 5]
[3, 4, 6]
[3, 4, 7]
[3, 4, 1]
[3, 4, 2]
[3, 4, 0]
0.38095238095238093 0.38461538461538464
itercount --------> 5
[3, 4, 6]
[3, 4, 7]
[3, 4, 1]
[3, 4, 2]
[3, 4, 5]
[3, 4, 0]
[3, 4, 6, 7]
[3, 4, 6, 1]
[3, 4, 6, 2]
[3, 4, 6, 5]
[3, 4, 6, 0]
[3, 4, 6, 7, 1]
[3, 4, 6, 7, 2]
[3, 4, 6, 7, 5]
[3, 4, 6, 7, 0]
[3, 4, 6, 7, 1, 2]
[3, 4, 6, 7, 1, 5]
0.38461538461538464 0.391304347826087
itercount --------> 6
[3, 4, 6]
[3, 4, 7]
[3, 4, 1]
[3, 4, 2]
[3, 4, 5]
0.391304347826087 0.4
itercount --------> 7
[3, 4, 1]
0.4 0.4090909090909091
itercount --------> 8
[3, 4, 6]
[3, 4, 7]
[3, 4, 1]
[3, 4, 2]
[3, 4, 5]
[3, 4, 0]
0.4090909090909091 0.42105263157894735
itercount --------> 9
[3, 4, 1]
[3, 4, 2]
[3, 4, 5]
[3, 4, 6]
0.42105263157894735 0.45454545454545453
itercount --------> 10
[3, 7, 1]
[3, 7, 2]
[3, 7, 4]
[3, 7, 6]
[3, 7, 5]
[3, 7, 0]
[3, 7, 1, 2]
[3, 7, 1, 4]
[3, 7, 1, 6]
[3, 7, 1, 5]
0.45454545454545453 0.4782608695652174
itercount --------> 11
[3, 7, 1]
[3, 7, 2]
[3, 7, 4]
[3, 7, 6]
[3, 7, 5]
[3, 7, 0]
[3, 7, 1, 2]
[3, 7, 1, 4]
0.4782608695652174 0.5263157894736842
itercount --------> 12
[3, 4, 6]
[3, 4, 7]
[3, 4, 0]
[3, 4, 1]
[3, 4, 2]
[3, 4, 5]
[3, 4, 6, 7]
[3, 4, 6, 0]
0.5263157894736842 0.55
itercount --------> 13
[3, 6, 4]
[3, 6, 7]
[3, 6, 1]
[3, 6, 2]
[3, 6, 5]
[3, 6, 0]
[3, 6, 4, 7]
[3, 6, 4, 1]
[3, 6, 4, 2]
[3, 6, 4, 5]
[3, 6, 4, 0]
[3, 6, 4, 7, 1]
[3, 6, 4, 7, 2]
[3, 6, 4, 7, 5]
[3, 6, 4, 7, 0]
[3, 6, 4, 7, 1, 2]
[3, 6, 4, 7, 1, 5]
[3, 6, 4, 7, 1, 0]
[3, 6, 4, 7, 1, 2, 5]
[3, 6, 4, 7, 1, 2, 0]
[3, 6, 4, 7, 1, 2, 5, 0]
failed -> 17 times
after fail n ======> 8
[6, 1, 2, 3, 5, 4, 0, 7]
0.1282051282051282 0.13513513513513514
itercount --------> 1
[2, 6, 1]
[2, 6, 3]
0.13513513513513514 0.15151515151515152
itercount --------> 2
[2, 1, 6]
0.15151515151515152 0.16
itercount --------> 3
[2, 6, 3]
[2, 6, 1]
0.16 0.29411764705882354
itercount --------> 4
[2, 1, 5]
0.29411764705882354 0.36
itercount --------> 5
[1, 2, 7]
[1, 2, 3]
[1, 2, 5]
0.36 0.45
itercount --------> 6
[1, 2, 3]
[1, 2, 7]
[1, 2, 4]
[1, 2, 5]
[1, 2, 6]
[1, 2, 0]
[1, 2, 3, 7]
0.45 0.46153846153846156
itercount --------> 7
[1, 2, 3]
[1, 2, 5]
[1, 2, 4]
[1, 2, 6]
[1, 2, 0]
0.46153846153846156 0.4782608695652174
itercount --------> 8
[1, 3, 5]
0.4782608695652174 0.5
itercount --------> 9
[1, 3, 5]
[1, 3, 2]
[1, 3, 7]
0.5 0.5714285714285714
itercount --------> 10
[1, 3, 5]
[1, 3, 2]
[1, 3, 4]
[1, 3, 0]
0.5714285714285714 0.6666666666666666
itercount --------> 11
[1, 2, 5]
[1, 2, 3]
[1, 2, 4]
[1, 2, 0]
[1, 2, 6]
[1, 2, 7]
[1, 2, 5, 3]
[1, 2, 5, 4]
[1, 2, 5, 0]
0.6666666666666666 0.7058823529411765
itercount --------> 12
[1, 2, 3]
[1, 2, 5]
[1, 2, 0]
[1, 2, 4]
[1, 2, 6]
[1, 2, 7]
[1, 2, 3, 5]
[1, 2, 3, 0]
[1, 2, 3, 4]
[1, 2, 3, 6]
[1, 2, 3, 7]
[1, 2, 3, 5, 0]
[1, 2, 3, 5, 4]
[1, 2, 3, 5, 6]
[1, 2, 3, 5, 7]
[1, 2, 3, 5, 0, 4]
[1, 2, 3, 5, 0, 6]
[1, 2, 3, 5, 0, 7]
[1, 2, 3, 5, 0, 4, 6]
[1, 2, 3, 5, 0, 4, 7]
[1, 2, 3, 5, 0, 4, 6, 7]
failed -> 18 times
after fail n ======> 5
[6, 1, 2, 3, 5]
0.1282051282051282 0.15384615384615385
itercount --------> 1
[6, 3, 5]
0.15384615384615385 0.18518518518518517
itercount --------> 2
[1, 2, 3]
0.18518518518518517 0.23529411764705882
itercount --------> 3
[1, 3, 2]
[1, 3, 4]
0.23529411764705882 0.3076923076923077
itercount --------> 4
[4, 3, 1]
[4, 3, 2]
[4, 3, 6]
[4, 3, 7]
[4, 3, 5]
[4, 3, 0]
[4, 3, 1, 2]
0.3076923076923077 0.3181818181818182
itercount --------> 5
[1, 5, 4]
0.3181818181818182 0.36363636363636365
itercount --------> 6
[3, 4, 5]
[3, 4, 6]
[3, 4, 7]
[3, 4, 1]
0.36363636363636365 0.38095238095238093
itercount --------> 7
[3, 4, 5]
[3, 4, 6]
0.38095238095238093 0.4074074074074074
itercount --------> 8
[7, 3, 1]
0.4074074074074074 0.45
itercount --------> 9
[7, 5, 4]
[7, 5, 3]
[7, 5, 0]
[7, 5, 1]
[7, 5, 2]
0.45 0.5238095238095238
itercount --------> 10
[3, 7, 4]
[3, 7, 5]
[3, 7, 6]
[3, 7, 1]
[3, 7, 2]
[3, 7, 0]
[3, 7, 4, 5]
0.5238095238095238 0.5263157894736842
itercount --------> 11
[3, 4, 6]
[3, 4, 7]
[3, 4, 0]
[3, 4, 1]
[3, 4, 2]
[3, 4, 5]
[3, 4, 6, 7]
[3, 4, 6, 0]
[3, 4, 6, 1]
[3, 4, 6, 2]
0.5263157894736842 0.5789473684210527
itercount --------> 12
[4, 6, 3]
[4, 6, 7]
[4, 6, 0]
[4, 6, 1]
[4, 6, 2]
[4, 6, 5]
[4, 6, 3, 7]
[4, 6, 3, 0]
[4, 6, 3, 1]
[4, 6, 3, 2]
[4, 6, 3, 5]
[4, 6, 3, 7, 0]
[4, 6, 3, 7, 1]
[4, 6, 3, 7, 2]
[4, 6, 3, 7, 5]
[4, 6, 3, 7, 0, 1]
[4, 6, 3, 7, 0, 2]
[4, 6, 3, 7, 0, 5]
[4, 6, 3, 7, 0, 1, 2]
[4, 6, 3, 7, 0, 1, 5]
[4, 6, 3, 7, 0, 1, 2, 5]
failed -> 19 times
after fail n ======> 6
[6, 1, 2, 3, 5, 4]
0.1282051282051282 0.1320754716981132
itercount --------> 1
[1, 2, 3]
0.1320754716981132 0.19047619047619047
itercount --------> 2
[1, 3, 5]
0.19047619047619047 0.25
itercount --------> 3
[3, 5, 2]
0.25 0.32142857142857145
itercount --------> 4
[4, 3, 5]
[4, 3, 2]
[4, 3, 1]
[4, 3, 7]
[4, 3, 6]
[4, 3, 0]
[4, 3, 5, 2]
0.32142857142857145 0.4090909090909091
itercount --------> 5
[3, 4, 1]
[3, 4, 2]
[3, 4, 5]
[3, 4, 7]
[3, 4, 6]
[3, 4, 0]
[3, 4, 1, 2]
0.4090909090909091 0.45
itercount --------> 6
[3, 4, 7]
[3, 4, 5]
[3, 4, 1]
[3, 4, 2]
[3, 4, 6]
[3, 4, 0]
[3, 4, 7, 5]
0.45 0.6818181818181818
itercount --------> 7
[1, 2, 5]
[1, 2, 3]
[1, 2, 4]
[1, 2, 6]
[1, 2, 7]
[1, 2, 0]
0.6818181818181818 0.7368421052631579
itercount --------> 8
[3, 4, 5]
[3, 4, 0]
[3, 4, 1]
[3, 4, 2]
[3, 4, 6]
[3, 4, 7]
[3, 4, 5, 0]
[3, 4, 5, 1]
[3, 4, 5, 2]
[3, 4, 5, 6]
[3, 4, 5, 7]
[3, 4, 5, 0, 1]
0.7368421052631579 0.7894736842105263
itercount --------> 9
[3, 5, 4]
[3, 5, 1]
[3, 5, 2]
[3, 5, 6]
[3, 5, 7]
[3, 5, 0]
[3, 5, 4, 1]
[3, 5, 4, 2]
[3, 5, 4, 6]
[3, 5, 4, 7]
[3, 5, 4, 0]
[3, 5, 4, 1, 2]
[3, 5, 4, 1, 6]
[3, 5, 4, 1, 7]
[3, 5, 4, 1, 0]
[3, 5, 4, 1, 2, 6]
[3, 5, 4, 1, 2, 7]
0.7894736842105263 0.8
itercount --------> 10
[3, 4, 5]
[3, 4, 1]
[3, 4, 2]
[3, 4, 6]
[3, 4, 7]
[3, 4, 0]
[3, 4, 5, 1]
[3, 4, 5, 2]
[3, 4, 5, 6]
[3, 4, 5, 7]
[3, 4, 5, 0]
[3, 4, 5, 1, 2]
[3, 4, 5, 1, 6]
[3, 4, 5, 1, 7]
[3, 4, 5, 1, 0]
[3, 4, 5, 1, 2, 6]
[3, 4, 5, 1, 2, 7]
[3, 4, 5, 1, 2, 0]
[3, 4, 5, 1, 2, 6, 7]
[3, 4, 5, 1, 2, 6, 0]
[3, 4, 5, 1, 2, 6, 7, 0]
failed -> 20 times
after fail n ======> 7
[6, 1, 2, 3, 5, 4, 0]
0.1282051282051282 0.15384615384615385
itercount --------> 1
[6, 2, 3]
0.15384615384615385 0.2
itercount --------> 2
[1, 3, 6]
0.2 0.23809523809523808
itercount --------> 3
[6, 4, 3]
[6, 4, 7]
0.23809523809523808 0.24
itercount --------> 4
[6, 2, 5]
0.24 0.25
itercount --------> 5
[2, 6, 5]
0.25 0.3333333333333333
itercount --------> 6
[5, 3, 4]
0.3333333333333333 0.34375
itercount --------> 7
[5, 1, 3]
0.34375 0.3793103448275862
itercount --------> 8
[1, 3, 6]
[1, 3, 4]
[1, 3, 2]
0.3793103448275862 0.5238095238095238
itercount --------> 9
[3, 6, 4]
[3, 6, 5]
[3, 6, 7]
[3, 6, 1]
[3, 6, 2]
[3, 6, 0]
[3, 6, 4, 5]
[3, 6, 4, 7]
[3, 6, 4, 1]
[3, 6, 4, 2]
[3, 6, 4, 0]
0.5238095238095238 0.55
itercount --------> 10
[6, 5, 3]
[6, 5, 4]
[6, 5, 1]
0.55 0.5555555555555556
itercount --------> 11
[6, 3, 4]
[6, 3, 5]
[6, 3, 1]
[6, 3, 2]
[6, 3, 7]
[6, 3, 0]
[6, 3, 4, 5]
[6, 3, 4, 1]
[6, 3, 4, 2]
[6, 3, 4, 7]
[6, 3, 4, 0]
[6, 3, 4, 5, 1]
[6, 3, 4, 5, 2]
[6, 3, 4, 5, 7]
[6, 3, 4, 5, 0]
[6, 3, 4, 5, 1, 2]
[6, 3, 4, 5, 1, 7]
[6, 3, 4, 5, 1, 0]
[6, 3, 4, 5, 1, 2, 7]
[6, 3, 4, 5, 1, 2, 0]
[6, 3, 4, 5, 1, 2, 7, 0]
0.5555555555555556 0.5789473684210527
itercount --------> 12
[6, 3, 5]
[6, 3, 4]
[6, 3, 7]
[6, 3, 1]
[6, 3, 2]
[6, 3, 0]
[6, 3, 5, 4]
[6, 3, 5, 7]
[6, 3, 5, 1]
[6, 3, 5, 2]
[6, 3, 5, 0]
[6, 3, 5, 4, 7]
[6, 3, 5, 4, 1]
[6, 3, 5, 4, 2]
[6, 3, 5, 4, 0]
[6, 3, 5, 4, 7, 1]
[6, 3, 5, 4, 7, 2]
0.5789473684210527 0.6111111111111112
itercount --------> 13
[6, 3, 4]
[6, 3, 1]
[6, 3, 2]
[6, 3, 5]
[6, 3, 7]
[6, 3, 0]
[6, 3, 4, 1]
[6, 3, 4, 2]
[6, 3, 4, 5]
[6, 3, 4, 7]
[6, 3, 4, 0]
[6, 3, 4, 1, 2]
[6, 3, 4, 1, 5]
[6, 3, 4, 1, 7]
[6, 3, 4, 1, 0]
[6, 3, 4, 1, 2, 5]
[6, 3, 4, 1, 2, 7]
[6, 3, 4, 1, 2, 0]
[6, 3, 4, 1, 2, 5, 7]
[6, 3, 4, 1, 2, 5, 0]
[6, 3, 4, 1, 2, 5, 7, 0]
failed -> 21 times
after fail n ======> 8
[6, 1, 2, 3, 5, 4, 0, 7]
0.1282051282051282 0.1388888888888889
itercount --------> 1
[1, 2, 4]
0.1388888888888889 0.20833333333333334
itercount --------> 2
[1, 2, 6]
0.20833333333333334 0.27586206896551724
itercount --------> 3
[1, 4, 2]
0.27586206896551724 0.2903225806451613
itercount --------> 4
[1, 5, 3]
0.2903225806451613 0.3181818181818182
itercount --------> 5
[1, 4, 2]
0.3181818181818182 0.42857142857142855
itercount --------> 6
[3, 4, 1]
[3, 4, 7]
[3, 4, 6]
[3, 4, 5]
[3, 4, 2]
[3, 4, 0]
[3, 4, 1, 7]
0.42857142857142855 0.5357142857142857
itercount --------> 7
[1, 2, 5]
0.5357142857142857 0.6521739130434783
itercount --------> 8
[1, 2, 3]
[1, 2, 5]
[1, 2, 4]
[1, 2, 6]
0.6521739130434783 0.6818181818181818
itercount --------> 9
[1, 2, 5]
[1, 2, 3]
[1, 2, 4]
[1, 2, 6]
[1, 2, 7]
[1, 2, 0]
[1, 2, 5, 3]
[1, 2, 5, 4]
[1, 2, 5, 6]
[1, 2, 5, 7]
[1, 2, 5, 0]
0.6818181818181818 0.7368421052631579
itercount --------> 10
[3, 4, 5]
[3, 4, 0]
[3, 4, 1]
[3, 4, 2]
[3, 4, 6]
[3, 4, 7]
[3, 4, 5, 0]
[3, 4, 5, 1]
[3, 4, 5, 2]
[3, 4, 5, 6]
[3, 4, 5, 7]
[3, 4, 5, 0, 1]
[3, 4, 5, 0, 2]
0.7368421052631579 0.7894736842105263
itercount --------> 11
[3, 5, 4]
[3, 5, 1]
[3, 5, 2]
[3, 5, 6]
[3, 5, 7]
[3, 5, 0]
[3, 5, 4, 1]
[3, 5, 4, 2]
[3, 5, 4, 6]
[3, 5, 4, 7]
[3, 5, 4, 0]
[3, 5, 4, 1, 2]
[3, 5, 4, 1, 6]
[3, 5, 4, 1, 7]
[3, 5, 4, 1, 0]
[3, 5, 4, 1, 2, 6]
[3, 5, 4, 1, 2, 7]
[3, 5, 4, 1, 2, 0]
[3, 5, 4, 1, 2, 6, 7]
[3, 5, 4, 1, 2, 6, 0]
[3, 5, 4, 1, 2, 6, 7, 0]
failed -> 22 times
after fail n ======> 5
[6, 1, 2, 3, 5]
0.1282051282051282 0.16129032258064516
itercount --------> 1
[2, 6, 3]
[2, 6, 4]
0.16129032258064516 0.22580645161290322
itercount --------> 2
[4, 3, 2]
[4, 3, 1]
[4, 3, 5]
[4, 3, 7]
[4, 3, 6]
[4, 3, 0]
[4, 3, 2, 1]
0.22580645161290322 0.24
itercount --------> 3
[3, 4, 2]
0.24 0.30434782608695654
itercount --------> 4
[4, 3, 7]
[4, 3, 5]
[4, 3, 6]
[4, 3, 1]
[4, 3, 2]
[4, 3, 0]
[4, 3, 7, 5]
0.30434782608695654 0.3333333333333333
itercount --------> 5
[5, 4, 6]
[5, 4, 3]
[5, 4, 7]
[5, 4, 1]
0.3333333333333333 0.5
itercount --------> 6
[4, 6, 3]
[4, 6, 7]
[4, 6, 1]
[4, 6, 2]
[4, 6, 5]
[4, 6, 0]
[4, 6, 3, 7]
[4, 6, 3, 1]
[4, 6, 3, 2]
[4, 6, 3, 5]
[4, 6, 3, 0]
[4, 6, 3, 7, 1]
[4, 6, 3, 7, 2]
[4, 6, 3, 7, 5]
[4, 6, 3, 7, 0]
[4, 6, 3, 7, 1, 2]
[4, 6, 3, 7, 1, 5]
[4, 6, 3, 7, 1, 0]
[4, 6, 3, 7, 1, 2, 5]
[4, 6, 3, 7, 1, 2, 0]
[4, 6, 3, 7, 1, 2, 5, 0]
failed -> 23 times
after fail n ======> 6
[6, 1, 2, 3, 5, 4]
0.1282051282051282 0.16129032258064516
itercount --------> 1
[2, 3, 4]
0.16129032258064516 0.23333333333333334
itercount --------> 2
[2, 3, 4]
[2, 3, 1]
0.23333333333333334 0.32142857142857145
itercount --------> 3
[4, 3, 2]
[4, 3, 5]
[4, 3, 7]
[4, 3, 1]
[4, 3, 6]
[4, 3, 0]
[4, 3, 2, 5]
0.32142857142857145 0.4090909090909091
itercount --------> 4
[3, 4, 2]
[3, 4, 7]
[3, 4, 5]
[3, 4, 1]
[3, 4, 6]
[3, 4, 0]
[3, 4, 2, 7]
[3, 4, 2, 5]
[3, 4, 2, 1]
[3, 4, 2, 6]
0.4090909090909091 0.42105263157894735
itercount --------> 5
[3, 4, 1]
[3, 4, 2]
[3, 4, 5]
0.42105263157894735 0.42857142857142855
itercount --------> 6
[3, 4, 6]
[3, 4, 7]
[3, 4, 5]
[3, 4, 1]
[3, 4, 2]
[3, 4, 0]
[3, 4, 6, 7]
[3, 4, 6, 5]
[3, 4, 6, 1]
[3, 4, 6, 2]
[3, 4, 6, 0]
[3, 4, 6, 7, 5]
[3, 4, 6, 7, 1]
0.42857142857142855 0.46875
itercount --------> 7
[1, 5, 4]
0.46875 0.6818181818181818
itercount --------> 8
[1, 2, 5]
[1, 2, 4]
[1, 2, 3]
[1, 2, 6]
[1, 2, 7]
[1, 2, 0]
0.6818181818181818 0.7368421052631579
itercount --------> 9
[3, 4, 5]
[3, 4, 0]
[3, 4, 1]
[3, 4, 2]
[3, 4, 6]
[3, 4, 7]
[3, 4, 5, 0]
[3, 4, 5, 1]
[3, 4, 5, 2]
[3, 4, 5, 6]
[3, 4, 5, 7]
[3, 4, 5, 0, 1]
[3, 4, 5, 0, 2]
[3, 4, 5, 0, 6]
[3, 4, 5, 0, 7]
[3, 4, 5, 0, 1, 2]
0.7368421052631579 0.7894736842105263
itercount --------> 10
[3, 5, 4]
[3, 5, 1]
[3, 5, 2]
[3, 5, 6]
[3, 5, 7]
[3, 5, 0]
[3, 5, 4, 1]
[3, 5, 4, 2]
[3, 5, 4, 6]
[3, 5, 4, 7]
[3, 5, 4, 0]
[3, 5, 4, 1, 2]
[3, 5, 4, 1, 6]
[3, 5, 4, 1, 7]
[3, 5, 4, 1, 0]
[3, 5, 4, 1, 2, 6]
[3, 5, 4, 1, 2, 7]
[3, 5, 4, 1, 2, 0]
[3, 5, 4, 1, 2, 6, 7]
[3, 5, 4, 1, 2, 6, 0]
[3, 5, 4, 1, 2, 6, 7, 0]
failed -> 24 times
after fail n ======> 7
[6, 1, 2, 3, 5, 4, 0]
0.1282051282051282 0.13513513513513514
itercount --------> 1
[1, 6, 2]
0.13513513513513514 0.16
itercount --------> 2
[1, 6, 3]
0.16 0.21739130434782608
itercount --------> 3
[2, 1, 3]
0.21739130434782608 0.25
itercount --------> 4
[6, 5, 1]
[6, 5, 4]
0.25 0.3
itercount --------> 5
[3, 4, 6]
0.3 0.3157894736842105
itercount --------> 6
[6, 3, 4]
[6, 3, 7]
0.3157894736842105 0.35
itercount --------> 7
[1, 3, 6]
[1, 3, 4]
[1, 3, 7]
0.35 0.4
itercount --------> 8
[3, 1, 6]
[3, 1, 4]
[3, 1, 7]
[3, 1, 2]
[3, 1, 0]
0.4 0.4117647058823529
itercount --------> 9
[3, 5, 0]
[3, 5, 1]
[3, 5, 2]
[3, 5, 6]
[3, 5, 7]
[3, 5, 4]
[3, 5, 0, 1]
[3, 5, 0, 2]
0.4117647058823529 0.4444444444444444
itercount --------> 10
[3, 0, 1]
0.4444444444444444 0.45
itercount --------> 11
[3, 0, 4]
[3, 0, 6]
[3, 0, 7]
[3, 0, 5]
[3, 0, 1]
[3, 0, 2]
0.45 0.47058823529411764
itercount --------> 12
[3, 0, 5]
[3, 0, 1]
[3, 0, 2]
[3, 0, 6]
[3, 0, 7]
[3, 0, 4]
[3, 0, 5, 1]
[3, 0, 5, 2]
[3, 0, 5, 6]
[3, 0, 5, 7]
[3, 0, 5, 4]
[3, 0, 5, 1, 2]
[3, 0, 5, 1, 6]
[3, 0, 5, 1, 7]
0.47058823529411764 0.47368421052631576
itercount --------> 13
[6, 3, 5]
[6, 3, 4]
[6, 3, 7]
[6, 3, 0]
[6, 3, 1]
[6, 3, 2]
[6, 3, 5, 4]
0.47368421052631576 0.5454545454545454
itercount --------> 14
[5, 7, 6]
[5, 7, 3]
[5, 7, 4]
[5, 7, 0]
[5, 7, 1]
0.5454545454545454 0.6111111111111112
itercount --------> 15
[7, 6, 3]
[7, 6, 4]
[7, 6, 5]
[7, 6, 0]
[7, 6, 1]
[7, 6, 2]
[7, 6, 3, 4]
[7, 6, 3, 5]
[7, 6, 3, 0]
[7, 6, 3, 1]
[7, 6, 3, 2]
[7, 6, 3, 4, 5]
[7, 6, 3, 4, 0]
[7, 6, 3, 4, 1]
[7, 6, 3, 4, 2]
[7, 6, 3, 4, 5, 0]
[7, 6, 3, 4, 5, 1]
[7, 6, 3, 4, 5, 2]
[7, 6, 3, 4, 5, 0, 1]
[7, 6, 3, 4, 5, 0, 2]
[7, 6, 3, 4, 5, 0, 1, 2]
0.6111111111111112 0.631578947368421
itercount --------> 16
[5, 3, 6]
[5, 3, 7]
[5, 3, 1]
[5, 3, 2]
[5, 3, 4]
[5, 3, 0]
[5, 3, 6, 7]
0.631578947368421 0.7619047619047619
itercount --------> 17
[3, 5, 1]
[3, 5, 2]
[3, 5, 4]
[3, 5, 6]
[3, 5, 7]
[3, 5, 0]
[3, 5, 1, 2]
[3, 5, 1, 4]
[3, 5, 1, 6]
[3, 5, 1, 7]
0.7619047619047619 0.7894736842105263
itercount --------> 18
[3, 5, 4]
[3, 5, 1]
[3, 5, 2]
[3, 5, 6]
[3, 5, 7]
[3, 5, 0]
[3, 5, 4, 1]
[3, 5, 4, 2]
[3, 5, 4, 6]
[3, 5, 4, 7]
[3, 5, 4, 0]
[3, 5, 4, 1, 2]
[3, 5, 4, 1, 6]
[3, 5, 4, 1, 7]
[3, 5, 4, 1, 0]
[3, 5, 4, 1, 2, 6]
[3, 5, 4, 1, 2, 7]
[3, 5, 4, 1, 2, 0]
[3, 5, 4, 1, 2, 6, 7]
[3, 5, 4, 1, 2, 6, 0]
[3, 5, 4, 1, 2, 6, 7, 0]
failed -> 25 times
after fail n ======> 8
[6, 1, 2, 3, 5, 4, 0, 7]
0.1282051282051282 0.14285714285714285
itercount --------> 1
[1, 2, 3]
0.14285714285714285 0.36363636363636365
itercount --------> 2
[3, 4, 7]
[3, 4, 1]
[3, 4, 2]
[3, 4, 5]
[3, 4, 0]
[3, 4, 6]
[3, 4, 7, 1]
0.36363636363636365 0.4117647058823529
itercount --------> 3
[1, 0, 2]
0.4117647058823529 0.5384615384615384
itercount --------> 4
[1, 0, 3]
0.5384615384615384 0.7
itercount --------> 5
[0, 5, 1]
[0, 5, 2]
[0, 5, 3]
[0, 5, 4]
[0, 5, 7]
[0, 5, 6]
0.7 0.7142857142857143
itercount --------> 6
[4, 5, 0]
0.7142857142857143 0.7894736842105263
itercount --------> 7
[0, 3, 4]
[0, 3, 1]
[0, 3, 2]
[0, 3, 5]
[0, 3, 6]
[0, 3, 7]
[0, 3, 4, 1]
[0, 3, 4, 2]
[0, 3, 4, 5]
[0, 3, 4, 6]
[0, 3, 4, 7]
[0, 3, 4, 1, 2]
[0, 3, 4, 1, 5]
[0, 3, 4, 1, 6]
[0, 3, 4, 1, 7]
[0, 3, 4, 1, 2, 5]
[0, 3, 4, 1, 2, 6]
[0, 3, 4, 1, 2, 7]
[0, 3, 4, 1, 2, 5, 6]
[0, 3, 4, 1, 2, 5, 7]
[0, 3, 4, 1, 2, 5, 6, 7]
failed -> 26 times
after fail n ======> 5
[6, 1, 2, 3, 5]
0.1282051282051282 0.18518518518518517
itercount --------> 1
[1, 3, 6]
0.18518518518518517 0.2
itercount --------> 2
[3, 6, 4]
0.2 0.2222222222222222
itercount --------> 3
[1, 3, 6]
[1, 3, 4]
0.2222222222222222 0.3
itercount --------> 4
[3, 4, 6]
[3, 4, 7]
[3, 4, 2]
0.3 0.3157894736842105
itercount --------> 5
[3, 4, 6]
[3, 4, 2]
[3, 4, 5]
[3, 4, 7]
0.3157894736842105 0.36363636363636365
itercount --------> 6
[6, 3, 4]
[6, 3, 2]
[6, 3, 7]
[6, 3, 5]
0.36363636363636365 0.3888888888888889
itercount --------> 7
[6, 3, 4]
[6, 3, 5]
[6, 3, 7]
[6, 3, 0]
[6, 3, 1]
[6, 3, 2]
[6, 3, 4, 5]
[6, 3, 4, 7]
[6, 3, 4, 0]
[6, 3, 4, 1]
[6, 3, 4, 2]
[6, 3, 4, 5, 7]
0.3888888888888889 0.4444444444444444
itercount --------> 8
[6, 3, 4]
[6, 3, 5]
0.4444444444444444 0.5238095238095238
itercount --------> 9
[4, 3, 6]
[4, 3, 7]
[4, 3, 1]
[4, 3, 5]
[4, 3, 2]
[4, 3, 0]
[4, 3, 6, 7]
[4, 3, 6, 1]
[4, 3, 6, 5]
[4, 3, 6, 2]
[4, 3, 6, 0]
[4, 3, 6, 7, 1]
[4, 3, 6, 7, 5]
[4, 3, 6, 7, 2]
[4, 3, 6, 7, 0]
[4, 3, 6, 7, 1, 5]
0.5238095238095238 0.5789473684210527
itercount --------> 10
[3, 4, 6]
[3, 4, 7]
[3, 4, 5]
[3, 4, 0]
[3, 4, 1]
[3, 4, 2]
[3, 4, 6, 7]
[3, 4, 6, 5]
[3, 4, 6, 0]
[3, 4, 6, 1]
[3, 4, 6, 2]
[3, 4, 6, 7, 5]
[3, 4, 6, 7, 0]
[3, 4, 6, 7, 1]
[3, 4, 6, 7, 2]
[3, 4, 6, 7, 5, 0]
[3, 4, 6, 7, 5, 1]
[3, 4, 6, 7, 5, 2]
[3, 4, 6, 7, 5, 0, 1]
[3, 4, 6, 7, 5, 0, 2]
[3, 4, 6, 7, 5, 0, 1, 2]
failed -> 27 times
after fail n ======> 6
[6, 1, 2, 3, 5, 4]
0.1282051282051282 0.15384615384615385
itercount --------> 1
[6, 1, 3]
[6, 1, 5]
0.15384615384615385 0.18181818181818182
itercount --------> 2
[1, 6, 3]
0.18181818181818182 0.23529411764705882
itercount --------> 3
[6, 5, 1]
[6, 5, 2]
[6, 5, 0]
[6, 5, 3]
[6, 5, 7]
[6, 5, 4]
[6, 5, 1, 2]
[6, 5, 1, 0]
[6, 5, 1, 3]
[6, 5, 1, 7]
[6, 5, 1, 4]
[6, 5, 1, 2, 0]
[6, 5, 1, 2, 3]
[6, 5, 1, 2, 7]
[6, 5, 1, 2, 4]
[6, 5, 1, 2, 0, 3]
[6, 5, 1, 2, 0, 7]
[6, 5, 1, 2, 0, 4]
0.23529411764705882 0.23809523809523808
itercount --------> 4
[6, 0, 3]
[6, 0, 4]
[6, 0, 5]
[6, 0, 7]
[6, 0, 1]
0.23809523809523808 0.2631578947368421
itercount --------> 5
[5, 6, 3]
[5, 6, 7]
[5, 6, 4]
0.2631578947368421 0.29411764705882354
itercount --------> 6
[6, 5, 1]
[6, 5, 2]
[6, 5, 0]
[6, 5, 3]
[6, 5, 7]
[6, 5, 4]
[6, 5, 1, 2]
[6, 5, 1, 0]
[6, 5, 1, 3]
[6, 5, 1, 7]
[6, 5, 1, 4]
[6, 5, 1, 2, 0]
[6, 5, 1, 2, 3]
[6, 5, 1, 2, 7]
[6, 5, 1, 2, 4]
[6, 5, 1, 2, 0, 3]
[6, 5, 1, 2, 0, 7]
[6, 5, 1, 2, 0, 4]
[6, 5, 1, 2, 0, 3, 7]
0.29411764705882354 0.3157894736842105
itercount --------> 7
[6, 5, 3]
[6, 5, 4]
[6, 5, 7]
[6, 5, 0]
[6, 5, 1]
[6, 5, 2]
[6, 5, 3, 4]
[6, 5, 3, 7]
0.3157894736842105 0.3333333333333333
itercount --------> 8
[6, 5, 3]
[6, 5, 7]
[6, 5, 4]
[6, 5, 0]
[6, 5, 1]
[6, 5, 2]
[6, 5, 3, 7]
[6, 5, 3, 4]
[6, 5, 3, 0]
[6, 5, 3, 1]
[6, 5, 3, 2]
[6, 5, 3, 7, 4]
[6, 5, 3, 7, 0]
[6, 5, 3, 7, 1]
[6, 5, 3, 7, 2]
[6, 5, 3, 7, 4, 0]
[6, 5, 3, 7, 4, 1]
[6, 5, 3, 7, 4, 2]
[6, 5, 3, 7, 4, 0, 1]
[6, 5, 3, 7, 4, 0, 2]
[6, 5, 3, 7, 4, 0, 1, 2]
failed -> 28 times
after fail n ======> 7
[6, 1, 2, 3, 5, 4, 0]
0.1282051282051282 0.2
itercount --------> 1
[2, 6, 3]
0.2 0.23809523809523808
itercount --------> 2
[6, 4, 3]
0.23809523809523808 0.35714285714285715
itercount --------> 3
[1, 2, 7]
0.35714285714285715 0.3888888888888889
itercount --------> 4
[7, 3, 4]
[7, 3, 5]
0.3888888888888889 0.45
itercount --------> 5
[7, 5, 4]
[7, 5, 3]
[7, 5, 0]
[7, 5, 1]
[7, 5, 2]
[7, 5, 6]
[7, 5, 4, 3]
[7, 5, 4, 0]
[7, 5, 4, 1]
[7, 5, 4, 2]
0.45 0.45454545454545453
itercount --------> 6
[3, 7, 2]
[3, 7, 4]
[3, 7, 5]
[3, 7, 6]
[3, 7, 1]
[3, 7, 0]
[3, 7, 2, 4]
[3, 7, 2, 5]
[3, 7, 2, 6]
[3, 7, 2, 1]
0.45454545454545453 0.5263157894736842
itercount --------> 7
[3, 7, 4]
[3, 7, 6]
[3, 7, 5]
[3, 7, 1]
[3, 7, 2]
[3, 7, 0]
[3, 7, 4, 6]
[3, 7, 4, 5]
[3, 7, 4, 1]
[3, 7, 4, 2]
[3, 7, 4, 0]
0.5263157894736842 0.5555555555555556
itercount --------> 8
[7, 3, 4]
[7, 3, 5]
[7, 3, 1]
[7, 3, 2]
[7, 3, 6]
[7, 3, 0]
[7, 3, 4, 5]
[7, 3, 4, 1]
[7, 3, 4, 2]
[7, 3, 4, 6]
[7, 3, 4, 0]
[7, 3, 4, 5, 1]
[7, 3, 4, 5, 2]
[7, 3, 4, 5, 6]
[7, 3, 4, 5, 0]
[7, 3, 4, 5, 1, 2]
[7, 3, 4, 5, 1, 6]
[7, 3, 4, 5, 1, 0]
[7, 3, 4, 5, 1, 2, 6]
0.5555555555555556 0.5789473684210527
itercount --------> 9
[7, 3, 5]
[7, 3, 4]
[7, 3, 6]
[7, 3, 1]
[7, 3, 2]
[7, 3, 0]
[7, 3, 5, 4]
[7, 3, 5, 6]
[7, 3, 5, 1]
[7, 3, 5, 2]
[7, 3, 5, 0]
[7, 3, 5, 4, 6]
[7, 3, 5, 4, 1]
[7, 3, 5, 4, 2]
[7, 3, 5, 4, 0]
[7, 3, 5, 4, 6, 1]
[7, 3, 5, 4, 6, 2]
[7, 3, 5, 4, 6, 0]
[7, 3, 5, 4, 6, 1, 2]
0.5789473684210527 0.6111111111111112
itercount --------> 10
[7, 3, 4]
[7, 3, 1]
[7, 3, 2]
[7, 3, 5]
[7, 3, 6]
[7, 3, 0]
[7, 3, 4, 1]
[7, 3, 4, 2]
[7, 3, 4, 5]
[7, 3, 4, 6]
[7, 3, 4, 0]
[7, 3, 4, 1, 2]
[7, 3, 4, 1, 5]
[7, 3, 4, 1, 6]
[7, 3, 4, 1, 0]
[7, 3, 4, 1, 2, 5]
[7, 3, 4, 1, 2, 6]
[7, 3, 4, 1, 2, 0]
[7, 3, 4, 1, 2, 5, 6]
[7, 3, 4, 1, 2, 5, 0]
[7, 3, 4, 1, 2, 5, 6, 0]
failed -> 29 times
after fail n ======> 8
[6, 1, 2, 3, 5, 4, 0, 7]
0.1282051282051282 0.15384615384615385
itercount --------> 1
[6, 1, 3]
0.15384615384615385 0.18181818181818182
itercount --------> 2
[6, 4, 3]
[6, 4, 7]
0.18181818181818182 0.19230769230769232
itercount --------> 3
[6, 1, 5]
[6, 1, 3]
0.19230769230769232 0.23529411764705882
itercount --------> 4
[1, 6, 5]
[1, 6, 2]
0.23529411764705882 0.38095238095238093
itercount --------> 5
[6, 5, 4]
0.38095238095238093 0.3888888888888889
itercount --------> 6
[6, 3, 4]
[6, 3, 5]
[6, 3, 7]
[6, 3, 0]
[6, 3, 1]
[6, 3, 2]
[6, 3, 4, 5]
[6, 3, 4, 7]
[6, 3, 4, 0]
[6, 3, 4, 1]
[6, 3, 4, 2]
[6, 3, 4, 5, 7]
[6, 3, 4, 5, 0]
[6, 3, 4, 5, 1]
[6, 3, 4, 5, 2]
[6, 3, 4, 5, 7, 0]
0.3888888888888889 0.42105263157894735
itercount --------> 7
[6, 4, 5]
0.42105263157894735 0.4444444444444444
itercount --------> 8
[6, 3, 4]
[6, 3, 7]
[6, 3, 0]
[6, 3, 1]
[6, 3, 2]
[6, 3, 5]
[6, 3, 4, 7]
[6, 3, 4, 0]
[6, 3, 4, 1]
[6, 3, 4, 2]
[6, 3, 4, 5]
[6, 3, 4, 7, 0]
[6, 3, 4, 7, 1]
[6, 3, 4, 7, 2]
[6, 3, 4, 7, 5]
[6, 3, 4, 7, 0, 1]
[6, 3, 4, 7, 0, 2]
[6, 3, 4, 7, 0, 5]
[6, 3, 4, 7, 0, 1, 2]
[6, 3, 4, 7, 0, 1, 5]
0.4444444444444444 0.47368421052631576
itercount --------> 9
[6, 4, 3]
[6, 4, 7]
[6, 4, 5]
[6, 4, 0]
[6, 4, 1]
[6, 4, 2]
[6, 4, 3, 7]
[6, 4, 3, 5]
[6, 4, 3, 0]
[6, 4, 3, 1]
[6, 4, 3, 2]
[6, 4, 3, 7, 5]
0.47368421052631576 0.47619047619047616
itercount --------> 10
[3, 4, 6]
[3, 4, 7]
0.47619047619047616 0.5238095238095238
itercount --------> 11
[3, 5, 4]
[3, 5, 6]
[3, 5, 7]
[3, 5, 1]
[3, 5, 2]
[3, 5, 0]
[3, 5, 4, 6]
[3, 5, 4, 7]
[3, 5, 4, 1]
[3, 5, 4, 2]
[3, 5, 4, 0]
0.5238095238095238 0.5833333333333334
itercount --------> 12
[0, 4, 1]
[0, 4, 2]
0.5833333333333334 0.6842105263157895
itercount --------> 13
[0, 3, 4]
0.6842105263157895 0.7142857142857143
itercount --------> 14
[4, 3, 5]
[4, 3, 7]
[4, 3, 0]
[4, 3, 1]
[4, 3, 2]
[4, 3, 6]
[4, 3, 5, 7]
[4, 3, 5, 0]
0.7142857142857143 0.7368421052631579
itercount --------> 15
[3, 4, 5]
[3, 4, 0]
[3, 4, 1]
[3, 4, 2]
[3, 4, 6]
[3, 4, 7]
[3, 4, 5, 0]
[3, 4, 5, 1]
[3, 4, 5, 2]
[3, 4, 5, 6]
[3, 4, 5, 7]
[3, 4, 5, 0, 1]
0.7368421052631579 0.75
itercount --------> 16
[0, 3, 4]
[0, 3, 5]
[0, 3, 7]
[0, 3, 1]
[0, 3, 2]
[0, 3, 6]
[0, 3, 4, 5]
[0, 3, 4, 7]
[0, 3, 4, 1]
[0, 3, 4, 2]
[0, 3, 4, 6]
[0, 3, 4, 5, 7]
[0, 3, 4, 5, 1]
[0, 3, 4, 5, 2]
[0, 3, 4, 5, 6]
[0, 3, 4, 5, 7, 1]
[0, 3, 4, 5, 7, 2]
[0, 3, 4, 5, 7, 6]
[0, 3, 4, 5, 7, 1, 2]
[0, 3, 4, 5, 7, 1, 6]
[0, 3, 4, 5, 7, 1, 2, 6]
failed -> 30 times
after fail n ======> 5
[6, 1, 2, 3, 5]
0.1282051282051282 0.2
itercount --------> 1
[1, 6, 3]
0.2 0.21052631578947367
itercount --------> 2
[6, 3, 4]
[6, 3, 7]
[6, 3, 2]
[6, 3, 5]
[6, 3, 0]
[6, 3, 1]
0.21052631578947367 0.2777777777777778
itercount --------> 3
[2, 6, 5]
0.2777777777777778 0.3333333333333333
itercount --------> 4
[3, 2, 4]
0.3333333333333333 0.36363636363636365
itercount --------> 5
[3, 4, 2]
[3, 4, 7]
[3, 4, 1]
[3, 4, 5]
[3, 4, 6]
[3, 4, 0]
[3, 4, 2, 7]
[3, 4, 2, 1]
0.36363636363636365 0.42105263157894735
itercount --------> 6
[3, 4, 2]
[3, 4, 5]
[3, 4, 6]
[3, 4, 7]
0.42105263157894735 0.45454545454545453
itercount --------> 7
[3, 6, 2]
[3, 6, 4]
[3, 6, 5]
[3, 6, 7]
[3, 6, 1]
[3, 6, 0]
[3, 6, 2, 4]
[3, 6, 2, 5]
0.45454545454545453 0.5217391304347826
itercount --------> 8
[5, 4, 6]
[5, 4, 2]
[5, 4, 3]
[5, 4, 7]
[5, 4, 1]
0.5217391304347826 0.5238095238095238
itercount --------> 9
[2, 6, 5]
[2, 6, 4]
[2, 6, 3]
0.5238095238095238 0.5263157894736842
itercount --------> 10
[3, 6, 4]
[3, 6, 7]
[3, 6, 5]
[3, 6, 1]
[3, 6, 2]
[3, 6, 0]
[3, 6, 4, 7]
[3, 6, 4, 5]
[3, 6, 4, 1]
[3, 6, 4, 2]
[3, 6, 4, 0]
0.5263157894736842 0.5555555555555556
itercount --------> 11
[6, 3, 4]
[6, 3, 5]
[6, 3, 1]
[6, 3, 2]
[6, 3, 7]
[6, 3, 0]
[6, 3, 4, 5]
[6, 3, 4, 1]
[6, 3, 4, 2]
[6, 3, 4, 7]
[6, 3, 4, 0]
[6, 3, 4, 5, 1]
[6, 3, 4, 5, 2]
[6, 3, 4, 5, 7]
[6, 3, 4, 5, 0]
[6, 3, 4, 5, 1, 2]
[6, 3, 4, 5, 1, 7]
0.5555555555555556 0.5789473684210527
itercount --------> 12
[6, 3, 5]
[6, 3, 4]
[6, 3, 7]
[6, 3, 1]
[6, 3, 2]
[6, 3, 0]
[6, 3, 5, 4]
[6, 3, 5, 7]
[6, 3, 5, 1]
[6, 3, 5, 2]
[6, 3, 5, 0]
[6, 3, 5, 4, 7]
[6, 3, 5, 4, 1]
[6, 3, 5, 4, 2]
[6, 3, 5, 4, 0]
[6, 3, 5, 4, 7, 1]
[6, 3, 5, 4, 7, 2]
[6, 3, 5, 4, 7, 0]
[6, 3, 5, 4, 7, 1, 2]
[6, 3, 5, 4, 7, 1, 0]
[6, 3, 5, 4, 7, 1, 2, 0]
failed -> 31 times
after fail n ======> 6
[6, 1, 2, 3, 5, 4]
0.1282051282051282 0.16129032258064516
itercount --------> 1
[1, 6, 3]
[1, 6, 4]
0.16129032258064516 0.18181818181818182
itercount --------> 2
[6, 4, 3]
[6, 4, 7]
0.18181818181818182 0.19230769230769232
itercount --------> 3
[6, 2, 5]
0.19230769230769232 0.2631578947368421
itercount --------> 4
[6, 5, 3]
[6, 5, 4]
[6, 5, 1]
[6, 5, 2]
[6, 5, 7]
[6, 5, 0]
[6, 5, 3, 4]
0.2631578947368421 0.38095238095238093
itercount --------> 5
[6, 5, 1]
0.38095238095238093 0.3888888888888889
itercount --------> 6
[6, 3, 4]
[6, 3, 5]
[6, 3, 7]
[6, 3, 0]
[6, 3, 1]
[6, 3, 2]
[6, 3, 4, 5]
[6, 3, 4, 7]
[6, 3, 4, 0]
[6, 3, 4, 1]
[6, 3, 4, 2]
[6, 3, 4, 5, 7]
0.3888888888888889 0.42105263157894735
itercount --------> 7
[6, 4, 5]
0.42105263157894735 0.4444444444444444
itercount --------> 8
[6, 3, 4]
[6, 3, 7]
[6, 3, 0]
[6, 3, 1]
[6, 3, 2]
[6, 3, 5]
[6, 3, 4, 7]
[6, 3, 4, 0]
[6, 3, 4, 1]
[6, 3, 4, 2]
[6, 3, 4, 5]
[6, 3, 4, 7, 0]
[6, 3, 4, 7, 1]
[6, 3, 4, 7, 2]
[6, 3, 4, 7, 5]
[6, 3, 4, 7, 0, 1]
[6, 3, 4, 7, 0, 2]
[6, 3, 4, 7, 0, 5]
[6, 3, 4, 7, 0, 1, 2]
[6, 3, 4, 7, 0, 1, 5]
[6, 3, 4, 7, 0, 1, 2, 5]
failed -> 32 times
after fail n ======> 7
[6, 1, 2, 3, 5, 4, 0]
0.1282051282051282 0.15384615384615385
itercount --------> 1
[6, 1, 3]
0.15384615384615385 0.18181818181818182
itercount --------> 2
[6, 4, 3]
[6, 4, 7]
[6, 4, 1]
0.18181818181818182 0.21052631578947367
itercount --------> 3
[6, 4, 3]
[6, 4, 7]
[6, 4, 5]
0.21052631578947367 0.2222222222222222
itercount --------> 4
[6, 3, 4]
[6, 3, 7]
[6, 3, 5]
[6, 3, 0]
0.2222222222222222 0.23529411764705882
itercount --------> 5
[6, 5, 1]
[6, 5, 2]
0.23529411764705882 0.23809523809523808
itercount --------> 6
[2, 6, 3]
0.23809523809523808 0.2631578947368421
itercount --------> 7
[6, 3, 4]
[6, 3, 2]
[6, 3, 7]
0.2631578947368421 0.2857142857142857
itercount --------> 8
[2, 3, 1]
0.2857142857142857 0.3888888888888889
itercount --------> 9
[1, 2, 5]
[1, 2, 6]
[1, 2, 3]
[1, 2, 4]
[1, 2, 0]
[1, 2, 7]
0.3888888888888889 0.4117647058823529
itercount --------> 10
[3, 0, 5]
[3, 0, 1]
[3, 0, 2]
[3, 0, 6]
[3, 0, 7]
[3, 0, 4]
[3, 0, 5, 1]
[3, 0, 5, 2]
[3, 0, 5, 6]
0.4117647058823529 0.42105263157894735
itercount --------> 11
[3, 4, 7]
[3, 4, 5]
[3, 4, 2]
[3, 4, 6]
[3, 4, 0]
[3, 4, 1]
[3, 4, 7, 5]
0.42105263157894735 0.5789473684210527
itercount --------> 12
[6, 5, 7]
[6, 5, 2]
[6, 5, 4]
[6, 5, 3]
[6, 5, 0]
[6, 5, 1]
[6, 5, 7, 2]
[6, 5, 7, 4]
[6, 5, 7, 3]
[6, 5, 7, 0]
[6, 5, 7, 1]
0.5789473684210527 0.6111111111111112
itercount --------> 13
[6, 7, 3]
[6, 7, 4]
[6, 7, 5]
[6, 7, 0]
[6, 7, 1]
[6, 7, 2]
[6, 7, 3, 4]
[6, 7, 3, 5]
[6, 7, 3, 0]
[6, 7, 3, 1]
[6, 7, 3, 2]
[6, 7, 3, 4, 5]
[6, 7, 3, 4, 0]
[6, 7, 3, 4, 1]
[6, 7, 3, 4, 2]
[6, 7, 3, 4, 5, 0]
[6, 7, 3, 4, 5, 1]
[6, 7, 3, 4, 5, 2]
[6, 7, 3, 4, 5, 0, 1]
[6, 7, 3, 4, 5, 0, 2]
[6, 7, 3, 4, 5, 0, 1, 2]
failed -> 33 times
after fail n ======> 8
[6, 1, 2, 3, 5, 4, 0, 7]
0.1282051282051282 0.16129032258064516
itercount --------> 1
[2, 6, 3]
0.16129032258064516 0.3076923076923077
itercount --------> 2
[4, 3, 1]
[4, 3, 2]
[4, 3, 6]
[4, 3, 7]
[4, 3, 5]
[4, 3, 0]
[4, 3, 1, 2]
0.3076923076923077 0.36363636363636365
itercount --------> 3
[3, 4, 5]
[3, 4, 6]
[3, 4, 7]
[3, 4, 1]
0.36363636363636365 0.38095238095238093
itercount --------> 4
[3, 4, 5]
[3, 4, 6]
0.38095238095238093 0.4074074074074074
itercount --------> 5
[7, 3, 1]
0.4074074074074074 0.45
itercount --------> 6
[7, 5, 4]
[7, 5, 3]
[7, 5, 0]
[7, 5, 1]
0.45 0.5238095238095238
itercount --------> 7
[3, 7, 4]
[3, 7, 5]
[3, 7, 6]
[3, 7, 1]
[3, 7, 2]
[3, 7, 0]
[3, 7, 4, 5]
[3, 7, 4, 6]
[3, 7, 4, 1]
[3, 7, 4, 2]
[3, 7, 4, 0]
0.5238095238095238 0.55
itercount --------> 8
[7, 5, 3]
[7, 5, 4]
[7, 5, 1]
[7, 5, 2]
0.55 0.5555555555555556
itercount --------> 9
[7, 3, 4]
[7, 3, 5]
[7, 3, 1]
[7, 3, 2]
[7, 3, 6]
[7, 3, 0]
[7, 3, 4, 5]
[7, 3, 4, 1]
[7, 3, 4, 2]
[7, 3, 4, 6]
[7, 3, 4, 0]
[7, 3, 4, 5, 1]
[7, 3, 4, 5, 2]
[7, 3, 4, 5, 6]
[7, 3, 4, 5, 0]
[7, 3, 4, 5, 1, 2]
[7, 3, 4, 5, 1, 6]
[7, 3, 4, 5, 1, 0]
[7, 3, 4, 5, 1, 2, 6]
0.5555555555555556 0.5789473684210527
itercount --------> 10
[7, 3, 5]
[7, 3, 4]
[7, 3, 6]
[7, 3, 1]
[7, 3, 2]
[7, 3, 0]
[7, 3, 5, 4]
[7, 3, 5, 6]
[7, 3, 5, 1]
[7, 3, 5, 2]
[7, 3, 5, 0]
[7, 3, 5, 4, 6]
[7, 3, 5, 4, 1]
[7, 3, 5, 4, 2]
0.5789473684210527 0.6111111111111112
itercount --------> 11
[7, 3, 4]
[7, 3, 1]
[7, 3, 2]
[7, 3, 5]
[7, 3, 6]
[7, 3, 0]
[7, 3, 4, 1]
[7, 3, 4, 2]
[7, 3, 4, 5]
[7, 3, 4, 6]
[7, 3, 4, 0]
[7, 3, 4, 1, 2]
[7, 3, 4, 1, 5]
[7, 3, 4, 1, 6]
[7, 3, 4, 1, 0]
[7, 3, 4, 1, 2, 5]
[7, 3, 4, 1, 2, 6]
[7, 3, 4, 1, 2, 0]
[7, 3, 4, 1, 2, 5, 6]
[7, 3, 4, 1, 2, 5, 0]
[7, 3, 4, 1, 2, 5, 6, 0]
failed -> 34 times
after fail n ======> 5
[6, 1, 2, 3, 5]
0.1282051282051282 0.15384615384615385
itercount --------> 1
[6, 1, 3]
[6, 1, 4]
0.15384615384615385 0.16666666666666666
itercount --------> 2
[6, 1, 3]
0.16666666666666666 0.23076923076923078
itercount --------> 3
[1, 3, 4]
0.23076923076923078 0.25
itercount --------> 4
[3, 4, 6]
[3, 4, 1]
[3, 4, 2]
[3, 4, 7]
[3, 4, 5]
[3, 4, 0]
[3, 4, 6, 1]
[3, 4, 6, 2]
[3, 4, 6, 7]
[3, 4, 6, 5]
[3, 4, 6, 0]
0.25 0.2692307692307692
itercount --------> 5
[3, 4, 1]
[3, 4, 6]
[3, 4, 2]
[3, 4, 7]
0.2692307692307692 0.3333333333333333
itercount --------> 6
[2, 6, 4]
[2, 6, 3]
[2, 6, 5]
0.3333333333333333 0.36
itercount --------> 7
[6, 3, 5]
0.36 0.38461538461538464
itercount --------> 8
[4, 6, 7]
[4, 6, 3]
[4, 6, 5]
[4, 6, 1]
0.38461538461538464 0.4166666666666667
itercount --------> 9
[6, 3, 4]
[6, 3, 7]
[6, 3, 5]
[6, 3, 0]
[6, 3, 1]
[6, 3, 2]
[6, 3, 4, 7]
[6, 3, 4, 5]
[6, 3, 4, 0]
[6, 3, 4, 1]
0.4166666666666667 0.42857142857142855
itercount --------> 10
[6, 5, 4]
[6, 5, 0]
0.42857142857142855 0.4444444444444444
itercount --------> 11
[6, 3, 4]
[6, 3, 5]
[6, 3, 7]
[6, 3, 0]
[6, 3, 1]
0.4444444444444444 0.45454545454545453
itercount --------> 12
[6, 3, 1]
[6, 3, 7]
[6, 3, 4]
[6, 3, 5]
[6, 3, 2]
[6, 3, 0]
[6, 3, 1, 7]
[6, 3, 1, 4]
[6, 3, 1, 5]
0.45454545454545453 0.5263157894736842
itercount --------> 13
[3, 6, 4]
[3, 6, 7]
[3, 6, 5]
[3, 6, 1]
[3, 6, 2]
[3, 6, 0]
[3, 6, 4, 7]
[3, 6, 4, 5]
[3, 6, 4, 1]
[3, 6, 4, 2]
[3, 6, 4, 0]
[3, 6, 4, 7, 5]
[3, 6, 4, 7, 1]
[3, 6, 4, 7, 2]
[3, 6, 4, 7, 0]
[3, 6, 4, 7, 5, 1]
[3, 6, 4, 7, 5, 2]
[3, 6, 4, 7, 5, 0]
[3, 6, 4, 7, 5, 1, 2]
[3, 6, 4, 7, 5, 1, 0]
0.5263157894736842 0.5789473684210527
itercount --------> 14
[6, 1, 0]
[6, 1, 3]
0.5789473684210527 0.75
itercount --------> 15
[3, 5, 4]
[3, 5, 6]
[3, 5, 0]
[3, 5, 1]
[3, 5, 2]
[3, 5, 7]
[3, 5, 4, 6]
[3, 5, 4, 0]
[3, 5, 4, 1]
[3, 5, 4, 2]
[3, 5, 4, 7]
[3, 5, 4, 6, 0]
[3, 5, 4, 6, 1]
[3, 5, 4, 6, 2]
[3, 5, 4, 6, 7]
[3, 5, 4, 6, 0, 1]
[3, 5, 4, 6, 0, 2]
[3, 5, 4, 6, 0, 7]
[3, 5, 4, 6, 0, 1, 2]
[3, 5, 4, 6, 0, 1, 7]
[3, 5, 4, 6, 0, 1, 2, 7]
failed -> 35 times
after fail n ======> 6
[6, 1, 2, 3, 5, 4]
0.1282051282051282 0.16129032258064516
itercount --------> 1
[2, 6, 3]
0.16129032258064516 0.3076923076923077
itercount --------> 2
[4, 3, 1]
[4, 3, 2]
[4, 3, 6]
[4, 3, 7]
[4, 3, 5]
[4, 3, 0]
[4, 3, 1, 2]
0.3076923076923077 0.36363636363636365
itercount --------> 3
[3, 4, 5]
[3, 4, 6]
[3, 4, 7]
[3, 4, 1]
0.36363636363636365 0.38095238095238093
itercount --------> 4
[3, 4, 5]
[3, 4, 6]
0.38095238095238093 0.4074074074074074
itercount --------> 5
[7, 3, 1]
0.4074074074074074 0.45
itercount --------> 6
[7, 5, 4]
[7, 5, 3]
[7, 5, 0]
[7, 5, 1]
0.45 0.45454545454545453
itercount --------> 7
[3, 7, 1]
[3, 7, 2]
[3, 7, 4]
[3, 7, 6]
[3, 7, 5]
0.45454545454545453 0.5
itercount --------> 8
[5, 1, 2]
0.5 0.5238095238095238
itercount --------> 9
[7, 1, 2]
[7, 1, 4]
[7, 1, 3]
[7, 1, 5]
[7, 1, 6]
[7, 1, 0]
[7, 1, 2, 4]
[7, 1, 2, 3]
0.5238095238095238 0.5263157894736842
itercount --------> 10
[3, 7, 4]
[3, 7, 6]
[3, 7, 5]
[3, 7, 1]
[3, 7, 2]
[3, 7, 0]
[3, 7, 4, 6]
[3, 7, 4, 5]
[3, 7, 4, 1]
[3, 7, 4, 2]
[3, 7, 4, 0]
0.5263157894736842 0.5555555555555556
itercount --------> 11
[7, 3, 4]
[7, 3, 5]
[7, 3, 1]
[7, 3, 2]
[7, 3, 6]
[7, 3, 0]
[7, 3, 4, 5]
[7, 3, 4, 1]
[7, 3, 4, 2]
[7, 3, 4, 6]
[7, 3, 4, 0]
[7, 3, 4, 5, 1]
[7, 3, 4, 5, 2]
[7, 3, 4, 5, 6]
[7, 3, 4, 5, 0]
[7, 3, 4, 5, 1, 2]
[7, 3, 4, 5, 1, 6]
[7, 3, 4, 5, 1, 0]
[7, 3, 4, 5, 1, 2, 6]
[7, 3, 4, 5, 1, 2, 0]
[7, 3, 4, 5, 1, 2, 6, 0]
failed -> 36 times
after fail n ======> 7
[6, 1, 2, 3, 5, 4, 0]
0.1282051282051282 0.15384615384615385
itercount --------> 1
[6, 2, 3]
0.15384615384615385 0.2
itercount --------> 2
[1, 3, 6]
0.2 0.23809523809523808
itercount --------> 3
[6, 4, 3]
[6, 4, 7]
0.23809523809523808 0.24
itercount --------> 4
[6, 2, 5]
0.24 0.3333333333333333
itercount --------> 5
[5, 3, 4]
[5, 3, 2]
0.3333333333333333 0.39285714285714285
itercount --------> 6
[1, 3, 6]
[1, 3, 2]
0.39285714285714285 0.4
itercount --------> 7
[3, 4, 6]
0.4 0.45
itercount --------> 8
[6, 5, 4]
0.45 0.5789473684210527
itercount --------> 9
[4, 6, 3]
[4, 6, 7]
[4, 6, 0]
[4, 6, 1]
[4, 6, 2]
[4, 6, 5]
[4, 6, 3, 7]
[4, 6, 3, 0]
[4, 6, 3, 1]
[4, 6, 3, 2]
[4, 6, 3, 5]
[4, 6, 3, 7, 0]
[4, 6, 3, 7, 1]
[4, 6, 3, 7, 2]
[4, 6, 3, 7, 5]
[4, 6, 3, 7, 0, 1]
[4, 6, 3, 7, 0, 2]
[4, 6, 3, 7, 0, 5]
[4, 6, 3, 7, 0, 1, 2]
[4, 6, 3, 7, 0, 1, 5]
[4, 6, 3, 7, 0, 1, 2, 5]
failed -> 37 times
after fail n ======> 8
[6, 1, 2, 3, 5, 4, 0, 7]
0.1282051282051282 0.15384615384615385
itercount --------> 1
[6, 1, 3]
0.15384615384615385 0.18181818181818182
itercount --------> 2
[6, 4, 3]
0.18181818181818182 0.21875
itercount --------> 3
[2, 3, 1]
0.21875 0.3333333333333333
itercount --------> 4
[3, 4, 6]
0.3333333333333333 0.36363636363636365
itercount --------> 5
[3, 4, 6]
[3, 4, 7]
[3, 4, 5]
0.36363636363636365 0.3684210526315789
itercount --------> 6
[3, 4, 6]
[3, 4, 1]
[3, 4, 2]
[3, 4, 7]
0.3684210526315789 0.42857142857142855
itercount --------> 7
[6, 3, 4]
[6, 3, 7]
[6, 3, 1]
[6, 3, 2]
[6, 3, 0]
[6, 3, 5]
[6, 3, 4, 7]
[6, 3, 4, 1]
[6, 3, 4, 2]
[6, 3, 4, 0]
0.42857142857142855 0.45
itercount --------> 8
[6, 0, 4]
[6, 0, 3]
[6, 0, 1]
0.45 0.5
itercount --------> 9
[6, 0, 3]
[6, 0, 4]
[6, 0, 1]
[6, 0, 2]
[6, 0, 5]
[6, 0, 7]
[6, 0, 3, 4]
[6, 0, 3, 1]
[6, 0, 3, 2]
0.5 0.5555555555555556
itercount --------> 10
[6, 3, 4]
[6, 3, 0]
[6, 3, 1]
[6, 3, 2]
[6, 3, 5]
[6, 3, 7]
[6, 3, 4, 0]
[6, 3, 4, 1]
[6, 3, 4, 2]
[6, 3, 4, 5]
[6, 3, 4, 7]
[6, 3, 4, 0, 1]
[6, 3, 4, 0, 2]
[6, 3, 4, 0, 5]
[6, 3, 4, 0, 7]
[6, 3, 4, 0, 1, 2]
[6, 3, 4, 0, 1, 5]
[6, 3, 4, 0, 1, 7]
[6, 3, 4, 0, 1, 2, 5]
[6, 3, 4, 0, 1, 2, 7]
[6, 3, 4, 0, 1, 2, 5, 7]
failed -> 38 times
after fail n ======> 5
[6, 1, 2, 3, 5]
0.1282051282051282 0.16129032258064516
itercount --------> 1
[2, 6, 3]
0.16129032258064516 0.18181818181818182
itercount --------> 2
[6, 4, 3]
[6, 4, 7]
0.18181818181818182 0.19230769230769232
itercount --------> 3
[6, 1, 5]
0.19230769230769232 0.2222222222222222
itercount --------> 4
[2, 3, 5]
0.2222222222222222 0.32
itercount --------> 5
[2, 6, 1]
0.32 0.4444444444444444
itercount --------> 6
[6, 3, 4]
[6, 3, 5]
[6, 3, 7]
[6, 3, 0]
0.4444444444444444 0.6521739130434783
itercount --------> 7
[1, 2, 5]
[1, 2, 6]
[1, 2, 3]
[1, 2, 4]
[1, 2, 0]
0.6521739130434783 0.7368421052631579
itercount --------> 8
[3, 4, 5]
[3, 4, 0]
[3, 4, 1]
[3, 4, 2]
[3, 4, 6]
[3, 4, 7]
[3, 4, 5, 0]
[3, 4, 5, 1]
[3, 4, 5, 2]
[3, 4, 5, 6]
[3, 4, 5, 7]
[3, 4, 5, 0, 1]
[3, 4, 5, 0, 2]
0.7368421052631579 0.75
itercount --------> 9
[3, 5, 4]
[3, 5, 6]
[3, 5, 0]
[3, 5, 1]
[3, 5, 2]
[3, 5, 7]
[3, 5, 4, 6]
[3, 5, 4, 0]
[3, 5, 4, 1]
[3, 5, 4, 2]
[3, 5, 4, 7]
[3, 5, 4, 6, 0]
[3, 5, 4, 6, 1]
[3, 5, 4, 6, 2]
[3, 5, 4, 6, 7]
[3, 5, 4, 6, 0, 1]
[3, 5, 4, 6, 0, 2]
[3, 5, 4, 6, 0, 7]
[3, 5, 4, 6, 0, 1, 2]
0.75 0.7894736842105263
itercount --------> 10
[3, 5, 4]
[3, 5, 1]
[3, 5, 2]
[3, 5, 6]
[3, 5, 7]
[3, 5, 0]
[3, 5, 4, 1]
[3, 5, 4, 2]
[3, 5, 4, 6]
[3, 5, 4, 7]
[3, 5, 4, 0]
[3, 5, 4, 1, 2]
[3, 5, 4, 1, 6]
[3, 5, 4, 1, 7]
[3, 5, 4, 1, 0]
[3, 5, 4, 1, 2, 6]
[3, 5, 4, 1, 2, 7]
0.7894736842105263 0.8
itercount --------> 11
[3, 4, 5]
[3, 4, 1]
[3, 4, 2]
[3, 4, 6]
[3, 4, 7]
[3, 4, 0]
[3, 4, 5, 1]
0.8 0.8421052631578947
itercount --------> 12
[3, 1, 2]
[3, 1, 4]
[3, 1, 5]
[3, 1, 6]
[3, 1, 7]
[3, 1, 0]
[3, 1, 2, 4]
[3, 1, 2, 5]
[3, 1, 2, 6]
[3, 1, 2, 7]
[3, 1, 2, 0]
[3, 1, 2, 4, 5]
[3, 1, 2, 4, 6]
[3, 1, 2, 4, 7]
[3, 1, 2, 4, 0]
[3, 1, 2, 4, 5, 6]
[3, 1, 2, 4, 5, 7]
[3, 1, 2, 4, 5, 0]
[3, 1, 2, 4, 5, 6, 7]
[3, 1, 2, 4, 5, 6, 0]
[3, 1, 2, 4, 5, 6, 7, 0]
failed -> 39 times
after fail n ======> 6
[6, 1, 2, 3, 5, 4]
0.1282051282051282 0.16129032258064516
itercount --------> 1
[2, 6, 3]
0.16129032258064516 0.23333333333333334
itercount --------> 2
[2, 3, 4]
0.23333333333333334 0.25
itercount --------> 3
[2, 3, 4]
[2, 3, 1]
0.25 0.2916666666666667
itercount --------> 4
[3, 2, 4]
[3, 2, 6]
[3, 2, 7]
0.2916666666666667 0.34615384615384615
itercount --------> 5
[2, 5, 7]
0.34615384615384615 0.34782608695652173
itercount --------> 6
[2, 7, 4]
0.34782608695652173 0.43478260869565216
itercount --------> 7
[2, 3, 4]
[2, 3, 6]
[2, 3, 7]
[2, 3, 1]
[2, 3, 5]
[2, 3, 0]
[2, 3, 4, 6]
[2, 3, 4, 7]
[2, 3, 4, 1]
[2, 3, 4, 5]
[2, 3, 4, 0]
[2, 3, 4, 6, 7]
[2, 3, 4, 6, 1]
[2, 3, 4, 6, 5]
[2, 3, 4, 6, 0]
[2, 3, 4, 6, 7, 1]
[2, 3, 4, 6, 7, 5]
[2, 3, 4, 6, 7, 0]
[2, 3, 4, 6, 7, 1, 5]
0.43478260869565216 0.47619047619047616
itercount --------> 8
[2, 3, 4]
[2, 3, 6]
[2, 3, 7]
[2, 3, 1]
0.47619047619047616 0.4782608695652174
itercount --------> 9
[3, 2, 4]
[3, 2, 7]
[3, 2, 1]
[3, 2, 5]
[3, 2, 6]
[3, 2, 0]
[3, 2, 4, 7]
[3, 2, 4, 1]
[3, 2, 4, 5]
0.4782608695652174 0.5
itercount --------> 10
[3, 2, 4]
[3, 2, 7]
[3, 2, 5]
[3, 2, 1]
[3, 2, 6]
[3, 2, 0]
[3, 2, 4, 7]
[3, 2, 4, 5]
[3, 2, 4, 1]
[3, 2, 4, 6]
[3, 2, 4, 0]
[3, 2, 4, 7, 5]
[3, 2, 4, 7, 1]
[3, 2, 4, 7, 6]
[3, 2, 4, 7, 0]
[3, 2, 4, 7, 5, 1]
[3, 2, 4, 7, 5, 6]
[3, 2, 4, 7, 5, 0]
[3, 2, 4, 7, 5, 1, 6]
[3, 2, 4, 7, 5, 1, 0]
0.5 0.5263157894736842
itercount --------> 11
[3, 7, 4]
[3, 7, 5]
[3, 7, 6]
[3, 7, 0]
[3, 7, 1]
[3, 7, 2]
0.5263157894736842 0.55
itercount --------> 12
[7, 2, 4]
[7, 2, 3]
[7, 2, 5]
[7, 2, 0]
[7, 2, 1]
[7, 2, 6]
[7, 2, 4, 3]
0.55 0.5555555555555556
itercount --------> 13
[2, 3, 5]
[2, 3, 4]
[2, 3, 1]
[2, 3, 7]
[2, 3, 0]
[2, 3, 6]
[2, 3, 5, 4]
[2, 3, 5, 1]
[2, 3, 5, 7]
0.5555555555555556 0.6666666666666666
itercount --------> 14
[2, 5, 3]
[2, 5, 4]
[2, 5, 1]
[2, 5, 0]
[2, 5, 6]
[2, 5, 7]
[2, 5, 3, 4]
[2, 5, 3, 1]
[2, 5, 3, 0]
0.6666666666666666 0.7058823529411765
itercount --------> 15
[1, 2, 3]
[1, 2, 5]
[1, 2, 0]
[1, 2, 4]
[1, 2, 6]
[1, 2, 7]
[1, 2, 3, 5]
[1, 2, 3, 0]
[1, 2, 3, 4]
[1, 2, 3, 6]
[1, 2, 3, 7]
[1, 2, 3, 5, 0]
[1, 2, 3, 5, 4]
0.7058823529411765 0.7368421052631579
itercount --------> 16
[3, 4, 5]
[3, 4, 0]
[3, 4, 1]
[3, 4, 2]
[3, 4, 6]
[3, 4, 7]
[3, 4, 5, 0]
[3, 4, 5, 1]
[3, 4, 5, 2]
[3, 4, 5, 6]
[3, 4, 5, 7]
[3, 4, 5, 0, 1]
[3, 4, 5, 0, 2]
[3, 4, 5, 0, 6]
[3, 4, 5, 0, 7]
[3, 4, 5, 0, 1, 2]
[3, 4, 5, 0, 1, 6]
[3, 4, 5, 0, 1, 7]
[3, 4, 5, 0, 1, 2, 6]
[3, 4, 5, 0, 1, 2, 7]
[3, 4, 5, 0, 1, 2, 6, 7]
failed -> 40 times
after fail n ======> 7
[6, 1, 2, 3, 5, 4, 0]
0.1282051282051282 0.15384615384615385
itercount --------> 1
[6, 2, 3]
0.15384615384615385 0.21052631578947367
itercount --------> 2
[6, 5, 3]
[6, 5, 4]
0.21052631578947367 0.2222222222222222
itercount --------> 3
[5, 6, 3]
[5, 6, 4]
0.2222222222222222 0.23529411764705882
itercount --------> 4
[6, 5, 1]
[6, 5, 2]
[6, 5, 0]
[6, 5, 3]
[6, 5, 7]
[6, 5, 4]
[6, 5, 1, 2]
[6, 5, 1, 0]
[6, 5, 1, 3]
[6, 5, 1, 7]
[6, 5, 1, 4]
[6, 5, 1, 2, 0]
[6, 5, 1, 2, 3]
[6, 5, 1, 2, 7]
[6, 5, 1, 2, 4]
[6, 5, 1, 2, 0, 3]
[6, 5, 1, 2, 0, 7]
[6, 5, 1, 2, 0, 4]
0.23529411764705882 0.23809523809523808
itercount --------> 5
[6, 5, 1]
[6, 5, 2]
[6, 5, 0]
[6, 5, 7]
[6, 5, 3]
[6, 5, 4]
[6, 5, 1, 2]
[6, 5, 1, 0]
[6, 5, 1, 7]
0.23809523809523808 0.2631578947368421
itercount --------> 6
[6, 5, 3]
0.2631578947368421 0.3
itercount --------> 7
[5, 6, 3]
0.3 0.3181818181818182
itercount --------> 8
[6, 5, 4]
[6, 5, 3]
[6, 5, 0]
[6, 5, 1]
[6, 5, 2]
[6, 5, 7]
[6, 5, 4, 3]
[6, 5, 4, 0]
[6, 5, 4, 1]
[6, 5, 4, 2]
[6, 5, 4, 7]
[6, 5, 4, 3, 0]
[6, 5, 4, 3, 1]
[6, 5, 4, 3, 2]
[6, 5, 4, 3, 7]
[6, 5, 4, 3, 0, 1]
[6, 5, 4, 3, 0, 2]
[6, 5, 4, 3, 0, 7]
[6, 5, 4, 3, 0, 1, 2]
[6, 5, 4, 3, 0, 1, 7]
[6, 5, 4, 3, 0, 1, 2, 7]
failed -> 41 times
after fail n ======> 8
[6, 1, 2, 3, 5, 4, 0, 7]
0.1282051282051282 0.15151515151515152
itercount --------> 1
[1, 2, 6]
0.15151515151515152 0.22727272727272727
itercount --------> 2
[1, 2, 6]
0.22727272727272727 0.26666666666666666
itercount --------> 3
[1, 2, 5]
0.26666666666666666 0.3333333333333333
itercount --------> 4
[1, 2, 7]
[1, 2, 5]
[1, 2, 3]
[1, 2, 4]
[1, 2, 0]
[1, 2, 6]
[1, 2, 7, 5]
0.3333333333333333 0.36
itercount --------> 5
[1, 0, 7]
0.36 0.4
itercount --------> 6
[1, 5, 7]
[1, 5, 3]
[1, 5, 2]
0.4 0.4444444444444444
itercount --------> 7
[1, 2, 5]
[1, 2, 0]
[1, 2, 3]
[1, 2, 7]
[1, 2, 6]
[1, 2, 4]
[1, 2, 5, 0]
[1, 2, 5, 3]
[1, 2, 5, 7]
[1, 2, 5, 6]
[1, 2, 5, 4]
0.4444444444444444 0.47058823529411764
itercount --------> 8
[1, 2, 5]
[1, 2, 0]
[1, 2, 3]
[1, 2, 4]
[1, 2, 7]
[1, 2, 6]
[1, 2, 5, 0]
[1, 2, 5, 3]
[1, 2, 5, 4]
[1, 2, 5, 7]
[1, 2, 5, 6]
[1, 2, 5, 0, 3]
0.47058823529411764 0.5294117647058824
itercount --------> 9
[1, 2, 5]
[1, 2, 0]
[1, 2, 3]
[1, 2, 4]
[1, 2, 7]
[1, 2, 6]
[1, 2, 5, 0]
[1, 2, 5, 3]
[1, 2, 5, 4]
[1, 2, 5, 7]
[1, 2, 5, 6]
[1, 2, 5, 0, 3]
[1, 2, 5, 0, 4]
[1, 2, 5, 0, 7]
[1, 2, 5, 0, 6]
[1, 2, 5, 0, 3, 4]
0.5294117647058824 0.55
itercount --------> 10
[3, 7, 4]
[3, 7, 5]
[3, 7, 6]
[3, 7, 1]
[3, 7, 2]
[3, 7, 0]
[3, 7, 4, 5]
[3, 7, 4, 6]
[3, 7, 4, 1]
[3, 7, 4, 2]
[3, 7, 4, 0]
[3, 7, 4, 5, 6]
[3, 7, 4, 5, 1]
[3, 7, 4, 5, 2]
[3, 7, 4, 5, 0]
[3, 7, 4, 5, 6, 1]
[3, 7, 4, 5, 6, 2]
0.55 0.5714285714285714
itercount --------> 11
[7, 1, 2]
[7, 1, 3]
[7, 1, 4]
[7, 1, 5]
[7, 1, 6]
[7, 1, 0]
[7, 1, 2, 3]
0.5714285714285714 0.6818181818181818
itercount --------> 12
[1, 2, 4]
[1, 2, 5]
[1, 2, 3]
[1, 2, 6]
[1, 2, 7]
[1, 2, 0]
0.6818181818181818 0.7368421052631579
itercount --------> 13
[3, 4, 5]
[3, 4, 0]
[3, 4, 1]
[3, 4, 2]
[3, 4, 6]
[3, 4, 7]
[3, 4, 5, 0]
[3, 4, 5, 1]
[3, 4, 5, 2]
[3, 4, 5, 6]
[3, 4, 5, 7]
[3, 4, 5, 0, 1]
[3, 4, 5, 0, 2]
[3, 4, 5, 0, 6]
[3, 4, 5, 0, 7]
[3, 4, 5, 0, 1, 2]
[3, 4, 5, 0, 1, 6]
[3, 4, 5, 0, 1, 7]
[3, 4, 5, 0, 1, 2, 6]
[3, 4, 5, 0, 1, 2, 7]
[3, 4, 5, 0, 1, 2, 6, 7]
failed -> 42 times
after fail n ======> 5
[6, 1, 2, 3, 5]
0.1282051282051282 0.19047619047619047
itercount --------> 1
[2, 3, 1]
0.19047619047619047 0.23333333333333334
itercount --------> 2
[1, 3, 4]
[1, 3, 2]
0.23333333333333334 0.28
itercount --------> 3
[3, 4, 5]
[3, 4, 1]
0.28 0.3103448275862069
itercount --------> 4
[1, 3, 4]
[1, 3, 5]
0.3103448275862069 0.32
itercount --------> 5
[1, 3, 4]
0.32 0.4090909090909091
itercount --------> 6
[3, 4, 1]
[3, 4, 7]
[3, 4, 5]
[3, 4, 2]
[3, 4, 6]
[3, 4, 0]
[3, 4, 1, 7]
[3, 4, 1, 5]
[3, 4, 1, 2]
[3, 4, 1, 6]
[3, 4, 1, 0]
[3, 4, 1, 7, 5]
[3, 4, 1, 7, 2]
0.4090909090909091 0.45454545454545453
itercount --------> 7
[1, 2, 5]
[1, 2, 4]
[1, 2, 3]
[1, 2, 6]
[1, 2, 7]
0.45454545454545453 0.46875
itercount --------> 8
[2, 1, 5]
0.46875 0.4838709677419355
itercount --------> 9
[2, 1, 5]
0.4838709677419355 0.6818181818181818
itercount --------> 10
[1, 2, 5]
[1, 2, 3]
[1, 2, 4]
[1, 2, 6]
[1, 2, 7]
[1, 2, 0]
0.6818181818181818 0.7
itercount --------> 11
[5, 3, 4]
[5, 3, 0]
0.7 0.7368421052631579
itercount --------> 12
[3, 4, 5]
[3, 4, 0]
[3, 4, 1]
[3, 4, 2]
[3, 4, 6]
[3, 4, 7]
[3, 4, 5, 0]
[3, 4, 5, 1]
[3, 4, 5, 2]
[3, 4, 5, 6]
[3, 4, 5, 7]
[3, 4, 5, 0, 1]
[3, 4, 5, 0, 2]
[3, 4, 5, 0, 6]
[3, 4, 5, 0, 7]
[3, 4, 5, 0, 1, 2]
[3, 4, 5, 0, 1, 6]
[3, 4, 5, 0, 1, 7]
[3, 4, 5, 0, 1, 2, 6]
[3, 4, 5, 0, 1, 2, 7]
[3, 4, 5, 0, 1, 2, 6, 7]
failed -> 43 times
after fail n ======> 6
[6, 1, 2, 3, 5, 4]
0.1282051282051282 0.14285714285714285
itercount --------> 1
[2, 6, 1]
0.14285714285714285 0.21739130434782608
itercount --------> 2
[6, 2, 4]
0.21739130434782608 0.2692307692307692
itercount --------> 3
[4, 3, 1]
0.2692307692307692 0.30434782608695654
itercount --------> 4
[4, 3, 7]
[4, 3, 5]
[4, 3, 6]
[4, 3, 1]
[4, 3, 2]
[4, 3, 0]
[4, 3, 7, 5]
0.30434782608695654 0.3333333333333333
itercount --------> 5
[5, 4, 6]
[5, 4, 3]
[5, 4, 7]
[5, 4, 1]
0.3333333333333333 0.5
itercount --------> 6
[4, 6, 3]
[4, 6, 7]
[4, 6, 1]
[4, 6, 2]
[4, 6, 5]
[4, 6, 0]
[4, 6, 3, 7]
[4, 6, 3, 1]
[4, 6, 3, 2]
[4, 6, 3, 5]
[4, 6, 3, 0]
[4, 6, 3, 7, 1]
[4, 6, 3, 7, 2]
[4, 6, 3, 7, 5]
[4, 6, 3, 7, 0]
[4, 6, 3, 7, 1, 2]
[4, 6, 3, 7, 1, 5]
[4, 6, 3, 7, 1, 0]
[4, 6, 3, 7, 1, 2, 5]
[4, 6, 3, 7, 1, 2, 0]
[4, 6, 3, 7, 1, 2, 5, 0]
failed -> 44 times
after fail n ======> 7
[6, 1, 2, 3, 5, 4, 0]
0.1282051282051282 0.14285714285714285
itercount --------> 1
[1, 2, 3]
0.14285714285714285 0.22448979591836735
itercount --------> 2
[1, 2, 7]
0.22448979591836735 0.38095238095238093
itercount --------> 3
[7, 5, 1]
0.38095238095238093 0.3888888888888889
itercount --------> 4
[7, 3, 4]
[7, 3, 5]
[7, 3, 6]
[7, 3, 0]
[7, 3, 1]
[7, 3, 2]
[7, 3, 4, 5]
[7, 3, 4, 6]
[7, 3, 4, 0]
[7, 3, 4, 1]
[7, 3, 4, 2]
[7, 3, 4, 5, 6]
0.3888888888888889 0.42105263157894735
itercount --------> 5
[7, 4, 5]
[7, 4, 3]
[7, 4, 6]
[7, 4, 0]
[7, 4, 1]
[7, 4, 2]
[7, 4, 5, 3]
[7, 4, 5, 6]
[7, 4, 5, 0]
[7, 4, 5, 1]
[7, 4, 5, 2]
0.42105263157894735 0.4444444444444444
itercount --------> 6
[7, 3, 4]
[7, 3, 6]
[7, 3, 0]
[7, 3, 1]
[7, 3, 2]
[7, 3, 5]
[7, 3, 4, 6]
[7, 3, 4, 0]
[7, 3, 4, 1]
[7, 3, 4, 2]
[7, 3, 4, 5]
[7, 3, 4, 6, 0]
[7, 3, 4, 6, 1]
[7, 3, 4, 6, 2]
[7, 3, 4, 6, 5]
[7, 3, 4, 6, 0, 1]
[7, 3, 4, 6, 0, 2]
[7, 3, 4, 6, 0, 5]
[7, 3, 4, 6, 0, 1, 2]
[7, 3, 4, 6, 0, 1, 5]
[7, 3, 4, 6, 0, 1, 2, 5]
failed -> 45 times
after fail n ======> 8
[6, 1, 2, 3, 5, 4, 0, 7]
0.1282051282051282 0.2
itercount --------> 1
[1, 6, 3]
0.2 0.23809523809523808
itercount --------> 2
[6, 4, 3]
0.23809523809523808 0.38095238095238093
itercount --------> 3
[3, 4, 1]
[3, 4, 2]
[3, 4, 5]
[3, 4, 6]
[3, 4, 7]
[3, 4, 0]
[3, 4, 1, 2]
0.38095238095238093 0.42105263157894735
itercount --------> 4
[3, 4, 1]
[3, 4, 2]
[3, 4, 5]
[3, 4, 6]
0.42105263157894735 0.45454545454545453
itercount --------> 5
[3, 7, 1]
[3, 7, 2]
[3, 7, 4]
[3, 7, 6]
[3, 7, 5]
[3, 7, 0]
[3, 7, 1, 2]
[3, 7, 1, 4]
[3, 7, 1, 6]
[3, 7, 1, 5]
0.45454545454545453 0.4583333333333333
itercount --------> 6
[1, 2, 7]
[1, 2, 5]
0.4583333333333333 0.5238095238095238
itercount --------> 7
[7, 1, 2]
[7, 1, 4]
[7, 1, 3]
0.5238095238095238 0.6521739130434783
itercount --------> 8
[1, 2, 5]
[1, 2, 3]
0.6521739130434783 0.6818181818181818
itercount --------> 9
[1, 2, 5]
[1, 2, 3]
[1, 2, 4]
[1, 2, 6]
[1, 2, 7]
[1, 2, 0]
0.6818181818181818 0.7368421052631579
itercount --------> 10
[3, 4, 5]
[3, 4, 0]
[3, 4, 1]
[3, 4, 2]
[3, 4, 6]
[3, 4, 7]
[3, 4, 5, 0]
[3, 4, 5, 1]
[3, 4, 5, 2]
[3, 4, 5, 6]
[3, 4, 5, 7]
[3, 4, 5, 0, 1]
0.7368421052631579 0.7894736842105263
itercount --------> 11
[3, 5, 4]
[3, 5, 1]
[3, 5, 2]
[3, 5, 6]
[3, 5, 7]
[3, 5, 0]
[3, 5, 4, 1]
[3, 5, 4, 2]
[3, 5, 4, 6]
[3, 5, 4, 7]
[3, 5, 4, 0]
[3, 5, 4, 1, 2]
[3, 5, 4, 1, 6]
[3, 5, 4, 1, 7]
[3, 5, 4, 1, 0]
[3, 5, 4, 1, 2, 6]
[3, 5, 4, 1, 2, 7]
[3, 5, 4, 1, 2, 0]
[3, 5, 4, 1, 2, 6, 7]
[3, 5, 4, 1, 2, 6, 0]
[3, 5, 4, 1, 2, 6, 7, 0]
failed -> 46 times
after fail n ======> 5
[6, 1, 2, 3, 5]
0.1282051282051282 0.2777777777777778
itercount --------> 1
[1, 2, 5]
[1, 2, 6]
[1, 2, 3]
[1, 2, 4]
[1, 2, 0]
[1, 2, 7]
[1, 2, 5, 6]
0.2777777777777778 0.3333333333333333
itercount --------> 2
[3, 1, 4]
0.3333333333333333 0.36
itercount --------> 3
[1, 2, 3]
[1, 2, 4]
[1, 2, 7]
0.36 0.36363636363636365
itercount --------> 4
[1, 7, 3]
[1, 7, 4]
[1, 7, 2]
[1, 7, 6]
[1, 7, 5]
[1, 7, 0]
[1, 7, 3, 4]
0.36363636363636365 0.45454545454545453
itercount --------> 5
[1, 3, 4]
[1, 3, 7]
[1, 3, 6]
[1, 3, 5]
[1, 3, 2]
[1, 3, 0]
[1, 3, 4, 7]
[1, 3, 4, 6]
[1, 3, 4, 5]
[1, 3, 4, 2]
[1, 3, 4, 0]
[1, 3, 4, 7, 6]
[1, 3, 4, 7, 5]
0.45454545454545453 0.48
itercount --------> 6
[3, 1, 7]
[3, 1, 4]
[3, 1, 5]
[3, 1, 6]
[3, 1, 2]
[3, 1, 0]
[3, 1, 7, 4]
[3, 1, 7, 5]
[3, 1, 7, 6]
[3, 1, 7, 2]
[3, 1, 7, 0]
[3, 1, 7, 4, 5]
[3, 1, 7, 4, 6]
[3, 1, 7, 4, 2]
[3, 1, 7, 4, 0]
[3, 1, 7, 4, 5, 6]
[3, 1, 7, 4, 5, 2]
[3, 1, 7, 4, 5, 0]
[3, 1, 7, 4, 5, 6, 2]
[3, 1, 7, 4, 5, 6, 0]
[3, 1, 7, 4, 5, 6, 2, 0]
0.48 0.5
itercount --------> 7
[3, 4, 7]
[3, 4, 1]
[3, 4, 5]
[3, 4, 6]
[3, 4, 0]
[3, 4, 2]
[3, 4, 7, 1]
[3, 4, 7, 5]
[3, 4, 7, 6]
[3, 4, 7, 0]
[3, 4, 7, 2]
[3, 4, 7, 1, 5]
[3, 4, 7, 1, 6]
[3, 4, 7, 1, 0]
0.5 0.5238095238095238
itercount --------> 8
[1, 7, 4]
[1, 7, 3]
[1, 7, 5]
[1, 7, 0]
[1, 7, 2]
[1, 7, 6]
[1, 7, 4, 3]
0.5238095238095238 0.6086956521739131
itercount --------> 9
[1, 4, 5]
[1, 4, 3]
[1, 4, 0]
[1, 4, 2]
[1, 4, 6]
[1, 4, 7]
[1, 4, 5, 3]
[1, 4, 5, 0]
0.6086956521739131 0.6363636363636364
itercount --------> 10
[1, 2, 5]
[1, 2, 0]
[1, 2, 3]
[1, 2, 4]
[1, 2, 7]
[1, 2, 6]
[1, 2, 5, 0]
0.6363636363636364 0.7
itercount --------> 11
[5, 0, 3]
[5, 0, 4]
[5, 0, 1]
[5, 0, 2]
[5, 0, 6]
[5, 0, 7]
[5, 0, 3, 4]
0.7 0.7368421052631579
itercount --------> 12
[3, 4, 5]
[3, 4, 0]
[3, 4, 1]
[3, 4, 2]
[3, 4, 6]
[3, 4, 7]
[3, 4, 5, 0]
[3, 4, 5, 1]
[3, 4, 5, 2]
[3, 4, 5, 6]
[3, 4, 5, 7]
[3, 4, 5, 0, 1]
[3, 4, 5, 0, 2]
[3, 4, 5, 0, 6]
[3, 4, 5, 0, 7]
[3, 4, 5, 0, 1, 2]
[3, 4, 5, 0, 1, 6]
0.7368421052631579 0.75
itercount --------> 13
[0, 1, 2]
[0, 1, 3]
[0, 1, 4]
[0, 1, 5]
[0, 1, 6]
[0, 1, 7]
[0, 1, 2, 3]
[0, 1, 2, 4]
[0, 1, 2, 5]
[0, 1, 2, 6]
[0, 1, 2, 7]
[0, 1, 2, 3, 4]
[0, 1, 2, 3, 5]
[0, 1, 2, 3, 6]
[0, 1, 2, 3, 7]
[0, 1, 2, 3, 4, 5]
0.75 0.7894736842105263
itercount --------> 14
[0, 3, 4]
[0, 3, 1]
[0, 3, 2]
[0, 3, 5]
[0, 3, 6]
[0, 3, 7]
[0, 3, 4, 1]
[0, 3, 4, 2]
[0, 3, 4, 5]
[0, 3, 4, 6]
[0, 3, 4, 7]
[0, 3, 4, 1, 2]
[0, 3, 4, 1, 5]
[0, 3, 4, 1, 6]
[0, 3, 4, 1, 7]
[0, 3, 4, 1, 2, 5]
[0, 3, 4, 1, 2, 6]
[0, 3, 4, 1, 2, 7]
[0, 3, 4, 1, 2, 5, 6]
[0, 3, 4, 1, 2, 5, 7]
[0, 3, 4, 1, 2, 5, 6, 7]
failed -> 47 times
after fail n ======> 6
[6, 1, 2, 3, 5, 4]
0.1282051282051282 0.2
itercount --------> 1
[1, 6, 3]
0.2 0.21052631578947367
itercount --------> 2
[6, 3, 4]
[6, 3, 7]
0.21052631578947367 0.2777777777777778
itercount --------> 3
[2, 6, 5]
0.2777777777777778 0.36363636363636365
itercount --------> 4
[3, 4, 5]
[3, 4, 1]
[3, 4, 2]
[3, 4, 6]
[3, 4, 7]
0.36363636363636365 0.39285714285714285
itercount --------> 5
[1, 3, 6]
[1, 3, 2]
0.39285714285714285 0.4
itercount --------> 6
[3, 5, 4]
0.4 0.4230769230769231
itercount --------> 7
[5, 3, 6]
0.4230769230769231 0.4444444444444444
itercount --------> 8
[6, 3, 4]
[6, 3, 5]
[6, 3, 7]
[6, 3, 0]
[6, 3, 1]
0.4444444444444444 0.45454545454545453
itercount --------> 9
[3, 6, 1]
[3, 6, 2]
[3, 6, 4]
[3, 6, 7]
[3, 6, 5]
[3, 6, 0]
[3, 6, 1, 2]
[3, 6, 1, 4]
[3, 6, 1, 7]
[3, 6, 1, 5]
[3, 6, 1, 0]
0.45454545454545453 0.47368421052631576
itercount --------> 10
[3, 6, 4]
[3, 6, 7]
[3, 6, 5]
[3, 6, 0]
0.47368421052631576 0.5789473684210527
itercount --------> 11
[6, 1, 2]
[6, 1, 3]
0.5789473684210527 0.7142857142857143
itercount --------> 12
[5, 0, 1]
[5, 0, 2]
[5, 0, 3]
[5, 0, 4]
[5, 0, 6]
[5, 0, 7]
[5, 0, 1, 2]
[5, 0, 1, 3]
[5, 0, 1, 4]
[5, 0, 1, 6]
[5, 0, 1, 7]
[5, 0, 1, 2, 3]
[5, 0, 1, 2, 4]
[5, 0, 1, 2, 6]
[5, 0, 1, 2, 7]
[5, 0, 1, 2, 3, 4]
[5, 0, 1, 2, 3, 6]
0.7142857142857143 0.75
itercount --------> 13
[3, 5, 4]
[3, 5, 6]
[3, 5, 0]
[3, 5, 1]
[3, 5, 2]
[3, 5, 7]
[3, 5, 4, 6]
[3, 5, 4, 0]
[3, 5, 4, 1]
[3, 5, 4, 2]
[3, 5, 4, 7]
[3, 5, 4, 6, 0]
[3, 5, 4, 6, 1]
[3, 5, 4, 6, 2]
[3, 5, 4, 6, 7]
[3, 5, 4, 6, 0, 1]
[3, 5, 4, 6, 0, 2]
[3, 5, 4, 6, 0, 7]
[3, 5, 4, 6, 0, 1, 2]
[3, 5, 4, 6, 0, 1, 7]
[3, 5, 4, 6, 0, 1, 2, 7]
failed -> 48 times
after fail n ======> 7
[6, 1, 2, 3, 5, 4, 0]
0.1282051282051282 0.13043478260869565
itercount --------> 1
[1, 2, 0]
0.13043478260869565 0.1724137931034483
itercount --------> 2
[1, 6, 2]
[1, 6, 3]
0.1724137931034483 0.2631578947368421
itercount --------> 3
[6, 3, 4]
0.2631578947368421 0.2727272727272727
itercount --------> 4
[3, 4, 6]
0.2727272727272727 0.3333333333333333
itercount --------> 5
[4, 3, 6]
[4, 3, 7]
[4, 3, 1]
[4, 3, 2]
[4, 3, 0]
[4, 3, 5]
[4, 3, 6, 7]
[4, 3, 6, 1]
[4, 3, 6, 2]
[4, 3, 6, 0]
0.3333333333333333 0.37037037037037035
itercount --------> 6
[2, 3, 0]
[2, 3, 7]
[2, 3, 4]
[2, 3, 6]
[2, 3, 1]
[2, 3, 5]
0.37037037037037035 0.42857142857142855
itercount --------> 7
[3, 7, 4]
[3, 7, 0]
[3, 7, 2]
[3, 7, 5]
[3, 7, 6]
[3, 7, 1]
[3, 7, 4, 0]
0.42857142857142855 0.44
itercount --------> 8
[0, 7, 2]
[0, 7, 1]
0.44 0.5263157894736842
itercount --------> 9
[7, 0, 4]
[7, 0, 1]
[7, 0, 2]
[7, 0, 3]
0.5263157894736842 0.7
itercount --------> 10
[0, 5, 1]
[0, 5, 2]
[0, 5, 3]
[0, 5, 4]
[0, 5, 6]
0.7 0.7142857142857143
itercount --------> 11
[0, 1, 2]
[0, 1, 5]
[0, 1, 3]
[0, 1, 4]
[0, 1, 6]
[0, 1, 7]
[0, 1, 2, 5]
[0, 1, 2, 3]
[0, 1, 2, 4]
[0, 1, 2, 6]
[0, 1, 2, 7]
[0, 1, 2, 5, 3]
[0, 1, 2, 5, 4]
[0, 1, 2, 5, 6]
[0, 1, 2, 5, 7]
[0, 1, 2, 5, 3, 4]
[0, 1, 2, 5, 3, 6]
[0, 1, 2, 5, 3, 7]
0.7142857142857143 0.7368421052631579
itercount --------> 12
[3, 4, 0]
[3, 4, 5]
[3, 4, 6]
[3, 4, 7]
[3, 4, 1]
[3, 4, 2]
[3, 4, 0, 5]
0.7368421052631579 0.7894736842105263
itercount --------> 13
[0, 3, 4]
[0, 3, 1]
[0, 3, 2]
[0, 3, 5]
[0, 3, 6]
[0, 3, 7]
[0, 3, 4, 1]
[0, 3, 4, 2]
[0, 3, 4, 5]
[0, 3, 4, 6]
[0, 3, 4, 7]
[0, 3, 4, 1, 2]
[0, 3, 4, 1, 5]
[0, 3, 4, 1, 6]
[0, 3, 4, 1, 7]
[0, 3, 4, 1, 2, 5]
[0, 3, 4, 1, 2, 6]
[0, 3, 4, 1, 2, 7]
[0, 3, 4, 1, 2, 5, 6]
[0, 3, 4, 1, 2, 5, 7]
[0, 3, 4, 1, 2, 5, 6, 7]
failed -> 49 times
after fail n ======> 8
[6, 1, 2, 3, 5, 4, 0, 7]
0.1282051282051282 0.1320754716981132
itercount --------> 1
[1, 2, 5]
0.1320754716981132 0.22580645161290322
itercount --------> 2
[1, 2, 0]
0.22580645161290322 0.2857142857142857
itercount --------> 3
[5, 1, 2]
[5, 1, 3]
[5, 1, 4]
[5, 1, 6]
0.2857142857142857 0.3
itercount --------> 4
[1, 2, 5]
[1, 2, 3]
[1, 2, 7]
[1, 2, 0]
0.3 0.3333333333333333
itercount --------> 5
[1, 2, 5]
[1, 2, 0]
[1, 2, 3]
[1, 2, 6]
[1, 2, 7]
[1, 2, 4]
[1, 2, 5, 0]
[1, 2, 5, 3]
[1, 2, 5, 6]
[1, 2, 5, 7]
0.3333333333333333 0.4444444444444444
itercount --------> 6
[3, 1, 2]
0.4444444444444444 0.5
itercount --------> 7
[3, 1, 2]
[3, 1, 5]
[3, 1, 0]
[3, 1, 6]
0.5 0.5263157894736842
itercount --------> 8
[1, 3, 5]
[1, 3, 0]
0.5263157894736842 0.5555555555555556
itercount --------> 9
[3, 1, 2]
[3, 1, 5]
[3, 1, 0]
[3, 1, 7]
0.5555555555555556 0.6666666666666666
itercount --------> 10
[1, 2, 5]
[1, 2, 0]
[1, 2, 3]
[1, 2, 4]
[1, 2, 6]
[1, 2, 7]
[1, 2, 5, 0]
[1, 2, 5, 3]
[1, 2, 5, 4]
0.6666666666666666 0.7058823529411765
itercount --------> 11
[1, 2, 3]
[1, 2, 5]
[1, 2, 0]
[1, 2, 4]
[1, 2, 6]
[1, 2, 7]
[1, 2, 3, 5]
[1, 2, 3, 0]
[1, 2, 3, 4]
[1, 2, 3, 6]
[1, 2, 3, 7]
[1, 2, 3, 5, 0]
[1, 2, 3, 5, 4]
[1, 2, 3, 5, 6]
[1, 2, 3, 5, 7]
[1, 2, 3, 5, 0, 4]
[1, 2, 3, 5, 0, 6]
[1, 2, 3, 5, 0, 7]
[1, 2, 3, 5, 0, 4, 6]
[1, 2, 3, 5, 0, 4, 7]
[1, 2, 3, 5, 0, 4, 6, 7]
failed -> 50 times
after fail n ======> 5
Runs with the maximum attractor JI -> [3, 38]
