{1: 38, 2: 38, 5: 19, 0: 18, 3: 16, 4: 11, 6: 11, 7: 11}
[1, 2, 5]
0.1320754716981132 0.1875
itercount --------> 1
[1, 2, 0]
0.1875 0.2
itercount --------> 2
[1, 3, 5]
[1, 3, 6]
0.2 0.2857142857142857
itercount --------> 3
[1, 3, 5]
[1, 3, 6]
[1, 3, 7]
[1, 3, 2]
0.2857142857142857 0.3333333333333333
itercount --------> 4
[1, 2, 5]
0.3333333333333333 0.35
itercount --------> 5
[5, 1, 2]
[5, 1, 3]
[5, 1, 4]
0.35 0.42105263157894735
itercount --------> 6
[3, 4, 6]
0.42105263157894735 0.5
itercount --------> 7
[3, 7, 4]
[3, 7, 6]
[3, 7, 0]
0.5 0.5217391304347826
itercount --------> 8
[7, 1, 2]
[7, 1, 3]
[7, 1, 4]
[7, 1, 5]
[7, 1, 0]
[7, 1, 6]
[7, 1, 2, 3]
[7, 1, 2, 4]
[7, 1, 2, 5]
0.5217391304347826 0.55
itercount --------> 9
[7, 4, 1]
[7, 4, 2]
[7, 4, 3]
0.55 0.6521739130434783
itercount --------> 10
[0, 5, 1]
[0, 5, 2]
0.6521739130434783 0.7
itercount --------> 11
[0, 5, 1]
[0, 5, 2]
[0, 5, 3]
[0, 5, 4]
[0, 5, 6]
[0, 5, 7]
[0, 5, 1, 2]
[0, 5, 1, 3]
[0, 5, 1, 4]
[0, 5, 1, 6]
[0, 5, 1, 7]
0.7 0.7368421052631579
itercount --------> 12
[3, 4, 5]
[3, 4, 0]
[3, 4, 1]
[3, 4, 2]
[3, 4, 6]
[3, 4, 7]
[3, 4, 5, 0]
0.7368421052631579 0.8
itercount --------> 13
[3, 4, 1]
[3, 4, 2]
[3, 4, 5]
[3, 4, 6]
[3, 4, 7]
[3, 4, 0]
[3, 4, 1, 2]
[3, 4, 1, 5]
[3, 4, 1, 6]
[3, 4, 1, 7]
[3, 4, 1, 0]
[3, 4, 1, 2, 5]
[3, 4, 1, 2, 6]
[3, 4, 1, 2, 7]
[3, 4, 1, 2, 0]
[3, 4, 1, 2, 5, 6]
[3, 4, 1, 2, 5, 7]
[3, 4, 1, 2, 5, 0]
[3, 4, 1, 2, 5, 6, 7]
[3, 4, 1, 2, 5, 6, 0]
[3, 4, 1, 2, 5, 6, 7, 0]
failed Once
after fail n ======> 4
[1, 2, 5, 0]
0.1320754716981132 0.1875
itercount --------> 1
[2, 1, 3]
[2, 1, 5]
0.1875 0.2777777777777778
itercount --------> 2
[1, 2, 5]
0.2777777777777778 0.2857142857142857
itercount --------> 3
[1, 5, 3]
0.2857142857142857 0.35
itercount --------> 4
[5, 1, 3]
[5, 1, 4]
0.35 0.42105263157894735
itercount --------> 5
[3, 4, 6]
[3, 4, 7]
0.42105263157894735 0.5
itercount --------> 6
[3, 6, 4]
[3, 6, 7]
[3, 6, 0]
[3, 6, 1]
[3, 6, 2]
[3, 6, 5]
[3, 6, 4, 7]
[3, 6, 4, 0]
[3, 6, 4, 1]
[3, 6, 4, 2]
[3, 6, 4, 5]
[3, 6, 4, 7, 0]
0.5 0.5217391304347826
itercount --------> 7
[6, 1, 4]
[6, 1, 0]
[6, 1, 3]
0.5217391304347826 0.6153846153846154
itercount --------> 8
[0, 1, 2]
[0, 1, 5]
0.6153846153846154 0.6521739130434783
itercount --------> 9
[0, 5, 1]
0.6521739130434783 0.7
itercount --------> 10
[0, 5, 1]
[0, 5, 2]
[0, 5, 3]
[0, 5, 4]
[0, 5, 7]
[0, 5, 6]
0.7 0.7368421052631579
itercount --------> 11
[3, 4, 5]
[3, 4, 0]
[3, 4, 1]
[3, 4, 2]
[3, 4, 6]
[3, 4, 7]
[3, 4, 5, 0]
0.7368421052631579 0.7894736842105263
itercount --------> 12
[0, 3, 4]
[0, 3, 1]
[0, 3, 2]
[0, 3, 5]
[0, 3, 6]
[0, 3, 7]
[0, 3, 4, 1]
[0, 3, 4, 2]
0.7894736842105263 0.8
itercount --------> 13
[3, 4, 1]
[3, 4, 2]
[3, 4, 5]
[3, 4, 6]
[3, 4, 7]
[3, 4, 0]
[3, 4, 1, 2]
[3, 4, 1, 5]
[3, 4, 1, 6]
[3, 4, 1, 7]
[3, 4, 1, 0]
[3, 4, 1, 2, 5]
[3, 4, 1, 2, 6]
[3, 4, 1, 2, 7]
[3, 4, 1, 2, 0]
[3, 4, 1, 2, 5, 6]
[3, 4, 1, 2, 5, 7]
[3, 4, 1, 2, 5, 0]
[3, 4, 1, 2, 5, 6, 7]
[3, 4, 1, 2, 5, 6, 0]
[3, 4, 1, 2, 5, 6, 7, 0]
0.8 0.8421052631578947
itercount --------> 14
[3, 1, 2]
[3, 1, 4]
[3, 1, 5]
[3, 1, 6]
[3, 1, 7]
[3, 1, 0]
[3, 1, 2, 4]
[3, 1, 2, 5]
[3, 1, 2, 6]
[3, 1, 2, 7]
[3, 1, 2, 0]
[3, 1, 2, 4, 5]
[3, 1, 2, 4, 6]
[3, 1, 2, 4, 7]
[3, 1, 2, 4, 0]
[3, 1, 2, 4, 5, 6]
[3, 1, 2, 4, 5, 7]
[3, 1, 2, 4, 5, 0]
[3, 1, 2, 4, 5, 6, 7]
[3, 1, 2, 4, 5, 6, 0]
[3, 1, 2, 4, 5, 6, 7, 0]
failed -> 2 times
after fail n ======> 5
[1, 2, 5, 0, 3]
0.1320754716981132 0.1875
itercount --------> 1
[2, 1, 0]
[2, 1, 3]
0.1875 0.35
itercount --------> 2
[1, 2, 5]
[1, 2, 3]
[1, 2, 6]
[1, 2, 7]
[1, 2, 0]
[1, 2, 4]
0.35 0.4
itercount --------> 3
[3, 4, 1]
[3, 4, 2]
[3, 4, 5]
[3, 4, 6]
0.4 0.47619047619047616
itercount --------> 4
[3, 7, 4]
[3, 7, 6]
[3, 7, 1]
[3, 7, 2]
[3, 7, 5]
0.47619047619047616 0.5
itercount --------> 5
[5, 7, 3]
0.5 0.5517241379310345
itercount --------> 6
[5, 3, 4]
[5, 3, 6]
[5, 3, 1]
0.5517241379310345 0.64
itercount --------> 7
[5, 1, 2]
0.64 0.6521739130434783
itercount --------> 8
[1, 2, 5]
[1, 2, 3]
0.6521739130434783 0.6818181818181818
itercount --------> 9
[1, 2, 3]
[1, 2, 4]
[1, 2, 5]
[1, 2, 0]
[1, 2, 6]
[1, 2, 7]
[1, 2, 3, 4]
[1, 2, 3, 5]
[1, 2, 3, 0]
0.6818181818181818 0.7368421052631579
itercount --------> 10
[3, 4, 5]
[3, 4, 0]
[3, 4, 1]
[3, 4, 2]
[3, 4, 6]
[3, 4, 7]
[3, 4, 5, 0]
[3, 4, 5, 1]
[3, 4, 5, 2]
[3, 4, 5, 6]
[3, 4, 5, 7]
[3, 4, 5, 0, 1]
0.7368421052631579 0.75
itercount --------> 11
[3, 4, 5]
[3, 4, 1]
[3, 4, 2]
[3, 4, 6]
[3, 4, 7]
[3, 4, 0]
[3, 4, 5, 1]
[3, 4, 5, 2]
[3, 4, 5, 6]
[3, 4, 5, 7]
[3, 4, 5, 0]
[3, 4, 5, 1, 2]
[3, 4, 5, 1, 6]
0.75 0.7619047619047619
itercount --------> 12
[4, 3, 5]
[4, 3, 1]
[4, 3, 2]
[4, 3, 6]
[4, 3, 7]
[4, 3, 0]
[4, 3, 5, 1]
[4, 3, 5, 2]
0.7619047619047619 0.8
itercount --------> 13
[3, 4, 1]
[3, 4, 2]
[3, 4, 5]
[3, 4, 6]
[3, 4, 7]
[3, 4, 0]
[3, 4, 1, 2]
[3, 4, 1, 5]
[3, 4, 1, 6]
[3, 4, 1, 7]
[3, 4, 1, 0]
[3, 4, 1, 2, 5]
[3, 4, 1, 2, 6]
[3, 4, 1, 2, 7]
[3, 4, 1, 2, 0]
[3, 4, 1, 2, 5, 6]
[3, 4, 1, 2, 5, 7]
[3, 4, 1, 2, 5, 0]
0.8 0.8421052631578947
itercount --------> 14
[3, 1, 2]
[3, 1, 4]
[3, 1, 5]
[3, 1, 6]
[3, 1, 7]
[3, 1, 0]
[3, 1, 2, 4]
[3, 1, 2, 5]
[3, 1, 2, 6]
[3, 1, 2, 7]
[3, 1, 2, 0]
[3, 1, 2, 4, 5]
[3, 1, 2, 4, 6]
[3, 1, 2, 4, 7]
[3, 1, 2, 4, 0]
[3, 1, 2, 4, 5, 6]
[3, 1, 2, 4, 5, 7]
[3, 1, 2, 4, 5, 0]
[3, 1, 2, 4, 5, 6, 7]
[3, 1, 2, 4, 5, 6, 0]
[3, 1, 2, 4, 5, 6, 7, 0]
failed -> 3 times
after fail n ======> 6
[1, 2, 5, 0, 3, 4]
0.1320754716981132 0.22580645161290322
itercount --------> 1
[2, 1, 3]
0.22580645161290322 0.35
itercount --------> 2
[1, 2, 5]
[1, 2, 3]
[1, 2, 6]
[1, 2, 7]
[1, 2, 0]
[1, 2, 4]
0.35 0.4
itercount --------> 3
[3, 4, 1]
[3, 4, 2]
[3, 4, 5]
[3, 4, 6]
0.4 0.47619047619047616
itercount --------> 4
[3, 7, 4]
[3, 7, 6]
[3, 7, 1]
[3, 7, 2]
[3, 7, 5]
[3, 7, 0]
[3, 7, 4, 6]
[3, 7, 4, 1]
[3, 7, 4, 2]
[3, 7, 4, 5]
[3, 7, 4, 0]
[3, 7, 4, 6, 1]
[3, 7, 4, 6, 2]
[3, 7, 4, 6, 5]
[3, 7, 4, 6, 0]
[3, 7, 4, 6, 1, 2]
[3, 7, 4, 6, 1, 5]
0.47619047619047616 0.5
itercount --------> 5
[5, 7, 3]
0.5 0.5517241379310345
itercount --------> 6
[5, 3, 4]
[5, 3, 6]
[5, 3, 1]
[5, 3, 2]
0.5517241379310345 0.6818181818181818
itercount --------> 7
[1, 2, 3]
[1, 2, 4]
[1, 2, 5]
[1, 2, 0]
0.6818181818181818 0.7368421052631579
itercount --------> 8
[3, 4, 5]
[3, 4, 0]
[3, 4, 1]
[3, 4, 2]
[3, 4, 6]
[3, 4, 7]
[3, 4, 5, 0]
0.7368421052631579 0.75
itercount --------> 9
[3, 4, 5]
[3, 4, 1]
[3, 4, 2]
[3, 4, 6]
[3, 4, 7]
[3, 4, 0]
[3, 4, 5, 1]
[3, 4, 5, 2]
[3, 4, 5, 6]
[3, 4, 5, 7]
[3, 4, 5, 0]
[3, 4, 5, 1, 2]
[3, 4, 5, 1, 6]
[3, 4, 5, 1, 7]
[3, 4, 5, 1, 0]
0.75 0.7894736842105263
itercount --------> 10
[3, 5, 4]
[3, 5, 1]
[3, 5, 2]
[3, 5, 6]
[3, 5, 7]
[3, 5, 0]
[3, 5, 4, 1]
[3, 5, 4, 2]
[3, 5, 4, 6]
[3, 5, 4, 7]
[3, 5, 4, 0]
[3, 5, 4, 1, 2]
[3, 5, 4, 1, 6]
[3, 5, 4, 1, 7]
[3, 5, 4, 1, 0]
[3, 5, 4, 1, 2, 6]
0.7894736842105263 0.8
itercount --------> 11
[3, 4, 5]
[3, 4, 1]
[3, 4, 2]
[3, 4, 6]
[3, 4, 7]
[3, 4, 0]
[3, 4, 5, 1]
[3, 4, 5, 2]
[3, 4, 5, 6]
[3, 4, 5, 7]
[3, 4, 5, 0]
[3, 4, 5, 1, 2]
[3, 4, 5, 1, 6]
[3, 4, 5, 1, 7]
[3, 4, 5, 1, 0]
[3, 4, 5, 1, 2, 6]
[3, 4, 5, 1, 2, 7]
[3, 4, 5, 1, 2, 0]
[3, 4, 5, 1, 2, 6, 7]
[3, 4, 5, 1, 2, 6, 0]
[3, 4, 5, 1, 2, 6, 7, 0]
failed -> 4 times
after fail n ======> 7
[1, 2, 5, 0, 3, 4, 6]
0.1320754716981132 0.15151515151515152
itercount --------> 1
[2, 1, 6]
0.15151515151515152 0.22727272727272727
itercount --------> 2
[6, 1, 2]
[6, 1, 5]
[6, 1, 3]
[6, 1, 7]
[6, 1, 0]
0.22727272727272727 0.25
itercount --------> 3
[5, 6, 3]
[5, 6, 1]
0.25 0.2608695652173913
itercount --------> 4
[2, 1, 3]
0.2608695652173913 0.3333333333333333
itercount --------> 5
[1, 2, 5]
0.3333333333333333 0.35
itercount --------> 6
[5, 1, 2]
[5, 1, 3]
[5, 1, 4]
0.35 0.3684210526315789
itercount --------> 7
[3, 4, 5]
[3, 4, 6]
0.3684210526315789 0.47619047619047616
itercount --------> 8
[3, 7, 4]
[3, 7, 5]
[3, 7, 6]
[3, 7, 0]
[3, 7, 1]
[3, 7, 2]
[3, 7, 4, 5]
[3, 7, 4, 6]
[3, 7, 4, 0]
[3, 7, 4, 1]
[3, 7, 4, 2]
[3, 7, 4, 5, 6]
[3, 7, 4, 5, 0]
[3, 7, 4, 5, 1]
0.47619047619047616 0.5
itercount --------> 9
[7, 5, 3]
[7, 5, 4]
[7, 5, 0]
[7, 5, 1]
[7, 5, 2]
[7, 5, 6]
[7, 5, 3, 4]
[7, 5, 3, 0]
[7, 5, 3, 1]
[7, 5, 3, 2]
[7, 5, 3, 6]
[7, 5, 3, 4, 0]
[7, 5, 3, 4, 1]
[7, 5, 3, 4, 2]
[7, 5, 3, 4, 6]
[7, 5, 3, 4, 0, 1]
[7, 5, 3, 4, 0, 2]
[7, 5, 3, 4, 0, 6]
[7, 5, 3, 4, 0, 1, 2]
[7, 5, 3, 4, 0, 1, 6]
[7, 5, 3, 4, 0, 1, 2, 6]
failed -> 5 times
after fail n ======> 8
[1, 2, 5, 0, 3, 4, 6, 7]
0.1320754716981132 0.1875
itercount --------> 1
[1, 2, 3]
0.1875 0.2
itercount --------> 2
[2, 1, 3]
0.2 0.24
itercount --------> 3
[1, 5, 3]
0.24 0.2857142857142857
itercount --------> 4
[1, 2, 0]
[1, 2, 5]
0.2857142857142857 0.3333333333333333
itercount --------> 5
[1, 2, 5]
0.3333333333333333 0.35
itercount --------> 6
[5, 2, 3]
[5, 2, 4]
0.35 0.3888888888888889
itercount --------> 7
[3, 4, 6]
0.3888888888888889 0.47368421052631576
itercount --------> 8
[3, 7, 4]
[3, 7, 6]
[3, 7, 5]
[3, 7, 0]
[3, 7, 1]
[3, 7, 2]
[3, 7, 4, 6]
[3, 7, 4, 5]
[3, 7, 4, 0]
0.47368421052631576 0.55
itercount --------> 9
[7, 4, 1]
[7, 4, 2]
[7, 4, 3]
0.55 0.6521739130434783
itercount --------> 10
[0, 5, 1]
[0, 5, 2]
0.6521739130434783 0.7
itercount --------> 11
[0, 5, 1]
[0, 5, 2]
[0, 5, 3]
[0, 5, 4]
[0, 5, 6]
[0, 5, 7]
[0, 5, 1, 2]
[0, 5, 1, 3]
[0, 5, 1, 4]
[0, 5, 1, 6]
[0, 5, 1, 7]
[0, 5, 1, 2, 3]
[0, 5, 1, 2, 4]
[0, 5, 1, 2, 6]
[0, 5, 1, 2, 7]
0.7 0.7368421052631579
itercount --------> 12
[3, 4, 5]
[3, 4, 0]
[3, 4, 1]
[3, 4, 2]
[3, 4, 6]
[3, 4, 7]
[3, 4, 5, 0]
0.7368421052631579 0.75
itercount --------> 13
[3, 4, 5]
[3, 4, 1]
[3, 4, 2]
[3, 4, 6]
[3, 4, 7]
[3, 4, 0]
[3, 4, 5, 1]
[3, 4, 5, 2]
[3, 4, 5, 6]
[3, 4, 5, 7]
[3, 4, 5, 0]
[3, 4, 5, 1, 2]
[3, 4, 5, 1, 6]
[3, 4, 5, 1, 7]
[3, 4, 5, 1, 0]
[3, 4, 5, 1, 2, 6]
[3, 4, 5, 1, 2, 7]
[3, 4, 5, 1, 2, 0]
[3, 4, 5, 1, 2, 6, 7]
[3, 4, 5, 1, 2, 6, 0]
0.75 0.7894736842105263
itercount --------> 14
[3, 5, 4]
[3, 5, 1]
[3, 5, 2]
[3, 5, 6]
[3, 5, 7]
[3, 5, 0]
[3, 5, 4, 1]
[3, 5, 4, 2]
[3, 5, 4, 6]
[3, 5, 4, 7]
[3, 5, 4, 0]
[3, 5, 4, 1, 2]
[3, 5, 4, 1, 6]
[3, 5, 4, 1, 7]
[3, 5, 4, 1, 0]
[3, 5, 4, 1, 2, 6]
[3, 5, 4, 1, 2, 7]
[3, 5, 4, 1, 2, 0]
[3, 5, 4, 1, 2, 6, 7]
[3, 5, 4, 1, 2, 6, 0]
[3, 5, 4, 1, 2, 6, 7, 0]
failed -> 6 times
after fail n ======> 5
[1, 2, 5, 0, 3]
0.1320754716981132 0.19047619047619047
itercount --------> 1
[1, 2, 5]
0.19047619047619047 0.22580645161290322
itercount --------> 2
[1, 2, 3]
[1, 2, 5]
0.22580645161290322 0.35
itercount --------> 3
[1, 2, 5]
[1, 2, 3]
[1, 2, 6]
[1, 2, 7]
[1, 2, 0]
[1, 2, 4]
0.35 0.4
itercount --------> 4
[3, 4, 1]
[3, 4, 2]
[3, 4, 5]
[3, 4, 6]
[3, 4, 7]
0.4 0.47619047619047616
itercount --------> 5
[3, 6, 4]
[3, 6, 7]
[3, 6, 1]
[3, 6, 2]
[3, 6, 5]
0.47619047619047616 0.5
itercount --------> 6
[5, 6, 3]
[5, 6, 4]
[5, 6, 1]
0.5 0.5238095238095238
itercount --------> 7
[6, 4, 3]
[6, 4, 1]
[6, 4, 2]
[6, 4, 0]
[6, 4, 5]
[6, 4, 7]
[6, 4, 3, 1]
0.5238095238095238 0.6818181818181818
itercount --------> 8
[1, 2, 3]
[1, 2, 4]
[1, 2, 5]
[1, 2, 0]
0.6818181818181818 0.7368421052631579
itercount --------> 9
[3, 4, 5]
[3, 4, 0]
[3, 4, 1]
[3, 4, 2]
[3, 4, 6]
[3, 4, 7]
[3, 4, 5, 0]
0.7368421052631579 0.75
itercount --------> 10
[3, 4, 5]
[3, 4, 1]
[3, 4, 2]
[3, 4, 6]
[3, 4, 7]
[3, 4, 0]
[3, 4, 5, 1]
[3, 4, 5, 2]
[3, 4, 5, 6]
[3, 4, 5, 7]
[3, 4, 5, 0]
[3, 4, 5, 1, 2]
[3, 4, 5, 1, 6]
[3, 4, 5, 1, 7]
0.75 0.7619047619047619
itercount --------> 11
[4, 3, 5]
[4, 3, 1]
[4, 3, 2]
[4, 3, 6]
[4, 3, 7]
[4, 3, 0]
[4, 3, 5, 1]
0.7619047619047619 0.8
itercount --------> 12
[3, 4, 1]
[3, 4, 2]
[3, 4, 5]
[3, 4, 6]
[3, 4, 7]
[3, 4, 0]
[3, 4, 1, 2]
[3, 4, 1, 5]
[3, 4, 1, 6]
[3, 4, 1, 7]
[3, 4, 1, 0]
[3, 4, 1, 2, 5]
[3, 4, 1, 2, 6]
[3, 4, 1, 2, 7]
[3, 4, 1, 2, 0]
[3, 4, 1, 2, 5, 6]
[3, 4, 1, 2, 5, 7]
[3, 4, 1, 2, 5, 0]
[3, 4, 1, 2, 5, 6, 7]
[3, 4, 1, 2, 5, 6, 0]
[3, 4, 1, 2, 5, 6, 7, 0]
failed -> 7 times
after fail n ======> 6
[1, 2, 5, 0, 3, 4]
0.1320754716981132 0.22580645161290322
itercount --------> 1
[1, 2, 0]
0.22580645161290322 0.2857142857142857
itercount --------> 2
[5, 1, 2]
[5, 1, 3]
[5, 1, 4]
[5, 1, 6]
0.2857142857142857 0.3684210526315789
itercount --------> 3
[5, 7, 3]
0.3684210526315789 0.4
itercount --------> 4
[5, 3, 6]
[5, 3, 7]
0.4 0.42857142857142855
itercount --------> 5
[5, 6, 1]
0.42857142857142855 0.44
itercount --------> 6
[5, 1, 3]
[5, 1, 2]
0.44 0.47619047619047616
itercount --------> 7
[1, 5, 3]
[1, 5, 2]
[1, 5, 0]
0.47619047619047616 0.5263157894736842
itercount --------> 8
[1, 2, 5]
[1, 2, 0]
[1, 2, 3]
[1, 2, 6]
[1, 2, 7]
[1, 2, 4]
0.5263157894736842 0.5555555555555556
itercount --------> 9
[1, 2, 5]
[1, 2, 0]
[1, 2, 6]
[1, 2, 3]
[1, 2, 4]
[1, 2, 7]
[1, 2, 5, 0]
[1, 2, 5, 6]
0.5555555555555556 0.5789473684210527
itercount --------> 10
[3, 5, 1]
0.5789473684210527 0.6111111111111112
itercount --------> 11
[3, 5, 4]
0.6111111111111112 0.631578947368421
itercount --------> 12
[6, 3, 4]
0.631578947368421 0.75
itercount --------> 13
[4, 0, 3]
[4, 0, 5]
0.75 0.7894736842105263
itercount --------> 14
[0, 3, 4]
[0, 3, 1]
[0, 3, 2]
[0, 3, 5]
[0, 3, 6]
[0, 3, 7]
[0, 3, 4, 1]
[0, 3, 4, 2]
[0, 3, 4, 5]
[0, 3, 4, 6]
[0, 3, 4, 7]
[0, 3, 4, 1, 2]
[0, 3, 4, 1, 5]
[0, 3, 4, 1, 6]
[0, 3, 4, 1, 7]
[0, 3, 4, 1, 2, 5]
[0, 3, 4, 1, 2, 6]
[0, 3, 4, 1, 2, 7]
[0, 3, 4, 1, 2, 5, 6]
[0, 3, 4, 1, 2, 5, 7]
[0, 3, 4, 1, 2, 5, 6, 7]
failed -> 8 times
after fail n ======> 7
[1, 2, 5, 0, 3, 4, 6]
0.1320754716981132 0.15555555555555556
itercount --------> 1
[2, 0, 1]
0.15555555555555556 0.25925925925925924
itercount --------> 2
[0, 1, 2]
0.25925925925925924 0.3
itercount --------> 3
[1, 2, 0]
[1, 2, 5]
[1, 2, 3]
[1, 2, 7]
0.3 0.3333333333333333
itercount --------> 4
[1, 2, 5]
[1, 2, 3]
0.3333333333333333 0.34615384615384615
itercount --------> 5
[1, 2, 5]
0.34615384615384615 0.375
itercount --------> 6
[1, 2, 5]
[1, 2, 3]
[1, 2, 0]
0.375 0.42857142857142855
itercount --------> 7
[1, 0, 2]
0.42857142857142855 0.45
itercount --------> 8
[1, 2, 0]
[1, 2, 3]
[1, 2, 5]
[1, 2, 7]
[1, 2, 6]
0.45 0.5
itercount --------> 9
[3, 1, 2]
[3, 1, 5]
[3, 1, 0]
[3, 1, 6]
0.5 0.5263157894736842
itercount --------> 10
[1, 3, 5]
[1, 3, 0]
[1, 3, 2]
[1, 3, 7]
[1, 3, 4]
[1, 3, 6]
[1, 3, 5, 0]
0.5263157894736842 0.5555555555555556
itercount --------> 11
[3, 1, 2]
[3, 1, 5]
[3, 1, 0]
[3, 1, 7]
[3, 1, 6]
[3, 1, 4]
0.5555555555555556 0.5789473684210527
itercount --------> 12
[7, 3, 0]
[7, 3, 4]
0.5789473684210527 0.7
itercount --------> 13
[5, 0, 3]
[5, 0, 4]
[5, 0, 1]
[5, 0, 2]
[5, 0, 6]
[5, 0, 7]
[5, 0, 3, 4]
[5, 0, 3, 1]
[5, 0, 3, 2]
[5, 0, 3, 6]
[5, 0, 3, 7]
[5, 0, 3, 4, 1]
[5, 0, 3, 4, 2]
[5, 0, 3, 4, 6]
[5, 0, 3, 4, 7]
[5, 0, 3, 4, 1, 2]
[5, 0, 3, 4, 1, 6]
[5, 0, 3, 4, 1, 7]
[5, 0, 3, 4, 1, 2, 6]
[5, 0, 3, 4, 1, 2, 7]
[5, 0, 3, 4, 1, 2, 6, 7]
failed -> 9 times
after fail n ======> 8
[1, 2, 5, 0, 3, 4, 6, 7]
0.1320754716981132 0.14285714285714285
itercount --------> 1
[1, 2, 3]
0.14285714285714285 0.2571428571428571
itercount --------> 2
[1, 2, 3]
0.2571428571428571 0.38461538461538464
itercount --------> 3
[3, 4, 6]
[3, 4, 7]
[3, 4, 1]
[3, 4, 2]
[3, 4, 5]
[3, 4, 0]
[3, 4, 6, 7]
[3, 4, 6, 1]
[3, 4, 6, 2]
[3, 4, 6, 5]
0.38461538461538464 0.4090909090909091
itercount --------> 4
[3, 1, 2]
[3, 1, 4]
[3, 1, 5]
[3, 1, 6]
[3, 1, 7]
[3, 1, 0]
[3, 1, 2, 4]
[3, 1, 2, 5]
[3, 1, 2, 6]
[3, 1, 2, 7]
[3, 1, 2, 0]
0.4090909090909091 0.42105263157894735
itercount --------> 5
[3, 4, 6]
0.42105263157894735 0.5
itercount --------> 6
[3, 7, 4]
[3, 7, 6]
[3, 7, 0]
0.5 0.5217391304347826
itercount --------> 7
[7, 1, 2]
[7, 1, 3]
0.5217391304347826 0.6153846153846154
itercount --------> 8
[0, 1, 2]
0.6153846153846154 0.6521739130434783
itercount --------> 9
[0, 1, 2]
[0, 1, 5]
0.6521739130434783 0.7
itercount --------> 10
[0, 5, 1]
0.7 0.7142857142857143
itercount --------> 11
[0, 1, 2]
[0, 1, 5]
[0, 1, 3]
[0, 1, 4]
[0, 1, 6]
[0, 1, 7]
[0, 1, 2, 5]
[0, 1, 2, 3]
[0, 1, 2, 4]
[0, 1, 2, 6]
[0, 1, 2, 7]
[0, 1, 2, 5, 3]
[0, 1, 2, 5, 4]
[0, 1, 2, 5, 6]
[0, 1, 2, 5, 7]
[0, 1, 2, 5, 3, 4]
[0, 1, 2, 5, 3, 6]
[0, 1, 2, 5, 3, 7]
[0, 1, 2, 5, 3, 4, 6]
[0, 1, 2, 5, 3, 4, 7]
[0, 1, 2, 5, 3, 4, 6, 7]
failed -> 10 times
after fail n ======> 5
[1, 2, 5, 0, 3]
0.1320754716981132 0.14893617021276595
itercount --------> 1
[0, 1, 2]
0.14893617021276595 0.22580645161290322
itercount --------> 2
[1, 2, 0]
0.22580645161290322 0.2857142857142857
itercount --------> 3
[5, 1, 2]
[5, 1, 3]
0.2857142857142857 0.35
itercount --------> 4
[5, 1, 2]
[5, 1, 3]
[5, 1, 4]
0.35 0.3888888888888889
itercount --------> 5
[3, 4, 6]
[3, 4, 7]
0.3888888888888889 0.47368421052631576
itercount --------> 6
[3, 6, 4]
[3, 6, 7]
[3, 6, 5]
0.47368421052631576 0.5238095238095238
itercount --------> 7
[5, 6, 3]
0.5238095238095238 0.5769230769230769
itercount --------> 8
[5, 3, 4]
[5, 3, 7]
[5, 3, 0]
0.5769230769230769 0.7272727272727273
itercount --------> 9
[4, 5, 3]
[4, 5, 1]
0.7272727272727273 0.8
itercount --------> 10
[3, 4, 1]
[3, 4, 2]
[3, 4, 5]
[3, 4, 6]
[3, 4, 7]
[3, 4, 0]
[3, 4, 1, 2]
[3, 4, 1, 5]
[3, 4, 1, 6]
[3, 4, 1, 7]
[3, 4, 1, 0]
[3, 4, 1, 2, 5]
[3, 4, 1, 2, 6]
[3, 4, 1, 2, 7]
[3, 4, 1, 2, 0]
[3, 4, 1, 2, 5, 6]
[3, 4, 1, 2, 5, 7]
[3, 4, 1, 2, 5, 0]
[3, 4, 1, 2, 5, 6, 7]
[3, 4, 1, 2, 5, 6, 0]
[3, 4, 1, 2, 5, 6, 7, 0]
failed -> 11 times
after fail n ======> 6
[1, 2, 5, 0, 3, 4]
0.1320754716981132 0.1875
itercount --------> 1
[2, 1, 0]
0.1875 0.2857142857142857
itercount --------> 2
[0, 1, 2]
[0, 1, 3]
0.2857142857142857 0.3333333333333333
itercount --------> 3
[1, 2, 5]
0.3333333333333333 0.35
itercount --------> 4
[5, 1, 2]
[5, 1, 3]
[5, 1, 4]
0.35 0.3684210526315789
itercount --------> 5
[3, 4, 5]
[3, 4, 6]
0.3684210526315789 0.47619047619047616
itercount --------> 6
[3, 7, 4]
[3, 7, 5]
[3, 7, 6]
[3, 7, 0]
[3, 7, 1]
[3, 7, 2]
[3, 7, 4, 5]
[3, 7, 4, 6]
[3, 7, 4, 0]
[3, 7, 4, 1]
0.47619047619047616 0.5
itercount --------> 7
[7, 5, 3]
[7, 5, 4]
[7, 5, 0]
[7, 5, 1]
[7, 5, 2]
[7, 5, 6]
[7, 5, 3, 4]
[7, 5, 3, 0]
[7, 5, 3, 1]
[7, 5, 3, 2]
[7, 5, 3, 6]
[7, 5, 3, 4, 0]
[7, 5, 3, 4, 1]
[7, 5, 3, 4, 2]
[7, 5, 3, 4, 6]
[7, 5, 3, 4, 0, 1]
[7, 5, 3, 4, 0, 2]
[7, 5, 3, 4, 0, 6]
[7, 5, 3, 4, 0, 1, 2]
0.5 0.55
itercount --------> 8
[7, 5, 3]
[7, 5, 4]
[7, 5, 1]
[7, 5, 2]
0.55 0.5555555555555556
itercount --------> 9
[7, 3, 4]
[7, 3, 5]
[7, 3, 1]
[7, 3, 2]
[7, 3, 6]
[7, 3, 0]
[7, 3, 4, 5]
[7, 3, 4, 1]
[7, 3, 4, 2]
[7, 3, 4, 6]
[7, 3, 4, 0]
[7, 3, 4, 5, 1]
[7, 3, 4, 5, 2]
[7, 3, 4, 5, 6]
[7, 3, 4, 5, 0]
[7, 3, 4, 5, 1, 2]
[7, 3, 4, 5, 1, 6]
[7, 3, 4, 5, 1, 0]
[7, 3, 4, 5, 1, 2, 6]
[7, 3, 4, 5, 1, 2, 0]
[7, 3, 4, 5, 1, 2, 6, 0]
failed -> 12 times
after fail n ======> 7
[1, 2, 5, 0, 3, 4, 6]
0.1320754716981132 0.14285714285714285
itercount --------> 1
[2, 1, 3]
[2, 1, 6]
[2, 1, 0]
0.14285714285714285 0.19047619047619047
itercount --------> 2
[6, 5, 1]
[6, 5, 2]
0.19047619047619047 0.3157894736842105
itercount --------> 3
[5, 3, 6]
[5, 3, 7]
0.3157894736842105 0.3684210526315789
itercount --------> 4
[5, 3, 6]
[5, 3, 4]
0.3684210526315789 0.42857142857142855
itercount --------> 5
[3, 4, 5]
[3, 4, 6]
[3, 4, 7]
[3, 4, 0]
[3, 4, 1]
[3, 4, 2]
[3, 4, 5, 6]
[3, 4, 5, 7]
[3, 4, 5, 0]
0.42857142857142855 0.5238095238095238
itercount --------> 6
[3, 6, 4]
[3, 6, 5]
[3, 6, 0]
[3, 6, 7]
[3, 6, 1]
[3, 6, 2]
0.5238095238095238 0.6
itercount --------> 7
[6, 3, 4]
0.6 0.65
itercount --------> 8
[5, 3, 1]
[5, 3, 2]
[5, 3, 0]
[5, 3, 4]
0.65 0.6521739130434783
itercount --------> 9
[1, 2, 5]
[1, 2, 3]
[1, 2, 4]
[1, 2, 0]
0.6521739130434783 0.7142857142857143
itercount --------> 10
[0, 4, 5]
[0, 4, 1]
[0, 4, 2]
[0, 4, 3]
[0, 4, 6]
[0, 4, 7]
[0, 4, 5, 1]
0.7142857142857143 0.75
itercount --------> 11
[4, 0, 3]
[4, 0, 5]
[4, 0, 1]
[4, 0, 2]
[4, 0, 6]
[4, 0, 7]
[4, 0, 3, 5]
[4, 0, 3, 1]
[4, 0, 3, 2]
[4, 0, 3, 6]
[4, 0, 3, 7]
[4, 0, 3, 5, 1]
[4, 0, 3, 5, 2]
[4, 0, 3, 5, 6]
[4, 0, 3, 5, 7]
[4, 0, 3, 5, 1, 2]
0.75 0.7894736842105263
itercount --------> 12
[0, 3, 4]
[0, 3, 1]
[0, 3, 2]
[0, 3, 5]
[0, 3, 6]
[0, 3, 7]
[0, 3, 4, 1]
[0, 3, 4, 2]
[0, 3, 4, 5]
[0, 3, 4, 6]
[0, 3, 4, 7]
[0, 3, 4, 1, 2]
[0, 3, 4, 1, 5]
[0, 3, 4, 1, 6]
[0, 3, 4, 1, 7]
[0, 3, 4, 1, 2, 5]
[0, 3, 4, 1, 2, 6]
[0, 3, 4, 1, 2, 7]
[0, 3, 4, 1, 2, 5, 6]
[0, 3, 4, 1, 2, 5, 7]
[0, 3, 4, 1, 2, 5, 6, 7]
failed -> 13 times
after fail n ======> 8
[1, 2, 5, 0, 3, 4, 6, 7]
0.1320754716981132 0.1875
itercount --------> 1
[2, 1, 0]
0.1875 0.2857142857142857
itercount --------> 2
[0, 1, 2]
[0, 1, 3]
0.2857142857142857 0.3333333333333333
itercount --------> 3
[1, 2, 5]
0.3333333333333333 0.35
itercount --------> 4
[5, 1, 2]
[5, 1, 3]
[5, 1, 4]
0.35 0.3684210526315789
itercount --------> 5
[3, 4, 5]
[3, 4, 6]
[3, 4, 7]
0.3684210526315789 0.47619047619047616
itercount --------> 6
[3, 6, 4]
[3, 6, 5]
[3, 6, 7]
[3, 6, 0]
[3, 6, 1]
[3, 6, 2]
[3, 6, 4, 5]
[3, 6, 4, 7]
[3, 6, 4, 0]
[3, 6, 4, 1]
[3, 6, 4, 2]
[3, 6, 4, 5, 7]
[3, 6, 4, 5, 0]
[3, 6, 4, 5, 1]
0.47619047619047616 0.5
itercount --------> 7
[3, 6, 4]
[3, 6, 7]
[3, 6, 0]
[3, 6, 1]
[3, 6, 2]
[3, 6, 5]
[3, 6, 4, 7]
[3, 6, 4, 0]
[3, 6, 4, 1]
[3, 6, 4, 2]
[3, 6, 4, 5]
[3, 6, 4, 7, 0]
[3, 6, 4, 7, 1]
[3, 6, 4, 7, 2]
[3, 6, 4, 7, 5]
[3, 6, 4, 7, 0, 1]
[3, 6, 4, 7, 0, 2]
[3, 6, 4, 7, 0, 5]
[3, 6, 4, 7, 0, 1, 2]
[3, 6, 4, 7, 0, 1, 5]
[3, 6, 4, 7, 0, 1, 2, 5]
failed -> 14 times
after fail n ======> 5
[1, 2, 5, 0, 3]
0.1320754716981132 0.19047619047619047
itercount --------> 1
[2, 1, 5]
0.19047619047619047 0.32
itercount --------> 2
[5, 1, 2]
[5, 1, 4]
0.32 0.35
itercount --------> 3
[1, 2, 5]
[1, 2, 3]
[1, 2, 6]
[1, 2, 7]
[1, 2, 0]
[1, 2, 4]
[1, 2, 5, 3]
[1, 2, 5, 6]
0.35 0.42105263157894735
itercount --------> 4
[5, 6, 7]
[5, 6, 3]
[5, 6, 4]
0.42105263157894735 0.47368421052631576
itercount --------> 5
[3, 4, 6]
0.47368421052631576 0.55
itercount --------> 6
[3, 7, 4]
[3, 7, 6]
[3, 7, 1]
[3, 7, 2]
[3, 7, 5]
[3, 7, 0]
[3, 7, 4, 6]
[3, 7, 4, 1]
[3, 7, 4, 2]
[3, 7, 4, 5]
[3, 7, 4, 0]
[3, 7, 4, 6, 1]
[3, 7, 4, 6, 2]
[3, 7, 4, 6, 5]
[3, 7, 4, 6, 0]
[3, 7, 4, 6, 1, 2]
[3, 7, 4, 6, 1, 5]
[3, 7, 4, 6, 1, 0]
[3, 7, 4, 6, 1, 2, 5]
[3, 7, 4, 6, 1, 2, 0]
[3, 7, 4, 6, 1, 2, 5, 0]
failed -> 15 times
after fail n ======> 6
[1, 2, 5, 0, 3, 4]
0.1320754716981132 0.13725490196078433
itercount --------> 1
[0, 2, 1]
0.13725490196078433 0.15789473684210525
itercount --------> 2
[0, 2, 1]
0.15789473684210525 0.23076923076923078
itercount --------> 3
[0, 1, 2]
[0, 1, 4]
[0, 1, 3]
[0, 1, 5]
0.23076923076923078 0.23809523809523808
itercount --------> 4
[1, 0, 5]
0.23809523809523808 0.25
itercount --------> 5
[1, 4, 3]
0.25 0.2608695652173913
itercount --------> 6
[1, 4, 3]
0.2608695652173913 0.3333333333333333
itercount --------> 7
[3, 1, 4]
[3, 1, 2]
0.3333333333333333 0.36363636363636365
itercount --------> 8
[3, 4, 6]
[3, 4, 7]
0.36363636363636365 0.3684210526315789
itercount --------> 9
[5, 3, 6]
[5, 3, 7]
[5, 3, 4]
0.3684210526315789 0.38095238095238093
itercount --------> 10
[7, 3, 4]
[7, 3, 6]
[7, 3, 5]
[7, 3, 1]
[7, 3, 2]
[7, 3, 0]
[7, 3, 4, 6]
[7, 3, 4, 5]
0.38095238095238093 0.45
itercount --------> 11
[3, 4, 6]
[3, 4, 7]
[3, 4, 0]
[3, 4, 1]
[3, 4, 2]
[3, 4, 5]
[3, 4, 6, 7]
[3, 4, 6, 0]
[3, 4, 6, 1]
[3, 4, 6, 2]
[3, 4, 6, 5]
[3, 4, 6, 7, 0]
[3, 4, 6, 7, 1]
[3, 4, 6, 7, 2]
[3, 4, 6, 7, 5]
[3, 4, 6, 7, 0, 1]
0.45 0.6818181818181818
itercount --------> 12
[4, 5, 0]
[4, 5, 1]
0.6818181818181818 0.7
itercount --------> 13
[4, 3, 5]
[4, 3, 0]
[4, 3, 1]
[4, 3, 2]
[4, 3, 6]
[4, 3, 7]
[4, 3, 5, 0]
[4, 3, 5, 1]
0.7 0.7368421052631579
itercount --------> 14
[3, 4, 5]
[3, 4, 0]
[3, 4, 1]
[3, 4, 2]
[3, 4, 6]
[3, 4, 7]
[3, 4, 5, 0]
[3, 4, 5, 1]
[3, 4, 5, 2]
[3, 4, 5, 6]
[3, 4, 5, 7]
[3, 4, 5, 0, 1]
[3, 4, 5, 0, 2]
[3, 4, 5, 0, 6]
[3, 4, 5, 0, 7]
[3, 4, 5, 0, 1, 2]
[3, 4, 5, 0, 1, 6]
[3, 4, 5, 0, 1, 7]
[3, 4, 5, 0, 1, 2, 6]
[3, 4, 5, 0, 1, 2, 7]
[3, 4, 5, 0, 1, 2, 6, 7]
failed -> 16 times
after fail n ======> 7
[1, 2, 5, 0, 3, 4, 6]
0.1320754716981132 0.19047619047619047
itercount --------> 1
[1, 2, 5]
0.19047619047619047 0.32
itercount --------> 2
[5, 1, 2]
0.32 0.35
itercount --------> 3
[1, 2, 5]
[1, 2, 3]
[1, 2, 6]
0.35 0.3888888888888889
itercount --------> 4
[1, 2, 5]
[1, 2, 0]
[1, 2, 3]
[1, 2, 6]
[1, 2, 7]
[1, 2, 4]
0.3888888888888889 0.4
itercount --------> 5
[3, 4, 2]
[3, 4, 6]
0.4 0.45454545454545453
itercount --------> 6
[7, 3, 2]
[7, 3, 4]
[7, 3, 6]
[7, 3, 5]
[7, 3, 1]
[7, 3, 0]
[7, 3, 2, 4]
0.45454545454545453 0.47368421052631576
itercount --------> 7
[7, 3, 2]
[7, 3, 4]
[7, 3, 6]
[7, 3, 5]
[7, 3, 1]
[7, 3, 0]
[7, 3, 2, 4]
[7, 3, 2, 6]
[7, 3, 2, 5]
[7, 3, 2, 1]
0.47368421052631576 0.5263157894736842
itercount --------> 8
[7, 2, 3]
[7, 2, 4]
[7, 2, 5]
[7, 2, 6]
[7, 2, 1]
[7, 2, 0]
[7, 2, 3, 4]
[7, 2, 3, 5]
[7, 2, 3, 6]
[7, 2, 3, 1]
[7, 2, 3, 0]
[7, 2, 3, 4, 5]
[7, 2, 3, 4, 6]
[7, 2, 3, 4, 1]
[7, 2, 3, 4, 0]
[7, 2, 3, 4, 5, 6]
[7, 2, 3, 4, 5, 1]
[7, 2, 3, 4, 5, 0]
[7, 2, 3, 4, 5, 6, 1]
[7, 2, 3, 4, 5, 6, 0]
[7, 2, 3, 4, 5, 6, 1, 0]
failed -> 17 times
after fail n ======> 8
[1, 2, 5, 0, 3, 4, 6, 7]
0.1320754716981132 0.15555555555555556
itercount --------> 1
[1, 2, 0]
0.15555555555555556 0.25925925925925924
itercount --------> 2
[5, 1, 2]
0.25925925925925924 0.3
itercount --------> 3
[1, 2, 0]
[1, 2, 5]
[1, 2, 3]
[1, 2, 7]
0.3 0.32
itercount --------> 4
[1, 3, 7]
0.32 0.37037037037037035
itercount --------> 5
[1, 3, 0]
0.37037037037037035 0.4166666666666667
itercount --------> 6
[1, 3, 5]
[1, 3, 2]
[1, 3, 0]
0.4166666666666667 0.45
itercount --------> 7
[1, 2, 0]
[1, 2, 3]
[1, 2, 5]
[1, 2, 7]
[1, 2, 6]
0.45 0.5
itercount --------> 8
[3, 1, 2]
[3, 1, 5]
[3, 1, 0]
[3, 1, 6]
0.5 0.5555555555555556
itercount --------> 9
[3, 1, 2]
[3, 1, 5]
[3, 1, 0]
[3, 1, 7]
0.5555555555555556 0.631578947368421
itercount --------> 10
[1, 2, 0]
[1, 2, 5]
[1, 2, 3]
[1, 2, 4]
[1, 2, 6]
[1, 2, 7]
[1, 2, 0, 5]
0.631578947368421 0.6666666666666666
itercount --------> 11
[1, 2, 5]
[1, 2, 0]
[1, 2, 3]
[1, 2, 4]
[1, 2, 6]
[1, 2, 7]
[1, 2, 5, 0]
[1, 2, 5, 3]
[1, 2, 5, 4]
0.6666666666666666 0.7058823529411765
itercount --------> 12
[1, 2, 3]
[1, 2, 5]
[1, 2, 0]
[1, 2, 4]
[1, 2, 6]
[1, 2, 7]
[1, 2, 3, 5]
[1, 2, 3, 0]
[1, 2, 3, 4]
[1, 2, 3, 6]
[1, 2, 3, 7]
[1, 2, 3, 5, 0]
[1, 2, 3, 5, 4]
[1, 2, 3, 5, 6]
[1, 2, 3, 5, 7]
[1, 2, 3, 5, 0, 4]
[1, 2, 3, 5, 0, 6]
[1, 2, 3, 5, 0, 7]
[1, 2, 3, 5, 0, 4, 6]
[1, 2, 3, 5, 0, 4, 7]
[1, 2, 3, 5, 0, 4, 6, 7]
failed -> 18 times
after fail n ======> 5
[1, 2, 5, 0, 3]
0.1320754716981132 0.2
itercount --------> 1
[2, 3, 5]
[2, 3, 6]
0.2 0.2857142857142857
itercount --------> 2
[2, 3, 5]
0.2857142857142857 0.3333333333333333
itercount --------> 3
[1, 2, 5]
[1, 2, 0]
[1, 2, 3]
[1, 2, 6]
[1, 2, 7]
[1, 2, 4]
0.3333333333333333 0.3888888888888889
itercount --------> 4
[3, 4, 6]
0.3888888888888889 0.47368421052631576
itercount --------> 5
[3, 7, 4]
[3, 7, 6]
[3, 7, 5]
0.47368421052631576 0.47619047619047616
itercount --------> 6
[2, 7, 4]
[2, 7, 5]
[2, 7, 3]
0.47619047619047616 0.6363636363636364
itercount --------> 7
[2, 5, 4]
[2, 5, 0]
[2, 5, 3]
[2, 5, 1]
0.6363636363636364 0.7368421052631579
itercount --------> 8
[3, 4, 5]
[3, 4, 0]
[3, 4, 1]
[3, 4, 2]
[3, 4, 6]
[3, 4, 7]
[3, 4, 5, 0]
[3, 4, 5, 1]
[3, 4, 5, 2]
[3, 4, 5, 6]
[3, 4, 5, 7]
[3, 4, 5, 0, 1]
[3, 4, 5, 0, 2]
[3, 4, 5, 0, 6]
[3, 4, 5, 0, 7]
[3, 4, 5, 0, 1, 2]
[3, 4, 5, 0, 1, 6]
[3, 4, 5, 0, 1, 7]
[3, 4, 5, 0, 1, 2, 6]
[3, 4, 5, 0, 1, 2, 7]
[3, 4, 5, 0, 1, 2, 6, 7]
failed -> 19 times
after fail n ======> 6
[1, 2, 5, 0, 3, 4]
0.1320754716981132 0.14285714285714285
itercount --------> 1
[1, 2, 3]
0.14285714285714285 0.21739130434782608
itercount --------> 2
[2, 3, 1]
0.21739130434782608 0.23529411764705882
itercount --------> 3
[1, 2, 3]
[1, 2, 5]
0.23529411764705882 0.25925925925925924
itercount --------> 4
[3, 2, 1]
0.25925925925925924 0.3333333333333333
itercount --------> 5
[3, 2, 1]
0.3333333333333333 0.36363636363636365
itercount --------> 6
[3, 1, 2]
0.36363636363636365 0.391304347826087
itercount --------> 7
[3, 4, 6]
[3, 4, 7]
[3, 4, 1]
[3, 4, 2]
[3, 4, 5]
0.391304347826087 0.4
itercount --------> 8
[3, 4, 1]
[3, 4, 2]
[3, 4, 5]
[3, 4, 6]
[3, 4, 7]
[3, 4, 0]
[3, 4, 1, 2]
0.4 0.4090909090909091
itercount --------> 9
[3, 4, 6]
[3, 4, 7]
[3, 4, 1]
[3, 4, 2]
[3, 4, 5]
[3, 4, 0]
0.4090909090909091 0.42105263157894735
itercount --------> 10
[3, 4, 1]
[3, 4, 2]
[3, 4, 5]
[3, 4, 6]
[3, 4, 7]
0.42105263157894735 0.45454545454545453
itercount --------> 11
[3, 6, 1]
[3, 6, 2]
[3, 6, 4]
[3, 6, 7]
[3, 6, 5]
[3, 6, 0]
[3, 6, 1, 2]
[3, 6, 1, 4]
[3, 6, 1, 7]
[3, 6, 1, 5]
[3, 6, 1, 0]
0.45454545454545453 0.47368421052631576
itercount --------> 12
[3, 6, 4]
[3, 6, 7]
[3, 6, 5]
0.47368421052631576 0.5238095238095238
itercount --------> 13
[5, 6, 1]
[5, 6, 2]
[5, 6, 3]
[5, 6, 4]
[5, 6, 0]
0.5238095238095238 0.5555555555555556
itercount --------> 14
[6, 4, 3]
0.5555555555555556 0.7368421052631579
itercount --------> 15
[3, 4, 5]
[3, 4, 0]
[3, 4, 1]
[3, 4, 2]
[3, 4, 6]
[3, 4, 7]
[3, 4, 5, 0]
[3, 4, 5, 1]
[3, 4, 5, 2]
[3, 4, 5, 6]
[3, 4, 5, 7]
[3, 4, 5, 0, 1]
[3, 4, 5, 0, 2]
[3, 4, 5, 0, 6]
[3, 4, 5, 0, 7]
[3, 4, 5, 0, 1, 2]
[3, 4, 5, 0, 1, 6]
[3, 4, 5, 0, 1, 7]
0.7368421052631579 0.75
itercount --------> 16
[3, 0, 4]
[3, 0, 5]
0.75 0.7894736842105263
itercount --------> 17
[0, 3, 4]
[0, 3, 1]
[0, 3, 2]
[0, 3, 5]
[0, 3, 6]
[0, 3, 7]
[0, 3, 4, 1]
[0, 3, 4, 2]
[0, 3, 4, 5]
[0, 3, 4, 6]
[0, 3, 4, 7]
[0, 3, 4, 1, 2]
[0, 3, 4, 1, 5]
[0, 3, 4, 1, 6]
[0, 3, 4, 1, 7]
[0, 3, 4, 1, 2, 5]
[0, 3, 4, 1, 2, 6]
[0, 3, 4, 1, 2, 7]
[0, 3, 4, 1, 2, 5, 6]
[0, 3, 4, 1, 2, 5, 7]
0.7894736842105263 0.8
itercount --------> 18
[1, 2, 3]
[1, 2, 5]
[1, 2, 4]
[1, 2, 6]
[1, 2, 7]
[1, 2, 0]
[1, 2, 3, 5]
[1, 2, 3, 4]
[1, 2, 3, 6]
0.8 0.8421052631578947
itercount --------> 19
[3, 1, 2]
[3, 1, 4]
[3, 1, 5]
[3, 1, 6]
[3, 1, 7]
[3, 1, 0]
[3, 1, 2, 4]
[3, 1, 2, 5]
[3, 1, 2, 6]
[3, 1, 2, 7]
[3, 1, 2, 0]
[3, 1, 2, 4, 5]
[3, 1, 2, 4, 6]
[3, 1, 2, 4, 7]
[3, 1, 2, 4, 0]
[3, 1, 2, 4, 5, 6]
[3, 1, 2, 4, 5, 7]
[3, 1, 2, 4, 5, 0]
[3, 1, 2, 4, 5, 6, 7]
[3, 1, 2, 4, 5, 6, 0]
[3, 1, 2, 4, 5, 6, 7, 0]
failed -> 20 times
after fail n ======> 7
[1, 2, 5, 0, 3, 4, 6]
0.1320754716981132 0.14285714285714285
itercount --------> 1
[2, 1, 3]
0.14285714285714285 0.21428571428571427
itercount --------> 2
[2, 1, 6]
0.21428571428571427 0.3
itercount --------> 3
[5, 6, 3]
[5, 6, 0]
0.3 0.3333333333333333
itercount --------> 4
[1, 2, 5]
[1, 2, 3]
[1, 2, 7]
[1, 2, 6]
[1, 2, 4]
0.3333333333333333 0.35
itercount --------> 5
[3, 4, 5]
[3, 4, 6]
0.35 0.45454545454545453
itercount --------> 6
[3, 7, 4]
[3, 7, 5]
[3, 7, 6]
[3, 7, 0]
[3, 7, 1]
[3, 7, 2]
[3, 7, 4, 5]
[3, 7, 4, 6]
[3, 7, 4, 0]
[3, 7, 4, 1]
0.45454545454545453 0.5
itercount --------> 7
[7, 3, 4]
[7, 3, 5]
[7, 3, 1]
[7, 3, 2]
[7, 3, 6]
[7, 3, 0]
[7, 3, 4, 5]
[7, 3, 4, 1]
[7, 3, 4, 2]
[7, 3, 4, 6]
[7, 3, 4, 0]
[7, 3, 4, 5, 1]
[7, 3, 4, 5, 2]
[7, 3, 4, 5, 6]
[7, 3, 4, 5, 0]
[7, 3, 4, 5, 1, 2]
[7, 3, 4, 5, 1, 6]
[7, 3, 4, 5, 1, 0]
0.5 0.5263157894736842
itercount --------> 8
[7, 3, 5]
[7, 3, 4]
[7, 3, 6]
[7, 3, 0]
[7, 3, 1]
[7, 3, 2]
[7, 3, 5, 4]
[7, 3, 5, 6]
[7, 3, 5, 0]
[7, 3, 5, 1]
[7, 3, 5, 2]
[7, 3, 5, 4, 6]
[7, 3, 5, 4, 0]
0.5263157894736842 0.5555555555555556
itercount --------> 9
[7, 3, 4]
[7, 3, 0]
[7, 3, 1]
[7, 3, 2]
[7, 3, 5]
[7, 3, 6]
[7, 3, 4, 0]
[7, 3, 4, 1]
[7, 3, 4, 2]
[7, 3, 4, 5]
[7, 3, 4, 6]
[7, 3, 4, 0, 1]
[7, 3, 4, 0, 2]
[7, 3, 4, 0, 5]
[7, 3, 4, 0, 6]
[7, 3, 4, 0, 1, 2]
[7, 3, 4, 0, 1, 5]
[7, 3, 4, 0, 1, 6]
[7, 3, 4, 0, 1, 2, 5]
[7, 3, 4, 0, 1, 2, 6]
[7, 3, 4, 0, 1, 2, 5, 6]
failed -> 21 times
after fail n ======> 8
[1, 2, 5, 0, 3, 4, 6, 7]
0.1320754716981132 0.1875
itercount --------> 1
[1, 3, 2]
0.1875 0.22580645161290322
itercount --------> 2
[1, 3, 4]
0.22580645161290322 0.2727272727272727
itercount --------> 3
[3, 1, 4]
0.2727272727272727 0.30434782608695654
itercount --------> 4
[3, 5, 1]
[3, 5, 4]
[3, 5, 6]
[3, 5, 0]
0.30434782608695654 0.44
itercount --------> 5
[7, 3, 4]
[7, 3, 5]
[7, 3, 1]
[7, 3, 6]
[7, 3, 2]
[7, 3, 0]
[7, 3, 4, 5]
[7, 3, 4, 1]
[7, 3, 4, 6]
[7, 3, 4, 2]
[7, 3, 4, 0]
[7, 3, 4, 5, 1]
0.44 0.47619047619047616
itercount --------> 6
[3, 7, 4]
[3, 7, 1]
[3, 7, 6]
[3, 7, 5]
0.47619047619047616 0.5
itercount --------> 7
[5, 7, 3]
0.5 0.5517241379310345
itercount --------> 8
[5, 3, 4]
[5, 3, 6]
[5, 3, 1]
0.5517241379310345 0.64
itercount --------> 9
[5, 1, 4]
0.64 0.6666666666666666
itercount --------> 10
[1, 5, 2]
0.6666666666666666 0.8
itercount --------> 11
[3, 4, 1]
[3, 4, 2]
[3, 4, 5]
[3, 4, 6]
[3, 4, 7]
[3, 4, 0]
[3, 4, 1, 2]
[3, 4, 1, 5]
[3, 4, 1, 6]
[3, 4, 1, 7]
[3, 4, 1, 0]
[3, 4, 1, 2, 5]
[3, 4, 1, 2, 6]
[3, 4, 1, 2, 7]
[3, 4, 1, 2, 0]
[3, 4, 1, 2, 5, 6]
[3, 4, 1, 2, 5, 7]
[3, 4, 1, 2, 5, 0]
[3, 4, 1, 2, 5, 6, 7]
[3, 4, 1, 2, 5, 6, 0]
[3, 4, 1, 2, 5, 6, 7, 0]
failed -> 22 times
after fail n ======> 5
[1, 2, 5, 0, 3]
0.1320754716981132 0.1875
itercount --------> 1
[1, 2, 3]
0.1875 0.2857142857142857
itercount --------> 2
[5, 1, 2]
[5, 1, 3]
0.2857142857142857 0.35
itercount --------> 3
[5, 1, 2]
[5, 1, 3]
[5, 1, 4]
0.35 0.3888888888888889
itercount --------> 4
[3, 4, 6]
[3, 4, 7]
[3, 4, 5]
0.3888888888888889 0.4
itercount --------> 5
[3, 4, 6]
[3, 4, 7]
[3, 4, 5]
[3, 4, 0]
[3, 4, 1]
[3, 4, 2]
[3, 4, 6, 7]
[3, 4, 6, 5]
[3, 4, 6, 0]
[3, 4, 6, 1]
[3, 4, 6, 2]
[3, 4, 6, 7, 5]
0.4 0.7
itercount --------> 6
[5, 0, 3]
[5, 0, 4]
[5, 0, 1]
[5, 0, 2]
[5, 0, 6]
[5, 0, 7]
[5, 0, 3, 4]
[5, 0, 3, 1]
[5, 0, 3, 2]
[5, 0, 3, 6]
0.7 0.7142857142857143
itercount --------> 7
[5, 3, 4]
[5, 3, 1]
[5, 3, 2]
[5, 3, 0]
[5, 3, 6]
[5, 3, 7]
[5, 3, 4, 1]
[5, 3, 4, 2]
[5, 3, 4, 0]
0.7142857142857143 0.7368421052631579
itercount --------> 8
[4, 5, 3]
[4, 5, 0]
[4, 5, 1]
[4, 5, 2]
[4, 5, 6]
[4, 5, 7]
[4, 5, 3, 0]
[4, 5, 3, 1]
[4, 5, 3, 2]
[4, 5, 3, 6]
[4, 5, 3, 7]
[4, 5, 3, 0, 1]
0.7368421052631579 0.75
itercount --------> 9
[3, 4, 5]
[3, 4, 1]
[3, 4, 2]
[3, 4, 6]
[3, 4, 7]
[3, 4, 0]
[3, 4, 5, 1]
[3, 4, 5, 2]
[3, 4, 5, 6]
[3, 4, 5, 7]
[3, 4, 5, 0]
[3, 4, 5, 1, 2]
[3, 4, 5, 1, 6]
[3, 4, 5, 1, 7]
0.75 0.7619047619047619
itercount --------> 10
[3, 4, 5]
[3, 4, 6]
[3, 4, 1]
[3, 4, 2]
[3, 4, 7]
[3, 4, 0]
[3, 4, 5, 6]
[3, 4, 5, 1]
[3, 4, 5, 2]
[3, 4, 5, 7]
[3, 4, 5, 0]
[3, 4, 5, 6, 1]
[3, 4, 5, 6, 2]
[3, 4, 5, 6, 7]
[3, 4, 5, 6, 0]
[3, 4, 5, 6, 1, 2]
[3, 4, 5, 6, 1, 7]
[3, 4, 5, 6, 1, 0]
[3, 4, 5, 6, 1, 2, 7]
[3, 4, 5, 6, 1, 2, 0]
[3, 4, 5, 6, 1, 2, 7, 0]
failed -> 23 times
after fail n ======> 6
[1, 2, 5, 0, 3, 4]
0.1320754716981132 0.16129032258064516
itercount --------> 1
[1, 3, 4]
[1, 3, 6]
0.16129032258064516 0.2
itercount --------> 2
[6, 3, 4]
[6, 3, 2]
[6, 3, 1]
0.2 0.25
itercount --------> 3
[0, 3, 6]
0.25 0.28
itercount --------> 4
[3, 0, 2]
0.28 0.3076923076923077
itercount --------> 5
[3, 2, 1]
0.3076923076923077 0.34782608695652173
itercount --------> 6
[3, 0, 4]
[3, 0, 1]
0.34782608695652173 0.3684210526315789
itercount --------> 7
[3, 4, 6]
[3, 4, 7]
[3, 4, 5]
[3, 4, 0]
0.3684210526315789 0.38095238095238093
itercount --------> 8
[3, 0, 4]
[3, 0, 7]
[3, 0, 5]
0.38095238095238093 0.3888888888888889
itercount --------> 9
[3, 4, 6]
0.3888888888888889 0.47368421052631576
itercount --------> 10
[3, 7, 4]
[3, 7, 6]
[3, 7, 5]
[3, 7, 0]
[3, 7, 1]
0.47368421052631576 0.5555555555555556
itercount --------> 11
[7, 4, 3]
0.5555555555555556 0.7368421052631579
itercount --------> 12
[3, 4, 5]
[3, 4, 0]
[3, 4, 1]
[3, 4, 2]
[3, 4, 6]
[3, 4, 7]
[3, 4, 5, 0]
[3, 4, 5, 1]
[3, 4, 5, 2]
[3, 4, 5, 6]
[3, 4, 5, 7]
[3, 4, 5, 0, 1]
[3, 4, 5, 0, 2]
[3, 4, 5, 0, 6]
[3, 4, 5, 0, 7]
[3, 4, 5, 0, 1, 2]
[3, 4, 5, 0, 1, 6]
[3, 4, 5, 0, 1, 7]
[3, 4, 5, 0, 1, 2, 6]
[3, 4, 5, 0, 1, 2, 7]
[3, 4, 5, 0, 1, 2, 6, 7]
failed -> 24 times
after fail n ======> 7
[1, 2, 5, 0, 3, 4, 6]
0.1320754716981132 0.19047619047619047
itercount --------> 1
[2, 1, 5]
0.19047619047619047 0.2692307692307692
itercount --------> 2
[1, 2, 0]
0.2692307692307692 0.3333333333333333
itercount --------> 3
[1, 2, 5]
0.3333333333333333 0.35
itercount --------> 4
[5, 1, 2]
[5, 1, 3]
[5, 1, 4]
0.35 0.42105263157894735
itercount --------> 5
[3, 4, 6]
0.42105263157894735 0.5
itercount --------> 6
[3, 7, 4]
[3, 7, 6]
[3, 7, 0]
[3, 7, 1]
[3, 7, 2]
[3, 7, 5]
[3, 7, 4, 6]
[3, 7, 4, 0]
[3, 7, 4, 1]
[3, 7, 4, 2]
[3, 7, 4, 5]
[3, 7, 4, 6, 0]
[3, 7, 4, 6, 1]
[3, 7, 4, 6, 2]
[3, 7, 4, 6, 5]
[3, 7, 4, 6, 0, 1]
[3, 7, 4, 6, 0, 2]
[3, 7, 4, 6, 0, 5]
[3, 7, 4, 6, 0, 1, 2]
[3, 7, 4, 6, 0, 1, 5]
[3, 7, 4, 6, 0, 1, 2, 5]
failed -> 25 times
after fail n ======> 8
[1, 2, 5, 0, 3, 4, 6, 7]
0.1320754716981132 0.19047619047619047
itercount --------> 1
[1, 2, 5]
0.19047619047619047 0.22580645161290322
itercount --------> 2
[1, 2, 3]
0.22580645161290322 0.24
itercount --------> 3
[1, 2, 3]
0.24 0.35
itercount --------> 4
[1, 2, 5]
[1, 2, 3]
[1, 2, 6]
[1, 2, 7]
[1, 2, 0]
[1, 2, 4]
0.35 0.4
itercount --------> 5
[3, 4, 1]
[3, 4, 2]
[3, 4, 5]
0.4 0.4090909090909091
itercount --------> 6
[3, 4, 6]
[3, 4, 7]
[3, 4, 5]
[3, 4, 1]
[3, 4, 2]
[3, 4, 0]
[3, 4, 6, 7]
[3, 4, 6, 5]
[3, 4, 6, 1]
[3, 4, 6, 2]
[3, 4, 6, 0]
0.4090909090909091 0.42105263157894735
itercount --------> 7
[3, 4, 5]
[3, 4, 6]
[3, 4, 7]
0.42105263157894735 0.45454545454545453
itercount --------> 8
[3, 6, 4]
[3, 6, 5]
[3, 6, 7]
[3, 6, 1]
[3, 6, 2]
[3, 6, 0]
[3, 6, 4, 5]
[3, 6, 4, 7]
[3, 6, 4, 1]
[3, 6, 4, 2]
[3, 6, 4, 0]
0.45454545454545453 0.47619047619047616
itercount --------> 9
[6, 5, 4]
[6, 5, 3]
[6, 5, 1]
0.47619047619047616 0.5263157894736842
itercount --------> 10
[6, 3, 1]
[6, 3, 2]
[6, 3, 4]
[6, 3, 5]
[6, 3, 7]
[6, 3, 0]
[6, 3, 1, 2]
0.5263157894736842 0.5555555555555556
itercount --------> 11
[6, 3, 4]
[6, 3, 5]
[6, 3, 1]
[6, 3, 2]
[6, 3, 7]
[6, 3, 0]
[6, 3, 4, 5]
[6, 3, 4, 1]
[6, 3, 4, 2]
[6, 3, 4, 7]
[6, 3, 4, 0]
[6, 3, 4, 5, 1]
[6, 3, 4, 5, 2]
[6, 3, 4, 5, 7]
[6, 3, 4, 5, 0]
[6, 3, 4, 5, 1, 2]
[6, 3, 4, 5, 1, 7]
[6, 3, 4, 5, 1, 0]
[6, 3, 4, 5, 1, 2, 7]
[6, 3, 4, 5, 1, 2, 0]
[6, 3, 4, 5, 1, 2, 7, 0]
failed -> 26 times
after fail n ======> 5
[1, 2, 5, 0, 3]
0.1320754716981132 0.19047619047619047
itercount --------> 1
[1, 2, 5]
[1, 2, 0]
0.19047619047619047 0.32
itercount --------> 2
[5, 1, 2]
0.32 0.35
itercount --------> 3
[1, 2, 5]
[1, 2, 3]
[1, 2, 6]
[1, 2, 7]
[1, 2, 0]
[1, 2, 4]
0.35 0.4
itercount --------> 4
[3, 4, 1]
[3, 4, 2]
[3, 4, 5]
[3, 4, 6]
0.4 0.47619047619047616
itercount --------> 5
[3, 7, 4]
[3, 7, 6]
[3, 7, 1]
[3, 7, 2]
[3, 7, 5]
0.47619047619047616 0.5
itercount --------> 6
[5, 7, 3]
0.5 0.5517241379310345
itercount --------> 7
[5, 3, 4]
[5, 3, 6]
[5, 3, 1]
0.5517241379310345 0.6153846153846154
itercount --------> 8
[1, 5, 3]
[1, 5, 4]
[1, 5, 2]
0.6153846153846154 0.6818181818181818
itercount --------> 9
[1, 2, 3]
[1, 2, 4]
[1, 2, 5]
[1, 2, 0]
0.6818181818181818 0.7368421052631579
itercount --------> 10
[3, 4, 5]
[3, 4, 0]
[3, 4, 1]
[3, 4, 2]
[3, 4, 6]
[3, 4, 7]
[3, 4, 5, 0]
[3, 4, 5, 1]
[3, 4, 5, 2]
[3, 4, 5, 6]
[3, 4, 5, 7]
[3, 4, 5, 0, 1]
0.7368421052631579 0.75
itercount --------> 11
[3, 4, 5]
[3, 4, 1]
[3, 4, 2]
[3, 4, 6]
[3, 4, 7]
[3, 4, 0]
[3, 4, 5, 1]
[3, 4, 5, 2]
[3, 4, 5, 6]
[3, 4, 5, 7]
[3, 4, 5, 0]
[3, 4, 5, 1, 2]
[3, 4, 5, 1, 6]
0.75 0.7619047619047619
itercount --------> 12
[4, 3, 5]
[4, 3, 1]
[4, 3, 2]
[4, 3, 6]
[4, 3, 7]
[4, 3, 0]
[4, 3, 5, 1]
0.7619047619047619 0.8
itercount --------> 13
[3, 4, 1]
[3, 4, 2]
[3, 4, 5]
[3, 4, 6]
[3, 4, 7]
[3, 4, 0]
[3, 4, 1, 2]
[3, 4, 1, 5]
[3, 4, 1, 6]
[3, 4, 1, 7]
[3, 4, 1, 0]
[3, 4, 1, 2, 5]
[3, 4, 1, 2, 6]
[3, 4, 1, 2, 7]
[3, 4, 1, 2, 0]
[3, 4, 1, 2, 5, 6]
[3, 4, 1, 2, 5, 7]
[3, 4, 1, 2, 5, 0]
[3, 4, 1, 2, 5, 6, 7]
[3, 4, 1, 2, 5, 6, 0]
[3, 4, 1, 2, 5, 6, 7, 0]
failed -> 27 times
after fail n ======> 6
[1, 2, 5, 0, 3, 4]
0.1320754716981132 0.14893617021276595
itercount --------> 1
[0, 2, 1]
0.14893617021276595 0.35
itercount --------> 2
[0, 5, 3]
[0, 5, 4]
[0, 5, 6]
[0, 5, 7]
[0, 5, 1]
[0, 5, 2]
[0, 5, 3, 4]
0.35 0.42857142857142855
itercount --------> 3
[3, 4, 5]
[3, 4, 6]
[3, 4, 7]
[3, 4, 1]
0.42857142857142855 0.45454545454545453
itercount --------> 4
[3, 4, 6]
[3, 4, 7]
[3, 4, 5]
[3, 4, 1]
[3, 4, 2]
[3, 4, 0]
[3, 4, 6, 7]
[3, 4, 6, 5]
0.45454545454545453 0.47368421052631576
itercount --------> 5
[3, 4, 6]
[3, 4, 7]
[3, 4, 5]
[3, 4, 1]
[3, 4, 2]
[3, 4, 0]
[3, 4, 6, 7]
0.47368421052631576 0.55
itercount --------> 6
[3, 6, 4]
[3, 6, 7]
[3, 6, 1]
[3, 6, 2]
[3, 6, 5]
[3, 6, 0]
[3, 6, 4, 7]
[3, 6, 4, 1]
[3, 6, 4, 2]
[3, 6, 4, 5]
[3, 6, 4, 0]
[3, 6, 4, 7, 1]
[3, 6, 4, 7, 2]
[3, 6, 4, 7, 5]
[3, 6, 4, 7, 0]
[3, 6, 4, 7, 1, 2]
[3, 6, 4, 7, 1, 5]
[3, 6, 4, 7, 1, 0]
[3, 6, 4, 7, 1, 2, 5]
[3, 6, 4, 7, 1, 2, 0]
[3, 6, 4, 7, 1, 2, 5, 0]
failed -> 28 times
after fail n ======> 7
[1, 2, 5, 0, 3, 4, 6]
0.1320754716981132 0.16129032258064516
itercount --------> 1
[1, 0, 6]
0.16129032258064516 0.2857142857142857
itercount --------> 2
[1, 0, 2]
[1, 0, 5]
0.2857142857142857 0.4
itercount --------> 3
[1, 2, 0]
[1, 2, 5]
[1, 2, 3]
[1, 2, 7]
[1, 2, 4]
[1, 2, 6]
[1, 2, 0, 5]
[1, 2, 0, 3]
[1, 2, 0, 7]
[1, 2, 0, 4]
[1, 2, 0, 6]
[1, 2, 0, 5, 3]
[1, 2, 0, 5, 7]
[1, 2, 0, 5, 4]
[1, 2, 0, 5, 6]
[1, 2, 0, 5, 3, 7]
[1, 2, 0, 5, 3, 4]
0.4 0.45454545454545453
itercount --------> 4
[3, 7, 0]
[3, 7, 4]
[3, 7, 5]
[3, 7, 1]
[3, 7, 2]
[3, 7, 6]
[3, 7, 0, 4]
[3, 7, 0, 5]
[3, 7, 0, 1]
[3, 7, 0, 2]
[3, 7, 0, 6]
[3, 7, 0, 4, 5]
[3, 7, 0, 4, 1]
[3, 7, 0, 4, 2]
[3, 7, 0, 4, 6]
[3, 7, 0, 4, 5, 1]
[3, 7, 0, 4, 5, 2]
[3, 7, 0, 4, 5, 6]
[3, 7, 0, 4, 5, 1, 2]
[3, 7, 0, 4, 5, 1, 6]
[3, 7, 0, 4, 5, 1, 2, 6]
failed -> 29 times
after fail n ======> 8
[1, 2, 5, 0, 3, 4, 6, 7]
0.1320754716981132 0.16666666666666666
itercount --------> 1
[1, 7, 3]
0.16666666666666666 0.23809523809523808
itercount --------> 2
[1, 7, 6]
[1, 7, 3]
[1, 7, 5]
0.23809523809523808 0.32
itercount --------> 3
[1, 5, 6]
0.32 0.3333333333333333
itercount --------> 4
[5, 7, 2]
[5, 7, 3]
0.3333333333333333 0.34782608695652173
itercount --------> 5
[5, 3, 2]
[5, 3, 7]
[5, 3, 0]
[5, 3, 4]
0.34782608695652173 0.36
itercount --------> 6
[5, 2, 3]
[5, 2, 4]
[5, 2, 6]
0.36 0.391304347826087
itercount --------> 7
[3, 5, 4]
0.391304347826087 0.45454545454545453
itercount --------> 8
[3, 4, 6]
[3, 4, 7]
[3, 4, 5]
[3, 4, 1]
[3, 4, 2]
[3, 4, 0]
[3, 4, 6, 7]
[3, 4, 6, 5]
0.45454545454545453 0.47368421052631576
itercount --------> 9
[3, 4, 6]
[3, 4, 7]
0.47368421052631576 0.55
itercount --------> 10
[3, 6, 4]
[3, 6, 7]
[3, 6, 1]
[3, 6, 2]
[3, 6, 5]
[3, 6, 0]
[3, 6, 4, 7]
[3, 6, 4, 1]
[3, 6, 4, 2]
[3, 6, 4, 5]
[3, 6, 4, 0]
[3, 6, 4, 7, 1]
[3, 6, 4, 7, 2]
[3, 6, 4, 7, 5]
[3, 6, 4, 7, 0]
[3, 6, 4, 7, 1, 2]
[3, 6, 4, 7, 1, 5]
[3, 6, 4, 7, 1, 0]
[3, 6, 4, 7, 1, 2, 5]
[3, 6, 4, 7, 1, 2, 0]
[3, 6, 4, 7, 1, 2, 5, 0]
failed -> 30 times
after fail n ======> 5
[1, 2, 5, 0, 3]
0.1320754716981132 0.22580645161290322
itercount --------> 1
[1, 2, 0]
0.22580645161290322 0.2857142857142857
itercount --------> 2
[5, 1, 2]
[5, 1, 3]
[5, 1, 4]
[5, 1, 6]
0.2857142857142857 0.3684210526315789
itercount --------> 3
[5, 7, 3]
0.3684210526315789 0.4
itercount --------> 4
[5, 3, 6]
[5, 3, 7]
[5, 3, 1]
[5, 3, 2]
0.4 0.47368421052631576
itercount --------> 5
[3, 5, 4]
[3, 5, 1]
0.47368421052631576 0.5263157894736842
itercount --------> 6
[3, 5, 1]
[3, 5, 2]
[3, 5, 4]
[3, 5, 0]
[3, 5, 6]
0.5263157894736842 0.5789473684210527
itercount --------> 7
[3, 5, 1]
[3, 5, 2]
[3, 5, 4]
[3, 5, 0]
[3, 5, 7]
[3, 5, 6]
[3, 5, 1, 2]
[3, 5, 1, 4]
0.5789473684210527 0.6
itercount --------> 8
[7, 3, 4]
[7, 3, 5]
0.6 0.6521739130434783
itercount --------> 9
[1, 5, 3]
[1, 5, 4]
[1, 5, 0]
[1, 5, 2]
[1, 5, 6]
[1, 5, 7]
[1, 5, 3, 4]
[1, 5, 3, 0]
0.6521739130434783 0.7142857142857143
itercount --------> 10
[0, 4, 5]
[0, 4, 1]
[0, 4, 2]
[0, 4, 3]
[0, 4, 6]
[0, 4, 7]
[0, 4, 5, 1]
[0, 4, 5, 2]
[0, 4, 5, 3]
[0, 4, 5, 6]
[0, 4, 5, 7]
[0, 4, 5, 1, 2]
[0, 4, 5, 1, 3]
[0, 4, 5, 1, 6]
0.7142857142857143 0.7894736842105263
itercount --------> 11
[0, 3, 4]
[0, 3, 1]
[0, 3, 2]
[0, 3, 5]
[0, 3, 6]
[0, 3, 7]
[0, 3, 4, 1]
[0, 3, 4, 2]
[0, 3, 4, 5]
[0, 3, 4, 6]
[0, 3, 4, 7]
[0, 3, 4, 1, 2]
[0, 3, 4, 1, 5]
[0, 3, 4, 1, 6]
[0, 3, 4, 1, 7]
[0, 3, 4, 1, 2, 5]
[0, 3, 4, 1, 2, 6]
[0, 3, 4, 1, 2, 7]
[0, 3, 4, 1, 2, 5, 6]
[0, 3, 4, 1, 2, 5, 7]
[0, 3, 4, 1, 2, 5, 6, 7]
failed -> 31 times
after fail n ======> 6
[1, 2, 5, 0, 3, 4]
0.1320754716981132 0.16129032258064516
itercount --------> 1
[4, 3, 1]
0.16129032258064516 0.2903225806451613
itercount --------> 2
[1, 3, 2]
0.2903225806451613 0.32
itercount --------> 3
[3, 1, 4]
0.32 0.34782608695652173
itercount --------> 4
[3, 4, 6]
[3, 4, 7]
[3, 4, 5]
[3, 4, 1]
[3, 4, 2]
[3, 4, 0]
[3, 4, 6, 7]
[3, 4, 6, 5]
[3, 4, 6, 1]
0.34782608695652173 0.44
itercount --------> 5
[7, 3, 4]
[7, 3, 5]
[7, 3, 6]
[7, 3, 1]
[7, 3, 2]
[7, 3, 0]
[7, 3, 4, 5]
[7, 3, 4, 6]
[7, 3, 4, 1]
[7, 3, 4, 2]
[7, 3, 4, 0]
[7, 3, 4, 5, 6]
[7, 3, 4, 5, 1]
0.44 0.47619047619047616
itercount --------> 6
[3, 7, 4]
[3, 7, 6]
[3, 7, 1]
[3, 7, 2]
[3, 7, 5]
[3, 7, 0]
[3, 7, 4, 6]
[3, 7, 4, 1]
[3, 7, 4, 2]
[3, 7, 4, 5]
[3, 7, 4, 0]
[3, 7, 4, 6, 1]
[3, 7, 4, 6, 2]
[3, 7, 4, 6, 5]
0.47619047619047616 0.5
itercount --------> 7
[5, 7, 3]
0.5 0.5517241379310345
itercount --------> 8
[5, 3, 4]
[5, 3, 6]
[5, 3, 1]
0.5517241379310345 0.6153846153846154
itercount --------> 9
[1, 5, 3]
[1, 5, 4]
[1, 5, 2]
0.6153846153846154 0.6818181818181818
itercount --------> 10
[1, 2, 3]
[1, 2, 4]
[1, 2, 5]
[1, 2, 0]
0.6818181818181818 0.7368421052631579
itercount --------> 11
[3, 4, 5]
[3, 4, 0]
[3, 4, 1]
[3, 4, 2]
[3, 4, 6]
[3, 4, 7]
[3, 4, 5, 0]
[3, 4, 5, 1]
[3, 4, 5, 2]
[3, 4, 5, 6]
[3, 4, 5, 7]
[3, 4, 5, 0, 1]
[3, 4, 5, 0, 2]
[3, 4, 5, 0, 6]
[3, 4, 5, 0, 7]
[3, 4, 5, 0, 1, 2]
0.7368421052631579 0.75
itercount --------> 12
[3, 4, 5]
[3, 4, 1]
[3, 4, 2]
[3, 4, 6]
[3, 4, 7]
[3, 4, 0]
[3, 4, 5, 1]
[3, 4, 5, 2]
[3, 4, 5, 6]
[3, 4, 5, 7]
[3, 4, 5, 0]
[3, 4, 5, 1, 2]
[3, 4, 5, 1, 6]
[3, 4, 5, 1, 7]
[3, 4, 5, 1, 0]
[3, 4, 5, 1, 2, 6]
0.75 0.7619047619047619
itercount --------> 13
[4, 3, 5]
[4, 3, 1]
[4, 3, 2]
[4, 3, 6]
[4, 3, 7]
[4, 3, 0]
[4, 3, 5, 1]
[4, 3, 5, 2]
[4, 3, 5, 6]
[4, 3, 5, 7]
[4, 3, 5, 0]
[4, 3, 5, 1, 2]
[4, 3, 5, 1, 6]
[4, 3, 5, 1, 7]
[4, 3, 5, 1, 0]
0.7619047619047619 0.8
itercount --------> 14
[3, 4, 1]
[3, 4, 2]
[3, 4, 5]
[3, 4, 6]
[3, 4, 7]
[3, 4, 0]
[3, 4, 1, 2]
[3, 4, 1, 5]
[3, 4, 1, 6]
[3, 4, 1, 7]
[3, 4, 1, 0]
[3, 4, 1, 2, 5]
[3, 4, 1, 2, 6]
[3, 4, 1, 2, 7]
[3, 4, 1, 2, 0]
[3, 4, 1, 2, 5, 6]
[3, 4, 1, 2, 5, 7]
[3, 4, 1, 2, 5, 0]
0.8 0.8421052631578947
itercount --------> 15
[3, 1, 2]
[3, 1, 4]
[3, 1, 5]
[3, 1, 6]
[3, 1, 7]
[3, 1, 0]
[3, 1, 2, 4]
[3, 1, 2, 5]
[3, 1, 2, 6]
[3, 1, 2, 7]
[3, 1, 2, 0]
[3, 1, 2, 4, 5]
[3, 1, 2, 4, 6]
[3, 1, 2, 4, 7]
[3, 1, 2, 4, 0]
[3, 1, 2, 4, 5, 6]
[3, 1, 2, 4, 5, 7]
[3, 1, 2, 4, 5, 0]
[3, 1, 2, 4, 5, 6, 7]
[3, 1, 2, 4, 5, 6, 0]
[3, 1, 2, 4, 5, 6, 7, 0]
failed -> 32 times
after fail n ======> 7
[1, 2, 5, 0, 3, 4, 6]
0.1320754716981132 0.16129032258064516
itercount --------> 1
[1, 4, 3]
0.16129032258064516 0.2903225806451613
itercount --------> 2
[1, 3, 6]
[1, 3, 7]
[1, 3, 4]
0.2903225806451613 0.2916666666666667
itercount --------> 3
[3, 1, 2]
0.2916666666666667 0.3684210526315789
itercount --------> 4
[3, 4, 5]
[3, 4, 6]
0.3684210526315789 0.47619047619047616
itercount --------> 5
[3, 7, 4]
[3, 7, 5]
[3, 7, 6]
[3, 7, 0]
[3, 7, 1]
[3, 7, 2]
[3, 7, 4, 5]
[3, 7, 4, 6]
[3, 7, 4, 0]
[3, 7, 4, 1]
0.47619047619047616 0.5
itercount --------> 6
[7, 5, 3]
[7, 5, 4]
[7, 5, 0]
[7, 5, 1]
[7, 5, 2]
[7, 5, 6]
[7, 5, 3, 4]
[7, 5, 3, 0]
[7, 5, 3, 1]
[7, 5, 3, 2]
[7, 5, 3, 6]
[7, 5, 3, 4, 0]
[7, 5, 3, 4, 1]
[7, 5, 3, 4, 2]
[7, 5, 3, 4, 6]
[7, 5, 3, 4, 0, 1]
0.5 0.55
itercount --------> 7
[7, 5, 3]
[7, 5, 4]
[7, 5, 1]
[7, 5, 2]
0.55 0.5555555555555556
itercount --------> 8
[7, 3, 4]
[7, 3, 5]
[7, 3, 1]
[7, 3, 2]
[7, 3, 6]
[7, 3, 0]
[7, 3, 4, 5]
[7, 3, 4, 1]
[7, 3, 4, 2]
[7, 3, 4, 6]
[7, 3, 4, 0]
[7, 3, 4, 5, 1]
[7, 3, 4, 5, 2]
[7, 3, 4, 5, 6]
[7, 3, 4, 5, 0]
[7, 3, 4, 5, 1, 2]
[7, 3, 4, 5, 1, 6]
0.5555555555555556 0.5789473684210527
itercount --------> 9
[7, 3, 5]
[7, 3, 4]
[7, 3, 6]
[7, 3, 1]
[7, 3, 2]
[7, 3, 0]
[7, 3, 5, 4]
[7, 3, 5, 6]
[7, 3, 5, 1]
[7, 3, 5, 2]
[7, 3, 5, 0]
[7, 3, 5, 4, 6]
[7, 3, 5, 4, 1]
0.5789473684210527 0.6111111111111112
itercount --------> 10
[7, 3, 4]
[7, 3, 1]
[7, 3, 2]
[7, 3, 5]
[7, 3, 6]
[7, 3, 0]
[7, 3, 4, 1]
[7, 3, 4, 2]
[7, 3, 4, 5]
[7, 3, 4, 6]
[7, 3, 4, 0]
[7, 3, 4, 1, 2]
[7, 3, 4, 1, 5]
[7, 3, 4, 1, 6]
[7, 3, 4, 1, 0]
[7, 3, 4, 1, 2, 5]
[7, 3, 4, 1, 2, 6]
[7, 3, 4, 1, 2, 0]
[7, 3, 4, 1, 2, 5, 6]
[7, 3, 4, 1, 2, 5, 0]
[7, 3, 4, 1, 2, 5, 6, 0]
failed -> 33 times
after fail n ======> 8
[1, 2, 5, 0, 3, 4, 6, 7]
0.1320754716981132 0.14285714285714285
itercount --------> 1
[1, 2, 3]
0.14285714285714285 0.21739130434782608
itercount --------> 2
[1, 3, 2]
[1, 3, 6]
[1, 3, 7]
0.21739130434782608 0.23529411764705882
itercount --------> 3
[1, 2, 3]
0.23529411764705882 0.3076923076923077
itercount --------> 4
[3, 4, 5]
0.3076923076923077 0.391304347826087
itercount --------> 5
[3, 4, 6]
[3, 4, 7]
[3, 4, 1]
0.391304347826087 0.4090909090909091
itercount --------> 6
[3, 1, 2]
[3, 1, 4]
[3, 1, 5]
[3, 1, 6]
[3, 1, 7]
[3, 1, 0]
0.4090909090909091 0.42105263157894735
itercount --------> 7
[3, 4, 6]
0.42105263157894735 0.5
itercount --------> 8
[3, 7, 4]
[3, 7, 6]
[3, 7, 0]
0.5 0.5217391304347826
itercount --------> 9
[7, 1, 2]
[7, 1, 3]
[7, 1, 4]
[7, 1, 5]
0.5217391304347826 0.55
itercount --------> 10
[7, 4, 1]
[7, 4, 2]
[7, 4, 3]
0.55 0.6521739130434783
itercount --------> 11
[0, 5, 1]
0.6521739130434783 0.7
itercount --------> 12
[0, 5, 1]
[0, 5, 2]
[0, 5, 3]
[0, 5, 4]
[0, 5, 6]
[0, 5, 7]
0.7 0.7894736842105263
itercount --------> 13
[0, 3, 4]
[0, 3, 1]
[0, 3, 2]
[0, 3, 5]
[0, 3, 6]
[0, 3, 7]
[0, 3, 4, 1]
[0, 3, 4, 2]
[0, 3, 4, 5]
[0, 3, 4, 6]
[0, 3, 4, 7]
[0, 3, 4, 1, 2]
[0, 3, 4, 1, 5]
0.7894736842105263 0.8
itercount --------> 14
[3, 4, 1]
[3, 4, 2]
[3, 4, 5]
[3, 4, 6]
[3, 4, 7]
[3, 4, 0]
[3, 4, 1, 2]
[3, 4, 1, 5]
[3, 4, 1, 6]
[3, 4, 1, 7]
[3, 4, 1, 0]
[3, 4, 1, 2, 5]
[3, 4, 1, 2, 6]
[3, 4, 1, 2, 7]
[3, 4, 1, 2, 0]
[3, 4, 1, 2, 5, 6]
[3, 4, 1, 2, 5, 7]
[3, 4, 1, 2, 5, 0]
[3, 4, 1, 2, 5, 6, 7]
[3, 4, 1, 2, 5, 6, 0]
[3, 4, 1, 2, 5, 6, 7, 0]
failed -> 34 times
after fail n ======> 5
[1, 2, 5, 0, 3]
0.1320754716981132 0.2
itercount --------> 1
[1, 3, 5]
0.2 0.2857142857142857
itercount --------> 2
[1, 3, 5]
0.2857142857142857 0.3333333333333333
itercount --------> 3
[1, 2, 5]
[1, 2, 0]
[1, 2, 3]
[1, 2, 6]
[1, 2, 7]
[1, 2, 4]
0.3333333333333333 0.3888888888888889
itercount --------> 4
[3, 4, 6]
[3, 4, 7]
0.3888888888888889 0.47368421052631576
itercount --------> 5
[3, 6, 4]
[3, 6, 7]
[3, 6, 5]
0.47368421052631576 0.5555555555555556
itercount --------> 6
[6, 4, 3]
[6, 4, 7]
[6, 4, 0]
[6, 4, 5]
[6, 4, 1]
[6, 4, 2]
[6, 4, 3, 7]
0.5555555555555556 0.7368421052631579
itercount --------> 7
[3, 4, 5]
[3, 4, 0]
[3, 4, 1]
[3, 4, 2]
[3, 4, 6]
[3, 4, 7]
[3, 4, 5, 0]
[3, 4, 5, 1]
[3, 4, 5, 2]
[3, 4, 5, 6]
[3, 4, 5, 7]
[3, 4, 5, 0, 1]
[3, 4, 5, 0, 2]
[3, 4, 5, 0, 6]
[3, 4, 5, 0, 7]
[3, 4, 5, 0, 1, 2]
[3, 4, 5, 0, 1, 6]
[3, 4, 5, 0, 1, 7]
[3, 4, 5, 0, 1, 2, 6]
[3, 4, 5, 0, 1, 2, 7]
[3, 4, 5, 0, 1, 2, 6, 7]
failed -> 35 times
after fail n ======> 6
[1, 2, 5, 0, 3, 4]
0.1320754716981132 0.1875
itercount --------> 1
[1, 2, 3]
0.1875 0.1891891891891892
itercount --------> 2
[1, 2, 4]
[1, 2, 3]
[1, 2, 0]
[1, 2, 5]
[1, 2, 6]
0.1891891891891892 0.25925925925925924
itercount --------> 3
[1, 4, 2]
[1, 4, 3]
0.25925925925925924 0.2903225806451613
itercount --------> 4
[1, 3, 2]
0.2903225806451613 0.32
itercount --------> 5
[3, 1, 4]
[3, 1, 2]
[3, 1, 6]
[3, 1, 7]
[3, 1, 5]
0.32 0.3333333333333333
itercount --------> 6
[3, 4, 1]
[3, 4, 2]
0.3333333333333333 0.35
itercount --------> 7
[1, 5, 4]
[1, 5, 2]
0.35 0.3888888888888889
itercount --------> 8
[1, 2, 5]
[1, 2, 4]
0.3888888888888889 0.4
itercount --------> 9
[3, 4, 1]
[3, 4, 2]
[3, 4, 5]
0.4 0.42857142857142855
itercount --------> 10
[3, 4, 6]
[3, 4, 7]
[3, 4, 1]
[3, 4, 2]
[3, 4, 5]
[3, 4, 0]
[3, 4, 6, 7]
[3, 4, 6, 1]
[3, 4, 6, 2]
[3, 4, 6, 5]
[3, 4, 6, 0]
0.42857142857142855 0.4444444444444444
itercount --------> 11
[3, 4, 6]
[3, 4, 7]
[3, 4, 5]
[3, 4, 1]
0.4444444444444444 0.45
itercount --------> 12
[3, 4, 6]
[3, 4, 7]
[3, 4, 1]
[3, 4, 5]
[3, 4, 2]
[3, 4, 0]
[3, 4, 6, 7]
[3, 4, 6, 1]
[3, 4, 6, 5]
[3, 4, 6, 2]
[3, 4, 6, 0]
[3, 4, 6, 7, 1]
0.45 0.5555555555555556
itercount --------> 13
[1, 5, 4]
[1, 5, 3]
[1, 5, 6]
0.5555555555555556 0.6
itercount --------> 14
[1, 5, 4]
[1, 5, 3]
[1, 5, 6]
[1, 5, 7]
[1, 5, 2]
[1, 5, 0]
0.6 0.6363636363636364
itercount --------> 15
[1, 4, 5]
[1, 4, 3]
[1, 4, 0]
0.6363636363636364 0.7
itercount --------> 16
[4, 3, 5]
[4, 3, 0]
[4, 3, 1]
[4, 3, 2]
[4, 3, 6]
[4, 3, 7]
[4, 3, 5, 0]
0.7 0.7368421052631579
itercount --------> 17
[4, 5, 3]
[4, 5, 0]
[4, 5, 1]
[4, 5, 2]
[4, 5, 6]
[4, 5, 7]
[4, 5, 3, 0]
[4, 5, 3, 1]
[4, 5, 3, 2]
[4, 5, 3, 6]
[4, 5, 3, 7]
[4, 5, 3, 0, 1]
[4, 5, 3, 0, 2]
0.7368421052631579 0.7894736842105263
itercount --------> 18
[3, 5, 4]
[3, 5, 1]
[3, 5, 2]
[3, 5, 6]
[3, 5, 7]
[3, 5, 0]
[3, 5, 4, 1]
[3, 5, 4, 2]
[3, 5, 4, 6]
[3, 5, 4, 7]
[3, 5, 4, 0]
[3, 5, 4, 1, 2]
[3, 5, 4, 1, 6]
[3, 5, 4, 1, 7]
[3, 5, 4, 1, 0]
[3, 5, 4, 1, 2, 6]
[3, 5, 4, 1, 2, 7]
[3, 5, 4, 1, 2, 0]
[3, 5, 4, 1, 2, 6, 7]
[3, 5, 4, 1, 2, 6, 0]
[3, 5, 4, 1, 2, 6, 7, 0]
failed -> 36 times
after fail n ======> 7
[1, 2, 5, 0, 3, 4, 6]
0.1320754716981132 0.16129032258064516
itercount --------> 1
[2, 5, 6]
0.16129032258064516 0.30434782608695654
itercount --------> 2
[5, 1, 3]
[5, 1, 7]
[5, 1, 0]
0.30434782608695654 0.3333333333333333
itercount --------> 3
[1, 2, 5]
0.3333333333333333 0.3684210526315789
itercount --------> 4
[5, 7, 3]
[5, 7, 4]
[5, 7, 6]
0.3684210526315789 0.6111111111111112
itercount --------> 5
[1, 2, 5]
[1, 2, 0]
[1, 2, 3]
[1, 2, 4]
[1, 2, 6]
[1, 2, 7]
[1, 2, 5, 0]
[1, 2, 5, 3]
[1, 2, 5, 4]
[1, 2, 5, 6]
[1, 2, 5, 7]
[1, 2, 5, 0, 3]
0.6111111111111112 0.631578947368421
itercount --------> 6
[0, 3, 5]
[0, 3, 1]
[0, 3, 2]
[0, 3, 4]
[0, 3, 6]
[0, 3, 7]
[0, 3, 5, 1]
[0, 3, 5, 2]
[0, 3, 5, 4]
0.631578947368421 0.7142857142857143
itercount --------> 7
[5, 3, 4]
[5, 3, 1]
[5, 3, 2]
[5, 3, 0]
[5, 3, 6]
[5, 3, 7]
[5, 3, 4, 1]
[5, 3, 4, 2]
0.7142857142857143 0.75
itercount --------> 8
[3, 4, 5]
[3, 4, 1]
[3, 4, 2]
[3, 4, 6]
[3, 4, 7]
[3, 4, 0]
[3, 4, 5, 1]
[3, 4, 5, 2]
[3, 4, 5, 6]
[3, 4, 5, 7]
[3, 4, 5, 0]
[3, 4, 5, 1, 2]
[3, 4, 5, 1, 6]
[3, 4, 5, 1, 7]
[3, 4, 5, 1, 0]
[3, 4, 5, 1, 2, 6]
[3, 4, 5, 1, 2, 7]
[3, 4, 5, 1, 2, 0]
[3, 4, 5, 1, 2, 6, 7]
[3, 4, 5, 1, 2, 6, 0]
[3, 4, 5, 1, 2, 6, 7, 0]
failed -> 37 times
after fail n ======> 8
[1, 2, 5, 0, 3, 4, 6, 7]
0.1320754716981132 0.1875
itercount --------> 1
[2, 1, 3]
0.1875 0.35
itercount --------> 2
[5, 1, 2]
[5, 1, 3]
[5, 1, 4]
0.35 0.3684210526315789
itercount --------> 3
[3, 4, 5]
[3, 4, 6]
[3, 4, 7]
0.3684210526315789 0.47619047619047616
itercount --------> 4
[3, 6, 4]
[3, 6, 5]
[3, 6, 7]
[3, 6, 0]
[3, 6, 1]
[3, 6, 2]
[3, 6, 4, 5]
[3, 6, 4, 7]
[3, 6, 4, 0]
[3, 6, 4, 1]
[3, 6, 4, 2]
[3, 6, 4, 5, 7]
[3, 6, 4, 5, 0]
0.47619047619047616 0.5
itercount --------> 5
[3, 6, 4]
[3, 6, 7]
[3, 6, 0]
[3, 6, 1]
[3, 6, 2]
[3, 6, 5]
[3, 6, 4, 7]
[3, 6, 4, 0]
[3, 6, 4, 1]
[3, 6, 4, 2]
[3, 6, 4, 5]
[3, 6, 4, 7, 0]
0.5 0.5238095238095238
itercount --------> 6
[0, 4, 6]
[0, 4, 3]
[0, 4, 5]
[0, 4, 1]
[0, 4, 2]
[0, 4, 7]
[0, 4, 6, 3]
0.5238095238095238 0.6363636363636364
itercount --------> 7
[0, 4, 1]
[0, 4, 2]
0.6363636363636364 0.6521739130434783
itercount --------> 8
[0, 4, 1]
[0, 4, 2]
[0, 4, 5]
0.6521739130434783 0.7
itercount --------> 9
[0, 5, 1]
[0, 5, 2]
[0, 5, 3]
[0, 5, 4]
[0, 5, 7]
[0, 5, 6]
[0, 5, 1, 2]
[0, 5, 1, 3]
[0, 5, 1, 4]
[0, 5, 1, 7]
0.7 0.7142857142857143
itercount --------> 10
[0, 1, 2]
[0, 1, 5]
[0, 1, 3]
[0, 1, 4]
[0, 1, 6]
[0, 1, 7]
[0, 1, 2, 5]
[0, 1, 2, 3]
[0, 1, 2, 4]
[0, 1, 2, 6]
0.7142857142857143 0.75
itercount --------> 11
[0, 3, 4]
[0, 3, 5]
[0, 3, 6]
[0, 3, 1]
[0, 3, 2]
[0, 3, 7]
[0, 3, 4, 5]
[0, 3, 4, 6]
[0, 3, 4, 1]
[0, 3, 4, 2]
[0, 3, 4, 7]
[0, 3, 4, 5, 6]
[0, 3, 4, 5, 1]
[0, 3, 4, 5, 2]
[0, 3, 4, 5, 7]
[0, 3, 4, 5, 6, 1]
[0, 3, 4, 5, 6, 2]
[0, 3, 4, 5, 6, 7]
[0, 3, 4, 5, 6, 1, 2]
[0, 3, 4, 5, 6, 1, 7]
[0, 3, 4, 5, 6, 1, 2, 7]
failed -> 38 times
after fail n ======> 5
[1, 2, 5, 0, 3]
0.1320754716981132 0.14285714285714285
itercount --------> 1
[1, 2, 5]
0.14285714285714285 0.23076923076923078
itercount --------> 2
[2, 3, 5]
0.23076923076923078 0.3333333333333333
itercount --------> 3
[1, 2, 5]
[1, 2, 0]
[1, 2, 3]
[1, 2, 6]
[1, 2, 7]
[1, 2, 4]
0.3333333333333333 0.3888888888888889
itercount --------> 4
[3, 4, 6]
0.3888888888888889 0.47368421052631576
itercount --------> 5
[3, 7, 4]
[3, 7, 6]
[3, 7, 5]
0.47368421052631576 0.5
itercount --------> 6
[7, 4, 1]
[7, 4, 2]
[7, 4, 3]
0.5 0.6363636363636364
itercount --------> 7
[1, 2, 5]
[1, 2, 3]
[1, 2, 0]
0.6363636363636364 0.7368421052631579
itercount --------> 8
[3, 4, 5]
[3, 4, 0]
[3, 4, 1]
[3, 4, 2]
[3, 4, 6]
[3, 4, 7]
[3, 4, 5, 0]
[3, 4, 5, 1]
[3, 4, 5, 2]
[3, 4, 5, 6]
[3, 4, 5, 7]
[3, 4, 5, 0, 1]
[3, 4, 5, 0, 2]
[3, 4, 5, 0, 6]
[3, 4, 5, 0, 7]
[3, 4, 5, 0, 1, 2]
[3, 4, 5, 0, 1, 6]
[3, 4, 5, 0, 1, 7]
[3, 4, 5, 0, 1, 2, 6]
[3, 4, 5, 0, 1, 2, 7]
[3, 4, 5, 0, 1, 2, 6, 7]
failed -> 39 times
after fail n ======> 6
[1, 2, 5, 0, 3, 4]
0.1320754716981132 0.22580645161290322
itercount --------> 1
[2, 0, 1]
0.22580645161290322 0.35
itercount --------> 2
[5, 1, 2]
[5, 1, 3]
[5, 1, 4]
[5, 1, 6]
[5, 1, 7]
[5, 1, 0]
[5, 1, 2, 3]
[5, 1, 2, 4]
0.35 0.42105263157894735
itercount --------> 3
[3, 4, 6]
[3, 4, 7]
0.42105263157894735 0.5
itercount --------> 4
[3, 6, 4]
[3, 6, 7]
[3, 6, 0]
[3, 6, 1]
[3, 6, 2]
[3, 6, 5]
[3, 6, 4, 7]
[3, 6, 4, 0]
[3, 6, 4, 1]
[3, 6, 4, 2]
[3, 6, 4, 5]
[3, 6, 4, 7, 0]
[3, 6, 4, 7, 1]
[3, 6, 4, 7, 2]
[3, 6, 4, 7, 5]
[3, 6, 4, 7, 0, 1]
0.5 0.5217391304347826
itercount --------> 5
[6, 1, 2]
[6, 1, 3]
[6, 1, 4]
[6, 1, 5]
0.5217391304347826 0.55
itercount --------> 6
[6, 4, 1]
[6, 4, 2]
[6, 4, 3]
[6, 4, 7]
[6, 4, 0]
[6, 4, 5]
[6, 4, 1, 2]
[6, 4, 1, 3]
0.55 0.6521739130434783
itercount --------> 7
[0, 5, 1]
0.6521739130434783 0.7
itercount --------> 8
[0, 5, 1]
[0, 5, 2]
[0, 5, 3]
[0, 5, 4]
[0, 5, 7]
[0, 5, 6]
[0, 5, 1, 2]
[0, 5, 1, 3]
[0, 5, 1, 4]
[0, 5, 1, 7]
[0, 5, 1, 6]
0.7 0.7368421052631579
itercount --------> 9
[3, 4, 5]
[3, 4, 0]
[3, 4, 1]
[3, 4, 2]
[3, 4, 6]
[3, 4, 7]
[3, 4, 5, 0]
0.7368421052631579 0.8
itercount --------> 10
[3, 4, 1]
[3, 4, 2]
[3, 4, 5]
[3, 4, 6]
[3, 4, 7]
[3, 4, 0]
[3, 4, 1, 2]
[3, 4, 1, 5]
[3, 4, 1, 6]
[3, 4, 1, 7]
[3, 4, 1, 0]
[3, 4, 1, 2, 5]
[3, 4, 1, 2, 6]
[3, 4, 1, 2, 7]
[3, 4, 1, 2, 0]
[3, 4, 1, 2, 5, 6]
[3, 4, 1, 2, 5, 7]
[3, 4, 1, 2, 5, 0]
[3, 4, 1, 2, 5, 6, 7]
[3, 4, 1, 2, 5, 6, 0]
[3, 4, 1, 2, 5, 6, 7, 0]
failed -> 40 times
after fail n ======> 7
[1, 2, 5, 0, 3, 4, 6]
0.1320754716981132 0.22580645161290322
itercount --------> 1
[1, 2, 0]
0.22580645161290322 0.2857142857142857
itercount --------> 2
[5, 1, 2]
0.2857142857142857 0.3157894736842105
itercount --------> 3
[5, 3, 6]
0.3157894736842105 0.35
itercount --------> 4
[5, 3, 6]
[5, 3, 4]
0.35 0.391304347826087
itercount --------> 5
[3, 5, 4]
[3, 5, 7]
[3, 5, 6]
0.391304347826087 0.4
itercount --------> 6
[3, 4, 5]
[3, 4, 6]
[3, 4, 7]
[3, 4, 0]
[3, 4, 1]
0.4 0.42857142857142855
itercount --------> 7
[3, 4, 6]
[3, 4, 7]
[3, 4, 5]
[3, 4, 0]
[3, 4, 1]
[3, 4, 2]
[3, 4, 6, 7]
[3, 4, 6, 5]
[3, 4, 6, 0]
[3, 4, 6, 1]
[3, 4, 6, 2]
[3, 4, 6, 7, 5]
0.42857142857142855 0.4444444444444444
itercount --------> 8
[3, 4, 6]
0.4444444444444444 0.5263157894736842
itercount --------> 9
[3, 7, 4]
[3, 7, 6]
[3, 7, 0]
[3, 7, 1]
0.5263157894736842 0.5789473684210527
itercount --------> 10
[7, 3, 4]
0.5789473684210527 0.75
itercount --------> 11
[0, 3, 4]
[0, 3, 5]
[0, 3, 7]
[0, 3, 1]
[0, 3, 2]
[0, 3, 6]
[0, 3, 4, 5]
[0, 3, 4, 7]
[0, 3, 4, 1]
[0, 3, 4, 2]
[0, 3, 4, 6]
[0, 3, 4, 5, 7]
[0, 3, 4, 5, 1]
[0, 3, 4, 5, 2]
[0, 3, 4, 5, 6]
[0, 3, 4, 5, 7, 1]
[0, 3, 4, 5, 7, 2]
[0, 3, 4, 5, 7, 6]
[0, 3, 4, 5, 7, 1, 2]
[0, 3, 4, 5, 7, 1, 6]
[0, 3, 4, 5, 7, 1, 2, 6]
failed -> 41 times
after fail n ======> 8
[1, 2, 5, 0, 3, 4, 6, 7]
0.1320754716981132 0.2222222222222222
itercount --------> 1
[1, 2, 3]
0.2222222222222222 0.2692307692307692
itercount --------> 2
[1, 0, 3]
0.2692307692307692 0.3333333333333333
itercount --------> 3
[5, 3, 4]
0.3333333333333333 0.34782608695652173
itercount --------> 4
[5, 0, 3]
[5, 0, 7]
0.34782608695652173 0.36
itercount --------> 5
[5, 3, 1]
0.36 0.36363636363636365
itercount --------> 6
[3, 5, 4]
[3, 5, 6]
0.36363636363636365 0.38461538461538464
itercount --------> 7
[5, 1, 2]
[5, 1, 3]
0.38461538461538464 0.48
itercount --------> 8
[3, 5, 1]
[3, 5, 2]
0.48 0.5
itercount --------> 9
[3, 5, 0]
[3, 5, 1]
[3, 5, 2]
[3, 5, 7]
[3, 5, 4]
[3, 5, 6]
[3, 5, 0, 1]
0.5 0.5789473684210527
itercount --------> 10
[3, 5, 1]
[3, 5, 2]
[3, 5, 4]
0.5789473684210527 0.6
itercount --------> 11
[7, 3, 4]
0.6 0.6521739130434783
itercount --------> 12
[2, 5, 3]
[2, 5, 4]
[2, 5, 0]
0.6521739130434783 0.7
itercount --------> 13
[5, 0, 3]
[5, 0, 4]
[5, 0, 1]
[5, 0, 2]
0.7 0.7142857142857143
itercount --------> 14
[0, 4, 5]
[0, 4, 1]
0.7142857142857143 0.75
itercount --------> 15
[4, 0, 3]
[4, 0, 5]
[4, 0, 1]
[4, 0, 2]
[4, 0, 6]
[4, 0, 7]
[4, 0, 3, 5]
[4, 0, 3, 1]
[4, 0, 3, 2]
[4, 0, 3, 6]
[4, 0, 3, 7]
[4, 0, 3, 5, 1]
[4, 0, 3, 5, 2]
[4, 0, 3, 5, 6]
[4, 0, 3, 5, 7]
[4, 0, 3, 5, 1, 2]
[4, 0, 3, 5, 1, 6]
[4, 0, 3, 5, 1, 7]
[4, 0, 3, 5, 1, 2, 6]
[4, 0, 3, 5, 1, 2, 7]
[4, 0, 3, 5, 1, 2, 6, 7]
failed -> 42 times
after fail n ======> 5
[1, 2, 5, 0, 3]
0.1320754716981132 0.22580645161290322
itercount --------> 1
[1, 2, 0]
0.22580645161290322 0.2857142857142857
itercount --------> 2
[5, 1, 2]
[5, 1, 3]
0.2857142857142857 0.35
itercount --------> 3
[5, 1, 2]
[5, 1, 3]
[5, 1, 4]
[5, 1, 6]
[5, 1, 7]
[5, 1, 0]
[5, 1, 2, 3]
[5, 1, 2, 4]
0.35 0.3684210526315789
itercount --------> 4
[3, 4, 5]
[3, 4, 6]
[3, 4, 7]
[3, 4, 0]
[3, 4, 1]
[3, 4, 2]
[3, 4, 5, 6]
0.3684210526315789 0.47619047619047616
itercount --------> 5
[3, 7, 4]
[3, 7, 5]
[3, 7, 6]
[3, 7, 0]
[3, 7, 1]
[3, 7, 2]
[3, 7, 4, 5]
[3, 7, 4, 6]
[3, 7, 4, 0]
[3, 7, 4, 1]
[3, 7, 4, 2]
[3, 7, 4, 5, 6]
[3, 7, 4, 5, 0]
0.47619047619047616 0.5
itercount --------> 6
[3, 7, 4]
[3, 7, 6]
[3, 7, 0]
[3, 7, 1]
[3, 7, 2]
[3, 7, 5]
[3, 7, 4, 6]
[3, 7, 4, 0]
0.5 0.5238095238095238
itercount --------> 7
[0, 4, 7]
[0, 4, 3]
[0, 4, 5]
[0, 4, 1]
[0, 4, 2]
[0, 4, 6]
[0, 4, 7, 3]
0.5238095238095238 0.6363636363636364
itercount --------> 8
[0, 4, 1]
0.6363636363636364 0.6521739130434783
itercount --------> 9
[0, 4, 1]
[0, 4, 2]
[0, 4, 5]
[0, 4, 3]
[0, 4, 6]
[0, 4, 7]
[0, 4, 1, 2]
[0, 4, 1, 5]
0.6521739130434783 0.7
itercount --------> 10
[0, 5, 1]
[0, 5, 2]
[0, 5, 3]
[0, 5, 4]
[0, 5, 6]
[0, 5, 7]
0.7 0.7894736842105263
itercount --------> 11
[0, 3, 4]
[0, 3, 1]
[0, 3, 2]
[0, 3, 5]
[0, 3, 6]
[0, 3, 7]
[0, 3, 4, 1]
[0, 3, 4, 2]
[0, 3, 4, 5]
[0, 3, 4, 6]
[0, 3, 4, 7]
[0, 3, 4, 1, 2]
[0, 3, 4, 1, 5]
[0, 3, 4, 1, 6]
[0, 3, 4, 1, 7]
[0, 3, 4, 1, 2, 5]
[0, 3, 4, 1, 2, 6]
[0, 3, 4, 1, 2, 7]
[0, 3, 4, 1, 2, 5, 6]
[0, 3, 4, 1, 2, 5, 7]
[0, 3, 4, 1, 2, 5, 6, 7]
failed -> 43 times
after fail n ======> 6
[1, 2, 5, 0, 3, 4]
0.1320754716981132 0.13636363636363635
itercount --------> 1
[2, 1, 3]
0.13636363636363635 0.18518518518518517
itercount --------> 2
[1, 2, 3]
0.18518518518518517 0.23529411764705882
itercount --------> 3
[2, 3, 1]
[2, 3, 4]
0.23529411764705882 0.2857142857142857
itercount --------> 4
[3, 2, 1]
[3, 2, 4]
[3, 2, 6]
[3, 2, 7]
[3, 2, 5]
[3, 2, 0]
[3, 2, 1, 4]
0.2857142857142857 0.34782608695652173
itercount --------> 5
[3, 4, 6]
[3, 4, 7]
[3, 4, 5]
[3, 4, 1]
[3, 4, 2]
[3, 4, 0]
[3, 4, 6, 7]
[3, 4, 6, 5]
[3, 4, 6, 1]
0.34782608695652173 0.44
itercount --------> 6
[7, 3, 4]
[7, 3, 5]
[7, 3, 6]
[7, 3, 1]
[7, 3, 2]
[7, 3, 0]
[7, 3, 4, 5]
[7, 3, 4, 6]
[7, 3, 4, 1]
[7, 3, 4, 2]
[7, 3, 4, 0]
[7, 3, 4, 5, 6]
[7, 3, 4, 5, 1]
0.44 0.47619047619047616
itercount --------> 7
[3, 7, 4]
[3, 7, 6]
[3, 7, 1]
[3, 7, 2]
[3, 7, 5]
[3, 7, 0]
[3, 7, 4, 6]
[3, 7, 4, 1]
[3, 7, 4, 2]
[3, 7, 4, 5]
0.47619047619047616 0.5
itercount --------> 8
[5, 7, 3]
[5, 7, 4]
[5, 7, 1]
[5, 7, 2]
[5, 7, 6]
[5, 7, 0]
[5, 7, 3, 4]
0.5 0.5517241379310345
itercount --------> 9
[5, 3, 4]
[5, 3, 6]
[5, 3, 1]
[5, 3, 2]
0.5517241379310345 0.6818181818181818
itercount --------> 10
[1, 2, 3]
[1, 2, 4]
[1, 2, 5]
[1, 2, 0]
0.6818181818181818 0.7368421052631579
itercount --------> 11
[3, 4, 5]
[3, 4, 0]
[3, 4, 1]
[3, 4, 2]
[3, 4, 6]
[3, 4, 7]
[3, 4, 5, 0]
0.7368421052631579 0.75
itercount --------> 12
[3, 4, 5]
[3, 4, 1]
[3, 4, 2]
[3, 4, 6]
[3, 4, 7]
[3, 4, 0]
[3, 4, 5, 1]
[3, 4, 5, 2]
[3, 4, 5, 6]
[3, 4, 5, 7]
[3, 4, 5, 0]
[3, 4, 5, 1, 2]
[3, 4, 5, 1, 6]
0.75 0.7619047619047619
itercount --------> 13
[4, 3, 5]
[4, 3, 1]
[4, 3, 2]
[4, 3, 6]
[4, 3, 7]
[4, 3, 0]
[4, 3, 5, 1]
0.7619047619047619 0.8
itercount --------> 14
[3, 4, 1]
[3, 4, 2]
[3, 4, 5]
[3, 4, 6]
[3, 4, 7]
[3, 4, 0]
[3, 4, 1, 2]
[3, 4, 1, 5]
[3, 4, 1, 6]
[3, 4, 1, 7]
[3, 4, 1, 0]
[3, 4, 1, 2, 5]
[3, 4, 1, 2, 6]
[3, 4, 1, 2, 7]
[3, 4, 1, 2, 0]
[3, 4, 1, 2, 5, 6]
[3, 4, 1, 2, 5, 7]
[3, 4, 1, 2, 5, 0]
[3, 4, 1, 2, 5, 6, 7]
[3, 4, 1, 2, 5, 6, 0]
[3, 4, 1, 2, 5, 6, 7, 0]
failed -> 44 times
after fail n ======> 7
[1, 2, 5, 0, 3, 4, 6]
0.1320754716981132 0.1891891891891892
itercount --------> 1
[2, 5, 1]
[2, 5, 4]
0.1891891891891892 0.21212121212121213
itercount --------> 2
[2, 4, 1]
0.21212121212121213 0.2608695652173913
itercount --------> 3
[5, 4, 3]
0.2608695652173913 0.34782608695652173
itercount --------> 4
[3, 4, 5]
[3, 4, 1]
0.34782608695652173 0.38461538461538464
itercount --------> 5
[3, 1, 4]
[3, 1, 6]
[3, 1, 7]
[3, 1, 5]
[3, 1, 2]
[3, 1, 0]
0.38461538461538464 0.42857142857142855
itercount --------> 6
[3, 4, 6]
[3, 4, 7]
[3, 4, 5]
[3, 4, 0]
[3, 4, 1]
[3, 4, 2]
[3, 4, 6, 7]
[3, 4, 6, 5]
[3, 4, 6, 0]
[3, 4, 6, 1]
[3, 4, 6, 2]
[3, 4, 6, 7, 5]
[3, 4, 6, 7, 0]
0.42857142857142855 0.6153846153846154
itercount --------> 7
[5, 4, 1]
[5, 4, 3]
[5, 4, 6]
[5, 4, 7]
[5, 4, 0]
[5, 4, 2]
0.6153846153846154 0.75
itercount --------> 8
[3, 4, 5]
[3, 4, 1]
[3, 4, 2]
[3, 4, 6]
[3, 4, 7]
[3, 4, 0]
[3, 4, 5, 1]
[3, 4, 5, 2]
[3, 4, 5, 6]
[3, 4, 5, 7]
[3, 4, 5, 0]
[3, 4, 5, 1, 2]
[3, 4, 5, 1, 6]
[3, 4, 5, 1, 7]
[3, 4, 5, 1, 0]
[3, 4, 5, 1, 2, 6]
[3, 4, 5, 1, 2, 7]
[3, 4, 5, 1, 2, 0]
[3, 4, 5, 1, 2, 6, 7]
[3, 4, 5, 1, 2, 6, 0]
[3, 4, 5, 1, 2, 6, 7, 0]
failed -> 45 times
after fail n ======> 8
[1, 2, 5, 0, 3, 4, 6, 7]
0.1320754716981132 0.19047619047619047
itercount --------> 1
[1, 2, 5]
0.19047619047619047 0.32
itercount --------> 2
[5, 1, 2]
0.32 0.35
itercount --------> 3
[1, 2, 5]
[1, 2, 3]
[1, 2, 6]
[1, 2, 7]
[1, 2, 0]
[1, 2, 4]
[1, 2, 5, 3]
[1, 2, 5, 6]
0.35 0.42105263157894735
itercount --------> 4
[5, 6, 7]
[5, 6, 3]
[5, 6, 4]
0.42105263157894735 0.47368421052631576
itercount --------> 5
[3, 4, 6]
[3, 4, 7]
0.47368421052631576 0.55
itercount --------> 6
[3, 6, 4]
[3, 6, 7]
[3, 6, 1]
[3, 6, 2]
[3, 6, 5]
[3, 6, 0]
[3, 6, 4, 7]
[3, 6, 4, 1]
[3, 6, 4, 2]
[3, 6, 4, 5]
[3, 6, 4, 0]
[3, 6, 4, 7, 1]
[3, 6, 4, 7, 2]
[3, 6, 4, 7, 5]
[3, 6, 4, 7, 0]
[3, 6, 4, 7, 1, 2]
[3, 6, 4, 7, 1, 5]
[3, 6, 4, 7, 1, 0]
[3, 6, 4, 7, 1, 2, 5]
[3, 6, 4, 7, 1, 2, 0]
[3, 6, 4, 7, 1, 2, 5, 0]
failed -> 46 times
after fail n ======> 5
[1, 2, 5, 0, 3]
0.1320754716981132 0.2857142857142857
itercount --------> 1
[5, 1, 2]
[5, 1, 3]
0.2857142857142857 0.3333333333333333
itercount --------> 2
[1, 2, 5]
0.3333333333333333 0.35
itercount --------> 3
[5, 1, 2]
[5, 1, 3]
[5, 1, 4]
0.35 0.3684210526315789
itercount --------> 4
[3, 4, 5]
[3, 4, 6]
[3, 4, 7]
0.3684210526315789 0.47619047619047616
itercount --------> 5
[3, 6, 4]
[3, 6, 5]
[3, 6, 7]
[3, 6, 0]
[3, 6, 1]
[3, 6, 2]
[3, 6, 4, 5]
[3, 6, 4, 7]
[3, 6, 4, 0]
[3, 6, 4, 1]
0.47619047619047616 0.5
itercount --------> 6
[6, 5, 3]
[6, 5, 4]
[6, 5, 0]
[6, 5, 1]
[6, 5, 2]
[6, 5, 7]
[6, 5, 3, 4]
[6, 5, 3, 0]
[6, 5, 3, 1]
[6, 5, 3, 2]
[6, 5, 3, 7]
[6, 5, 3, 4, 0]
[6, 5, 3, 4, 1]
[6, 5, 3, 4, 2]
[6, 5, 3, 4, 7]
[6, 5, 3, 4, 0, 1]
0.5 0.55
itercount --------> 7
[6, 5, 3]
[6, 5, 4]
[6, 5, 1]
[6, 5, 2]
[6, 5, 0]
[6, 5, 7]
[6, 5, 3, 4]
[6, 5, 3, 1]
[6, 5, 3, 2]
0.55 0.5555555555555556
itercount --------> 8
[6, 3, 4]
[6, 3, 5]
[6, 3, 1]
[6, 3, 2]
[6, 3, 7]
[6, 3, 0]
[6, 3, 4, 5]
[6, 3, 4, 1]
[6, 3, 4, 2]
[6, 3, 4, 7]
[6, 3, 4, 0]
[6, 3, 4, 5, 1]
[6, 3, 4, 5, 2]
[6, 3, 4, 5, 7]
[6, 3, 4, 5, 0]
[6, 3, 4, 5, 1, 2]
[6, 3, 4, 5, 1, 7]
[6, 3, 4, 5, 1, 0]
[6, 3, 4, 5, 1, 2, 7]
0.5555555555555556 0.5789473684210527
itercount --------> 9
[6, 3, 5]
[6, 3, 4]
[6, 3, 7]
[6, 3, 1]
[6, 3, 2]
[6, 3, 0]
[6, 3, 5, 4]
[6, 3, 5, 7]
[6, 3, 5, 1]
[6, 3, 5, 2]
[6, 3, 5, 0]
[6, 3, 5, 4, 7]
[6, 3, 5, 4, 1]
[6, 3, 5, 4, 2]
[6, 3, 5, 4, 0]
[6, 3, 5, 4, 7, 1]
[6, 3, 5, 4, 7, 2]
[6, 3, 5, 4, 7, 0]
[6, 3, 5, 4, 7, 1, 2]
[6, 3, 5, 4, 7, 1, 0]
[6, 3, 5, 4, 7, 1, 2, 0]
failed -> 47 times
after fail n ======> 6
[1, 2, 5, 0, 3, 4]
0.1320754716981132 0.14285714285714285
itercount --------> 1
[1, 2, 3]
0.14285714285714285 0.2571428571428571
itercount --------> 2
[1, 2, 3]
0.2571428571428571 0.38461538461538464
itercount --------> 3
[3, 4, 6]
[3, 4, 7]
[3, 4, 1]
[3, 4, 2]
[3, 4, 5]
[3, 4, 0]
[3, 4, 6, 7]
[3, 4, 6, 1]
[3, 4, 6, 2]
[3, 4, 6, 5]
[3, 4, 6, 0]
[3, 4, 6, 7, 1]
[3, 4, 6, 7, 2]
[3, 4, 6, 7, 5]
0.38461538461538464 0.4090909090909091
itercount --------> 4
[3, 1, 2]
[3, 1, 4]
[3, 1, 5]
[3, 1, 6]
[3, 1, 7]
[3, 1, 0]
0.4090909090909091 0.42105263157894735
itercount --------> 5
[3, 4, 6]
0.42105263157894735 0.5
itercount --------> 6
[3, 7, 4]
[3, 7, 6]
[3, 7, 0]
[3, 7, 1]
[3, 7, 2]
[3, 7, 5]
[3, 7, 4, 6]
[3, 7, 4, 0]
0.5 0.5217391304347826
itercount --------> 7
[7, 1, 2]
[7, 1, 3]
0.5217391304347826 0.6153846153846154
itercount --------> 8
[0, 1, 2]
0.6153846153846154 0.6521739130434783
itercount --------> 9
[0, 1, 2]
[0, 1, 5]
0.6521739130434783 0.7
itercount --------> 10
[0, 5, 1]
[0, 5, 2]
[0, 5, 3]
[0, 5, 4]
[0, 5, 6]
[0, 5, 7]
0.7 0.7894736842105263
itercount --------> 11
[0, 3, 4]
[0, 3, 1]
[0, 3, 2]
[0, 3, 5]
[0, 3, 6]
[0, 3, 7]
[0, 3, 4, 1]
[0, 3, 4, 2]
[0, 3, 4, 5]
[0, 3, 4, 6]
[0, 3, 4, 7]
[0, 3, 4, 1, 2]
[0, 3, 4, 1, 5]
[0, 3, 4, 1, 6]
[0, 3, 4, 1, 7]
[0, 3, 4, 1, 2, 5]
[0, 3, 4, 1, 2, 6]
[0, 3, 4, 1, 2, 7]
[0, 3, 4, 1, 2, 5, 6]
[0, 3, 4, 1, 2, 5, 7]
[0, 3, 4, 1, 2, 5, 6, 7]
failed -> 48 times
after fail n ======> 7
[1, 2, 5, 0, 3, 4, 6]
0.1320754716981132 0.15384615384615385
itercount --------> 1
[1, 4, 3]
0.15384615384615385 0.2857142857142857
itercount --------> 2
[4, 1, 3]
[4, 1, 5]
0.2857142857142857 0.3
itercount --------> 3
[5, 4, 3]
0.3 0.3333333333333333
itercount --------> 4
[3, 6, 4]
[3, 6, 5]
[3, 6, 7]
[3, 6, 2]
[3, 6, 1]
[3, 6, 0]
[3, 6, 4, 5]
[3, 6, 4, 7]
[3, 6, 4, 2]
[3, 6, 4, 1]
[3, 6, 4, 0]
[3, 6, 4, 5, 7]
[3, 6, 4, 5, 2]
0.3333333333333333 0.3684210526315789
itercount --------> 5
[3, 6, 4]
[3, 6, 7]
[3, 6, 1]
[3, 6, 5]
[3, 6, 0]
0.3684210526315789 0.3888888888888889
itercount --------> 6
[1, 5, 3]
[1, 5, 6]
[1, 5, 4]
[1, 5, 7]
0.3888888888888889 0.42105263157894735
itercount --------> 7
[5, 6, 4]
[5, 6, 3]
[5, 6, 7]
0.42105263157894735 0.631578947368421
itercount --------> 8
[1, 5, 4]
[1, 5, 6]
[1, 5, 2]
0.631578947368421 0.7058823529411765
itercount --------> 9
[1, 2, 4]
[1, 2, 5]
[1, 2, 0]
[1, 2, 6]
[1, 2, 7]
[1, 2, 3]
[1, 2, 4, 5]
[1, 2, 4, 0]
[1, 2, 4, 6]
0.7058823529411765 0.75
itercount --------> 10
[3, 4, 5]
[3, 4, 1]
[3, 4, 2]
[3, 4, 6]
[3, 4, 7]
[3, 4, 0]
[3, 4, 5, 1]
[3, 4, 5, 2]
[3, 4, 5, 6]
[3, 4, 5, 7]
[3, 4, 5, 0]
[3, 4, 5, 1, 2]
[3, 4, 5, 1, 6]
[3, 4, 5, 1, 7]
[3, 4, 5, 1, 0]
[3, 4, 5, 1, 2, 6]
[3, 4, 5, 1, 2, 7]
[3, 4, 5, 1, 2, 0]
0.75 0.7894736842105263
itercount --------> 11
[3, 5, 4]
[3, 5, 1]
[3, 5, 2]
[3, 5, 6]
[3, 5, 7]
[3, 5, 0]
[3, 5, 4, 1]
[3, 5, 4, 2]
[3, 5, 4, 6]
[3, 5, 4, 7]
[3, 5, 4, 0]
[3, 5, 4, 1, 2]
[3, 5, 4, 1, 6]
[3, 5, 4, 1, 7]
[3, 5, 4, 1, 0]
[3, 5, 4, 1, 2, 6]
[3, 5, 4, 1, 2, 7]
[3, 5, 4, 1, 2, 0]
[3, 5, 4, 1, 2, 6, 7]
[3, 5, 4, 1, 2, 6, 0]
[3, 5, 4, 1, 2, 6, 7, 0]
failed -> 49 times
after fail n ======> 8
[1, 2, 5, 0, 3, 4, 6, 7]
0.1320754716981132 0.14942528735632185
itercount --------> 1
[1, 2, 5]
0.14942528735632185 0.2608695652173913
itercount --------> 2
[2, 1, 5]
0.2608695652173913 0.48
itercount --------> 3
[1, 2, 5]
[1, 2, 0]
0.48 0.6111111111111112
itercount --------> 4
[1, 2, 5]
[1, 2, 0]
[1, 2, 3]
[1, 2, 4]
[1, 2, 6]
[1, 2, 7]
[1, 2, 5, 0]
0.6111111111111112 0.631578947368421
itercount --------> 5
[0, 3, 5]
[0, 3, 1]
[0, 3, 2]
[0, 3, 4]
0.631578947368421 0.7142857142857143
itercount --------> 6
[5, 3, 4]
[5, 3, 1]
[5, 3, 2]
[5, 3, 0]
[5, 3, 6]
[5, 3, 7]
[5, 3, 4, 1]
[5, 3, 4, 2]
0.7142857142857143 0.75
itercount --------> 7
[3, 4, 5]
[3, 4, 1]
[3, 4, 2]
[3, 4, 6]
[3, 4, 7]
[3, 4, 0]
[3, 4, 5, 1]
[3, 4, 5, 2]
[3, 4, 5, 6]
[3, 4, 5, 7]
[3, 4, 5, 0]
[3, 4, 5, 1, 2]
[3, 4, 5, 1, 6]
[3, 4, 5, 1, 7]
[3, 4, 5, 1, 0]
[3, 4, 5, 1, 2, 6]
[3, 4, 5, 1, 2, 7]
[3, 4, 5, 1, 2, 0]
[3, 4, 5, 1, 2, 6, 7]
[3, 4, 5, 1, 2, 6, 0]
[3, 4, 5, 1, 2, 6, 7, 0]
failed -> 50 times
after fail n ======> 5
Runs with the maximum attractor JI -> [1, 2, 19, 31]
