{0: 42, 1: 42, 2: 42, 3: 32, 4: 32, 6: 28, 7: 28, 5: 4}
[0, 1, 2]
0.09615384615384616 0.22727272727272727
itercount --------> 1
[0, 1, 2]
[0, 1, 3]
0.22727272727272727 0.2916666666666667
itercount --------> 2
[0, 4, 6]
[0, 4, 3]
0.2916666666666667 0.3333333333333333
itercount --------> 3
[0, 6, 4]
[0, 6, 7]
[0, 6, 3]
0.3333333333333333 0.4
itercount --------> 4
[0, 1, 2]
[0, 1, 4]
[0, 1, 6]
[0, 1, 7]
[0, 1, 3]
[0, 1, 5]
[0, 1, 2, 4]
0.4 0.45
itercount --------> 5
[0, 1, 2]
[0, 1, 3]
[0, 1, 4]
[0, 1, 7]
[0, 1, 6]
[0, 1, 5]
0.45 0.5
itercount --------> 6
[0, 1, 2]
[0, 1, 5]
[0, 1, 4]
[0, 1, 6]
[0, 1, 7]
[0, 1, 3]
[0, 1, 2, 5]
[0, 1, 2, 4]
[0, 1, 2, 6]
[0, 1, 2, 7]
[0, 1, 2, 3]
[0, 1, 2, 5, 4]
[0, 1, 2, 5, 6]
[0, 1, 2, 5, 7]
[0, 1, 2, 5, 3]
[0, 1, 2, 5, 4, 6]
0.5 0.5714285714285714
itercount --------> 7
[3, 4, 5]
[3, 4, 6]
[3, 4, 7]
[3, 4, 0]
[3, 4, 1]
[3, 4, 2]
[3, 4, 5, 6]
[3, 4, 5, 7]
[3, 4, 5, 0]
[3, 4, 5, 1]
[3, 4, 5, 2]
[3, 4, 5, 6, 7]
[3, 4, 5, 6, 0]
[3, 4, 5, 6, 1]
[3, 4, 5, 6, 2]
[3, 4, 5, 6, 7, 0]
[3, 4, 5, 6, 7, 1]
[3, 4, 5, 6, 7, 2]
[3, 4, 5, 6, 7, 0, 1]
[3, 4, 5, 6, 7, 0, 2]
[3, 4, 5, 6, 7, 0, 1, 2]
failed Once
after fail n ======> 4
[0, 1, 2, 3]
0.09615384615384616 0.11538461538461539
itercount --------> 1
[2, 3, 4]
0.11538461538461539 0.19047619047619047
itercount --------> 2
[3, 2, 6]
0.19047619047619047 0.2692307692307692
itercount --------> 3
[2, 4, 7]
0.2692307692307692 0.375
itercount --------> 4
[2, 7, 0]
0.375 0.5263157894736842
itercount --------> 5
[3, 2, 6]
[3, 2, 4]
[3, 2, 7]
[3, 2, 0]
[3, 2, 1]
0.5263157894736842 0.5555555555555556
itercount --------> 6
[0, 1, 2]
[0, 1, 4]
[0, 1, 7]
[0, 1, 3]
[0, 1, 5]
[0, 1, 6]
[0, 1, 2, 4]
[0, 1, 2, 7]
[0, 1, 2, 3]
[0, 1, 2, 5]
[0, 1, 2, 6]
[0, 1, 2, 4, 7]
[0, 1, 2, 4, 3]
[0, 1, 2, 4, 5]
[0, 1, 2, 4, 6]
[0, 1, 2, 4, 7, 3]
[0, 1, 2, 4, 7, 5]
[0, 1, 2, 4, 7, 6]
[0, 1, 2, 4, 7, 3, 5]
[0, 1, 2, 4, 7, 3, 6]
[0, 1, 2, 4, 7, 3, 5, 6]
failed -> 2 times
after fail n ======> 5
[0, 1, 2, 3, 4]
0.09615384615384616 0.12121212121212122
itercount --------> 1
[0, 2, 3]
0.12121212121212122 0.15789473684210525
itercount --------> 2
[0, 2, 3]
0.15789473684210525 0.17391304347826086
itercount --------> 3
[0, 2, 3]
0.17391304347826086 0.19230769230769232
itercount --------> 4
[2, 3, 6]
0.19230769230769232 0.20833333333333334
itercount --------> 5
[0, 2, 3]
0.20833333333333334 0.21052631578947367
itercount --------> 6
[0, 2, 3]
[0, 2, 5]
[0, 2, 6]
[0, 2, 4]
[0, 2, 1]
0.21052631578947367 0.2222222222222222
itercount --------> 7
[0, 1, 2]
[0, 1, 3]
0.2222222222222222 0.2777777777777778
itercount --------> 8
[5, 0, 1]
[5, 0, 2]
[5, 0, 3]
[5, 0, 7]
[5, 0, 4]
[5, 0, 6]
[5, 0, 1, 2]
[5, 0, 1, 3]
0.2777777777777778 0.38095238095238093
itercount --------> 9
[5, 3, 4]
[5, 3, 6]
[5, 3, 7]
[5, 3, 0]
[5, 3, 1]
0.38095238095238093 0.3888888888888889
itercount --------> 10
[0, 1, 2]
[0, 1, 5]
[0, 1, 4]
[0, 1, 6]
[0, 1, 7]
[0, 1, 3]
[0, 1, 2, 5]
[0, 1, 2, 4]
[0, 1, 2, 6]
[0, 1, 2, 7]
[0, 1, 2, 3]
[0, 1, 2, 5, 4]
0.3888888888888889 0.42105263157894735
itercount --------> 11
[4, 7, 3]
[4, 7, 5]
[4, 7, 6]
[4, 7, 0]
[4, 7, 1]
[4, 7, 2]
[4, 7, 3, 5]
[4, 7, 3, 6]
0.42105263157894735 0.47368421052631576
itercount --------> 12
[3, 5, 4]
[3, 5, 6]
[3, 5, 7]
0.47368421052631576 0.5
itercount --------> 13
[4, 0, 1]
[4, 0, 2]
0.5 0.5263157894736842
itercount --------> 14
[4, 3, 7]
[4, 3, 6]
[4, 3, 5]
[4, 3, 0]
[4, 3, 1]
[4, 3, 2]
[4, 3, 7, 6]
[4, 3, 7, 5]
[4, 3, 7, 0]
[4, 3, 7, 1]
[4, 3, 7, 2]
[4, 3, 7, 6, 5]
[4, 3, 7, 6, 0]
[4, 3, 7, 6, 1]
[4, 3, 7, 6, 2]
[4, 3, 7, 6, 5, 0]
[4, 3, 7, 6, 5, 1]
0.5263157894736842 0.5789473684210527
itercount --------> 15
[4, 3, 7]
[4, 3, 6]
[4, 3, 5]
[4, 3, 0]
[4, 3, 1]
0.5789473684210527 0.631578947368421
itercount --------> 16
[0, 1, 5]
[0, 1, 3]
[0, 1, 4]
[0, 1, 7]
[0, 1, 6]
[0, 1, 2]
0.631578947368421 0.6666666666666666
itercount --------> 17
[4, 0, 1]
[4, 0, 2]
[4, 0, 3]
0.6666666666666666 0.8421052631578947
itercount --------> 18
[0, 1, 2]
[0, 1, 3]
[0, 1, 4]
[0, 1, 5]
[0, 1, 6]
[0, 1, 7]
[0, 1, 2, 3]
[0, 1, 2, 4]
[0, 1, 2, 5]
[0, 1, 2, 6]
[0, 1, 2, 7]
[0, 1, 2, 3, 4]
[0, 1, 2, 3, 5]
[0, 1, 2, 3, 6]
[0, 1, 2, 3, 7]
[0, 1, 2, 3, 4, 5]
[0, 1, 2, 3, 4, 6]
[0, 1, 2, 3, 4, 7]
[0, 1, 2, 3, 4, 5, 6]
[0, 1, 2, 3, 4, 5, 7]
[0, 1, 2, 3, 4, 5, 6, 7]
failed -> 3 times
after fail n ======> 6
[0, 1, 2, 3, 4, 6]
0.09615384615384616 0.10810810810810811
itercount --------> 1
[0, 1, 3]
0.10810810810810811 0.13636363636363635
itercount --------> 2
[0, 1, 2]
0.13636363636363635 0.15
itercount --------> 3
[1, 2, 3]
0.15 0.16
itercount --------> 4
[2, 0, 3]
0.16 0.21052631578947367
itercount --------> 5
[0, 1, 2]
[0, 1, 5]
[0, 1, 6]
0.21052631578947367 0.2631578947368421
itercount --------> 6
[0, 1, 2]
[0, 1, 5]
[0, 1, 3]
0.2631578947368421 0.3142857142857143
itercount --------> 7
[1, 0, 3]
0.3142857142857143 0.3181818181818182
itercount --------> 8
[0, 1, 2]
[0, 1, 3]
0.3181818181818182 0.34375
itercount --------> 9
[0, 4, 3]
[0, 4, 2]
[0, 4, 7]
0.34375 0.41379310344827586
itercount --------> 10
[0, 2, 7]
[0, 2, 1]
0.41379310344827586 0.5217391304347826
itercount --------> 11
[7, 0, 2]
[7, 0, 5]
0.5217391304347826 0.55
itercount --------> 12
[0, 1, 2]
[0, 1, 7]
[0, 1, 5]
0.55 0.6111111111111112
itercount --------> 13
[0, 1, 2]
[0, 1, 5]
[0, 1, 7]
[0, 1, 4]
[0, 1, 6]
[0, 1, 3]
[0, 1, 2, 5]
[0, 1, 2, 7]
[0, 1, 2, 4]
[0, 1, 2, 6]
[0, 1, 2, 3]
[0, 1, 2, 5, 7]
[0, 1, 2, 5, 4]
[0, 1, 2, 5, 6]
[0, 1, 2, 5, 3]
[0, 1, 2, 5, 7, 4]
[0, 1, 2, 5, 7, 6]
[0, 1, 2, 5, 7, 3]
[0, 1, 2, 5, 7, 4, 6]
[0, 1, 2, 5, 7, 4, 3]
[0, 1, 2, 5, 7, 4, 6, 3]
failed -> 4 times
after fail n ======> 7
[0, 1, 2, 3, 4, 6, 7]
0.09615384615384616 0.125
itercount --------> 1
[0, 1, 3]
0.125 0.19047619047619047
itercount --------> 2
[3, 2, 6]
0.19047619047619047 0.2692307692307692
itercount --------> 3
[2, 3, 0]
0.2692307692307692 0.3181818181818182
itercount --------> 4
[0, 1, 2]
[0, 1, 4]
[0, 1, 3]
0.3181818181818182 0.3684210526315789
itercount --------> 5
[0, 1, 2]
[0, 1, 7]
[0, 1, 4]
[0, 1, 3]
[0, 1, 6]
0.3684210526315789 0.3888888888888889
itercount --------> 6
[0, 1, 2]
[0, 1, 4]
[0, 1, 5]
[0, 1, 6]
[0, 1, 3]
[0, 1, 7]
[0, 1, 2, 4]
[0, 1, 2, 5]
[0, 1, 2, 6]
[0, 1, 2, 3]
[0, 1, 2, 7]
[0, 1, 2, 4, 5]
[0, 1, 2, 4, 6]
[0, 1, 2, 4, 3]
[0, 1, 2, 4, 7]
0.3888888888888889 0.5
itercount --------> 7
[0, 1, 2]
[0, 1, 5]
[0, 1, 3]
[0, 1, 6]
[0, 1, 4]
[0, 1, 7]
[0, 1, 2, 5]
[0, 1, 2, 3]
[0, 1, 2, 6]
[0, 1, 2, 4]
[0, 1, 2, 7]
[0, 1, 2, 5, 3]
[0, 1, 2, 5, 6]
[0, 1, 2, 5, 4]
[0, 1, 2, 5, 7]
[0, 1, 2, 5, 3, 6]
[0, 1, 2, 5, 3, 4]
[0, 1, 2, 5, 3, 7]
[0, 1, 2, 5, 3, 6, 4]
0.5 0.5714285714285714
itercount --------> 8
[2, 7, 6]
[2, 7, 3]
[2, 7, 4]
[2, 7, 0]
0.5714285714285714 0.631578947368421
itercount --------> 9
[2, 6, 7]
[2, 6, 4]
[2, 6, 3]
[2, 6, 0]
[2, 6, 1]
[2, 6, 5]
[2, 6, 7, 4]
[2, 6, 7, 3]
[2, 6, 7, 0]
[2, 6, 7, 1]
[2, 6, 7, 5]
[2, 6, 7, 4, 3]
[2, 6, 7, 4, 0]
[2, 6, 7, 4, 1]
0.631578947368421 0.6666666666666666
itercount --------> 10
[0, 1, 2]
[0, 1, 5]
[0, 1, 7]
[0, 1, 6]
[0, 1, 4]
[0, 1, 3]
[0, 1, 2, 5]
[0, 1, 2, 7]
[0, 1, 2, 6]
[0, 1, 2, 4]
[0, 1, 2, 3]
[0, 1, 2, 5, 7]
[0, 1, 2, 5, 6]
[0, 1, 2, 5, 4]
[0, 1, 2, 5, 3]
[0, 1, 2, 5, 7, 6]
[0, 1, 2, 5, 7, 4]
[0, 1, 2, 5, 7, 3]
[0, 1, 2, 5, 7, 6, 4]
[0, 1, 2, 5, 7, 6, 3]
[0, 1, 2, 5, 7, 6, 4, 3]
failed -> 5 times
after fail n ======> 8
[0, 1, 2, 3, 4, 6, 7, 5]
0.09615384615384616 0.125
itercount --------> 1
[0, 2, 3]
0.125 0.13793103448275862
itercount --------> 2
[0, 2, 3]
0.13793103448275862 0.19230769230769232
itercount --------> 3
[2, 3, 1]
0.19230769230769232 0.2631578947368421
itercount --------> 4
[1, 2, 3]
0.2631578947368421 0.2857142857142857
itercount --------> 5
[1, 3, 6]
0.2857142857142857 0.3157894736842105
itercount --------> 6
[3, 1, 2]
0.3157894736842105 0.3333333333333333
itercount --------> 7
[3, 1, 7]
[3, 1, 4]
[3, 1, 6]
[3, 1, 2]
[3, 1, 0]
0.3333333333333333 0.3684210526315789
itercount --------> 8
[1, 2, 3]
[1, 2, 7]
[1, 2, 4]
[1, 2, 6]
[1, 2, 0]
[1, 2, 5]
[1, 2, 3, 7]
[1, 2, 3, 4]
[1, 2, 3, 6]
[1, 2, 3, 0]
[1, 2, 3, 5]
[1, 2, 3, 7, 4]
0.3684210526315789 0.42105263157894735
itercount --------> 9
[1, 2, 3]
[1, 2, 7]
[1, 2, 4]
[1, 2, 6]
[1, 2, 0]
[1, 2, 5]
[1, 2, 3, 7]
[1, 2, 3, 4]
[1, 2, 3, 6]
0.42105263157894735 0.5555555555555556
itercount --------> 10
[0, 1, 2]
[0, 1, 4]
[0, 1, 7]
[0, 1, 3]
[0, 1, 5]
[0, 1, 6]
[0, 1, 2, 4]
[0, 1, 2, 7]
[0, 1, 2, 3]
[0, 1, 2, 5]
[0, 1, 2, 6]
[0, 1, 2, 4, 7]
[0, 1, 2, 4, 3]
[0, 1, 2, 4, 5]
[0, 1, 2, 4, 6]
[0, 1, 2, 4, 7, 3]
[0, 1, 2, 4, 7, 5]
[0, 1, 2, 4, 7, 6]
[0, 1, 2, 4, 7, 3, 5]
[0, 1, 2, 4, 7, 3, 6]
[0, 1, 2, 4, 7, 3, 5, 6]
failed -> 6 times
after fail n ======> 5
[0, 1, 2, 3, 4]
0.09615384615384616 0.15625
itercount --------> 1
[0, 3, 4]
0.15625 0.20689655172413793
itercount --------> 2
[0, 4, 1]
[0, 4, 2]
[0, 4, 6]
0.20689655172413793 0.2222222222222222
itercount --------> 3
[0, 6, 1]
0.2222222222222222 0.3157894736842105
itercount --------> 4
[0, 1, 2]
[0, 1, 6]
0.3157894736842105 0.3333333333333333
itercount --------> 5
[0, 6, 4]
[0, 6, 7]
[0, 6, 3]
[0, 6, 1]
[0, 6, 2]
0.3333333333333333 0.35
itercount --------> 6
[0, 1, 2]
[0, 1, 4]
0.35 0.3684210526315789
itercount --------> 7
[0, 1, 2]
[0, 1, 4]
[0, 1, 6]
[0, 1, 7]
[0, 1, 3]
[0, 1, 5]
[0, 1, 2, 4]
[0, 1, 2, 6]
[0, 1, 2, 7]
[0, 1, 2, 3]
[0, 1, 2, 5]
[0, 1, 2, 4, 6]
[0, 1, 2, 4, 7]
0.3684210526315789 0.42105263157894735
itercount --------> 8
[0, 1, 2]
[0, 1, 6]
[0, 1, 4]
[0, 1, 7]
[0, 1, 3]
[0, 1, 5]
[0, 1, 2, 6]
[0, 1, 2, 4]
[0, 1, 2, 7]
[0, 1, 2, 3]
[0, 1, 2, 5]
[0, 1, 2, 6, 4]
[0, 1, 2, 6, 7]
[0, 1, 2, 6, 3]
0.42105263157894735 0.5555555555555556
itercount --------> 9
[0, 1, 2]
[0, 1, 4]
[0, 1, 7]
[0, 1, 3]
[0, 1, 5]
[0, 1, 6]
[0, 1, 2, 4]
[0, 1, 2, 7]
[0, 1, 2, 3]
[0, 1, 2, 5]
[0, 1, 2, 6]
[0, 1, 2, 4, 7]
[0, 1, 2, 4, 3]
[0, 1, 2, 4, 5]
[0, 1, 2, 4, 6]
[0, 1, 2, 4, 7, 3]
[0, 1, 2, 4, 7, 5]
[0, 1, 2, 4, 7, 6]
[0, 1, 2, 4, 7, 3, 5]
[0, 1, 2, 4, 7, 3, 6]
[0, 1, 2, 4, 7, 3, 5, 6]
failed -> 7 times
after fail n ======> 6
[0, 1, 2, 3, 4, 6]
0.09615384615384616 0.11538461538461539
itercount --------> 1
[0, 3, 4]
[0, 3, 7]
0.11538461538461539 0.19047619047619047
itercount --------> 2
[3, 0, 1]
0.19047619047619047 0.2631578947368421
itercount --------> 3
[0, 3, 6]
[0, 3, 7]
[0, 3, 4]
[0, 3, 1]
[0, 3, 2]
0.2631578947368421 0.2777777777777778
itercount --------> 4
[0, 1, 2]
[0, 1, 3]
0.2777777777777778 0.3157894736842105
itercount --------> 5
[0, 1, 3]
[0, 1, 4]
[0, 1, 6]
[0, 1, 7]
0.3157894736842105 0.3333333333333333
itercount --------> 6
[1, 6, 3]
0.3333333333333333 0.37037037037037035
itercount --------> 7
[1, 3, 4]
[1, 3, 7]
0.37037037037037035 0.375
itercount --------> 8
[1, 4, 7]
0.375 0.39285714285714285
itercount --------> 9
[1, 4, 0]
[1, 4, 7]
[1, 4, 2]
[1, 4, 3]
0.39285714285714285 0.40625
itercount --------> 10
[1, 7, 0]
[1, 7, 3]
0.40625 0.46875
itercount --------> 11
[1, 7, 0]
[1, 7, 3]
[1, 7, 4]
[1, 7, 6]
0.46875 0.5909090909090909
itercount --------> 12
[7, 0, 1]
[7, 0, 5]
[7, 0, 2]
[7, 0, 6]
[7, 0, 4]
[7, 0, 3]
[7, 0, 1, 5]
0.5909090909090909 0.631578947368421
itercount --------> 13
[0, 1, 2]
[0, 1, 5]
[0, 1, 7]
[0, 1, 6]
[0, 1, 3]
[0, 1, 4]
0.631578947368421 0.6666666666666666
itercount --------> 14
[0, 1, 2]
[0, 1, 5]
[0, 1, 7]
[0, 1, 6]
[0, 1, 4]
[0, 1, 3]
[0, 1, 2, 5]
[0, 1, 2, 7]
[0, 1, 2, 6]
[0, 1, 2, 4]
[0, 1, 2, 3]
[0, 1, 2, 5, 7]
0.6666666666666666 0.6842105263157895
itercount --------> 15
[7, 5, 6]
[7, 5, 4]
[7, 5, 0]
[7, 5, 1]
[7, 5, 2]
[7, 5, 3]
[7, 5, 6, 4]
[7, 5, 6, 0]
[7, 5, 6, 1]
[7, 5, 6, 2]
[7, 5, 6, 3]
[7, 5, 6, 4, 0]
[7, 5, 6, 4, 1]
[7, 5, 6, 4, 2]
[7, 5, 6, 4, 3]
[7, 5, 6, 4, 0, 1]
[7, 5, 6, 4, 0, 2]
[7, 5, 6, 4, 0, 3]
[7, 5, 6, 4, 0, 1, 2]
[7, 5, 6, 4, 0, 1, 3]
[7, 5, 6, 4, 0, 1, 2, 3]
failed -> 8 times
after fail n ======> 7
[0, 1, 2, 3, 4, 6, 7]
0.09615384615384616 0.15625
itercount --------> 1
[0, 3, 4]
0.15625 0.19230769230769232
itercount --------> 2
[0, 1, 2]
0.19230769230769232 0.2631578947368421
itercount --------> 3
[0, 1, 2]
[0, 1, 3]
0.2631578947368421 0.30434782608695654
itercount --------> 4
[1, 2, 6]
0.30434782608695654 0.3157894736842105
itercount --------> 5
[0, 1, 2]
[0, 1, 6]
0.3157894736842105 0.3181818181818182
itercount --------> 6
[0, 4, 6]
[0, 4, 3]
[0, 4, 7]
0.3181818181818182 0.36363636363636365
itercount --------> 7
[3, 0, 1]
0.36363636363636365 0.3684210526315789
itercount --------> 8
[0, 6, 4]
[0, 6, 7]
[0, 6, 3]
[0, 6, 1]
[0, 6, 2]
0.3684210526315789 0.42105263157894735
itercount --------> 9
[6, 0, 3]
[6, 0, 4]
[6, 0, 7]
[6, 0, 1]
[6, 0, 2]
[6, 0, 5]
[6, 0, 3, 4]
[6, 0, 3, 7]
[6, 0, 3, 1]
0.42105263157894735 0.5555555555555556
itercount --------> 10
[0, 1, 2]
[0, 1, 4]
[0, 1, 7]
[0, 1, 3]
[0, 1, 5]
[0, 1, 6]
[0, 1, 2, 4]
[0, 1, 2, 7]
[0, 1, 2, 3]
[0, 1, 2, 5]
[0, 1, 2, 6]
[0, 1, 2, 4, 7]
[0, 1, 2, 4, 3]
[0, 1, 2, 4, 5]
[0, 1, 2, 4, 6]
[0, 1, 2, 4, 7, 3]
[0, 1, 2, 4, 7, 5]
[0, 1, 2, 4, 7, 6]
[0, 1, 2, 4, 7, 3, 5]
[0, 1, 2, 4, 7, 3, 6]
[0, 1, 2, 4, 7, 3, 5, 6]
failed -> 9 times
after fail n ======> 8
[0, 1, 2, 3, 4, 6, 7, 5]
0.09615384615384616 0.18421052631578946
itercount --------> 1
[1, 0, 4]
0.18421052631578946 0.30434782608695654
itercount --------> 2
[0, 2, 6]
0.30434782608695654 0.3157894736842105
itercount --------> 3
[0, 1, 2]
[0, 1, 6]
0.3157894736842105 0.3181818181818182
itercount --------> 4
[1, 4, 6]
[1, 4, 3]
[1, 4, 7]
[1, 4, 0]
[1, 4, 2]
0.3181818181818182 0.35
itercount --------> 5
[0, 1, 2]
[0, 1, 4]
[0, 1, 6]
[0, 1, 7]
[0, 1, 3]
0.35 0.3684210526315789
itercount --------> 6
[6, 1, 4]
[6, 1, 7]
[6, 1, 3]
[6, 1, 0]
[6, 1, 2]
[6, 1, 5]
[6, 1, 4, 7]
0.3684210526315789 0.42105263157894735
itercount --------> 7
[6, 1, 3]
[6, 1, 4]
[6, 1, 7]
[6, 1, 0]
[6, 1, 2]
[6, 1, 5]
[6, 1, 3, 4]
0.42105263157894735 0.5555555555555556
itercount --------> 8
[0, 1, 2]
[0, 1, 4]
[0, 1, 7]
[0, 1, 3]
[0, 1, 5]
[0, 1, 6]
[0, 1, 2, 4]
[0, 1, 2, 7]
[0, 1, 2, 3]
[0, 1, 2, 5]
[0, 1, 2, 6]
[0, 1, 2, 4, 7]
[0, 1, 2, 4, 3]
[0, 1, 2, 4, 5]
[0, 1, 2, 4, 6]
[0, 1, 2, 4, 7, 3]
[0, 1, 2, 4, 7, 5]
[0, 1, 2, 4, 7, 6]
[0, 1, 2, 4, 7, 3, 5]
[0, 1, 2, 4, 7, 3, 6]
[0, 1, 2, 4, 7, 3, 5, 6]
failed -> 10 times
after fail n ======> 5
[0, 1, 2, 3, 4]
0.09615384615384616 0.10810810810810811
itercount --------> 1
[1, 0, 4]
0.10810810810810811 0.15384615384615385
itercount --------> 2
[1, 4, 3]
[1, 4, 0]
0.15384615384615385 0.18518518518518517
itercount --------> 3
[1, 2, 4]
0.18518518518518517 0.25925925925925924
itercount --------> 4
[1, 4, 2]
0.25925925925925924 0.30434782608695654
itercount --------> 5
[1, 6, 4]
0.30434782608695654 0.3157894736842105
itercount --------> 6
[0, 1, 2]
[0, 1, 6]
[0, 1, 4]
[0, 1, 7]
[0, 1, 5]
[0, 1, 3]
[0, 1, 2, 6]
0.3157894736842105 0.35
itercount --------> 7
[1, 4, 3]
[1, 4, 6]
[1, 4, 7]
[1, 4, 0]
[1, 4, 2]
[1, 4, 5]
[1, 4, 3, 6]
[1, 4, 3, 7]
[1, 4, 3, 0]
[1, 4, 3, 2]
0.35 0.3684210526315789
itercount --------> 8
[0, 1, 2]
[0, 1, 4]
[0, 1, 6]
[0, 1, 7]
[0, 1, 3]
[0, 1, 5]
[0, 1, 2, 4]
[0, 1, 2, 6]
[0, 1, 2, 7]
[0, 1, 2, 3]
[0, 1, 2, 5]
[0, 1, 2, 4, 6]
[0, 1, 2, 4, 7]
0.3684210526315789 0.42105263157894735
itercount --------> 9
[0, 1, 2]
[0, 1, 6]
[0, 1, 4]
[0, 1, 7]
[0, 1, 3]
[0, 1, 5]
[0, 1, 2, 6]
[0, 1, 2, 4]
[0, 1, 2, 7]
[0, 1, 2, 3]
[0, 1, 2, 5]
[0, 1, 2, 6, 4]
[0, 1, 2, 6, 7]
[0, 1, 2, 6, 3]
0.42105263157894735 0.5555555555555556
itercount --------> 10
[0, 1, 2]
[0, 1, 4]
[0, 1, 7]
[0, 1, 3]
[0, 1, 5]
[0, 1, 6]
[0, 1, 2, 4]
[0, 1, 2, 7]
[0, 1, 2, 3]
[0, 1, 2, 5]
[0, 1, 2, 6]
[0, 1, 2, 4, 7]
[0, 1, 2, 4, 3]
[0, 1, 2, 4, 5]
[0, 1, 2, 4, 6]
[0, 1, 2, 4, 7, 3]
[0, 1, 2, 4, 7, 5]
[0, 1, 2, 4, 7, 6]
[0, 1, 2, 4, 7, 3, 5]
[0, 1, 2, 4, 7, 3, 6]
[0, 1, 2, 4, 7, 3, 5, 6]
failed -> 11 times
after fail n ======> 6
[0, 1, 2, 3, 4, 6]
0.09615384615384616 0.10810810810810811
itercount --------> 1
[0, 2, 3]
[0, 2, 1]
0.10810810810810811 0.16
itercount --------> 2
[2, 3, 6]
0.16 0.24242424242424243
itercount --------> 3
[2, 4, 6]
0.24242424242424243 0.2608695652173913
itercount --------> 4
[2, 4, 6]
0.2608695652173913 0.30434782608695654
itercount --------> 5
[6, 2, 7]
0.30434782608695654 0.38095238095238093
itercount --------> 6
[0, 1, 4]
[0, 1, 6]
[0, 1, 5]
[0, 1, 3]
[0, 1, 2]
0.38095238095238093 0.42105263157894735
itercount --------> 7
[0, 1, 2]
[0, 1, 7]
[0, 1, 4]
[0, 1, 6]
[0, 1, 5]
[0, 1, 3]
[0, 1, 2, 7]
[0, 1, 2, 4]
[0, 1, 2, 6]
[0, 1, 2, 5]
[0, 1, 2, 3]
0.42105263157894735 0.4444444444444444
itercount --------> 8
[5, 0, 1]
[5, 0, 2]
[5, 0, 4]
[5, 0, 6]
[5, 0, 7]
[5, 0, 3]
[5, 0, 1, 2]
[5, 0, 1, 4]
[5, 0, 1, 6]
[5, 0, 1, 7]
[5, 0, 1, 3]
[5, 0, 1, 2, 4]
[5, 0, 1, 2, 6]
[5, 0, 1, 2, 7]
[5, 0, 1, 2, 3]
[5, 0, 1, 2, 4, 6]
[5, 0, 1, 2, 4, 7]
0.4444444444444444 0.47368421052631576
itercount --------> 9
[2, 6, 3]
[2, 6, 4]
[2, 6, 5]
0.47368421052631576 0.5
itercount --------> 10
[0, 1, 2]
[0, 1, 5]
[0, 1, 6]
[0, 1, 3]
[0, 1, 4]
[0, 1, 7]
[0, 1, 2, 5]
[0, 1, 2, 6]
[0, 1, 2, 3]
[0, 1, 2, 4]
[0, 1, 2, 7]
[0, 1, 2, 5, 6]
[0, 1, 2, 5, 3]
[0, 1, 2, 5, 4]
[0, 1, 2, 5, 7]
[0, 1, 2, 5, 6, 3]
[0, 1, 2, 5, 6, 4]
[0, 1, 2, 5, 6, 7]
[0, 1, 2, 5, 6, 3, 4]
0.5 0.6111111111111112
itercount --------> 11
[0, 1, 2]
[0, 1, 5]
[0, 1, 7]
[0, 1, 6]
[0, 1, 4]
[0, 1, 3]
[0, 1, 2, 5]
[0, 1, 2, 7]
[0, 1, 2, 6]
[0, 1, 2, 4]
[0, 1, 2, 3]
[0, 1, 2, 5, 7]
[0, 1, 2, 5, 6]
[0, 1, 2, 5, 4]
[0, 1, 2, 5, 3]
[0, 1, 2, 5, 7, 6]
[0, 1, 2, 5, 7, 4]
[0, 1, 2, 5, 7, 3]
[0, 1, 2, 5, 7, 6, 4]
[0, 1, 2, 5, 7, 6, 3]
[0, 1, 2, 5, 7, 6, 4, 3]
failed -> 12 times
after fail n ======> 7
[0, 1, 2, 3, 4, 6, 7]
0.09615384615384616 0.125
itercount --------> 1
[1, 2, 3]
0.125 0.19230769230769232
itercount --------> 2
[0, 1, 2]
0.19230769230769232 0.2631578947368421
itercount --------> 3
[0, 1, 2]
[0, 1, 3]
0.2631578947368421 0.3333333333333333
itercount --------> 4
[0, 6, 4]
[0, 6, 7]
[0, 6, 3]
[0, 6, 1]
[0, 6, 2]
[0, 6, 5]
[0, 6, 4, 7]
0.3333333333333333 0.4
itercount --------> 5
[0, 6, 3]
0.4 0.5263157894736842
itercount --------> 6
[0, 1, 2]
[0, 1, 3]
[0, 1, 4]
[0, 1, 7]
[0, 1, 6]
[0, 1, 5]
[0, 1, 2, 3]
[0, 1, 2, 4]
[0, 1, 2, 7]
[0, 1, 2, 6]
[0, 1, 2, 5]
[0, 1, 2, 3, 4]
[0, 1, 2, 3, 7]
[0, 1, 2, 3, 6]
[0, 1, 2, 3, 5]
[0, 1, 2, 3, 4, 7]
[0, 1, 2, 3, 4, 6]
[0, 1, 2, 3, 4, 5]
[0, 1, 2, 3, 4, 7, 6]
[0, 1, 2, 3, 4, 7, 5]
[0, 1, 2, 3, 4, 7, 6, 5]
failed -> 13 times
after fail n ======> 8
[0, 1, 2, 3, 4, 6, 7, 5]
0.09615384615384616 0.11363636363636363
itercount --------> 1
[1, 2, 0]
0.11363636363636363 0.17857142857142858
itercount --------> 2
[0, 1, 2]
0.17857142857142858 0.25
itercount --------> 3
[0, 1, 2]
[0, 1, 5]
0.25 0.2692307692307692
itercount --------> 4
[0, 1, 2]
[0, 1, 5]
[0, 1, 3]
[0, 1, 4]
0.2692307692307692 0.35
itercount --------> 5
[0, 1, 2]
[0, 1, 4]
[0, 1, 6]
[0, 1, 7]
[0, 1, 3]
[0, 1, 5]
[0, 1, 2, 4]
[0, 1, 2, 6]
[0, 1, 2, 7]
[0, 1, 2, 3]
[0, 1, 2, 5]
[0, 1, 2, 4, 6]
[0, 1, 2, 4, 7]
0.35 0.4
itercount --------> 6
[3, 5, 7]
[3, 5, 4]
[3, 5, 6]
0.4 0.5263157894736842
itercount --------> 7
[0, 1, 2]
[0, 1, 3]
[0, 1, 4]
[0, 1, 7]
[0, 1, 6]
[0, 1, 5]
[0, 1, 2, 3]
[0, 1, 2, 4]
[0, 1, 2, 7]
[0, 1, 2, 6]
[0, 1, 2, 5]
[0, 1, 2, 3, 4]
[0, 1, 2, 3, 7]
[0, 1, 2, 3, 6]
[0, 1, 2, 3, 5]
[0, 1, 2, 3, 4, 7]
[0, 1, 2, 3, 4, 6]
[0, 1, 2, 3, 4, 5]
[0, 1, 2, 3, 4, 7, 6]
[0, 1, 2, 3, 4, 7, 5]
[0, 1, 2, 3, 4, 7, 6, 5]
failed -> 14 times
after fail n ======> 5
[0, 1, 2, 3, 4]
0.09615384615384616 0.13793103448275862
itercount --------> 1
[0, 1, 3]
0.13793103448275862 0.19047619047619047
itercount --------> 2
[3, 2, 6]
0.19047619047619047 0.30434782608695654
itercount --------> 3
[2, 3, 4]
[2, 3, 6]
[2, 3, 0]
0.30434782608695654 0.3888888888888889
itercount --------> 4
[0, 1, 2]
[0, 1, 4]
[0, 1, 5]
[0, 1, 6]
[0, 1, 3]
[0, 1, 7]
[0, 1, 2, 4]
[0, 1, 2, 5]
[0, 1, 2, 6]
[0, 1, 2, 3]
[0, 1, 2, 7]
[0, 1, 2, 4, 5]
[0, 1, 2, 4, 6]
[0, 1, 2, 4, 3]
[0, 1, 2, 4, 7]
0.3888888888888889 0.5
itercount --------> 5
[0, 1, 2]
[0, 1, 5]
[0, 1, 3]
[0, 1, 6]
[0, 1, 4]
[0, 1, 7]
[0, 1, 2, 5]
[0, 1, 2, 3]
[0, 1, 2, 6]
[0, 1, 2, 4]
[0, 1, 2, 7]
[0, 1, 2, 5, 3]
[0, 1, 2, 5, 6]
[0, 1, 2, 5, 4]
[0, 1, 2, 5, 7]
[0, 1, 2, 5, 3, 6]
[0, 1, 2, 5, 3, 4]
[0, 1, 2, 5, 3, 7]
[0, 1, 2, 5, 3, 6, 4]
0.5 0.631578947368421
itercount --------> 6
[0, 2, 7]
[0, 2, 6]
[0, 2, 4]
[0, 2, 3]
[0, 2, 1]
0.631578947368421 0.6666666666666666
itercount --------> 7
[0, 1, 2]
[0, 1, 5]
[0, 1, 7]
[0, 1, 6]
[0, 1, 4]
[0, 1, 3]
[0, 1, 2, 5]
[0, 1, 2, 7]
[0, 1, 2, 6]
[0, 1, 2, 4]
[0, 1, 2, 3]
[0, 1, 2, 5, 7]
[0, 1, 2, 5, 6]
[0, 1, 2, 5, 4]
[0, 1, 2, 5, 3]
[0, 1, 2, 5, 7, 6]
[0, 1, 2, 5, 7, 4]
[0, 1, 2, 5, 7, 3]
[0, 1, 2, 5, 7, 6, 4]
[0, 1, 2, 5, 7, 6, 3]
[0, 1, 2, 5, 7, 6, 4, 3]
failed -> 15 times
after fail n ======> 6
[0, 1, 2, 3, 4, 6]
0.09615384615384616 0.13793103448275862
itercount --------> 1
[0, 1, 3]
0.13793103448275862 0.14285714285714285
itercount --------> 2
[3, 0, 1]
0.14285714285714285 0.19230769230769232
itercount --------> 3
[0, 3, 2]
0.19230769230769232 0.3333333333333333
itercount --------> 4
[2, 6, 4]
[2, 6, 3]
[2, 6, 7]
[2, 6, 0]
[2, 6, 1]
0.3333333333333333 0.3684210526315789
itercount --------> 5
[0, 2, 6]
[0, 2, 4]
[0, 2, 7]
[0, 2, 3]
[0, 2, 1]
[0, 2, 5]
[0, 2, 6, 4]
[0, 2, 6, 7]
[0, 2, 6, 3]
[0, 2, 6, 1]
[0, 2, 6, 5]
[0, 2, 6, 4, 7]
[0, 2, 6, 4, 3]
0.3684210526315789 0.4444444444444444
itercount --------> 6
[0, 1, 2]
[0, 1, 4]
0.4444444444444444 0.5
itercount --------> 7
[0, 1, 2]
[0, 1, 5]
[0, 1, 4]
[0, 1, 6]
[0, 1, 7]
[0, 1, 3]
[0, 1, 2, 5]
[0, 1, 2, 4]
[0, 1, 2, 6]
[0, 1, 2, 7]
[0, 1, 2, 3]
[0, 1, 2, 5, 4]
[0, 1, 2, 5, 6]
[0, 1, 2, 5, 7]
[0, 1, 2, 5, 3]
[0, 1, 2, 5, 4, 6]
0.5 0.5714285714285714
itercount --------> 8
[3, 4, 5]
[3, 4, 6]
[3, 4, 7]
[3, 4, 0]
[3, 4, 1]
[3, 4, 2]
[3, 4, 5, 6]
[3, 4, 5, 7]
[3, 4, 5, 0]
[3, 4, 5, 1]
[3, 4, 5, 2]
[3, 4, 5, 6, 7]
[3, 4, 5, 6, 0]
[3, 4, 5, 6, 1]
[3, 4, 5, 6, 2]
[3, 4, 5, 6, 7, 0]
[3, 4, 5, 6, 7, 1]
[3, 4, 5, 6, 7, 2]
[3, 4, 5, 6, 7, 0, 1]
[3, 4, 5, 6, 7, 0, 2]
[3, 4, 5, 6, 7, 0, 1, 2]
failed -> 16 times
after fail n ======> 7
[0, 1, 2, 3, 4, 6, 7]
0.09615384615384616 0.15625
itercount --------> 1
[2, 3, 4]
[2, 3, 6]
0.15625 0.2127659574468085
itercount --------> 2
[2, 0, 1]
0.2127659574468085 0.37037037037037035
itercount --------> 3
[0, 1, 2]
[0, 1, 3]
[0, 1, 6]
[0, 1, 4]
[0, 1, 7]
[0, 1, 5]
[0, 1, 2, 3]
[0, 1, 2, 6]
[0, 1, 2, 4]
[0, 1, 2, 7]
[0, 1, 2, 5]
0.37037037037037035 0.42105263157894735
itercount --------> 4
[0, 1, 2]
[0, 1, 5]
[0, 1, 6]
[0, 1, 3]
[0, 1, 4]
[0, 1, 7]
[0, 1, 2, 5]
0.42105263157894735 0.5263157894736842
itercount --------> 5
[0, 1, 2]
[0, 1, 5]
[0, 1, 6]
[0, 1, 3]
[0, 1, 4]
[0, 1, 7]
[0, 1, 2, 5]
[0, 1, 2, 6]
[0, 1, 2, 3]
[0, 1, 2, 4]
0.5263157894736842 0.5555555555555556
itercount --------> 6
[0, 1, 2]
[0, 1, 5]
[0, 1, 6]
[0, 1, 3]
[0, 1, 7]
[0, 1, 4]
[0, 1, 2, 5]
[0, 1, 2, 6]
[0, 1, 2, 3]
[0, 1, 2, 7]
[0, 1, 2, 4]
[0, 1, 2, 5, 6]
[0, 1, 2, 5, 3]
[0, 1, 2, 5, 7]
[0, 1, 2, 5, 4]
[0, 1, 2, 5, 6, 3]
[0, 1, 2, 5, 6, 7]
[0, 1, 2, 5, 6, 4]
[0, 1, 2, 5, 6, 3, 7]
0.5555555555555556 0.6111111111111112
itercount --------> 7
[0, 1, 2]
[0, 1, 5]
[0, 1, 6]
[0, 1, 7]
[0, 1, 3]
[0, 1, 4]
[0, 1, 2, 5]
[0, 1, 2, 6]
[0, 1, 2, 7]
[0, 1, 2, 3]
[0, 1, 2, 4]
[0, 1, 2, 5, 6]
[0, 1, 2, 5, 7]
[0, 1, 2, 5, 3]
[0, 1, 2, 5, 4]
[0, 1, 2, 5, 6, 7]
[0, 1, 2, 5, 6, 3]
[0, 1, 2, 5, 6, 4]
[0, 1, 2, 5, 6, 7, 3]
[0, 1, 2, 5, 6, 7, 4]
[0, 1, 2, 5, 6, 7, 3, 4]
failed -> 17 times
after fail n ======> 8
[0, 1, 2, 3, 4, 6, 7, 5]
0.09615384615384616 0.125
itercount --------> 1
[1, 2, 3]
0.125 0.13793103448275862
itercount --------> 2
[1, 2, 3]
0.13793103448275862 0.19047619047619047
itercount --------> 3
[3, 0, 1]
0.19047619047619047 0.2222222222222222
itercount --------> 4
[5, 0, 1]
[5, 0, 2]
[5, 0, 3]
0.2222222222222222 0.2631578947368421
itercount --------> 5
[0, 3, 6]
0.2631578947368421 0.3157894736842105
itercount --------> 6
[3, 0, 7]
[3, 0, 4]
[3, 0, 6]
0.3157894736842105 0.3888888888888889
itercount --------> 7
[0, 1, 2]
[0, 1, 5]
[0, 1, 7]
[0, 1, 3]
[0, 1, 6]
[0, 1, 4]
[0, 1, 2, 5]
[0, 1, 2, 7]
[0, 1, 2, 3]
[0, 1, 2, 6]
[0, 1, 2, 4]
[0, 1, 2, 5, 7]
[0, 1, 2, 5, 3]
[0, 1, 2, 5, 6]
[0, 1, 2, 5, 4]
[0, 1, 2, 5, 7, 3]
[0, 1, 2, 5, 7, 6]
[0, 1, 2, 5, 7, 4]
0.3888888888888889 0.4444444444444444
itercount --------> 8
[5, 0, 1]
[5, 0, 2]
[5, 0, 3]
[5, 0, 6]
[5, 0, 4]
0.4444444444444444 0.5
itercount --------> 9
[0, 1, 2]
[0, 1, 5]
[0, 1, 3]
[0, 1, 6]
[0, 1, 4]
[0, 1, 7]
[0, 1, 2, 5]
[0, 1, 2, 3]
[0, 1, 2, 6]
[0, 1, 2, 4]
[0, 1, 2, 7]
[0, 1, 2, 5, 3]
[0, 1, 2, 5, 6]
[0, 1, 2, 5, 4]
[0, 1, 2, 5, 7]
[0, 1, 2, 5, 3, 6]
[0, 1, 2, 5, 3, 4]
[0, 1, 2, 5, 3, 7]
[0, 1, 2, 5, 3, 6, 4]
0.5 0.6
itercount --------> 10
[7, 5, 3]
[7, 5, 6]
[7, 5, 4]
[7, 5, 0]
0.6 0.6111111111111112
itercount --------> 11
[0, 1, 2]
[0, 1, 5]
[0, 1, 7]
[0, 1, 6]
[0, 1, 4]
[0, 1, 3]
[0, 1, 2, 5]
[0, 1, 2, 7]
[0, 1, 2, 6]
[0, 1, 2, 4]
[0, 1, 2, 3]
[0, 1, 2, 5, 7]
[0, 1, 2, 5, 6]
[0, 1, 2, 5, 4]
[0, 1, 2, 5, 3]
[0, 1, 2, 5, 7, 6]
[0, 1, 2, 5, 7, 4]
[0, 1, 2, 5, 7, 3]
[0, 1, 2, 5, 7, 6, 4]
0.6111111111111112 0.631578947368421
itercount --------> 12
[7, 5, 3]
[7, 5, 4]
[7, 5, 6]
[7, 5, 0]
[7, 5, 1]
[7, 5, 2]
[7, 5, 3, 4]
[7, 5, 3, 6]
[7, 5, 3, 0]
[7, 5, 3, 1]
0.631578947368421 0.6666666666666666
itercount --------> 13
[0, 1, 2]
[0, 1, 5]
[0, 1, 7]
[0, 1, 6]
[0, 1, 4]
[0, 1, 3]
[0, 1, 2, 5]
[0, 1, 2, 7]
[0, 1, 2, 6]
[0, 1, 2, 4]
[0, 1, 2, 3]
[0, 1, 2, 5, 7]
[0, 1, 2, 5, 6]
[0, 1, 2, 5, 4]
[0, 1, 2, 5, 3]
[0, 1, 2, 5, 7, 6]
[0, 1, 2, 5, 7, 4]
[0, 1, 2, 5, 7, 3]
[0, 1, 2, 5, 7, 6, 4]
[0, 1, 2, 5, 7, 6, 3]
[0, 1, 2, 5, 7, 6, 4, 3]
failed -> 18 times
after fail n ======> 5
[0, 1, 2, 3, 4]
0.09615384615384616 0.125
itercount --------> 1
[0, 1, 3]
0.125 0.13043478260869565
itercount --------> 2
[0, 1, 3]
0.13043478260869565 0.13793103448275862
itercount --------> 3
[0, 1, 3]
0.13793103448275862 0.19047619047619047
itercount --------> 4
[3, 2, 6]
[3, 2, 0]
0.19047619047619047 0.23333333333333334
itercount --------> 5
[0, 2, 6]
[0, 2, 4]
0.23333333333333334 0.30434782608695654
itercount --------> 6
[0, 1, 6]
0.30434782608695654 0.3157894736842105
itercount --------> 7
[0, 2, 6]
0.3157894736842105 0.3181818181818182
itercount --------> 8
[2, 4, 6]
[2, 4, 3]
[2, 4, 7]
0.3181818181818182 0.36363636363636365
itercount --------> 9
[3, 0, 2]
0.36363636363636365 0.3684210526315789
itercount --------> 10
[2, 6, 4]
[2, 6, 7]
[2, 6, 3]
0.3684210526315789 0.3888888888888889
itercount --------> 11
[0, 1, 2]
[0, 1, 3]
0.3888888888888889 0.45454545454545453
itercount --------> 12
[2, 6, 0]
[2, 6, 7]
[2, 6, 3]
[2, 6, 4]
[2, 6, 1]
0.45454545454545453 0.5555555555555556
itercount --------> 13
[0, 1, 2]
[0, 1, 4]
[0, 1, 7]
[0, 1, 3]
[0, 1, 5]
[0, 1, 6]
[0, 1, 2, 4]
[0, 1, 2, 7]
[0, 1, 2, 3]
[0, 1, 2, 5]
[0, 1, 2, 6]
[0, 1, 2, 4, 7]
[0, 1, 2, 4, 3]
[0, 1, 2, 4, 5]
[0, 1, 2, 4, 6]
[0, 1, 2, 4, 7, 3]
[0, 1, 2, 4, 7, 5]
[0, 1, 2, 4, 7, 6]
[0, 1, 2, 4, 7, 3, 5]
[0, 1, 2, 4, 7, 3, 6]
[0, 1, 2, 4, 7, 3, 5, 6]
failed -> 19 times
after fail n ======> 6
[0, 1, 2, 3, 4, 6]
0.09615384615384616 0.15625
itercount --------> 1
[2, 3, 4]
0.15625 0.19230769230769232
itercount --------> 2
[2, 0, 1]
0.19230769230769232 0.2631578947368421
itercount --------> 3
[0, 1, 2]
[0, 1, 3]
[0, 1, 4]
[0, 1, 7]
[0, 1, 6]
0.2631578947368421 0.2727272727272727
itercount --------> 4
[1, 3, 4]
[1, 3, 6]
0.2727272727272727 0.4
itercount --------> 5
[0, 1, 2]
[0, 1, 4]
[0, 1, 6]
[0, 1, 7]
[0, 1, 3]
[0, 1, 5]
[0, 1, 2, 4]
0.4 0.45
itercount --------> 6
[0, 1, 2]
[0, 1, 3]
0.45 0.5
itercount --------> 7
[0, 1, 2]
[0, 1, 5]
[0, 1, 4]
[0, 1, 6]
[0, 1, 7]
[0, 1, 3]
[0, 1, 2, 5]
[0, 1, 2, 4]
[0, 1, 2, 6]
[0, 1, 2, 7]
[0, 1, 2, 3]
[0, 1, 2, 5, 4]
[0, 1, 2, 5, 6]
[0, 1, 2, 5, 7]
[0, 1, 2, 5, 3]
[0, 1, 2, 5, 4, 6]
0.5 0.5714285714285714
itercount --------> 8
[3, 4, 5]
[3, 4, 6]
[3, 4, 7]
[3, 4, 0]
[3, 4, 1]
[3, 4, 2]
[3, 4, 5, 6]
[3, 4, 5, 7]
[3, 4, 5, 0]
[3, 4, 5, 1]
[3, 4, 5, 2]
[3, 4, 5, 6, 7]
[3, 4, 5, 6, 0]
[3, 4, 5, 6, 1]
[3, 4, 5, 6, 2]
[3, 4, 5, 6, 7, 0]
[3, 4, 5, 6, 7, 1]
[3, 4, 5, 6, 7, 2]
[3, 4, 5, 6, 7, 0, 1]
[3, 4, 5, 6, 7, 0, 2]
[3, 4, 5, 6, 7, 0, 1, 2]
failed -> 20 times
after fail n ======> 7
[0, 1, 2, 3, 4, 6, 7]
0.09615384615384616 0.12121212121212122
itercount --------> 1
[0, 2, 3]
0.12121212121212122 0.15789473684210525
itercount --------> 2
[0, 2, 3]
[0, 2, 6]
0.15789473684210525 0.18181818181818182
itercount --------> 3
[0, 3, 6]
0.18181818181818182 0.21052631578947367
itercount --------> 4
[0, 2, 3]
0.21052631578947367 0.2916666666666667
itercount --------> 5
[2, 4, 6]
0.2916666666666667 0.3
itercount --------> 6
[6, 1, 4]
0.3 0.3684210526315789
itercount --------> 7
[2, 6, 4]
[2, 6, 3]
[2, 6, 7]
[2, 6, 0]
0.3684210526315789 0.3888888888888889
itercount --------> 8
[0, 1, 2]
[0, 1, 4]
[0, 1, 5]
[0, 1, 6]
[0, 1, 3]
[0, 1, 7]
[0, 1, 2, 4]
[0, 1, 2, 5]
[0, 1, 2, 6]
[0, 1, 2, 3]
[0, 1, 2, 7]
[0, 1, 2, 4, 5]
[0, 1, 2, 4, 6]
[0, 1, 2, 4, 3]
[0, 1, 2, 4, 7]
0.3888888888888889 0.42105263157894735
itercount --------> 9
[2, 3, 4]
[2, 3, 6]
[2, 3, 7]
[2, 3, 0]
[2, 3, 1]
0.42105263157894735 0.4444444444444444
itercount --------> 10
[0, 1, 2]
[0, 1, 4]
[0, 1, 5]
[0, 1, 6]
[0, 1, 3]
[0, 1, 7]
[0, 1, 2, 4]
[0, 1, 2, 5]
[0, 1, 2, 6]
[0, 1, 2, 3]
[0, 1, 2, 7]
[0, 1, 2, 4, 5]
[0, 1, 2, 4, 6]
[0, 1, 2, 4, 3]
[0, 1, 2, 4, 7]
[0, 1, 2, 4, 5, 6]
[0, 1, 2, 4, 5, 3]
[0, 1, 2, 4, 5, 7]
[0, 1, 2, 4, 5, 6, 3]
[0, 1, 2, 4, 5, 6, 7]
[0, 1, 2, 4, 5, 6, 3, 7]
failed -> 21 times
after fail n ======> 8
[0, 1, 2, 3, 4, 6, 7, 5]
0.09615384615384616 0.10416666666666667
itercount --------> 1
[0, 2, 1]
0.10416666666666667 0.16666666666666666
itercount --------> 2
[2, 4, 6]
[2, 4, 0]
0.16666666666666666 0.2222222222222222
itercount --------> 3
[2, 4, 6]
[2, 4, 3]
0.2222222222222222 0.23809523809523808
itercount --------> 4
[2, 4, 6]
0.23809523809523808 0.25
itercount --------> 5
[2, 6, 4]
0.25 0.3157894736842105
itercount --------> 6
[0, 1, 6]
[0, 1, 4]
[0, 1, 7]
[0, 1, 3]
[0, 1, 2]
0.3157894736842105 0.3333333333333333
itercount --------> 7
[0, 1, 2]
[0, 1, 4]
[0, 1, 5]
[0, 1, 6]
[0, 1, 7]
[0, 1, 3]
[0, 1, 2, 4]
[0, 1, 2, 5]
0.3333333333333333 0.3684210526315789
itercount --------> 8
[0, 1, 6]
[0, 1, 4]
[0, 1, 7]
[0, 1, 3]
[0, 1, 2]
[0, 1, 5]
[0, 1, 6, 4]
[0, 1, 6, 7]
[0, 1, 6, 3]
0.3684210526315789 0.42105263157894735
itercount --------> 9
[0, 2, 4]
[0, 2, 6]
[0, 2, 7]
[0, 2, 3]
[0, 2, 1]
0.42105263157894735 0.4444444444444444
itercount --------> 10
[0, 1, 2]
[0, 1, 4]
[0, 1, 5]
[0, 1, 7]
[0, 1, 6]
[0, 1, 3]
[0, 1, 2, 4]
[0, 1, 2, 5]
[0, 1, 2, 7]
[0, 1, 2, 6]
[0, 1, 2, 3]
[0, 1, 2, 4, 5]
[0, 1, 2, 4, 7]
[0, 1, 2, 4, 6]
[0, 1, 2, 4, 3]
[0, 1, 2, 4, 5, 7]
0.4444444444444444 0.5
itercount --------> 11
[0, 1, 2]
[0, 1, 4]
[0, 1, 5]
[0, 1, 6]
[0, 1, 7]
[0, 1, 3]
[0, 1, 2, 4]
[0, 1, 2, 5]
[0, 1, 2, 6]
[0, 1, 2, 7]
[0, 1, 2, 3]
[0, 1, 2, 4, 5]
[0, 1, 2, 4, 6]
[0, 1, 2, 4, 7]
[0, 1, 2, 4, 3]
[0, 1, 2, 4, 5, 6]
[0, 1, 2, 4, 5, 7]
[0, 1, 2, 4, 5, 3]
[0, 1, 2, 4, 5, 6, 7]
0.5 0.5238095238095238
itercount --------> 12
[3, 4, 7]
[3, 4, 0]
[3, 4, 5]
[3, 4, 6]
[3, 4, 1]
[3, 4, 2]
0.5238095238095238 0.5454545454545454
itercount --------> 13
[4, 7, 0]
[4, 7, 3]
[4, 7, 5]
[4, 7, 6]
[4, 7, 1]
[4, 7, 2]
[4, 7, 0, 3]
0.5454545454545454 0.6956521739130435
itercount --------> 14
[4, 7, 0]
[4, 7, 5]
[4, 7, 1]
[4, 7, 2]
[4, 7, 3]
[4, 7, 6]
[4, 7, 0, 5]
0.6956521739130435 0.7894736842105263
itercount --------> 15
[5, 3, 0]
[5, 3, 1]
[5, 3, 2]
[5, 3, 4]
[5, 3, 7]
[5, 3, 6]
[5, 3, 0, 1]
[5, 3, 0, 2]
[5, 3, 0, 4]
[5, 3, 0, 7]
[5, 3, 0, 6]
[5, 3, 0, 1, 2]
[5, 3, 0, 1, 4]
[5, 3, 0, 1, 7]
[5, 3, 0, 1, 6]
[5, 3, 0, 1, 2, 4]
0.7894736842105263 0.8
itercount --------> 16
[4, 5, 7]
[4, 5, 0]
[4, 5, 1]
[4, 5, 2]
[4, 5, 3]
[4, 5, 6]
[4, 5, 7, 0]
[4, 5, 7, 1]
[4, 5, 7, 2]
[4, 5, 7, 3]
[4, 5, 7, 6]
[4, 5, 7, 0, 1]
[4, 5, 7, 0, 2]
[4, 5, 7, 0, 3]
[4, 5, 7, 0, 6]
[4, 5, 7, 0, 1, 2]
[4, 5, 7, 0, 1, 3]
[4, 5, 7, 0, 1, 6]
[4, 5, 7, 0, 1, 2, 3]
[4, 5, 7, 0, 1, 2, 6]
[4, 5, 7, 0, 1, 2, 3, 6]
failed -> 22 times
after fail n ======> 5
[0, 1, 2, 3, 4]
0.09615384615384616 0.13793103448275862
itercount --------> 1
[1, 2, 3]
0.13793103448275862 0.19047619047619047
itercount --------> 2
[3, 0, 6]
0.19047619047619047 0.21052631578947367
itercount --------> 3
[1, 2, 3]
0.21052631578947367 0.27586206896551724
itercount --------> 4
[1, 0, 4]
[1, 0, 6]
0.27586206896551724 0.36363636363636365
itercount --------> 5
[1, 2, 4]
0.36363636363636365 0.3684210526315789
itercount --------> 6
[1, 2, 4]
[1, 2, 7]
[1, 2, 6]
[1, 2, 0]
0.3684210526315789 0.3888888888888889
itercount --------> 7
[4, 0, 1]
0.3888888888888889 0.5
itercount --------> 8
[0, 1, 2]
[0, 1, 5]
[0, 1, 4]
[0, 1, 6]
[0, 1, 7]
[0, 1, 3]
[0, 1, 2, 5]
[0, 1, 2, 4]
[0, 1, 2, 6]
[0, 1, 2, 7]
[0, 1, 2, 3]
[0, 1, 2, 5, 4]
[0, 1, 2, 5, 6]
[0, 1, 2, 5, 7]
[0, 1, 2, 5, 3]
[0, 1, 2, 5, 4, 6]
[0, 1, 2, 5, 4, 7]
[0, 1, 2, 5, 4, 3]
[0, 1, 2, 5, 4, 6, 7]
[0, 1, 2, 5, 4, 6, 3]
0.5 0.5263157894736842
itercount --------> 9
[0, 1, 2]
[0, 1, 7]
[0, 1, 3]
[0, 1, 4]
[0, 1, 6]
[0, 1, 5]
[0, 1, 2, 7]
[0, 1, 2, 3]
[0, 1, 2, 4]
[0, 1, 2, 6]
0.5263157894736842 0.5555555555555556
itercount --------> 10
[0, 1, 2]
[0, 1, 5]
[0, 1, 6]
[0, 1, 3]
[0, 1, 7]
[0, 1, 4]
[0, 1, 2, 5]
[0, 1, 2, 6]
[0, 1, 2, 3]
[0, 1, 2, 7]
[0, 1, 2, 4]
[0, 1, 2, 5, 6]
[0, 1, 2, 5, 3]
[0, 1, 2, 5, 7]
[0, 1, 2, 5, 4]
[0, 1, 2, 5, 6, 3]
[0, 1, 2, 5, 6, 7]
[0, 1, 2, 5, 6, 4]
[0, 1, 2, 5, 6, 3, 7]
0.5555555555555556 0.6111111111111112
itercount --------> 11
[0, 1, 2]
[0, 1, 5]
[0, 1, 6]
[0, 1, 7]
[0, 1, 3]
[0, 1, 4]
[0, 1, 2, 5]
[0, 1, 2, 6]
[0, 1, 2, 7]
[0, 1, 2, 3]
[0, 1, 2, 4]
[0, 1, 2, 5, 6]
[0, 1, 2, 5, 7]
[0, 1, 2, 5, 3]
[0, 1, 2, 5, 4]
[0, 1, 2, 5, 6, 7]
[0, 1, 2, 5, 6, 3]
[0, 1, 2, 5, 6, 4]
[0, 1, 2, 5, 6, 7, 3]
[0, 1, 2, 5, 6, 7, 4]
[0, 1, 2, 5, 6, 7, 3, 4]
failed -> 23 times
after fail n ======> 6
[0, 1, 2, 3, 4, 6]
0.09615384615384616 0.15625
itercount --------> 1
[1, 3, 4]
[1, 3, 6]
0.15625 0.19444444444444445
itercount --------> 2
[1, 0, 2]
0.19444444444444445 0.30434782608695654
itercount --------> 3
[0, 1, 2]
[0, 1, 3]
0.30434782608695654 0.43478260869565216
itercount --------> 4
[0, 1, 2]
[0, 1, 3]
[0, 1, 4]
0.43478260869565216 0.47619047619047616
itercount --------> 5
[1, 3, 4]
[1, 3, 6]
[1, 3, 7]
0.47619047619047616 0.5
itercount --------> 6
[1, 6, 3]
0.5 0.5789473684210527
itercount --------> 7
[1, 3, 6]
[1, 3, 7]
[1, 3, 4]
[1, 3, 0]
[1, 3, 2]
[1, 3, 5]
[1, 3, 6, 7]
[1, 3, 6, 4]
[1, 3, 6, 0]
[1, 3, 6, 2]
[1, 3, 6, 5]
[1, 3, 6, 7, 4]
[1, 3, 6, 7, 0]
[1, 3, 6, 7, 2]
[1, 3, 6, 7, 5]
[1, 3, 6, 7, 4, 0]
[1, 3, 6, 7, 4, 2]
[1, 3, 6, 7, 4, 5]
[1, 3, 6, 7, 4, 0, 2]
[1, 3, 6, 7, 4, 0, 5]
[1, 3, 6, 7, 4, 0, 2, 5]
failed -> 24 times
after fail n ======> 7
[0, 1, 2, 3, 4, 6, 7]
0.09615384615384616 0.125
itercount --------> 1
[1, 2, 7]
0.125 0.2727272727272727
itercount --------> 2
[0, 3, 6]
0.2727272727272727 0.28
itercount --------> 3
[1, 2, 0]
0.28 0.3684210526315789
itercount --------> 4
[0, 1, 2]
[0, 1, 7]
0.3684210526315789 0.5
itercount --------> 5
[4, 3, 7]
[4, 3, 0]
[4, 3, 1]
[4, 3, 2]
[4, 3, 6]
[4, 3, 5]
[4, 3, 7, 0]
0.5 0.55
itercount --------> 6
[4, 3, 7]
[4, 3, 0]
[4, 3, 1]
[4, 3, 2]
[4, 3, 6]
[4, 3, 5]
[4, 3, 7, 0]
[4, 3, 7, 1]
[4, 3, 7, 2]
[4, 3, 7, 6]
[4, 3, 7, 5]
[4, 3, 7, 0, 1]
[4, 3, 7, 0, 2]
[4, 3, 7, 0, 6]
[4, 3, 7, 0, 5]
[4, 3, 7, 0, 1, 2]
[4, 3, 7, 0, 1, 6]
0.55 0.5789473684210527
itercount --------> 7
[4, 3, 7]
[4, 3, 6]
[4, 3, 5]
[4, 3, 0]
[4, 3, 1]
[4, 3, 2]
[4, 3, 7, 6]
[4, 3, 7, 5]
[4, 3, 7, 0]
[4, 3, 7, 1]
[4, 3, 7, 2]
[4, 3, 7, 6, 5]
[4, 3, 7, 6, 0]
[4, 3, 7, 6, 1]
[4, 3, 7, 6, 2]
[4, 3, 7, 6, 5, 0]
[4, 3, 7, 6, 5, 1]
[4, 3, 7, 6, 5, 2]
[4, 3, 7, 6, 5, 0, 1]
[4, 3, 7, 6, 5, 0, 2]
[4, 3, 7, 6, 5, 0, 1, 2]
failed -> 25 times
after fail n ======> 8
[0, 1, 2, 3, 4, 6, 7, 5]
0.09615384615384616 0.15625
itercount --------> 1
[2, 3, 5]
0.15625 0.18421052631578946
itercount --------> 2
[5, 2, 0]
0.18421052631578946 0.2916666666666667
itercount --------> 3
[5, 4, 3]
[5, 4, 0]
0.2916666666666667 0.391304347826087
itercount --------> 4
[5, 4, 6]
[5, 4, 7]
[5, 4, 3]
[5, 4, 0]
[5, 4, 1]
[5, 4, 2]
[5, 4, 6, 7]
0.391304347826087 0.4
itercount --------> 5
[5, 4, 3]
[5, 4, 6]
[5, 4, 7]
[5, 4, 0]
0.4 0.43478260869565216
itercount --------> 6
[0, 1, 2]
[0, 1, 5]
[0, 1, 6]
[0, 1, 7]
[0, 1, 3]
[0, 1, 4]
[0, 1, 2, 5]
[0, 1, 2, 6]
[0, 1, 2, 7]
[0, 1, 2, 3]
[0, 1, 2, 4]
[0, 1, 2, 5, 6]
[0, 1, 2, 5, 7]
[0, 1, 2, 5, 3]
[0, 1, 2, 5, 4]
[0, 1, 2, 5, 6, 7]
[0, 1, 2, 5, 6, 3]
[0, 1, 2, 5, 6, 4]
[0, 1, 2, 5, 6, 7, 3]
0.43478260869565216 0.5714285714285714
itercount --------> 7
[5, 3, 7]
[5, 3, 0]
[5, 3, 1]
0.5714285714285714 0.631578947368421
itercount --------> 8
[0, 1, 2]
[0, 1, 5]
[0, 1, 7]
[0, 1, 6]
[0, 1, 3]
[0, 1, 4]
[0, 1, 2, 5]
[0, 1, 2, 7]
[0, 1, 2, 6]
[0, 1, 2, 3]
[0, 1, 2, 4]
0.631578947368421 0.6666666666666666
itercount --------> 9
[0, 1, 2]
[0, 1, 5]
[0, 1, 7]
[0, 1, 6]
[0, 1, 4]
[0, 1, 3]
[0, 1, 2, 5]
[0, 1, 2, 7]
[0, 1, 2, 6]
[0, 1, 2, 4]
[0, 1, 2, 3]
[0, 1, 2, 5, 7]
[0, 1, 2, 5, 6]
[0, 1, 2, 5, 4]
[0, 1, 2, 5, 3]
[0, 1, 2, 5, 7, 6]
[0, 1, 2, 5, 7, 4]
[0, 1, 2, 5, 7, 3]
[0, 1, 2, 5, 7, 6, 4]
[0, 1, 2, 5, 7, 6, 3]
[0, 1, 2, 5, 7, 6, 4, 3]
failed -> 26 times
after fail n ======> 5
[0, 1, 2, 3, 4]
0.09615384615384616 0.11320754716981132
itercount --------> 1
[2, 0, 1]
0.11320754716981132 0.2692307692307692
itercount --------> 2
[1, 6, 3]
[1, 6, 4]
[1, 6, 7]
[1, 6, 0]
[1, 6, 2]
[1, 6, 5]
[1, 6, 3, 4]
0.2692307692307692 0.32142857142857145
itercount --------> 3
[1, 6, 4]
[1, 6, 0]
0.32142857142857145 0.34615384615384615
itercount --------> 4
[1, 0, 4]
[1, 0, 3]
[1, 0, 7]
[1, 0, 6]
[1, 0, 2]
[1, 0, 5]
[1, 0, 4, 3]
[1, 0, 4, 7]
[1, 0, 4, 6]
0.34615384615384615 0.34782608695652173
itercount --------> 5
[0, 1, 4]
[0, 1, 6]
[0, 1, 3]
[0, 1, 2]
[0, 1, 7]
[0, 1, 5]
[0, 1, 4, 6]
0.34782608695652173 0.39285714285714285
itercount --------> 6
[1, 3, 0]
[1, 3, 7]
0.39285714285714285 0.44
itercount --------> 7
[3, 1, 0]
[3, 1, 5]
[3, 1, 2]
0.44 0.5217391304347826
itercount --------> 8
[0, 3, 7]
[0, 3, 1]
[0, 3, 2]
[0, 3, 4]
[0, 3, 5]
[0, 3, 6]
[0, 3, 7, 1]
[0, 3, 7, 2]
0.5217391304347826 0.5238095238095238
itercount --------> 9
[0, 3, 4]
[0, 3, 5]
[0, 3, 7]
0.5238095238095238 0.5416666666666666
itercount --------> 10
[1, 3, 0]
[1, 3, 2]
[1, 3, 4]
[1, 3, 6]
[1, 3, 5]
[1, 3, 7]
[1, 3, 0, 2]
[1, 3, 0, 4]
[1, 3, 0, 6]
0.5416666666666666 0.5862068965517241
itercount --------> 11
[0, 2, 1]
[0, 2, 4]
[0, 2, 7]
[0, 2, 3]
0.5862068965517241 0.6071428571428571
itercount --------> 12
[0, 1, 2]
[0, 1, 4]
[0, 1, 7]
[0, 1, 3]
[0, 1, 5]
0.6071428571428571 0.625
itercount --------> 13
[0, 1, 2]
[0, 1, 5]
0.625 0.6818181818181818
itercount --------> 14
[0, 1, 2]
[0, 1, 5]
[0, 1, 3]
[0, 1, 4]
[0, 1, 7]
[0, 1, 6]
[0, 1, 2, 5]
0.6818181818181818 0.75
itercount --------> 15
[0, 1, 2]
[0, 1, 5]
[0, 1, 3]
[0, 1, 4]
[0, 1, 7]
0.75 0.7894736842105263
itercount --------> 16
[5, 3, 0]
[5, 3, 1]
[5, 3, 2]
[5, 3, 4]
[5, 3, 7]
[5, 3, 6]
[5, 3, 0, 1]
[5, 3, 0, 2]
[5, 3, 0, 4]
[5, 3, 0, 7]
[5, 3, 0, 6]
[5, 3, 0, 1, 2]
[5, 3, 0, 1, 4]
[5, 3, 0, 1, 7]
[5, 3, 0, 1, 6]
[5, 3, 0, 1, 2, 4]
[5, 3, 0, 1, 2, 7]
[5, 3, 0, 1, 2, 6]
[5, 3, 0, 1, 2, 4, 7]
[5, 3, 0, 1, 2, 4, 6]
[5, 3, 0, 1, 2, 4, 7, 6]
failed -> 27 times
after fail n ======> 6
[0, 1, 2, 3, 4, 6]
0.09615384615384616 0.1125
itercount --------> 1
[0, 1, 2]
0.1125 0.20454545454545456
itercount --------> 2
[0, 1, 2]
0.20454545454545456 0.34615384615384615
itercount --------> 3
[0, 1, 2]
[0, 1, 4]
0.34615384615384615 0.4
itercount --------> 4
[0, 1, 2]
[0, 1, 4]
[0, 1, 6]
[0, 1, 7]
[0, 1, 3]
[0, 1, 5]
[0, 1, 2, 4]
0.4 0.45
itercount --------> 5
[0, 1, 2]
[0, 1, 3]
[0, 1, 4]
[0, 1, 7]
[0, 1, 6]
0.45 0.47368421052631576
itercount --------> 6
[0, 1, 2]
[0, 1, 4]
[0, 1, 6]
[0, 1, 7]
[0, 1, 3]
[0, 1, 5]
[0, 1, 2, 4]
[0, 1, 2, 6]
[0, 1, 2, 7]
[0, 1, 2, 3]
[0, 1, 2, 5]
[0, 1, 2, 4, 6]
[0, 1, 2, 4, 7]
[0, 1, 2, 4, 3]
[0, 1, 2, 4, 5]
[0, 1, 2, 4, 6, 7]
0.47368421052631576 0.48
itercount --------> 7
[3, 4, 0]
[3, 4, 1]
[3, 4, 2]
[3, 4, 6]
[3, 4, 7]
[3, 4, 5]
[3, 4, 0, 1]
[3, 4, 0, 2]
0.48 0.5
itercount --------> 8
[3, 0, 4]
[3, 0, 1]
[3, 0, 2]
[3, 0, 7]
[3, 0, 6]
[3, 0, 5]
[3, 0, 4, 1]
[3, 0, 4, 2]
[3, 0, 4, 7]
[3, 0, 4, 6]
[3, 0, 4, 5]
[3, 0, 4, 1, 2]
[3, 0, 4, 1, 7]
[3, 0, 4, 1, 6]
[3, 0, 4, 1, 5]
[3, 0, 4, 1, 2, 7]
[3, 0, 4, 1, 2, 6]
[3, 0, 4, 1, 2, 5]
0.5 0.5263157894736842
itercount --------> 9
[3, 4, 7]
[3, 4, 5]
0.5263157894736842 0.55
itercount --------> 10
[0, 1, 2]
[0, 1, 3]
[0, 1, 5]
[0, 1, 6]
[0, 1, 4]
[0, 1, 7]
[0, 1, 2, 3]
[0, 1, 2, 5]
0.55 0.5714285714285714
itercount --------> 11
[0, 1, 2]
[0, 1, 4]
[0, 1, 3]
[0, 1, 7]
[0, 1, 5]
[0, 1, 6]
[0, 1, 2, 4]
[0, 1, 2, 3]
[0, 1, 2, 7]
[0, 1, 2, 5]
[0, 1, 2, 6]
[0, 1, 2, 4, 3]
0.5714285714285714 0.6153846153846154
itercount --------> 12
[0, 1, 2]
[0, 1, 5]
0.6153846153846154 0.625
itercount --------> 13
[0, 1, 2]
[0, 1, 5]
[0, 1, 3]
[0, 1, 4]
[0, 1, 6]
[0, 1, 7]
[0, 1, 2, 5]
[0, 1, 2, 3]
0.625 0.6521739130434783
itercount --------> 14
[5, 0, 1]
[5, 0, 2]
[5, 0, 3]
0.6521739130434783 0.6818181818181818
itercount --------> 15
[3, 5, 0]
[3, 5, 1]
0.6818181818181818 0.7142857142857143
itercount --------> 16
[5, 0, 1]
[5, 0, 2]
[5, 0, 3]
[5, 0, 4]
[5, 0, 6]
[5, 0, 7]
[5, 0, 1, 2]
[5, 0, 1, 3]
[5, 0, 1, 4]
0.7142857142857143 0.75
itercount --------> 17
[5, 0, 1]
[5, 0, 2]
[5, 0, 3]
[5, 0, 4]
[5, 0, 7]
[5, 0, 6]
[5, 0, 1, 2]
[5, 0, 1, 3]
0.75 0.7894736842105263
itercount --------> 18
[5, 3, 0]
[5, 3, 1]
[5, 3, 2]
[5, 3, 4]
[5, 3, 7]
[5, 3, 6]
[5, 3, 0, 1]
[5, 3, 0, 2]
[5, 3, 0, 4]
[5, 3, 0, 7]
[5, 3, 0, 6]
[5, 3, 0, 1, 2]
[5, 3, 0, 1, 4]
[5, 3, 0, 1, 7]
[5, 3, 0, 1, 6]
[5, 3, 0, 1, 2, 4]
[5, 3, 0, 1, 2, 7]
[5, 3, 0, 1, 2, 6]
[5, 3, 0, 1, 2, 4, 7]
[5, 3, 0, 1, 2, 4, 6]
[5, 3, 0, 1, 2, 4, 7, 6]
failed -> 28 times
after fail n ======> 7
[0, 1, 2, 3, 4, 6, 7]
0.09615384615384616 0.11320754716981132
itercount --------> 1
[6, 0, 1]
0.11320754716981132 0.16666666666666666
itercount --------> 2
[2, 6, 3]
0.16666666666666666 0.24324324324324326
itercount --------> 3
[0, 2, 1]
0.24324324324324326 0.34615384615384615
itercount --------> 4
[0, 1, 4]
0.34615384615384615 0.4
itercount --------> 5
[0, 1, 4]
[0, 1, 2]
0.4 0.42105263157894735
itercount --------> 6
[0, 1, 2]
[0, 1, 4]
0.42105263157894735 0.47368421052631576
itercount --------> 7
[0, 1, 2]
[0, 1, 4]
[0, 1, 6]
[0, 1, 7]
[0, 1, 3]
[0, 1, 5]
[0, 1, 2, 4]
[0, 1, 2, 6]
[0, 1, 2, 7]
[0, 1, 2, 3]
[0, 1, 2, 5]
[0, 1, 2, 4, 6]
0.47368421052631576 0.48
itercount --------> 8
[3, 4, 0]
[3, 4, 1]
[3, 4, 2]
[3, 4, 6]
[3, 4, 7]
[3, 4, 5]
[3, 4, 0, 1]
[3, 4, 0, 2]
[3, 4, 0, 6]
[3, 4, 0, 7]
[3, 4, 0, 5]
0.48 0.5
itercount --------> 9
[3, 4, 7]
[3, 4, 5]
[3, 4, 6]
[3, 4, 0]
[3, 4, 1]
[3, 4, 2]
[3, 4, 7, 5]
[3, 4, 7, 6]
[3, 4, 7, 0]
[3, 4, 7, 1]
[3, 4, 7, 2]
[3, 4, 7, 5, 6]
[3, 4, 7, 5, 0]
0.5 0.5263157894736842
itercount --------> 10
[3, 4, 7]
[3, 4, 5]
[3, 4, 6]
[3, 4, 0]
[3, 4, 1]
[3, 4, 2]
[3, 4, 7, 5]
[3, 4, 7, 6]
[3, 4, 7, 0]
[3, 4, 7, 1]
[3, 4, 7, 2]
[3, 4, 7, 5, 6]
[3, 4, 7, 5, 0]
[3, 4, 7, 5, 1]
[3, 4, 7, 5, 2]
[3, 4, 7, 5, 6, 0]
[3, 4, 7, 5, 6, 1]
[3, 4, 7, 5, 6, 2]
[3, 4, 7, 5, 6, 0, 1]
[3, 4, 7, 5, 6, 0, 2]
[3, 4, 7, 5, 6, 0, 1, 2]
failed -> 29 times
after fail n ======> 8
[0, 1, 2, 3, 4, 6, 7, 5]
0.09615384615384616 0.125
itercount --------> 1
[0, 2, 3]
0.125 0.1935483870967742
itercount --------> 2
[0, 1, 6]
[0, 1, 3]
[0, 1, 2]
0.1935483870967742 0.2608695652173913
itercount --------> 3
[0, 2, 3]
0.2608695652173913 0.2727272727272727
itercount --------> 4
[2, 3, 6]
0.2727272727272727 0.28
itercount --------> 5
[2, 3, 7]
0.28 0.3333333333333333
itercount --------> 6
[2, 7, 3]
0.3333333333333333 0.35
itercount --------> 7
[0, 1, 2]
[0, 1, 7]
0.35 0.40625
itercount --------> 8
[1, 2, 0]
0.40625 0.5416666666666666
itercount --------> 9
[0, 1, 2]
[0, 1, 6]
[0, 1, 7]
[0, 1, 3]
[0, 1, 5]
0.5416666666666666 0.6111111111111112
itercount --------> 10
[0, 1, 2]
[0, 1, 5]
[0, 1, 6]
[0, 1, 7]
[0, 1, 4]
[0, 1, 3]
[0, 1, 2, 5]
[0, 1, 2, 6]
[0, 1, 2, 7]
[0, 1, 2, 4]
[0, 1, 2, 3]
[0, 1, 2, 5, 6]
[0, 1, 2, 5, 7]
0.6111111111111112 0.6666666666666666
itercount --------> 11
[0, 1, 2]
[0, 1, 5]
[0, 1, 6]
[0, 1, 7]
[0, 1, 4]
[0, 1, 3]
[0, 1, 2, 5]
[0, 1, 2, 6]
[0, 1, 2, 7]
[0, 1, 2, 4]
[0, 1, 2, 3]
[0, 1, 2, 5, 6]
[0, 1, 2, 5, 7]
[0, 1, 2, 5, 4]
[0, 1, 2, 5, 3]
[0, 1, 2, 5, 6, 7]
[0, 1, 2, 5, 6, 4]
[0, 1, 2, 5, 6, 3]
[0, 1, 2, 5, 6, 7, 4]
[0, 1, 2, 5, 6, 7, 3]
[0, 1, 2, 5, 6, 7, 4, 3]
failed -> 30 times
after fail n ======> 5
[0, 1, 2, 3, 4]
0.09615384615384616 0.11320754716981132
itercount --------> 1
[1, 0, 2]
0.11320754716981132 0.16666666666666666
itercount --------> 2
[0, 2, 3]
0.16666666666666666 0.22727272727272727
itercount --------> 3
[1, 2, 3]
0.22727272727272727 0.2916666666666667
itercount --------> 4
[1, 4, 6]
0.2916666666666667 0.3076923076923077
itercount --------> 5
[1, 3, 4]
[1, 3, 7]
[1, 3, 6]
[1, 3, 2]
[1, 3, 0]
0.3076923076923077 0.3181818181818182
itercount --------> 6
[1, 2, 3]
0.3181818181818182 0.4230769230769231
itercount --------> 7
[1, 3, 4]
[1, 3, 7]
[1, 3, 6]
0.4230769230769231 0.48
itercount --------> 8
[3, 1, 2]
[3, 1, 4]
[3, 1, 0]
[3, 1, 7]
[3, 1, 6]
[3, 1, 5]
[3, 1, 2, 4]
[3, 1, 2, 0]
[3, 1, 2, 7]
0.48 0.5
itercount --------> 9
[3, 1, 4]
[3, 1, 2]
[3, 1, 6]
[3, 1, 7]
[3, 1, 0]
[3, 1, 5]
[3, 1, 4, 2]
[3, 1, 4, 6]
[3, 1, 4, 7]
[3, 1, 4, 0]
[3, 1, 4, 5]
[3, 1, 4, 2, 6]
[3, 1, 4, 2, 7]
[3, 1, 4, 2, 0]
[3, 1, 4, 2, 5]
0.5 0.5263157894736842
itercount --------> 10
[3, 4, 7]
[3, 4, 5]
0.5263157894736842 0.55
itercount --------> 11
[1, 2, 5]
[1, 2, 7]
[1, 2, 0]
[1, 2, 3]
[1, 2, 4]
[1, 2, 6]
[1, 2, 5, 7]
0.55 0.6
itercount --------> 12
[1, 2, 5]
[1, 2, 3]
[1, 2, 7]
[1, 2, 0]
[1, 2, 4]
[1, 2, 6]
[1, 2, 5, 3]
[1, 2, 5, 7]
[1, 2, 5, 0]
0.6 0.631578947368421
itercount --------> 13
[3, 0, 1]
[3, 0, 2]
[3, 0, 5]
[3, 0, 7]
[3, 0, 4]
0.631578947368421 0.7619047619047619
itercount --------> 14
[3, 5, 0]
[3, 5, 1]
[3, 5, 2]
[3, 5, 4]
[3, 5, 7]
[3, 5, 6]
[3, 5, 0, 1]
[3, 5, 0, 2]
[3, 5, 0, 4]
[3, 5, 0, 7]
[3, 5, 0, 6]
[3, 5, 0, 1, 2]
[3, 5, 0, 1, 4]
[3, 5, 0, 1, 7]
[3, 5, 0, 1, 6]
[3, 5, 0, 1, 2, 4]
[3, 5, 0, 1, 2, 7]
[3, 5, 0, 1, 2, 6]
[3, 5, 0, 1, 2, 4, 7]
[3, 5, 0, 1, 2, 4, 6]
[3, 5, 0, 1, 2, 4, 7, 6]
failed -> 31 times
after fail n ======> 6
[0, 1, 2, 3, 4, 6]
0.09615384615384616 0.10810810810810811
itercount --------> 1
[0, 2, 3]
0.10810810810810811 0.16
itercount --------> 2
[1, 5, 0]
0.16 0.21052631578947367
itercount --------> 3
[0, 1, 2]
[0, 1, 5]
[0, 1, 6]
0.21052631578947367 0.21428571428571427
itercount --------> 4
[0, 3, 1]
0.21428571428571427 0.25806451612903225
itercount --------> 5
[0, 3, 6]
[0, 3, 4]
0.25806451612903225 0.3103448275862069
itercount --------> 6
[0, 3, 4]
[0, 3, 7]
0.3103448275862069 0.34375
itercount --------> 7
[0, 3, 4]
[0, 3, 6]
[0, 3, 1]
0.34375 0.3793103448275862
itercount --------> 8
[1, 3, 0]
[1, 3, 6]
[1, 3, 7]
[1, 3, 4]
0.3793103448275862 0.391304347826087
itercount --------> 9
[1, 0, 4]
0.391304347826087 0.4074074074074074
itercount --------> 10
[1, 4, 6]
[1, 4, 0]
0.4074074074074074 0.48
itercount --------> 11
[0, 1, 4]
[0, 1, 7]
[0, 1, 2]
[0, 1, 5]
[0, 1, 6]
[0, 1, 3]
[0, 1, 4, 7]
[0, 1, 4, 2]
[0, 1, 4, 5]
[0, 1, 4, 6]
[0, 1, 4, 3]
[0, 1, 4, 7, 2]
0.48 0.5555555555555556
itercount --------> 12
[1, 0, 4]
[1, 0, 6]
[1, 0, 7]
[1, 0, 2]
[1, 0, 3]
[1, 0, 5]
[1, 0, 4, 6]
[1, 0, 4, 7]
[1, 0, 4, 2]
[1, 0, 4, 3]
[1, 0, 4, 5]
[1, 0, 4, 6, 7]
[1, 0, 4, 6, 2]
[1, 0, 4, 6, 3]
[1, 0, 4, 6, 5]
[1, 0, 4, 6, 7, 2]
[1, 0, 4, 6, 7, 3]
[1, 0, 4, 6, 7, 5]
[1, 0, 4, 6, 7, 2, 3]
0.5555555555555556 0.5652173913043478
itercount --------> 13
[6, 3, 4]
[6, 3, 0]
[6, 3, 1]
[6, 3, 7]
[6, 3, 5]
[6, 3, 2]
[6, 3, 4, 0]
[6, 3, 4, 1]
[6, 3, 4, 7]
[6, 3, 4, 5]
[6, 3, 4, 2]
[6, 3, 4, 0, 1]
[6, 3, 4, 0, 7]
[6, 3, 4, 0, 5]
[6, 3, 4, 0, 2]
[6, 3, 4, 0, 1, 7]
[6, 3, 4, 0, 1, 5]
0.5652173913043478 0.5909090909090909
itercount --------> 14
[0, 1, 3]
[0, 1, 6]
[0, 1, 4]
[0, 1, 5]
0.5909090909090909 0.6521739130434783
itercount --------> 15
[1, 0, 5]
[1, 0, 3]
[1, 0, 2]
[1, 0, 4]
[1, 0, 7]
[1, 0, 6]
[1, 0, 5, 3]
[1, 0, 5, 2]
[1, 0, 5, 4]
[1, 0, 5, 7]
[1, 0, 5, 6]
[1, 0, 5, 3, 2]
[1, 0, 5, 3, 4]
[1, 0, 5, 3, 7]
[1, 0, 5, 3, 6]
[1, 0, 5, 3, 2, 4]
[1, 0, 5, 3, 2, 7]
[1, 0, 5, 3, 2, 6]
[1, 0, 5, 3, 2, 4, 7]
0.6521739130434783 0.6666666666666666
itercount --------> 16
[1, 0, 3]
[1, 0, 5]
[1, 0, 7]
[1, 0, 4]
[1, 0, 6]
[1, 0, 2]
[1, 0, 3, 5]
[1, 0, 3, 7]
[1, 0, 3, 4]
[1, 0, 3, 6]
[1, 0, 3, 2]
[1, 0, 3, 5, 7]
[1, 0, 3, 5, 4]
[1, 0, 3, 5, 6]
[1, 0, 3, 5, 2]
[1, 0, 3, 5, 7, 4]
[1, 0, 3, 5, 7, 6]
[1, 0, 3, 5, 7, 2]
[1, 0, 3, 5, 7, 4, 6]
[1, 0, 3, 5, 7, 4, 2]
[1, 0, 3, 5, 7, 4, 6, 2]
failed -> 32 times
after fail n ======> 7
[0, 1, 2, 3, 4, 6, 7]
0.09615384615384616 0.1125
itercount --------> 1
[0, 1, 2]
0.1125 0.20454545454545456
itercount --------> 2
[2, 0, 1]
0.20454545454545456 0.34615384615384615
itercount --------> 3
[0, 1, 2]
[0, 1, 4]
0.34615384615384615 0.4
itercount --------> 4
[0, 1, 2]
[0, 1, 4]
[0, 1, 6]
[0, 1, 7]
[0, 1, 3]
[0, 1, 5]
[0, 1, 2, 4]
0.4 0.45
itercount --------> 5
[0, 1, 2]
[0, 1, 3]
[0, 1, 4]
[0, 1, 7]
[0, 1, 6]
[0, 1, 5]
[0, 1, 2, 3]
0.45 0.5
itercount --------> 6
[0, 1, 2]
[0, 1, 5]
[0, 1, 4]
[0, 1, 6]
[0, 1, 7]
[0, 1, 3]
[0, 1, 2, 5]
[0, 1, 2, 4]
[0, 1, 2, 6]
[0, 1, 2, 7]
[0, 1, 2, 3]
[0, 1, 2, 5, 4]
[0, 1, 2, 5, 6]
[0, 1, 2, 5, 7]
[0, 1, 2, 5, 3]
[0, 1, 2, 5, 4, 6]
[0, 1, 2, 5, 4, 7]
[0, 1, 2, 5, 4, 3]
[0, 1, 2, 5, 4, 6, 7]
[0, 1, 2, 5, 4, 6, 3]
0.5 0.5263157894736842
itercount --------> 7
[0, 1, 2]
[0, 1, 7]
[0, 1, 3]
[0, 1, 4]
[0, 1, 6]
[0, 1, 5]
[0, 1, 2, 7]
[0, 1, 2, 3]
[0, 1, 2, 4]
[0, 1, 2, 6]
[0, 1, 2, 5]
[0, 1, 2, 7, 3]
[0, 1, 2, 7, 4]
[0, 1, 2, 7, 6]
[0, 1, 2, 7, 5]
[0, 1, 2, 7, 3, 4]
[0, 1, 2, 7, 3, 6]
0.5263157894736842 0.5555555555555556
itercount --------> 8
[0, 1, 2]
[0, 1, 5]
[0, 1, 6]
[0, 1, 3]
[0, 1, 7]
[0, 1, 4]
[0, 1, 2, 5]
[0, 1, 2, 6]
[0, 1, 2, 3]
[0, 1, 2, 7]
[0, 1, 2, 4]
[0, 1, 2, 5, 6]
[0, 1, 2, 5, 3]
[0, 1, 2, 5, 7]
[0, 1, 2, 5, 4]
[0, 1, 2, 5, 6, 3]
[0, 1, 2, 5, 6, 7]
[0, 1, 2, 5, 6, 4]
[0, 1, 2, 5, 6, 3, 7]
0.5555555555555556 0.6111111111111112
itercount --------> 9
[0, 1, 2]
[0, 1, 5]
[0, 1, 6]
[0, 1, 7]
[0, 1, 3]
[0, 1, 4]
[0, 1, 2, 5]
[0, 1, 2, 6]
[0, 1, 2, 7]
[0, 1, 2, 3]
[0, 1, 2, 4]
[0, 1, 2, 5, 6]
[0, 1, 2, 5, 7]
[0, 1, 2, 5, 3]
[0, 1, 2, 5, 4]
[0, 1, 2, 5, 6, 7]
[0, 1, 2, 5, 6, 3]
[0, 1, 2, 5, 6, 4]
[0, 1, 2, 5, 6, 7, 3]
[0, 1, 2, 5, 6, 7, 4]
[0, 1, 2, 5, 6, 7, 3, 4]
failed -> 33 times
after fail n ======> 8
[0, 1, 2, 3, 4, 6, 7, 5]
0.09615384615384616 0.15625
itercount --------> 1
[0, 3, 4]
[0, 3, 6]
0.15625 0.19444444444444445
itercount --------> 2
[0, 1, 2]
0.19444444444444445 0.30434782608695654
itercount --------> 3
[0, 1, 2]
[0, 1, 3]
[0, 1, 4]
[0, 1, 6]
0.30434782608695654 0.35
itercount --------> 4
[0, 1, 2]
[0, 1, 6]
[0, 1, 3]
[0, 1, 4]
0.35 0.3888888888888889
itercount --------> 5
[0, 1, 2]
[0, 1, 4]
[0, 1, 5]
[0, 1, 6]
[0, 1, 3]
[0, 1, 7]
[0, 1, 2, 4]
[0, 1, 2, 5]
[0, 1, 2, 6]
[0, 1, 2, 3]
[0, 1, 2, 7]
[0, 1, 2, 4, 5]
[0, 1, 2, 4, 6]
[0, 1, 2, 4, 3]
[0, 1, 2, 4, 7]
0.3888888888888889 0.5
itercount --------> 6
[0, 1, 2]
[0, 1, 5]
[0, 1, 3]
[0, 1, 6]
[0, 1, 4]
[0, 1, 7]
[0, 1, 2, 5]
[0, 1, 2, 3]
[0, 1, 2, 6]
[0, 1, 2, 4]
[0, 1, 2, 7]
[0, 1, 2, 5, 3]
[0, 1, 2, 5, 6]
[0, 1, 2, 5, 4]
[0, 1, 2, 5, 7]
[0, 1, 2, 5, 3, 6]
[0, 1, 2, 5, 3, 4]
[0, 1, 2, 5, 3, 7]
[0, 1, 2, 5, 3, 6, 4]
0.5 0.6
itercount --------> 7
[7, 5, 3]
[7, 5, 6]
[7, 5, 4]
[7, 5, 0]
0.6 0.6111111111111112
itercount --------> 8
[0, 1, 2]
[0, 1, 5]
[0, 1, 7]
[0, 1, 6]
[0, 1, 4]
[0, 1, 3]
[0, 1, 2, 5]
[0, 1, 2, 7]
[0, 1, 2, 6]
[0, 1, 2, 4]
[0, 1, 2, 3]
[0, 1, 2, 5, 7]
[0, 1, 2, 5, 6]
[0, 1, 2, 5, 4]
0.6111111111111112 0.631578947368421
itercount --------> 9
[7, 5, 3]
[7, 5, 4]
[7, 5, 6]
[7, 5, 0]
[7, 5, 1]
[7, 5, 2]
[7, 5, 3, 4]
[7, 5, 3, 6]
[7, 5, 3, 0]
[7, 5, 3, 1]
[7, 5, 3, 2]
[7, 5, 3, 4, 6]
[7, 5, 3, 4, 0]
[7, 5, 3, 4, 1]
[7, 5, 3, 4, 2]
[7, 5, 3, 4, 6, 0]
0.631578947368421 0.6666666666666666
itercount --------> 10
[0, 1, 2]
[0, 1, 5]
[0, 1, 7]
[0, 1, 6]
[0, 1, 4]
[0, 1, 3]
[0, 1, 2, 5]
[0, 1, 2, 7]
[0, 1, 2, 6]
[0, 1, 2, 4]
[0, 1, 2, 3]
[0, 1, 2, 5, 7]
[0, 1, 2, 5, 6]
[0, 1, 2, 5, 4]
[0, 1, 2, 5, 3]
[0, 1, 2, 5, 7, 6]
[0, 1, 2, 5, 7, 4]
[0, 1, 2, 5, 7, 3]
[0, 1, 2, 5, 7, 6, 4]
[0, 1, 2, 5, 7, 6, 3]
[0, 1, 2, 5, 7, 6, 4, 3]
failed -> 34 times
after fail n ======> 5
[0, 1, 2, 3, 4]
0.09615384615384616 0.125
itercount --------> 1
[0, 1, 3]
0.125 0.23333333333333334
itercount --------> 2
[0, 2, 6]
0.23333333333333334 0.24
itercount --------> 3
[0, 1, 6]
[0, 1, 2]
0.24 0.3157894736842105
itercount --------> 4
[0, 1, 2]
[0, 1, 6]
0.3157894736842105 0.3181818181818182
itercount --------> 5
[0, 6, 4]
[0, 6, 3]
[0, 6, 7]
[0, 6, 1]
[0, 6, 2]
[0, 6, 5]
[0, 6, 4, 3]
[0, 6, 4, 7]
0.3181818181818182 0.38095238095238093
itercount --------> 6
[0, 6, 3]
0.38095238095238093 0.5263157894736842
itercount --------> 7
[0, 1, 2]
[0, 1, 3]
[0, 1, 4]
[0, 1, 7]
[0, 1, 6]
[0, 1, 5]
[0, 1, 2, 3]
[0, 1, 2, 4]
[0, 1, 2, 7]
[0, 1, 2, 6]
[0, 1, 2, 5]
[0, 1, 2, 3, 4]
[0, 1, 2, 3, 7]
[0, 1, 2, 3, 6]
[0, 1, 2, 3, 5]
[0, 1, 2, 3, 4, 7]
[0, 1, 2, 3, 4, 6]
[0, 1, 2, 3, 4, 5]
[0, 1, 2, 3, 4, 7, 6]
[0, 1, 2, 3, 4, 7, 5]
[0, 1, 2, 3, 4, 7, 6, 5]
failed -> 35 times
after fail n ======> 6
[0, 1, 2, 3, 4, 6]
0.09615384615384616 0.1095890410958904
itercount --------> 1
[0, 1, 2]
0.1095890410958904 0.1951219512195122
itercount --------> 2
[1, 0, 2]
0.1951219512195122 0.32
itercount --------> 3
[0, 1, 2]
[0, 1, 6]
[0, 1, 4]
[0, 1, 3]
[0, 1, 5]
[0, 1, 7]
[0, 1, 2, 6]
0.32 0.46153846153846156
itercount --------> 4
[3, 0, 1]
0.46153846153846156 0.48
itercount --------> 5
[3, 0, 2]
[3, 0, 4]
[3, 0, 1]
[3, 0, 7]
[3, 0, 6]
[3, 0, 5]
0.48 0.5
itercount --------> 6
[3, 4, 7]
[3, 4, 0]
[3, 4, 1]
[3, 4, 2]
[3, 4, 5]
0.5 0.5217391304347826
itercount --------> 7
[0, 2, 5]
[0, 2, 1]
[0, 2, 3]
[0, 2, 4]
[0, 2, 6]
[0, 2, 7]
0.5217391304347826 0.5454545454545454
itercount --------> 8
[2, 3, 0]
[2, 3, 4]
[2, 3, 5]
0.5454545454545454 0.55
itercount --------> 9
[0, 2, 5]
[0, 2, 7]
[0, 2, 1]
[0, 2, 3]
[0, 2, 4]
[0, 2, 6]
[0, 2, 5, 7]
[0, 2, 5, 1]
0.55 0.5789473684210527
itercount --------> 10
[0, 1, 2]
[0, 1, 3]
[0, 1, 5]
[0, 1, 7]
[0, 1, 4]
[0, 1, 6]
0.5789473684210527 0.6111111111111112
itercount --------> 11
[3, 0, 1]
[3, 0, 2]
[3, 0, 4]
[3, 0, 5]
[3, 0, 7]
[3, 0, 6]
[3, 0, 1, 2]
[3, 0, 1, 4]
0.6111111111111112 0.7894736842105263
itercount --------> 12
[5, 3, 0]
[5, 3, 1]
[5, 3, 2]
[5, 3, 4]
[5, 3, 7]
[5, 3, 6]
[5, 3, 0, 1]
[5, 3, 0, 2]
[5, 3, 0, 4]
[5, 3, 0, 7]
[5, 3, 0, 6]
[5, 3, 0, 1, 2]
[5, 3, 0, 1, 4]
[5, 3, 0, 1, 7]
[5, 3, 0, 1, 6]
[5, 3, 0, 1, 2, 4]
[5, 3, 0, 1, 2, 7]
[5, 3, 0, 1, 2, 6]
[5, 3, 0, 1, 2, 4, 7]
[5, 3, 0, 1, 2, 4, 6]
[5, 3, 0, 1, 2, 4, 7, 6]
failed -> 36 times
after fail n ======> 7
[0, 1, 2, 3, 4, 6, 7]
0.09615384615384616 0.125
itercount --------> 1
[0, 1, 3]
0.125 0.13793103448275862
itercount --------> 2
[0, 1, 3]
0.13793103448275862 0.19230769230769232
itercount --------> 3
[2, 0, 1]
[2, 0, 3]
0.19230769230769232 0.23333333333333334
itercount --------> 4
[0, 2, 6]
0.23333333333333334 0.2857142857142857
itercount --------> 5
[0, 1, 6]
0.2857142857142857 0.2916666666666667
itercount --------> 6
[0, 6, 4]
0.2916666666666667 0.3
itercount --------> 7
[0, 1, 4]
0.3 0.3684210526315789
itercount --------> 8
[0, 1, 6]
[0, 1, 4]
[0, 1, 7]
[0, 1, 3]
[0, 1, 2]
0.3684210526315789 0.3888888888888889
itercount --------> 9
[0, 1, 2]
[0, 1, 4]
[0, 1, 6]
[0, 1, 7]
[0, 1, 5]
[0, 1, 3]
[0, 1, 2, 4]
[0, 1, 2, 6]
[0, 1, 2, 7]
[0, 1, 2, 5]
[0, 1, 2, 3]
[0, 1, 2, 4, 6]
[0, 1, 2, 4, 7]
0.3888888888888889 0.4444444444444444
itercount --------> 10
[0, 1, 2]
[0, 1, 4]
[0, 1, 5]
[0, 1, 6]
[0, 1, 3]
[0, 1, 7]
[0, 1, 2, 4]
[0, 1, 2, 5]
[0, 1, 2, 6]
[0, 1, 2, 3]
[0, 1, 2, 7]
[0, 1, 2, 4, 5]
[0, 1, 2, 4, 6]
[0, 1, 2, 4, 3]
[0, 1, 2, 4, 7]
[0, 1, 2, 4, 5, 6]
[0, 1, 2, 4, 5, 3]
[0, 1, 2, 4, 5, 7]
[0, 1, 2, 4, 5, 6, 3]
0.4444444444444444 0.5
itercount --------> 11
[0, 1, 2]
[0, 1, 4]
[0, 1, 5]
[0, 1, 6]
[0, 1, 7]
[0, 1, 3]
[0, 1, 2, 4]
[0, 1, 2, 5]
[0, 1, 2, 6]
[0, 1, 2, 7]
[0, 1, 2, 3]
[0, 1, 2, 4, 5]
[0, 1, 2, 4, 6]
[0, 1, 2, 4, 7]
[0, 1, 2, 4, 3]
[0, 1, 2, 4, 5, 6]
[0, 1, 2, 4, 5, 7]
[0, 1, 2, 4, 5, 3]
[0, 1, 2, 4, 5, 6, 7]
0.5 0.5238095238095238
itercount --------> 12
[4, 3, 7]
[4, 3, 6]
[4, 3, 5]
[4, 3, 0]
0.5238095238095238 0.5454545454545454
itercount --------> 13
[3, 4, 5]
0.5454545454545454 0.6956521739130435
itercount --------> 14
[4, 7, 0]
[4, 7, 1]
[4, 7, 2]
[4, 7, 5]
[4, 7, 3]
[4, 7, 6]
[4, 7, 0, 1]
0.6956521739130435 0.7272727272727273
itercount --------> 15
[4, 7, 5]
[4, 7, 0]
[4, 7, 1]
[4, 7, 2]
[4, 7, 3]
[4, 7, 6]
[4, 7, 5, 0]
0.7272727272727273 0.75
itercount --------> 16
[5, 0, 1]
[5, 0, 2]
0.75 0.7894736842105263
itercount --------> 17
[5, 3, 0]
[5, 3, 1]
[5, 3, 2]
[5, 3, 4]
[5, 3, 7]
[5, 3, 6]
[5, 3, 0, 1]
[5, 3, 0, 2]
[5, 3, 0, 4]
[5, 3, 0, 7]
[5, 3, 0, 6]
[5, 3, 0, 1, 2]
[5, 3, 0, 1, 4]
[5, 3, 0, 1, 7]
[5, 3, 0, 1, 6]
[5, 3, 0, 1, 2, 4]
[5, 3, 0, 1, 2, 7]
[5, 3, 0, 1, 2, 6]
[5, 3, 0, 1, 2, 4, 7]
[5, 3, 0, 1, 2, 4, 6]
[5, 3, 0, 1, 2, 4, 7, 6]
failed -> 37 times
after fail n ======> 8
[0, 1, 2, 3, 4, 6, 7, 5]
0.09615384615384616 0.13793103448275862
itercount --------> 1
[1, 2, 3]
[1, 2, 6]
0.13793103448275862 0.23333333333333334
itercount --------> 2
[1, 3, 0]
[1, 3, 7]
0.23333333333333334 0.24
itercount --------> 3
[3, 1, 2]
[3, 1, 0]
0.24 0.3157894736842105
itercount --------> 4
[3, 0, 1]
0.3157894736842105 0.3181818181818182
itercount --------> 5
[3, 0, 7]
[3, 0, 1]
[3, 0, 2]
0.3181818181818182 0.35
itercount --------> 6
[0, 1, 2]
[0, 1, 3]
0.35 0.3684210526315789
itercount --------> 7
[0, 1, 2]
[0, 1, 3]
[0, 1, 7]
[0, 1, 4]
[0, 1, 6]
[0, 1, 5]
[0, 1, 2, 3]
[0, 1, 2, 7]
[0, 1, 2, 4]
[0, 1, 2, 6]
[0, 1, 2, 5]
[0, 1, 2, 3, 7]
0.3684210526315789 0.375
itercount --------> 8
[3, 4, 7]
[3, 4, 1]
[3, 4, 6]
0.375 0.44
itercount --------> 9
[1, 3, 4]
[1, 3, 7]
[1, 3, 6]
[1, 3, 2]
[1, 3, 0]
[1, 3, 5]
[1, 3, 4, 7]
[1, 3, 4, 6]
0.44 0.45454545454545453
itercount --------> 10
[4, 1, 6]
0.45454545454545453 0.6
itercount --------> 11
[1, 2, 4]
[1, 2, 6]
[1, 2, 3]
[1, 2, 0]
[1, 2, 7]
[1, 2, 5]
0.6 0.625
itercount --------> 12
[1, 2, 0]
[1, 2, 5]
0.625 0.6818181818181818
itercount --------> 13
[1, 2, 5]
[1, 2, 0]
[1, 2, 3]
[1, 2, 4]
[1, 2, 6]
[1, 2, 7]
[1, 2, 5, 0]
0.6818181818181818 0.7142857142857143
itercount --------> 14
[1, 5, 3]
[1, 5, 0]
[1, 5, 2]
[1, 5, 4]
[1, 5, 7]
[1, 5, 6]
0.7142857142857143 0.75
itercount --------> 15
[5, 0, 1]
[5, 0, 2]
[5, 0, 3]
[5, 0, 4]
0.75 0.7894736842105263
itercount --------> 16
[5, 3, 0]
[5, 3, 1]
[5, 3, 2]
[5, 3, 4]
[5, 3, 7]
[5, 3, 6]
[5, 3, 0, 1]
[5, 3, 0, 2]
[5, 3, 0, 4]
[5, 3, 0, 7]
[5, 3, 0, 6]
[5, 3, 0, 1, 2]
[5, 3, 0, 1, 4]
[5, 3, 0, 1, 7]
[5, 3, 0, 1, 6]
[5, 3, 0, 1, 2, 4]
[5, 3, 0, 1, 2, 7]
[5, 3, 0, 1, 2, 6]
[5, 3, 0, 1, 2, 4, 7]
[5, 3, 0, 1, 2, 4, 6]
[5, 3, 0, 1, 2, 4, 7, 6]
failed -> 38 times
after fail n ======> 5
[0, 1, 2, 3, 4]
0.09615384615384616 0.13793103448275862
itercount --------> 1
[2, 0, 1]
0.13793103448275862 0.21052631578947367
itercount --------> 2
[0, 1, 2]
[0, 1, 4]
0.21052631578947367 0.21739130434782608
itercount --------> 3
[1, 4, 3]
0.21739130434782608 0.25
itercount --------> 4
[1, 4, 3]
[1, 4, 6]
0.25 0.3157894736842105
itercount --------> 5
[0, 1, 2]
[0, 1, 6]
[0, 1, 4]
[0, 1, 7]
[0, 1, 5]
[0, 1, 3]
[0, 1, 2, 6]
0.3157894736842105 0.3684210526315789
itercount --------> 6
[0, 1, 2]
[0, 1, 4]
[0, 1, 6]
[0, 1, 7]
[0, 1, 3]
[0, 1, 5]
[0, 1, 2, 4]
[0, 1, 2, 6]
[0, 1, 2, 7]
[0, 1, 2, 3]
[0, 1, 2, 5]
[0, 1, 2, 4, 6]
[0, 1, 2, 4, 7]
0.3684210526315789 0.42105263157894735
itercount --------> 7
[0, 1, 2]
[0, 1, 6]
[0, 1, 4]
[0, 1, 7]
[0, 1, 3]
[0, 1, 5]
[0, 1, 2, 6]
[0, 1, 2, 4]
[0, 1, 2, 7]
[0, 1, 2, 3]
[0, 1, 2, 5]
[0, 1, 2, 6, 4]
[0, 1, 2, 6, 7]
[0, 1, 2, 6, 3]
[0, 1, 2, 6, 5]
[0, 1, 2, 6, 4, 7]
0.42105263157894735 0.42857142857142855
itercount --------> 8
[3, 5, 4]
0.42857142857142855 0.5238095238095238
itercount --------> 9
[3, 5, 4]
0.5238095238095238 0.5714285714285714
itercount --------> 10
[3, 5, 4]
[3, 5, 7]
[3, 5, 6]
0.5714285714285714 0.7272727272727273
itercount --------> 11
[4, 7, 5]
[4, 7, 0]
[4, 7, 1]
[4, 7, 2]
[4, 7, 3]
[4, 7, 6]
[4, 7, 5, 0]
0.7272727272727273 0.7894736842105263
itercount --------> 12
[5, 3, 0]
[5, 3, 1]
[5, 3, 2]
[5, 3, 4]
[5, 3, 7]
[5, 3, 6]
[5, 3, 0, 1]
[5, 3, 0, 2]
[5, 3, 0, 4]
[5, 3, 0, 7]
[5, 3, 0, 6]
[5, 3, 0, 1, 2]
[5, 3, 0, 1, 4]
[5, 3, 0, 1, 7]
[5, 3, 0, 1, 6]
[5, 3, 0, 1, 2, 4]
[5, 3, 0, 1, 2, 7]
0.7894736842105263 0.8
itercount --------> 13
[7, 4, 5]
[7, 4, 0]
[7, 4, 1]
[7, 4, 2]
[7, 4, 3]
[7, 4, 6]
[7, 4, 5, 0]
[7, 4, 5, 1]
[7, 4, 5, 2]
[7, 4, 5, 3]
[7, 4, 5, 6]
[7, 4, 5, 0, 1]
[7, 4, 5, 0, 2]
[7, 4, 5, 0, 3]
[7, 4, 5, 0, 6]
[7, 4, 5, 0, 1, 2]
[7, 4, 5, 0, 1, 3]
[7, 4, 5, 0, 1, 6]
[7, 4, 5, 0, 1, 2, 3]
[7, 4, 5, 0, 1, 2, 6]
[7, 4, 5, 0, 1, 2, 3, 6]
failed -> 39 times
after fail n ======> 6
[0, 1, 2, 3, 4, 6]
0.09615384615384616 0.10810810810810811
itercount --------> 1
[0, 1, 3]
0.10810810810810811 0.11538461538461539
itercount --------> 2
[0, 3, 1]
0.11538461538461539 0.15
itercount --------> 3
[0, 1, 3]
0.15 0.16
itercount --------> 4
[0, 2, 3]
0.16 0.21052631578947367
itercount --------> 5
[0, 1, 2]
[0, 1, 5]
[0, 1, 6]
0.21052631578947367 0.21739130434782608
itercount --------> 6
[0, 1, 3]
0.21739130434782608 0.22727272727272727
itercount --------> 7
[1, 3, 6]
[1, 3, 4]
[1, 3, 7]
[1, 3, 5]
0.22727272727272727 0.2857142857142857
itercount --------> 8
[1, 5, 4]
0.2857142857142857 0.2916666666666667
itercount --------> 9
[5, 1, 3]
[5, 1, 4]
0.2916666666666667 0.391304347826087
itercount --------> 10
[5, 4, 6]
[5, 4, 7]
[5, 4, 3]
[5, 4, 1]
[5, 4, 0]
[5, 4, 2]
[5, 4, 6, 7]
[5, 4, 6, 3]
0.391304347826087 0.45
itercount --------> 11
[4, 5, 7]
0.45 0.5714285714285714
itercount --------> 12
[5, 7, 4]
[5, 7, 3]
[5, 7, 6]
[5, 7, 0]
0.5714285714285714 0.631578947368421
itercount --------> 13
[0, 1, 2]
[0, 1, 5]
[0, 1, 7]
[0, 1, 6]
[0, 1, 4]
[0, 1, 3]
[0, 1, 2, 5]
[0, 1, 2, 7]
[0, 1, 2, 6]
[0, 1, 2, 4]
[0, 1, 2, 3]
[0, 1, 2, 5, 7]
[0, 1, 2, 5, 6]
[0, 1, 2, 5, 4]
[0, 1, 2, 5, 3]
[0, 1, 2, 5, 7, 6]
[0, 1, 2, 5, 7, 4]
[0, 1, 2, 5, 7, 3]
[0, 1, 2, 5, 7, 6, 4]
[0, 1, 2, 5, 7, 6, 3]
0.631578947368421 0.6666666666666666
itercount --------> 14
[0, 1, 2]
[0, 1, 5]
[0, 1, 7]
[0, 1, 6]
[0, 1, 4]
[0, 1, 3]
[0, 1, 2, 5]
[0, 1, 2, 7]
[0, 1, 2, 6]
[0, 1, 2, 4]
[0, 1, 2, 3]
[0, 1, 2, 5, 7]
[0, 1, 2, 5, 6]
[0, 1, 2, 5, 4]
[0, 1, 2, 5, 3]
[0, 1, 2, 5, 7, 6]
[0, 1, 2, 5, 7, 4]
[0, 1, 2, 5, 7, 3]
[0, 1, 2, 5, 7, 6, 4]
[0, 1, 2, 5, 7, 6, 3]
[0, 1, 2, 5, 7, 6, 4, 3]
failed -> 40 times
after fail n ======> 7
[0, 1, 2, 3, 4, 6, 7]
0.09615384615384616 0.1276595744680851
itercount --------> 1
[1, 2, 0]
0.1276595744680851 0.3333333333333333
itercount --------> 2
[3, 0, 7]
[3, 0, 4]
[3, 0, 6]
[3, 0, 1]
0.3333333333333333 0.35
itercount --------> 3
[0, 1, 2]
[0, 1, 3]
[0, 1, 7]
[0, 1, 4]
[0, 1, 6]
[0, 1, 5]
0.35 0.3684210526315789
itercount --------> 4
[3, 0, 7]
[3, 0, 4]
[3, 0, 6]
0.3684210526315789 0.3888888888888889
itercount --------> 5
[5, 0, 1]
[5, 0, 2]
[5, 0, 4]
[5, 0, 6]
[5, 0, 7]
[5, 0, 3]
[5, 0, 1, 2]
[5, 0, 1, 4]
[5, 0, 1, 6]
[5, 0, 1, 7]
[5, 0, 1, 3]
[5, 0, 1, 2, 4]
[5, 0, 1, 2, 6]
[5, 0, 1, 2, 7]
[5, 0, 1, 2, 3]
[5, 0, 1, 2, 4, 6]
0.3888888888888889 0.6111111111111112
itercount --------> 6
[0, 1, 2]
[0, 1, 5]
[0, 1, 7]
[0, 1, 4]
[0, 1, 6]
[0, 1, 3]
[0, 1, 2, 5]
[0, 1, 2, 7]
[0, 1, 2, 4]
[0, 1, 2, 6]
[0, 1, 2, 3]
[0, 1, 2, 5, 7]
[0, 1, 2, 5, 4]
[0, 1, 2, 5, 6]
[0, 1, 2, 5, 3]
[0, 1, 2, 5, 7, 4]
0.6111111111111112 0.6666666666666666
itercount --------> 7
[0, 1, 2]
[0, 1, 5]
[0, 1, 7]
[0, 1, 6]
[0, 1, 4]
[0, 1, 3]
[0, 1, 2, 5]
[0, 1, 2, 7]
[0, 1, 2, 6]
[0, 1, 2, 4]
[0, 1, 2, 3]
[0, 1, 2, 5, 7]
[0, 1, 2, 5, 6]
[0, 1, 2, 5, 4]
[0, 1, 2, 5, 3]
[0, 1, 2, 5, 7, 6]
[0, 1, 2, 5, 7, 4]
[0, 1, 2, 5, 7, 3]
[0, 1, 2, 5, 7, 6, 4]
[0, 1, 2, 5, 7, 6, 3]
[0, 1, 2, 5, 7, 6, 4, 3]
failed -> 41 times
after fail n ======> 8
[0, 1, 2, 3, 4, 6, 7, 5]
0.09615384615384616 0.11538461538461539
itercount --------> 1
[0, 4, 3]
0.11538461538461539 0.125
itercount --------> 2
[0, 3, 1]
0.125 0.18181818181818182
itercount --------> 3
[1, 2, 3]
[1, 2, 4]
[1, 2, 0]
0.18181818181818182 0.21052631578947367
itercount --------> 4
[0, 1, 2]
[0, 1, 4]
[0, 1, 3]
0.21052631578947367 0.2727272727272727
itercount --------> 5
[0, 1, 4]
[0, 1, 6]
0.2727272727272727 0.2857142857142857
itercount --------> 6
[4, 1, 6]
0.2857142857142857 0.30434782608695654
itercount --------> 7
[1, 6, 3]
0.30434782608695654 0.35
itercount --------> 8
[0, 1, 2]
[0, 1, 7]
[0, 1, 6]
[0, 1, 4]
0.35 0.3684210526315789
itercount --------> 9
[0, 1, 2]
[0, 1, 7]
[0, 1, 6]
0.3684210526315789 0.3888888888888889
itercount --------> 10
[5, 6, 0]
[5, 6, 1]
0.3888888888888889 0.4090909090909091
itercount --------> 11
[5, 6, 4]
[5, 6, 7]
[5, 6, 3]
[5, 6, 0]
0.4090909090909091 0.42105263157894735
itercount --------> 12
[0, 1, 2]
[0, 1, 7]
[0, 1, 4]
[0, 1, 6]
[0, 1, 5]
0.42105263157894735 0.4444444444444444
itercount --------> 13
[0, 1, 2]
[0, 1, 5]
[0, 1, 7]
[0, 1, 4]
[0, 1, 6]
[0, 1, 3]
[0, 1, 2, 5]
[0, 1, 2, 7]
[0, 1, 2, 4]
[0, 1, 2, 6]
[0, 1, 2, 3]
[0, 1, 2, 5, 7]
0.4444444444444444 0.47368421052631576
itercount --------> 14
[4, 5, 6]
[4, 5, 7]
[4, 5, 0]
[4, 5, 1]
[4, 5, 2]
[4, 5, 3]
[4, 5, 6, 7]
0.47368421052631576 0.5555555555555556
itercount --------> 15
[0, 1, 2]
[0, 1, 5]
[0, 1, 6]
[0, 1, 4]
[0, 1, 7]
[0, 1, 3]
[0, 1, 2, 5]
[0, 1, 2, 6]
[0, 1, 2, 4]
[0, 1, 2, 7]
[0, 1, 2, 3]
[0, 1, 2, 5, 6]
[0, 1, 2, 5, 4]
[0, 1, 2, 5, 7]
[0, 1, 2, 5, 3]
[0, 1, 2, 5, 6, 4]
[0, 1, 2, 5, 6, 7]
[0, 1, 2, 5, 6, 3]
[0, 1, 2, 5, 6, 4, 7]
0.5555555555555556 0.7894736842105263
itercount --------> 16
[5, 3, 0]
[5, 3, 1]
[5, 3, 2]
[5, 3, 4]
[5, 3, 7]
[5, 3, 6]
[5, 3, 0, 1]
[5, 3, 0, 2]
[5, 3, 0, 4]
[5, 3, 0, 7]
[5, 3, 0, 6]
[5, 3, 0, 1, 2]
[5, 3, 0, 1, 4]
[5, 3, 0, 1, 7]
[5, 3, 0, 1, 6]
[5, 3, 0, 1, 2, 4]
[5, 3, 0, 1, 2, 7]
[5, 3, 0, 1, 2, 6]
[5, 3, 0, 1, 2, 4, 7]
[5, 3, 0, 1, 2, 4, 6]
[5, 3, 0, 1, 2, 4, 7, 6]
failed -> 42 times
after fail n ======> 5
[0, 1, 2, 3, 4]
0.09615384615384616 0.125
itercount --------> 1
[0, 2, 3]
0.125 0.19230769230769232
itercount --------> 2
[1, 0, 2]
0.19230769230769232 0.2631578947368421
itercount --------> 3
[0, 1, 2]
[0, 1, 3]
0.2631578947368421 0.3333333333333333
itercount --------> 4
[1, 6, 4]
[1, 6, 7]
[1, 6, 3]
[1, 6, 0]
[1, 6, 2]
0.3333333333333333 0.35
itercount --------> 5
[0, 1, 2]
[0, 1, 4]
0.35 0.3684210526315789
itercount --------> 6
[0, 1, 2]
[0, 1, 4]
[0, 1, 6]
[0, 1, 7]
[0, 1, 3]
[0, 1, 5]
[0, 1, 2, 4]
[0, 1, 2, 6]
[0, 1, 2, 7]
[0, 1, 2, 3]
[0, 1, 2, 5]
[0, 1, 2, 4, 6]
[0, 1, 2, 4, 7]
0.3684210526315789 0.42105263157894735
itercount --------> 7
[0, 1, 2]
[0, 1, 6]
[0, 1, 4]
[0, 1, 7]
[0, 1, 3]
[0, 1, 5]
[0, 1, 2, 6]
[0, 1, 2, 4]
[0, 1, 2, 7]
[0, 1, 2, 3]
[0, 1, 2, 5]
[0, 1, 2, 6, 4]
[0, 1, 2, 6, 7]
[0, 1, 2, 6, 3]
[0, 1, 2, 6, 5]
[0, 1, 2, 6, 4, 7]
[0, 1, 2, 6, 4, 3]
0.42105263157894735 0.5263157894736842
itercount --------> 8
[0, 1, 2]
[0, 1, 3]
0.5263157894736842 0.5555555555555556
itercount --------> 9
[0, 1, 2]
[0, 1, 4]
[0, 1, 7]
[0, 1, 3]
[0, 1, 5]
[0, 1, 6]
[0, 1, 2, 4]
[0, 1, 2, 7]
[0, 1, 2, 3]
[0, 1, 2, 5]
[0, 1, 2, 6]
[0, 1, 2, 4, 7]
[0, 1, 2, 4, 3]
[0, 1, 2, 4, 5]
[0, 1, 2, 4, 6]
[0, 1, 2, 4, 7, 3]
[0, 1, 2, 4, 7, 5]
[0, 1, 2, 4, 7, 6]
[0, 1, 2, 4, 7, 3, 5]
[0, 1, 2, 4, 7, 3, 6]
[0, 1, 2, 4, 7, 3, 5, 6]
failed -> 43 times
after fail n ======> 6
[0, 1, 2, 3, 4, 6]
0.09615384615384616 0.15625
itercount --------> 1
[0, 3, 5]
0.15625 0.18421052631578946
itercount --------> 2
[5, 0, 1]
[5, 0, 2]
[5, 0, 4]
[5, 0, 7]
[5, 0, 3]
0.18421052631578946 0.19444444444444445
itercount --------> 3
[0, 1, 2]
0.19444444444444445 0.2916666666666667
itercount --------> 4
[0, 1, 2]
0.2916666666666667 0.30434782608695654
itercount --------> 5
[0, 1, 2]
[0, 1, 6]
[0, 1, 4]
[0, 1, 5]
0.30434782608695654 0.375
itercount --------> 6
[0, 1, 2]
[0, 1, 4]
[0, 1, 6]
[0, 1, 7]
0.375 0.4090909090909091
itercount --------> 7
[0, 4, 6]
[0, 4, 3]
[0, 4, 5]
[0, 4, 7]
[0, 4, 1]
[0, 4, 2]
[0, 4, 6, 3]
[0, 4, 6, 5]
[0, 4, 6, 7]
0.4090909090909091 0.5
itercount --------> 8
[7, 5, 0]
[7, 5, 1]
0.5 0.5263157894736842
itercount --------> 9
[0, 1, 2]
[0, 1, 5]
[0, 1, 7]
[0, 1, 6]
[0, 1, 3]
[0, 1, 4]
[0, 1, 2, 5]
[0, 1, 2, 7]
[0, 1, 2, 6]
[0, 1, 2, 3]
[0, 1, 2, 4]
0.5263157894736842 0.5555555555555556
itercount --------> 10
[0, 1, 2]
[0, 1, 5]
[0, 1, 6]
[0, 1, 7]
[0, 1, 3]
[0, 1, 4]
[0, 1, 2, 5]
[0, 1, 2, 6]
[0, 1, 2, 7]
[0, 1, 2, 3]
[0, 1, 2, 4]
[0, 1, 2, 5, 6]
[0, 1, 2, 5, 7]
0.5555555555555556 0.5789473684210527
itercount --------> 11
[7, 5, 3]
[7, 5, 6]
[7, 5, 4]
[7, 5, 0]
[7, 5, 1]
[7, 5, 2]
[7, 5, 3, 6]
[7, 5, 3, 4]
[7, 5, 3, 0]
[7, 5, 3, 1]
[7, 5, 3, 2]
[7, 5, 3, 6, 4]
0.5789473684210527 0.6842105263157895
itercount --------> 12
[7, 5, 6]
[7, 5, 4]
[7, 5, 0]
[7, 5, 1]
[7, 5, 2]
[7, 5, 3]
[7, 5, 6, 4]
[7, 5, 6, 0]
[7, 5, 6, 1]
[7, 5, 6, 2]
[7, 5, 6, 3]
[7, 5, 6, 4, 0]
[7, 5, 6, 4, 1]
[7, 5, 6, 4, 2]
[7, 5, 6, 4, 3]
[7, 5, 6, 4, 0, 1]
[7, 5, 6, 4, 0, 2]
[7, 5, 6, 4, 0, 3]
[7, 5, 6, 4, 0, 1, 2]
[7, 5, 6, 4, 0, 1, 3]
[7, 5, 6, 4, 0, 1, 2, 3]
failed -> 44 times
after fail n ======> 7
[0, 1, 2, 3, 4, 6, 7]
0.09615384615384616 0.15625
itercount --------> 1
[2, 3, 4]
[2, 3, 6]
[2, 3, 7]
[2, 3, 0]
[2, 3, 1]
[2, 3, 5]
0.15625 0.17857142857142858
itercount --------> 2
[2, 0, 1]
0.17857142857142858 0.25
itercount --------> 3
[0, 1, 2]
[0, 1, 5]
0.25 0.3333333333333333
itercount --------> 4
[5, 3, 4]
[5, 3, 7]
[5, 3, 6]
0.3333333333333333 0.34782608695652173
itercount --------> 5
[5, 3, 4]
0.34782608695652173 0.4444444444444444
itercount --------> 6
[0, 1, 2]
[0, 1, 5]
[0, 1, 4]
[0, 1, 7]
[0, 1, 6]
[0, 1, 3]
[0, 1, 2, 5]
[0, 1, 2, 4]
[0, 1, 2, 7]
[0, 1, 2, 6]
[0, 1, 2, 3]
[0, 1, 2, 5, 4]
0.4444444444444444 0.47368421052631576
itercount --------> 7
[0, 1, 2]
[0, 1, 5]
[0, 1, 4]
[0, 1, 6]
[0, 1, 7]
[0, 1, 3]
[0, 1, 2, 5]
[0, 1, 2, 4]
[0, 1, 2, 6]
[0, 1, 2, 7]
0.47368421052631576 0.5
itercount --------> 8
[0, 1, 2]
[0, 1, 5]
[0, 1, 4]
[0, 1, 6]
[0, 1, 7]
[0, 1, 3]
[0, 1, 2, 5]
[0, 1, 2, 4]
[0, 1, 2, 6]
[0, 1, 2, 7]
[0, 1, 2, 3]
[0, 1, 2, 5, 4]
[0, 1, 2, 5, 6]
[0, 1, 2, 5, 7]
[0, 1, 2, 5, 3]
[0, 1, 2, 5, 4, 6]
[0, 1, 2, 5, 4, 7]
[0, 1, 2, 5, 4, 3]
[0, 1, 2, 5, 4, 6, 7]
[0, 1, 2, 5, 4, 6, 3]
0.5 0.5555555555555556
itercount --------> 9
[0, 1, 2]
[0, 1, 5]
[0, 1, 6]
[0, 1, 3]
[0, 1, 7]
[0, 1, 4]
[0, 1, 2, 5]
[0, 1, 2, 6]
[0, 1, 2, 3]
[0, 1, 2, 7]
[0, 1, 2, 4]
[0, 1, 2, 5, 6]
[0, 1, 2, 5, 3]
[0, 1, 2, 5, 7]
[0, 1, 2, 5, 4]
[0, 1, 2, 5, 6, 3]
[0, 1, 2, 5, 6, 7]
[0, 1, 2, 5, 6, 4]
[0, 1, 2, 5, 6, 3, 7]
0.5555555555555556 0.6111111111111112
itercount --------> 10
[0, 1, 2]
[0, 1, 5]
[0, 1, 6]
[0, 1, 7]
[0, 1, 3]
[0, 1, 4]
[0, 1, 2, 5]
[0, 1, 2, 6]
[0, 1, 2, 7]
[0, 1, 2, 3]
[0, 1, 2, 4]
[0, 1, 2, 5, 6]
[0, 1, 2, 5, 7]
[0, 1, 2, 5, 3]
[0, 1, 2, 5, 4]
[0, 1, 2, 5, 6, 7]
[0, 1, 2, 5, 6, 3]
[0, 1, 2, 5, 6, 4]
[0, 1, 2, 5, 6, 7, 3]
[0, 1, 2, 5, 6, 7, 4]
[0, 1, 2, 5, 6, 7, 3, 4]
failed -> 45 times
after fail n ======> 8
[0, 1, 2, 3, 4, 6, 7, 5]
0.09615384615384616 0.125
itercount --------> 1
[0, 1, 3]
0.125 0.1935483870967742
itercount --------> 2
[0, 2, 6]
[0, 2, 3]
0.1935483870967742 0.2608695652173913
itercount --------> 3
[0, 1, 3]
[0, 1, 6]
0.2608695652173913 0.2631578947368421
itercount --------> 4
[0, 1, 2]
[0, 1, 6]
[0, 1, 4]
[0, 1, 7]
[0, 1, 3]
[0, 1, 5]
[0, 1, 2, 6]
0.2631578947368421 0.3157894736842105
itercount --------> 5
[0, 1, 2]
[0, 1, 4]
[0, 1, 7]
[0, 1, 3]
[0, 1, 6]
[0, 1, 5]
[0, 1, 2, 4]
[0, 1, 2, 7]
0.3157894736842105 0.3181818181818182
itercount --------> 6
[0, 1, 2]
[0, 1, 4]
0.3181818181818182 0.3684210526315789
itercount --------> 7
[0, 1, 2]
[0, 1, 4]
[0, 1, 6]
[0, 1, 7]
[0, 1, 3]
[0, 1, 5]
[0, 1, 2, 4]
[0, 1, 2, 6]
[0, 1, 2, 7]
[0, 1, 2, 3]
[0, 1, 2, 5]
[0, 1, 2, 4, 6]
[0, 1, 2, 4, 7]
[0, 1, 2, 4, 3]
[0, 1, 2, 4, 5]
[0, 1, 2, 4, 6, 7]
0.3684210526315789 0.42105263157894735
itercount --------> 8
[0, 1, 2]
[0, 1, 6]
[0, 1, 4]
[0, 1, 7]
[0, 1, 3]
[0, 1, 5]
[0, 1, 2, 6]
[0, 1, 2, 4]
[0, 1, 2, 7]
[0, 1, 2, 3]
[0, 1, 2, 5]
[0, 1, 2, 6, 4]
[0, 1, 2, 6, 7]
[0, 1, 2, 6, 3]
0.42105263157894735 0.5263157894736842
itercount --------> 9
[0, 1, 2]
[0, 1, 3]
0.5263157894736842 0.5555555555555556
itercount --------> 10
[0, 1, 2]
[0, 1, 4]
[0, 1, 7]
[0, 1, 3]
[0, 1, 5]
[0, 1, 6]
[0, 1, 2, 4]
[0, 1, 2, 7]
[0, 1, 2, 3]
[0, 1, 2, 5]
[0, 1, 2, 6]
[0, 1, 2, 4, 7]
[0, 1, 2, 4, 3]
[0, 1, 2, 4, 5]
[0, 1, 2, 4, 6]
[0, 1, 2, 4, 7, 3]
[0, 1, 2, 4, 7, 5]
[0, 1, 2, 4, 7, 6]
[0, 1, 2, 4, 7, 3, 5]
[0, 1, 2, 4, 7, 3, 6]
[0, 1, 2, 4, 7, 3, 5, 6]
failed -> 46 times
after fail n ======> 5
[0, 1, 2, 3, 4]
0.09615384615384616 0.15625
itercount --------> 1
[2, 4, 0]
[2, 4, 1]
[2, 4, 3]
0.15625 0.17391304347826086
itercount --------> 2
[0, 1, 3]
0.17391304347826086 0.19230769230769232
itercount --------> 3
[1, 3, 6]
0.19230769230769232 0.21052631578947367
itercount --------> 4
[0, 1, 5]
[0, 1, 3]
0.21052631578947367 0.23076923076923078
itercount --------> 5
[6, 0, 2]
[6, 0, 4]
0.23076923076923078 0.24
itercount --------> 6
[0, 4, 1]
0.24 0.25
itercount --------> 7
[4, 1, 2]
0.25 0.2857142857142857
itercount --------> 8
[0, 4, 6]
[0, 4, 3]
[0, 4, 1]
[0, 4, 2]
[0, 4, 7]
[0, 4, 5]
[0, 4, 6, 3]
0.2857142857142857 0.3333333333333333
itercount --------> 9
[4, 0, 6]
[4, 0, 1]
[4, 0, 3]
[4, 0, 7]
0.3333333333333333 0.3684210526315789
itercount --------> 10
[4, 0, 7]
[4, 0, 6]
[4, 0, 3]
[4, 0, 1]
[4, 0, 2]
0.3684210526315789 0.3888888888888889
itercount --------> 11
[4, 0, 1]
[4, 0, 2]
0.3888888888888889 0.40625
itercount --------> 12
[2, 0, 7]
[2, 0, 6]
[2, 0, 1]
0.40625 0.4583333333333333
itercount --------> 13
[0, 7, 6]
[0, 7, 1]
0.4583333333333333 0.5652173913043478
itercount --------> 14
[0, 7, 6]
[0, 7, 2]
[0, 7, 5]
0.5652173913043478 0.6666666666666666
itercount --------> 15
[0, 1, 2]
[0, 1, 5]
[0, 1, 7]
[0, 1, 6]
[0, 1, 4]
[0, 1, 3]
[0, 1, 2, 5]
[0, 1, 2, 7]
[0, 1, 2, 6]
[0, 1, 2, 4]
[0, 1, 2, 3]
[0, 1, 2, 5, 7]
0.6666666666666666 0.6842105263157895
itercount --------> 16
[7, 5, 6]
[7, 5, 4]
[7, 5, 0]
[7, 5, 1]
[7, 5, 2]
[7, 5, 3]
[7, 5, 6, 4]
[7, 5, 6, 0]
[7, 5, 6, 1]
[7, 5, 6, 2]
[7, 5, 6, 3]
[7, 5, 6, 4, 0]
[7, 5, 6, 4, 1]
[7, 5, 6, 4, 2]
[7, 5, 6, 4, 3]
[7, 5, 6, 4, 0, 1]
[7, 5, 6, 4, 0, 2]
[7, 5, 6, 4, 0, 3]
[7, 5, 6, 4, 0, 1, 2]
[7, 5, 6, 4, 0, 1, 3]
[7, 5, 6, 4, 0, 1, 2, 3]
failed -> 47 times
after fail n ======> 6
[0, 1, 2, 3, 4, 6]
0.09615384615384616 0.11320754716981132
itercount --------> 1
[6, 0, 1]
0.11320754716981132 0.15625
itercount --------> 2
[2, 1, 3]
[2, 1, 4]
0.15625 0.19230769230769232
itercount --------> 3
[2, 3, 6]
[2, 3, 4]
[2, 3, 7]
[2, 3, 1]
[2, 3, 0]
0.19230769230769232 0.2631578947368421
itercount --------> 4
[3, 1, 6]
0.2631578947368421 0.3157894736842105
itercount --------> 5
[0, 1, 2]
[0, 1, 6]
0.3157894736842105 0.4
itercount --------> 6
[1, 4, 6]
[1, 4, 3]
[1, 4, 7]
[1, 4, 0]
[1, 4, 2]
[1, 4, 5]
[1, 4, 6, 3]
[1, 4, 6, 7]
[1, 4, 6, 0]
[1, 4, 6, 2]
0.4 0.42105263157894735
itercount --------> 7
[0, 1, 2]
[0, 1, 4]
[0, 1, 6]
[0, 1, 7]
[0, 1, 3]
[0, 1, 5]
[0, 1, 2, 4]
0.42105263157894735 0.47368421052631576
itercount --------> 8
[0, 1, 2]
[0, 1, 4]
[0, 1, 6]
[0, 1, 7]
[0, 1, 3]
[0, 1, 5]
[0, 1, 2, 4]
[0, 1, 2, 6]
[0, 1, 2, 7]
[0, 1, 2, 3]
[0, 1, 2, 5]
[0, 1, 2, 4, 6]
0.47368421052631576 0.48
itercount --------> 9
[2, 3, 4]
[2, 3, 1]
0.48 0.5
itercount --------> 10
[3, 4, 2]
[3, 4, 1]
[3, 4, 6]
[3, 4, 7]
[3, 4, 0]
[3, 4, 5]
[3, 4, 2, 1]
[3, 4, 2, 6]
[3, 4, 2, 7]
[3, 4, 2, 0]
[3, 4, 2, 5]
[3, 4, 2, 1, 6]
[3, 4, 2, 1, 7]
[3, 4, 2, 1, 0]
[3, 4, 2, 1, 5]
0.5 0.5263157894736842
itercount --------> 11
[3, 4, 7]
[3, 4, 5]
0.5263157894736842 0.6111111111111112
itercount --------> 12
[3, 0, 1]
[3, 0, 2]
[3, 0, 4]
0.6111111111111112 0.6818181818181818
itercount --------> 13
[5, 1, 2]
[5, 1, 0]
[5, 1, 3]
[5, 1, 4]
0.6818181818181818 0.7142857142857143
itercount --------> 14
[0, 1, 2]
[0, 1, 5]
[0, 1, 3]
[0, 1, 4]
[0, 1, 7]
[0, 1, 6]
[0, 1, 2, 5]
[0, 1, 2, 3]
[0, 1, 2, 4]
[0, 1, 2, 7]
[0, 1, 2, 6]
[0, 1, 2, 5, 3]
[0, 1, 2, 5, 4]
[0, 1, 2, 5, 7]
[0, 1, 2, 5, 6]
[0, 1, 2, 5, 3, 4]
[0, 1, 2, 5, 3, 7]
[0, 1, 2, 5, 3, 6]
[0, 1, 2, 5, 3, 4, 7]
[0, 1, 2, 5, 3, 4, 6]
[0, 1, 2, 5, 3, 4, 7, 6]
failed -> 48 times
after fail n ======> 7
[0, 1, 2, 3, 4, 6, 7]
0.09615384615384616 0.125
itercount --------> 1
[1, 2, 3]
0.125 0.19230769230769232
itercount --------> 2
[0, 1, 2]
0.19230769230769232 0.2631578947368421
itercount --------> 3
[0, 1, 2]
[0, 1, 3]
0.2631578947368421 0.35
itercount --------> 4
[0, 1, 2]
[0, 1, 4]
[0, 1, 6]
[0, 1, 7]
[0, 1, 3]
[0, 1, 5]
[0, 1, 2, 4]
0.35 0.3684210526315789
itercount --------> 5
[0, 1, 2]
[0, 1, 4]
[0, 1, 6]
[0, 1, 7]
[0, 1, 3]
[0, 1, 5]
[0, 1, 2, 4]
[0, 1, 2, 6]
[0, 1, 2, 7]
[0, 1, 2, 3]
[0, 1, 2, 5]
[0, 1, 2, 4, 6]
[0, 1, 2, 4, 7]
0.3684210526315789 0.42105263157894735
itercount --------> 6
[0, 1, 2]
[0, 1, 6]
[0, 1, 4]
[0, 1, 7]
[0, 1, 3]
[0, 1, 5]
[0, 1, 2, 6]
[0, 1, 2, 4]
[0, 1, 2, 7]
[0, 1, 2, 3]
[0, 1, 2, 5]
[0, 1, 2, 6, 4]
[0, 1, 2, 6, 7]
[0, 1, 2, 6, 3]
0.42105263157894735 0.5555555555555556
itercount --------> 7
[0, 1, 2]
[0, 1, 4]
[0, 1, 7]
[0, 1, 3]
[0, 1, 5]
[0, 1, 6]
[0, 1, 2, 4]
[0, 1, 2, 7]
[0, 1, 2, 3]
[0, 1, 2, 5]
[0, 1, 2, 6]
[0, 1, 2, 4, 7]
[0, 1, 2, 4, 3]
[0, 1, 2, 4, 5]
[0, 1, 2, 4, 6]
[0, 1, 2, 4, 7, 3]
[0, 1, 2, 4, 7, 5]
[0, 1, 2, 4, 7, 6]
[0, 1, 2, 4, 7, 3, 5]
[0, 1, 2, 4, 7, 3, 6]
[0, 1, 2, 4, 7, 3, 5, 6]
failed -> 49 times
after fail n ======> 8
[0, 1, 2, 3, 4, 6, 7, 5]
0.09615384615384616 0.125
itercount --------> 1
[1, 2, 7]
0.125 0.19230769230769232
itercount --------> 2
[0, 1, 2]
0.19230769230769232 0.2631578947368421
itercount --------> 3
[0, 1, 2]
[0, 1, 7]
0.2631578947368421 0.3157894736842105
itercount --------> 4
[0, 1, 2]
[0, 1, 7]
[0, 1, 4]
[0, 1, 3]
[0, 1, 6]
[0, 1, 5]
[0, 1, 2, 7]
[0, 1, 2, 4]
[0, 1, 2, 3]
[0, 1, 2, 6]
[0, 1, 2, 5]
[0, 1, 2, 7, 4]
0.3157894736842105 0.3684210526315789
itercount --------> 5
[0, 1, 2]
[0, 1, 3]
[0, 1, 7]
[0, 1, 4]
[0, 1, 6]
[0, 1, 5]
[0, 1, 2, 3]
[0, 1, 2, 7]
[0, 1, 2, 4]
[0, 1, 2, 6]
[0, 1, 2, 5]
[0, 1, 2, 3, 7]
[0, 1, 2, 3, 4]
[0, 1, 2, 3, 6]
0.3684210526315789 0.5
itercount --------> 6
[0, 1, 2]
[0, 1, 7]
[0, 1, 3]
[0, 1, 5]
[0, 1, 4]
[0, 1, 6]
[0, 1, 2, 7]
[0, 1, 2, 3]
[0, 1, 2, 5]
[0, 1, 2, 4]
[0, 1, 2, 6]
[0, 1, 2, 7, 3]
[0, 1, 2, 7, 5]
[0, 1, 2, 7, 4]
[0, 1, 2, 7, 6]
[0, 1, 2, 7, 3, 5]
[0, 1, 2, 7, 3, 4]
0.5 0.6
itercount --------> 7
[7, 5, 4]
[7, 5, 6]
[7, 5, 3]
[7, 5, 0]
0.6 0.6111111111111112
itercount --------> 8
[0, 1, 2]
[0, 1, 5]
[0, 1, 7]
[0, 1, 6]
[0, 1, 4]
[0, 1, 3]
[0, 1, 2, 5]
[0, 1, 2, 7]
[0, 1, 2, 6]
[0, 1, 2, 4]
[0, 1, 2, 3]
[0, 1, 2, 5, 7]
0.6111111111111112 0.631578947368421
itercount --------> 9
[7, 5, 4]
[7, 5, 6]
[7, 5, 3]
[7, 5, 0]
[7, 5, 1]
[7, 5, 2]
[7, 5, 4, 6]
[7, 5, 4, 3]
[7, 5, 4, 0]
[7, 5, 4, 1]
[7, 5, 4, 2]
[7, 5, 4, 6, 3]
[7, 5, 4, 6, 0]
[7, 5, 4, 6, 1]
[7, 5, 4, 6, 2]
[7, 5, 4, 6, 3, 0]
[7, 5, 4, 6, 3, 1]
[7, 5, 4, 6, 3, 2]
[7, 5, 4, 6, 3, 0, 1]
[7, 5, 4, 6, 3, 0, 2]
[7, 5, 4, 6, 3, 0, 1, 2]
failed -> 50 times
after fail n ======> 5
Runs with the maximum attractor JI -> [2]
