{0: 76, 1: 76, 2: 76, 5: 51, 4: 40, 7: 40, 6: 15, 3: 5}
[0, 1, 2]
0.061224489795918366 0.12
itercount --------> 1
[0, 1, 2]
0.12 0.23076923076923078
itercount --------> 2
[0, 1, 2]
[0, 1, 5]
0.23076923076923078 0.3333333333333333
itercount --------> 3
[0, 1, 2]
[0, 1, 5]
[0, 1, 4]
[0, 1, 7]
[0, 1, 6]
[0, 1, 3]
0.3333333333333333 0.375
itercount --------> 4
[0, 1, 2]
[0, 1, 5]
0.375 0.38095238095238093
itercount --------> 5
[0, 1, 2]
[0, 1, 5]
[0, 1, 4]
[0, 1, 7]
0.38095238095238093 0.42857142857142855
itercount --------> 6
[5, 7, 0]
0.42857142857142855 0.5333333333333333
itercount --------> 7
[0, 1, 2]
[0, 1, 5]
[0, 1, 7]
[0, 1, 4]
[0, 1, 3]
[0, 1, 6]
0.5333333333333333 0.5714285714285714
itercount --------> 8
[0, 1, 2]
[0, 1, 5]
[0, 1, 7]
[0, 1, 4]
[0, 1, 3]
[0, 1, 6]
[0, 1, 2, 5]
0.5714285714285714 0.6153846153846154
itercount --------> 9
[0, 1, 2]
[0, 1, 5]
[0, 1, 4]
0.6153846153846154 0.6363636363636364
itercount --------> 10
[0, 1, 2]
[0, 1, 5]
[0, 1, 4]
[0, 1, 7]
[0, 1, 6]
[0, 1, 3]
[0, 1, 2, 5]
[0, 1, 2, 4]
[0, 1, 2, 7]
[0, 1, 2, 6]
[0, 1, 2, 3]
[0, 1, 2, 5, 4]
0.6363636363636364 0.6666666666666666
itercount --------> 11
[1, 0, 2]
[1, 0, 4]
[1, 0, 5]
[1, 0, 7]
[1, 0, 3]
[1, 0, 6]
[1, 0, 2, 4]
[1, 0, 2, 5]
[1, 0, 2, 7]
[1, 0, 2, 3]
[1, 0, 2, 6]
[1, 0, 2, 4, 5]
[1, 0, 2, 4, 7]
[1, 0, 2, 4, 3]
[1, 0, 2, 4, 6]
[1, 0, 2, 4, 5, 7]
[1, 0, 2, 4, 5, 3]
[1, 0, 2, 4, 5, 6]
[1, 0, 2, 4, 5, 7, 3]
[1, 0, 2, 4, 5, 7, 6]
[1, 0, 2, 4, 5, 7, 3, 6]
failed Once
after fail n ======> 4
[0, 1, 2, 5]
0.061224489795918366 0.12
itercount --------> 1
[2, 0, 1]
0.12 0.23076923076923078
itercount --------> 2
[0, 1, 2]
[0, 1, 5]
[0, 1, 4]
[0, 1, 7]
0.23076923076923078 0.25
itercount --------> 3
[0, 1, 2]
[0, 1, 5]
0.25 0.2727272727272727
itercount --------> 4
[0, 1, 2]
[0, 1, 5]
[0, 1, 7]
0.2727272727272727 0.3333333333333333
itercount --------> 5
[0, 1, 2]
[0, 1, 5]
[0, 1, 4]
[0, 1, 7]
[0, 1, 6]
[0, 1, 3]
0.3333333333333333 0.375
itercount --------> 6
[0, 1, 2]
0.375 0.4
itercount --------> 7
[0, 1, 2]
[0, 1, 5]
[0, 1, 4]
0.4 0.42857142857142855
itercount --------> 8
[0, 1, 2]
0.42857142857142855 0.46153846153846156
itercount --------> 9
[0, 1, 2]
[0, 1, 5]
[0, 1, 7]
[0, 1, 4]
[0, 1, 6]
0.46153846153846156 0.5454545454545454
itercount --------> 10
[0, 1, 2]
[0, 1, 5]
[0, 1, 7]
[0, 1, 4]
[0, 1, 3]
[0, 1, 6]
[0, 1, 2, 5]
[0, 1, 2, 7]
[0, 1, 2, 4]
[0, 1, 2, 3]
[0, 1, 2, 6]
[0, 1, 2, 5, 7]
[0, 1, 2, 5, 4]
[0, 1, 2, 5, 3]
[0, 1, 2, 5, 6]
[0, 1, 2, 5, 7, 4]
[0, 1, 2, 5, 7, 3]
[0, 1, 2, 5, 7, 6]
[0, 1, 2, 5, 7, 4, 3]
[0, 1, 2, 5, 7, 4, 6]
[0, 1, 2, 5, 7, 4, 3, 6]
failed -> 2 times
after fail n ======> 5
[0, 1, 2, 5, 4]
0.061224489795918366 0.07692307692307693
itercount --------> 1
[2, 0, 1]
0.07692307692307693 0.14285714285714285
itercount --------> 2
[2, 5, 0]
0.14285714285714285 0.21739130434782608
itercount --------> 3
[5, 0, 1]
0.21739130434782608 0.25
itercount --------> 4
[5, 0, 1]
[5, 0, 2]
0.25 0.2857142857142857
itercount --------> 5
[0, 1, 2]
[0, 1, 5]
[0, 1, 4]
0.2857142857142857 0.38461538461538464
itercount --------> 6
[5, 0, 1]
[5, 0, 2]
[5, 0, 7]
0.38461538461538464 0.4166666666666667
itercount --------> 7
[5, 4, 7]
[5, 4, 0]
[5, 4, 1]
0.4166666666666667 0.45454545454545453
itercount --------> 8
[5, 7, 4]
[5, 7, 0]
[5, 7, 1]
[5, 7, 2]
[5, 7, 3]
0.45454545454545453 0.5
itercount --------> 9
[0, 1, 2]
[0, 1, 5]
[0, 1, 7]
[0, 1, 4]
[0, 1, 3]
[0, 1, 6]
[0, 1, 2, 5]
[0, 1, 2, 7]
[0, 1, 2, 4]
[0, 1, 2, 3]
[0, 1, 2, 6]
[0, 1, 2, 5, 7]
[0, 1, 2, 5, 4]
[0, 1, 2, 5, 3]
[0, 1, 2, 5, 6]
[0, 1, 2, 5, 7, 4]
[0, 1, 2, 5, 7, 3]
0.5 0.5384615384615384
itercount --------> 10
[1, 4, 5]
0.5384615384615384 0.5714285714285714
itercount --------> 11
[4, 0, 1]
[4, 0, 2]
[4, 0, 5]
[4, 0, 7]
[4, 0, 3]
[4, 0, 6]
[4, 0, 1, 2]
[4, 0, 1, 5]
[4, 0, 1, 7]
[4, 0, 1, 3]
[4, 0, 1, 6]
0.5714285714285714 0.6153846153846154
itercount --------> 12
[4, 0, 1]
[4, 0, 2]
[4, 0, 5]
[4, 0, 7]
[4, 0, 3]
[4, 0, 6]
[4, 0, 1, 2]
[4, 0, 1, 5]
0.6153846153846154 0.6363636363636364
itercount --------> 13
[0, 1, 2]
[0, 1, 5]
[0, 1, 7]
[0, 1, 4]
[0, 1, 3]
[0, 1, 6]
[0, 1, 2, 5]
[0, 1, 2, 7]
[0, 1, 2, 4]
[0, 1, 2, 3]
[0, 1, 2, 6]
[0, 1, 2, 5, 7]
[0, 1, 2, 5, 4]
[0, 1, 2, 5, 3]
[0, 1, 2, 5, 6]
[0, 1, 2, 5, 7, 4]
0.6363636363636364 0.6666666666666666
itercount --------> 14
[4, 0, 1]
[4, 0, 2]
[4, 0, 5]
[4, 0, 3]
[4, 0, 7]
[4, 0, 6]
[4, 0, 1, 2]
[4, 0, 1, 5]
[4, 0, 1, 3]
[4, 0, 1, 7]
[4, 0, 1, 6]
[4, 0, 1, 2, 5]
[4, 0, 1, 2, 3]
[4, 0, 1, 2, 7]
[4, 0, 1, 2, 6]
[4, 0, 1, 2, 5, 3]
[4, 0, 1, 2, 5, 7]
[4, 0, 1, 2, 5, 6]
[4, 0, 1, 2, 5, 3, 7]
[4, 0, 1, 2, 5, 3, 6]
[4, 0, 1, 2, 5, 3, 7, 6]
failed -> 3 times
after fail n ======> 6
[0, 1, 2, 5, 4, 7]
0.061224489795918366 0.06666666666666667
itercount --------> 1
[1, 0, 2]
0.06666666666666667 0.21428571428571427
itercount --------> 2
[0, 1, 4]
0.21428571428571427 0.21739130434782608
itercount --------> 3
[4, 0, 1]
[4, 0, 2]
0.21739130434782608 0.2727272727272727
itercount --------> 4
[5, 0, 1]
0.2727272727272727 0.3125
itercount --------> 5
[0, 4, 5]
[0, 4, 7]
0.3125 0.3333333333333333
itercount --------> 6
[0, 4, 5]
[0, 4, 1]
0.3333333333333333 0.38461538461538464
itercount --------> 7
[5, 0, 1]
[5, 0, 2]
[5, 0, 4]
[5, 0, 3]
0.38461538461538464 0.46153846153846156
itercount --------> 8
[0, 1, 2]
[0, 1, 3]
0.46153846153846156 0.5
itercount --------> 9
[0, 1, 2]
[0, 1, 3]
[0, 1, 4]
[0, 1, 5]
[0, 1, 6]
[0, 1, 7]
[0, 1, 2, 3]
[0, 1, 2, 4]
0.5 0.5384615384615384
itercount --------> 10
[0, 2, 1]
[0, 2, 5]
[0, 2, 4]
[0, 2, 3]
[0, 2, 6]
[0, 2, 7]
[0, 2, 1, 5]
[0, 2, 1, 4]
[0, 2, 1, 3]
[0, 2, 1, 6]
[0, 2, 1, 7]
[0, 2, 1, 5, 4]
[0, 2, 1, 5, 3]
[0, 2, 1, 5, 6]
0.5384615384615384 0.5833333333333334
itercount --------> 11
[0, 2, 4]
0.5833333333333334 0.6
itercount --------> 12
[3, 4, 0]
[3, 4, 1]
[3, 4, 2]
[3, 4, 5]
[3, 4, 7]
[3, 4, 6]
[3, 4, 0, 1]
[3, 4, 0, 2]
[3, 4, 0, 5]
0.6 0.6666666666666666
itercount --------> 13
[4, 0, 1]
[4, 0, 2]
[4, 0, 5]
[4, 0, 3]
[4, 0, 7]
[4, 0, 6]
[4, 0, 1, 2]
[4, 0, 1, 5]
[4, 0, 1, 3]
[4, 0, 1, 7]
[4, 0, 1, 6]
[4, 0, 1, 2, 5]
[4, 0, 1, 2, 3]
[4, 0, 1, 2, 7]
[4, 0, 1, 2, 6]
[4, 0, 1, 2, 5, 3]
[4, 0, 1, 2, 5, 7]
0.6666666666666666 0.7
itercount --------> 14
[5, 7, 0]
[5, 7, 1]
[5, 7, 2]
[5, 7, 4]
[5, 7, 3]
[5, 7, 6]
[5, 7, 0, 1]
[5, 7, 0, 2]
[5, 7, 0, 4]
[5, 7, 0, 3]
[5, 7, 0, 6]
[5, 7, 0, 1, 2]
[5, 7, 0, 1, 4]
[5, 7, 0, 1, 3]
[5, 7, 0, 1, 6]
[5, 7, 0, 1, 2, 4]
[5, 7, 0, 1, 2, 3]
[5, 7, 0, 1, 2, 6]
[5, 7, 0, 1, 2, 4, 3]
[5, 7, 0, 1, 2, 4, 6]
[5, 7, 0, 1, 2, 4, 3, 6]
failed -> 4 times
after fail n ======> 7
[0, 1, 2, 5, 4, 7, 6]
0.061224489795918366 0.09803921568627451
itercount --------> 1
[0, 1, 2]
0.09803921568627451 0.16129032258064516
itercount --------> 2
[0, 1, 2]
0.16129032258064516 0.18518518518518517
itercount --------> 3
[0, 1, 2]
0.18518518518518517 0.21739130434782608
itercount --------> 4
[0, 1, 2]
[0, 1, 5]
0.21739130434782608 0.25
itercount --------> 5
[0, 1, 2]
[0, 1, 5]
0.25 0.2857142857142857
itercount --------> 6
[0, 1, 2]
[0, 1, 5]
[0, 1, 4]
[0, 1, 7]
[0, 1, 6]
[0, 1, 3]
0.2857142857142857 0.35714285714285715
itercount --------> 7
[0, 1, 2]
[0, 1, 5]
[0, 1, 4]
0.35714285714285715 0.4
itercount --------> 8
[0, 1, 2]
[0, 1, 5]
[0, 1, 4]
0.4 0.46153846153846156
itercount --------> 9
[0, 1, 2]
[0, 1, 5]
[0, 1, 7]
0.46153846153846156 0.5
itercount --------> 10
[0, 1, 2]
[0, 1, 5]
[0, 1, 7]
[0, 1, 4]
[0, 1, 3]
[0, 1, 6]
[0, 1, 2, 5]
[0, 1, 2, 7]
[0, 1, 2, 4]
[0, 1, 2, 3]
[0, 1, 2, 6]
[0, 1, 2, 5, 7]
[0, 1, 2, 5, 4]
[0, 1, 2, 5, 3]
[0, 1, 2, 5, 6]
[0, 1, 2, 5, 7, 4]
[0, 1, 2, 5, 7, 3]
[0, 1, 2, 5, 7, 6]
0.5 0.5454545454545454
itercount --------> 11
[0, 1, 2]
[0, 1, 5]
[0, 1, 7]
[0, 1, 4]
[0, 1, 3]
[0, 1, 6]
[0, 1, 2, 5]
[0, 1, 2, 7]
[0, 1, 2, 4]
[0, 1, 2, 3]
[0, 1, 2, 6]
[0, 1, 2, 5, 7]
[0, 1, 2, 5, 4]
[0, 1, 2, 5, 3]
[0, 1, 2, 5, 6]
[0, 1, 2, 5, 7, 4]
[0, 1, 2, 5, 7, 3]
[0, 1, 2, 5, 7, 6]
[0, 1, 2, 5, 7, 4, 3]
[0, 1, 2, 5, 7, 4, 6]
[0, 1, 2, 5, 7, 4, 3, 6]
failed -> 5 times
after fail n ======> 8
[0, 1, 2, 5, 4, 7, 6, 3]
0.061224489795918366 0.23076923076923078
itercount --------> 1
[0, 1, 2]
[0, 1, 5]
0.23076923076923078 0.3333333333333333
itercount --------> 2
[0, 1, 2]
[0, 1, 5]
[0, 1, 4]
[0, 1, 7]
[0, 1, 6]
[0, 1, 3]
0.3333333333333333 0.375
itercount --------> 3
[0, 1, 2]
0.375 0.4
itercount --------> 4
[0, 1, 2]
[0, 1, 5]
[0, 1, 4]
0.4 0.42857142857142855
itercount --------> 5
[0, 1, 2]
[0, 1, 5]
[0, 1, 4]
[0, 1, 7]
[0, 1, 3]
[0, 1, 6]
0.42857142857142855 0.5
itercount --------> 6
[0, 5, 1]
0.5 0.5454545454545454
itercount --------> 7
[0, 1, 2]
[0, 1, 5]
[0, 1, 7]
[0, 1, 4]
[0, 1, 3]
[0, 1, 6]
[0, 1, 2, 5]
[0, 1, 2, 7]
[0, 1, 2, 4]
[0, 1, 2, 3]
[0, 1, 2, 6]
[0, 1, 2, 5, 7]
[0, 1, 2, 5, 4]
[0, 1, 2, 5, 3]
[0, 1, 2, 5, 6]
[0, 1, 2, 5, 7, 4]
[0, 1, 2, 5, 7, 3]
[0, 1, 2, 5, 7, 6]
[0, 1, 2, 5, 7, 4, 3]
[0, 1, 2, 5, 7, 4, 6]
[0, 1, 2, 5, 7, 4, 3, 6]
failed -> 6 times
after fail n ======> 5
[0, 1, 2, 5, 4]
0.061224489795918366 0.09090909090909091
itercount --------> 1
[0, 1, 2]
0.09090909090909091 0.14285714285714285
itercount --------> 2
[0, 1, 2]
[0, 1, 5]
0.14285714285714285 0.16666666666666666
itercount --------> 3
[0, 1, 2]
0.16666666666666666 0.2857142857142857
itercount --------> 4
[0, 1, 2]
[0, 1, 5]
[0, 1, 4]
0.2857142857142857 0.3125
itercount --------> 5
[0, 5, 4]
[0, 5, 1]
0.3125 0.38461538461538464
itercount --------> 6
[5, 0, 1]
[5, 0, 2]
[5, 0, 7]
0.38461538461538464 0.45454545454545453
itercount --------> 7
[5, 7, 4]
[5, 7, 0]
[5, 7, 1]
[5, 7, 2]
[5, 7, 3]
0.45454545454545453 0.46153846153846156
itercount --------> 8
[5, 7, 0]
[5, 7, 1]
0.46153846153846156 0.5
itercount --------> 9
[0, 5, 7]
[0, 5, 1]
[0, 5, 2]
0.5 0.5333333333333333
itercount --------> 10
[0, 1, 2]
[0, 1, 5]
[0, 1, 7]
[0, 1, 4]
[0, 1, 3]
[0, 1, 6]
[0, 1, 2, 5]
[0, 1, 2, 7]
[0, 1, 2, 4]
[0, 1, 2, 3]
0.5333333333333333 0.5714285714285714
itercount --------> 11
[5, 0, 1]
[5, 0, 2]
[5, 0, 7]
[5, 0, 4]
[5, 0, 3]
[5, 0, 6]
[5, 0, 1, 2]
[5, 0, 1, 7]
[5, 0, 1, 4]
[5, 0, 1, 3]
[5, 0, 1, 6]
[5, 0, 1, 2, 7]
[5, 0, 1, 2, 4]
0.5714285714285714 0.6153846153846154
itercount --------> 12
[0, 1, 2]
[0, 1, 5]
[0, 1, 7]
[0, 1, 3]
[0, 1, 4]
[0, 1, 6]
[0, 1, 2, 5]
[0, 1, 2, 7]
[0, 1, 2, 3]
[0, 1, 2, 4]
[0, 1, 2, 6]
0.6153846153846154 0.6666666666666666
itercount --------> 13
[7, 0, 1]
[7, 0, 2]
[7, 0, 5]
[7, 0, 3]
[7, 0, 4]
[7, 0, 6]
[7, 0, 1, 2]
[7, 0, 1, 5]
[7, 0, 1, 3]
[7, 0, 1, 4]
[7, 0, 1, 6]
[7, 0, 1, 2, 5]
[7, 0, 1, 2, 3]
0.6666666666666666 0.7272727272727273
itercount --------> 14
[0, 1, 2]
[0, 1, 5]
[0, 1, 7]
[0, 1, 4]
[0, 1, 6]
[0, 1, 3]
[0, 1, 2, 5]
[0, 1, 2, 7]
[0, 1, 2, 4]
[0, 1, 2, 6]
[0, 1, 2, 3]
[0, 1, 2, 5, 7]
[0, 1, 2, 5, 4]
[0, 1, 2, 5, 6]
[0, 1, 2, 5, 3]
[0, 1, 2, 5, 7, 4]
[0, 1, 2, 5, 7, 6]
[0, 1, 2, 5, 7, 3]
[0, 1, 2, 5, 7, 4, 6]
[0, 1, 2, 5, 7, 4, 3]
[0, 1, 2, 5, 7, 4, 6, 3]
failed -> 7 times
after fail n ======> 6
[0, 1, 2, 5, 4, 7]
0.061224489795918366 0.10344827586206896
itercount --------> 1
[2, 1, 0]
0.10344827586206896 0.17647058823529413
itercount --------> 2
[1, 0, 2]
0.17647058823529413 0.2727272727272727
itercount --------> 3
[0, 1, 2]
[0, 1, 5]
[0, 1, 7]
0.2727272727272727 0.3333333333333333
itercount --------> 4
[0, 1, 2]
[0, 1, 5]
[0, 1, 4]
[0, 1, 7]
[0, 1, 6]
[0, 1, 3]
0.3333333333333333 0.35294117647058826
itercount --------> 5
[0, 2, 1]
0.35294117647058826 0.4
itercount --------> 6
[0, 1, 2]
[0, 1, 5]
[0, 1, 4]
[0, 1, 7]
[0, 1, 6]
[0, 1, 3]
[0, 1, 2, 5]
[0, 1, 2, 4]
0.4 0.46153846153846156
itercount --------> 7
[0, 1, 2]
[0, 1, 5]
[0, 1, 7]
[0, 1, 4]
[0, 1, 6]
[0, 1, 3]
[0, 1, 2, 5]
[0, 1, 2, 7]
0.46153846153846156 0.5
itercount --------> 8
[5, 0, 1]
0.5 0.5454545454545454
itercount --------> 9
[5, 7, 0]
[5, 7, 1]
[5, 7, 2]
[5, 7, 4]
[5, 7, 3]
[5, 7, 6]
[5, 7, 0, 1]
[5, 7, 0, 2]
[5, 7, 0, 4]
0.5454545454545454 0.6
itercount --------> 10
[0, 1, 2]
[0, 1, 5]
[0, 1, 7]
[0, 1, 3]
[0, 1, 4]
[0, 1, 6]
[0, 1, 2, 5]
[0, 1, 2, 7]
[0, 1, 2, 3]
[0, 1, 2, 4]
[0, 1, 2, 6]
0.6 0.6666666666666666
itercount --------> 11
[0, 1, 2]
[0, 1, 5]
[0, 1, 7]
[0, 1, 3]
[0, 1, 4]
[0, 1, 6]
[0, 1, 2, 5]
[0, 1, 2, 7]
[0, 1, 2, 3]
[0, 1, 2, 4]
[0, 1, 2, 6]
[0, 1, 2, 5, 7]
[0, 1, 2, 5, 3]
[0, 1, 2, 5, 4]
[0, 1, 2, 5, 6]
[0, 1, 2, 5, 7, 3]
[0, 1, 2, 5, 7, 4]
[0, 1, 2, 5, 7, 6]
[0, 1, 2, 5, 7, 3, 4]
[0, 1, 2, 5, 7, 3, 6]
[0, 1, 2, 5, 7, 3, 4, 6]
failed -> 8 times
after fail n ======> 7
[0, 1, 2, 5, 4, 7, 6]
0.061224489795918366 0.11627906976744186
itercount --------> 1
[2, 0, 1]
0.11627906976744186 0.21739130434782608
itercount --------> 2
[0, 1, 2]
[0, 1, 5]
[0, 1, 4]
0.21739130434782608 0.24
itercount --------> 3
[1, 0, 2]
0.24 0.2727272727272727
itercount --------> 4
[0, 1, 2]
[0, 1, 7]
0.2727272727272727 0.3076923076923077
itercount --------> 5
[7, 6, 0]
[7, 6, 1]
0.3076923076923077 0.3333333333333333
itercount --------> 6
[1, 7, 5]
0.3333333333333333 0.4166666666666667
itercount --------> 7
[5, 7, 4]
[5, 7, 0]
0.4166666666666667 0.45454545454545453
itercount --------> 8
[5, 7, 4]
0.45454545454545453 0.5
itercount --------> 9
[5, 0, 1]
[5, 0, 2]
[5, 0, 7]
[5, 0, 3]
0.5 0.5454545454545454
itercount --------> 10
[1, 5, 0]
0.5454545454545454 0.5833333333333334
itercount --------> 11
[1, 5, 0]
[1, 5, 2]
0.5833333333333334 0.6
itercount --------> 12
[0, 1, 2]
[0, 1, 5]
[0, 1, 7]
[0, 1, 3]
[0, 1, 4]
[0, 1, 6]
[0, 1, 2, 5]
[0, 1, 2, 7]
[0, 1, 2, 3]
[0, 1, 2, 4]
[0, 1, 2, 6]
0.6 0.6666666666666666
itercount --------> 13
[0, 1, 2]
[0, 1, 5]
[0, 1, 7]
[0, 1, 3]
[0, 1, 4]
[0, 1, 6]
[0, 1, 2, 5]
[0, 1, 2, 7]
[0, 1, 2, 3]
[0, 1, 2, 4]
[0, 1, 2, 6]
[0, 1, 2, 5, 7]
[0, 1, 2, 5, 3]
[0, 1, 2, 5, 4]
[0, 1, 2, 5, 6]
[0, 1, 2, 5, 7, 3]
[0, 1, 2, 5, 7, 4]
[0, 1, 2, 5, 7, 6]
[0, 1, 2, 5, 7, 3, 4]
[0, 1, 2, 5, 7, 3, 6]
[0, 1, 2, 5, 7, 3, 4, 6]
failed -> 9 times
after fail n ======> 8
[0, 1, 2, 5, 4, 7, 6, 3]
0.061224489795918366 0.09090909090909091
itercount --------> 1
[0, 1, 2]
0.09090909090909091 0.16666666666666666
itercount --------> 2
[0, 1, 2]
0.16666666666666666 0.25
itercount --------> 3
[0, 1, 2]
0.25 0.2857142857142857
itercount --------> 4
[0, 1, 2]
[0, 1, 5]
[0, 1, 4]
0.2857142857142857 0.38461538461538464
itercount --------> 5
[5, 0, 1]
[5, 0, 2]
[5, 0, 7]
0.38461538461538464 0.46153846153846156
itercount --------> 6
[4, 5, 6]
[4, 5, 7]
[4, 5, 0]
[4, 5, 1]
[4, 5, 2]
[4, 5, 3]
[4, 5, 6, 7]
[4, 5, 6, 0]
[4, 5, 6, 1]
[4, 5, 6, 2]
[4, 5, 6, 3]
[4, 5, 6, 7, 0]
[4, 5, 6, 7, 1]
[4, 5, 6, 7, 2]
[4, 5, 6, 7, 3]
0.46153846153846156 0.5333333333333333
itercount --------> 7
[0, 1, 2]
[0, 1, 5]
[0, 1, 7]
[0, 1, 4]
[0, 1, 3]
[0, 1, 6]
[0, 1, 2, 5]
[0, 1, 2, 7]
[0, 1, 2, 4]
[0, 1, 2, 3]
0.5333333333333333 0.5714285714285714
itercount --------> 8
[5, 0, 1]
[5, 0, 2]
[5, 0, 7]
[5, 0, 4]
[5, 0, 3]
[5, 0, 6]
[5, 0, 1, 2]
[5, 0, 1, 7]
[5, 0, 1, 4]
[5, 0, 1, 3]
[5, 0, 1, 6]
[5, 0, 1, 2, 7]
[5, 0, 1, 2, 4]
[5, 0, 1, 2, 3]
[5, 0, 1, 2, 6]
[5, 0, 1, 2, 7, 4]
[5, 0, 1, 2, 7, 3]
[5, 0, 1, 2, 7, 6]
0.5714285714285714 0.6153846153846154
itercount --------> 9
[0, 1, 2]
[0, 1, 7]
[0, 1, 4]
[0, 1, 5]
[0, 1, 3]
[0, 1, 6]
[0, 1, 2, 7]
[0, 1, 2, 4]
[0, 1, 2, 5]
[0, 1, 2, 3]
[0, 1, 2, 6]
[0, 1, 2, 7, 4]
[0, 1, 2, 7, 5]
[0, 1, 2, 7, 3]
[0, 1, 2, 7, 6]
[0, 1, 2, 7, 4, 5]
[0, 1, 2, 7, 4, 3]
[0, 1, 2, 7, 4, 6]
[0, 1, 2, 7, 4, 5, 3]
[0, 1, 2, 7, 4, 5, 6]
[0, 1, 2, 7, 4, 5, 3, 6]
failed -> 10 times
after fail n ======> 5
[0, 1, 2, 5, 4]
0.061224489795918366 0.12
itercount --------> 1
[1, 0, 2]
[1, 0, 5]
0.12 0.3333333333333333
itercount --------> 2
[0, 1, 2]
[0, 1, 5]
[0, 1, 4]
[0, 1, 7]
[0, 1, 6]
[0, 1, 3]
0.3333333333333333 0.35294117647058826
itercount --------> 3
[0, 1, 2]
0.35294117647058826 0.4
itercount --------> 4
[0, 1, 2]
[0, 1, 5]
[0, 1, 4]
0.4 0.42857142857142855
itercount --------> 5
[0, 1, 2]
0.42857142857142855 0.46153846153846156
itercount --------> 6
[0, 1, 2]
[0, 1, 5]
[0, 1, 7]
[0, 1, 4]
[0, 1, 6]
[0, 1, 3]
[0, 1, 2, 5]
[0, 1, 2, 7]
[0, 1, 2, 4]
[0, 1, 2, 6]
0.46153846153846156 0.5454545454545454
itercount --------> 7
[0, 1, 2]
[0, 1, 5]
[0, 1, 7]
[0, 1, 4]
[0, 1, 3]
[0, 1, 6]
[0, 1, 2, 5]
[0, 1, 2, 7]
[0, 1, 2, 4]
[0, 1, 2, 3]
[0, 1, 2, 6]
[0, 1, 2, 5, 7]
[0, 1, 2, 5, 4]
[0, 1, 2, 5, 3]
[0, 1, 2, 5, 6]
[0, 1, 2, 5, 7, 4]
[0, 1, 2, 5, 7, 3]
[0, 1, 2, 5, 7, 6]
[0, 1, 2, 5, 7, 4, 3]
[0, 1, 2, 5, 7, 4, 6]
[0, 1, 2, 5, 7, 4, 3, 6]
failed -> 11 times
after fail n ======> 6
[0, 1, 2, 5, 4, 7]
0.061224489795918366 0.07692307692307693
itercount --------> 1
[0, 1, 2]
[0, 1, 5]
0.07692307692307693 0.17647058823529413
itercount --------> 2
[2, 5, 7]
0.17647058823529413 0.2727272727272727
itercount --------> 3
[0, 1, 2]
[0, 1, 5]
[0, 1, 7]
[0, 1, 4]
[0, 1, 3]
0.2727272727272727 0.36363636363636365
itercount --------> 4
[0, 1, 2]
[0, 1, 5]
[0, 1, 7]
[0, 1, 4]
[0, 1, 3]
[0, 1, 6]
0.36363636363636365 0.4
itercount --------> 5
[0, 1, 2]
[0, 1, 5]
[0, 1, 7]
[0, 1, 4]
[0, 1, 3]
[0, 1, 6]
[0, 1, 2, 5]
0.4 0.46153846153846156
itercount --------> 6
[0, 2, 5]
[0, 2, 7]
[0, 2, 1]
[0, 2, 4]
[0, 2, 6]
[0, 2, 3]
[0, 2, 5, 7]
[0, 2, 5, 1]
[0, 2, 5, 4]
[0, 2, 5, 6]
[0, 2, 5, 3]
[0, 2, 5, 7, 1]
0.46153846153846156 0.5
itercount --------> 7
[5, 7, 0]
[5, 7, 1]
[5, 7, 2]
[5, 7, 4]
[5, 7, 6]
[5, 7, 3]
[5, 7, 0, 1]
[5, 7, 0, 2]
[5, 7, 0, 4]
0.5 0.5454545454545454
itercount --------> 8
[7, 0, 5]
[7, 0, 6]
[7, 0, 1]
[7, 0, 2]
0.5454545454545454 0.6
itercount --------> 9
[7, 5, 0]
[7, 5, 1]
[7, 5, 2]
[7, 5, 6]
[7, 5, 3]
[7, 5, 4]
[7, 5, 0, 1]
[7, 5, 0, 2]
[7, 5, 0, 6]
[7, 5, 0, 3]
[7, 5, 0, 4]
[7, 5, 0, 1, 2]
[7, 5, 0, 1, 6]
[7, 5, 0, 1, 3]
[7, 5, 0, 1, 4]
[7, 5, 0, 1, 2, 6]
0.6 0.6666666666666666
itercount --------> 10
[0, 1, 2]
[0, 1, 5]
[0, 1, 7]
[0, 1, 6]
[0, 1, 3]
[0, 1, 4]
[0, 1, 2, 5]
[0, 1, 2, 7]
[0, 1, 2, 6]
[0, 1, 2, 3]
[0, 1, 2, 4]
[0, 1, 2, 5, 7]
[0, 1, 2, 5, 6]
[0, 1, 2, 5, 3]
[0, 1, 2, 5, 4]
[0, 1, 2, 5, 7, 6]
[0, 1, 2, 5, 7, 3]
[0, 1, 2, 5, 7, 4]
[0, 1, 2, 5, 7, 6, 3]
[0, 1, 2, 5, 7, 6, 4]
[0, 1, 2, 5, 7, 6, 3, 4]
failed -> 12 times
after fail n ======> 7
[0, 1, 2, 5, 4, 7, 6]
0.061224489795918366 0.07692307692307693
itercount --------> 1
[0, 1, 2]
0.07692307692307693 0.25
itercount --------> 2
[7, 6, 4]
0.25 0.3
itercount --------> 3
[4, 6, 7]
0.3 0.3333333333333333
itercount --------> 4
[4, 5, 6]
[4, 5, 3]
[4, 5, 0]
0.3333333333333333 0.36363636363636365
itercount --------> 5
[4, 5, 0]
0.36363636363636365 0.4
itercount --------> 6
[4, 5, 3]
0.4 0.5833333333333334
itercount --------> 7
[4, 7, 5]
[4, 7, 0]
[4, 7, 1]
[4, 7, 2]
[4, 7, 3]
[4, 7, 6]
[4, 7, 5, 0]
0.5833333333333334 0.6
itercount --------> 8
[0, 1, 2]
[0, 1, 5]
[0, 1, 7]
[0, 1, 4]
[0, 1, 3]
[0, 1, 6]
[0, 1, 2, 5]
[0, 1, 2, 7]
[0, 1, 2, 4]
[0, 1, 2, 3]
[0, 1, 2, 6]
[0, 1, 2, 5, 7]
[0, 1, 2, 5, 4]
[0, 1, 2, 5, 3]
[0, 1, 2, 5, 6]
[0, 1, 2, 5, 7, 4]
[0, 1, 2, 5, 7, 3]
[0, 1, 2, 5, 7, 6]
[0, 1, 2, 5, 7, 4, 3]
[0, 1, 2, 5, 7, 4, 6]
[0, 1, 2, 5, 7, 4, 3, 6]
failed -> 13 times
after fail n ======> 8
[0, 1, 2, 5, 4, 7, 6, 3]
0.061224489795918366 0.07692307692307693
itercount --------> 1
[1, 0, 2]
0.07692307692307693 0.14285714285714285
itercount --------> 2
[0, 1, 2]
0.14285714285714285 0.25
itercount --------> 3
[0, 1, 2]
[0, 1, 5]
0.25 0.2727272727272727
itercount --------> 4
[0, 1, 2]
[0, 1, 5]
[0, 1, 7]
[0, 1, 4]
[0, 1, 3]
[0, 1, 6]
[0, 1, 2, 5]
[0, 1, 2, 7]
[0, 1, 2, 4]
[0, 1, 2, 3]
0.2727272727272727 0.3333333333333333
itercount --------> 5
[0, 5, 1]
0.3333333333333333 0.36363636363636365
itercount --------> 6
[0, 1, 2]
[0, 1, 5]
[0, 1, 7]
0.36363636363636365 0.4
itercount --------> 7
[0, 1, 2]
[0, 1, 5]
[0, 1, 4]
0.4 0.42857142857142855
itercount --------> 8
[0, 1, 2]
[0, 1, 5]
[0, 1, 4]
[0, 1, 7]
[0, 1, 3]
[0, 1, 6]
0.42857142857142855 0.5
itercount --------> 9
[0, 5, 1]
[0, 5, 2]
0.5 0.5454545454545454
itercount --------> 10
[0, 1, 2]
[0, 1, 5]
[0, 1, 7]
[0, 1, 4]
[0, 1, 3]
[0, 1, 6]
[0, 1, 2, 5]
[0, 1, 2, 7]
[0, 1, 2, 4]
[0, 1, 2, 3]
[0, 1, 2, 6]
[0, 1, 2, 5, 7]
[0, 1, 2, 5, 4]
[0, 1, 2, 5, 3]
[0, 1, 2, 5, 6]
[0, 1, 2, 5, 7, 4]
[0, 1, 2, 5, 7, 3]
[0, 1, 2, 5, 7, 6]
[0, 1, 2, 5, 7, 4, 3]
[0, 1, 2, 5, 7, 4, 6]
[0, 1, 2, 5, 7, 4, 3, 6]
failed -> 14 times
after fail n ======> 5
[0, 1, 2, 5, 4]
0.061224489795918366 0.09803921568627451
itercount --------> 1
[2, 1, 0]
0.09803921568627451 0.16129032258064516
itercount --------> 2
[2, 0, 1]
[2, 0, 5]
0.16129032258064516 0.2222222222222222
itercount --------> 3
[2, 0, 1]
0.2222222222222222 0.2857142857142857
itercount --------> 4
[0, 1, 2]
[0, 1, 5]
[0, 1, 4]
0.2857142857142857 0.3125
itercount --------> 5
[1, 2, 5]
0.3125 0.38461538461538464
itercount --------> 6
[5, 0, 1]
[5, 0, 2]
[5, 0, 7]
[5, 0, 4]
[5, 0, 6]
[5, 0, 3]
0.38461538461538464 0.42857142857142855
itercount --------> 7
[1, 2, 0]
[1, 2, 5]
0.42857142857142855 0.4375
itercount --------> 8
[1, 2, 0]
[1, 2, 5]
[1, 2, 4]
[1, 2, 7]
[1, 2, 3]
[1, 2, 6]
[1, 2, 0, 5]
0.4375 0.5384615384615384
itercount --------> 9
[0, 1, 2]
[0, 1, 5]
[0, 1, 7]
0.5384615384615384 0.6363636363636364
itercount --------> 10
[5, 0, 1]
[5, 0, 2]
[5, 0, 7]
[5, 0, 4]
[5, 0, 3]
[5, 0, 6]
[5, 0, 1, 2]
[5, 0, 1, 7]
[5, 0, 1, 4]
[5, 0, 1, 3]
[5, 0, 1, 6]
[5, 0, 1, 2, 7]
[5, 0, 1, 2, 4]
[5, 0, 1, 2, 3]
[5, 0, 1, 2, 6]
[5, 0, 1, 2, 7, 4]
[5, 0, 1, 2, 7, 3]
[5, 0, 1, 2, 7, 6]
[5, 0, 1, 2, 7, 4, 3]
[5, 0, 1, 2, 7, 4, 6]
[5, 0, 1, 2, 7, 4, 3, 6]
0.6363636363636364 0.7
itercount --------> 11
[5, 7, 0]
[5, 7, 1]
[5, 7, 2]
[5, 7, 4]
[5, 7, 3]
[5, 7, 6]
[5, 7, 0, 1]
[5, 7, 0, 2]
[5, 7, 0, 4]
[5, 7, 0, 3]
[5, 7, 0, 6]
[5, 7, 0, 1, 2]
[5, 7, 0, 1, 4]
[5, 7, 0, 1, 3]
[5, 7, 0, 1, 6]
[5, 7, 0, 1, 2, 4]
[5, 7, 0, 1, 2, 3]
[5, 7, 0, 1, 2, 6]
[5, 7, 0, 1, 2, 4, 3]
[5, 7, 0, 1, 2, 4, 6]
[5, 7, 0, 1, 2, 4, 3, 6]
failed -> 15 times
after fail n ======> 6
[0, 1, 2, 5, 4, 7]
0.061224489795918366 0.09090909090909091
itercount --------> 1
[0, 1, 2]
0.09090909090909091 0.2857142857142857
itercount --------> 2
[7, 6, 0]
0.2857142857142857 0.35714285714285715
itercount --------> 3
[6, 4, 5]
0.35714285714285715 0.4
itercount --------> 4
[4, 6, 3]
[4, 6, 5]
[4, 6, 0]
[4, 6, 1]
[4, 6, 2]
[4, 6, 7]
[4, 6, 3, 5]
[4, 6, 3, 0]
[4, 6, 3, 1]
[4, 6, 3, 2]
[4, 6, 3, 7]
0.4 0.42857142857142855
itercount --------> 5
[0, 1, 2]
[0, 1, 4]
[0, 1, 6]
[0, 1, 7]
[0, 1, 3]
[0, 1, 5]
[0, 1, 2, 4]
0.42857142857142855 0.5
itercount --------> 6
[0, 1, 2]
[0, 1, 7]
[0, 1, 3]
[0, 1, 4]
[0, 1, 5]
[0, 1, 6]
[0, 1, 2, 7]
[0, 1, 2, 3]
0.5 0.5454545454545454
itercount --------> 7
[0, 2, 1]
[0, 2, 4]
[0, 2, 7]
[0, 2, 3]
[0, 2, 5]
[0, 2, 6]
[0, 2, 1, 4]
0.5454545454545454 0.6
itercount --------> 8
[0, 1, 2]
[0, 1, 4]
[0, 1, 5]
[0, 1, 7]
[0, 1, 6]
[0, 1, 3]
[0, 1, 2, 4]
[0, 1, 2, 5]
[0, 1, 2, 7]
[0, 1, 2, 6]
[0, 1, 2, 3]
[0, 1, 2, 4, 5]
[0, 1, 2, 4, 7]
[0, 1, 2, 4, 6]
[0, 1, 2, 4, 3]
[0, 1, 2, 4, 5, 7]
[0, 1, 2, 4, 5, 6]
[0, 1, 2, 4, 5, 3]
[0, 1, 2, 4, 5, 7, 6]
[0, 1, 2, 4, 5, 7, 3]
[0, 1, 2, 4, 5, 7, 6, 3]
failed -> 16 times
after fail n ======> 7
[0, 1, 2, 5, 4, 7, 6]
0.061224489795918366 0.06666666666666667
itercount --------> 1
[0, 1, 2]
[0, 1, 5]
0.06666666666666667 0.07692307692307693
itercount --------> 2
[1, 2, 0]
0.07692307692307693 0.125
itercount --------> 3
[1, 0, 2]
0.125 0.16666666666666666
itercount --------> 4
[0, 1, 2]
[0, 1, 4]
0.16666666666666666 0.2
itercount --------> 5
[4, 7, 5]
[4, 7, 0]
0.2 0.23076923076923078
itercount --------> 6
[4, 0, 1]
[4, 0, 2]
[4, 0, 5]
0.23076923076923078 0.25
itercount --------> 7
[3, 4, 0]
[3, 4, 1]
0.25 0.3333333333333333
itercount --------> 8
[0, 1, 2]
[0, 1, 7]
0.3333333333333333 0.36363636363636365
itercount --------> 9
[0, 1, 2]
[0, 1, 7]
[0, 1, 5]
[0, 1, 6]
0.36363636363636365 0.4166666666666667
itercount --------> 10
[5, 7, 6]
0.4166666666666667 0.45454545454545453
itercount --------> 11
[7, 4, 6]
0.45454545454545453 0.5
itercount --------> 12
[0, 1, 2]
[0, 1, 7]
[0, 1, 5]
[0, 1, 6]
0.5 0.5454545454545454
itercount --------> 13
[0, 1, 2]
[0, 1, 7]
[0, 1, 5]
[0, 1, 4]
[0, 1, 6]
[0, 1, 3]
[0, 1, 2, 7]
[0, 1, 2, 5]
[0, 1, 2, 4]
[0, 1, 2, 6]
0.5454545454545454 0.5555555555555556
itercount --------> 14
[7, 5, 0]
[7, 5, 1]
[7, 5, 2]
[7, 5, 6]
0.5555555555555556 0.6
itercount --------> 15
[7, 5, 0]
[7, 5, 1]
[7, 5, 2]
[7, 5, 6]
[7, 5, 3]
[7, 5, 4]
[7, 5, 0, 1]
[7, 5, 0, 2]
[7, 5, 0, 6]
[7, 5, 0, 3]
[7, 5, 0, 4]
[7, 5, 0, 1, 2]
[7, 5, 0, 1, 6]
[7, 5, 0, 1, 3]
[7, 5, 0, 1, 4]
[7, 5, 0, 1, 2, 6]
[7, 5, 0, 1, 2, 3]
[7, 5, 0, 1, 2, 4]
[7, 5, 0, 1, 2, 6, 3]
[7, 5, 0, 1, 2, 6, 4]
[7, 5, 0, 1, 2, 6, 3, 4]
failed -> 17 times
after fail n ======> 8
[0, 1, 2, 5, 4, 7, 6, 3]
0.061224489795918366 0.07692307692307693
itercount --------> 1
[1, 0, 2]
0.07692307692307693 0.14285714285714285
itercount --------> 2
[1, 0, 2]
0.14285714285714285 0.25
itercount --------> 3
[0, 1, 2]
[0, 1, 5]
0.25 0.2727272727272727
itercount --------> 4
[0, 1, 2]
[0, 1, 5]
[0, 1, 7]
0.2727272727272727 0.3333333333333333
itercount --------> 5
[0, 1, 2]
[0, 1, 5]
[0, 1, 4]
[0, 1, 7]
[0, 1, 6]
[0, 1, 3]
[0, 1, 2, 5]
[0, 1, 2, 4]
[0, 1, 2, 7]
[0, 1, 2, 6]
[0, 1, 2, 3]
0.3333333333333333 0.375
itercount --------> 6
[1, 0, 2]
[1, 0, 5]
0.375 0.4
itercount --------> 7
[0, 1, 2]
[0, 1, 5]
[0, 1, 4]
[0, 1, 7]
0.4 0.42857142857142855
itercount --------> 8
[0, 1, 2]
0.42857142857142855 0.46153846153846156
itercount --------> 9
[0, 1, 2]
[0, 1, 5]
[0, 1, 7]
[0, 1, 4]
[0, 1, 3]
[0, 1, 6]
[0, 1, 2, 5]
[0, 1, 2, 7]
[0, 1, 2, 4]
[0, 1, 2, 3]
[0, 1, 2, 6]
[0, 1, 2, 5, 7]
[0, 1, 2, 5, 4]
[0, 1, 2, 5, 3]
[0, 1, 2, 5, 6]
[0, 1, 2, 5, 7, 4]
[0, 1, 2, 5, 7, 3]
[0, 1, 2, 5, 7, 6]
[0, 1, 2, 5, 7, 4, 3]
[0, 1, 2, 5, 7, 4, 6]
0.46153846153846156 0.5
itercount --------> 10
[0, 1, 2]
[0, 1, 5]
[0, 1, 7]
[0, 1, 4]
[0, 1, 3]
[0, 1, 6]
[0, 1, 2, 5]
[0, 1, 2, 7]
[0, 1, 2, 4]
[0, 1, 2, 3]
[0, 1, 2, 6]
[0, 1, 2, 5, 7]
[0, 1, 2, 5, 4]
[0, 1, 2, 5, 3]
[0, 1, 2, 5, 6]
[0, 1, 2, 5, 7, 4]
[0, 1, 2, 5, 7, 3]
[0, 1, 2, 5, 7, 6]
[0, 1, 2, 5, 7, 4, 3]
[0, 1, 2, 5, 7, 4, 6]
[0, 1, 2, 5, 7, 4, 3, 6]
failed -> 18 times
after fail n ======> 5
[0, 1, 2, 5, 4]
0.061224489795918366 0.11627906976744186
itercount --------> 1
[1, 0, 2]
0.11627906976744186 0.21739130434782608
itercount --------> 2
[0, 1, 2]
[0, 1, 5]
0.21739130434782608 0.2857142857142857
itercount --------> 3
[4, 5, 0]
0.2857142857142857 0.3125
itercount --------> 4
[0, 1, 2]
[0, 1, 5]
[0, 1, 4]
[0, 1, 7]
[0, 1, 3]
0.3125 0.35294117647058826
itercount --------> 5
[1, 0, 2]
0.35294117647058826 0.375
itercount --------> 6
[0, 1, 2]
[0, 1, 5]
0.375 0.42857142857142855
itercount --------> 7
[0, 1, 2]
[0, 1, 5]
[0, 1, 4]
[0, 1, 7]
0.42857142857142855 0.5
itercount --------> 8
[0, 1, 2]
[0, 1, 5]
[0, 1, 7]
[0, 1, 4]
[0, 1, 3]
[0, 1, 6]
[0, 1, 2, 5]
[0, 1, 2, 7]
0.5 0.5454545454545454
itercount --------> 9
[5, 7, 0]
[5, 7, 1]
[5, 7, 2]
[5, 7, 4]
[5, 7, 3]
[5, 7, 6]
[5, 7, 0, 1]
[5, 7, 0, 2]
[5, 7, 0, 4]
[5, 7, 0, 3]
[5, 7, 0, 6]
[5, 7, 0, 1, 2]
[5, 7, 0, 1, 4]
[5, 7, 0, 1, 3]
[5, 7, 0, 1, 6]
0.5454545454545454 0.6
itercount --------> 10
[5, 7, 4]
[5, 7, 0]
[5, 7, 1]
[5, 7, 2]
[5, 7, 3]
[5, 7, 6]
[5, 7, 4, 0]
[5, 7, 4, 1]
[5, 7, 4, 2]
[5, 7, 4, 3]
[5, 7, 4, 6]
[5, 7, 4, 0, 1]
[5, 7, 4, 0, 2]
[5, 7, 4, 0, 3]
[5, 7, 4, 0, 6]
[5, 7, 4, 0, 1, 2]
[5, 7, 4, 0, 1, 3]
[5, 7, 4, 0, 1, 6]
[5, 7, 4, 0, 1, 2, 3]
[5, 7, 4, 0, 1, 2, 6]
[5, 7, 4, 0, 1, 2, 3, 6]
failed -> 19 times
after fail n ======> 6
[0, 1, 2, 5, 4, 7]
0.061224489795918366 0.07692307692307693
itercount --------> 1
[0, 1, 2]
0.07692307692307693 0.14285714285714285
itercount --------> 2
[0, 1, 2]
0.14285714285714285 0.25
itercount --------> 3
[0, 1, 2]
[0, 1, 5]
[0, 1, 7]
[0, 1, 4]
[0, 1, 6]
[0, 1, 3]
0.25 0.375
itercount --------> 4
[0, 1, 2]
[0, 1, 5]
[0, 1, 7]
[0, 1, 4]
0.375 0.42857142857142855
itercount --------> 5
[5, 0, 1]
[5, 0, 2]
0.42857142857142855 0.46153846153846156
itercount --------> 6
[5, 7, 1]
0.46153846153846156 0.5
itercount --------> 7
[5, 7, 0]
[5, 7, 1]
[5, 7, 2]
[5, 7, 4]
0.5 0.5454545454545454
itercount --------> 8
[5, 7, 0]
[5, 7, 1]
[5, 7, 2]
[5, 7, 6]
0.5454545454545454 0.5555555555555556
itercount --------> 9
[7, 5, 0]
[7, 5, 1]
[7, 5, 2]
[7, 5, 6]
0.5555555555555556 0.6
itercount --------> 10
[4, 7, 0]
0.6 0.6153846153846154
itercount --------> 11
[0, 1, 2]
[0, 1, 4]
[0, 1, 7]
[0, 1, 5]
[0, 1, 6]
[0, 1, 3]
[0, 1, 2, 4]
[0, 1, 2, 7]
[0, 1, 2, 5]
[0, 1, 2, 6]
[0, 1, 2, 3]
[0, 1, 2, 4, 7]
0.6153846153846154 0.6666666666666666
itercount --------> 12
[0, 1, 2]
[0, 1, 5]
[0, 1, 7]
[0, 1, 6]
[0, 1, 3]
[0, 1, 4]
[0, 1, 2, 5]
[0, 1, 2, 7]
[0, 1, 2, 6]
[0, 1, 2, 3]
[0, 1, 2, 4]
[0, 1, 2, 5, 7]
[0, 1, 2, 5, 6]
[0, 1, 2, 5, 3]
[0, 1, 2, 5, 4]
[0, 1, 2, 5, 7, 6]
[0, 1, 2, 5, 7, 3]
[0, 1, 2, 5, 7, 4]
[0, 1, 2, 5, 7, 6, 3]
[0, 1, 2, 5, 7, 6, 4]
[0, 1, 2, 5, 7, 6, 3, 4]
failed -> 20 times
after fail n ======> 7
[0, 1, 2, 5, 4, 7, 6]
0.061224489795918366 0.07692307692307693
itercount --------> 1
[1, 2, 0]
0.07692307692307693 0.125
itercount --------> 2
[1, 0, 2]
0.125 0.14285714285714285
itercount --------> 3
[1, 0, 2]
0.14285714285714285 0.16666666666666666
itercount --------> 4
[0, 1, 2]
[0, 1, 4]
[0, 1, 7]
0.16666666666666666 0.17647058823529413
itercount --------> 5
[0, 1, 2]
[0, 1, 4]
[0, 1, 5]
[0, 1, 7]
0.17647058823529413 0.2
itercount --------> 6
[0, 1, 2]
[0, 1, 4]
[0, 1, 7]
[0, 1, 5]
[0, 1, 3]
0.2 0.3333333333333333
itercount --------> 7
[0, 1, 2]
[0, 1, 5]
[0, 1, 7]
[0, 1, 4]
0.3333333333333333 0.38461538461538464
itercount --------> 8
[0, 1, 2]
[0, 1, 5]
[0, 1, 7]
[0, 1, 4]
[0, 1, 6]
0.38461538461538464 0.42857142857142855
itercount --------> 9
[0, 5, 7]
0.42857142857142855 0.4444444444444444
itercount --------> 10
[0, 1, 2]
[0, 1, 5]
0.4444444444444444 0.46153846153846156
itercount --------> 11
[5, 7, 0]
[5, 7, 1]
0.46153846153846156 0.5
itercount --------> 12
[5, 7, 0]
[5, 7, 4]
[5, 7, 6]
[5, 7, 1]
[5, 7, 2]
[5, 7, 3]
[5, 7, 0, 4]
[5, 7, 0, 6]
[5, 7, 0, 1]
[5, 7, 0, 2]
[5, 7, 0, 3]
[5, 7, 0, 4, 6]
[5, 7, 0, 4, 1]
[5, 7, 0, 4, 2]
[5, 7, 0, 4, 3]
[5, 7, 0, 4, 6, 1]
0.5 0.5454545454545454
itercount --------> 13
[7, 0, 5]
[7, 0, 6]
[7, 0, 1]
[7, 0, 2]
[7, 0, 4]
[7, 0, 3]
[7, 0, 5, 6]
[7, 0, 5, 1]
[7, 0, 5, 2]
[7, 0, 5, 4]
[7, 0, 5, 3]
[7, 0, 5, 6, 1]
[7, 0, 5, 6, 2]
0.5454545454545454 0.5555555555555556
itercount --------> 14
[0, 1, 2]
[0, 1, 5]
[0, 1, 6]
0.5555555555555556 0.6
itercount --------> 15
[7, 5, 0]
[7, 5, 1]
[7, 5, 2]
[7, 5, 6]
[7, 5, 3]
[7, 5, 4]
[7, 5, 0, 1]
[7, 5, 0, 2]
[7, 5, 0, 6]
[7, 5, 0, 3]
[7, 5, 0, 4]
[7, 5, 0, 1, 2]
[7, 5, 0, 1, 6]
0.6 0.6666666666666666
itercount --------> 16
[0, 1, 2]
[0, 1, 5]
[0, 1, 7]
[0, 1, 6]
[0, 1, 3]
[0, 1, 4]
[0, 1, 2, 5]
[0, 1, 2, 7]
[0, 1, 2, 6]
[0, 1, 2, 3]
[0, 1, 2, 4]
[0, 1, 2, 5, 7]
[0, 1, 2, 5, 6]
[0, 1, 2, 5, 3]
[0, 1, 2, 5, 4]
[0, 1, 2, 5, 7, 6]
[0, 1, 2, 5, 7, 3]
[0, 1, 2, 5, 7, 4]
[0, 1, 2, 5, 7, 6, 3]
[0, 1, 2, 5, 7, 6, 4]
[0, 1, 2, 5, 7, 6, 3, 4]
failed -> 21 times
after fail n ======> 8
[0, 1, 2, 5, 4, 7, 6, 3]
0.061224489795918366 0.09803921568627451
itercount --------> 1
[1, 0, 2]
0.09803921568627451 0.18518518518518517
itercount --------> 2
[0, 1, 2]
[0, 1, 5]
[0, 1, 4]
[0, 1, 7]
[0, 1, 6]
[0, 1, 3]
[0, 1, 2, 5]
0.18518518518518517 0.3333333333333333
itercount --------> 3
[0, 1, 2]
[0, 1, 5]
[0, 1, 4]
[0, 1, 7]
[0, 1, 6]
[0, 1, 3]
0.3333333333333333 0.35294117647058826
itercount --------> 4
[0, 1, 2]
0.35294117647058826 0.375
itercount --------> 5
[0, 1, 2]
0.375 0.4
itercount --------> 6
[0, 1, 2]
[0, 1, 5]
[0, 1, 4]
[0, 1, 7]
[0, 1, 6]
0.4 0.46153846153846156
itercount --------> 7
[0, 1, 2]
[0, 1, 5]
[0, 1, 4]
0.46153846153846156 0.5
itercount --------> 8
[0, 5, 1]
[0, 5, 2]
0.5 0.5454545454545454
itercount --------> 9
[0, 1, 2]
[0, 1, 5]
[0, 1, 7]
[0, 1, 4]
[0, 1, 3]
[0, 1, 6]
[0, 1, 2, 5]
[0, 1, 2, 7]
[0, 1, 2, 4]
[0, 1, 2, 3]
[0, 1, 2, 6]
[0, 1, 2, 5, 7]
[0, 1, 2, 5, 4]
[0, 1, 2, 5, 3]
[0, 1, 2, 5, 6]
[0, 1, 2, 5, 7, 4]
[0, 1, 2, 5, 7, 3]
[0, 1, 2, 5, 7, 6]
[0, 1, 2, 5, 7, 4, 3]
[0, 1, 2, 5, 7, 4, 6]
[0, 1, 2, 5, 7, 4, 3, 6]
failed -> 22 times
after fail n ======> 5
[0, 1, 2, 5, 4]
0.061224489795918366 0.12
itercount --------> 1
[0, 1, 2]
0.12 0.23076923076923078
itercount --------> 2
[0, 1, 2]
[0, 1, 5]
0.23076923076923078 0.3333333333333333
itercount --------> 3
[0, 1, 2]
[0, 1, 5]
[0, 1, 4]
[0, 1, 7]
[0, 1, 6]
[0, 1, 3]
0.3333333333333333 0.35294117647058826
itercount --------> 4
[0, 1, 2]
0.35294117647058826 0.375
itercount --------> 5
[0, 1, 2]
[0, 1, 5]
[0, 1, 4]
[0, 1, 7]
[0, 1, 6]
0.375 0.42857142857142855
itercount --------> 6
[0, 1, 2]
[0, 1, 5]
0.42857142857142855 0.46153846153846156
itercount --------> 7
[0, 1, 2]
[0, 1, 5]
[0, 1, 4]
[0, 1, 7]
0.46153846153846156 0.5
itercount --------> 8
[0, 1, 2]
[0, 1, 5]
[0, 1, 7]
[0, 1, 4]
[0, 1, 3]
[0, 1, 6]
[0, 1, 2, 5]
[0, 1, 2, 7]
[0, 1, 2, 4]
[0, 1, 2, 3]
[0, 1, 2, 6]
[0, 1, 2, 5, 7]
[0, 1, 2, 5, 4]
[0, 1, 2, 5, 3]
[0, 1, 2, 5, 6]
[0, 1, 2, 5, 7, 4]
0.5 0.5454545454545454
itercount --------> 9
[0, 1, 2]
[0, 1, 5]
[0, 1, 7]
[0, 1, 4]
[0, 1, 3]
[0, 1, 6]
[0, 1, 2, 5]
[0, 1, 2, 7]
[0, 1, 2, 4]
[0, 1, 2, 3]
[0, 1, 2, 6]
[0, 1, 2, 5, 7]
[0, 1, 2, 5, 4]
[0, 1, 2, 5, 3]
[0, 1, 2, 5, 6]
[0, 1, 2, 5, 7, 4]
[0, 1, 2, 5, 7, 3]
[0, 1, 2, 5, 7, 6]
[0, 1, 2, 5, 7, 4, 3]
[0, 1, 2, 5, 7, 4, 6]
[0, 1, 2, 5, 7, 4, 3, 6]
failed -> 23 times
after fail n ======> 6
[0, 1, 2, 5, 4, 7]
0.061224489795918366 0.11627906976744186
itercount --------> 1
[2, 4, 0]
0.11627906976744186 0.21739130434782608
itercount --------> 2
[4, 0, 1]
0.21739130434782608 0.23076923076923078
itercount --------> 3
[0, 1, 2]
[0, 1, 5]
[0, 1, 4]
[0, 1, 7]
0.23076923076923078 0.25
itercount --------> 4
[0, 1, 2]
[0, 1, 5]
0.25 0.2727272727272727
itercount --------> 5
[0, 1, 2]
[0, 1, 5]
[0, 1, 7]
0.2727272727272727 0.3333333333333333
itercount --------> 6
[1, 5, 4]
0.3333333333333333 0.4166666666666667
itercount --------> 7
[5, 7, 4]
0.4166666666666667 0.45454545454545453
itercount --------> 8
[5, 4, 3]
[5, 4, 0]
[5, 4, 1]
[5, 4, 2]
0.45454545454545453 0.5
itercount --------> 9
[5, 0, 1]
[5, 0, 2]
[5, 0, 7]
[5, 0, 3]
0.5 0.5454545454545454
itercount --------> 10
[1, 5, 0]
[1, 5, 2]
0.5454545454545454 0.6
itercount --------> 11
[0, 1, 2]
[0, 1, 5]
0.6 0.6153846153846154
itercount --------> 12
[0, 1, 2]
[0, 1, 4]
[0, 1, 5]
[0, 1, 3]
[0, 1, 7]
[0, 1, 6]
[0, 1, 2, 4]
[0, 1, 2, 5]
[0, 1, 2, 3]
[0, 1, 2, 7]
[0, 1, 2, 6]
[0, 1, 2, 4, 5]
[0, 1, 2, 4, 3]
[0, 1, 2, 4, 7]
[0, 1, 2, 4, 6]
[0, 1, 2, 4, 5, 3]
[0, 1, 2, 4, 5, 7]
[0, 1, 2, 4, 5, 6]
[0, 1, 2, 4, 5, 3, 7]
[0, 1, 2, 4, 5, 3, 6]
0.6153846153846154 0.6666666666666666
itercount --------> 13
[4, 0, 1]
[4, 0, 2]
[4, 0, 5]
[4, 0, 3]
[4, 0, 7]
[4, 0, 6]
[4, 0, 1, 2]
[4, 0, 1, 5]
[4, 0, 1, 3]
[4, 0, 1, 7]
[4, 0, 1, 6]
[4, 0, 1, 2, 5]
[4, 0, 1, 2, 3]
[4, 0, 1, 2, 7]
[4, 0, 1, 2, 6]
[4, 0, 1, 2, 5, 3]
[4, 0, 1, 2, 5, 7]
[4, 0, 1, 2, 5, 6]
[4, 0, 1, 2, 5, 3, 7]
[4, 0, 1, 2, 5, 3, 6]
[4, 0, 1, 2, 5, 3, 7, 6]
failed -> 24 times
after fail n ======> 7
[0, 1, 2, 5, 4, 7, 6]
0.061224489795918366 0.12
itercount --------> 1
[0, 1, 2]
0.12 0.23076923076923078
itercount --------> 2
[0, 1, 2]
[0, 1, 5]
0.23076923076923078 0.3333333333333333
itercount --------> 3
[0, 1, 2]
[0, 1, 5]
[0, 1, 4]
0.3333333333333333 0.38461538461538464
itercount --------> 4
[5, 0, 1]
[5, 0, 2]
[5, 0, 7]
0.38461538461538464 0.46153846153846156
itercount --------> 5
[4, 5, 6]
[4, 5, 7]
[4, 5, 0]
[4, 5, 1]
[4, 5, 2]
[4, 5, 3]
[4, 5, 6, 7]
[4, 5, 6, 0]
0.46153846153846156 0.5
itercount --------> 6
[4, 0, 1]
[4, 0, 2]
[4, 0, 5]
[4, 0, 7]
[4, 0, 3]
0.5 0.5384615384615384
itercount --------> 7
[0, 1, 2]
[0, 1, 7]
[0, 1, 4]
0.5384615384615384 0.5714285714285714
itercount --------> 8
[0, 1, 2]
[0, 1, 5]
[0, 1, 4]
[0, 1, 7]
[0, 1, 6]
[0, 1, 3]
[0, 1, 2, 5]
[0, 1, 2, 4]
0.5714285714285714 0.6153846153846154
itercount --------> 9
[0, 1, 2]
[0, 1, 5]
[0, 1, 4]
[0, 1, 7]
0.6153846153846154 0.6666666666666666
itercount --------> 10
[0, 1, 2]
[0, 1, 4]
[0, 1, 5]
[0, 1, 7]
[0, 1, 3]
[0, 1, 6]
[0, 1, 2, 4]
[0, 1, 2, 5]
[0, 1, 2, 7]
[0, 1, 2, 3]
[0, 1, 2, 6]
[0, 1, 2, 4, 5]
[0, 1, 2, 4, 7]
[0, 1, 2, 4, 3]
[0, 1, 2, 4, 6]
[0, 1, 2, 4, 5, 7]
[0, 1, 2, 4, 5, 3]
[0, 1, 2, 4, 5, 6]
[0, 1, 2, 4, 5, 7, 3]
[0, 1, 2, 4, 5, 7, 6]
[0, 1, 2, 4, 5, 7, 3, 6]
failed -> 25 times
after fail n ======> 8
[0, 1, 2, 5, 4, 7, 6, 3]
0.061224489795918366 0.08108108108108109
itercount --------> 1
[0, 2, 1]
0.08108108108108109 0.14285714285714285
itercount --------> 2
[0, 1, 2]
[0, 1, 7]
0.14285714285714285 0.17647058823529413
itercount --------> 3
[7, 0, 1]
[7, 0, 2]
[7, 0, 4]
0.17647058823529413 0.2
itercount --------> 4
[3, 0, 1]
0.2 0.3333333333333333
itercount --------> 5
[5, 4, 7]
[5, 4, 0]
0.3333333333333333 0.35294117647058826
itercount --------> 6
[0, 1, 2]
[0, 1, 5]
[0, 1, 7]
[0, 1, 3]
0.35294117647058826 0.3888888888888889
itercount --------> 7
[0, 1, 2]
[0, 1, 5]
[0, 1, 7]
[0, 1, 3]
[0, 1, 4]
[0, 1, 6]
[0, 1, 2, 5]
0.3888888888888889 0.4166666666666667
itercount --------> 8
[0, 1, 2]
[0, 1, 5]
0.4166666666666667 0.45454545454545453
itercount --------> 9
[0, 1, 2]
[0, 1, 5]
[0, 1, 7]
[0, 1, 3]
0.45454545454545453 0.5
itercount --------> 10
[5, 0, 1]
[5, 0, 2]
[5, 0, 7]
[5, 0, 3]
[5, 0, 4]
[5, 0, 6]
[5, 0, 1, 2]
[5, 0, 1, 7]
[5, 0, 1, 3]
[5, 0, 1, 4]
0.5 0.5454545454545454
itercount --------> 11
[1, 5, 0]
[1, 5, 2]
[1, 5, 4]
[1, 5, 3]
[1, 5, 7]
[1, 5, 6]
0.5454545454545454 0.6
itercount --------> 12
[1, 5, 0]
[1, 5, 2]
[1, 5, 4]
[1, 5, 3]
[1, 5, 7]
[1, 5, 6]
[1, 5, 0, 2]
[1, 5, 0, 4]
[1, 5, 0, 3]
[1, 5, 0, 7]
[1, 5, 0, 6]
[1, 5, 0, 2, 4]
[1, 5, 0, 2, 3]
[1, 5, 0, 2, 7]
[1, 5, 0, 2, 6]
[1, 5, 0, 2, 4, 3]
[1, 5, 0, 2, 4, 7]
[1, 5, 0, 2, 4, 6]
[1, 5, 0, 2, 4, 3, 7]
[1, 5, 0, 2, 4, 3, 6]
[1, 5, 0, 2, 4, 3, 7, 6]
failed -> 26 times
after fail n ======> 5
[0, 1, 2, 5, 4]
0.061224489795918366 0.06666666666666667
itercount --------> 1
[1, 2, 0]
0.06666666666666667 0.1111111111111111
itercount --------> 2
[1, 2, 4]
0.1111111111111111 0.1282051282051282
itercount --------> 3
[2, 0, 1]
0.1282051282051282 0.21428571428571427
itercount --------> 4
[2, 4, 5]
0.21428571428571427 0.2857142857142857
itercount --------> 5
[4, 5, 0]
[4, 5, 1]
[4, 5, 2]
0.2857142857142857 0.3125
itercount --------> 6
[4, 5, 0]
0.3125 0.3333333333333333
itercount --------> 7
[0, 1, 2]
[0, 1, 5]
[0, 1, 4]
[0, 1, 7]
[0, 1, 6]
[0, 1, 3]
0.3333333333333333 0.375
itercount --------> 8
[1, 0, 2]
0.375 0.4
itercount --------> 9
[0, 1, 2]
[0, 1, 5]
[0, 1, 4]
0.4 0.42857142857142855
itercount --------> 10
[1, 0, 2]
[1, 0, 5]
0.42857142857142855 0.46153846153846156
itercount --------> 11
[0, 1, 2]
[0, 1, 5]
[0, 1, 7]
0.46153846153846156 0.5
itercount --------> 12
[1, 5, 4]
[1, 5, 0]
[1, 5, 2]
[1, 5, 7]
[1, 5, 3]
[1, 5, 6]
0.5 0.5454545454545454
itercount --------> 13
[1, 5, 4]
[1, 5, 7]
[1, 5, 0]
[1, 5, 2]
[1, 5, 3]
[1, 5, 6]
[1, 5, 4, 7]
[1, 5, 4, 0]
0.5454545454545454 0.5555555555555556
itercount --------> 14
[0, 1, 2]
[0, 1, 5]
[0, 1, 7]
[0, 1, 4]
0.5555555555555556 0.6
itercount --------> 15
[5, 7, 4]
[5, 7, 0]
[5, 7, 1]
[5, 7, 2]
[5, 7, 3]
[5, 7, 6]
[5, 7, 4, 0]
[5, 7, 4, 1]
[5, 7, 4, 2]
[5, 7, 4, 3]
[5, 7, 4, 6]
[5, 7, 4, 0, 1]
[5, 7, 4, 0, 2]
[5, 7, 4, 0, 3]
[5, 7, 4, 0, 6]
[5, 7, 4, 0, 1, 2]
[5, 7, 4, 0, 1, 3]
[5, 7, 4, 0, 1, 6]
[5, 7, 4, 0, 1, 2, 3]
[5, 7, 4, 0, 1, 2, 6]
[5, 7, 4, 0, 1, 2, 3, 6]
failed -> 27 times
after fail n ======> 6
[0, 1, 2, 5, 4, 7]
0.061224489795918366 0.07692307692307693
itercount --------> 1
[0, 1, 2]
0.07692307692307693 0.14285714285714285
itercount --------> 2
[0, 1, 2]
0.14285714285714285 0.25
itercount --------> 3
[0, 1, 2]
[0, 1, 5]
0.25 0.2727272727272727
itercount --------> 4
[0, 1, 2]
[0, 1, 5]
[0, 1, 7]
[0, 1, 4]
[0, 1, 3]
[0, 1, 6]
[0, 1, 2, 5]
[0, 1, 2, 7]
0.2727272727272727 0.3333333333333333
itercount --------> 5
[0, 1, 2]
[0, 1, 5]
[0, 1, 4]
[0, 1, 7]
[0, 1, 6]
[0, 1, 3]
[0, 1, 2, 5]
[0, 1, 2, 4]
[0, 1, 2, 7]
[0, 1, 2, 6]
[0, 1, 2, 3]
0.3333333333333333 0.35294117647058826
itercount --------> 6
[1, 0, 2]
0.35294117647058826 0.375
itercount --------> 7
[1, 0, 2]
0.375 0.4
itercount --------> 8
[0, 1, 2]
[0, 1, 5]
[0, 1, 4]
0.4 0.46153846153846156
itercount --------> 9
[0, 1, 2]
[0, 1, 5]
[0, 1, 7]
[0, 1, 4]
[0, 1, 6]
0.46153846153846156 0.5
itercount --------> 10
[1, 5, 0]
[1, 5, 2]
0.5 0.5454545454545454
itercount --------> 11
[0, 1, 2]
[0, 1, 5]
[0, 1, 7]
[0, 1, 4]
[0, 1, 3]
[0, 1, 6]
[0, 1, 2, 5]
[0, 1, 2, 7]
0.5454545454545454 0.6
itercount --------> 12
[5, 7, 4]
0.6 0.6666666666666666
itercount --------> 13
[0, 1, 2]
[0, 1, 5]
[0, 1, 7]
[0, 1, 3]
[0, 1, 4]
[0, 1, 6]
[0, 1, 2, 5]
[0, 1, 2, 7]
[0, 1, 2, 3]
[0, 1, 2, 4]
[0, 1, 2, 6]
[0, 1, 2, 5, 7]
[0, 1, 2, 5, 3]
[0, 1, 2, 5, 4]
[0, 1, 2, 5, 6]
[0, 1, 2, 5, 7, 3]
[0, 1, 2, 5, 7, 4]
[0, 1, 2, 5, 7, 6]
[0, 1, 2, 5, 7, 3, 4]
[0, 1, 2, 5, 7, 3, 6]
[0, 1, 2, 5, 7, 3, 4, 6]
failed -> 28 times
after fail n ======> 7
[0, 1, 2, 5, 4, 7, 6]
0.061224489795918366 0.09803921568627451
itercount --------> 1
[1, 0, 2]
[1, 0, 5]
0.09803921568627451 0.18518518518518517
itercount --------> 2
[0, 1, 2]
0.18518518518518517 0.3333333333333333
itercount --------> 3
[0, 1, 2]
[0, 1, 5]
[0, 1, 4]
[0, 1, 7]
[0, 1, 6]
[0, 1, 3]
0.3333333333333333 0.35294117647058826
itercount --------> 4
[0, 1, 2]
0.35294117647058826 0.375
itercount --------> 5
[0, 1, 2]
0.375 0.4
itercount --------> 6
[0, 1, 2]
[0, 1, 5]
[0, 1, 4]
[0, 1, 7]
[0, 1, 6]
[0, 1, 3]
[0, 1, 2, 5]
[0, 1, 2, 4]
0.4 0.42857142857142855
itercount --------> 7
[0, 1, 2]
[0, 1, 5]
[0, 1, 4]
0.42857142857142855 0.46153846153846156
itercount --------> 8
[0, 1, 2]
[0, 1, 5]
[0, 1, 7]
[0, 1, 4]
[0, 1, 6]
[0, 1, 3]
[0, 1, 2, 5]
[0, 1, 2, 7]
0.46153846153846156 0.5
itercount --------> 9
[0, 5, 4]
[0, 5, 1]
[0, 5, 2]
[0, 5, 7]
[0, 5, 3]
[0, 5, 6]
0.5 0.5454545454545454
itercount --------> 10
[0, 5, 4]
[0, 5, 7]
[0, 5, 1]
[0, 5, 2]
[0, 5, 3]
[0, 5, 6]
[0, 5, 4, 7]
[0, 5, 4, 1]
[0, 5, 4, 2]
[0, 5, 4, 3]
[0, 5, 4, 6]
[0, 5, 4, 7, 1]
0.5454545454545454 0.6
itercount --------> 11
[5, 7, 4]
[5, 7, 0]
[5, 7, 1]
[5, 7, 2]
[5, 7, 3]
[5, 7, 6]
[5, 7, 4, 0]
[5, 7, 4, 1]
[5, 7, 4, 2]
[5, 7, 4, 3]
[5, 7, 4, 6]
[5, 7, 4, 0, 1]
[5, 7, 4, 0, 2]
[5, 7, 4, 0, 3]
[5, 7, 4, 0, 6]
[5, 7, 4, 0, 1, 2]
[5, 7, 4, 0, 1, 3]
[5, 7, 4, 0, 1, 6]
[5, 7, 4, 0, 1, 2, 3]
[5, 7, 4, 0, 1, 2, 6]
[5, 7, 4, 0, 1, 2, 3, 6]
failed -> 29 times
after fail n ======> 8
[0, 1, 2, 5, 4, 7, 6, 3]
0.061224489795918366 0.061946902654867256
itercount --------> 1
[0, 1, 2]
0.061946902654867256 0.2413793103448276
itercount --------> 2
[0, 1, 2]
[0, 1, 7]
[0, 1, 5]
0.2413793103448276 0.29411764705882354
itercount --------> 3
[0, 1, 2]
[0, 1, 7]
0.29411764705882354 0.35714285714285715
itercount --------> 4
[7, 5, 0]
[7, 5, 1]
0.35714285714285715 0.4666666666666667
itercount --------> 5
[7, 0, 1]
[7, 0, 2]
[7, 0, 5]
[7, 0, 4]
0.4666666666666667 0.5
itercount --------> 6
[0, 1, 2]
[0, 1, 5]
[0, 1, 7]
[0, 1, 4]
[0, 1, 3]
[0, 1, 6]
0.5 0.5384615384615384
itercount --------> 7
[0, 1, 2]
[0, 1, 7]
[0, 1, 4]
[0, 1, 5]
[0, 1, 3]
[0, 1, 6]
[0, 1, 2, 7]
[0, 1, 2, 4]
[0, 1, 2, 5]
[0, 1, 2, 3]
0.5384615384615384 0.5833333333333334
itercount --------> 8
[0, 1, 2]
[0, 1, 4]
[0, 1, 5]
[0, 1, 7]
[0, 1, 3]
[0, 1, 6]
[0, 1, 2, 4]
[0, 1, 2, 5]
[0, 1, 2, 7]
[0, 1, 2, 3]
[0, 1, 2, 6]
[0, 1, 2, 4, 5]
[0, 1, 2, 4, 7]
0.5833333333333334 0.6153846153846154
itercount --------> 9
[0, 1, 2]
[0, 1, 5]
[0, 1, 4]
[0, 1, 7]
[0, 1, 3]
[0, 1, 6]
[0, 1, 2, 5]
[0, 1, 2, 4]
[0, 1, 2, 7]
0.6153846153846154 0.6666666666666666
itercount --------> 10
[5, 0, 1]
[5, 0, 2]
[5, 0, 7]
[5, 0, 3]
[5, 0, 4]
[5, 0, 6]
[5, 0, 1, 2]
[5, 0, 1, 7]
[5, 0, 1, 3]
[5, 0, 1, 4]
[5, 0, 1, 6]
[5, 0, 1, 2, 7]
[5, 0, 1, 2, 3]
[5, 0, 1, 2, 4]
[5, 0, 1, 2, 6]
[5, 0, 1, 2, 7, 3]
[5, 0, 1, 2, 7, 4]
[5, 0, 1, 2, 7, 6]
[5, 0, 1, 2, 7, 3, 4]
[5, 0, 1, 2, 7, 3, 6]
[5, 0, 1, 2, 7, 3, 4, 6]
failed -> 30 times
after fail n ======> 5
[0, 1, 2, 5, 4]
0.061224489795918366 0.09803921568627451
itercount --------> 1
[0, 2, 1]
[0, 2, 5]
0.09803921568627451 0.14285714285714285
itercount --------> 2
[2, 0, 1]
0.14285714285714285 0.2222222222222222
itercount --------> 3
[0, 1, 2]
[0, 1, 5]
[0, 1, 4]
0.2222222222222222 0.3333333333333333
itercount --------> 4
[0, 1, 2]
[0, 1, 5]
[0, 1, 4]
[0, 1, 7]
[0, 1, 6]
[0, 1, 3]
0.3333333333333333 0.35294117647058826
itercount --------> 5
[0, 2, 1]
[0, 2, 5]
0.35294117647058826 0.375
itercount --------> 6
[0, 2, 1]
[0, 2, 5]
[0, 2, 4]
0.375 0.4
itercount --------> 7
[0, 2, 1]
0.4 0.42857142857142855
itercount --------> 8
[0, 1, 2]
[0, 1, 5]
0.42857142857142855 0.46153846153846156
itercount --------> 9
[0, 1, 2]
[0, 1, 5]
[0, 1, 7]
[0, 1, 4]
[0, 1, 6]
[0, 1, 3]
[0, 1, 2, 5]
[0, 1, 2, 7]
0.46153846153846156 0.5
itercount --------> 10
[5, 0, 1]
[5, 0, 4]
[5, 0, 7]
[5, 0, 2]
[5, 0, 3]
[5, 0, 6]
[5, 0, 1, 4]
0.5 0.5454545454545454
itercount --------> 11
[5, 7, 0]
[5, 7, 1]
[5, 7, 2]
[5, 7, 4]
[5, 7, 3]
[5, 7, 6]
[5, 7, 0, 1]
[5, 7, 0, 2]
[5, 7, 0, 4]
[5, 7, 0, 3]
[5, 7, 0, 6]
[5, 7, 0, 1, 2]
[5, 7, 0, 1, 4]
[5, 7, 0, 1, 3]
[5, 7, 0, 1, 6]
0.5454545454545454 0.6
itercount --------> 12
[5, 7, 4]
[5, 7, 0]
[5, 7, 1]
[5, 7, 2]
[5, 7, 3]
[5, 7, 6]
[5, 7, 4, 0]
[5, 7, 4, 1]
[5, 7, 4, 2]
0.6 0.6666666666666666
itercount --------> 13
[0, 1, 2]
[0, 1, 5]
[0, 1, 7]
[0, 1, 3]
[0, 1, 4]
[0, 1, 6]
[0, 1, 2, 5]
[0, 1, 2, 7]
[0, 1, 2, 3]
[0, 1, 2, 4]
[0, 1, 2, 6]
[0, 1, 2, 5, 7]
[0, 1, 2, 5, 3]
[0, 1, 2, 5, 4]
[0, 1, 2, 5, 6]
[0, 1, 2, 5, 7, 3]
[0, 1, 2, 5, 7, 4]
[0, 1, 2, 5, 7, 6]
[0, 1, 2, 5, 7, 3, 4]
[0, 1, 2, 5, 7, 3, 6]
[0, 1, 2, 5, 7, 3, 4, 6]
failed -> 31 times
after fail n ======> 6
[0, 1, 2, 5, 4, 7]
0.061224489795918366 0.09803921568627451
itercount --------> 1
[0, 1, 2]
0.09803921568627451 0.1282051282051282
itercount --------> 2
[0, 1, 2]
0.1282051282051282 0.3333333333333333
itercount --------> 3
[0, 1, 2]
[0, 1, 5]
[0, 1, 4]
[0, 1, 7]
[0, 1, 6]
[0, 1, 3]
0.3333333333333333 0.35294117647058826
itercount --------> 4
[1, 0, 2]
[1, 0, 5]
0.35294117647058826 0.375
itercount --------> 5
[0, 1, 2]
[0, 1, 5]
[0, 1, 4]
[0, 1, 7]
[0, 1, 3]
[0, 1, 6]
[0, 1, 2, 5]
[0, 1, 2, 4]
0.375 0.4
itercount --------> 6
[0, 1, 2]
[0, 1, 5]
[0, 1, 4]
0.4 0.46153846153846156
itercount --------> 7
[0, 1, 2]
[0, 1, 5]
[0, 1, 7]
0.46153846153846156 0.5
itercount --------> 8
[0, 1, 2]
[0, 1, 5]
[0, 1, 7]
[0, 1, 4]
[0, 1, 3]
[0, 1, 6]
[0, 1, 2, 5]
[0, 1, 2, 7]
[0, 1, 2, 4]
[0, 1, 2, 3]
[0, 1, 2, 6]
[0, 1, 2, 5, 7]
[0, 1, 2, 5, 4]
[0, 1, 2, 5, 3]
[0, 1, 2, 5, 6]
[0, 1, 2, 5, 7, 4]
[0, 1, 2, 5, 7, 3]
[0, 1, 2, 5, 7, 6]
0.5 0.5454545454545454
itercount --------> 9
[0, 1, 2]
[0, 1, 5]
[0, 1, 7]
[0, 1, 4]
[0, 1, 3]
[0, 1, 6]
[0, 1, 2, 5]
[0, 1, 2, 7]
[0, 1, 2, 4]
[0, 1, 2, 3]
[0, 1, 2, 6]
[0, 1, 2, 5, 7]
[0, 1, 2, 5, 4]
[0, 1, 2, 5, 3]
[0, 1, 2, 5, 6]
[0, 1, 2, 5, 7, 4]
[0, 1, 2, 5, 7, 3]
[0, 1, 2, 5, 7, 6]
[0, 1, 2, 5, 7, 4, 3]
[0, 1, 2, 5, 7, 4, 6]
[0, 1, 2, 5, 7, 4, 3, 6]
failed -> 32 times
after fail n ======> 7
[0, 1, 2, 5, 4, 7, 6]
0.061224489795918366 0.09803921568627451
itercount --------> 1
[0, 1, 2]
0.09803921568627451 0.18518518518518517
itercount --------> 2
[0, 1, 2]
0.18518518518518517 0.3333333333333333
itercount --------> 3
[5, 0, 1]
[5, 0, 2]
[5, 0, 4]
[5, 0, 3]
0.3333333333333333 0.4
itercount --------> 4
[0, 1, 2]
[0, 1, 4]
[0, 1, 5]
[0, 1, 3]
0.4 0.42857142857142855
itercount --------> 5
[0, 1, 2]
[0, 1, 4]
0.42857142857142855 0.5
itercount --------> 6
[0, 1, 2]
[0, 1, 5]
[0, 1, 4]
[0, 1, 6]
[0, 1, 7]
[0, 1, 3]
[0, 1, 2, 5]
[0, 1, 2, 4]
[0, 1, 2, 6]
0.5 0.6
itercount --------> 7
[0, 1, 2]
[0, 1, 4]
[0, 1, 5]
[0, 1, 7]
[0, 1, 3]
[0, 1, 6]
[0, 1, 2, 4]
[0, 1, 2, 5]
[0, 1, 2, 7]
[0, 1, 2, 3]
0.6 0.6363636363636364
itercount --------> 8
[0, 1, 2]
[0, 1, 4]
[0, 1, 5]
[0, 1, 3]
[0, 1, 7]
[0, 1, 6]
[0, 1, 2, 4]
[0, 1, 2, 5]
[0, 1, 2, 3]
[0, 1, 2, 7]
[0, 1, 2, 6]
[0, 1, 2, 4, 5]
[0, 1, 2, 4, 3]
[0, 1, 2, 4, 7]
[0, 1, 2, 4, 6]
[0, 1, 2, 4, 5, 3]
0.6363636363636364 0.6666666666666666
itercount --------> 9
[4, 0, 1]
[4, 0, 2]
[4, 0, 5]
[4, 0, 3]
[4, 0, 7]
[4, 0, 6]
[4, 0, 1, 2]
[4, 0, 1, 5]
[4, 0, 1, 3]
[4, 0, 1, 7]
[4, 0, 1, 6]
[4, 0, 1, 2, 5]
[4, 0, 1, 2, 3]
[4, 0, 1, 2, 7]
[4, 0, 1, 2, 6]
[4, 0, 1, 2, 5, 3]
[4, 0, 1, 2, 5, 7]
[4, 0, 1, 2, 5, 6]
[4, 0, 1, 2, 5, 3, 7]
0.6666666666666666 0.7
itercount --------> 10
[5, 7, 0]
[5, 7, 1]
[5, 7, 2]
[5, 7, 4]
[5, 7, 3]
[5, 7, 6]
[5, 7, 0, 1]
[5, 7, 0, 2]
[5, 7, 0, 4]
[5, 7, 0, 3]
[5, 7, 0, 6]
[5, 7, 0, 1, 2]
[5, 7, 0, 1, 4]
[5, 7, 0, 1, 3]
[5, 7, 0, 1, 6]
[5, 7, 0, 1, 2, 4]
[5, 7, 0, 1, 2, 3]
[5, 7, 0, 1, 2, 6]
[5, 7, 0, 1, 2, 4, 3]
[5, 7, 0, 1, 2, 4, 6]
[5, 7, 0, 1, 2, 4, 3, 6]
failed -> 33 times
after fail n ======> 8
[0, 1, 2, 5, 4, 7, 6, 3]
0.061224489795918366 0.12
itercount --------> 1
[1, 0, 2]
0.12 0.23076923076923078
itercount --------> 2
[0, 1, 2]
[0, 1, 5]
0.23076923076923078 0.3333333333333333
itercount --------> 3
[0, 1, 2]
[0, 1, 5]
[0, 1, 4]
0.3333333333333333 0.38461538461538464
itercount --------> 4
[5, 0, 1]
[5, 0, 2]
[5, 0, 7]
[5, 0, 4]
[5, 0, 6]
0.38461538461538464 0.45454545454545453
itercount --------> 5
[5, 7, 4]
[5, 7, 0]
[5, 7, 1]
[5, 7, 2]
[5, 7, 3]
0.45454545454545453 0.46153846153846156
itercount --------> 6
[0, 6, 1]
0.46153846153846156 0.5
itercount --------> 7
[6, 0, 1]
[6, 0, 2]
[6, 0, 5]
0.5 0.5454545454545454
itercount --------> 8
[0, 1, 2]
[0, 1, 5]
[0, 1, 7]
[0, 1, 4]
[0, 1, 3]
0.5454545454545454 0.6
itercount --------> 9
[5, 7, 4]
[5, 7, 0]
[5, 7, 1]
0.6 0.7
itercount --------> 10
[5, 7, 0]
[5, 7, 1]
[5, 7, 2]
[5, 7, 4]
[5, 7, 3]
[5, 7, 6]
[5, 7, 0, 1]
[5, 7, 0, 2]
[5, 7, 0, 4]
[5, 7, 0, 3]
[5, 7, 0, 6]
[5, 7, 0, 1, 2]
[5, 7, 0, 1, 4]
[5, 7, 0, 1, 3]
[5, 7, 0, 1, 6]
[5, 7, 0, 1, 2, 4]
[5, 7, 0, 1, 2, 3]
[5, 7, 0, 1, 2, 6]
[5, 7, 0, 1, 2, 4, 3]
[5, 7, 0, 1, 2, 4, 6]
[5, 7, 0, 1, 2, 4, 3, 6]
failed -> 34 times
after fail n ======> 5
[0, 1, 2, 5, 4]
0.061224489795918366 0.09803921568627451
itercount --------> 1
[0, 1, 2]
[0, 1, 5]
[0, 1, 4]
0.09803921568627451 0.16666666666666666
itercount --------> 2
[2, 5, 0]
[2, 5, 1]
0.16666666666666666 0.2857142857142857
itercount --------> 3
[4, 5, 0]
0.2857142857142857 0.3125
itercount --------> 4
[2, 4, 5]
[2, 4, 7]
[2, 4, 0]
0.3125 0.38461538461538464
itercount --------> 5
[5, 0, 1]
[5, 0, 2]
[5, 0, 7]
0.38461538461538464 0.45454545454545453
itercount --------> 6
[5, 7, 4]
[5, 7, 0]
[5, 7, 1]
[5, 7, 2]
[5, 7, 3]
0.45454545454545453 0.46153846153846156
itercount --------> 7
[5, 7, 0]
[5, 7, 1]
[5, 7, 2]
[5, 7, 3]
[5, 7, 4]
[5, 7, 6]
[5, 7, 0, 1]
[5, 7, 0, 2]
[5, 7, 0, 3]
[5, 7, 0, 4]
[5, 7, 0, 6]
[5, 7, 0, 1, 2]
[5, 7, 0, 1, 3]
0.46153846153846156 0.5
itercount --------> 8
[5, 7, 0]
[5, 7, 1]
[5, 7, 2]
[5, 7, 3]
[5, 7, 4]
[5, 7, 6]
[5, 7, 0, 1]
[5, 7, 0, 2]
[5, 7, 0, 3]
[5, 7, 0, 4]
[5, 7, 0, 6]
[5, 7, 0, 1, 2]
[5, 7, 0, 1, 3]
[5, 7, 0, 1, 4]
[5, 7, 0, 1, 6]
[5, 7, 0, 1, 2, 3]
[5, 7, 0, 1, 2, 4]
[5, 7, 0, 1, 2, 6]
[5, 7, 0, 1, 2, 3, 4]
[5, 7, 0, 1, 2, 3, 6]
[5, 7, 0, 1, 2, 3, 4, 6]
failed -> 35 times
after fail n ======> 6
[0, 1, 2, 5, 4, 7]
0.061224489795918366 0.06666666666666667
itercount --------> 1
[0, 1, 2]
0.06666666666666667 0.21739130434782608
itercount --------> 2
[0, 1, 2]
0.21739130434782608 0.23809523809523808
itercount --------> 3
[0, 1, 2]
[0, 1, 5]
0.23809523809523808 0.29411764705882354
itercount --------> 4
[5, 0, 1]
0.29411764705882354 0.3076923076923077
itercount --------> 5
[0, 1, 2]
[0, 1, 5]
[0, 1, 7]
0.3076923076923077 0.36363636363636365
itercount --------> 6
[0, 1, 2]
[0, 1, 5]
[0, 1, 7]
[0, 1, 4]
[0, 1, 3]
0.36363636363636365 0.38461538461538464
itercount --------> 7
[0, 1, 2]
[0, 1, 5]
0.38461538461538464 0.4166666666666667
itercount --------> 8
[0, 1, 2]
[0, 1, 5]
[0, 1, 7]
[0, 1, 4]
[0, 1, 3]
0.4166666666666667 0.45454545454545453
itercount --------> 9
[0, 1, 2]
[0, 1, 5]
[0, 1, 7]
[0, 1, 4]
[0, 1, 3]
[0, 1, 6]
[0, 1, 2, 5]
[0, 1, 2, 7]
[0, 1, 2, 4]
[0, 1, 2, 3]
[0, 1, 2, 6]
[0, 1, 2, 5, 7]
[0, 1, 2, 5, 4]
[0, 1, 2, 5, 3]
[0, 1, 2, 5, 6]
0.45454545454545453 0.5
itercount --------> 10
[0, 1, 2]
[0, 1, 5]
[0, 1, 7]
[0, 1, 4]
[0, 1, 3]
[0, 1, 6]
[0, 1, 2, 5]
[0, 1, 2, 7]
[0, 1, 2, 4]
[0, 1, 2, 3]
[0, 1, 2, 6]
[0, 1, 2, 5, 7]
[0, 1, 2, 5, 4]
0.5 0.5555555555555556
itercount --------> 11
[0, 1, 2]
[0, 1, 5]
[0, 1, 7]
[0, 1, 4]
[0, 1, 3]
[0, 1, 6]
[0, 1, 2, 5]
[0, 1, 2, 7]
[0, 1, 2, 4]
[0, 1, 2, 3]
[0, 1, 2, 6]
[0, 1, 2, 5, 7]
[0, 1, 2, 5, 4]
[0, 1, 2, 5, 3]
[0, 1, 2, 5, 6]
[0, 1, 2, 5, 7, 4]
0.5555555555555556 0.6
itercount --------> 12
[1, 4, 5]
[1, 4, 0]
[1, 4, 2]
[1, 4, 3]
[1, 4, 7]
[1, 4, 6]
[1, 4, 5, 0]
[1, 4, 5, 2]
0.6 0.6666666666666666
itercount --------> 13
[0, 1, 2]
[0, 1, 5]
[0, 1, 7]
[0, 1, 3]
[0, 1, 4]
[0, 1, 6]
[0, 1, 2, 5]
[0, 1, 2, 7]
[0, 1, 2, 3]
[0, 1, 2, 4]
[0, 1, 2, 6]
[0, 1, 2, 5, 7]
[0, 1, 2, 5, 3]
[0, 1, 2, 5, 4]
[0, 1, 2, 5, 6]
[0, 1, 2, 5, 7, 3]
[0, 1, 2, 5, 7, 4]
[0, 1, 2, 5, 7, 6]
[0, 1, 2, 5, 7, 3, 4]
[0, 1, 2, 5, 7, 3, 6]
[0, 1, 2, 5, 7, 3, 4, 6]
failed -> 36 times
after fail n ======> 7
[0, 1, 2, 5, 4, 7, 6]
0.061224489795918366 0.09090909090909091
itercount --------> 1
[1, 0, 2]
0.09090909090909091 0.16666666666666666
itercount --------> 2
[5, 0, 1]
0.16666666666666666 0.17647058823529413
itercount --------> 3
[5, 0, 1]
[5, 0, 2]
[5, 0, 6]
0.17647058823529413 0.38461538461538464
itercount --------> 4
[5, 0, 1]
[5, 0, 2]
[5, 0, 4]
[5, 0, 7]
[5, 0, 3]
0.38461538461538464 0.42857142857142855
itercount --------> 5
[0, 1, 2]
0.42857142857142855 0.46153846153846156
itercount --------> 6
[0, 1, 2]
[0, 1, 5]
[0, 1, 4]
[0, 1, 7]
0.46153846153846156 0.5454545454545454
itercount --------> 7
[5, 7, 0]
[5, 7, 1]
[5, 7, 2]
[5, 7, 4]
0.5454545454545454 0.5555555555555556
itercount --------> 8
[5, 7, 0]
[5, 7, 1]
[5, 7, 2]
[5, 7, 3]
[5, 7, 4]
[5, 7, 6]
[5, 7, 0, 1]
[5, 7, 0, 2]
[5, 7, 0, 3]
[5, 7, 0, 4]
0.5555555555555556 0.6
itercount --------> 9
[0, 5, 1]
[0, 5, 2]
[0, 5, 4]
[0, 5, 3]
[0, 5, 7]
[0, 5, 6]
[0, 5, 1, 2]
[0, 5, 1, 4]
[0, 5, 1, 3]
[0, 5, 1, 7]
[0, 5, 1, 6]
[0, 5, 1, 2, 4]
[0, 5, 1, 2, 3]
[0, 5, 1, 2, 7]
[0, 5, 1, 2, 6]
[0, 5, 1, 2, 4, 3]
[0, 5, 1, 2, 4, 7]
[0, 5, 1, 2, 4, 6]
[0, 5, 1, 2, 4, 3, 7]
[0, 5, 1, 2, 4, 3, 6]
[0, 5, 1, 2, 4, 3, 7, 6]
failed -> 37 times
after fail n ======> 8
[0, 1, 2, 5, 4, 7, 6, 3]
0.061224489795918366 0.07692307692307693
itercount --------> 1
[0, 1, 2]
0.07692307692307693 0.14285714285714285
itercount --------> 2
[0, 1, 2]
0.14285714285714285 0.25
itercount --------> 3
[0, 1, 2]
[0, 1, 5]
0.25 0.2727272727272727
itercount --------> 4
[0, 1, 2]
[0, 1, 5]
[0, 1, 7]
0.2727272727272727 0.3333333333333333
itercount --------> 5
[0, 1, 2]
[0, 1, 5]
[0, 1, 4]
[0, 1, 7]
[0, 1, 6]
[0, 1, 3]
0.3333333333333333 0.35294117647058826
itercount --------> 6
[0, 1, 2]
0.35294117647058826 0.375
itercount --------> 7
[0, 1, 2]
[0, 1, 5]
[0, 1, 4]
[0, 1, 7]
0.375 0.46153846153846156
itercount --------> 8
[0, 1, 2]
[0, 1, 5]
[0, 1, 7]
[0, 1, 4]
[0, 1, 3]
[0, 1, 6]
[0, 1, 2, 5]
0.46153846153846156 0.5
itercount --------> 9
[5, 0, 1]
[5, 0, 2]
[5, 0, 7]
[5, 0, 4]
[5, 0, 3]
[5, 0, 6]
0.5 0.5454545454545454
itercount --------> 10
[5, 7, 0]
[5, 7, 1]
[5, 7, 2]
[5, 7, 4]
[5, 7, 3]
[5, 7, 6]
[5, 7, 0, 1]
[5, 7, 0, 2]
[5, 7, 0, 4]
0.5454545454545454 0.6
itercount --------> 11
[0, 5, 1]
[0, 5, 2]
[0, 5, 4]
[0, 5, 3]
[0, 5, 7]
[0, 5, 6]
[0, 5, 1, 2]
[0, 5, 1, 4]
[0, 5, 1, 3]
[0, 5, 1, 7]
[0, 5, 1, 6]
[0, 5, 1, 2, 4]
[0, 5, 1, 2, 3]
[0, 5, 1, 2, 7]
[0, 5, 1, 2, 6]
[0, 5, 1, 2, 4, 3]
[0, 5, 1, 2, 4, 7]
[0, 5, 1, 2, 4, 6]
[0, 5, 1, 2, 4, 3, 7]
[0, 5, 1, 2, 4, 3, 6]
[0, 5, 1, 2, 4, 3, 7, 6]
failed -> 38 times
after fail n ======> 5
[0, 1, 2, 5, 4]
0.061224489795918366 0.11627906976744186
itercount --------> 1
[2, 0, 1]
[2, 0, 5]
0.11627906976744186 0.14285714285714285
itercount --------> 2
[0, 5, 2]
0.14285714285714285 0.25
itercount --------> 3
[5, 0, 1]
[5, 0, 2]
0.25 0.2857142857142857
itercount --------> 4
[0, 1, 2]
[0, 1, 5]
[0, 1, 4]
0.2857142857142857 0.38461538461538464
itercount --------> 5
[5, 0, 1]
[5, 0, 2]
[5, 0, 7]
[5, 0, 4]
[5, 0, 6]
0.38461538461538464 0.45454545454545453
itercount --------> 6
[5, 7, 4]
[5, 7, 0]
[5, 7, 1]
[5, 7, 2]
[5, 7, 3]
0.45454545454545453 0.5
itercount --------> 7
[4, 0, 1]
[4, 0, 2]
[4, 0, 5]
[4, 0, 7]
[4, 0, 3]
[4, 0, 6]
[4, 0, 1, 2]
[4, 0, 1, 5]
0.5 0.5454545454545454
itercount --------> 8
[0, 1, 2]
[0, 1, 5]
[0, 1, 7]
0.5454545454545454 0.6
itercount --------> 9
[5, 7, 4]
[5, 7, 0]
[5, 7, 1]
[5, 7, 2]
[5, 7, 3]
[5, 7, 6]
[5, 7, 4, 0]
[5, 7, 4, 1]
[5, 7, 4, 2]
[5, 7, 4, 3]
[5, 7, 4, 6]
[5, 7, 4, 0, 1]
[5, 7, 4, 0, 2]
[5, 7, 4, 0, 3]
[5, 7, 4, 0, 6]
[5, 7, 4, 0, 1, 2]
[5, 7, 4, 0, 1, 3]
[5, 7, 4, 0, 1, 6]
[5, 7, 4, 0, 1, 2, 3]
[5, 7, 4, 0, 1, 2, 6]
[5, 7, 4, 0, 1, 2, 3, 6]
failed -> 39 times
after fail n ======> 6
[0, 1, 2, 5, 4, 7]
0.061224489795918366 0.07692307692307693
itercount --------> 1
[0, 1, 2]
0.07692307692307693 0.14285714285714285
itercount --------> 2
[0, 1, 2]
0.14285714285714285 0.2222222222222222
itercount --------> 3
[0, 5, 1]
0.2222222222222222 0.2857142857142857
itercount --------> 4
[0, 1, 2]
[0, 1, 5]
[0, 1, 4]
0.2857142857142857 0.3333333333333333
itercount --------> 5
[0, 1, 2]
[0, 1, 5]
[0, 1, 4]
0.3333333333333333 0.38461538461538464
itercount --------> 6
[5, 0, 1]
[5, 0, 2]
[5, 0, 7]
0.38461538461538464 0.45454545454545453
itercount --------> 7
[5, 7, 4]
[5, 7, 0]
[5, 7, 1]
[5, 7, 2]
[5, 7, 3]
0.45454545454545453 0.46153846153846156
itercount --------> 8
[5, 7, 0]
[5, 7, 1]
[5, 7, 2]
[5, 7, 3]
0.46153846153846156 0.5
itercount --------> 9
[0, 1, 2]
[0, 1, 5]
[0, 1, 7]
[0, 1, 4]
[0, 1, 3]
[0, 1, 6]
[0, 1, 2, 5]
[0, 1, 2, 7]
[0, 1, 2, 4]
[0, 1, 2, 3]
[0, 1, 2, 6]
[0, 1, 2, 5, 7]
0.5 0.5384615384615384
itercount --------> 10
[1, 4, 5]
[1, 4, 0]
0.5384615384615384 0.6363636363636364
itercount --------> 11
[5, 0, 1]
[5, 0, 2]
[5, 0, 7]
[5, 0, 4]
[5, 0, 3]
[5, 0, 6]
[5, 0, 1, 2]
[5, 0, 1, 7]
[5, 0, 1, 4]
[5, 0, 1, 3]
[5, 0, 1, 6]
[5, 0, 1, 2, 7]
[5, 0, 1, 2, 4]
[5, 0, 1, 2, 3]
[5, 0, 1, 2, 6]
0.6363636363636364 0.7
itercount --------> 12
[5, 7, 0]
[5, 7, 1]
[5, 7, 2]
[5, 7, 4]
[5, 7, 3]
[5, 7, 6]
[5, 7, 0, 1]
[5, 7, 0, 2]
[5, 7, 0, 4]
[5, 7, 0, 3]
[5, 7, 0, 6]
[5, 7, 0, 1, 2]
[5, 7, 0, 1, 4]
0.7 0.7777777777777778
itercount --------> 13
[0, 1, 2]
[0, 1, 5]
[0, 1, 7]
[0, 1, 3]
[0, 1, 4]
[0, 1, 6]
[0, 1, 2, 5]
[0, 1, 2, 7]
[0, 1, 2, 3]
[0, 1, 2, 4]
[0, 1, 2, 6]
[0, 1, 2, 5, 7]
[0, 1, 2, 5, 3]
[0, 1, 2, 5, 4]
[0, 1, 2, 5, 6]
[0, 1, 2, 5, 7, 3]
[0, 1, 2, 5, 7, 4]
[0, 1, 2, 5, 7, 6]
[0, 1, 2, 5, 7, 3, 4]
[0, 1, 2, 5, 7, 3, 6]
[0, 1, 2, 5, 7, 3, 4, 6]
failed -> 40 times
after fail n ======> 7
[0, 1, 2, 5, 4, 7, 6]
0.061224489795918366 0.07692307692307693
itercount --------> 1
[2, 0, 1]
0.07692307692307693 0.25
itercount --------> 2
[0, 1, 2]
[0, 1, 5]
[0, 1, 7]
[0, 1, 4]
[0, 1, 6]
[0, 1, 3]
0.25 0.3333333333333333
itercount --------> 3
[0, 1, 2]
0.3333333333333333 0.375
itercount --------> 4
[0, 1, 2]
[0, 1, 5]
0.375 0.46153846153846156
itercount --------> 5
[5, 7, 0]
[5, 7, 1]
[5, 7, 2]
0.46153846153846156 0.5714285714285714
itercount --------> 6
[0, 1, 2]
[0, 1, 5]
[0, 1, 4]
0.5714285714285714 0.5833333333333334
itercount --------> 7
[0, 1, 2]
[0, 1, 5]
[0, 1, 4]
[0, 1, 7]
[0, 1, 6]
[0, 1, 3]
[0, 1, 2, 5]
[0, 1, 2, 4]
0.5833333333333334 0.6153846153846154
itercount --------> 8
[5, 0, 1]
[5, 0, 2]
[5, 0, 4]
[5, 0, 7]
[5, 0, 6]
[5, 0, 3]
[5, 0, 1, 2]
[5, 0, 1, 4]
[5, 0, 1, 7]
[5, 0, 1, 6]
[5, 0, 1, 3]
[5, 0, 1, 2, 4]
[5, 0, 1, 2, 7]
[5, 0, 1, 2, 6]
[5, 0, 1, 2, 3]
[5, 0, 1, 2, 4, 7]
[5, 0, 1, 2, 4, 6]
0.6153846153846154 0.6363636363636364
itercount --------> 9
[4, 5, 6]
[4, 5, 0]
[4, 5, 1]
[4, 5, 2]
[4, 5, 7]
[4, 5, 3]
[4, 5, 6, 0]
[4, 5, 6, 1]
[4, 5, 6, 2]
[4, 5, 6, 7]
[4, 5, 6, 3]
[4, 5, 6, 0, 1]
[4, 5, 6, 0, 2]
[4, 5, 6, 0, 7]
[4, 5, 6, 0, 3]
[4, 5, 6, 0, 1, 2]
[4, 5, 6, 0, 1, 7]
[4, 5, 6, 0, 1, 3]
[4, 5, 6, 0, 1, 2, 7]
[4, 5, 6, 0, 1, 2, 3]
[4, 5, 6, 0, 1, 2, 7, 3]
failed -> 41 times
after fail n ======> 8
[0, 1, 2, 5, 4, 7, 6, 3]
0.061224489795918366 0.06666666666666667
itercount --------> 1
[5, 0, 1]
[5, 0, 2]
0.06666666666666667 0.12
itercount --------> 2
[5, 1, 7]
0.12 0.2
itercount --------> 3
[5, 1, 7]
0.2 0.21739130434782608
itercount --------> 4
[4, 0, 2]
0.21739130434782608 0.25925925925925924
itercount --------> 5
[4, 6, 5]
[4, 6, 1]
[4, 6, 0]
[4, 6, 2]
[4, 6, 7]
[4, 6, 3]
[4, 6, 5, 1]
[4, 6, 5, 0]
0.25925925925925924 0.3125
itercount --------> 6
[4, 5, 6]
[4, 5, 3]
[4, 5, 0]
[4, 5, 2]
0.3125 0.3333333333333333
itercount --------> 7
[5, 4, 6]
[5, 4, 3]
[5, 4, 0]
[5, 4, 2]
[5, 4, 7]
0.3333333333333333 0.35714285714285715
itercount --------> 8
[6, 3, 4]
[6, 3, 5]
[6, 3, 0]
0.35714285714285715 0.45454545454545453
itercount --------> 9
[5, 3, 4]
[5, 3, 0]
[5, 3, 2]
0.45454545454545453 0.5
itercount --------> 10
[5, 4, 3]
[5, 4, 7]
[5, 4, 0]
[5, 4, 1]
[5, 4, 2]
[5, 4, 6]
[5, 4, 3, 7]
[5, 4, 3, 0]
[5, 4, 3, 1]
[5, 4, 3, 2]
[5, 4, 3, 6]
[5, 4, 3, 7, 0]
[5, 4, 3, 7, 1]
[5, 4, 3, 7, 2]
[5, 4, 3, 7, 6]
[5, 4, 3, 7, 0, 1]
0.5 0.5555555555555556
itercount --------> 11
[5, 7, 0]
[5, 7, 1]
[5, 7, 2]
[5, 7, 3]
[5, 7, 4]
[5, 7, 6]
[5, 7, 0, 1]
[5, 7, 0, 2]
[5, 7, 0, 3]
[5, 7, 0, 4]
0.5555555555555556 0.6
itercount --------> 12
[5, 7, 4]
[5, 7, 0]
[5, 7, 1]
[5, 7, 2]
[5, 7, 3]
[5, 7, 6]
[5, 7, 4, 0]
[5, 7, 4, 1]
[5, 7, 4, 2]
[5, 7, 4, 3]
[5, 7, 4, 6]
[5, 7, 4, 0, 1]
[5, 7, 4, 0, 2]
[5, 7, 4, 0, 3]
[5, 7, 4, 0, 6]
[5, 7, 4, 0, 1, 2]
[5, 7, 4, 0, 1, 3]
[5, 7, 4, 0, 1, 6]
[5, 7, 4, 0, 1, 2, 3]
[5, 7, 4, 0, 1, 2, 6]
[5, 7, 4, 0, 1, 2, 3, 6]
failed -> 42 times
after fail n ======> 5
[0, 1, 2, 5, 4]
0.061224489795918366 0.09090909090909091
itercount --------> 1
[1, 0, 2]
[1, 0, 4]
0.09090909090909091 0.1
itercount --------> 2
[1, 0, 2]
0.1 0.10810810810810811
itercount --------> 3
[1, 0, 5]
[1, 0, 4]
0.10810810810810811 0.1111111111111111
itercount --------> 4
[1, 0, 4]
0.1111111111111111 0.11764705882352941
itercount --------> 5
[1, 0, 5]
0.11764705882352941 0.38461538461538464
itercount --------> 6
[5, 0, 1]
[5, 0, 2]
[5, 0, 7]
[5, 0, 4]
[5, 0, 6]
0.38461538461538464 0.45454545454545453
itercount --------> 7
[5, 7, 4]
[5, 7, 0]
[5, 7, 1]
[5, 7, 2]
[5, 7, 3]
[5, 7, 6]
[5, 7, 4, 0]
[5, 7, 4, 1]
0.45454545454545453 0.5
itercount --------> 8
[5, 7, 4]
[5, 7, 3]
0.5 0.7
itercount --------> 9
[5, 7, 0]
[5, 7, 1]
[5, 7, 2]
[5, 7, 4]
[5, 7, 3]
[5, 7, 6]
[5, 7, 0, 1]
[5, 7, 0, 2]
[5, 7, 0, 4]
[5, 7, 0, 3]
[5, 7, 0, 6]
[5, 7, 0, 1, 2]
[5, 7, 0, 1, 4]
[5, 7, 0, 1, 3]
[5, 7, 0, 1, 6]
[5, 7, 0, 1, 2, 4]
[5, 7, 0, 1, 2, 3]
[5, 7, 0, 1, 2, 6]
[5, 7, 0, 1, 2, 4, 3]
[5, 7, 0, 1, 2, 4, 6]
[5, 7, 0, 1, 2, 4, 3, 6]
failed -> 43 times
after fail n ======> 6
[0, 1, 2, 5, 4, 7]
0.061224489795918366 0.07692307692307693
itercount --------> 1
[0, 1, 2]
0.07692307692307693 0.25
itercount --------> 2
[4, 5, 7]
0.25 0.2857142857142857
itercount --------> 3
[4, 0, 1]
[4, 0, 2]
[4, 0, 6]
[4, 0, 7]
[4, 0, 5]
[4, 0, 3]
[4, 0, 1, 2]
[4, 0, 1, 6]
0.2857142857142857 0.29411764705882354
itercount --------> 4
[4, 6, 3]
[4, 6, 7]
[4, 6, 5]
[4, 6, 0]
[4, 6, 1]
[4, 6, 2]
[4, 6, 3, 7]
[4, 6, 3, 5]
[4, 6, 3, 0]
[4, 6, 3, 1]
[4, 6, 3, 2]
[4, 6, 3, 7, 5]
0.29411764705882354 0.3076923076923077
itercount --------> 5
[4, 3, 6]
[4, 3, 5]
0.3076923076923077 0.36363636363636365
itercount --------> 6
[6, 7, 4]
[6, 7, 3]
[6, 7, 0]
0.36363636363636365 0.4444444444444444
itercount --------> 7
[7, 0, 1]
[7, 0, 2]
[7, 0, 5]
[7, 0, 3]
[7, 0, 6]
[7, 0, 4]
0.4444444444444444 0.5
itercount --------> 8
[0, 7, 1]
[0, 7, 2]
0.5 0.5555555555555556
itercount --------> 9
[0, 1, 2]
[0, 1, 5]
[0, 1, 7]
[0, 1, 3]
[0, 1, 6]
[0, 1, 4]
[0, 1, 2, 5]
[0, 1, 2, 7]
[0, 1, 2, 3]
[0, 1, 2, 6]
[0, 1, 2, 4]
[0, 1, 2, 5, 7]
[0, 1, 2, 5, 3]
[0, 1, 2, 5, 6]
[0, 1, 2, 5, 4]
[0, 1, 2, 5, 7, 3]
[0, 1, 2, 5, 7, 6]
[0, 1, 2, 5, 7, 4]
[0, 1, 2, 5, 7, 3, 6]
[0, 1, 2, 5, 7, 3, 4]
[0, 1, 2, 5, 7, 3, 6, 4]
failed -> 44 times
after fail n ======> 7
[0, 1, 2, 5, 4, 7, 6]
0.061224489795918366 0.07692307692307693
itercount --------> 1
[0, 1, 2]
0.07692307692307693 0.14285714285714285
itercount --------> 2
[1, 0, 2]
0.14285714285714285 0.25
itercount --------> 3
[4, 5, 7]
0.25 0.2727272727272727
itercount --------> 4
[4, 5, 3]
[4, 5, 7]
[4, 5, 0]
0.2727272727272727 0.3
itercount --------> 5
[5, 0, 1]
[5, 0, 2]
[5, 0, 7]
0.3 0.3333333333333333
itercount --------> 6
[5, 7, 4]
[5, 7, 6]
0.3333333333333333 0.36363636363636365
itercount --------> 7
[4, 5, 0]
[4, 5, 1]
[4, 5, 2]
[4, 5, 7]
[4, 5, 3]
[4, 5, 6]
0.36363636363636365 0.5
itercount --------> 8
[4, 5, 0]
[4, 5, 1]
[4, 5, 2]
[4, 5, 3]
[4, 5, 6]
[4, 5, 7]
[4, 5, 0, 1]
[4, 5, 0, 2]
[4, 5, 0, 3]
0.5 0.5833333333333334
itercount --------> 9
[0, 1, 2]
0.5833333333333334 0.6363636363636364
itercount --------> 10
[0, 1, 2]
[0, 1, 7]
[0, 1, 5]
0.6363636363636364 0.7
itercount --------> 11
[5, 7, 0]
[5, 7, 1]
[5, 7, 2]
[5, 7, 4]
[5, 7, 6]
[5, 7, 3]
[5, 7, 0, 1]
[5, 7, 0, 2]
[5, 7, 0, 4]
[5, 7, 0, 6]
[5, 7, 0, 3]
[5, 7, 0, 1, 2]
[5, 7, 0, 1, 4]
[5, 7, 0, 1, 6]
[5, 7, 0, 1, 3]
[5, 7, 0, 1, 2, 4]
[5, 7, 0, 1, 2, 6]
[5, 7, 0, 1, 2, 3]
[5, 7, 0, 1, 2, 4, 6]
[5, 7, 0, 1, 2, 4, 3]
0.7 0.7777777777777778
itercount --------> 12
[0, 1, 2]
[0, 1, 5]
[0, 1, 7]
[0, 1, 6]
[0, 1, 3]
[0, 1, 4]
[0, 1, 2, 5]
[0, 1, 2, 7]
[0, 1, 2, 6]
[0, 1, 2, 3]
[0, 1, 2, 4]
[0, 1, 2, 5, 7]
[0, 1, 2, 5, 6]
[0, 1, 2, 5, 3]
[0, 1, 2, 5, 4]
[0, 1, 2, 5, 7, 6]
[0, 1, 2, 5, 7, 3]
[0, 1, 2, 5, 7, 4]
[0, 1, 2, 5, 7, 6, 3]
[0, 1, 2, 5, 7, 6, 4]
[0, 1, 2, 5, 7, 6, 3, 4]
failed -> 45 times
after fail n ======> 8
[0, 1, 2, 5, 4, 7, 6, 3]
0.061224489795918366 0.12
itercount --------> 1
[0, 1, 2]
[0, 1, 5]
[0, 1, 4]
0.12 0.23076923076923078
itercount --------> 2
[0, 1, 2]
[0, 1, 5]
0.23076923076923078 0.3333333333333333
itercount --------> 3
[0, 1, 2]
[0, 1, 5]
[0, 1, 4]
[0, 1, 7]
[0, 1, 6]
[0, 1, 3]
0.3333333333333333 0.35294117647058826
itercount --------> 4
[0, 1, 2]
[0, 1, 5]
0.35294117647058826 0.4
itercount --------> 5
[0, 1, 2]
[0, 1, 5]
[0, 1, 4]
[0, 1, 7]
0.4 0.46153846153846156
itercount --------> 6
[0, 5, 1]
[0, 5, 2]
0.46153846153846156 0.5
itercount --------> 7
[5, 0, 1]
[5, 0, 2]
[5, 0, 7]
[5, 0, 4]
[5, 0, 3]
[5, 0, 6]
[5, 0, 1, 2]
[5, 0, 1, 7]
[5, 0, 1, 4]
0.5 0.5454545454545454
itercount --------> 8
[5, 7, 0]
[5, 7, 1]
[5, 7, 2]
[5, 7, 4]
[5, 7, 3]
[5, 7, 6]
[5, 7, 0, 1]
[5, 7, 0, 2]
[5, 7, 0, 4]
[5, 7, 0, 3]
[5, 7, 0, 6]
[5, 7, 0, 1, 2]
[5, 7, 0, 1, 4]
[5, 7, 0, 1, 3]
[5, 7, 0, 1, 6]
[5, 7, 0, 1, 2, 4]
[5, 7, 0, 1, 2, 3]
[5, 7, 0, 1, 2, 6]
0.5454545454545454 0.6
itercount --------> 9
[5, 7, 4]
[5, 7, 0]
[5, 7, 1]
[5, 7, 2]
[5, 7, 3]
[5, 7, 6]
[5, 7, 4, 0]
[5, 7, 4, 1]
[5, 7, 4, 2]
[5, 7, 4, 3]
[5, 7, 4, 6]
[5, 7, 4, 0, 1]
[5, 7, 4, 0, 2]
[5, 7, 4, 0, 3]
[5, 7, 4, 0, 6]
[5, 7, 4, 0, 1, 2]
[5, 7, 4, 0, 1, 3]
[5, 7, 4, 0, 1, 6]
[5, 7, 4, 0, 1, 2, 3]
[5, 7, 4, 0, 1, 2, 6]
[5, 7, 4, 0, 1, 2, 3, 6]
failed -> 46 times
after fail n ======> 5
[0, 1, 2, 5, 4]
0.061224489795918366 0.11627906976744186
itercount --------> 1
[2, 0, 1]
0.11627906976744186 0.21739130434782608
itercount --------> 2
[0, 1, 2]
[0, 1, 5]
0.21739130434782608 0.2857142857142857
itercount --------> 3
[4, 5, 0]
0.2857142857142857 0.3333333333333333
itercount --------> 4
[0, 1, 2]
[0, 1, 5]
[0, 1, 4]
0.3333333333333333 0.38461538461538464
itercount --------> 5
[5, 0, 1]
[5, 0, 2]
[5, 0, 7]
[5, 0, 4]
[5, 0, 6]
[5, 0, 3]
0.38461538461538464 0.4166666666666667
itercount --------> 6
[5, 7, 4]
[5, 7, 0]
0.4166666666666667 0.5
itercount --------> 7
[0, 1, 2]
[0, 1, 7]
[0, 1, 4]
[0, 1, 5]
[0, 1, 3]
0.5 0.5384615384615384
itercount --------> 8
[0, 1, 2]
[0, 1, 5]
[0, 1, 7]
[0, 1, 4]
[0, 1, 3]
0.5384615384615384 0.5833333333333334
itercount --------> 9
[0, 1, 2]
[0, 1, 5]
[0, 1, 7]
[0, 1, 4]
[0, 1, 3]
[0, 1, 6]
[0, 1, 2, 5]
[0, 1, 2, 7]
[0, 1, 2, 4]
[0, 1, 2, 3]
[0, 1, 2, 6]
0.5833333333333334 0.6363636363636364
itercount --------> 10
[1, 5, 7]
[1, 5, 0]
[1, 5, 2]
[1, 5, 3]
[1, 5, 4]
[1, 5, 6]
[1, 5, 7, 0]
[1, 5, 7, 2]
[1, 5, 7, 3]
[1, 5, 7, 4]
[1, 5, 7, 6]
[1, 5, 7, 0, 2]
[1, 5, 7, 0, 3]
[1, 5, 7, 0, 4]
[1, 5, 7, 0, 6]
[1, 5, 7, 0, 2, 3]
[1, 5, 7, 0, 2, 4]
[1, 5, 7, 0, 2, 6]
[1, 5, 7, 0, 2, 3, 4]
[1, 5, 7, 0, 2, 3, 6]
[1, 5, 7, 0, 2, 3, 4, 6]
failed -> 47 times
after fail n ======> 6
[0, 1, 2, 5, 4, 7]
0.061224489795918366 0.10344827586206896
itercount --------> 1
[5, 2, 0]
0.10344827586206896 0.2727272727272727
itercount --------> 2
[0, 1, 2]
[0, 1, 5]
[0, 1, 7]
0.2727272727272727 0.3333333333333333
itercount --------> 3
[1, 5, 4]
[1, 5, 7]
[1, 5, 0]
0.3333333333333333 0.4166666666666667
itercount --------> 4
[5, 7, 4]
0.4166666666666667 0.45454545454545453
itercount --------> 5
[5, 4, 3]
[5, 4, 0]
[5, 4, 1]
[5, 4, 2]
0.45454545454545453 0.5
itercount --------> 6
[5, 0, 1]
[5, 0, 2]
[5, 0, 7]
[5, 0, 3]
[5, 0, 4]
[5, 0, 6]
0.5 0.5555555555555556
itercount --------> 7
[5, 7, 0]
[5, 7, 1]
[5, 7, 2]
[5, 7, 3]
[5, 7, 4]
[5, 7, 6]
[5, 7, 0, 1]
[5, 7, 0, 2]
[5, 7, 0, 3]
0.5555555555555556 0.6
itercount --------> 8
[0, 1, 2]
[0, 1, 5]
[0, 1, 7]
[0, 1, 3]
[0, 1, 4]
[0, 1, 6]
[0, 1, 2, 5]
[0, 1, 2, 7]
[0, 1, 2, 3]
[0, 1, 2, 4]
[0, 1, 2, 6]
[0, 1, 2, 5, 7]
[0, 1, 2, 5, 3]
[0, 1, 2, 5, 4]
[0, 1, 2, 5, 6]
[0, 1, 2, 5, 7, 3]
[0, 1, 2, 5, 7, 4]
[0, 1, 2, 5, 7, 6]
[0, 1, 2, 5, 7, 3, 4]
[0, 1, 2, 5, 7, 3, 6]
[0, 1, 2, 5, 7, 3, 4, 6]
failed -> 48 times
after fail n ======> 7
[0, 1, 2, 5, 4, 7, 6]
0.061224489795918366 0.07692307692307693
itercount --------> 1
[0, 1, 2]
[0, 1, 5]
0.07692307692307693 0.10344827586206896
itercount --------> 2
[0, 5, 1]
0.10344827586206896 0.17647058823529413
itercount --------> 3
[2, 5, 7]
0.17647058823529413 0.2727272727272727
itercount --------> 4
[0, 1, 2]
[0, 1, 5]
[0, 1, 7]
[0, 1, 4]
[0, 1, 3]
0.2727272727272727 0.3333333333333333
itercount --------> 5
[0, 1, 2]
0.3333333333333333 0.36363636363636365
itercount --------> 6
[0, 1, 2]
[0, 1, 5]
0.36363636363636365 0.375
itercount --------> 7
[0, 2, 5]
[0, 2, 7]
[0, 2, 1]
[0, 2, 4]
0.375 0.42857142857142855
itercount --------> 8
[0, 2, 5]
0.42857142857142855 0.46153846153846156
itercount --------> 9
[5, 7, 2]
[5, 7, 0]
[5, 7, 1]
[5, 7, 4]
[5, 7, 6]
[5, 7, 3]
[5, 7, 2, 0]
[5, 7, 2, 1]
0.46153846153846156 0.5
itercount --------> 10
[5, 7, 0]
[5, 7, 1]
[5, 7, 2]
[5, 7, 4]
[5, 7, 6]
[5, 7, 3]
[5, 7, 0, 1]
[5, 7, 0, 2]
[5, 7, 0, 4]
[5, 7, 0, 6]
0.5 0.5454545454545454
itercount --------> 11
[0, 2, 7]
[0, 2, 5]
[0, 2, 1]
[0, 2, 4]
[0, 2, 6]
[0, 2, 3]
[0, 2, 7, 5]
[0, 2, 7, 1]
0.5454545454545454 0.6
itercount --------> 12
[7, 5, 4]
[7, 5, 0]
[7, 5, 1]
[7, 5, 2]
[7, 5, 6]
[7, 5, 3]
[7, 5, 4, 0]
0.6 0.6666666666666666
itercount --------> 13
[0, 1, 2]
[0, 1, 5]
[0, 1, 7]
[0, 1, 6]
[0, 1, 3]
[0, 1, 4]
[0, 1, 2, 5]
[0, 1, 2, 7]
[0, 1, 2, 6]
[0, 1, 2, 3]
[0, 1, 2, 4]
[0, 1, 2, 5, 7]
[0, 1, 2, 5, 6]
[0, 1, 2, 5, 3]
[0, 1, 2, 5, 4]
[0, 1, 2, 5, 7, 6]
[0, 1, 2, 5, 7, 3]
[0, 1, 2, 5, 7, 4]
[0, 1, 2, 5, 7, 6, 3]
[0, 1, 2, 5, 7, 6, 4]
[0, 1, 2, 5, 7, 6, 3, 4]
failed -> 49 times
after fail n ======> 8
[0, 1, 2, 5, 4, 7, 6, 3]
0.061224489795918366 0.061946902654867256
itercount --------> 1
[2, 0, 1]
0.061946902654867256 0.1076923076923077
itercount --------> 2
[2, 0, 1]
0.1076923076923077 0.11475409836065574
itercount --------> 3
[0, 1, 2]
0.11475409836065574 0.2413793103448276
itercount --------> 4
[0, 1, 2]
[0, 1, 5]
0.2413793103448276 0.29411764705882354
itercount --------> 5
[0, 1, 2]
[0, 1, 5]
[0, 1, 7]
[0, 1, 4]
0.29411764705882354 0.3333333333333333
itercount --------> 6
[0, 2, 5]
[0, 2, 1]
0.3333333333333333 0.375
itercount --------> 7
[0, 1, 2]
[0, 1, 5]
[0, 1, 7]
[0, 1, 3]
0.375 0.42857142857142855
itercount --------> 8
[5, 0, 1]
[5, 0, 2]
[5, 0, 7]
[5, 0, 3]
[5, 0, 4]
[5, 0, 6]
[5, 0, 1, 2]
[5, 0, 1, 7]
0.42857142857142855 0.46153846153846156
itercount --------> 9
[5, 1, 7]
[5, 1, 0]
0.46153846153846156 0.5
itercount --------> 10
[5, 7, 0]
[5, 7, 1]
[5, 7, 2]
[5, 7, 3]
[5, 7, 4]
[5, 7, 6]
[5, 7, 0, 1]
[5, 7, 0, 2]
[5, 7, 0, 3]
[5, 7, 0, 4]
[5, 7, 0, 6]
[5, 7, 0, 1, 2]
[5, 7, 0, 1, 3]
[5, 7, 0, 1, 4]
[5, 7, 0, 1, 6]
[5, 7, 0, 1, 2, 3]
[5, 7, 0, 1, 2, 4]
[5, 7, 0, 1, 2, 6]
[5, 7, 0, 1, 2, 3, 4]
0.5 0.5454545454545454
itercount --------> 11
[5, 7, 0]
[5, 7, 1]
[5, 7, 2]
[5, 7, 4]
[5, 7, 3]
[5, 7, 6]
[5, 7, 0, 1]
[5, 7, 0, 2]
[5, 7, 0, 4]
[5, 7, 0, 3]
[5, 7, 0, 6]
[5, 7, 0, 1, 2]
[5, 7, 0, 1, 4]
[5, 7, 0, 1, 3]
[5, 7, 0, 1, 6]
[5, 7, 0, 1, 2, 4]
[5, 7, 0, 1, 2, 3]
[5, 7, 0, 1, 2, 6]
[5, 7, 0, 1, 2, 4, 3]
[5, 7, 0, 1, 2, 4, 6]
0.5454545454545454 0.6
itercount --------> 12
[5, 7, 4]
[5, 7, 0]
[5, 7, 1]
[5, 7, 2]
[5, 7, 3]
[5, 7, 6]
[5, 7, 4, 0]
[5, 7, 4, 1]
[5, 7, 4, 2]
[5, 7, 4, 3]
[5, 7, 4, 6]
[5, 7, 4, 0, 1]
[5, 7, 4, 0, 2]
[5, 7, 4, 0, 3]
[5, 7, 4, 0, 6]
[5, 7, 4, 0, 1, 2]
[5, 7, 4, 0, 1, 3]
[5, 7, 4, 0, 1, 6]
[5, 7, 4, 0, 1, 2, 3]
[5, 7, 4, 0, 1, 2, 6]
[5, 7, 4, 0, 1, 2, 3, 6]
failed -> 50 times
after fail n ======> 5
Runs with the maximum attractor JI -> [39, 44]
