{0: 37, 1: 37, 2: 37, 3: 24, 5: 24, 4: 16, 6: 16, 7: 16}
[0, 1, 2]
0.09615384615384616 0.22727272727272727
itercount --------> 1
[0, 1, 2]
[0, 1, 3]
0.22727272727272727 0.25
itercount --------> 2
[0, 1, 2]
0.25 0.3181818181818182
itercount --------> 3
[0, 1, 2]
[0, 1, 3]
0.3181818181818182 0.44
itercount --------> 4
[0, 1, 6]
[0, 1, 2]
[0, 1, 3]
[0, 1, 5]
[0, 1, 4]
0.44 0.4583333333333333
itercount --------> 5
[0, 6, 1]
[0, 6, 2]
[0, 6, 3]
[0, 6, 4]
[0, 6, 5]
[0, 6, 7]
[0, 6, 1, 2]
[0, 6, 1, 3]
[0, 6, 1, 4]
[0, 6, 1, 5]
[0, 6, 1, 7]
[0, 6, 1, 2, 3]
0.4583333333333333 0.5
itercount --------> 6
[0, 6, 3]
0.5 0.5789473684210527
itercount --------> 7
[0, 3, 6]
[0, 3, 7]
[0, 3, 4]
[0, 3, 1]
[0, 3, 2]
[0, 3, 5]
[0, 3, 6, 7]
[0, 3, 6, 4]
[0, 3, 6, 1]
[0, 3, 6, 2]
[0, 3, 6, 5]
[0, 3, 6, 7, 4]
[0, 3, 6, 7, 1]
[0, 3, 6, 7, 2]
[0, 3, 6, 7, 5]
[0, 3, 6, 7, 4, 1]
[0, 3, 6, 7, 4, 2]
[0, 3, 6, 7, 4, 5]
[0, 3, 6, 7, 4, 1, 2]
[0, 3, 6, 7, 4, 1, 5]
[0, 3, 6, 7, 4, 1, 2, 5]
failed Once
after fail n ======> 4
[0, 1, 2, 3]
0.09615384615384616 0.175
itercount --------> 1
[1, 2, 3]
[1, 2, 6]
0.175 0.18604651162790697
itercount --------> 2
[1, 2, 6]
0.18604651162790697 0.22727272727272727
itercount --------> 3
[0, 1, 2]
[0, 1, 6]
0.22727272727272727 0.25
itercount --------> 4
[1, 3, 6]
0.25 0.36363636363636365
itercount --------> 5
[0, 1, 2]
[0, 1, 6]
[0, 1, 5]
0.36363636363636365 0.42105263157894735
itercount --------> 6
[0, 1, 2]
[0, 1, 5]
[0, 1, 6]
[0, 1, 3]
[0, 1, 4]
0.42105263157894735 0.4444444444444444
itercount --------> 7
[0, 1, 2]
[0, 1, 5]
[0, 1, 6]
[0, 1, 7]
[0, 1, 4]
[0, 1, 3]
[0, 1, 2, 5]
[0, 1, 2, 6]
[0, 1, 2, 7]
[0, 1, 2, 4]
[0, 1, 2, 3]
[0, 1, 2, 5, 6]
0.4444444444444444 0.45
itercount --------> 8
[0, 1, 2]
[0, 1, 5]
[0, 1, 6]
[0, 1, 4]
[0, 1, 7]
[0, 1, 3]
[0, 1, 2, 5]
[0, 1, 2, 6]
0.45 0.47368421052631576
itercount --------> 9
[0, 1, 2]
[0, 1, 5]
[0, 1, 6]
[0, 1, 3]
[0, 1, 4]
[0, 1, 7]
[0, 1, 2, 5]
[0, 1, 2, 6]
0.47368421052631576 0.5
itercount --------> 10
[0, 1, 2]
[0, 1, 5]
[0, 1, 6]
[0, 1, 7]
[0, 1, 3]
[0, 1, 4]
[0, 1, 2, 5]
[0, 1, 2, 6]
[0, 1, 2, 7]
[0, 1, 2, 3]
[0, 1, 2, 4]
[0, 1, 2, 5, 6]
[0, 1, 2, 5, 7]
[0, 1, 2, 5, 3]
[0, 1, 2, 5, 4]
[0, 1, 2, 5, 6, 7]
[0, 1, 2, 5, 6, 3]
0.5 0.6111111111111112
itercount --------> 11
[0, 1, 2]
[0, 1, 5]
[0, 1, 6]
[0, 1, 7]
[0, 1, 4]
[0, 1, 3]
[0, 1, 2, 5]
[0, 1, 2, 6]
[0, 1, 2, 7]
[0, 1, 2, 4]
[0, 1, 2, 3]
[0, 1, 2, 5, 6]
[0, 1, 2, 5, 7]
[0, 1, 2, 5, 4]
[0, 1, 2, 5, 3]
[0, 1, 2, 5, 6, 7]
[0, 1, 2, 5, 6, 4]
[0, 1, 2, 5, 6, 3]
[0, 1, 2, 5, 6, 7, 4]
[0, 1, 2, 5, 6, 7, 3]
[0, 1, 2, 5, 6, 7, 4, 3]
failed -> 2 times
after fail n ======> 5
[0, 1, 2, 3, 5]
0.09615384615384616 0.125
itercount --------> 1
[1, 3, 6]
0.125 0.15625
itercount --------> 2
[1, 0, 2]
0.15625 0.2857142857142857
itercount --------> 3
[0, 1, 6]
0.2857142857142857 0.5238095238095238
itercount --------> 4
[1, 2, 3]
[1, 2, 6]
[1, 2, 7]
[1, 2, 0]
[1, 2, 5]
0.5238095238095238 0.5263157894736842
itercount --------> 5
[0, 1, 2]
[0, 1, 5]
[0, 1, 6]
[0, 1, 3]
[0, 1, 7]
[0, 1, 4]
[0, 1, 2, 5]
0.5263157894736842 0.5789473684210527
itercount --------> 6
[0, 1, 2]
[0, 1, 5]
[0, 1, 6]
[0, 1, 7]
[0, 1, 3]
[0, 1, 4]
[0, 1, 2, 5]
[0, 1, 2, 6]
[0, 1, 2, 7]
[0, 1, 2, 3]
[0, 1, 2, 4]
[0, 1, 2, 5, 6]
[0, 1, 2, 5, 7]
[0, 1, 2, 5, 3]
[0, 1, 2, 5, 4]
[0, 1, 2, 5, 6, 7]
[0, 1, 2, 5, 6, 3]
[0, 1, 2, 5, 6, 4]
[0, 1, 2, 5, 6, 7, 3]
[0, 1, 2, 5, 6, 7, 4]
[0, 1, 2, 5, 6, 7, 3, 4]
failed -> 3 times
after fail n ======> 6
[0, 1, 2, 3, 5, 4]
0.09615384615384616 0.15625
itercount --------> 1
[1, 3, 5]
[1, 3, 0]
0.15625 0.15789473684210525
itercount --------> 2
[0, 1, 2]
[0, 1, 5]
[0, 1, 3]
0.15789473684210525 0.22727272727272727
itercount --------> 3
[0, 1, 2]
[0, 1, 3]
0.22727272727272727 0.28
itercount --------> 4
[1, 3, 6]
0.28 0.3076923076923077
itercount --------> 5
[1, 3, 6]
0.3076923076923077 0.34615384615384615
itercount --------> 6
[1, 0, 2]
0.34615384615384615 0.375
itercount --------> 7
[0, 1, 2]
[0, 1, 6]
0.375 0.42857142857142855
itercount --------> 8
[0, 1, 2]
[0, 1, 6]
0.42857142857142855 0.52
itercount --------> 9
[0, 1, 2]
[0, 1, 6]
[0, 1, 7]
[0, 1, 3]
[0, 1, 5]
0.52 0.5789473684210527
itercount --------> 10
[0, 1, 2]
[0, 1, 5]
[0, 1, 6]
[0, 1, 7]
[0, 1, 4]
[0, 1, 3]
[0, 1, 2, 5]
[0, 1, 2, 6]
[0, 1, 2, 7]
0.5789473684210527 0.6111111111111112
itercount --------> 11
[0, 1, 2]
[0, 1, 5]
[0, 1, 6]
[0, 1, 7]
[0, 1, 4]
[0, 1, 3]
[0, 1, 2, 5]
[0, 1, 2, 6]
[0, 1, 2, 7]
[0, 1, 2, 4]
[0, 1, 2, 3]
[0, 1, 2, 5, 6]
[0, 1, 2, 5, 7]
0.6111111111111112 0.6666666666666666
itercount --------> 12
[0, 1, 2]
[0, 1, 5]
[0, 1, 6]
[0, 1, 7]
[0, 1, 4]
[0, 1, 3]
[0, 1, 2, 5]
[0, 1, 2, 6]
[0, 1, 2, 7]
[0, 1, 2, 4]
[0, 1, 2, 3]
[0, 1, 2, 5, 6]
[0, 1, 2, 5, 7]
[0, 1, 2, 5, 4]
[0, 1, 2, 5, 3]
[0, 1, 2, 5, 6, 7]
[0, 1, 2, 5, 6, 4]
[0, 1, 2, 5, 6, 3]
[0, 1, 2, 5, 6, 7, 4]
[0, 1, 2, 5, 6, 7, 3]
[0, 1, 2, 5, 6, 7, 4, 3]
failed -> 4 times
after fail n ======> 7
[0, 1, 2, 3, 5, 4, 6]
0.09615384615384616 0.125
itercount --------> 1
[2, 3, 6]
[2, 3, 0]
0.125 0.18518518518518517
itercount --------> 2
[0, 1, 6]
0.18518518518518517 0.21052631578947367
itercount --------> 3
[0, 1, 2]
[0, 1, 5]
[0, 1, 6]
[0, 1, 3]
[0, 1, 4]
[0, 1, 7]
[0, 1, 2, 5]
0.21052631578947367 0.22727272727272727
itercount --------> 4
[0, 2, 6]
0.22727272727272727 0.23333333333333334
itercount --------> 5
[2, 0, 3]
[2, 0, 6]
0.23333333333333334 0.25
itercount --------> 6
[0, 6, 2]
0.25 0.3076923076923077
itercount --------> 7
[0, 3, 6]
0.3076923076923077 0.34615384615384615
itercount --------> 8
[0, 2, 6]
0.34615384615384615 0.38095238095238093
itercount --------> 9
[0, 2, 6]
[0, 2, 1]
0.38095238095238093 0.42105263157894735
itercount --------> 10
[0, 1, 2]
[0, 1, 5]
[0, 1, 6]
0.42105263157894735 0.42857142857142855
itercount --------> 11
[0, 6, 3]
0.42857142857142855 0.5789473684210527
itercount --------> 12
[0, 1, 2]
[0, 1, 5]
[0, 1, 6]
[0, 1, 7]
[0, 1, 3]
[0, 1, 4]
[0, 1, 2, 5]
[0, 1, 2, 6]
[0, 1, 2, 7]
0.5789473684210527 0.6111111111111112
itercount --------> 13
[0, 1, 2]
[0, 1, 5]
[0, 1, 6]
[0, 1, 7]
[0, 1, 3]
[0, 1, 4]
[0, 1, 2, 5]
[0, 1, 2, 6]
[0, 1, 2, 7]
[0, 1, 2, 3]
[0, 1, 2, 4]
[0, 1, 2, 5, 6]
[0, 1, 2, 5, 7]
[0, 1, 2, 5, 3]
[0, 1, 2, 5, 4]
[0, 1, 2, 5, 6, 7]
[0, 1, 2, 5, 6, 3]
[0, 1, 2, 5, 6, 4]
[0, 1, 2, 5, 6, 7, 3]
[0, 1, 2, 5, 6, 7, 4]
[0, 1, 2, 5, 6, 7, 3, 4]
failed -> 5 times
after fail n ======> 8
[0, 1, 2, 3, 5, 4, 6, 7]
0.09615384615384616 0.1095890410958904
itercount --------> 1
[0, 1, 2]
0.1095890410958904 0.1951219512195122
itercount --------> 2
[1, 0, 2]
0.1951219512195122 0.32
itercount --------> 3
[0, 1, 2]
[0, 1, 3]
0.32 0.37142857142857144
itercount --------> 4
[0, 1, 2]
0.37142857142857144 0.52
itercount --------> 5
[0, 1, 2]
[0, 1, 6]
0.52 0.5416666666666666
itercount --------> 6
[0, 1, 2]
[0, 1, 6]
[0, 1, 7]
[0, 1, 5]
0.5416666666666666 0.5789473684210527
itercount --------> 7
[0, 1, 2]
[0, 1, 5]
[0, 1, 6]
[0, 1, 7]
[0, 1, 4]
[0, 1, 3]
[0, 1, 2, 5]
[0, 1, 2, 6]
[0, 1, 2, 7]
0.5789473684210527 0.6111111111111112
itercount --------> 8
[0, 1, 2]
[0, 1, 5]
[0, 1, 6]
[0, 1, 7]
[0, 1, 4]
[0, 1, 3]
[0, 1, 2, 5]
[0, 1, 2, 6]
[0, 1, 2, 7]
[0, 1, 2, 4]
[0, 1, 2, 3]
[0, 1, 2, 5, 6]
[0, 1, 2, 5, 7]
[0, 1, 2, 5, 4]
[0, 1, 2, 5, 3]
[0, 1, 2, 5, 6, 7]
[0, 1, 2, 5, 6, 4]
[0, 1, 2, 5, 6, 3]
[0, 1, 2, 5, 6, 7, 4]
[0, 1, 2, 5, 6, 7, 3]
[0, 1, 2, 5, 6, 7, 4, 3]
failed -> 6 times
after fail n ======> 5
[0, 1, 2, 3, 5]
0.09615384615384616 0.175
itercount --------> 1
[1, 2, 3]
[1, 2, 6]
[1, 2, 0]
0.175 0.25
itercount --------> 2
[2, 0, 1]
0.25 0.3181818181818182
itercount --------> 3
[0, 1, 2]
[0, 1, 3]
0.3181818181818182 0.39285714285714285
itercount --------> 4
[0, 6, 2]
[0, 6, 1]
0.39285714285714285 0.44
itercount --------> 5
[0, 2, 6]
[0, 2, 1]
[0, 2, 3]
[0, 2, 5]
[0, 2, 4]
[0, 2, 7]
0.44 0.4583333333333333
itercount --------> 6
[2, 6, 0]
[2, 6, 1]
[2, 6, 3]
0.4583333333333333 0.5416666666666666
itercount --------> 7
[0, 1, 2]
[0, 1, 6]
0.5416666666666666 0.5652173913043478
itercount --------> 8
[0, 6, 2]
[0, 6, 3]
[0, 6, 1]
[0, 6, 7]
[0, 6, 4]
[0, 6, 5]
[0, 6, 2, 3]
[0, 6, 2, 1]
[0, 6, 2, 7]
[0, 6, 2, 4]
[0, 6, 2, 5]
0.5652173913043478 0.6111111111111112
itercount --------> 9
[0, 1, 2]
[0, 1, 5]
[0, 1, 6]
[0, 1, 7]
[0, 1, 4]
[0, 1, 3]
[0, 1, 2, 5]
[0, 1, 2, 6]
[0, 1, 2, 7]
[0, 1, 2, 4]
[0, 1, 2, 3]
[0, 1, 2, 5, 6]
[0, 1, 2, 5, 7]
[0, 1, 2, 5, 4]
0.6111111111111112 0.6666666666666666
itercount --------> 10
[0, 1, 2]
[0, 1, 5]
[0, 1, 6]
[0, 1, 7]
[0, 1, 4]
[0, 1, 3]
[0, 1, 2, 5]
[0, 1, 2, 6]
[0, 1, 2, 7]
[0, 1, 2, 4]
[0, 1, 2, 3]
[0, 1, 2, 5, 6]
[0, 1, 2, 5, 7]
[0, 1, 2, 5, 4]
[0, 1, 2, 5, 3]
[0, 1, 2, 5, 6, 7]
[0, 1, 2, 5, 6, 4]
[0, 1, 2, 5, 6, 3]
[0, 1, 2, 5, 6, 7, 4]
[0, 1, 2, 5, 6, 7, 3]
[0, 1, 2, 5, 6, 7, 4, 3]
failed -> 7 times
after fail n ======> 6
[0, 1, 2, 3, 5, 4]
0.09615384615384616 0.11538461538461539
itercount --------> 1
[0, 3, 4]
[0, 3, 7]
0.11538461538461539 0.15625
itercount --------> 2
[0, 1, 2]
0.15625 0.22727272727272727
itercount --------> 3
[0, 1, 2]
[0, 1, 3]
0.22727272727272727 0.25
itercount --------> 4
[0, 7, 3]
[0, 7, 6]
[0, 7, 1]
0.25 0.2727272727272727
itercount --------> 5
[0, 1, 2]
[0, 1, 3]
[0, 1, 7]
0.2727272727272727 0.2857142857142857
itercount --------> 6
[0, 3, 4]
[0, 3, 6]
[0, 3, 7]
0.2857142857142857 0.3333333333333333
itercount --------> 7
[0, 4, 6]
[0, 4, 3]
[0, 4, 1]
[0, 4, 2]
[0, 4, 7]
[0, 4, 5]
[0, 4, 6, 3]
0.3333333333333333 0.38095238095238093
itercount --------> 8
[0, 1, 2]
[0, 1, 4]
[0, 1, 7]
[0, 1, 6]
[0, 1, 5]
0.38095238095238093 0.3888888888888889
itercount --------> 9
[0, 1, 2]
[0, 1, 5]
[0, 1, 4]
[0, 1, 6]
[0, 1, 7]
[0, 1, 3]
[0, 1, 2, 5]
0.3888888888888889 0.4444444444444444
itercount --------> 10
[0, 1, 2]
[0, 1, 5]
[0, 1, 4]
[0, 1, 7]
[0, 1, 6]
[0, 1, 3]
[0, 1, 2, 5]
[0, 1, 2, 4]
[0, 1, 2, 7]
[0, 1, 2, 6]
[0, 1, 2, 3]
[0, 1, 2, 5, 4]
0.4444444444444444 0.5
itercount --------> 11
[0, 1, 2]
[0, 1, 5]
[0, 1, 4]
[0, 1, 6]
[0, 1, 7]
[0, 1, 3]
[0, 1, 2, 5]
[0, 1, 2, 4]
[0, 1, 2, 6]
[0, 1, 2, 7]
[0, 1, 2, 3]
[0, 1, 2, 5, 4]
[0, 1, 2, 5, 6]
[0, 1, 2, 5, 7]
[0, 1, 2, 5, 3]
[0, 1, 2, 5, 4, 6]
[0, 1, 2, 5, 4, 7]
[0, 1, 2, 5, 4, 3]
[0, 1, 2, 5, 4, 6, 7]
[0, 1, 2, 5, 4, 6, 3]
0.5 0.5555555555555556
itercount --------> 12
[0, 1, 2]
[0, 1, 5]
[0, 1, 6]
[0, 1, 3]
[0, 1, 7]
[0, 1, 4]
[0, 1, 2, 5]
[0, 1, 2, 6]
[0, 1, 2, 3]
[0, 1, 2, 7]
[0, 1, 2, 4]
[0, 1, 2, 5, 6]
[0, 1, 2, 5, 3]
[0, 1, 2, 5, 7]
[0, 1, 2, 5, 4]
[0, 1, 2, 5, 6, 3]
[0, 1, 2, 5, 6, 7]
[0, 1, 2, 5, 6, 4]
[0, 1, 2, 5, 6, 3, 7]
[0, 1, 2, 5, 6, 3, 4]
[0, 1, 2, 5, 6, 3, 7, 4]
0.5555555555555556 0.7222222222222222
itercount --------> 13
[0, 1, 2]
[0, 1, 4]
[0, 1, 5]
[0, 1, 7]
[0, 1, 6]
[0, 1, 3]
[0, 1, 2, 4]
[0, 1, 2, 5]
[0, 1, 2, 7]
[0, 1, 2, 6]
[0, 1, 2, 3]
[0, 1, 2, 4, 5]
[0, 1, 2, 4, 7]
0.7222222222222222 0.8
itercount --------> 14
[4, 5, 7]
[4, 5, 0]
[4, 5, 1]
[4, 5, 2]
[4, 5, 3]
[4, 5, 6]
[4, 5, 7, 0]
[4, 5, 7, 1]
[4, 5, 7, 2]
[4, 5, 7, 3]
[4, 5, 7, 6]
[4, 5, 7, 0, 1]
[4, 5, 7, 0, 2]
[4, 5, 7, 0, 3]
[4, 5, 7, 0, 6]
[4, 5, 7, 0, 1, 2]
[4, 5, 7, 0, 1, 3]
[4, 5, 7, 0, 1, 6]
[4, 5, 7, 0, 1, 2, 3]
[4, 5, 7, 0, 1, 2, 6]
[4, 5, 7, 0, 1, 2, 3, 6]
failed -> 8 times
after fail n ======> 7
[0, 1, 2, 3, 5, 4, 6]
0.09615384615384616 0.1095890410958904
itercount --------> 1
[0, 1, 2]
0.1095890410958904 0.1951219512195122
itercount --------> 2
[2, 0, 1]
0.1951219512195122 0.32
itercount --------> 3
[0, 1, 2]
[0, 1, 3]
[0, 1, 7]
[0, 1, 4]
[0, 1, 5]
[0, 1, 6]
[0, 1, 2, 3]
0.32 0.37142857142857144
itercount --------> 4
[1, 0, 2]
[1, 0, 3]
[1, 0, 6]
[1, 0, 7]
[1, 0, 5]
0.37142857142857144 0.5789473684210527
itercount --------> 5
[0, 1, 2]
[0, 1, 5]
[0, 1, 6]
[0, 1, 7]
[0, 1, 4]
0.5789473684210527 0.6111111111111112
itercount --------> 6
[0, 1, 2]
[0, 1, 5]
[0, 1, 6]
[0, 1, 7]
[0, 1, 4]
[0, 1, 3]
[0, 1, 2, 5]
[0, 1, 2, 6]
[0, 1, 2, 7]
[0, 1, 2, 4]
[0, 1, 2, 3]
[0, 1, 2, 5, 6]
[0, 1, 2, 5, 7]
[0, 1, 2, 5, 4]
[0, 1, 2, 5, 3]
[0, 1, 2, 5, 6, 7]
[0, 1, 2, 5, 6, 4]
[0, 1, 2, 5, 6, 3]
[0, 1, 2, 5, 6, 7, 4]
[0, 1, 2, 5, 6, 7, 3]
[0, 1, 2, 5, 6, 7, 4, 3]
failed -> 9 times
after fail n ======> 8
[0, 1, 2, 3, 5, 4, 6, 7]
0.09615384615384616 0.10810810810810811
itercount --------> 1
[0, 1, 3]
0.10810810810810811 0.15
itercount --------> 2
[0, 1, 3]
[0, 1, 6]
0.15 0.16129032258064516
itercount --------> 3
[3, 0, 1]
[3, 0, 7]
[3, 0, 2]
0.16129032258064516 0.22727272727272727
itercount --------> 4
[3, 1, 6]
[3, 1, 7]
0.22727272727272727 0.25
itercount --------> 5
[3, 1, 0]
0.25 0.28
itercount --------> 6
[0, 3, 1]
[0, 3, 6]
0.28 0.3157894736842105
itercount --------> 7
[3, 0, 1]
0.3157894736842105 0.3333333333333333
itercount --------> 8
[3, 1, 7]
[3, 1, 4]
[3, 1, 6]
0.3333333333333333 0.3684210526315789
itercount --------> 9
[0, 1, 2]
[0, 1, 4]
[0, 1, 7]
[0, 1, 6]
[0, 1, 3]
[0, 1, 5]
[0, 1, 2, 4]
[0, 1, 2, 7]
[0, 1, 2, 6]
[0, 1, 2, 3]
0.3684210526315789 0.3888888888888889
itercount --------> 10
[0, 1, 2]
[0, 1, 5]
[0, 1, 7]
[0, 1, 3]
[0, 1, 6]
[0, 1, 4]
[0, 1, 2, 5]
[0, 1, 2, 7]
[0, 1, 2, 3]
[0, 1, 2, 6]
[0, 1, 2, 4]
[0, 1, 2, 5, 7]
[0, 1, 2, 5, 3]
[0, 1, 2, 5, 6]
[0, 1, 2, 5, 4]
[0, 1, 2, 5, 7, 3]
[0, 1, 2, 5, 7, 6]
[0, 1, 2, 5, 7, 4]
0.3888888888888889 0.5
itercount --------> 11
[0, 1, 2]
[0, 1, 5]
[0, 1, 3]
[0, 1, 6]
[0, 1, 4]
[0, 1, 7]
[0, 1, 2, 5]
[0, 1, 2, 3]
[0, 1, 2, 6]
[0, 1, 2, 4]
[0, 1, 2, 7]
[0, 1, 2, 5, 3]
[0, 1, 2, 5, 6]
[0, 1, 2, 5, 4]
[0, 1, 2, 5, 7]
[0, 1, 2, 5, 3, 6]
[0, 1, 2, 5, 3, 4]
[0, 1, 2, 5, 3, 7]
[0, 1, 2, 5, 3, 6, 4]
0.5 0.5454545454545454
itercount --------> 12
[2, 7, 0]
[2, 7, 6]
[2, 7, 3]
[2, 7, 4]
[2, 7, 1]
[2, 7, 5]
[2, 7, 0, 6]
[2, 7, 0, 3]
0.5454545454545454 0.5714285714285714
itercount --------> 13
[0, 6, 7]
[0, 6, 4]
[0, 6, 2]
[0, 6, 3]
[0, 6, 1]
0.5714285714285714 0.631578947368421
itercount --------> 14
[7, 0, 2]
[7, 0, 4]
[7, 0, 6]
[7, 0, 1]
[7, 0, 5]
[7, 0, 3]
[7, 0, 2, 4]
[7, 0, 2, 6]
[7, 0, 2, 1]
0.631578947368421 0.6666666666666666
itercount --------> 15
[0, 1, 2]
[0, 1, 5]
[0, 1, 7]
[0, 1, 6]
[0, 1, 4]
[0, 1, 3]
[0, 1, 2, 5]
[0, 1, 2, 7]
[0, 1, 2, 6]
[0, 1, 2, 4]
[0, 1, 2, 3]
[0, 1, 2, 5, 7]
[0, 1, 2, 5, 6]
[0, 1, 2, 5, 4]
[0, 1, 2, 5, 3]
[0, 1, 2, 5, 7, 6]
[0, 1, 2, 5, 7, 4]
[0, 1, 2, 5, 7, 3]
[0, 1, 2, 5, 7, 6, 4]
[0, 1, 2, 5, 7, 6, 3]
[0, 1, 2, 5, 7, 6, 4, 3]
failed -> 10 times
after fail n ======> 5
[0, 1, 2, 3, 5]
0.09615384615384616 0.22727272727272727
itercount --------> 1
[0, 1, 2]
[0, 1, 3]
0.22727272727272727 0.28
itercount --------> 2
[0, 3, 6]
0.28 0.3076923076923077
itercount --------> 3
[0, 3, 6]
0.3076923076923077 0.34615384615384615
itercount --------> 4
[0, 1, 2]
[0, 1, 6]
0.34615384615384615 0.43333333333333335
itercount --------> 5
[0, 1, 2]
0.43333333333333335 0.52
itercount --------> 6
[0, 1, 2]
[0, 1, 6]
[0, 1, 7]
0.52 0.5416666666666666
itercount --------> 7
[0, 7, 3]
[0, 7, 6]
[0, 7, 1]
[0, 7, 2]
[0, 7, 4]
[0, 7, 5]
0.5416666666666666 0.5789473684210527
itercount --------> 8
[0, 1, 2]
[0, 1, 6]
[0, 1, 5]
0.5789473684210527 0.6111111111111112
itercount --------> 9
[0, 1, 2]
[0, 1, 5]
[0, 1, 6]
[0, 1, 7]
[0, 1, 4]
[0, 1, 3]
[0, 1, 2, 5]
[0, 1, 2, 6]
[0, 1, 2, 7]
[0, 1, 2, 4]
[0, 1, 2, 3]
[0, 1, 2, 5, 6]
[0, 1, 2, 5, 7]
[0, 1, 2, 5, 4]
[0, 1, 2, 5, 3]
[0, 1, 2, 5, 6, 7]
[0, 1, 2, 5, 6, 4]
[0, 1, 2, 5, 6, 3]
[0, 1, 2, 5, 6, 7, 4]
[0, 1, 2, 5, 6, 7, 3]
[0, 1, 2, 5, 6, 7, 4, 3]
failed -> 11 times
after fail n ======> 6
[0, 1, 2, 3, 5, 4]
0.09615384615384616 0.125
itercount --------> 1
[0, 3, 6]
0.125 0.27586206896551724
itercount --------> 2
[0, 6, 3]
0.27586206896551724 0.45454545454545453
itercount --------> 3
[0, 3, 6]
[0, 3, 1]
0.45454545454545453 0.5263157894736842
itercount --------> 4
[0, 1, 2]
[0, 1, 5]
[0, 1, 6]
[0, 1, 3]
[0, 1, 7]
[0, 1, 4]
[0, 1, 2, 5]
[0, 1, 2, 6]
[0, 1, 2, 3]
[0, 1, 2, 7]
[0, 1, 2, 4]
[0, 1, 2, 5, 6]
0.5263157894736842 0.5789473684210527
itercount --------> 5
[0, 1, 2]
[0, 1, 5]
[0, 1, 6]
[0, 1, 7]
[0, 1, 3]
[0, 1, 4]
[0, 1, 2, 5]
[0, 1, 2, 6]
[0, 1, 2, 7]
0.5789473684210527 0.6111111111111112
itercount --------> 6
[0, 1, 2]
[0, 1, 5]
[0, 1, 6]
[0, 1, 7]
[0, 1, 3]
[0, 1, 4]
[0, 1, 2, 5]
[0, 1, 2, 6]
[0, 1, 2, 7]
[0, 1, 2, 3]
[0, 1, 2, 4]
[0, 1, 2, 5, 6]
[0, 1, 2, 5, 7]
[0, 1, 2, 5, 3]
[0, 1, 2, 5, 4]
[0, 1, 2, 5, 6, 7]
[0, 1, 2, 5, 6, 3]
[0, 1, 2, 5, 6, 4]
[0, 1, 2, 5, 6, 7, 3]
[0, 1, 2, 5, 6, 7, 4]
[0, 1, 2, 5, 6, 7, 3, 4]
failed -> 12 times
after fail n ======> 7
[0, 1, 2, 3, 5, 4, 6]
0.09615384615384616 0.1095890410958904
itercount --------> 1
[0, 1, 2]
0.1095890410958904 0.1951219512195122
itercount --------> 2
[1, 0, 2]
[1, 0, 3]
0.1951219512195122 0.2222222222222222
itercount --------> 3
[1, 0, 3]
0.2222222222222222 0.23214285714285715
itercount --------> 4
[1, 0, 2]
0.23214285714285715 0.43333333333333335
itercount --------> 5
[0, 1, 2]
0.43333333333333335 0.52
itercount --------> 6
[0, 1, 2]
[0, 1, 6]
[0, 1, 7]
[0, 1, 3]
[0, 1, 5]
0.52 0.5416666666666666
itercount --------> 7
[0, 6, 3]
[0, 6, 7]
[0, 6, 1]
[0, 6, 2]
[0, 6, 4]
[0, 6, 5]
[0, 6, 3, 7]
[0, 6, 3, 1]
[0, 6, 3, 2]
[0, 6, 3, 4]
[0, 6, 3, 5]
0.5416666666666666 0.5789473684210527
itercount --------> 8
[0, 1, 2]
[0, 1, 5]
[0, 1, 6]
[0, 1, 7]
[0, 1, 4]
[0, 1, 3]
[0, 1, 2, 5]
[0, 1, 2, 6]
[0, 1, 2, 7]
[0, 1, 2, 4]
[0, 1, 2, 3]
[0, 1, 2, 5, 6]
[0, 1, 2, 5, 7]
0.5789473684210527 0.6666666666666666
itercount --------> 9
[0, 1, 2]
[0, 1, 5]
[0, 1, 6]
[0, 1, 7]
[0, 1, 4]
[0, 1, 3]
[0, 1, 2, 5]
[0, 1, 2, 6]
[0, 1, 2, 7]
[0, 1, 2, 4]
[0, 1, 2, 3]
[0, 1, 2, 5, 6]
[0, 1, 2, 5, 7]
[0, 1, 2, 5, 4]
[0, 1, 2, 5, 3]
[0, 1, 2, 5, 6, 7]
[0, 1, 2, 5, 6, 4]
[0, 1, 2, 5, 6, 3]
[0, 1, 2, 5, 6, 7, 4]
[0, 1, 2, 5, 6, 7, 3]
[0, 1, 2, 5, 6, 7, 4, 3]
failed -> 13 times
after fail n ======> 8
[0, 1, 2, 3, 5, 4, 6, 7]
0.09615384615384616 0.11842105263157894
itercount --------> 1
[0, 2, 1]
[0, 2, 5]
0.11842105263157894 0.1702127659574468
itercount --------> 2
[1, 2, 0]
0.1702127659574468 0.2857142857142857
itercount --------> 3
[0, 5, 1]
0.2857142857142857 0.34782608695652173
itercount --------> 4
[1, 2, 5]
[1, 2, 0]
0.34782608695652173 0.38095238095238093
itercount --------> 5
[0, 1, 2]
[0, 1, 5]
[0, 1, 6]
0.38095238095238093 0.42857142857142855
itercount --------> 6
[0, 1, 2]
[0, 1, 5]
[0, 1, 6]
[0, 1, 3]
[0, 1, 7]
[0, 1, 4]
[0, 1, 2, 5]
[0, 1, 2, 6]
[0, 1, 2, 3]
[0, 1, 2, 7]
[0, 1, 2, 4]
[0, 1, 2, 5, 6]
[0, 1, 2, 5, 3]
[0, 1, 2, 5, 7]
[0, 1, 2, 5, 4]
[0, 1, 2, 5, 6, 3]
0.42857142857142855 0.45
itercount --------> 7
[3, 4, 6]
[3, 4, 7]
[3, 4, 0]
[3, 4, 1]
[3, 4, 2]
[3, 4, 5]
[3, 4, 6, 7]
[3, 4, 6, 0]
[3, 4, 6, 1]
[3, 4, 6, 2]
0.45 0.5789473684210527
itercount --------> 8
[0, 1, 2]
[0, 1, 5]
[0, 1, 6]
[0, 1, 7]
[0, 1, 4]
[0, 1, 3]
[0, 1, 2, 5]
[0, 1, 2, 6]
[0, 1, 2, 7]
[0, 1, 2, 4]
[0, 1, 2, 3]
[0, 1, 2, 5, 6]
[0, 1, 2, 5, 7]
0.5789473684210527 0.6111111111111112
itercount --------> 9
[0, 1, 2]
[0, 1, 5]
[0, 1, 6]
[0, 1, 7]
[0, 1, 4]
[0, 1, 3]
[0, 1, 2, 5]
[0, 1, 2, 6]
[0, 1, 2, 7]
[0, 1, 2, 4]
[0, 1, 2, 3]
[0, 1, 2, 5, 6]
[0, 1, 2, 5, 7]
[0, 1, 2, 5, 4]
[0, 1, 2, 5, 3]
[0, 1, 2, 5, 6, 7]
[0, 1, 2, 5, 6, 4]
[0, 1, 2, 5, 6, 3]
[0, 1, 2, 5, 6, 7, 4]
[0, 1, 2, 5, 6, 7, 3]
[0, 1, 2, 5, 6, 7, 4, 3]
failed -> 14 times
after fail n ======> 5
[0, 1, 2, 3, 5]
0.09615384615384616 0.15217391304347827
itercount --------> 1
[1, 0, 2]
0.15217391304347827 0.25
itercount --------> 2
[5, 3, 0]
[5, 3, 1]
0.25 0.26666666666666666
itercount --------> 3
[0, 1, 2]
[0, 1, 5]
0.26666666666666666 0.375
itercount --------> 4
[5, 0, 1]
[5, 0, 2]
[5, 0, 6]
[5, 0, 3]
[5, 0, 4]
[5, 0, 7]
[5, 0, 1, 2]
[5, 0, 1, 6]
[5, 0, 1, 3]
0.375 0.44
itercount --------> 5
[5, 0, 1]
[5, 0, 2]
[5, 0, 6]
[5, 0, 3]
[5, 0, 7]
[5, 0, 4]
[5, 0, 1, 2]
[5, 0, 1, 6]
[5, 0, 1, 3]
[5, 0, 1, 7]
[5, 0, 1, 4]
[5, 0, 1, 2, 6]
[5, 0, 1, 2, 3]
[5, 0, 1, 2, 7]
[5, 0, 1, 2, 4]
[5, 0, 1, 2, 6, 3]
0.44 0.5
itercount --------> 6
[0, 1, 2]
[0, 1, 5]
0.5 0.5789473684210527
itercount --------> 7
[0, 1, 2]
[0, 1, 5]
[0, 1, 6]
[0, 1, 7]
[0, 1, 4]
[0, 1, 3]
[0, 1, 2, 5]
0.5789473684210527 0.6190476190476191
itercount --------> 8
[5, 3, 7]
[5, 3, 6]
[5, 3, 0]
[5, 3, 1]
[5, 3, 2]
[5, 3, 4]
[5, 3, 7, 6]
[5, 3, 7, 0]
[5, 3, 7, 1]
[5, 3, 7, 2]
[5, 3, 7, 4]
[5, 3, 7, 6, 0]
[5, 3, 7, 6, 1]
[5, 3, 7, 6, 2]
[5, 3, 7, 6, 4]
[5, 3, 7, 6, 0, 1]
[5, 3, 7, 6, 0, 2]
[5, 3, 7, 6, 0, 4]
[5, 3, 7, 6, 0, 1, 2]
[5, 3, 7, 6, 0, 1, 4]
[5, 3, 7, 6, 0, 1, 2, 4]
failed -> 15 times
after fail n ======> 6
[0, 1, 2, 3, 5, 4]
0.09615384615384616 0.11538461538461539
itercount --------> 1
[0, 3, 4]
0.11538461538461539 0.125
itercount --------> 2
[0, 3, 6]
0.125 0.12903225806451613
itercount --------> 3
[0, 4, 6]
0.12903225806451613 0.15625
itercount --------> 4
[0, 4, 3]
0.15625 0.17391304347826086
itercount --------> 5
[4, 1, 2]
0.17391304347826086 0.2222222222222222
itercount --------> 6
[0, 1, 2]
[0, 1, 4]
[0, 1, 5]
0.2222222222222222 0.22727272727272727
itercount --------> 7
[4, 0, 3]
[4, 0, 6]
0.22727272727272727 0.25
itercount --------> 8
[4, 0, 3]
[4, 0, 7]
[4, 0, 6]
[4, 0, 1]
0.25 0.2631578947368421
itercount --------> 9
[4, 0, 1]
0.2631578947368421 0.39285714285714285
itercount --------> 10
[0, 6, 5]
0.39285714285714285 0.45454545454545453
itercount --------> 11
[0, 6, 1]
[0, 6, 3]
[0, 6, 5]
0.45454545454545453 0.5263157894736842
itercount --------> 12
[0, 1, 3]
[0, 1, 6]
[0, 1, 5]
[0, 1, 2]
0.5263157894736842 0.5555555555555556
itercount --------> 13
[0, 1, 2]
[0, 1, 5]
[0, 1, 6]
[0, 1, 3]
[0, 1, 7]
[0, 1, 4]
[0, 1, 2, 5]
[0, 1, 2, 6]
[0, 1, 2, 3]
[0, 1, 2, 7]
[0, 1, 2, 4]
[0, 1, 2, 5, 6]
[0, 1, 2, 5, 3]
[0, 1, 2, 5, 7]
[0, 1, 2, 5, 4]
[0, 1, 2, 5, 6, 3]
[0, 1, 2, 5, 6, 7]
[0, 1, 2, 5, 6, 4]
0.5555555555555556 0.6111111111111112
itercount --------> 14
[0, 1, 2]
[0, 1, 5]
[0, 1, 6]
[0, 1, 7]
[0, 1, 3]
[0, 1, 4]
[0, 1, 2, 5]
[0, 1, 2, 6]
[0, 1, 2, 7]
[0, 1, 2, 3]
[0, 1, 2, 4]
[0, 1, 2, 5, 6]
[0, 1, 2, 5, 7]
[0, 1, 2, 5, 3]
[0, 1, 2, 5, 4]
[0, 1, 2, 5, 6, 7]
[0, 1, 2, 5, 6, 3]
[0, 1, 2, 5, 6, 4]
[0, 1, 2, 5, 6, 7, 3]
[0, 1, 2, 5, 6, 7, 4]
[0, 1, 2, 5, 6, 7, 3, 4]
failed -> 16 times
after fail n ======> 7
[0, 1, 2, 3, 5, 4, 6]
0.09615384615384616 0.15217391304347827
itercount --------> 1
[1, 0, 2]
0.15217391304347827 0.25
itercount --------> 2
[5, 3, 0]
0.25 0.34375
itercount --------> 3
[0, 5, 1]
0.34375 0.375
itercount --------> 4
[0, 6, 1]
0.375 0.38095238095238093
itercount --------> 5
[0, 1, 2]
[0, 1, 5]
0.38095238095238093 0.42857142857142855
itercount --------> 6
[0, 1, 2]
[0, 1, 5]
[0, 1, 6]
[0, 1, 7]
[0, 1, 3]
[0, 1, 4]
[0, 1, 2, 5]
[0, 1, 2, 6]
0.42857142857142855 0.44
itercount --------> 7
[0, 5, 6]
[0, 5, 3]
[0, 5, 1]
[0, 5, 2]
[0, 5, 7]
[0, 5, 4]
[0, 5, 6, 3]
0.44 0.5652173913043478
itercount --------> 8
[5, 3, 0]
[5, 3, 1]
[5, 3, 2]
[5, 3, 7]
[5, 3, 6]
[5, 3, 4]
[5, 3, 0, 1]
[5, 3, 0, 2]
[5, 3, 0, 7]
[5, 3, 0, 6]
[5, 3, 0, 4]
[5, 3, 0, 1, 2]
0.5652173913043478 0.6190476190476191
itercount --------> 9
[5, 3, 7]
[5, 3, 6]
[5, 3, 0]
[5, 3, 1]
[5, 3, 2]
[5, 3, 4]
[5, 3, 7, 6]
[5, 3, 7, 0]
[5, 3, 7, 1]
[5, 3, 7, 2]
[5, 3, 7, 4]
[5, 3, 7, 6, 0]
[5, 3, 7, 6, 1]
[5, 3, 7, 6, 2]
[5, 3, 7, 6, 4]
[5, 3, 7, 6, 0, 1]
[5, 3, 7, 6, 0, 2]
[5, 3, 7, 6, 0, 4]
[5, 3, 7, 6, 0, 1, 2]
[5, 3, 7, 6, 0, 1, 4]
[5, 3, 7, 6, 0, 1, 2, 4]
failed -> 17 times
after fail n ======> 8
[0, 1, 2, 3, 5, 4, 6, 7]
0.09615384615384616 0.175
itercount --------> 1
[2, 0, 3]
0.175 0.34375
itercount --------> 2
[0, 3, 4]
[0, 3, 6]
0.34375 0.37142857142857144
itercount --------> 3
[0, 1, 2]
0.37142857142857144 0.43333333333333335
itercount --------> 4
[0, 1, 2]
0.43333333333333335 0.52
itercount --------> 5
[0, 1, 2]
[0, 1, 6]
[0, 1, 7]
0.52 0.5416666666666666
itercount --------> 6
[0, 1, 2]
[0, 1, 6]
[0, 1, 7]
[0, 1, 3]
[0, 1, 5]
0.5416666666666666 0.5789473684210527
itercount --------> 7
[0, 1, 2]
[0, 1, 6]
[0, 1, 5]
0.5789473684210527 0.6111111111111112
itercount --------> 8
[0, 1, 2]
[0, 1, 5]
[0, 1, 6]
[0, 1, 7]
[0, 1, 4]
[0, 1, 3]
[0, 1, 2, 5]
[0, 1, 2, 6]
[0, 1, 2, 7]
[0, 1, 2, 4]
[0, 1, 2, 3]
[0, 1, 2, 5, 6]
[0, 1, 2, 5, 7]
[0, 1, 2, 5, 4]
[0, 1, 2, 5, 3]
[0, 1, 2, 5, 6, 7]
[0, 1, 2, 5, 6, 4]
[0, 1, 2, 5, 6, 3]
[0, 1, 2, 5, 6, 7, 4]
[0, 1, 2, 5, 6, 7, 3]
[0, 1, 2, 5, 6, 7, 4, 3]
failed -> 18 times
after fail n ======> 5
[0, 1, 2, 3, 5]
0.09615384615384616 0.15625
itercount --------> 1
[1, 3, 5]
0.15625 0.16666666666666666
itercount --------> 2
[1, 0, 2]
0.16666666666666666 0.23809523809523808
itercount --------> 3
[0, 1, 2]
[0, 1, 5]
0.23809523809523808 0.25
itercount --------> 4
[5, 3, 0]
0.25 0.26666666666666666
itercount --------> 5
[0, 1, 2]
[0, 1, 5]
0.26666666666666666 0.34615384615384615
itercount --------> 6
[5, 3, 0]
[5, 3, 1]
0.34615384615384615 0.375
itercount --------> 7
[0, 1, 2]
[0, 1, 5]
[0, 1, 6]
0.375 0.38095238095238093
itercount --------> 8
[0, 1, 2]
[0, 1, 5]
[0, 1, 6]
[0, 1, 3]
0.38095238095238093 0.42105263157894735
itercount --------> 9
[0, 1, 2]
[0, 1, 5]
[0, 1, 6]
0.42105263157894735 0.42857142857142855
itercount --------> 10
[0, 2, 5]
[0, 2, 1]
0.42857142857142855 0.47368421052631576
itercount --------> 11
[0, 1, 2]
[0, 1, 5]
[0, 1, 6]
[0, 1, 3]
[0, 1, 4]
[0, 1, 7]
[0, 1, 2, 5]
[0, 1, 2, 6]
[0, 1, 2, 3]
[0, 1, 2, 4]
0.47368421052631576 0.5
itercount --------> 12
[0, 1, 2]
[0, 1, 5]
[0, 1, 6]
[0, 1, 7]
[0, 1, 3]
[0, 1, 4]
[0, 1, 2, 5]
[0, 1, 2, 6]
[0, 1, 2, 7]
[0, 1, 2, 3]
[0, 1, 2, 4]
[0, 1, 2, 5, 6]
[0, 1, 2, 5, 7]
[0, 1, 2, 5, 3]
[0, 1, 2, 5, 4]
[0, 1, 2, 5, 6, 7]
[0, 1, 2, 5, 6, 3]
0.5 0.6111111111111112
itercount --------> 13
[0, 1, 2]
[0, 1, 5]
[0, 1, 6]
[0, 1, 7]
[0, 1, 4]
[0, 1, 3]
[0, 1, 2, 5]
[0, 1, 2, 6]
[0, 1, 2, 7]
[0, 1, 2, 4]
[0, 1, 2, 3]
[0, 1, 2, 5, 6]
[0, 1, 2, 5, 7]
[0, 1, 2, 5, 4]
[0, 1, 2, 5, 3]
[0, 1, 2, 5, 6, 7]
[0, 1, 2, 5, 6, 4]
[0, 1, 2, 5, 6, 3]
[0, 1, 2, 5, 6, 7, 4]
[0, 1, 2, 5, 6, 7, 3]
[0, 1, 2, 5, 6, 7, 4, 3]
failed -> 19 times
after fail n ======> 6
[0, 1, 2, 3, 5, 4]
0.09615384615384616 0.125
itercount --------> 1
[0, 3, 6]
0.125 0.27586206896551724
itercount --------> 2
[0, 6, 3]
0.27586206896551724 0.3157894736842105
itercount --------> 3
[0, 1, 2]
[0, 1, 5]
[0, 1, 3]
0.3157894736842105 0.45454545454545453
itercount --------> 4
[0, 3, 6]
[0, 3, 1]
[0, 3, 2]
0.45454545454545453 0.5263157894736842
itercount --------> 5
[0, 1, 2]
[0, 1, 5]
[0, 1, 6]
[0, 1, 3]
[0, 1, 7]
[0, 1, 4]
[0, 1, 2, 5]
[0, 1, 2, 6]
[0, 1, 2, 3]
[0, 1, 2, 7]
[0, 1, 2, 4]
[0, 1, 2, 5, 6]
[0, 1, 2, 5, 3]
[0, 1, 2, 5, 7]
[0, 1, 2, 5, 4]
[0, 1, 2, 5, 6, 3]
[0, 1, 2, 5, 6, 7]
[0, 1, 2, 5, 6, 4]
[0, 1, 2, 5, 6, 3, 7]
[0, 1, 2, 5, 6, 3, 4]
[0, 1, 2, 5, 6, 3, 7, 4]
failed -> 20 times
after fail n ======> 7
[0, 1, 2, 3, 5, 4, 6]
0.09615384615384616 0.12903225806451613
itercount --------> 1
[2, 0, 1]
0.12903225806451613 0.3181818181818182
itercount --------> 2
[0, 1, 2]
[0, 1, 3]
0.3181818181818182 0.39285714285714285
itercount --------> 3
[0, 6, 2]
[0, 6, 1]
0.39285714285714285 0.44
itercount --------> 4
[3, 7, 4]
0.44 0.4583333333333333
itercount --------> 5
[4, 5, 7]
0.4583333333333333 0.52
itercount --------> 6
[4, 0, 2]
[4, 0, 5]
[4, 0, 1]
[4, 0, 3]
0.52 0.6071428571428571
itercount --------> 7
[0, 2, 1]
[0, 2, 4]
[0, 2, 7]
[0, 2, 5]
[0, 2, 3]
[0, 2, 6]
[0, 2, 1, 4]
[0, 2, 1, 7]
[0, 2, 1, 5]
0.6071428571428571 0.625
itercount --------> 8
[0, 1, 2]
[0, 1, 5]
[0, 1, 3]
[0, 1, 4]
[0, 1, 7]
[0, 1, 6]
[0, 1, 2, 5]
[0, 1, 2, 3]
[0, 1, 2, 4]
0.625 0.6521739130434783
itercount --------> 9
[0, 1, 2]
[0, 1, 5]
[0, 1, 3]
[0, 1, 4]
[0, 1, 7]
[0, 1, 6]
[0, 1, 2, 5]
0.6521739130434783 0.7142857142857143
itercount --------> 10
[0, 1, 2]
[0, 1, 5]
[0, 1, 3]
[0, 1, 4]
[0, 1, 7]
0.7142857142857143 0.75
itercount --------> 11
[5, 0, 1]
[5, 0, 2]
[5, 0, 3]
[5, 0, 4]
[5, 0, 7]
[5, 0, 6]
[5, 0, 1, 2]
[5, 0, 1, 3]
[5, 0, 1, 4]
[5, 0, 1, 7]
[5, 0, 1, 6]
0.75 0.7894736842105263
itercount --------> 12
[5, 3, 0]
[5, 3, 1]
[5, 3, 2]
[5, 3, 4]
[5, 3, 7]
[5, 3, 6]
[5, 3, 0, 1]
[5, 3, 0, 2]
[5, 3, 0, 4]
[5, 3, 0, 7]
[5, 3, 0, 6]
[5, 3, 0, 1, 2]
[5, 3, 0, 1, 4]
[5, 3, 0, 1, 7]
[5, 3, 0, 1, 6]
[5, 3, 0, 1, 2, 4]
[5, 3, 0, 1, 2, 7]
[5, 3, 0, 1, 2, 6]
[5, 3, 0, 1, 2, 4, 7]
[5, 3, 0, 1, 2, 4, 6]
[5, 3, 0, 1, 2, 4, 7, 6]
failed -> 21 times
after fail n ======> 8
[0, 1, 2, 3, 5, 4, 6, 7]
0.09615384615384616 0.10810810810810811
itercount --------> 1
[0, 1, 3]
0.10810810810810811 0.11538461538461539
itercount --------> 2
[1, 3, 0]
0.11538461538461539 0.15
itercount --------> 3
[0, 1, 3]
0.15 0.16
itercount --------> 4
[1, 2, 3]
[1, 2, 5]
0.16 0.17391304347826086
itercount --------> 5
[6, 5, 1]
0.17391304347826086 0.18181818181818182
itercount --------> 6
[2, 5, 3]
0.18181818181818182 0.20689655172413793
itercount --------> 7
[6, 2, 3]
[6, 2, 4]
0.20689655172413793 0.32
itercount --------> 8
[2, 6, 3]
0.32 0.391304347826087
itercount --------> 9
[6, 2, 5]
0.391304347826087 0.42105263157894735
itercount --------> 10
[2, 6, 4]
[2, 6, 7]
0.42105263157894735 0.5217391304347826
itercount --------> 11
[2, 0, 1]
0.5217391304347826 0.55
itercount --------> 12
[2, 6, 0]
[2, 6, 1]
[2, 6, 4]
[2, 6, 5]
0.55 0.5789473684210527
itercount --------> 13
[0, 1, 2]
[0, 1, 5]
[0, 1, 4]
[0, 1, 6]
[0, 1, 3]
[0, 1, 7]
0.5789473684210527 0.6111111111111112
itercount --------> 14
[0, 1, 2]
[0, 1, 5]
[0, 1, 4]
[0, 1, 6]
[0, 1, 7]
[0, 1, 3]
[0, 1, 2, 5]
[0, 1, 2, 4]
[0, 1, 2, 6]
[0, 1, 2, 7]
[0, 1, 2, 3]
[0, 1, 2, 5, 4]
[0, 1, 2, 5, 6]
[0, 1, 2, 5, 7]
[0, 1, 2, 5, 3]
[0, 1, 2, 5, 4, 6]
[0, 1, 2, 5, 4, 7]
[0, 1, 2, 5, 4, 3]
[0, 1, 2, 5, 4, 6, 7]
[0, 1, 2, 5, 4, 6, 3]
[0, 1, 2, 5, 4, 6, 7, 3]
failed -> 22 times
after fail n ======> 5
[0, 1, 2, 3, 5]
0.09615384615384616 0.1125
itercount --------> 1
[0, 2, 1]
0.1125 0.20454545454545456
itercount --------> 2
[5, 1, 0]
0.20454545454545456 0.2926829268292683
itercount --------> 3
[0, 2, 5]
0.2926829268292683 0.375
itercount --------> 4
[0, 1, 2]
[0, 1, 5]
[0, 1, 6]
0.375 0.38095238095238093
itercount --------> 5
[0, 1, 2]
[0, 1, 5]
[0, 1, 6]
0.38095238095238093 0.42857142857142855
itercount --------> 6
[0, 1, 2]
[0, 1, 5]
[0, 1, 6]
[0, 1, 3]
[0, 1, 7]
[0, 1, 4]
[0, 1, 2, 5]
[0, 1, 2, 6]
[0, 1, 2, 3]
[0, 1, 2, 7]
[0, 1, 2, 4]
[0, 1, 2, 5, 6]
[0, 1, 2, 5, 3]
[0, 1, 2, 5, 7]
[0, 1, 2, 5, 4]
0.42857142857142855 0.45
itercount --------> 7
[5, 3, 6]
[5, 3, 4]
[5, 3, 7]
[5, 3, 0]
[5, 3, 1]
[5, 3, 2]
0.45 0.47368421052631576
itercount --------> 8
[0, 1, 2]
[0, 1, 5]
[0, 1, 6]
[0, 1, 4]
[0, 1, 3]
[0, 1, 7]
[0, 1, 2, 5]
[0, 1, 2, 6]
[0, 1, 2, 4]
[0, 1, 2, 3]
[0, 1, 2, 7]
[0, 1, 2, 5, 6]
[0, 1, 2, 5, 4]
[0, 1, 2, 5, 3]
[0, 1, 2, 5, 7]
[0, 1, 2, 5, 6, 4]
[0, 1, 2, 5, 6, 3]
0.47368421052631576 0.6111111111111112
itercount --------> 9
[0, 1, 2]
[0, 1, 5]
[0, 1, 6]
[0, 1, 7]
[0, 1, 4]
[0, 1, 3]
[0, 1, 2, 5]
[0, 1, 2, 6]
[0, 1, 2, 7]
[0, 1, 2, 4]
[0, 1, 2, 3]
[0, 1, 2, 5, 6]
[0, 1, 2, 5, 7]
[0, 1, 2, 5, 4]
[0, 1, 2, 5, 3]
[0, 1, 2, 5, 6, 7]
[0, 1, 2, 5, 6, 4]
[0, 1, 2, 5, 6, 3]
[0, 1, 2, 5, 6, 7, 4]
[0, 1, 2, 5, 6, 7, 3]
[0, 1, 2, 5, 6, 7, 4, 3]
failed -> 23 times
after fail n ======> 6
[0, 1, 2, 3, 5, 4]
0.09615384615384616 0.15625
itercount --------> 1
[0, 3, 5]
[0, 3, 1]
0.15625 0.28
itercount --------> 2
[0, 3, 6]
0.28 0.3076923076923077
itercount --------> 3
[0, 3, 6]
[0, 3, 4]
[0, 3, 7]
[0, 3, 1]
0.3076923076923077 0.34375
itercount --------> 4
[0, 3, 1]
[0, 3, 4]
[0, 3, 6]
[0, 3, 7]
[0, 3, 2]
0.34375 0.44
itercount --------> 5
[3, 7, 4]
0.44 0.52
itercount --------> 6
[4, 1, 2]
[4, 1, 5]
[4, 1, 0]
[4, 1, 3]
[4, 1, 6]
[4, 1, 7]
[4, 1, 2, 5]
[4, 1, 2, 0]
[4, 1, 2, 3]
0.52 0.6071428571428571
itercount --------> 7
[1, 2, 0]
[1, 2, 4]
[1, 2, 7]
[1, 2, 5]
[1, 2, 3]
[1, 2, 6]
[1, 2, 0, 4]
[1, 2, 0, 7]
[1, 2, 0, 5]
0.6071428571428571 0.625
itercount --------> 8
[0, 1, 2]
[0, 1, 5]
[0, 1, 3]
[0, 1, 4]
0.625 0.6521739130434783
itercount --------> 9
[0, 2, 1]
[0, 2, 5]
0.6521739130434783 0.7142857142857143
itercount --------> 10
[0, 1, 2]
[0, 1, 5]
[0, 1, 3]
[0, 1, 4]
[0, 1, 7]
[0, 1, 6]
[0, 1, 2, 5]
[0, 1, 2, 3]
[0, 1, 2, 4]
[0, 1, 2, 7]
[0, 1, 2, 6]
[0, 1, 2, 5, 3]
0.7142857142857143 0.75
itercount --------> 11
[5, 0, 1]
[5, 0, 2]
[5, 0, 3]
[5, 0, 4]
[5, 0, 7]
[5, 0, 6]
[5, 0, 1, 2]
[5, 0, 1, 3]
[5, 0, 1, 4]
[5, 0, 1, 7]
[5, 0, 1, 6]
[5, 0, 1, 2, 3]
[5, 0, 1, 2, 4]
[5, 0, 1, 2, 7]
0.75 0.7894736842105263
itercount --------> 12
[5, 3, 0]
[5, 3, 1]
[5, 3, 2]
[5, 3, 4]
[5, 3, 7]
[5, 3, 6]
[5, 3, 0, 1]
[5, 3, 0, 2]
[5, 3, 0, 4]
[5, 3, 0, 7]
[5, 3, 0, 6]
[5, 3, 0, 1, 2]
[5, 3, 0, 1, 4]
[5, 3, 0, 1, 7]
[5, 3, 0, 1, 6]
[5, 3, 0, 1, 2, 4]
[5, 3, 0, 1, 2, 7]
[5, 3, 0, 1, 2, 6]
[5, 3, 0, 1, 2, 4, 7]
[5, 3, 0, 1, 2, 4, 6]
[5, 3, 0, 1, 2, 4, 7, 6]
failed -> 24 times
after fail n ======> 7
[0, 1, 2, 3, 5, 4, 6]
0.09615384615384616 0.10810810810810811
itercount --------> 1
[0, 1, 3]
0.10810810810810811 0.15
itercount --------> 2
[0, 1, 3]
0.15 0.16
itercount --------> 3
[1, 2, 3]
0.16 0.22727272727272727
itercount --------> 4
[1, 2, 6]
0.22727272727272727 0.3076923076923077
itercount --------> 5
[2, 3, 6]
0.3076923076923077 0.34615384615384615
itercount --------> 6
[2, 1, 6]
0.34615384615384615 0.38095238095238093
itercount --------> 7
[1, 2, 6]
[1, 2, 0]
[1, 2, 3]
[1, 2, 5]
0.38095238095238093 0.42105263157894735
itercount --------> 8
[0, 1, 2]
[0, 1, 5]
[0, 1, 6]
[0, 1, 3]
[0, 1, 4]
[0, 1, 7]
[0, 1, 2, 5]
[0, 1, 2, 6]
0.42105263157894735 0.4583333333333333
itercount --------> 9
[2, 1, 3]
[2, 1, 6]
[2, 1, 7]
[2, 1, 0]
0.4583333333333333 0.5789473684210527
itercount --------> 10
[0, 1, 2]
[0, 1, 5]
[0, 1, 6]
[0, 1, 7]
[0, 1, 4]
[0, 1, 3]
[0, 1, 2, 5]
[0, 1, 2, 6]
[0, 1, 2, 7]
[0, 1, 2, 4]
[0, 1, 2, 3]
[0, 1, 2, 5, 6]
[0, 1, 2, 5, 7]
0.5789473684210527 0.6666666666666666
itercount --------> 11
[0, 1, 2]
[0, 1, 5]
[0, 1, 6]
[0, 1, 7]
[0, 1, 4]
[0, 1, 3]
[0, 1, 2, 5]
[0, 1, 2, 6]
[0, 1, 2, 7]
[0, 1, 2, 4]
[0, 1, 2, 3]
[0, 1, 2, 5, 6]
[0, 1, 2, 5, 7]
[0, 1, 2, 5, 4]
[0, 1, 2, 5, 3]
[0, 1, 2, 5, 6, 7]
[0, 1, 2, 5, 6, 4]
[0, 1, 2, 5, 6, 3]
[0, 1, 2, 5, 6, 7, 4]
[0, 1, 2, 5, 6, 7, 3]
[0, 1, 2, 5, 6, 7, 4, 3]
failed -> 25 times
after fail n ======> 8
[0, 1, 2, 3, 5, 4, 6, 7]
0.09615384615384616 0.11538461538461539
itercount --------> 1
[2, 3, 4]
0.11538461538461539 0.125
itercount --------> 2
[2, 4, 7]
0.125 0.18518518518518517
itercount --------> 3
[2, 6, 4]
0.18518518518518517 0.2
itercount --------> 4
[2, 3, 4]
[2, 3, 6]
0.2 0.2222222222222222
itercount --------> 5
[2, 4, 7]
0.2222222222222222 0.26666666666666666
itercount --------> 6
[2, 3, 4]
[2, 3, 0]
0.26666666666666666 0.2916666666666667
itercount --------> 7
[0, 4, 7]
[0, 4, 3]
[0, 4, 5]
[0, 4, 1]
[0, 4, 6]
[0, 4, 2]
0.2916666666666667 0.3333333333333333
itercount --------> 8
[4, 5, 7]
[4, 5, 3]
[4, 5, 0]
[4, 5, 1]
[4, 5, 6]
[4, 5, 2]
[4, 5, 7, 3]
[4, 5, 7, 0]
[4, 5, 7, 1]
[4, 5, 7, 6]
0.3333333333333333 0.4074074074074074
itercount --------> 9
[3, 5, 4]
[3, 5, 6]
[3, 5, 0]
0.4074074074074074 0.5
itercount --------> 10
[3, 4, 7]
[3, 4, 5]
[3, 4, 6]
[3, 4, 0]
[3, 4, 1]
[3, 4, 2]
[3, 4, 7, 5]
[3, 4, 7, 6]
[3, 4, 7, 0]
[3, 4, 7, 1]
0.5 0.5263157894736842
itercount --------> 11
[4, 3, 7]
0.5263157894736842 0.5789473684210527
itercount --------> 12
[3, 4, 7]
[3, 4, 6]
[3, 4, 5]
[3, 4, 0]
[3, 4, 1]
[3, 4, 2]
0.5789473684210527 0.6
itercount --------> 13
[3, 4, 5]
0.6 0.7619047619047619
itercount --------> 14
[7, 0, 1]
[7, 0, 2]
[7, 0, 4]
[7, 0, 5]
[7, 0, 3]
[7, 0, 6]
[7, 0, 1, 2]
[7, 0, 1, 4]
[7, 0, 1, 5]
0.7619047619047619 0.7894736842105263
itercount --------> 15
[5, 3, 0]
[5, 3, 1]
[5, 3, 2]
[5, 3, 4]
[5, 3, 7]
[5, 3, 6]
[5, 3, 0, 1]
[5, 3, 0, 2]
[5, 3, 0, 4]
[5, 3, 0, 7]
[5, 3, 0, 6]
[5, 3, 0, 1, 2]
[5, 3, 0, 1, 4]
0.7894736842105263 0.8421052631578947
itercount --------> 16
[0, 1, 2]
[0, 1, 3]
[0, 1, 4]
[0, 1, 5]
[0, 1, 6]
[0, 1, 7]
[0, 1, 2, 3]
[0, 1, 2, 4]
[0, 1, 2, 5]
[0, 1, 2, 6]
[0, 1, 2, 7]
[0, 1, 2, 3, 4]
[0, 1, 2, 3, 5]
[0, 1, 2, 3, 6]
[0, 1, 2, 3, 7]
[0, 1, 2, 3, 4, 5]
[0, 1, 2, 3, 4, 6]
[0, 1, 2, 3, 4, 7]
[0, 1, 2, 3, 4, 5, 6]
[0, 1, 2, 3, 4, 5, 7]
[0, 1, 2, 3, 4, 5, 6, 7]
failed -> 26 times
after fail n ======> 5
[0, 1, 2, 3, 5]
0.09615384615384616 0.15625
itercount --------> 1
[2, 3, 5]
[2, 3, 0]
0.15625 0.15789473684210525
itercount --------> 2
[0, 1, 2]
[0, 1, 5]
[0, 1, 3]
[0, 1, 6]
0.15789473684210525 0.22727272727272727
itercount --------> 3
[0, 1, 3]
[0, 1, 7]
[0, 1, 2]
0.22727272727272727 0.2631578947368421
itercount --------> 4
[0, 1, 2]
[0, 1, 5]
[0, 1, 3]
0.2631578947368421 0.3076923076923077
itercount --------> 5
[0, 3, 6]
0.3076923076923077 0.34615384615384615
itercount --------> 6
[0, 1, 6]
0.34615384615384615 0.3611111111111111
itercount --------> 7
[1, 0, 3]
[1, 0, 6]
0.3611111111111111 0.38095238095238093
itercount --------> 8
[0, 1, 6]
[0, 1, 2]
[0, 1, 3]
[0, 1, 5]
0.38095238095238093 0.42105263157894735
itercount --------> 9
[0, 1, 2]
[0, 1, 5]
[0, 1, 6]
[0, 1, 3]
[0, 1, 4]
[0, 1, 7]
[0, 1, 2, 5]
[0, 1, 2, 6]
0.42105263157894735 0.4583333333333333
itercount --------> 10
[0, 1, 3]
[0, 1, 6]
[0, 1, 7]
[0, 1, 2]
[0, 1, 5]
0.4583333333333333 0.5789473684210527
itercount --------> 11
[0, 1, 2]
[0, 1, 5]
[0, 1, 6]
[0, 1, 7]
[0, 1, 4]
[0, 1, 3]
[0, 1, 2, 5]
[0, 1, 2, 6]
[0, 1, 2, 7]
[0, 1, 2, 4]
[0, 1, 2, 3]
[0, 1, 2, 5, 6]
[0, 1, 2, 5, 7]
0.5789473684210527 0.6111111111111112
itercount --------> 12
[0, 1, 2]
[0, 1, 5]
[0, 1, 6]
[0, 1, 7]
[0, 1, 4]
[0, 1, 3]
[0, 1, 2, 5]
0.6111111111111112 0.631578947368421
itercount --------> 13
[6, 1, 3]
[6, 1, 7]
[6, 1, 4]
[6, 1, 0]
0.631578947368421 0.6666666666666666
itercount --------> 14
[0, 1, 2]
[0, 1, 5]
[0, 1, 6]
[0, 1, 7]
[0, 1, 4]
[0, 1, 3]
[0, 1, 2, 5]
[0, 1, 2, 6]
[0, 1, 2, 7]
[0, 1, 2, 4]
[0, 1, 2, 3]
[0, 1, 2, 5, 6]
[0, 1, 2, 5, 7]
[0, 1, 2, 5, 4]
[0, 1, 2, 5, 3]
[0, 1, 2, 5, 6, 7]
[0, 1, 2, 5, 6, 4]
[0, 1, 2, 5, 6, 3]
[0, 1, 2, 5, 6, 7, 4]
[0, 1, 2, 5, 6, 7, 3]
[0, 1, 2, 5, 6, 7, 4, 3]
failed -> 27 times
after fail n ======> 6
[0, 1, 2, 3, 5, 4]
0.09615384615384616 0.125
itercount --------> 1
[1, 3, 6]
0.125 0.22727272727272727
itercount --------> 2
[3, 1, 6]
0.22727272727272727 0.3157894736842105
itercount --------> 3
[0, 1, 2]
[0, 1, 5]
[0, 1, 3]
0.3157894736842105 0.5263157894736842
itercount --------> 4
[0, 1, 2]
[0, 1, 5]
[0, 1, 6]
[0, 1, 3]
[0, 1, 7]
[0, 1, 4]
[0, 1, 2, 5]
[0, 1, 2, 6]
[0, 1, 2, 3]
[0, 1, 2, 7]
[0, 1, 2, 4]
[0, 1, 2, 5, 6]
[0, 1, 2, 5, 3]
[0, 1, 2, 5, 7]
[0, 1, 2, 5, 4]
[0, 1, 2, 5, 6, 3]
[0, 1, 2, 5, 6, 7]
[0, 1, 2, 5, 6, 4]
[0, 1, 2, 5, 6, 3, 7]
[0, 1, 2, 5, 6, 3, 4]
[0, 1, 2, 5, 6, 3, 7, 4]
failed -> 28 times
after fail n ======> 7
[0, 1, 2, 3, 5, 4, 6]
0.09615384615384616 0.175
itercount --------> 1
[0, 2, 3]
[0, 2, 6]
[0, 2, 1]
0.175 0.3181818181818182
itercount --------> 2
[0, 1, 2]
[0, 1, 3]
0.3181818181818182 0.44
itercount --------> 3
[0, 2, 6]
[0, 2, 1]
[0, 2, 3]
[0, 2, 5]
[0, 2, 4]
[0, 2, 7]
[0, 2, 6, 1]
[0, 2, 6, 3]
[0, 2, 6, 5]
[0, 2, 6, 4]
[0, 2, 6, 7]
0.44 0.4583333333333333
itercount --------> 4
[2, 6, 0]
[2, 6, 1]
[2, 6, 3]
[2, 6, 7]
[2, 6, 5]
[2, 6, 4]
[2, 6, 0, 1]
[2, 6, 0, 3]
0.4583333333333333 0.5416666666666666
itercount --------> 5
[2, 7, 3]
[2, 7, 6]
[2, 7, 0]
[2, 7, 1]
[2, 7, 4]
[2, 7, 5]
0.5416666666666666 0.5789473684210527
itercount --------> 6
[0, 1, 2]
[0, 1, 6]
[0, 1, 5]
0.5789473684210527 0.6111111111111112
itercount --------> 7
[0, 1, 2]
[0, 1, 5]
[0, 1, 6]
[0, 1, 7]
[0, 1, 4]
[0, 1, 3]
[0, 1, 2, 5]
[0, 1, 2, 6]
[0, 1, 2, 7]
[0, 1, 2, 4]
[0, 1, 2, 3]
[0, 1, 2, 5, 6]
[0, 1, 2, 5, 7]
[0, 1, 2, 5, 4]
[0, 1, 2, 5, 3]
[0, 1, 2, 5, 6, 7]
[0, 1, 2, 5, 6, 4]
[0, 1, 2, 5, 6, 3]
[0, 1, 2, 5, 6, 7, 4]
[0, 1, 2, 5, 6, 7, 3]
[0, 1, 2, 5, 6, 7, 4, 3]
failed -> 29 times
after fail n ======> 8
[0, 1, 2, 3, 5, 4, 6, 7]
0.09615384615384616 0.12903225806451613
itercount --------> 1
[0, 3, 5]
0.12903225806451613 0.17142857142857143
itercount --------> 2
[0, 1, 2]
0.17142857142857143 0.391304347826087
itercount --------> 3
[3, 4, 6]
[3, 4, 7]
[3, 4, 0]
[3, 4, 1]
[3, 4, 2]
[3, 4, 5]
[3, 4, 6, 7]
[3, 4, 6, 0]
[3, 4, 6, 1]
0.391304347826087 0.5238095238095238
itercount --------> 4
[0, 1, 2]
[0, 1, 5]
0.5238095238095238 0.5789473684210527
itercount --------> 5
[0, 1, 2]
[0, 1, 5]
[0, 1, 6]
[0, 1, 7]
0.5789473684210527 0.6111111111111112
itercount --------> 6
[0, 1, 2]
[0, 1, 5]
[0, 1, 6]
[0, 1, 7]
[0, 1, 4]
[0, 1, 3]
[0, 1, 2, 5]
[0, 1, 2, 6]
[0, 1, 2, 7]
[0, 1, 2, 4]
[0, 1, 2, 3]
[0, 1, 2, 5, 6]
[0, 1, 2, 5, 7]
[0, 1, 2, 5, 4]
[0, 1, 2, 5, 3]
[0, 1, 2, 5, 6, 7]
[0, 1, 2, 5, 6, 4]
[0, 1, 2, 5, 6, 3]
[0, 1, 2, 5, 6, 7, 4]
[0, 1, 2, 5, 6, 7, 3]
[0, 1, 2, 5, 6, 7, 4, 3]
failed -> 30 times
after fail n ======> 5
[0, 1, 2, 3, 5]
0.09615384615384616 0.15625
itercount --------> 1
[2, 3, 5]
0.15625 0.16666666666666666
itercount --------> 2
[2, 0, 1]
0.16666666666666666 0.23809523809523808
itercount --------> 3
[0, 1, 2]
[0, 1, 5]
0.23809523809523808 0.25
itercount --------> 4
[0, 3, 5]
0.25 0.375
itercount --------> 5
[0, 1, 2]
[0, 1, 5]
[0, 1, 6]
0.375 0.38095238095238093
itercount --------> 6
[0, 1, 2]
[0, 1, 5]
[0, 1, 6]
0.38095238095238093 0.42857142857142855
itercount --------> 7
[0, 1, 2]
[0, 1, 5]
[0, 1, 6]
[0, 1, 3]
[0, 1, 7]
[0, 1, 4]
[0, 1, 2, 5]
[0, 1, 2, 6]
[0, 1, 2, 3]
[0, 1, 2, 7]
[0, 1, 2, 4]
0.42857142857142855 0.45
itercount --------> 8
[2, 5, 6]
[2, 5, 3]
[2, 5, 0]
0.45 0.47368421052631576
itercount --------> 9
[0, 1, 2]
[0, 1, 5]
[0, 1, 6]
[0, 1, 4]
[0, 1, 3]
[0, 1, 7]
[0, 1, 2, 5]
[0, 1, 2, 6]
[0, 1, 2, 4]
[0, 1, 2, 3]
[0, 1, 2, 7]
[0, 1, 2, 5, 6]
[0, 1, 2, 5, 4]
[0, 1, 2, 5, 3]
[0, 1, 2, 5, 7]
[0, 1, 2, 5, 6, 4]
[0, 1, 2, 5, 6, 3]
0.47368421052631576 0.6111111111111112
itercount --------> 10
[0, 1, 2]
[0, 1, 5]
[0, 1, 6]
[0, 1, 7]
[0, 1, 4]
[0, 1, 3]
[0, 1, 2, 5]
[0, 1, 2, 6]
[0, 1, 2, 7]
[0, 1, 2, 4]
[0, 1, 2, 3]
[0, 1, 2, 5, 6]
[0, 1, 2, 5, 7]
[0, 1, 2, 5, 4]
[0, 1, 2, 5, 3]
[0, 1, 2, 5, 6, 7]
[0, 1, 2, 5, 6, 4]
[0, 1, 2, 5, 6, 3]
[0, 1, 2, 5, 6, 7, 4]
[0, 1, 2, 5, 6, 7, 3]
[0, 1, 2, 5, 6, 7, 4, 3]
failed -> 31 times
after fail n ======> 6
[0, 1, 2, 3, 5, 4]
0.09615384615384616 0.15625
itercount --------> 1
[2, 3, 5]
[2, 3, 0]
0.15625 0.22727272727272727
itercount --------> 2
[0, 1, 2]
[0, 1, 3]
[0, 1, 5]
[0, 1, 4]
[0, 1, 6]
0.22727272727272727 0.25
itercount --------> 3
[0, 3, 1]
0.25 0.34375
itercount --------> 4
[0, 3, 4]
[0, 3, 6]
[0, 3, 1]
0.34375 0.3793103448275862
itercount --------> 5
[1, 3, 0]
[1, 3, 6]
[1, 3, 7]
[1, 3, 4]
[1, 3, 2]
[1, 3, 5]
[1, 3, 0, 6]
0.3793103448275862 0.39285714285714285
itercount --------> 6
[1, 6, 0]
[1, 6, 2]
[1, 6, 3]
[1, 6, 4]
[1, 6, 7]
[1, 6, 5]
[1, 6, 0, 2]
[1, 6, 0, 3]
0.39285714285714285 0.43333333333333335
itercount --------> 7
[1, 0, 2]
0.43333333333333335 0.52
itercount --------> 8
[0, 1, 2]
[0, 1, 6]
[0, 1, 7]
0.52 0.5416666666666666
itercount --------> 9
[0, 1, 2]
[0, 1, 6]
[0, 1, 7]
[0, 1, 3]
[0, 1, 5]
0.5416666666666666 0.6111111111111112
itercount --------> 10
[0, 1, 2]
[0, 1, 5]
[0, 1, 6]
[0, 1, 7]
[0, 1, 4]
[0, 1, 3]
[0, 1, 2, 5]
[0, 1, 2, 6]
[0, 1, 2, 7]
[0, 1, 2, 4]
[0, 1, 2, 3]
[0, 1, 2, 5, 6]
[0, 1, 2, 5, 7]
[0, 1, 2, 5, 4]
[0, 1, 2, 5, 3]
[0, 1, 2, 5, 6, 7]
[0, 1, 2, 5, 6, 4]
[0, 1, 2, 5, 6, 3]
[0, 1, 2, 5, 6, 7, 4]
[0, 1, 2, 5, 6, 7, 3]
[0, 1, 2, 5, 6, 7, 4, 3]
failed -> 32 times
after fail n ======> 7
[0, 1, 2, 3, 5, 4, 6]
0.09615384615384616 0.10909090909090909
itercount --------> 1
[5, 0, 1]
0.10909090909090909 0.12
itercount --------> 2
[0, 5, 1]
[0, 5, 2]
0.12 0.13043478260869565
itercount --------> 3
[0, 1, 2]
[0, 1, 5]
0.13043478260869565 0.1935483870967742
itercount --------> 4
[5, 3, 0]
0.1935483870967742 0.21739130434782608
itercount --------> 5
[0, 1, 2]
[0, 1, 5]
[0, 1, 6]
0.21739130434782608 0.45
itercount --------> 6
[3, 4, 6]
[3, 4, 7]
[3, 4, 0]
[3, 4, 1]
[3, 4, 2]
[3, 4, 5]
[3, 4, 6, 7]
[3, 4, 6, 0]
[3, 4, 6, 1]
[3, 4, 6, 2]
0.45 0.5789473684210527
itercount --------> 7
[0, 1, 2]
[0, 1, 5]
[0, 1, 6]
[0, 1, 7]
[0, 1, 4]
[0, 1, 3]
[0, 1, 2, 5]
[0, 1, 2, 6]
[0, 1, 2, 7]
[0, 1, 2, 4]
0.5789473684210527 0.6111111111111112
itercount --------> 8
[0, 1, 2]
[0, 1, 5]
[0, 1, 6]
[0, 1, 7]
[0, 1, 4]
[0, 1, 3]
[0, 1, 2, 5]
[0, 1, 2, 6]
[0, 1, 2, 7]
[0, 1, 2, 4]
[0, 1, 2, 3]
[0, 1, 2, 5, 6]
[0, 1, 2, 5, 7]
[0, 1, 2, 5, 4]
[0, 1, 2, 5, 3]
[0, 1, 2, 5, 6, 7]
[0, 1, 2, 5, 6, 4]
[0, 1, 2, 5, 6, 3]
[0, 1, 2, 5, 6, 7, 4]
[0, 1, 2, 5, 6, 7, 3]
[0, 1, 2, 5, 6, 7, 4, 3]
failed -> 33 times
after fail n ======> 8
[0, 1, 2, 3, 5, 4, 6, 7]
0.09615384615384616 0.10810810810810811
itercount --------> 1
[0, 2, 3]
0.10810810810810811 0.11538461538461539
itercount --------> 2
[2, 3, 0]
0.11538461538461539 0.15
itercount --------> 3
[0, 2, 3]
0.15 0.16
itercount --------> 4
[2, 1, 3]
0.16 0.16666666666666666
itercount --------> 5
[1, 3, 6]
0.16666666666666666 0.34615384615384615
itercount --------> 6
[1, 6, 0]
0.34615384615384615 0.5238095238095238
itercount --------> 7
[1, 3, 6]
[1, 3, 7]
[1, 3, 0]
[1, 3, 2]
0.5238095238095238 0.5789473684210527
itercount --------> 8
[0, 1, 2]
[0, 1, 5]
[0, 1, 6]
[0, 1, 7]
[0, 1, 3]
[0, 1, 4]
[0, 1, 2, 5]
[0, 1, 2, 6]
[0, 1, 2, 7]
[0, 1, 2, 3]
[0, 1, 2, 4]
[0, 1, 2, 5, 6]
[0, 1, 2, 5, 7]
[0, 1, 2, 5, 3]
[0, 1, 2, 5, 4]
0.5789473684210527 0.6111111111111112
itercount --------> 9
[0, 1, 2]
[0, 1, 5]
[0, 1, 6]
[0, 1, 7]
[0, 1, 3]
[0, 1, 4]
[0, 1, 2, 5]
[0, 1, 2, 6]
[0, 1, 2, 7]
[0, 1, 2, 3]
[0, 1, 2, 4]
[0, 1, 2, 5, 6]
[0, 1, 2, 5, 7]
[0, 1, 2, 5, 3]
[0, 1, 2, 5, 4]
[0, 1, 2, 5, 6, 7]
[0, 1, 2, 5, 6, 3]
[0, 1, 2, 5, 6, 4]
[0, 1, 2, 5, 6, 7, 3]
[0, 1, 2, 5, 6, 7, 4]
[0, 1, 2, 5, 6, 7, 3, 4]
failed -> 34 times
after fail n ======> 5
[0, 1, 2, 3, 5]
0.09615384615384616 0.15625
itercount --------> 1
[0, 3, 5]
0.15625 0.20454545454545456
itercount --------> 2
[5, 0, 1]
0.20454545454545456 0.375
itercount --------> 3
[0, 1, 2]
[0, 1, 5]
[0, 1, 6]
0.375 0.38095238095238093
itercount --------> 4
[0, 1, 2]
[0, 1, 5]
[0, 1, 6]
0.38095238095238093 0.42857142857142855
itercount --------> 5
[0, 1, 2]
[0, 1, 5]
[0, 1, 6]
[0, 1, 3]
[0, 1, 7]
[0, 1, 4]
[0, 1, 2, 5]
[0, 1, 2, 6]
[0, 1, 2, 3]
[0, 1, 2, 7]
[0, 1, 2, 4]
[0, 1, 2, 5, 6]
[0, 1, 2, 5, 3]
[0, 1, 2, 5, 7]
[0, 1, 2, 5, 4]
[0, 1, 2, 5, 6, 3]
0.42857142857142855 0.5789473684210527
itercount --------> 6
[0, 1, 2]
[0, 1, 5]
[0, 1, 6]
[0, 1, 7]
[0, 1, 4]
0.5789473684210527 0.6111111111111112
itercount --------> 7
[0, 1, 2]
[0, 1, 5]
[0, 1, 6]
[0, 1, 7]
[0, 1, 4]
[0, 1, 3]
[0, 1, 2, 5]
[0, 1, 2, 6]
[0, 1, 2, 7]
[0, 1, 2, 4]
[0, 1, 2, 3]
[0, 1, 2, 5, 6]
[0, 1, 2, 5, 7]
[0, 1, 2, 5, 4]
[0, 1, 2, 5, 3]
[0, 1, 2, 5, 6, 7]
[0, 1, 2, 5, 6, 4]
[0, 1, 2, 5, 6, 3]
[0, 1, 2, 5, 6, 7, 4]
[0, 1, 2, 5, 6, 7, 3]
[0, 1, 2, 5, 6, 7, 4, 3]
failed -> 35 times
after fail n ======> 6
[0, 1, 2, 3, 5, 4]
0.09615384615384616 0.1125
itercount --------> 1
[1, 2, 0]
0.1125 0.34615384615384615
itercount --------> 2
[5, 3, 0]
[5, 3, 1]
0.34615384615384615 0.375
itercount --------> 3
[0, 1, 2]
[0, 1, 5]
[0, 1, 6]
[0, 1, 3]
0.375 0.42857142857142855
itercount --------> 4
[1, 5, 3]
[1, 5, 6]
[1, 5, 7]
[1, 5, 0]
[1, 5, 2]
0.42857142857142855 0.47368421052631576
itercount --------> 5
[0, 1, 2]
[0, 1, 5]
[0, 1, 6]
[0, 1, 3]
[0, 1, 4]
[0, 1, 7]
[0, 1, 2, 5]
[0, 1, 2, 6]
[0, 1, 2, 3]
[0, 1, 2, 4]
[0, 1, 2, 7]
[0, 1, 2, 5, 6]
[0, 1, 2, 5, 3]
[0, 1, 2, 5, 4]
0.47368421052631576 0.5
itercount --------> 6
[0, 1, 2]
[0, 1, 5]
[0, 1, 6]
[0, 1, 7]
[0, 1, 3]
[0, 1, 4]
[0, 1, 2, 5]
[0, 1, 2, 6]
[0, 1, 2, 7]
[0, 1, 2, 3]
[0, 1, 2, 4]
[0, 1, 2, 5, 6]
[0, 1, 2, 5, 7]
[0, 1, 2, 5, 3]
[0, 1, 2, 5, 4]
[0, 1, 2, 5, 6, 7]
[0, 1, 2, 5, 6, 3]
0.5 0.6111111111111112
itercount --------> 7
[0, 1, 2]
[0, 1, 5]
[0, 1, 6]
[0, 1, 7]
[0, 1, 4]
[0, 1, 3]
[0, 1, 2, 5]
[0, 1, 2, 6]
[0, 1, 2, 7]
[0, 1, 2, 4]
[0, 1, 2, 3]
[0, 1, 2, 5, 6]
[0, 1, 2, 5, 7]
[0, 1, 2, 5, 4]
[0, 1, 2, 5, 3]
[0, 1, 2, 5, 6, 7]
[0, 1, 2, 5, 6, 4]
[0, 1, 2, 5, 6, 3]
[0, 1, 2, 5, 6, 7, 4]
[0, 1, 2, 5, 6, 7, 3]
[0, 1, 2, 5, 6, 7, 4, 3]
failed -> 36 times
after fail n ======> 7
[0, 1, 2, 3, 5, 4, 6]
0.09615384615384616 0.11363636363636363
itercount --------> 1
[0, 2, 1]
0.11363636363636363 0.17857142857142858
itercount --------> 2
[2, 3, 0]
0.17857142857142858 0.20454545454545456
itercount --------> 3
[2, 0, 3]
[2, 0, 4]
0.20454545454545456 0.34615384615384615
itercount --------> 4
[3, 0, 2]
[3, 0, 4]
[3, 0, 6]
0.34615384615384615 0.5238095238095238
itercount --------> 5
[0, 2, 1]
[0, 2, 6]
[0, 2, 7]
[0, 2, 3]
[0, 2, 5]
0.5238095238095238 0.5789473684210527
itercount --------> 6
[0, 1, 2]
[0, 1, 5]
[0, 1, 6]
[0, 1, 7]
[0, 1, 4]
[0, 1, 3]
[0, 1, 2, 5]
[0, 1, 2, 6]
[0, 1, 2, 7]
0.5789473684210527 0.6111111111111112
itercount --------> 7
[0, 1, 2]
[0, 1, 5]
[0, 1, 6]
[0, 1, 7]
[0, 1, 4]
[0, 1, 3]
[0, 1, 2, 5]
[0, 1, 2, 6]
[0, 1, 2, 7]
[0, 1, 2, 4]
[0, 1, 2, 3]
[0, 1, 2, 5, 6]
[0, 1, 2, 5, 7]
[0, 1, 2, 5, 4]
[0, 1, 2, 5, 3]
[0, 1, 2, 5, 6, 7]
[0, 1, 2, 5, 6, 4]
[0, 1, 2, 5, 6, 3]
[0, 1, 2, 5, 6, 7, 4]
[0, 1, 2, 5, 6, 7, 3]
[0, 1, 2, 5, 6, 7, 4, 3]
failed -> 37 times
after fail n ======> 8
[0, 1, 2, 3, 5, 4, 6, 7]
0.09615384615384616 0.15625
itercount --------> 1
[0, 3, 5]
[0, 3, 1]
0.15625 0.28
itercount --------> 2
[0, 3, 6]
0.28 0.34615384615384615
itercount --------> 3
[0, 1, 2]
[0, 1, 6]
0.34615384615384615 0.38095238095238093
itercount --------> 4
[0, 1, 2]
[0, 1, 6]
0.38095238095238093 0.43333333333333335
itercount --------> 5
[0, 1, 2]
0.43333333333333335 0.52
itercount --------> 6
[0, 1, 2]
[0, 1, 6]
[0, 1, 7]
0.52 0.5416666666666666
itercount --------> 7
[0, 1, 2]
[0, 1, 6]
0.5416666666666666 0.5652173913043478
itercount --------> 8
[0, 6, 1]
[0, 6, 2]
[0, 6, 3]
[0, 6, 7]
[0, 6, 4]
[0, 6, 5]
[0, 6, 1, 2]
[0, 6, 1, 3]
[0, 6, 1, 7]
[0, 6, 1, 4]
[0, 6, 1, 5]
0.5652173913043478 0.6111111111111112
itercount --------> 9
[0, 1, 2]
[0, 1, 5]
[0, 1, 6]
[0, 1, 7]
[0, 1, 4]
[0, 1, 3]
[0, 1, 2, 5]
[0, 1, 2, 6]
[0, 1, 2, 7]
[0, 1, 2, 4]
[0, 1, 2, 3]
[0, 1, 2, 5, 6]
[0, 1, 2, 5, 7]
[0, 1, 2, 5, 4]
[0, 1, 2, 5, 3]
[0, 1, 2, 5, 6, 7]
[0, 1, 2, 5, 6, 4]
[0, 1, 2, 5, 6, 3]
[0, 1, 2, 5, 6, 7, 4]
[0, 1, 2, 5, 6, 7, 3]
[0, 1, 2, 5, 6, 7, 4, 3]
failed -> 38 times
after fail n ======> 5
[0, 1, 2, 3, 5]
0.09615384615384616 0.125
itercount --------> 1
[1, 3, 6]
0.125 0.15789473684210525
itercount --------> 2
[0, 1, 2]
[0, 1, 5]
[0, 1, 3]
[0, 1, 6]
0.15789473684210525 0.22727272727272727
itercount --------> 3
[3, 1, 6]
[3, 1, 7]
[3, 1, 0]
[3, 1, 2]
[3, 1, 4]
[3, 1, 5]
0.22727272727272727 0.2631578947368421
itercount --------> 4
[0, 1, 2]
[0, 1, 5]
[0, 1, 3]
[0, 1, 6]
[0, 1, 7]
[0, 1, 4]
[0, 1, 2, 5]
[0, 1, 2, 3]
[0, 1, 2, 6]
[0, 1, 2, 7]
[0, 1, 2, 4]
[0, 1, 2, 5, 3]
[0, 1, 2, 5, 6]
[0, 1, 2, 5, 7]
0.2631578947368421 0.2777777777777778
itercount --------> 5
[3, 0, 1]
[3, 0, 2]
[3, 0, 5]
[3, 0, 7]
[3, 0, 4]
[3, 0, 6]
[3, 0, 1, 2]
[3, 0, 1, 5]
[3, 0, 1, 7]
[3, 0, 1, 4]
[3, 0, 1, 6]
[3, 0, 1, 2, 5]
[3, 0, 1, 2, 7]
[3, 0, 1, 2, 4]
[3, 0, 1, 2, 6]
[3, 0, 1, 2, 5, 7]
[3, 0, 1, 2, 5, 4]
[3, 0, 1, 2, 5, 6]
[3, 0, 1, 2, 5, 7, 4]
0.2777777777777778 0.3333333333333333
itercount --------> 6
[3, 0, 1]
[3, 0, 2]
[3, 0, 5]
[3, 0, 7]
[3, 0, 6]
[3, 0, 4]
[3, 0, 1, 2]
[3, 0, 1, 5]
[3, 0, 1, 7]
[3, 0, 1, 6]
[3, 0, 1, 4]
[3, 0, 1, 2, 5]
0.3333333333333333 0.35
itercount --------> 7
[3, 1, 7]
[3, 1, 6]
[3, 1, 5]
[3, 1, 0]
0.35 0.3888888888888889
itercount --------> 8
[0, 1, 2]
[0, 1, 5]
[0, 1, 3]
0.3888888888888889 0.47619047619047616
itercount --------> 9
[4, 3, 0]
[4, 3, 1]
[4, 3, 7]
[4, 3, 5]
0.47619047619047616 0.5
itercount --------> 10
[0, 4, 1]
[0, 4, 5]
0.5 0.5714285714285714
itercount --------> 11
[0, 4, 1]
[0, 4, 5]
[0, 4, 3]
[0, 4, 7]
[0, 4, 6]
[0, 4, 2]
0.5714285714285714 0.631578947368421
itercount --------> 12
[4, 0, 1]
[4, 0, 5]
[4, 0, 3]
[4, 0, 2]
[4, 0, 6]
[4, 0, 7]
[4, 0, 1, 5]
[4, 0, 1, 3]
0.631578947368421 0.7619047619047619
itercount --------> 13
[3, 5, 0]
[3, 5, 1]
[3, 5, 4]
[3, 5, 2]
0.7619047619047619 0.7894736842105263
itercount --------> 14
[5, 3, 0]
[5, 3, 1]
[5, 3, 2]
[5, 3, 4]
[5, 3, 7]
[5, 3, 6]
[5, 3, 0, 1]
[5, 3, 0, 2]
[5, 3, 0, 4]
[5, 3, 0, 7]
[5, 3, 0, 6]
[5, 3, 0, 1, 2]
[5, 3, 0, 1, 4]
[5, 3, 0, 1, 7]
[5, 3, 0, 1, 6]
[5, 3, 0, 1, 2, 4]
[5, 3, 0, 1, 2, 7]
[5, 3, 0, 1, 2, 6]
[5, 3, 0, 1, 2, 4, 7]
[5, 3, 0, 1, 2, 4, 6]
[5, 3, 0, 1, 2, 4, 7, 6]
failed -> 39 times
after fail n ======> 6
[0, 1, 2, 3, 5, 4]
0.09615384615384616 0.11538461538461539
itercount --------> 1
[1, 3, 4]
0.11538461538461539 0.125
itercount --------> 2
[1, 4, 7]
0.125 0.14285714285714285
itercount --------> 3
[1, 4, 5]
[1, 4, 7]
0.14285714285714285 0.25925925925925924
itercount --------> 4
[1, 4, 6]
0.25925925925925924 0.2962962962962963
itercount --------> 5
[4, 1, 0]
[4, 1, 2]
0.2962962962962963 0.4230769230769231
itercount --------> 6
[4, 1, 3]
[4, 1, 7]
[4, 1, 0]
0.4230769230769231 0.43478260869565216
itercount --------> 7
[4, 1, 3]
[4, 1, 7]
[4, 1, 0]
[4, 1, 2]
[4, 1, 5]
[4, 1, 6]
[4, 1, 3, 7]
[4, 1, 3, 0]
[4, 1, 3, 2]
[4, 1, 3, 5]
[4, 1, 3, 6]
[4, 1, 3, 7, 0]
[4, 1, 3, 7, 2]
[4, 1, 3, 7, 5]
[4, 1, 3, 7, 6]
0.43478260869565216 0.45
itercount --------> 8
[4, 5, 3]
[4, 5, 7]
[4, 5, 0]
[4, 5, 1]
[4, 5, 2]
[4, 5, 6]
[4, 5, 3, 7]
[4, 5, 3, 0]
[4, 5, 3, 1]
[4, 5, 3, 2]
[4, 5, 3, 6]
[4, 5, 3, 7, 0]
[4, 5, 3, 7, 1]
[4, 5, 3, 7, 2]
[4, 5, 3, 7, 6]
[4, 5, 3, 7, 0, 1]
0.45 0.45454545454545453
itercount --------> 9
[4, 3, 7]
[4, 3, 6]
[4, 3, 5]
[4, 3, 0]
[4, 3, 1]
[4, 3, 2]
[4, 3, 7, 6]
[4, 3, 7, 5]
0.45454545454545453 0.6363636363636364
itercount --------> 10
[4, 5, 3]
[4, 5, 7]
[4, 5, 0]
0.6363636363636364 0.8
itercount --------> 11
[4, 5, 7]
[4, 5, 0]
[4, 5, 1]
[4, 5, 2]
[4, 5, 3]
[4, 5, 6]
[4, 5, 7, 0]
[4, 5, 7, 1]
[4, 5, 7, 2]
[4, 5, 7, 3]
[4, 5, 7, 6]
[4, 5, 7, 0, 1]
[4, 5, 7, 0, 2]
[4, 5, 7, 0, 3]
[4, 5, 7, 0, 6]
[4, 5, 7, 0, 1, 2]
[4, 5, 7, 0, 1, 3]
[4, 5, 7, 0, 1, 6]
[4, 5, 7, 0, 1, 2, 3]
[4, 5, 7, 0, 1, 2, 6]
[4, 5, 7, 0, 1, 2, 3, 6]
failed -> 40 times
after fail n ======> 7
[0, 1, 2, 3, 5, 4, 6]
0.09615384615384616 0.16666666666666666
itercount --------> 1
[1, 5, 0]
0.16666666666666666 0.17857142857142858
itercount --------> 2
[1, 5, 0]
0.17857142857142858 0.25
itercount --------> 3
[0, 1, 2]
[0, 1, 5]
0.25 0.2692307692307692
itercount --------> 4
[5, 0, 2]
[5, 0, 3]
0.2692307692307692 0.32142857142857145
itercount --------> 5
[0, 1, 2]
[0, 1, 3]
0.32142857142857145 0.34615384615384615
itercount --------> 6
[3, 0, 2]
0.34615384615384615 0.42857142857142855
itercount --------> 7
[3, 4, 6]
[3, 4, 7]
[3, 4, 0]
[3, 4, 1]
[3, 4, 2]
[3, 4, 5]
[3, 4, 6, 7]
[3, 4, 6, 0]
0.42857142857142855 0.5789473684210527
itercount --------> 8
[0, 1, 2]
[0, 1, 5]
[0, 1, 6]
[0, 1, 7]
0.5789473684210527 0.6111111111111112
itercount --------> 9
[0, 1, 2]
[0, 1, 5]
[0, 1, 6]
[0, 1, 7]
[0, 1, 4]
[0, 1, 3]
[0, 1, 2, 5]
[0, 1, 2, 6]
[0, 1, 2, 7]
[0, 1, 2, 4]
[0, 1, 2, 3]
[0, 1, 2, 5, 6]
[0, 1, 2, 5, 7]
[0, 1, 2, 5, 4]
[0, 1, 2, 5, 3]
[0, 1, 2, 5, 6, 7]
[0, 1, 2, 5, 6, 4]
[0, 1, 2, 5, 6, 3]
[0, 1, 2, 5, 6, 7, 4]
[0, 1, 2, 5, 6, 7, 3]
[0, 1, 2, 5, 6, 7, 4, 3]
failed -> 41 times
after fail n ======> 8
[0, 1, 2, 3, 5, 4, 6, 7]
0.09615384615384616 0.12121212121212122
itercount --------> 1
[1, 5, 4]
0.12121212121212122 0.17391304347826086
itercount --------> 2
[3, 0, 1]
[3, 0, 2]
0.17391304347826086 0.21428571428571427
itercount --------> 3
[2, 1, 6]
0.21428571428571427 0.21739130434782608
itercount --------> 4
[1, 6, 0]
0.21739130434782608 0.2777777777777778
itercount --------> 5
[6, 0, 1]
0.2777777777777778 0.3448275862068966
itercount --------> 6
[2, 3, 0]
0.3448275862068966 0.35
itercount --------> 7
[0, 1, 3]
0.35 0.43478260869565216
itercount --------> 8
[3, 4, 1]
[3, 4, 0]
[3, 4, 5]
[3, 4, 7]
[3, 4, 6]
[3, 4, 2]
[3, 4, 1, 0]
[3, 4, 1, 5]
0.43478260869565216 0.45454545454545453
itercount --------> 9
[4, 3, 0]
[4, 3, 1]
[4, 3, 5]
[4, 3, 7]
[4, 3, 2]
[4, 3, 6]
[4, 3, 0, 1]
[4, 3, 0, 5]
0.45454545454545453 0.5
itercount --------> 10
[4, 3, 5]
[4, 3, 7]
[4, 3, 6]
[4, 3, 0]
[4, 3, 1]
[4, 3, 2]
[4, 3, 5, 7]
[4, 3, 5, 6]
[4, 3, 5, 0]
[4, 3, 5, 1]
[4, 3, 5, 2]
[4, 3, 5, 7, 6]
[4, 3, 5, 7, 0]
[4, 3, 5, 7, 1]
[4, 3, 5, 7, 2]
[4, 3, 5, 7, 6, 0]
[4, 3, 5, 7, 6, 1]
[4, 3, 5, 7, 6, 2]
[4, 3, 5, 7, 6, 0, 1]
0.5 0.5263157894736842
itercount --------> 11
[4, 3, 7]
[4, 3, 5]
[4, 3, 6]
[4, 3, 0]
[4, 3, 1]
[4, 3, 2]
[4, 3, 7, 5]
[4, 3, 7, 6]
[4, 3, 7, 0]
[4, 3, 7, 1]
[4, 3, 7, 2]
[4, 3, 7, 5, 6]
[4, 3, 7, 5, 0]
[4, 3, 7, 5, 1]
[4, 3, 7, 5, 2]
[4, 3, 7, 5, 6, 0]
[4, 3, 7, 5, 6, 1]
[4, 3, 7, 5, 6, 2]
[4, 3, 7, 5, 6, 0, 1]
[4, 3, 7, 5, 6, 0, 2]
[4, 3, 7, 5, 6, 0, 1, 2]
failed -> 42 times
after fail n ======> 5
[0, 1, 2, 3, 5]
0.09615384615384616 0.10416666666666667
itercount --------> 1
[0, 2, 1]
0.10416666666666667 0.23809523809523808
itercount --------> 2
[0, 1, 2]
[0, 1, 5]
0.23809523809523808 0.25
itercount --------> 3
[0, 2, 3]
[0, 2, 5]
[0, 2, 6]
0.25 0.3333333333333333
itercount --------> 4
[2, 3, 0]
[2, 3, 4]
[2, 3, 6]
0.3333333333333333 0.34375
itercount --------> 5
[2, 5, 0]
0.34375 0.375
itercount --------> 6
[2, 6, 0]
[2, 6, 1]
0.375 0.38095238095238093
itercount --------> 7
[0, 1, 2]
[0, 1, 5]
[0, 1, 6]
0.38095238095238093 0.391304347826087
itercount --------> 8
[2, 0, 1]
[2, 0, 6]
[2, 0, 3]
[2, 0, 5]
0.391304347826087 0.42857142857142855
itercount --------> 9
[0, 1, 2]
[0, 1, 5]
[0, 1, 6]
[0, 1, 3]
0.42857142857142855 0.47368421052631576
itercount --------> 10
[0, 1, 2]
[0, 1, 5]
[0, 1, 6]
[0, 1, 3]
[0, 1, 4]
[0, 1, 7]
[0, 1, 2, 5]
[0, 1, 2, 6]
[0, 1, 2, 3]
[0, 1, 2, 4]
[0, 1, 2, 7]
[0, 1, 2, 5, 6]
[0, 1, 2, 5, 3]
[0, 1, 2, 5, 4]
[0, 1, 2, 5, 7]
0.47368421052631576 0.5
itercount --------> 11
[0, 1, 2]
[0, 1, 5]
[0, 1, 6]
[0, 1, 7]
[0, 1, 3]
[0, 1, 4]
[0, 1, 2, 5]
0.5 0.5263157894736842
itercount --------> 12
[5, 6, 7]
[5, 6, 3]
0.5263157894736842 0.631578947368421
itercount --------> 13
[2, 3, 6]
[2, 3, 7]
[2, 3, 4]
[2, 3, 0]
[2, 3, 1]
[2, 3, 5]
[2, 3, 6, 7]
[2, 3, 6, 4]
[2, 3, 6, 0]
[2, 3, 6, 1]
[2, 3, 6, 5]
[2, 3, 6, 7, 4]
[2, 3, 6, 7, 0]
[2, 3, 6, 7, 1]
[2, 3, 6, 7, 5]
[2, 3, 6, 7, 4, 0]
[2, 3, 6, 7, 4, 1]
[2, 3, 6, 7, 4, 5]
[2, 3, 6, 7, 4, 0, 1]
[2, 3, 6, 7, 4, 0, 5]
[2, 3, 6, 7, 4, 0, 1, 5]
failed -> 43 times
after fail n ======> 6
[0, 1, 2, 3, 5, 4]
0.09615384615384616 0.10416666666666667
itercount --------> 1
[0, 1, 2]
[0, 1, 3]
0.10416666666666667 0.2647058823529412
itercount --------> 2
[0, 2, 1]
0.2647058823529412 0.34615384615384615
itercount --------> 3
[0, 1, 2]
0.34615384615384615 0.42857142857142855
itercount --------> 4
[0, 1, 2]
[0, 1, 5]
0.42857142857142855 0.44
itercount --------> 5
[0, 5, 6]
[0, 5, 3]
[0, 5, 1]
[0, 5, 2]
[0, 5, 7]
[0, 5, 4]
[0, 5, 6, 3]
[0, 5, 6, 1]
[0, 5, 6, 2]
[0, 5, 6, 7]
[0, 5, 6, 4]
[0, 5, 6, 3, 1]
0.44 0.5652173913043478
itercount --------> 6
[5, 3, 0]
[5, 3, 1]
[5, 3, 2]
[5, 3, 7]
[5, 3, 6]
[5, 3, 4]
[5, 3, 0, 1]
0.5652173913043478 0.6190476190476191
itercount --------> 7
[5, 3, 7]
[5, 3, 6]
[5, 3, 0]
[5, 3, 1]
[5, 3, 2]
[5, 3, 4]
[5, 3, 7, 6]
[5, 3, 7, 0]
[5, 3, 7, 1]
[5, 3, 7, 2]
[5, 3, 7, 4]
[5, 3, 7, 6, 0]
[5, 3, 7, 6, 1]
[5, 3, 7, 6, 2]
[5, 3, 7, 6, 4]
[5, 3, 7, 6, 0, 1]
[5, 3, 7, 6, 0, 2]
[5, 3, 7, 6, 0, 4]
[5, 3, 7, 6, 0, 1, 2]
[5, 3, 7, 6, 0, 1, 4]
[5, 3, 7, 6, 0, 1, 2, 4]
failed -> 44 times
after fail n ======> 7
[0, 1, 2, 3, 5, 4, 6]
0.09615384615384616 0.10810810810810811
itercount --------> 1
[0, 1, 3]
0.10810810810810811 0.11538461538461539
itercount --------> 2
[0, 3, 1]
0.11538461538461539 0.16
itercount --------> 3
[2, 0, 1]
0.16 0.21052631578947367
itercount --------> 4
[0, 1, 2]
[0, 1, 5]
[0, 1, 3]
0.21052631578947367 0.22727272727272727
itercount --------> 5
[0, 6, 3]
0.22727272727272727 0.28125
itercount --------> 6
[0, 6, 7]
0.28125 0.2857142857142857
itercount --------> 7
[0, 3, 7]
[0, 3, 4]
[0, 3, 6]
0.2857142857142857 0.36
itercount --------> 8
[0, 6, 7]
0.36 0.375
itercount --------> 9
[0, 6, 1]
0.375 0.38095238095238093
itercount --------> 10
[0, 1, 2]
[0, 1, 6]
[0, 1, 5]
0.38095238095238093 0.42105263157894735
itercount --------> 11
[0, 1, 2]
[0, 1, 5]
[0, 1, 6]
[0, 1, 3]
[0, 1, 4]
[0, 1, 7]
[0, 1, 2, 5]
[0, 1, 2, 6]
0.42105263157894735 0.5
itercount --------> 12
[0, 6, 3]
[0, 6, 1]
[0, 6, 2]
[0, 6, 7]
[0, 6, 4]
[0, 6, 5]
0.5 0.5789473684210527
itercount --------> 13
[0, 1, 2]
[0, 1, 5]
[0, 1, 6]
[0, 1, 7]
0.5789473684210527 0.6111111111111112
itercount --------> 14
[0, 1, 2]
[0, 1, 5]
[0, 1, 6]
[0, 1, 7]
[0, 1, 4]
[0, 1, 3]
[0, 1, 2, 5]
[0, 1, 2, 6]
[0, 1, 2, 7]
[0, 1, 2, 4]
[0, 1, 2, 3]
[0, 1, 2, 5, 6]
[0, 1, 2, 5, 7]
[0, 1, 2, 5, 4]
[0, 1, 2, 5, 3]
[0, 1, 2, 5, 6, 7]
[0, 1, 2, 5, 6, 4]
[0, 1, 2, 5, 6, 3]
[0, 1, 2, 5, 6, 7, 4]
[0, 1, 2, 5, 6, 7, 3]
[0, 1, 2, 5, 6, 7, 4, 3]
failed -> 45 times
after fail n ======> 8
[0, 1, 2, 3, 5, 4, 6, 7]
0.09615384615384616 0.125
itercount --------> 1
[1, 3, 6]
0.125 0.15
itercount --------> 2
[0, 2, 3]
0.15 0.16666666666666666
itercount --------> 3
[2, 1, 6]
0.16666666666666666 0.21052631578947367
itercount --------> 4
[0, 1, 2]
[0, 1, 5]
0.21052631578947367 0.21739130434782608
itercount --------> 5
[0, 6, 3]
0.21739130434782608 0.2413793103448276
itercount --------> 6
[0, 3, 6]
0.2413793103448276 0.4230769230769231
itercount --------> 7
[0, 6, 2]
[0, 6, 5]
0.4230769230769231 0.5263157894736842
itercount --------> 8
[0, 1, 2]
[0, 1, 5]
[0, 1, 6]
[0, 1, 3]
[0, 1, 7]
0.5263157894736842 0.5555555555555556
itercount --------> 9
[0, 1, 2]
[0, 1, 5]
[0, 1, 6]
[0, 1, 3]
[0, 1, 7]
[0, 1, 4]
[0, 1, 2, 5]
[0, 1, 2, 6]
[0, 1, 2, 3]
[0, 1, 2, 7]
[0, 1, 2, 4]
[0, 1, 2, 5, 6]
0.5555555555555556 0.5789473684210527
itercount --------> 10
[6, 0, 7]
[6, 0, 1]
[6, 0, 2]
[6, 0, 3]
[6, 0, 4]
[6, 0, 5]
[6, 0, 7, 1]
[6, 0, 7, 2]
[6, 0, 7, 3]
[6, 0, 7, 4]
[6, 0, 7, 5]
[6, 0, 7, 1, 2]
[6, 0, 7, 1, 3]
[6, 0, 7, 1, 4]
[6, 0, 7, 1, 5]
[6, 0, 7, 1, 2, 3]
[6, 0, 7, 1, 2, 4]
[6, 0, 7, 1, 2, 5]
0.5789473684210527 0.6111111111111112
itercount --------> 11
[0, 1, 2]
[0, 1, 5]
[0, 1, 6]
[0, 1, 7]
[0, 1, 3]
[0, 1, 4]
[0, 1, 2, 5]
[0, 1, 2, 6]
[0, 1, 2, 7]
[0, 1, 2, 3]
[0, 1, 2, 4]
[0, 1, 2, 5, 6]
[0, 1, 2, 5, 7]
[0, 1, 2, 5, 3]
[0, 1, 2, 5, 4]
[0, 1, 2, 5, 6, 7]
[0, 1, 2, 5, 6, 3]
[0, 1, 2, 5, 6, 4]
[0, 1, 2, 5, 6, 7, 3]
[0, 1, 2, 5, 6, 7, 4]
[0, 1, 2, 5, 6, 7, 3, 4]
failed -> 46 times
after fail n ======> 5
[0, 1, 2, 3, 5]
0.09615384615384616 0.175
itercount --------> 1
[0, 2, 3]
[0, 2, 6]
[0, 2, 1]
0.175 0.3181818181818182
itercount --------> 2
[0, 1, 2]
[0, 1, 3]
0.3181818181818182 0.44
itercount --------> 3
[1, 2, 6]
[1, 2, 0]
[1, 2, 3]
[1, 2, 5]
[1, 2, 4]
0.44 0.4583333333333333
itercount --------> 4
[2, 6, 1]
[2, 6, 0]
[2, 6, 3]
0.4583333333333333 0.5652173913043478
itercount --------> 5
[0, 1, 2]
[0, 1, 6]
[0, 1, 7]
[0, 1, 3]
[0, 1, 5]
0.5652173913043478 0.6111111111111112
itercount --------> 6
[0, 1, 2]
[0, 1, 5]
[0, 1, 6]
[0, 1, 7]
[0, 1, 4]
[0, 1, 3]
[0, 1, 2, 5]
[0, 1, 2, 6]
[0, 1, 2, 7]
[0, 1, 2, 4]
[0, 1, 2, 3]
[0, 1, 2, 5, 6]
[0, 1, 2, 5, 7]
0.6111111111111112 0.631578947368421
itercount --------> 7
[0, 1, 2]
[0, 1, 5]
[0, 1, 6]
[0, 1, 7]
[0, 1, 3]
[0, 1, 4]
[0, 1, 2, 5]
[0, 1, 2, 6]
[0, 1, 2, 7]
0.631578947368421 0.6666666666666666
itercount --------> 8
[0, 1, 2]
[0, 1, 5]
[0, 1, 6]
[0, 1, 7]
[0, 1, 4]
[0, 1, 3]
[0, 1, 2, 5]
[0, 1, 2, 6]
[0, 1, 2, 7]
[0, 1, 2, 4]
[0, 1, 2, 3]
[0, 1, 2, 5, 6]
[0, 1, 2, 5, 7]
[0, 1, 2, 5, 4]
[0, 1, 2, 5, 3]
[0, 1, 2, 5, 6, 7]
[0, 1, 2, 5, 6, 4]
[0, 1, 2, 5, 6, 3]
[0, 1, 2, 5, 6, 7, 4]
[0, 1, 2, 5, 6, 7, 3]
[0, 1, 2, 5, 6, 7, 4, 3]
failed -> 47 times
after fail n ======> 6
[0, 1, 2, 3, 5, 4]
0.09615384615384616 0.125
itercount --------> 1
[2, 3, 5]
0.125 0.16666666666666666
itercount --------> 2
[0, 1, 5]
0.16666666666666666 0.23809523809523808
itercount --------> 3
[0, 1, 5]
[0, 1, 6]
0.23809523809523808 0.34615384615384615
itercount --------> 4
[3, 0, 1]
[3, 0, 4]
[3, 0, 7]
[3, 0, 6]
[3, 0, 5]
[3, 0, 2]
[3, 0, 1, 4]
[3, 0, 1, 7]
[3, 0, 1, 6]
0.34615384615384615 0.34782608695652173
itercount --------> 5
[0, 5, 3]
[0, 5, 6]
[0, 5, 1]
0.34782608695652173 0.38095238095238093
itercount --------> 6
[0, 1, 5]
[0, 1, 6]
[0, 1, 2]
0.38095238095238093 0.42105263157894735
itercount --------> 7
[0, 1, 2]
[0, 1, 5]
[0, 1, 6]
0.42105263157894735 0.42857142857142855
itercount --------> 8
[0, 6, 3]
[0, 6, 1]
[0, 6, 2]
[0, 6, 7]
[0, 6, 5]
0.42857142857142855 0.47368421052631576
itercount --------> 9
[0, 1, 2]
[0, 1, 5]
[0, 1, 6]
[0, 1, 3]
[0, 1, 4]
[0, 1, 7]
[0, 1, 2, 5]
[0, 1, 2, 6]
[0, 1, 2, 3]
[0, 1, 2, 4]
[0, 1, 2, 7]
[0, 1, 2, 5, 6]
[0, 1, 2, 5, 3]
[0, 1, 2, 5, 4]
[0, 1, 2, 5, 7]
0.47368421052631576 0.5
itercount --------> 10
[0, 1, 2]
[0, 1, 5]
[0, 1, 6]
[0, 1, 7]
[0, 1, 3]
[0, 1, 4]
[0, 1, 2, 5]
[0, 1, 2, 6]
[0, 1, 2, 7]
[0, 1, 2, 3]
[0, 1, 2, 4]
[0, 1, 2, 5, 6]
[0, 1, 2, 5, 7]
[0, 1, 2, 5, 3]
[0, 1, 2, 5, 4]
[0, 1, 2, 5, 6, 7]
[0, 1, 2, 5, 6, 3]
0.5 0.6111111111111112
itercount --------> 11
[0, 1, 2]
[0, 1, 5]
[0, 1, 6]
[0, 1, 7]
[0, 1, 4]
[0, 1, 3]
[0, 1, 2, 5]
[0, 1, 2, 6]
[0, 1, 2, 7]
[0, 1, 2, 4]
[0, 1, 2, 3]
[0, 1, 2, 5, 6]
[0, 1, 2, 5, 7]
[0, 1, 2, 5, 4]
[0, 1, 2, 5, 3]
[0, 1, 2, 5, 6, 7]
[0, 1, 2, 5, 6, 4]
[0, 1, 2, 5, 6, 3]
[0, 1, 2, 5, 6, 7, 4]
[0, 1, 2, 5, 6, 7, 3]
[0, 1, 2, 5, 6, 7, 4, 3]
failed -> 48 times
after fail n ======> 7
[0, 1, 2, 3, 5, 4, 6]
0.09615384615384616 0.10416666666666667
itercount --------> 1
[0, 2, 1]
[0, 2, 3]
0.10416666666666667 0.13043478260869565
itercount --------> 2
[0, 2, 3]
0.13043478260869565 0.16666666666666666
itercount --------> 3
[1, 2, 5]
0.16666666666666666 0.25
itercount --------> 4
[2, 3, 5]
0.25 0.3076923076923077
itercount --------> 5
[5, 2, 1]
[5, 2, 6]
[5, 2, 3]
0.3076923076923077 0.375
itercount --------> 6
[1, 2, 5]
[1, 2, 6]
0.375 0.38095238095238093
itercount --------> 7
[1, 2, 5]
[1, 2, 6]
0.38095238095238093 0.42857142857142855
itercount --------> 8
[1, 2, 5]
[1, 2, 0]
0.42857142857142855 0.47368421052631576
itercount --------> 9
[0, 1, 2]
[0, 1, 5]
[0, 1, 6]
[0, 1, 3]
[0, 1, 4]
[0, 1, 7]
[0, 1, 2, 5]
[0, 1, 2, 6]
[0, 1, 2, 3]
[0, 1, 2, 4]
[0, 1, 2, 7]
0.47368421052631576 0.5
itercount --------> 10
[0, 1, 2]
[0, 1, 5]
[0, 1, 6]
[0, 1, 7]
[0, 1, 3]
[0, 1, 4]
[0, 1, 2, 5]
[0, 1, 2, 6]
[0, 1, 2, 7]
[0, 1, 2, 3]
[0, 1, 2, 4]
[0, 1, 2, 5, 6]
[0, 1, 2, 5, 7]
[0, 1, 2, 5, 3]
[0, 1, 2, 5, 4]
[0, 1, 2, 5, 6, 7]
[0, 1, 2, 5, 6, 3]
0.5 0.6111111111111112
itercount --------> 11
[0, 1, 2]
[0, 1, 5]
[0, 1, 6]
[0, 1, 7]
[0, 1, 4]
[0, 1, 3]
[0, 1, 2, 5]
[0, 1, 2, 6]
[0, 1, 2, 7]
[0, 1, 2, 4]
[0, 1, 2, 3]
[0, 1, 2, 5, 6]
[0, 1, 2, 5, 7]
[0, 1, 2, 5, 4]
[0, 1, 2, 5, 3]
[0, 1, 2, 5, 6, 7]
[0, 1, 2, 5, 6, 4]
[0, 1, 2, 5, 6, 3]
[0, 1, 2, 5, 6, 7, 4]
[0, 1, 2, 5, 6, 7, 3]
[0, 1, 2, 5, 6, 7, 4, 3]
failed -> 49 times
after fail n ======> 8
[0, 1, 2, 3, 5, 4, 6, 7]
0.09615384615384616 0.10810810810810811
itercount --------> 1
[1, 2, 3]
0.10810810810810811 0.1724137931034483
itercount --------> 2
[2, 0, 6]
0.1724137931034483 0.175
itercount --------> 3
[0, 2, 3]
[0, 2, 6]
0.175 0.34375
itercount --------> 4
[2, 3, 4]
[2, 3, 6]
[2, 3, 0]
0.34375 0.3793103448275862
itercount --------> 5
[0, 3, 2]
[0, 3, 6]
[0, 3, 7]
[0, 3, 4]
[0, 3, 1]
0.3793103448275862 0.4230769230769231
itercount --------> 6
[3, 1, 6]
[3, 1, 2]
[3, 1, 4]
[3, 1, 7]
[3, 1, 0]
[3, 1, 5]
[3, 1, 6, 2]
0.4230769230769231 0.43333333333333335
itercount --------> 7
[1, 2, 6]
[1, 2, 3]
[1, 2, 7]
[1, 2, 0]
0.43333333333333335 0.52
itercount --------> 8
[1, 2, 6]
0.52 0.5416666666666666
itercount --------> 9
[2, 6, 3]
[2, 6, 1]
[2, 6, 7]
[2, 6, 0]
[2, 6, 4]
[2, 6, 5]
0.5416666666666666 0.5789473684210527
itercount --------> 10
[0, 1, 2]
[0, 1, 5]
[0, 1, 6]
[0, 1, 7]
[0, 1, 4]
[0, 1, 3]
[0, 1, 2, 5]
[0, 1, 2, 6]
[0, 1, 2, 7]
[0, 1, 2, 4]
[0, 1, 2, 3]
[0, 1, 2, 5, 6]
[0, 1, 2, 5, 7]
0.5789473684210527 0.6
itercount --------> 11
[1, 2, 5]
[1, 2, 6]
[1, 2, 7]
[1, 2, 0]
[1, 2, 3]
[1, 2, 4]
[1, 2, 5, 6]
[1, 2, 5, 7]
[1, 2, 5, 0]
0.6 0.6111111111111112
itercount --------> 12
[0, 1, 2]
[0, 1, 5]
[0, 1, 6]
[0, 1, 7]
[0, 1, 4]
[0, 1, 3]
[0, 1, 2, 5]
[0, 1, 2, 6]
[0, 1, 2, 7]
[0, 1, 2, 4]
[0, 1, 2, 3]
[0, 1, 2, 5, 6]
[0, 1, 2, 5, 7]
[0, 1, 2, 5, 4]
0.6111111111111112 0.6666666666666666
itercount --------> 13
[0, 1, 2]
[0, 1, 5]
[0, 1, 6]
[0, 1, 7]
[0, 1, 4]
[0, 1, 3]
[0, 1, 2, 5]
[0, 1, 2, 6]
[0, 1, 2, 7]
[0, 1, 2, 4]
[0, 1, 2, 3]
[0, 1, 2, 5, 6]
[0, 1, 2, 5, 7]
[0, 1, 2, 5, 4]
[0, 1, 2, 5, 3]
[0, 1, 2, 5, 6, 7]
[0, 1, 2, 5, 6, 4]
[0, 1, 2, 5, 6, 3]
[0, 1, 2, 5, 6, 7, 4]
[0, 1, 2, 5, 6, 7, 3]
[0, 1, 2, 5, 6, 7, 4, 3]
failed -> 50 times
after fail n ======> 5
Runs with the maximum attractor JI -> [25]
