{0: 28, 1: 28, 2: 28, 4: 26, 7: 16, 3: 14, 5: 14, 6: 14}
[0, 1, 2]
[0, 1, 4]
[0, 1, 7]
0.02564102564102564 0.043478260869565216
itercount --------> 1
[4, 0, 1]
0.043478260869565216 0.07317073170731707
itercount --------> 2
[0, 1, 2]
0.07317073170731707 0.15
itercount --------> 3
[0, 6, 4]
0.15 0.19047619047619047
itercount --------> 4
[0, 1, 2]
[0, 1, 4]
0.19047619047619047 0.23809523809523808
itercount --------> 5
[0, 1, 2]
0.23809523809523808 0.29411764705882354
itercount --------> 6
[0, 1, 3]
0.29411764705882354 0.3333333333333333
itercount --------> 7
[0, 1, 4]
0.3333333333333333 0.38095238095238093
itercount --------> 8
[0, 1, 4]
[0, 1, 2]
[0, 1, 3]
0.38095238095238093 0.4444444444444444
itercount --------> 9
[0, 1, 2]
[0, 1, 4]
[0, 1, 3]
[0, 1, 6]
[0, 1, 5]
0.4444444444444444 0.5
itercount --------> 10
[0, 1, 2]
[0, 1, 4]
[0, 1, 5]
[0, 1, 3]
[0, 1, 6]
[0, 1, 7]
[0, 1, 2, 4]
[0, 1, 2, 5]
0.5 0.6
itercount --------> 11
[5, 4, 0]
[5, 4, 1]
[5, 4, 2]
[5, 4, 3]
[5, 4, 7]
[5, 4, 6]
[5, 4, 0, 1]
[5, 4, 0, 2]
[5, 4, 0, 3]
[5, 4, 0, 7]
[5, 4, 0, 6]
[5, 4, 0, 1, 2]
[5, 4, 0, 1, 3]
[5, 4, 0, 1, 7]
[5, 4, 0, 1, 6]
[5, 4, 0, 1, 2, 3]
[5, 4, 0, 1, 2, 7]
[5, 4, 0, 1, 2, 6]
[5, 4, 0, 1, 2, 3, 7]
[5, 4, 0, 1, 2, 3, 6]
[5, 4, 0, 1, 2, 3, 7, 6]
failed Once
after fail n ======> 4
[0, 1, 2, 4]
0.02564102564102564 0.0967741935483871
itercount --------> 1
[0, 2, 6]
0.0967741935483871 0.16666666666666666
itercount --------> 2
[6, 3, 4]
[6, 3, 2]
[6, 3, 1]
0.16666666666666666 0.19230769230769232
itercount --------> 3
[1, 4, 6]
0.19230769230769232 0.2608695652173913
itercount --------> 4
[1, 4, 2]
[1, 4, 3]
[1, 4, 6]
[1, 4, 5]
0.2608695652173913 0.2631578947368421
itercount --------> 5
[1, 5, 4]
[1, 5, 2]
[1, 5, 6]
[1, 5, 0]
[1, 5, 3]
[1, 5, 7]
[1, 5, 4, 2]
0.2631578947368421 0.2727272727272727
itercount --------> 6
[1, 4, 3]
[1, 4, 6]
[1, 4, 5]
0.2727272727272727 0.3333333333333333
itercount --------> 7
[1, 4, 5]
[1, 4, 6]
[1, 4, 0]
[1, 4, 2]
[1, 4, 3]
[1, 4, 7]
[1, 4, 5, 6]
[1, 4, 5, 0]
[1, 4, 5, 2]
[1, 4, 5, 3]
[1, 4, 5, 7]
[1, 4, 5, 6, 0]
0.3333333333333333 0.375
itercount --------> 8
[1, 0, 2]
[1, 0, 4]
0.375 0.38095238095238093
itercount --------> 9
[1, 0, 4]
[1, 0, 2]
[1, 0, 3]
0.38095238095238093 0.4444444444444444
itercount --------> 10
[0, 1, 2]
[0, 1, 4]
[0, 1, 3]
[0, 1, 6]
[0, 1, 5]
0.4444444444444444 0.5
itercount --------> 11
[0, 1, 2]
[0, 1, 4]
[0, 1, 5]
0.5 0.5333333333333333
itercount --------> 12
[0, 1, 2]
[0, 1, 4]
[0, 1, 3]
[0, 1, 5]
[0, 1, 6]
[0, 1, 7]
[0, 1, 2, 4]
[0, 1, 2, 3]
[0, 1, 2, 5]
0.5333333333333333 0.5454545454545454
itercount --------> 13
[0, 1, 5]
0.5454545454545454 0.6
itercount --------> 14
[5, 4, 0]
[5, 4, 1]
[5, 4, 2]
[5, 4, 3]
[5, 4, 7]
[5, 4, 6]
[5, 4, 0, 1]
[5, 4, 0, 2]
[5, 4, 0, 3]
[5, 4, 0, 7]
[5, 4, 0, 6]
[5, 4, 0, 1, 2]
[5, 4, 0, 1, 3]
[5, 4, 0, 1, 7]
[5, 4, 0, 1, 6]
[5, 4, 0, 1, 2, 3]
[5, 4, 0, 1, 2, 7]
[5, 4, 0, 1, 2, 6]
[5, 4, 0, 1, 2, 3, 7]
[5, 4, 0, 1, 2, 3, 6]
[5, 4, 0, 1, 2, 3, 7, 6]
failed -> 2 times
after fail n ======> 5
[0, 1, 2, 4, 7]
0.02564102564102564 0.043478260869565216
itercount --------> 1
[4, 0, 1]
0.043478260869565216 0.13043478260869565
itercount --------> 2
[0, 1, 2]
0.13043478260869565 0.16666666666666666
itercount --------> 3
[6, 0, 4]
[6, 0, 3]
0.16666666666666666 0.23076923076923078
itercount --------> 4
[0, 6, 4]
0.23076923076923078 0.3125
itercount --------> 5
[0, 4, 1]
0.3125 0.35294117647058826
itercount --------> 6
[0, 1, 4]
[0, 1, 2]
[0, 1, 3]
[0, 1, 5]
[0, 1, 6]
0.35294117647058826 0.4444444444444444
itercount --------> 7
[0, 1, 2]
[0, 1, 4]
[0, 1, 3]
[0, 1, 6]
[0, 1, 5]
0.4444444444444444 0.5333333333333333
itercount --------> 8
[0, 1, 2]
[0, 1, 4]
[0, 1, 3]
[0, 1, 5]
[0, 1, 6]
[0, 1, 7]
[0, 1, 2, 4]
[0, 1, 2, 3]
[0, 1, 2, 5]
0.5333333333333333 0.5454545454545454
itercount --------> 9
[0, 1, 5]
0.5454545454545454 0.6
itercount --------> 10
[5, 4, 0]
[5, 4, 1]
[5, 4, 2]
[5, 4, 3]
[5, 4, 7]
[5, 4, 6]
[5, 4, 0, 1]
[5, 4, 0, 2]
[5, 4, 0, 3]
[5, 4, 0, 7]
[5, 4, 0, 6]
[5, 4, 0, 1, 2]
[5, 4, 0, 1, 3]
[5, 4, 0, 1, 7]
[5, 4, 0, 1, 6]
[5, 4, 0, 1, 2, 3]
[5, 4, 0, 1, 2, 7]
[5, 4, 0, 1, 2, 6]
[5, 4, 0, 1, 2, 3, 7]
[5, 4, 0, 1, 2, 3, 6]
[5, 4, 0, 1, 2, 3, 7, 6]
failed -> 3 times
after fail n ======> 6
[0, 1, 2, 4, 7, 3]
0.02564102564102564 0.058823529411764705
itercount --------> 1
[0, 1, 2]
0.058823529411764705 0.1111111111111111
itercount --------> 2
[2, 0, 1]
0.1111111111111111 0.2
itercount --------> 3
[0, 1, 2]
[0, 1, 7]
0.2 0.26666666666666666
itercount --------> 4
[4, 0, 1]
0.26666666666666666 0.3125
itercount --------> 5
[4, 3, 5]
[4, 3, 6]
[4, 3, 7]
[4, 3, 0]
[4, 3, 1]
[4, 3, 2]
[4, 3, 5, 6]
[4, 3, 5, 7]
0.3125 0.3333333333333333
itercount --------> 6
[4, 0, 1]
[4, 0, 2]
[4, 0, 7]
[4, 0, 6]
[4, 0, 3]
[4, 0, 5]
[4, 0, 1, 2]
[4, 0, 1, 7]
0.3333333333333333 0.38461538461538464
itercount --------> 7
[7, 0, 1]
[7, 0, 2]
[7, 0, 4]
[7, 0, 6]
[7, 0, 3]
[7, 0, 5]
[7, 0, 1, 2]
[7, 0, 1, 4]
[7, 0, 1, 6]
0.38461538461538464 0.4166666666666667
itercount --------> 8
[7, 4, 0]
[7, 4, 1]
[7, 4, 2]
0.4166666666666667 0.45454545454545453
itercount --------> 9
[0, 1, 2]
[0, 1, 7]
[0, 1, 3]
[0, 1, 5]
[0, 1, 6]
0.45454545454545453 0.46153846153846156
itercount --------> 10
[0, 1, 2]
[0, 1, 7]
[0, 1, 3]
[0, 1, 5]
[0, 1, 4]
[0, 1, 6]
[0, 1, 2, 7]
[0, 1, 2, 3]
0.46153846153846156 0.5454545454545454
itercount --------> 11
[0, 1, 2]
[0, 1, 7]
[0, 1, 5]
[0, 1, 4]
[0, 1, 6]
0.5454545454545454 0.5555555555555556
itercount --------> 12
[7, 5, 0]
[7, 5, 1]
[7, 5, 2]
[7, 5, 6]
0.5555555555555556 0.6
itercount --------> 13
[7, 5, 0]
[7, 5, 1]
[7, 5, 2]
[7, 5, 6]
[7, 5, 3]
[7, 5, 4]
[7, 5, 0, 1]
[7, 5, 0, 2]
[7, 5, 0, 6]
[7, 5, 0, 3]
[7, 5, 0, 4]
[7, 5, 0, 1, 2]
[7, 5, 0, 1, 6]
[7, 5, 0, 1, 3]
[7, 5, 0, 1, 4]
[7, 5, 0, 1, 2, 6]
[7, 5, 0, 1, 2, 3]
[7, 5, 0, 1, 2, 4]
[7, 5, 0, 1, 2, 6, 3]
[7, 5, 0, 1, 2, 6, 4]
[7, 5, 0, 1, 2, 6, 3, 4]
failed -> 4 times
after fail n ======> 7
[0, 1, 2, 4, 7, 3, 5]
0.02564102564102564 0.043478260869565216
itercount --------> 1
[4, 0, 1]
0.043478260869565216 0.05555555555555555
itercount --------> 2
[1, 0, 2]
0.05555555555555555 0.06666666666666667
itercount --------> 3
[4, 7, 3]
0.06666666666666667 0.19047619047619047
itercount --------> 4
[1, 7, 0]
0.19047619047619047 0.3076923076923077
itercount --------> 5
[4, 3, 7]
0.3076923076923077 0.38461538461538464
itercount --------> 6
[7, 0, 1]
[7, 0, 2]
[7, 0, 4]
0.38461538461538464 0.4166666666666667
itercount --------> 7
[0, 1, 2]
[0, 1, 7]
[0, 1, 3]
[0, 1, 5]
[0, 1, 6]
0.4166666666666667 0.46153846153846156
itercount --------> 8
[0, 1, 2]
[0, 1, 7]
[0, 1, 3]
[0, 1, 5]
0.46153846153846156 0.5
itercount --------> 9
[1, 0, 2]
[1, 0, 7]
[1, 0, 4]
[1, 0, 5]
[1, 0, 6]
[1, 0, 3]
[1, 0, 2, 7]
0.5 0.5454545454545454
itercount --------> 10
[0, 1, 2]
[0, 1, 7]
[0, 1, 5]
[0, 1, 6]
[0, 1, 3]
[0, 1, 4]
[0, 1, 2, 7]
[0, 1, 2, 5]
0.5454545454545454 0.6
itercount --------> 11
[0, 1, 2]
[0, 1, 7]
[0, 1, 5]
[0, 1, 6]
[0, 1, 3]
0.6 0.6666666666666666
itercount --------> 12
[0, 1, 2]
[0, 1, 5]
[0, 1, 7]
[0, 1, 6]
[0, 1, 3]
[0, 1, 4]
[0, 1, 2, 5]
[0, 1, 2, 7]
[0, 1, 2, 6]
[0, 1, 2, 3]
[0, 1, 2, 4]
[0, 1, 2, 5, 7]
[0, 1, 2, 5, 6]
[0, 1, 2, 5, 3]
[0, 1, 2, 5, 4]
[0, 1, 2, 5, 7, 6]
[0, 1, 2, 5, 7, 3]
[0, 1, 2, 5, 7, 4]
[0, 1, 2, 5, 7, 6, 3]
[0, 1, 2, 5, 7, 6, 4]
[0, 1, 2, 5, 7, 6, 3, 4]
failed -> 5 times
after fail n ======> 8
[0, 1, 2, 4, 7, 3, 5, 6]
0.02564102564102564 0.05263157894736842
itercount --------> 1
[7, 1, 0]
0.05263157894736842 0.058823529411764705
itercount --------> 2
[7, 4, 3]
0.058823529411764705 0.13953488372093023
itercount --------> 3
[0, 2, 4]
[0, 2, 1]
[0, 2, 3]
0.13953488372093023 0.17142857142857143
itercount --------> 4
[0, 2, 4]
0.17142857142857143 0.17647058823529413
itercount --------> 5
[2, 0, 1]
[2, 0, 4]
[2, 0, 7]
0.17647058823529413 0.25
itercount --------> 6
[2, 7, 4]
0.25 0.29411764705882354
itercount --------> 7
[2, 7, 4]
0.29411764705882354 0.3125
itercount --------> 8
[4, 1, 2]
[4, 1, 7]
[4, 1, 6]
[4, 1, 3]
[4, 1, 0]
[4, 1, 5]
[4, 1, 2, 7]
0.3125 0.45454545454545453
itercount --------> 9
[7, 4, 6]
[7, 4, 0]
[7, 4, 1]
[7, 4, 2]
[7, 4, 5]
[7, 4, 3]
[7, 4, 6, 0]
[7, 4, 6, 1]
0.45454545454545453 0.46153846153846156
itercount --------> 10
[1, 4, 7]
[1, 4, 0]
[1, 4, 2]
[1, 4, 5]
0.46153846153846156 0.5
itercount --------> 11
[4, 0, 1]
[4, 0, 2]
[4, 0, 7]
[4, 0, 5]
[4, 0, 6]
[4, 0, 3]
[4, 0, 1, 2]
[4, 0, 1, 7]
[4, 0, 1, 5]
[4, 0, 1, 6]
[4, 0, 1, 3]
[4, 0, 1, 2, 7]
0.5 0.5333333333333333
itercount --------> 12
[4, 5, 7]
[4, 5, 0]
[4, 5, 1]
[4, 5, 2]
0.5333333333333333 0.5454545454545454
itercount --------> 13
[0, 1, 2]
[0, 1, 5]
[0, 1, 7]
[0, 1, 4]
[0, 1, 6]
0.5454545454545454 0.6
itercount --------> 14
[0, 1, 2]
[0, 1, 5]
[0, 1, 7]
[0, 1, 4]
[0, 1, 6]
[0, 1, 3]
[0, 1, 2, 5]
[0, 1, 2, 7]
[0, 1, 2, 4]
[0, 1, 2, 6]
[0, 1, 2, 3]
[0, 1, 2, 5, 7]
[0, 1, 2, 5, 4]
0.6 0.6153846153846154
itercount --------> 15
[0, 1, 2]
[0, 1, 4]
[0, 1, 7]
[0, 1, 5]
[0, 1, 6]
[0, 1, 3]
[0, 1, 2, 4]
0.6153846153846154 0.6666666666666666
itercount --------> 16
[4, 0, 1]
[4, 0, 2]
[4, 0, 7]
[4, 0, 5]
[4, 0, 6]
[4, 0, 3]
[4, 0, 1, 2]
[4, 0, 1, 7]
[4, 0, 1, 5]
[4, 0, 1, 6]
[4, 0, 1, 3]
[4, 0, 1, 2, 7]
[4, 0, 1, 2, 5]
[4, 0, 1, 2, 6]
[4, 0, 1, 2, 3]
[4, 0, 1, 2, 7, 5]
0.6666666666666666 0.7
itercount --------> 17
[5, 7, 0]
[5, 7, 1]
[5, 7, 2]
[5, 7, 4]
[5, 7, 6]
[5, 7, 3]
[5, 7, 0, 1]
[5, 7, 0, 2]
[5, 7, 0, 4]
[5, 7, 0, 6]
[5, 7, 0, 3]
[5, 7, 0, 1, 2]
[5, 7, 0, 1, 4]
[5, 7, 0, 1, 6]
[5, 7, 0, 1, 3]
[5, 7, 0, 1, 2, 4]
[5, 7, 0, 1, 2, 6]
[5, 7, 0, 1, 2, 3]
[5, 7, 0, 1, 2, 4, 6]
[5, 7, 0, 1, 2, 4, 3]
[5, 7, 0, 1, 2, 4, 6, 3]
failed -> 6 times
after fail n ======> 5
[0, 1, 2, 4, 7]
0.02564102564102564 0.034482758620689655
itercount --------> 1
[1, 2, 0]
0.034482758620689655 0.0625
itercount --------> 2
[0, 1, 2]
0.0625 0.10526315789473684
itercount --------> 3
[4, 3, 7]
0.10526315789473684 0.21052631578947367
itercount --------> 4
[4, 3, 0]
[4, 3, 1]
0.21052631578947367 0.2222222222222222
itercount --------> 5
[7, 3, 4]
0.2222222222222222 0.25925925925925924
itercount --------> 6
[4, 1, 2]
[4, 1, 3]
[4, 1, 7]
0.25925925925925924 0.3125
itercount --------> 7
[4, 3, 7]
[4, 3, 6]
[4, 3, 1]
[4, 3, 2]
[4, 3, 5]
[4, 3, 0]
[4, 3, 7, 6]
0.3125 0.3157894736842105
itercount --------> 8
[4, 7, 3]
0.3157894736842105 0.35294117647058826
itercount --------> 9
[4, 3, 7]
[4, 3, 6]
[4, 3, 1]
[4, 3, 2]
[4, 3, 0]
[4, 3, 5]
[4, 3, 7, 6]
0.35294117647058826 0.47058823529411764
itercount --------> 10
[4, 1, 2]
[4, 1, 3]
[4, 1, 7]
[4, 1, 0]
[4, 1, 6]
[4, 1, 5]
[4, 1, 2, 3]
[4, 1, 2, 7]
[4, 1, 2, 0]
0.47058823529411764 0.5333333333333333
itercount --------> 11
[3, 4, 7]
[3, 4, 0]
[3, 4, 1]
[3, 4, 2]
[3, 4, 6]
0.5333333333333333 0.5454545454545454
itercount --------> 12
[7, 3, 0]
[7, 3, 1]
[7, 3, 2]
[7, 3, 4]
[7, 3, 5]
[7, 3, 6]
[7, 3, 0, 1]
[7, 3, 0, 2]
[7, 3, 0, 4]
[7, 3, 0, 5]
[7, 3, 0, 6]
[7, 3, 0, 1, 2]
[7, 3, 0, 1, 4]
[7, 3, 0, 1, 5]
[7, 3, 0, 1, 6]
[7, 3, 0, 1, 2, 4]
[7, 3, 0, 1, 2, 5]
[7, 3, 0, 1, 2, 6]
[7, 3, 0, 1, 2, 4, 5]
[7, 3, 0, 1, 2, 4, 6]
[7, 3, 0, 1, 2, 4, 5, 6]
failed -> 7 times
after fail n ======> 6
[0, 1, 2, 4, 7, 3]
0.02564102564102564 0.03225806451612903
itercount --------> 1
[0, 2, 1]
0.03225806451612903 0.047619047619047616
itercount --------> 2
[4, 0, 7]
0.047619047619047616 0.10714285714285714
itercount --------> 3
[0, 1, 3]
0.10714285714285714 0.13043478260869565
itercount --------> 4
[0, 1, 2]
0.13043478260869565 0.16666666666666666
itercount --------> 5
[6, 0, 4]
0.16666666666666666 0.1875
itercount --------> 6
[6, 3, 4]
[6, 3, 0]
0.1875 0.23076923076923078
itercount --------> 7
[0, 6, 4]
[0, 6, 1]
0.23076923076923078 0.29411764705882354
itercount --------> 8
[1, 0, 4]
0.29411764705882354 0.3333333333333333
itercount --------> 9
[1, 0, 2]
0.3333333333333333 0.375
itercount --------> 10
[0, 1, 4]
[0, 1, 2]
[0, 1, 3]
[0, 1, 5]
[0, 1, 6]
0.375 0.38095238095238093
itercount --------> 11
[0, 1, 4]
[0, 1, 2]
[0, 1, 3]
0.38095238095238093 0.4444444444444444
itercount --------> 12
[0, 1, 2]
[0, 1, 4]
[0, 1, 3]
[0, 1, 6]
[0, 1, 5]
[0, 1, 7]
0.4444444444444444 0.5
itercount --------> 13
[1, 0, 2]
[1, 0, 4]
[1, 0, 3]
[1, 0, 5]
[1, 0, 6]
[1, 0, 7]
[1, 0, 2, 4]
[1, 0, 2, 3]
[1, 0, 2, 5]
0.5 0.5454545454545454
itercount --------> 14
[1, 0, 5]
0.5454545454545454 0.6
itercount --------> 15
[1, 5, 0]
[1, 5, 2]
[1, 5, 4]
[1, 5, 3]
[1, 5, 7]
[1, 5, 6]
[1, 5, 0, 2]
[1, 5, 0, 4]
[1, 5, 0, 3]
[1, 5, 0, 7]
[1, 5, 0, 6]
[1, 5, 0, 2, 4]
[1, 5, 0, 2, 3]
[1, 5, 0, 2, 7]
[1, 5, 0, 2, 6]
[1, 5, 0, 2, 4, 3]
[1, 5, 0, 2, 4, 7]
[1, 5, 0, 2, 4, 6]
[1, 5, 0, 2, 4, 3, 7]
[1, 5, 0, 2, 4, 3, 6]
[1, 5, 0, 2, 4, 3, 7, 6]
failed -> 8 times
after fail n ======> 7
[0, 1, 2, 4, 7, 3, 5]
0.02564102564102564 0.043478260869565216
itercount --------> 1
[4, 0, 1]
0.043478260869565216 0.13043478260869565
itercount --------> 2
[1, 0, 2]
[1, 0, 6]
0.13043478260869565 0.2
itercount --------> 3
[0, 1, 2]
[0, 1, 3]
[0, 1, 4]
[0, 1, 7]
[0, 1, 5]
0.2 0.23076923076923078
itercount --------> 4
[4, 1, 3]
0.23076923076923078 0.25
itercount --------> 5
[4, 3, 5]
0.25 0.3125
itercount --------> 6
[1, 4, 5]
0.3125 0.38461538461538464
itercount --------> 7
[0, 1, 2]
[0, 1, 5]
[0, 1, 4]
0.38461538461538464 0.45454545454545453
itercount --------> 8
[5, 4, 3]
[5, 4, 0]
[5, 4, 1]
[5, 4, 2]
[5, 4, 7]
[5, 4, 6]
[5, 4, 3, 0]
[5, 4, 3, 1]
0.45454545454545453 0.5
itercount --------> 9
[5, 4, 3]
[5, 4, 7]
[5, 4, 0]
[5, 4, 1]
[5, 4, 2]
0.5 0.5555555555555556
itercount --------> 10
[5, 7, 0]
[5, 7, 1]
[5, 7, 2]
[5, 7, 3]
0.5555555555555556 0.6
itercount --------> 11
[5, 7, 0]
[5, 7, 1]
[5, 7, 2]
[5, 7, 3]
[5, 7, 4]
[5, 7, 6]
[5, 7, 0, 1]
[5, 7, 0, 2]
[5, 7, 0, 3]
[5, 7, 0, 4]
[5, 7, 0, 6]
[5, 7, 0, 1, 2]
[5, 7, 0, 1, 3]
[5, 7, 0, 1, 4]
[5, 7, 0, 1, 6]
[5, 7, 0, 1, 2, 3]
[5, 7, 0, 1, 2, 4]
[5, 7, 0, 1, 2, 6]
[5, 7, 0, 1, 2, 3, 4]
[5, 7, 0, 1, 2, 3, 6]
[5, 7, 0, 1, 2, 3, 4, 6]
failed -> 9 times
after fail n ======> 8
[0, 1, 2, 4, 7, 3, 5, 6]
0.02564102564102564 0.037037037037037035
itercount --------> 1
[2, 0, 1]
[2, 0, 4]
0.037037037037037035 0.06666666666666667
itercount --------> 2
[2, 0, 1]
0.06666666666666667 0.07692307692307693
itercount --------> 3
[0, 2, 1]
0.07692307692307693 0.13043478260869565
itercount --------> 4
[2, 0, 4]
[2, 0, 3]
0.13043478260869565 0.3125
itercount --------> 5
[4, 0, 2]
[4, 0, 1]
0.3125 0.4666666666666667
itercount --------> 6
[0, 2, 1]
[0, 2, 4]
[0, 2, 3]
[0, 2, 7]
[0, 2, 5]
[0, 2, 6]
[0, 2, 1, 4]
[0, 2, 1, 3]
[0, 2, 1, 7]
[0, 2, 1, 5]
0.4666666666666667 0.5
itercount --------> 7
[0, 5, 1]
[0, 5, 2]
[0, 5, 4]
[0, 5, 7]
[0, 5, 3]
[0, 5, 6]
[0, 5, 1, 2]
0.5 0.5384615384615384
itercount --------> 8
[0, 1, 4]
[0, 1, 3]
[0, 1, 2]
[0, 1, 7]
[0, 1, 5]
0.5384615384615384 0.6363636363636364
itercount --------> 9
[0, 1, 2]
[0, 1, 4]
[0, 1, 7]
[0, 1, 3]
[0, 1, 5]
[0, 1, 6]
[0, 1, 2, 4]
[0, 1, 2, 7]
[0, 1, 2, 3]
[0, 1, 2, 5]
[0, 1, 2, 6]
[0, 1, 2, 4, 7]
[0, 1, 2, 4, 3]
[0, 1, 2, 4, 5]
[0, 1, 2, 4, 6]
[0, 1, 2, 4, 7, 3]
[0, 1, 2, 4, 7, 5]
[0, 1, 2, 4, 7, 6]
[0, 1, 2, 4, 7, 3, 5]
[0, 1, 2, 4, 7, 3, 6]
[0, 1, 2, 4, 7, 3, 5, 6]
failed -> 10 times
after fail n ======> 5
[0, 1, 2, 4, 7]
0.02564102564102564 0.043478260869565216
itercount --------> 1
[4, 0, 1]
0.043478260869565216 0.0967741935483871
itercount --------> 2
[2, 1, 6]
0.0967741935483871 0.12
itercount --------> 3
[1, 3, 4]
0.12 0.13043478260869565
itercount --------> 4
[1, 2, 4]
0.13043478260869565 0.16666666666666666
itercount --------> 5
[4, 1, 3]
[4, 1, 6]
[4, 1, 0]
0.16666666666666666 0.17647058823529413
itercount --------> 6
[4, 0, 3]
[4, 0, 1]
0.17647058823529413 0.1875
itercount --------> 7
[0, 1, 3]
[0, 1, 4]
[0, 1, 2]
[0, 1, 6]
0.1875 0.2857142857142857
itercount --------> 8
[1, 0, 3]
[1, 0, 4]
[1, 0, 6]
0.2857142857142857 0.36363636363636365
itercount --------> 9
[0, 1, 4]
[0, 1, 2]
[0, 1, 3]
[0, 1, 6]
[0, 1, 5]
[0, 1, 7]
[0, 1, 4, 2]
0.36363636363636365 0.4
itercount --------> 10
[1, 0, 3]
[1, 0, 4]
[1, 0, 6]
[1, 0, 2]
[1, 0, 5]
[1, 0, 7]
[1, 0, 3, 4]
[1, 0, 3, 6]
0.4 0.42105263157894735
itercount --------> 11
[1, 3, 0]
[1, 3, 4]
[1, 3, 6]
0.42105263157894735 0.42857142857142855
itercount --------> 12
[3, 1, 6]
[3, 1, 0]
0.42857142857142855 0.5
itercount --------> 13
[3, 6, 0]
[3, 6, 1]
[3, 6, 5]
[3, 6, 7]
[3, 6, 2]
0.5 0.6153846153846154
itercount --------> 14
[0, 1, 3]
[0, 1, 4]
[0, 1, 6]
[0, 1, 2]
[0, 1, 5]
[0, 1, 7]
[0, 1, 3, 4]
[0, 1, 3, 6]
[0, 1, 3, 2]
[0, 1, 3, 5]
[0, 1, 3, 7]
[0, 1, 3, 4, 6]
[0, 1, 3, 4, 2]
[0, 1, 3, 4, 5]
[0, 1, 3, 4, 7]
[0, 1, 3, 4, 6, 2]
[0, 1, 3, 4, 6, 5]
[0, 1, 3, 4, 6, 7]
[0, 1, 3, 4, 6, 2, 5]
0.6153846153846154 0.6666666666666666
itercount --------> 15
[0, 1, 2]
[0, 1, 3]
[0, 1, 4]
[0, 1, 5]
[0, 1, 6]
[0, 1, 7]
[0, 1, 2, 3]
[0, 1, 2, 4]
[0, 1, 2, 5]
[0, 1, 2, 6]
[0, 1, 2, 7]
[0, 1, 2, 3, 4]
[0, 1, 2, 3, 5]
[0, 1, 2, 3, 6]
[0, 1, 2, 3, 7]
[0, 1, 2, 3, 4, 5]
[0, 1, 2, 3, 4, 6]
[0, 1, 2, 3, 4, 7]
[0, 1, 2, 3, 4, 5, 6]
[0, 1, 2, 3, 4, 5, 7]
[0, 1, 2, 3, 4, 5, 6, 7]
failed -> 11 times
after fail n ======> 6
[0, 1, 2, 4, 7, 3]
0.02564102564102564 0.07317073170731707
itercount --------> 1
[0, 1, 2]
0.07317073170731707 0.16666666666666666
itercount --------> 2
[6, 0, 4]
[6, 0, 3]
0.16666666666666666 0.29411764705882354
itercount --------> 3
[0, 6, 4]
[0, 6, 1]
0.29411764705882354 0.35294117647058826
itercount --------> 4
[0, 1, 4]
0.35294117647058826 0.42105263157894735
itercount --------> 5
[0, 1, 3]
[0, 1, 4]
[0, 1, 2]
[0, 1, 6]
[0, 1, 5]
0.42105263157894735 0.42857142857142855
itercount --------> 6
[0, 1, 3]
[0, 1, 4]
[0, 1, 2]
[0, 1, 5]
[0, 1, 6]
[0, 1, 7]
[0, 1, 3, 4]
[0, 1, 3, 2]
[0, 1, 3, 5]
0.42857142857142855 0.47058823529411764
itercount --------> 7
[0, 1, 2]
[0, 1, 3]
[0, 1, 4]
[0, 1, 6]
[0, 1, 5]
[0, 1, 7]
[0, 1, 2, 3]
[0, 1, 2, 4]
[0, 1, 2, 6]
[0, 1, 2, 5]
0.47058823529411764 0.5
itercount --------> 8
[0, 1, 3]
[0, 1, 4]
[0, 1, 6]
[0, 1, 2]
[0, 1, 5]
[0, 1, 7]
[0, 1, 3, 4]
[0, 1, 3, 6]
0.5 0.5714285714285714
itercount --------> 9
[0, 1, 4]
[0, 1, 2]
[0, 1, 3]
[0, 1, 5]
0.5714285714285714 0.6
itercount --------> 10
[5, 4, 0]
[5, 4, 1]
[5, 4, 2]
[5, 4, 3]
[5, 4, 7]
[5, 4, 6]
[5, 4, 0, 1]
[5, 4, 0, 2]
[5, 4, 0, 3]
[5, 4, 0, 7]
[5, 4, 0, 6]
[5, 4, 0, 1, 2]
[5, 4, 0, 1, 3]
[5, 4, 0, 1, 7]
[5, 4, 0, 1, 6]
[5, 4, 0, 1, 2, 3]
[5, 4, 0, 1, 2, 7]
[5, 4, 0, 1, 2, 6]
[5, 4, 0, 1, 2, 3, 7]
[5, 4, 0, 1, 2, 3, 6]
[5, 4, 0, 1, 2, 3, 7, 6]
failed -> 12 times
after fail n ======> 7
[0, 1, 2, 4, 7, 3, 5]
0.02564102564102564 0.043478260869565216
itercount --------> 1
[4, 0, 1]
0.043478260869565216 0.0967741935483871
itercount --------> 2
[2, 0, 6]
0.0967741935483871 0.1
itercount --------> 3
[6, 0, 3]
[6, 0, 2]
0.1 0.11538461538461539
itercount --------> 4
[0, 3, 2]
0.11538461538461539 0.2
itercount --------> 5
[0, 2, 4]
0.2 0.21739130434782608
itercount --------> 6
[0, 4, 1]
0.21739130434782608 0.2857142857142857
itercount --------> 7
[0, 1, 3]
0.2857142857142857 0.3
itercount --------> 8
[1, 0, 3]
[1, 0, 4]
[1, 0, 6]
[1, 0, 5]
[1, 0, 2]
0.3 0.35294117647058826
itercount --------> 9
[0, 1, 4]
[0, 1, 3]
[0, 1, 5]
[0, 1, 6]
0.35294117647058826 0.4
itercount --------> 10
[1, 0, 3]
[1, 0, 4]
[1, 0, 6]
[1, 0, 2]
[1, 0, 5]
0.4 0.46153846153846156
itercount --------> 11
[0, 1, 4]
[0, 1, 3]
[0, 1, 5]
[0, 1, 2]
[0, 1, 6]
[0, 1, 7]
[0, 1, 4, 3]
0.46153846153846156 0.5
itercount --------> 12
[0, 1, 2]
[0, 1, 5]
[0, 1, 7]
[0, 1, 3]
[0, 1, 4]
[0, 1, 6]
[0, 1, 2, 5]
[0, 1, 2, 7]
[0, 1, 2, 3]
[0, 1, 2, 4]
[0, 1, 2, 6]
[0, 1, 2, 5, 7]
0.5 0.5555555555555556
itercount --------> 13
[5, 7, 0]
[5, 7, 1]
[5, 7, 2]
[5, 7, 3]
[5, 7, 4]
[5, 7, 6]
[5, 7, 0, 1]
[5, 7, 0, 2]
[5, 7, 0, 3]
[5, 7, 0, 4]
0.5555555555555556 0.6
itercount --------> 14
[1, 4, 5]
[1, 4, 0]
[1, 4, 2]
[1, 4, 3]
[1, 4, 7]
[1, 4, 6]
[1, 4, 5, 0]
[1, 4, 5, 2]
0.6 0.6666666666666666
itercount --------> 15
[0, 1, 2]
[0, 1, 5]
[0, 1, 7]
[0, 1, 3]
[0, 1, 4]
[0, 1, 6]
[0, 1, 2, 5]
[0, 1, 2, 7]
[0, 1, 2, 3]
[0, 1, 2, 4]
[0, 1, 2, 6]
[0, 1, 2, 5, 7]
[0, 1, 2, 5, 3]
[0, 1, 2, 5, 4]
[0, 1, 2, 5, 6]
[0, 1, 2, 5, 7, 3]
[0, 1, 2, 5, 7, 4]
[0, 1, 2, 5, 7, 6]
[0, 1, 2, 5, 7, 3, 4]
[0, 1, 2, 5, 7, 3, 6]
[0, 1, 2, 5, 7, 3, 4, 6]
failed -> 13 times
after fail n ======> 8
[0, 1, 2, 4, 7, 3, 5, 6]
0.02564102564102564 0.07317073170731707
itercount --------> 1
[1, 0, 2]
0.07317073170731707 0.0967741935483871
itercount --------> 2
[2, 1, 6]
0.0967741935483871 0.13333333333333333
itercount --------> 3
[1, 2, 0]
0.13333333333333333 0.26666666666666666
itercount --------> 4
[1, 0, 2]
[1, 0, 4]
0.26666666666666666 0.29411764705882354
itercount --------> 5
[1, 0, 3]
0.29411764705882354 0.4444444444444444
itercount --------> 6
[0, 1, 2]
[0, 1, 4]
[0, 1, 3]
[0, 1, 6]
[0, 1, 5]
[0, 1, 7]
0.4444444444444444 0.5
itercount --------> 7
[0, 1, 2]
[0, 1, 4]
[0, 1, 3]
[0, 1, 5]
[0, 1, 6]
[0, 1, 7]
[0, 1, 2, 4]
0.5 0.5333333333333333
itercount --------> 8
[0, 2, 1]
[0, 2, 4]
[0, 2, 3]
[0, 2, 5]
[0, 2, 7]
[0, 2, 6]
[0, 2, 1, 4]
[0, 2, 1, 3]
[0, 2, 1, 5]
0.5333333333333333 0.5454545454545454
itercount --------> 9
[0, 2, 1]
[0, 2, 5]
[0, 2, 4]
[0, 2, 7]
[0, 2, 3]
[0, 2, 6]
[0, 2, 1, 5]
[0, 2, 1, 4]
[0, 2, 1, 7]
[0, 2, 1, 3]
[0, 2, 1, 6]
[0, 2, 1, 5, 4]
0.5454545454545454 0.6
itercount --------> 10
[0, 5, 1]
[0, 5, 2]
0.6 0.6153846153846154
itercount --------> 11
[0, 2, 1]
[0, 2, 5]
[0, 2, 7]
[0, 2, 3]
0.6153846153846154 0.6666666666666666
itercount --------> 12
[0, 2, 1]
[0, 2, 5]
[0, 2, 7]
[0, 2, 3]
[0, 2, 4]
[0, 2, 6]
[0, 2, 1, 5]
[0, 2, 1, 7]
[0, 2, 1, 3]
[0, 2, 1, 4]
[0, 2, 1, 6]
[0, 2, 1, 5, 7]
[0, 2, 1, 5, 3]
[0, 2, 1, 5, 4]
[0, 2, 1, 5, 6]
[0, 2, 1, 5, 7, 3]
[0, 2, 1, 5, 7, 4]
[0, 2, 1, 5, 7, 6]
[0, 2, 1, 5, 7, 3, 4]
[0, 2, 1, 5, 7, 3, 6]
[0, 2, 1, 5, 7, 3, 4, 6]
failed -> 14 times
after fail n ======> 5
[0, 1, 2, 4, 7]
0.02564102564102564 0.07317073170731707
itercount --------> 1
[2, 0, 1]
0.07317073170731707 0.0967741935483871
itercount --------> 2
[1, 2, 6]
0.0967741935483871 0.1111111111111111
itercount --------> 3
[1, 6, 3]
0.1111111111111111 0.11764705882352941
itercount --------> 4
[1, 6, 4]
[1, 6, 3]
0.11764705882352941 0.125
itercount --------> 5
[1, 3, 5]
[1, 3, 6]
[1, 3, 2]
[1, 3, 0]
0.125 0.2
itercount --------> 6
[1, 2, 3]
0.2 0.2222222222222222
itercount --------> 7
[6, 3, 1]
0.2222222222222222 0.3333333333333333
itercount --------> 8
[4, 2, 5]
[4, 2, 0]
[4, 2, 1]
0.3333333333333333 0.375
itercount --------> 9
[1, 2, 4]
[1, 2, 0]
[1, 2, 3]
[1, 2, 5]
[1, 2, 6]
0.375 0.4444444444444444
itercount --------> 10
[1, 2, 0]
[1, 2, 4]
[1, 2, 3]
[1, 2, 6]
[1, 2, 5]
0.4444444444444444 0.5
itercount --------> 11
[0, 1, 2]
[0, 1, 4]
[0, 1, 5]
0.5 0.6
itercount --------> 12
[5, 4, 0]
[5, 4, 1]
[5, 4, 2]
[5, 4, 3]
[5, 4, 7]
[5, 4, 6]
[5, 4, 0, 1]
[5, 4, 0, 2]
[5, 4, 0, 3]
[5, 4, 0, 7]
[5, 4, 0, 6]
[5, 4, 0, 1, 2]
[5, 4, 0, 1, 3]
[5, 4, 0, 1, 7]
[5, 4, 0, 1, 6]
[5, 4, 0, 1, 2, 3]
[5, 4, 0, 1, 2, 7]
[5, 4, 0, 1, 2, 6]
[5, 4, 0, 1, 2, 3, 7]
[5, 4, 0, 1, 2, 3, 6]
[5, 4, 0, 1, 2, 3, 7, 6]
failed -> 15 times
after fail n ======> 6
[0, 1, 2, 4, 7, 3]
0.02564102564102564 0.043478260869565216
itercount --------> 1
[4, 0, 1]
0.043478260869565216 0.07317073170731707
itercount --------> 2
[0, 1, 2]
0.07317073170731707 0.15
itercount --------> 3
[0, 6, 4]
0.15 0.19047619047619047
itercount --------> 4
[0, 1, 2]
0.19047619047619047 0.26666666666666666
itercount --------> 5
[0, 1, 2]
[0, 1, 4]
0.26666666666666666 0.29411764705882354
itercount --------> 6
[0, 1, 3]
0.29411764705882354 0.32
itercount --------> 7
[0, 1, 4]
[0, 1, 2]
[0, 1, 6]
0.32 0.3333333333333333
itercount --------> 8
[0, 1, 2]
[0, 1, 4]
0.3333333333333333 0.375
itercount --------> 9
[0, 1, 4]
[0, 1, 2]
[0, 1, 3]
[0, 1, 5]
[0, 1, 6]
0.375 0.38095238095238093
itercount --------> 10
[1, 0, 4]
[1, 0, 2]
[1, 0, 3]
0.38095238095238093 0.4444444444444444
itercount --------> 11
[0, 1, 2]
[0, 1, 4]
[0, 1, 3]
[0, 1, 6]
[0, 1, 5]
[0, 1, 7]
[0, 1, 2, 4]
0.4444444444444444 0.47058823529411764
itercount --------> 12
[0, 1, 2]
[0, 1, 3]
[0, 1, 4]
[0, 1, 5]
0.47058823529411764 0.5
itercount --------> 13
[0, 2, 4]
[0, 2, 5]
0.5 0.5454545454545454
itercount --------> 14
[0, 1, 2]
[0, 1, 5]
[0, 1, 4]
[0, 1, 3]
[0, 1, 7]
[0, 1, 6]
[0, 1, 2, 5]
0.5454545454545454 0.5714285714285714
itercount --------> 15
[0, 2, 1]
[0, 2, 4]
[0, 2, 3]
[0, 2, 5]
[0, 2, 7]
[0, 2, 6]
[0, 2, 1, 4]
[0, 2, 1, 3]
0.5714285714285714 0.6153846153846154
itercount --------> 16
[0, 2, 1]
[0, 2, 4]
[0, 2, 5]
[0, 2, 7]
[0, 2, 3]
[0, 2, 6]
[0, 2, 1, 4]
[0, 2, 1, 5]
[0, 2, 1, 7]
[0, 2, 1, 3]
[0, 2, 1, 6]
0.6153846153846154 0.6666666666666666
itercount --------> 17
[0, 2, 1]
[0, 2, 5]
[0, 2, 7]
[0, 2, 3]
[0, 2, 4]
[0, 2, 6]
[0, 2, 1, 5]
[0, 2, 1, 7]
[0, 2, 1, 3]
[0, 2, 1, 4]
[0, 2, 1, 6]
[0, 2, 1, 5, 7]
[0, 2, 1, 5, 3]
[0, 2, 1, 5, 4]
[0, 2, 1, 5, 6]
[0, 2, 1, 5, 7, 3]
[0, 2, 1, 5, 7, 4]
[0, 2, 1, 5, 7, 6]
[0, 2, 1, 5, 7, 3, 4]
[0, 2, 1, 5, 7, 3, 6]
[0, 2, 1, 5, 7, 3, 4, 6]
failed -> 16 times
after fail n ======> 7
[0, 1, 2, 4, 7, 3, 5]
0.02564102564102564 0.03896103896103896
itercount --------> 1
[0, 1, 2]
0.03896103896103896 0.07317073170731707
itercount --------> 2
[2, 0, 1]
[2, 0, 4]
0.07317073170731707 0.13043478260869565
itercount --------> 3
[4, 0, 1]
0.13043478260869565 0.16
itercount --------> 4
[1, 0, 2]
[1, 0, 4]
[1, 0, 3]
0.16 0.2222222222222222
itercount --------> 5
[1, 0, 2]
0.2222222222222222 0.2857142857142857
itercount --------> 6
[1, 0, 2]
[1, 0, 4]
[1, 0, 3]
[1, 0, 5]
[1, 0, 7]
0.2857142857142857 0.3
itercount --------> 7
[1, 4, 0]
[1, 4, 2]
[1, 4, 6]
0.3 0.38095238095238093
itercount --------> 8
[1, 4, 0]
[1, 4, 2]
[1, 4, 3]
0.38095238095238093 0.4
itercount --------> 9
[1, 4, 7]
[1, 4, 0]
[1, 4, 2]
[1, 4, 5]
[1, 4, 3]
[1, 4, 6]
[1, 4, 7, 0]
0.4 0.42857142857142855
itercount --------> 10
[1, 0, 2]
[1, 0, 3]
[1, 0, 4]
[1, 0, 5]
[1, 0, 7]
[1, 0, 6]
[1, 0, 2, 3]
[1, 0, 2, 4]
[1, 0, 2, 5]
[1, 0, 2, 7]
[1, 0, 2, 6]
0.42857142857142855 0.46153846153846156
itercount --------> 11
[1, 0, 2]
[1, 0, 3]
[1, 0, 4]
[1, 0, 5]
[1, 0, 7]
[1, 0, 6]
[1, 0, 2, 3]
[1, 0, 2, 4]
0.46153846153846156 0.4666666666666667
itercount --------> 12
[1, 2, 0]
[1, 2, 3]
[1, 2, 4]
[1, 2, 5]
[1, 2, 7]
[1, 2, 6]
[1, 2, 0, 3]
[1, 2, 0, 4]
[1, 2, 0, 5]
0.4666666666666667 0.5
itercount --------> 13
[1, 5, 4]
[1, 5, 0]
[1, 5, 2]
[1, 5, 3]
[1, 5, 7]
[1, 5, 6]
[1, 5, 4, 0]
[1, 5, 4, 2]
[1, 5, 4, 3]
0.5 0.5454545454545454
itercount --------> 14
[1, 5, 0]
0.5454545454545454 0.6
itercount --------> 15
[0, 1, 2]
[0, 1, 5]
[0, 1, 7]
[0, 1, 3]
[0, 1, 4]
[0, 1, 6]
[0, 1, 2, 5]
[0, 1, 2, 7]
[0, 1, 2, 3]
[0, 1, 2, 4]
[0, 1, 2, 6]
0.6 0.6666666666666666
itercount --------> 16
[0, 1, 2]
[0, 1, 5]
[0, 1, 7]
[0, 1, 3]
[0, 1, 4]
[0, 1, 6]
[0, 1, 2, 5]
[0, 1, 2, 7]
[0, 1, 2, 3]
[0, 1, 2, 4]
[0, 1, 2, 6]
[0, 1, 2, 5, 7]
[0, 1, 2, 5, 3]
[0, 1, 2, 5, 4]
[0, 1, 2, 5, 6]
[0, 1, 2, 5, 7, 3]
[0, 1, 2, 5, 7, 4]
[0, 1, 2, 5, 7, 6]
[0, 1, 2, 5, 7, 3, 4]
[0, 1, 2, 5, 7, 3, 6]
[0, 1, 2, 5, 7, 3, 4, 6]
failed -> 17 times
after fail n ======> 8
[0, 1, 2, 4, 7, 3, 5, 6]
0.02564102564102564 0.043478260869565216
itercount --------> 1
[0, 1, 2]
0.043478260869565216 0.07692307692307693
itercount --------> 2
[4, 0, 3]
0.07692307692307693 0.1
itercount --------> 3
[3, 4, 6]
[3, 4, 1]
0.1 0.13333333333333333
itercount --------> 4
[3, 4, 6]
[3, 4, 1]
0.13333333333333333 0.15384615384615385
itercount --------> 5
[4, 3, 6]
[4, 3, 7]
[4, 3, 0]
[4, 3, 1]
[4, 3, 2]
0.15384615384615385 0.16666666666666666
itercount --------> 6
[3, 4, 6]
[3, 4, 0]
[3, 4, 1]
[3, 4, 2]
[3, 4, 7]
[3, 4, 5]
[3, 4, 6, 0]
[3, 4, 6, 1]
[3, 4, 6, 2]
[3, 4, 6, 7]
[3, 4, 6, 5]
[3, 4, 6, 0, 1]
0.16666666666666666 0.18181818181818182
itercount --------> 7
[3, 4, 6]
[3, 4, 0]
[3, 4, 1]
[3, 4, 2]
[3, 4, 7]
[3, 4, 5]
[3, 4, 6, 0]
[3, 4, 6, 1]
[3, 4, 6, 2]
[3, 4, 6, 7]
[3, 4, 6, 5]
[3, 4, 6, 0, 1]
0.18181818181818182 0.2
itercount --------> 8
[0, 4, 6]
[0, 4, 7]
0.2 0.21428571428571427
itercount --------> 9
[4, 6, 0]
0.21428571428571427 0.2857142857142857
itercount --------> 10
[4, 0, 6]
0.2857142857142857 0.3
itercount --------> 11
[0, 4, 1]
[0, 4, 6]
[0, 4, 3]
[0, 4, 7]
[0, 4, 2]
0.3 0.4
itercount --------> 12
[4, 0, 1]
[4, 0, 7]
[4, 0, 2]
[4, 0, 6]
0.4 0.42857142857142855
itercount --------> 13
[0, 1, 4]
[0, 1, 2]
[0, 1, 7]
[0, 1, 6]
[0, 1, 3]
[0, 1, 5]
[0, 1, 4, 2]
[0, 1, 4, 7]
[0, 1, 4, 6]
0.42857142857142855 0.46153846153846156
itercount --------> 14
[1, 4, 0]
[1, 4, 2]
[1, 4, 7]
[1, 4, 6]
[1, 4, 3]
[1, 4, 5]
[1, 4, 0, 2]
[1, 4, 0, 7]
[1, 4, 0, 6]
[1, 4, 0, 3]
[1, 4, 0, 5]
[1, 4, 0, 2, 7]
0.46153846153846156 0.5454545454545454
itercount --------> 15
[0, 1, 2]
[0, 1, 7]
[0, 1, 5]
[0, 1, 4]
[0, 1, 6]
[0, 1, 3]
[0, 1, 2, 7]
[0, 1, 2, 5]
0.5454545454545454 0.6
itercount --------> 16
[0, 1, 2]
[0, 1, 7]
[0, 1, 4]
[0, 1, 5]
[0, 1, 3]
[0, 1, 6]
[0, 1, 2, 7]
[0, 1, 2, 4]
[0, 1, 2, 5]
[0, 1, 2, 3]
[0, 1, 2, 6]
[0, 1, 2, 7, 4]
[0, 1, 2, 7, 5]
[0, 1, 2, 7, 3]
[0, 1, 2, 7, 6]
[0, 1, 2, 7, 4, 5]
[0, 1, 2, 7, 4, 3]
[0, 1, 2, 7, 4, 6]
[0, 1, 2, 7, 4, 5, 3]
[0, 1, 2, 7, 4, 5, 6]
[0, 1, 2, 7, 4, 5, 3, 6]
failed -> 18 times
after fail n ======> 5
[0, 1, 2, 4, 7]
0.02564102564102564 0.03896103896103896
itercount --------> 1
[0, 1, 2]
[0, 1, 4]
0.03896103896103896 0.08695652173913043
itercount --------> 2
[0, 2, 1]
0.08695652173913043 0.16
itercount --------> 3
[0, 1, 2]
0.16 0.19047619047619047
itercount --------> 4
[0, 1, 2]
[0, 1, 3]
0.19047619047619047 0.2222222222222222
itercount --------> 5
[0, 1, 2]
0.2222222222222222 0.2857142857142857
itercount --------> 6
[0, 1, 2]
[0, 1, 4]
[0, 1, 3]
[0, 1, 5]
0.2857142857142857 0.3333333333333333
itercount --------> 7
[4, 5, 3]
[4, 5, 7]
0.3333333333333333 0.36363636363636365
itercount --------> 8
[4, 5, 3]
[4, 5, 0]
[4, 5, 1]
[4, 5, 2]
[4, 5, 6]
0.36363636363636365 0.42857142857142855
itercount --------> 9
[5, 4, 0]
[5, 4, 1]
[5, 4, 2]
[5, 4, 6]
0.42857142857142855 0.46153846153846156
itercount --------> 10
[5, 0, 1]
[5, 0, 2]
[5, 0, 4]
[5, 0, 3]
[5, 0, 6]
[5, 0, 7]
[5, 0, 1, 2]
[5, 0, 1, 4]
[5, 0, 1, 3]
[5, 0, 1, 6]
0.46153846153846156 0.5454545454545454
itercount --------> 11
[5, 4, 0]
[5, 4, 1]
[5, 4, 2]
[5, 4, 3]
[5, 4, 7]
[5, 4, 6]
[5, 4, 0, 1]
[5, 4, 0, 2]
[5, 4, 0, 3]
[5, 4, 0, 7]
[5, 4, 0, 6]
[5, 4, 0, 1, 2]
[5, 4, 0, 1, 3]
[5, 4, 0, 1, 7]
[5, 4, 0, 1, 6]
[5, 4, 0, 1, 2, 3]
[5, 4, 0, 1, 2, 7]
[5, 4, 0, 1, 2, 6]
[5, 4, 0, 1, 2, 3, 7]
[5, 4, 0, 1, 2, 3, 6]
[5, 4, 0, 1, 2, 3, 7, 6]
failed -> 19 times
after fail n ======> 6
[0, 1, 2, 4, 7, 3]
0.02564102564102564 0.047619047619047616
itercount --------> 1
[0, 1, 2]
0.047619047619047616 0.08333333333333333
itercount --------> 2
[1, 6, 0]
0.08333333333333333 0.09090909090909091
itercount --------> 3
[0, 6, 3]
0.09090909090909091 0.1
itercount --------> 4
[3, 6, 4]
[3, 6, 0]
0.1 0.14814814814814814
itercount --------> 5
[0, 4, 6]
[0, 4, 1]
0.14814814814814814 0.2222222222222222
itercount --------> 6
[0, 4, 2]
0.2222222222222222 0.25
itercount --------> 7
[2, 4, 0]
[2, 4, 3]
[2, 4, 6]
0.25 0.4
itercount --------> 8
[2, 0, 4]
[2, 0, 3]
[2, 0, 7]
0.4 0.5
itercount --------> 9
[0, 2, 1]
[0, 2, 4]
[0, 2, 3]
[0, 2, 6]
[0, 2, 5]
[0, 2, 7]
[0, 2, 1, 4]
[0, 2, 1, 3]
[0, 2, 1, 6]
[0, 2, 1, 5]
0.5 0.6153846153846154
itercount --------> 10
[0, 2, 1]
[0, 2, 4]
[0, 2, 6]
[0, 2, 3]
[0, 2, 5]
[0, 2, 7]
[0, 2, 1, 4]
[0, 2, 1, 6]
[0, 2, 1, 3]
[0, 2, 1, 5]
[0, 2, 1, 7]
[0, 2, 1, 4, 6]
[0, 2, 1, 4, 3]
0.6153846153846154 0.6666666666666666
itercount --------> 11
[2, 0, 1]
[2, 0, 3]
[2, 0, 4]
[2, 0, 5]
[2, 0, 6]
[2, 0, 7]
[2, 0, 1, 3]
[2, 0, 1, 4]
[2, 0, 1, 5]
[2, 0, 1, 6]
[2, 0, 1, 7]
[2, 0, 1, 3, 4]
[2, 0, 1, 3, 5]
[2, 0, 1, 3, 6]
[2, 0, 1, 3, 7]
[2, 0, 1, 3, 4, 5]
[2, 0, 1, 3, 4, 6]
[2, 0, 1, 3, 4, 7]
[2, 0, 1, 3, 4, 5, 6]
[2, 0, 1, 3, 4, 5, 7]
[2, 0, 1, 3, 4, 5, 6, 7]
failed -> 20 times
after fail n ======> 7
[0, 1, 2, 4, 7, 3, 5]
0.02564102564102564 0.043478260869565216
itercount --------> 1
[4, 0, 1]
0.043478260869565216 0.14285714285714285
itercount --------> 2
[1, 0, 2]
0.14285714285714285 0.15384615384615385
itercount --------> 3
[2, 0, 1]
0.15384615384615385 0.21052631578947367
itercount --------> 4
[1, 0, 3]
0.21052631578947367 0.3
itercount --------> 5
[1, 0, 2]
0.3 0.35294117647058826
itercount --------> 6
[0, 1, 4]
[0, 1, 2]
[0, 1, 3]
[0, 1, 5]
[0, 1, 6]
0.35294117647058826 0.38095238095238093
itercount --------> 7
[0, 1, 4]
[0, 1, 2]
[0, 1, 3]
0.38095238095238093 0.4444444444444444
itercount --------> 8
[0, 1, 2]
[0, 1, 4]
[0, 1, 3]
[0, 1, 6]
[0, 1, 5]
0.4444444444444444 0.5333333333333333
itercount --------> 9
[1, 0, 2]
[1, 0, 4]
[1, 0, 3]
[1, 0, 5]
[1, 0, 6]
[1, 0, 7]
[1, 0, 2, 4]
[1, 0, 2, 3]
[1, 0, 2, 5]
0.5333333333333333 0.5454545454545454
itercount --------> 10
[1, 0, 5]
[1, 0, 4]
[1, 0, 2]
[1, 0, 3]
[1, 0, 7]
[1, 0, 6]
[1, 0, 5, 4]
0.5454545454545454 0.5714285714285714
itercount --------> 11
[1, 0, 4]
[1, 0, 2]
[1, 0, 3]
[1, 0, 5]
[1, 0, 7]
[1, 0, 6]
[1, 0, 4, 2]
[1, 0, 4, 3]
[1, 0, 4, 5]
[1, 0, 4, 7]
[1, 0, 4, 6]
[1, 0, 4, 2, 3]
0.5714285714285714 0.6666666666666666
itercount --------> 12
[0, 1, 2]
[0, 1, 5]
[0, 1, 7]
[0, 1, 3]
[0, 1, 4]
[0, 1, 6]
[0, 1, 2, 5]
[0, 1, 2, 7]
[0, 1, 2, 3]
[0, 1, 2, 4]
[0, 1, 2, 6]
[0, 1, 2, 5, 7]
[0, 1, 2, 5, 3]
[0, 1, 2, 5, 4]
[0, 1, 2, 5, 6]
[0, 1, 2, 5, 7, 3]
[0, 1, 2, 5, 7, 4]
[0, 1, 2, 5, 7, 6]
[0, 1, 2, 5, 7, 3, 4]
[0, 1, 2, 5, 7, 3, 6]
[0, 1, 2, 5, 7, 3, 4, 6]
failed -> 21 times
after fail n ======> 8
[0, 1, 2, 4, 7, 3, 5, 6]
0.02564102564102564 0.03896103896103896
itercount --------> 1
[0, 1, 2]
0.03896103896103896 0.07317073170731707
itercount --------> 2
[2, 0, 1]
0.07317073170731707 0.13043478260869565
itercount --------> 3
[4, 0, 1]
0.13043478260869565 0.13793103448275862
itercount --------> 4
[1, 0, 2]
0.13793103448275862 0.16
itercount --------> 5
[1, 0, 2]
0.16 0.19047619047619047
itercount --------> 6
[0, 1, 2]
[0, 1, 3]
0.19047619047619047 0.2222222222222222
itercount --------> 7
[1, 0, 2]
[1, 0, 4]
0.2222222222222222 0.23809523809523808
itercount --------> 8
[1, 4, 0]
0.23809523809523808 0.2857142857142857
itercount --------> 9
[1, 0, 2]
[1, 0, 4]
[1, 0, 3]
[1, 0, 5]
[1, 0, 7]
0.2857142857142857 0.29411764705882354
itercount --------> 10
[0, 1, 2]
[0, 1, 4]
[0, 1, 7]
[0, 1, 3]
0.29411764705882354 0.3333333333333333
itercount --------> 11
[0, 1, 2]
[0, 1, 4]
[0, 1, 7]
[0, 1, 3]
[0, 1, 5]
0.3333333333333333 0.35714285714285715
itercount --------> 12
[1, 4, 7]
[1, 4, 0]
[1, 4, 2]
[1, 4, 3]
[1, 4, 5]
[1, 4, 6]
[1, 4, 7, 0]
0.35714285714285715 0.5
itercount --------> 13
[7, 3, 4]
0.5 0.5555555555555556
itercount --------> 14
[7, 5, 0]
[7, 5, 1]
[7, 5, 2]
[7, 5, 6]
[7, 5, 3]
[7, 5, 4]
[7, 5, 0, 1]
[7, 5, 0, 2]
[7, 5, 0, 6]
0.5555555555555556 0.6
itercount --------> 15
[1, 4, 7]
[1, 4, 0]
[1, 4, 2]
[1, 4, 5]
[1, 4, 6]
[1, 4, 3]
[1, 4, 7, 0]
[1, 4, 7, 2]
0.6 0.6666666666666666
itercount --------> 16
[0, 1, 2]
[0, 1, 5]
[0, 1, 7]
[0, 1, 6]
[0, 1, 3]
[0, 1, 4]
[0, 1, 2, 5]
[0, 1, 2, 7]
[0, 1, 2, 6]
[0, 1, 2, 3]
[0, 1, 2, 4]
[0, 1, 2, 5, 7]
[0, 1, 2, 5, 6]
[0, 1, 2, 5, 3]
[0, 1, 2, 5, 4]
[0, 1, 2, 5, 7, 6]
[0, 1, 2, 5, 7, 3]
[0, 1, 2, 5, 7, 4]
[0, 1, 2, 5, 7, 6, 3]
[0, 1, 2, 5, 7, 6, 4]
[0, 1, 2, 5, 7, 6, 3, 4]
failed -> 22 times
after fail n ======> 5
[0, 1, 2, 4, 7]
0.02564102564102564 0.07317073170731707
itercount --------> 1
[1, 0, 2]
0.07317073170731707 0.13043478260869565
itercount --------> 2
[1, 0, 2]
0.13043478260869565 0.16666666666666666
itercount --------> 3
[6, 1, 4]
0.16666666666666666 0.17647058823529413
itercount --------> 4
[1, 4, 3]
0.17647058823529413 0.3125
itercount --------> 5
[1, 4, 0]
[1, 4, 2]
0.3125 0.36363636363636365
itercount --------> 6
[1, 2, 4]
[1, 2, 0]
0.36363636363636365 0.38095238095238093
itercount --------> 7
[1, 2, 0]
[1, 2, 4]
[1, 2, 3]
[1, 2, 6]
0.38095238095238093 0.4
itercount --------> 8
[2, 1, 0]
[2, 1, 4]
[2, 1, 3]
[2, 1, 6]
[2, 1, 5]
[2, 1, 7]
[2, 1, 0, 4]
[2, 1, 0, 3]
[2, 1, 0, 6]
[2, 1, 0, 5]
0.4 0.5333333333333333
itercount --------> 9
[1, 2, 4]
[1, 2, 0]
[1, 2, 3]
[1, 2, 6]
[1, 2, 5]
[1, 2, 7]
[1, 2, 4, 0]
[1, 2, 4, 3]
[1, 2, 4, 6]
[1, 2, 4, 5]
[1, 2, 4, 7]
[1, 2, 4, 0, 3]
[1, 2, 4, 0, 6]
0.5333333333333333 0.6153846153846154
itercount --------> 10
[1, 2, 0]
[1, 2, 4]
[1, 2, 6]
[1, 2, 3]
[1, 2, 5]
[1, 2, 7]
[1, 2, 0, 4]
[1, 2, 0, 6]
[1, 2, 0, 3]
0.6153846153846154 0.6666666666666666
itercount --------> 11
[2, 1, 0]
[2, 1, 3]
[2, 1, 4]
[2, 1, 5]
[2, 1, 6]
[2, 1, 7]
[2, 1, 0, 3]
[2, 1, 0, 4]
[2, 1, 0, 5]
[2, 1, 0, 6]
[2, 1, 0, 7]
[2, 1, 0, 3, 4]
[2, 1, 0, 3, 5]
[2, 1, 0, 3, 6]
[2, 1, 0, 3, 7]
[2, 1, 0, 3, 4, 5]
[2, 1, 0, 3, 4, 6]
[2, 1, 0, 3, 4, 7]
[2, 1, 0, 3, 4, 5, 6]
[2, 1, 0, 3, 4, 5, 7]
[2, 1, 0, 3, 4, 5, 6, 7]
failed -> 23 times
after fail n ======> 6
[0, 1, 2, 4, 7, 3]
0.02564102564102564 0.043478260869565216
itercount --------> 1
[4, 0, 1]
0.043478260869565216 0.045454545454545456
itercount --------> 2
[0, 4, 6]
0.045454545454545456 0.05
itercount --------> 3
[4, 1, 3]
0.05 0.0625
itercount --------> 4
[4, 3, 1]
0.0625 0.07692307692307693
itercount --------> 5
[4, 3, 1]
0.07692307692307693 0.1
itercount --------> 6
[0, 1, 4]
0.1 0.13333333333333333
itercount --------> 7
[1, 4, 6]
0.13333333333333333 0.17647058823529413
itercount --------> 8
[1, 4, 2]
0.17647058823529413 0.21739130434782608
itercount --------> 9
[1, 2, 5]
0.21739130434782608 0.25
itercount --------> 10
[2, 4, 1]
[2, 4, 6]
0.25 0.3076923076923077
itercount --------> 11
[2, 1, 0]
[2, 1, 4]
[2, 1, 5]
[2, 1, 7]
[2, 1, 3]
[2, 1, 6]
[2, 1, 0, 4]
0.3076923076923077 0.375
itercount --------> 12
[1, 2, 0]
[1, 2, 3]
[1, 2, 4]
[1, 2, 5]
0.375 0.47058823529411764
itercount --------> 13
[1, 2, 0]
[1, 2, 4]
[1, 2, 5]
[1, 2, 7]
[1, 2, 3]
[1, 2, 6]
[1, 2, 0, 4]
[1, 2, 0, 5]
[1, 2, 0, 7]
0.47058823529411764 0.5454545454545454
itercount --------> 14
[2, 1, 7]
[2, 1, 4]
[2, 1, 0]
[2, 1, 6]
[2, 1, 5]
[2, 1, 3]
[2, 1, 7, 4]
[2, 1, 7, 0]
[2, 1, 7, 6]
[2, 1, 7, 5]
[2, 1, 7, 3]
[2, 1, 7, 4, 0]
[2, 1, 7, 4, 6]
[2, 1, 7, 4, 5]
[2, 1, 7, 4, 3]
0.5454545454545454 0.5714285714285714
itercount --------> 15
[1, 2, 4]
[1, 2, 6]
[1, 2, 0]
[1, 2, 3]
[1, 2, 5]
[1, 2, 7]
[1, 2, 4, 6]
[1, 2, 4, 0]
[1, 2, 4, 3]
[1, 2, 4, 5]
[1, 2, 4, 7]
[1, 2, 4, 6, 0]
[1, 2, 4, 6, 3]
0.5714285714285714 0.6153846153846154
itercount --------> 16
[1, 2, 0]
0.6153846153846154 0.6666666666666666
itercount --------> 17
[1, 2, 0]
[1, 2, 3]
[1, 2, 4]
[1, 2, 5]
[1, 2, 6]
[1, 2, 7]
[1, 2, 0, 3]
[1, 2, 0, 4]
[1, 2, 0, 5]
[1, 2, 0, 6]
[1, 2, 0, 7]
[1, 2, 0, 3, 4]
[1, 2, 0, 3, 5]
[1, 2, 0, 3, 6]
[1, 2, 0, 3, 7]
[1, 2, 0, 3, 4, 5]
[1, 2, 0, 3, 4, 6]
[1, 2, 0, 3, 4, 7]
[1, 2, 0, 3, 4, 5, 6]
[1, 2, 0, 3, 4, 5, 7]
[1, 2, 0, 3, 4, 5, 6, 7]
failed -> 24 times
after fail n ======> 7
[0, 1, 2, 4, 7, 3, 5]
0.02564102564102564 0.043478260869565216
itercount --------> 1
[2, 0, 1]
[2, 0, 7]
0.043478260869565216 0.05263157894736842
itercount --------> 2
[2, 4, 7]
[2, 4, 1]
0.05263157894736842 0.07692307692307693
itercount --------> 3
[2, 4, 7]
[2, 4, 0]
[2, 4, 1]
[2, 4, 3]
[2, 4, 6]
0.07692307692307693 0.10344827586206896
itercount --------> 4
[2, 7, 4]
0.10344827586206896 0.13043478260869565
itercount --------> 5
[2, 0, 1]
[2, 0, 7]
0.13043478260869565 0.13513513513513514
itercount --------> 6
[2, 0, 7]
0.13513513513513514 0.18518518518518517
itercount --------> 7
[2, 7, 0]
[2, 7, 1]
[2, 7, 3]
0.18518518518518517 0.19047619047619047
itercount --------> 8
[2, 0, 1]
0.19047619047619047 0.26666666666666666
itercount --------> 9
[2, 0, 1]
[2, 0, 4]
0.26666666666666666 0.29411764705882354
itercount --------> 10
[2, 0, 3]
[2, 0, 1]
[2, 0, 4]
[2, 0, 7]
0.29411764705882354 0.3125
itercount --------> 11
[0, 2, 3]
0.3125 0.5
itercount --------> 12
[0, 2, 1]
[0, 2, 4]
[0, 2, 3]
[0, 2, 5]
[0, 2, 6]
[0, 2, 7]
[0, 2, 1, 4]
[0, 2, 1, 3]
[0, 2, 1, 5]
0.5 0.5454545454545454
itercount --------> 13
[0, 2, 5]
[0, 2, 4]
[0, 2, 1]
[0, 2, 3]
[0, 2, 7]
[0, 2, 6]
[0, 2, 5, 4]
0.5454545454545454 0.6
itercount --------> 14
[0, 5, 1]
[0, 5, 2]
[0, 5, 4]
[0, 5, 3]
[0, 5, 7]
[0, 5, 6]
[0, 5, 1, 2]
[0, 5, 1, 4]
[0, 5, 1, 3]
[0, 5, 1, 7]
[0, 5, 1, 6]
[0, 5, 1, 2, 4]
[0, 5, 1, 2, 3]
[0, 5, 1, 2, 7]
[0, 5, 1, 2, 6]
[0, 5, 1, 2, 4, 3]
[0, 5, 1, 2, 4, 7]
[0, 5, 1, 2, 4, 6]
[0, 5, 1, 2, 4, 3, 7]
[0, 5, 1, 2, 4, 3, 6]
[0, 5, 1, 2, 4, 3, 7, 6]
failed -> 25 times
after fail n ======> 8
[0, 1, 2, 4, 7, 3, 5, 6]
0.02564102564102564 0.043478260869565216
itercount --------> 1
[4, 0, 2]
0.043478260869565216 0.10526315789473684
itercount --------> 2
[6, 1, 0]
0.10526315789473684 0.21428571428571427
itercount --------> 3
[4, 0, 2]
[4, 0, 3]
0.21428571428571427 0.26666666666666666
itercount --------> 4
[4, 0, 2]
[4, 0, 5]
0.26666666666666666 0.2727272727272727
itercount --------> 5
[0, 2, 4]
[0, 2, 3]
[0, 2, 6]
0.2727272727272727 0.3
itercount --------> 6
[2, 0, 4]
[2, 0, 3]
[2, 0, 5]
0.3 0.4
itercount --------> 7
[2, 0, 4]
[2, 0, 5]
0.4 0.5454545454545454
itercount --------> 8
[5, 4, 0]
[5, 4, 1]
[5, 4, 2]
[5, 4, 3]
[5, 4, 7]
[5, 4, 6]
[5, 4, 0, 1]
[5, 4, 0, 2]
[5, 4, 0, 3]
[5, 4, 0, 7]
[5, 4, 0, 6]
[5, 4, 0, 1, 2]
[5, 4, 0, 1, 3]
[5, 4, 0, 1, 7]
[5, 4, 0, 1, 6]
[5, 4, 0, 1, 2, 3]
[5, 4, 0, 1, 2, 7]
[5, 4, 0, 1, 2, 6]
[5, 4, 0, 1, 2, 3, 7]
[5, 4, 0, 1, 2, 3, 6]
[5, 4, 0, 1, 2, 3, 7, 6]
failed -> 26 times
after fail n ======> 5
[0, 1, 2, 4, 7]
0.02564102564102564 0.043478260869565216
itercount --------> 1
[4, 0, 1]
0.043478260869565216 0.14285714285714285
itercount --------> 2
[1, 0, 2]
[1, 0, 6]
[1, 0, 3]
0.14285714285714285 0.1724137931034483
itercount --------> 3
[1, 0, 2]
0.1724137931034483 0.2608695652173913
itercount --------> 4
[0, 1, 4]
0.2608695652173913 0.35294117647058826
itercount --------> 5
[0, 1, 4]
[0, 1, 2]
[0, 1, 3]
[0, 1, 5]
[0, 1, 6]
0.35294117647058826 0.38095238095238093
itercount --------> 6
[0, 1, 4]
[0, 1, 2]
[0, 1, 3]
[0, 1, 6]
0.38095238095238093 0.4444444444444444
itercount --------> 7
[0, 1, 2]
[0, 1, 4]
[0, 1, 3]
[0, 1, 6]
[0, 1, 5]
0.4444444444444444 0.5333333333333333
itercount --------> 8
[0, 1, 2]
[0, 1, 4]
[0, 1, 3]
[0, 1, 5]
[0, 1, 6]
[0, 1, 7]
[0, 1, 2, 4]
[0, 1, 2, 3]
[0, 1, 2, 5]
0.5333333333333333 0.5454545454545454
itercount --------> 9
[0, 1, 5]
0.5454545454545454 0.6
itercount --------> 10
[5, 4, 0]
[5, 4, 1]
[5, 4, 2]
[5, 4, 3]
[5, 4, 7]
[5, 4, 6]
[5, 4, 0, 1]
[5, 4, 0, 2]
[5, 4, 0, 3]
[5, 4, 0, 7]
[5, 4, 0, 6]
[5, 4, 0, 1, 2]
[5, 4, 0, 1, 3]
[5, 4, 0, 1, 7]
[5, 4, 0, 1, 6]
[5, 4, 0, 1, 2, 3]
[5, 4, 0, 1, 2, 7]
[5, 4, 0, 1, 2, 6]
[5, 4, 0, 1, 2, 3, 7]
[5, 4, 0, 1, 2, 3, 6]
[5, 4, 0, 1, 2, 3, 7, 6]
failed -> 27 times
after fail n ======> 6
[0, 1, 2, 4, 7, 3]
0.02564102564102564 0.05263157894736842
itercount --------> 1
[0, 1, 2]
0.05263157894736842 0.07692307692307693
itercount --------> 2
[4, 0, 1]
0.07692307692307693 0.09523809523809523
itercount --------> 3
[1, 0, 4]
0.09523809523809523 0.125
itercount --------> 4
[4, 0, 7]
0.125 0.1724137931034483
itercount --------> 5
[0, 2, 4]
[0, 2, 3]
0.1724137931034483 0.17647058823529413
itercount --------> 6
[3, 4, 0]
[3, 4, 2]
0.17647058823529413 0.19047619047619047
itercount --------> 7
[2, 7, 4]
0.19047619047619047 0.21052631578947367
itercount --------> 8
[4, 2, 3]
0.21052631578947367 0.2222222222222222
itercount --------> 9
[2, 3, 7]
0.2222222222222222 0.2777777777777778
itercount --------> 10
[2, 5, 7]
0.2777777777777778 0.3076923076923077
itercount --------> 11
[2, 3, 4]
0.3076923076923077 0.3125
itercount --------> 12
[4, 2, 7]
[4, 2, 0]
[4, 2, 1]
0.3125 0.38461538461538464
itercount --------> 13
[4, 7, 0]
[4, 7, 1]
[4, 7, 2]
0.38461538461538464 0.4166666666666667
itercount --------> 14
[4, 7, 0]
0.4166666666666667 0.45454545454545453
itercount --------> 15
[7, 4, 6]
0.45454545454545453 0.6153846153846154
itercount --------> 16
[0, 1, 2]
[0, 1, 4]
[0, 1, 7]
[0, 1, 5]
[0, 1, 6]
[0, 1, 3]
[0, 1, 2, 4]
[0, 1, 2, 7]
[0, 1, 2, 5]
[0, 1, 2, 6]
[0, 1, 2, 3]
[0, 1, 2, 4, 7]
[0, 1, 2, 4, 5]
[0, 1, 2, 4, 6]
0.6153846153846154 0.6666666666666666
itercount --------> 17
[4, 0, 1]
[4, 0, 2]
[4, 0, 7]
[4, 0, 5]
[4, 0, 6]
[4, 0, 3]
[4, 0, 1, 2]
[4, 0, 1, 7]
[4, 0, 1, 5]
[4, 0, 1, 6]
[4, 0, 1, 3]
[4, 0, 1, 2, 7]
[4, 0, 1, 2, 5]
[4, 0, 1, 2, 6]
[4, 0, 1, 2, 3]
[4, 0, 1, 2, 7, 5]
[4, 0, 1, 2, 7, 6]
[4, 0, 1, 2, 7, 3]
[4, 0, 1, 2, 7, 5, 6]
0.6666666666666666 0.7
itercount --------> 18
[5, 7, 0]
[5, 7, 1]
[5, 7, 2]
[5, 7, 4]
[5, 7, 6]
[5, 7, 3]
[5, 7, 0, 1]
[5, 7, 0, 2]
[5, 7, 0, 4]
[5, 7, 0, 6]
[5, 7, 0, 3]
[5, 7, 0, 1, 2]
[5, 7, 0, 1, 4]
[5, 7, 0, 1, 6]
[5, 7, 0, 1, 3]
[5, 7, 0, 1, 2, 4]
[5, 7, 0, 1, 2, 6]
[5, 7, 0, 1, 2, 3]
[5, 7, 0, 1, 2, 4, 6]
[5, 7, 0, 1, 2, 4, 3]
[5, 7, 0, 1, 2, 4, 6, 3]
failed -> 28 times
after fail n ======> 7
[0, 1, 2, 4, 7, 3, 5]
0.02564102564102564 0.03225806451612903
itercount --------> 1
[0, 1, 2]
0.03225806451612903 0.05263157894736842
itercount --------> 2
[7, 2, 0]
[7, 2, 1]
[7, 2, 3]
0.05263157894736842 0.06666666666666667
itercount --------> 3
[4, 2, 0]
[4, 2, 1]
0.06666666666666667 0.07692307692307693
itercount --------> 4
[4, 3, 5]
[4, 3, 7]
[4, 3, 0]
0.07692307692307693 0.08333333333333333
itercount --------> 5
[4, 7, 3]
[4, 7, 5]
0.08333333333333333 0.1
itercount --------> 6
[4, 6, 5]
[4, 6, 7]
[4, 6, 3]
[4, 6, 0]
[4, 6, 1]
[4, 6, 2]
[4, 6, 5, 7]
[4, 6, 5, 3]
[4, 6, 5, 0]
0.1 0.1111111111111111
itercount --------> 7
[0, 1, 2]
[0, 1, 5]
[0, 1, 7]
[0, 1, 4]
[0, 1, 3]
[0, 1, 6]
[0, 1, 2, 5]
[0, 1, 2, 7]
[0, 1, 2, 4]
[0, 1, 2, 3]
[0, 1, 2, 6]
[0, 1, 2, 5, 7]
[0, 1, 2, 5, 4]
[0, 1, 2, 5, 3]
[0, 1, 2, 5, 6]
[0, 1, 2, 5, 7, 4]
[0, 1, 2, 5, 7, 3]
[0, 1, 2, 5, 7, 6]
[0, 1, 2, 5, 7, 4, 3]
[0, 1, 2, 5, 7, 4, 6]
[0, 1, 2, 5, 7, 4, 3, 6]
failed -> 29 times
after fail n ======> 8
[0, 1, 2, 4, 7, 3, 5, 6]
0.02564102564102564 0.043478260869565216
itercount --------> 1
[4, 0, 2]
0.043478260869565216 0.08333333333333333
itercount --------> 2
[2, 1, 0]
0.08333333333333333 0.09090909090909091
itercount --------> 3
[6, 0, 4]
[6, 0, 2]
0.09090909090909091 0.14285714285714285
itercount --------> 4
[6, 4, 3]
0.14285714285714285 0.18181818181818182
itercount --------> 5
[4, 3, 5]
0.18181818181818182 0.29411764705882354
itercount --------> 6
[4, 6, 3]
[4, 6, 0]
[4, 6, 2]
[4, 6, 5]
0.29411764705882354 0.3333333333333333
itercount --------> 7
[5, 0, 2]
0.3333333333333333 0.38461538461538464
itercount --------> 8
[5, 0, 1]
[5, 0, 2]
[5, 0, 4]
0.38461538461538464 0.4166666666666667
itercount --------> 9
[0, 1, 2]
[0, 1, 5]
[0, 1, 6]
0.4166666666666667 0.5
itercount --------> 10
[0, 1, 2]
[0, 1, 5]
[0, 1, 7]
[0, 1, 3]
[0, 1, 4]
[0, 1, 6]
[0, 1, 2, 5]
[0, 1, 2, 7]
[0, 1, 2, 3]
0.5 0.5454545454545454
itercount --------> 11
[0, 2, 1]
0.5454545454545454 0.6
itercount --------> 12
[0, 1, 2]
[0, 1, 5]
[0, 1, 7]
0.6 0.6666666666666666
itercount --------> 13
[0, 1, 2]
[0, 1, 5]
[0, 1, 7]
[0, 1, 3]
[0, 1, 4]
[0, 1, 6]
[0, 1, 2, 5]
[0, 1, 2, 7]
[0, 1, 2, 3]
[0, 1, 2, 4]
[0, 1, 2, 6]
[0, 1, 2, 5, 7]
[0, 1, 2, 5, 3]
[0, 1, 2, 5, 4]
[0, 1, 2, 5, 6]
[0, 1, 2, 5, 7, 3]
[0, 1, 2, 5, 7, 4]
[0, 1, 2, 5, 7, 6]
[0, 1, 2, 5, 7, 3, 4]
[0, 1, 2, 5, 7, 3, 6]
[0, 1, 2, 5, 7, 3, 4, 6]
failed -> 30 times
after fail n ======> 5
[0, 1, 2, 4, 7]
0.02564102564102564 0.07317073170731707
itercount --------> 1
[1, 0, 2]
0.07317073170731707 0.16666666666666666
itercount --------> 2
[6, 1, 4]
[6, 1, 3]
0.16666666666666666 0.23529411764705882
itercount --------> 3
[1, 4, 0]
0.23529411764705882 0.23809523809523808
itercount --------> 4
[1, 0, 3]
0.23809523809523808 0.34782608695652173
itercount --------> 5
[1, 0, 2]
[1, 0, 4]
[1, 0, 6]
[1, 0, 3]
[1, 0, 5]
[1, 0, 7]
0.34782608695652173 0.375
itercount --------> 6
[1, 0, 2]
[1, 0, 4]
[1, 0, 3]
[1, 0, 7]
[1, 0, 6]
[1, 0, 5]
[1, 0, 2, 4]
0.375 0.46153846153846156
itercount --------> 7
[0, 1, 2]
[0, 1, 4]
[0, 1, 7]
0.46153846153846156 0.5
itercount --------> 8
[0, 1, 2]
[0, 1, 4]
[0, 1, 3]
[0, 1, 5]
[0, 1, 6]
[0, 1, 7]
[0, 1, 2, 4]
[0, 1, 2, 3]
[0, 1, 2, 5]
0.5 0.5454545454545454
itercount --------> 9
[0, 1, 5]
0.5454545454545454 0.6
itercount --------> 10
[0, 5, 1]
[0, 5, 2]
[0, 5, 4]
[0, 5, 3]
[0, 5, 7]
[0, 5, 6]
[0, 5, 1, 2]
[0, 5, 1, 4]
[0, 5, 1, 3]
[0, 5, 1, 7]
[0, 5, 1, 6]
[0, 5, 1, 2, 4]
[0, 5, 1, 2, 3]
[0, 5, 1, 2, 7]
[0, 5, 1, 2, 6]
[0, 5, 1, 2, 4, 3]
[0, 5, 1, 2, 4, 7]
[0, 5, 1, 2, 4, 6]
[0, 5, 1, 2, 4, 3, 7]
[0, 5, 1, 2, 4, 3, 6]
[0, 5, 1, 2, 4, 3, 7, 6]
failed -> 31 times
after fail n ======> 6
[0, 1, 2, 4, 7, 3]
0.02564102564102564 0.04918032786885246
itercount --------> 1
[0, 1, 2]
[0, 1, 4]
0.04918032786885246 0.07142857142857142
itercount --------> 2
[0, 1, 2]
0.07142857142857142 0.13636363636363635
itercount --------> 3
[2, 0, 1]
0.13636363636363635 0.23076923076923078
itercount --------> 4
[0, 1, 2]
0.23076923076923078 0.2608695652173913
itercount --------> 5
[0, 1, 2]
0.2608695652173913 0.3
itercount --------> 6
[0, 1, 2]
[0, 1, 3]
[0, 1, 6]
[0, 1, 4]
[0, 1, 5]
0.3 0.35714285714285715
itercount --------> 7
[6, 4, 3]
[6, 4, 5]
0.35714285714285715 0.38461538461538464
itercount --------> 8
[5, 0, 1]
[5, 0, 2]
[5, 0, 4]
[5, 0, 3]
0.38461538461538464 0.46153846153846156
itercount --------> 9
[0, 1, 2]
[0, 1, 5]
[0, 1, 3]
0.46153846153846156 0.5
itercount --------> 10
[0, 1, 2]
[0, 1, 3]
[0, 1, 4]
[0, 1, 5]
[0, 1, 6]
[0, 1, 7]
[0, 1, 2, 3]
[0, 1, 2, 4]
[0, 1, 2, 5]
[0, 1, 2, 6]
0.5 0.5454545454545454
itercount --------> 11
[3, 4, 0]
[3, 4, 1]
[3, 4, 2]
[3, 4, 5]
[3, 4, 6]
[3, 4, 7]
[3, 4, 0, 1]
[3, 4, 0, 2]
0.5454545454545454 0.6
itercount --------> 12
[3, 4, 0]
[3, 4, 1]
[3, 4, 2]
[3, 4, 5]
[3, 4, 7]
[3, 4, 6]
[3, 4, 0, 1]
[3, 4, 0, 2]
[3, 4, 0, 5]
[3, 4, 0, 7]
[3, 4, 0, 6]
[3, 4, 0, 1, 2]
[3, 4, 0, 1, 5]
[3, 4, 0, 1, 7]
[3, 4, 0, 1, 6]
[3, 4, 0, 1, 2, 5]
[3, 4, 0, 1, 2, 7]
[3, 4, 0, 1, 2, 6]
[3, 4, 0, 1, 2, 5, 7]
0.6 0.6363636363636364
itercount --------> 13
[2, 4, 5]
[2, 4, 7]
[2, 4, 0]
[2, 4, 1]
[2, 4, 3]
[2, 4, 6]
[2, 4, 5, 7]
[2, 4, 5, 0]
[2, 4, 5, 1]
[2, 4, 5, 3]
[2, 4, 5, 6]
[2, 4, 5, 7, 0]
[2, 4, 5, 7, 1]
[2, 4, 5, 7, 3]
[2, 4, 5, 7, 6]
[2, 4, 5, 7, 0, 1]
[2, 4, 5, 7, 0, 3]
[2, 4, 5, 7, 0, 6]
[2, 4, 5, 7, 0, 1, 3]
[2, 4, 5, 7, 0, 1, 6]
[2, 4, 5, 7, 0, 1, 3, 6]
failed -> 32 times
after fail n ======> 7
[0, 1, 2, 4, 7, 3, 5]
0.02564102564102564 0.043478260869565216
itercount --------> 1
[4, 0, 2]
0.043478260869565216 0.12
itercount --------> 2
[0, 2, 1]
[0, 2, 6]
0.12 0.125
itercount --------> 3
[3, 6, 0]
0.125 0.16666666666666666
itercount --------> 4
[6, 0, 2]
[6, 0, 3]
0.16666666666666666 0.18181818181818182
itercount --------> 5
[0, 1, 6]
0.18181818181818182 0.21428571428571427
itercount --------> 6
[1, 0, 6]
0.21428571428571427 0.23529411764705882
itercount --------> 7
[0, 4, 1]
[0, 4, 3]
[0, 4, 2]
[0, 4, 5]
0.23529411764705882 0.25
itercount --------> 8
[4, 0, 2]
[4, 0, 3]
0.25 0.2857142857142857
itercount --------> 9
[2, 0, 1]
0.2857142857142857 0.3333333333333333
itercount --------> 10
[0, 2, 1]
[0, 2, 5]
0.3333333333333333 0.4
itercount --------> 11
[0, 1, 2]
[0, 1, 5]
[0, 1, 3]
[0, 1, 6]
0.4 0.6
itercount --------> 12
[0, 1, 2]
[0, 1, 5]
[0, 1, 7]
[0, 1, 3]
[0, 1, 4]
[0, 1, 6]
[0, 1, 2, 5]
[0, 1, 2, 7]
[0, 1, 2, 3]
[0, 1, 2, 4]
[0, 1, 2, 6]
[0, 1, 2, 5, 7]
[0, 1, 2, 5, 3]
0.6 0.6666666666666666
itercount --------> 13
[0, 1, 2]
[0, 1, 5]
[0, 1, 7]
[0, 1, 3]
[0, 1, 4]
[0, 1, 6]
[0, 1, 2, 5]
[0, 1, 2, 7]
[0, 1, 2, 3]
[0, 1, 2, 4]
[0, 1, 2, 6]
[0, 1, 2, 5, 7]
[0, 1, 2, 5, 3]
[0, 1, 2, 5, 4]
[0, 1, 2, 5, 6]
[0, 1, 2, 5, 7, 3]
[0, 1, 2, 5, 7, 4]
[0, 1, 2, 5, 7, 6]
[0, 1, 2, 5, 7, 3, 4]
[0, 1, 2, 5, 7, 3, 6]
[0, 1, 2, 5, 7, 3, 4, 6]
failed -> 33 times
after fail n ======> 8
[0, 1, 2, 4, 7, 3, 5, 6]
0.02564102564102564 0.043478260869565216
itercount --------> 1
[1, 4, 0]
0.043478260869565216 0.05263157894736842
itercount --------> 2
[4, 0, 2]
0.05263157894736842 0.0625
itercount --------> 3
[4, 2, 0]
0.0625 0.08333333333333333
itercount --------> 4
[4, 5, 7]
0.08333333333333333 0.1
itercount --------> 5
[4, 0, 2]
[4, 0, 7]
0.1 0.14285714285714285
itercount --------> 6
[4, 7, 6]
[4, 7, 5]
0.14285714285714285 0.16666666666666666
itercount --------> 7
[4, 5, 7]
[4, 5, 0]
0.16666666666666666 0.25
itercount --------> 8
[4, 7, 3]
[4, 7, 5]
0.25 0.3
itercount --------> 9
[4, 3, 5]
0.3 0.3333333333333333
itercount --------> 10
[5, 7, 0]
[5, 7, 1]
[5, 7, 2]
[5, 7, 3]
[5, 7, 6]
0.3333333333333333 0.42857142857142855
itercount --------> 11
[4, 5, 7]
0.42857142857142855 0.4444444444444444
itercount --------> 12
[0, 1, 2]
[0, 1, 5]
[0, 1, 7]
[0, 1, 3]
[0, 1, 6]
[0, 1, 4]
[0, 1, 2, 5]
[0, 1, 2, 7]
[0, 1, 2, 3]
[0, 1, 2, 6]
[0, 1, 2, 4]
[0, 1, 2, 5, 7]
0.4444444444444444 0.46153846153846156
itercount --------> 13
[5, 4, 0]
[5, 4, 2]
0.46153846153846156 0.5
itercount --------> 14
[4, 5, 7]
[4, 5, 6]
[4, 5, 0]
[4, 5, 1]
[4, 5, 2]
[4, 5, 3]
[4, 5, 7, 6]
[4, 5, 7, 0]
[4, 5, 7, 1]
0.5 0.5555555555555556
itercount --------> 15
[0, 1, 2]
[0, 1, 5]
[0, 1, 7]
[0, 1, 3]
[0, 1, 6]
[0, 1, 4]
[0, 1, 2, 5]
[0, 1, 2, 7]
[0, 1, 2, 3]
[0, 1, 2, 6]
[0, 1, 2, 4]
[0, 1, 2, 5, 7]
[0, 1, 2, 5, 3]
[0, 1, 2, 5, 6]
[0, 1, 2, 5, 4]
[0, 1, 2, 5, 7, 3]
[0, 1, 2, 5, 7, 6]
[0, 1, 2, 5, 7, 4]
[0, 1, 2, 5, 7, 3, 6]
[0, 1, 2, 5, 7, 3, 4]
[0, 1, 2, 5, 7, 3, 6, 4]
failed -> 34 times
after fail n ======> 5
[0, 1, 2, 4, 7]
0.02564102564102564 0.07317073170731707
itercount --------> 1
[2, 0, 1]
0.07317073170731707 0.0967741935483871
itercount --------> 2
[1, 2, 6]
0.0967741935483871 0.12
itercount --------> 3
[2, 3, 4]
0.12 0.13043478260869565
itercount --------> 4
[2, 1, 4]
0.13043478260869565 0.16666666666666666
itercount --------> 5
[4, 2, 3]
[4, 2, 6]
0.16666666666666666 0.21739130434782608
itercount --------> 6
[2, 4, 0]
0.21739130434782608 0.2857142857142857
itercount --------> 7
[2, 0, 3]
0.2857142857142857 0.3
itercount --------> 8
[0, 2, 3]
[0, 2, 4]
[0, 2, 6]
[0, 2, 5]
[0, 2, 1]
[0, 2, 7]
[0, 2, 3, 4]
[0, 2, 3, 6]
0.3 0.36363636363636365
itercount --------> 9
[0, 2, 3]
[0, 2, 4]
[0, 2, 6]
[0, 2, 1]
0.36363636363636365 0.4
itercount --------> 10
[0, 2, 3]
[0, 2, 4]
[0, 2, 6]
[0, 2, 1]
[0, 2, 5]
[0, 2, 7]
0.4 0.42857142857142855
itercount --------> 11
[0, 2, 4]
[0, 2, 3]
[0, 2, 1]
[0, 2, 6]
[0, 2, 7]
[0, 2, 5]
[0, 2, 4, 3]
0.42857142857142855 0.46153846153846156
itercount --------> 12
[0, 2, 1]
[0, 2, 7]
[0, 2, 4]
0.46153846153846156 0.5
itercount --------> 13
[7, 0, 2]
[7, 0, 6]
[7, 0, 5]
[7, 0, 1]
0.5 0.5555555555555556
itercount --------> 14
[7, 5, 0]
[7, 5, 1]
[7, 5, 2]
[7, 5, 6]
[7, 5, 3]
[7, 5, 4]
0.5555555555555556 0.6
itercount --------> 15
[0, 1, 2]
[0, 1, 7]
[0, 1, 4]
[0, 1, 5]
[0, 1, 6]
[0, 1, 3]
[0, 1, 2, 7]
[0, 1, 2, 4]
[0, 1, 2, 5]
[0, 1, 2, 6]
[0, 1, 2, 3]
[0, 1, 2, 7, 4]
0.6 0.6666666666666666
itercount --------> 16
[0, 1, 2]
[0, 1, 5]
[0, 1, 7]
[0, 1, 6]
[0, 1, 3]
[0, 1, 4]
[0, 1, 2, 5]
[0, 1, 2, 7]
[0, 1, 2, 6]
[0, 1, 2, 3]
[0, 1, 2, 4]
[0, 1, 2, 5, 7]
[0, 1, 2, 5, 6]
[0, 1, 2, 5, 3]
[0, 1, 2, 5, 4]
[0, 1, 2, 5, 7, 6]
[0, 1, 2, 5, 7, 3]
[0, 1, 2, 5, 7, 4]
[0, 1, 2, 5, 7, 6, 3]
[0, 1, 2, 5, 7, 6, 4]
[0, 1, 2, 5, 7, 6, 3, 4]
failed -> 35 times
after fail n ======> 6
[0, 1, 2, 4, 7, 3]
0.02564102564102564 0.02857142857142857
itercount --------> 1
[1, 7, 0]
0.02857142857142857 0.06666666666666667
itercount --------> 2
[7, 2, 0]
0.06666666666666667 0.1111111111111111
itercount --------> 3
[7, 4, 0]
0.1111111111111111 0.16
itercount --------> 4
[0, 7, 1]
0.16 0.18181818181818182
itercount --------> 5
[0, 7, 4]
0.18181818181818182 0.21428571428571427
itercount --------> 6
[4, 7, 0]
0.21428571428571427 0.23076923076923078
itercount --------> 7
[4, 7, 3]
0.23076923076923078 0.35714285714285715
itercount --------> 8
[3, 4, 6]
[3, 4, 7]
0.35714285714285715 0.38461538461538464
itercount --------> 9
[7, 0, 1]
[7, 0, 2]
[7, 0, 4]
[7, 0, 6]
[7, 0, 3]
[7, 0, 5]
[7, 0, 1, 2]
[7, 0, 1, 4]
[7, 0, 1, 6]
0.38461538461538464 0.4166666666666667
itercount --------> 10
[7, 4, 0]
[7, 4, 1]
[7, 4, 2]
[7, 4, 6]
[7, 4, 3]
[7, 4, 5]
[7, 4, 0, 1]
[7, 4, 0, 2]
0.4166666666666667 0.45454545454545453
itercount --------> 11
[0, 1, 2]
[0, 1, 7]
[0, 1, 3]
[0, 1, 5]
[0, 1, 6]
[0, 1, 4]
[0, 1, 2, 7]
[0, 1, 2, 3]
0.45454545454545453 0.5555555555555556
itercount --------> 12
[7, 5, 0]
[7, 5, 1]
[7, 5, 2]
[7, 5, 6]
0.5555555555555556 0.6
itercount --------> 13
[7, 5, 0]
[7, 5, 1]
[7, 5, 2]
[7, 5, 6]
[7, 5, 3]
[7, 5, 4]
[7, 5, 0, 1]
[7, 5, 0, 2]
[7, 5, 0, 6]
[7, 5, 0, 3]
[7, 5, 0, 4]
[7, 5, 0, 1, 2]
[7, 5, 0, 1, 6]
[7, 5, 0, 1, 3]
[7, 5, 0, 1, 4]
[7, 5, 0, 1, 2, 6]
[7, 5, 0, 1, 2, 3]
[7, 5, 0, 1, 2, 4]
[7, 5, 0, 1, 2, 6, 3]
[7, 5, 0, 1, 2, 6, 4]
[7, 5, 0, 1, 2, 6, 3, 4]
failed -> 36 times
after fail n ======> 7
[0, 1, 2, 4, 7, 3, 5]
0.02564102564102564 0.037037037037037035
itercount --------> 1
[7, 0, 1]
[7, 0, 2]
0.037037037037037035 0.043478260869565216
itercount --------> 2
[0, 2, 7]
0.043478260869565216 0.047619047619047616
itercount --------> 3
[7, 0, 2]
0.047619047619047616 0.06666666666666667
itercount --------> 4
[7, 1, 0]
0.06666666666666667 0.1111111111111111
itercount --------> 5
[7, 4, 0]
0.1111111111111111 0.17647058823529413
itercount --------> 6
[7, 4, 3]
0.17647058823529413 0.21428571428571427
itercount --------> 7
[4, 7, 3]
[4, 7, 0]
0.21428571428571427 0.23076923076923078
itercount --------> 8
[4, 7, 3]
[4, 7, 6]
[4, 7, 5]
[4, 7, 0]
[4, 7, 1]
[4, 7, 2]
[4, 7, 3, 6]
0.23076923076923078 0.25
itercount --------> 9
[4, 7, 3]
[4, 7, 6]
[4, 7, 5]
0.25 0.3076923076923077
itercount --------> 10
[4, 5, 7]
0.3076923076923077 0.4
itercount --------> 11
[4, 7, 3]
[4, 7, 0]
[4, 7, 1]
[4, 7, 2]
[4, 7, 5]
[4, 7, 6]
[4, 7, 3, 0]
0.4 0.5
itercount --------> 12
[4, 3, 7]
[4, 3, 0]
[4, 3, 1]
[4, 3, 2]
[4, 3, 5]
[4, 3, 6]
[4, 3, 7, 0]
[4, 3, 7, 1]
[4, 3, 7, 2]
[4, 3, 7, 5]
[4, 3, 7, 6]
[4, 3, 7, 0, 1]
[4, 3, 7, 0, 2]
[4, 3, 7, 0, 5]
[4, 3, 7, 0, 6]
[4, 3, 7, 0, 1, 2]
[4, 3, 7, 0, 1, 5]
[4, 3, 7, 0, 1, 6]
[4, 3, 7, 0, 1, 2, 5]
[4, 3, 7, 0, 1, 2, 6]
[4, 3, 7, 0, 1, 2, 5, 6]
failed -> 37 times
after fail n ======> 8
[0, 1, 2, 4, 7, 3, 5, 6]
0.02564102564102564 0.03225806451612903
itercount --------> 1
[0, 1, 2]
0.03225806451612903 0.058823529411764705
itercount --------> 2
[0, 1, 2]
0.058823529411764705 0.1
itercount --------> 3
[5, 0, 1]
0.1 0.15384615384615385
itercount --------> 4
[4, 5, 0]
0.15384615384615385 0.2857142857142857
itercount --------> 5
[0, 1, 2]
[0, 1, 5]
[0, 1, 7]
[0, 1, 4]
0.2857142857142857 0.2962962962962963
itercount --------> 6
[0, 1, 2]
0.2962962962962963 0.32
itercount --------> 7
[0, 1, 2]
[0, 1, 5]
0.32 0.3333333333333333
itercount --------> 8
[0, 5, 1]
0.3333333333333333 0.375
itercount --------> 9
[0, 1, 2]
[0, 1, 5]
[0, 1, 3]
0.375 0.4
itercount --------> 10
[5, 1, 2]
[5, 1, 0]
[5, 1, 3]
[5, 1, 4]
[5, 1, 7]
[5, 1, 6]
0.4 0.46153846153846156
itercount --------> 11
[5, 1, 2]
[5, 1, 3]
[5, 1, 4]
[5, 1, 7]
[5, 1, 0]
[5, 1, 6]
[5, 1, 2, 3]
0.46153846153846156 0.5454545454545454
itercount --------> 12
[5, 3, 7]
[5, 3, 4]
0.5454545454545454 0.6
itercount --------> 13
[5, 7, 0]
[5, 7, 1]
[5, 7, 2]
[5, 7, 3]
[5, 7, 4]
[5, 7, 6]
[5, 7, 0, 1]
[5, 7, 0, 2]
[5, 7, 0, 3]
[5, 7, 0, 4]
[5, 7, 0, 6]
[5, 7, 0, 1, 2]
[5, 7, 0, 1, 3]
[5, 7, 0, 1, 4]
[5, 7, 0, 1, 6]
[5, 7, 0, 1, 2, 3]
[5, 7, 0, 1, 2, 4]
[5, 7, 0, 1, 2, 6]
[5, 7, 0, 1, 2, 3, 4]
[5, 7, 0, 1, 2, 3, 6]
[5, 7, 0, 1, 2, 3, 4, 6]
failed -> 38 times
after fail n ======> 5
[0, 1, 2, 4, 7]
0.02564102564102564 0.043478260869565216
itercount --------> 1
[4, 0, 1]
0.043478260869565216 0.0967741935483871
itercount --------> 2
[1, 0, 6]
0.0967741935483871 0.15
itercount --------> 3
[0, 6, 4]
0.15 0.19047619047619047
itercount --------> 4
[0, 1, 2]
0.19047619047619047 0.23529411764705882
itercount --------> 5
[0, 4, 1]
0.23529411764705882 0.23809523809523808
itercount --------> 6
[0, 1, 3]
0.23809523809523808 0.2727272727272727
itercount --------> 7
[0, 1, 2]
[0, 1, 4]
0.2727272727272727 0.2777777777777778
itercount --------> 8
[0, 4, 1]
[0, 4, 3]
0.2777777777777778 0.3
itercount --------> 9
[0, 4, 1]
0.3 0.34782608695652173
itercount --------> 10
[0, 1, 2]
0.34782608695652173 0.4444444444444444
itercount --------> 11
[0, 1, 2]
[0, 1, 4]
[0, 1, 3]
[0, 1, 6]
[0, 1, 5]
0.4444444444444444 0.5
itercount --------> 12
[0, 1, 2]
[0, 1, 4]
[0, 1, 5]
[0, 1, 3]
[0, 1, 6]
[0, 1, 7]
[0, 1, 2, 4]
[0, 1, 2, 5]
0.5 0.6
itercount --------> 13
[5, 4, 0]
[5, 4, 1]
[5, 4, 2]
[5, 4, 3]
[5, 4, 7]
[5, 4, 6]
[5, 4, 0, 1]
[5, 4, 0, 2]
[5, 4, 0, 3]
[5, 4, 0, 7]
[5, 4, 0, 6]
[5, 4, 0, 1, 2]
[5, 4, 0, 1, 3]
[5, 4, 0, 1, 7]
[5, 4, 0, 1, 6]
[5, 4, 0, 1, 2, 3]
[5, 4, 0, 1, 2, 7]
[5, 4, 0, 1, 2, 6]
[5, 4, 0, 1, 2, 3, 7]
[5, 4, 0, 1, 2, 3, 6]
[5, 4, 0, 1, 2, 3, 7, 6]
failed -> 39 times
after fail n ======> 6
[0, 1, 2, 4, 7, 3]
0.02564102564102564 0.13043478260869565
itercount --------> 1
[1, 0, 2]
0.13043478260869565 0.16666666666666666
itercount --------> 2
[6, 1, 4]
0.16666666666666666 0.1875
itercount --------> 3
[6, 3, 4]
[6, 3, 1]
0.1875 0.23076923076923078
itercount --------> 4
[1, 6, 4]
0.23076923076923078 0.375
itercount --------> 5
[1, 0, 2]
[1, 0, 4]
[1, 0, 5]
[1, 0, 7]
[1, 0, 6]
[1, 0, 3]
[1, 0, 2, 4]
0.375 0.38095238095238093
itercount --------> 6
[1, 2, 4]
[1, 2, 0]
[1, 2, 3]
0.38095238095238093 0.4444444444444444
itercount --------> 7
[1, 2, 0]
[1, 2, 4]
[1, 2, 3]
[1, 2, 6]
[1, 2, 5]
[1, 2, 7]
[1, 2, 0, 4]
0.4444444444444444 0.4666666666666667
itercount --------> 8
[2, 1, 0]
[2, 1, 3]
[2, 1, 4]
[2, 1, 5]
[2, 1, 6]
[2, 1, 7]
[2, 1, 0, 3]
[2, 1, 0, 4]
0.4666666666666667 0.47058823529411764
itercount --------> 9
[2, 0, 1]
[2, 0, 3]
[2, 0, 4]
[2, 0, 5]
[2, 0, 6]
[2, 0, 7]
[2, 0, 1, 3]
0.47058823529411764 0.5
itercount --------> 10
[1, 0, 2]
[1, 0, 3]
[1, 0, 4]
[1, 0, 5]
[1, 0, 6]
[1, 0, 7]
[1, 0, 2, 3]
[1, 0, 2, 4]
[1, 0, 2, 5]
[1, 0, 2, 6]
[1, 0, 2, 7]
[1, 0, 2, 3, 4]
[1, 0, 2, 3, 5]
[1, 0, 2, 3, 6]
[1, 0, 2, 3, 7]
[1, 0, 2, 3, 4, 5]
[1, 0, 2, 3, 4, 6]
[1, 0, 2, 3, 4, 7]
[1, 0, 2, 3, 4, 5, 6]
[1, 0, 2, 3, 4, 5, 7]
[1, 0, 2, 3, 4, 5, 6, 7]
failed -> 40 times
after fail n ======> 7
[0, 1, 2, 4, 7, 3, 5]
0.02564102564102564 0.043478260869565216
itercount --------> 1
[4, 0, 1]
0.043478260869565216 0.07317073170731707
itercount --------> 2
[1, 0, 2]
0.07317073170731707 0.13043478260869565
itercount --------> 3
[1, 0, 2]
0.13043478260869565 0.16666666666666666
itercount --------> 4
[6, 1, 4]
0.16666666666666666 0.17647058823529413
itercount --------> 5
[1, 4, 3]
0.17647058823529413 0.3125
itercount --------> 6
[1, 4, 0]
0.3125 0.36363636363636365
itercount --------> 7
[1, 0, 4]
[1, 0, 2]
[1, 0, 3]
0.36363636363636365 0.4
itercount --------> 8
[0, 1, 4]
[0, 1, 2]
[0, 1, 3]
[0, 1, 6]
[0, 1, 5]
[0, 1, 7]
[0, 1, 4, 2]
0.4 0.4666666666666667
itercount --------> 9
[0, 1, 2]
[0, 1, 4]
0.4666666666666667 0.47058823529411764
itercount --------> 10
[0, 2, 1]
[0, 2, 4]
[0, 2, 3]
[0, 2, 6]
[0, 2, 5]
[0, 2, 7]
[0, 2, 1, 4]
[0, 2, 1, 3]
[0, 2, 1, 6]
[0, 2, 1, 5]
[0, 2, 1, 7]
[0, 2, 1, 4, 3]
[0, 2, 1, 4, 6]
[0, 2, 1, 4, 5]
[0, 2, 1, 4, 7]
[0, 2, 1, 4, 3, 6]
0.47058823529411764 0.5333333333333333
itercount --------> 11
[0, 2, 1]
[0, 2, 4]
[0, 2, 3]
[0, 2, 6]
[0, 2, 5]
[0, 2, 7]
[0, 2, 1, 4]
[0, 2, 1, 3]
[0, 2, 1, 6]
[0, 2, 1, 5]
0.5333333333333333 0.5714285714285714
itercount --------> 12
[0, 2, 1]
[0, 2, 4]
[0, 2, 6]
[0, 2, 5]
[0, 2, 7]
[0, 2, 3]
[0, 2, 1, 4]
[0, 2, 1, 6]
0.5714285714285714 0.6153846153846154
itercount --------> 13
[0, 2, 4]
[0, 2, 3]
[0, 2, 6]
[0, 2, 1]
[0, 2, 5]
[0, 2, 7]
[0, 2, 4, 3]
[0, 2, 4, 6]
0.6153846153846154 0.6666666666666666
itercount --------> 14
[0, 2, 1]
[0, 2, 5]
[0, 2, 7]
[0, 2, 3]
[0, 2, 4]
[0, 2, 6]
[0, 2, 1, 5]
[0, 2, 1, 7]
[0, 2, 1, 3]
[0, 2, 1, 4]
[0, 2, 1, 6]
[0, 2, 1, 5, 7]
[0, 2, 1, 5, 3]
[0, 2, 1, 5, 4]
[0, 2, 1, 5, 6]
[0, 2, 1, 5, 7, 3]
[0, 2, 1, 5, 7, 4]
[0, 2, 1, 5, 7, 6]
[0, 2, 1, 5, 7, 3, 4]
[0, 2, 1, 5, 7, 3, 6]
[0, 2, 1, 5, 7, 3, 4, 6]
failed -> 41 times
after fail n ======> 8
[0, 1, 2, 4, 7, 3, 5, 6]
0.02564102564102564 0.06666666666666667
itercount --------> 1
[0, 1, 4]
0.06666666666666667 0.09090909090909091
itercount --------> 2
[2, 0, 1]
0.09090909090909091 0.2
itercount --------> 3
[2, 0, 1]
0.2 0.2222222222222222
itercount --------> 4
[0, 3, 4]
0.2222222222222222 0.26666666666666666
itercount --------> 5
[5, 0, 1]
0.26666666666666666 0.2857142857142857
itercount --------> 6
[1, 0, 7]
0.2857142857142857 0.3333333333333333
itercount --------> 7
[0, 1, 7]
[0, 1, 4]
[0, 1, 6]
[0, 1, 3]
[0, 1, 2]
[0, 1, 5]
[0, 1, 7, 4]
0.3333333333333333 0.38461538461538464
itercount --------> 8
[7, 0, 1]
[7, 0, 4]
[7, 0, 6]
[7, 0, 3]
0.38461538461538464 0.4166666666666667
itercount --------> 9
[7, 0, 1]
[7, 0, 4]
0.4166666666666667 0.45454545454545453
itercount --------> 10
[7, 4, 6]
0.45454545454545453 0.46153846153846156
itercount --------> 11
[1, 4, 7]
[1, 4, 0]
[1, 4, 2]
[1, 4, 5]
[1, 4, 6]
[1, 4, 3]
[1, 4, 7, 0]
0.46153846153846156 0.47058823529411764
itercount --------> 12
[1, 0, 4]
[1, 0, 7]
[1, 0, 2]
0.47058823529411764 0.5714285714285714
itercount --------> 13
[1, 0, 4]
[1, 0, 2]
[1, 0, 7]
[1, 0, 5]
[1, 0, 6]
[1, 0, 3]
[1, 0, 4, 2]
[1, 0, 4, 7]
[1, 0, 4, 5]
[1, 0, 4, 6]
[1, 0, 4, 3]
[1, 0, 4, 2, 7]
[1, 0, 4, 2, 5]
[1, 0, 4, 2, 6]
[1, 0, 4, 2, 3]
[1, 0, 4, 2, 7, 5]
[1, 0, 4, 2, 7, 6]
[1, 0, 4, 2, 7, 3]
[1, 0, 4, 2, 7, 5, 6]
[1, 0, 4, 2, 7, 5, 3]
[1, 0, 4, 2, 7, 5, 6, 3]
0.5714285714285714 0.6153846153846154
itercount --------> 14
[1, 0, 2]
[1, 0, 4]
[1, 0, 7]
[1, 0, 5]
[1, 0, 6]
[1, 0, 3]
[1, 0, 2, 4]
[1, 0, 2, 7]
[1, 0, 2, 5]
[1, 0, 2, 6]
[1, 0, 2, 3]
[1, 0, 2, 4, 7]
[1, 0, 2, 4, 5]
[1, 0, 2, 4, 6]
[1, 0, 2, 4, 3]
[1, 0, 2, 4, 7, 5]
[1, 0, 2, 4, 7, 6]
[1, 0, 2, 4, 7, 3]
[1, 0, 2, 4, 7, 5, 6]
[1, 0, 2, 4, 7, 5, 3]
[1, 0, 2, 4, 7, 5, 6, 3]
failed -> 42 times
after fail n ======> 5
[0, 1, 2, 4, 7]
0.02564102564102564 0.07317073170731707
itercount --------> 1
[2, 0, 1]
0.07317073170731707 0.0967741935483871
itercount --------> 2
[1, 2, 6]
0.0967741935483871 0.17647058823529413
itercount --------> 3
[6, 3, 4]
[6, 3, 2]
0.17647058823529413 0.1875
itercount --------> 4
[4, 2, 3]
[4, 2, 6]
[4, 2, 0]
[4, 2, 1]
0.1875 0.2
itercount --------> 5
[1, 2, 3]
[1, 2, 4]
[1, 2, 0]
0.2 0.21428571428571427
itercount --------> 6
[2, 3, 4]
0.21428571428571427 0.23076923076923078
itercount --------> 7
[4, 3, 6]
[4, 3, 1]
[4, 3, 2]
[4, 3, 0]
[4, 3, 5]
[4, 3, 7]
[4, 3, 6, 1]
0.23076923076923078 0.26666666666666666
itercount --------> 8
[1, 4, 3]
0.26666666666666666 0.35294117647058826
itercount --------> 9
[1, 2, 0]
[1, 2, 4]
[1, 2, 5]
0.35294117647058826 0.42857142857142855
itercount --------> 10
[1, 5, 0]
[1, 5, 2]
[1, 5, 4]
[1, 5, 6]
[1, 5, 7]
[1, 5, 3]
[1, 5, 0, 2]
[1, 5, 0, 4]
[1, 5, 0, 6]
[1, 5, 0, 7]
0.42857142857142855 0.5
itercount --------> 11
[1, 7, 4]
[1, 7, 6]
[1, 7, 5]
[1, 7, 0]
[1, 7, 2]
[1, 7, 3]
[1, 7, 4, 6]
[1, 7, 4, 5]
[1, 7, 4, 0]
[1, 7, 4, 2]
[1, 7, 4, 3]
[1, 7, 4, 6, 5]
[1, 7, 4, 6, 0]
[1, 7, 4, 6, 2]
[1, 7, 4, 6, 3]
[1, 7, 4, 6, 5, 0]
0.5 0.5454545454545454
itercount --------> 12
[1, 6, 4]
[1, 6, 0]
[1, 6, 2]
[1, 6, 5]
[1, 6, 7]
[1, 6, 3]
[1, 6, 4, 0]
[1, 6, 4, 2]
[1, 6, 4, 5]
[1, 6, 4, 7]
[1, 6, 4, 3]
[1, 6, 4, 0, 2]
[1, 6, 4, 0, 5]
[1, 6, 4, 0, 7]
[1, 6, 4, 0, 3]
[1, 6, 4, 0, 2, 5]
[1, 6, 4, 0, 2, 7]
[1, 6, 4, 0, 2, 3]
[1, 6, 4, 0, 2, 5, 7]
[1, 6, 4, 0, 2, 5, 3]
[1, 6, 4, 0, 2, 5, 7, 3]
failed -> 43 times
after fail n ======> 6
[0, 1, 2, 4, 7, 3]
0.02564102564102564 0.034482758620689655
itercount --------> 1
[2, 7, 1]
0.034482758620689655 0.043478260869565216
itercount --------> 2
[4, 0, 1]
0.043478260869565216 0.13043478260869565
itercount --------> 3
[1, 0, 6]
0.13043478260869565 0.16666666666666666
itercount --------> 4
[6, 1, 4]
0.16666666666666666 0.17647058823529413
itercount --------> 5
[1, 4, 3]
0.17647058823529413 0.3125
itercount --------> 6
[1, 4, 0]
0.3125 0.5333333333333333
itercount --------> 7
[1, 0, 4]
[1, 0, 2]
[1, 0, 3]
[1, 0, 6]
[1, 0, 5]
[1, 0, 7]
[1, 0, 4, 2]
[1, 0, 4, 3]
[1, 0, 4, 6]
[1, 0, 4, 5]
[1, 0, 4, 7]
[1, 0, 4, 2, 3]
0.5333333333333333 0.6153846153846154
itercount --------> 8
[1, 0, 2]
[1, 0, 3]
[1, 0, 4]
[1, 0, 5]
[1, 0, 6]
[1, 0, 7]
[1, 0, 2, 3]
[1, 0, 2, 4]
[1, 0, 2, 5]
[1, 0, 2, 6]
[1, 0, 2, 7]
[1, 0, 2, 3, 4]
[1, 0, 2, 3, 5]
[1, 0, 2, 3, 6]
0.6153846153846154 0.6666666666666666
itercount --------> 9
[0, 1, 2]
[0, 1, 3]
[0, 1, 4]
[0, 1, 5]
[0, 1, 6]
[0, 1, 7]
[0, 1, 2, 3]
[0, 1, 2, 4]
[0, 1, 2, 5]
[0, 1, 2, 6]
[0, 1, 2, 7]
[0, 1, 2, 3, 4]
[0, 1, 2, 3, 5]
[0, 1, 2, 3, 6]
[0, 1, 2, 3, 7]
[0, 1, 2, 3, 4, 5]
[0, 1, 2, 3, 4, 6]
[0, 1, 2, 3, 4, 7]
[0, 1, 2, 3, 4, 5, 6]
[0, 1, 2, 3, 4, 5, 7]
[0, 1, 2, 3, 4, 5, 6, 7]
failed -> 44 times
after fail n ======> 7
[0, 1, 2, 4, 7, 3, 5]
0.02564102564102564 0.06666666666666667
itercount --------> 1
[0, 1, 2]
0.06666666666666667 0.1111111111111111
itercount --------> 2
[4, 7, 0]
0.1111111111111111 0.22727272727272727
itercount --------> 3
[0, 4, 1]
[0, 4, 2]
0.22727272727272727 0.2857142857142857
itercount --------> 4
[0, 2, 1]
[0, 2, 3]
0.2857142857142857 0.3
itercount --------> 5
[2, 0, 3]
[2, 0, 1]
[2, 0, 4]
[2, 0, 5]
[2, 0, 7]
0.3 0.35714285714285715
itercount --------> 6
[0, 1, 2]
[0, 1, 4]
[0, 1, 7]
0.35714285714285715 0.45454545454545453
itercount --------> 7
[7, 3, 4]
[7, 3, 0]
[7, 3, 1]
[7, 3, 2]
[7, 3, 5]
[7, 3, 6]
0.45454545454545453 0.5
itercount --------> 8
[0, 1, 2]
[0, 1, 7]
[0, 1, 4]
[0, 1, 3]
[0, 1, 5]
[0, 1, 6]
[0, 1, 2, 7]
[0, 1, 2, 4]
[0, 1, 2, 3]
[0, 1, 2, 5]
[0, 1, 2, 6]
0.5 0.5454545454545454
itercount --------> 9
[4, 7, 0]
[4, 7, 1]
[4, 7, 2]
[4, 7, 3]
0.5454545454545454 0.6
itercount --------> 10
[0, 1, 2]
[0, 1, 7]
0.6 0.6363636363636364
itercount --------> 11
[0, 1, 2]
[0, 1, 7]
[0, 1, 4]
[0, 1, 5]
[0, 1, 6]
[0, 1, 3]
[0, 1, 2, 7]
[0, 1, 2, 4]
[0, 1, 2, 5]
[0, 1, 2, 6]
[0, 1, 2, 3]
[0, 1, 2, 7, 4]
[0, 1, 2, 7, 5]
[0, 1, 2, 7, 6]
[0, 1, 2, 7, 3]
[0, 1, 2, 7, 4, 5]
[0, 1, 2, 7, 4, 6]
[0, 1, 2, 7, 4, 3]
[0, 1, 2, 7, 4, 5, 6]
[0, 1, 2, 7, 4, 5, 3]
0.6363636363636364 0.7
itercount --------> 12
[5, 7, 0]
[5, 7, 1]
[5, 7, 2]
[5, 7, 4]
[5, 7, 6]
[5, 7, 3]
[5, 7, 0, 1]
[5, 7, 0, 2]
[5, 7, 0, 4]
[5, 7, 0, 6]
[5, 7, 0, 3]
[5, 7, 0, 1, 2]
[5, 7, 0, 1, 4]
[5, 7, 0, 1, 6]
[5, 7, 0, 1, 3]
[5, 7, 0, 1, 2, 4]
[5, 7, 0, 1, 2, 6]
[5, 7, 0, 1, 2, 3]
[5, 7, 0, 1, 2, 4, 6]
[5, 7, 0, 1, 2, 4, 3]
[5, 7, 0, 1, 2, 4, 6, 3]
failed -> 45 times
after fail n ======> 8
[0, 1, 2, 4, 7, 3, 5, 6]
0.02564102564102564 0.03225806451612903
itercount --------> 1
[4, 0, 1]
0.03225806451612903 0.047619047619047616
itercount --------> 2
[1, 0, 6]
0.047619047619047616 0.05263157894736842
itercount --------> 3
[6, 1, 4]
0.05263157894736842 0.05555555555555555
itercount --------> 4
[0, 1, 2]
[0, 1, 6]
0.05555555555555555 0.08333333333333333
itercount --------> 5
[2, 1, 7]
0.08333333333333333 0.1
itercount --------> 6
[0, 1, 2]
0.1 0.11764705882352941
itercount --------> 7
[0, 1, 3]
0.11764705882352941 0.15384615384615385
itercount --------> 8
[3, 0, 1]
[3, 0, 4]
[3, 0, 6]
[3, 0, 2]
[3, 0, 7]
[3, 0, 5]
[3, 0, 1, 4]
0.15384615384615385 0.16666666666666666
itercount --------> 9
[0, 4, 3]
[0, 4, 6]
[0, 4, 7]
[0, 4, 2]
[0, 4, 1]
0.16666666666666666 0.18181818181818182
itercount --------> 10
[4, 3, 0]
[4, 3, 6]
[4, 3, 7]
[4, 3, 1]
[4, 3, 2]
0.18181818181818182 0.2
itercount --------> 11
[3, 4, 6]
[3, 4, 7]
[3, 4, 0]
[3, 4, 1]
[3, 4, 2]
[3, 4, 5]
[3, 4, 6, 7]
[3, 4, 6, 0]
[3, 4, 6, 1]
[3, 4, 6, 2]
[3, 4, 6, 5]
[3, 4, 6, 7, 0]
0.2 0.21428571428571427
itercount --------> 12
[3, 4, 6]
0.21428571428571427 0.23809523809523808
itercount --------> 13
[0, 3, 4]
0.23809523809523808 0.2631578947368421
itercount --------> 14
[3, 0, 7]
0.2631578947368421 0.35714285714285715
itercount --------> 15
[3, 4, 6]
[3, 4, 7]
[3, 4, 0]
0.35714285714285715 0.4166666666666667
itercount --------> 16
[0, 7, 6]
[0, 7, 4]
[0, 7, 1]
[0, 7, 3]
[0, 7, 5]
[0, 7, 2]
[0, 7, 6, 4]
[0, 7, 6, 1]
[0, 7, 6, 3]
[0, 7, 6, 5]
[0, 7, 6, 2]
0.4166666666666667 0.5
itercount --------> 17
[7, 4, 6]
[7, 4, 5]
[7, 4, 0]
[7, 4, 1]
[7, 4, 2]
0.5 0.5555555555555556
itercount --------> 18
[7, 5, 0]
[7, 5, 1]
[7, 5, 2]
[7, 5, 6]
[7, 5, 3]
[7, 5, 4]
[7, 5, 0, 1]
[7, 5, 0, 2]
[7, 5, 0, 6]
0.5555555555555556 0.6
itercount --------> 19
[7, 5, 0]
[7, 5, 1]
[7, 5, 2]
[7, 5, 6]
[7, 5, 3]
[7, 5, 4]
[7, 5, 0, 1]
[7, 5, 0, 2]
[7, 5, 0, 6]
[7, 5, 0, 3]
[7, 5, 0, 4]
[7, 5, 0, 1, 2]
[7, 5, 0, 1, 6]
[7, 5, 0, 1, 3]
[7, 5, 0, 1, 4]
[7, 5, 0, 1, 2, 6]
[7, 5, 0, 1, 2, 3]
[7, 5, 0, 1, 2, 4]
[7, 5, 0, 1, 2, 6, 3]
[7, 5, 0, 1, 2, 6, 4]
[7, 5, 0, 1, 2, 6, 3, 4]
failed -> 46 times
after fail n ======> 5
[0, 1, 2, 4, 7]
0.02564102564102564 0.034482758620689655
itercount --------> 1
[1, 7, 0]
0.034482758620689655 0.043478260869565216
itercount --------> 2
[4, 0, 2]
0.043478260869565216 0.13043478260869565
itercount --------> 3
[0, 2, 6]
0.13043478260869565 0.17647058823529413
itercount --------> 4
[0, 6, 2]
0.17647058823529413 0.2222222222222222
itercount --------> 5
[2, 0, 3]
0.2222222222222222 0.375
itercount --------> 6
[0, 2, 4]
[0, 2, 5]
[0, 2, 7]
[0, 2, 1]
0.375 0.46153846153846156
itercount --------> 7
[0, 2, 5]
[0, 2, 4]
0.46153846153846156 0.5333333333333333
itercount --------> 8
[0, 2, 1]
[0, 2, 4]
[0, 2, 3]
[0, 2, 5]
[0, 2, 7]
[0, 2, 6]
[0, 2, 1, 4]
[0, 2, 1, 3]
0.5333333333333333 0.6153846153846154
itercount --------> 9
[0, 2, 1]
[0, 2, 5]
[0, 2, 7]
[0, 2, 3]
[0, 2, 4]
[0, 2, 6]
[0, 2, 1, 5]
[0, 2, 1, 7]
[0, 2, 1, 3]
[0, 2, 1, 4]
[0, 2, 1, 6]
[0, 2, 1, 5, 7]
[0, 2, 1, 5, 3]
[0, 2, 1, 5, 4]
[0, 2, 1, 5, 6]
[0, 2, 1, 5, 7, 3]
[0, 2, 1, 5, 7, 4]
[0, 2, 1, 5, 7, 6]
[0, 2, 1, 5, 7, 3, 4]
[0, 2, 1, 5, 7, 3, 6]
[0, 2, 1, 5, 7, 3, 4, 6]
failed -> 47 times
after fail n ======> 6
[0, 1, 2, 4, 7, 3]
0.02564102564102564 0.037037037037037035
itercount --------> 1
[1, 0, 2]
0.037037037037037035 0.08333333333333333
itercount --------> 2
[4, 3, 5]
0.08333333333333333 0.15384615384615385
itercount --------> 3
[3, 4, 5]
0.15384615384615385 0.21428571428571427
itercount --------> 4
[3, 0, 1]
0.21428571428571427 0.25
itercount --------> 5
[5, 0, 1]
0.25 0.3076923076923077
itercount --------> 6
[4, 5, 6]
0.3076923076923077 0.35714285714285715
itercount --------> 7
[4, 6, 5]
[4, 6, 3]
[4, 6, 7]
[4, 6, 0]
0.35714285714285715 0.4166666666666667
itercount --------> 8
[5, 4, 0]
0.4166666666666667 0.5
itercount --------> 9
[0, 1, 2]
[0, 1, 5]
[0, 1, 4]
[0, 1, 7]
[0, 1, 3]
[0, 1, 6]
[0, 1, 2, 5]
[0, 1, 2, 4]
[0, 1, 2, 7]
[0, 1, 2, 3]
[0, 1, 2, 6]
[0, 1, 2, 5, 4]
[0, 1, 2, 5, 7]
[0, 1, 2, 5, 3]
0.5 0.5454545454545454
itercount --------> 10
[0, 1, 2]
[0, 1, 4]
[0, 1, 5]
[0, 1, 3]
[0, 1, 7]
[0, 1, 6]
[0, 1, 2, 4]
0.5454545454545454 0.5555555555555556
itercount --------> 11
[5, 7, 0]
[5, 7, 1]
[5, 7, 2]
[5, 7, 3]
[5, 7, 4]
0.5555555555555556 0.6
itercount --------> 12
[5, 7, 4]
[5, 7, 0]
0.6 0.6363636363636364
itercount --------> 13
[0, 5, 7]
[0, 5, 1]
[0, 5, 2]
[0, 5, 3]
[0, 5, 4]
[0, 5, 6]
[0, 5, 7, 1]
[0, 5, 7, 2]
[0, 5, 7, 3]
[0, 5, 7, 4]
[0, 5, 7, 6]
[0, 5, 7, 1, 2]
[0, 5, 7, 1, 3]
[0, 5, 7, 1, 4]
[0, 5, 7, 1, 6]
[0, 5, 7, 1, 2, 3]
[0, 5, 7, 1, 2, 4]
[0, 5, 7, 1, 2, 6]
[0, 5, 7, 1, 2, 3, 4]
[0, 5, 7, 1, 2, 3, 6]
[0, 5, 7, 1, 2, 3, 4, 6]
failed -> 48 times
after fail n ======> 7
[0, 1, 2, 4, 7, 3, 5]
0.02564102564102564 0.04
itercount --------> 1
[7, 2, 4]
0.04 0.043478260869565216
itercount --------> 2
[4, 1, 2]
0.043478260869565216 0.08333333333333333
itercount --------> 3
[2, 0, 1]
0.08333333333333333 0.14285714285714285
itercount --------> 4
[6, 4, 3]
0.14285714285714285 0.29411764705882354
itercount --------> 5
[4, 6, 2]
[4, 6, 3]
[4, 6, 5]
0.29411764705882354 0.3125
itercount --------> 6
[2, 5, 0]
0.3125 0.35714285714285715
itercount --------> 7
[0, 1, 2]
[0, 1, 5]
[0, 1, 4]
0.35714285714285715 0.38461538461538464
itercount --------> 8
[5, 0, 1]
[5, 0, 2]
[5, 0, 4]
[5, 0, 3]
0.38461538461538464 0.4166666666666667
itercount --------> 9
[5, 4, 0]
[5, 4, 1]
0.4166666666666667 0.45454545454545453
itercount --------> 10
[0, 1, 2]
[0, 1, 5]
[0, 1, 6]
[0, 1, 7]
[0, 1, 3]
0.45454545454545453 0.5
itercount --------> 11
[0, 1, 2]
[0, 1, 5]
[0, 1, 4]
[0, 1, 6]
[0, 1, 7]
[0, 1, 3]
[0, 1, 2, 5]
[0, 1, 2, 4]
[0, 1, 2, 6]
[0, 1, 2, 7]
[0, 1, 2, 3]
[0, 1, 2, 5, 4]
[0, 1, 2, 5, 6]
0.5 0.5454545454545454
itercount --------> 12
[2, 4, 5]
[2, 4, 0]
0.5454545454545454 0.6
itercount --------> 13
[0, 1, 2]
[0, 1, 5]
[0, 1, 4]
[0, 1, 7]
[0, 1, 3]
[0, 1, 6]
[0, 1, 2, 5]
[0, 1, 2, 4]
[0, 1, 2, 7]
[0, 1, 2, 3]
0.6 0.6666666666666666
itercount --------> 14
[0, 1, 2]
[0, 1, 5]
[0, 1, 7]
[0, 1, 3]
[0, 1, 4]
[0, 1, 6]
[0, 1, 2, 5]
[0, 1, 2, 7]
[0, 1, 2, 3]
[0, 1, 2, 4]
[0, 1, 2, 6]
[0, 1, 2, 5, 7]
[0, 1, 2, 5, 3]
[0, 1, 2, 5, 4]
[0, 1, 2, 5, 6]
[0, 1, 2, 5, 7, 3]
[0, 1, 2, 5, 7, 4]
[0, 1, 2, 5, 7, 6]
[0, 1, 2, 5, 7, 3, 4]
[0, 1, 2, 5, 7, 3, 6]
[0, 1, 2, 5, 7, 3, 4, 6]
failed -> 49 times
after fail n ======> 8
[0, 1, 2, 4, 7, 3, 5, 6]
0.02564102564102564 0.06666666666666667
itercount --------> 1
[4, 7, 0]
[4, 7, 2]
[4, 7, 1]
[4, 7, 3]
0.06666666666666667 0.08108108108108109
itercount --------> 2
[0, 2, 4]
0.08108108108108109 0.08695652173913043
itercount --------> 3
[0, 1, 2]
[0, 1, 3]
0.08695652173913043 0.09523809523809523
itercount --------> 4
[1, 2, 0]
0.09523809523809523 0.14285714285714285
itercount --------> 5
[4, 6, 0]
0.14285714285714285 0.15384615384615385
itercount --------> 6
[4, 0, 7]
0.15384615384615385 0.23076923076923078
itercount --------> 7
[0, 7, 3]
0.23076923076923078 0.3
itercount --------> 8
[0, 7, 3]
[0, 7, 4]
[0, 7, 5]
[0, 7, 1]
[0, 7, 2]
[0, 7, 6]
0.3 0.4166666666666667
itercount --------> 9
[4, 0, 3]
[4, 0, 5]
0.4166666666666667 0.5454545454545454
itercount --------> 10
[0, 4, 3]
0.5454545454545454 0.5714285714285714
itercount --------> 11
[0, 3, 4]
[0, 3, 7]
[0, 3, 1]
[0, 3, 2]
0.5714285714285714 0.6363636363636364
itercount --------> 12
[0, 7, 3]
[0, 7, 1]
[0, 7, 2]
[0, 7, 4]
[0, 7, 5]
[0, 7, 6]
[0, 7, 3, 1]
[0, 7, 3, 2]
[0, 7, 3, 4]
[0, 7, 3, 5]
[0, 7, 3, 6]
[0, 7, 3, 1, 2]
[0, 7, 3, 1, 4]
0.6363636363636364 0.6666666666666666
itercount --------> 13
[0, 4, 7]
[0, 4, 1]
[0, 4, 2]
[0, 4, 3]
[0, 4, 5]
[0, 4, 6]
[0, 4, 7, 1]
[0, 4, 7, 2]
[0, 4, 7, 3]
[0, 4, 7, 5]
[0, 4, 7, 6]
[0, 4, 7, 1, 2]
[0, 4, 7, 1, 3]
[0, 4, 7, 1, 5]
[0, 4, 7, 1, 6]
[0, 4, 7, 1, 2, 3]
[0, 4, 7, 1, 2, 5]
[0, 4, 7, 1, 2, 6]
[0, 4, 7, 1, 2, 3, 5]
[0, 4, 7, 1, 2, 3, 6]
[0, 4, 7, 1, 2, 3, 5, 6]
failed -> 50 times
after fail n ======> 5
Runs with the maximum attractor JI -> [5, 27, 44]
