{1: 27, 2: 27, 4: 25, 3: 20, 6: 20, 7: 20, 0: 17, 5: 16}
[1, 2, 4]
0.10344827586206896 0.2608695652173913
itercount --------> 1
[1, 6, 3]
0.2608695652173913 0.2857142857142857
itercount --------> 2
[6, 3, 1]
0.2857142857142857 0.42857142857142855
itercount --------> 3
[3, 1, 4]
[3, 1, 2]
[3, 1, 6]
[3, 1, 7]
[3, 1, 5]
[3, 1, 0]
[3, 1, 4, 2]
[3, 1, 4, 6]
0.42857142857142855 0.44
itercount --------> 4
[1, 3, 7]
[1, 3, 2]
[1, 3, 4]
[1, 3, 6]
[1, 3, 5]
[1, 3, 0]
[1, 3, 7, 2]
[1, 3, 7, 4]
[1, 3, 7, 6]
[1, 3, 7, 5]
0.44 0.45454545454545453
itercount --------> 5
[3, 7, 1]
[3, 7, 2]
[3, 7, 4]
[3, 7, 6]
[3, 7, 5]
[3, 7, 0]
[3, 7, 1, 2]
[3, 7, 1, 4]
[3, 7, 1, 6]
[3, 7, 1, 5]
0.45454545454545453 0.4782608695652174
itercount --------> 6
[3, 7, 1]
[3, 7, 2]
[3, 7, 4]
[3, 7, 6]
[3, 7, 5]
[3, 7, 0]
[3, 7, 1, 2]
[3, 7, 1, 4]
[3, 7, 1, 6]
[3, 7, 1, 5]
[3, 7, 1, 0]
0.4782608695652174 0.5263157894736842
itercount --------> 7
[3, 7, 4]
[3, 7, 6]
[3, 7, 0]
[3, 7, 1]
[3, 7, 2]
[3, 7, 5]
[3, 7, 4, 6]
[3, 7, 4, 0]
0.5263157894736842 0.6666666666666666
itercount --------> 8
[7, 3, 4]
[7, 3, 6]
0.6666666666666666 0.8
itercount --------> 9
[3, 7, 0]
[3, 7, 1]
[3, 7, 2]
[3, 7, 4]
[3, 7, 5]
[3, 7, 6]
[3, 7, 0, 1]
[3, 7, 0, 2]
[3, 7, 0, 4]
[3, 7, 0, 5]
[3, 7, 0, 6]
[3, 7, 0, 1, 2]
[3, 7, 0, 1, 4]
[3, 7, 0, 1, 5]
[3, 7, 0, 1, 6]
[3, 7, 0, 1, 2, 4]
[3, 7, 0, 1, 2, 5]
[3, 7, 0, 1, 2, 6]
[3, 7, 0, 1, 2, 4, 5]
[3, 7, 0, 1, 2, 4, 6]
[3, 7, 0, 1, 2, 4, 5, 6]
failed Once
after fail n ======> 4
[1, 2, 4, 3]
0.10344827586206896 0.12
itercount --------> 1
[4, 2, 6]
0.12 0.2
itercount --------> 2
[6, 2, 3]
[6, 2, 4]
[6, 2, 1]
[6, 2, 7]
0.2 0.23076923076923078
itercount --------> 3
[2, 7, 5]
0.23076923076923078 0.23529411764705882
itercount --------> 4
[2, 5, 1]
[2, 5, 7]
0.23529411764705882 0.2727272727272727
itercount --------> 5
[2, 3, 5]
[2, 3, 1]
[2, 3, 7]
[2, 3, 4]
[2, 3, 6]
[2, 3, 0]
0.2727272727272727 0.32142857142857145
itercount --------> 6
[3, 1, 4]
[3, 1, 5]
[3, 1, 2]
[3, 1, 7]
[3, 1, 6]
0.32142857142857145 0.34782608695652173
itercount --------> 7
[1, 2, 3]
0.34782608695652173 0.42105263157894735
itercount --------> 8
[3, 4, 6]
[3, 4, 7]
[3, 4, 0]
0.42105263157894735 0.5
itercount --------> 9
[3, 4, 6]
[3, 4, 7]
[3, 4, 5]
[3, 4, 1]
[3, 4, 2]
[3, 4, 0]
[3, 4, 6, 7]
0.5 0.5789473684210527
itercount --------> 10
[3, 7, 4]
[3, 7, 6]
[3, 7, 1]
[3, 7, 2]
0.5789473684210527 0.6
itercount --------> 11
[7, 4, 2]
[7, 4, 3]
[7, 4, 5]
[7, 4, 1]
[7, 4, 6]
[7, 4, 0]
[7, 4, 2, 3]
0.6 0.7619047619047619
itercount --------> 12
[2, 5, 1]
[2, 5, 3]
[2, 5, 4]
[2, 5, 6]
[2, 5, 7]
[2, 5, 0]
[2, 5, 1, 3]
[2, 5, 1, 4]
[2, 5, 1, 6]
[2, 5, 1, 7]
[2, 5, 1, 0]
[2, 5, 1, 3, 4]
[2, 5, 1, 3, 6]
[2, 5, 1, 3, 7]
[2, 5, 1, 3, 0]
[2, 5, 1, 3, 4, 6]
[2, 5, 1, 3, 4, 7]
[2, 5, 1, 3, 4, 0]
[2, 5, 1, 3, 4, 6, 7]
[2, 5, 1, 3, 4, 6, 0]
0.7619047619047619 0.8
itercount --------> 13
[3, 4, 1]
[3, 4, 2]
[3, 4, 5]
[3, 4, 6]
[3, 4, 7]
[3, 4, 0]
[3, 4, 1, 2]
[3, 4, 1, 5]
[3, 4, 1, 6]
[3, 4, 1, 7]
[3, 4, 1, 0]
[3, 4, 1, 2, 5]
[3, 4, 1, 2, 6]
[3, 4, 1, 2, 7]
[3, 4, 1, 2, 0]
[3, 4, 1, 2, 5, 6]
[3, 4, 1, 2, 5, 7]
[3, 4, 1, 2, 5, 0]
[3, 4, 1, 2, 5, 6, 7]
[3, 4, 1, 2, 5, 6, 0]
[3, 4, 1, 2, 5, 6, 7, 0]
failed -> 2 times
after fail n ======> 5
[1, 2, 4, 3, 6]
0.10344827586206896 0.14285714285714285
itercount --------> 1
[1, 2, 0]
[1, 2, 3]
0.14285714285714285 0.15789473684210525
itercount --------> 2
[4, 3, 6]
0.15789473684210525 0.36363636363636365
itercount --------> 3
[3, 4, 6]
[3, 4, 7]
[3, 4, 1]
[3, 4, 2]
[3, 4, 0]
[3, 4, 5]
[3, 4, 6, 7]
[3, 4, 6, 1]
0.36363636363636365 0.4230769230769231
itercount --------> 4
[1, 3, 7]
[1, 3, 4]
[1, 3, 6]
[1, 3, 2]
[1, 3, 5]
0.4230769230769231 0.45454545454545453
itercount --------> 5
[3, 7, 1]
[3, 7, 2]
[3, 7, 4]
[3, 7, 6]
[3, 7, 5]
[3, 7, 0]
[3, 7, 1, 2]
[3, 7, 1, 4]
[3, 7, 1, 6]
[3, 7, 1, 5]
0.45454545454545453 0.4782608695652174
itercount --------> 6
[3, 7, 1]
[3, 7, 2]
[3, 7, 4]
[3, 7, 6]
[3, 7, 5]
[3, 7, 0]
[3, 7, 1, 2]
[3, 7, 1, 4]
0.4782608695652174 0.5263157894736842
itercount --------> 7
[3, 4, 6]
[3, 4, 7]
[3, 4, 0]
[3, 4, 1]
[3, 4, 2]
[3, 4, 5]
[3, 4, 6, 7]
[3, 4, 6, 0]
[3, 4, 6, 1]
[3, 4, 6, 2]
0.5263157894736842 0.5789473684210527
itercount --------> 8
[4, 6, 3]
[4, 6, 7]
[4, 6, 0]
[4, 6, 1]
[4, 6, 2]
[4, 6, 5]
[4, 6, 3, 7]
[4, 6, 3, 0]
[4, 6, 3, 1]
[4, 6, 3, 2]
[4, 6, 3, 5]
[4, 6, 3, 7, 0]
[4, 6, 3, 7, 1]
[4, 6, 3, 7, 2]
[4, 6, 3, 7, 5]
[4, 6, 3, 7, 0, 1]
[4, 6, 3, 7, 0, 2]
[4, 6, 3, 7, 0, 5]
[4, 6, 3, 7, 0, 1, 2]
[4, 6, 3, 7, 0, 1, 5]
[4, 6, 3, 7, 0, 1, 2, 5]
failed -> 3 times
after fail n ======> 6
[1, 2, 4, 3, 6, 7]
0.10344827586206896 0.2222222222222222
itercount --------> 1
[1, 3, 4]
[1, 3, 2]
[1, 3, 7]
0.2222222222222222 0.24
itercount --------> 2
[1, 3, 7]
[1, 3, 4]
[1, 3, 2]
0.24 0.3333333333333333
itercount --------> 3
[7, 4, 3]
0.3333333333333333 0.35
itercount --------> 4
[4, 3, 7]
[4, 3, 1]
[4, 3, 2]
[4, 3, 6]
0.35 0.3684210526315789
itercount --------> 5
[3, 4, 7]
[3, 4, 1]
[3, 4, 2]
[3, 4, 6]
0.3684210526315789 0.42857142857142855
itercount --------> 6
[7, 3, 4]
[7, 3, 6]
[7, 3, 1]
[7, 3, 2]
[7, 3, 0]
[7, 3, 5]
[7, 3, 4, 6]
[7, 3, 4, 1]
[7, 3, 4, 2]
[7, 3, 4, 0]
[7, 3, 4, 5]
0.42857142857142855 0.45
itercount --------> 7
[7, 5, 4]
[7, 5, 3]
[7, 5, 0]
[7, 5, 1]
[7, 5, 2]
[7, 5, 6]
[7, 5, 4, 3]
[7, 5, 4, 0]
[7, 5, 4, 1]
[7, 5, 4, 2]
0.45 0.45454545454545453
itercount --------> 8
[3, 7, 2]
[3, 7, 4]
[3, 7, 5]
0.45454545454545453 0.5
itercount --------> 9
[5, 2, 7]
[5, 2, 3]
0.5 0.5217391304347826
itercount --------> 10
[5, 4, 7]
[5, 4, 2]
[5, 4, 3]
[5, 4, 6]
[5, 4, 1]
0.5217391304347826 0.5238095238095238
itercount --------> 11
[2, 7, 5]
[2, 7, 4]
[2, 7, 3]
0.5238095238095238 0.6818181818181818
itercount --------> 12
[2, 5, 3]
[2, 5, 4]
[2, 5, 1]
[2, 5, 6]
[2, 5, 7]
[2, 5, 0]
0.6818181818181818 0.7368421052631579
itercount --------> 13
[3, 4, 5]
[3, 4, 0]
[3, 4, 1]
[3, 4, 2]
[3, 4, 6]
[3, 4, 7]
[3, 4, 5, 0]
[3, 4, 5, 1]
[3, 4, 5, 2]
[3, 4, 5, 6]
[3, 4, 5, 7]
[3, 4, 5, 0, 1]
0.7368421052631579 0.7619047619047619
itercount --------> 14
[5, 3, 4]
[5, 3, 1]
[5, 3, 2]
[5, 3, 6]
[5, 3, 7]
[5, 3, 0]
[5, 3, 4, 1]
[5, 3, 4, 2]
[5, 3, 4, 6]
[5, 3, 4, 7]
[5, 3, 4, 0]
[5, 3, 4, 1, 2]
[5, 3, 4, 1, 6]
[5, 3, 4, 1, 7]
[5, 3, 4, 1, 0]
[5, 3, 4, 1, 2, 6]
[5, 3, 4, 1, 2, 7]
[5, 3, 4, 1, 2, 0]
[5, 3, 4, 1, 2, 6, 7]
[5, 3, 4, 1, 2, 6, 0]
[5, 3, 4, 1, 2, 6, 7, 0]
failed -> 4 times
after fail n ======> 7
[1, 2, 4, 3, 6, 7, 0]
0.10344827586206896 0.12
itercount --------> 1
[4, 2, 6]
0.12 0.2222222222222222
itercount --------> 2
[2, 3, 4]
[2, 3, 1]
[2, 3, 7]
0.2222222222222222 0.24
itercount --------> 3
[2, 3, 7]
[2, 3, 4]
[2, 3, 1]
[2, 3, 6]
[2, 3, 0]
0.24 0.25
itercount --------> 4
[0, 7, 3]
0.25 0.2777777777777778
itercount --------> 5
[2, 3, 0]
0.2777777777777778 0.34782608695652173
itercount --------> 6
[3, 4, 1]
[3, 4, 7]
[3, 4, 0]
[3, 4, 6]
[3, 4, 5]
[3, 4, 2]
[3, 4, 1, 7]
[3, 4, 1, 0]
0.34782608695652173 0.3684210526315789
itercount --------> 7
[4, 3, 6]
[4, 3, 7]
[4, 3, 0]
[4, 3, 5]
[4, 3, 1]
[4, 3, 2]
[4, 3, 6, 7]
[4, 3, 6, 0]
0.3684210526315789 0.5
itercount --------> 8
[3, 7, 4]
[3, 7, 6]
[3, 7, 0]
[3, 7, 1]
[3, 7, 2]
[3, 7, 5]
[3, 7, 4, 6]
[3, 7, 4, 0]
[3, 7, 4, 1]
[3, 7, 4, 2]
[3, 7, 4, 5]
[3, 7, 4, 6, 0]
[3, 7, 4, 6, 1]
[3, 7, 4, 6, 2]
[3, 7, 4, 6, 5]
[3, 7, 4, 6, 0, 1]
[3, 7, 4, 6, 0, 2]
[3, 7, 4, 6, 0, 5]
[3, 7, 4, 6, 0, 1, 2]
[3, 7, 4, 6, 0, 1, 5]
[3, 7, 4, 6, 0, 1, 2, 5]
failed -> 5 times
after fail n ======> 8
[1, 2, 4, 3, 6, 7, 0, 5]
0.10344827586206896 0.1111111111111111
itercount --------> 1
[1, 2, 0]
[1, 2, 6]
0.1111111111111111 0.15789473684210525
itercount --------> 2
[1, 2, 0]
[1, 2, 6]
0.15789473684210525 0.16666666666666666
itercount --------> 3
[0, 5, 1]
0.16666666666666666 0.2222222222222222
itercount --------> 4
[0, 1, 2]
[0, 1, 5]
[0, 1, 6]
0.2222222222222222 0.2727272727272727
itercount --------> 5
[4, 1, 2]
[4, 1, 7]
0.2727272727272727 0.2857142857142857
itercount --------> 6
[4, 1, 7]
0.2857142857142857 0.3181818181818182
itercount --------> 7
[4, 1, 7]
[4, 1, 3]
[4, 1, 5]
0.3181818181818182 0.3333333333333333
itercount --------> 8
[4, 1, 3]
[4, 1, 7]
0.3333333333333333 0.5555555555555556
itercount --------> 9
[1, 2, 5]
[1, 2, 0]
[1, 2, 3]
[1, 2, 7]
[1, 2, 4]
[1, 2, 6]
[1, 2, 5, 0]
0.5555555555555556 0.5769230769230769
itercount --------> 10
[1, 5, 0]
0.5769230769230769 0.6363636363636364
itercount --------> 11
[1, 3, 4]
[1, 3, 5]
[1, 3, 0]
0.6363636363636364 0.7368421052631579
itercount --------> 12
[3, 4, 5]
[3, 4, 0]
[3, 4, 1]
[3, 4, 2]
[3, 4, 6]
[3, 4, 7]
[3, 4, 5, 0]
[3, 4, 5, 1]
[3, 4, 5, 2]
[3, 4, 5, 6]
[3, 4, 5, 7]
[3, 4, 5, 0, 1]
[3, 4, 5, 0, 2]
[3, 4, 5, 0, 6]
[3, 4, 5, 0, 7]
[3, 4, 5, 0, 1, 2]
[3, 4, 5, 0, 1, 6]
[3, 4, 5, 0, 1, 7]
[3, 4, 5, 0, 1, 2, 6]
[3, 4, 5, 0, 1, 2, 7]
[3, 4, 5, 0, 1, 2, 6, 7]
failed -> 6 times
after fail n ======> 5
[1, 2, 4, 3, 6]
0.10344827586206896 0.1724137931034483
itercount --------> 1
[2, 1, 3]
0.1724137931034483 0.18518518518518517
itercount --------> 2
[1, 6, 3]
0.18518518518518517 0.2631578947368421
itercount --------> 3
[6, 3, 4]
[6, 3, 7]
[6, 3, 1]
[6, 3, 2]
[6, 3, 5]
[6, 3, 0]
[6, 3, 4, 7]
[6, 3, 4, 1]
[6, 3, 4, 2]
0.2631578947368421 0.28
itercount --------> 4
[3, 4, 1]
[3, 4, 6]
[3, 4, 2]
[3, 4, 7]
0.28 0.3103448275862069
itercount --------> 5
[1, 6, 2]
0.3103448275862069 0.36363636363636365
itercount --------> 6
[1, 6, 2]
[1, 6, 3]
[1, 6, 4]
[1, 6, 0]
0.36363636363636365 0.42105263157894735
itercount --------> 7
[6, 1, 3]
[6, 1, 0]
[6, 1, 4]
[6, 1, 2]
0.42105263157894735 0.4444444444444444
itercount --------> 8
[6, 3, 4]
[6, 3, 7]
[6, 3, 0]
[6, 3, 1]
[6, 3, 2]
[6, 3, 5]
[6, 3, 4, 7]
[6, 3, 4, 0]
[6, 3, 4, 1]
0.4444444444444444 0.47368421052631576
itercount --------> 9
[3, 4, 6]
[3, 4, 7]
[3, 4, 0]
0.47368421052631576 0.5
itercount --------> 10
[3, 4, 6]
[3, 4, 7]
[3, 4, 1]
0.5 0.5263157894736842
itercount --------> 11
[3, 4, 6]
[3, 4, 7]
[3, 4, 0]
[3, 4, 1]
[3, 4, 2]
[3, 4, 5]
[3, 4, 6, 7]
[3, 4, 6, 0]
[3, 4, 6, 1]
[3, 4, 6, 2]
0.5263157894736842 0.5789473684210527
itercount --------> 12
[4, 6, 3]
[4, 6, 7]
[4, 6, 0]
[4, 6, 1]
[4, 6, 2]
[4, 6, 5]
[4, 6, 3, 7]
[4, 6, 3, 0]
[4, 6, 3, 1]
[4, 6, 3, 2]
[4, 6, 3, 5]
[4, 6, 3, 7, 0]
[4, 6, 3, 7, 1]
[4, 6, 3, 7, 2]
[4, 6, 3, 7, 5]
[4, 6, 3, 7, 0, 1]
[4, 6, 3, 7, 0, 2]
[4, 6, 3, 7, 0, 5]
[4, 6, 3, 7, 0, 1, 2]
[4, 6, 3, 7, 0, 1, 5]
[4, 6, 3, 7, 0, 1, 2, 5]
failed -> 7 times
after fail n ======> 6
[1, 2, 4, 3, 6, 7]
0.10344827586206896 0.15555555555555556
itercount --------> 1
[1, 2, 3]
0.15555555555555556 0.36363636363636365
itercount --------> 2
[3, 4, 6]
[3, 4, 7]
[3, 4, 1]
[3, 4, 2]
[3, 4, 0]
[3, 4, 5]
[3, 4, 6, 7]
[3, 4, 6, 1]
[3, 4, 6, 2]
0.36363636363636365 0.3684210526315789
itercount --------> 3
[3, 4, 6]
[3, 4, 1]
[3, 4, 2]
[3, 4, 7]
0.3684210526315789 0.42857142857142855
itercount --------> 4
[6, 3, 4]
[6, 3, 7]
[6, 3, 1]
[6, 3, 2]
[6, 3, 0]
[6, 3, 5]
[6, 3, 4, 7]
[6, 3, 4, 1]
[6, 3, 4, 2]
[6, 3, 4, 0]
0.42857142857142855 0.45
itercount --------> 5
[6, 0, 3]
[6, 0, 4]
[6, 0, 1]
0.45 0.5
itercount --------> 6
[3, 6, 4]
[3, 6, 7]
[3, 6, 0]
0.5 0.5217391304347826
itercount --------> 7
[6, 1, 0]
[6, 1, 4]
[6, 1, 5]
0.5217391304347826 0.55
itercount --------> 8
[6, 1, 4]
[6, 1, 0]
[6, 1, 3]
0.55 0.6521739130434783
itercount --------> 9
[0, 1, 5]
0.6521739130434783 0.7
itercount --------> 10
[0, 1, 5]
[0, 1, 3]
[0, 1, 4]
[0, 1, 7]
[0, 1, 2]
[0, 1, 6]
[0, 1, 5, 3]
[0, 1, 5, 4]
[0, 1, 5, 7]
[0, 1, 5, 2]
0.7 0.7368421052631579
itercount --------> 11
[3, 4, 5]
[3, 4, 0]
[3, 4, 1]
[3, 4, 2]
[3, 4, 6]
[3, 4, 7]
[3, 4, 5, 0]
[3, 4, 5, 1]
[3, 4, 5, 2]
[3, 4, 5, 6]
[3, 4, 5, 7]
[3, 4, 5, 0, 1]
[3, 4, 5, 0, 2]
[3, 4, 5, 0, 6]
[3, 4, 5, 0, 7]
[3, 4, 5, 0, 1, 2]
[3, 4, 5, 0, 1, 6]
[3, 4, 5, 0, 1, 7]
[3, 4, 5, 0, 1, 2, 6]
[3, 4, 5, 0, 1, 2, 7]
[3, 4, 5, 0, 1, 2, 6, 7]
failed -> 8 times
after fail n ======> 7
[1, 2, 4, 3, 6, 7, 0]
0.10344827586206896 0.1724137931034483
itercount --------> 1
[2, 1, 3]
0.1724137931034483 0.25
itercount --------> 2
[1, 2, 6]
0.25 0.25925925925925924
itercount --------> 3
[1, 3, 4]
0.25925925925925924 0.2692307692307692
itercount --------> 4
[1, 4, 3]
[1, 4, 6]
0.2692307692307692 0.2857142857142857
itercount --------> 5
[6, 1, 2]
[6, 1, 3]
[6, 1, 7]
[6, 1, 4]
[6, 1, 0]
0.2857142857142857 0.3333333333333333
itercount --------> 6
[3, 4, 6]
[3, 4, 7]
[3, 4, 1]
[3, 4, 2]
[3, 4, 0]
[3, 4, 5]
[3, 4, 6, 7]
[3, 4, 6, 1]
[3, 4, 6, 2]
[3, 4, 6, 0]
[3, 4, 6, 5]
[3, 4, 6, 7, 1]
[3, 4, 6, 7, 2]
[3, 4, 6, 7, 0]
[3, 4, 6, 7, 5]
[3, 4, 6, 7, 1, 2]
[3, 4, 6, 7, 1, 0]
0.3333333333333333 0.34782608695652173
itercount --------> 7
[3, 4, 6]
[3, 4, 7]
[3, 4, 0]
[3, 4, 5]
[3, 4, 1]
[3, 4, 2]
[3, 4, 6, 7]
[3, 4, 6, 0]
[3, 4, 6, 5]
[3, 4, 6, 1]
[3, 4, 6, 2]
[3, 4, 6, 7, 0]
[3, 4, 6, 7, 5]
[3, 4, 6, 7, 1]
[3, 4, 6, 7, 2]
[3, 4, 6, 7, 0, 5]
0.34782608695652173 0.35
itercount --------> 8
[4, 3, 7]
[4, 3, 6]
[4, 3, 0]
[4, 3, 5]
[4, 3, 1]
[4, 3, 2]
[4, 3, 7, 6]
[4, 3, 7, 0]
[4, 3, 7, 5]
[4, 3, 7, 1]
[4, 3, 7, 2]
0.35 0.375
itercount --------> 9
[2, 4, 0]
[2, 4, 6]
[2, 4, 7]
[2, 4, 3]
[2, 4, 5]
0.375 0.42105263157894735
itercount --------> 10
[4, 6, 2]
[4, 6, 3]
[4, 6, 7]
[4, 6, 0]
[4, 6, 5]
[4, 6, 1]
[4, 6, 2, 3]
[4, 6, 2, 7]
[4, 6, 2, 0]
0.42105263157894735 0.4444444444444444
itercount --------> 11
[4, 7, 6]
[4, 7, 3]
[4, 7, 0]
[4, 7, 5]
[4, 7, 1]
[4, 7, 2]
[4, 7, 6, 3]
0.4444444444444444 0.5263157894736842
itercount --------> 12
[4, 6, 3]
[4, 6, 0]
[4, 6, 5]
[4, 6, 7]
[4, 6, 1]
0.5263157894736842 0.55
itercount --------> 13
[6, 0, 1]
[6, 0, 2]
[6, 0, 4]
0.55 0.6666666666666666
itercount --------> 14
[0, 1, 2]
[0, 1, 3]
[0, 1, 4]
[0, 1, 5]
0.6666666666666666 0.7
itercount --------> 15
[0, 1, 2]
[0, 1, 3]
[0, 1, 4]
[0, 1, 5]
[0, 1, 6]
0.7 0.7368421052631579
itercount --------> 16
[3, 4, 5]
[3, 4, 0]
[3, 4, 1]
[3, 4, 2]
[3, 4, 6]
[3, 4, 7]
[3, 4, 5, 0]
[3, 4, 5, 1]
[3, 4, 5, 2]
[3, 4, 5, 6]
[3, 4, 5, 7]
[3, 4, 5, 0, 1]
[3, 4, 5, 0, 2]
[3, 4, 5, 0, 6]
[3, 4, 5, 0, 7]
[3, 4, 5, 0, 1, 2]
[3, 4, 5, 0, 1, 6]
[3, 4, 5, 0, 1, 7]
[3, 4, 5, 0, 1, 2, 6]
[3, 4, 5, 0, 1, 2, 7]
[3, 4, 5, 0, 1, 2, 6, 7]
failed -> 9 times
after fail n ======> 8
[1, 2, 4, 3, 6, 7, 0, 5]
0.10344827586206896 0.15555555555555556
itercount --------> 1
[1, 2, 3]
0.15555555555555556 0.16129032258064516
itercount --------> 2
[1, 2, 3]
0.16129032258064516 0.2413793103448276
itercount --------> 3
[1, 3, 4]
0.2413793103448276 0.36363636363636365
itercount --------> 4
[3, 4, 6]
[3, 4, 7]
[3, 4, 1]
[3, 4, 2]
[3, 4, 0]
[3, 4, 5]
[3, 4, 6, 7]
[3, 4, 6, 1]
0.36363636363636365 0.3684210526315789
itercount --------> 5
[3, 4, 6]
[3, 4, 1]
[3, 4, 2]
[3, 4, 7]
0.3684210526315789 0.42857142857142855
itercount --------> 6
[6, 3, 4]
[6, 3, 7]
[6, 3, 1]
[6, 3, 2]
[6, 3, 0]
[6, 3, 5]
[6, 3, 4, 7]
[6, 3, 4, 1]
[6, 3, 4, 2]
[6, 3, 4, 0]
0.42857142857142855 0.45
itercount --------> 7
[6, 0, 4]
[6, 0, 3]
[6, 0, 1]
0.45 0.5
itercount --------> 8
[6, 0, 3]
[6, 0, 4]
[6, 0, 1]
[6, 0, 2]
0.5 0.5555555555555556
itercount --------> 9
[6, 3, 4]
[6, 3, 0]
[6, 3, 1]
[6, 3, 2]
[6, 3, 5]
[6, 3, 7]
[6, 3, 4, 0]
[6, 3, 4, 1]
[6, 3, 4, 2]
[6, 3, 4, 5]
[6, 3, 4, 7]
[6, 3, 4, 0, 1]
[6, 3, 4, 0, 2]
[6, 3, 4, 0, 5]
[6, 3, 4, 0, 7]
[6, 3, 4, 0, 1, 2]
[6, 3, 4, 0, 1, 5]
[6, 3, 4, 0, 1, 7]
[6, 3, 4, 0, 1, 2, 5]
[6, 3, 4, 0, 1, 2, 7]
[6, 3, 4, 0, 1, 2, 5, 7]
failed -> 10 times
after fail n ======> 5
[1, 2, 4, 3, 6]
0.10344827586206896 0.12
itercount --------> 1
[4, 2, 3]
0.12 0.15384615384615385
itercount --------> 2
[4, 2, 3]
[4, 2, 7]
[4, 2, 1]
0.15384615384615385 0.18181818181818182
itercount --------> 3
[4, 3, 2]
[4, 3, 7]
[4, 3, 6]
[4, 3, 5]
[4, 3, 0]
[4, 3, 1]
[4, 3, 2, 7]
0.18181818181818182 0.19047619047619047
itercount --------> 4
[4, 3, 7]
[4, 3, 2]
0.19047619047619047 0.24
itercount --------> 5
[7, 1, 2]
0.24 0.30434782608695654
itercount --------> 6
[7, 3, 4]
[7, 3, 2]
[7, 3, 5]
[7, 3, 6]
[7, 3, 0]
[7, 3, 1]
[7, 3, 4, 2]
[7, 3, 4, 5]
[7, 3, 4, 6]
[7, 3, 4, 0]
[7, 3, 4, 1]
[7, 3, 4, 2, 5]
0.30434782608695654 0.3333333333333333
itercount --------> 7
[3, 4, 7]
[3, 4, 2]
[3, 4, 6]
[3, 4, 1]
[3, 4, 5]
[3, 4, 0]
[3, 4, 7, 2]
[3, 4, 7, 6]
[3, 4, 7, 1]
[3, 4, 7, 5]
[3, 4, 7, 0]
0.3333333333333333 0.34782608695652173
itercount --------> 8
[2, 0, 7]
0.34782608695652173 0.6818181818181818
itercount --------> 9
[2, 1, 3]
0.6818181818181818 0.7142857142857143
itercount --------> 10
[1, 2, 3]
[1, 2, 4]
[1, 2, 5]
[1, 2, 6]
[1, 2, 7]
[1, 2, 0]
0.7142857142857143 0.7368421052631579
itercount --------> 11
[3, 4, 5]
[3, 4, 0]
[3, 4, 1]
[3, 4, 2]
[3, 4, 6]
[3, 4, 7]
[3, 4, 5, 0]
[3, 4, 5, 1]
[3, 4, 5, 2]
[3, 4, 5, 6]
[3, 4, 5, 7]
[3, 4, 5, 0, 1]
0.7368421052631579 0.75
itercount --------> 12
[3, 4, 5]
[3, 4, 1]
[3, 4, 2]
[3, 4, 6]
[3, 4, 7]
[3, 4, 0]
[3, 4, 5, 1]
[3, 4, 5, 2]
[3, 4, 5, 6]
[3, 4, 5, 7]
[3, 4, 5, 0]
[3, 4, 5, 1, 2]
[3, 4, 5, 1, 6]
[3, 4, 5, 1, 7]
[3, 4, 5, 1, 0]
[3, 4, 5, 1, 2, 6]
[3, 4, 5, 1, 2, 7]
[3, 4, 5, 1, 2, 0]
[3, 4, 5, 1, 2, 6, 7]
[3, 4, 5, 1, 2, 6, 0]
0.75 0.7894736842105263
itercount --------> 13
[3, 5, 4]
[3, 5, 1]
[3, 5, 2]
[3, 5, 6]
[3, 5, 7]
[3, 5, 0]
[3, 5, 4, 1]
[3, 5, 4, 2]
[3, 5, 4, 6]
[3, 5, 4, 7]
[3, 5, 4, 0]
[3, 5, 4, 1, 2]
[3, 5, 4, 1, 6]
[3, 5, 4, 1, 7]
[3, 5, 4, 1, 0]
[3, 5, 4, 1, 2, 6]
0.7894736842105263 0.8421052631578947
itercount --------> 14
[3, 1, 2]
[3, 1, 4]
[3, 1, 5]
[3, 1, 6]
[3, 1, 7]
[3, 1, 0]
[3, 1, 2, 4]
[3, 1, 2, 5]
[3, 1, 2, 6]
[3, 1, 2, 7]
[3, 1, 2, 0]
[3, 1, 2, 4, 5]
[3, 1, 2, 4, 6]
[3, 1, 2, 4, 7]
[3, 1, 2, 4, 0]
[3, 1, 2, 4, 5, 6]
[3, 1, 2, 4, 5, 7]
[3, 1, 2, 4, 5, 0]
[3, 1, 2, 4, 5, 6, 7]
[3, 1, 2, 4, 5, 6, 0]
[3, 1, 2, 4, 5, 6, 7, 0]
failed -> 11 times
after fail n ======> 6
[1, 2, 4, 3, 6, 7]
0.10344827586206896 0.13513513513513514
itercount --------> 1
[1, 2, 6]
0.13513513513513514 0.32142857142857145
itercount --------> 2
[6, 1, 2]
0.32142857142857145 0.36363636363636365
itercount --------> 3
[6, 1, 2]
[6, 1, 3]
0.36363636363636365 0.3870967741935484
itercount --------> 4
[1, 2, 6]
[1, 2, 5]
[1, 2, 3]
[1, 2, 4]
0.3870967741935484 0.47058823529411764
itercount --------> 5
[2, 1, 3]
[2, 1, 5]
0.47058823529411764 0.4838709677419355
itercount --------> 6
[2, 1, 3]
[2, 1, 4]
0.4838709677419355 0.5357142857142857
itercount --------> 7
[1, 2, 3]
[1, 2, 5]
[1, 2, 4]
[1, 2, 6]
[1, 2, 7]
[1, 2, 0]
0.5357142857142857 0.6086956521739131
itercount --------> 8
[1, 0, 3]
0.6086956521739131 0.7368421052631579
itercount --------> 9
[3, 4, 5]
[3, 4, 0]
[3, 4, 1]
[3, 4, 2]
[3, 4, 6]
[3, 4, 7]
[3, 4, 5, 0]
[3, 4, 5, 1]
[3, 4, 5, 2]
[3, 4, 5, 6]
[3, 4, 5, 7]
[3, 4, 5, 0, 1]
[3, 4, 5, 0, 2]
[3, 4, 5, 0, 6]
[3, 4, 5, 0, 7]
[3, 4, 5, 0, 1, 2]
[3, 4, 5, 0, 1, 6]
[3, 4, 5, 0, 1, 7]
[3, 4, 5, 0, 1, 2, 6]
[3, 4, 5, 0, 1, 2, 7]
0.7368421052631579 0.75
itercount --------> 10
[0, 3, 4]
[0, 3, 5]
[0, 3, 6]
[0, 3, 1]
[0, 3, 2]
[0, 3, 7]
[0, 3, 4, 5]
[0, 3, 4, 6]
[0, 3, 4, 1]
[0, 3, 4, 2]
[0, 3, 4, 7]
[0, 3, 4, 5, 6]
[0, 3, 4, 5, 1]
[0, 3, 4, 5, 2]
[0, 3, 4, 5, 7]
[0, 3, 4, 5, 6, 1]
[0, 3, 4, 5, 6, 2]
[0, 3, 4, 5, 6, 7]
[0, 3, 4, 5, 6, 1, 2]
[0, 3, 4, 5, 6, 1, 7]
[0, 3, 4, 5, 6, 1, 2, 7]
failed -> 12 times
after fail n ======> 7
[1, 2, 4, 3, 6, 7, 0]
0.10344827586206896 0.12
itercount --------> 1
[4, 2, 6]
0.12 0.2222222222222222
itercount --------> 2
[2, 3, 4]
[2, 3, 1]
[2, 3, 7]
[2, 3, 6]
[2, 3, 5]
0.2222222222222222 0.24
itercount --------> 3
[3, 2, 4]
[3, 2, 7]
0.24 0.30434782608695654
itercount --------> 4
[4, 3, 7]
[4, 3, 1]
[4, 3, 2]
[4, 3, 6]
[4, 3, 5]
[4, 3, 0]
[4, 3, 7, 1]
[4, 3, 7, 2]
[4, 3, 7, 6]
[4, 3, 7, 5]
0.30434782608695654 0.3448275862068966
itercount --------> 5
[1, 4, 6]
[1, 4, 3]
[1, 4, 5]
0.3448275862068966 0.5
itercount --------> 6
[4, 6, 3]
[4, 6, 7]
[4, 6, 1]
[4, 6, 2]
[4, 6, 5]
[4, 6, 0]
[4, 6, 3, 7]
[4, 6, 3, 1]
[4, 6, 3, 2]
[4, 6, 3, 5]
[4, 6, 3, 0]
[4, 6, 3, 7, 1]
[4, 6, 3, 7, 2]
[4, 6, 3, 7, 5]
[4, 6, 3, 7, 0]
[4, 6, 3, 7, 1, 2]
[4, 6, 3, 7, 1, 5]
[4, 6, 3, 7, 1, 0]
[4, 6, 3, 7, 1, 2, 5]
[4, 6, 3, 7, 1, 2, 0]
[4, 6, 3, 7, 1, 2, 5, 0]
failed -> 13 times
after fail n ======> 8
[1, 2, 4, 3, 6, 7, 0, 5]
0.10344827586206896 0.21428571428571427
itercount --------> 1
[2, 3, 4]
0.21428571428571427 0.30434782608695654
itercount --------> 2
[4, 3, 2]
[4, 3, 7]
[4, 3, 6]
[4, 3, 1]
[4, 3, 5]
[4, 3, 0]
[4, 3, 2, 7]
[4, 3, 2, 6]
0.30434782608695654 0.3333333333333333
itercount --------> 3
[3, 2, 7]
0.3333333333333333 0.36363636363636365
itercount --------> 4
[7, 2, 3]
[7, 2, 4]
[7, 2, 1]
[7, 2, 0]
0.36363636363636365 0.3793103448275862
itercount --------> 5
[2, 7, 1]
0.3793103448275862 0.4444444444444444
itercount --------> 6
[7, 3, 4]
[7, 3, 6]
[7, 3, 0]
[7, 3, 1]
0.4444444444444444 0.47619047619047616
itercount --------> 7
[2, 3, 7]
[2, 3, 4]
[2, 3, 6]
[2, 3, 0]
0.47619047619047616 0.5263157894736842
itercount --------> 8
[3, 7, 4]
[3, 7, 6]
[3, 7, 0]
[3, 7, 1]
[3, 7, 2]
[3, 7, 5]
[3, 7, 4, 6]
[3, 7, 4, 0]
[3, 7, 4, 1]
[3, 7, 4, 2]
[3, 7, 4, 5]
[3, 7, 4, 6, 0]
[3, 7, 4, 6, 1]
[3, 7, 4, 6, 2]
[3, 7, 4, 6, 5]
[3, 7, 4, 6, 0, 1]
[3, 7, 4, 6, 0, 2]
[3, 7, 4, 6, 0, 5]
[3, 7, 4, 6, 0, 1, 2]
0.5263157894736842 0.55
itercount --------> 9
[7, 3, 4]
[7, 3, 5]
0.55 0.7142857142857143
itercount --------> 10
[0, 1, 2]
[0, 1, 5]
[0, 1, 3]
[0, 1, 4]
[0, 1, 6]
[0, 1, 7]
[0, 1, 2, 5]
[0, 1, 2, 3]
[0, 1, 2, 4]
[0, 1, 2, 6]
[0, 1, 2, 7]
[0, 1, 2, 5, 3]
[0, 1, 2, 5, 4]
[0, 1, 2, 5, 6]
[0, 1, 2, 5, 7]
[0, 1, 2, 5, 3, 4]
[0, 1, 2, 5, 3, 6]
[0, 1, 2, 5, 3, 7]
[0, 1, 2, 5, 3, 4, 6]
[0, 1, 2, 5, 3, 4, 7]
[0, 1, 2, 5, 3, 4, 6, 7]
failed -> 14 times
after fail n ======> 5
[1, 2, 4, 3, 6]
0.10344827586206896 0.1111111111111111
itercount --------> 1
[1, 2, 0]
[1, 2, 4]
0.1111111111111111 0.25
itercount --------> 2
[1, 2, 6]
0.25 0.28
itercount --------> 3
[2, 3, 5]
0.28 0.2962962962962963
itercount --------> 4
[5, 3, 2]
0.2962962962962963 0.38095238095238093
itercount --------> 5
[3, 4, 2]
[3, 4, 7]
0.38095238095238093 0.5769230769230769
itercount --------> 6
[2, 1, 5]
[2, 1, 3]
[2, 1, 4]
[2, 1, 6]
[2, 1, 7]
[2, 1, 0]
0.5769230769230769 0.6363636363636364
itercount --------> 7
[2, 0, 3]
[2, 0, 4]
0.6363636363636364 0.7368421052631579
itercount --------> 8
[3, 4, 5]
[3, 4, 0]
[3, 4, 1]
[3, 4, 2]
[3, 4, 6]
[3, 4, 7]
[3, 4, 5, 0]
[3, 4, 5, 1]
[3, 4, 5, 2]
[3, 4, 5, 6]
[3, 4, 5, 7]
[3, 4, 5, 0, 1]
[3, 4, 5, 0, 2]
[3, 4, 5, 0, 6]
[3, 4, 5, 0, 7]
[3, 4, 5, 0, 1, 2]
[3, 4, 5, 0, 1, 6]
[3, 4, 5, 0, 1, 7]
[3, 4, 5, 0, 1, 2, 6]
[3, 4, 5, 0, 1, 2, 7]
[3, 4, 5, 0, 1, 2, 6, 7]
failed -> 15 times
after fail n ======> 6
[1, 2, 4, 3, 6, 7]
0.10344827586206896 0.12
itercount --------> 1
[4, 2, 6]
0.12 0.2
itercount --------> 2
[6, 2, 3]
0.2 0.24
itercount --------> 3
[2, 3, 6]
0.24 0.25
itercount --------> 4
[2, 6, 3]
0.25 0.32
itercount --------> 5
[3, 2, 4]
[3, 2, 6]
[3, 2, 7]
[3, 2, 1]
0.32 0.391304347826087
itercount --------> 6
[3, 2, 4]
0.391304347826087 0.42857142857142855
itercount --------> 7
[3, 4, 2]
[3, 4, 6]
[3, 4, 7]
[3, 4, 1]
[3, 4, 5]
[3, 4, 0]
[3, 4, 2, 6]
[3, 4, 2, 7]
[3, 4, 2, 1]
[3, 4, 2, 5]
[3, 4, 2, 0]
[3, 4, 2, 6, 7]
[3, 4, 2, 6, 1]
0.42857142857142855 0.44
itercount --------> 8
[2, 3, 7]
[2, 3, 1]
[2, 3, 4]
[2, 3, 6]
[2, 3, 5]
0.44 0.45454545454545453
itercount --------> 9
[3, 7, 1]
[3, 7, 2]
[3, 7, 4]
[3, 7, 6]
[3, 7, 5]
[3, 7, 0]
[3, 7, 1, 2]
[3, 7, 1, 4]
[3, 7, 1, 6]
[3, 7, 1, 5]
0.45454545454545453 0.5
itercount --------> 10
[3, 7, 4]
[3, 7, 6]
[3, 7, 1]
[3, 7, 2]
0.5 0.5238095238095238
itercount --------> 11
[2, 7, 4]
[2, 7, 3]
[2, 7, 1]
[2, 7, 5]
[2, 7, 6]
[2, 7, 0]
0.5238095238095238 0.5263157894736842
itercount --------> 12
[7, 4, 3]
[7, 4, 1]
[7, 4, 2]
[7, 4, 0]
[7, 4, 5]
[7, 4, 6]
[7, 4, 3, 1]
0.5263157894736842 0.7
itercount --------> 13
[1, 2, 0]
[1, 2, 3]
[1, 2, 4]
[1, 2, 5]
[1, 2, 6]
[1, 2, 7]
0.7 0.7368421052631579
itercount --------> 14
[3, 4, 5]
[3, 4, 0]
[3, 4, 1]
[3, 4, 2]
[3, 4, 6]
[3, 4, 7]
[3, 4, 5, 0]
[3, 4, 5, 1]
[3, 4, 5, 2]
[3, 4, 5, 6]
[3, 4, 5, 7]
[3, 4, 5, 0, 1]
0.7368421052631579 0.7894736842105263
itercount --------> 15
[3, 5, 4]
[3, 5, 1]
[3, 5, 2]
[3, 5, 6]
[3, 5, 7]
[3, 5, 0]
[3, 5, 4, 1]
[3, 5, 4, 2]
[3, 5, 4, 6]
[3, 5, 4, 7]
[3, 5, 4, 0]
[3, 5, 4, 1, 2]
[3, 5, 4, 1, 6]
[3, 5, 4, 1, 7]
[3, 5, 4, 1, 0]
[3, 5, 4, 1, 2, 6]
[3, 5, 4, 1, 2, 7]
[3, 5, 4, 1, 2, 0]
[3, 5, 4, 1, 2, 6, 7]
[3, 5, 4, 1, 2, 6, 0]
[3, 5, 4, 1, 2, 6, 7, 0]
failed -> 16 times
after fail n ======> 7
[1, 2, 4, 3, 6, 7, 0]
0.10344827586206896 0.13333333333333333
itercount --------> 1
[2, 6, 1]
0.13333333333333333 0.2608695652173913
itercount --------> 2
[2, 6, 3]
0.2608695652173913 0.28
itercount --------> 3
[2, 3, 5]
0.28 0.36363636363636365
itercount --------> 4
[3, 2, 4]
0.36363636363636365 0.4090909090909091
itercount --------> 5
[3, 4, 2]
[3, 4, 7]
[3, 4, 5]
[3, 4, 6]
[3, 4, 1]
[3, 4, 0]
[3, 4, 2, 7]
[3, 4, 2, 5]
[3, 4, 2, 6]
[3, 4, 2, 1]
[3, 4, 2, 0]
[3, 4, 2, 7, 5]
0.4090909090909091 0.5769230769230769
itercount --------> 6
[2, 1, 5]
0.5769230769230769 0.6521739130434783
itercount --------> 7
[2, 1, 5]
[2, 1, 3]
[2, 1, 4]
[2, 1, 6]
[2, 1, 7]
[2, 1, 0]
0.6521739130434783 0.6666666666666666
itercount --------> 8
[2, 4, 5]
0.6666666666666666 0.7368421052631579
itercount --------> 9
[3, 4, 5]
[3, 4, 0]
[3, 4, 1]
[3, 4, 2]
[3, 4, 6]
[3, 4, 7]
[3, 4, 5, 0]
0.7368421052631579 0.7894736842105263
itercount --------> 10
[3, 5, 4]
[3, 5, 1]
[3, 5, 2]
[3, 5, 6]
[3, 5, 7]
[3, 5, 0]
[3, 5, 4, 1]
[3, 5, 4, 2]
[3, 5, 4, 6]
[3, 5, 4, 7]
[3, 5, 4, 0]
[3, 5, 4, 1, 2]
[3, 5, 4, 1, 6]
[3, 5, 4, 1, 7]
[3, 5, 4, 1, 0]
[3, 5, 4, 1, 2, 6]
[3, 5, 4, 1, 2, 7]
[3, 5, 4, 1, 2, 0]
[3, 5, 4, 1, 2, 6, 7]
[3, 5, 4, 1, 2, 6, 0]
[3, 5, 4, 1, 2, 6, 7, 0]
failed -> 17 times
after fail n ======> 8
[1, 2, 4, 3, 6, 7, 0, 5]
0.10344827586206896 0.13043478260869565
itercount --------> 1
[1, 2, 0]
[1, 2, 6]
0.13043478260869565 0.25
itercount --------> 2
[1, 2, 0]
[1, 2, 6]
[1, 2, 3]
0.25 0.2631578947368421
itercount --------> 3
[6, 3, 4]
0.2631578947368421 0.3333333333333333
itercount --------> 4
[3, 4, 6]
[3, 4, 7]
[3, 4, 1]
[3, 4, 2]
[3, 4, 0]
0.3333333333333333 0.3684210526315789
itercount --------> 5
[3, 4, 6]
[3, 4, 1]
[3, 4, 2]
[3, 4, 7]
0.3684210526315789 0.42857142857142855
itercount --------> 6
[6, 3, 4]
[6, 3, 7]
[6, 3, 1]
[6, 3, 2]
[6, 3, 0]
[6, 3, 5]
[6, 3, 4, 7]
[6, 3, 4, 1]
[6, 3, 4, 2]
[6, 3, 4, 0]
0.42857142857142855 0.45
itercount --------> 7
[6, 0, 4]
[6, 0, 3]
[6, 0, 1]
[6, 0, 2]
[6, 0, 5]
0.45 0.45454545454545453
itercount --------> 8
[6, 3, 0]
[6, 3, 1]
[6, 3, 2]
[6, 3, 4]
[6, 3, 5]
[6, 3, 7]
[6, 3, 0, 1]
0.45454545454545453 0.5263157894736842
itercount --------> 9
[6, 3, 1]
[6, 3, 2]
[6, 3, 0]
[6, 3, 4]
[6, 3, 5]
[6, 3, 7]
[6, 3, 1, 2]
[6, 3, 1, 0]
[6, 3, 1, 4]
[6, 3, 1, 5]
[6, 3, 1, 7]
[6, 3, 1, 2, 0]
[6, 3, 1, 2, 4]
[6, 3, 1, 2, 5]
[6, 3, 1, 2, 7]
[6, 3, 1, 2, 0, 4]
[6, 3, 1, 2, 0, 5]
[6, 3, 1, 2, 0, 7]
[6, 3, 1, 2, 0, 4, 5]
0.5263157894736842 0.5555555555555556
itercount --------> 10
[6, 3, 4]
[6, 3, 0]
[6, 3, 1]
[6, 3, 2]
[6, 3, 5]
[6, 3, 7]
[6, 3, 4, 0]
[6, 3, 4, 1]
[6, 3, 4, 2]
[6, 3, 4, 5]
[6, 3, 4, 7]
[6, 3, 4, 0, 1]
[6, 3, 4, 0, 2]
[6, 3, 4, 0, 5]
[6, 3, 4, 0, 7]
[6, 3, 4, 0, 1, 2]
[6, 3, 4, 0, 1, 5]
[6, 3, 4, 0, 1, 7]
[6, 3, 4, 0, 1, 2, 5]
[6, 3, 4, 0, 1, 2, 7]
[6, 3, 4, 0, 1, 2, 5, 7]
failed -> 18 times
after fail n ======> 5
[1, 2, 4, 3, 6]
0.10344827586206896 0.13333333333333333
itercount --------> 1
[4, 3, 1]
[4, 3, 2]
[4, 3, 7]
0.13333333333333333 0.13513513513513514
itercount --------> 2
[2, 1, 3]
0.13513513513513514 0.17391304347826086
itercount --------> 3
[2, 3, 4]
0.17391304347826086 0.2692307692307692
itercount --------> 4
[2, 3, 7]
[2, 3, 4]
0.2692307692307692 0.2962962962962963
itercount --------> 5
[2, 5, 3]
0.2962962962962963 0.3333333333333333
itercount --------> 6
[2, 3, 4]
0.3333333333333333 0.48148148148148145
itercount --------> 7
[2, 1, 3]
[2, 1, 6]
[2, 1, 7]
[2, 1, 4]
[2, 1, 5]
0.48148148148148145 0.5416666666666666
itercount --------> 8
[2, 3, 6]
[2, 3, 7]
[2, 3, 1]
0.5416666666666666 0.6521739130434783
itercount --------> 9
[2, 1, 3]
[2, 1, 5]
[2, 1, 4]
[2, 1, 6]
[2, 1, 7]
[2, 1, 0]
0.6521739130434783 0.7368421052631579
itercount --------> 10
[3, 4, 5]
[3, 4, 0]
[3, 4, 1]
[3, 4, 2]
[3, 4, 6]
[3, 4, 7]
[3, 4, 5, 0]
[3, 4, 5, 1]
[3, 4, 5, 2]
[3, 4, 5, 6]
[3, 4, 5, 7]
[3, 4, 5, 0, 1]
[3, 4, 5, 0, 2]
[3, 4, 5, 0, 6]
[3, 4, 5, 0, 7]
[3, 4, 5, 0, 1, 2]
[3, 4, 5, 0, 1, 6]
[3, 4, 5, 0, 1, 7]
[3, 4, 5, 0, 1, 2, 6]
[3, 4, 5, 0, 1, 2, 7]
[3, 4, 5, 0, 1, 2, 6, 7]
failed -> 19 times
after fail n ======> 6
[1, 2, 4, 3, 6, 7]
0.10344827586206896 0.14285714285714285
itercount --------> 1
[1, 2, 0]
[1, 2, 3]
0.14285714285714285 0.15789473684210525
itercount --------> 2
[4, 3, 6]
0.15789473684210525 0.36363636363636365
itercount --------> 3
[3, 4, 6]
[3, 4, 7]
[3, 4, 1]
[3, 4, 2]
[3, 4, 0]
[3, 4, 5]
[3, 4, 6, 7]
[3, 4, 6, 1]
0.36363636363636365 0.3684210526315789
itercount --------> 4
[3, 4, 6]
[3, 4, 1]
[3, 4, 2]
[3, 4, 7]
0.3684210526315789 0.42857142857142855
itercount --------> 5
[6, 3, 4]
[6, 3, 7]
[6, 3, 1]
[6, 3, 2]
[6, 3, 0]
[6, 3, 5]
[6, 3, 4, 7]
[6, 3, 4, 1]
[6, 3, 4, 2]
[6, 3, 4, 0]
0.42857142857142855 0.45
itercount --------> 6
[6, 0, 3]
[6, 0, 4]
[6, 0, 1]
0.45 0.5
itercount --------> 7
[3, 6, 4]
[3, 6, 7]
[3, 6, 0]
0.5 0.5217391304347826
itercount --------> 8
[6, 1, 2]
[6, 1, 3]
0.5217391304347826 0.6153846153846154
itercount --------> 9
[0, 1, 2]
[0, 1, 5]
0.6153846153846154 0.7
itercount --------> 10
[0, 5, 1]
[0, 5, 2]
0.7 0.7142857142857143
itercount --------> 11
[0, 1, 2]
[0, 1, 5]
[0, 1, 3]
[0, 1, 4]
[0, 1, 6]
[0, 1, 7]
[0, 1, 2, 5]
[0, 1, 2, 3]
[0, 1, 2, 4]
[0, 1, 2, 6]
[0, 1, 2, 7]
[0, 1, 2, 5, 3]
[0, 1, 2, 5, 4]
[0, 1, 2, 5, 6]
[0, 1, 2, 5, 7]
[0, 1, 2, 5, 3, 4]
[0, 1, 2, 5, 3, 6]
[0, 1, 2, 5, 3, 7]
[0, 1, 2, 5, 3, 4, 6]
[0, 1, 2, 5, 3, 4, 7]
[0, 1, 2, 5, 3, 4, 6, 7]
failed -> 20 times
after fail n ======> 7
[1, 2, 4, 3, 6, 7, 0]
0.10344827586206896 0.1724137931034483
itercount --------> 1
[2, 1, 6]
0.1724137931034483 0.25
itercount --------> 2
[1, 2, 6]
0.25 0.25925925925925924
itercount --------> 3
[4, 1, 3]
0.25925925925925924 0.32
itercount --------> 4
[4, 3, 7]
[4, 3, 1]
[4, 3, 5]
[4, 3, 2]
[4, 3, 6]
[4, 3, 0]
[4, 3, 7, 1]
[4, 3, 7, 5]
[4, 3, 7, 2]
[4, 3, 7, 6]
[4, 3, 7, 0]
[4, 3, 7, 1, 5]
0.32 0.3333333333333333
itercount --------> 5
[3, 4, 7]
[3, 4, 1]
[3, 4, 2]
[3, 4, 6]
[3, 4, 5]
[3, 4, 0]
0.3333333333333333 0.38095238095238093
itercount --------> 6
[0, 7, 4]
0.38095238095238093 0.44
itercount --------> 7
[0, 1, 7]
0.44 0.6818181818181818
itercount --------> 8
[1, 2, 5]
[1, 2, 7]
[1, 2, 3]
[1, 2, 4]
[1, 2, 0]
[1, 2, 6]
[1, 2, 5, 7]
[1, 2, 5, 3]
[1, 2, 5, 4]
[1, 2, 5, 0]
0.6818181818181818 0.7368421052631579
itercount --------> 9
[3, 4, 5]
[3, 4, 0]
[3, 4, 1]
[3, 4, 2]
[3, 4, 6]
[3, 4, 7]
[3, 4, 5, 0]
[3, 4, 5, 1]
[3, 4, 5, 2]
[3, 4, 5, 6]
[3, 4, 5, 7]
[3, 4, 5, 0, 1]
[3, 4, 5, 0, 2]
[3, 4, 5, 0, 6]
[3, 4, 5, 0, 7]
0.7368421052631579 0.75
itercount --------> 10
[0, 3, 4]
[0, 3, 5]
[0, 3, 6]
[0, 3, 1]
0.75 0.7619047619047619
itercount --------> 11
[3, 4, 5]
[3, 4, 6]
[3, 4, 1]
[3, 4, 2]
[3, 4, 7]
[3, 4, 0]
[3, 4, 5, 6]
[3, 4, 5, 1]
[3, 4, 5, 2]
[3, 4, 5, 7]
[3, 4, 5, 0]
[3, 4, 5, 6, 1]
[3, 4, 5, 6, 2]
[3, 4, 5, 6, 7]
[3, 4, 5, 6, 0]
[3, 4, 5, 6, 1, 2]
[3, 4, 5, 6, 1, 7]
[3, 4, 5, 6, 1, 0]
[3, 4, 5, 6, 1, 2, 7]
[3, 4, 5, 6, 1, 2, 0]
[3, 4, 5, 6, 1, 2, 7, 0]
failed -> 21 times
after fail n ======> 8
[1, 2, 4, 3, 6, 7, 0, 5]
0.10344827586206896 0.2608695652173913
itercount --------> 1
[2, 6, 3]
[2, 6, 0]
0.2608695652173913 0.28
itercount --------> 2
[2, 3, 5]
0.28 0.2962962962962963
itercount --------> 3
[5, 3, 2]
0.2962962962962963 0.38095238095238093
itercount --------> 4
[3, 4, 2]
[3, 4, 7]
0.38095238095238093 0.5769230769230769
itercount --------> 5
[2, 1, 5]
0.5769230769230769 0.6521739130434783
itercount --------> 6
[2, 1, 5]
[2, 1, 3]
[2, 1, 4]
[2, 1, 6]
0.6521739130434783 0.6818181818181818
itercount --------> 7
[1, 2, 3]
[1, 2, 5]
[1, 2, 4]
[1, 2, 6]
[1, 2, 7]
[1, 2, 0]
[1, 2, 3, 5]
[1, 2, 3, 4]
[1, 2, 3, 6]
[1, 2, 3, 7]
[1, 2, 3, 0]
0.6818181818181818 0.7368421052631579
itercount --------> 8
[3, 4, 5]
[3, 4, 0]
[3, 4, 1]
[3, 4, 2]
[3, 4, 6]
[3, 4, 7]
[3, 4, 5, 0]
0.7368421052631579 0.7894736842105263
itercount --------> 9
[3, 5, 4]
[3, 5, 1]
[3, 5, 2]
[3, 5, 6]
[3, 5, 7]
[3, 5, 0]
[3, 5, 4, 1]
[3, 5, 4, 2]
[3, 5, 4, 6]
[3, 5, 4, 7]
[3, 5, 4, 0]
[3, 5, 4, 1, 2]
[3, 5, 4, 1, 6]
[3, 5, 4, 1, 7]
[3, 5, 4, 1, 0]
[3, 5, 4, 1, 2, 6]
[3, 5, 4, 1, 2, 7]
[3, 5, 4, 1, 2, 0]
[3, 5, 4, 1, 2, 6, 7]
[3, 5, 4, 1, 2, 6, 0]
[3, 5, 4, 1, 2, 6, 7, 0]
failed -> 22 times
after fail n ======> 5
[1, 2, 4, 3, 6]
0.10344827586206896 0.15555555555555556
itercount --------> 1
[1, 2, 3]
0.15555555555555556 0.2222222222222222
itercount --------> 2
[2, 3, 4]
[2, 3, 1]
0.2222222222222222 0.22727272727272727
itercount --------> 3
[3, 4, 6]
0.22727272727272727 0.2857142857142857
itercount --------> 4
[3, 4, 6]
[3, 4, 1]
0.2857142857142857 0.34782608695652173
itercount --------> 5
[1, 3, 4]
[1, 3, 6]
0.34782608695652173 0.4230769230769231
itercount --------> 6
[1, 3, 7]
0.4230769230769231 0.42857142857142855
itercount --------> 7
[7, 1, 3]
[7, 1, 4]
[7, 1, 2]
0.42857142857142855 0.4444444444444444
itercount --------> 8
[7, 3, 4]
[7, 3, 6]
[7, 3, 0]
[7, 3, 1]
[7, 3, 2]
[7, 3, 5]
[7, 3, 4, 6]
[7, 3, 4, 0]
[7, 3, 4, 1]
[7, 3, 4, 2]
[7, 3, 4, 5]
[7, 3, 4, 6, 0]
[7, 3, 4, 6, 1]
[7, 3, 4, 6, 2]
[7, 3, 4, 6, 5]
[7, 3, 4, 6, 0, 1]
[7, 3, 4, 6, 0, 2]
[7, 3, 4, 6, 0, 5]
[7, 3, 4, 6, 0, 1, 2]
[7, 3, 4, 6, 0, 1, 5]
0.4444444444444444 0.45454545454545453
itercount --------> 9
[3, 7, 4]
[3, 7, 1]
[3, 7, 6]
[3, 7, 0]
[3, 7, 2]
[3, 7, 5]
[3, 7, 4, 1]
0.45454545454545453 0.47368421052631576
itercount --------> 10
[3, 4, 6]
[3, 4, 7]
[3, 4, 0]
0.47368421052631576 0.5
itercount --------> 11
[3, 4, 7]
0.5 0.55
itercount --------> 12
[4, 7, 3]
[4, 7, 6]
[4, 7, 1]
[4, 7, 0]
[4, 7, 2]
[4, 7, 5]
[4, 7, 3, 6]
[4, 7, 3, 1]
[4, 7, 3, 0]
[4, 7, 3, 2]
[4, 7, 3, 5]
[4, 7, 3, 6, 1]
[4, 7, 3, 6, 0]
[4, 7, 3, 6, 2]
[4, 7, 3, 6, 5]
[4, 7, 3, 6, 1, 0]
[4, 7, 3, 6, 1, 2]
0.55 0.5789473684210527
itercount --------> 13
[4, 7, 3]
[4, 7, 6]
[4, 7, 0]
[4, 7, 1]
[4, 7, 2]
[4, 7, 5]
[4, 7, 3, 6]
[4, 7, 3, 0]
[4, 7, 3, 1]
[4, 7, 3, 2]
[4, 7, 3, 5]
[4, 7, 3, 6, 0]
[4, 7, 3, 6, 1]
[4, 7, 3, 6, 2]
[4, 7, 3, 6, 5]
[4, 7, 3, 6, 0, 1]
[4, 7, 3, 6, 0, 2]
[4, 7, 3, 6, 0, 5]
[4, 7, 3, 6, 0, 1, 2]
[4, 7, 3, 6, 0, 1, 5]
[4, 7, 3, 6, 0, 1, 2, 5]
failed -> 23 times
after fail n ======> 6
[1, 2, 4, 3, 6, 7]
0.10344827586206896 0.16666666666666666
itercount --------> 1
[2, 6, 3]
0.16666666666666666 0.24
itercount --------> 2
[2, 3, 6]
[2, 3, 4]
[2, 3, 1]
0.24 0.3
itercount --------> 3
[2, 3, 6]
0.3 0.391304347826087
itercount --------> 4
[3, 2, 4]
0.391304347826087 0.42857142857142855
itercount --------> 5
[3, 4, 2]
[3, 4, 6]
[3, 4, 7]
[3, 4, 1]
[3, 4, 5]
[3, 4, 0]
[3, 4, 2, 6]
[3, 4, 2, 7]
[3, 4, 2, 1]
[3, 4, 2, 5]
[3, 4, 2, 0]
[3, 4, 2, 6, 7]
[3, 4, 2, 6, 1]
0.42857142857142855 0.44
itercount --------> 6
[2, 3, 7]
[2, 3, 1]
[2, 3, 4]
[2, 3, 6]
[2, 3, 5]
0.44 0.45454545454545453
itercount --------> 7
[3, 7, 1]
[3, 7, 2]
[3, 7, 4]
[3, 7, 6]
[3, 7, 5]
[3, 7, 0]
[3, 7, 1, 2]
[3, 7, 1, 4]
[3, 7, 1, 6]
[3, 7, 1, 5]
0.45454545454545453 0.4782608695652174
itercount --------> 8
[3, 7, 2]
[3, 7, 4]
[3, 7, 1]
[3, 7, 6]
[3, 7, 5]
[3, 7, 0]
[3, 7, 2, 4]
0.4782608695652174 0.5263157894736842
itercount --------> 9
[3, 4, 6]
[3, 4, 7]
[3, 4, 0]
[3, 4, 1]
[3, 4, 2]
[3, 4, 5]
[3, 4, 6, 7]
[3, 4, 6, 0]
[3, 4, 6, 1]
[3, 4, 6, 2]
0.5263157894736842 0.5789473684210527
itercount --------> 10
[4, 6, 3]
[4, 6, 7]
[4, 6, 0]
[4, 6, 1]
[4, 6, 2]
[4, 6, 5]
[4, 6, 3, 7]
[4, 6, 3, 0]
[4, 6, 3, 1]
[4, 6, 3, 2]
[4, 6, 3, 5]
[4, 6, 3, 7, 0]
[4, 6, 3, 7, 1]
[4, 6, 3, 7, 2]
[4, 6, 3, 7, 5]
[4, 6, 3, 7, 0, 1]
[4, 6, 3, 7, 0, 2]
[4, 6, 3, 7, 0, 5]
[4, 6, 3, 7, 0, 1, 2]
[4, 6, 3, 7, 0, 1, 5]
[4, 6, 3, 7, 0, 1, 2, 5]
failed -> 24 times
after fail n ======> 7
[1, 2, 4, 3, 6, 7, 0]
0.10344827586206896 0.1111111111111111
itercount --------> 1
[1, 2, 0]
0.1111111111111111 0.12
itercount --------> 2
[2, 4, 1]
[2, 4, 6]
0.12 0.18181818181818182
itercount --------> 3
[4, 2, 7]
0.18181818181818182 0.20833333333333334
itercount --------> 4
[4, 2, 7]
[4, 2, 3]
[4, 2, 1]
[4, 2, 5]
[4, 2, 0]
[4, 2, 6]
[4, 2, 7, 3]
0.20833333333333334 0.21428571428571427
itercount --------> 5
[4, 2, 3]
[4, 2, 6]
[4, 2, 7]
[4, 2, 1]
0.21428571428571427 0.23809523809523808
itercount --------> 6
[4, 2, 6]
[4, 2, 7]
[4, 2, 3]
[4, 2, 5]
0.23809523809523808 0.25
itercount --------> 7
[4, 2, 6]
0.25 0.2777777777777778
itercount --------> 8
[4, 6, 7]
0.2777777777777778 0.3157894736842105
itercount --------> 9
[4, 3, 6]
[4, 3, 7]
[4, 3, 5]
[4, 3, 0]
[4, 3, 1]
[4, 3, 2]
[4, 3, 6, 7]
[4, 3, 6, 5]
[4, 3, 6, 0]
[4, 3, 6, 1]
[4, 3, 6, 2]
[4, 3, 6, 7, 5]
[4, 3, 6, 7, 0]
[4, 3, 6, 7, 1]
[4, 3, 6, 7, 2]
[4, 3, 6, 7, 5, 0]
[4, 3, 6, 7, 5, 1]
[4, 3, 6, 7, 5, 2]
0.3157894736842105 0.3181818181818182
itercount --------> 10
[4, 2, 7]
0.3181818181818182 0.38461538461538464
itercount --------> 11
[2, 4, 3]
[2, 4, 5]
[2, 4, 6]
[2, 4, 0]
0.38461538461538464 0.45454545454545453
itercount --------> 12
[4, 3, 2]
[4, 3, 5]
[4, 3, 0]
[4, 3, 6]
[4, 3, 1]
0.45454545454545453 0.5454545454545454
itercount --------> 13
[2, 1, 5]
[2, 1, 3]
[2, 1, 4]
[2, 1, 0]
[2, 1, 6]
[2, 1, 7]
[2, 1, 5, 3]
0.5454545454545454 0.6666666666666666
itercount --------> 14
[1, 2, 0]
[1, 2, 5]
[1, 2, 3]
[1, 2, 4]
[1, 2, 6]
[1, 2, 7]
[1, 2, 0, 5]
[1, 2, 0, 3]
[1, 2, 0, 4]
[1, 2, 0, 6]
[1, 2, 0, 7]
[1, 2, 0, 5, 3]
[1, 2, 0, 5, 4]
[1, 2, 0, 5, 6]
[1, 2, 0, 5, 7]
0.6666666666666666 0.7058823529411765
itercount --------> 15
[1, 2, 3]
[1, 2, 5]
[1, 2, 0]
[1, 2, 4]
[1, 2, 6]
[1, 2, 7]
[1, 2, 3, 5]
[1, 2, 3, 0]
[1, 2, 3, 4]
[1, 2, 3, 6]
[1, 2, 3, 7]
[1, 2, 3, 5, 0]
[1, 2, 3, 5, 4]
[1, 2, 3, 5, 6]
[1, 2, 3, 5, 7]
[1, 2, 3, 5, 0, 4]
[1, 2, 3, 5, 0, 6]
0.7058823529411765 0.7222222222222222
itercount --------> 16
[3, 5, 1]
[3, 5, 2]
[3, 5, 4]
[3, 5, 0]
[3, 5, 6]
[3, 5, 7]
[3, 5, 1, 2]
[3, 5, 1, 4]
[3, 5, 1, 0]
[3, 5, 1, 6]
[3, 5, 1, 7]
[3, 5, 1, 2, 4]
[3, 5, 1, 2, 0]
[3, 5, 1, 2, 6]
[3, 5, 1, 2, 7]
[3, 5, 1, 2, 4, 0]
0.7222222222222222 0.7368421052631579
itercount --------> 17
[3, 4, 5]
[3, 4, 0]
[3, 4, 1]
[3, 4, 2]
[3, 4, 6]
[3, 4, 7]
[3, 4, 5, 0]
[3, 4, 5, 1]
0.7368421052631579 0.75
itercount --------> 18
[4, 0, 3]
[4, 0, 5]
[4, 0, 1]
[4, 0, 2]
[4, 0, 6]
[4, 0, 7]
[4, 0, 3, 5]
[4, 0, 3, 1]
[4, 0, 3, 2]
[4, 0, 3, 6]
[4, 0, 3, 7]
[4, 0, 3, 5, 1]
[4, 0, 3, 5, 2]
[4, 0, 3, 5, 6]
[4, 0, 3, 5, 7]
[4, 0, 3, 5, 1, 2]
[4, 0, 3, 5, 1, 6]
[4, 0, 3, 5, 1, 7]
[4, 0, 3, 5, 1, 2, 6]
[4, 0, 3, 5, 1, 2, 7]
[4, 0, 3, 5, 1, 2, 6, 7]
failed -> 25 times
after fail n ======> 8
[1, 2, 4, 3, 6, 7, 0, 5]
0.10344827586206896 0.15789473684210525
itercount --------> 1
[1, 2, 6]
0.15789473684210525 0.2777777777777778
itercount --------> 2
[1, 2, 0]
[1, 2, 6]
0.2777777777777778 0.2903225806451613
itercount --------> 3
[1, 4, 5]
0.2903225806451613 0.3333333333333333
itercount --------> 4
[1, 2, 5]
0.3333333333333333 0.5
itercount --------> 5
[1, 2, 5]
0.5 0.6818181818181818
itercount --------> 6
[1, 2, 5]
[1, 2, 3]
[1, 2, 4]
[1, 2, 6]
[1, 2, 7]
[1, 2, 0]
0.6818181818181818 0.7368421052631579
itercount --------> 7
[3, 4, 5]
[3, 4, 0]
[3, 4, 1]
[3, 4, 2]
[3, 4, 6]
[3, 4, 7]
[3, 4, 5, 0]
[3, 4, 5, 1]
[3, 4, 5, 2]
[3, 4, 5, 6]
[3, 4, 5, 7]
[3, 4, 5, 0, 1]
0.7368421052631579 0.7894736842105263
itercount --------> 8
[3, 5, 4]
[3, 5, 1]
[3, 5, 2]
[3, 5, 6]
[3, 5, 7]
[3, 5, 0]
[3, 5, 4, 1]
[3, 5, 4, 2]
[3, 5, 4, 6]
[3, 5, 4, 7]
[3, 5, 4, 0]
[3, 5, 4, 1, 2]
[3, 5, 4, 1, 6]
[3, 5, 4, 1, 7]
[3, 5, 4, 1, 0]
[3, 5, 4, 1, 2, 6]
[3, 5, 4, 1, 2, 7]
[3, 5, 4, 1, 2, 0]
[3, 5, 4, 1, 2, 6, 7]
[3, 5, 4, 1, 2, 6, 0]
[3, 5, 4, 1, 2, 6, 7, 0]
failed -> 26 times
after fail n ======> 5
[1, 2, 4, 3, 6]
0.10344827586206896 0.12
itercount --------> 1
[4, 2, 3]
0.12 0.125
itercount --------> 2
[4, 3, 2]
0.125 0.2608695652173913
itercount --------> 3
[2, 3, 6]
0.2608695652173913 0.32
itercount --------> 4
[3, 2, 4]
[3, 2, 6]
[3, 2, 7]
[3, 2, 1]
0.32 0.42857142857142855
itercount --------> 5
[3, 4, 2]
[3, 4, 6]
[3, 4, 7]
[3, 4, 1]
[3, 4, 5]
[3, 4, 0]
[3, 4, 2, 6]
[3, 4, 2, 7]
[3, 4, 2, 1]
[3, 4, 2, 5]
[3, 4, 2, 0]
[3, 4, 2, 6, 7]
[3, 4, 2, 6, 1]
[3, 4, 2, 6, 5]
[3, 4, 2, 6, 0]
[3, 4, 2, 6, 7, 1]
[3, 4, 2, 6, 7, 5]
[3, 4, 2, 6, 7, 0]
0.42857142857142855 0.47368421052631576
itercount --------> 6
[3, 4, 1]
[3, 4, 2]
[3, 4, 6]
0.47368421052631576 0.5238095238095238
itercount --------> 7
[3, 7, 4]
[3, 7, 6]
[3, 7, 1]
[3, 7, 2]
[3, 7, 5]
[3, 7, 0]
[3, 7, 4, 6]
[3, 7, 4, 1]
[3, 7, 4, 2]
0.5238095238095238 0.5263157894736842
itercount --------> 8
[3, 4, 6]
[3, 4, 7]
[3, 4, 0]
[3, 4, 1]
[3, 4, 2]
[3, 4, 5]
[3, 4, 6, 7]
[3, 4, 6, 0]
[3, 4, 6, 1]
[3, 4, 6, 2]
0.5263157894736842 0.5789473684210527
itercount --------> 9
[4, 6, 3]
[4, 6, 7]
[4, 6, 0]
[4, 6, 1]
[4, 6, 2]
[4, 6, 5]
[4, 6, 3, 7]
[4, 6, 3, 0]
[4, 6, 3, 1]
[4, 6, 3, 2]
[4, 6, 3, 5]
[4, 6, 3, 7, 0]
[4, 6, 3, 7, 1]
[4, 6, 3, 7, 2]
[4, 6, 3, 7, 5]
[4, 6, 3, 7, 0, 1]
[4, 6, 3, 7, 0, 2]
[4, 6, 3, 7, 0, 5]
[4, 6, 3, 7, 0, 1, 2]
[4, 6, 3, 7, 0, 1, 5]
[4, 6, 3, 7, 0, 1, 2, 5]
failed -> 27 times
after fail n ======> 6
[1, 2, 4, 3, 6, 7]
0.10344827586206896 0.16666666666666666
itercount --------> 1
[2, 6, 3]
0.16666666666666666 0.2
itercount --------> 2
[6, 2, 3]
0.2 0.2608695652173913
itercount --------> 3
[2, 3, 6]
[2, 3, 4]
[2, 3, 1]
0.2608695652173913 0.375
itercount --------> 4
[3, 2, 4]
[3, 2, 5]
[3, 2, 7]
[3, 2, 6]
[3, 2, 1]
[3, 2, 0]
0.375 0.391304347826087
itercount --------> 5
[3, 4, 7]
[3, 4, 5]
[3, 4, 2]
[3, 4, 6]
[3, 4, 1]
[3, 4, 0]
[3, 4, 7, 5]
0.391304347826087 0.5172413793103449
itercount --------> 6
[5, 2, 1]
0.5172413793103449 0.6363636363636364
itercount --------> 7
[1, 2, 0]
0.6363636363636364 0.7368421052631579
itercount --------> 8
[3, 4, 5]
[3, 4, 0]
[3, 4, 1]
[3, 4, 2]
[3, 4, 6]
[3, 4, 7]
[3, 4, 5, 0]
[3, 4, 5, 1]
[3, 4, 5, 2]
[3, 4, 5, 6]
[3, 4, 5, 7]
[3, 4, 5, 0, 1]
[3, 4, 5, 0, 2]
[3, 4, 5, 0, 6]
[3, 4, 5, 0, 7]
[3, 4, 5, 0, 1, 2]
[3, 4, 5, 0, 1, 6]
[3, 4, 5, 0, 1, 7]
[3, 4, 5, 0, 1, 2, 6]
[3, 4, 5, 0, 1, 2, 7]
[3, 4, 5, 0, 1, 2, 6, 7]
failed -> 28 times
after fail n ======> 7
[1, 2, 4, 3, 6, 7, 0]
0.10344827586206896 0.1111111111111111
itercount --------> 1
[1, 2, 0]
0.1111111111111111 0.12
itercount --------> 2
[1, 2, 4]
0.12 0.15789473684210525
itercount --------> 3
[1, 2, 0]
[1, 2, 6]
0.15789473684210525 0.25
itercount --------> 4
[4, 3, 7]
0.25 0.2727272727272727
itercount --------> 5
[4, 3, 1]
[4, 3, 2]
0.2727272727272727 0.2972972972972973
itercount --------> 6
[2, 1, 5]
0.2972972972972973 0.4166666666666667
itercount --------> 7
[4, 3, 1]
[4, 3, 2]
[4, 3, 5]
[4, 3, 6]
[4, 3, 0]
[4, 3, 7]
[4, 3, 1, 2]
0.4166666666666667 0.42857142857142855
itercount --------> 8
[2, 1, 3]
[2, 1, 0]
0.42857142857142855 0.5
itercount --------> 9
[1, 2, 3]
[1, 2, 0]
[1, 2, 5]
[1, 2, 4]
[1, 2, 6]
[1, 2, 7]
0.5 0.5238095238095238
itercount --------> 10
[1, 2, 3]
[1, 2, 4]
[1, 2, 5]
0.5238095238095238 0.631578947368421
itercount --------> 11
[1, 2, 3]
[1, 2, 5]
[1, 2, 4]
[1, 2, 0]
[1, 2, 6]
[1, 2, 7]
[1, 2, 3, 5]
[1, 2, 3, 4]
0.631578947368421 0.6363636363636364
itercount --------> 12
[1, 4, 3]
[1, 4, 5]
[1, 4, 0]
[1, 4, 2]
[1, 4, 6]
[1, 4, 7]
[1, 4, 3, 5]
0.6363636363636364 0.6666666666666666
itercount --------> 13
[5, 1, 4]
[5, 1, 0]
[5, 1, 2]
[5, 1, 3]
[5, 1, 7]
[5, 1, 6]
[5, 1, 4, 0]
[5, 1, 4, 2]
[5, 1, 4, 3]
[5, 1, 4, 7]
[5, 1, 4, 6]
[5, 1, 4, 0, 2]
0.6666666666666666 0.7
itercount --------> 14
[5, 0, 1]
[5, 0, 2]
[5, 0, 3]
[5, 0, 4]
[5, 0, 7]
[5, 0, 6]
[5, 0, 1, 2]
[5, 0, 1, 3]
[5, 0, 1, 4]
[5, 0, 1, 7]
[5, 0, 1, 6]
[5, 0, 1, 2, 3]
[5, 0, 1, 2, 4]
[5, 0, 1, 2, 7]
[5, 0, 1, 2, 6]
[5, 0, 1, 2, 3, 4]
[5, 0, 1, 2, 3, 7]
[5, 0, 1, 2, 3, 6]
[5, 0, 1, 2, 3, 4, 7]
[5, 0, 1, 2, 3, 4, 6]
[5, 0, 1, 2, 3, 4, 7, 6]
failed -> 29 times
after fail n ======> 8
[1, 2, 4, 3, 6, 7, 0, 5]
0.10344827586206896 0.12
itercount --------> 1
[4, 1, 6]
0.12 0.21739130434782608
itercount --------> 2
[4, 1, 7]
[4, 1, 3]
[4, 1, 5]
[4, 1, 2]
0.21739130434782608 0.23809523809523808
itercount --------> 3
[4, 3, 5]
[4, 3, 7]
[4, 3, 1]
[4, 3, 2]
[4, 3, 6]
[4, 3, 0]
[4, 3, 5, 7]
0.23809523809523808 0.2608695652173913
itercount --------> 4
[4, 3, 5]
[4, 3, 1]
[4, 3, 7]
[4, 3, 2]
0.2608695652173913 0.2727272727272727
itercount --------> 5
[4, 3, 5]
[4, 3, 7]
[4, 3, 6]
[4, 3, 1]
[4, 3, 2]
[4, 3, 0]
[4, 3, 5, 7]
[4, 3, 5, 6]
[4, 3, 5, 1]
0.2727272727272727 0.3
itercount --------> 6
[4, 3, 6]
[4, 3, 7]
[4, 3, 1]
[4, 3, 2]
[4, 3, 5]
0.3 0.3157894736842105
itercount --------> 7
[4, 3, 6]
[4, 3, 7]
[4, 3, 5]
[4, 3, 0]
[4, 3, 1]
[4, 3, 2]
[4, 3, 6, 7]
[4, 3, 6, 5]
[4, 3, 6, 0]
[4, 3, 6, 1]
[4, 3, 6, 2]
[4, 3, 6, 7, 5]
[4, 3, 6, 7, 0]
[4, 3, 6, 7, 1]
[4, 3, 6, 7, 2]
[4, 3, 6, 7, 5, 0]
[4, 3, 6, 7, 5, 1]
[4, 3, 6, 7, 5, 2]
[4, 3, 6, 7, 5, 0, 1]
[4, 3, 6, 7, 5, 0, 2]
[4, 3, 6, 7, 5, 0, 1, 2]
0.3157894736842105 0.3333333333333333
itercount --------> 8
[4, 3, 2]
[4, 3, 6]
[4, 3, 7]
[4, 3, 5]
[4, 3, 0]
[4, 3, 1]
0.3333333333333333 0.375
itercount --------> 9
[4, 2, 3]
[4, 2, 6]
[4, 2, 0]
[4, 2, 5]
0.375 0.38095238095238093
itercount --------> 10
[4, 3, 6]
[4, 3, 2]
[4, 3, 5]
[4, 3, 7]
0.38095238095238093 0.3888888888888889
itercount --------> 11
[4, 3, 7]
0.3888888888888889 0.4
itercount --------> 12
[4, 3, 6]
[4, 3, 7]
0.4 0.42857142857142855
itercount --------> 13
[4, 3, 6]
[4, 3, 2]
[4, 3, 7]
[4, 3, 0]
[4, 3, 5]
[4, 3, 1]
[4, 3, 6, 2]
0.42857142857142855 0.43478260869565216
itercount --------> 14
[2, 3, 4]
[2, 3, 6]
[2, 3, 5]
[2, 3, 7]
[2, 3, 0]
[2, 3, 1]
0.43478260869565216 0.5
itercount --------> 15
[6, 3, 2]
[6, 3, 4]
0.5 0.6666666666666666
itercount --------> 16
[2, 3, 5]
[2, 3, 0]
[2, 3, 1]
[2, 3, 4]
[2, 3, 6]
[2, 3, 7]
[2, 3, 5, 0]
0.6666666666666666 0.7
itercount --------> 17
[5, 0, 3]
[5, 0, 4]
[5, 0, 1]
[5, 0, 2]
[5, 0, 6]
[5, 0, 7]
0.7 0.7368421052631579
itercount --------> 18
[3, 4, 5]
[3, 4, 0]
[3, 4, 1]
[3, 4, 2]
[3, 4, 6]
[3, 4, 7]
[3, 4, 5, 0]
[3, 4, 5, 1]
[3, 4, 5, 2]
[3, 4, 5, 6]
[3, 4, 5, 7]
[3, 4, 5, 0, 1]
[3, 4, 5, 0, 2]
[3, 4, 5, 0, 6]
[3, 4, 5, 0, 7]
[3, 4, 5, 0, 1, 2]
[3, 4, 5, 0, 1, 6]
[3, 4, 5, 0, 1, 7]
[3, 4, 5, 0, 1, 2, 6]
[3, 4, 5, 0, 1, 2, 7]
[3, 4, 5, 0, 1, 2, 6, 7]
failed -> 30 times
after fail n ======> 5
[1, 2, 4, 3, 6]
0.10344827586206896 0.14285714285714285
itercount --------> 1
[1, 2, 0]
[1, 2, 3]
0.14285714285714285 0.15789473684210525
itercount --------> 2
[4, 3, 6]
0.15789473684210525 0.21052631578947367
itercount --------> 3
[4, 3, 6]
0.21052631578947367 0.3333333333333333
itercount --------> 4
[4, 3, 1]
0.3333333333333333 0.4230769230769231
itercount --------> 5
[1, 3, 7]
0.4230769230769231 0.42857142857142855
itercount --------> 6
[7, 1, 3]
[7, 1, 4]
[7, 1, 2]
0.42857142857142855 0.4444444444444444
itercount --------> 7
[7, 3, 4]
[7, 3, 6]
[7, 3, 0]
[7, 3, 1]
[7, 3, 2]
[7, 3, 5]
[7, 3, 4, 6]
[7, 3, 4, 0]
[7, 3, 4, 1]
[7, 3, 4, 2]
[7, 3, 4, 5]
[7, 3, 4, 6, 0]
[7, 3, 4, 6, 1]
[7, 3, 4, 6, 2]
[7, 3, 4, 6, 5]
[7, 3, 4, 6, 0, 1]
[7, 3, 4, 6, 0, 2]
[7, 3, 4, 6, 0, 5]
[7, 3, 4, 6, 0, 1, 2]
0.4444444444444444 0.45454545454545453
itercount --------> 8
[3, 7, 4]
[3, 7, 1]
[3, 7, 6]
[3, 7, 0]
[3, 7, 2]
[3, 7, 5]
[3, 7, 4, 1]
0.45454545454545453 0.47368421052631576
itercount --------> 9
[3, 4, 6]
[3, 4, 7]
[3, 4, 0]
[3, 4, 1]
[3, 4, 2]
[3, 4, 5]
[3, 4, 6, 7]
[3, 4, 6, 0]
0.47368421052631576 0.5
itercount --------> 10
[3, 4, 7]
0.5 0.55
itercount --------> 11
[4, 7, 3]
[4, 7, 6]
[4, 7, 1]
[4, 7, 0]
[4, 7, 2]
[4, 7, 5]
[4, 7, 3, 6]
[4, 7, 3, 1]
[4, 7, 3, 0]
[4, 7, 3, 2]
[4, 7, 3, 5]
[4, 7, 3, 6, 1]
[4, 7, 3, 6, 0]
[4, 7, 3, 6, 2]
[4, 7, 3, 6, 5]
[4, 7, 3, 6, 1, 0]
[4, 7, 3, 6, 1, 2]
0.55 0.5789473684210527
itercount --------> 12
[4, 7, 3]
[4, 7, 6]
[4, 7, 0]
[4, 7, 1]
[4, 7, 2]
[4, 7, 5]
[4, 7, 3, 6]
[4, 7, 3, 0]
[4, 7, 3, 1]
[4, 7, 3, 2]
[4, 7, 3, 5]
[4, 7, 3, 6, 0]
[4, 7, 3, 6, 1]
[4, 7, 3, 6, 2]
[4, 7, 3, 6, 5]
[4, 7, 3, 6, 0, 1]
[4, 7, 3, 6, 0, 2]
[4, 7, 3, 6, 0, 5]
[4, 7, 3, 6, 0, 1, 2]
[4, 7, 3, 6, 0, 1, 5]
[4, 7, 3, 6, 0, 1, 2, 5]
failed -> 31 times
after fail n ======> 6
[1, 2, 4, 3, 6, 7]
0.10344827586206896 0.13333333333333333
itercount --------> 1
[4, 3, 1]
[4, 3, 2]
[4, 3, 7]
0.13333333333333333 0.13513513513513514
itercount --------> 2
[2, 1, 3]
0.13513513513513514 0.1935483870967742
itercount --------> 3
[2, 5, 4]
0.1935483870967742 0.20588235294117646
itercount --------> 4
[2, 5, 4]
[2, 5, 3]
0.20588235294117646 0.3
itercount --------> 5
[5, 2, 4]
0.3 0.3235294117647059
itercount --------> 6
[5, 2, 1]
0.3235294117647059 0.5172413793103449
itercount --------> 7
[2, 5, 1]
[2, 5, 4]
0.5172413793103449 0.6818181818181818
itercount --------> 8
[1, 2, 5]
[1, 2, 3]
[1, 2, 4]
[1, 2, 6]
[1, 2, 7]
[1, 2, 0]
[1, 2, 5, 3]
[1, 2, 5, 4]
[1, 2, 5, 6]
[1, 2, 5, 7]
[1, 2, 5, 0]
0.6818181818181818 0.7
itercount --------> 9
[1, 2, 0]
0.7 0.7368421052631579
itercount --------> 10
[3, 4, 5]
[3, 4, 0]
[3, 4, 1]
[3, 4, 2]
[3, 4, 6]
[3, 4, 7]
[3, 4, 5, 0]
[3, 4, 5, 1]
[3, 4, 5, 2]
[3, 4, 5, 6]
[3, 4, 5, 7]
[3, 4, 5, 0, 1]
[3, 4, 5, 0, 2]
[3, 4, 5, 0, 6]
[3, 4, 5, 0, 7]
[3, 4, 5, 0, 1, 2]
[3, 4, 5, 0, 1, 6]
[3, 4, 5, 0, 1, 7]
[3, 4, 5, 0, 1, 2, 6]
[3, 4, 5, 0, 1, 2, 7]
[3, 4, 5, 0, 1, 2, 6, 7]
failed -> 32 times
after fail n ======> 7
[1, 2, 4, 3, 6, 7, 0]
0.10344827586206896 0.14285714285714285
itercount --------> 1
[1, 2, 0]
[1, 2, 3]
0.14285714285714285 0.15789473684210525
itercount --------> 2
[4, 3, 6]
0.15789473684210525 0.21052631578947367
itercount --------> 3
[4, 3, 6]
[4, 3, 7]
0.21052631578947367 0.3333333333333333
itercount --------> 4
[4, 3, 1]
0.3333333333333333 0.44
itercount --------> 5
[1, 3, 6]
[1, 3, 2]
[1, 3, 4]
[1, 3, 7]
[1, 3, 5]
[1, 3, 0]
0.44 0.47619047619047616
itercount --------> 6
[3, 6, 4]
[3, 6, 7]
[3, 6, 1]
[3, 6, 2]
[3, 6, 0]
[3, 6, 5]
[3, 6, 4, 7]
[3, 6, 4, 1]
[3, 6, 4, 2]
[3, 6, 4, 0]
[3, 6, 4, 5]
[3, 6, 4, 7, 1]
[3, 6, 4, 7, 2]
[3, 6, 4, 7, 0]
0.47619047619047616 0.48
itercount --------> 7
[6, 1, 2]
[6, 1, 4]
[6, 1, 3]
0.48 0.5714285714285714
itercount --------> 8
[1, 2, 0]
0.5714285714285714 0.6521739130434783
itercount --------> 9
[0, 1, 2]
[0, 1, 4]
[0, 1, 5]
0.6521739130434783 0.7
itercount --------> 10
[0, 5, 1]
[0, 5, 2]
[0, 5, 3]
[0, 5, 4]
[0, 5, 7]
[0, 5, 6]
[0, 5, 1, 2]
[0, 5, 1, 3]
[0, 5, 1, 4]
[0, 5, 1, 7]
0.7 0.7142857142857143
itercount --------> 11
[0, 1, 2]
[0, 1, 5]
[0, 1, 3]
[0, 1, 4]
[0, 1, 6]
[0, 1, 7]
[0, 1, 2, 5]
[0, 1, 2, 3]
[0, 1, 2, 4]
[0, 1, 2, 6]
[0, 1, 2, 7]
[0, 1, 2, 5, 3]
[0, 1, 2, 5, 4]
[0, 1, 2, 5, 6]
0.7142857142857143 0.7368421052631579
itercount --------> 12
[3, 4, 0]
[3, 4, 5]
[3, 4, 6]
[3, 4, 7]
[3, 4, 1]
[3, 4, 2]
[3, 4, 0, 5]
[3, 4, 0, 6]
[3, 4, 0, 7]
[3, 4, 0, 1]
[3, 4, 0, 2]
[3, 4, 0, 5, 6]
[3, 4, 0, 5, 7]
0.7368421052631579 0.7894736842105263
itercount --------> 13
[0, 3, 4]
[0, 3, 1]
[0, 3, 2]
[0, 3, 5]
[0, 3, 6]
[0, 3, 7]
[0, 3, 4, 1]
[0, 3, 4, 2]
[0, 3, 4, 5]
[0, 3, 4, 6]
[0, 3, 4, 7]
[0, 3, 4, 1, 2]
[0, 3, 4, 1, 5]
[0, 3, 4, 1, 6]
[0, 3, 4, 1, 7]
[0, 3, 4, 1, 2, 5]
[0, 3, 4, 1, 2, 6]
[0, 3, 4, 1, 2, 7]
[0, 3, 4, 1, 2, 5, 6]
[0, 3, 4, 1, 2, 5, 7]
[0, 3, 4, 1, 2, 5, 6, 7]
failed -> 33 times
after fail n ======> 8
[1, 2, 4, 3, 6, 7, 0, 5]
0.10344827586206896 0.12
itercount --------> 1
[1, 2, 4]
0.12 0.15789473684210525
itercount --------> 2
[1, 2, 0]
[1, 2, 6]
0.15789473684210525 0.21428571428571427
itercount --------> 3
[4, 1, 0]
0.21428571428571427 0.21739130434782608
itercount --------> 4
[4, 1, 2]
0.21739130434782608 0.25
itercount --------> 5
[4, 3, 7]
0.25 0.2727272727272727
itercount --------> 6
[4, 3, 1]
[4, 3, 2]
[4, 3, 6]
[4, 3, 7]
[4, 3, 0]
[4, 3, 5]
[4, 3, 1, 2]
0.2727272727272727 0.3
itercount --------> 7
[4, 3, 6]
[4, 3, 7]
[4, 3, 0]
[4, 3, 5]
[4, 3, 1]
[4, 3, 2]
[4, 3, 6, 7]
[4, 3, 6, 0]
[4, 3, 6, 5]
[4, 3, 6, 1]
[4, 3, 6, 2]
[4, 3, 6, 7, 0]
[4, 3, 6, 7, 5]
[4, 3, 6, 7, 1]
[4, 3, 6, 7, 2]
[4, 3, 6, 7, 0, 5]
[4, 3, 6, 7, 0, 1]
[4, 3, 6, 7, 0, 2]
[4, 3, 6, 7, 0, 5, 1]
[4, 3, 6, 7, 0, 5, 2]
[4, 3, 6, 7, 0, 5, 1, 2]
failed -> 34 times
after fail n ======> 5
[1, 2, 4, 3, 6]
0.10344827586206896 0.12
itercount --------> 1
[4, 2, 6]
[4, 2, 3]
0.12 0.16666666666666666
itercount --------> 2
[2, 6, 3]
0.16666666666666666 0.2
itercount --------> 3
[6, 2, 3]
[6, 2, 4]
[6, 2, 1]
0.2 0.23809523809523808
itercount --------> 4
[6, 2, 3]
0.23809523809523808 0.2631578947368421
itercount --------> 5
[6, 3, 4]
[6, 3, 7]
[6, 3, 2]
0.2631578947368421 0.2857142857142857
itercount --------> 6
[3, 2, 6]
[3, 2, 4]
[3, 2, 1]
0.2857142857142857 0.38095238095238093
itercount --------> 7
[3, 2, 4]
[3, 2, 6]
[3, 2, 7]
[3, 2, 5]
0.38095238095238093 0.4
itercount --------> 8
[3, 4, 2]
[3, 4, 6]
[3, 4, 7]
[3, 4, 5]
0.4 0.42105263157894735
itercount --------> 9
[3, 4, 2]
[3, 4, 6]
0.42105263157894735 0.45454545454545453
itercount --------> 10
[7, 3, 2]
[7, 3, 4]
[7, 3, 6]
[7, 3, 5]
[7, 3, 1]
[7, 3, 0]
[7, 3, 2, 4]
[7, 3, 2, 6]
[7, 3, 2, 5]
[7, 3, 2, 1]
0.45454545454545453 0.47619047619047616
itercount --------> 11
[2, 7, 4]
[2, 7, 3]
0.47619047619047616 0.6086956521739131
itercount --------> 12
[2, 3, 1]
[2, 3, 5]
[2, 3, 4]
[2, 3, 6]
[2, 3, 7]
[2, 3, 0]
[2, 3, 1, 5]
0.6086956521739131 0.6666666666666666
itercount --------> 13
[2, 3, 5]
[2, 3, 4]
[2, 3, 1]
[2, 3, 6]
[2, 3, 7]
[2, 3, 0]
0.6666666666666666 0.7
itercount --------> 14
[4, 5, 2]
0.7 0.7368421052631579
itercount --------> 15
[3, 4, 5]
[3, 4, 0]
[3, 4, 1]
[3, 4, 2]
[3, 4, 6]
[3, 4, 7]
[3, 4, 5, 0]
0.7368421052631579 0.7894736842105263
itercount --------> 16
[3, 5, 4]
[3, 5, 1]
[3, 5, 2]
[3, 5, 6]
[3, 5, 7]
[3, 5, 0]
[3, 5, 4, 1]
[3, 5, 4, 2]
[3, 5, 4, 6]
[3, 5, 4, 7]
[3, 5, 4, 0]
[3, 5, 4, 1, 2]
[3, 5, 4, 1, 6]
[3, 5, 4, 1, 7]
[3, 5, 4, 1, 0]
[3, 5, 4, 1, 2, 6]
[3, 5, 4, 1, 2, 7]
[3, 5, 4, 1, 2, 0]
[3, 5, 4, 1, 2, 6, 7]
[3, 5, 4, 1, 2, 6, 0]
[3, 5, 4, 1, 2, 6, 7, 0]
failed -> 35 times
after fail n ======> 6
[1, 2, 4, 3, 6, 7]
0.10344827586206896 0.125
itercount --------> 1
[2, 1, 3]
0.125 0.14285714285714285
itercount --------> 2
[1, 6, 7]
[1, 6, 0]
[1, 6, 3]
[1, 6, 4]
[1, 6, 2]
0.14285714285714285 0.16666666666666666
itercount --------> 3
[1, 5, 7]
0.16666666666666666 0.2
itercount --------> 4
[2, 1, 4]
0.2 0.25
itercount --------> 5
[1, 2, 3]
0.25 0.36
itercount --------> 6
[2, 1, 3]
[2, 1, 7]
[2, 1, 4]
[2, 1, 5]
0.36 0.391304347826087
itercount --------> 7
[2, 1, 4]
[2, 1, 7]
0.391304347826087 0.4090909090909091
itercount --------> 8
[2, 4, 1]
[2, 4, 3]
0.4090909090909091 0.48
itercount --------> 9
[2, 3, 1]
[2, 3, 7]
0.48 0.5
itercount --------> 10
[2, 1, 3]
[2, 1, 5]
[2, 1, 6]
[2, 1, 4]
[2, 1, 0]
0.5 0.5454545454545454
itercount --------> 11
[1, 2, 3]
[1, 2, 4]
[1, 2, 5]
[1, 2, 0]
0.5454545454545454 0.5714285714285714
itercount --------> 12
[2, 1, 3]
[2, 1, 4]
[2, 1, 5]
[2, 1, 6]
0.5714285714285714 0.631578947368421
itercount --------> 13
[1, 2, 3]
[1, 2, 5]
[1, 2, 4]
[1, 2, 6]
[1, 2, 7]
[1, 2, 0]
[1, 2, 3, 5]
[1, 2, 3, 4]
0.631578947368421 0.6363636363636364
itercount --------> 14
[1, 4, 2]
[1, 4, 3]
[1, 4, 5]
[1, 4, 6]
[1, 4, 7]
[1, 4, 0]
0.6363636363636364 0.7
itercount --------> 15
[1, 2, 3]
[1, 2, 4]
[1, 2, 5]
[1, 2, 0]
[1, 2, 6]
[1, 2, 7]
[1, 2, 3, 4]
[1, 2, 3, 5]
[1, 2, 3, 0]
[1, 2, 3, 6]
[1, 2, 3, 7]
[1, 2, 3, 4, 5]
[1, 2, 3, 4, 0]
[1, 2, 3, 4, 6]
[1, 2, 3, 4, 7]
[1, 2, 3, 4, 5, 0]
[1, 2, 3, 4, 5, 6]
[1, 2, 3, 4, 5, 7]
[1, 2, 3, 4, 5, 0, 6]
[1, 2, 3, 4, 5, 0, 7]
[1, 2, 3, 4, 5, 0, 6, 7]
failed -> 36 times
after fail n ======> 7
[1, 2, 4, 3, 6, 7, 0]
0.10344827586206896 0.13333333333333333
itercount --------> 1
[1, 6, 2]
0.13333333333333333 0.1724137931034483
itercount --------> 2
[6, 2, 1]
0.1724137931034483 0.25
itercount --------> 3
[1, 6, 3]
[1, 6, 4]
[1, 6, 7]
[1, 6, 2]
0.25 0.2777777777777778
itercount --------> 4
[1, 2, 0]
[1, 2, 6]
0.2777777777777778 0.28
itercount --------> 5
[1, 3, 5]
0.28 0.2962962962962963
itercount --------> 6
[5, 3, 1]
0.2962962962962963 0.375
itercount --------> 7
[3, 1, 4]
[3, 1, 5]
0.375 0.4090909090909091
itercount --------> 8
[3, 4, 1]
[3, 4, 7]
[3, 4, 5]
[3, 4, 6]
[3, 4, 2]
[3, 4, 0]
[3, 4, 1, 7]
0.4090909090909091 0.5357142857142857
itercount --------> 9
[1, 2, 3]
[1, 2, 5]
[1, 2, 4]
[1, 2, 6]
[1, 2, 7]
[1, 2, 0]
0.5357142857142857 0.6086956521739131
itercount --------> 10
[1, 2, 0]
0.6086956521739131 0.7368421052631579
itercount --------> 11
[3, 4, 5]
[3, 4, 0]
[3, 4, 1]
[3, 4, 2]
[3, 4, 6]
[3, 4, 7]
[3, 4, 5, 0]
[3, 4, 5, 1]
[3, 4, 5, 2]
[3, 4, 5, 6]
[3, 4, 5, 7]
[3, 4, 5, 0, 1]
[3, 4, 5, 0, 2]
[3, 4, 5, 0, 6]
[3, 4, 5, 0, 7]
[3, 4, 5, 0, 1, 2]
[3, 4, 5, 0, 1, 6]
[3, 4, 5, 0, 1, 7]
[3, 4, 5, 0, 1, 2, 6]
[3, 4, 5, 0, 1, 2, 7]
[3, 4, 5, 0, 1, 2, 6, 7]
failed -> 37 times
after fail n ======> 8
[1, 2, 4, 3, 6, 7, 0, 5]
0.10344827586206896 0.14285714285714285
itercount --------> 1
[1, 4, 3]
[1, 4, 6]
0.14285714285714285 0.14814814814814814
itercount --------> 2
[1, 3, 7]
0.14814814814814814 0.17391304347826086
itercount --------> 3
[1, 7, 4]
0.17391304347826086 0.2
itercount --------> 4
[7, 4, 3]
[7, 4, 1]
0.2 0.26666666666666666
itercount --------> 5
[1, 4, 2]
[1, 4, 3]
0.26666666666666666 0.30434782608695654
itercount --------> 6
[4, 3, 1]
[4, 3, 6]
[4, 3, 7]
[4, 3, 2]
[4, 3, 5]
0.30434782608695654 0.3076923076923077
itercount --------> 7
[4, 2, 5]
[4, 2, 1]
[4, 2, 3]
[4, 2, 6]
[4, 2, 7]
[4, 2, 0]
0.3076923076923077 0.35
itercount --------> 8
[4, 3, 1]
[4, 3, 6]
[4, 3, 7]
[4, 3, 5]
[4, 3, 0]
0.35 0.3684210526315789
itercount --------> 9
[4, 3, 1]
[4, 3, 6]
0.3684210526315789 0.4090909090909091
itercount --------> 10
[7, 4, 1]
[7, 4, 3]
[7, 4, 6]
[7, 4, 0]
[7, 4, 5]
[7, 4, 2]
[7, 4, 1, 3]
[7, 4, 1, 6]
[7, 4, 1, 0]
0.4090909090909091 0.47368421052631576
itercount --------> 11
[4, 7, 3]
[4, 7, 6]
[4, 7, 0]
[4, 7, 5]
0.47368421052631576 0.5217391304347826
itercount --------> 12
[5, 7, 4]
[5, 7, 0]
[5, 7, 3]
[5, 7, 6]
[5, 7, 1]
[5, 7, 2]
[5, 7, 4, 0]
0.5217391304347826 0.5714285714285714
itercount --------> 13
[5, 4, 3]
[5, 4, 7]
[5, 4, 0]
0.5714285714285714 0.6666666666666666
itercount --------> 14
[4, 5, 0]
[4, 5, 3]
[4, 5, 1]
[4, 5, 2]
0.6666666666666666 0.7368421052631579
itercount --------> 15
[3, 4, 5]
[3, 4, 0]
[3, 4, 1]
[3, 4, 2]
[3, 4, 6]
[3, 4, 7]
[3, 4, 5, 0]
[3, 4, 5, 1]
[3, 4, 5, 2]
[3, 4, 5, 6]
[3, 4, 5, 7]
[3, 4, 5, 0, 1]
[3, 4, 5, 0, 2]
[3, 4, 5, 0, 6]
[3, 4, 5, 0, 7]
[3, 4, 5, 0, 1, 2]
[3, 4, 5, 0, 1, 6]
0.7368421052631579 0.75
itercount --------> 16
[2, 4, 0]
[2, 4, 3]
[2, 4, 5]
[2, 4, 1]
0.75 0.7894736842105263
itercount --------> 17
[0, 3, 4]
[0, 3, 1]
[0, 3, 2]
[0, 3, 5]
[0, 3, 6]
[0, 3, 7]
[0, 3, 4, 1]
[0, 3, 4, 2]
[0, 3, 4, 5]
[0, 3, 4, 6]
[0, 3, 4, 7]
[0, 3, 4, 1, 2]
[0, 3, 4, 1, 5]
[0, 3, 4, 1, 6]
[0, 3, 4, 1, 7]
[0, 3, 4, 1, 2, 5]
[0, 3, 4, 1, 2, 6]
[0, 3, 4, 1, 2, 7]
[0, 3, 4, 1, 2, 5, 6]
[0, 3, 4, 1, 2, 5, 7]
[0, 3, 4, 1, 2, 5, 6, 7]
failed -> 38 times
after fail n ======> 5
[1, 2, 4, 3, 6]
0.10344827586206896 0.12
itercount --------> 1
[4, 2, 3]
0.12 0.15384615384615385
itercount --------> 2
[4, 2, 3]
0.15384615384615385 0.2608695652173913
itercount --------> 3
[2, 3, 6]
0.2608695652173913 0.32
itercount --------> 4
[3, 2, 4]
[3, 2, 6]
[3, 2, 7]
[3, 2, 1]
0.32 0.42857142857142855
itercount --------> 5
[3, 4, 2]
[3, 4, 6]
[3, 4, 7]
[3, 4, 1]
[3, 4, 5]
[3, 4, 0]
[3, 4, 2, 6]
[3, 4, 2, 7]
[3, 4, 2, 1]
[3, 4, 2, 5]
[3, 4, 2, 0]
[3, 4, 2, 6, 7]
[3, 4, 2, 6, 1]
[3, 4, 2, 6, 5]
[3, 4, 2, 6, 0]
[3, 4, 2, 6, 7, 1]
[3, 4, 2, 6, 7, 5]
[3, 4, 2, 6, 7, 0]
0.42857142857142855 0.47368421052631576
itercount --------> 6
[3, 4, 1]
[3, 4, 2]
[3, 4, 6]
[3, 4, 7]
0.47368421052631576 0.5238095238095238
itercount --------> 7
[3, 6, 4]
[3, 6, 7]
[3, 6, 1]
[3, 6, 2]
[3, 6, 5]
[3, 6, 0]
[3, 6, 4, 7]
[3, 6, 4, 1]
[3, 6, 4, 2]
0.5238095238095238 0.5263157894736842
itercount --------> 8
[3, 4, 6]
[3, 4, 7]
[3, 4, 0]
[3, 4, 1]
[3, 4, 2]
[3, 4, 5]
[3, 4, 6, 7]
[3, 4, 6, 0]
[3, 4, 6, 1]
0.5263157894736842 0.5789473684210527
itercount --------> 9
[4, 6, 3]
[4, 6, 7]
[4, 6, 0]
[4, 6, 1]
[4, 6, 2]
[4, 6, 5]
[4, 6, 3, 7]
[4, 6, 3, 0]
[4, 6, 3, 1]
[4, 6, 3, 2]
[4, 6, 3, 5]
[4, 6, 3, 7, 0]
[4, 6, 3, 7, 1]
[4, 6, 3, 7, 2]
[4, 6, 3, 7, 5]
[4, 6, 3, 7, 0, 1]
[4, 6, 3, 7, 0, 2]
[4, 6, 3, 7, 0, 5]
[4, 6, 3, 7, 0, 1, 2]
[4, 6, 3, 7, 0, 1, 5]
[4, 6, 3, 7, 0, 1, 2, 5]
failed -> 39 times
after fail n ======> 6
[1, 2, 4, 3, 6, 7]
0.10344827586206896 0.2608695652173913
itercount --------> 1
[1, 6, 3]
0.2608695652173913 0.28
itercount --------> 2
[1, 3, 5]
0.28 0.36363636363636365
itercount --------> 3
[3, 1, 4]
0.36363636363636365 0.4090909090909091
itercount --------> 4
[3, 4, 1]
[3, 4, 7]
[3, 4, 5]
[3, 4, 6]
[3, 4, 2]
[3, 4, 0]
[3, 4, 1, 7]
0.4090909090909091 0.5357142857142857
itercount --------> 5
[1, 2, 3]
[1, 2, 5]
0.5357142857142857 0.6521739130434783
itercount --------> 6
[1, 2, 3]
[1, 2, 5]
[1, 2, 4]
[1, 2, 6]
[1, 2, 7]
[1, 2, 0]
[1, 2, 3, 5]
[1, 2, 3, 4]
[1, 2, 3, 6]
[1, 2, 3, 7]
[1, 2, 3, 0]
0.6521739130434783 0.7
itercount --------> 7
[1, 2, 0]
[1, 2, 3]
[1, 2, 4]
[1, 2, 5]
[1, 2, 6]
[1, 2, 7]
[1, 2, 0, 3]
0.7 0.75
itercount --------> 8
[1, 2, 3]
[1, 2, 5]
[1, 2, 4]
[1, 2, 6]
[1, 2, 7]
[1, 2, 0]
[1, 2, 3, 5]
[1, 2, 3, 4]
[1, 2, 3, 6]
[1, 2, 3, 7]
[1, 2, 3, 0]
[1, 2, 3, 5, 4]
[1, 2, 3, 5, 6]
0.75 0.7894736842105263
itercount --------> 9
[3, 5, 4]
[3, 5, 1]
[3, 5, 2]
[3, 5, 6]
[3, 5, 7]
[3, 5, 0]
[3, 5, 4, 1]
[3, 5, 4, 2]
[3, 5, 4, 6]
[3, 5, 4, 7]
[3, 5, 4, 0]
[3, 5, 4, 1, 2]
[3, 5, 4, 1, 6]
[3, 5, 4, 1, 7]
[3, 5, 4, 1, 0]
[3, 5, 4, 1, 2, 6]
[3, 5, 4, 1, 2, 7]
[3, 5, 4, 1, 2, 0]
[3, 5, 4, 1, 2, 6, 7]
[3, 5, 4, 1, 2, 6, 0]
[3, 5, 4, 1, 2, 6, 7, 0]
failed -> 40 times
after fail n ======> 7
[1, 2, 4, 3, 6, 7, 0]
0.10344827586206896 0.12
itercount --------> 1
[1, 2, 3]
0.12 0.24324324324324326
itercount --------> 2
[2, 3, 1]
[2, 3, 4]
0.24324324324324326 0.3333333333333333
itercount --------> 3
[3, 4, 1]
[3, 4, 2]
[3, 4, 6]
[3, 4, 7]
[3, 4, 5]
[3, 4, 0]
[3, 4, 1, 2]
0.3333333333333333 0.391304347826087
itercount --------> 4
[3, 4, 6]
[3, 4, 7]
[3, 4, 1]
0.391304347826087 0.4090909090909091
itercount --------> 5
[3, 1, 2]
[3, 1, 4]
[3, 1, 5]
[3, 1, 6]
[3, 1, 7]
[3, 1, 0]
0.4090909090909091 0.42105263157894735
itercount --------> 6
[3, 4, 6]
0.42105263157894735 0.5
itercount --------> 7
[3, 7, 4]
[3, 7, 6]
[3, 7, 0]
0.5 0.5217391304347826
itercount --------> 8
[7, 1, 2]
[7, 1, 3]
0.5217391304347826 0.6153846153846154
itercount --------> 9
[0, 1, 2]
0.6153846153846154 0.6521739130434783
itercount --------> 10
[0, 1, 2]
[0, 1, 5]
0.6521739130434783 0.7
itercount --------> 11
[0, 5, 1]
0.7 0.7142857142857143
itercount --------> 12
[0, 1, 2]
[0, 1, 5]
[0, 1, 3]
[0, 1, 4]
[0, 1, 6]
[0, 1, 7]
[0, 1, 2, 5]
[0, 1, 2, 3]
[0, 1, 2, 4]
[0, 1, 2, 6]
[0, 1, 2, 7]
[0, 1, 2, 5, 3]
[0, 1, 2, 5, 4]
[0, 1, 2, 5, 6]
[0, 1, 2, 5, 7]
[0, 1, 2, 5, 3, 4]
[0, 1, 2, 5, 3, 6]
[0, 1, 2, 5, 3, 7]
[0, 1, 2, 5, 3, 4, 6]
[0, 1, 2, 5, 3, 4, 7]
[0, 1, 2, 5, 3, 4, 6, 7]
failed -> 41 times
after fail n ======> 8
[1, 2, 4, 3, 6, 7, 0, 5]
0.10344827586206896 0.15555555555555556
itercount --------> 1
[1, 2, 3]
0.15555555555555556 0.25925925925925924
itercount --------> 2
[3, 1, 2]
0.25925925925925924 0.36363636363636365
itercount --------> 3
[3, 4, 6]
[3, 4, 7]
[3, 4, 1]
[3, 4, 2]
[3, 4, 0]
[3, 4, 5]
[3, 4, 6, 7]
0.36363636363636365 0.4
itercount --------> 4
[4, 3, 6]
[4, 3, 7]
[4, 3, 1]
[4, 3, 2]
[4, 3, 0]
[4, 3, 5]
[4, 3, 6, 7]
[4, 3, 6, 1]
0.4 0.4230769230769231
itercount --------> 5
[1, 3, 6]
[1, 3, 4]
[1, 3, 7]
[1, 3, 2]
[1, 3, 5]
0.4230769230769231 0.45454545454545453
itercount --------> 6
[3, 6, 1]
[3, 6, 2]
[3, 6, 4]
[3, 6, 7]
[3, 6, 5]
[3, 6, 0]
[3, 6, 1, 2]
[3, 6, 1, 4]
[3, 6, 1, 7]
[3, 6, 1, 5]
[3, 6, 1, 0]
0.45454545454545453 0.47368421052631576
itercount --------> 7
[3, 6, 4]
[3, 6, 7]
[3, 6, 5]
[3, 6, 0]
[3, 6, 1]
[3, 6, 2]
[3, 6, 4, 7]
[3, 6, 4, 5]
0.47368421052631576 0.5238095238095238
itercount --------> 8
[5, 6, 1]
[5, 6, 2]
[5, 6, 3]
0.5238095238095238 0.6521739130434783
itercount --------> 9
[5, 1, 2]
0.6521739130434783 0.6666666666666666
itercount --------> 10
[1, 2, 4]
[1, 2, 5]
[1, 2, 3]
[1, 2, 0]
0.6666666666666666 0.6818181818181818
itercount --------> 11
[2, 1, 5]
[2, 1, 3]
[2, 1, 4]
[2, 1, 6]
[2, 1, 7]
[2, 1, 0]
0.6818181818181818 0.7368421052631579
itercount --------> 12
[3, 4, 5]
[3, 4, 0]
[3, 4, 1]
[3, 4, 2]
[3, 4, 6]
[3, 4, 7]
[3, 4, 5, 0]
[3, 4, 5, 1]
[3, 4, 5, 2]
[3, 4, 5, 6]
[3, 4, 5, 7]
[3, 4, 5, 0, 1]
[3, 4, 5, 0, 2]
[3, 4, 5, 0, 6]
[3, 4, 5, 0, 7]
[3, 4, 5, 0, 1, 2]
[3, 4, 5, 0, 1, 6]
[3, 4, 5, 0, 1, 7]
[3, 4, 5, 0, 1, 2, 6]
[3, 4, 5, 0, 1, 2, 7]
[3, 4, 5, 0, 1, 2, 6, 7]
0.7368421052631579 0.75
itercount --------> 13
[3, 0, 4]
[3, 0, 5]
0.75 0.7894736842105263
itercount --------> 14
[0, 3, 4]
[0, 3, 1]
[0, 3, 2]
[0, 3, 5]
[0, 3, 6]
[0, 3, 7]
[0, 3, 4, 1]
[0, 3, 4, 2]
[0, 3, 4, 5]
[0, 3, 4, 6]
[0, 3, 4, 7]
[0, 3, 4, 1, 2]
0.7894736842105263 0.8
itercount --------> 15
[1, 2, 3]
[1, 2, 5]
[1, 2, 4]
[1, 2, 6]
[1, 2, 7]
[1, 2, 0]
[1, 2, 3, 5]
[1, 2, 3, 4]
[1, 2, 3, 6]
0.8 0.8421052631578947
itercount --------> 16
[3, 1, 2]
[3, 1, 4]
[3, 1, 5]
[3, 1, 6]
[3, 1, 7]
[3, 1, 0]
[3, 1, 2, 4]
[3, 1, 2, 5]
[3, 1, 2, 6]
[3, 1, 2, 7]
[3, 1, 2, 0]
[3, 1, 2, 4, 5]
[3, 1, 2, 4, 6]
[3, 1, 2, 4, 7]
[3, 1, 2, 4, 0]
[3, 1, 2, 4, 5, 6]
[3, 1, 2, 4, 5, 7]
[3, 1, 2, 4, 5, 0]
[3, 1, 2, 4, 5, 6, 7]
[3, 1, 2, 4, 5, 6, 0]
[3, 1, 2, 4, 5, 6, 7, 0]
failed -> 42 times
after fail n ======> 5
[1, 2, 4, 3, 6]
0.10344827586206896 0.1111111111111111
itercount --------> 1
[1, 2, 0]
[1, 2, 4]
0.1111111111111111 0.14285714285714285
itercount --------> 2
[2, 4, 6]
0.14285714285714285 0.18518518518518517
itercount --------> 3
[2, 3, 4]
0.18518518518518517 0.25
itercount --------> 4
[2, 3, 4]
[2, 3, 6]
[2, 3, 7]
[2, 3, 1]
[2, 3, 0]
[2, 3, 5]
[2, 3, 4, 6]
0.25 0.25925925925925924
itercount --------> 5
[2, 3, 4]
[2, 3, 7]
[2, 3, 6]
[2, 3, 1]
[2, 3, 5]
0.25925925925925924 0.2857142857142857
itercount --------> 6
[3, 4, 2]
[3, 4, 6]
[3, 4, 7]
[3, 4, 1]
[3, 4, 0]
[3, 4, 5]
[3, 4, 2, 6]
[3, 4, 2, 7]
[3, 4, 2, 1]
[3, 4, 2, 0]
[3, 4, 2, 5]
[3, 4, 2, 6, 7]
0.2857142857142857 0.3157894736842105
itercount --------> 7
[3, 4, 6]
0.3157894736842105 0.35
itercount --------> 8
[3, 4, 6]
[3, 4, 7]
[3, 4, 1]
[3, 4, 2]
[3, 4, 5]
[3, 4, 0]
[3, 4, 6, 7]
0.35 0.45
itercount --------> 9
[3, 4, 6]
[3, 4, 7]
[3, 4, 1]
[3, 4, 2]
[3, 4, 5]
[3, 4, 0]
[3, 4, 6, 7]
[3, 4, 6, 1]
[3, 4, 6, 2]
[3, 4, 6, 5]
[3, 4, 6, 0]
0.45 0.4782608695652174
itercount --------> 10
[4, 6, 3]
[4, 6, 7]
[4, 6, 1]
[4, 6, 2]
[4, 6, 0]
[4, 6, 5]
[4, 6, 3, 7]
[4, 6, 3, 1]
[4, 6, 3, 2]
[4, 6, 3, 0]
[4, 6, 3, 5]
[4, 6, 3, 7, 1]
[4, 6, 3, 7, 2]
[4, 6, 3, 7, 0]
[4, 6, 3, 7, 5]
[4, 6, 3, 7, 1, 2]
[4, 6, 3, 7, 1, 0]
0.4782608695652174 0.5263157894736842
itercount --------> 11
[4, 6, 3]
[4, 6, 7]
[4, 6, 5]
[4, 6, 0]
[4, 6, 1]
[4, 6, 2]
[4, 6, 3, 7]
[4, 6, 3, 5]
[4, 6, 3, 0]
[4, 6, 3, 1]
[4, 6, 3, 2]
[4, 6, 3, 7, 5]
[4, 6, 3, 7, 0]
[4, 6, 3, 7, 1]
[4, 6, 3, 7, 2]
[4, 6, 3, 7, 5, 0]
[4, 6, 3, 7, 5, 1]
[4, 6, 3, 7, 5, 2]
[4, 6, 3, 7, 5, 0, 1]
0.5263157894736842 0.55
itercount --------> 12
[6, 0, 3]
[6, 0, 7]
[6, 0, 1]
[6, 0, 2]
[6, 0, 5]
0.55 0.631578947368421
itercount --------> 13
[6, 2, 3]
[6, 2, 5]
[6, 2, 4]
0.631578947368421 0.7619047619047619
itercount --------> 14
[2, 5, 3]
[2, 5, 4]
[2, 5, 1]
[2, 5, 6]
[2, 5, 7]
[2, 5, 0]
[2, 5, 3, 4]
[2, 5, 3, 1]
0.7619047619047619 0.7894736842105263
itercount --------> 15
[3, 5, 4]
[3, 5, 1]
[3, 5, 2]
[3, 5, 6]
[3, 5, 7]
[3, 5, 0]
[3, 5, 4, 1]
[3, 5, 4, 2]
[3, 5, 4, 6]
[3, 5, 4, 7]
[3, 5, 4, 0]
[3, 5, 4, 1, 2]
[3, 5, 4, 1, 6]
[3, 5, 4, 1, 7]
0.7894736842105263 0.8
itercount --------> 16
[2, 3, 4]
[2, 3, 5]
[2, 3, 1]
[2, 3, 6]
[2, 3, 7]
[2, 3, 0]
[2, 3, 4, 5]
[2, 3, 4, 1]
[2, 3, 4, 6]
[2, 3, 4, 7]
[2, 3, 4, 0]
[2, 3, 4, 5, 1]
[2, 3, 4, 5, 6]
[2, 3, 4, 5, 7]
[2, 3, 4, 5, 0]
[2, 3, 4, 5, 1, 6]
[2, 3, 4, 5, 1, 7]
0.8 0.8421052631578947
itercount --------> 17
[3, 1, 2]
[3, 1, 4]
[3, 1, 5]
[3, 1, 6]
[3, 1, 7]
[3, 1, 0]
[3, 1, 2, 4]
[3, 1, 2, 5]
[3, 1, 2, 6]
[3, 1, 2, 7]
[3, 1, 2, 0]
[3, 1, 2, 4, 5]
[3, 1, 2, 4, 6]
[3, 1, 2, 4, 7]
[3, 1, 2, 4, 0]
[3, 1, 2, 4, 5, 6]
[3, 1, 2, 4, 5, 7]
[3, 1, 2, 4, 5, 0]
[3, 1, 2, 4, 5, 6, 7]
[3, 1, 2, 4, 5, 6, 0]
[3, 1, 2, 4, 5, 6, 7, 0]
failed -> 43 times
after fail n ======> 6
[1, 2, 4, 3, 6, 7]
0.10344827586206896 0.12
itercount --------> 1
[4, 1, 6]
0.12 0.16666666666666666
itercount --------> 2
[1, 6, 3]
[1, 6, 4]
[1, 6, 2]
0.16666666666666666 0.2
itercount --------> 3
[6, 1, 3]
0.2 0.24
itercount --------> 4
[1, 3, 4]
0.24 0.32
itercount --------> 5
[3, 1, 4]
[3, 1, 6]
[3, 1, 7]
[3, 1, 2]
0.32 0.391304347826087
itercount --------> 6
[3, 1, 4]
0.391304347826087 0.42857142857142855
itercount --------> 7
[3, 4, 1]
[3, 4, 6]
[3, 4, 7]
[3, 4, 2]
[3, 4, 5]
[3, 4, 0]
[3, 4, 1, 6]
[3, 4, 1, 7]
[3, 4, 1, 2]
[3, 4, 1, 5]
[3, 4, 1, 0]
0.42857142857142855 0.47368421052631576
itercount --------> 8
[3, 4, 1]
[3, 4, 2]
[3, 4, 6]
0.47368421052631576 0.5238095238095238
itercount --------> 9
[3, 7, 4]
[3, 7, 6]
[3, 7, 1]
[3, 7, 2]
[3, 7, 5]
[3, 7, 0]
[3, 7, 4, 6]
[3, 7, 4, 1]
[3, 7, 4, 2]
[3, 7, 4, 5]
[3, 7, 4, 0]
0.5238095238095238 0.55
itercount --------> 10
[7, 3, 1]
[7, 3, 2]
[7, 3, 4]
[7, 3, 5]
[7, 3, 6]
[7, 3, 0]
[7, 3, 1, 2]
[7, 3, 1, 4]
[7, 3, 1, 5]
0.55 0.5555555555555556
itercount --------> 11
[7, 3, 4]
[7, 3, 5]
[7, 3, 1]
[7, 3, 2]
[7, 3, 6]
[7, 3, 0]
[7, 3, 4, 5]
[7, 3, 4, 1]
[7, 3, 4, 2]
[7, 3, 4, 6]
[7, 3, 4, 0]
[7, 3, 4, 5, 1]
0.5555555555555556 0.5789473684210527
itercount --------> 12
[7, 3, 1]
[7, 3, 2]
[7, 3, 0]
[7, 3, 4]
[7, 3, 5]
[7, 3, 6]
[7, 3, 1, 2]
[7, 3, 1, 0]
[7, 3, 1, 4]
[7, 3, 1, 5]
[7, 3, 1, 6]
[7, 3, 1, 2, 0]
[7, 3, 1, 2, 4]
[7, 3, 1, 2, 5]
[7, 3, 1, 2, 6]
[7, 3, 1, 2, 0, 4]
[7, 3, 1, 2, 0, 5]
0.5789473684210527 0.6111111111111112
itercount --------> 13
[7, 3, 4]
[7, 3, 1]
[7, 3, 2]
[7, 3, 5]
[7, 3, 6]
[7, 3, 0]
[7, 3, 4, 1]
[7, 3, 4, 2]
[7, 3, 4, 5]
[7, 3, 4, 6]
[7, 3, 4, 0]
[7, 3, 4, 1, 2]
[7, 3, 4, 1, 5]
[7, 3, 4, 1, 6]
[7, 3, 4, 1, 0]
[7, 3, 4, 1, 2, 5]
[7, 3, 4, 1, 2, 6]
[7, 3, 4, 1, 2, 0]
[7, 3, 4, 1, 2, 5, 6]
[7, 3, 4, 1, 2, 5, 0]
[7, 3, 4, 1, 2, 5, 6, 0]
failed -> 44 times
after fail n ======> 7
[1, 2, 4, 3, 6, 7, 0]
0.10344827586206896 0.14285714285714285
itercount --------> 1
[1, 2, 0]
[1, 2, 3]
0.14285714285714285 0.15789473684210525
itercount --------> 2
[4, 3, 6]
0.15789473684210525 0.36363636363636365
itercount --------> 3
[3, 4, 6]
[3, 4, 7]
[3, 4, 1]
[3, 4, 2]
[3, 4, 0]
[3, 4, 5]
[3, 4, 6, 7]
0.36363636363636365 0.4
itercount --------> 4
[4, 3, 6]
[4, 3, 7]
[4, 3, 1]
[4, 3, 2]
[4, 3, 0]
[4, 3, 5]
[4, 3, 6, 7]
[4, 3, 6, 1]
0.4 0.42857142857142855
itercount --------> 5
[6, 3, 4]
[6, 3, 7]
[6, 3, 1]
[6, 3, 2]
[6, 3, 0]
[6, 3, 5]
[6, 3, 4, 7]
[6, 3, 4, 1]
[6, 3, 4, 2]
[6, 3, 4, 0]
0.42857142857142855 0.45
itercount --------> 6
[6, 0, 4]
[6, 0, 3]
[6, 0, 1]
0.45 0.5
itercount --------> 7
[6, 0, 3]
[6, 0, 4]
[6, 0, 1]
[6, 0, 2]
0.5 0.5555555555555556
itercount --------> 8
[6, 3, 4]
[6, 3, 0]
[6, 3, 1]
[6, 3, 2]
[6, 3, 5]
[6, 3, 7]
[6, 3, 4, 0]
[6, 3, 4, 1]
[6, 3, 4, 2]
[6, 3, 4, 5]
[6, 3, 4, 7]
[6, 3, 4, 0, 1]
[6, 3, 4, 0, 2]
[6, 3, 4, 0, 5]
[6, 3, 4, 0, 7]
[6, 3, 4, 0, 1, 2]
[6, 3, 4, 0, 1, 5]
[6, 3, 4, 0, 1, 7]
[6, 3, 4, 0, 1, 2, 5]
[6, 3, 4, 0, 1, 2, 7]
[6, 3, 4, 0, 1, 2, 5, 7]
failed -> 45 times
after fail n ======> 8
[1, 2, 4, 3, 6, 7, 0, 5]
0.10344827586206896 0.13333333333333333
itercount --------> 1
[1, 6, 2]
0.13333333333333333 0.25
itercount --------> 2
[1, 6, 3]
0.25 0.2631578947368421
itercount --------> 3
[6, 3, 4]
[6, 3, 7]
[6, 3, 1]
[6, 3, 5]
[6, 3, 0]
[6, 3, 2]
[6, 3, 4, 7]
[6, 3, 4, 1]
[6, 3, 4, 5]
[6, 3, 4, 0]
[6, 3, 4, 2]
[6, 3, 4, 7, 1]
0.2631578947368421 0.36363636363636365
itercount --------> 4
[6, 1, 2]
[6, 1, 3]
[6, 1, 4]
[6, 1, 0]
0.36363636363636365 0.4444444444444444
itercount --------> 5
[6, 3, 4]
[6, 3, 7]
[6, 3, 0]
[6, 3, 1]
[6, 3, 2]
[6, 3, 5]
[6, 3, 4, 7]
[6, 3, 4, 0]
[6, 3, 4, 1]
[6, 3, 4, 2]
[6, 3, 4, 5]
[6, 3, 4, 7, 0]
[6, 3, 4, 7, 1]
[6, 3, 4, 7, 2]
[6, 3, 4, 7, 5]
[6, 3, 4, 7, 0, 1]
[6, 3, 4, 7, 0, 2]
[6, 3, 4, 7, 0, 5]
[6, 3, 4, 7, 0, 1, 2]
0.4444444444444444 0.47619047619047616
itercount --------> 6
[1, 3, 6]
[1, 3, 4]
[1, 3, 7]
[1, 3, 0]
[1, 3, 2]
0.47619047619047616 0.5263157894736842
itercount --------> 7
[3, 6, 4]
[3, 6, 7]
[3, 6, 0]
[3, 6, 1]
[3, 6, 2]
[3, 6, 5]
[3, 6, 4, 7]
[3, 6, 4, 0]
[3, 6, 4, 1]
0.5263157894736842 0.55
itercount --------> 8
[6, 3, 4]
[6, 3, 5]
0.55 0.7142857142857143
itercount --------> 9
[1, 2, 0]
[1, 2, 3]
[1, 2, 4]
[1, 2, 5]
0.7142857142857143 0.7368421052631579
itercount --------> 10
[3, 4, 5]
[3, 4, 0]
[3, 4, 1]
[3, 4, 2]
[3, 4, 6]
[3, 4, 7]
[3, 4, 5, 0]
[3, 4, 5, 1]
[3, 4, 5, 2]
[3, 4, 5, 6]
[3, 4, 5, 7]
[3, 4, 5, 0, 1]
[3, 4, 5, 0, 2]
[3, 4, 5, 0, 6]
[3, 4, 5, 0, 7]
[3, 4, 5, 0, 1, 2]
[3, 4, 5, 0, 1, 6]
0.7368421052631579 0.7894736842105263
itercount --------> 11
[0, 3, 4]
[0, 3, 1]
[0, 3, 2]
[0, 3, 5]
[0, 3, 6]
[0, 3, 7]
[0, 3, 4, 1]
[0, 3, 4, 2]
[0, 3, 4, 5]
[0, 3, 4, 6]
[0, 3, 4, 7]
[0, 3, 4, 1, 2]
[0, 3, 4, 1, 5]
[0, 3, 4, 1, 6]
[0, 3, 4, 1, 7]
[0, 3, 4, 1, 2, 5]
[0, 3, 4, 1, 2, 6]
[0, 3, 4, 1, 2, 7]
[0, 3, 4, 1, 2, 5, 6]
[0, 3, 4, 1, 2, 5, 7]
[0, 3, 4, 1, 2, 5, 6, 7]
failed -> 46 times
after fail n ======> 5
[1, 2, 4, 3, 6]
0.10344827586206896 0.13333333333333333
itercount --------> 1
[2, 6, 1]
0.13333333333333333 0.2608695652173913
itercount --------> 2
[2, 6, 3]
0.2608695652173913 0.42857142857142855
itercount --------> 3
[3, 2, 4]
[3, 2, 1]
[3, 2, 6]
[3, 2, 7]
[3, 2, 5]
[3, 2, 0]
[3, 2, 4, 1]
[3, 2, 4, 6]
0.42857142857142855 0.44
itercount --------> 4
[2, 3, 7]
[2, 3, 1]
[2, 3, 4]
[2, 3, 6]
[2, 3, 5]
[2, 3, 0]
0.44 0.47619047619047616
itercount --------> 5
[3, 7, 4]
[3, 7, 6]
[3, 7, 1]
[3, 7, 2]
[3, 7, 0]
[3, 7, 5]
[3, 7, 4, 6]
[3, 7, 4, 1]
[3, 7, 4, 2]
[3, 7, 4, 0]
0.47619047619047616 0.48
itercount --------> 6
[7, 1, 2]
[7, 1, 4]
[7, 1, 3]
0.48 0.5714285714285714
itercount --------> 7
[1, 2, 0]
0.5714285714285714 0.6521739130434783
itercount --------> 8
[0, 1, 2]
[0, 1, 4]
[0, 1, 5]
0.6521739130434783 0.7
itercount --------> 9
[0, 5, 1]
[0, 5, 2]
[0, 5, 3]
[0, 5, 4]
[0, 5, 6]
[0, 5, 7]
[0, 5, 1, 2]
[0, 5, 1, 3]
[0, 5, 1, 4]
0.7 0.7272727272727273
itercount --------> 10
[0, 1, 2]
[0, 1, 5]
[0, 1, 7]
[0, 1, 3]
[0, 1, 6]
[0, 1, 4]
[0, 1, 2, 5]
[0, 1, 2, 7]
[0, 1, 2, 3]
[0, 1, 2, 6]
[0, 1, 2, 4]
[0, 1, 2, 5, 7]
[0, 1, 2, 5, 3]
[0, 1, 2, 5, 6]
[0, 1, 2, 5, 4]
[0, 1, 2, 5, 7, 3]
[0, 1, 2, 5, 7, 6]
[0, 1, 2, 5, 7, 4]
[0, 1, 2, 5, 7, 3, 6]
[0, 1, 2, 5, 7, 3, 4]
[0, 1, 2, 5, 7, 3, 6, 4]
failed -> 47 times
after fail n ======> 6
[1, 2, 4, 3, 6, 7]
0.10344827586206896 0.12
itercount --------> 1
[4, 2, 6]
[4, 2, 3]
0.12 0.16666666666666666
itercount --------> 2
[2, 6, 3]
0.16666666666666666 0.2608695652173913
itercount --------> 3
[2, 3, 6]
[2, 3, 4]
[2, 3, 1]
0.2608695652173913 0.375
itercount --------> 4
[3, 2, 4]
[3, 2, 5]
0.375 0.4090909090909091
itercount --------> 5
[3, 4, 2]
[3, 4, 7]
[3, 4, 5]
[3, 4, 6]
[3, 4, 1]
[3, 4, 0]
[3, 4, 2, 7]
[3, 4, 2, 5]
[3, 4, 2, 6]
[3, 4, 2, 1]
[3, 4, 2, 0]
0.4090909090909091 0.42105263157894735
itercount --------> 6
[3, 4, 7]
0.42105263157894735 0.6818181818181818
itercount --------> 7
[1, 2, 3]
[1, 2, 5]
[1, 2, 4]
[1, 2, 6]
[1, 2, 7]
[1, 2, 0]
[1, 2, 3, 5]
0.6818181818181818 0.75
itercount --------> 8
[1, 2, 3]
[1, 2, 5]
[1, 2, 4]
[1, 2, 6]
[1, 2, 7]
0.75 0.7894736842105263
itercount --------> 9
[3, 5, 4]
[3, 5, 1]
[3, 5, 2]
[3, 5, 6]
[3, 5, 7]
[3, 5, 0]
[3, 5, 4, 1]
[3, 5, 4, 2]
[3, 5, 4, 6]
[3, 5, 4, 7]
[3, 5, 4, 0]
[3, 5, 4, 1, 2]
[3, 5, 4, 1, 6]
[3, 5, 4, 1, 7]
[3, 5, 4, 1, 0]
[3, 5, 4, 1, 2, 6]
[3, 5, 4, 1, 2, 7]
[3, 5, 4, 1, 2, 0]
[3, 5, 4, 1, 2, 6, 7]
[3, 5, 4, 1, 2, 6, 0]
[3, 5, 4, 1, 2, 6, 7, 0]
failed -> 48 times
after fail n ======> 7
[1, 2, 4, 3, 6, 7, 0]
0.10344827586206896 0.12
itercount --------> 1
[4, 2, 6]
0.12 0.2
itercount --------> 2
[2, 3, 4]
[2, 3, 6]
0.2 0.30434782608695654
itercount --------> 3
[3, 4, 6]
[3, 4, 1]
[3, 4, 7]
[3, 4, 2]
[3, 4, 5]
[3, 4, 0]
0.30434782608695654 0.32
itercount --------> 4
[3, 4, 1]
[3, 4, 2]
[3, 4, 6]
[3, 4, 7]
0.32 0.3333333333333333
itercount --------> 5
[2, 6, 1]
0.3333333333333333 0.38461538461538464
itercount --------> 6
[1, 4, 6]
0.38461538461538464 0.4166666666666667
itercount --------> 7
[6, 3, 4]
[6, 3, 7]
[6, 3, 1]
[6, 3, 2]
[6, 3, 0]
[6, 3, 5]
[6, 3, 4, 7]
[6, 3, 4, 1]
0.4166666666666667 0.42857142857142855
itercount --------> 8
[6, 1, 0]
[6, 1, 3]
[6, 1, 4]
[6, 1, 2]
[6, 1, 5]
0.42857142857142855 0.43478260869565216
itercount --------> 9
[3, 6, 4]
[3, 6, 1]
[3, 6, 7]
[3, 6, 2]
[3, 6, 5]
[3, 6, 0]
[3, 6, 4, 1]
0.43478260869565216 0.5
itercount --------> 10
[3, 4, 6]
[3, 4, 7]
[3, 4, 0]
[3, 4, 1]
[3, 4, 2]
[3, 4, 5]
[3, 4, 6, 7]
[3, 4, 6, 0]
[3, 4, 6, 1]
[3, 4, 6, 2]
0.5 0.5454545454545454
itercount --------> 11
[4, 6, 3]
[4, 6, 7]
[4, 6, 0]
[4, 6, 1]
[4, 6, 2]
[4, 6, 5]
[4, 6, 3, 7]
[4, 6, 3, 0]
[4, 6, 3, 1]
[4, 6, 3, 2]
[4, 6, 3, 5]
[4, 6, 3, 7, 0]
[4, 6, 3, 7, 1]
[4, 6, 3, 7, 2]
[4, 6, 3, 7, 5]
[4, 6, 3, 7, 0, 1]
0.5454545454545454 0.5789473684210527
itercount --------> 12
[4, 6, 3]
[4, 6, 7]
[4, 6, 0]
0.5789473684210527 0.6
itercount --------> 13
[6, 3, 4]
0.6 0.7272727272727273
itercount --------> 14
[0, 3, 4]
[0, 3, 6]
[0, 3, 1]
[0, 3, 2]
0.7272727272727273 0.7894736842105263
itercount --------> 15
[0, 3, 4]
[0, 3, 1]
[0, 3, 2]
[0, 3, 5]
[0, 3, 6]
[0, 3, 7]
[0, 3, 4, 1]
[0, 3, 4, 2]
[0, 3, 4, 5]
[0, 3, 4, 6]
[0, 3, 4, 7]
[0, 3, 4, 1, 2]
[0, 3, 4, 1, 5]
[0, 3, 4, 1, 6]
[0, 3, 4, 1, 7]
[0, 3, 4, 1, 2, 5]
[0, 3, 4, 1, 2, 6]
[0, 3, 4, 1, 2, 7]
[0, 3, 4, 1, 2, 5, 6]
[0, 3, 4, 1, 2, 5, 7]
[0, 3, 4, 1, 2, 5, 6, 7]
failed -> 49 times
after fail n ======> 8
[1, 2, 4, 3, 6, 7, 0, 5]
0.10344827586206896 0.13043478260869565
itercount --------> 1
[1, 2, 6]
0.13043478260869565 0.1724137931034483
itercount --------> 2
[6, 2, 0]
0.1724137931034483 0.25
itercount --------> 3
[2, 0, 6]
[2, 0, 1]
0.25 0.2777777777777778
itercount --------> 4
[1, 2, 0]
[1, 2, 6]
0.2777777777777778 0.2857142857142857
itercount --------> 5
[1, 2, 3]
[1, 2, 4]
0.2857142857142857 0.34782608695652173
itercount --------> 6
[1, 7, 4]
[1, 7, 3]
[1, 7, 6]
[1, 7, 5]
[1, 7, 2]
[1, 7, 0]
[1, 7, 4, 3]
0.34782608695652173 0.391304347826087
itercount --------> 7
[1, 7, 3]
[1, 7, 6]
[1, 7, 4]
0.391304347826087 0.42105263157894735
itercount --------> 8
[5, 7, 4]
[5, 7, 3]
[5, 7, 6]
[5, 7, 1]
[5, 7, 2]
[5, 7, 0]
[5, 7, 4, 3]
0.42105263157894735 0.5
itercount --------> 9
[6, 1, 2]
[6, 1, 5]
[6, 1, 3]
[6, 1, 4]
0.5 0.55
itercount --------> 10
[6, 3, 4]
[6, 3, 5]
[6, 3, 1]
[6, 3, 2]
[6, 3, 7]
[6, 3, 0]
[6, 3, 4, 5]
0.55 0.6521739130434783
itercount --------> 11
[1, 2, 0]
[1, 2, 3]
[1, 2, 4]
[1, 2, 5]
0.6521739130434783 0.7368421052631579
itercount --------> 12
[3, 4, 5]
[3, 4, 0]
[3, 4, 1]
[3, 4, 2]
[3, 4, 6]
[3, 4, 7]
[3, 4, 5, 0]
[3, 4, 5, 1]
[3, 4, 5, 2]
[3, 4, 5, 6]
[3, 4, 5, 7]
[3, 4, 5, 0, 1]
[3, 4, 5, 0, 2]
[3, 4, 5, 0, 6]
[3, 4, 5, 0, 7]
[3, 4, 5, 0, 1, 2]
[3, 4, 5, 0, 1, 6]
0.7368421052631579 0.7894736842105263
itercount --------> 13
[0, 3, 4]
[0, 3, 1]
[0, 3, 2]
[0, 3, 5]
[0, 3, 6]
[0, 3, 7]
[0, 3, 4, 1]
[0, 3, 4, 2]
[0, 3, 4, 5]
[0, 3, 4, 6]
[0, 3, 4, 7]
[0, 3, 4, 1, 2]
[0, 3, 4, 1, 5]
[0, 3, 4, 1, 6]
[0, 3, 4, 1, 7]
[0, 3, 4, 1, 2, 5]
[0, 3, 4, 1, 2, 6]
[0, 3, 4, 1, 2, 7]
[0, 3, 4, 1, 2, 5, 6]
[0, 3, 4, 1, 2, 5, 7]
[0, 3, 4, 1, 2, 5, 6, 7]
failed -> 50 times
after fail n ======> 5
Runs with the maximum attractor JI -> [10, 41, 42]
