{1: 27, 2: 27, 4: 25, 3: 20, 6: 20, 7: 20, 0: 17, 5: 16}
[1, 2, 4]
0.10344827586206896 0.13333333333333333
itercount --------> 1
[2, 6, 1]
0.13333333333333333 0.28
itercount --------> 2
[2, 3, 5]
[2, 3, 6]
[2, 3, 4]
0.28 0.375
itercount --------> 3
[3, 2, 4]
[3, 2, 5]
0.375 0.4090909090909091
itercount --------> 4
[3, 4, 2]
[3, 4, 7]
[3, 4, 5]
[3, 4, 6]
[3, 4, 1]
[3, 4, 0]
[3, 4, 2, 7]
0.4090909090909091 0.5357142857142857
itercount --------> 5
[2, 1, 3]
[2, 1, 5]
0.5357142857142857 0.6521739130434783
itercount --------> 6
[2, 1, 3]
[2, 1, 5]
[2, 1, 4]
[2, 1, 6]
[2, 1, 7]
[2, 1, 0]
0.6521739130434783 0.7
itercount --------> 7
[1, 2, 0]
[1, 2, 3]
[1, 2, 4]
[1, 2, 5]
[1, 2, 6]
0.7 0.7368421052631579
itercount --------> 8
[3, 4, 5]
[3, 4, 0]
[3, 4, 1]
[3, 4, 2]
[3, 4, 6]
[3, 4, 7]
[3, 4, 5, 0]
[3, 4, 5, 1]
[3, 4, 5, 2]
[3, 4, 5, 6]
[3, 4, 5, 7]
[3, 4, 5, 0, 1]
[3, 4, 5, 0, 2]
0.7368421052631579 0.7894736842105263
itercount --------> 9
[3, 5, 4]
[3, 5, 1]
[3, 5, 2]
[3, 5, 6]
[3, 5, 7]
[3, 5, 0]
[3, 5, 4, 1]
[3, 5, 4, 2]
[3, 5, 4, 6]
[3, 5, 4, 7]
[3, 5, 4, 0]
[3, 5, 4, 1, 2]
[3, 5, 4, 1, 6]
[3, 5, 4, 1, 7]
[3, 5, 4, 1, 0]
[3, 5, 4, 1, 2, 6]
[3, 5, 4, 1, 2, 7]
[3, 5, 4, 1, 2, 0]
[3, 5, 4, 1, 2, 6, 7]
[3, 5, 4, 1, 2, 6, 0]
[3, 5, 4, 1, 2, 6, 7, 0]
failed Once
after fail n ======> 4
[1, 2, 4, 3]
0.10344827586206896 0.12
itercount --------> 1
[4, 1, 6]
0.12 0.16666666666666666
itercount --------> 2
[1, 6, 3]
0.16666666666666666 0.24
itercount --------> 3
[1, 3, 6]
0.24 0.25
itercount --------> 4
[1, 6, 3]
0.25 0.2608695652173913
itercount --------> 5
[1, 3, 6]
0.2608695652173913 0.32
itercount --------> 6
[3, 1, 4]
[3, 1, 6]
[3, 1, 7]
[3, 1, 2]
[3, 1, 5]
[3, 1, 0]
0.32 0.34782608695652173
itercount --------> 7
[3, 4, 2]
[3, 4, 6]
[3, 4, 7]
[3, 4, 1]
[3, 4, 5]
[3, 4, 0]
[3, 4, 2, 6]
[3, 4, 2, 7]
[3, 4, 2, 1]
0.34782608695652173 0.42105263157894735
itercount --------> 8
[3, 4, 1]
[3, 4, 2]
[3, 4, 6]
0.42105263157894735 0.47619047619047616
itercount --------> 9
[3, 7, 4]
[3, 7, 6]
[3, 7, 1]
[3, 7, 2]
[3, 7, 0]
0.47619047619047616 0.48
itercount --------> 10
[7, 1, 2]
[7, 1, 4]
[7, 1, 3]
0.48 0.5
itercount --------> 11
[3, 7, 4]
[3, 7, 1]
[3, 7, 2]
[3, 7, 6]
[3, 7, 0]
[3, 7, 5]
[3, 7, 4, 1]
[3, 7, 4, 2]
[3, 7, 4, 6]
[3, 7, 4, 0]
[3, 7, 4, 5]
[3, 7, 4, 1, 2]
[3, 7, 4, 1, 6]
0.5 0.5238095238095238
itercount --------> 12
[3, 6, 7]
[3, 6, 4]
[3, 6, 0]
[3, 6, 1]
[3, 6, 2]
[3, 6, 5]
[3, 6, 7, 4]
[3, 6, 7, 0]
[3, 6, 7, 1]
[3, 6, 7, 2]
[3, 6, 7, 5]
[3, 6, 7, 4, 0]
[3, 6, 7, 4, 1]
[3, 6, 7, 4, 2]
[3, 6, 7, 4, 5]
[3, 6, 7, 4, 0, 1]
0.5238095238095238 0.55
itercount --------> 13
[6, 3, 0]
[6, 3, 1]
[6, 3, 2]
[6, 3, 7]
[6, 3, 4]
[6, 3, 5]
[6, 3, 0, 1]
[6, 3, 0, 2]
0.55 0.5555555555555556
itercount --------> 14
[6, 3, 4]
[6, 3, 0]
[6, 3, 1]
[6, 3, 2]
[6, 3, 5]
[6, 3, 7]
[6, 3, 4, 0]
[6, 3, 4, 1]
[6, 3, 4, 2]
[6, 3, 4, 5]
[6, 3, 4, 7]
[6, 3, 4, 0, 1]
[6, 3, 4, 0, 2]
[6, 3, 4, 0, 5]
[6, 3, 4, 0, 7]
[6, 3, 4, 0, 1, 2]
[6, 3, 4, 0, 1, 5]
[6, 3, 4, 0, 1, 7]
[6, 3, 4, 0, 1, 2, 5]
0.5555555555555556 0.5789473684210527
itercount --------> 15
[6, 3, 0]
[6, 3, 7]
[6, 3, 1]
[6, 3, 2]
[6, 3, 4]
[6, 3, 5]
[6, 3, 0, 7]
[6, 3, 0, 1]
[6, 3, 0, 2]
[6, 3, 0, 4]
[6, 3, 0, 5]
[6, 3, 0, 7, 1]
0.5789473684210527 0.6111111111111112
itercount --------> 16
[6, 3, 4]
[6, 3, 1]
[6, 3, 2]
[6, 3, 5]
[6, 3, 7]
[6, 3, 0]
[6, 3, 4, 1]
[6, 3, 4, 2]
[6, 3, 4, 5]
[6, 3, 4, 7]
[6, 3, 4, 0]
[6, 3, 4, 1, 2]
[6, 3, 4, 1, 5]
[6, 3, 4, 1, 7]
[6, 3, 4, 1, 0]
[6, 3, 4, 1, 2, 5]
[6, 3, 4, 1, 2, 7]
[6, 3, 4, 1, 2, 0]
[6, 3, 4, 1, 2, 5, 7]
[6, 3, 4, 1, 2, 5, 0]
[6, 3, 4, 1, 2, 5, 7, 0]
failed -> 2 times
after fail n ======> 5
[1, 2, 4, 3, 6]
0.10344827586206896 0.14285714285714285
itercount --------> 1
[1, 2, 0]
[1, 2, 3]
0.14285714285714285 0.15789473684210525
itercount --------> 2
[4, 3, 6]
0.15789473684210525 0.3333333333333333
itercount --------> 3
[4, 3, 1]
0.3333333333333333 0.44
itercount --------> 4
[1, 3, 7]
[1, 3, 2]
[1, 3, 4]
[1, 3, 6]
[1, 3, 5]
0.44 0.45454545454545453
itercount --------> 5
[3, 7, 1]
[3, 7, 2]
[3, 7, 4]
[3, 7, 6]
[3, 7, 5]
[3, 7, 0]
[3, 7, 1, 2]
[3, 7, 1, 4]
[3, 7, 1, 6]
[3, 7, 1, 5]
0.45454545454545453 0.4583333333333333
itercount --------> 6
[1, 7, 3]
0.4583333333333333 0.5769230769230769
itercount --------> 7
[1, 2, 5]
[1, 2, 3]
[1, 2, 4]
[1, 2, 6]
[1, 2, 7]
[1, 2, 0]
0.5769230769230769 0.6363636363636364
itercount --------> 8
[1, 2, 0]
0.6363636363636364 0.7368421052631579
itercount --------> 9
[3, 4, 5]
[3, 4, 0]
[3, 4, 1]
[3, 4, 2]
[3, 4, 6]
[3, 4, 7]
[3, 4, 5, 0]
[3, 4, 5, 1]
[3, 4, 5, 2]
[3, 4, 5, 6]
[3, 4, 5, 7]
[3, 4, 5, 0, 1]
[3, 4, 5, 0, 2]
[3, 4, 5, 0, 6]
[3, 4, 5, 0, 7]
[3, 4, 5, 0, 1, 2]
[3, 4, 5, 0, 1, 6]
[3, 4, 5, 0, 1, 7]
[3, 4, 5, 0, 1, 2, 6]
[3, 4, 5, 0, 1, 2, 7]
[3, 4, 5, 0, 1, 2, 6, 7]
failed -> 3 times
after fail n ======> 6
[1, 2, 4, 3, 6, 7]
0.10344827586206896 0.13333333333333333
itercount --------> 1
[1, 6, 2]
[1, 6, 3]
0.13333333333333333 0.1724137931034483
itercount --------> 2
[3, 6, 2]
0.1724137931034483 0.25
itercount --------> 3
[2, 3, 1]
0.25 0.32
itercount --------> 4
[3, 1, 4]
[3, 1, 6]
[3, 1, 7]
[3, 1, 2]
0.32 0.42857142857142855
itercount --------> 5
[3, 4, 1]
[3, 4, 6]
[3, 4, 7]
[3, 4, 2]
[3, 4, 5]
[3, 4, 0]
[3, 4, 1, 6]
[3, 4, 1, 7]
[3, 4, 1, 2]
[3, 4, 1, 5]
[3, 4, 1, 0]
[3, 4, 1, 6, 7]
[3, 4, 1, 6, 2]
[3, 4, 1, 6, 5]
[3, 4, 1, 6, 0]
[3, 4, 1, 6, 7, 2]
0.42857142857142855 0.44
itercount --------> 6
[1, 3, 7]
[1, 3, 2]
[1, 3, 4]
[1, 3, 6]
[1, 3, 5]
[1, 3, 0]
[1, 3, 7, 2]
[1, 3, 7, 4]
[1, 3, 7, 6]
[1, 3, 7, 5]
0.44 0.4444444444444444
itercount --------> 7
[7, 3, 4]
[7, 3, 5]
[7, 3, 6]
[7, 3, 0]
[7, 3, 1]
[7, 3, 2]
[7, 3, 4, 5]
0.4444444444444444 0.4782608695652174
itercount --------> 8
[3, 7, 1]
[3, 7, 2]
[3, 7, 4]
[3, 7, 6]
[3, 7, 5]
[3, 7, 0]
[3, 7, 1, 2]
[3, 7, 1, 4]
[3, 7, 1, 6]
[3, 7, 1, 5]
[3, 7, 1, 0]
0.4782608695652174 0.5263157894736842
itercount --------> 9
[3, 7, 4]
[3, 7, 6]
[3, 7, 0]
0.5263157894736842 0.6666666666666666
itercount --------> 10
[7, 3, 4]
[7, 3, 6]
0.6666666666666666 0.8
itercount --------> 11
[3, 7, 0]
[3, 7, 1]
[3, 7, 2]
[3, 7, 4]
[3, 7, 5]
[3, 7, 6]
[3, 7, 0, 1]
[3, 7, 0, 2]
[3, 7, 0, 4]
[3, 7, 0, 5]
[3, 7, 0, 6]
[3, 7, 0, 1, 2]
[3, 7, 0, 1, 4]
[3, 7, 0, 1, 5]
[3, 7, 0, 1, 6]
[3, 7, 0, 1, 2, 4]
[3, 7, 0, 1, 2, 5]
[3, 7, 0, 1, 2, 6]
[3, 7, 0, 1, 2, 4, 5]
[3, 7, 0, 1, 2, 4, 6]
[3, 7, 0, 1, 2, 4, 5, 6]
failed -> 4 times
after fail n ======> 7
[1, 2, 4, 3, 6, 7, 0]
0.10344827586206896 0.15555555555555556
itercount --------> 1
[1, 2, 3]
0.15555555555555556 0.16129032258064516
itercount --------> 2
[2, 1, 3]
0.16129032258064516 0.2222222222222222
itercount --------> 3
[1, 3, 4]
[1, 3, 2]
[1, 3, 7]
0.2222222222222222 0.24
itercount --------> 4
[1, 3, 7]
[1, 3, 4]
[1, 3, 2]
0.24 0.3333333333333333
itercount --------> 5
[7, 4, 3]
0.3333333333333333 0.35
itercount --------> 6
[4, 3, 7]
[4, 3, 1]
[4, 3, 2]
[4, 3, 6]
0.35 0.42857142857142855
itercount --------> 7
[7, 3, 4]
[7, 3, 6]
[7, 3, 1]
[7, 3, 2]
[7, 3, 0]
[7, 3, 5]
[7, 3, 4, 6]
[7, 3, 4, 1]
[7, 3, 4, 2]
[7, 3, 4, 0]
[7, 3, 4, 5]
[7, 3, 4, 6, 1]
[7, 3, 4, 6, 2]
0.42857142857142855 0.6
itercount --------> 8
[3, 4, 6]
[3, 4, 7]
[3, 4, 1]
[3, 4, 2]
[3, 4, 0]
[3, 4, 5]
[3, 4, 6, 7]
[3, 4, 6, 1]
[3, 4, 6, 2]
[3, 4, 6, 0]
[3, 4, 6, 5]
[3, 4, 6, 7, 1]
[3, 4, 6, 7, 2]
[3, 4, 6, 7, 0]
[3, 4, 6, 7, 5]
[3, 4, 6, 7, 1, 2]
[3, 4, 6, 7, 1, 0]
[3, 4, 6, 7, 1, 5]
[3, 4, 6, 7, 1, 2, 0]
[3, 4, 6, 7, 1, 2, 5]
[3, 4, 6, 7, 1, 2, 0, 5]
failed -> 5 times
after fail n ======> 8
[1, 2, 4, 3, 6, 7, 0, 5]
0.10344827586206896 0.125
itercount --------> 1
[2, 1, 3]
0.125 0.2
itercount --------> 2
[6, 7, 4]
0.2 0.22727272727272727
itercount --------> 3
[4, 1, 7]
0.22727272727272727 0.23529411764705882
itercount --------> 4
[4, 0, 1]
0.23529411764705882 0.34782608695652173
itercount --------> 5
[1, 7, 3]
0.34782608695652173 0.3793103448275862
itercount --------> 6
[1, 7, 6]
[1, 7, 3]
[1, 7, 5]
0.3793103448275862 0.5238095238095238
itercount --------> 7
[1, 6, 3]
[1, 6, 4]
[1, 6, 7]
[1, 6, 2]
[1, 6, 5]
[1, 6, 0]
0.5238095238095238 0.5555555555555556
itercount --------> 8
[6, 7, 3]
[6, 7, 4]
[6, 7, 5]
[6, 7, 0]
[6, 7, 1]
[6, 7, 2]
[6, 7, 3, 4]
[6, 7, 3, 5]
[6, 7, 3, 0]
[6, 7, 3, 1]
[6, 7, 3, 2]
[6, 7, 3, 4, 5]
[6, 7, 3, 4, 0]
[6, 7, 3, 4, 1]
[6, 7, 3, 4, 2]
[6, 7, 3, 4, 5, 0]
[6, 7, 3, 4, 5, 1]
0.5555555555555556 0.6111111111111112
itercount --------> 9
[6, 7, 3]
[6, 7, 0]
[6, 7, 4]
[6, 7, 1]
[6, 7, 2]
[6, 7, 5]
[6, 7, 3, 0]
[6, 7, 3, 4]
[6, 7, 3, 1]
[6, 7, 3, 2]
[6, 7, 3, 5]
[6, 7, 3, 0, 4]
[6, 7, 3, 0, 1]
0.6111111111111112 0.6666666666666666
itercount --------> 10
[6, 7, 3]
[6, 7, 4]
[6, 7, 0]
[6, 7, 1]
[6, 7, 2]
[6, 7, 5]
[6, 7, 3, 4]
[6, 7, 3, 0]
[6, 7, 3, 1]
[6, 7, 3, 2]
[6, 7, 3, 5]
[6, 7, 3, 4, 0]
[6, 7, 3, 4, 1]
[6, 7, 3, 4, 2]
[6, 7, 3, 4, 5]
[6, 7, 3, 4, 0, 1]
[6, 7, 3, 4, 0, 2]
[6, 7, 3, 4, 0, 5]
[6, 7, 3, 4, 0, 1, 2]
[6, 7, 3, 4, 0, 1, 5]
[6, 7, 3, 4, 0, 1, 2, 5]
failed -> 6 times
after fail n ======> 5
[1, 2, 4, 3, 6]
0.10344827586206896 0.16666666666666666
itercount --------> 1
[1, 6, 3]
[1, 6, 4]
0.16666666666666666 0.2
itercount --------> 2
[6, 1, 3]
0.2 0.24
itercount --------> 3
[1, 3, 6]
0.24 0.25
itercount --------> 4
[1, 6, 3]
0.25 0.32
itercount --------> 5
[3, 1, 4]
[3, 1, 6]
[3, 1, 7]
[3, 1, 2]
[3, 1, 5]
0.32 0.36363636363636365
itercount --------> 6
[3, 4, 6]
[3, 4, 7]
[3, 4, 1]
[3, 4, 2]
[3, 4, 5]
[3, 4, 0]
[3, 4, 6, 7]
[3, 4, 6, 1]
[3, 4, 6, 2]
[3, 4, 6, 5]
0.36363636363636365 0.38095238095238093
itercount --------> 7
[3, 4, 1]
[3, 4, 2]
[3, 4, 6]
[3, 4, 7]
[3, 4, 5]
[3, 4, 0]
[3, 4, 1, 2]
0.38095238095238093 0.42105263157894735
itercount --------> 8
[3, 4, 1]
[3, 4, 2]
[3, 4, 5]
[3, 4, 6]
0.42105263157894735 0.45454545454545453
itercount --------> 9
[3, 7, 1]
[3, 7, 2]
[3, 7, 4]
[3, 7, 6]
[3, 7, 5]
[3, 7, 0]
[3, 7, 1, 2]
0.45454545454545453 0.4583333333333333
itercount --------> 10
[1, 7, 3]
[1, 7, 4]
[1, 7, 2]
[1, 7, 5]
[1, 7, 6]
[1, 7, 0]
0.4583333333333333 0.46153846153846156
itercount --------> 11
[0, 7, 1]
[0, 7, 2]
0.46153846153846156 0.5
itercount --------> 12
[0, 7, 3]
[0, 7, 5]
0.5 0.5555555555555556
itercount --------> 13
[7, 4, 3]
0.5555555555555556 0.7368421052631579
itercount --------> 14
[3, 4, 5]
[3, 4, 0]
[3, 4, 1]
[3, 4, 2]
[3, 4, 6]
[3, 4, 7]
[3, 4, 5, 0]
[3, 4, 5, 1]
[3, 4, 5, 2]
[3, 4, 5, 6]
[3, 4, 5, 7]
[3, 4, 5, 0, 1]
[3, 4, 5, 0, 2]
[3, 4, 5, 0, 6]
[3, 4, 5, 0, 7]
[3, 4, 5, 0, 1, 2]
[3, 4, 5, 0, 1, 6]
[3, 4, 5, 0, 1, 7]
[3, 4, 5, 0, 1, 2, 6]
[3, 4, 5, 0, 1, 2, 7]
[3, 4, 5, 0, 1, 2, 6, 7]
failed -> 7 times
after fail n ======> 6
[1, 2, 4, 3, 6, 7]
0.10344827586206896 0.12
itercount --------> 1
[4, 1, 3]
[4, 1, 6]
0.12 0.2
itercount --------> 2
[1, 3, 4]
[1, 3, 6]
0.2 0.2222222222222222
itercount --------> 3
[1, 3, 4]
[1, 3, 2]
0.2222222222222222 0.2413793103448276
itercount --------> 4
[1, 3, 4]
0.2413793103448276 0.36363636363636365
itercount --------> 5
[3, 4, 6]
[3, 4, 7]
[3, 4, 1]
[3, 4, 2]
[3, 4, 0]
[3, 4, 5]
[3, 4, 6, 7]
[3, 4, 6, 1]
0.36363636363636365 0.3684210526315789
itercount --------> 6
[3, 4, 6]
[3, 4, 1]
[3, 4, 2]
[3, 4, 7]
[3, 4, 5]
[3, 4, 0]
[3, 4, 6, 1]
0.3684210526315789 0.4230769230769231
itercount --------> 7
[1, 3, 7]
[1, 3, 4]
[1, 3, 6]
[1, 3, 2]
0.4230769230769231 0.44
itercount --------> 8
[1, 3, 7]
[1, 3, 2]
[1, 3, 4]
[1, 3, 6]
[1, 3, 5]
0.44 0.45454545454545453
itercount --------> 9
[3, 7, 1]
[3, 7, 2]
[3, 7, 4]
[3, 7, 6]
[3, 7, 5]
[3, 7, 0]
[3, 7, 1, 2]
[3, 7, 1, 4]
[3, 7, 1, 6]
[3, 7, 1, 5]
0.45454545454545453 0.4583333333333333
itercount --------> 10
[1, 7, 3]
0.4583333333333333 0.5769230769230769
itercount --------> 11
[1, 2, 5]
0.5769230769230769 0.6521739130434783
itercount --------> 12
[1, 2, 5]
[1, 2, 3]
[1, 2, 4]
[1, 2, 6]
0.6521739130434783 0.6666666666666666
itercount --------> 13
[1, 3, 5]
[1, 3, 4]
[1, 3, 2]
[1, 3, 6]
[1, 3, 7]
[1, 3, 0]
0.6666666666666666 0.7
itercount --------> 14
[4, 5, 1]
[4, 5, 3]
[4, 5, 0]
[4, 5, 2]
[4, 5, 6]
[4, 5, 7]
[4, 5, 1, 3]
0.7 0.7368421052631579
itercount --------> 15
[3, 4, 5]
[3, 4, 0]
[3, 4, 1]
[3, 4, 2]
[3, 4, 6]
[3, 4, 7]
[3, 4, 5, 0]
[3, 4, 5, 1]
[3, 4, 5, 2]
[3, 4, 5, 6]
[3, 4, 5, 7]
[3, 4, 5, 0, 1]
[3, 4, 5, 0, 2]
[3, 4, 5, 0, 6]
[3, 4, 5, 0, 7]
[3, 4, 5, 0, 1, 2]
[3, 4, 5, 0, 1, 6]
0.7368421052631579 0.7894736842105263
itercount --------> 16
[3, 5, 4]
[3, 5, 1]
[3, 5, 2]
[3, 5, 6]
[3, 5, 7]
[3, 5, 0]
[3, 5, 4, 1]
[3, 5, 4, 2]
[3, 5, 4, 6]
[3, 5, 4, 7]
[3, 5, 4, 0]
[3, 5, 4, 1, 2]
[3, 5, 4, 1, 6]
[3, 5, 4, 1, 7]
[3, 5, 4, 1, 0]
[3, 5, 4, 1, 2, 6]
[3, 5, 4, 1, 2, 7]
[3, 5, 4, 1, 2, 0]
[3, 5, 4, 1, 2, 6, 7]
[3, 5, 4, 1, 2, 6, 0]
[3, 5, 4, 1, 2, 6, 7, 0]
failed -> 8 times
after fail n ======> 7
[1, 2, 4, 3, 6, 7, 0]
0.10344827586206896 0.1724137931034483
itercount --------> 1
[1, 6, 2]
0.1724137931034483 0.18181818181818182
itercount --------> 2
[6, 1, 3]
0.18181818181818182 0.2631578947368421
itercount --------> 3
[6, 1, 4]
0.2631578947368421 0.34782608695652173
itercount --------> 4
[6, 1, 2]
0.34782608695652173 0.4
itercount --------> 5
[6, 1, 2]
[6, 1, 4]
0.4 0.42105263157894735
itercount --------> 6
[6, 1, 3]
[6, 1, 4]
[6, 1, 0]
[6, 1, 7]
[6, 1, 2]
[6, 1, 5]
[6, 1, 3, 4]
0.42105263157894735 0.4444444444444444
itercount --------> 7
[6, 3, 4]
[6, 3, 7]
[6, 3, 0]
[6, 3, 1]
[6, 3, 2]
[6, 3, 5]
[6, 3, 4, 7]
[6, 3, 4, 0]
[6, 3, 4, 1]
[6, 3, 4, 2]
[6, 3, 4, 5]
[6, 3, 4, 7, 0]
[6, 3, 4, 7, 1]
[6, 3, 4, 7, 2]
[6, 3, 4, 7, 5]
[6, 3, 4, 7, 0, 1]
[6, 3, 4, 7, 0, 2]
[6, 3, 4, 7, 0, 5]
[6, 3, 4, 7, 0, 1, 2]
0.4444444444444444 0.45454545454545453
itercount --------> 8
[3, 6, 4]
[3, 6, 1]
[3, 6, 7]
[3, 6, 0]
[3, 6, 2]
[3, 6, 5]
[3, 6, 4, 1]
0.45454545454545453 0.47368421052631576
itercount --------> 9
[3, 4, 6]
[3, 4, 7]
[3, 4, 0]
[3, 4, 1]
[3, 4, 2]
[3, 4, 5]
[3, 4, 6, 7]
[3, 4, 6, 0]
0.47368421052631576 0.5
itercount --------> 10
[3, 4, 6]
[3, 4, 7]
[3, 4, 1]
0.5 0.5263157894736842
itercount --------> 11
[3, 4, 6]
[3, 4, 7]
[3, 4, 0]
[3, 4, 1]
[3, 4, 2]
[3, 4, 5]
[3, 4, 6, 7]
[3, 4, 6, 0]
[3, 4, 6, 1]
0.5263157894736842 0.55
itercount --------> 12
[4, 6, 3]
[4, 6, 7]
[4, 6, 1]
[4, 6, 0]
[4, 6, 2]
[4, 6, 5]
[4, 6, 3, 7]
[4, 6, 3, 1]
[4, 6, 3, 0]
[4, 6, 3, 2]
[4, 6, 3, 5]
[4, 6, 3, 7, 1]
[4, 6, 3, 7, 0]
[4, 6, 3, 7, 2]
[4, 6, 3, 7, 5]
[4, 6, 3, 7, 1, 0]
[4, 6, 3, 7, 1, 2]
0.55 0.5789473684210527
itercount --------> 13
[4, 6, 3]
[4, 6, 7]
[4, 6, 0]
[4, 6, 1]
[4, 6, 2]
[4, 6, 5]
[4, 6, 3, 7]
[4, 6, 3, 0]
[4, 6, 3, 1]
[4, 6, 3, 2]
[4, 6, 3, 5]
[4, 6, 3, 7, 0]
[4, 6, 3, 7, 1]
[4, 6, 3, 7, 2]
[4, 6, 3, 7, 5]
[4, 6, 3, 7, 0, 1]
[4, 6, 3, 7, 0, 2]
[4, 6, 3, 7, 0, 5]
[4, 6, 3, 7, 0, 1, 2]
[4, 6, 3, 7, 0, 1, 5]
[4, 6, 3, 7, 0, 1, 2, 5]
failed -> 9 times
after fail n ======> 8
[1, 2, 4, 3, 6, 7, 0, 5]
0.10344827586206896 0.14285714285714285
itercount --------> 1
[1, 2, 4]
0.14285714285714285 0.21739130434782608
itercount --------> 2
[1, 2, 4]
0.21739130434782608 0.2222222222222222
itercount --------> 3
[1, 2, 0]
[1, 2, 4]
[1, 2, 7]
[1, 2, 6]
[1, 2, 3]
0.2222222222222222 0.23529411764705882
itercount --------> 4
[4, 0, 1]
0.23529411764705882 0.2692307692307692
itercount --------> 5
[5, 1, 2]
[5, 1, 7]
0.2692307692307692 0.28
itercount --------> 6
[3, 4, 7]
[3, 4, 0]
[3, 4, 5]
0.28 0.36363636363636365
itercount --------> 7
[0, 7, 4]
0.36363636363636365 0.3684210526315789
itercount --------> 8
[3, 7, 0]
0.3684210526315789 0.3888888888888889
itercount --------> 9
[3, 7, 4]
[3, 7, 6]
[3, 7, 5]
[3, 7, 0]
[3, 7, 1]
[3, 7, 2]
[3, 7, 4, 6]
[3, 7, 4, 5]
0.3888888888888889 0.43478260869565216
itercount --------> 10
[5, 3, 6]
[5, 3, 0]
0.43478260869565216 0.5555555555555556
itercount --------> 11
[6, 7, 3]
[6, 7, 4]
[6, 7, 5]
[6, 7, 0]
[6, 7, 1]
[6, 7, 2]
[6, 7, 3, 4]
[6, 7, 3, 5]
[6, 7, 3, 0]
[6, 7, 3, 1]
[6, 7, 3, 2]
[6, 7, 3, 4, 5]
[6, 7, 3, 4, 0]
[6, 7, 3, 4, 1]
[6, 7, 3, 4, 2]
[6, 7, 3, 4, 5, 0]
0.5555555555555556 0.5789473684210527
itercount --------> 12
[3, 4, 6]
[3, 4, 0]
[3, 4, 5]
[3, 4, 7]
[3, 4, 1]
[3, 4, 2]
[3, 4, 6, 0]
[3, 4, 6, 5]
[3, 4, 6, 7]
[3, 4, 6, 1]
[3, 4, 6, 2]
[3, 4, 6, 0, 5]
[3, 4, 6, 0, 7]
[3, 4, 6, 0, 1]
[3, 4, 6, 0, 2]
0.5789473684210527 0.6111111111111112
itercount --------> 13
[6, 7, 3]
[6, 7, 4]
[6, 7, 5]
[6, 7, 0]
[6, 7, 1]
[6, 7, 2]
[6, 7, 3, 4]
[6, 7, 3, 5]
[6, 7, 3, 0]
[6, 7, 3, 1]
[6, 7, 3, 2]
[6, 7, 3, 4, 5]
[6, 7, 3, 4, 0]
[6, 7, 3, 4, 1]
[6, 7, 3, 4, 2]
[6, 7, 3, 4, 5, 0]
[6, 7, 3, 4, 5, 1]
[6, 7, 3, 4, 5, 2]
[6, 7, 3, 4, 5, 0, 1]
[6, 7, 3, 4, 5, 0, 2]
[6, 7, 3, 4, 5, 0, 1, 2]
failed -> 10 times
after fail n ======> 5
[1, 2, 4, 3, 6]
0.10344827586206896 0.13333333333333333
itercount --------> 1
[1, 6, 2]
0.13333333333333333 0.13636363636363635
itercount --------> 2
[1, 6, 3]
0.13636363636363635 0.23809523809523808
itercount --------> 3
[6, 1, 3]
0.23809523809523808 0.25
itercount --------> 4
[1, 6, 3]
0.25 0.2631578947368421
itercount --------> 5
[6, 3, 4]
[6, 3, 7]
[6, 3, 1]
[6, 3, 5]
[6, 3, 0]
[6, 3, 2]
[6, 3, 4, 7]
0.2631578947368421 0.36363636363636365
itercount --------> 6
[6, 1, 2]
0.36363636363636365 0.42857142857142855
itercount --------> 7
[6, 1, 2]
0.42857142857142855 0.44
itercount --------> 8
[1, 3, 6]
[1, 3, 2]
[1, 3, 4]
[1, 3, 7]
[1, 3, 5]
0.44 0.45454545454545453
itercount --------> 9
[3, 6, 1]
[3, 6, 2]
[3, 6, 4]
[3, 6, 7]
[3, 6, 5]
[3, 6, 0]
[3, 6, 1, 2]
[3, 6, 1, 4]
[3, 6, 1, 7]
[3, 6, 1, 5]
0.45454545454545453 0.4583333333333333
itercount --------> 10
[1, 6, 3]
0.4583333333333333 0.5769230769230769
itercount --------> 11
[1, 2, 5]
0.5769230769230769 0.6521739130434783
itercount --------> 12
[1, 2, 5]
[1, 2, 3]
[1, 2, 4]
[1, 2, 6]
[1, 2, 7]
0.6521739130434783 0.6666666666666666
itercount --------> 13
[1, 3, 5]
[1, 3, 4]
[1, 3, 2]
[1, 3, 6]
[1, 3, 7]
[1, 3, 0]
0.6666666666666666 0.7
itercount --------> 14
[4, 5, 1]
0.7 0.7368421052631579
itercount --------> 15
[3, 4, 5]
[3, 4, 0]
[3, 4, 1]
[3, 4, 2]
[3, 4, 6]
[3, 4, 7]
[3, 4, 5, 0]
0.7368421052631579 0.7894736842105263
itercount --------> 16
[3, 5, 4]
[3, 5, 1]
[3, 5, 2]
[3, 5, 6]
[3, 5, 7]
[3, 5, 0]
[3, 5, 4, 1]
[3, 5, 4, 2]
[3, 5, 4, 6]
[3, 5, 4, 7]
[3, 5, 4, 0]
[3, 5, 4, 1, 2]
[3, 5, 4, 1, 6]
[3, 5, 4, 1, 7]
[3, 5, 4, 1, 0]
[3, 5, 4, 1, 2, 6]
[3, 5, 4, 1, 2, 7]
[3, 5, 4, 1, 2, 0]
[3, 5, 4, 1, 2, 6, 7]
[3, 5, 4, 1, 2, 6, 0]
[3, 5, 4, 1, 2, 6, 7, 0]
failed -> 11 times
after fail n ======> 6
[1, 2, 4, 3, 6, 7]
0.10344827586206896 0.12
itercount --------> 1
[4, 1, 6]
0.12 0.2222222222222222
itercount --------> 2
[1, 3, 4]
[1, 3, 2]
0.2222222222222222 0.36363636363636365
itercount --------> 3
[3, 4, 6]
[3, 4, 7]
[3, 4, 1]
[3, 4, 2]
[3, 4, 0]
[3, 4, 5]
[3, 4, 6, 7]
[3, 4, 6, 1]
0.36363636363636365 0.3684210526315789
itercount --------> 4
[3, 4, 6]
[3, 4, 1]
[3, 4, 2]
[3, 4, 7]
[3, 4, 5]
[3, 4, 0]
[3, 4, 6, 1]
[3, 4, 6, 2]
[3, 4, 6, 7]
0.3684210526315789 0.42857142857142855
itercount --------> 5
[6, 3, 4]
[6, 3, 7]
[6, 3, 1]
[6, 3, 2]
[6, 3, 0]
[6, 3, 5]
[6, 3, 4, 7]
[6, 3, 4, 1]
[6, 3, 4, 2]
[6, 3, 4, 0]
0.42857142857142855 0.45
itercount --------> 6
[6, 0, 4]
[6, 0, 3]
[6, 0, 1]
0.45 0.5
itercount --------> 7
[6, 3, 4]
[6, 3, 0]
[6, 3, 1]
[6, 3, 2]
[6, 3, 5]
[6, 3, 7]
[6, 3, 4, 0]
[6, 3, 4, 1]
[6, 3, 4, 2]
[6, 3, 4, 5]
[6, 3, 4, 7]
[6, 3, 4, 0, 1]
[6, 3, 4, 0, 2]
0.5 0.5263157894736842
itercount --------> 8
[6, 3, 0]
[6, 3, 1]
[6, 3, 2]
[6, 3, 4]
[6, 3, 5]
[6, 3, 7]
[6, 3, 0, 1]
0.5263157894736842 0.5555555555555556
itercount --------> 9
[6, 3, 4]
[6, 3, 0]
[6, 3, 1]
[6, 3, 2]
[6, 3, 5]
[6, 3, 7]
[6, 3, 4, 0]
[6, 3, 4, 1]
[6, 3, 4, 2]
[6, 3, 4, 5]
[6, 3, 4, 7]
[6, 3, 4, 0, 1]
[6, 3, 4, 0, 2]
[6, 3, 4, 0, 5]
[6, 3, 4, 0, 7]
[6, 3, 4, 0, 1, 2]
[6, 3, 4, 0, 1, 5]
[6, 3, 4, 0, 1, 7]
[6, 3, 4, 0, 1, 2, 5]
[6, 3, 4, 0, 1, 2, 7]
[6, 3, 4, 0, 1, 2, 5, 7]
failed -> 12 times
after fail n ======> 7
[1, 2, 4, 3, 6, 7, 0]
0.10344827586206896 0.13043478260869565
itercount --------> 1
[1, 2, 0]
0.13043478260869565 0.1724137931034483
itercount --------> 2
[2, 6, 1]
0.1724137931034483 0.2962962962962963
itercount --------> 3
[3, 1, 2]
0.2962962962962963 0.391304347826087
itercount --------> 4
[3, 4, 5]
[3, 4, 7]
[3, 4, 6]
[3, 4, 1]
[3, 4, 2]
[3, 4, 0]
[3, 4, 5, 7]
0.391304347826087 0.5172413793103449
itercount --------> 5
[5, 1, 2]
0.5172413793103449 0.7
itercount --------> 6
[1, 2, 0]
0.7 0.7368421052631579
itercount --------> 7
[3, 4, 5]
[3, 4, 0]
[3, 4, 1]
[3, 4, 2]
[3, 4, 6]
[3, 4, 7]
[3, 4, 5, 0]
[3, 4, 5, 1]
[3, 4, 5, 2]
[3, 4, 5, 6]
[3, 4, 5, 7]
[3, 4, 5, 0, 1]
[3, 4, 5, 0, 2]
[3, 4, 5, 0, 6]
[3, 4, 5, 0, 7]
[3, 4, 5, 0, 1, 2]
[3, 4, 5, 0, 1, 6]
[3, 4, 5, 0, 1, 7]
[3, 4, 5, 0, 1, 2, 6]
[3, 4, 5, 0, 1, 2, 7]
[3, 4, 5, 0, 1, 2, 6, 7]
failed -> 13 times
after fail n ======> 8
[1, 2, 4, 3, 6, 7, 0, 5]
0.10344827586206896 0.14285714285714285
itercount --------> 1
[1, 2, 4]
0.14285714285714285 0.21739130434782608
itercount --------> 2
[1, 2, 4]
[1, 2, 0]
[1, 2, 5]
0.21739130434782608 0.29411764705882354
itercount --------> 3
[0, 1, 2]
[0, 1, 5]
[0, 1, 4]
0.29411764705882354 0.3333333333333333
itercount --------> 4
[1, 4, 3]
0.3333333333333333 0.35
itercount --------> 5
[1, 4, 3]
[1, 4, 7]
[1, 4, 6]
[1, 4, 5]
0.35 0.4117647058823529
itercount --------> 6
[0, 1, 2]
[0, 1, 5]
[0, 1, 7]
0.4117647058823529 0.4444444444444444
itercount --------> 7
[3, 4, 7]
[3, 4, 6]
[3, 4, 5]
[3, 4, 0]
[3, 4, 1]
[3, 4, 2]
[3, 4, 7, 6]
[3, 4, 7, 5]
0.4444444444444444 0.6111111111111112
itercount --------> 8
[6, 7, 3]
[6, 7, 4]
[6, 7, 5]
[6, 7, 0]
[6, 7, 1]
[6, 7, 2]
[6, 7, 3, 4]
[6, 7, 3, 5]
[6, 7, 3, 0]
[6, 7, 3, 1]
[6, 7, 3, 2]
[6, 7, 3, 4, 5]
[6, 7, 3, 4, 0]
[6, 7, 3, 4, 1]
[6, 7, 3, 4, 2]
[6, 7, 3, 4, 5, 0]
[6, 7, 3, 4, 5, 1]
[6, 7, 3, 4, 5, 2]
[6, 7, 3, 4, 5, 0, 1]
[6, 7, 3, 4, 5, 0, 2]
[6, 7, 3, 4, 5, 0, 1, 2]
failed -> 14 times
after fail n ======> 5
[1, 2, 4, 3, 6]
0.10344827586206896 0.13333333333333333
itercount --------> 1
[1, 6, 2]
0.13333333333333333 0.2608695652173913
itercount --------> 2
[1, 6, 3]
0.2608695652173913 0.28
itercount --------> 3
[1, 3, 5]
[1, 3, 6]
[1, 3, 4]
0.28 0.375
itercount --------> 4
[3, 1, 4]
[3, 1, 5]
0.375 0.4090909090909091
itercount --------> 5
[3, 4, 1]
[3, 4, 7]
[3, 4, 5]
[3, 4, 6]
[3, 4, 2]
[3, 4, 0]
[3, 4, 1, 7]
[3, 4, 1, 5]
[3, 4, 1, 6]
0.4090909090909091 0.42105263157894735
itercount --------> 6
[3, 4, 1]
[3, 4, 2]
[3, 4, 5]
[3, 4, 6]
0.42105263157894735 0.45454545454545453
itercount --------> 7
[3, 7, 1]
[3, 7, 2]
[3, 7, 4]
[3, 7, 6]
[3, 7, 5]
[3, 7, 0]
[3, 7, 1, 2]
[3, 7, 1, 4]
[3, 7, 1, 6]
[3, 7, 1, 5]
0.45454545454545453 0.4782608695652174
itercount --------> 8
[3, 7, 1]
[3, 7, 2]
[3, 7, 4]
[3, 7, 6]
[3, 7, 5]
[3, 7, 0]
[3, 7, 1, 2]
[3, 7, 1, 4]
[3, 7, 1, 6]
[3, 7, 1, 5]
[3, 7, 1, 0]
0.4782608695652174 0.5263157894736842
itercount --------> 9
[3, 7, 4]
[3, 7, 6]
[3, 7, 0]
0.5263157894736842 0.6666666666666666
itercount --------> 10
[7, 3, 4]
[7, 3, 6]
[7, 3, 1]
0.6666666666666666 0.8
itercount --------> 11
[3, 7, 0]
[3, 7, 1]
[3, 7, 2]
[3, 7, 4]
[3, 7, 5]
[3, 7, 6]
[3, 7, 0, 1]
[3, 7, 0, 2]
[3, 7, 0, 4]
[3, 7, 0, 5]
[3, 7, 0, 6]
[3, 7, 0, 1, 2]
[3, 7, 0, 1, 4]
[3, 7, 0, 1, 5]
[3, 7, 0, 1, 6]
[3, 7, 0, 1, 2, 4]
[3, 7, 0, 1, 2, 5]
[3, 7, 0, 1, 2, 6]
[3, 7, 0, 1, 2, 4, 5]
[3, 7, 0, 1, 2, 4, 6]
[3, 7, 0, 1, 2, 4, 5, 6]
failed -> 15 times
after fail n ======> 6
[1, 2, 4, 3, 6, 7]
0.10344827586206896 0.125
itercount --------> 1
[4, 1, 2]
[4, 1, 3]
0.125 0.16666666666666666
itercount --------> 2
[4, 2, 7]
0.16666666666666666 0.17391304347826086
itercount --------> 3
[4, 2, 7]
0.17391304347826086 0.2
itercount --------> 4
[4, 1, 2]
0.2 0.23529411764705882
itercount --------> 5
[4, 0, 1]
0.23529411764705882 0.42105263157894735
itercount --------> 6
[7, 5, 3]
[7, 5, 4]
[7, 5, 1]
[7, 5, 2]
[7, 5, 6]
[7, 5, 0]
[7, 5, 3, 4]
[7, 5, 3, 1]
[7, 5, 3, 2]
[7, 5, 3, 6]
0.42105263157894735 0.42857142857142855
itercount --------> 7
[4, 5, 3]
[4, 5, 6]
[4, 5, 7]
[4, 5, 1]
0.42857142857142855 0.45
itercount --------> 8
[4, 3, 6]
[4, 3, 7]
[4, 3, 1]
[4, 3, 2]
[4, 3, 5]
[4, 3, 0]
0.45 0.4782608695652174
itercount --------> 9
[4, 3, 7]
[4, 3, 6]
0.4782608695652174 0.5454545454545454
itercount --------> 10
[3, 6, 0]
[3, 6, 7]
[3, 6, 5]
[3, 6, 1]
[3, 6, 2]
[3, 6, 4]
[3, 6, 0, 7]
[3, 6, 0, 5]
0.5454545454545454 0.5789473684210527
itercount --------> 11
[6, 7, 1]
[6, 7, 2]
[6, 7, 3]
[6, 7, 4]
[6, 7, 5]
[6, 7, 0]
[6, 7, 1, 2]
[6, 7, 1, 3]
[6, 7, 1, 4]
[6, 7, 1, 5]
[6, 7, 1, 0]
[6, 7, 1, 2, 3]
[6, 7, 1, 2, 4]
[6, 7, 1, 2, 5]
0.5789473684210527 0.6111111111111112
itercount --------> 12
[6, 7, 3]
[6, 7, 4]
[6, 7, 5]
[6, 7, 0]
[6, 7, 1]
[6, 7, 2]
[6, 7, 3, 4]
[6, 7, 3, 5]
[6, 7, 3, 0]
[6, 7, 3, 1]
[6, 7, 3, 2]
[6, 7, 3, 4, 5]
[6, 7, 3, 4, 0]
[6, 7, 3, 4, 1]
[6, 7, 3, 4, 2]
[6, 7, 3, 4, 5, 0]
[6, 7, 3, 4, 5, 1]
[6, 7, 3, 4, 5, 2]
[6, 7, 3, 4, 5, 0, 1]
[6, 7, 3, 4, 5, 0, 2]
[6, 7, 3, 4, 5, 0, 1, 2]
failed -> 16 times
after fail n ======> 7
[1, 2, 4, 3, 6, 7, 0]
0.10344827586206896 0.15555555555555556
itercount --------> 1
[1, 2, 3]
0.15555555555555556 0.2222222222222222
itercount --------> 2
[2, 3, 4]
[2, 3, 1]
0.2222222222222222 0.36363636363636365
itercount --------> 3
[3, 4, 6]
[3, 4, 7]
[3, 4, 1]
[3, 4, 2]
[3, 4, 0]
[3, 4, 5]
[3, 4, 6, 7]
[3, 4, 6, 1]
0.36363636363636365 0.44
itercount --------> 4
[1, 3, 7]
[1, 3, 2]
[1, 3, 4]
[1, 3, 6]
[1, 3, 5]
[1, 3, 0]
[1, 3, 7, 2]
[1, 3, 7, 4]
[1, 3, 7, 6]
[1, 3, 7, 5]
0.44 0.45454545454545453
itercount --------> 5
[3, 7, 1]
[3, 7, 2]
[3, 7, 4]
[3, 7, 6]
[3, 7, 5]
[3, 7, 0]
[3, 7, 1, 2]
[3, 7, 1, 4]
[3, 7, 1, 6]
[3, 7, 1, 5]
0.45454545454545453 0.4583333333333333
itercount --------> 6
[1, 7, 3]
[1, 7, 4]
[1, 7, 2]
[1, 7, 5]
[1, 7, 6]
[1, 7, 0]
0.4583333333333333 0.46153846153846156
itercount --------> 7
[0, 7, 1]
0.46153846153846156 0.5
itercount --------> 8
[0, 7, 3]
0.5 0.7
itercount --------> 9
[7, 3, 5]
[7, 3, 0]
[7, 3, 4]
[7, 3, 1]
[7, 3, 2]
[7, 3, 6]
[7, 3, 5, 0]
0.7 0.7368421052631579
itercount --------> 10
[3, 4, 5]
[3, 4, 0]
[3, 4, 1]
[3, 4, 2]
[3, 4, 6]
[3, 4, 7]
[3, 4, 5, 0]
[3, 4, 5, 1]
[3, 4, 5, 2]
[3, 4, 5, 6]
[3, 4, 5, 7]
[3, 4, 5, 0, 1]
[3, 4, 5, 0, 2]
[3, 4, 5, 0, 6]
[3, 4, 5, 0, 7]
[3, 4, 5, 0, 1, 2]
[3, 4, 5, 0, 1, 6]
[3, 4, 5, 0, 1, 7]
[3, 4, 5, 0, 1, 2, 6]
[3, 4, 5, 0, 1, 2, 7]
[3, 4, 5, 0, 1, 2, 6, 7]
failed -> 17 times
after fail n ======> 8
[1, 2, 4, 3, 6, 7, 0, 5]
0.10344827586206896 0.10526315789473684
itercount --------> 1
[2, 6, 1]
0.10526315789473684 0.17391304347826086
itercount --------> 2
[6, 2, 4]
[6, 2, 5]
0.17391304347826086 0.2
itercount --------> 3
[6, 4, 5]
[6, 4, 1]
0.2 0.20833333333333334
itercount --------> 4
[6, 5, 1]
[6, 5, 2]
0.20833333333333334 0.21052631578947367
itercount --------> 5
[1, 2, 6]
0.21052631578947367 0.28
itercount --------> 6
[2, 4, 6]
[2, 4, 7]
[2, 4, 3]
0.28 0.30434782608695654
itercount --------> 7
[2, 4, 7]
0.30434782608695654 0.3157894736842105
itercount --------> 8
[3, 4, 7]
0.3157894736842105 0.42105263157894735
itercount --------> 9
[4, 2, 3]
[4, 2, 5]
[4, 2, 6]
[4, 2, 7]
[4, 2, 0]
[4, 2, 1]
[4, 2, 3, 5]
[4, 2, 3, 6]
0.42105263157894735 0.5
itercount --------> 10
[4, 7, 3]
[4, 7, 2]
[4, 7, 6]
[4, 7, 5]
0.5 0.52
itercount --------> 11
[5, 7, 2]
[5, 7, 4]
[5, 7, 1]
[5, 7, 3]
[5, 7, 6]
[5, 7, 0]
[5, 7, 2, 4]
0.52 0.5652173913043478
itercount --------> 12
[5, 4, 2]
[5, 4, 3]
[5, 4, 7]
[5, 4, 1]
[5, 4, 6]
[5, 4, 0]
0.5652173913043478 0.6363636363636364
itercount --------> 13
[4, 2, 5]
[4, 2, 0]
[4, 2, 3]
[4, 2, 1]
[4, 2, 6]
[4, 2, 7]
[4, 2, 5, 0]
0.6363636363636364 0.6666666666666666
itercount --------> 14
[4, 5, 0]
[4, 5, 3]
[4, 5, 1]
0.6666666666666666 0.7368421052631579
itercount --------> 15
[3, 4, 5]
[3, 4, 0]
[3, 4, 1]
[3, 4, 2]
[3, 4, 6]
[3, 4, 7]
[3, 4, 5, 0]
[3, 4, 5, 1]
[3, 4, 5, 2]
[3, 4, 5, 6]
[3, 4, 5, 7]
[3, 4, 5, 0, 1]
[3, 4, 5, 0, 2]
[3, 4, 5, 0, 6]
[3, 4, 5, 0, 7]
[3, 4, 5, 0, 1, 2]
[3, 4, 5, 0, 1, 6]
[3, 4, 5, 0, 1, 7]
[3, 4, 5, 0, 1, 2, 6]
[3, 4, 5, 0, 1, 2, 7]
[3, 4, 5, 0, 1, 2, 6, 7]
failed -> 18 times
after fail n ======> 5
[1, 2, 4, 3, 6]
0.10344827586206896 0.13333333333333333
itercount --------> 1
[2, 6, 1]
0.13333333333333333 0.25
itercount --------> 2
[1, 2, 6]
0.25 0.28
itercount --------> 3
[2, 3, 5]
0.28 0.375
itercount --------> 4
[3, 2, 4]
[3, 2, 5]
0.375 0.38095238095238093
itercount --------> 5
[3, 4, 2]
[3, 4, 7]
0.38095238095238093 0.5769230769230769
itercount --------> 6
[2, 1, 5]
0.5769230769230769 0.6521739130434783
itercount --------> 7
[2, 1, 5]
[2, 1, 3]
[2, 1, 4]
[2, 1, 6]
[2, 1, 7]
[2, 1, 0]
0.6521739130434783 0.7368421052631579
itercount --------> 8
[3, 4, 5]
[3, 4, 0]
[3, 4, 1]
[3, 4, 2]
[3, 4, 6]
[3, 4, 7]
[3, 4, 5, 0]
[3, 4, 5, 1]
[3, 4, 5, 2]
[3, 4, 5, 6]
[3, 4, 5, 7]
[3, 4, 5, 0, 1]
[3, 4, 5, 0, 2]
[3, 4, 5, 0, 6]
[3, 4, 5, 0, 7]
[3, 4, 5, 0, 1, 2]
[3, 4, 5, 0, 1, 6]
[3, 4, 5, 0, 1, 7]
[3, 4, 5, 0, 1, 2, 6]
[3, 4, 5, 0, 1, 2, 7]
[3, 4, 5, 0, 1, 2, 6, 7]
failed -> 19 times
after fail n ======> 6
[1, 2, 4, 3, 6, 7]
0.10344827586206896 0.14285714285714285
itercount --------> 1
[1, 2, 6]
[1, 2, 4]
0.14285714285714285 0.20689655172413793
itercount --------> 2
[2, 6, 1]
0.20689655172413793 0.22727272727272727
itercount --------> 3
[1, 2, 6]
0.22727272727272727 0.2777777777777778
itercount --------> 4
[1, 2, 0]
[1, 2, 6]
[1, 2, 4]
[1, 2, 7]
[1, 2, 3]
0.2777777777777778 0.29411764705882354
itercount --------> 5
[6, 5, 0]
[6, 5, 1]
[6, 5, 2]
[6, 5, 4]
[6, 5, 3]
[6, 5, 7]
[6, 5, 0, 1]
[6, 5, 0, 2]
[6, 5, 0, 4]
[6, 5, 0, 3]
[6, 5, 0, 7]
[6, 5, 0, 1, 2]
[6, 5, 0, 1, 4]
[6, 5, 0, 1, 3]
[6, 5, 0, 1, 7]
[6, 5, 0, 1, 2, 4]
[6, 5, 0, 1, 2, 3]
[6, 5, 0, 1, 2, 7]
[6, 5, 0, 1, 2, 4, 3]
0.29411764705882354 0.3
itercount --------> 6
[6, 4, 7]
[6, 4, 1]
[6, 4, 2]
[6, 4, 3]
[6, 4, 0]
[6, 4, 5]
[6, 4, 7, 1]
[6, 4, 7, 2]
0.3 0.30434782608695654
itercount --------> 7
[2, 1, 6]
0.30434782608695654 0.3076923076923077
itercount --------> 8
[2, 1, 6]
[2, 1, 4]
0.3076923076923077 0.39473684210526316
itercount --------> 9
[2, 1, 5]
0.39473684210526316 0.5384615384615384
itercount --------> 10
[1, 2, 3]
[1, 2, 5]
[1, 2, 6]
[1, 2, 4]
[1, 2, 7]
[1, 2, 0]
0.5384615384615384 0.65
itercount --------> 11
[1, 3, 4]
[1, 3, 5]
0.65 0.6666666666666666
itercount --------> 12
[1, 3, 4]
[1, 3, 5]
[1, 3, 0]
0.6666666666666666 0.7368421052631579
itercount --------> 13
[3, 4, 5]
[3, 4, 0]
[3, 4, 1]
[3, 4, 2]
[3, 4, 6]
[3, 4, 7]
[3, 4, 5, 0]
[3, 4, 5, 1]
[3, 4, 5, 2]
[3, 4, 5, 6]
[3, 4, 5, 7]
[3, 4, 5, 0, 1]
[3, 4, 5, 0, 2]
[3, 4, 5, 0, 6]
[3, 4, 5, 0, 7]
[3, 4, 5, 0, 1, 2]
[3, 4, 5, 0, 1, 6]
[3, 4, 5, 0, 1, 7]
[3, 4, 5, 0, 1, 2, 6]
[3, 4, 5, 0, 1, 2, 7]
[3, 4, 5, 0, 1, 2, 6, 7]
failed -> 20 times
after fail n ======> 7
[1, 2, 4, 3, 6, 7, 0]
0.10344827586206896 0.13333333333333333
itercount --------> 1
[2, 6, 1]
[2, 6, 3]
0.13333333333333333 0.1724137931034483
itercount --------> 2
[3, 6, 1]
0.1724137931034483 0.19047619047619047
itercount --------> 3
[3, 6, 2]
0.19047619047619047 0.20833333333333334
itercount --------> 4
[1, 3, 2]
0.20833333333333334 0.25
itercount --------> 5
[6, 3, 2]
[6, 3, 4]
[6, 3, 7]
0.25 0.2608695652173913
itercount --------> 6
[2, 3, 6]
[2, 3, 1]
[2, 3, 4]
[2, 3, 7]
[2, 3, 5]
0.2608695652173913 0.2857142857142857
itercount --------> 7
[2, 3, 1]
[2, 3, 4]
0.2857142857142857 0.30434782608695654
itercount --------> 8
[2, 4, 6]
[2, 4, 1]
0.30434782608695654 0.3888888888888889
itercount --------> 9
[1, 2, 6]
[1, 2, 4]
[1, 2, 3]
[1, 2, 7]
0.3888888888888889 0.4117647058823529
itercount --------> 10
[3, 0, 5]
[3, 0, 1]
[3, 0, 2]
[3, 0, 6]
[3, 0, 7]
[3, 0, 4]
0.4117647058823529 0.42105263157894735
itercount --------> 11
[3, 6, 7]
[3, 6, 0]
[3, 6, 4]
[3, 6, 5]
[3, 6, 1]
[3, 6, 2]
[3, 6, 7, 0]
[3, 6, 7, 4]
[3, 6, 7, 5]
0.42105263157894735 0.45454545454545453
itercount --------> 12
[5, 3, 7]
0.45454545454545453 0.5
itercount --------> 13
[5, 2, 3]
[5, 2, 4]
[5, 2, 1]
0.5 0.7619047619047619
itercount --------> 14
[1, 2, 3]
[1, 2, 4]
[1, 2, 5]
[1, 2, 6]
[1, 2, 7]
[1, 2, 0]
0.7619047619047619 0.7894736842105263
itercount --------> 15
[0, 3, 4]
[0, 3, 1]
[0, 3, 2]
[0, 3, 5]
0.7894736842105263 0.8
itercount --------> 16
[3, 4, 1]
[3, 4, 2]
[3, 4, 5]
[3, 4, 6]
[3, 4, 7]
[3, 4, 0]
[3, 4, 1, 2]
[3, 4, 1, 5]
[3, 4, 1, 6]
[3, 4, 1, 7]
[3, 4, 1, 0]
[3, 4, 1, 2, 5]
[3, 4, 1, 2, 6]
[3, 4, 1, 2, 7]
[3, 4, 1, 2, 0]
[3, 4, 1, 2, 5, 6]
[3, 4, 1, 2, 5, 7]
[3, 4, 1, 2, 5, 0]
[3, 4, 1, 2, 5, 6, 7]
[3, 4, 1, 2, 5, 6, 0]
[3, 4, 1, 2, 5, 6, 7, 0]
failed -> 21 times
after fail n ======> 8
[1, 2, 4, 3, 6, 7, 0, 5]
0.10344827586206896 0.13043478260869565
itercount --------> 1
[1, 2, 6]
[1, 2, 0]
0.13043478260869565 0.1724137931034483
itercount --------> 2
[2, 6, 1]
0.1724137931034483 0.25
itercount --------> 3
[1, 0, 6]
0.25 0.2777777777777778
itercount --------> 4
[1, 2, 0]
[1, 2, 6]
[1, 2, 3]
[1, 2, 5]
[1, 2, 7]
[1, 2, 4]
[1, 2, 0, 6]
[1, 2, 0, 3]
[1, 2, 0, 5]
[1, 2, 0, 7]
[1, 2, 0, 4]
[1, 2, 0, 6, 3]
[1, 2, 0, 6, 5]
0.2777777777777778 0.29411764705882354
itercount --------> 5
[6, 5, 1]
[6, 5, 2]
[6, 5, 0]
[6, 5, 3]
[6, 5, 7]
[6, 5, 4]
[6, 5, 1, 2]
[6, 5, 1, 0]
[6, 5, 1, 3]
[6, 5, 1, 7]
[6, 5, 1, 4]
[6, 5, 1, 2, 0]
[6, 5, 1, 2, 3]
[6, 5, 1, 2, 7]
[6, 5, 1, 2, 4]
[6, 5, 1, 2, 0, 3]
[6, 5, 1, 2, 0, 7]
[6, 5, 1, 2, 0, 4]
[6, 5, 1, 2, 0, 3, 7]
0.29411764705882354 0.3
itercount --------> 6
[6, 5, 3]
[6, 5, 4]
[6, 5, 7]
0.3 0.3333333333333333
itercount --------> 7
[6, 5, 3]
[6, 5, 7]
[6, 5, 4]
[6, 5, 0]
[6, 5, 1]
[6, 5, 2]
[6, 5, 3, 7]
[6, 5, 3, 4]
[6, 5, 3, 0]
[6, 5, 3, 1]
[6, 5, 3, 2]
[6, 5, 3, 7, 4]
[6, 5, 3, 7, 0]
[6, 5, 3, 7, 1]
[6, 5, 3, 7, 2]
[6, 5, 3, 7, 4, 0]
[6, 5, 3, 7, 4, 1]
[6, 5, 3, 7, 4, 2]
[6, 5, 3, 7, 4, 0, 1]
[6, 5, 3, 7, 4, 0, 2]
[6, 5, 3, 7, 4, 0, 1, 2]
failed -> 22 times
after fail n ======> 5
[1, 2, 4, 3, 6]
0.10344827586206896 0.13636363636363635
itercount --------> 1
[2, 6, 3]
0.13636363636363635 0.20833333333333334
itercount --------> 2
[1, 3, 2]
0.20833333333333334 0.25
itercount --------> 3
[6, 3, 2]
[6, 3, 4]
[6, 3, 7]
0.25 0.2608695652173913
itercount --------> 4
[2, 3, 6]
[2, 3, 1]
[2, 3, 4]
[2, 3, 7]
[2, 3, 5]
0.2608695652173913 0.3333333333333333
itercount --------> 5
[4, 2, 1]
0.3333333333333333 0.3888888888888889
itercount --------> 6
[1, 2, 6]
[1, 2, 4]
[1, 2, 3]
[1, 2, 7]
0.3888888888888889 0.4117647058823529
itercount --------> 7
[3, 0, 5]
[3, 0, 1]
[3, 0, 2]
[3, 0, 6]
[3, 0, 7]
[3, 0, 4]
[3, 0, 5, 1]
0.4117647058823529 0.42857142857142855
itercount --------> 8
[0, 3, 4]
[0, 3, 6]
[0, 3, 7]
[0, 3, 5]
[0, 3, 1]
[0, 3, 2]
[0, 3, 4, 6]
0.42857142857142855 0.5
itercount --------> 9
[0, 7, 3]
[0, 7, 4]
[0, 7, 5]
[0, 7, 6]
[0, 7, 1]
[0, 7, 2]
[0, 7, 3, 4]
[0, 7, 3, 5]
[0, 7, 3, 6]
[0, 7, 3, 1]
[0, 7, 3, 2]
[0, 7, 3, 4, 5]
[0, 7, 3, 4, 6]
[0, 7, 3, 4, 1]
[0, 7, 3, 4, 2]
[0, 7, 3, 4, 5, 6]
[0, 7, 3, 4, 5, 1]
[0, 7, 3, 4, 5, 2]
[0, 7, 3, 4, 5, 6, 1]
[0, 7, 3, 4, 5, 6, 2]
[0, 7, 3, 4, 5, 6, 1, 2]
failed -> 23 times
after fail n ======> 6
[1, 2, 4, 3, 6, 7]
0.10344827586206896 0.13636363636363635
itercount --------> 1
[1, 6, 3]
0.13636363636363635 0.15
itercount --------> 2
[1, 6, 4]
[1, 6, 3]
0.15 0.25
itercount --------> 3
[1, 6, 3]
0.25 0.2631578947368421
itercount --------> 4
[6, 3, 4]
[6, 3, 7]
[6, 3, 1]
[6, 3, 5]
[6, 3, 0]
[6, 3, 2]
[6, 3, 4, 7]
[6, 3, 4, 1]
[6, 3, 4, 5]
[6, 3, 4, 0]
[6, 3, 4, 2]
[6, 3, 4, 7, 1]
0.2631578947368421 0.36363636363636365
itercount --------> 5
[6, 1, 4]
[6, 1, 2]
0.36363636363636365 0.42105263157894735
itercount --------> 6
[6, 1, 2]
[6, 1, 3]
[6, 1, 0]
[6, 1, 4]
[6, 1, 7]
[6, 1, 5]
[6, 1, 2, 3]
0.42105263157894735 0.4444444444444444
itercount --------> 7
[6, 3, 4]
[6, 3, 7]
[6, 3, 0]
[6, 3, 1]
[6, 3, 2]
[6, 3, 5]
[6, 3, 4, 7]
[6, 3, 4, 0]
[6, 3, 4, 1]
[6, 3, 4, 2]
[6, 3, 4, 5]
[6, 3, 4, 7, 0]
[6, 3, 4, 7, 1]
[6, 3, 4, 7, 2]
[6, 3, 4, 7, 5]
[6, 3, 4, 7, 0, 1]
[6, 3, 4, 7, 0, 2]
[6, 3, 4, 7, 0, 5]
[6, 3, 4, 7, 0, 1, 2]
[6, 3, 4, 7, 0, 1, 5]
[6, 3, 4, 7, 0, 1, 2, 5]
failed -> 24 times
after fail n ======> 7
[1, 2, 4, 3, 6, 7, 0]
0.10344827586206896 0.1724137931034483
itercount --------> 1
[3, 6, 1]
0.1724137931034483 0.25
itercount --------> 2
[1, 3, 2]
0.25 0.42857142857142855
itercount --------> 3
[3, 2, 4]
[3, 2, 1]
[3, 2, 6]
[3, 2, 7]
[3, 2, 5]
[3, 2, 0]
[3, 2, 4, 1]
[3, 2, 4, 6]
[3, 2, 4, 7]
0.42857142857142855 0.44
itercount --------> 4
[2, 3, 6]
[2, 3, 1]
[2, 3, 4]
[2, 3, 7]
[2, 3, 5]
0.44 0.45454545454545453
itercount --------> 5
[3, 6, 1]
[3, 6, 2]
[3, 6, 4]
[3, 6, 7]
[3, 6, 5]
[3, 6, 0]
[3, 6, 1, 2]
[3, 6, 1, 4]
[3, 6, 1, 7]
[3, 6, 1, 5]
0.45454545454545453 0.5
itercount --------> 6
[3, 6, 4]
[3, 6, 7]
[3, 6, 1]
[3, 6, 2]
0.5 0.5238095238095238
itercount --------> 7
[2, 6, 4]
[2, 6, 3]
[2, 6, 1]
[2, 6, 5]
[2, 6, 7]
[2, 6, 0]
0.5238095238095238 0.5263157894736842
itercount --------> 8
[6, 4, 3]
0.5263157894736842 0.7
itercount --------> 9
[1, 2, 0]
[1, 2, 3]
[1, 2, 4]
[1, 2, 5]
[1, 2, 6]
[1, 2, 7]
[1, 2, 0, 3]
0.7 0.7368421052631579
itercount --------> 10
[3, 4, 5]
[3, 4, 0]
[3, 4, 1]
[3, 4, 2]
[3, 4, 6]
[3, 4, 7]
[3, 4, 5, 0]
[3, 4, 5, 1]
[3, 4, 5, 2]
[3, 4, 5, 6]
[3, 4, 5, 7]
[3, 4, 5, 0, 1]
[3, 4, 5, 0, 2]
[3, 4, 5, 0, 6]
[3, 4, 5, 0, 7]
[3, 4, 5, 0, 1, 2]
[3, 4, 5, 0, 1, 6]
[3, 4, 5, 0, 1, 7]
[3, 4, 5, 0, 1, 2, 6]
[3, 4, 5, 0, 1, 2, 7]
[3, 4, 5, 0, 1, 2, 6, 7]
failed -> 25 times
after fail n ======> 8
[1, 2, 4, 3, 6, 7, 0, 5]
0.10344827586206896 0.14285714285714285
itercount --------> 1
[1, 4, 3]
[1, 4, 6]
0.14285714285714285 0.21428571428571427
itercount --------> 2
[1, 3, 4]
0.21428571428571427 0.30434782608695654
itercount --------> 3
[4, 3, 7]
[4, 3, 1]
[4, 3, 2]
[4, 3, 6]
[4, 3, 5]
[4, 3, 0]
[4, 3, 7, 1]
[4, 3, 7, 2]
[4, 3, 7, 6]
0.30434782608695654 0.34615384615384615
itercount --------> 4
[1, 4, 6]
[1, 4, 7]
0.34615384615384615 0.36363636363636365
itercount --------> 5
[7, 1, 4]
[7, 1, 3]
[7, 1, 2]
0.36363636363636365 0.3888888888888889
itercount --------> 6
[7, 3, 4]
[7, 3, 5]
[7, 3, 6]
[7, 3, 0]
[7, 3, 1]
[7, 3, 2]
[7, 3, 4, 5]
0.3888888888888889 0.42857142857142855
itercount --------> 7
[7, 1, 4]
[7, 1, 3]
[7, 1, 6]
[7, 1, 0]
[7, 1, 2]
0.42857142857142855 0.47368421052631576
itercount --------> 8
[7, 3, 4]
[7, 3, 6]
[7, 3, 0]
[7, 3, 1]
0.47368421052631576 0.5263157894736842
itercount --------> 9
[3, 4, 6]
[3, 4, 7]
[3, 4, 0]
[3, 4, 1]
[3, 4, 2]
[3, 4, 5]
[3, 4, 6, 7]
[3, 4, 6, 0]
0.5263157894736842 0.5454545454545454
itercount --------> 10
[4, 6, 3]
[4, 6, 7]
[4, 6, 0]
[4, 6, 1]
[4, 6, 2]
[4, 6, 5]
[4, 6, 3, 7]
[4, 6, 3, 0]
[4, 6, 3, 1]
[4, 6, 3, 2]
[4, 6, 3, 5]
[4, 6, 3, 7, 0]
[4, 6, 3, 7, 1]
[4, 6, 3, 7, 2]
[4, 6, 3, 7, 5]
[4, 6, 3, 7, 0, 1]
0.5454545454545454 0.5789473684210527
itercount --------> 11
[4, 6, 3]
[4, 6, 7]
[4, 6, 0]
[4, 6, 1]
[4, 6, 2]
[4, 6, 5]
[4, 6, 3, 7]
[4, 6, 3, 0]
[4, 6, 3, 1]
[4, 6, 3, 2]
[4, 6, 3, 5]
[4, 6, 3, 7, 0]
[4, 6, 3, 7, 1]
[4, 6, 3, 7, 2]
[4, 6, 3, 7, 5]
[4, 6, 3, 7, 0, 1]
[4, 6, 3, 7, 0, 2]
[4, 6, 3, 7, 0, 5]
[4, 6, 3, 7, 0, 1, 2]
[4, 6, 3, 7, 0, 1, 5]
[4, 6, 3, 7, 0, 1, 2, 5]
0.5789473684210527 0.6
itercount --------> 12
[6, 1, 2]
[6, 1, 3]
[6, 1, 4]
0.6 0.7272727272727273
itercount --------> 13
[1, 2, 5]
[1, 2, 3]
[1, 2, 4]
[1, 2, 6]
[1, 2, 7]
[1, 2, 0]
[1, 2, 5, 3]
0.7272727272727273 0.75
itercount --------> 14
[1, 2, 4]
[1, 2, 5]
[1, 2, 3]
[1, 2, 6]
0.75 0.7894736842105263
itercount --------> 15
[3, 5, 4]
[3, 5, 1]
[3, 5, 2]
[3, 5, 6]
[3, 5, 7]
[3, 5, 0]
[3, 5, 4, 1]
[3, 5, 4, 2]
[3, 5, 4, 6]
[3, 5, 4, 7]
[3, 5, 4, 0]
[3, 5, 4, 1, 2]
[3, 5, 4, 1, 6]
[3, 5, 4, 1, 7]
[3, 5, 4, 1, 0]
[3, 5, 4, 1, 2, 6]
0.7894736842105263 0.8
itercount --------> 16
[1, 3, 4]
[1, 3, 5]
[1, 3, 2]
[1, 3, 6]
[1, 3, 7]
[1, 3, 0]
[1, 3, 4, 5]
[1, 3, 4, 2]
[1, 3, 4, 6]
[1, 3, 4, 7]
[1, 3, 4, 0]
[1, 3, 4, 5, 2]
[1, 3, 4, 5, 6]
[1, 3, 4, 5, 7]
[1, 3, 4, 5, 0]
[1, 3, 4, 5, 2, 6]
[1, 3, 4, 5, 2, 7]
0.8 0.8421052631578947
itercount --------> 17
[3, 1, 2]
[3, 1, 4]
[3, 1, 5]
[3, 1, 6]
[3, 1, 7]
[3, 1, 0]
[3, 1, 2, 4]
[3, 1, 2, 5]
[3, 1, 2, 6]
[3, 1, 2, 7]
[3, 1, 2, 0]
[3, 1, 2, 4, 5]
[3, 1, 2, 4, 6]
[3, 1, 2, 4, 7]
[3, 1, 2, 4, 0]
[3, 1, 2, 4, 5, 6]
[3, 1, 2, 4, 5, 7]
[3, 1, 2, 4, 5, 0]
[3, 1, 2, 4, 5, 6, 7]
[3, 1, 2, 4, 5, 6, 0]
[3, 1, 2, 4, 5, 6, 7, 0]
failed -> 26 times
after fail n ======> 5
[1, 2, 4, 3, 6]
0.10344827586206896 0.15555555555555556
itercount --------> 1
[1, 2, 3]
0.15555555555555556 0.2222222222222222
itercount --------> 2
[2, 3, 4]
[2, 3, 1]
0.2222222222222222 0.36363636363636365
itercount --------> 3
[3, 4, 6]
[3, 4, 7]
[3, 4, 1]
[3, 4, 2]
[3, 4, 0]
[3, 4, 5]
[3, 4, 6, 7]
[3, 4, 6, 1]
0.36363636363636365 0.44
itercount --------> 4
[1, 3, 7]
[1, 3, 2]
[1, 3, 4]
[1, 3, 6]
[1, 3, 5]
[1, 3, 0]
0.44 0.47619047619047616
itercount --------> 5
[3, 7, 4]
[3, 7, 6]
[3, 7, 1]
[3, 7, 2]
[3, 7, 0]
[3, 7, 5]
[3, 7, 4, 6]
[3, 7, 4, 1]
[3, 7, 4, 2]
[3, 7, 4, 0]
[3, 7, 4, 5]
[3, 7, 4, 6, 1]
[3, 7, 4, 6, 2]
[3, 7, 4, 6, 0]
[3, 7, 4, 6, 5]
[3, 7, 4, 6, 1, 2]
[3, 7, 4, 6, 1, 0]
0.47619047619047616 0.48
itercount --------> 6
[1, 7, 4]
[1, 7, 2]
[1, 7, 3]
[1, 7, 5]
0.48 0.5238095238095238
itercount --------> 7
[7, 1, 2]
[7, 1, 4]
[7, 1, 3]
[7, 1, 5]
[7, 1, 6]
[7, 1, 0]
[7, 1, 2, 4]
[7, 1, 2, 3]
0.5238095238095238 0.6818181818181818
itercount --------> 8
[1, 2, 3]
[1, 2, 5]
[1, 2, 4]
[1, 2, 6]
[1, 2, 7]
[1, 2, 0]
[1, 2, 3, 5]
0.6818181818181818 0.75
itercount --------> 9
[1, 2, 3]
[1, 2, 5]
[1, 2, 4]
[1, 2, 6]
[1, 2, 7]
0.75 0.7894736842105263
itercount --------> 10
[3, 5, 4]
[3, 5, 1]
[3, 5, 2]
[3, 5, 6]
[3, 5, 7]
[3, 5, 0]
[3, 5, 4, 1]
[3, 5, 4, 2]
[3, 5, 4, 6]
[3, 5, 4, 7]
[3, 5, 4, 0]
[3, 5, 4, 1, 2]
[3, 5, 4, 1, 6]
[3, 5, 4, 1, 7]
[3, 5, 4, 1, 0]
[3, 5, 4, 1, 2, 6]
[3, 5, 4, 1, 2, 7]
[3, 5, 4, 1, 2, 0]
[3, 5, 4, 1, 2, 6, 7]
[3, 5, 4, 1, 2, 6, 0]
[3, 5, 4, 1, 2, 6, 7, 0]
failed -> 27 times
after fail n ======> 6
[1, 2, 4, 3, 6, 7]
0.10344827586206896 0.1724137931034483
itercount --------> 1
[6, 2, 1]
0.1724137931034483 0.21428571428571427
itercount --------> 2
[1, 2, 3]
0.21428571428571427 0.24
itercount --------> 3
[1, 3, 4]
[1, 3, 6]
[1, 3, 7]
[1, 3, 2]
[1, 3, 5]
[1, 3, 0]
0.24 0.25
itercount --------> 4
[6, 2, 3]
0.25 0.4
itercount --------> 5
[3, 2, 4]
[3, 2, 6]
[3, 2, 7]
[3, 2, 5]
[3, 2, 0]
0.4 0.42105263157894735
itercount --------> 6
[3, 4, 6]
[3, 4, 7]
[3, 4, 0]
[3, 4, 5]
[3, 4, 1]
[3, 4, 2]
0.42105263157894735 0.4444444444444444
itercount --------> 7
[3, 4, 6]
[3, 4, 7]
0.4444444444444444 0.5263157894736842
itercount --------> 8
[3, 6, 4]
[3, 6, 7]
[3, 6, 0]
[3, 6, 1]
[3, 6, 2]
[3, 6, 5]
[3, 6, 4, 7]
[3, 6, 4, 0]
0.5263157894736842 0.5555555555555556
itercount --------> 9
[6, 3, 4]
[6, 3, 0]
[6, 3, 1]
[6, 3, 2]
[6, 3, 5]
[6, 3, 7]
[6, 3, 4, 0]
[6, 3, 4, 1]
[6, 3, 4, 2]
[6, 3, 4, 5]
[6, 3, 4, 7]
[6, 3, 4, 0, 1]
[6, 3, 4, 0, 2]
[6, 3, 4, 0, 5]
[6, 3, 4, 0, 7]
[6, 3, 4, 0, 1, 2]
[6, 3, 4, 0, 1, 5]
[6, 3, 4, 0, 1, 7]
[6, 3, 4, 0, 1, 2, 5]
[6, 3, 4, 0, 1, 2, 7]
[6, 3, 4, 0, 1, 2, 5, 7]
failed -> 28 times
after fail n ======> 7
[1, 2, 4, 3, 6, 7, 0]
0.10344827586206896 0.2608695652173913
itercount --------> 1
[2, 6, 3]
0.2608695652173913 0.2857142857142857
itercount --------> 2
[6, 3, 2]
0.2857142857142857 0.375
itercount --------> 3
[3, 2, 4]
[3, 2, 5]
[3, 2, 7]
[3, 2, 6]
0.375 0.42857142857142855
itercount --------> 4
[3, 2, 4]
[3, 2, 1]
[3, 2, 6]
[3, 2, 7]
[3, 2, 5]
[3, 2, 0]
[3, 2, 4, 1]
[3, 2, 4, 6]
[3, 2, 4, 7]
0.42857142857142855 0.44
itercount --------> 5
[2, 3, 6]
[2, 3, 1]
[2, 3, 4]
[2, 3, 7]
[2, 3, 5]
0.44 0.45454545454545453
itercount --------> 6
[3, 6, 1]
[3, 6, 2]
[3, 6, 4]
[3, 6, 7]
[3, 6, 5]
[3, 6, 0]
[3, 6, 1, 2]
[3, 6, 1, 4]
[3, 6, 1, 7]
[3, 6, 1, 5]
0.45454545454545453 0.5
itercount --------> 7
[3, 6, 4]
[3, 6, 7]
[3, 6, 1]
[3, 6, 2]
0.5 0.5238095238095238
itercount --------> 8
[2, 6, 4]
[2, 6, 3]
0.5238095238095238 0.6521739130434783
itercount --------> 9
[2, 1, 3]
[2, 1, 5]
[2, 1, 4]
[2, 1, 6]
[2, 1, 7]
[2, 1, 0]
0.6521739130434783 0.7
itercount --------> 10
[1, 2, 0]
0.7 0.7368421052631579
itercount --------> 11
[3, 4, 5]
[3, 4, 0]
[3, 4, 1]
[3, 4, 2]
[3, 4, 6]
[3, 4, 7]
[3, 4, 5, 0]
[3, 4, 5, 1]
[3, 4, 5, 2]
[3, 4, 5, 6]
[3, 4, 5, 7]
[3, 4, 5, 0, 1]
[3, 4, 5, 0, 2]
[3, 4, 5, 0, 6]
[3, 4, 5, 0, 7]
[3, 4, 5, 0, 1, 2]
[3, 4, 5, 0, 1, 6]
[3, 4, 5, 0, 1, 7]
[3, 4, 5, 0, 1, 2, 6]
[3, 4, 5, 0, 1, 2, 7]
[3, 4, 5, 0, 1, 2, 6, 7]
failed -> 29 times
after fail n ======> 8
[1, 2, 4, 3, 6, 7, 0, 5]
0.10344827586206896 0.14285714285714285
itercount --------> 1
[1, 2, 0]
[1, 2, 3]
[1, 2, 4]
0.14285714285714285 0.2608695652173913
itercount --------> 2
[2, 6, 3]
0.2608695652173913 0.375
itercount --------> 3
[3, 2, 4]
[3, 2, 5]
0.375 0.38095238095238093
itercount --------> 4
[3, 4, 2]
[3, 4, 7]
[3, 4, 5]
0.38095238095238093 0.4090909090909091
itercount --------> 5
[2, 7, 1]
[2, 7, 4]
0.4090909090909091 0.5172413793103449
itercount --------> 6
[2, 1, 5]
0.5172413793103449 0.5769230769230769
itercount --------> 7
[2, 1, 5]
[2, 1, 3]
[2, 1, 4]
[2, 1, 6]
[2, 1, 7]
[2, 1, 0]
0.5769230769230769 0.6363636363636364
itercount --------> 8
[2, 5, 0]
0.6363636363636364 0.6818181818181818
itercount --------> 9
[2, 5, 3]
[2, 5, 1]
[2, 5, 4]
[2, 5, 6]
[2, 5, 7]
[2, 5, 0]
[2, 5, 3, 1]
[2, 5, 3, 4]
[2, 5, 3, 6]
[2, 5, 3, 7]
[2, 5, 3, 0]
0.6818181818181818 0.7368421052631579
itercount --------> 10
[3, 4, 5]
[3, 4, 0]
[3, 4, 1]
[3, 4, 2]
[3, 4, 6]
[3, 4, 7]
[3, 4, 5, 0]
[3, 4, 5, 1]
[3, 4, 5, 2]
[3, 4, 5, 6]
[3, 4, 5, 7]
[3, 4, 5, 0, 1]
[3, 4, 5, 0, 2]
[3, 4, 5, 0, 6]
[3, 4, 5, 0, 7]
[3, 4, 5, 0, 1, 2]
[3, 4, 5, 0, 1, 6]
[3, 4, 5, 0, 1, 7]
[3, 4, 5, 0, 1, 2, 6]
[3, 4, 5, 0, 1, 2, 7]
[3, 4, 5, 0, 1, 2, 6, 7]
failed -> 30 times
after fail n ======> 5
[1, 2, 4, 3, 6]
0.10344827586206896 0.1724137931034483
itercount --------> 1
[6, 1, 2]
0.1724137931034483 0.2608695652173913
itercount --------> 2
[2, 6, 3]
0.2608695652173913 0.42857142857142855
itercount --------> 3
[3, 2, 4]
[3, 2, 1]
[3, 2, 6]
[3, 2, 7]
[3, 2, 5]
[3, 2, 0]
[3, 2, 4, 1]
[3, 2, 4, 6]
0.42857142857142855 0.44
itercount --------> 4
[2, 3, 7]
[2, 3, 1]
[2, 3, 4]
[2, 3, 6]
[2, 3, 5]
0.44 0.45454545454545453
itercount --------> 5
[3, 7, 1]
[3, 7, 2]
[3, 7, 4]
[3, 7, 6]
[3, 7, 5]
[3, 7, 0]
[3, 7, 1, 2]
[3, 7, 1, 4]
[3, 7, 1, 6]
[3, 7, 1, 5]
0.45454545454545453 0.5
itercount --------> 6
[3, 7, 4]
[3, 7, 6]
[3, 7, 1]
[3, 7, 2]
[3, 7, 5]
0.5 0.5238095238095238
itercount --------> 7
[7, 1, 2]
[7, 1, 4]
[7, 1, 3]
[7, 1, 5]
[7, 1, 6]
[7, 1, 0]
0.5238095238095238 0.55
itercount --------> 8
[7, 0, 3]
0.55 0.7142857142857143
itercount --------> 9
[1, 2, 5]
[1, 2, 7]
[1, 2, 3]
[1, 2, 4]
[1, 2, 0]
0.7142857142857143 0.7368421052631579
itercount --------> 10
[3, 4, 5]
[3, 4, 0]
[3, 4, 1]
[3, 4, 2]
[3, 4, 6]
[3, 4, 7]
[3, 4, 5, 0]
[3, 4, 5, 1]
[3, 4, 5, 2]
[3, 4, 5, 6]
[3, 4, 5, 7]
[3, 4, 5, 0, 1]
0.7368421052631579 0.75
itercount --------> 11
[3, 5, 4]
[3, 5, 7]
[3, 5, 0]
[3, 5, 1]
[3, 5, 2]
[3, 5, 6]
[3, 5, 4, 7]
[3, 5, 4, 0]
[3, 5, 4, 1]
[3, 5, 4, 2]
[3, 5, 4, 6]
[3, 5, 4, 7, 0]
[3, 5, 4, 7, 1]
[3, 5, 4, 7, 2]
[3, 5, 4, 7, 6]
[3, 5, 4, 7, 0, 1]
[3, 5, 4, 7, 0, 2]
0.75 0.7894736842105263
itercount --------> 12
[0, 3, 4]
[0, 3, 1]
0.7894736842105263 0.8
itercount --------> 13
[3, 7, 0]
[3, 7, 1]
[3, 7, 2]
[3, 7, 4]
[3, 7, 5]
[3, 7, 6]
[3, 7, 0, 1]
[3, 7, 0, 2]
[3, 7, 0, 4]
[3, 7, 0, 5]
[3, 7, 0, 6]
[3, 7, 0, 1, 2]
[3, 7, 0, 1, 4]
[3, 7, 0, 1, 5]
[3, 7, 0, 1, 6]
[3, 7, 0, 1, 2, 4]
[3, 7, 0, 1, 2, 5]
[3, 7, 0, 1, 2, 6]
[3, 7, 0, 1, 2, 4, 5]
[3, 7, 0, 1, 2, 4, 6]
[3, 7, 0, 1, 2, 4, 5, 6]
failed -> 31 times
after fail n ======> 6
[1, 2, 4, 3, 6, 7]
0.10344827586206896 0.15555555555555556
itercount --------> 1
[1, 2, 3]
0.15555555555555556 0.36363636363636365
itercount --------> 2
[3, 4, 6]
[3, 4, 7]
[3, 4, 1]
[3, 4, 2]
[3, 4, 0]
[3, 4, 5]
[3, 4, 6, 7]
[3, 4, 6, 1]
0.36363636363636365 0.3684210526315789
itercount --------> 3
[3, 4, 6]
[3, 4, 1]
[3, 4, 2]
[3, 4, 7]
[3, 4, 5]
[3, 4, 0]
[3, 4, 6, 1]
0.3684210526315789 0.44
itercount --------> 4
[1, 3, 7]
[1, 3, 2]
[1, 3, 4]
[1, 3, 6]
[1, 3, 5]
0.44 0.45454545454545453
itercount --------> 5
[3, 7, 1]
[3, 7, 2]
[3, 7, 4]
[3, 7, 6]
[3, 7, 5]
[3, 7, 0]
[3, 7, 1, 2]
[3, 7, 1, 4]
[3, 7, 1, 6]
[3, 7, 1, 5]
0.45454545454545453 0.4583333333333333
itercount --------> 6
[1, 7, 3]
0.4583333333333333 0.5769230769230769
itercount --------> 7
[1, 2, 5]
[1, 2, 3]
[1, 2, 4]
[1, 2, 6]
0.5769230769230769 0.6086956521739131
itercount --------> 8
[1, 3, 2]
[1, 3, 5]
[1, 3, 4]
[1, 3, 6]
[1, 3, 7]
[1, 3, 0]
[1, 3, 2, 5]
[1, 3, 2, 4]
[1, 3, 2, 6]
[1, 3, 2, 7]
[1, 3, 2, 0]
0.6086956521739131 0.6190476190476191
itercount --------> 9
[1, 3, 4]
[1, 3, 0]
[1, 3, 5]
[1, 3, 6]
[1, 3, 7]
[1, 3, 2]
[1, 3, 4, 0]
0.6190476190476191 0.6363636363636364
itercount --------> 10
[1, 0, 3]
0.6363636363636364 0.7
itercount --------> 11
[1, 0, 3]
[1, 0, 4]
[1, 0, 5]
0.7 0.7368421052631579
itercount --------> 12
[3, 4, 5]
[3, 4, 0]
[3, 4, 1]
[3, 4, 2]
[3, 4, 6]
[3, 4, 7]
[3, 4, 5, 0]
[3, 4, 5, 1]
[3, 4, 5, 2]
[3, 4, 5, 6]
[3, 4, 5, 7]
[3, 4, 5, 0, 1]
[3, 4, 5, 0, 2]
[3, 4, 5, 0, 6]
[3, 4, 5, 0, 7]
[3, 4, 5, 0, 1, 2]
[3, 4, 5, 0, 1, 6]
[3, 4, 5, 0, 1, 7]
[3, 4, 5, 0, 1, 2, 6]
[3, 4, 5, 0, 1, 2, 7]
[3, 4, 5, 0, 1, 2, 6, 7]
failed -> 32 times
after fail n ======> 7
[1, 2, 4, 3, 6, 7, 0]
0.10344827586206896 0.1111111111111111
itercount --------> 1
[1, 2, 0]
0.1111111111111111 0.12
itercount --------> 2
[1, 2, 4]
0.12 0.15789473684210525
itercount --------> 3
[1, 2, 0]
[1, 2, 6]
0.15789473684210525 0.21739130434782608
itercount --------> 4
[4, 2, 7]
[4, 2, 3]
[4, 2, 1]
0.21739130434782608 0.25
itercount --------> 5
[4, 3, 7]
0.25 0.2727272727272727
itercount --------> 6
[4, 3, 1]
[4, 3, 2]
[4, 3, 6]
[4, 3, 7]
[4, 3, 0]
[4, 3, 5]
[4, 3, 1, 2]
[4, 3, 1, 6]
[4, 3, 1, 7]
[4, 3, 1, 0]
0.2727272727272727 0.3
itercount --------> 7
[4, 3, 6]
[4, 3, 7]
[4, 3, 0]
[4, 3, 5]
[4, 3, 1]
[4, 3, 2]
[4, 3, 6, 7]
[4, 3, 6, 0]
[4, 3, 6, 5]
[4, 3, 6, 1]
[4, 3, 6, 2]
[4, 3, 6, 7, 0]
[4, 3, 6, 7, 5]
[4, 3, 6, 7, 1]
[4, 3, 6, 7, 2]
[4, 3, 6, 7, 0, 5]
[4, 3, 6, 7, 0, 1]
[4, 3, 6, 7, 0, 2]
[4, 3, 6, 7, 0, 5, 1]
[4, 3, 6, 7, 0, 5, 2]
[4, 3, 6, 7, 0, 5, 1, 2]
failed -> 33 times
after fail n ======> 8
[1, 2, 4, 3, 6, 7, 0, 5]
0.10344827586206896 0.15384615384615385
itercount --------> 1
[6, 2, 3]
0.15384615384615385 0.21052631578947367
itercount --------> 2
[6, 5, 3]
0.21052631578947367 0.2222222222222222
itercount --------> 3
[6, 3, 4]
[6, 3, 7]
0.2222222222222222 0.23529411764705882
itercount --------> 4
[6, 5, 1]
[6, 5, 2]
[6, 5, 0]
[6, 5, 3]
[6, 5, 7]
[6, 5, 4]
[6, 5, 1, 2]
[6, 5, 1, 0]
[6, 5, 1, 3]
[6, 5, 1, 7]
[6, 5, 1, 4]
[6, 5, 1, 2, 0]
[6, 5, 1, 2, 3]
[6, 5, 1, 2, 7]
[6, 5, 1, 2, 4]
[6, 5, 1, 2, 0, 3]
[6, 5, 1, 2, 0, 7]
[6, 5, 1, 2, 0, 4]
0.23529411764705882 0.23809523809523808
itercount --------> 5
[6, 1, 0]
0.23809523809523808 0.2631578947368421
itercount --------> 6
[5, 6, 3]
[5, 6, 7]
[5, 6, 4]
[5, 6, 1]
[5, 6, 2]
[5, 6, 0]
[5, 6, 3, 7]
[5, 6, 3, 4]
0.2631578947368421 0.29411764705882354
itercount --------> 7
[6, 5, 1]
[6, 5, 2]
[6, 5, 0]
[6, 5, 3]
[6, 5, 7]
[6, 5, 4]
[6, 5, 1, 2]
[6, 5, 1, 0]
[6, 5, 1, 3]
[6, 5, 1, 7]
[6, 5, 1, 4]
[6, 5, 1, 2, 0]
[6, 5, 1, 2, 3]
[6, 5, 1, 2, 7]
[6, 5, 1, 2, 4]
[6, 5, 1, 2, 0, 3]
[6, 5, 1, 2, 0, 7]
[6, 5, 1, 2, 0, 4]
[6, 5, 1, 2, 0, 3, 7]
0.29411764705882354 0.3
itercount --------> 8
[6, 5, 3]
[6, 5, 4]
[6, 5, 7]
0.3 0.3333333333333333
itercount --------> 9
[6, 5, 3]
[6, 5, 7]
[6, 5, 4]
[6, 5, 0]
[6, 5, 1]
[6, 5, 2]
[6, 5, 3, 7]
[6, 5, 3, 4]
[6, 5, 3, 0]
[6, 5, 3, 1]
[6, 5, 3, 2]
[6, 5, 3, 7, 4]
[6, 5, 3, 7, 0]
[6, 5, 3, 7, 1]
[6, 5, 3, 7, 2]
[6, 5, 3, 7, 4, 0]
[6, 5, 3, 7, 4, 1]
[6, 5, 3, 7, 4, 2]
[6, 5, 3, 7, 4, 0, 1]
[6, 5, 3, 7, 4, 0, 2]
[6, 5, 3, 7, 4, 0, 1, 2]
failed -> 34 times
after fail n ======> 5
[1, 2, 4, 3, 6]
0.10344827586206896 0.12
itercount --------> 1
[4, 1, 6]
0.12 0.15384615384615385
itercount --------> 2
[4, 1, 3]
0.15384615384615385 0.2608695652173913
itercount --------> 3
[1, 3, 6]
0.2608695652173913 0.32
itercount --------> 4
[3, 1, 4]
[3, 1, 6]
[3, 1, 7]
[3, 1, 2]
[3, 1, 5]
0.32 0.3333333333333333
itercount --------> 5
[3, 1, 4]
[3, 1, 2]
0.3333333333333333 0.42105263157894735
itercount --------> 6
[3, 4, 1]
[3, 4, 2]
[3, 4, 5]
[3, 4, 6]
[3, 4, 7]
0.42105263157894735 0.45454545454545453
itercount --------> 7
[3, 6, 1]
[3, 6, 2]
[3, 6, 4]
[3, 6, 7]
[3, 6, 5]
[3, 6, 0]
[3, 6, 1, 2]
[3, 6, 1, 4]
[3, 6, 1, 7]
[3, 6, 1, 5]
0.45454545454545453 0.4782608695652174
itercount --------> 8
[3, 6, 1]
[3, 6, 2]
[3, 6, 4]
[3, 6, 7]
[3, 6, 5]
[3, 6, 0]
[3, 6, 1, 2]
[3, 6, 1, 4]
[3, 6, 1, 7]
[3, 6, 1, 5]
[3, 6, 1, 0]
0.4782608695652174 0.5263157894736842
itercount --------> 9
[3, 6, 4]
[3, 6, 7]
[3, 6, 0]
[3, 6, 1]
[3, 6, 2]
[3, 6, 5]
[3, 6, 4, 7]
[3, 6, 4, 0]
[3, 6, 4, 1]
0.5263157894736842 0.55
itercount --------> 10
[6, 4, 1]
[6, 4, 2]
[6, 4, 3]
0.55 0.5789473684210527
itercount --------> 11
[6, 3, 4]
[6, 3, 0]
[6, 3, 1]
[6, 3, 2]
[6, 3, 5]
[6, 3, 7]
[6, 3, 4, 0]
0.5789473684210527 0.7142857142857143
itercount --------> 12
[1, 2, 4]
[1, 2, 5]
[1, 2, 0]
[1, 2, 3]
[1, 2, 6]
[1, 2, 7]
[1, 2, 4, 5]
[1, 2, 4, 0]
0.7142857142857143 0.75
itercount --------> 13
[4, 1, 0]
[4, 1, 3]
[4, 1, 2]
[4, 1, 5]
[4, 1, 6]
[4, 1, 7]
[4, 1, 0, 3]
[4, 1, 0, 2]
0.75 0.7894736842105263
itercount --------> 14
[0, 3, 4]
[0, 3, 1]
[0, 3, 2]
[0, 3, 5]
[0, 3, 6]
[0, 3, 7]
[0, 3, 4, 1]
[0, 3, 4, 2]
[0, 3, 4, 5]
[0, 3, 4, 6]
[0, 3, 4, 7]
[0, 3, 4, 1, 2]
[0, 3, 4, 1, 5]
[0, 3, 4, 1, 6]
0.7894736842105263 0.8
itercount --------> 15
[3, 4, 1]
[3, 4, 2]
[3, 4, 5]
[3, 4, 6]
[3, 4, 7]
[3, 4, 0]
[3, 4, 1, 2]
[3, 4, 1, 5]
[3, 4, 1, 6]
[3, 4, 1, 7]
[3, 4, 1, 0]
[3, 4, 1, 2, 5]
[3, 4, 1, 2, 6]
[3, 4, 1, 2, 7]
[3, 4, 1, 2, 0]
[3, 4, 1, 2, 5, 6]
[3, 4, 1, 2, 5, 7]
[3, 4, 1, 2, 5, 0]
[3, 4, 1, 2, 5, 6, 7]
[3, 4, 1, 2, 5, 6, 0]
[3, 4, 1, 2, 5, 6, 7, 0]
failed -> 35 times
after fail n ======> 6
[1, 2, 4, 3, 6, 7]
0.10344827586206896 0.14285714285714285
itercount --------> 1
[1, 2, 4]
0.14285714285714285 0.27586206896551724
itercount --------> 2
[5, 1, 3]
0.27586206896551724 0.32
itercount --------> 3
[1, 5, 3]
0.32 0.35
itercount --------> 4
[1, 2, 4]
[1, 2, 3]
[1, 2, 6]
[1, 2, 7]
0.35 0.3888888888888889
itercount --------> 5
[1, 2, 3]
[1, 2, 4]
[1, 2, 7]
[1, 2, 5]
0.3888888888888889 0.4117647058823529
itercount --------> 6
[0, 3, 5]
[0, 3, 1]
[0, 3, 2]
0.4117647058823529 0.4444444444444444
itercount --------> 7
[3, 4, 7]
[3, 4, 6]
[3, 4, 5]
[3, 4, 0]
[3, 4, 1]
[3, 4, 2]
[3, 4, 7, 6]
[3, 4, 7, 5]
0.4444444444444444 0.6111111111111112
itercount --------> 8
[6, 7, 3]
[6, 7, 4]
[6, 7, 5]
[6, 7, 0]
[6, 7, 1]
[6, 7, 2]
[6, 7, 3, 4]
[6, 7, 3, 5]
[6, 7, 3, 0]
[6, 7, 3, 1]
[6, 7, 3, 2]
[6, 7, 3, 4, 5]
[6, 7, 3, 4, 0]
[6, 7, 3, 4, 1]
[6, 7, 3, 4, 2]
[6, 7, 3, 4, 5, 0]
[6, 7, 3, 4, 5, 1]
[6, 7, 3, 4, 5, 2]
[6, 7, 3, 4, 5, 0, 1]
[6, 7, 3, 4, 5, 0, 2]
[6, 7, 3, 4, 5, 0, 1, 2]
failed -> 36 times
after fail n ======> 7
[1, 2, 4, 3, 6, 7, 0]
0.10344827586206896 0.10526315789473684
itercount --------> 1
[1, 2, 7]
0.10526315789473684 0.14285714285714285
itercount --------> 2
[2, 4, 0]
0.14285714285714285 0.17857142857142858
itercount --------> 3
[2, 0, 6]
0.17857142857142858 0.18421052631578946
itercount --------> 4
[0, 2, 6]
0.18421052631578946 0.2
itercount --------> 5
[2, 1, 6]
[2, 1, 4]
0.2 0.25
itercount --------> 6
[1, 2, 0]
[1, 2, 6]
0.25 0.3076923076923077
itercount --------> 7
[3, 1, 2]
0.3076923076923077 0.391304347826087
itercount --------> 8
[3, 5, 4]
[3, 5, 7]
[3, 5, 0]
0.391304347826087 0.4
itercount --------> 9
[3, 4, 7]
[3, 4, 5]
[3, 4, 0]
[3, 4, 6]
[3, 4, 1]
[3, 4, 2]
[3, 4, 7, 5]
[3, 4, 7, 0]
[3, 4, 7, 6]
[3, 4, 7, 1]
[3, 4, 7, 2]
0.4 0.6363636363636364
itercount --------> 10
[2, 5, 0]
[2, 5, 3]
0.6363636363636364 0.7
itercount --------> 11
[0, 5, 1]
[0, 5, 2]
[0, 5, 3]
[0, 5, 4]
[0, 5, 7]
[0, 5, 6]
0.7 0.7368421052631579
itercount --------> 12
[3, 4, 5]
[3, 4, 0]
[3, 4, 1]
[3, 4, 2]
[3, 4, 6]
[3, 4, 7]
[3, 4, 5, 0]
0.7368421052631579 0.75
itercount --------> 13
[2, 3, 0]
0.75 0.8
itercount --------> 14
[3, 4, 1]
[3, 4, 2]
[3, 4, 5]
[3, 4, 6]
[3, 4, 7]
[3, 4, 0]
[3, 4, 1, 2]
[3, 4, 1, 5]
[3, 4, 1, 6]
[3, 4, 1, 7]
[3, 4, 1, 0]
[3, 4, 1, 2, 5]
[3, 4, 1, 2, 6]
[3, 4, 1, 2, 7]
[3, 4, 1, 2, 0]
[3, 4, 1, 2, 5, 6]
[3, 4, 1, 2, 5, 7]
[3, 4, 1, 2, 5, 0]
[3, 4, 1, 2, 5, 6, 7]
[3, 4, 1, 2, 5, 6, 0]
[3, 4, 1, 2, 5, 6, 7, 0]
failed -> 37 times
after fail n ======> 8
[1, 2, 4, 3, 6, 7, 0, 5]
0.10344827586206896 0.15384615384615385
itercount --------> 1
[6, 2, 3]
0.15384615384615385 0.21052631578947367
itercount --------> 2
[6, 4, 3]
0.21052631578947367 0.22727272727272727
itercount --------> 3
[1, 2, 6]
[1, 2, 7]
[1, 2, 4]
[1, 2, 5]
[1, 2, 3]
[1, 2, 0]
0.22727272727272727 0.2631578947368421
itercount --------> 4
[6, 5, 7]
[6, 5, 1]
[6, 5, 2]
[6, 5, 3]
[6, 5, 4]
0.2631578947368421 0.2777777777777778
itercount --------> 5
[1, 2, 0]
[1, 2, 6]
[1, 2, 3]
0.2777777777777778 0.29411764705882354
itercount --------> 6
[6, 5, 1]
[6, 5, 2]
[6, 5, 0]
[6, 5, 3]
[6, 5, 7]
[6, 5, 4]
[6, 5, 1, 2]
[6, 5, 1, 0]
[6, 5, 1, 3]
[6, 5, 1, 7]
[6, 5, 1, 4]
[6, 5, 1, 2, 0]
0.29411764705882354 0.3
itercount --------> 7
[3, 7, 4]
0.3 0.47619047619047616
itercount --------> 8
[6, 4, 3]
[6, 4, 7]
[6, 4, 0]
[6, 4, 5]
[6, 4, 1]
[6, 4, 2]
[6, 4, 3, 7]
[6, 4, 3, 0]
[6, 4, 3, 5]
[6, 4, 3, 1]
[6, 4, 3, 2]
[6, 4, 3, 7, 0]
[6, 4, 3, 7, 5]
[6, 4, 3, 7, 1]
[6, 4, 3, 7, 2]
[6, 4, 3, 7, 0, 5]
[6, 4, 3, 7, 0, 1]
0.47619047619047616 0.5263157894736842
itercount --------> 9
[4, 6, 3]
[4, 6, 7]
[4, 6, 0]
[4, 6, 1]
[4, 6, 2]
[4, 6, 5]
[4, 6, 3, 7]
[4, 6, 3, 0]
[4, 6, 3, 1]
[4, 6, 3, 2]
[4, 6, 3, 5]
[4, 6, 3, 7, 0]
[4, 6, 3, 7, 1]
0.5263157894736842 0.5555555555555556
itercount --------> 10
[6, 4, 3]
[6, 4, 0]
[6, 4, 1]
[6, 4, 2]
[6, 4, 5]
[6, 4, 7]
[6, 4, 3, 0]
[6, 4, 3, 1]
[6, 4, 3, 2]
[6, 4, 3, 5]
[6, 4, 3, 7]
[6, 4, 3, 0, 1]
[6, 4, 3, 0, 2]
[6, 4, 3, 0, 5]
[6, 4, 3, 0, 7]
[6, 4, 3, 0, 1, 2]
[6, 4, 3, 0, 1, 5]
[6, 4, 3, 0, 1, 7]
[6, 4, 3, 0, 1, 2, 5]
[6, 4, 3, 0, 1, 2, 7]
[6, 4, 3, 0, 1, 2, 5, 7]
failed -> 38 times
after fail n ======> 5
[1, 2, 4, 3, 6]
0.10344827586206896 0.1111111111111111
itercount --------> 1
[1, 2, 0]
[1, 2, 4]
0.1111111111111111 0.12
itercount --------> 2
[1, 6, 2]
0.12 0.25
itercount --------> 3
[2, 6, 3]
0.25 0.2777777777777778
itercount --------> 4
[6, 3, 4]
[6, 3, 7]
[6, 3, 5]
[6, 3, 0]
[6, 3, 1]
0.2777777777777778 0.29411764705882354
itercount --------> 5
[6, 5, 1]
0.29411764705882354 0.3157894736842105
itercount --------> 6
[2, 3, 6]
0.3157894736842105 0.45
itercount --------> 7
[3, 4, 6]
[3, 4, 7]
[3, 4, 2]
[3, 4, 5]
[3, 4, 1]
0.45 0.47368421052631576
itercount --------> 8
[3, 2, 4]
[3, 2, 6]
[3, 2, 7]
[3, 2, 5]
[3, 2, 1]
[3, 2, 0]
[3, 2, 4, 6]
0.47368421052631576 0.5238095238095238
itercount --------> 9
[3, 7, 4]
[3, 7, 2]
[3, 7, 6]
[3, 7, 1]
[3, 7, 5]
[3, 7, 0]
[3, 7, 4, 2]
[3, 7, 4, 6]
[3, 7, 4, 1]
[3, 7, 4, 5]
[3, 7, 4, 0]
[3, 7, 4, 2, 6]
[3, 7, 4, 2, 1]
[3, 7, 4, 2, 5]
0.5238095238095238 0.5263157894736842
itercount --------> 10
[3, 7, 4]
[3, 7, 6]
[3, 7, 5]
0.5263157894736842 0.6
itercount --------> 11
[7, 4, 2]
[7, 4, 3]
[7, 4, 5]
[7, 4, 1]
[7, 4, 6]
[7, 4, 0]
[7, 4, 2, 3]
0.6 0.7272727272727273
itercount --------> 12
[2, 5, 3]
[2, 5, 1]
[2, 5, 4]
[2, 5, 6]
[2, 5, 7]
[2, 5, 0]
0.7272727272727273 0.7368421052631579
itercount --------> 13
[3, 4, 5]
[3, 4, 0]
[3, 4, 1]
[3, 4, 2]
[3, 4, 6]
[3, 4, 7]
[3, 4, 5, 0]
[3, 4, 5, 1]
0.7368421052631579 0.75
itercount --------> 14
[3, 0, 4]
[3, 0, 5]
[3, 0, 1]
[3, 0, 2]
[3, 0, 6]
[3, 0, 7]
[3, 0, 4, 5]
[3, 0, 4, 1]
[3, 0, 4, 2]
[3, 0, 4, 6]
[3, 0, 4, 7]
[3, 0, 4, 5, 1]
0.75 0.7894736842105263
itercount --------> 15
[0, 3, 4]
[0, 3, 1]
[0, 3, 2]
[0, 3, 5]
[0, 3, 6]
[0, 3, 7]
[0, 3, 4, 1]
[0, 3, 4, 2]
[0, 3, 4, 5]
[0, 3, 4, 6]
[0, 3, 4, 7]
[0, 3, 4, 1, 2]
[0, 3, 4, 1, 5]
[0, 3, 4, 1, 6]
[0, 3, 4, 1, 7]
[0, 3, 4, 1, 2, 5]
0.7894736842105263 0.8
itercount --------> 16
[1, 2, 3]
[1, 2, 5]
[1, 2, 4]
0.8 0.8421052631578947
itercount --------> 17
[3, 1, 2]
[3, 1, 4]
[3, 1, 5]
[3, 1, 6]
[3, 1, 7]
[3, 1, 0]
[3, 1, 2, 4]
[3, 1, 2, 5]
[3, 1, 2, 6]
[3, 1, 2, 7]
[3, 1, 2, 0]
[3, 1, 2, 4, 5]
[3, 1, 2, 4, 6]
[3, 1, 2, 4, 7]
[3, 1, 2, 4, 0]
[3, 1, 2, 4, 5, 6]
[3, 1, 2, 4, 5, 7]
[3, 1, 2, 4, 5, 0]
[3, 1, 2, 4, 5, 6, 7]
[3, 1, 2, 4, 5, 6, 0]
[3, 1, 2, 4, 5, 6, 7, 0]
failed -> 39 times
after fail n ======> 6
[1, 2, 4, 3, 6, 7]
0.10344827586206896 0.1724137931034483
itercount --------> 1
[2, 1, 3]
0.1724137931034483 0.2
itercount --------> 2
[2, 3, 4]
[2, 3, 6]
0.2 0.30434782608695654
itercount --------> 3
[3, 4, 6]
[3, 4, 1]
[3, 4, 7]
[3, 4, 2]
[3, 4, 5]
[3, 4, 0]
0.30434782608695654 0.32
itercount --------> 4
[3, 4, 1]
[3, 4, 2]
[3, 4, 6]
[3, 4, 7]
0.32 0.3333333333333333
itercount --------> 5
[2, 6, 1]
[2, 6, 4]
[2, 6, 3]
[2, 6, 7]
0.3333333333333333 0.43333333333333335
itercount --------> 6
[1, 3, 0]
0.43333333333333335 0.6
itercount --------> 7
[4, 3, 6]
[4, 3, 7]
[4, 3, 2]
[4, 3, 0]
[4, 3, 1]
[4, 3, 5]
[4, 3, 6, 7]
[4, 3, 6, 2]
[4, 3, 6, 0]
[4, 3, 6, 1]
[4, 3, 6, 5]
[4, 3, 6, 7, 2]
[4, 3, 6, 7, 0]
[4, 3, 6, 7, 1]
[4, 3, 6, 7, 5]
[4, 3, 6, 7, 2, 0]
[4, 3, 6, 7, 2, 1]
0.6 0.631578947368421
itercount --------> 8
[3, 4, 6]
[3, 4, 7]
[3, 4, 0]
[3, 4, 1]
[3, 4, 2]
[3, 4, 5]
[3, 4, 6, 7]
[3, 4, 6, 0]
[3, 4, 6, 1]
[3, 4, 6, 2]
[3, 4, 6, 5]
[3, 4, 6, 7, 0]
[3, 4, 6, 7, 1]
[3, 4, 6, 7, 2]
[3, 4, 6, 7, 5]
[3, 4, 6, 7, 0, 1]
[3, 4, 6, 7, 0, 2]
[3, 4, 6, 7, 0, 5]
[3, 4, 6, 7, 0, 1, 2]
[3, 4, 6, 7, 0, 1, 5]
[3, 4, 6, 7, 0, 1, 2, 5]
failed -> 40 times
after fail n ======> 7
[1, 2, 4, 3, 6, 7, 0]
0.10344827586206896 0.15789473684210525
itercount --------> 1
[1, 2, 6]
0.15789473684210525 0.2
itercount --------> 2
[2, 6, 4]
0.2 0.2222222222222222
itercount --------> 3
[1, 2, 6]
0.2222222222222222 0.3333333333333333
itercount --------> 4
[1, 2, 4]
0.3333333333333333 0.3548387096774194
itercount --------> 5
[2, 4, 6]
[2, 4, 1]
[2, 4, 3]
[2, 4, 7]
[2, 4, 5]
0.3548387096774194 0.5
itercount --------> 6
[4, 6, 3]
[4, 6, 7]
[4, 6, 1]
[4, 6, 2]
[4, 6, 5]
[4, 6, 0]
[4, 6, 3, 7]
[4, 6, 3, 1]
[4, 6, 3, 2]
[4, 6, 3, 5]
[4, 6, 3, 0]
[4, 6, 3, 7, 1]
[4, 6, 3, 7, 2]
[4, 6, 3, 7, 5]
[4, 6, 3, 7, 0]
[4, 6, 3, 7, 1, 2]
[4, 6, 3, 7, 1, 5]
0.5 0.5238095238095238
itercount --------> 7
[4, 6, 3]
[4, 6, 2]
[4, 6, 7]
[4, 6, 5]
[4, 6, 0]
[4, 6, 1]
[4, 6, 3, 2]
[4, 6, 3, 7]
[4, 6, 3, 5]
[4, 6, 3, 0]
[4, 6, 3, 1]
[4, 6, 3, 2, 7]
[4, 6, 3, 2, 5]
[4, 6, 3, 2, 0]
0.5238095238095238 0.5263157894736842
itercount --------> 8
[4, 6, 3]
[4, 6, 7]
[4, 6, 0]
[4, 6, 1]
[4, 6, 2]
[4, 6, 5]
[4, 6, 3, 7]
[4, 6, 3, 0]
0.5263157894736842 0.55
itercount --------> 9
[6, 3, 4]
0.55 0.7142857142857143
itercount --------> 10
[0, 1, 2]
[0, 1, 5]
[0, 1, 3]
[0, 1, 4]
[0, 1, 6]
[0, 1, 7]
[0, 1, 2, 5]
[0, 1, 2, 3]
[0, 1, 2, 4]
[0, 1, 2, 6]
[0, 1, 2, 7]
[0, 1, 2, 5, 3]
[0, 1, 2, 5, 4]
[0, 1, 2, 5, 6]
0.7142857142857143 0.7368421052631579
itercount --------> 11
[3, 4, 0]
[3, 4, 5]
[3, 4, 6]
[3, 4, 7]
[3, 4, 1]
[3, 4, 2]
[3, 4, 0, 5]
0.7368421052631579 0.7894736842105263
itercount --------> 12
[0, 3, 4]
[0, 3, 1]
[0, 3, 2]
[0, 3, 5]
[0, 3, 6]
[0, 3, 7]
[0, 3, 4, 1]
[0, 3, 4, 2]
[0, 3, 4, 5]
[0, 3, 4, 6]
[0, 3, 4, 7]
[0, 3, 4, 1, 2]
[0, 3, 4, 1, 5]
[0, 3, 4, 1, 6]
[0, 3, 4, 1, 7]
[0, 3, 4, 1, 2, 5]
[0, 3, 4, 1, 2, 6]
[0, 3, 4, 1, 2, 7]
[0, 3, 4, 1, 2, 5, 6]
[0, 3, 4, 1, 2, 5, 7]
[0, 3, 4, 1, 2, 5, 6, 7]
failed -> 41 times
after fail n ======> 8
[1, 2, 4, 3, 6, 7, 0, 5]
0.10344827586206896 0.15555555555555556
itercount --------> 1
[1, 2, 3]
0.15555555555555556 0.25925925925925924
itercount --------> 2
[3, 1, 2]
0.25925925925925924 0.36363636363636365
itercount --------> 3
[3, 4, 6]
[3, 4, 7]
[3, 4, 1]
[3, 4, 2]
[3, 4, 0]
[3, 4, 5]
[3, 4, 6, 7]
0.36363636363636365 0.4
itercount --------> 4
[4, 3, 6]
[4, 3, 7]
[4, 3, 1]
[4, 3, 2]
[4, 3, 0]
[4, 3, 5]
[4, 3, 6, 7]
[4, 3, 6, 1]
0.4 0.42857142857142855
itercount --------> 5
[6, 3, 4]
[6, 3, 7]
[6, 3, 1]
[6, 3, 2]
[6, 3, 0]
[6, 3, 5]
[6, 3, 4, 7]
[6, 3, 4, 1]
[6, 3, 4, 2]
[6, 3, 4, 0]
[6, 3, 4, 5]
[6, 3, 4, 7, 1]
[6, 3, 4, 7, 2]
[6, 3, 4, 7, 0]
0.42857142857142855 0.45
itercount --------> 6
[6, 0, 3]
[6, 0, 4]
[6, 0, 1]
0.45 0.5
itercount --------> 7
[3, 6, 4]
[3, 6, 7]
[3, 6, 0]
[3, 6, 1]
[3, 6, 2]
[3, 6, 5]
[3, 6, 4, 7]
[3, 6, 4, 0]
0.5 0.5217391304347826
itercount --------> 8
[6, 1, 2]
[6, 1, 3]
0.5217391304347826 0.6153846153846154
itercount --------> 9
[0, 1, 2]
0.6153846153846154 0.6521739130434783
itercount --------> 10
[0, 1, 2]
[0, 1, 5]
[0, 1, 3]
[0, 1, 4]
[0, 1, 6]
[0, 1, 7]
[0, 1, 2, 5]
0.6521739130434783 0.7
itercount --------> 11
[0, 5, 1]
[0, 5, 2]
0.7 0.7142857142857143
itercount --------> 12
[0, 1, 2]
[0, 1, 5]
[0, 1, 3]
[0, 1, 4]
[0, 1, 6]
[0, 1, 7]
[0, 1, 2, 5]
[0, 1, 2, 3]
[0, 1, 2, 4]
[0, 1, 2, 6]
[0, 1, 2, 7]
[0, 1, 2, 5, 3]
[0, 1, 2, 5, 4]
[0, 1, 2, 5, 6]
[0, 1, 2, 5, 7]
[0, 1, 2, 5, 3, 4]
[0, 1, 2, 5, 3, 6]
[0, 1, 2, 5, 3, 7]
[0, 1, 2, 5, 3, 4, 6]
[0, 1, 2, 5, 3, 4, 7]
[0, 1, 2, 5, 3, 4, 6, 7]
failed -> 42 times
after fail n ======> 5
[1, 2, 4, 3, 6]
0.10344827586206896 0.12
itercount --------> 1
[4, 1, 6]
0.12 0.16666666666666666
itercount --------> 2
[1, 6, 3]
0.16666666666666666 0.24
itercount --------> 3
[1, 3, 4]
0.24 0.32
itercount --------> 4
[3, 1, 4]
[3, 1, 6]
[3, 1, 7]
[3, 1, 2]
0.32 0.42857142857142855
itercount --------> 5
[3, 4, 1]
[3, 4, 6]
[3, 4, 7]
[3, 4, 2]
[3, 4, 5]
[3, 4, 0]
[3, 4, 1, 6]
[3, 4, 1, 7]
[3, 4, 1, 2]
[3, 4, 1, 5]
[3, 4, 1, 0]
0.42857142857142855 0.47368421052631576
itercount --------> 6
[3, 4, 1]
[3, 4, 2]
[3, 4, 6]
0.47368421052631576 0.5238095238095238
itercount --------> 7
[3, 7, 4]
[3, 7, 6]
[3, 7, 1]
[3, 7, 2]
[3, 7, 5]
[3, 7, 0]
[3, 7, 4, 6]
[3, 7, 4, 1]
[3, 7, 4, 2]
0.5238095238095238 0.5263157894736842
itercount --------> 8
[3, 4, 6]
[3, 4, 7]
[3, 4, 0]
[3, 4, 1]
[3, 4, 2]
[3, 4, 5]
[3, 4, 6, 7]
[3, 4, 6, 0]
0.5263157894736842 0.55
itercount --------> 9
[3, 6, 4]
[3, 6, 7]
[3, 6, 1]
[3, 6, 2]
[3, 6, 5]
[3, 6, 0]
[3, 6, 4, 7]
[3, 6, 4, 1]
[3, 6, 4, 2]
[3, 6, 4, 5]
[3, 6, 4, 0]
[3, 6, 4, 7, 1]
[3, 6, 4, 7, 2]
[3, 6, 4, 7, 5]
[3, 6, 4, 7, 0]
[3, 6, 4, 7, 1, 2]
[3, 6, 4, 7, 1, 5]
[3, 6, 4, 7, 1, 0]
[3, 6, 4, 7, 1, 2, 5]
[3, 6, 4, 7, 1, 2, 0]
[3, 6, 4, 7, 1, 2, 5, 0]
failed -> 43 times
after fail n ======> 6
[1, 2, 4, 3, 6, 7]
0.10344827586206896 0.1724137931034483
itercount --------> 1
[4, 2, 1]
0.1724137931034483 0.17647058823529413
itercount --------> 2
[2, 1, 5]
0.17647058823529413 0.32
itercount --------> 3
[2, 5, 3]
[2, 5, 7]
[2, 5, 6]
0.32 0.35
itercount --------> 4
[1, 2, 4]
[1, 2, 3]
[1, 2, 7]
[1, 2, 5]
[1, 2, 6]
[1, 2, 0]
0.35 0.35294117647058826
itercount --------> 5
[0, 1, 2]
[0, 1, 5]
0.35294117647058826 0.36363636363636365
itercount --------> 6
[5, 2, 7]
0.36363636363636365 0.36666666666666664
itercount --------> 7
[5, 2, 7]
0.36666666666666664 0.38461538461538464
itercount --------> 8
[5, 4, 2]
0.38461538461538464 0.42105263157894735
itercount --------> 9
[3, 4, 7]
[3, 4, 5]
[3, 4, 2]
[3, 4, 6]
[3, 4, 0]
[3, 4, 1]
[3, 4, 7, 5]
[3, 4, 7, 2]
[3, 4, 7, 6]
[3, 4, 7, 0]
0.42105263157894735 0.5
itercount --------> 10
[6, 5, 7]
[6, 5, 0]
[6, 5, 2]
0.5 0.52
itercount --------> 11
[5, 6, 0]
0.52 0.5789473684210527
itercount --------> 12
[6, 7, 5]
[6, 7, 3]
[6, 7, 4]
[6, 7, 0]
[6, 7, 1]
[6, 7, 2]
[6, 7, 5, 3]
[6, 7, 5, 4]
[6, 7, 5, 0]
[6, 7, 5, 1]
0.5789473684210527 0.6666666666666666
itercount --------> 13
[6, 7, 3]
[6, 7, 4]
[6, 7, 0]
[6, 7, 1]
[6, 7, 2]
[6, 7, 5]
[6, 7, 3, 4]
[6, 7, 3, 0]
[6, 7, 3, 1]
[6, 7, 3, 2]
[6, 7, 3, 5]
[6, 7, 3, 4, 0]
[6, 7, 3, 4, 1]
[6, 7, 3, 4, 2]
[6, 7, 3, 4, 5]
[6, 7, 3, 4, 0, 1]
[6, 7, 3, 4, 0, 2]
[6, 7, 3, 4, 0, 5]
[6, 7, 3, 4, 0, 1, 2]
[6, 7, 3, 4, 0, 1, 5]
[6, 7, 3, 4, 0, 1, 2, 5]
failed -> 44 times
after fail n ======> 7
[1, 2, 4, 3, 6, 7, 0]
0.10344827586206896 0.1111111111111111
itercount --------> 1
[1, 2, 0]
[1, 2, 4]
0.1111111111111111 0.2608695652173913
itercount --------> 2
[2, 6, 3]
0.2608695652173913 0.2857142857142857
itercount --------> 3
[6, 3, 2]
[6, 3, 4]
0.2857142857142857 0.42857142857142855
itercount --------> 4
[3, 2, 4]
[3, 2, 1]
[3, 2, 6]
[3, 2, 7]
[3, 2, 5]
[3, 2, 0]
[3, 2, 4, 1]
[3, 2, 4, 6]
0.42857142857142855 0.44
itercount --------> 5
[2, 3, 7]
[2, 3, 1]
[2, 3, 4]
[2, 3, 6]
[2, 3, 5]
0.44 0.45454545454545453
itercount --------> 6
[3, 7, 1]
[3, 7, 2]
[3, 7, 4]
[3, 7, 6]
[3, 7, 5]
[3, 7, 0]
[3, 7, 1, 2]
[3, 7, 1, 4]
[3, 7, 1, 6]
[3, 7, 1, 5]
0.45454545454545453 0.5
itercount --------> 7
[3, 7, 4]
[3, 7, 6]
[3, 7, 1]
[3, 7, 2]
[3, 7, 5]
[3, 7, 0]
[3, 7, 4, 6]
0.5 0.5263157894736842
itercount --------> 8
[4, 3, 6]
[4, 3, 7]
[4, 3, 5]
0.5263157894736842 0.6
itercount --------> 9
[1, 2, 5]
[1, 2, 3]
[1, 2, 4]
[1, 2, 6]
[1, 2, 7]
[1, 2, 0]
[1, 2, 5, 3]
[1, 2, 5, 4]
[1, 2, 5, 6]
[1, 2, 5, 7]
[1, 2, 5, 0]
0.6 0.6470588235294118
itercount --------> 10
[1, 2, 5]
[1, 2, 0]
[1, 2, 3]
[1, 2, 4]
[1, 2, 6]
[1, 2, 7]
[1, 2, 5, 0]
[1, 2, 5, 3]
[1, 2, 5, 4]
[1, 2, 5, 6]
[1, 2, 5, 7]
[1, 2, 5, 0, 3]
0.6470588235294118 0.7058823529411765
itercount --------> 11
[1, 2, 4]
[1, 2, 5]
[1, 2, 0]
[1, 2, 3]
[1, 2, 6]
[1, 2, 7]
[1, 2, 4, 5]
[1, 2, 4, 0]
[1, 2, 4, 3]
0.7058823529411765 0.7894736842105263
itercount --------> 12
[3, 5, 4]
[3, 5, 1]
[3, 5, 2]
[3, 5, 6]
[3, 5, 7]
[3, 5, 0]
[3, 5, 4, 1]
[3, 5, 4, 2]
[3, 5, 4, 6]
[3, 5, 4, 7]
[3, 5, 4, 0]
[3, 5, 4, 1, 2]
[3, 5, 4, 1, 6]
[3, 5, 4, 1, 7]
[3, 5, 4, 1, 0]
[3, 5, 4, 1, 2, 6]
[3, 5, 4, 1, 2, 7]
[3, 5, 4, 1, 2, 0]
[3, 5, 4, 1, 2, 6, 7]
[3, 5, 4, 1, 2, 6, 0]
[3, 5, 4, 1, 2, 6, 7, 0]
failed -> 45 times
after fail n ======> 8
[1, 2, 4, 3, 6, 7, 0, 5]
0.10344827586206896 0.14285714285714285
itercount --------> 1
[1, 2, 4]
[1, 2, 0]
0.14285714285714285 0.16666666666666666
itercount --------> 2
[4, 1, 2]
0.16666666666666666 0.2916666666666667
itercount --------> 3
[5, 6, 7]
[5, 6, 1]
0.2916666666666667 0.32
itercount --------> 4
[5, 1, 2]
0.32 0.3888888888888889
itercount --------> 5
[5, 6, 3]
[5, 6, 7]
[5, 6, 4]
[5, 6, 0]
[5, 6, 1]
[5, 6, 2]
[5, 6, 3, 7]
0.3888888888888889 0.47368421052631576
itercount --------> 6
[6, 5, 3]
[6, 5, 7]
[6, 5, 4]
[6, 5, 0]
[6, 5, 1]
[6, 5, 2]
[6, 5, 3, 7]
[6, 5, 3, 4]
[6, 5, 3, 0]
[6, 5, 3, 1]
[6, 5, 3, 2]
[6, 5, 3, 7, 4]
[6, 5, 3, 7, 0]
[6, 5, 3, 7, 1]
0.47368421052631576 0.47619047619047616
itercount --------> 7
[6, 7, 5]
[6, 7, 3]
[6, 7, 4]
[6, 7, 0]
[6, 7, 1]
[6, 7, 2]
[6, 7, 5, 3]
[6, 7, 5, 4]
[6, 7, 5, 0]
0.47619047619047616 0.5
itercount --------> 8
[3, 4, 6]
[3, 4, 7]
[3, 4, 0]
[3, 4, 5]
[3, 4, 1]
[3, 4, 2]
[3, 4, 6, 7]
[3, 4, 6, 0]
0.5 0.5555555555555556
itercount --------> 9
[2, 0, 4]
[2, 0, 3]
[2, 0, 6]
[2, 0, 7]
[2, 0, 1]
[2, 0, 5]
[2, 0, 4, 3]
0.5555555555555556 0.631578947368421
itercount --------> 10
[2, 4, 6]
[2, 4, 7]
[2, 4, 0]
[2, 4, 3]
[2, 4, 1]
[2, 4, 5]
[2, 4, 6, 7]
[2, 4, 6, 0]
[2, 4, 6, 3]
[2, 4, 6, 1]
[2, 4, 6, 5]
[2, 4, 6, 7, 0]
[2, 4, 6, 7, 3]
[2, 4, 6, 7, 1]
[2, 4, 6, 7, 5]
[2, 4, 6, 7, 0, 3]
[2, 4, 6, 7, 0, 1]
0.631578947368421 0.6666666666666666
itercount --------> 11
[6, 7, 0]
[6, 7, 3]
[6, 7, 1]
[6, 7, 2]
[6, 7, 4]
[6, 7, 5]
[6, 7, 0, 3]
[6, 7, 0, 1]
[6, 7, 0, 2]
[6, 7, 0, 4]
[6, 7, 0, 5]
[6, 7, 0, 3, 1]
[6, 7, 0, 3, 2]
[6, 7, 0, 3, 4]
[6, 7, 0, 3, 5]
[6, 7, 0, 3, 1, 2]
[6, 7, 0, 3, 1, 4]
[6, 7, 0, 3, 1, 5]
[6, 7, 0, 3, 1, 2, 4]
[6, 7, 0, 3, 1, 2, 5]
[6, 7, 0, 3, 1, 2, 4, 5]
failed -> 46 times
after fail n ======> 5
[1, 2, 4, 3, 6]
0.10344827586206896 0.13333333333333333
itercount --------> 1
[1, 6, 2]
0.13333333333333333 0.1724137931034483
itercount --------> 2
[6, 2, 1]
[6, 2, 3]
0.1724137931034483 0.23809523809523808
itercount --------> 3
[6, 1, 3]
0.23809523809523808 0.25
itercount --------> 4
[1, 6, 3]
0.25 0.2631578947368421
itercount --------> 5
[6, 3, 4]
[6, 3, 7]
[6, 3, 1]
0.2631578947368421 0.2857142857142857
itercount --------> 6
[3, 1, 6]
[3, 1, 4]
[3, 1, 2]
0.2857142857142857 0.4
itercount --------> 7
[3, 1, 4]
[3, 1, 2]
[3, 1, 6]
[3, 1, 7]
[3, 1, 5]
0.4 0.42105263157894735
itercount --------> 8
[3, 4, 1]
[3, 4, 6]
0.42105263157894735 0.45454545454545453
itercount --------> 9
[7, 3, 1]
[7, 3, 4]
[7, 3, 6]
[7, 3, 5]
[7, 3, 2]
[7, 3, 0]
[7, 3, 1, 4]
[7, 3, 1, 6]
[7, 3, 1, 5]
[7, 3, 1, 2]
[7, 3, 1, 0]
0.45454545454545453 0.47368421052631576
itercount --------> 10
[3, 7, 4]
[3, 7, 6]
[3, 7, 5]
0.47368421052631576 0.5238095238095238
itercount --------> 11
[5, 7, 1]
[5, 7, 3]
[5, 7, 4]
[5, 7, 0]
[5, 7, 2]
[5, 7, 6]
[5, 7, 1, 3]
0.5238095238095238 0.6521739130434783
itercount --------> 12
[5, 1, 3]
0.6521739130434783 0.7142857142857143
itercount --------> 13
[1, 4, 5]
[1, 4, 0]
[1, 4, 2]
[1, 4, 3]
[1, 4, 6]
[1, 4, 7]
[1, 4, 5, 0]
0.7142857142857143 0.7368421052631579
itercount --------> 14
[3, 4, 5]
[3, 4, 0]
[3, 4, 1]
[3, 4, 2]
[3, 4, 6]
[3, 4, 7]
[3, 4, 5, 0]
[3, 4, 5, 1]
[3, 4, 5, 2]
[3, 4, 5, 6]
[3, 4, 5, 7]
[3, 4, 5, 0, 1]
[3, 4, 5, 0, 2]
0.7368421052631579 0.75
itercount --------> 15
[1, 4, 0]
0.75 0.7894736842105263
itercount --------> 16
[0, 3, 4]
[0, 3, 1]
[0, 3, 2]
[0, 3, 5]
[0, 3, 6]
[0, 3, 7]
[0, 3, 4, 1]
[0, 3, 4, 2]
[0, 3, 4, 5]
[0, 3, 4, 6]
[0, 3, 4, 7]
[0, 3, 4, 1, 2]
[0, 3, 4, 1, 5]
[0, 3, 4, 1, 6]
[0, 3, 4, 1, 7]
[0, 3, 4, 1, 2, 5]
[0, 3, 4, 1, 2, 6]
[0, 3, 4, 1, 2, 7]
[0, 3, 4, 1, 2, 5, 6]
[0, 3, 4, 1, 2, 5, 7]
[0, 3, 4, 1, 2, 5, 6, 7]
failed -> 47 times
after fail n ======> 6
[1, 2, 4, 3, 6, 7]
0.10344827586206896 0.1724137931034483
itercount --------> 1
[1, 2, 6]
0.1724137931034483 0.2692307692307692
itercount --------> 2
[1, 3, 7]
0.2692307692307692 0.3333333333333333
itercount --------> 3
[4, 7, 3]
[4, 7, 1]
[4, 7, 5]
[4, 7, 6]
[4, 7, 2]
[4, 7, 0]
[4, 7, 3, 1]
[4, 7, 3, 5]
[4, 7, 3, 6]
[4, 7, 3, 2]
[4, 7, 3, 0]
[4, 7, 3, 1, 5]
0.3333333333333333 0.3448275862068966
itercount --------> 4
[5, 4, 7]
[5, 4, 3]
[5, 4, 1]
[5, 4, 6]
[5, 4, 2]
[5, 4, 0]
[5, 4, 7, 3]
[5, 4, 7, 1]
0.3448275862068966 0.38095238095238093
itercount --------> 5
[3, 4, 7]
[3, 4, 5]
[3, 4, 6]
[3, 4, 1]
[3, 4, 2]
[3, 4, 0]
[3, 4, 7, 5]
[3, 4, 7, 6]
[3, 4, 7, 1]
[3, 4, 7, 2]
[3, 4, 7, 0]
[3, 4, 7, 5, 6]
[3, 4, 7, 5, 1]
[3, 4, 7, 5, 2]
[3, 4, 7, 5, 0]
[3, 4, 7, 5, 6, 1]
0.38095238095238093 0.391304347826087
itercount --------> 6
[4, 5, 1]
0.391304347826087 0.5517241379310345
itercount --------> 7
[1, 5, 2]
[1, 5, 4]
0.5517241379310345 0.5714285714285714
itercount --------> 8
[1, 5, 2]
0.5714285714285714 0.6818181818181818
itercount --------> 9
[1, 5, 2]
[1, 5, 3]
[1, 5, 4]
[1, 5, 6]
[1, 5, 7]
[1, 5, 0]
0.6818181818181818 0.7368421052631579
itercount --------> 10
[3, 4, 5]
[3, 4, 0]
[3, 4, 1]
[3, 4, 2]
[3, 4, 6]
[3, 4, 7]
[3, 4, 5, 0]
[3, 4, 5, 1]
[3, 4, 5, 2]
[3, 4, 5, 6]
[3, 4, 5, 7]
[3, 4, 5, 0, 1]
[3, 4, 5, 0, 2]
[3, 4, 5, 0, 6]
[3, 4, 5, 0, 7]
[3, 4, 5, 0, 1, 2]
[3, 4, 5, 0, 1, 6]
[3, 4, 5, 0, 1, 7]
[3, 4, 5, 0, 1, 2, 6]
[3, 4, 5, 0, 1, 2, 7]
[3, 4, 5, 0, 1, 2, 6, 7]
failed -> 48 times
after fail n ======> 7
[1, 2, 4, 3, 6, 7, 0]
0.10344827586206896 0.1111111111111111
itercount --------> 1
[1, 2, 0]
0.1111111111111111 0.15789473684210525
itercount --------> 2
[1, 2, 0]
0.15789473684210525 0.16666666666666666
itercount --------> 3
[0, 5, 1]
0.16666666666666666 0.2222222222222222
itercount --------> 4
[0, 1, 2]
[0, 1, 5]
[0, 1, 6]
0.2222222222222222 0.2727272727272727
itercount --------> 5
[4, 1, 2]
0.2727272727272727 0.3076923076923077
itercount --------> 6
[1, 4, 0]
0.3076923076923077 0.3181818181818182
itercount --------> 7
[4, 1, 2]
[4, 1, 3]
[4, 1, 7]
0.3181818181818182 0.35
itercount --------> 8
[3, 4, 7]
0.35 0.3684210526315789
itercount --------> 9
[7, 4, 3]
[7, 4, 6]
[7, 4, 0]
0.3684210526315789 0.4
itercount --------> 10
[4, 3, 7]
[4, 3, 6]
[4, 3, 0]
[4, 3, 5]
[4, 3, 1]
[4, 3, 2]
[4, 3, 7, 6]
[4, 3, 7, 0]
[4, 3, 7, 5]
0.4 0.6521739130434783
itercount --------> 11
[1, 2, 4]
[1, 2, 5]
[1, 2, 0]
[1, 2, 3]
[1, 2, 6]
[1, 2, 7]
[1, 2, 4, 5]
0.6521739130434783 0.7
itercount --------> 12
[4, 1, 2]
[4, 1, 5]
[4, 1, 3]
[4, 1, 0]
0.7 0.7368421052631579
itercount --------> 13
[3, 4, 5]
[3, 4, 0]
[3, 4, 1]
[3, 4, 2]
[3, 4, 6]
[3, 4, 7]
[3, 4, 5, 0]
[3, 4, 5, 1]
0.7368421052631579 0.75
itercount --------> 14
[0, 3, 4]
[0, 3, 5]
[0, 3, 6]
[0, 3, 1]
[0, 3, 2]
[0, 3, 7]
[0, 3, 4, 5]
[0, 3, 4, 6]
[0, 3, 4, 1]
0.75 0.7619047619047619
itercount --------> 15
[3, 4, 5]
[3, 4, 6]
[3, 4, 1]
[3, 4, 2]
[3, 4, 7]
[3, 4, 0]
[3, 4, 5, 6]
[3, 4, 5, 1]
[3, 4, 5, 2]
[3, 4, 5, 7]
[3, 4, 5, 0]
[3, 4, 5, 6, 1]
[3, 4, 5, 6, 2]
[3, 4, 5, 6, 7]
[3, 4, 5, 6, 0]
[3, 4, 5, 6, 1, 2]
[3, 4, 5, 6, 1, 7]
[3, 4, 5, 6, 1, 0]
[3, 4, 5, 6, 1, 2, 7]
[3, 4, 5, 6, 1, 2, 0]
[3, 4, 5, 6, 1, 2, 7, 0]
failed -> 49 times
after fail n ======> 8
[1, 2, 4, 3, 6, 7, 0, 5]
0.10344827586206896 0.15555555555555556
itercount --------> 1
[1, 2, 3]
[1, 2, 4]
[1, 2, 5]
0.15555555555555556 0.3157894736842105
itercount --------> 2
[3, 4, 7]
0.3157894736842105 0.5
itercount --------> 3
[4, 6, 3]
[4, 6, 7]
[4, 6, 1]
[4, 6, 2]
[4, 6, 5]
[4, 6, 0]
[4, 6, 3, 7]
[4, 6, 3, 1]
[4, 6, 3, 2]
[4, 6, 3, 5]
[4, 6, 3, 0]
[4, 6, 3, 7, 1]
[4, 6, 3, 7, 2]
[4, 6, 3, 7, 5]
[4, 6, 3, 7, 0]
[4, 6, 3, 7, 1, 2]
[4, 6, 3, 7, 1, 5]
0.5 0.5789473684210527
itercount --------> 4
[4, 6, 3]
[4, 6, 7]
[4, 6, 0]
[4, 6, 1]
[4, 6, 2]
[4, 6, 5]
[4, 6, 3, 7]
[4, 6, 3, 0]
[4, 6, 3, 1]
[4, 6, 3, 2]
[4, 6, 3, 5]
[4, 6, 3, 7, 0]
[4, 6, 3, 7, 1]
[4, 6, 3, 7, 2]
[4, 6, 3, 7, 5]
[4, 6, 3, 7, 0, 1]
[4, 6, 3, 7, 0, 2]
[4, 6, 3, 7, 0, 5]
[4, 6, 3, 7, 0, 1, 2]
[4, 6, 3, 7, 0, 1, 5]
[4, 6, 3, 7, 0, 1, 2, 5]
failed -> 50 times
after fail n ======> 5
Runs with the maximum attractor JI -> [25, 38]
