{0: 66, 1: 66, 2: 66, 5: 66, 3: 15, 4: 15, 6: 10, 7: 10}
[0, 1, 2]
0.05982905982905983 0.11475409836065574
itercount --------> 1
[0, 5, 1]
0.11475409836065574 0.14893617021276595
itercount --------> 2
[0, 1, 2]
[0, 1, 5]
0.14893617021276595 0.3684210526315789
itercount --------> 3
[0, 1, 2]
[0, 1, 5]
[0, 1, 3]
0.3684210526315789 0.42105263157894735
itercount --------> 4
[3, 4, 0]
0.42105263157894735 0.4375
itercount --------> 5
[0, 1, 2]
[0, 1, 5]
[0, 1, 4]
[0, 1, 3]
0.4375 0.5
itercount --------> 6
[0, 1, 2]
[0, 1, 5]
[0, 1, 3]
0.5 0.5882352941176471
itercount --------> 7
[0, 1, 2]
[0, 1, 3]
[0, 1, 5]
[0, 1, 6]
[0, 1, 7]
[0, 1, 4]
[0, 1, 2, 3]
[0, 1, 2, 5]
[0, 1, 2, 6]
[0, 1, 2, 7]
[0, 1, 2, 4]
[0, 1, 2, 3, 5]
[0, 1, 2, 3, 6]
[0, 1, 2, 3, 7]
[0, 1, 2, 3, 4]
[0, 1, 2, 3, 5, 6]
[0, 1, 2, 3, 5, 7]
[0, 1, 2, 3, 5, 4]
[0, 1, 2, 3, 5, 6, 7]
[0, 1, 2, 3, 5, 6, 4]
[0, 1, 2, 3, 5, 6, 7, 4]
0.5882352941176471 0.6
itercount --------> 8
[2, 4, 0]
0.6 0.6428571428571429
itercount --------> 9
[0, 1, 2]
[0, 1, 5]
[0, 1, 4]
[0, 1, 3]
[0, 1, 6]
[0, 1, 7]
[0, 1, 2, 5]
[0, 1, 2, 4]
[0, 1, 2, 3]
[0, 1, 2, 6]
[0, 1, 2, 7]
[0, 1, 2, 5, 4]
[0, 1, 2, 5, 3]
[0, 1, 2, 5, 6]
[0, 1, 2, 5, 7]
[0, 1, 2, 5, 4, 3]
0.6428571428571429 0.6666666666666666
itercount --------> 10
[0, 1, 2]
[0, 1, 5]
[0, 1, 4]
[0, 1, 6]
[0, 1, 7]
[0, 1, 3]
[0, 1, 2, 5]
[0, 1, 2, 4]
[0, 1, 2, 6]
[0, 1, 2, 7]
[0, 1, 2, 3]
[0, 1, 2, 5, 4]
[0, 1, 2, 5, 6]
[0, 1, 2, 5, 7]
[0, 1, 2, 5, 3]
[0, 1, 2, 5, 4, 6]
0.6666666666666666 0.7333333333333333
itercount --------> 11
[0, 1, 2]
[0, 1, 3]
[0, 1, 4]
[0, 1, 5]
[0, 1, 6]
[0, 1, 7]
[0, 1, 2, 3]
[0, 1, 2, 4]
[0, 1, 2, 5]
[0, 1, 2, 6]
[0, 1, 2, 7]
[0, 1, 2, 3, 4]
[0, 1, 2, 3, 5]
[0, 1, 2, 3, 6]
[0, 1, 2, 3, 7]
[0, 1, 2, 3, 4, 5]
[0, 1, 2, 3, 4, 6]
[0, 1, 2, 3, 4, 7]
[0, 1, 2, 3, 4, 5, 6]
[0, 1, 2, 3, 4, 5, 7]
[0, 1, 2, 3, 4, 5, 6, 7]
failed Once
after fail n ======> 4
[0, 1, 2, 5]
0.05982905982905983 0.21212121212121213
itercount --------> 1
[2, 0, 1]
0.21212121212121213 0.3684210526315789
itercount --------> 2
[0, 1, 2]
[0, 1, 5]
[0, 1, 3]
[0, 1, 4]
0.3684210526315789 0.4375
itercount --------> 3
[0, 1, 2]
[0, 1, 5]
[0, 1, 3]
0.4375 0.5
itercount --------> 4
[3, 4, 6]
[3, 4, 7]
[3, 4, 0]
[3, 4, 1]
0.5 0.5384615384615384
itercount --------> 5
[0, 1, 2]
[0, 1, 5]
[0, 1, 6]
[0, 1, 7]
[0, 1, 3]
[0, 1, 4]
[0, 1, 2, 5]
[0, 1, 2, 6]
[0, 1, 2, 7]
[0, 1, 2, 3]
[0, 1, 2, 4]
0.5384615384615384 0.5882352941176471
itercount --------> 6
[1, 2, 3]
[1, 2, 4]
[1, 2, 6]
[1, 2, 7]
[1, 2, 0]
[1, 2, 5]
[1, 2, 3, 4]
0.5882352941176471 0.6
itercount --------> 7
[1, 2, 4]
[1, 2, 3]
[1, 2, 6]
[1, 2, 7]
[1, 2, 0]
[1, 2, 5]
[1, 2, 4, 3]
[1, 2, 4, 6]
[1, 2, 4, 7]
[1, 2, 4, 0]
[1, 2, 4, 5]
0.6 0.7058823529411765
itercount --------> 8
[4, 3, 6]
[4, 3, 7]
[4, 3, 0]
[4, 3, 1]
[4, 3, 2]
[4, 3, 5]
[4, 3, 6, 7]
0.7058823529411765 0.7142857142857143
itercount --------> 9
[3, 6, 7]
[3, 6, 4]
[3, 6, 0]
[3, 6, 1]
[3, 6, 2]
[3, 6, 5]
[3, 6, 7, 4]
[3, 6, 7, 0]
[3, 6, 7, 1]
[3, 6, 7, 2]
[3, 6, 7, 5]
[3, 6, 7, 4, 0]
[3, 6, 7, 4, 1]
[3, 6, 7, 4, 2]
[3, 6, 7, 4, 5]
[3, 6, 7, 4, 0, 1]
[3, 6, 7, 4, 0, 2]
[3, 6, 7, 4, 0, 5]
[3, 6, 7, 4, 0, 1, 2]
[3, 6, 7, 4, 0, 1, 5]
[3, 6, 7, 4, 0, 1, 2, 5]
failed -> 2 times
after fail n ======> 5
[0, 1, 2, 5, 3]
0.05982905982905983 0.11475409836065574
itercount --------> 1
[0, 2, 1]
0.11475409836065574 0.3684210526315789
itercount --------> 2
[0, 1, 2]
[0, 1, 5]
[0, 1, 3]
0.3684210526315789 0.42105263157894735
itercount --------> 3
[3, 4, 0]
[3, 4, 1]
[3, 4, 2]
[3, 4, 5]
[3, 4, 6]
[3, 4, 7]
[3, 4, 0, 1]
[3, 4, 0, 2]
[3, 4, 0, 5]
[3, 4, 0, 6]
[3, 4, 0, 7]
[3, 4, 0, 1, 2]
0.42105263157894735 0.4375
itercount --------> 4
[0, 1, 2]
[0, 1, 5]
[0, 1, 4]
0.4375 0.5
itercount --------> 5
[0, 2, 1]
[0, 2, 3]
[0, 2, 4]
[0, 2, 5]
0.5 0.5882352941176471
itercount --------> 6
[0, 1, 2]
[0, 1, 3]
[0, 1, 5]
[0, 1, 6]
[0, 1, 7]
[0, 1, 4]
[0, 1, 2, 3]
[0, 1, 2, 5]
[0, 1, 2, 6]
[0, 1, 2, 7]
[0, 1, 2, 4]
[0, 1, 2, 3, 5]
[0, 1, 2, 3, 6]
[0, 1, 2, 3, 7]
0.5882352941176471 0.6666666666666666
itercount --------> 7
[3, 6, 7]
[3, 6, 0]
[3, 6, 1]
[3, 6, 2]
[3, 6, 4]
[3, 6, 5]
[3, 6, 7, 0]
[3, 6, 7, 1]
[3, 6, 7, 2]
[3, 6, 7, 4]
[3, 6, 7, 5]
[3, 6, 7, 0, 1]
[3, 6, 7, 0, 2]
[3, 6, 7, 0, 4]
0.6666666666666666 0.7142857142857143
itercount --------> 8
[0, 1, 2]
[0, 1, 5]
[0, 1, 4]
[0, 1, 7]
[0, 1, 3]
[0, 1, 6]
[0, 1, 2, 5]
[0, 1, 2, 4]
[0, 1, 2, 7]
[0, 1, 2, 3]
[0, 1, 2, 6]
[0, 1, 2, 5, 4]
[0, 1, 2, 5, 7]
[0, 1, 2, 5, 3]
[0, 1, 2, 5, 6]
[0, 1, 2, 5, 4, 7]
[0, 1, 2, 5, 4, 3]
0.7142857142857143 0.7333333333333333
itercount --------> 9
[0, 1, 2]
[0, 1, 3]
[0, 1, 4]
[0, 1, 5]
[0, 1, 6]
[0, 1, 7]
[0, 1, 2, 3]
[0, 1, 2, 4]
[0, 1, 2, 5]
[0, 1, 2, 6]
[0, 1, 2, 7]
[0, 1, 2, 3, 4]
[0, 1, 2, 3, 5]
[0, 1, 2, 3, 6]
[0, 1, 2, 3, 7]
[0, 1, 2, 3, 4, 5]
[0, 1, 2, 3, 4, 6]
[0, 1, 2, 3, 4, 7]
[0, 1, 2, 3, 4, 5, 6]
[0, 1, 2, 3, 4, 5, 7]
[0, 1, 2, 3, 4, 5, 6, 7]
failed -> 3 times
after fail n ======> 6
[0, 1, 2, 5, 3, 4]
0.05982905982905983 0.11627906976744186
itercount --------> 1
[2, 5, 1]
0.11627906976744186 0.38461538461538464
itercount --------> 2
[1, 0, 2]
0.38461538461538464 0.43478260869565216
itercount --------> 3
[1, 0, 2]
0.43478260869565216 0.5
itercount --------> 4
[0, 1, 2]
[0, 1, 5]
[0, 1, 3]
[0, 1, 6]
[0, 1, 7]
[0, 1, 4]
[0, 1, 2, 5]
[0, 1, 2, 3]
[0, 1, 2, 6]
[0, 1, 2, 7]
0.5 0.5882352941176471
itercount --------> 5
[0, 1, 2]
[0, 1, 3]
[0, 1, 5]
[0, 1, 6]
[0, 1, 7]
[0, 1, 4]
[0, 1, 2, 3]
0.5882352941176471 0.625
itercount --------> 6
[3, 6, 7]
[3, 6, 0]
[3, 6, 1]
[3, 6, 2]
[3, 6, 5]
[3, 6, 4]
[3, 6, 7, 0]
[3, 6, 7, 1]
[3, 6, 7, 2]
[3, 6, 7, 5]
[3, 6, 7, 4]
[3, 6, 7, 0, 1]
[3, 6, 7, 0, 2]
[3, 6, 7, 0, 5]
0.625 0.6666666666666666
itercount --------> 7
[3, 6, 7]
[3, 6, 0]
[3, 6, 1]
[3, 6, 2]
[3, 6, 4]
[3, 6, 5]
[3, 6, 7, 0]
[3, 6, 7, 1]
[3, 6, 7, 2]
[3, 6, 7, 4]
[3, 6, 7, 5]
[3, 6, 7, 0, 1]
[3, 6, 7, 0, 2]
[3, 6, 7, 0, 4]
0.6666666666666666 0.7142857142857143
itercount --------> 8
[0, 1, 2]
[0, 1, 4]
[0, 1, 5]
[0, 1, 3]
[0, 1, 7]
[0, 1, 6]
[0, 1, 2, 4]
[0, 1, 2, 5]
[0, 1, 2, 3]
[0, 1, 2, 7]
[0, 1, 2, 6]
0.7142857142857143 0.7692307692307693
itercount --------> 9
[4, 0, 1]
[4, 0, 2]
[4, 0, 5]
[4, 0, 3]
0.7692307692307693 0.7857142857142857
itercount --------> 10
[3, 4, 6]
[3, 4, 7]
[3, 4, 0]
[3, 4, 1]
[3, 4, 2]
[3, 4, 5]
[3, 4, 6, 7]
[3, 4, 6, 0]
[3, 4, 6, 1]
[3, 4, 6, 2]
[3, 4, 6, 5]
[3, 4, 6, 7, 0]
[3, 4, 6, 7, 1]
[3, 4, 6, 7, 2]
[3, 4, 6, 7, 5]
[3, 4, 6, 7, 0, 1]
[3, 4, 6, 7, 0, 2]
[3, 4, 6, 7, 0, 5]
[3, 4, 6, 7, 0, 1, 2]
[3, 4, 6, 7, 0, 1, 5]
[3, 4, 6, 7, 0, 1, 2, 5]
failed -> 4 times
after fail n ======> 7
[0, 1, 2, 5, 3, 4, 6]
0.05982905982905983 0.06451612903225806
itercount --------> 1
[0, 1, 5]
0.06451612903225806 0.23529411764705882
itercount --------> 2
[0, 1, 5]
[0, 1, 2]
0.23529411764705882 0.42105263157894735
itercount --------> 3
[3, 4, 0]
[3, 4, 1]
[3, 4, 2]
[3, 4, 5]
[3, 4, 6]
[3, 4, 7]
[3, 4, 0, 1]
[3, 4, 0, 2]
[3, 4, 0, 5]
[3, 4, 0, 6]
[3, 4, 0, 7]
[3, 4, 0, 1, 2]
0.42105263157894735 0.4375
itercount --------> 4
[0, 1, 2]
[0, 1, 5]
[0, 1, 4]
0.4375 0.5
itercount --------> 5
[0, 1, 2]
[0, 1, 3]
[0, 1, 4]
[0, 1, 5]
0.5 0.5882352941176471
itercount --------> 6
[0, 1, 2]
[0, 1, 3]
[0, 1, 5]
[0, 1, 6]
[0, 1, 7]
[0, 1, 4]
[0, 1, 2, 3]
[0, 1, 2, 5]
[0, 1, 2, 6]
0.5882352941176471 0.6666666666666666
itercount --------> 7
[3, 6, 7]
[3, 6, 0]
[3, 6, 1]
[3, 6, 2]
[3, 6, 4]
[3, 6, 5]
[3, 6, 7, 0]
[3, 6, 7, 1]
[3, 6, 7, 2]
[3, 6, 7, 4]
0.6666666666666666 0.7142857142857143
itercount --------> 8
[0, 1, 2]
[0, 1, 4]
[0, 1, 5]
[0, 1, 3]
[0, 1, 6]
[0, 1, 7]
[0, 1, 2, 4]
[0, 1, 2, 5]
[0, 1, 2, 3]
[0, 1, 2, 6]
[0, 1, 2, 7]
[0, 1, 2, 4, 5]
[0, 1, 2, 4, 3]
0.7142857142857143 0.7333333333333333
itercount --------> 9
[0, 1, 2]
[0, 1, 3]
[0, 1, 4]
[0, 1, 5]
[0, 1, 6]
[0, 1, 7]
[0, 1, 2, 3]
[0, 1, 2, 4]
[0, 1, 2, 5]
[0, 1, 2, 6]
[0, 1, 2, 7]
[0, 1, 2, 3, 4]
[0, 1, 2, 3, 5]
[0, 1, 2, 3, 6]
[0, 1, 2, 3, 7]
[0, 1, 2, 3, 4, 5]
[0, 1, 2, 3, 4, 6]
[0, 1, 2, 3, 4, 7]
[0, 1, 2, 3, 4, 5, 6]
[0, 1, 2, 3, 4, 5, 7]
[0, 1, 2, 3, 4, 5, 6, 7]
0.7333333333333333 0.7857142857142857
itercount --------> 10
[3, 4, 6]
[3, 4, 7]
[3, 4, 0]
[3, 4, 1]
[3, 4, 2]
[3, 4, 5]
[3, 4, 6, 7]
[3, 4, 6, 0]
[3, 4, 6, 1]
[3, 4, 6, 2]
[3, 4, 6, 5]
[3, 4, 6, 7, 0]
[3, 4, 6, 7, 1]
[3, 4, 6, 7, 2]
[3, 4, 6, 7, 5]
[3, 4, 6, 7, 0, 1]
[3, 4, 6, 7, 0, 2]
[3, 4, 6, 7, 0, 5]
[3, 4, 6, 7, 0, 1, 2]
[3, 4, 6, 7, 0, 1, 5]
[3, 4, 6, 7, 0, 1, 2, 5]
failed -> 5 times
after fail n ======> 8
[0, 1, 2, 5, 3, 4, 6, 7]
0.05982905982905983 0.11475409836065574
itercount --------> 1
[1, 2, 0]
[1, 2, 5]
0.11475409836065574 0.21212121212121213
itercount --------> 2
[0, 1, 2]
0.21212121212121213 0.3684210526315789
itercount --------> 3
[0, 1, 2]
[0, 1, 5]
[0, 1, 3]
0.3684210526315789 0.42105263157894735
itercount --------> 4
[3, 4, 0]
[3, 4, 1]
[3, 4, 2]
[3, 4, 5]
[3, 4, 6]
[3, 4, 7]
[3, 4, 0, 1]
0.42105263157894735 0.43478260869565216
itercount --------> 5
[1, 0, 2]
[1, 0, 5]
0.43478260869565216 0.5
itercount --------> 6
[0, 1, 2]
[0, 1, 5]
[0, 1, 3]
0.5 0.5882352941176471
itercount --------> 7
[0, 1, 2]
[0, 1, 3]
[0, 1, 5]
[0, 1, 6]
[0, 1, 7]
[0, 1, 4]
[0, 1, 2, 3]
[0, 1, 2, 5]
[0, 1, 2, 6]
[0, 1, 2, 7]
[0, 1, 2, 4]
[0, 1, 2, 3, 5]
[0, 1, 2, 3, 6]
[0, 1, 2, 3, 7]
[0, 1, 2, 3, 4]
[0, 1, 2, 3, 5, 6]
[0, 1, 2, 3, 5, 7]
[0, 1, 2, 3, 5, 4]
[0, 1, 2, 3, 5, 6, 7]
[0, 1, 2, 3, 5, 6, 4]
[0, 1, 2, 3, 5, 6, 7, 4]
0.5882352941176471 0.625
itercount --------> 8
[0, 1, 2]
[0, 1, 5]
[0, 1, 4]
[0, 1, 3]
[0, 1, 6]
[0, 1, 7]
[0, 1, 2, 5]
[0, 1, 2, 4]
[0, 1, 2, 3]
[0, 1, 2, 6]
[0, 1, 2, 7]
[0, 1, 2, 5, 4]
[0, 1, 2, 5, 3]
[0, 1, 2, 5, 6]
[0, 1, 2, 5, 7]
0.625 0.6666666666666666
itercount --------> 9
[1, 2, 0]
0.6666666666666666 0.7142857142857143
itercount --------> 10
[0, 1, 2]
[0, 1, 5]
[0, 1, 4]
[0, 1, 7]
[0, 1, 3]
[0, 1, 6]
[0, 1, 2, 5]
[0, 1, 2, 4]
[0, 1, 2, 7]
[0, 1, 2, 3]
[0, 1, 2, 6]
[0, 1, 2, 5, 4]
[0, 1, 2, 5, 7]
[0, 1, 2, 5, 3]
[0, 1, 2, 5, 6]
0.7142857142857143 0.7692307692307693
itercount --------> 11
[4, 0, 1]
[4, 0, 2]
[4, 0, 5]
[4, 0, 3]
[4, 0, 6]
[4, 0, 7]
[4, 0, 1, 2]
[4, 0, 1, 5]
[4, 0, 1, 3]
[4, 0, 1, 6]
0.7692307692307693 0.7857142857142857
itercount --------> 12
[3, 4, 6]
[3, 4, 7]
[3, 4, 0]
[3, 4, 1]
[3, 4, 2]
[3, 4, 5]
[3, 4, 6, 7]
[3, 4, 6, 0]
[3, 4, 6, 1]
[3, 4, 6, 2]
[3, 4, 6, 5]
[3, 4, 6, 7, 0]
[3, 4, 6, 7, 1]
[3, 4, 6, 7, 2]
[3, 4, 6, 7, 5]
[3, 4, 6, 7, 0, 1]
[3, 4, 6, 7, 0, 2]
[3, 4, 6, 7, 0, 5]
[3, 4, 6, 7, 0, 1, 2]
[3, 4, 6, 7, 0, 1, 5]
[3, 4, 6, 7, 0, 1, 2, 5]
failed -> 6 times
after fail n ======> 5
[0, 1, 2, 5, 3]
0.05982905982905983 0.125
itercount --------> 1
[2, 5, 4]
0.125 0.17391304347826086
itercount --------> 2
[4, 3, 2]
0.17391304347826086 0.17857142857142858
itercount --------> 3
[2, 3, 4]
[2, 3, 5]
0.17857142857142858 0.22727272727272727
itercount --------> 4
[3, 2, 4]
[3, 2, 0]
0.22727272727272727 0.2631578947368421
itercount --------> 5
[3, 4, 0]
[3, 4, 1]
[3, 4, 2]
[3, 4, 6]
[3, 4, 7]
[3, 4, 5]
[3, 4, 0, 1]
[3, 4, 0, 2]
[3, 4, 0, 6]
[3, 4, 0, 7]
[3, 4, 0, 5]
0.2631578947368421 0.3125
itercount --------> 6
[3, 4, 6]
[3, 4, 7]
[3, 4, 0]
[3, 4, 1]
[3, 4, 2]
0.3125 0.35294117647058826
itercount --------> 7
[2, 3, 4]
[2, 3, 6]
[2, 3, 7]
[2, 3, 0]
[2, 3, 1]
0.35294117647058826 0.42105263157894735
itercount --------> 8
[3, 4, 2]
[3, 4, 6]
[3, 4, 7]
[3, 4, 0]
0.42105263157894735 0.4375
itercount --------> 9
[2, 4, 3]
0.4375 0.5
itercount --------> 10
[3, 4, 6]
[3, 4, 7]
[3, 4, 0]
[3, 4, 1]
[3, 4, 2]
[3, 4, 5]
0.5 0.5384615384615384
itercount --------> 11
[0, 1, 2]
[0, 1, 5]
[0, 1, 6]
[0, 1, 7]
[0, 1, 3]
[0, 1, 4]
0.5384615384615384 0.5882352941176471
itercount --------> 12
[1, 2, 3]
[1, 2, 6]
[1, 2, 7]
[1, 2, 4]
[1, 2, 0]
[1, 2, 5]
0.5882352941176471 0.7142857142857143
itercount --------> 13
[3, 6, 7]
[3, 6, 4]
[3, 6, 0]
[3, 6, 1]
[3, 6, 2]
[3, 6, 5]
[3, 6, 7, 4]
[3, 6, 7, 0]
[3, 6, 7, 1]
[3, 6, 7, 2]
[3, 6, 7, 5]
[3, 6, 7, 4, 0]
[3, 6, 7, 4, 1]
[3, 6, 7, 4, 2]
[3, 6, 7, 4, 5]
[3, 6, 7, 4, 0, 1]
[3, 6, 7, 4, 0, 2]
[3, 6, 7, 4, 0, 5]
[3, 6, 7, 4, 0, 1, 2]
[3, 6, 7, 4, 0, 1, 5]
[3, 6, 7, 4, 0, 1, 2, 5]
failed -> 7 times
after fail n ======> 6
[0, 1, 2, 5, 3, 4]
0.05982905982905983 0.07936507936507936
itercount --------> 1
[2, 5, 4]
[2, 5, 0]
0.07936507936507936 0.14285714285714285
itercount --------> 2
[2, 4, 1]
[2, 4, 0]
[2, 4, 3]
[2, 4, 5]
0.14285714285714285 0.19047619047619047
itercount --------> 3
[4, 1, 6]
0.19047619047619047 0.2222222222222222
itercount --------> 4
[4, 3, 6]
[4, 3, 7]
[4, 3, 1]
0.2222222222222222 0.23529411764705882
itercount --------> 5
[4, 1, 3]
0.23529411764705882 0.25
itercount --------> 6
[4, 3, 6]
[4, 3, 7]
[4, 3, 1]
[4, 3, 0]
[4, 3, 2]
[4, 3, 5]
[4, 3, 6, 7]
[4, 3, 6, 1]
[4, 3, 6, 0]
[4, 3, 6, 2]
[4, 3, 6, 5]
[4, 3, 6, 7, 1]
[4, 3, 6, 7, 0]
0.25 0.26666666666666666
itercount --------> 7
[4, 1, 3]
0.26666666666666666 0.2857142857142857
itercount --------> 8
[4, 6, 3]
[4, 6, 7]
[4, 6, 0]
[4, 6, 1]
[4, 6, 2]
[4, 6, 5]
[4, 6, 3, 7]
[4, 6, 3, 0]
[4, 6, 3, 1]
[4, 6, 3, 2]
[4, 6, 3, 5]
[4, 6, 3, 7, 0]
[4, 6, 3, 7, 1]
[4, 6, 3, 7, 2]
[4, 6, 3, 7, 5]
[4, 6, 3, 7, 0, 1]
[4, 6, 3, 7, 0, 2]
[4, 6, 3, 7, 0, 5]
[4, 6, 3, 7, 0, 1, 2]
[4, 6, 3, 7, 0, 1, 5]
[4, 6, 3, 7, 0, 1, 2, 5]
failed -> 8 times
after fail n ======> 7
[0, 1, 2, 5, 3, 4, 6]
0.05982905982905983 0.11475409836065574
itercount --------> 1
[1, 5, 0]
[1, 5, 2]
0.11475409836065574 0.14893617021276595
itercount --------> 2
[2, 5, 0]
0.14893617021276595 0.21212121212121213
itercount --------> 3
[0, 1, 2]
0.21212121212121213 0.3684210526315789
itercount --------> 4
[0, 1, 2]
[0, 1, 5]
[0, 1, 3]
0.3684210526315789 0.4375
itercount --------> 5
[0, 1, 2]
[0, 1, 5]
[0, 1, 4]
0.4375 0.5882352941176471
itercount --------> 6
[0, 1, 2]
[0, 1, 3]
[0, 1, 5]
[0, 1, 6]
[0, 1, 7]
[0, 1, 4]
[0, 1, 2, 3]
[0, 1, 2, 5]
[0, 1, 2, 6]
[0, 1, 2, 7]
[0, 1, 2, 4]
[0, 1, 2, 3, 5]
[0, 1, 2, 3, 6]
[0, 1, 2, 3, 7]
[0, 1, 2, 3, 4]
[0, 1, 2, 3, 5, 6]
[0, 1, 2, 3, 5, 7]
[0, 1, 2, 3, 5, 4]
[0, 1, 2, 3, 5, 6, 7]
[0, 1, 2, 3, 5, 6, 4]
[0, 1, 2, 3, 5, 6, 7, 4]
0.5882352941176471 0.625
itercount --------> 7
[0, 1, 2]
[0, 1, 5]
[0, 1, 4]
[0, 1, 3]
[0, 1, 6]
[0, 1, 7]
[0, 1, 2, 5]
[0, 1, 2, 4]
[0, 1, 2, 3]
[0, 1, 2, 6]
[0, 1, 2, 7]
0.625 0.6666666666666666
itercount --------> 8
[1, 2, 5]
[1, 2, 0]
[1, 2, 3]
[1, 2, 4]
[1, 2, 6]
[1, 2, 7]
[1, 2, 5, 0]
0.6666666666666666 0.7142857142857143
itercount --------> 9
[0, 1, 2]
[0, 1, 5]
[0, 1, 4]
[0, 1, 7]
[0, 1, 3]
[0, 1, 6]
[0, 1, 2, 5]
[0, 1, 2, 4]
0.7142857142857143 0.7692307692307693
itercount --------> 10
[4, 0, 1]
[4, 0, 2]
[4, 0, 5]
[4, 0, 3]
[4, 0, 6]
[4, 0, 7]
[4, 0, 1, 2]
[4, 0, 1, 5]
[4, 0, 1, 3]
[4, 0, 1, 6]
[4, 0, 1, 7]
[4, 0, 1, 2, 5]
[4, 0, 1, 2, 3]
[4, 0, 1, 2, 6]
[4, 0, 1, 2, 7]
[4, 0, 1, 2, 5, 3]
[4, 0, 1, 2, 5, 6]
[4, 0, 1, 2, 5, 7]
[4, 0, 1, 2, 5, 3, 6]
[4, 0, 1, 2, 5, 3, 7]
[4, 0, 1, 2, 5, 3, 6, 7]
failed -> 9 times
after fail n ======> 8
[0, 1, 2, 5, 3, 4, 6, 7]
0.05982905982905983 0.0625
itercount --------> 1
[5, 0, 1]
0.0625 0.1111111111111111
itercount --------> 2
[5, 2, 0]
0.1111111111111111 0.13333333333333333
itercount --------> 3
[2, 0, 4]
0.13333333333333333 0.3333333333333333
itercount --------> 4
[0, 1, 2]
[0, 1, 4]
[0, 1, 3]
[0, 1, 5]
0.3333333333333333 0.4
itercount --------> 5
[0, 1, 2]
[0, 1, 5]
[0, 1, 7]
[0, 1, 3]
0.4 0.46153846153846156
itercount --------> 6
[7, 0, 1]
[7, 0, 2]
[7, 0, 5]
[7, 0, 3]
0.46153846153846156 0.5384615384615384
itercount --------> 7
[0, 1, 2]
[0, 1, 5]
[0, 1, 6]
[0, 1, 7]
[0, 1, 3]
[0, 1, 4]
0.5384615384615384 0.5882352941176471
itercount --------> 8
[0, 2, 3]
[0, 2, 4]
[0, 2, 6]
[0, 2, 7]
[0, 2, 1]
0.5882352941176471 0.7142857142857143
itercount --------> 9
[3, 6, 7]
[3, 6, 4]
[3, 6, 0]
[3, 6, 1]
[3, 6, 2]
[3, 6, 5]
[3, 6, 7, 4]
[3, 6, 7, 0]
[3, 6, 7, 1]
[3, 6, 7, 2]
[3, 6, 7, 5]
[3, 6, 7, 4, 0]
[3, 6, 7, 4, 1]
[3, 6, 7, 4, 2]
[3, 6, 7, 4, 5]
[3, 6, 7, 4, 0, 1]
[3, 6, 7, 4, 0, 2]
[3, 6, 7, 4, 0, 5]
[3, 6, 7, 4, 0, 1, 2]
[3, 6, 7, 4, 0, 1, 5]
[3, 6, 7, 4, 0, 1, 2, 5]
failed -> 10 times
after fail n ======> 5
[0, 1, 2, 5, 3]
0.05982905982905983 0.21212121212121213
itercount --------> 1
[0, 1, 2]
0.21212121212121213 0.3684210526315789
itercount --------> 2
[0, 1, 2]
[0, 1, 5]
[0, 1, 3]
0.3684210526315789 0.42105263157894735
itercount --------> 3
[3, 4, 0]
[3, 4, 1]
[3, 4, 2]
[3, 4, 5]
[3, 4, 6]
[3, 4, 7]
[3, 4, 0, 1]
0.42105263157894735 0.4375
itercount --------> 4
[0, 1, 2]
[0, 1, 5]
[0, 1, 4]
0.4375 0.5
itercount --------> 5
[0, 1, 2]
[0, 1, 3]
[0, 1, 5]
0.5 0.5882352941176471
itercount --------> 6
[0, 1, 2]
[0, 1, 3]
[0, 1, 5]
[0, 1, 6]
[0, 1, 7]
0.5882352941176471 0.625
itercount --------> 7
[3, 6, 7]
[3, 6, 0]
[3, 6, 1]
[3, 6, 2]
[3, 6, 5]
[3, 6, 4]
[3, 6, 7, 0]
[3, 6, 7, 1]
[3, 6, 7, 2]
[3, 6, 7, 5]
[3, 6, 7, 4]
[3, 6, 7, 0, 1]
[3, 6, 7, 0, 2]
0.625 0.6666666666666666
itercount --------> 8
[3, 6, 7]
[3, 6, 0]
[3, 6, 1]
[3, 6, 2]
[3, 6, 4]
[3, 6, 5]
[3, 6, 7, 0]
[3, 6, 7, 1]
[3, 6, 7, 2]
[3, 6, 7, 4]
0.6666666666666666 0.7142857142857143
itercount --------> 9
[0, 1, 2]
[0, 1, 4]
[0, 1, 5]
[0, 1, 3]
[0, 1, 7]
[0, 1, 6]
[0, 1, 2, 4]
[0, 1, 2, 5]
[0, 1, 2, 3]
[0, 1, 2, 7]
[0, 1, 2, 6]
[0, 1, 2, 4, 5]
[0, 1, 2, 4, 3]
0.7142857142857143 0.7333333333333333
itercount --------> 10
[0, 1, 2]
[0, 1, 3]
[0, 1, 4]
[0, 1, 5]
[0, 1, 6]
[0, 1, 7]
[0, 1, 2, 3]
[0, 1, 2, 4]
[0, 1, 2, 5]
[0, 1, 2, 6]
[0, 1, 2, 7]
[0, 1, 2, 3, 4]
[0, 1, 2, 3, 5]
[0, 1, 2, 3, 6]
[0, 1, 2, 3, 7]
[0, 1, 2, 3, 4, 5]
[0, 1, 2, 3, 4, 6]
[0, 1, 2, 3, 4, 7]
[0, 1, 2, 3, 4, 5, 6]
0.7333333333333333 0.7857142857142857
itercount --------> 11
[3, 4, 6]
[3, 4, 7]
[3, 4, 0]
[3, 4, 1]
[3, 4, 2]
[3, 4, 5]
[3, 4, 6, 7]
[3, 4, 6, 0]
[3, 4, 6, 1]
[3, 4, 6, 2]
[3, 4, 6, 5]
[3, 4, 6, 7, 0]
[3, 4, 6, 7, 1]
[3, 4, 6, 7, 2]
[3, 4, 6, 7, 5]
[3, 4, 6, 7, 0, 1]
[3, 4, 6, 7, 0, 2]
[3, 4, 6, 7, 0, 5]
[3, 4, 6, 7, 0, 1, 2]
[3, 4, 6, 7, 0, 1, 5]
[3, 4, 6, 7, 0, 1, 2, 5]
failed -> 11 times
after fail n ======> 6
[0, 1, 2, 5, 3, 4]
0.05982905982905983 0.06666666666666667
itercount --------> 1
[0, 1, 2]
0.06666666666666667 0.1111111111111111
itercount --------> 2
[1, 5, 4]
0.1111111111111111 0.15789473684210525
itercount --------> 3
[1, 5, 4]
0.15789473684210525 0.16666666666666666
itercount --------> 4
[0, 2, 5]
0.16666666666666666 0.25
itercount --------> 5
[0, 1, 2]
[0, 1, 5]
[0, 1, 3]
0.25 0.3333333333333333
itercount --------> 6
[4, 3, 6]
[4, 3, 7]
[4, 3, 0]
[4, 3, 1]
0.3333333333333333 0.3684210526315789
itercount --------> 7
[1, 4, 3]
[1, 4, 5]
0.3684210526315789 0.42105263157894735
itercount --------> 8
[4, 3, 1]
[4, 3, 0]
[4, 3, 2]
[4, 3, 5]
[4, 3, 6]
[4, 3, 7]
[4, 3, 1, 0]
0.42105263157894735 0.43478260869565216
itercount --------> 9
[1, 0, 2]
0.43478260869565216 0.5
itercount --------> 10
[0, 1, 2]
[0, 1, 5]
[0, 1, 3]
0.5 0.5882352941176471
itercount --------> 11
[0, 1, 2]
[0, 1, 3]
[0, 1, 5]
[0, 1, 6]
[0, 1, 7]
[0, 1, 4]
[0, 1, 2, 3]
[0, 1, 2, 5]
[0, 1, 2, 6]
[0, 1, 2, 7]
[0, 1, 2, 4]
[0, 1, 2, 3, 5]
[0, 1, 2, 3, 6]
[0, 1, 2, 3, 7]
[0, 1, 2, 3, 4]
[0, 1, 2, 3, 5, 6]
[0, 1, 2, 3, 5, 7]
[0, 1, 2, 3, 5, 4]
[0, 1, 2, 3, 5, 6, 7]
[0, 1, 2, 3, 5, 6, 4]
[0, 1, 2, 3, 5, 6, 7, 4]
failed -> 12 times
after fail n ======> 7
[0, 1, 2, 5, 3, 4, 6]
0.05982905982905983 0.06451612903225806
itercount --------> 1
[0, 1, 2]
0.06451612903225806 0.125
itercount --------> 2
[0, 1, 2]
0.125 0.23529411764705882
itercount --------> 3
[0, 1, 2]
[0, 1, 5]
0.23529411764705882 0.42105263157894735
itercount --------> 4
[3, 4, 0]
[3, 4, 1]
0.42105263157894735 0.4375
itercount --------> 5
[0, 1, 2]
[0, 1, 5]
[0, 1, 4]
0.4375 0.5
itercount --------> 6
[3, 4, 6]
[3, 4, 7]
[3, 4, 0]
[3, 4, 1]
[3, 4, 2]
[3, 4, 5]
[3, 4, 6, 7]
[3, 4, 6, 0]
[3, 4, 6, 1]
[3, 4, 6, 2]
[3, 4, 6, 5]
[3, 4, 6, 7, 0]
[3, 4, 6, 7, 1]
[3, 4, 6, 7, 2]
[3, 4, 6, 7, 5]
[3, 4, 6, 7, 0, 1]
[3, 4, 6, 7, 0, 2]
[3, 4, 6, 7, 0, 5]
[3, 4, 6, 7, 0, 1, 2]
[3, 4, 6, 7, 0, 1, 5]
0.5 0.5384615384615384
itercount --------> 7
[0, 1, 2]
[0, 1, 5]
[0, 1, 3]
[0, 1, 4]
[0, 1, 6]
[0, 1, 7]
[0, 1, 2, 5]
[0, 1, 2, 3]
0.5384615384615384 0.7142857142857143
itercount --------> 8
[3, 6, 7]
[3, 6, 4]
[3, 6, 0]
[3, 6, 1]
[3, 6, 2]
[3, 6, 5]
[3, 6, 7, 4]
[3, 6, 7, 0]
[3, 6, 7, 1]
[3, 6, 7, 2]
[3, 6, 7, 5]
[3, 6, 7, 4, 0]
[3, 6, 7, 4, 1]
[3, 6, 7, 4, 2]
[3, 6, 7, 4, 5]
[3, 6, 7, 4, 0, 1]
[3, 6, 7, 4, 0, 2]
[3, 6, 7, 4, 0, 5]
[3, 6, 7, 4, 0, 1, 2]
[3, 6, 7, 4, 0, 1, 5]
[3, 6, 7, 4, 0, 1, 2, 5]
failed -> 13 times
after fail n ======> 8
[0, 1, 2, 5, 3, 4, 6, 7]
0.05982905982905983 0.06666666666666667
itercount --------> 1
[0, 2, 1]
0.06666666666666667 0.1111111111111111
itercount --------> 2
[0, 5, 1]
[0, 5, 2]
0.1111111111111111 0.125
itercount --------> 3
[0, 5, 7]
0.125 0.15
itercount --------> 4
[0, 7, 4]
0.15 0.18181818181818182
itercount --------> 5
[0, 7, 6]
0.18181818181818182 0.21052631578947367
itercount --------> 6
[0, 7, 6]
[0, 7, 1]
0.21052631578947367 0.2857142857142857
itercount --------> 7
[0, 1, 2]
[0, 1, 5]
[0, 1, 7]
[0, 1, 6]
[0, 1, 4]
0.2857142857142857 0.3125
itercount --------> 8
[1, 0, 2]
0.3125 0.3333333333333333
itercount --------> 9
[1, 7, 4]
[1, 7, 0]
0.3333333333333333 0.35714285714285715
itercount --------> 10
[0, 1, 2]
[0, 1, 5]
[0, 1, 7]
[0, 1, 4]
[0, 1, 6]
[0, 1, 3]
[0, 1, 2, 5]
[0, 1, 2, 7]
[0, 1, 2, 4]
[0, 1, 2, 6]
[0, 1, 2, 3]
0.35714285714285715 0.38461538461538464
itercount --------> 11
[0, 1, 2]
[0, 1, 5]
[0, 1, 7]
[0, 1, 4]
[0, 1, 6]
[0, 1, 3]
[0, 1, 2, 5]
[0, 1, 2, 7]
[0, 1, 2, 4]
[0, 1, 2, 6]
[0, 1, 2, 3]
[0, 1, 2, 5, 7]
[0, 1, 2, 5, 4]
[0, 1, 2, 5, 6]
[0, 1, 2, 5, 3]
[0, 1, 2, 5, 7, 4]
[0, 1, 2, 5, 7, 6]
[0, 1, 2, 5, 7, 3]
[0, 1, 2, 5, 7, 4, 6]
0.38461538461538464 0.46153846153846156
itercount --------> 12
[0, 1, 2]
[0, 1, 5]
[0, 1, 7]
[0, 1, 3]
[0, 1, 6]
[0, 1, 4]
[0, 1, 2, 5]
[0, 1, 2, 7]
[0, 1, 2, 3]
[0, 1, 2, 6]
[0, 1, 2, 4]
[0, 1, 2, 5, 7]
[0, 1, 2, 5, 3]
[0, 1, 2, 5, 6]
[0, 1, 2, 5, 4]
[0, 1, 2, 5, 7, 3]
[0, 1, 2, 5, 7, 6]
[0, 1, 2, 5, 7, 4]
[0, 1, 2, 5, 7, 3, 6]
[0, 1, 2, 5, 7, 3, 4]
0.46153846153846156 0.5
itercount --------> 13
[7, 4, 3]
[7, 4, 6]
[7, 4, 0]
[7, 4, 1]
[7, 4, 2]
[7, 4, 5]
[7, 4, 3, 6]
[7, 4, 3, 0]
[7, 4, 3, 1]
[7, 4, 3, 2]
[7, 4, 3, 5]
[7, 4, 3, 6, 0]
[7, 4, 3, 6, 1]
[7, 4, 3, 6, 2]
[7, 4, 3, 6, 5]
[7, 4, 3, 6, 0, 1]
[7, 4, 3, 6, 0, 2]
[7, 4, 3, 6, 0, 5]
[7, 4, 3, 6, 0, 1, 2]
[7, 4, 3, 6, 0, 1, 5]
[7, 4, 3, 6, 0, 1, 2, 5]
failed -> 14 times
after fail n ======> 5
[0, 1, 2, 5, 3]
0.05982905982905983 0.11475409836065574
itercount --------> 1
[0, 1, 2]
0.11475409836065574 0.21212121212121213
itercount --------> 2
[0, 1, 2]
[0, 1, 5]
0.21212121212121213 0.3684210526315789
itercount --------> 3
[0, 1, 2]
[0, 1, 5]
[0, 1, 3]
0.3684210526315789 0.42105263157894735
itercount --------> 4
[3, 4, 0]
[3, 4, 1]
[3, 4, 2]
[3, 4, 5]
[3, 4, 6]
[3, 4, 7]
[3, 4, 0, 1]
0.42105263157894735 0.4375
itercount --------> 5
[0, 1, 2]
[0, 1, 5]
[0, 1, 4]
[0, 1, 3]
0.4375 0.5
itercount --------> 6
[0, 1, 2]
0.5 0.5882352941176471
itercount --------> 7
[0, 1, 2]
[0, 1, 3]
[0, 1, 5]
[0, 1, 6]
[0, 1, 7]
[0, 1, 4]
[0, 1, 2, 3]
[0, 1, 2, 5]
[0, 1, 2, 6]
0.5882352941176471 0.6666666666666666
itercount --------> 8
[3, 6, 7]
[3, 6, 0]
[3, 6, 1]
[3, 6, 2]
[3, 6, 4]
[3, 6, 5]
[3, 6, 7, 0]
[3, 6, 7, 1]
[3, 6, 7, 2]
[3, 6, 7, 4]
0.6666666666666666 0.7142857142857143
itercount --------> 9
[0, 1, 2]
[0, 1, 4]
[0, 1, 5]
[0, 1, 3]
[0, 1, 6]
[0, 1, 7]
[0, 1, 2, 4]
[0, 1, 2, 5]
[0, 1, 2, 3]
[0, 1, 2, 6]
[0, 1, 2, 7]
[0, 1, 2, 4, 5]
[0, 1, 2, 4, 3]
0.7142857142857143 0.7333333333333333
itercount --------> 10
[0, 1, 2]
[0, 1, 3]
[0, 1, 4]
[0, 1, 5]
[0, 1, 6]
[0, 1, 7]
[0, 1, 2, 3]
[0, 1, 2, 4]
[0, 1, 2, 5]
[0, 1, 2, 6]
[0, 1, 2, 7]
[0, 1, 2, 3, 4]
[0, 1, 2, 3, 5]
[0, 1, 2, 3, 6]
[0, 1, 2, 3, 7]
[0, 1, 2, 3, 4, 5]
[0, 1, 2, 3, 4, 6]
[0, 1, 2, 3, 4, 7]
[0, 1, 2, 3, 4, 5, 6]
[0, 1, 2, 3, 4, 5, 7]
[0, 1, 2, 3, 4, 5, 6, 7]
0.7333333333333333 0.7857142857142857
itercount --------> 11
[3, 4, 6]
[3, 4, 7]
[3, 4, 0]
[3, 4, 1]
[3, 4, 2]
[3, 4, 5]
[3, 4, 6, 7]
[3, 4, 6, 0]
[3, 4, 6, 1]
[3, 4, 6, 2]
[3, 4, 6, 5]
[3, 4, 6, 7, 0]
[3, 4, 6, 7, 1]
[3, 4, 6, 7, 2]
[3, 4, 6, 7, 5]
[3, 4, 6, 7, 0, 1]
[3, 4, 6, 7, 0, 2]
[3, 4, 6, 7, 0, 5]
[3, 4, 6, 7, 0, 1, 2]
[3, 4, 6, 7, 0, 1, 5]
[3, 4, 6, 7, 0, 1, 2, 5]
failed -> 15 times
after fail n ======> 6
[0, 1, 2, 5, 3, 4]
0.05982905982905983 0.07692307692307693
itercount --------> 1
[1, 0, 2]
0.07692307692307693 0.09090909090909091
itercount --------> 2
[1, 2, 0]
0.09090909090909091 0.13333333333333333
itercount --------> 3
[1, 2, 5]
[1, 2, 0]
0.13333333333333333 0.21052631578947367
itercount --------> 4
[0, 1, 2]
[0, 1, 5]
[0, 1, 3]
[0, 1, 4]
0.21052631578947367 0.35
itercount --------> 5
[3, 0, 1]
[3, 0, 2]
[3, 0, 5]
0.35 0.5
itercount --------> 6
[1, 0, 2]
[1, 0, 3]
0.5 0.5882352941176471
itercount --------> 7
[0, 1, 2]
[0, 1, 3]
[0, 1, 5]
[0, 1, 6]
[0, 1, 7]
[0, 1, 4]
[0, 1, 2, 3]
[0, 1, 2, 5]
[0, 1, 2, 6]
[0, 1, 2, 7]
[0, 1, 2, 4]
[0, 1, 2, 3, 5]
[0, 1, 2, 3, 6]
[0, 1, 2, 3, 7]
[0, 1, 2, 3, 4]
[0, 1, 2, 3, 5, 6]
[0, 1, 2, 3, 5, 7]
[0, 1, 2, 3, 5, 4]
[0, 1, 2, 3, 5, 6, 7]
[0, 1, 2, 3, 5, 6, 4]
[0, 1, 2, 3, 5, 6, 7, 4]
0.5882352941176471 0.6
itercount --------> 8
[5, 4, 0]
[5, 4, 1]
[5, 4, 2]
[5, 4, 3]
[5, 4, 6]
[5, 4, 7]
[5, 4, 0, 1]
0.6 0.6428571428571429
itercount --------> 9
[0, 1, 2]
[0, 1, 5]
[0, 1, 4]
[0, 1, 3]
[0, 1, 6]
[0, 1, 7]
[0, 1, 2, 5]
[0, 1, 2, 4]
[0, 1, 2, 3]
[0, 1, 2, 6]
[0, 1, 2, 7]
[0, 1, 2, 5, 4]
[0, 1, 2, 5, 3]
[0, 1, 2, 5, 6]
[0, 1, 2, 5, 7]
[0, 1, 2, 5, 4, 3]
0.6428571428571429 0.6666666666666666
itercount --------> 10
[0, 1, 2]
[0, 1, 5]
[0, 1, 4]
[0, 1, 6]
[0, 1, 7]
[0, 1, 3]
[0, 1, 2, 5]
[0, 1, 2, 4]
[0, 1, 2, 6]
[0, 1, 2, 7]
[0, 1, 2, 3]
[0, 1, 2, 5, 4]
[0, 1, 2, 5, 6]
[0, 1, 2, 5, 7]
[0, 1, 2, 5, 3]
[0, 1, 2, 5, 4, 6]
0.6666666666666666 0.7333333333333333
itercount --------> 11
[0, 1, 2]
[0, 1, 3]
[0, 1, 4]
[0, 1, 5]
[0, 1, 6]
[0, 1, 7]
[0, 1, 2, 3]
[0, 1, 2, 4]
[0, 1, 2, 5]
[0, 1, 2, 6]
[0, 1, 2, 7]
[0, 1, 2, 3, 4]
[0, 1, 2, 3, 5]
[0, 1, 2, 3, 6]
[0, 1, 2, 3, 7]
[0, 1, 2, 3, 4, 5]
[0, 1, 2, 3, 4, 6]
[0, 1, 2, 3, 4, 7]
[0, 1, 2, 3, 4, 5, 6]
[0, 1, 2, 3, 4, 5, 7]
[0, 1, 2, 3, 4, 5, 6, 7]
failed -> 16 times
after fail n ======> 7
[0, 1, 2, 5, 3, 4, 6]
0.05982905982905983 0.07692307692307693
itercount --------> 1
[2, 0, 1]
0.07692307692307693 0.22727272727272727
itercount --------> 2
[2, 6, 4]
0.22727272727272727 0.25
itercount --------> 3
[0, 1, 2]
[0, 1, 5]
[0, 1, 6]
0.25 0.3333333333333333
itercount --------> 4
[0, 1, 5]
[0, 1, 7]
[0, 1, 2]
0.3333333333333333 0.375
itercount --------> 5
[0, 1, 2]
[0, 1, 5]
[0, 1, 6]
[0, 1, 4]
0.375 0.4375
itercount --------> 6
[6, 0, 1]
[6, 0, 2]
[6, 0, 5]
[6, 0, 4]
[6, 0, 7]
0.4375 0.5294117647058824
itercount --------> 7
[0, 1, 2]
[0, 1, 5]
[0, 1, 4]
0.5294117647058824 0.5333333333333333
itercount --------> 8
[0, 1, 2]
[0, 1, 5]
[0, 1, 4]
[0, 1, 6]
[0, 1, 3]
[0, 1, 7]
[0, 1, 2, 5]
[0, 1, 2, 4]
0.5333333333333333 0.5625
itercount --------> 9
[1, 2, 5]
[1, 2, 6]
[1, 2, 0]
[1, 2, 4]
[1, 2, 3]
[1, 2, 7]
[1, 2, 5, 6]
[1, 2, 5, 0]
0.5625 0.6
itercount --------> 10
[0, 1, 2]
[0, 1, 4]
[0, 1, 5]
[0, 1, 6]
[0, 1, 3]
0.6 0.6923076923076923
itercount --------> 11
[4, 0, 1]
[4, 0, 2]
[4, 0, 5]
[4, 0, 6]
0.6923076923076923 0.7142857142857143
itercount --------> 12
[0, 1, 2]
[0, 1, 5]
[0, 1, 3]
[0, 1, 4]
[0, 1, 7]
[0, 1, 6]
[0, 1, 2, 5]
[0, 1, 2, 3]
[0, 1, 2, 4]
[0, 1, 2, 7]
[0, 1, 2, 6]
0.7142857142857143 0.7692307692307693
itercount --------> 13
[4, 0, 1]
[4, 0, 2]
[4, 0, 5]
[4, 0, 3]
[4, 0, 6]
[4, 0, 7]
[4, 0, 1, 2]
[4, 0, 1, 5]
[4, 0, 1, 3]
[4, 0, 1, 6]
[4, 0, 1, 7]
[4, 0, 1, 2, 5]
[4, 0, 1, 2, 3]
[4, 0, 1, 2, 6]
[4, 0, 1, 2, 7]
[4, 0, 1, 2, 5, 3]
[4, 0, 1, 2, 5, 6]
[4, 0, 1, 2, 5, 7]
[4, 0, 1, 2, 5, 3, 6]
[4, 0, 1, 2, 5, 3, 7]
[4, 0, 1, 2, 5, 3, 6, 7]
failed -> 17 times
after fail n ======> 8
[0, 1, 2, 5, 3, 4, 6, 7]
0.05982905982905983 0.06451612903225806
itercount --------> 1
[0, 1, 2]
0.06451612903225806 0.125
itercount --------> 2
[1, 0, 2]
0.125 0.23529411764705882
itercount --------> 3
[0, 1, 2]
[0, 1, 5]
0.23529411764705882 0.42105263157894735
itercount --------> 4
[3, 4, 0]
[3, 4, 1]
[3, 4, 2]
[3, 4, 5]
[3, 4, 6]
[3, 4, 7]
[3, 4, 0, 1]
[3, 4, 0, 2]
[3, 4, 0, 5]
[3, 4, 0, 6]
[3, 4, 0, 7]
[3, 4, 0, 1, 2]
0.42105263157894735 0.4375
itercount --------> 5
[0, 1, 2]
[0, 1, 5]
[0, 1, 4]
0.4375 0.5
itercount --------> 6
[3, 4, 6]
[3, 4, 7]
[3, 4, 0]
[3, 4, 1]
[3, 4, 2]
[3, 4, 5]
[3, 4, 6, 7]
[3, 4, 6, 0]
[3, 4, 6, 1]
[3, 4, 6, 2]
[3, 4, 6, 5]
[3, 4, 6, 7, 0]
[3, 4, 6, 7, 1]
[3, 4, 6, 7, 2]
[3, 4, 6, 7, 5]
[3, 4, 6, 7, 0, 1]
[3, 4, 6, 7, 0, 2]
[3, 4, 6, 7, 0, 5]
[3, 4, 6, 7, 0, 1, 2]
[3, 4, 6, 7, 0, 1, 5]
0.5 0.5384615384615384
itercount --------> 7
[0, 1, 2]
[0, 1, 5]
[0, 1, 6]
[0, 1, 7]
[0, 1, 3]
[0, 1, 4]
0.5384615384615384 0.5882352941176471
itercount --------> 8
[0, 1, 2]
[0, 1, 3]
[0, 1, 5]
[0, 1, 6]
[0, 1, 7]
[0, 1, 4]
[0, 1, 2, 3]
[0, 1, 2, 5]
[0, 1, 2, 6]
[0, 1, 2, 7]
[0, 1, 2, 4]
[0, 1, 2, 3, 5]
[0, 1, 2, 3, 6]
[0, 1, 2, 3, 7]
[0, 1, 2, 3, 4]
0.5882352941176471 0.6
itercount --------> 9
[0, 1, 2]
[0, 1, 4]
[0, 1, 5]
[0, 1, 3]
[0, 1, 6]
[0, 1, 7]
[0, 1, 2, 4]
[0, 1, 2, 5]
[0, 1, 2, 3]
[0, 1, 2, 6]
[0, 1, 2, 7]
[0, 1, 2, 4, 5]
0.6 0.7058823529411765
itercount --------> 10
[4, 3, 6]
0.7058823529411765 0.7142857142857143
itercount --------> 11
[3, 6, 7]
[3, 6, 4]
[3, 6, 0]
[3, 6, 1]
[3, 6, 2]
[3, 6, 5]
[3, 6, 7, 4]
[3, 6, 7, 0]
[3, 6, 7, 1]
[3, 6, 7, 2]
[3, 6, 7, 5]
[3, 6, 7, 4, 0]
[3, 6, 7, 4, 1]
[3, 6, 7, 4, 2]
[3, 6, 7, 4, 5]
[3, 6, 7, 4, 0, 1]
[3, 6, 7, 4, 0, 2]
[3, 6, 7, 4, 0, 5]
[3, 6, 7, 4, 0, 1, 2]
[3, 6, 7, 4, 0, 1, 5]
[3, 6, 7, 4, 0, 1, 2, 5]
failed -> 18 times
after fail n ======> 5
[0, 1, 2, 5, 3]
0.05982905982905983 0.125
itercount --------> 1
[1, 5, 4]
0.125 0.1590909090909091
itercount --------> 2
[5, 0, 2]
0.1590909090909091 0.28
itercount --------> 3
[5, 1, 4]
0.28 0.42105263157894735
itercount --------> 4
[3, 4, 0]
[3, 4, 1]
[3, 4, 2]
[3, 4, 5]
[3, 4, 6]
[3, 4, 7]
[3, 4, 0, 1]
0.42105263157894735 0.4375
itercount --------> 5
[0, 1, 2]
[0, 1, 5]
[0, 1, 4]
0.4375 0.5
itercount --------> 6
[0, 1, 2]
0.5 0.5882352941176471
itercount --------> 7
[0, 1, 2]
[0, 1, 3]
[0, 1, 5]
[0, 1, 6]
[0, 1, 7]
[0, 1, 4]
[0, 1, 2, 3]
[0, 1, 2, 5]
[0, 1, 2, 6]
[0, 1, 2, 7]
[0, 1, 2, 4]
[0, 1, 2, 3, 5]
[0, 1, 2, 3, 6]
[0, 1, 2, 3, 7]
[0, 1, 2, 3, 4]
0.5882352941176471 0.6
itercount --------> 8
[0, 1, 2]
[0, 1, 4]
[0, 1, 5]
[0, 1, 3]
[0, 1, 6]
0.6 0.6666666666666666
itercount --------> 9
[4, 0, 1]
[4, 0, 2]
[4, 0, 3]
[4, 0, 5]
[4, 0, 6]
[4, 0, 7]
[4, 0, 1, 2]
[4, 0, 1, 3]
[4, 0, 1, 5]
[4, 0, 1, 6]
[4, 0, 1, 7]
[4, 0, 1, 2, 3]
[4, 0, 1, 2, 5]
[4, 0, 1, 2, 6]
[4, 0, 1, 2, 7]
[4, 0, 1, 2, 3, 5]
[4, 0, 1, 2, 3, 6]
[4, 0, 1, 2, 3, 7]
[4, 0, 1, 2, 3, 5, 6]
[4, 0, 1, 2, 3, 5, 7]
[4, 0, 1, 2, 3, 5, 6, 7]
0.6666666666666666 0.7333333333333333
itercount --------> 10
[0, 1, 2]
[0, 1, 3]
[0, 1, 4]
[0, 1, 5]
[0, 1, 6]
[0, 1, 7]
[0, 1, 2, 3]
[0, 1, 2, 4]
[0, 1, 2, 5]
[0, 1, 2, 6]
[0, 1, 2, 7]
[0, 1, 2, 3, 4]
[0, 1, 2, 3, 5]
[0, 1, 2, 3, 6]
[0, 1, 2, 3, 7]
[0, 1, 2, 3, 4, 5]
[0, 1, 2, 3, 4, 6]
[0, 1, 2, 3, 4, 7]
[0, 1, 2, 3, 4, 5, 6]
[0, 1, 2, 3, 4, 5, 7]
0.7333333333333333 0.7857142857142857
itercount --------> 11
[3, 4, 6]
[3, 4, 7]
[3, 4, 0]
[3, 4, 1]
[3, 4, 2]
[3, 4, 5]
[3, 4, 6, 7]
[3, 4, 6, 0]
[3, 4, 6, 1]
[3, 4, 6, 2]
[3, 4, 6, 5]
[3, 4, 6, 7, 0]
[3, 4, 6, 7, 1]
[3, 4, 6, 7, 2]
[3, 4, 6, 7, 5]
[3, 4, 6, 7, 0, 1]
[3, 4, 6, 7, 0, 2]
[3, 4, 6, 7, 0, 5]
[3, 4, 6, 7, 0, 1, 2]
[3, 4, 6, 7, 0, 1, 5]
[3, 4, 6, 7, 0, 1, 2, 5]
failed -> 19 times
after fail n ======> 6
[0, 1, 2, 5, 3, 4]
0.05982905982905983 0.10344827586206896
itercount --------> 1
[5, 1, 0]
0.10344827586206896 0.43478260869565216
itercount --------> 2
[5, 0, 1]
0.43478260869565216 0.5
itercount --------> 3
[0, 1, 2]
[0, 1, 5]
[0, 1, 3]
[0, 1, 6]
0.5 0.5263157894736842
itercount --------> 4
[0, 2, 5]
[0, 2, 1]
0.5263157894736842 0.5882352941176471
itercount --------> 5
[0, 1, 2]
[0, 1, 3]
[0, 1, 5]
[0, 1, 6]
[0, 1, 7]
0.5882352941176471 0.625
itercount --------> 6
[3, 6, 7]
[3, 6, 0]
[3, 6, 1]
[3, 6, 2]
[3, 6, 5]
[3, 6, 4]
[3, 6, 7, 0]
[3, 6, 7, 1]
[3, 6, 7, 2]
[3, 6, 7, 5]
[3, 6, 7, 4]
[3, 6, 7, 0, 1]
[3, 6, 7, 0, 2]
0.625 0.6666666666666666
itercount --------> 7
[3, 6, 7]
[3, 6, 0]
[3, 6, 1]
[3, 6, 2]
[3, 6, 4]
[3, 6, 5]
[3, 6, 7, 0]
[3, 6, 7, 1]
[3, 6, 7, 2]
[3, 6, 7, 4]
0.6666666666666666 0.7142857142857143
itercount --------> 8
[0, 1, 2]
[0, 1, 4]
[0, 1, 5]
[0, 1, 6]
[0, 1, 7]
[0, 1, 3]
[0, 1, 2, 4]
[0, 1, 2, 5]
[0, 1, 2, 6]
[0, 1, 2, 7]
[0, 1, 2, 3]
[0, 1, 2, 4, 5]
[0, 1, 2, 4, 6]
0.7142857142857143 0.7333333333333333
itercount --------> 9
[0, 1, 2]
[0, 1, 3]
[0, 1, 4]
[0, 1, 5]
[0, 1, 6]
[0, 1, 7]
[0, 1, 2, 3]
[0, 1, 2, 4]
[0, 1, 2, 5]
[0, 1, 2, 6]
[0, 1, 2, 7]
[0, 1, 2, 3, 4]
[0, 1, 2, 3, 5]
0.7333333333333333 0.7857142857142857
itercount --------> 10
[3, 4, 6]
[3, 4, 7]
[3, 4, 0]
[3, 4, 1]
[3, 4, 2]
[3, 4, 5]
[3, 4, 6, 7]
[3, 4, 6, 0]
[3, 4, 6, 1]
[3, 4, 6, 2]
[3, 4, 6, 5]
[3, 4, 6, 7, 0]
[3, 4, 6, 7, 1]
[3, 4, 6, 7, 2]
[3, 4, 6, 7, 5]
[3, 4, 6, 7, 0, 1]
[3, 4, 6, 7, 0, 2]
[3, 4, 6, 7, 0, 5]
[3, 4, 6, 7, 0, 1, 2]
[3, 4, 6, 7, 0, 1, 5]
[3, 4, 6, 7, 0, 1, 2, 5]
failed -> 20 times
after fail n ======> 7
[0, 1, 2, 5, 3, 4, 6]
0.05982905982905983 0.21212121212121213
itercount --------> 1
[2, 0, 1]
0.21212121212121213 0.3684210526315789
itercount --------> 2
[0, 1, 2]
[0, 1, 5]
[0, 1, 3]
0.3684210526315789 0.42105263157894735
itercount --------> 3
[3, 4, 0]
0.42105263157894735 0.43478260869565216
itercount --------> 4
[0, 1, 2]
[0, 1, 5]
0.43478260869565216 0.5
itercount --------> 5
[0, 1, 2]
[0, 1, 5]
[0, 1, 3]
0.5 0.5882352941176471
itercount --------> 6
[0, 1, 2]
[0, 1, 3]
[0, 1, 5]
[0, 1, 6]
[0, 1, 7]
[0, 1, 4]
[0, 1, 2, 3]
[0, 1, 2, 5]
[0, 1, 2, 6]
[0, 1, 2, 7]
[0, 1, 2, 4]
[0, 1, 2, 3, 5]
[0, 1, 2, 3, 6]
[0, 1, 2, 3, 7]
[0, 1, 2, 3, 4]
[0, 1, 2, 3, 5, 6]
[0, 1, 2, 3, 5, 7]
[0, 1, 2, 3, 5, 4]
[0, 1, 2, 3, 5, 6, 7]
[0, 1, 2, 3, 5, 6, 4]
[0, 1, 2, 3, 5, 6, 7, 4]
failed -> 21 times
after fail n ======> 8
[0, 1, 2, 5, 3, 4, 6, 7]
0.05982905982905983 0.07936507936507936
itercount --------> 1
[0, 2, 4]
[0, 2, 5]
0.07936507936507936 0.14285714285714285
itercount --------> 2
[4, 0, 2]
[4, 0, 5]
0.14285714285714285 0.17391304347826086
itercount --------> 3
[4, 5, 1]
0.17391304347826086 0.25
itercount --------> 4
[4, 3, 6]
[4, 3, 7]
[4, 3, 0]
[4, 3, 2]
[4, 3, 5]
[4, 3, 1]
[4, 3, 6, 7]
[4, 3, 6, 0]
[4, 3, 6, 2]
[4, 3, 6, 5]
[4, 3, 6, 1]
[4, 3, 6, 7, 0]
[4, 3, 6, 7, 2]
[4, 3, 6, 7, 5]
[4, 3, 6, 7, 1]
[4, 3, 6, 7, 0, 2]
[4, 3, 6, 7, 0, 5]
[4, 3, 6, 7, 0, 1]
0.25 0.26666666666666666
itercount --------> 5
[4, 3, 6]
[4, 3, 7]
[4, 3, 0]
[4, 3, 1]
[4, 3, 2]
[4, 3, 5]
[4, 3, 6, 7]
[4, 3, 6, 0]
0.26666666666666666 0.2857142857142857
itercount --------> 6
[4, 6, 3]
[4, 6, 7]
[4, 6, 0]
[4, 6, 1]
[4, 6, 2]
[4, 6, 5]
[4, 6, 3, 7]
[4, 6, 3, 0]
[4, 6, 3, 1]
[4, 6, 3, 2]
[4, 6, 3, 5]
[4, 6, 3, 7, 0]
[4, 6, 3, 7, 1]
[4, 6, 3, 7, 2]
[4, 6, 3, 7, 5]
[4, 6, 3, 7, 0, 1]
[4, 6, 3, 7, 0, 2]
0.2857142857142857 0.32
itercount --------> 7
[4, 5, 2]
0.32 0.4
itercount --------> 8
[4, 0, 3]
[4, 0, 7]
[4, 0, 2]
[4, 0, 6]
[4, 0, 1]
[4, 0, 5]
0.4 0.47058823529411764
itercount --------> 9
[4, 3, 7]
[4, 3, 0]
[4, 3, 2]
[4, 3, 6]
[4, 3, 1]
[4, 3, 5]
0.47058823529411764 0.47368421052631576
itercount --------> 10
[0, 2, 4]
[0, 2, 3]
[0, 2, 5]
[0, 2, 7]
[0, 2, 6]
[0, 2, 1]
[0, 2, 4, 3]
[0, 2, 4, 5]
[0, 2, 4, 7]
[0, 2, 4, 6]
[0, 2, 4, 1]
0.47368421052631576 0.5294117647058824
itercount --------> 11
[4, 0, 2]
0.5294117647058824 0.5333333333333333
itercount --------> 12
[4, 3, 7]
[4, 3, 6]
0.5333333333333333 0.5384615384615384
itercount --------> 13
[0, 1, 2]
[0, 1, 5]
[0, 1, 6]
[0, 1, 7]
[0, 1, 3]
[0, 1, 4]
0.5384615384615384 0.5882352941176471
itercount --------> 14
[0, 1, 2]
[0, 1, 3]
[0, 1, 5]
[0, 1, 6]
[0, 1, 7]
[0, 1, 4]
[0, 1, 2, 3]
[0, 1, 2, 5]
[0, 1, 2, 6]
[0, 1, 2, 7]
[0, 1, 2, 4]
[0, 1, 2, 3, 5]
[0, 1, 2, 3, 6]
0.5882352941176471 0.6666666666666666
itercount --------> 15
[3, 6, 7]
[3, 6, 0]
[3, 6, 1]
[3, 6, 2]
[3, 6, 4]
[3, 6, 5]
[3, 6, 7, 0]
[3, 6, 7, 1]
[3, 6, 7, 2]
[3, 6, 7, 4]
0.6666666666666666 0.7142857142857143
itercount --------> 16
[0, 1, 2]
[0, 1, 4]
[0, 1, 5]
[0, 1, 3]
[0, 1, 6]
[0, 1, 7]
[0, 1, 2, 4]
[0, 1, 2, 5]
[0, 1, 2, 3]
[0, 1, 2, 6]
[0, 1, 2, 7]
[0, 1, 2, 4, 5]
[0, 1, 2, 4, 3]
0.7142857142857143 0.7333333333333333
itercount --------> 17
[0, 1, 2]
[0, 1, 3]
[0, 1, 4]
[0, 1, 5]
[0, 1, 6]
[0, 1, 7]
[0, 1, 2, 3]
[0, 1, 2, 4]
[0, 1, 2, 5]
[0, 1, 2, 6]
[0, 1, 2, 7]
[0, 1, 2, 3, 4]
[0, 1, 2, 3, 5]
[0, 1, 2, 3, 6]
[0, 1, 2, 3, 7]
[0, 1, 2, 3, 4, 5]
[0, 1, 2, 3, 4, 6]
[0, 1, 2, 3, 4, 7]
[0, 1, 2, 3, 4, 5, 6]
[0, 1, 2, 3, 4, 5, 7]
[0, 1, 2, 3, 4, 5, 6, 7]
0.7333333333333333 0.7857142857142857
itercount --------> 18
[3, 4, 6]
[3, 4, 7]
[3, 4, 0]
[3, 4, 1]
[3, 4, 2]
[3, 4, 5]
[3, 4, 6, 7]
[3, 4, 6, 0]
[3, 4, 6, 1]
[3, 4, 6, 2]
[3, 4, 6, 5]
[3, 4, 6, 7, 0]
[3, 4, 6, 7, 1]
[3, 4, 6, 7, 2]
[3, 4, 6, 7, 5]
[3, 4, 6, 7, 0, 1]
[3, 4, 6, 7, 0, 2]
[3, 4, 6, 7, 0, 5]
[3, 4, 6, 7, 0, 1, 2]
[3, 4, 6, 7, 0, 1, 5]
[3, 4, 6, 7, 0, 1, 2, 5]
failed -> 22 times
after fail n ======> 5
[0, 1, 2, 5, 3]
0.05982905982905983 0.06451612903225806
itercount --------> 1
[0, 1, 5]
0.06451612903225806 0.125
itercount --------> 2
[0, 1, 5]
[0, 1, 2]
0.125 0.23529411764705882
itercount --------> 3
[0, 1, 5]
[0, 1, 2]
0.23529411764705882 0.42105263157894735
itercount --------> 4
[3, 4, 0]
[3, 4, 1]
[3, 4, 2]
[3, 4, 5]
[3, 4, 6]
[3, 4, 7]
[3, 4, 0, 1]
[3, 4, 0, 2]
[3, 4, 0, 5]
[3, 4, 0, 6]
[3, 4, 0, 7]
[3, 4, 0, 1, 2]
0.42105263157894735 0.4375
itercount --------> 5
[0, 1, 2]
[0, 1, 5]
[0, 1, 4]
[0, 1, 3]
[0, 1, 6]
[0, 1, 7]
0.4375 0.5
itercount --------> 6
[0, 1, 2]
[0, 1, 5]
[0, 1, 7]
[0, 1, 3]
[0, 1, 4]
[0, 1, 6]
[0, 1, 2, 5]
[0, 1, 2, 7]
[0, 1, 2, 3]
[0, 1, 2, 4]
0.5 0.5882352941176471
itercount --------> 7
[0, 2, 3]
[0, 2, 6]
[0, 2, 7]
[0, 2, 4]
[0, 2, 1]
[0, 2, 5]
[0, 2, 3, 6]
[0, 2, 3, 7]
[0, 2, 3, 4]
[0, 2, 3, 1]
[0, 2, 3, 5]
0.5882352941176471 0.6666666666666666
itercount --------> 8
[3, 6, 7]
[3, 6, 0]
[3, 6, 1]
[3, 6, 2]
[3, 6, 4]
[3, 6, 5]
[3, 6, 7, 0]
[3, 6, 7, 1]
[3, 6, 7, 2]
[3, 6, 7, 4]
0.6666666666666666 0.7142857142857143
itercount --------> 9
[0, 1, 2]
[0, 1, 5]
[0, 1, 4]
[0, 1, 7]
[0, 1, 3]
[0, 1, 6]
[0, 1, 2, 5]
[0, 1, 2, 4]
[0, 1, 2, 7]
[0, 1, 2, 3]
[0, 1, 2, 6]
[0, 1, 2, 5, 4]
[0, 1, 2, 5, 7]
[0, 1, 2, 5, 3]
[0, 1, 2, 5, 6]
[0, 1, 2, 5, 4, 7]
0.7142857142857143 0.7692307692307693
itercount --------> 10
[4, 0, 1]
[4, 0, 2]
[4, 0, 5]
[4, 0, 3]
[4, 0, 6]
[4, 0, 7]
[4, 0, 1, 2]
[4, 0, 1, 5]
[4, 0, 1, 3]
[4, 0, 1, 6]
[4, 0, 1, 7]
[4, 0, 1, 2, 5]
[4, 0, 1, 2, 3]
[4, 0, 1, 2, 6]
[4, 0, 1, 2, 7]
[4, 0, 1, 2, 5, 3]
[4, 0, 1, 2, 5, 6]
[4, 0, 1, 2, 5, 7]
[4, 0, 1, 2, 5, 3, 6]
[4, 0, 1, 2, 5, 3, 7]
[4, 0, 1, 2, 5, 3, 6, 7]
failed -> 23 times
after fail n ======> 6
[0, 1, 2, 5, 3, 4]
0.05982905982905983 0.06666666666666667
itercount --------> 1
[1, 5, 0]
[1, 5, 2]
0.06666666666666667 0.13043478260869565
itercount --------> 2
[4, 0, 1]
0.13043478260869565 0.16666666666666666
itercount --------> 3
[0, 3, 4]
[0, 3, 6]
0.16666666666666666 0.25
itercount --------> 4
[4, 6, 3]
[4, 6, 7]
[4, 6, 0]
[4, 6, 1]
[4, 6, 2]
[4, 6, 5]
0.25 0.25806451612903225
itercount --------> 5
[5, 0, 4]
0.25806451612903225 0.36363636363636365
itercount --------> 6
[4, 1, 2]
[4, 1, 5]
[4, 1, 3]
[4, 1, 7]
[4, 1, 6]
[4, 1, 0]
0.36363636363636365 0.47058823529411764
itercount --------> 7
[4, 3, 7]
[4, 3, 6]
[4, 3, 0]
[4, 3, 1]
[4, 3, 2]
[4, 3, 5]
[4, 3, 7, 6]
[4, 3, 7, 0]
0.47058823529411764 0.5625
itercount --------> 8
[4, 3, 7]
[4, 3, 6]
[4, 3, 0]
[4, 3, 1]
[4, 3, 2]
[4, 3, 5]
[4, 3, 7, 6]
[4, 3, 7, 0]
[4, 3, 7, 1]
[4, 3, 7, 2]
[4, 3, 7, 5]
[4, 3, 7, 6, 0]
[4, 3, 7, 6, 1]
[4, 3, 7, 6, 2]
[4, 3, 7, 6, 5]
[4, 3, 7, 6, 0, 1]
[4, 3, 7, 6, 0, 2]
0.5625 0.6
itercount --------> 9
[4, 3, 7]
[4, 3, 6]
[4, 3, 0]
[4, 3, 1]
[4, 3, 2]
[4, 3, 5]
[4, 3, 7, 6]
[4, 3, 7, 0]
[4, 3, 7, 1]
[4, 3, 7, 2]
[4, 3, 7, 5]
[4, 3, 7, 6, 0]
[4, 3, 7, 6, 1]
[4, 3, 7, 6, 2]
[4, 3, 7, 6, 5]
[4, 3, 7, 6, 0, 1]
[4, 3, 7, 6, 0, 2]
[4, 3, 7, 6, 0, 5]
[4, 3, 7, 6, 0, 1, 2]
[4, 3, 7, 6, 0, 1, 5]
[4, 3, 7, 6, 0, 1, 2, 5]
failed -> 24 times
after fail n ======> 7
[0, 1, 2, 5, 3, 4, 6]
0.05982905982905983 0.11475409836065574
itercount --------> 1
[1, 5, 0]
0.11475409836065574 0.3684210526315789
itercount --------> 2
[0, 1, 2]
[0, 1, 5]
[0, 1, 3]
0.3684210526315789 0.42105263157894735
itercount --------> 3
[3, 4, 0]
[3, 4, 1]
[3, 4, 2]
[3, 4, 5]
[3, 4, 6]
[3, 4, 7]
[3, 4, 0, 1]
[3, 4, 0, 2]
[3, 4, 0, 5]
[3, 4, 0, 6]
[3, 4, 0, 7]
[3, 4, 0, 1, 2]
0.42105263157894735 0.4375
itercount --------> 4
[0, 1, 2]
[0, 1, 5]
[0, 1, 4]
0.4375 0.5
itercount --------> 5
[3, 4, 6]
[3, 4, 7]
[3, 4, 0]
[3, 4, 1]
0.5 0.5384615384615384
itercount --------> 6
[0, 1, 2]
[0, 1, 5]
[0, 1, 6]
[0, 1, 7]
[0, 1, 3]
[0, 1, 4]
[0, 1, 2, 5]
[0, 1, 2, 6]
[0, 1, 2, 7]
[0, 1, 2, 3]
[0, 1, 2, 4]
0.5384615384615384 0.5882352941176471
itercount --------> 7
[0, 2, 3]
[0, 2, 5]
[0, 2, 6]
[0, 2, 7]
[0, 2, 4]
[0, 2, 1]
[0, 2, 3, 5]
[0, 2, 3, 6]
[0, 2, 3, 7]
[0, 2, 3, 4]
[0, 2, 3, 1]
[0, 2, 3, 5, 6]
[0, 2, 3, 5, 7]
[0, 2, 3, 5, 4]
[0, 2, 3, 5, 1]
0.5882352941176471 0.7142857142857143
itercount --------> 8
[3, 6, 7]
[3, 6, 4]
[3, 6, 0]
[3, 6, 1]
[3, 6, 2]
[3, 6, 5]
[3, 6, 7, 4]
[3, 6, 7, 0]
[3, 6, 7, 1]
[3, 6, 7, 2]
[3, 6, 7, 5]
[3, 6, 7, 4, 0]
[3, 6, 7, 4, 1]
[3, 6, 7, 4, 2]
[3, 6, 7, 4, 5]
[3, 6, 7, 4, 0, 1]
[3, 6, 7, 4, 0, 2]
[3, 6, 7, 4, 0, 5]
[3, 6, 7, 4, 0, 1, 2]
[3, 6, 7, 4, 0, 1, 5]
[3, 6, 7, 4, 0, 1, 2, 5]
failed -> 25 times
after fail n ======> 8
[0, 1, 2, 5, 3, 4, 6, 7]
0.05982905982905983 0.09523809523809523
itercount --------> 1
[0, 1, 2]
0.09523809523809523 0.18181818181818182
itercount --------> 2
[0, 1, 2]
0.18181818181818182 0.3333333333333333
itercount --------> 3
[0, 1, 2]
[0, 1, 4]
[0, 1, 5]
[0, 1, 3]
[0, 1, 7]
[0, 1, 6]
0.3333333333333333 0.36363636363636365
itercount --------> 4
[0, 4, 3]
[0, 4, 7]
[0, 4, 6]
[0, 4, 1]
0.36363636363636365 0.47058823529411764
itercount --------> 5
[4, 3, 7]
[4, 3, 6]
[4, 3, 0]
[4, 3, 1]
[4, 3, 2]
[4, 3, 5]
[4, 3, 7, 6]
[4, 3, 7, 0]
0.47058823529411764 0.6
itercount --------> 6
[4, 3, 7]
[4, 3, 6]
[4, 3, 0]
[4, 3, 1]
[4, 3, 2]
[4, 3, 5]
[4, 3, 7, 6]
[4, 3, 7, 0]
[4, 3, 7, 1]
[4, 3, 7, 2]
[4, 3, 7, 5]
[4, 3, 7, 6, 0]
[4, 3, 7, 6, 1]
[4, 3, 7, 6, 2]
[4, 3, 7, 6, 5]
[4, 3, 7, 6, 0, 1]
[4, 3, 7, 6, 0, 2]
[4, 3, 7, 6, 0, 5]
[4, 3, 7, 6, 0, 1, 2]
[4, 3, 7, 6, 0, 1, 5]
[4, 3, 7, 6, 0, 1, 2, 5]
failed -> 26 times
after fail n ======> 5
[0, 1, 2, 5, 3]
0.05982905982905983 0.06451612903225806
itercount --------> 1
[0, 1, 5]
0.06451612903225806 0.23529411764705882
itercount --------> 2
[0, 1, 5]
[0, 1, 2]
0.23529411764705882 0.42105263157894735
itercount --------> 3
[3, 4, 0]
[3, 4, 1]
[3, 4, 2]
0.42105263157894735 0.43478260869565216
itercount --------> 4
[2, 0, 1]
0.43478260869565216 0.5
itercount --------> 5
[0, 1, 2]
[0, 1, 5]
[0, 1, 3]
[0, 1, 6]
[0, 1, 7]
[0, 1, 4]
[0, 1, 2, 5]
[0, 1, 2, 3]
[0, 1, 2, 6]
[0, 1, 2, 7]
0.5 0.5263157894736842
itercount --------> 6
[2, 0, 1]
[2, 0, 3]
[2, 0, 5]
0.5263157894736842 0.5882352941176471
itercount --------> 7
[0, 1, 2]
[0, 1, 3]
0.5882352941176471 0.6666666666666666
itercount --------> 8
[3, 6, 7]
[3, 6, 0]
[3, 6, 1]
[3, 6, 2]
[3, 6, 4]
[3, 6, 5]
[3, 6, 7, 0]
[3, 6, 7, 1]
[3, 6, 7, 2]
[3, 6, 7, 4]
0.6666666666666666 0.7142857142857143
itercount --------> 9
[0, 1, 2]
[0, 1, 5]
[0, 1, 4]
0.7142857142857143 0.7692307692307693
itercount --------> 10
[4, 0, 1]
[4, 0, 2]
[4, 0, 5]
[4, 0, 3]
[4, 0, 6]
[4, 0, 7]
[4, 0, 1, 2]
[4, 0, 1, 5]
[4, 0, 1, 3]
[4, 0, 1, 6]
[4, 0, 1, 7]
[4, 0, 1, 2, 5]
[4, 0, 1, 2, 3]
[4, 0, 1, 2, 6]
[4, 0, 1, 2, 7]
[4, 0, 1, 2, 5, 3]
[4, 0, 1, 2, 5, 6]
[4, 0, 1, 2, 5, 7]
[4, 0, 1, 2, 5, 3, 6]
[4, 0, 1, 2, 5, 3, 7]
[4, 0, 1, 2, 5, 3, 6, 7]
failed -> 27 times
after fail n ======> 6
[0, 1, 2, 5, 3, 4]
0.05982905982905983 0.06451612903225806
itercount --------> 1
[0, 2, 5]
0.06451612903225806 0.125
itercount --------> 2
[5, 0, 2]
0.125 0.23529411764705882
itercount --------> 3
[0, 2, 5]
[0, 2, 1]
0.23529411764705882 0.42105263157894735
itercount --------> 4
[3, 4, 0]
[3, 4, 1]
[3, 4, 2]
[3, 4, 5]
[3, 4, 6]
[3, 4, 7]
[3, 4, 0, 1]
0.42105263157894735 0.4375
itercount --------> 5
[0, 1, 2]
[0, 1, 5]
[0, 1, 4]
0.4375 0.5
itercount --------> 6
[3, 4, 6]
[3, 4, 7]
[3, 4, 0]
[3, 4, 1]
[3, 4, 2]
[3, 4, 5]
[3, 4, 6, 7]
[3, 4, 6, 0]
[3, 4, 6, 1]
[3, 4, 6, 2]
[3, 4, 6, 5]
[3, 4, 6, 7, 0]
[3, 4, 6, 7, 1]
[3, 4, 6, 7, 2]
[3, 4, 6, 7, 5]
[3, 4, 6, 7, 0, 1]
[3, 4, 6, 7, 0, 2]
[3, 4, 6, 7, 0, 5]
[3, 4, 6, 7, 0, 1, 2]
0.5 0.5384615384615384
itercount --------> 7
[0, 1, 2]
[0, 1, 5]
[0, 1, 6]
[0, 1, 7]
[0, 1, 3]
[0, 1, 4]
[0, 1, 2, 5]
[0, 1, 2, 6]
[0, 1, 2, 7]
[0, 1, 2, 3]
[0, 1, 2, 4]
0.5384615384615384 0.5882352941176471
itercount --------> 8
[0, 2, 3]
[0, 2, 5]
[0, 2, 6]
[0, 2, 7]
[0, 2, 4]
[0, 2, 1]
[0, 2, 3, 5]
[0, 2, 3, 6]
[0, 2, 3, 7]
[0, 2, 3, 4]
[0, 2, 3, 1]
[0, 2, 3, 5, 6]
[0, 2, 3, 5, 7]
[0, 2, 3, 5, 4]
[0, 2, 3, 5, 1]
0.5882352941176471 0.7142857142857143
itercount --------> 9
[3, 6, 7]
[3, 6, 4]
[3, 6, 0]
[3, 6, 1]
[3, 6, 2]
[3, 6, 5]
[3, 6, 7, 4]
[3, 6, 7, 0]
[3, 6, 7, 1]
[3, 6, 7, 2]
[3, 6, 7, 5]
[3, 6, 7, 4, 0]
[3, 6, 7, 4, 1]
[3, 6, 7, 4, 2]
[3, 6, 7, 4, 5]
[3, 6, 7, 4, 0, 1]
[3, 6, 7, 4, 0, 2]
[3, 6, 7, 4, 0, 5]
[3, 6, 7, 4, 0, 1, 2]
[3, 6, 7, 4, 0, 1, 5]
[3, 6, 7, 4, 0, 1, 2, 5]
failed -> 28 times
after fail n ======> 7
[0, 1, 2, 5, 3, 4, 6]
0.05982905982905983 0.11475409836065574
itercount --------> 1
[0, 5, 1]
0.11475409836065574 0.21212121212121213
itercount --------> 2
[5, 0, 1]
0.21212121212121213 0.3684210526315789
itercount --------> 3
[0, 1, 2]
[0, 1, 5]
[0, 1, 3]
[0, 1, 4]
0.3684210526315789 0.43478260869565216
itercount --------> 4
[0, 1, 2]
0.43478260869565216 0.5
itercount --------> 5
[0, 1, 2]
[0, 1, 5]
[0, 1, 3]
0.5 0.5882352941176471
itercount --------> 6
[0, 1, 2]
[0, 1, 3]
[0, 1, 5]
[0, 1, 6]
[0, 1, 7]
[0, 1, 4]
[0, 1, 2, 3]
[0, 1, 2, 5]
[0, 1, 2, 6]
[0, 1, 2, 7]
[0, 1, 2, 4]
[0, 1, 2, 3, 5]
[0, 1, 2, 3, 6]
[0, 1, 2, 3, 7]
[0, 1, 2, 3, 4]
[0, 1, 2, 3, 5, 6]
[0, 1, 2, 3, 5, 7]
[0, 1, 2, 3, 5, 4]
[0, 1, 2, 3, 5, 6, 7]
[0, 1, 2, 3, 5, 6, 4]
[0, 1, 2, 3, 5, 6, 7, 4]
0.5882352941176471 0.625
itercount --------> 7
[0, 1, 2]
[0, 1, 5]
[0, 1, 4]
[0, 1, 3]
[0, 1, 6]
[0, 1, 7]
[0, 1, 2, 5]
[0, 1, 2, 4]
[0, 1, 2, 3]
[0, 1, 2, 6]
[0, 1, 2, 7]
0.625 0.6666666666666666
itercount --------> 8
[0, 1, 2]
[0, 1, 3]
[0, 1, 4]
[0, 1, 5]
0.6666666666666666 0.7142857142857143
itercount --------> 9
[0, 1, 2]
[0, 1, 5]
[0, 1, 4]
[0, 1, 7]
[0, 1, 3]
[0, 1, 6]
[0, 1, 2, 5]
[0, 1, 2, 4]
0.7142857142857143 0.7692307692307693
itercount --------> 10
[4, 0, 1]
[4, 0, 2]
[4, 0, 5]
[4, 0, 3]
[4, 0, 6]
[4, 0, 7]
[4, 0, 1, 2]
[4, 0, 1, 5]
[4, 0, 1, 3]
[4, 0, 1, 6]
[4, 0, 1, 7]
[4, 0, 1, 2, 5]
[4, 0, 1, 2, 3]
[4, 0, 1, 2, 6]
[4, 0, 1, 2, 7]
[4, 0, 1, 2, 5, 3]
[4, 0, 1, 2, 5, 6]
[4, 0, 1, 2, 5, 7]
[4, 0, 1, 2, 5, 3, 6]
[4, 0, 1, 2, 5, 3, 7]
[4, 0, 1, 2, 5, 3, 6, 7]
failed -> 29 times
after fail n ======> 8
[0, 1, 2, 5, 3, 4, 6, 7]
0.05982905982905983 0.06451612903225806
itercount --------> 1
[1, 2, 5]
0.06451612903225806 0.125
itercount --------> 2
[1, 2, 5]
0.125 0.23529411764705882
itercount --------> 3
[1, 2, 5]
[1, 2, 0]
0.23529411764705882 0.42105263157894735
itercount --------> 4
[3, 4, 0]
0.42105263157894735 0.5
itercount --------> 5
[0, 1, 2]
[0, 1, 5]
[0, 1, 3]
0.5 0.5882352941176471
itercount --------> 6
[0, 1, 2]
[0, 1, 3]
[0, 1, 5]
[0, 1, 6]
[0, 1, 7]
[0, 1, 4]
[0, 1, 2, 3]
[0, 1, 2, 5]
[0, 1, 2, 6]
[0, 1, 2, 7]
[0, 1, 2, 4]
[0, 1, 2, 3, 5]
[0, 1, 2, 3, 6]
[0, 1, 2, 3, 7]
[0, 1, 2, 3, 4]
[0, 1, 2, 3, 5, 6]
[0, 1, 2, 3, 5, 7]
[0, 1, 2, 3, 5, 4]
[0, 1, 2, 3, 5, 6, 7]
[0, 1, 2, 3, 5, 6, 4]
[0, 1, 2, 3, 5, 6, 7, 4]
0.5882352941176471 0.6
itercount --------> 7
[5, 4, 0]
[5, 4, 1]
0.6 0.6153846153846154
itercount --------> 8
[4, 0, 1]
[4, 0, 2]
[4, 0, 5]
[4, 0, 6]
0.6153846153846154 0.7142857142857143
itercount --------> 9
[0, 1, 2]
[0, 1, 4]
[0, 1, 5]
[0, 1, 3]
[0, 1, 7]
[0, 1, 6]
[0, 1, 2, 4]
[0, 1, 2, 5]
[0, 1, 2, 3]
[0, 1, 2, 7]
[0, 1, 2, 6]
0.7142857142857143 0.7692307692307693
itercount --------> 10
[4, 0, 1]
[4, 0, 2]
[4, 0, 5]
[4, 0, 3]
[4, 0, 6]
[4, 0, 7]
[4, 0, 1, 2]
[4, 0, 1, 5]
[4, 0, 1, 3]
[4, 0, 1, 6]
[4, 0, 1, 7]
[4, 0, 1, 2, 5]
[4, 0, 1, 2, 3]
[4, 0, 1, 2, 6]
[4, 0, 1, 2, 7]
[4, 0, 1, 2, 5, 3]
[4, 0, 1, 2, 5, 6]
[4, 0, 1, 2, 5, 7]
[4, 0, 1, 2, 5, 3, 6]
[4, 0, 1, 2, 5, 3, 7]
[4, 0, 1, 2, 5, 3, 6, 7]
failed -> 30 times
after fail n ======> 5
[0, 1, 2, 5, 3]
0.05982905982905983 0.21212121212121213
itercount --------> 1
[2, 0, 1]
0.21212121212121213 0.3684210526315789
itercount --------> 2
[0, 1, 2]
[0, 1, 5]
[0, 1, 3]
[0, 1, 4]
[0, 1, 6]
[0, 1, 7]
[0, 1, 2, 5]
[0, 1, 2, 3]
0.3684210526315789 0.42105263157894735
itercount --------> 3
[3, 4, 0]
[3, 4, 1]
0.42105263157894735 0.43478260869565216
itercount --------> 4
[1, 0, 2]
0.43478260869565216 0.5
itercount --------> 5
[0, 1, 2]
[0, 1, 5]
[0, 1, 3]
[0, 1, 6]
[0, 1, 7]
[0, 1, 4]
[0, 1, 2, 5]
[0, 1, 2, 3]
[0, 1, 2, 6]
0.5 0.5263157894736842
itercount --------> 6
[1, 0, 2]
0.5263157894736842 0.5882352941176471
itercount --------> 7
[0, 1, 2]
[0, 1, 3]
0.5882352941176471 0.625
itercount --------> 8
[3, 6, 7]
[3, 6, 0]
[3, 6, 1]
[3, 6, 2]
[3, 6, 5]
[3, 6, 4]
[3, 6, 7, 0]
[3, 6, 7, 1]
[3, 6, 7, 2]
[3, 6, 7, 5]
[3, 6, 7, 4]
[3, 6, 7, 0, 1]
[3, 6, 7, 0, 2]
0.625 0.6666666666666666
itercount --------> 9
[3, 6, 7]
[3, 6, 0]
[3, 6, 1]
[3, 6, 2]
[3, 6, 4]
[3, 6, 5]
[3, 6, 7, 0]
[3, 6, 7, 1]
[3, 6, 7, 2]
[3, 6, 7, 4]
0.6666666666666666 0.7142857142857143
itercount --------> 10
[0, 1, 2]
[0, 1, 5]
[0, 1, 4]
[0, 1, 6]
[0, 1, 3]
[0, 1, 7]
[0, 1, 2, 5]
[0, 1, 2, 4]
0.7142857142857143 0.7692307692307693
itercount --------> 11
[4, 0, 1]
[4, 0, 2]
[4, 0, 5]
[4, 0, 3]
[4, 0, 6]
[4, 0, 7]
[4, 0, 1, 2]
[4, 0, 1, 5]
[4, 0, 1, 3]
[4, 0, 1, 6]
[4, 0, 1, 7]
[4, 0, 1, 2, 5]
[4, 0, 1, 2, 3]
[4, 0, 1, 2, 6]
[4, 0, 1, 2, 7]
[4, 0, 1, 2, 5, 3]
[4, 0, 1, 2, 5, 6]
[4, 0, 1, 2, 5, 7]
[4, 0, 1, 2, 5, 3, 6]
[4, 0, 1, 2, 5, 3, 7]
[4, 0, 1, 2, 5, 3, 6, 7]
failed -> 31 times
after fail n ======> 6
[0, 1, 2, 5, 3, 4]
0.05982905982905983 0.11475409836065574
itercount --------> 1
[0, 1, 2]
0.11475409836065574 0.21212121212121213
itercount --------> 2
[0, 1, 2]
0.21212121212121213 0.3684210526315789
itercount --------> 3
[0, 1, 2]
[0, 1, 5]
[0, 1, 3]
0.3684210526315789 0.42105263157894735
itercount --------> 4
[3, 4, 0]
[3, 4, 1]
[3, 4, 2]
[3, 4, 5]
[3, 4, 6]
[3, 4, 7]
[3, 4, 0, 1]
[3, 4, 0, 2]
0.42105263157894735 0.4375
itercount --------> 5
[0, 1, 2]
[0, 1, 5]
[0, 1, 4]
0.4375 0.5882352941176471
itercount --------> 6
[0, 1, 2]
[0, 1, 3]
[0, 1, 5]
[0, 1, 6]
[0, 1, 7]
[0, 1, 4]
[0, 1, 2, 3]
[0, 1, 2, 5]
[0, 1, 2, 6]
[0, 1, 2, 7]
[0, 1, 2, 4]
[0, 1, 2, 3, 5]
[0, 1, 2, 3, 6]
[0, 1, 2, 3, 7]
[0, 1, 2, 3, 4]
[0, 1, 2, 3, 5, 6]
[0, 1, 2, 3, 5, 7]
[0, 1, 2, 3, 5, 4]
[0, 1, 2, 3, 5, 6, 7]
[0, 1, 2, 3, 5, 6, 4]
[0, 1, 2, 3, 5, 6, 7, 4]
0.5882352941176471 0.625
itercount --------> 7
[0, 1, 2]
[0, 1, 5]
[0, 1, 4]
[0, 1, 3]
[0, 1, 6]
[0, 1, 7]
[0, 1, 2, 5]
[0, 1, 2, 4]
[0, 1, 2, 3]
[0, 1, 2, 6]
[0, 1, 2, 7]
0.625 0.6666666666666666
itercount --------> 8
[1, 0, 2]
[1, 0, 3]
[1, 0, 4]
[1, 0, 5]
0.6666666666666666 0.7142857142857143
itercount --------> 9
[0, 1, 2]
[0, 1, 5]
[0, 1, 4]
[0, 1, 7]
[0, 1, 3]
[0, 1, 6]
[0, 1, 2, 5]
[0, 1, 2, 4]
[0, 1, 2, 7]
[0, 1, 2, 3]
[0, 1, 2, 6]
[0, 1, 2, 5, 4]
[0, 1, 2, 5, 7]
[0, 1, 2, 5, 3]
[0, 1, 2, 5, 6]
[0, 1, 2, 5, 4, 7]
[0, 1, 2, 5, 4, 3]
[0, 1, 2, 5, 4, 6]
0.7142857142857143 0.7333333333333333
itercount --------> 10
[0, 1, 2]
[0, 1, 3]
[0, 1, 4]
[0, 1, 5]
[0, 1, 6]
[0, 1, 7]
[0, 1, 2, 3]
[0, 1, 2, 4]
[0, 1, 2, 5]
[0, 1, 2, 6]
[0, 1, 2, 7]
[0, 1, 2, 3, 4]
[0, 1, 2, 3, 5]
[0, 1, 2, 3, 6]
[0, 1, 2, 3, 7]
[0, 1, 2, 3, 4, 5]
[0, 1, 2, 3, 4, 6]
[0, 1, 2, 3, 4, 7]
[0, 1, 2, 3, 4, 5, 6]
0.7333333333333333 0.7857142857142857
itercount --------> 11
[3, 4, 6]
[3, 4, 7]
[3, 4, 0]
[3, 4, 1]
[3, 4, 2]
[3, 4, 5]
[3, 4, 6, 7]
[3, 4, 6, 0]
[3, 4, 6, 1]
[3, 4, 6, 2]
[3, 4, 6, 5]
[3, 4, 6, 7, 0]
[3, 4, 6, 7, 1]
[3, 4, 6, 7, 2]
[3, 4, 6, 7, 5]
[3, 4, 6, 7, 0, 1]
[3, 4, 6, 7, 0, 2]
[3, 4, 6, 7, 0, 5]
[3, 4, 6, 7, 0, 1, 2]
[3, 4, 6, 7, 0, 1, 5]
[3, 4, 6, 7, 0, 1, 2, 5]
failed -> 32 times
after fail n ======> 7
[0, 1, 2, 5, 3, 4, 6]
0.05982905982905983 0.11475409836065574
itercount --------> 1
[0, 5, 1]
0.11475409836065574 0.21212121212121213
itercount --------> 2
[5, 0, 1]
0.21212121212121213 0.3684210526315789
itercount --------> 3
[0, 1, 2]
[0, 1, 5]
[0, 1, 3]
0.3684210526315789 0.42105263157894735
itercount --------> 4
[3, 4, 0]
[3, 4, 1]
[3, 4, 2]
[3, 4, 5]
[3, 4, 6]
[3, 4, 7]
[3, 4, 0, 1]
[3, 4, 0, 2]
0.42105263157894735 0.43478260869565216
itercount --------> 5
[2, 0, 1]
0.43478260869565216 0.5
itercount --------> 6
[0, 1, 2]
[0, 1, 5]
[0, 1, 3]
[0, 1, 6]
0.5 0.5263157894736842
itercount --------> 7
[1, 2, 3]
[1, 2, 0]
[1, 2, 5]
0.5263157894736842 0.5882352941176471
itercount --------> 8
[0, 1, 2]
[0, 1, 3]
[0, 1, 5]
[0, 1, 6]
[0, 1, 7]
[0, 1, 4]
[0, 1, 2, 3]
0.5882352941176471 0.6666666666666666
itercount --------> 9
[3, 6, 7]
[3, 6, 0]
[3, 6, 1]
[3, 6, 2]
[3, 6, 4]
[3, 6, 5]
[3, 6, 7, 0]
[3, 6, 7, 1]
[3, 6, 7, 2]
[3, 6, 7, 4]
0.6666666666666666 0.7142857142857143
itercount --------> 10
[0, 1, 2]
[0, 1, 5]
[0, 1, 4]
[0, 1, 6]
[0, 1, 3]
[0, 1, 7]
[0, 1, 2, 5]
[0, 1, 2, 4]
[0, 1, 2, 6]
[0, 1, 2, 3]
[0, 1, 2, 7]
[0, 1, 2, 5, 4]
[0, 1, 2, 5, 6]
[0, 1, 2, 5, 3]
[0, 1, 2, 5, 7]
[0, 1, 2, 5, 4, 6]
[0, 1, 2, 5, 4, 3]
0.7142857142857143 0.7333333333333333
itercount --------> 11
[0, 1, 2]
[0, 1, 3]
[0, 1, 4]
[0, 1, 5]
[0, 1, 6]
[0, 1, 7]
[0, 1, 2, 3]
[0, 1, 2, 4]
[0, 1, 2, 5]
[0, 1, 2, 6]
[0, 1, 2, 7]
[0, 1, 2, 3, 4]
[0, 1, 2, 3, 5]
[0, 1, 2, 3, 6]
[0, 1, 2, 3, 7]
[0, 1, 2, 3, 4, 5]
[0, 1, 2, 3, 4, 6]
[0, 1, 2, 3, 4, 7]
[0, 1, 2, 3, 4, 5, 6]
[0, 1, 2, 3, 4, 5, 7]
[0, 1, 2, 3, 4, 5, 6, 7]
failed -> 33 times
after fail n ======> 8
[0, 1, 2, 5, 3, 4, 6, 7]
0.05982905982905983 0.0625
itercount --------> 1
[5, 0, 1]
0.0625 0.1111111111111111
itercount --------> 2
[5, 2, 0]
0.1111111111111111 0.26666666666666666
itercount --------> 3
[0, 1, 2]
[0, 1, 5]
[0, 1, 6]
[0, 1, 3]
[0, 1, 4]
0.26666666666666666 0.3333333333333333
itercount --------> 4
[1, 4, 3]
[1, 4, 0]
0.3333333333333333 0.4090909090909091
itercount --------> 5
[1, 3, 0]
[1, 3, 2]
[1, 3, 4]
[1, 3, 6]
0.4090909090909091 0.43478260869565216
itercount --------> 6
[1, 0, 2]
[1, 0, 3]
[1, 0, 5]
0.43478260869565216 0.5
itercount --------> 7
[0, 1, 2]
[0, 1, 3]
[0, 1, 5]
[0, 1, 6]
[0, 1, 7]
[0, 1, 4]
[0, 1, 2, 3]
[0, 1, 2, 5]
0.5 0.5882352941176471
itercount --------> 8
[0, 1, 2]
[0, 1, 3]
0.5882352941176471 0.7142857142857143
itercount --------> 9
[3, 6, 7]
[3, 6, 4]
[3, 6, 0]
[3, 6, 1]
[3, 6, 2]
[3, 6, 5]
[3, 6, 7, 4]
[3, 6, 7, 0]
[3, 6, 7, 1]
[3, 6, 7, 2]
[3, 6, 7, 5]
[3, 6, 7, 4, 0]
[3, 6, 7, 4, 1]
[3, 6, 7, 4, 2]
[3, 6, 7, 4, 5]
[3, 6, 7, 4, 0, 1]
[3, 6, 7, 4, 0, 2]
[3, 6, 7, 4, 0, 5]
[3, 6, 7, 4, 0, 1, 2]
[3, 6, 7, 4, 0, 1, 5]
[3, 6, 7, 4, 0, 1, 2, 5]
failed -> 34 times
after fail n ======> 5
[0, 1, 2, 5, 3]
0.05982905982905983 0.21212121212121213
itercount --------> 1
[0, 1, 2]
0.21212121212121213 0.3684210526315789
itercount --------> 2
[0, 1, 2]
[0, 1, 5]
[0, 1, 3]
0.3684210526315789 0.42105263157894735
itercount --------> 3
[3, 4, 0]
0.42105263157894735 0.4375
itercount --------> 4
[0, 1, 2]
[0, 1, 5]
[0, 1, 4]
0.4375 0.5
itercount --------> 5
[3, 4, 6]
[3, 4, 7]
[3, 4, 0]
[3, 4, 1]
0.5 0.5384615384615384
itercount --------> 6
[0, 1, 2]
[0, 1, 5]
[0, 1, 6]
[0, 1, 7]
[0, 1, 3]
[0, 1, 4]
[0, 1, 2, 5]
[0, 1, 2, 6]
[0, 1, 2, 7]
[0, 1, 2, 3]
[0, 1, 2, 4]
0.5384615384615384 0.5882352941176471
itercount --------> 7
[0, 1, 2]
[0, 1, 3]
[0, 1, 5]
[0, 1, 6]
[0, 1, 7]
[0, 1, 4]
[0, 1, 2, 3]
[0, 1, 2, 5]
[0, 1, 2, 6]
[0, 1, 2, 7]
[0, 1, 2, 4]
[0, 1, 2, 3, 5]
[0, 1, 2, 3, 6]
[0, 1, 2, 3, 7]
[0, 1, 2, 3, 4]
[0, 1, 2, 3, 5, 6]
[0, 1, 2, 3, 5, 7]
[0, 1, 2, 3, 5, 4]
[0, 1, 2, 3, 5, 6, 7]
[0, 1, 2, 3, 5, 6, 4]
[0, 1, 2, 3, 5, 6, 7, 4]
0.5882352941176471 0.6
itercount --------> 8
[5, 4, 0]
[5, 4, 1]
0.6 0.6428571428571429
itercount --------> 9
[0, 1, 2]
[0, 1, 5]
[0, 1, 4]
[0, 1, 3]
[0, 1, 6]
[0, 1, 7]
[0, 1, 2, 5]
[0, 1, 2, 4]
[0, 1, 2, 3]
[0, 1, 2, 6]
[0, 1, 2, 7]
[0, 1, 2, 5, 4]
[0, 1, 2, 5, 3]
[0, 1, 2, 5, 6]
[0, 1, 2, 5, 7]
[0, 1, 2, 5, 4, 3]
0.6428571428571429 0.6666666666666666
itercount --------> 10
[0, 1, 2]
[0, 1, 5]
[0, 1, 4]
[0, 1, 6]
[0, 1, 7]
[0, 1, 3]
[0, 1, 2, 5]
[0, 1, 2, 4]
[0, 1, 2, 6]
[0, 1, 2, 7]
[0, 1, 2, 3]
[0, 1, 2, 5, 4]
[0, 1, 2, 5, 6]
[0, 1, 2, 5, 7]
[0, 1, 2, 5, 3]
[0, 1, 2, 5, 4, 6]
[0, 1, 2, 5, 4, 7]
[0, 1, 2, 5, 4, 3]
[0, 1, 2, 5, 4, 6, 7]
0.6666666666666666 0.7058823529411765
itercount --------> 11
[4, 3, 6]
[4, 3, 7]
[4, 3, 0]
0.7058823529411765 0.7142857142857143
itercount --------> 12
[3, 6, 7]
[3, 6, 4]
[3, 6, 0]
[3, 6, 1]
[3, 6, 2]
[3, 6, 5]
[3, 6, 7, 4]
[3, 6, 7, 0]
[3, 6, 7, 1]
[3, 6, 7, 2]
[3, 6, 7, 5]
[3, 6, 7, 4, 0]
[3, 6, 7, 4, 1]
[3, 6, 7, 4, 2]
[3, 6, 7, 4, 5]
[3, 6, 7, 4, 0, 1]
[3, 6, 7, 4, 0, 2]
[3, 6, 7, 4, 0, 5]
[3, 6, 7, 4, 0, 1, 2]
[3, 6, 7, 4, 0, 1, 5]
[3, 6, 7, 4, 0, 1, 2, 5]
failed -> 35 times
after fail n ======> 6
[0, 1, 2, 5, 3, 4]
0.05982905982905983 0.11475409836065574
itercount --------> 1
[0, 5, 1]
0.11475409836065574 0.21212121212121213
itercount --------> 2
[0, 1, 2]
0.21212121212121213 0.3684210526315789
itercount --------> 3
[0, 1, 2]
[0, 1, 5]
[0, 1, 3]
0.3684210526315789 0.42105263157894735
itercount --------> 4
[3, 4, 0]
[3, 4, 1]
[3, 4, 2]
[3, 4, 5]
[3, 4, 6]
[3, 4, 7]
[3, 4, 0, 1]
0.42105263157894735 0.4375
itercount --------> 5
[0, 1, 2]
[0, 1, 5]
[0, 1, 4]
0.4375 0.5
itercount --------> 6
[0, 1, 2]
[0, 1, 3]
[0, 1, 4]
0.5 0.5384615384615384
itercount --------> 7
[0, 1, 2]
[0, 1, 5]
[0, 1, 6]
[0, 1, 7]
[0, 1, 3]
[0, 1, 4]
[0, 1, 2, 5]
[0, 1, 2, 6]
[0, 1, 2, 7]
[0, 1, 2, 3]
[0, 1, 2, 4]
0.5384615384615384 0.5882352941176471
itercount --------> 8
[1, 2, 3]
[1, 2, 5]
[1, 2, 6]
[1, 2, 7]
[1, 2, 4]
[1, 2, 0]
[1, 2, 3, 5]
[1, 2, 3, 6]
[1, 2, 3, 7]
[1, 2, 3, 4]
[1, 2, 3, 0]
[1, 2, 3, 5, 6]
[1, 2, 3, 5, 7]
[1, 2, 3, 5, 4]
[1, 2, 3, 5, 0]
0.5882352941176471 0.7142857142857143
itercount --------> 9
[3, 6, 7]
[3, 6, 4]
[3, 6, 0]
[3, 6, 1]
[3, 6, 2]
[3, 6, 5]
[3, 6, 7, 4]
[3, 6, 7, 0]
[3, 6, 7, 1]
[3, 6, 7, 2]
[3, 6, 7, 5]
[3, 6, 7, 4, 0]
[3, 6, 7, 4, 1]
[3, 6, 7, 4, 2]
[3, 6, 7, 4, 5]
[3, 6, 7, 4, 0, 1]
[3, 6, 7, 4, 0, 2]
[3, 6, 7, 4, 0, 5]
[3, 6, 7, 4, 0, 1, 2]
[3, 6, 7, 4, 0, 1, 5]
[3, 6, 7, 4, 0, 1, 2, 5]
failed -> 36 times
after fail n ======> 7
[0, 1, 2, 5, 3, 4, 6]
0.05982905982905983 0.11475409836065574
itercount --------> 1
[1, 5, 0]
0.11475409836065574 0.3684210526315789
itercount --------> 2
[0, 1, 2]
[0, 1, 5]
[0, 1, 3]
[0, 1, 4]
0.3684210526315789 0.43478260869565216
itercount --------> 3
[1, 0, 2]
0.43478260869565216 0.5
itercount --------> 4
[0, 1, 2]
[0, 1, 5]
[0, 1, 3]
0.5 0.5882352941176471
itercount --------> 5
[0, 1, 2]
[0, 1, 3]
[0, 1, 5]
[0, 1, 6]
[0, 1, 7]
[0, 1, 4]
[0, 1, 2, 3]
[0, 1, 2, 5]
[0, 1, 2, 6]
[0, 1, 2, 7]
[0, 1, 2, 4]
[0, 1, 2, 3, 5]
[0, 1, 2, 3, 6]
[0, 1, 2, 3, 7]
[0, 1, 2, 3, 4]
[0, 1, 2, 3, 5, 6]
[0, 1, 2, 3, 5, 7]
[0, 1, 2, 3, 5, 4]
[0, 1, 2, 3, 5, 6, 7]
[0, 1, 2, 3, 5, 6, 4]
[0, 1, 2, 3, 5, 6, 7, 4]
0.5882352941176471 0.625
itercount --------> 6
[0, 1, 2]
[0, 1, 5]
[0, 1, 4]
[0, 1, 3]
[0, 1, 7]
[0, 1, 6]
[0, 1, 2, 5]
[0, 1, 2, 4]
[0, 1, 2, 3]
[0, 1, 2, 7]
[0, 1, 2, 6]
[0, 1, 2, 5, 4]
[0, 1, 2, 5, 3]
[0, 1, 2, 5, 7]
[0, 1, 2, 5, 6]
0.625 0.6666666666666666
itercount --------> 7
[1, 5, 0]
[1, 5, 2]
[1, 5, 3]
[1, 5, 4]
[1, 5, 7]
[1, 5, 6]
[1, 5, 0, 2]
0.6666666666666666 0.7142857142857143
itercount --------> 8
[0, 1, 2]
[0, 1, 5]
[0, 1, 4]
[0, 1, 6]
[0, 1, 3]
[0, 1, 7]
[0, 1, 2, 5]
[0, 1, 2, 4]
[0, 1, 2, 6]
[0, 1, 2, 3]
[0, 1, 2, 7]
[0, 1, 2, 5, 4]
[0, 1, 2, 5, 6]
[0, 1, 2, 5, 3]
[0, 1, 2, 5, 7]
[0, 1, 2, 5, 4, 6]
0.7142857142857143 0.7692307692307693
itercount --------> 9
[4, 0, 1]
[4, 0, 2]
[4, 0, 5]
[4, 0, 3]
[4, 0, 6]
[4, 0, 7]
[4, 0, 1, 2]
[4, 0, 1, 5]
[4, 0, 1, 3]
[4, 0, 1, 6]
[4, 0, 1, 7]
[4, 0, 1, 2, 5]
[4, 0, 1, 2, 3]
[4, 0, 1, 2, 6]
[4, 0, 1, 2, 7]
[4, 0, 1, 2, 5, 3]
[4, 0, 1, 2, 5, 6]
[4, 0, 1, 2, 5, 7]
[4, 0, 1, 2, 5, 3, 6]
[4, 0, 1, 2, 5, 3, 7]
[4, 0, 1, 2, 5, 3, 6, 7]
failed -> 37 times
after fail n ======> 8
[0, 1, 2, 5, 3, 4, 6, 7]
0.05982905982905983 0.06976744186046512
itercount --------> 1
[0, 1, 5]
0.06976744186046512 0.13043478260869565
itercount --------> 2
[1, 2, 0]
0.13043478260869565 0.23076923076923078
itercount --------> 3
[1, 0, 2]
0.23076923076923078 0.375
itercount --------> 4
[0, 1, 2]
[0, 1, 5]
[0, 1, 7]
0.375 0.4375
itercount --------> 5
[0, 1, 2]
[0, 1, 5]
[0, 1, 7]
[0, 1, 6]
[0, 1, 3]
0.4375 0.5
itercount --------> 6
[0, 1, 2]
[0, 1, 5]
[0, 1, 7]
[0, 1, 6]
[0, 1, 3]
[0, 1, 4]
[0, 1, 2, 5]
[0, 1, 2, 7]
[0, 1, 2, 6]
[0, 1, 2, 3]
[0, 1, 2, 4]
[0, 1, 2, 5, 7]
[0, 1, 2, 5, 6]
[0, 1, 2, 5, 3]
[0, 1, 2, 5, 4]
0.5 0.5384615384615384
itercount --------> 7
[6, 7, 0]
[6, 7, 1]
[6, 7, 2]
0.5384615384615384 0.6153846153846154
itercount --------> 8
[4, 6, 0]
0.6153846153846154 0.6666666666666666
itercount --------> 9
[0, 5, 2]
0.6666666666666666 0.7142857142857143
itercount --------> 10
[0, 2, 5]
[0, 2, 3]
[0, 2, 4]
[0, 2, 6]
[0, 2, 7]
[0, 2, 1]
[0, 2, 5, 3]
[0, 2, 5, 4]
[0, 2, 5, 6]
0.7142857142857143 0.7692307692307693
itercount --------> 11
[4, 0, 1]
[4, 0, 2]
[4, 0, 5]
[4, 0, 3]
[4, 0, 6]
0.7692307692307693 0.7857142857142857
itercount --------> 12
[3, 4, 6]
[3, 4, 7]
[3, 4, 0]
[3, 4, 1]
[3, 4, 2]
[3, 4, 5]
[3, 4, 6, 7]
[3, 4, 6, 0]
[3, 4, 6, 1]
[3, 4, 6, 2]
[3, 4, 6, 5]
[3, 4, 6, 7, 0]
[3, 4, 6, 7, 1]
[3, 4, 6, 7, 2]
[3, 4, 6, 7, 5]
[3, 4, 6, 7, 0, 1]
[3, 4, 6, 7, 0, 2]
[3, 4, 6, 7, 0, 5]
[3, 4, 6, 7, 0, 1, 2]
[3, 4, 6, 7, 0, 1, 5]
[3, 4, 6, 7, 0, 1, 2, 5]
failed -> 38 times
after fail n ======> 5
[0, 1, 2, 5, 3]
0.05982905982905983 0.21212121212121213
itercount --------> 1
[0, 1, 2]
0.21212121212121213 0.3684210526315789
itercount --------> 2
[0, 1, 2]
[0, 1, 5]
[0, 1, 3]
0.3684210526315789 0.42105263157894735
itercount --------> 3
[3, 4, 0]
[3, 4, 1]
[3, 4, 2]
[3, 4, 5]
[3, 4, 6]
[3, 4, 7]
[3, 4, 0, 1]
[3, 4, 0, 2]
[3, 4, 0, 5]
0.42105263157894735 0.4375
itercount --------> 4
[0, 1, 2]
[0, 1, 5]
[0, 1, 4]
0.4375 0.5
itercount --------> 5
[3, 4, 6]
[3, 4, 7]
[3, 4, 0]
[3, 4, 1]
[3, 4, 2]
[3, 4, 5]
[3, 4, 6, 7]
[3, 4, 6, 0]
[3, 4, 6, 1]
[3, 4, 6, 2]
[3, 4, 6, 5]
[3, 4, 6, 7, 0]
[3, 4, 6, 7, 1]
[3, 4, 6, 7, 2]
[3, 4, 6, 7, 5]
[3, 4, 6, 7, 0, 1]
[3, 4, 6, 7, 0, 2]
[3, 4, 6, 7, 0, 5]
[3, 4, 6, 7, 0, 1, 2]
0.5 0.5384615384615384
itercount --------> 6
[0, 1, 2]
[0, 1, 5]
[0, 1, 6]
[0, 1, 7]
[0, 1, 3]
[0, 1, 4]
0.5384615384615384 0.5882352941176471
itercount --------> 7
[0, 2, 3]
[0, 2, 5]
[0, 2, 6]
[0, 2, 7]
[0, 2, 4]
[0, 2, 1]
0.5882352941176471 0.7142857142857143
itercount --------> 8
[3, 6, 7]
[3, 6, 4]
[3, 6, 0]
[3, 6, 1]
[3, 6, 2]
[3, 6, 5]
[3, 6, 7, 4]
[3, 6, 7, 0]
[3, 6, 7, 1]
[3, 6, 7, 2]
[3, 6, 7, 5]
[3, 6, 7, 4, 0]
[3, 6, 7, 4, 1]
[3, 6, 7, 4, 2]
[3, 6, 7, 4, 5]
[3, 6, 7, 4, 0, 1]
[3, 6, 7, 4, 0, 2]
[3, 6, 7, 4, 0, 5]
[3, 6, 7, 4, 0, 1, 2]
[3, 6, 7, 4, 0, 1, 5]
[3, 6, 7, 4, 0, 1, 2, 5]
failed -> 39 times
after fail n ======> 6
[0, 1, 2, 5, 3, 4]
0.05982905982905983 0.10344827586206896
itercount --------> 1
[1, 5, 0]
0.10344827586206896 0.22727272727272727
itercount --------> 2
[0, 2, 1]
0.22727272727272727 0.43478260869565216
itercount --------> 3
[0, 1, 2]
[0, 1, 5]
[0, 1, 3]
[0, 1, 6]
0.43478260869565216 0.5
itercount --------> 4
[1, 5, 3]
[1, 5, 0]
0.5 0.5263157894736842
itercount --------> 5
[1, 0, 2]
0.5263157894736842 0.5882352941176471
itercount --------> 6
[0, 1, 2]
[0, 1, 3]
[0, 1, 5]
[0, 1, 6]
[0, 1, 7]
0.5882352941176471 0.625
itercount --------> 7
[1, 3, 0]
[1, 3, 2]
0.625 0.6666666666666666
itercount --------> 8
[1, 3, 4]
[1, 3, 6]
[1, 3, 7]
[1, 3, 0]
[1, 3, 2]
[1, 3, 5]
[1, 3, 4, 6]
[1, 3, 4, 7]
[1, 3, 4, 0]
[1, 3, 4, 2]
[1, 3, 4, 5]
[1, 3, 4, 6, 7]
0.6666666666666666 0.7142857142857143
itercount --------> 9
[1, 3, 4]
[1, 3, 6]
[1, 3, 0]
[1, 3, 2]
[1, 3, 5]
[1, 3, 7]
[1, 3, 4, 6]
[1, 3, 4, 0]
[1, 3, 4, 2]
[1, 3, 4, 5]
[1, 3, 4, 7]
[1, 3, 4, 6, 0]
[1, 3, 4, 6, 2]
0.7142857142857143 0.7333333333333333
itercount --------> 10
[1, 3, 4]
[1, 3, 0]
[1, 3, 2]
[1, 3, 5]
[1, 3, 6]
[1, 3, 7]
[1, 3, 4, 0]
0.7333333333333333 0.7857142857142857
itercount --------> 11
[3, 4, 6]
[3, 4, 7]
[3, 4, 0]
[3, 4, 1]
[3, 4, 2]
[3, 4, 5]
[3, 4, 6, 7]
[3, 4, 6, 0]
[3, 4, 6, 1]
[3, 4, 6, 2]
[3, 4, 6, 5]
[3, 4, 6, 7, 0]
[3, 4, 6, 7, 1]
[3, 4, 6, 7, 2]
[3, 4, 6, 7, 5]
[3, 4, 6, 7, 0, 1]
[3, 4, 6, 7, 0, 2]
[3, 4, 6, 7, 0, 5]
[3, 4, 6, 7, 0, 1, 2]
[3, 4, 6, 7, 0, 1, 5]
[3, 4, 6, 7, 0, 1, 2, 5]
failed -> 40 times
after fail n ======> 7
[0, 1, 2, 5, 3, 4, 6]
0.05982905982905983 0.11475409836065574
itercount --------> 1
[1, 5, 0]
0.11475409836065574 0.21212121212121213
itercount --------> 2
[5, 0, 1]
0.21212121212121213 0.3684210526315789
itercount --------> 3
[0, 1, 2]
[0, 1, 5]
[0, 1, 3]
0.3684210526315789 0.42105263157894735
itercount --------> 4
[3, 4, 0]
[3, 4, 1]
0.42105263157894735 0.43478260869565216
itercount --------> 5
[1, 0, 2]
0.43478260869565216 0.5
itercount --------> 6
[0, 1, 2]
[0, 1, 5]
[0, 1, 3]
0.5 0.5882352941176471
itercount --------> 7
[0, 1, 2]
[0, 1, 3]
[0, 1, 5]
[0, 1, 6]
[0, 1, 7]
[0, 1, 4]
[0, 1, 2, 3]
[0, 1, 2, 5]
[0, 1, 2, 6]
[0, 1, 2, 7]
[0, 1, 2, 4]
[0, 1, 2, 3, 5]
[0, 1, 2, 3, 6]
[0, 1, 2, 3, 7]
[0, 1, 2, 3, 4]
[0, 1, 2, 3, 5, 6]
[0, 1, 2, 3, 5, 7]
[0, 1, 2, 3, 5, 4]
[0, 1, 2, 3, 5, 6, 7]
[0, 1, 2, 3, 5, 6, 4]
[0, 1, 2, 3, 5, 6, 7, 4]
0.5882352941176471 0.625
itercount --------> 8
[0, 1, 2]
[0, 1, 5]
[0, 1, 4]
[0, 1, 3]
[0, 1, 7]
[0, 1, 6]
[0, 1, 2, 5]
[0, 1, 2, 4]
[0, 1, 2, 3]
[0, 1, 2, 7]
[0, 1, 2, 6]
[0, 1, 2, 5, 4]
[0, 1, 2, 5, 3]
[0, 1, 2, 5, 7]
[0, 1, 2, 5, 6]
0.625 0.6666666666666666
itercount --------> 9
[1, 2, 0]
[1, 2, 3]
[1, 2, 4]
[1, 2, 5]
0.6666666666666666 0.7142857142857143
itercount --------> 10
[0, 1, 2]
[0, 1, 5]
[0, 1, 4]
[0, 1, 6]
[0, 1, 3]
[0, 1, 7]
[0, 1, 2, 5]
[0, 1, 2, 4]
[0, 1, 2, 6]
[0, 1, 2, 3]
[0, 1, 2, 7]
[0, 1, 2, 5, 4]
[0, 1, 2, 5, 6]
[0, 1, 2, 5, 3]
[0, 1, 2, 5, 7]
0.7142857142857143 0.7692307692307693
itercount --------> 11
[4, 0, 1]
[4, 0, 2]
[4, 0, 5]
[4, 0, 3]
[4, 0, 6]
[4, 0, 7]
0.7692307692307693 0.7857142857142857
itercount --------> 12
[3, 4, 6]
[3, 4, 7]
[3, 4, 0]
[3, 4, 1]
[3, 4, 2]
[3, 4, 5]
[3, 4, 6, 7]
[3, 4, 6, 0]
[3, 4, 6, 1]
[3, 4, 6, 2]
[3, 4, 6, 5]
[3, 4, 6, 7, 0]
[3, 4, 6, 7, 1]
[3, 4, 6, 7, 2]
[3, 4, 6, 7, 5]
[3, 4, 6, 7, 0, 1]
[3, 4, 6, 7, 0, 2]
[3, 4, 6, 7, 0, 5]
[3, 4, 6, 7, 0, 1, 2]
[3, 4, 6, 7, 0, 1, 5]
[3, 4, 6, 7, 0, 1, 2, 5]
failed -> 41 times
after fail n ======> 8
[0, 1, 2, 5, 3, 4, 6, 7]
0.05982905982905983 0.125
itercount --------> 1
[5, 0, 1]
0.125 0.23529411764705882
itercount --------> 2
[0, 1, 5]
[0, 1, 2]
0.23529411764705882 0.42105263157894735
itercount --------> 3
[3, 4, 0]
[3, 4, 1]
[3, 4, 2]
0.42105263157894735 0.43478260869565216
itercount --------> 4
[2, 0, 1]
[2, 0, 5]
0.43478260869565216 0.5
itercount --------> 5
[0, 1, 2]
[0, 1, 5]
[0, 1, 3]
[0, 1, 6]
[0, 1, 7]
[0, 1, 4]
[0, 1, 2, 5]
[0, 1, 2, 3]
0.5 0.5882352941176471
itercount --------> 6
[0, 1, 2]
[0, 1, 3]
[0, 1, 5]
[0, 1, 6]
[0, 1, 7]
[0, 1, 4]
[0, 1, 2, 3]
[0, 1, 2, 5]
[0, 1, 2, 6]
[0, 1, 2, 7]
[0, 1, 2, 4]
[0, 1, 2, 3, 5]
[0, 1, 2, 3, 6]
[0, 1, 2, 3, 7]
[0, 1, 2, 3, 4]
[0, 1, 2, 3, 5, 6]
[0, 1, 2, 3, 5, 7]
[0, 1, 2, 3, 5, 4]
[0, 1, 2, 3, 5, 6, 7]
[0, 1, 2, 3, 5, 6, 4]
[0, 1, 2, 3, 5, 6, 7, 4]
failed -> 42 times
after fail n ======> 5
[0, 1, 2, 5, 3]
0.05982905982905983 0.11475409836065574
itercount --------> 1
[0, 1, 2]
0.11475409836065574 0.21212121212121213
itercount --------> 2
[0, 1, 2]
0.21212121212121213 0.3684210526315789
itercount --------> 3
[0, 1, 2]
[0, 1, 5]
[0, 1, 3]
[0, 1, 4]
0.3684210526315789 0.43478260869565216
itercount --------> 4
[1, 0, 2]
0.43478260869565216 0.5
itercount --------> 5
[0, 1, 2]
[0, 1, 5]
[0, 1, 3]
[0, 1, 6]
[0, 1, 7]
[0, 1, 4]
[0, 1, 2, 5]
[0, 1, 2, 3]
0.5 0.5882352941176471
itercount --------> 6
[0, 1, 2]
[0, 1, 3]
[0, 1, 5]
[0, 1, 6]
[0, 1, 7]
[0, 1, 4]
[0, 1, 2, 3]
[0, 1, 2, 5]
[0, 1, 2, 6]
[0, 1, 2, 7]
[0, 1, 2, 4]
[0, 1, 2, 3, 5]
[0, 1, 2, 3, 6]
[0, 1, 2, 3, 7]
[0, 1, 2, 3, 4]
[0, 1, 2, 3, 5, 6]
[0, 1, 2, 3, 5, 7]
[0, 1, 2, 3, 5, 4]
[0, 1, 2, 3, 5, 6, 7]
[0, 1, 2, 3, 5, 6, 4]
[0, 1, 2, 3, 5, 6, 7, 4]
0.5882352941176471 0.625
itercount --------> 7
[0, 1, 2]
[0, 1, 5]
[0, 1, 4]
[0, 1, 3]
[0, 1, 7]
[0, 1, 6]
0.625 0.6666666666666666
itercount --------> 8
[1, 0, 2]
[1, 0, 3]
[1, 0, 4]
[1, 0, 5]
0.6666666666666666 0.7142857142857143
itercount --------> 9
[0, 1, 2]
[0, 1, 5]
[0, 1, 4]
[0, 1, 6]
[0, 1, 3]
[0, 1, 7]
[0, 1, 2, 5]
[0, 1, 2, 4]
[0, 1, 2, 6]
[0, 1, 2, 3]
[0, 1, 2, 7]
[0, 1, 2, 5, 4]
0.7142857142857143 0.7692307692307693
itercount --------> 10
[4, 0, 1]
[4, 0, 2]
[4, 0, 5]
[4, 0, 3]
[4, 0, 6]
[4, 0, 7]
[4, 0, 1, 2]
[4, 0, 1, 5]
[4, 0, 1, 3]
[4, 0, 1, 6]
[4, 0, 1, 7]
[4, 0, 1, 2, 5]
[4, 0, 1, 2, 3]
[4, 0, 1, 2, 6]
[4, 0, 1, 2, 7]
[4, 0, 1, 2, 5, 3]
[4, 0, 1, 2, 5, 6]
[4, 0, 1, 2, 5, 7]
[4, 0, 1, 2, 5, 3, 6]
[4, 0, 1, 2, 5, 3, 7]
[4, 0, 1, 2, 5, 3, 6, 7]
failed -> 43 times
after fail n ======> 6
[0, 1, 2, 5, 3, 4]
0.05982905982905983 0.06666666666666667
itercount --------> 1
[0, 1, 2]
0.06666666666666667 0.13043478260869565
itercount --------> 2
[4, 5, 0]
0.13043478260869565 0.16666666666666666
itercount --------> 3
[5, 0, 1]
0.16666666666666666 0.25
itercount --------> 4
[0, 1, 2]
[0, 1, 5]
[0, 1, 3]
0.25 0.3333333333333333
itercount --------> 5
[4, 3, 6]
[4, 3, 7]
[4, 3, 0]
[4, 3, 1]
[4, 3, 2]
0.3333333333333333 0.36363636363636365
itercount --------> 6
[2, 4, 3]
[2, 4, 6]
0.36363636363636365 0.375
itercount --------> 7
[4, 6, 3]
0.375 0.4375
itercount --------> 8
[4, 6, 2]
[4, 6, 3]
[4, 6, 7]
0.4375 0.4444444444444444
itercount --------> 9
[2, 4, 6]
0.4444444444444444 0.6666666666666666
itercount --------> 10
[4, 0, 1]
[4, 0, 2]
[4, 0, 3]
[4, 0, 5]
[4, 0, 6]
[4, 0, 7]
[4, 0, 1, 2]
[4, 0, 1, 3]
[4, 0, 1, 5]
[4, 0, 1, 6]
[4, 0, 1, 7]
[4, 0, 1, 2, 3]
[4, 0, 1, 2, 5]
[4, 0, 1, 2, 6]
[4, 0, 1, 2, 7]
[4, 0, 1, 2, 3, 5]
[4, 0, 1, 2, 3, 6]
[4, 0, 1, 2, 3, 7]
[4, 0, 1, 2, 3, 5, 6]
[4, 0, 1, 2, 3, 5, 7]
[4, 0, 1, 2, 3, 5, 6, 7]
failed -> 44 times
after fail n ======> 7
[0, 1, 2, 5, 3, 4, 6]
0.05982905982905983 0.125
itercount --------> 1
[5, 0, 2]
0.125 0.23529411764705882
itercount --------> 2
[0, 2, 5]
[0, 2, 1]
0.23529411764705882 0.42105263157894735
itercount --------> 3
[3, 4, 0]
[3, 4, 1]
[3, 4, 2]
[3, 4, 5]
[3, 4, 6]
[3, 4, 7]
[3, 4, 0, 1]
[3, 4, 0, 2]
[3, 4, 0, 5]
[3, 4, 0, 6]
[3, 4, 0, 7]
[3, 4, 0, 1, 2]
0.42105263157894735 0.4375
itercount --------> 4
[0, 1, 2]
[0, 1, 5]
[0, 1, 4]
[0, 1, 3]
[0, 1, 6]
[0, 1, 7]
[0, 1, 2, 5]
[0, 1, 2, 4]
0.4375 0.5882352941176471
itercount --------> 5
[0, 1, 2]
[0, 1, 3]
[0, 1, 5]
[0, 1, 6]
[0, 1, 7]
[0, 1, 4]
[0, 1, 2, 3]
[0, 1, 2, 5]
[0, 1, 2, 6]
[0, 1, 2, 7]
[0, 1, 2, 4]
[0, 1, 2, 3, 5]
[0, 1, 2, 3, 6]
[0, 1, 2, 3, 7]
[0, 1, 2, 3, 4]
[0, 1, 2, 3, 5, 6]
[0, 1, 2, 3, 5, 7]
[0, 1, 2, 3, 5, 4]
[0, 1, 2, 3, 5, 6, 7]
[0, 1, 2, 3, 5, 6, 4]
[0, 1, 2, 3, 5, 6, 7, 4]
0.5882352941176471 0.6
itercount --------> 6
[5, 4, 0]
[5, 4, 1]
0.6 0.6428571428571429
itercount --------> 7
[0, 1, 2]
[0, 1, 5]
[0, 1, 4]
[0, 1, 3]
[0, 1, 6]
[0, 1, 7]
[0, 1, 2, 5]
[0, 1, 2, 4]
[0, 1, 2, 3]
[0, 1, 2, 6]
[0, 1, 2, 7]
[0, 1, 2, 5, 4]
[0, 1, 2, 5, 3]
[0, 1, 2, 5, 6]
[0, 1, 2, 5, 7]
[0, 1, 2, 5, 4, 3]
0.6428571428571429 0.6666666666666666
itercount --------> 8
[0, 1, 2]
[0, 1, 5]
[0, 1, 4]
[0, 1, 6]
[0, 1, 7]
[0, 1, 3]
[0, 1, 2, 5]
[0, 1, 2, 4]
[0, 1, 2, 6]
[0, 1, 2, 7]
[0, 1, 2, 3]
[0, 1, 2, 5, 4]
[0, 1, 2, 5, 6]
[0, 1, 2, 5, 7]
[0, 1, 2, 5, 3]
[0, 1, 2, 5, 4, 6]
[0, 1, 2, 5, 4, 7]
[0, 1, 2, 5, 4, 3]
[0, 1, 2, 5, 4, 6, 7]
[0, 1, 2, 5, 4, 6, 3]
[0, 1, 2, 5, 4, 6, 7, 3]
failed -> 45 times
after fail n ======> 8
[0, 1, 2, 5, 3, 4, 6, 7]
0.05982905982905983 0.07692307692307693
itercount --------> 1
[5, 0, 1]
0.07692307692307693 0.13333333333333333
itercount --------> 2
[5, 0, 1]
0.13333333333333333 0.22727272727272727
itercount --------> 3
[5, 6, 4]
0.22727272727272727 0.23809523809523808
itercount --------> 4
[5, 6, 0]
0.23809523809523808 0.29411764705882354
itercount --------> 5
[5, 6, 7]
0.29411764705882354 0.4666666666666667
itercount --------> 6
[0, 1, 2]
[0, 1, 5]
[0, 1, 6]
[0, 1, 4]
[0, 1, 7]
[0, 1, 3]
[0, 1, 2, 5]
[0, 1, 2, 6]
[0, 1, 2, 4]
[0, 1, 2, 7]
[0, 1, 2, 3]
[0, 1, 2, 5, 6]
[0, 1, 2, 5, 4]
[0, 1, 2, 5, 7]
[0, 1, 2, 5, 3]
[0, 1, 2, 5, 6, 4]
0.4666666666666667 0.5
itercount --------> 7
[0, 1, 2]
[0, 1, 5]
[0, 1, 7]
[0, 1, 3]
[0, 1, 6]
[0, 1, 4]
[0, 1, 2, 5]
[0, 1, 2, 7]
[0, 1, 2, 3]
[0, 1, 2, 6]
[0, 1, 2, 4]
[0, 1, 2, 5, 7]
[0, 1, 2, 5, 3]
[0, 1, 2, 5, 6]
[0, 1, 2, 5, 4]
[0, 1, 2, 5, 7, 3]
[0, 1, 2, 5, 7, 6]
[0, 1, 2, 5, 7, 4]
0.5 0.6
itercount --------> 8
[5, 4, 6]
[5, 4, 7]
[5, 4, 3]
[5, 4, 0]
0.6 0.6428571428571429
itercount --------> 9
[0, 1, 2]
[0, 1, 5]
[0, 1, 6]
[0, 1, 7]
[0, 1, 4]
[0, 1, 3]
0.6428571428571429 0.6923076923076923
itercount --------> 10
[0, 1, 2]
[0, 1, 5]
[0, 1, 3]
[0, 1, 6]
[0, 1, 7]
[0, 1, 4]
[0, 1, 2, 5]
[0, 1, 2, 3]
[0, 1, 2, 6]
[0, 1, 2, 7]
[0, 1, 2, 4]
[0, 1, 2, 5, 3]
[0, 1, 2, 5, 6]
[0, 1, 2, 5, 7]
[0, 1, 2, 5, 4]
[0, 1, 2, 5, 3, 6]
[0, 1, 2, 5, 3, 7]
[0, 1, 2, 5, 3, 4]
[0, 1, 2, 5, 3, 6, 7]
[0, 1, 2, 5, 3, 6, 4]
[0, 1, 2, 5, 3, 6, 7, 4]
failed -> 46 times
after fail n ======> 5
[0, 1, 2, 5, 3]
0.05982905982905983 0.06451612903225806
itercount --------> 1
[0, 1, 2]
0.06451612903225806 0.125
itercount --------> 2
[1, 0, 2]
0.125 0.23529411764705882
itercount --------> 3
[0, 1, 2]
[0, 1, 5]
0.23529411764705882 0.42105263157894735
itercount --------> 4
[3, 4, 0]
0.42105263157894735 0.4375
itercount --------> 5
[0, 1, 2]
[0, 1, 5]
[0, 1, 4]
[0, 1, 3]
[0, 1, 6]
[0, 1, 7]
[0, 1, 2, 5]
[0, 1, 2, 4]
0.4375 0.5
itercount --------> 6
[2, 0, 1]
0.5 0.5882352941176471
itercount --------> 7
[0, 1, 2]
[0, 1, 3]
[0, 1, 5]
[0, 1, 6]
[0, 1, 7]
0.5882352941176471 0.6666666666666666
itercount --------> 8
[3, 6, 7]
[3, 6, 0]
[3, 6, 1]
[3, 6, 2]
[3, 6, 4]
[3, 6, 5]
[3, 6, 7, 0]
[3, 6, 7, 1]
[3, 6, 7, 2]
[3, 6, 7, 4]
[3, 6, 7, 5]
[3, 6, 7, 0, 1]
[3, 6, 7, 0, 2]
[3, 6, 7, 0, 4]
0.6666666666666666 0.7142857142857143
itercount --------> 9
[0, 1, 2]
[0, 1, 5]
[0, 1, 4]
[0, 1, 7]
[0, 1, 3]
[0, 1, 6]
[0, 1, 2, 5]
[0, 1, 2, 4]
[0, 1, 2, 7]
[0, 1, 2, 3]
[0, 1, 2, 6]
[0, 1, 2, 5, 4]
0.7142857142857143 0.7692307692307693
itercount --------> 10
[4, 0, 1]
[4, 0, 2]
[4, 0, 5]
[4, 0, 3]
[4, 0, 6]
[4, 0, 7]
[4, 0, 1, 2]
[4, 0, 1, 5]
[4, 0, 1, 3]
[4, 0, 1, 6]
[4, 0, 1, 7]
[4, 0, 1, 2, 5]
[4, 0, 1, 2, 3]
[4, 0, 1, 2, 6]
[4, 0, 1, 2, 7]
[4, 0, 1, 2, 5, 3]
[4, 0, 1, 2, 5, 6]
[4, 0, 1, 2, 5, 7]
[4, 0, 1, 2, 5, 3, 6]
[4, 0, 1, 2, 5, 3, 7]
[4, 0, 1, 2, 5, 3, 6, 7]
failed -> 47 times
after fail n ======> 6
[0, 1, 2, 5, 3, 4]
0.05982905982905983 0.07936507936507936
itercount --------> 1
[0, 2, 4]
[0, 2, 5]
0.07936507936507936 0.14285714285714285
itercount --------> 2
[2, 4, 1]
0.14285714285714285 0.16666666666666666
itercount --------> 3
[4, 2, 3]
0.16666666666666666 0.17647058823529413
itercount --------> 4
[4, 2, 3]
[4, 2, 6]
0.17647058823529413 0.2222222222222222
itercount --------> 5
[4, 3, 2]
[4, 3, 6]
[4, 3, 7]
0.2222222222222222 0.25
itercount --------> 6
[4, 2, 3]
[4, 2, 7]
[4, 2, 6]
[4, 2, 0]
0.25 0.2857142857142857
itercount --------> 7
[4, 7, 3]
[4, 7, 6]
[4, 7, 0]
[4, 7, 1]
[4, 7, 2]
[4, 7, 5]
[4, 7, 3, 6]
[4, 7, 3, 0]
[4, 7, 3, 1]
[4, 7, 3, 2]
[4, 7, 3, 5]
[4, 7, 3, 6, 0]
[4, 7, 3, 6, 1]
[4, 7, 3, 6, 2]
[4, 7, 3, 6, 5]
[4, 7, 3, 6, 0, 1]
[4, 7, 3, 6, 0, 2]
[4, 7, 3, 6, 0, 5]
[4, 7, 3, 6, 0, 1, 2]
[4, 7, 3, 6, 0, 1, 5]
[4, 7, 3, 6, 0, 1, 2, 5]
failed -> 48 times
after fail n ======> 7
[0, 1, 2, 5, 3, 4, 6]
0.05982905982905983 0.06451612903225806
itercount --------> 1
[0, 1, 5]
[0, 1, 4]
0.06451612903225806 0.07936507936507936
itercount --------> 2
[0, 5, 4]
0.07936507936507936 0.16666666666666666
itercount --------> 3
[5, 2, 0]
[5, 2, 4]
0.16666666666666666 0.20833333333333334
itercount --------> 4
[4, 1, 3]
[4, 1, 0]
0.20833333333333334 0.28
itercount --------> 5
[1, 4, 0]
0.28 0.36363636363636365
itercount --------> 6
[1, 4, 3]
[1, 4, 6]
[1, 4, 7]
0.36363636363636365 0.375
itercount --------> 7
[4, 7, 3]
[4, 7, 1]
[4, 7, 6]
[4, 7, 0]
[4, 7, 2]
0.375 0.38095238095238093
itercount --------> 8
[4, 3, 2]
0.38095238095238093 0.4166666666666667
itercount --------> 9
[2, 5, 1]
0.4166666666666667 0.47619047619047616
itercount --------> 10
[2, 1, 5]
0.47619047619047616 0.5882352941176471
itercount --------> 11
[1, 2, 3]
[1, 2, 5]
[1, 2, 6]
0.5882352941176471 0.625
itercount --------> 12
[3, 6, 7]
[3, 6, 1]
[3, 6, 2]
[3, 6, 5]
[3, 6, 0]
[3, 6, 4]
[3, 6, 7, 1]
[3, 6, 7, 2]
[3, 6, 7, 5]
[3, 6, 7, 0]
[3, 6, 7, 4]
[3, 6, 7, 1, 2]
[3, 6, 7, 1, 5]
0.625 0.6666666666666666
itercount --------> 13
[3, 6, 7]
[3, 6, 0]
[3, 6, 1]
[3, 6, 2]
[3, 6, 4]
[3, 6, 5]
[3, 6, 7, 0]
[3, 6, 7, 1]
[3, 6, 7, 2]
[3, 6, 7, 4]
0.6666666666666666 0.7142857142857143
itercount --------> 14
[0, 1, 2]
[0, 1, 4]
[0, 1, 5]
[0, 1, 6]
[0, 1, 7]
[0, 1, 3]
[0, 1, 2, 4]
[0, 1, 2, 5]
[0, 1, 2, 6]
[0, 1, 2, 7]
[0, 1, 2, 3]
0.7142857142857143 0.7692307692307693
itercount --------> 15
[4, 0, 1]
[4, 0, 2]
[4, 0, 5]
[4, 0, 3]
[4, 0, 6]
[4, 0, 7]
[4, 0, 1, 2]
[4, 0, 1, 5]
[4, 0, 1, 3]
[4, 0, 1, 6]
[4, 0, 1, 7]
0.7692307692307693 0.7857142857142857
itercount --------> 16
[3, 4, 6]
[3, 4, 7]
[3, 4, 0]
[3, 4, 1]
[3, 4, 2]
[3, 4, 5]
[3, 4, 6, 7]
[3, 4, 6, 0]
[3, 4, 6, 1]
[3, 4, 6, 2]
[3, 4, 6, 5]
[3, 4, 6, 7, 0]
[3, 4, 6, 7, 1]
[3, 4, 6, 7, 2]
[3, 4, 6, 7, 5]
[3, 4, 6, 7, 0, 1]
[3, 4, 6, 7, 0, 2]
[3, 4, 6, 7, 0, 5]
[3, 4, 6, 7, 0, 1, 2]
[3, 4, 6, 7, 0, 1, 5]
[3, 4, 6, 7, 0, 1, 2, 5]
failed -> 49 times
after fail n ======> 8
[0, 1, 2, 5, 3, 4, 6, 7]
0.05982905982905983 0.21212121212121213
itercount --------> 1
[1, 0, 2]
0.21212121212121213 0.3684210526315789
itercount --------> 2
[0, 1, 2]
[0, 1, 5]
[0, 1, 3]
0.3684210526315789 0.4375
itercount --------> 3
[0, 1, 2]
[0, 1, 5]
[0, 1, 4]
0.4375 0.5384615384615384
itercount --------> 4
[0, 1, 2]
[0, 1, 5]
[0, 1, 6]
[0, 1, 7]
[0, 1, 3]
[0, 1, 4]
0.5384615384615384 0.5882352941176471
itercount --------> 5
[0, 1, 2]
[0, 1, 3]
[0, 1, 5]
[0, 1, 6]
[0, 1, 7]
[0, 1, 4]
[0, 1, 2, 3]
[0, 1, 2, 5]
[0, 1, 2, 6]
[0, 1, 2, 7]
[0, 1, 2, 4]
[0, 1, 2, 3, 5]
[0, 1, 2, 3, 6]
[0, 1, 2, 3, 7]
[0, 1, 2, 3, 4]
[0, 1, 2, 3, 5, 6]
[0, 1, 2, 3, 5, 7]
[0, 1, 2, 3, 5, 4]
[0, 1, 2, 3, 5, 6, 7]
[0, 1, 2, 3, 5, 6, 4]
[0, 1, 2, 3, 5, 6, 7, 4]
failed -> 50 times
after fail n ======> 5
Runs with the maximum attractor JI -> [3, 4, 5, 10, 14, 18, 19, 21, 31, 37, 39, 40, 48]
