{0: 80, 1: 80, 2: 80, 5: 80, 4: 38, 3: 21, 6: 21, 7: 21}
[0, 1, 2]
0.05263157894736842 0.1891891891891892
itercount --------> 1
[5, 0, 1]
0.1891891891891892 0.3333333333333333
itercount --------> 2
[4, 0, 1]
[4, 0, 2]
0.3333333333333333 0.3684210526315789
itercount --------> 3
[2, 4, 3]
[2, 4, 6]
[2, 4, 7]
[2, 4, 0]
[2, 4, 1]
0.3684210526315789 0.4375
itercount --------> 4
[4, 3, 6]
[4, 3, 7]
[4, 3, 0]
0.4375 0.5
itercount --------> 5
[0, 2, 1]
[0, 2, 5]
0.5 0.5238095238095238
itercount --------> 6
[0, 1, 2]
[0, 1, 5]
[0, 1, 4]
0.5238095238095238 0.5789473684210527
itercount --------> 7
[0, 1, 2]
[0, 1, 5]
[0, 1, 4]
0.5789473684210527 0.6470588235294118
itercount --------> 8
[0, 2, 1]
[0, 2, 4]
[0, 2, 5]
0.6470588235294118 0.6875
itercount --------> 9
[0, 1, 2]
[0, 1, 4]
[0, 1, 5]
[0, 1, 3]
[0, 1, 6]
[0, 1, 7]
[0, 1, 2, 4]
[0, 1, 2, 5]
[0, 1, 2, 3]
[0, 1, 2, 6]
[0, 1, 2, 7]
[0, 1, 2, 4, 5]
[0, 1, 2, 4, 3]
[0, 1, 2, 4, 6]
[0, 1, 2, 4, 7]
[0, 1, 2, 4, 5, 3]
0.6875 0.7333333333333333
itercount --------> 10
[4, 0, 2]
[4, 0, 1]
[4, 0, 3]
[4, 0, 5]
[4, 0, 6]
[4, 0, 7]
[4, 0, 2, 1]
[4, 0, 2, 3]
[4, 0, 2, 5]
[4, 0, 2, 6]
[4, 0, 2, 7]
[4, 0, 2, 1, 3]
[4, 0, 2, 1, 5]
[4, 0, 2, 1, 6]
[4, 0, 2, 1, 7]
[4, 0, 2, 1, 3, 5]
[4, 0, 2, 1, 3, 6]
[4, 0, 2, 1, 3, 7]
[4, 0, 2, 1, 3, 5, 6]
[4, 0, 2, 1, 3, 5, 7]
[4, 0, 2, 1, 3, 5, 6, 7]
failed Once
after fail n ======> 4
[0, 1, 2, 5]
0.05263157894736842 0.10144927536231885
itercount --------> 1
[0, 2, 1]
0.10144927536231885 0.1891891891891892
itercount --------> 2
[0, 1, 2]
0.1891891891891892 0.3333333333333333
itercount --------> 3
[4, 0, 1]
[4, 0, 2]
0.3333333333333333 0.3684210526315789
itercount --------> 4
[0, 4, 3]
[0, 4, 6]
[0, 4, 7]
[0, 4, 1]
0.3684210526315789 0.42105263157894735
itercount --------> 5
[4, 3, 0]
0.42105263157894735 0.5625
itercount --------> 6
[4, 0, 3]
[4, 0, 6]
[4, 0, 7]
[4, 0, 1]
[4, 0, 5]
[4, 0, 2]
[4, 0, 3, 6]
[4, 0, 3, 7]
[4, 0, 3, 1]
[4, 0, 3, 5]
0.5625 0.6
itercount --------> 7
[4, 6, 7]
[4, 6, 3]
[4, 6, 0]
[4, 6, 1]
[4, 6, 5]
[4, 6, 2]
[4, 6, 7, 3]
[4, 6, 7, 0]
[4, 6, 7, 1]
[4, 6, 7, 5]
[4, 6, 7, 2]
[4, 6, 7, 3, 0]
[4, 6, 7, 3, 1]
[4, 6, 7, 3, 5]
[4, 6, 7, 3, 2]
[4, 6, 7, 3, 0, 1]
[4, 6, 7, 3, 0, 5]
[4, 6, 7, 3, 0, 2]
[4, 6, 7, 3, 0, 1, 5]
[4, 6, 7, 3, 0, 1, 2]
[4, 6, 7, 3, 0, 1, 5, 2]
0.6 0.6428571428571429
itercount --------> 8
[4, 6, 7]
0.6428571428571429 0.6666666666666666
itercount --------> 9
[3, 6, 4]
0.6666666666666666 0.6875
itercount --------> 10
[0, 1, 2]
[0, 1, 4]
[0, 1, 5]
[0, 1, 3]
[0, 1, 6]
[0, 1, 7]
[0, 1, 2, 4]
[0, 1, 2, 5]
[0, 1, 2, 3]
0.6875 0.7333333333333333
itercount --------> 11
[4, 0, 1]
[4, 0, 2]
[4, 0, 3]
[4, 0, 5]
[4, 0, 6]
[4, 0, 7]
[4, 0, 1, 2]
[4, 0, 1, 3]
[4, 0, 1, 5]
[4, 0, 1, 6]
[4, 0, 1, 7]
[4, 0, 1, 2, 3]
[4, 0, 1, 2, 5]
[4, 0, 1, 2, 6]
[4, 0, 1, 2, 7]
[4, 0, 1, 2, 3, 5]
[4, 0, 1, 2, 3, 6]
[4, 0, 1, 2, 3, 7]
[4, 0, 1, 2, 3, 5, 6]
[4, 0, 1, 2, 3, 5, 7]
[4, 0, 1, 2, 3, 5, 6, 7]
failed -> 2 times
after fail n ======> 5
[0, 1, 2, 5, 4]
0.05263157894736842 0.09090909090909091
itercount --------> 1
[4, 0, 1]
0.09090909090909091 0.11475409836065574
itercount --------> 2
[2, 5, 0]
0.11475409836065574 0.21212121212121213
itercount --------> 3
[5, 0, 2]
0.21212121212121213 0.3684210526315789
itercount --------> 4
[4, 3, 6]
[4, 3, 7]
[4, 3, 0]
[4, 3, 2]
[4, 3, 5]
[4, 3, 1]
[4, 3, 6, 7]
[4, 3, 6, 0]
[4, 3, 6, 2]
[4, 3, 6, 5]
[4, 3, 6, 1]
[4, 3, 6, 7, 0]
[4, 3, 6, 7, 2]
[4, 3, 6, 7, 5]
[4, 3, 6, 7, 1]
[4, 3, 6, 7, 0, 2]
[4, 3, 6, 7, 0, 5]
0.3684210526315789 0.42105263157894735
itercount --------> 5
[4, 0, 2]
[4, 0, 3]
[4, 0, 5]
0.42105263157894735 0.55
itercount --------> 6
[0, 5, 2]
[0, 5, 1]
0.55 0.5789473684210527
itercount --------> 7
[0, 2, 5]
[0, 2, 1]
0.5789473684210527 0.6470588235294118
itercount --------> 8
[0, 1, 2]
[0, 1, 4]
[0, 1, 5]
[0, 1, 3]
[0, 1, 6]
[0, 1, 7]
[0, 1, 2, 4]
0.6470588235294118 0.6875
itercount --------> 9
[0, 1, 2]
[0, 1, 4]
[0, 1, 5]
[0, 1, 3]
[0, 1, 6]
[0, 1, 7]
[0, 1, 2, 4]
[0, 1, 2, 5]
[0, 1, 2, 3]
[0, 1, 2, 6]
0.6875 0.7333333333333333
itercount --------> 10
[4, 0, 1]
[4, 0, 2]
[4, 0, 5]
[4, 0, 3]
[4, 0, 6]
[4, 0, 7]
[4, 0, 1, 2]
[4, 0, 1, 5]
[4, 0, 1, 3]
[4, 0, 1, 6]
[4, 0, 1, 7]
[4, 0, 1, 2, 5]
[4, 0, 1, 2, 3]
[4, 0, 1, 2, 6]
[4, 0, 1, 2, 7]
[4, 0, 1, 2, 5, 3]
[4, 0, 1, 2, 5, 6]
[4, 0, 1, 2, 5, 7]
[4, 0, 1, 2, 5, 3, 6]
0.7333333333333333 0.7857142857142857
itercount --------> 11
[4, 0, 1]
[4, 0, 2]
[4, 0, 3]
[4, 0, 5]
[4, 0, 6]
[4, 0, 7]
[4, 0, 1, 2]
[4, 0, 1, 3]
[4, 0, 1, 5]
[4, 0, 1, 6]
[4, 0, 1, 7]
[4, 0, 1, 2, 3]
[4, 0, 1, 2, 5]
[4, 0, 1, 2, 6]
[4, 0, 1, 2, 7]
[4, 0, 1, 2, 3, 5]
[4, 0, 1, 2, 3, 6]
[4, 0, 1, 2, 3, 7]
[4, 0, 1, 2, 3, 5, 6]
[4, 0, 1, 2, 3, 5, 7]
[4, 0, 1, 2, 3, 5, 6, 7]
failed -> 3 times
after fail n ======> 6
[0, 1, 2, 5, 4, 3]
0.05263157894736842 0.09523809523809523
itercount --------> 1
[0, 5, 2]
0.09523809523809523 0.2962962962962963
itercount --------> 2
[2, 1, 0]
0.2962962962962963 0.3333333333333333
itercount --------> 3
[2, 4, 0]
0.3333333333333333 0.3684210526315789
itercount --------> 4
[2, 4, 3]
[2, 4, 6]
[2, 4, 7]
[2, 4, 0]
[2, 4, 1]
[2, 4, 5]
[2, 4, 3, 6]
[2, 4, 3, 7]
[2, 4, 3, 0]
0.3684210526315789 0.38095238095238093
itercount --------> 5
[4, 0, 1]
0.38095238095238093 0.4375
itercount --------> 6
[4, 3, 6]
0.4375 0.4444444444444444
itercount --------> 7
[4, 3, 6]
[4, 3, 0]
[4, 3, 1]
0.4444444444444444 0.47368421052631576
itercount --------> 8
[1, 2, 3]
0.47368421052631576 0.5333333333333333
itercount --------> 9
[4, 3, 6]
[4, 3, 7]
[4, 3, 0]
[4, 3, 1]
[4, 3, 2]
[4, 3, 5]
[4, 3, 6, 7]
[4, 3, 6, 0]
[4, 3, 6, 1]
0.5333333333333333 0.6
itercount --------> 10
[4, 3, 6]
[4, 3, 7]
[4, 3, 0]
[4, 3, 1]
[4, 3, 2]
[4, 3, 5]
[4, 3, 6, 7]
[4, 3, 6, 0]
[4, 3, 6, 1]
[4, 3, 6, 2]
[4, 3, 6, 5]
[4, 3, 6, 7, 0]
[4, 3, 6, 7, 1]
[4, 3, 6, 7, 2]
[4, 3, 6, 7, 5]
[4, 3, 6, 7, 0, 1]
[4, 3, 6, 7, 0, 2]
[4, 3, 6, 7, 0, 5]
[4, 3, 6, 7, 0, 1, 2]
[4, 3, 6, 7, 0, 1, 5]
[4, 3, 6, 7, 0, 1, 2, 5]
failed -> 4 times
after fail n ======> 7
[0, 1, 2, 5, 4, 3, 6]
0.05263157894736842 0.10144927536231885
itercount --------> 1
[1, 5, 0]
[1, 5, 2]
0.10144927536231885 0.1891891891891892
itercount --------> 2
[5, 0, 1]
0.1891891891891892 0.3333333333333333
itercount --------> 3
[4, 0, 1]
0.3333333333333333 0.38095238095238093
itercount --------> 4
[4, 0, 1]
0.38095238095238093 0.4375
itercount --------> 5
[4, 3, 6]
0.4375 0.47058823529411764
itercount --------> 6
[4, 3, 6]
[4, 3, 7]
[4, 3, 0]
[4, 3, 1]
[4, 3, 2]
[4, 3, 5]
[4, 3, 6, 7]
[4, 3, 6, 0]
0.47058823529411764 0.5625
itercount --------> 7
[4, 3, 6]
[4, 3, 7]
[4, 3, 0]
[4, 3, 1]
[4, 3, 2]
[4, 3, 5]
[4, 3, 6, 7]
[4, 3, 6, 0]
[4, 3, 6, 1]
[4, 3, 6, 2]
[4, 3, 6, 5]
[4, 3, 6, 7, 0]
[4, 3, 6, 7, 1]
[4, 3, 6, 7, 2]
[4, 3, 6, 7, 5]
[4, 3, 6, 7, 0, 1]
[4, 3, 6, 7, 0, 2]
0.5625 0.6
itercount --------> 8
[4, 3, 6]
[4, 3, 7]
[4, 3, 0]
[4, 3, 1]
[4, 3, 2]
[4, 3, 5]
[4, 3, 6, 7]
[4, 3, 6, 0]
[4, 3, 6, 1]
[4, 3, 6, 2]
[4, 3, 6, 5]
[4, 3, 6, 7, 0]
[4, 3, 6, 7, 1]
[4, 3, 6, 7, 2]
[4, 3, 6, 7, 5]
[4, 3, 6, 7, 0, 1]
[4, 3, 6, 7, 0, 2]
[4, 3, 6, 7, 0, 5]
[4, 3, 6, 7, 0, 1, 2]
[4, 3, 6, 7, 0, 1, 5]
[4, 3, 6, 7, 0, 1, 2, 5]
failed -> 5 times
after fail n ======> 8
[0, 1, 2, 5, 4, 3, 6, 7]
0.05263157894736842 0.1891891891891892
itercount --------> 1
[5, 0, 1]
0.1891891891891892 0.3333333333333333
itercount --------> 2
[4, 0, 1]
0.3333333333333333 0.3684210526315789
itercount --------> 3
[4, 0, 5]
[4, 0, 3]
[4, 0, 6]
[4, 0, 7]
[4, 0, 1]
[4, 0, 2]
0.3684210526315789 0.42105263157894735
itercount --------> 4
[4, 3, 0]
0.42105263157894735 0.4782608695652174
itercount --------> 5
[0, 2, 5]
0.4782608695652174 0.55
itercount --------> 6
[0, 2, 5]
0.55 0.5789473684210527
itercount --------> 7
[0, 2, 5]
[0, 2, 1]
[0, 2, 4]
[0, 2, 3]
[0, 2, 6]
[0, 2, 7]
0.5789473684210527 0.6111111111111112
itercount --------> 8
[0, 2, 5]
[0, 2, 1]
[0, 2, 4]
[0, 2, 3]
0.6111111111111112 0.6470588235294118
itercount --------> 9
[2, 0, 4]
[2, 0, 5]
[2, 0, 1]
[2, 0, 3]
[2, 0, 6]
[2, 0, 7]
[2, 0, 4, 5]
[2, 0, 4, 1]
[2, 0, 4, 3]
[2, 0, 4, 6]
0.6470588235294118 0.6666666666666666
itercount --------> 10
[2, 4, 3]
[2, 4, 0]
[2, 4, 1]
[2, 4, 5]
[2, 4, 6]
[2, 4, 7]
[2, 4, 3, 0]
[2, 4, 3, 1]
[2, 4, 3, 5]
[2, 4, 3, 6]
[2, 4, 3, 7]
[2, 4, 3, 0, 1]
[2, 4, 3, 0, 5]
[2, 4, 3, 0, 6]
[2, 4, 3, 0, 7]
[2, 4, 3, 0, 1, 5]
[2, 4, 3, 0, 1, 6]
[2, 4, 3, 0, 1, 7]
[2, 4, 3, 0, 1, 5, 6]
0.6666666666666666 0.6875
itercount --------> 11
[2, 4, 5]
[2, 4, 0]
[2, 4, 1]
[2, 4, 3]
[2, 4, 6]
[2, 4, 7]
[2, 4, 5, 0]
[2, 4, 5, 1]
0.6875 0.7333333333333333
itercount --------> 12
[4, 2, 0]
[4, 2, 1]
[4, 2, 3]
[4, 2, 5]
[4, 2, 6]
[4, 2, 7]
[4, 2, 0, 1]
[4, 2, 0, 3]
[4, 2, 0, 5]
[4, 2, 0, 6]
[4, 2, 0, 7]
[4, 2, 0, 1, 3]
[4, 2, 0, 1, 5]
[4, 2, 0, 1, 6]
[4, 2, 0, 1, 7]
[4, 2, 0, 1, 3, 5]
[4, 2, 0, 1, 3, 6]
[4, 2, 0, 1, 3, 7]
[4, 2, 0, 1, 3, 5, 6]
[4, 2, 0, 1, 3, 5, 7]
[4, 2, 0, 1, 3, 5, 6, 7]
failed -> 6 times
after fail n ======> 5
[0, 1, 2, 5, 4]
0.05263157894736842 0.07142857142857142
itercount --------> 1
[5, 1, 0]
0.07142857142857142 0.3333333333333333
itercount --------> 2
[5, 4, 0]
0.3333333333333333 0.38095238095238093
itercount --------> 3
[4, 0, 1]
[4, 0, 2]
0.38095238095238093 0.42105263157894735
itercount --------> 4
[4, 3, 0]
0.42105263157894735 0.47058823529411764
itercount --------> 5
[4, 3, 6]
[4, 3, 7]
[4, 3, 0]
0.47058823529411764 0.55
itercount --------> 6
[0, 5, 1]
[0, 5, 2]
0.55 0.5789473684210527
itercount --------> 7
[0, 1, 5]
[0, 1, 2]
0.5789473684210527 0.6470588235294118
itercount --------> 8
[0, 1, 2]
0.6470588235294118 0.6875
itercount --------> 9
[0, 1, 2]
[0, 1, 4]
[0, 1, 5]
[0, 1, 3]
[0, 1, 6]
[0, 1, 7]
[0, 1, 2, 4]
[0, 1, 2, 5]
[0, 1, 2, 3]
0.6875 0.7857142857142857
itercount --------> 10
[4, 0, 1]
[4, 0, 2]
[4, 0, 3]
[4, 0, 5]
[4, 0, 6]
[4, 0, 7]
[4, 0, 1, 2]
[4, 0, 1, 3]
[4, 0, 1, 5]
[4, 0, 1, 6]
[4, 0, 1, 7]
[4, 0, 1, 2, 3]
[4, 0, 1, 2, 5]
[4, 0, 1, 2, 6]
[4, 0, 1, 2, 7]
[4, 0, 1, 2, 3, 5]
[4, 0, 1, 2, 3, 6]
[4, 0, 1, 2, 3, 7]
[4, 0, 1, 2, 3, 5, 6]
[4, 0, 1, 2, 3, 5, 7]
[4, 0, 1, 2, 3, 5, 6, 7]
failed -> 7 times
after fail n ======> 6
[0, 1, 2, 5, 4, 3]
0.05263157894736842 0.09090909090909091
itercount --------> 1
[0, 2, 1]
0.09090909090909091 0.14285714285714285
itercount --------> 2
[4, 2, 3]
[4, 2, 6]
0.14285714285714285 0.2
itercount --------> 3
[0, 1, 2]
[0, 1, 5]
[0, 1, 4]
[0, 1, 3]
[0, 1, 6]
[0, 1, 7]
[0, 1, 2, 5]
[0, 1, 2, 4]
0.2 0.2692307692307692
itercount --------> 4
[0, 2, 4]
[0, 2, 3]
[0, 2, 6]
0.2692307692307692 0.3684210526315789
itercount --------> 5
[4, 3, 6]
[4, 3, 7]
[4, 3, 0]
[4, 3, 1]
[4, 3, 5]
[4, 3, 2]
[4, 3, 6, 7]
[4, 3, 6, 0]
[4, 3, 6, 1]
[4, 3, 6, 5]
[4, 3, 6, 2]
[4, 3, 6, 7, 0]
[4, 3, 6, 7, 1]
[4, 3, 6, 7, 5]
[4, 3, 6, 7, 2]
[4, 3, 6, 7, 0, 1]
[4, 3, 6, 7, 0, 5]
[4, 3, 6, 7, 0, 2]
[4, 3, 6, 7, 0, 1, 5]
0.3684210526315789 0.42105263157894735
itercount --------> 6
[4, 0, 1]
0.42105263157894735 0.55
itercount --------> 7
[0, 1, 5]
[0, 1, 2]
0.55 0.5789473684210527
itercount --------> 8
[0, 1, 5]
[0, 1, 2]
[0, 1, 4]
[0, 1, 3]
[0, 1, 6]
[0, 1, 7]
0.5789473684210527 0.6470588235294118
itercount --------> 9
[0, 1, 4]
[0, 1, 5]
[0, 1, 2]
[0, 1, 3]
[0, 1, 6]
[0, 1, 7]
[0, 1, 4, 5]
[0, 1, 4, 2]
[0, 1, 4, 3]
[0, 1, 4, 6]
[0, 1, 4, 7]
[0, 1, 4, 5, 2]
0.6470588235294118 0.6875
itercount --------> 10
[0, 4, 1]
[0, 4, 2]
[0, 4, 5]
0.6875 0.7333333333333333
itercount --------> 11
[4, 0, 1]
[4, 0, 2]
[4, 0, 5]
[4, 0, 3]
[4, 0, 6]
[4, 0, 7]
[4, 0, 1, 2]
[4, 0, 1, 5]
[4, 0, 1, 3]
[4, 0, 1, 6]
[4, 0, 1, 7]
[4, 0, 1, 2, 5]
[4, 0, 1, 2, 3]
0.7333333333333333 0.7857142857142857
itercount --------> 12
[4, 0, 1]
[4, 0, 2]
[4, 0, 3]
[4, 0, 5]
[4, 0, 6]
[4, 0, 7]
[4, 0, 1, 2]
[4, 0, 1, 3]
[4, 0, 1, 5]
[4, 0, 1, 6]
[4, 0, 1, 7]
[4, 0, 1, 2, 3]
[4, 0, 1, 2, 5]
[4, 0, 1, 2, 6]
[4, 0, 1, 2, 7]
[4, 0, 1, 2, 3, 5]
[4, 0, 1, 2, 3, 6]
[4, 0, 1, 2, 3, 7]
[4, 0, 1, 2, 3, 5, 6]
[4, 0, 1, 2, 3, 5, 7]
[4, 0, 1, 2, 3, 5, 6, 7]
failed -> 8 times
after fail n ======> 7
[0, 1, 2, 5, 4, 3, 6]
0.05263157894736842 0.058823529411764705
itercount --------> 1
[5, 0, 1]
0.058823529411764705 0.0625
itercount --------> 2
[0, 3, 5]
[0, 3, 2]
0.0625 0.09523809523809523
itercount --------> 3
[3, 0, 5]
0.09523809523809523 0.15789473684210525
itercount --------> 4
[6, 4, 2]
0.15789473684210525 0.21428571428571427
itercount --------> 5
[2, 0, 4]
0.21428571428571427 0.25
itercount --------> 6
[2, 4, 6]
[2, 4, 3]
[2, 4, 0]
[2, 4, 1]
[2, 4, 5]
0.25 0.3333333333333333
itercount --------> 7
[6, 3, 4]
0.3333333333333333 0.4666666666666667
itercount --------> 8
[4, 3, 6]
0.4666666666666667 0.5
itercount --------> 9
[4, 3, 6]
[4, 3, 7]
[4, 3, 0]
[4, 3, 1]
[4, 3, 2]
[4, 3, 5]
[4, 3, 6, 7]
[4, 3, 6, 0]
[4, 3, 6, 1]
0.5 0.5625
itercount --------> 10
[4, 3, 6]
[4, 3, 7]
[4, 3, 0]
[4, 3, 1]
[4, 3, 2]
[4, 3, 5]
[4, 3, 6, 7]
[4, 3, 6, 0]
[4, 3, 6, 1]
[4, 3, 6, 2]
[4, 3, 6, 5]
[4, 3, 6, 7, 0]
[4, 3, 6, 7, 1]
[4, 3, 6, 7, 2]
[4, 3, 6, 7, 5]
[4, 3, 6, 7, 0, 1]
[4, 3, 6, 7, 0, 2]
[4, 3, 6, 7, 0, 5]
0.5625 0.6
itercount --------> 11
[4, 3, 6]
[4, 3, 7]
[4, 3, 0]
[4, 3, 1]
[4, 3, 2]
[4, 3, 5]
[4, 3, 6, 7]
[4, 3, 6, 0]
[4, 3, 6, 1]
[4, 3, 6, 2]
[4, 3, 6, 5]
[4, 3, 6, 7, 0]
[4, 3, 6, 7, 1]
[4, 3, 6, 7, 2]
[4, 3, 6, 7, 5]
[4, 3, 6, 7, 0, 1]
[4, 3, 6, 7, 0, 2]
[4, 3, 6, 7, 0, 5]
[4, 3, 6, 7, 0, 1, 2]
[4, 3, 6, 7, 0, 1, 5]
[4, 3, 6, 7, 0, 1, 2, 5]
failed -> 9 times
after fail n ======> 8
[0, 1, 2, 5, 4, 3, 6, 7]
0.05263157894736842 0.058823529411764705
itercount --------> 1
[1, 5, 0]
0.058823529411764705 0.1111111111111111
itercount --------> 2
[3, 2, 6]
0.1111111111111111 0.14285714285714285
itercount --------> 3
[0, 1, 2]
[0, 1, 5]
[0, 1, 3]
0.14285714285714285 0.1875
itercount --------> 4
[0, 6, 3]
0.1875 0.21428571428571427
itercount --------> 5
[6, 0, 1]
[6, 0, 2]
[6, 0, 5]
[6, 0, 3]
0.21428571428571427 0.26666666666666666
itercount --------> 6
[0, 2, 6]
[0, 2, 3]
[0, 2, 4]
0.26666666666666666 0.3684210526315789
itercount --------> 7
[2, 6, 0]
[2, 6, 4]
0.3684210526315789 0.3888888888888889
itercount --------> 8
[0, 2, 6]
0.3888888888888889 0.4117647058823529
itercount --------> 9
[0, 2, 6]
0.4117647058823529 0.42857142857142855
itercount --------> 10
[0, 4, 6]
[0, 4, 3]
[0, 4, 2]
[0, 4, 7]
[0, 4, 1]
[0, 4, 5]
[0, 4, 6, 3]
[0, 4, 6, 2]
[0, 4, 6, 7]
[0, 4, 6, 1]
[0, 4, 6, 5]
[0, 4, 6, 3, 2]
[0, 4, 6, 3, 7]
[0, 4, 6, 3, 1]
0.42857142857142855 0.5
itercount --------> 11
[4, 3, 6]
[4, 3, 0]
[4, 3, 2]
[4, 3, 7]
[4, 3, 1]
[4, 3, 5]
[4, 3, 6, 0]
[4, 3, 6, 2]
[4, 3, 6, 7]
[4, 3, 6, 1]
[4, 3, 6, 5]
[4, 3, 6, 0, 2]
[4, 3, 6, 0, 7]
[4, 3, 6, 0, 1]
[4, 3, 6, 0, 5]
0.5 0.5625
itercount --------> 12
[4, 3, 6]
[4, 3, 7]
[4, 3, 0]
[4, 3, 1]
[4, 3, 2]
[4, 3, 5]
[4, 3, 6, 7]
[4, 3, 6, 0]
[4, 3, 6, 1]
[4, 3, 6, 2]
[4, 3, 6, 5]
[4, 3, 6, 7, 0]
[4, 3, 6, 7, 1]
[4, 3, 6, 7, 2]
[4, 3, 6, 7, 5]
[4, 3, 6, 7, 0, 1]
0.5625 0.6
itercount --------> 13
[4, 3, 6]
[4, 3, 7]
[4, 3, 0]
[4, 3, 1]
[4, 3, 2]
[4, 3, 5]
[4, 3, 6, 7]
[4, 3, 6, 0]
[4, 3, 6, 1]
[4, 3, 6, 2]
[4, 3, 6, 5]
[4, 3, 6, 7, 0]
[4, 3, 6, 7, 1]
[4, 3, 6, 7, 2]
[4, 3, 6, 7, 5]
[4, 3, 6, 7, 0, 1]
[4, 3, 6, 7, 0, 2]
[4, 3, 6, 7, 0, 5]
[4, 3, 6, 7, 0, 1, 2]
[4, 3, 6, 7, 0, 1, 5]
[4, 3, 6, 7, 0, 1, 2, 5]
failed -> 10 times
after fail n ======> 5
[0, 1, 2, 5, 4]
0.05263157894736842 0.10144927536231885
itercount --------> 1
[1, 2, 0]
0.10144927536231885 0.1891891891891892
itercount --------> 2
[2, 0, 1]
0.1891891891891892 0.3333333333333333
itercount --------> 3
[4, 0, 1]
[4, 0, 2]
[4, 0, 3]
[4, 0, 5]
0.3333333333333333 0.3684210526315789
itercount --------> 4
[4, 3, 6]
[4, 3, 7]
[4, 3, 0]
[4, 3, 1]
[4, 3, 2]
[4, 3, 5]
[4, 3, 6, 7]
[4, 3, 6, 0]
[4, 3, 6, 1]
[4, 3, 6, 2]
[4, 3, 6, 5]
[4, 3, 6, 7, 0]
[4, 3, 6, 7, 1]
[4, 3, 6, 7, 2]
[4, 3, 6, 7, 5]
[4, 3, 6, 7, 0, 1]
[4, 3, 6, 7, 0, 2]
[4, 3, 6, 7, 0, 5]
0.3684210526315789 0.4117647058823529
itercount --------> 5
[4, 3, 0]
[4, 3, 6]
[4, 3, 7]
[4, 3, 1]
[4, 3, 2]
[4, 3, 5]
[4, 3, 0, 6]
[4, 3, 0, 7]
[4, 3, 0, 1]
0.4117647058823529 0.42105263157894735
itercount --------> 6
[1, 4, 3]
[1, 4, 6]
[1, 4, 7]
[1, 4, 0]
[1, 4, 2]
0.42105263157894735 0.5
itercount --------> 7
[3, 4, 6]
[3, 4, 7]
[3, 4, 0]
[3, 4, 1]
0.5 0.6470588235294118
itercount --------> 8
[1, 0, 4]
[1, 0, 2]
[1, 0, 3]
[1, 0, 5]
[1, 0, 6]
[1, 0, 7]
[1, 0, 4, 2]
[1, 0, 4, 3]
[1, 0, 4, 5]
0.6470588235294118 0.6875
itercount --------> 9
[0, 1, 4]
[0, 1, 2]
[0, 1, 3]
[0, 1, 5]
[0, 1, 6]
[0, 1, 7]
[0, 1, 4, 2]
[0, 1, 4, 3]
[0, 1, 4, 5]
[0, 1, 4, 6]
[0, 1, 4, 7]
[0, 1, 4, 2, 3]
[0, 1, 4, 2, 5]
0.6875 0.7333333333333333
itercount --------> 10
[4, 0, 1]
[4, 0, 2]
[4, 0, 3]
[4, 0, 5]
[4, 0, 6]
[4, 0, 7]
[4, 0, 1, 2]
[4, 0, 1, 3]
[4, 0, 1, 5]
[4, 0, 1, 6]
[4, 0, 1, 7]
[4, 0, 1, 2, 3]
[4, 0, 1, 2, 5]
[4, 0, 1, 2, 6]
[4, 0, 1, 2, 7]
[4, 0, 1, 2, 3, 5]
[4, 0, 1, 2, 3, 6]
[4, 0, 1, 2, 3, 7]
[4, 0, 1, 2, 3, 5, 6]
[4, 0, 1, 2, 3, 5, 7]
[4, 0, 1, 2, 3, 5, 6, 7]
failed -> 11 times
after fail n ======> 6
[0, 1, 2, 5, 4, 3]
0.05263157894736842 0.061224489795918366
itercount --------> 1
[1, 0, 2]
[1, 0, 5]
0.061224489795918366 0.14285714285714285
itercount --------> 2
[2, 1, 3]
0.14285714285714285 0.23529411764705882
itercount --------> 3
[1, 2, 5]
[1, 2, 3]
[1, 2, 4]
[1, 2, 0]
0.23529411764705882 0.26666666666666666
itercount --------> 4
[0, 1, 2]
[0, 1, 5]
[0, 1, 3]
[0, 1, 6]
[0, 1, 7]
0.26666666666666666 0.2857142857142857
itercount --------> 5
[0, 1, 2]
[0, 1, 5]
[0, 1, 3]
[0, 1, 7]
[0, 1, 6]
[0, 1, 4]
[0, 1, 2, 5]
[0, 1, 2, 3]
0.2857142857142857 0.32
itercount --------> 6
[1, 2, 4]
[1, 2, 3]
0.32 0.42105263157894735
itercount --------> 7
[4, 1, 3]
0.42105263157894735 0.5238095238095238
itercount --------> 8
[1, 2, 0]
[1, 2, 5]
0.5238095238095238 0.6470588235294118
itercount --------> 9
[0, 1, 2]
[0, 1, 4]
[0, 1, 5]
0.6470588235294118 0.7333333333333333
itercount --------> 10
[4, 0, 1]
[4, 0, 2]
[4, 0, 5]
0.7333333333333333 0.7857142857142857
itercount --------> 11
[4, 0, 1]
[4, 0, 2]
[4, 0, 3]
[4, 0, 5]
[4, 0, 6]
[4, 0, 7]
[4, 0, 1, 2]
[4, 0, 1, 3]
[4, 0, 1, 5]
[4, 0, 1, 6]
[4, 0, 1, 7]
[4, 0, 1, 2, 3]
[4, 0, 1, 2, 5]
[4, 0, 1, 2, 6]
[4, 0, 1, 2, 7]
[4, 0, 1, 2, 3, 5]
[4, 0, 1, 2, 3, 6]
[4, 0, 1, 2, 3, 7]
[4, 0, 1, 2, 3, 5, 6]
[4, 0, 1, 2, 3, 5, 7]
[4, 0, 1, 2, 3, 5, 6, 7]
failed -> 12 times
after fail n ======> 7
[0, 1, 2, 5, 4, 3, 6]
0.05263157894736842 0.09090909090909091
itercount --------> 1
[5, 1, 0]
0.09090909090909091 0.10344827586206896
itercount --------> 2
[5, 1, 4]
0.10344827586206896 0.2
itercount --------> 3
[0, 1, 2]
[0, 1, 5]
[0, 1, 6]
0.2 0.2692307692307692
itercount --------> 4
[0, 1, 4]
[0, 1, 5]
0.2692307692307692 0.3684210526315789
itercount --------> 5
[0, 2, 4]
[0, 2, 3]
[0, 2, 7]
[0, 2, 6]
[0, 2, 1]
0.3684210526315789 0.4375
itercount --------> 6
[4, 3, 6]
0.4375 0.4444444444444444
itercount --------> 7
[4, 3, 6]
[4, 3, 0]
0.4444444444444444 0.45
itercount --------> 8
[0, 4, 1]
[0, 4, 2]
[0, 4, 5]
0.45 0.5294117647058824
itercount --------> 9
[4, 0, 1]
[4, 0, 2]
[4, 0, 5]
[4, 0, 3]
[4, 0, 6]
[4, 0, 7]
[4, 0, 1, 2]
[4, 0, 1, 5]
[4, 0, 1, 3]
[4, 0, 1, 6]
[4, 0, 1, 7]
[4, 0, 1, 2, 5]
0.5294117647058824 0.6
itercount --------> 10
[4, 7, 3]
[4, 7, 6]
[4, 7, 0]
[4, 7, 1]
[4, 7, 2]
[4, 7, 5]
[4, 7, 3, 6]
0.6 0.625
itercount --------> 11
[3, 6, 7]
[3, 6, 0]
[3, 6, 1]
[3, 6, 2]
[3, 6, 5]
[3, 6, 4]
0.625 0.6666666666666666
itercount --------> 12
[4, 0, 1]
[4, 0, 2]
[4, 0, 3]
[4, 0, 5]
[4, 0, 6]
[4, 0, 7]
[4, 0, 1, 2]
[4, 0, 1, 3]
[4, 0, 1, 5]
[4, 0, 1, 6]
[4, 0, 1, 7]
[4, 0, 1, 2, 3]
[4, 0, 1, 2, 5]
[4, 0, 1, 2, 6]
[4, 0, 1, 2, 7]
[4, 0, 1, 2, 3, 5]
0.6666666666666666 0.7058823529411765
itercount --------> 13
[4, 3, 6]
0.7058823529411765 0.7142857142857143
itercount --------> 14
[3, 6, 7]
[3, 6, 4]
[3, 6, 0]
[3, 6, 1]
[3, 6, 2]
[3, 6, 5]
[3, 6, 7, 4]
0.7142857142857143 0.7692307692307693
itercount --------> 15
[4, 0, 1]
[4, 0, 2]
[4, 0, 5]
[4, 0, 3]
[4, 0, 6]
[4, 0, 7]
[4, 0, 1, 2]
[4, 0, 1, 5]
[4, 0, 1, 3]
0.7692307692307693 0.7857142857142857
itercount --------> 16
[3, 4, 6]
[3, 4, 7]
[3, 4, 0]
[3, 4, 1]
[3, 4, 2]
[3, 4, 5]
[3, 4, 6, 7]
[3, 4, 6, 0]
[3, 4, 6, 1]
[3, 4, 6, 2]
[3, 4, 6, 5]
[3, 4, 6, 7, 0]
[3, 4, 6, 7, 1]
[3, 4, 6, 7, 2]
[3, 4, 6, 7, 5]
[3, 4, 6, 7, 0, 1]
[3, 4, 6, 7, 0, 2]
[3, 4, 6, 7, 0, 5]
[3, 4, 6, 7, 0, 1, 2]
[3, 4, 6, 7, 0, 1, 5]
[3, 4, 6, 7, 0, 1, 2, 5]
failed -> 13 times
after fail n ======> 8
[0, 1, 2, 5, 4, 3, 6, 7]
0.05263157894736842 0.09090909090909091
itercount --------> 1
[4, 0, 1]
0.09090909090909091 0.11475409836065574
itercount --------> 2
[2, 5, 0]
0.11475409836065574 0.21212121212121213
itercount --------> 3
[2, 0, 4]
0.21212121212121213 0.3684210526315789
itercount --------> 4
[4, 3, 6]
[4, 3, 7]
[4, 3, 0]
[4, 3, 2]
[4, 3, 5]
[4, 3, 1]
[4, 3, 6, 7]
[4, 3, 6, 0]
[4, 3, 6, 2]
[4, 3, 6, 5]
[4, 3, 6, 1]
[4, 3, 6, 7, 0]
[4, 3, 6, 7, 2]
[4, 3, 6, 7, 5]
[4, 3, 6, 7, 1]
[4, 3, 6, 7, 0, 2]
0.3684210526315789 0.3793103448275862
itercount --------> 5
[2, 0, 5]
0.3793103448275862 0.55
itercount --------> 6
[0, 2, 5]
[0, 2, 1]
0.55 0.5789473684210527
itercount --------> 7
[0, 2, 5]
[0, 2, 1]
[0, 2, 4]
[0, 2, 3]
[0, 2, 6]
[0, 2, 7]
[0, 2, 5, 1]
0.5789473684210527 0.6875
itercount --------> 8
[0, 1, 2]
[0, 1, 4]
[0, 1, 5]
[0, 1, 3]
[0, 1, 6]
[0, 1, 7]
[0, 1, 2, 4]
[0, 1, 2, 5]
[0, 1, 2, 3]
[0, 1, 2, 6]
[0, 1, 2, 7]
[0, 1, 2, 4, 5]
[0, 1, 2, 4, 3]
0.6875 0.7333333333333333
itercount --------> 9
[4, 0, 2]
[4, 0, 1]
[4, 0, 3]
[4, 0, 5]
[4, 0, 6]
[4, 0, 7]
[4, 0, 2, 1]
[4, 0, 2, 3]
[4, 0, 2, 5]
[4, 0, 2, 6]
[4, 0, 2, 7]
[4, 0, 2, 1, 3]
[4, 0, 2, 1, 5]
[4, 0, 2, 1, 6]
[4, 0, 2, 1, 7]
[4, 0, 2, 1, 3, 5]
[4, 0, 2, 1, 3, 6]
[4, 0, 2, 1, 3, 7]
[4, 0, 2, 1, 3, 5, 6]
[4, 0, 2, 1, 3, 5, 7]
[4, 0, 2, 1, 3, 5, 6, 7]
failed -> 14 times
after fail n ======> 5
[0, 1, 2, 5, 4]
0.05263157894736842 0.10144927536231885
itercount --------> 1
[0, 5, 1]
0.10144927536231885 0.3333333333333333
itercount --------> 2
[4, 0, 1]
[4, 0, 2]
0.3333333333333333 0.3684210526315789
itercount --------> 3
[4, 0, 5]
[4, 0, 3]
[4, 0, 6]
[4, 0, 7]
[4, 0, 1]
[4, 0, 2]
0.3684210526315789 0.4375
itercount --------> 4
[4, 3, 6]
0.4375 0.47058823529411764
itercount --------> 5
[4, 3, 6]
[4, 3, 7]
[4, 3, 0]
[4, 3, 1]
[4, 3, 2]
[4, 3, 5]
[4, 3, 6, 7]
[4, 3, 6, 0]
[4, 3, 6, 1]
0.47058823529411764 0.5625
itercount --------> 6
[4, 3, 6]
[4, 3, 7]
[4, 3, 0]
[4, 3, 1]
[4, 3, 2]
[4, 3, 5]
[4, 3, 6, 7]
[4, 3, 6, 0]
[4, 3, 6, 1]
[4, 3, 6, 2]
[4, 3, 6, 5]
[4, 3, 6, 7, 0]
[4, 3, 6, 7, 1]
[4, 3, 6, 7, 2]
[4, 3, 6, 7, 5]
[4, 3, 6, 7, 0, 1]
0.5625 0.6
itercount --------> 7
[4, 3, 6]
[4, 3, 7]
[4, 3, 0]
[4, 3, 1]
[4, 3, 2]
[4, 3, 5]
[4, 3, 6, 7]
[4, 3, 6, 0]
[4, 3, 6, 1]
[4, 3, 6, 2]
[4, 3, 6, 5]
[4, 3, 6, 7, 0]
[4, 3, 6, 7, 1]
[4, 3, 6, 7, 2]
[4, 3, 6, 7, 5]
[4, 3, 6, 7, 0, 1]
[4, 3, 6, 7, 0, 2]
[4, 3, 6, 7, 0, 5]
[4, 3, 6, 7, 0, 1, 2]
[4, 3, 6, 7, 0, 1, 5]
[4, 3, 6, 7, 0, 1, 2, 5]
failed -> 15 times
after fail n ======> 6
[0, 1, 2, 5, 4, 3]
0.05263157894736842 0.061224489795918366
itercount --------> 1
[0, 2, 5]
0.061224489795918366 0.15789473684210525
itercount --------> 2
[1, 3, 6]
0.15789473684210525 0.2
itercount --------> 3
[1, 0, 2]
0.2 0.29411764705882354
itercount --------> 4
[1, 3, 6]
0.29411764705882354 0.3
itercount --------> 5
[1, 3, 4]
0.3 0.36363636363636365
itercount --------> 6
[1, 4, 3]
[1, 4, 0]
[1, 4, 2]
[1, 4, 5]
[1, 4, 6]
0.36363636363636365 0.3684210526315789
itercount --------> 7
[1, 4, 0]
[1, 4, 2]
[1, 4, 3]
[1, 4, 5]
0.3684210526315789 0.3888888888888889
itercount --------> 8
[1, 4, 7]
[1, 4, 3]
[1, 4, 6]
[1, 4, 0]
[1, 4, 2]
0.3888888888888889 0.4117647058823529
itercount --------> 9
[7, 4, 3]
[7, 4, 6]
[7, 4, 0]
0.4117647058823529 0.5
itercount --------> 10
[7, 4, 3]
[7, 4, 6]
[7, 4, 0]
[7, 4, 1]
[7, 4, 2]
[7, 4, 5]
[7, 4, 3, 6]
[7, 4, 3, 0]
0.5 0.6
itercount --------> 11
[7, 4, 3]
[7, 4, 6]
[7, 4, 0]
[7, 4, 1]
[7, 4, 2]
[7, 4, 5]
[7, 4, 3, 6]
[7, 4, 3, 0]
[7, 4, 3, 1]
[7, 4, 3, 2]
0.6 0.6666666666666666
itercount --------> 12
[4, 6, 7]
[4, 6, 3]
0.6666666666666666 0.6923076923076923
itercount --------> 13
[0, 1, 2]
[0, 1, 5]
[0, 1, 3]
[0, 1, 6]
[0, 1, 7]
[0, 1, 4]
[0, 1, 2, 5]
[0, 1, 2, 3]
[0, 1, 2, 6]
[0, 1, 2, 7]
[0, 1, 2, 4]
[0, 1, 2, 5, 3]
[0, 1, 2, 5, 6]
[0, 1, 2, 5, 7]
[0, 1, 2, 5, 4]
[0, 1, 2, 5, 3, 6]
[0, 1, 2, 5, 3, 7]
[0, 1, 2, 5, 3, 4]
[0, 1, 2, 5, 3, 6, 7]
[0, 1, 2, 5, 3, 6, 4]
[0, 1, 2, 5, 3, 6, 7, 4]
failed -> 16 times
after fail n ======> 7
[0, 1, 2, 5, 4, 3, 6]
0.05263157894736842 0.05555555555555555
itercount --------> 1
[0, 2, 5]
0.05555555555555555 0.16666666666666666
itercount --------> 2
[1, 4, 0]
0.16666666666666666 0.25806451612903225
itercount --------> 3
[0, 1, 4]
0.25806451612903225 0.36363636363636365
itercount --------> 4
[4, 0, 2]
[4, 0, 5]
0.36363636363636365 0.42857142857142855
itercount --------> 5
[0, 2, 5]
[0, 2, 4]
[0, 2, 3]
[0, 2, 6]
0.42857142857142855 0.47058823529411764
itercount --------> 6
[6, 0, 2]
[6, 0, 5]
[6, 0, 3]
[6, 0, 4]
0.47058823529411764 0.5
itercount --------> 7
[4, 3, 6]
[4, 3, 7]
[4, 3, 0]
[4, 3, 1]
[4, 3, 2]
[4, 3, 5]
[4, 3, 6, 7]
[4, 3, 6, 0]
[4, 3, 6, 1]
[4, 3, 6, 2]
[4, 3, 6, 5]
0.5 0.5625
itercount --------> 8
[4, 3, 6]
[4, 3, 7]
[4, 3, 0]
[4, 3, 1]
[4, 3, 2]
[4, 3, 5]
[4, 3, 6, 7]
[4, 3, 6, 0]
[4, 3, 6, 1]
[4, 3, 6, 2]
[4, 3, 6, 5]
[4, 3, 6, 7, 0]
[4, 3, 6, 7, 1]
[4, 3, 6, 7, 2]
[4, 3, 6, 7, 5]
[4, 3, 6, 7, 0, 1]
[4, 3, 6, 7, 0, 2]
[4, 3, 6, 7, 0, 5]
[4, 3, 6, 7, 0, 1, 2]
[4, 3, 6, 7, 0, 1, 5]
[4, 3, 6, 7, 0, 1, 2, 5]
0.5625 0.6
itercount --------> 9
[4, 3, 6]
[4, 3, 7]
[4, 3, 0]
[4, 3, 1]
[4, 3, 2]
[4, 3, 5]
[4, 3, 6, 7]
[4, 3, 6, 0]
[4, 3, 6, 1]
[4, 3, 6, 2]
[4, 3, 6, 5]
[4, 3, 6, 7, 0]
[4, 3, 6, 7, 1]
[4, 3, 6, 7, 2]
[4, 3, 6, 7, 5]
[4, 3, 6, 7, 0, 1]
[4, 3, 6, 7, 0, 2]
[4, 3, 6, 7, 0, 5]
[4, 3, 6, 7, 0, 1, 2]
[4, 3, 6, 7, 0, 1, 5]
[4, 3, 6, 7, 0, 1, 2, 5]
failed -> 17 times
after fail n ======> 8
[0, 1, 2, 5, 4, 3, 6, 7]
0.05263157894736842 0.10144927536231885
itercount --------> 1
[0, 2, 1]
0.10144927536231885 0.1891891891891892
itercount --------> 2
[2, 0, 1]
0.1891891891891892 0.3333333333333333
itercount --------> 3
[4, 0, 1]
[4, 0, 2]
[4, 0, 3]
[4, 0, 5]
0.3333333333333333 0.38095238095238093
itercount --------> 4
[4, 0, 1]
0.38095238095238093 0.42105263157894735
itercount --------> 5
[4, 3, 0]
0.42105263157894735 0.4782608695652174
itercount --------> 6
[0, 5, 2]
[0, 5, 1]
[0, 5, 4]
[0, 5, 3]
[0, 5, 6]
0.4782608695652174 0.5238095238095238
itercount --------> 7
[0, 2, 5]
0.5238095238095238 0.6470588235294118
itercount --------> 8
[0, 2, 4]
[0, 2, 5]
[0, 2, 1]
[0, 2, 3]
[0, 2, 6]
[0, 2, 7]
[0, 2, 4, 5]
0.6470588235294118 0.6875
itercount --------> 9
[0, 2, 4]
[0, 2, 1]
[0, 2, 5]
[0, 2, 3]
[0, 2, 6]
[0, 2, 7]
[0, 2, 4, 1]
0.6875 0.7333333333333333
itercount --------> 10
[4, 0, 1]
[4, 0, 2]
[4, 0, 5]
[4, 0, 3]
[4, 0, 6]
[4, 0, 7]
[4, 0, 1, 2]
[4, 0, 1, 5]
[4, 0, 1, 3]
[4, 0, 1, 6]
[4, 0, 1, 7]
[4, 0, 1, 2, 5]
[4, 0, 1, 2, 3]
[4, 0, 1, 2, 6]
[4, 0, 1, 2, 7]
[4, 0, 1, 2, 5, 3]
0.7333333333333333 0.7857142857142857
itercount --------> 11
[4, 0, 1]
[4, 0, 2]
[4, 0, 3]
[4, 0, 5]
[4, 0, 6]
[4, 0, 7]
[4, 0, 1, 2]
[4, 0, 1, 3]
[4, 0, 1, 5]
[4, 0, 1, 6]
[4, 0, 1, 7]
[4, 0, 1, 2, 3]
[4, 0, 1, 2, 5]
[4, 0, 1, 2, 6]
[4, 0, 1, 2, 7]
[4, 0, 1, 2, 3, 5]
[4, 0, 1, 2, 3, 6]
[4, 0, 1, 2, 3, 7]
[4, 0, 1, 2, 3, 5, 6]
[4, 0, 1, 2, 3, 5, 7]
[4, 0, 1, 2, 3, 5, 6, 7]
failed -> 18 times
after fail n ======> 5
[0, 1, 2, 5, 4]
0.05263157894736842 0.10144927536231885
itercount --------> 1
[1, 5, 0]
0.10144927536231885 0.1891891891891892
itercount --------> 2
[0, 1, 2]
0.1891891891891892 0.3333333333333333
itercount --------> 3
[4, 0, 1]
0.3333333333333333 0.38095238095238093
itercount --------> 4
[4, 0, 1]
[4, 0, 2]
[4, 0, 5]
0.38095238095238093 0.4375
itercount --------> 5
[4, 3, 6]
0.4375 0.4444444444444444
itercount --------> 6
[4, 3, 6]
[4, 3, 0]
0.4444444444444444 0.47368421052631576
itercount --------> 7
[0, 4, 3]
[0, 4, 1]
[0, 4, 2]
[0, 4, 5]
0.47368421052631576 0.5294117647058824
itercount --------> 8
[4, 3, 7]
0.5294117647058824 0.5882352941176471
itercount --------> 9
[0, 1, 2]
[0, 1, 5]
[0, 1, 6]
[0, 1, 7]
[0, 1, 4]
[0, 1, 3]
[0, 1, 2, 5]
[0, 1, 2, 6]
[0, 1, 2, 7]
[0, 1, 2, 4]
[0, 1, 2, 3]
[0, 1, 2, 5, 6]
0.5882352941176471 0.6666666666666666
itercount --------> 10
[6, 7, 4]
[6, 7, 0]
[6, 7, 1]
[6, 7, 2]
[6, 7, 5]
[6, 7, 3]
[6, 7, 4, 0]
[6, 7, 4, 1]
[6, 7, 4, 2]
[6, 7, 4, 5]
[6, 7, 4, 3]
[6, 7, 4, 0, 1]
[6, 7, 4, 0, 2]
[6, 7, 4, 0, 5]
[6, 7, 4, 0, 3]
[6, 7, 4, 0, 1, 2]
[6, 7, 4, 0, 1, 5]
[6, 7, 4, 0, 1, 3]
[6, 7, 4, 0, 1, 2, 5]
[6, 7, 4, 0, 1, 2, 3]
[6, 7, 4, 0, 1, 2, 5, 3]
failed -> 19 times
after fail n ======> 6
[0, 1, 2, 5, 4, 3]
0.05263157894736842 0.10144927536231885
itercount --------> 1
[1, 5, 0]
0.10144927536231885 0.1891891891891892
itercount --------> 2
[1, 0, 2]
[1, 0, 5]
0.1891891891891892 0.3333333333333333
itercount --------> 3
[4, 0, 1]
0.3333333333333333 0.3684210526315789
itercount --------> 4
[1, 4, 3]
[1, 4, 6]
[1, 4, 7]
[1, 4, 0]
0.3684210526315789 0.38095238095238093
itercount --------> 5
[4, 0, 1]
0.38095238095238093 0.4375
itercount --------> 6
[4, 3, 6]
0.4375 0.47058823529411764
itercount --------> 7
[4, 3, 6]
[4, 3, 7]
[4, 3, 0]
[4, 3, 1]
[4, 3, 2]
[4, 3, 5]
[4, 3, 6, 7]
[4, 3, 6, 0]
[4, 3, 6, 1]
[4, 3, 6, 2]
[4, 3, 6, 5]
[4, 3, 6, 7, 0]
0.47058823529411764 0.5625
itercount --------> 8
[4, 3, 6]
[4, 3, 7]
[4, 3, 0]
[4, 3, 1]
[4, 3, 2]
[4, 3, 5]
[4, 3, 6, 7]
[4, 3, 6, 0]
[4, 3, 6, 1]
[4, 3, 6, 2]
[4, 3, 6, 5]
[4, 3, 6, 7, 0]
[4, 3, 6, 7, 1]
[4, 3, 6, 7, 2]
[4, 3, 6, 7, 5]
[4, 3, 6, 7, 0, 1]
[4, 3, 6, 7, 0, 2]
[4, 3, 6, 7, 0, 5]
0.5625 0.6
itercount --------> 9
[4, 3, 6]
[4, 3, 7]
[4, 3, 0]
[4, 3, 1]
[4, 3, 2]
[4, 3, 5]
[4, 3, 6, 7]
[4, 3, 6, 0]
[4, 3, 6, 1]
[4, 3, 6, 2]
[4, 3, 6, 5]
[4, 3, 6, 7, 0]
[4, 3, 6, 7, 1]
[4, 3, 6, 7, 2]
[4, 3, 6, 7, 5]
[4, 3, 6, 7, 0, 1]
[4, 3, 6, 7, 0, 2]
[4, 3, 6, 7, 0, 5]
[4, 3, 6, 7, 0, 1, 2]
[4, 3, 6, 7, 0, 1, 5]
[4, 3, 6, 7, 0, 1, 2, 5]
failed -> 20 times
after fail n ======> 7
[0, 1, 2, 5, 4, 3, 6]
0.05263157894736842 0.1891891891891892
itercount --------> 1
[0, 1, 2]
0.1891891891891892 0.3333333333333333
itercount --------> 2
[4, 0, 1]
0.3333333333333333 0.3684210526315789
itercount --------> 3
[1, 4, 3]
[1, 4, 6]
[1, 4, 7]
[1, 4, 0]
0.3684210526315789 0.4375
itercount --------> 4
[4, 3, 6]
[4, 3, 7]
[4, 3, 0]
0.4375 0.5
itercount --------> 5
[0, 1, 2]
[0, 1, 5]
[0, 1, 4]
[0, 1, 3]
[0, 1, 6]
0.5 0.5238095238095238
itercount --------> 6
[1, 0, 2]
[1, 0, 5]
0.5238095238095238 0.6111111111111112
itercount --------> 7
[0, 1, 2]
[0, 1, 5]
[0, 1, 4]
[0, 1, 3]
0.6111111111111112 0.6470588235294118
itercount --------> 8
[1, 0, 2]
[1, 0, 4]
[1, 0, 5]
[1, 0, 3]
[1, 0, 6]
[1, 0, 7]
[1, 0, 2, 4]
[1, 0, 2, 5]
[1, 0, 2, 3]
0.6470588235294118 0.6875
itercount --------> 9
[1, 4, 0]
[1, 4, 2]
[1, 4, 5]
[1, 4, 3]
[1, 4, 6]
[1, 4, 7]
[1, 4, 0, 2]
0.6875 0.7333333333333333
itercount --------> 10
[4, 1, 0]
[4, 1, 2]
[4, 1, 3]
[4, 1, 5]
[4, 1, 6]
[4, 1, 7]
[4, 1, 0, 2]
[4, 1, 0, 3]
[4, 1, 0, 5]
[4, 1, 0, 6]
[4, 1, 0, 7]
[4, 1, 0, 2, 3]
[4, 1, 0, 2, 5]
[4, 1, 0, 2, 6]
[4, 1, 0, 2, 7]
[4, 1, 0, 2, 3, 5]
[4, 1, 0, 2, 3, 6]
[4, 1, 0, 2, 3, 7]
[4, 1, 0, 2, 3, 5, 6]
[4, 1, 0, 2, 3, 5, 7]
0.7333333333333333 0.7857142857142857
itercount --------> 11
[4, 0, 1]
[4, 0, 2]
[4, 0, 3]
[4, 0, 5]
[4, 0, 6]
[4, 0, 7]
[4, 0, 1, 2]
[4, 0, 1, 3]
[4, 0, 1, 5]
[4, 0, 1, 6]
[4, 0, 1, 7]
[4, 0, 1, 2, 3]
[4, 0, 1, 2, 5]
[4, 0, 1, 2, 6]
[4, 0, 1, 2, 7]
[4, 0, 1, 2, 3, 5]
[4, 0, 1, 2, 3, 6]
[4, 0, 1, 2, 3, 7]
[4, 0, 1, 2, 3, 5, 6]
[4, 0, 1, 2, 3, 5, 7]
[4, 0, 1, 2, 3, 5, 6, 7]
failed -> 21 times
after fail n ======> 8
[0, 1, 2, 5, 4, 3, 6, 7]
0.05263157894736842 0.058823529411764705
itercount --------> 1
[0, 2, 1]
[0, 2, 5]
[0, 2, 4]
[0, 2, 3]
0.058823529411764705 0.07317073170731707
itercount --------> 2
[0, 2, 1]
0.07317073170731707 0.09090909090909091
itercount --------> 3
[0, 1, 5]
0.09090909090909091 0.17647058823529413
itercount --------> 4
[0, 2, 1]
[0, 2, 5]
[0, 2, 4]
[0, 2, 6]
[0, 2, 3]
0.17647058823529413 0.2
itercount --------> 5
[0, 1, 2]
[0, 1, 5]
[0, 1, 4]
0.2 0.21052631578947367
itercount --------> 6
[1, 2, 4]
0.21052631578947367 0.3076923076923077
itercount --------> 7
[2, 1, 4]
0.3076923076923077 0.4444444444444444
itercount --------> 8
[6, 1, 2]
0.4444444444444444 0.4583333333333333
itercount --------> 9
[1, 2, 4]
[1, 2, 0]
[1, 2, 3]
[1, 2, 5]
[1, 2, 6]
0.4583333333333333 0.47619047619047616
itercount --------> 10
[2, 4, 7]
[2, 4, 1]
[2, 4, 3]
0.47619047619047616 0.5333333333333333
itercount --------> 11
[2, 4, 3]
[2, 4, 6]
[2, 4, 7]
0.5333333333333333 0.5625
itercount --------> 12
[2, 4, 3]
[2, 4, 7]
[2, 4, 0]
[2, 4, 1]
[2, 4, 5]
[2, 4, 6]
[2, 4, 3, 7]
[2, 4, 3, 0]
[2, 4, 3, 1]
[2, 4, 3, 5]
[2, 4, 3, 6]
[2, 4, 3, 7, 0]
[2, 4, 3, 7, 1]
[2, 4, 3, 7, 5]
0.5625 0.6
itercount --------> 13
[2, 7, 4]
0.6 0.6875
itercount --------> 14
[2, 4, 0]
[2, 4, 1]
[2, 4, 5]
[2, 4, 3]
[2, 4, 6]
[2, 4, 7]
[2, 4, 0, 1]
[2, 4, 0, 5]
[2, 4, 0, 3]
[2, 4, 0, 6]
[2, 4, 0, 7]
[2, 4, 0, 1, 5]
[2, 4, 0, 1, 3]
[2, 4, 0, 1, 6]
[2, 4, 0, 1, 7]
[2, 4, 0, 1, 5, 3]
[2, 4, 0, 1, 5, 6]
[2, 4, 0, 1, 5, 7]
[2, 4, 0, 1, 5, 3, 6]
[2, 4, 0, 1, 5, 3, 7]
[2, 4, 0, 1, 5, 3, 6, 7]
failed -> 22 times
after fail n ======> 5
[0, 1, 2, 5, 4]
0.05263157894736842 0.09090909090909091
itercount --------> 1
[4, 2, 5]
0.09090909090909091 0.11475409836065574
itercount --------> 2
[0, 1, 2]
0.11475409836065574 0.3684210526315789
itercount --------> 3
[4, 3, 6]
[4, 3, 7]
[4, 3, 0]
[4, 3, 1]
[4, 3, 2]
[4, 3, 5]
[4, 3, 6, 7]
[4, 3, 6, 0]
[4, 3, 6, 1]
[4, 3, 6, 2]
[4, 3, 6, 5]
[4, 3, 6, 7, 0]
[4, 3, 6, 7, 1]
[4, 3, 6, 7, 2]
[4, 3, 6, 7, 5]
[4, 3, 6, 7, 0, 1]
0.3684210526315789 0.42105263157894735
itercount --------> 4
[4, 0, 1]
0.42105263157894735 0.55
itercount --------> 5
[1, 0, 2]
[1, 0, 4]
[1, 0, 5]
0.55 0.6470588235294118
itercount --------> 6
[1, 0, 2]
[1, 0, 4]
[1, 0, 5]
0.6470588235294118 0.6875
itercount --------> 7
[0, 1, 2]
[0, 1, 4]
[0, 1, 5]
[0, 1, 3]
[0, 1, 6]
[0, 1, 7]
[0, 1, 2, 4]
[0, 1, 2, 5]
[0, 1, 2, 3]
[0, 1, 2, 6]
0.6875 0.7333333333333333
itercount --------> 8
[4, 0, 1]
[4, 0, 2]
[4, 0, 5]
[4, 0, 3]
[4, 0, 6]
[4, 0, 7]
[4, 0, 1, 2]
[4, 0, 1, 5]
[4, 0, 1, 3]
[4, 0, 1, 6]
[4, 0, 1, 7]
[4, 0, 1, 2, 5]
[4, 0, 1, 2, 3]
[4, 0, 1, 2, 6]
[4, 0, 1, 2, 7]
[4, 0, 1, 2, 5, 3]
[4, 0, 1, 2, 5, 6]
[4, 0, 1, 2, 5, 7]
[4, 0, 1, 2, 5, 3, 6]
[4, 0, 1, 2, 5, 3, 7]
[4, 0, 1, 2, 5, 3, 6, 7]
failed -> 23 times
after fail n ======> 6
[0, 1, 2, 5, 4, 3]
0.05263157894736842 0.07142857142857142
itercount --------> 1
[2, 0, 1]
0.07142857142857142 0.125
itercount --------> 2
[2, 0, 1]
0.125 0.38095238095238093
itercount --------> 3
[4, 0, 1]
0.38095238095238093 0.44
itercount --------> 4
[1, 2, 0]
[1, 2, 5]
[1, 2, 4]
[1, 2, 3]
[1, 2, 6]
[1, 2, 7]
0.44 0.4583333333333333
itercount --------> 5
[1, 0, 2]
[1, 0, 5]
0.4583333333333333 0.5238095238095238
itercount --------> 6
[1, 0, 2]
[1, 0, 5]
0.5238095238095238 0.6111111111111112
itercount --------> 7
[0, 1, 2]
[0, 1, 5]
[0, 1, 4]
[0, 1, 3]
0.6111111111111112 0.6875
itercount --------> 8
[1, 4, 0]
[1, 4, 2]
[1, 4, 5]
[1, 4, 3]
[1, 4, 6]
[1, 4, 7]
[1, 4, 0, 2]
[1, 4, 0, 5]
[1, 4, 0, 3]
[1, 4, 0, 6]
[1, 4, 0, 7]
[1, 4, 0, 2, 5]
[1, 4, 0, 2, 3]
[1, 4, 0, 2, 6]
[1, 4, 0, 2, 7]
[1, 4, 0, 2, 5, 3]
[1, 4, 0, 2, 5, 6]
[1, 4, 0, 2, 5, 7]
[1, 4, 0, 2, 5, 3, 6]
[1, 4, 0, 2, 5, 3, 7]
[1, 4, 0, 2, 5, 3, 6, 7]
failed -> 24 times
after fail n ======> 7
[0, 1, 2, 5, 4, 3, 6]
0.05263157894736842 0.09090909090909091
itercount --------> 1
[3, 2, 5]
0.09090909090909091 0.14285714285714285
itercount --------> 2
[3, 2, 6]
0.14285714285714285 0.15
itercount --------> 3
[3, 4, 2]
[3, 4, 5]
[3, 4, 6]
0.15 0.2
itercount --------> 4
[0, 1, 2]
[0, 1, 5]
[0, 1, 3]
0.2 0.22580645161290322
itercount --------> 5
[2, 5, 4]
0.22580645161290322 0.2962962962962963
itercount --------> 6
[5, 4, 0]
0.2962962962962963 0.30434782608695654
itercount --------> 7
[1, 3, 4]
[1, 3, 6]
[1, 3, 7]
[1, 3, 0]
[1, 3, 2]
0.30434782608695654 0.4
itercount --------> 8
[0, 1, 4]
0.4 0.4583333333333333
itercount --------> 9
[1, 0, 2]
0.4583333333333333 0.6111111111111112
itercount --------> 10
[1, 0, 2]
[1, 0, 4]
0.6111111111111112 0.6470588235294118
itercount --------> 11
[0, 1, 2]
[0, 1, 4]
[0, 1, 5]
[0, 1, 3]
[0, 1, 6]
[0, 1, 7]
[0, 1, 2, 4]
0.6470588235294118 0.7333333333333333
itercount --------> 12
[4, 0, 1]
[4, 0, 2]
[4, 0, 3]
[4, 0, 5]
[4, 0, 6]
[4, 0, 7]
[4, 0, 1, 2]
[4, 0, 1, 3]
[4, 0, 1, 5]
0.7333333333333333 0.7857142857142857
itercount --------> 13
[4, 0, 1]
[4, 0, 2]
[4, 0, 3]
[4, 0, 5]
[4, 0, 6]
[4, 0, 7]
[4, 0, 1, 2]
[4, 0, 1, 3]
[4, 0, 1, 5]
[4, 0, 1, 6]
[4, 0, 1, 7]
[4, 0, 1, 2, 3]
[4, 0, 1, 2, 5]
[4, 0, 1, 2, 6]
[4, 0, 1, 2, 7]
[4, 0, 1, 2, 3, 5]
[4, 0, 1, 2, 3, 6]
[4, 0, 1, 2, 3, 7]
[4, 0, 1, 2, 3, 5, 6]
[4, 0, 1, 2, 3, 5, 7]
[4, 0, 1, 2, 3, 5, 6, 7]
failed -> 25 times
after fail n ======> 8
[0, 1, 2, 5, 4, 3, 6, 7]
0.05263157894736842 0.061224489795918366
itercount --------> 1
[5, 0, 1]
0.061224489795918366 0.1
itercount --------> 2
[5, 1, 2]
0.1 0.16666666666666666
itercount --------> 3
[5, 0, 3]
0.16666666666666666 0.18181818181818182
itercount --------> 4
[0, 5, 3]
0.18181818181818182 0.20754716981132076
itercount --------> 5
[1, 2, 0]
0.20754716981132076 0.3548387096774194
itercount --------> 6
[5, 0, 1]
0.3548387096774194 0.5
itercount --------> 7
[0, 5, 1]
[0, 5, 2]
[0, 5, 4]
[0, 5, 3]
[0, 5, 6]
0.5 0.5238095238095238
itercount --------> 8
[5, 0, 1]
[5, 0, 2]
0.5238095238095238 0.6111111111111112
itercount --------> 9
[0, 1, 2]
[0, 1, 5]
[0, 1, 4]
[0, 1, 3]
0.6111111111111112 0.6470588235294118
itercount --------> 10
[1, 5, 0]
[1, 5, 2]
[1, 5, 4]
[1, 5, 3]
[1, 5, 6]
[1, 5, 7]
[1, 5, 0, 2]
0.6470588235294118 0.6875
itercount --------> 11
[0, 1, 2]
[0, 1, 4]
[0, 1, 5]
[0, 1, 3]
[0, 1, 6]
[0, 1, 7]
[0, 1, 2, 4]
0.6875 0.7333333333333333
itercount --------> 12
[4, 0, 1]
[4, 0, 2]
[4, 0, 5]
[4, 0, 3]
[4, 0, 6]
[4, 0, 7]
[4, 0, 1, 2]
[4, 0, 1, 5]
[4, 0, 1, 3]
[4, 0, 1, 6]
[4, 0, 1, 7]
[4, 0, 1, 2, 5]
[4, 0, 1, 2, 3]
[4, 0, 1, 2, 6]
[4, 0, 1, 2, 7]
[4, 0, 1, 2, 5, 3]
[4, 0, 1, 2, 5, 6]
[4, 0, 1, 2, 5, 7]
0.7333333333333333 0.7857142857142857
itercount --------> 13
[4, 0, 1]
[4, 0, 2]
[4, 0, 3]
[4, 0, 5]
[4, 0, 6]
[4, 0, 7]
[4, 0, 1, 2]
[4, 0, 1, 3]
[4, 0, 1, 5]
[4, 0, 1, 6]
[4, 0, 1, 7]
[4, 0, 1, 2, 3]
[4, 0, 1, 2, 5]
[4, 0, 1, 2, 6]
[4, 0, 1, 2, 7]
[4, 0, 1, 2, 3, 5]
[4, 0, 1, 2, 3, 6]
[4, 0, 1, 2, 3, 7]
[4, 0, 1, 2, 3, 5, 6]
[4, 0, 1, 2, 3, 5, 7]
[4, 0, 1, 2, 3, 5, 6, 7]
failed -> 26 times
after fail n ======> 5
[0, 1, 2, 5, 4]
0.05263157894736842 0.09090909090909091
itercount --------> 1
[0, 2, 1]
0.09090909090909091 0.2
itercount --------> 2
[0, 1, 2]
[0, 1, 5]
[0, 1, 4]
0.2 0.3684210526315789
itercount --------> 3
[4, 1, 5]
[4, 1, 3]
[4, 1, 6]
[4, 1, 7]
[4, 1, 0]
[4, 1, 2]
[4, 1, 5, 3]
0.3684210526315789 0.4074074074074074
itercount --------> 4
[5, 1, 0]
0.4074074074074074 0.4583333333333333
itercount --------> 5
[5, 1, 0]
[5, 1, 2]
0.4583333333333333 0.55
itercount --------> 6
[1, 5, 0]
[1, 5, 2]
0.55 0.6470588235294118
itercount --------> 7
[1, 5, 0]
0.6470588235294118 0.6875
itercount --------> 8
[0, 1, 2]
[0, 1, 4]
[0, 1, 5]
[0, 1, 3]
[0, 1, 6]
[0, 1, 7]
[0, 1, 2, 4]
[0, 1, 2, 5]
[0, 1, 2, 3]
0.6875 0.7333333333333333
itercount --------> 9
[4, 1, 2]
[4, 1, 5]
[4, 1, 0]
[4, 1, 3]
[4, 1, 6]
[4, 1, 7]
[4, 1, 2, 5]
[4, 1, 2, 0]
[4, 1, 2, 3]
[4, 1, 2, 6]
[4, 1, 2, 7]
[4, 1, 2, 5, 0]
0.7333333333333333 0.7857142857142857
itercount --------> 10
[4, 0, 1]
[4, 0, 2]
[4, 0, 3]
[4, 0, 5]
[4, 0, 6]
[4, 0, 7]
[4, 0, 1, 2]
[4, 0, 1, 3]
[4, 0, 1, 5]
[4, 0, 1, 6]
[4, 0, 1, 7]
[4, 0, 1, 2, 3]
[4, 0, 1, 2, 5]
[4, 0, 1, 2, 6]
[4, 0, 1, 2, 7]
[4, 0, 1, 2, 3, 5]
[4, 0, 1, 2, 3, 6]
[4, 0, 1, 2, 3, 7]
[4, 0, 1, 2, 3, 5, 6]
[4, 0, 1, 2, 3, 5, 7]
[4, 0, 1, 2, 3, 5, 6, 7]
failed -> 27 times
after fail n ======> 6
[0, 1, 2, 5, 4, 3]
0.05263157894736842 0.061224489795918366
itercount --------> 1
[0, 1, 5]
[0, 1, 3]
[0, 1, 2]
[0, 1, 6]
0.061224489795918366 0.08571428571428572
itercount --------> 2
[2, 5, 3]
0.08571428571428572 0.125
itercount --------> 3
[3, 1, 4]
[3, 1, 6]
0.125 0.13333333333333333
itercount --------> 4
[3, 0, 1]
0.13333333333333333 0.14285714285714285
itercount --------> 5
[3, 2, 5]
0.14285714285714285 0.15384615384615385
itercount --------> 6
[3, 6, 0]
[3, 6, 1]
0.15384615384615385 0.21428571428571427
itercount --------> 7
[3, 4, 6]
[3, 4, 7]
0.21428571428571427 0.29411764705882354
itercount --------> 8
[3, 4, 6]
[3, 4, 7]
[3, 4, 0]
0.29411764705882354 0.3125
itercount --------> 9
[3, 4, 6]
[3, 4, 7]
[3, 4, 0]
[3, 4, 1]
[3, 4, 2]
[3, 4, 5]
[3, 4, 6, 7]
0.3125 0.3333333333333333
itercount --------> 10
[3, 4, 7]
0.3333333333333333 0.35714285714285715
itercount --------> 11
[0, 2, 5]
[0, 2, 3]
[0, 2, 4]
[0, 2, 1]
[0, 2, 6]
[0, 2, 7]
[0, 2, 5, 3]
[0, 2, 5, 4]
[0, 2, 5, 1]
0.35714285714285715 0.38461538461538464
itercount --------> 12
[3, 0, 1]
[3, 0, 2]
[3, 0, 5]
[3, 0, 4]
[3, 0, 6]
[3, 0, 7]
[3, 0, 1, 2]
0.38461538461538464 0.4
itercount --------> 13
[0, 1, 6]
[0, 1, 2]
[0, 1, 3]
[0, 1, 4]
[0, 1, 7]
[0, 1, 5]
0.4 0.5333333333333333
itercount --------> 14
[2, 6, 0]
[2, 6, 1]
0.5333333333333333 0.6153846153846154
itercount --------> 15
[0, 1, 2]
[0, 1, 5]
[0, 1, 6]
[0, 1, 4]
[0, 1, 7]
[0, 1, 3]
[0, 1, 2, 5]
[0, 1, 2, 6]
[0, 1, 2, 4]
[0, 1, 2, 7]
[0, 1, 2, 3]
[0, 1, 2, 5, 6]
[0, 1, 2, 5, 4]
[0, 1, 2, 5, 7]
[0, 1, 2, 5, 3]
[0, 1, 2, 5, 6, 4]
[0, 1, 2, 5, 6, 7]
[0, 1, 2, 5, 6, 3]
[0, 1, 2, 5, 6, 4, 7]
[0, 1, 2, 5, 6, 4, 3]
[0, 1, 2, 5, 6, 4, 7, 3]
failed -> 28 times
after fail n ======> 7
[0, 1, 2, 5, 4, 3, 6]
0.05263157894736842 0.09090909090909091
itercount --------> 1
[4, 1, 2]
0.09090909090909091 0.11475409836065574
itercount --------> 2
[0, 5, 1]
0.11475409836065574 0.3684210526315789
itercount --------> 3
[4, 3, 6]
[4, 3, 7]
[4, 3, 0]
[4, 3, 1]
[4, 3, 5]
[4, 3, 2]
[4, 3, 6, 7]
[4, 3, 6, 0]
[4, 3, 6, 1]
[4, 3, 6, 5]
[4, 3, 6, 2]
[4, 3, 6, 7, 0]
[4, 3, 6, 7, 1]
[4, 3, 6, 7, 5]
[4, 3, 6, 7, 2]
[4, 3, 6, 7, 0, 1]
[4, 3, 6, 7, 0, 5]
0.3684210526315789 0.3793103448275862
itercount --------> 4
[5, 0, 1]
[5, 0, 2]
0.3793103448275862 0.4782608695652174
itercount --------> 5
[5, 0, 1]
0.4782608695652174 0.5789473684210527
itercount --------> 6
[0, 1, 5]
[0, 1, 2]
[0, 1, 4]
[0, 1, 3]
0.5789473684210527 0.6470588235294118
itercount --------> 7
[1, 5, 0]
[1, 5, 4]
0.6470588235294118 0.7333333333333333
itercount --------> 8
[4, 5, 0]
[4, 5, 1]
[4, 5, 2]
0.7333333333333333 0.7857142857142857
itercount --------> 9
[4, 0, 1]
[4, 0, 2]
[4, 0, 3]
[4, 0, 5]
[4, 0, 6]
[4, 0, 7]
[4, 0, 1, 2]
[4, 0, 1, 3]
[4, 0, 1, 5]
[4, 0, 1, 6]
[4, 0, 1, 7]
[4, 0, 1, 2, 3]
[4, 0, 1, 2, 5]
[4, 0, 1, 2, 6]
[4, 0, 1, 2, 7]
[4, 0, 1, 2, 3, 5]
[4, 0, 1, 2, 3, 6]
[4, 0, 1, 2, 3, 7]
[4, 0, 1, 2, 3, 5, 6]
[4, 0, 1, 2, 3, 5, 7]
[4, 0, 1, 2, 3, 5, 6, 7]
failed -> 29 times
after fail n ======> 8
[0, 1, 2, 5, 4, 3, 6, 7]
0.05263157894736842 0.05555555555555555
itercount --------> 1
[0, 1, 2]
0.05555555555555555 0.16666666666666666
itercount --------> 2
[5, 6, 7]
0.16666666666666666 0.17647058823529413
itercount --------> 3
[5, 6, 7]
0.17647058823529413 0.18181818181818182
itercount --------> 4
[5, 0, 1]
0.18181818181818182 0.3333333333333333
itercount --------> 5
[0, 1, 2]
[0, 1, 4]
0.3333333333333333 0.36363636363636365
itercount --------> 6
[4, 0, 5]
[4, 0, 3]
[4, 0, 6]
[4, 0, 7]
[4, 0, 1]
[4, 0, 2]
[4, 0, 5, 3]
[4, 0, 5, 6]
0.36363636363636365 0.4
itercount --------> 7
[5, 6, 0]
0.4 0.4117647058823529
itercount --------> 8
[0, 5, 6]
[0, 5, 4]
[0, 5, 3]
[0, 5, 1]
[0, 5, 2]
[0, 5, 7]
[0, 5, 6, 4]
0.4117647058823529 0.4444444444444444
itercount --------> 9
[4, 5, 6]
[4, 5, 3]
[4, 5, 7]
[4, 5, 0]
0.4444444444444444 0.5
itercount --------> 10
[4, 6, 3]
[4, 6, 7]
[4, 6, 0]
[4, 6, 1]
[4, 6, 2]
[4, 6, 5]
[4, 6, 3, 7]
[4, 6, 3, 0]
[4, 6, 3, 1]
[4, 6, 3, 2]
[4, 6, 3, 5]
[4, 6, 3, 7, 0]
[4, 6, 3, 7, 1]
[4, 6, 3, 7, 2]
[4, 6, 3, 7, 5]
[4, 6, 3, 7, 0, 1]
[4, 6, 3, 7, 0, 2]
[4, 6, 3, 7, 0, 5]
[4, 6, 3, 7, 0, 1, 2]
[4, 6, 3, 7, 0, 1, 5]
[4, 6, 3, 7, 0, 1, 2, 5]
failed -> 30 times
after fail n ======> 5
[0, 1, 2, 5, 4]
0.05263157894736842 0.10144927536231885
itercount --------> 1
[0, 1, 2]
0.10144927536231885 0.1891891891891892
itercount --------> 2
[0, 1, 2]
0.1891891891891892 0.3333333333333333
itercount --------> 3
[4, 0, 1]
0.3333333333333333 0.3684210526315789
itercount --------> 4
[1, 4, 3]
[1, 4, 6]
[1, 4, 7]
[1, 4, 0]
[1, 4, 2]
0.3684210526315789 0.42105263157894735
itercount --------> 5
[4, 3, 1]
0.42105263157894735 0.5625
itercount --------> 6
[4, 1, 3]
[4, 1, 6]
[4, 1, 7]
[4, 1, 2]
[4, 1, 5]
0.5625 0.6
itercount --------> 7
[4, 6, 7]
[4, 6, 3]
[4, 6, 1]
[4, 6, 2]
[4, 6, 5]
[4, 6, 0]
[4, 6, 7, 3]
[4, 6, 7, 1]
[4, 6, 7, 2]
[4, 6, 7, 5]
[4, 6, 7, 0]
[4, 6, 7, 3, 1]
[4, 6, 7, 3, 2]
[4, 6, 7, 3, 5]
[4, 6, 7, 3, 0]
[4, 6, 7, 3, 1, 2]
[4, 6, 7, 3, 1, 5]
[4, 6, 7, 3, 1, 0]
[4, 6, 7, 3, 1, 2, 5]
[4, 6, 7, 3, 1, 2, 0]
[4, 6, 7, 3, 1, 2, 5, 0]
0.6 0.6428571428571429
itercount --------> 8
[4, 6, 7]
[4, 6, 3]
[4, 6, 0]
[4, 6, 1]
0.6428571428571429 0.6666666666666666
itercount --------> 9
[3, 6, 4]
0.6666666666666666 0.6875
itercount --------> 10
[0, 1, 2]
[0, 1, 4]
[0, 1, 5]
[0, 1, 3]
[0, 1, 6]
[0, 1, 7]
[0, 1, 2, 4]
[0, 1, 2, 5]
[0, 1, 2, 3]
[0, 1, 2, 6]
[0, 1, 2, 7]
[0, 1, 2, 4, 5]
[0, 1, 2, 4, 3]
[0, 1, 2, 4, 6]
[0, 1, 2, 4, 7]
[0, 1, 2, 4, 5, 3]
0.6875 0.7333333333333333
itercount --------> 11
[4, 1, 2]
[4, 1, 0]
0.7333333333333333 0.7857142857142857
itercount --------> 12
[4, 0, 1]
[4, 0, 2]
[4, 0, 3]
[4, 0, 5]
[4, 0, 6]
[4, 0, 7]
[4, 0, 1, 2]
[4, 0, 1, 3]
[4, 0, 1, 5]
[4, 0, 1, 6]
[4, 0, 1, 7]
[4, 0, 1, 2, 3]
[4, 0, 1, 2, 5]
[4, 0, 1, 2, 6]
[4, 0, 1, 2, 7]
[4, 0, 1, 2, 3, 5]
[4, 0, 1, 2, 3, 6]
[4, 0, 1, 2, 3, 7]
[4, 0, 1, 2, 3, 5, 6]
[4, 0, 1, 2, 3, 5, 7]
[4, 0, 1, 2, 3, 5, 6, 7]
failed -> 31 times
after fail n ======> 6
[0, 1, 2, 5, 4, 3]
0.05263157894736842 0.061224489795918366
itercount --------> 1
[0, 1, 2]
0.061224489795918366 0.15789473684210525
itercount --------> 2
[5, 3, 6]
0.15789473684210525 0.2
itercount --------> 3
[5, 0, 1]
0.2 0.29411764705882354
itercount --------> 4
[5, 3, 6]
0.29411764705882354 0.3
itercount --------> 5
[5, 4, 3]
[5, 4, 6]
[5, 4, 0]
[5, 4, 1]
0.3 0.35294117647058826
itercount --------> 6
[5, 6, 3]
0.35294117647058826 0.35714285714285715
itercount --------> 7
[3, 4, 6]
[3, 4, 7]
0.35714285714285715 0.47058823529411764
itercount --------> 8
[3, 4, 6]
[3, 4, 7]
[3, 4, 0]
[3, 4, 1]
[3, 4, 2]
[3, 4, 5]
[3, 4, 6, 7]
0.47058823529411764 0.6
itercount --------> 9
[3, 6, 0]
[3, 6, 1]
[3, 6, 2]
[3, 6, 4]
[3, 6, 5]
[3, 6, 7]
[3, 6, 0, 1]
[3, 6, 0, 2]
[3, 6, 0, 4]
[3, 6, 0, 5]
[3, 6, 0, 7]
[3, 6, 0, 1, 2]
[3, 6, 0, 1, 4]
[3, 6, 0, 1, 5]
[3, 6, 0, 1, 7]
[3, 6, 0, 1, 2, 4]
[3, 6, 0, 1, 2, 5]
[3, 6, 0, 1, 2, 7]
0.6 0.6428571428571429
itercount --------> 10
[3, 6, 4]
[3, 6, 7]
[3, 6, 0]
[3, 6, 1]
[3, 6, 2]
[3, 6, 5]
[3, 6, 4, 7]
[3, 6, 4, 0]
[3, 6, 4, 1]
[3, 6, 4, 2]
[3, 6, 4, 5]
[3, 6, 4, 7, 0]
[3, 6, 4, 7, 1]
[3, 6, 4, 7, 2]
[3, 6, 4, 7, 5]
[3, 6, 4, 7, 0, 1]
[3, 6, 4, 7, 0, 2]
[3, 6, 4, 7, 0, 5]
[3, 6, 4, 7, 0, 1, 2]
[3, 6, 4, 7, 0, 1, 5]
[3, 6, 4, 7, 0, 1, 2, 5]
failed -> 32 times
after fail n ======> 7
[0, 1, 2, 5, 4, 3, 6]
0.05263157894736842 0.09090909090909091
itercount --------> 1
[1, 2, 3]
0.09090909090909091 0.21212121212121213
itercount --------> 2
[2, 0, 5]
0.21212121212121213 0.3684210526315789
itercount --------> 3
[4, 3, 6]
[4, 3, 7]
[4, 3, 0]
[4, 3, 2]
[4, 3, 5]
[4, 3, 1]
[4, 3, 6, 7]
[4, 3, 6, 0]
[4, 3, 6, 2]
[4, 3, 6, 5]
[4, 3, 6, 1]
[4, 3, 6, 7, 0]
[4, 3, 6, 7, 2]
[4, 3, 6, 7, 5]
[4, 3, 6, 7, 1]
[4, 3, 6, 7, 0, 2]
[4, 3, 6, 7, 0, 5]
[4, 3, 6, 7, 0, 1]
0.3684210526315789 0.4375
itercount --------> 4
[4, 3, 6]
[4, 3, 7]
0.4375 0.47058823529411764
itercount --------> 5
[4, 3, 7]
[4, 3, 6]
[4, 3, 0]
[4, 3, 1]
[4, 3, 2]
[4, 3, 5]
[4, 3, 7, 6]
[4, 3, 7, 0]
[4, 3, 7, 1]
[4, 3, 7, 2]
0.47058823529411764 0.5625
itercount --------> 6
[4, 3, 7]
[4, 3, 6]
[4, 3, 0]
[4, 3, 1]
[4, 3, 2]
[4, 3, 5]
[4, 3, 7, 6]
[4, 3, 7, 0]
[4, 3, 7, 1]
[4, 3, 7, 2]
[4, 3, 7, 5]
[4, 3, 7, 6, 0]
[4, 3, 7, 6, 1]
[4, 3, 7, 6, 2]
[4, 3, 7, 6, 5]
[4, 3, 7, 6, 0, 1]
0.5625 0.6
itercount --------> 7
[4, 3, 7]
[4, 3, 6]
[4, 3, 0]
[4, 3, 1]
[4, 3, 2]
[4, 3, 5]
[4, 3, 7, 6]
[4, 3, 7, 0]
[4, 3, 7, 1]
[4, 3, 7, 2]
[4, 3, 7, 5]
[4, 3, 7, 6, 0]
[4, 3, 7, 6, 1]
[4, 3, 7, 6, 2]
[4, 3, 7, 6, 5]
[4, 3, 7, 6, 0, 1]
[4, 3, 7, 6, 0, 2]
[4, 3, 7, 6, 0, 5]
[4, 3, 7, 6, 0, 1, 2]
[4, 3, 7, 6, 0, 1, 5]
[4, 3, 7, 6, 0, 1, 2, 5]
failed -> 33 times
after fail n ======> 8
[0, 1, 2, 5, 4, 3, 6, 7]
0.05263157894736842 0.07692307692307693
itercount --------> 1
[0, 5, 3]
0.07692307692307693 0.13043478260869565
itercount --------> 2
[0, 3, 5]
[0, 3, 6]
0.13043478260869565 0.13333333333333333
itercount --------> 3
[0, 5, 3]
[0, 5, 4]
0.13333333333333333 0.2413793103448276
itercount --------> 4
[1, 2, 0]
[1, 2, 3]
[1, 2, 5]
0.2413793103448276 0.3333333333333333
itercount --------> 5
[0, 3, 4]
[0, 3, 5]
[0, 3, 1]
0.3333333333333333 0.38095238095238093
itercount --------> 6
[0, 4, 3]
0.38095238095238093 0.42857142857142855
itercount --------> 7
[0, 1, 2]
[0, 1, 5]
[0, 1, 4]
0.42857142857142855 0.5333333333333333
itercount --------> 8
[4, 3, 6]
[4, 3, 7]
[4, 3, 0]
[4, 3, 1]
[4, 3, 2]
[4, 3, 5]
[4, 3, 6, 7]
0.5333333333333333 0.5384615384615384
itercount --------> 9
[0, 1, 2]
[0, 1, 5]
[0, 1, 6]
[0, 1, 7]
[0, 1, 3]
[0, 1, 4]
[0, 1, 2, 5]
[0, 1, 2, 6]
[0, 1, 2, 7]
[0, 1, 2, 3]
[0, 1, 2, 4]
0.5384615384615384 0.5882352941176471
itercount --------> 10
[0, 1, 2]
[0, 1, 3]
[0, 1, 5]
[0, 1, 6]
[0, 1, 7]
[0, 1, 4]
[0, 1, 2, 3]
[0, 1, 2, 5]
[0, 1, 2, 6]
[0, 1, 2, 7]
[0, 1, 2, 4]
[0, 1, 2, 3, 5]
[0, 1, 2, 3, 6]
[0, 1, 2, 3, 7]
[0, 1, 2, 3, 4]
[0, 1, 2, 3, 5, 6]
[0, 1, 2, 3, 5, 7]
[0, 1, 2, 3, 5, 4]
[0, 1, 2, 3, 5, 6, 7]
[0, 1, 2, 3, 5, 6, 4]
[0, 1, 2, 3, 5, 6, 7, 4]
0.5882352941176471 0.625
itercount --------> 11
[0, 1, 2]
[0, 1, 5]
[0, 1, 4]
[0, 1, 3]
[0, 1, 7]
[0, 1, 6]
[0, 1, 2, 5]
[0, 1, 2, 4]
[0, 1, 2, 3]
[0, 1, 2, 7]
[0, 1, 2, 6]
[0, 1, 2, 5, 4]
[0, 1, 2, 5, 3]
[0, 1, 2, 5, 7]
[0, 1, 2, 5, 6]
0.625 0.6666666666666666
itercount --------> 12
[0, 1, 2]
[0, 1, 3]
[0, 1, 4]
[0, 1, 5]
[0, 1, 7]
[0, 1, 6]
[0, 1, 2, 3]
[0, 1, 2, 4]
[0, 1, 2, 5]
0.6666666666666666 0.7142857142857143
itercount --------> 13
[0, 1, 2]
[0, 1, 5]
[0, 1, 4]
[0, 1, 6]
[0, 1, 3]
[0, 1, 7]
[0, 1, 2, 5]
[0, 1, 2, 4]
[0, 1, 2, 6]
[0, 1, 2, 3]
[0, 1, 2, 7]
[0, 1, 2, 5, 4]
[0, 1, 2, 5, 6]
[0, 1, 2, 5, 3]
[0, 1, 2, 5, 7]
[0, 1, 2, 5, 4, 6]
0.7142857142857143 0.7692307692307693
itercount --------> 14
[4, 0, 1]
[4, 0, 2]
[4, 0, 5]
[4, 0, 3]
[4, 0, 6]
[4, 0, 7]
[4, 0, 1, 2]
[4, 0, 1, 5]
[4, 0, 1, 3]
[4, 0, 1, 6]
[4, 0, 1, 7]
[4, 0, 1, 2, 5]
[4, 0, 1, 2, 3]
[4, 0, 1, 2, 6]
[4, 0, 1, 2, 7]
[4, 0, 1, 2, 5, 3]
[4, 0, 1, 2, 5, 6]
[4, 0, 1, 2, 5, 7]
[4, 0, 1, 2, 5, 3, 6]
[4, 0, 1, 2, 5, 3, 7]
[4, 0, 1, 2, 5, 3, 6, 7]
failed -> 34 times
after fail n ======> 5
[0, 1, 2, 5, 4]
0.05263157894736842 0.09523809523809523
itercount --------> 1
[1, 2, 0]
0.09523809523809523 0.2962962962962963
itercount --------> 2
[0, 5, 1]
0.2962962962962963 0.38095238095238093
itercount --------> 3
[4, 0, 1]
0.38095238095238093 0.4375
itercount --------> 4
[4, 3, 6]
[4, 3, 7]
0.4375 0.47058823529411764
itercount --------> 5
[4, 3, 7]
[4, 3, 6]
[4, 3, 0]
[4, 3, 1]
[4, 3, 2]
[4, 3, 5]
[4, 3, 7, 6]
[4, 3, 7, 0]
[4, 3, 7, 1]
[4, 3, 7, 2]
[4, 3, 7, 5]
[4, 3, 7, 6, 0]
0.47058823529411764 0.5
itercount --------> 6
[3, 4, 6]
[3, 4, 7]
[3, 4, 0]
[3, 4, 1]
[3, 4, 2]
[3, 4, 5]
[3, 4, 6, 7]
[3, 4, 6, 0]
[3, 4, 6, 1]
[3, 4, 6, 2]
[3, 4, 6, 5]
[3, 4, 6, 7, 0]
[3, 4, 6, 7, 1]
[3, 4, 6, 7, 2]
[3, 4, 6, 7, 5]
[3, 4, 6, 7, 0, 1]
0.5 0.5384615384615384
itercount --------> 7
[0, 1, 2]
[0, 1, 5]
[0, 1, 6]
[0, 1, 7]
[0, 1, 3]
[0, 1, 4]
[0, 1, 2, 5]
[0, 1, 2, 6]
[0, 1, 2, 7]
[0, 1, 2, 3]
[0, 1, 2, 4]
0.5384615384615384 0.5882352941176471
itercount --------> 8
[0, 1, 2]
[0, 1, 3]
[0, 1, 5]
[0, 1, 6]
0.5882352941176471 0.625
itercount --------> 9
[3, 6, 7]
[3, 6, 0]
[3, 6, 1]
[3, 6, 2]
[3, 6, 5]
[3, 6, 4]
[3, 6, 7, 0]
[3, 6, 7, 1]
[3, 6, 7, 2]
[3, 6, 7, 5]
[3, 6, 7, 4]
[3, 6, 7, 0, 1]
[3, 6, 7, 0, 2]
0.625 0.6666666666666666
itercount --------> 10
[3, 6, 7]
[3, 6, 0]
[3, 6, 1]
[3, 6, 2]
[3, 6, 4]
[3, 6, 5]
[3, 6, 7, 0]
[3, 6, 7, 1]
[3, 6, 7, 2]
[3, 6, 7, 4]
0.6666666666666666 0.7142857142857143
itercount --------> 11
[0, 1, 2]
[0, 1, 4]
[0, 1, 5]
[0, 1, 3]
[0, 1, 6]
[0, 1, 7]
[0, 1, 2, 4]
[0, 1, 2, 5]
[0, 1, 2, 3]
[0, 1, 2, 6]
[0, 1, 2, 7]
[0, 1, 2, 4, 5]
[0, 1, 2, 4, 3]
[0, 1, 2, 4, 6]
0.7142857142857143 0.7333333333333333
itercount --------> 12
[0, 1, 2]
[0, 1, 3]
[0, 1, 4]
[0, 1, 5]
[0, 1, 6]
[0, 1, 7]
[0, 1, 2, 3]
[0, 1, 2, 4]
[0, 1, 2, 5]
[0, 1, 2, 6]
[0, 1, 2, 7]
[0, 1, 2, 3, 4]
[0, 1, 2, 3, 5]
[0, 1, 2, 3, 6]
[0, 1, 2, 3, 7]
[0, 1, 2, 3, 4, 5]
[0, 1, 2, 3, 4, 6]
[0, 1, 2, 3, 4, 7]
0.7333333333333333 0.7692307692307693
itercount --------> 13
[4, 0, 1]
[4, 0, 2]
[4, 0, 5]
[4, 0, 3]
[4, 0, 6]
[4, 0, 7]
[4, 0, 1, 2]
[4, 0, 1, 5]
[4, 0, 1, 3]
[4, 0, 1, 6]
[4, 0, 1, 7]
[4, 0, 1, 2, 5]
[4, 0, 1, 2, 3]
[4, 0, 1, 2, 6]
[4, 0, 1, 2, 7]
[4, 0, 1, 2, 5, 3]
[4, 0, 1, 2, 5, 6]
[4, 0, 1, 2, 5, 7]
[4, 0, 1, 2, 5, 3, 6]
[4, 0, 1, 2, 5, 3, 7]
[4, 0, 1, 2, 5, 3, 6, 7]
failed -> 35 times
after fail n ======> 6
[0, 1, 2, 5, 4, 3]
0.05263157894736842 0.10144927536231885
itercount --------> 1
[0, 1, 2]
0.10144927536231885 0.1891891891891892
itercount --------> 2
[0, 1, 2]
0.1891891891891892 0.3333333333333333
itercount --------> 3
[4, 0, 1]
[4, 0, 2]
0.3333333333333333 0.38095238095238093
itercount --------> 4
[4, 0, 1]
0.38095238095238093 0.4375
itercount --------> 5
[4, 3, 6]
0.4375 0.4444444444444444
itercount --------> 6
[4, 3, 6]
[4, 3, 0]
[4, 3, 1]
[4, 3, 2]
[4, 3, 5]
[4, 3, 7]
[4, 3, 6, 0]
[4, 3, 6, 1]
0.4444444444444444 0.47058823529411764
itercount --------> 7
[1, 4, 6]
[1, 4, 3]
[1, 4, 0]
[1, 4, 2]
0.47058823529411764 0.47368421052631576
itercount --------> 8
[1, 2, 5]
[1, 2, 6]
[1, 2, 4]
[1, 2, 0]
[1, 2, 3]
[1, 2, 7]
[1, 2, 5, 6]
0.47368421052631576 0.5
itercount --------> 9
[1, 2, 5]
[1, 2, 6]
[1, 2, 0]
[1, 2, 4]
[1, 2, 3]
[1, 2, 7]
[1, 2, 5, 6]
0.5 0.5625
itercount --------> 10
[1, 2, 5]
[1, 2, 6]
[1, 2, 4]
[1, 2, 0]
[1, 2, 3]
[1, 2, 7]
[1, 2, 5, 6]
[1, 2, 5, 4]
0.5625 0.6
itercount --------> 11
[1, 2, 5]
[1, 2, 6]
[1, 2, 4]
[1, 2, 0]
[1, 2, 3]
[1, 2, 7]
[1, 2, 5, 6]
[1, 2, 5, 4]
[1, 2, 5, 0]
[1, 2, 5, 3]
[1, 2, 5, 7]
[1, 2, 5, 6, 4]
0.6 0.6875
itercount --------> 12
[1, 4, 5]
[1, 4, 0]
[1, 4, 2]
[1, 4, 3]
[1, 4, 6]
[1, 4, 7]
[1, 4, 5, 0]
[1, 4, 5, 2]
[1, 4, 5, 3]
[1, 4, 5, 6]
[1, 4, 5, 7]
[1, 4, 5, 0, 2]
0.6875 0.7333333333333333
itercount --------> 13
[4, 0, 1]
[4, 0, 2]
[4, 0, 5]
[4, 0, 3]
[4, 0, 6]
[4, 0, 7]
[4, 0, 1, 2]
[4, 0, 1, 5]
[4, 0, 1, 3]
[4, 0, 1, 6]
[4, 0, 1, 7]
[4, 0, 1, 2, 5]
[4, 0, 1, 2, 3]
[4, 0, 1, 2, 6]
[4, 0, 1, 2, 7]
[4, 0, 1, 2, 5, 3]
[4, 0, 1, 2, 5, 6]
[4, 0, 1, 2, 5, 7]
0.7333333333333333 0.7857142857142857
itercount --------> 14
[4, 0, 1]
[4, 0, 2]
[4, 0, 3]
[4, 0, 5]
[4, 0, 6]
[4, 0, 7]
[4, 0, 1, 2]
[4, 0, 1, 3]
[4, 0, 1, 5]
[4, 0, 1, 6]
[4, 0, 1, 7]
[4, 0, 1, 2, 3]
[4, 0, 1, 2, 5]
[4, 0, 1, 2, 6]
[4, 0, 1, 2, 7]
[4, 0, 1, 2, 3, 5]
[4, 0, 1, 2, 3, 6]
[4, 0, 1, 2, 3, 7]
[4, 0, 1, 2, 3, 5, 6]
[4, 0, 1, 2, 3, 5, 7]
[4, 0, 1, 2, 3, 5, 6, 7]
failed -> 36 times
after fail n ======> 7
[0, 1, 2, 5, 4, 3, 6]
0.05263157894736842 0.09090909090909091
itercount --------> 1
[4, 1, 2]
0.09090909090909091 0.11475409836065574
itercount --------> 2
[0, 5, 2]
0.11475409836065574 0.3684210526315789
itercount --------> 3
[4, 3, 6]
[4, 3, 7]
[4, 3, 0]
[4, 3, 2]
[4, 3, 5]
[4, 3, 1]
[4, 3, 6, 7]
[4, 3, 6, 0]
[4, 3, 6, 2]
[4, 3, 6, 5]
[4, 3, 6, 1]
[4, 3, 6, 7, 0]
[4, 3, 6, 7, 2]
[4, 3, 6, 7, 5]
[4, 3, 6, 7, 1]
[4, 3, 6, 7, 0, 2]
0.3684210526315789 0.42105263157894735
itercount --------> 4
[4, 3, 0]
[4, 3, 2]
0.42105263157894735 0.47058823529411764
itercount --------> 5
[4, 3, 6]
[4, 3, 7]
[4, 3, 0]
[4, 3, 2]
0.47058823529411764 0.5625
itercount --------> 6
[4, 0, 2]
[4, 0, 3]
[4, 0, 6]
[4, 0, 7]
[4, 0, 5]
[4, 0, 1]
0.5625 0.6
itercount --------> 7
[4, 6, 7]
[4, 6, 3]
[4, 6, 0]
[4, 6, 2]
[4, 6, 5]
[4, 6, 1]
[4, 6, 7, 3]
[4, 6, 7, 0]
[4, 6, 7, 2]
[4, 6, 7, 5]
[4, 6, 7, 1]
[4, 6, 7, 3, 0]
[4, 6, 7, 3, 2]
[4, 6, 7, 3, 5]
[4, 6, 7, 3, 1]
[4, 6, 7, 3, 0, 2]
[4, 6, 7, 3, 0, 5]
[4, 6, 7, 3, 0, 1]
[4, 6, 7, 3, 0, 2, 5]
[4, 6, 7, 3, 0, 2, 1]
[4, 6, 7, 3, 0, 2, 5, 1]
0.6 0.6428571428571429
itercount --------> 8
[4, 6, 7]
0.6428571428571429 0.6666666666666666
itercount --------> 9
[3, 6, 4]
0.6666666666666666 0.6875
itercount --------> 10
[0, 1, 2]
[0, 1, 4]
[0, 1, 5]
[0, 1, 3]
[0, 1, 6]
[0, 1, 7]
[0, 1, 2, 4]
[0, 1, 2, 5]
[0, 1, 2, 3]
[0, 1, 2, 6]
[0, 1, 2, 7]
[0, 1, 2, 4, 5]
[0, 1, 2, 4, 3]
[0, 1, 2, 4, 6]
[0, 1, 2, 4, 7]
[0, 1, 2, 4, 5, 3]
0.6875 0.7333333333333333
itercount --------> 11
[4, 0, 2]
[4, 0, 5]
[4, 0, 1]
[4, 0, 3]
[4, 0, 6]
[4, 0, 7]
[4, 0, 2, 5]
[4, 0, 2, 1]
[4, 0, 2, 3]
[4, 0, 2, 6]
[4, 0, 2, 7]
[4, 0, 2, 5, 1]
0.7333333333333333 0.7857142857142857
itercount --------> 12
[4, 0, 1]
[4, 0, 2]
[4, 0, 3]
[4, 0, 5]
[4, 0, 6]
[4, 0, 7]
[4, 0, 1, 2]
[4, 0, 1, 3]
[4, 0, 1, 5]
[4, 0, 1, 6]
[4, 0, 1, 7]
[4, 0, 1, 2, 3]
[4, 0, 1, 2, 5]
[4, 0, 1, 2, 6]
[4, 0, 1, 2, 7]
[4, 0, 1, 2, 3, 5]
[4, 0, 1, 2, 3, 6]
[4, 0, 1, 2, 3, 7]
[4, 0, 1, 2, 3, 5, 6]
[4, 0, 1, 2, 3, 5, 7]
[4, 0, 1, 2, 3, 5, 6, 7]
failed -> 37 times
after fail n ======> 8
[0, 1, 2, 5, 4, 3, 6, 7]
0.05263157894736842 0.07142857142857142
itercount --------> 1
[5, 2, 0]
0.07142857142857142 0.3333333333333333
itercount --------> 2
[5, 4, 0]
0.3333333333333333 0.3684210526315789
itercount --------> 3
[5, 4, 3]
[5, 4, 6]
[5, 4, 7]
[5, 4, 0]
[5, 4, 1]
0.3684210526315789 0.4375
itercount --------> 4
[4, 3, 6]
0.4375 0.4444444444444444
itercount --------> 5
[4, 3, 6]
[4, 3, 0]
[4, 3, 1]
[4, 3, 2]
[4, 3, 5]
0.4444444444444444 0.47368421052631576
itercount --------> 6
[5, 4, 3]
[5, 4, 0]
[5, 4, 1]
[5, 4, 2]
[5, 4, 6]
[5, 4, 7]
0.47368421052631576 0.5
itercount --------> 7
[5, 7, 4]
[5, 7, 0]
[5, 7, 1]
[5, 7, 2]
0.5 0.5294117647058824
itercount --------> 8
[7, 0, 1]
[7, 0, 2]
[7, 0, 4]
0.5294117647058824 0.5882352941176471
itercount --------> 9
[0, 1, 2]
[0, 1, 5]
[0, 1, 6]
[0, 1, 7]
[0, 1, 4]
[0, 1, 3]
[0, 1, 2, 5]
[0, 1, 2, 6]
[0, 1, 2, 7]
[0, 1, 2, 4]
[0, 1, 2, 3]
[0, 1, 2, 5, 6]
[0, 1, 2, 5, 7]
[0, 1, 2, 5, 4]
[0, 1, 2, 5, 3]
[0, 1, 2, 5, 6, 7]
[0, 1, 2, 5, 6, 4]
[0, 1, 2, 5, 6, 3]
[0, 1, 2, 5, 6, 7, 4]
[0, 1, 2, 5, 6, 7, 3]
[0, 1, 2, 5, 6, 7, 4, 3]
0.5882352941176471 0.6
itercount --------> 10
[0, 1, 2]
[0, 1, 4]
[0, 1, 5]
[0, 1, 3]
[0, 1, 6]
[0, 1, 7]
[0, 1, 2, 4]
[0, 1, 2, 5]
[0, 1, 2, 3]
[0, 1, 2, 6]
[0, 1, 2, 7]
[0, 1, 2, 4, 5]
[0, 1, 2, 4, 3]
[0, 1, 2, 4, 6]
[0, 1, 2, 4, 7]
[0, 1, 2, 4, 5, 3]
[0, 1, 2, 4, 5, 6]
[0, 1, 2, 4, 5, 7]
[0, 1, 2, 4, 5, 3, 6]
[0, 1, 2, 4, 5, 3, 7]
[0, 1, 2, 4, 5, 3, 6, 7]
failed -> 38 times
after fail n ======> 5
[0, 1, 2, 5, 4]
0.05263157894736842 0.10144927536231885
itercount --------> 1
[1, 2, 0]
[1, 2, 5]
0.10144927536231885 0.1891891891891892
itercount --------> 2
[1, 0, 2]
0.1891891891891892 0.3333333333333333
itercount --------> 3
[4, 0, 1]
0.3333333333333333 0.38095238095238093
itercount --------> 4
[4, 0, 1]
[4, 0, 2]
0.38095238095238093 0.4375
itercount --------> 5
[4, 3, 6]
0.4375 0.47058823529411764
itercount --------> 6
[4, 3, 6]
[4, 3, 7]
[4, 3, 0]
[4, 3, 1]
[4, 3, 2]
[4, 3, 5]
[4, 3, 6, 7]
[4, 3, 6, 0]
[4, 3, 6, 1]
0.47058823529411764 0.5625
itercount --------> 7
[4, 3, 6]
[4, 3, 7]
[4, 3, 0]
[4, 3, 1]
[4, 3, 2]
[4, 3, 5]
[4, 3, 6, 7]
[4, 3, 6, 0]
[4, 3, 6, 1]
[4, 3, 6, 2]
[4, 3, 6, 5]
[4, 3, 6, 7, 0]
[4, 3, 6, 7, 1]
[4, 3, 6, 7, 2]
[4, 3, 6, 7, 5]
[4, 3, 6, 7, 0, 1]
[4, 3, 6, 7, 0, 2]
[4, 3, 6, 7, 0, 5]
0.5625 0.6
itercount --------> 8
[4, 3, 6]
[4, 3, 7]
[4, 3, 0]
[4, 3, 1]
[4, 3, 2]
[4, 3, 5]
[4, 3, 6, 7]
[4, 3, 6, 0]
[4, 3, 6, 1]
[4, 3, 6, 2]
[4, 3, 6, 5]
[4, 3, 6, 7, 0]
[4, 3, 6, 7, 1]
[4, 3, 6, 7, 2]
[4, 3, 6, 7, 5]
[4, 3, 6, 7, 0, 1]
[4, 3, 6, 7, 0, 2]
[4, 3, 6, 7, 0, 5]
[4, 3, 6, 7, 0, 1, 2]
[4, 3, 6, 7, 0, 1, 5]
[4, 3, 6, 7, 0, 1, 2, 5]
failed -> 39 times
after fail n ======> 6
[0, 1, 2, 5, 4, 3]
0.05263157894736842 0.10144927536231885
itercount --------> 1
[1, 2, 0]
0.10144927536231885 0.1891891891891892
itercount --------> 2
[1, 0, 2]
0.1891891891891892 0.3333333333333333
itercount --------> 3
[4, 0, 1]
[4, 0, 2]
[4, 0, 3]
[4, 0, 5]
[4, 0, 6]
[4, 0, 7]
[4, 0, 1, 2]
0.3333333333333333 0.38095238095238093
itercount --------> 4
[4, 0, 1]
0.38095238095238093 0.4375
itercount --------> 5
[4, 3, 6]
0.4375 0.47058823529411764
itercount --------> 6
[4, 3, 6]
[4, 3, 7]
[4, 3, 0]
[4, 3, 1]
[4, 3, 2]
[4, 3, 5]
[4, 3, 6, 7]
[4, 3, 6, 0]
0.47058823529411764 0.5625
itercount --------> 7
[4, 3, 6]
[4, 3, 7]
[4, 3, 0]
[4, 3, 1]
[4, 3, 2]
[4, 3, 5]
[4, 3, 6, 7]
[4, 3, 6, 0]
[4, 3, 6, 1]
[4, 3, 6, 2]
[4, 3, 6, 5]
[4, 3, 6, 7, 0]
[4, 3, 6, 7, 1]
[4, 3, 6, 7, 2]
[4, 3, 6, 7, 5]
[4, 3, 6, 7, 0, 1]
[4, 3, 6, 7, 0, 2]
0.5625 0.6
itercount --------> 8
[4, 3, 6]
[4, 3, 7]
[4, 3, 0]
[4, 3, 1]
[4, 3, 2]
[4, 3, 5]
[4, 3, 6, 7]
[4, 3, 6, 0]
[4, 3, 6, 1]
[4, 3, 6, 2]
[4, 3, 6, 5]
[4, 3, 6, 7, 0]
[4, 3, 6, 7, 1]
[4, 3, 6, 7, 2]
[4, 3, 6, 7, 5]
[4, 3, 6, 7, 0, 1]
[4, 3, 6, 7, 0, 2]
[4, 3, 6, 7, 0, 5]
[4, 3, 6, 7, 0, 1, 2]
[4, 3, 6, 7, 0, 1, 5]
[4, 3, 6, 7, 0, 1, 2, 5]
failed -> 40 times
after fail n ======> 7
[0, 1, 2, 5, 4, 3, 6]
0.05263157894736842 0.07142857142857142
itercount --------> 1
[0, 2, 1]
0.07142857142857142 0.125
itercount --------> 2
[0, 1, 2]
0.125 0.14035087719298245
itercount --------> 3
[1, 2, 0]
0.14035087719298245 0.3333333333333333
itercount --------> 4
[0, 4, 1]
0.3333333333333333 0.38095238095238093
itercount --------> 5
[4, 0, 1]
[4, 0, 2]
0.38095238095238093 0.4375
itercount --------> 6
[4, 3, 6]
0.4375 0.47058823529411764
itercount --------> 7
[4, 3, 6]
[4, 3, 7]
[4, 3, 0]
[4, 3, 1]
[4, 3, 2]
[4, 3, 5]
[4, 3, 6, 7]
[4, 3, 6, 0]
[4, 3, 6, 1]
[4, 3, 6, 2]
[4, 3, 6, 5]
0.47058823529411764 0.5625
itercount --------> 8
[4, 3, 6]
[4, 3, 7]
[4, 3, 0]
[4, 3, 1]
[4, 3, 2]
[4, 3, 5]
[4, 3, 6, 7]
[4, 3, 6, 0]
[4, 3, 6, 1]
[4, 3, 6, 2]
[4, 3, 6, 5]
[4, 3, 6, 7, 0]
[4, 3, 6, 7, 1]
[4, 3, 6, 7, 2]
[4, 3, 6, 7, 5]
[4, 3, 6, 7, 0, 1]
0.5625 0.6
itercount --------> 9
[4, 3, 6]
[4, 3, 7]
[4, 3, 0]
[4, 3, 1]
[4, 3, 2]
[4, 3, 5]
[4, 3, 6, 7]
[4, 3, 6, 0]
[4, 3, 6, 1]
[4, 3, 6, 2]
[4, 3, 6, 5]
[4, 3, 6, 7, 0]
[4, 3, 6, 7, 1]
[4, 3, 6, 7, 2]
[4, 3, 6, 7, 5]
[4, 3, 6, 7, 0, 1]
[4, 3, 6, 7, 0, 2]
[4, 3, 6, 7, 0, 5]
[4, 3, 6, 7, 0, 1, 2]
[4, 3, 6, 7, 0, 1, 5]
[4, 3, 6, 7, 0, 1, 2, 5]
failed -> 41 times
after fail n ======> 8
[0, 1, 2, 5, 4, 3, 6, 7]
0.05263157894736842 0.061224489795918366
itercount --------> 1
[7, 0, 1]
[7, 0, 2]
0.061224489795918366 0.06976744186046512
itercount --------> 2
[7, 2, 1]
[7, 2, 0]
[7, 2, 5]
0.06976744186046512 0.10344827586206896
itercount --------> 3
[1, 7, 0]
[1, 7, 6]
0.10344827586206896 0.13043478260869565
itercount --------> 4
[7, 0, 1]
0.13043478260869565 0.2
itercount --------> 5
[5, 3, 6]
0.2 0.23809523809523808
itercount --------> 6
[7, 5, 4]
[7, 5, 2]
[7, 5, 0]
0.23809523809523808 0.3
itercount --------> 7
[7, 4, 5]
[7, 4, 1]
[7, 4, 3]
[7, 4, 2]
[7, 4, 6]
[7, 4, 0]
[7, 4, 5, 1]
0.3 0.375
itercount --------> 8
[7, 4, 6]
0.375 0.3888888888888889
itercount --------> 9
[7, 4, 3]
[7, 4, 6]
[7, 4, 0]
[7, 4, 1]
[7, 4, 5]
[7, 4, 2]
[7, 4, 3, 6]
[7, 4, 3, 0]
[7, 4, 3, 1]
[7, 4, 3, 5]
[7, 4, 3, 2]
[7, 4, 3, 6, 0]
0.3888888888888889 0.4
itercount --------> 10
[0, 3, 6]
0.4 0.5
itercount --------> 11
[1, 0, 5]
[1, 0, 6]
[1, 0, 7]
[1, 0, 3]
[1, 0, 2]
0.5 0.5625
itercount --------> 12
[6, 7, 0]
0.5625 0.6
itercount --------> 13
[4, 7, 3]
0.6 0.625
itercount --------> 14
[3, 6, 7]
[3, 6, 0]
[3, 6, 1]
[3, 6, 2]
[3, 6, 5]
[3, 6, 4]
[3, 6, 7, 0]
[3, 6, 7, 1]
[3, 6, 7, 2]
[3, 6, 7, 5]
[3, 6, 7, 4]
0.625 0.7142857142857143
itercount --------> 15
[0, 1, 2]
[0, 1, 4]
[0, 1, 5]
[0, 1, 6]
[0, 1, 7]
[0, 1, 3]
[0, 1, 2, 4]
[0, 1, 2, 5]
[0, 1, 2, 6]
[0, 1, 2, 7]
[0, 1, 2, 3]
0.7142857142857143 0.7692307692307693
itercount --------> 16
[4, 0, 1]
[4, 0, 2]
[4, 0, 5]
[4, 0, 3]
0.7692307692307693 0.7857142857142857
itercount --------> 17
[3, 4, 6]
[3, 4, 7]
[3, 4, 0]
[3, 4, 1]
[3, 4, 2]
[3, 4, 5]
[3, 4, 6, 7]
[3, 4, 6, 0]
[3, 4, 6, 1]
[3, 4, 6, 2]
[3, 4, 6, 5]
[3, 4, 6, 7, 0]
[3, 4, 6, 7, 1]
[3, 4, 6, 7, 2]
[3, 4, 6, 7, 5]
[3, 4, 6, 7, 0, 1]
[3, 4, 6, 7, 0, 2]
[3, 4, 6, 7, 0, 5]
[3, 4, 6, 7, 0, 1, 2]
[3, 4, 6, 7, 0, 1, 5]
[3, 4, 6, 7, 0, 1, 2, 5]
failed -> 42 times
after fail n ======> 5
[0, 1, 2, 5, 4]
0.05263157894736842 0.09090909090909091
itercount --------> 1
[1, 0, 2]
0.09090909090909091 0.2
itercount --------> 2
[0, 1, 2]
[0, 1, 5]
[0, 1, 4]
0.2 0.3333333333333333
itercount --------> 3
[1, 4, 0]
0.3333333333333333 0.3684210526315789
itercount --------> 4
[0, 4, 3]
[0, 4, 6]
[0, 4, 7]
[0, 4, 1]
0.3684210526315789 0.4375
itercount --------> 5
[4, 3, 6]
0.4375 0.47058823529411764
itercount --------> 6
[4, 3, 6]
[4, 3, 7]
[4, 3, 0]
[4, 3, 1]
[4, 3, 2]
[4, 3, 5]
[4, 3, 6, 7]
[4, 3, 6, 0]
[4, 3, 6, 1]
0.47058823529411764 0.5625
itercount --------> 7
[4, 3, 6]
[4, 3, 7]
[4, 3, 0]
[4, 3, 1]
[4, 3, 2]
[4, 3, 5]
[4, 3, 6, 7]
[4, 3, 6, 0]
[4, 3, 6, 1]
[4, 3, 6, 2]
[4, 3, 6, 5]
[4, 3, 6, 7, 0]
[4, 3, 6, 7, 1]
[4, 3, 6, 7, 2]
[4, 3, 6, 7, 5]
[4, 3, 6, 7, 0, 1]
[4, 3, 6, 7, 0, 2]
0.5625 0.6
itercount --------> 8
[4, 3, 6]
[4, 3, 7]
[4, 3, 0]
[4, 3, 1]
[4, 3, 2]
[4, 3, 5]
[4, 3, 6, 7]
[4, 3, 6, 0]
[4, 3, 6, 1]
[4, 3, 6, 2]
[4, 3, 6, 5]
[4, 3, 6, 7, 0]
[4, 3, 6, 7, 1]
[4, 3, 6, 7, 2]
[4, 3, 6, 7, 5]
[4, 3, 6, 7, 0, 1]
[4, 3, 6, 7, 0, 2]
[4, 3, 6, 7, 0, 5]
[4, 3, 6, 7, 0, 1, 2]
[4, 3, 6, 7, 0, 1, 5]
[4, 3, 6, 7, 0, 1, 2, 5]
failed -> 43 times
after fail n ======> 6
[0, 1, 2, 5, 4, 3]
0.05263157894736842 0.09090909090909091
itercount --------> 1
[3, 0, 2]
0.09090909090909091 0.14285714285714285
itercount --------> 2
[3, 2, 6]
0.14285714285714285 0.2
itercount --------> 3
[0, 1, 2]
[0, 1, 5]
[0, 1, 3]
[0, 1, 6]
[0, 1, 7]
[0, 1, 4]
0.2 0.26666666666666666
itercount --------> 4
[0, 1, 2]
[0, 1, 5]
[0, 1, 3]
[0, 1, 6]
[0, 1, 7]
[0, 1, 4]
[0, 1, 2, 5]
[0, 1, 2, 3]
[0, 1, 2, 6]
[0, 1, 2, 7]
[0, 1, 2, 4]
[0, 1, 2, 5, 3]
[0, 1, 2, 5, 6]
[0, 1, 2, 5, 7]
[0, 1, 2, 5, 4]
0.26666666666666666 0.2857142857142857
itercount --------> 5
[3, 0, 1]
[3, 0, 6]
[3, 0, 7]
[3, 0, 4]
[3, 0, 2]
0.2857142857142857 0.3076923076923077
itercount --------> 6
[3, 0, 1]
[3, 0, 2]
[3, 0, 5]
[3, 0, 6]
[3, 0, 7]
[3, 0, 4]
[3, 0, 1, 2]
[3, 0, 1, 5]
[3, 0, 1, 6]
[3, 0, 1, 7]
[3, 0, 1, 4]
[3, 0, 1, 2, 5]
[3, 0, 1, 2, 6]
[3, 0, 1, 2, 7]
[3, 0, 1, 2, 4]
[3, 0, 1, 2, 5, 6]
[3, 0, 1, 2, 5, 7]
[3, 0, 1, 2, 5, 4]
[3, 0, 1, 2, 5, 6, 7]
[3, 0, 1, 2, 5, 6, 4]
[3, 0, 1, 2, 5, 6, 7, 4]
failed -> 44 times
after fail n ======> 7
[0, 1, 2, 5, 4, 3, 6]
0.05263157894736842 0.09090909090909091
itercount --------> 1
[0, 2, 3]
0.09090909090909091 0.1891891891891892
itercount --------> 2
[0, 1, 2]
0.1891891891891892 0.3333333333333333
itercount --------> 3
[4, 0, 1]
0.3333333333333333 0.3684210526315789
itercount --------> 4
[4, 0, 2]
[4, 0, 3]
[4, 0, 6]
[4, 0, 7]
[4, 0, 1]
[4, 0, 5]
0.3684210526315789 0.4375
itercount --------> 5
[4, 3, 6]
0.4375 0.47058823529411764
itercount --------> 6
[4, 3, 6]
[4, 3, 7]
[4, 3, 0]
[4, 3, 1]
[4, 3, 2]
[4, 3, 5]
[4, 3, 6, 7]
[4, 3, 6, 0]
[4, 3, 6, 1]
[4, 3, 6, 2]
0.47058823529411764 0.5625
itercount --------> 7
[4, 3, 6]
[4, 3, 7]
[4, 3, 0]
[4, 3, 1]
[4, 3, 2]
[4, 3, 5]
[4, 3, 6, 7]
[4, 3, 6, 0]
[4, 3, 6, 1]
[4, 3, 6, 2]
[4, 3, 6, 5]
[4, 3, 6, 7, 0]
[4, 3, 6, 7, 1]
[4, 3, 6, 7, 2]
[4, 3, 6, 7, 5]
[4, 3, 6, 7, 0, 1]
[4, 3, 6, 7, 0, 2]
[4, 3, 6, 7, 0, 5]
0.5625 0.6
itercount --------> 8
[4, 3, 6]
[4, 3, 7]
[4, 3, 0]
[4, 3, 1]
[4, 3, 2]
[4, 3, 5]
[4, 3, 6, 7]
[4, 3, 6, 0]
[4, 3, 6, 1]
[4, 3, 6, 2]
[4, 3, 6, 5]
[4, 3, 6, 7, 0]
[4, 3, 6, 7, 1]
[4, 3, 6, 7, 2]
[4, 3, 6, 7, 5]
[4, 3, 6, 7, 0, 1]
[4, 3, 6, 7, 0, 2]
[4, 3, 6, 7, 0, 5]
[4, 3, 6, 7, 0, 1, 2]
[4, 3, 6, 7, 0, 1, 5]
[4, 3, 6, 7, 0, 1, 2, 5]
failed -> 45 times
after fail n ======> 8
[0, 1, 2, 5, 4, 3, 6, 7]
0.05263157894736842 0.07142857142857142
itercount --------> 1
[1, 2, 0]
0.07142857142857142 0.18181818181818182
itercount --------> 2
[1, 0, 5]
[1, 0, 2]
0.18181818181818182 0.38095238095238093
itercount --------> 3
[4, 0, 1]
0.38095238095238093 0.5
itercount --------> 4
[1, 0, 2]
[1, 0, 5]
[1, 0, 4]
[1, 0, 3]
[1, 0, 6]
[1, 0, 7]
[1, 0, 2, 5]
0.5 0.5238095238095238
itercount --------> 5
[0, 1, 2]
[0, 1, 5]
[0, 1, 4]
[0, 1, 3]
[0, 1, 6]
0.5238095238095238 0.6470588235294118
itercount --------> 6
[1, 0, 2]
[1, 0, 4]
[1, 0, 5]
[1, 0, 3]
[1, 0, 6]
[1, 0, 7]
0.6470588235294118 0.6666666666666666
itercount --------> 7
[1, 4, 3]
[1, 4, 0]
[1, 4, 2]
[1, 4, 5]
[1, 4, 6]
[1, 4, 7]
[1, 4, 3, 0]
[1, 4, 3, 2]
[1, 4, 3, 5]
[1, 4, 3, 6]
[1, 4, 3, 7]
[1, 4, 3, 0, 2]
[1, 4, 3, 0, 5]
[1, 4, 3, 0, 6]
[1, 4, 3, 0, 7]
[1, 4, 3, 0, 2, 5]
[1, 4, 3, 0, 2, 6]
[1, 4, 3, 0, 2, 7]
0.6666666666666666 0.6875
itercount --------> 8
[1, 4, 2]
[1, 4, 0]
[1, 4, 3]
[1, 4, 5]
[1, 4, 6]
[1, 4, 7]
[1, 4, 2, 0]
[1, 4, 2, 3]
[1, 4, 2, 5]
0.6875 0.7333333333333333
itercount --------> 9
[4, 1, 0]
[4, 1, 2]
[4, 1, 3]
[4, 1, 5]
[4, 1, 6]
[4, 1, 7]
[4, 1, 0, 2]
[4, 1, 0, 3]
[4, 1, 0, 5]
[4, 1, 0, 6]
[4, 1, 0, 7]
[4, 1, 0, 2, 3]
[4, 1, 0, 2, 5]
[4, 1, 0, 2, 6]
[4, 1, 0, 2, 7]
[4, 1, 0, 2, 3, 5]
[4, 1, 0, 2, 3, 6]
[4, 1, 0, 2, 3, 7]
[4, 1, 0, 2, 3, 5, 6]
[4, 1, 0, 2, 3, 5, 7]
[4, 1, 0, 2, 3, 5, 6, 7]
failed -> 46 times
after fail n ======> 5
[0, 1, 2, 5, 4]
0.05263157894736842 0.10144927536231885
itercount --------> 1
[1, 2, 0]
0.10144927536231885 0.1891891891891892
itercount --------> 2
[0, 1, 2]
0.1891891891891892 0.3333333333333333
itercount --------> 3
[4, 0, 1]
[4, 0, 2]
[4, 0, 3]
0.3333333333333333 0.34375
itercount --------> 4
[0, 1, 2]
[0, 1, 5]
[0, 1, 4]
0.34375 0.42105263157894735
itercount --------> 5
[4, 0, 3]
[4, 0, 6]
[4, 0, 7]
[4, 0, 1]
[4, 0, 2]
0.42105263157894735 0.4782608695652174
itercount --------> 6
[0, 2, 5]
0.4782608695652174 0.55
itercount --------> 7
[0, 2, 5]
0.55 0.5789473684210527
itercount --------> 8
[0, 2, 5]
[0, 2, 1]
[0, 2, 4]
[0, 2, 3]
[0, 2, 6]
0.5789473684210527 0.6111111111111112
itercount --------> 9
[0, 2, 5]
[0, 2, 1]
[0, 2, 4]
[0, 2, 3]
0.6111111111111112 0.6470588235294118
itercount --------> 10
[2, 0, 4]
[2, 0, 5]
[2, 0, 1]
[2, 0, 3]
[2, 0, 6]
[2, 0, 7]
[2, 0, 4, 5]
0.6470588235294118 0.6875
itercount --------> 11
[2, 4, 5]
[2, 4, 0]
[2, 4, 1]
[2, 4, 3]
[2, 4, 6]
[2, 4, 7]
[2, 4, 5, 0]
[2, 4, 5, 1]
[2, 4, 5, 3]
[2, 4, 5, 6]
[2, 4, 5, 7]
[2, 4, 5, 0, 1]
0.6875 0.7333333333333333
itercount --------> 12
[4, 0, 1]
[4, 0, 2]
[4, 0, 5]
[4, 0, 3]
[4, 0, 6]
[4, 0, 7]
[4, 0, 1, 2]
[4, 0, 1, 5]
[4, 0, 1, 3]
[4, 0, 1, 6]
[4, 0, 1, 7]
[4, 0, 1, 2, 5]
[4, 0, 1, 2, 3]
[4, 0, 1, 2, 6]
[4, 0, 1, 2, 7]
[4, 0, 1, 2, 5, 3]
[4, 0, 1, 2, 5, 6]
[4, 0, 1, 2, 5, 7]
0.7333333333333333 0.7857142857142857
itercount --------> 13
[4, 0, 1]
[4, 0, 2]
[4, 0, 3]
[4, 0, 5]
[4, 0, 6]
[4, 0, 7]
[4, 0, 1, 2]
[4, 0, 1, 3]
[4, 0, 1, 5]
[4, 0, 1, 6]
[4, 0, 1, 7]
[4, 0, 1, 2, 3]
[4, 0, 1, 2, 5]
[4, 0, 1, 2, 6]
[4, 0, 1, 2, 7]
[4, 0, 1, 2, 3, 5]
[4, 0, 1, 2, 3, 6]
[4, 0, 1, 2, 3, 7]
[4, 0, 1, 2, 3, 5, 6]
[4, 0, 1, 2, 3, 5, 7]
[4, 0, 1, 2, 3, 5, 6, 7]
failed -> 47 times
after fail n ======> 6
[0, 1, 2, 5, 4, 3]
0.05263157894736842 0.09090909090909091
itercount --------> 1
[4, 2, 5]
[4, 2, 0]
0.09090909090909091 0.14285714285714285
itercount --------> 2
[4, 1, 3]
0.14285714285714285 0.2
itercount --------> 3
[0, 1, 2]
[0, 1, 5]
[0, 1, 4]
[0, 1, 3]
0.2 0.26666666666666666
itercount --------> 4
[0, 1, 2]
[0, 1, 5]
[0, 1, 4]
[0, 1, 3]
[0, 1, 6]
[0, 1, 7]
[0, 1, 2, 5]
[0, 1, 2, 4]
[0, 1, 2, 3]
[0, 1, 2, 6]
[0, 1, 2, 7]
[0, 1, 2, 5, 4]
[0, 1, 2, 5, 3]
0.26666666666666666 0.2857142857142857
itercount --------> 5
[4, 2, 3]
[4, 2, 6]
[4, 2, 7]
[4, 2, 0]
0.2857142857142857 0.3076923076923077
itercount --------> 6
[4, 0, 1]
[4, 0, 2]
[4, 0, 5]
[4, 0, 3]
[4, 0, 6]
[4, 0, 7]
[4, 0, 1, 2]
[4, 0, 1, 5]
[4, 0, 1, 3]
[4, 0, 1, 6]
[4, 0, 1, 7]
[4, 0, 1, 2, 5]
[4, 0, 1, 2, 3]
[4, 0, 1, 2, 6]
[4, 0, 1, 2, 7]
[4, 0, 1, 2, 5, 3]
[4, 0, 1, 2, 5, 6]
[4, 0, 1, 2, 5, 7]
[4, 0, 1, 2, 5, 3, 6]
[4, 0, 1, 2, 5, 3, 7]
[4, 0, 1, 2, 5, 3, 6, 7]
failed -> 48 times
after fail n ======> 7
[0, 1, 2, 5, 4, 3, 6]
0.05263157894736842 0.10144927536231885
itercount --------> 1
[1, 5, 0]
0.10144927536231885 0.1320754716981132
itercount --------> 2
[0, 1, 4]
0.1320754716981132 0.14285714285714285
itercount --------> 3
[0, 2, 4]
[0, 2, 1]
0.14285714285714285 0.2
itercount --------> 4
[0, 1, 2]
[0, 1, 5]
[0, 1, 4]
0.2 0.2962962962962963
itercount --------> 5
[0, 2, 1]
0.2962962962962963 0.3333333333333333
itercount --------> 6
[0, 4, 1]
0.3333333333333333 0.3684210526315789
itercount --------> 7
[0, 4, 3]
[0, 4, 6]
[0, 4, 7]
[0, 4, 1]
[0, 4, 2]
0.3684210526315789 0.4375
itercount --------> 8
[4, 3, 6]
[4, 3, 7]
0.4375 0.4444444444444444
itercount --------> 9
[4, 3, 7]
[4, 3, 0]
0.4444444444444444 0.47368421052631576
itercount --------> 10
[0, 4, 3]
[0, 4, 1]
[0, 4, 2]
[0, 4, 5]
[0, 4, 6]
[0, 4, 7]
[0, 4, 3, 1]
[0, 4, 3, 2]
0.47368421052631576 0.5333333333333333
itercount --------> 11
[4, 3, 7]
[4, 3, 6]
[4, 3, 0]
[4, 3, 1]
[4, 3, 2]
[4, 3, 5]
[4, 3, 7, 6]
[4, 3, 7, 0]
0.5333333333333333 0.6
itercount --------> 12
[4, 3, 7]
[4, 3, 6]
[4, 3, 0]
[4, 3, 1]
[4, 3, 2]
[4, 3, 5]
[4, 3, 7, 6]
[4, 3, 7, 0]
[4, 3, 7, 1]
[4, 3, 7, 2]
[4, 3, 7, 5]
[4, 3, 7, 6, 0]
[4, 3, 7, 6, 1]
[4, 3, 7, 6, 2]
[4, 3, 7, 6, 5]
[4, 3, 7, 6, 0, 1]
[4, 3, 7, 6, 0, 2]
[4, 3, 7, 6, 0, 5]
[4, 3, 7, 6, 0, 1, 2]
[4, 3, 7, 6, 0, 1, 5]
[4, 3, 7, 6, 0, 1, 2, 5]
failed -> 49 times
after fail n ======> 8
[0, 1, 2, 5, 4, 3, 6, 7]
0.05263157894736842 0.09090909090909091
itercount --------> 1
[2, 1, 0]
0.09090909090909091 0.09375
itercount --------> 2
[2, 0, 1]
[2, 0, 4]
[2, 0, 5]
0.09375 0.14285714285714285
itercount --------> 3
[2, 3, 6]
0.14285714285714285 0.16666666666666666
itercount --------> 4
[2, 4, 0]
[2, 4, 1]
0.16666666666666666 0.25
itercount --------> 5
[2, 4, 0]
0.25 0.2631578947368421
itercount --------> 6
[0, 4, 7]
0.2631578947368421 0.26666666666666666
itercount --------> 7
[0, 1, 2]
[0, 1, 5]
[0, 1, 7]
0.26666666666666666 0.2857142857142857
itercount --------> 8
[0, 4, 3]
0.2857142857142857 0.3125
itercount --------> 9
[0, 3, 7]
[0, 3, 4]
0.3125 0.36363636363636365
itercount --------> 10
[0, 4, 3]
[0, 4, 6]
0.36363636363636365 0.5
itercount --------> 11
[0, 4, 3]
[0, 4, 6]
[0, 4, 7]
[0, 4, 1]
[0, 4, 2]
[0, 4, 5]
[0, 4, 3, 6]
[0, 4, 3, 7]
[0, 4, 3, 1]
[0, 4, 3, 2]
0.5 0.6
itercount --------> 12
[4, 3, 6]
[4, 3, 7]
[4, 3, 0]
[4, 3, 1]
[4, 3, 2]
[4, 3, 5]
[4, 3, 6, 7]
[4, 3, 6, 0]
[4, 3, 6, 1]
[4, 3, 6, 2]
[4, 3, 6, 5]
[4, 3, 6, 7, 0]
[4, 3, 6, 7, 1]
[4, 3, 6, 7, 2]
[4, 3, 6, 7, 5]
[4, 3, 6, 7, 0, 1]
[4, 3, 6, 7, 0, 2]
[4, 3, 6, 7, 0, 5]
[4, 3, 6, 7, 0, 1, 2]
[4, 3, 6, 7, 0, 1, 5]
[4, 3, 6, 7, 0, 1, 2, 5]
failed -> 50 times
after fail n ======> 5
Runs with the maximum attractor JI -> [2, 6, 7, 11, 12, 17, 20, 24, 25, 26, 28, 30, 35, 36, 41, 46]
