{0: 43, 1: 43, 2: 43, 6: 28, 5: 24, 4: 20, 7: 20, 3: 12}
[0, 1, 2]
0.1016949152542373 0.2608695652173913
itercount --------> 1
[0, 1, 2]
[0, 1, 6]
[0, 1, 5]
[0, 1, 4]
[0, 1, 7]
[0, 1, 3]
[0, 1, 2, 6]
0.2608695652173913 0.27586206896551724
itercount --------> 2
[0, 3, 5]
[0, 3, 4]
[0, 3, 7]
[0, 3, 1]
[0, 3, 2]
0.27586206896551724 0.3076923076923077
itercount --------> 3
[0, 3, 4]
0.3076923076923077 0.3793103448275862
itercount --------> 4
[0, 7, 6]
[0, 7, 1]
[0, 7, 2]
[0, 7, 4]
0.3793103448275862 0.41379310344827586
itercount --------> 5
[0, 1, 2]
[0, 1, 4]
0.41379310344827586 0.45161290322580644
itercount --------> 6
[0, 1, 2]
[0, 1, 6]
[0, 1, 3]
[0, 1, 5]
[0, 1, 4]
[0, 1, 7]
[0, 1, 2, 6]
[0, 1, 2, 3]
[0, 1, 2, 5]
0.45161290322580644 0.47619047619047616
itercount --------> 7
[0, 1, 2]
[0, 1, 3]
[0, 1, 4]
0.47619047619047616 0.5263157894736842
itercount --------> 8
[0, 1, 2]
[0, 1, 3]
[0, 1, 5]
[0, 1, 4]
[0, 1, 6]
[0, 1, 7]
[0, 1, 2, 3]
[0, 1, 2, 5]
[0, 1, 2, 4]
[0, 1, 2, 6]
[0, 1, 2, 7]
0.5263157894736842 0.5555555555555556
itercount --------> 9
[3, 0, 1]
[3, 0, 2]
[3, 0, 5]
[3, 0, 4]
[3, 0, 6]
0.5555555555555556 0.631578947368421
itercount --------> 10
[0, 1, 2]
[0, 1, 4]
[0, 1, 5]
[0, 1, 3]
[0, 1, 7]
[0, 1, 6]
[0, 1, 2, 4]
[0, 1, 2, 5]
[0, 1, 2, 3]
0.631578947368421 0.6666666666666666
itercount --------> 11
[4, 0, 1]
[4, 0, 2]
[4, 0, 3]
0.6666666666666666 0.75
itercount --------> 12
[0, 1, 2]
[0, 1, 5]
[0, 1, 3]
[0, 1, 4]
[0, 1, 7]
[0, 1, 6]
[0, 1, 2, 5]
[0, 1, 2, 3]
[0, 1, 2, 4]
[0, 1, 2, 7]
[0, 1, 2, 6]
[0, 1, 2, 5, 3]
[0, 1, 2, 5, 4]
[0, 1, 2, 5, 7]
[0, 1, 2, 5, 6]
[0, 1, 2, 5, 3, 4]
[0, 1, 2, 5, 3, 7]
[0, 1, 2, 5, 3, 6]
[0, 1, 2, 5, 3, 4, 7]
[0, 1, 2, 5, 3, 4, 6]
[0, 1, 2, 5, 3, 4, 7, 6]
failed Once
after fail n ======> 4
[0, 1, 2, 6]
0.1016949152542373 0.10810810810810811
itercount --------> 1
[0, 1, 6]
0.10810810810810811 0.16
itercount --------> 2
[2, 0, 1]
0.16 0.21052631578947367
itercount --------> 3
[0, 1, 2]
[0, 1, 5]
[0, 1, 6]
0.21052631578947367 0.2608695652173913
itercount --------> 4
[1, 6, 4]
[1, 6, 7]
0.2608695652173913 0.2692307692307692
itercount --------> 5
[1, 4, 5]
[1, 4, 6]
0.2692307692307692 0.35
itercount --------> 6
[1, 6, 4]
[1, 6, 7]
[1, 6, 3]
[1, 6, 0]
[1, 6, 2]
0.35 0.3684210526315789
itercount --------> 7
[0, 1, 2]
[0, 1, 5]
[0, 1, 4]
[0, 1, 6]
[0, 1, 7]
[0, 1, 3]
[0, 1, 2, 5]
[0, 1, 2, 4]
[0, 1, 2, 6]
[0, 1, 2, 7]
0.3684210526315789 0.3888888888888889
itercount --------> 8
[0, 1, 2]
[0, 1, 4]
[0, 1, 6]
[0, 1, 7]
[0, 1, 5]
[0, 1, 3]
[0, 1, 2, 4]
[0, 1, 2, 6]
[0, 1, 2, 7]
[0, 1, 2, 5]
[0, 1, 2, 3]
[0, 1, 2, 4, 6]
[0, 1, 2, 4, 7]
0.3888888888888889 0.42105263157894735
itercount --------> 9
[3, 5, 7]
[3, 5, 4]
[3, 5, 6]
0.42105263157894735 0.5555555555555556
itercount --------> 10
[0, 1, 2]
[0, 1, 4]
[0, 1, 7]
[0, 1, 3]
[0, 1, 5]
[0, 1, 6]
[0, 1, 2, 4]
[0, 1, 2, 7]
[0, 1, 2, 3]
[0, 1, 2, 5]
[0, 1, 2, 6]
[0, 1, 2, 4, 7]
[0, 1, 2, 4, 3]
[0, 1, 2, 4, 5]
[0, 1, 2, 4, 6]
[0, 1, 2, 4, 7, 3]
[0, 1, 2, 4, 7, 5]
[0, 1, 2, 4, 7, 6]
[0, 1, 2, 4, 7, 3, 5]
[0, 1, 2, 4, 7, 3, 6]
[0, 1, 2, 4, 7, 3, 5, 6]
failed -> 2 times
after fail n ======> 5
[0, 1, 2, 6, 5]
0.1016949152542373 0.10810810810810811
itercount --------> 1
[1, 2, 6]
0.10810810810810811 0.21052631578947367
itercount --------> 2
[0, 1, 2]
[0, 1, 5]
[0, 1, 6]
0.21052631578947367 0.2608695652173913
itercount --------> 3
[0, 6, 4]
[0, 6, 7]
0.2608695652173913 0.2857142857142857
itercount --------> 4
[0, 3, 7]
[0, 3, 4]
[0, 3, 6]
[0, 3, 5]
[0, 3, 1]
[0, 3, 2]
[0, 3, 7, 4]
0.2857142857142857 0.30434782608695654
itercount --------> 5
[0, 4, 5]
0.30434782608695654 0.4
itercount --------> 6
[3, 6, 4]
[3, 6, 5]
0.4 0.5263157894736842
itercount --------> 7
[3, 0, 6]
[3, 0, 4]
[3, 0, 7]
[3, 0, 1]
[3, 0, 2]
[3, 0, 5]
[3, 0, 6, 4]
[3, 0, 6, 7]
[3, 0, 6, 1]
[3, 0, 6, 2]
0.5263157894736842 0.5555555555555556
itercount --------> 8
[0, 1, 2]
[0, 1, 4]
[0, 1, 7]
[0, 1, 3]
[0, 1, 5]
[0, 1, 6]
[0, 1, 2, 4]
[0, 1, 2, 7]
[0, 1, 2, 3]
[0, 1, 2, 5]
[0, 1, 2, 6]
[0, 1, 2, 4, 7]
[0, 1, 2, 4, 3]
[0, 1, 2, 4, 5]
[0, 1, 2, 4, 6]
[0, 1, 2, 4, 7, 3]
[0, 1, 2, 4, 7, 5]
[0, 1, 2, 4, 7, 6]
[0, 1, 2, 4, 7, 3, 5]
[0, 1, 2, 4, 7, 3, 6]
[0, 1, 2, 4, 7, 3, 5, 6]
failed -> 3 times
after fail n ======> 6
[0, 1, 2, 6, 5, 4]
0.1016949152542373 0.10810810810810811
itercount --------> 1
[1, 2, 6]
0.10810810810810811 0.1935483870967742
itercount --------> 2
[1, 0, 5]
0.1935483870967742 0.2608695652173913
itercount --------> 3
[1, 2, 6]
[1, 2, 3]
[1, 2, 4]
[1, 2, 7]
[1, 2, 0]
0.2608695652173913 0.3157894736842105
itercount --------> 4
[0, 1, 2]
[0, 1, 5]
0.3157894736842105 0.32
itercount --------> 5
[5, 3, 4]
[5, 3, 6]
0.32 0.37037037037037035
itercount --------> 6
[4, 0, 1]
0.37037037037037035 0.4
itercount --------> 7
[1, 5, 0]
0.4 0.45454545454545453
itercount --------> 8
[1, 0, 2]
[1, 0, 3]
0.45454545454545453 0.47619047619047616
itercount --------> 9
[0, 1, 2]
[0, 1, 5]
[0, 1, 4]
[0, 1, 3]
0.47619047619047616 0.5263157894736842
itercount --------> 10
[0, 1, 2]
[0, 1, 5]
[0, 1, 4]
[0, 1, 3]
[0, 1, 6]
[0, 1, 7]
[0, 1, 2, 5]
[0, 1, 2, 4]
[0, 1, 2, 3]
[0, 1, 2, 6]
[0, 1, 2, 7]
[0, 1, 2, 5, 4]
0.5263157894736842 0.5555555555555556
itercount --------> 11
[4, 0, 1]
[4, 0, 2]
[4, 0, 5]
[4, 0, 3]
0.5555555555555556 0.631578947368421
itercount --------> 12
[0, 1, 5]
[0, 1, 7]
[0, 1, 4]
[0, 1, 2]
[0, 1, 3]
[0, 1, 6]
[0, 1, 5, 7]
0.631578947368421 0.6842105263157895
itercount --------> 13
[7, 5, 3]
[7, 5, 4]
[7, 5, 0]
[7, 5, 1]
[7, 5, 2]
[7, 5, 6]
[7, 5, 3, 4]
0.6842105263157895 0.75
itercount --------> 14
[5, 0, 1]
[5, 0, 2]
[5, 0, 3]
[5, 0, 4]
0.75 0.7619047619047619
itercount --------> 15
[3, 5, 0]
[3, 5, 1]
[3, 5, 2]
[3, 5, 4]
[3, 5, 7]
[3, 5, 6]
[3, 5, 0, 1]
[3, 5, 0, 2]
[3, 5, 0, 4]
[3, 5, 0, 7]
[3, 5, 0, 6]
[3, 5, 0, 1, 2]
[3, 5, 0, 1, 4]
[3, 5, 0, 1, 7]
0.7619047619047619 0.7894736842105263
itercount --------> 16
[5, 3, 0]
[5, 3, 1]
[5, 3, 2]
[5, 3, 4]
[5, 3, 7]
[5, 3, 6]
[5, 3, 0, 1]
[5, 3, 0, 2]
[5, 3, 0, 4]
[5, 3, 0, 7]
[5, 3, 0, 6]
[5, 3, 0, 1, 2]
[5, 3, 0, 1, 4]
[5, 3, 0, 1, 7]
[5, 3, 0, 1, 6]
[5, 3, 0, 1, 2, 4]
[5, 3, 0, 1, 2, 7]
[5, 3, 0, 1, 2, 6]
[5, 3, 0, 1, 2, 4, 7]
[5, 3, 0, 1, 2, 4, 6]
[5, 3, 0, 1, 2, 4, 7, 6]
failed -> 4 times
after fail n ======> 7
[0, 1, 2, 6, 5, 4, 7]
0.1016949152542373 0.10810810810810811
itercount --------> 1
[0, 2, 1]
0.10810810810810811 0.21052631578947367
itercount --------> 2
[0, 1, 2]
[0, 1, 7]
0.21052631578947367 0.2608695652173913
itercount --------> 3
[1, 2, 4]
0.2608695652173913 0.3
itercount --------> 4
[1, 2, 4]
[1, 2, 3]
[1, 2, 0]
0.3 0.3157894736842105
itercount --------> 5
[0, 1, 2]
[0, 1, 4]
[0, 1, 7]
[0, 1, 3]
[0, 1, 6]
[0, 1, 5]
[0, 1, 2, 4]
[0, 1, 2, 7]
0.3157894736842105 0.3333333333333333
itercount --------> 6
[4, 3, 5]
0.3333333333333333 0.35
itercount --------> 7
[0, 1, 2]
[0, 1, 4]
[0, 1, 6]
0.35 0.3684210526315789
itercount --------> 8
[0, 1, 2]
[0, 1, 4]
[0, 1, 6]
[0, 1, 3]
[0, 1, 5]
[0, 1, 7]
[0, 1, 2, 4]
[0, 1, 2, 6]
[0, 1, 2, 3]
[0, 1, 2, 5]
0.3684210526315789 0.3888888888888889
itercount --------> 9
[0, 1, 2]
[0, 1, 4]
[0, 1, 5]
[0, 1, 7]
[0, 1, 3]
[0, 1, 6]
[0, 1, 2, 4]
[0, 1, 2, 5]
[0, 1, 2, 7]
[0, 1, 2, 3]
[0, 1, 2, 6]
[0, 1, 2, 4, 5]
[0, 1, 2, 4, 7]
0.3888888888888889 0.4444444444444444
itercount --------> 10
[0, 1, 2]
[0, 1, 5]
[0, 1, 4]
[0, 1, 3]
[0, 1, 6]
[0, 1, 7]
[0, 1, 2, 5]
[0, 1, 2, 4]
[0, 1, 2, 3]
[0, 1, 2, 6]
[0, 1, 2, 7]
[0, 1, 2, 5, 4]
[0, 1, 2, 5, 3]
[0, 1, 2, 5, 6]
[0, 1, 2, 5, 7]
[0, 1, 2, 5, 4, 3]
[0, 1, 2, 5, 4, 6]
[0, 1, 2, 5, 4, 7]
[0, 1, 2, 5, 4, 3, 6]
0.4444444444444444 0.47368421052631576
itercount --------> 11
[4, 3, 6]
[4, 3, 7]
[4, 3, 5]
[4, 3, 0]
[4, 3, 1]
[4, 3, 2]
[4, 3, 6, 7]
[4, 3, 6, 5]
[4, 3, 6, 0]
[4, 3, 6, 1]
[4, 3, 6, 2]
[4, 3, 6, 7, 5]
[4, 3, 6, 7, 0]
[4, 3, 6, 7, 1]
0.47368421052631576 0.7142857142857143
itercount --------> 12
[1, 5, 0]
0.7142857142857143 0.7894736842105263
itercount --------> 13
[5, 3, 0]
[5, 3, 1]
[5, 3, 2]
[5, 3, 4]
[5, 3, 7]
[5, 3, 6]
[5, 3, 0, 1]
[5, 3, 0, 2]
[5, 3, 0, 4]
[5, 3, 0, 7]
[5, 3, 0, 6]
[5, 3, 0, 1, 2]
[5, 3, 0, 1, 4]
[5, 3, 0, 1, 7]
[5, 3, 0, 1, 6]
[5, 3, 0, 1, 2, 4]
[5, 3, 0, 1, 2, 7]
[5, 3, 0, 1, 2, 6]
[5, 3, 0, 1, 2, 4, 7]
[5, 3, 0, 1, 2, 4, 6]
[5, 3, 0, 1, 2, 4, 7, 6]
failed -> 5 times
after fail n ======> 8
[0, 1, 2, 6, 5, 4, 7, 3]
0.1016949152542373 0.11764705882352941
itercount --------> 1
[1, 2, 5]
0.11764705882352941 0.21052631578947367
itercount --------> 2
[0, 1, 2]
[0, 1, 5]
0.21052631578947367 0.2608695652173913
itercount --------> 3
[1, 6, 4]
[1, 6, 7]
[1, 6, 3]
0.2608695652173913 0.3333333333333333
itercount --------> 4
[3, 1, 5]
0.3333333333333333 0.3684210526315789
itercount --------> 5
[0, 1, 2]
[0, 1, 5]
[0, 1, 6]
[0, 1, 3]
[0, 1, 4]
[0, 1, 7]
[0, 1, 2, 5]
[0, 1, 2, 6]
[0, 1, 2, 3]
[0, 1, 2, 4]
[0, 1, 2, 7]
[0, 1, 2, 5, 6]
[0, 1, 2, 5, 3]
0.3684210526315789 0.38095238095238093
itercount --------> 6
[0, 1, 7]
[0, 1, 3]
[0, 1, 4]
[0, 1, 6]
[0, 1, 2]
0.38095238095238093 0.42105263157894735
itercount --------> 7
[0, 1, 2]
[0, 1, 5]
[0, 1, 7]
0.42105263157894735 0.4444444444444444
itercount --------> 8
[5, 0, 1]
[5, 0, 2]
[5, 0, 3]
0.4444444444444444 0.45
itercount --------> 9
[3, 4, 0]
[3, 4, 7]
0.45 0.5
itercount --------> 10
[5, 0, 3]
0.5 0.55
itercount --------> 11
[3, 5, 6]
[3, 5, 0]
[3, 5, 1]
[3, 5, 2]
[3, 5, 4]
[3, 5, 7]
[3, 5, 6, 0]
[3, 5, 6, 1]
[3, 5, 6, 2]
[3, 5, 6, 4]
[3, 5, 6, 7]
[3, 5, 6, 0, 1]
[3, 5, 6, 0, 2]
[3, 5, 6, 0, 4]
[3, 5, 6, 0, 7]
[3, 5, 6, 0, 1, 2]
[3, 5, 6, 0, 1, 4]
0.55 0.5789473684210527
itercount --------> 12
[3, 6, 5]
[3, 6, 4]
[3, 6, 7]
[3, 6, 0]
[3, 6, 1]
[3, 6, 2]
[3, 6, 5, 4]
[3, 6, 5, 7]
[3, 6, 5, 0]
0.5789473684210527 0.6
itercount --------> 13
[3, 4, 5]
[3, 4, 7]
[3, 4, 6]
[3, 4, 0]
[3, 4, 1]
[3, 4, 2]
[3, 4, 5, 7]
[3, 4, 5, 6]
[3, 4, 5, 0]
[3, 4, 5, 1]
[3, 4, 5, 2]
[3, 4, 5, 7, 6]
[3, 4, 5, 7, 0]
[3, 4, 5, 7, 1]
[3, 4, 5, 7, 2]
[3, 4, 5, 7, 6, 0]
[3, 4, 5, 7, 6, 1]
[3, 4, 5, 7, 6, 2]
[3, 4, 5, 7, 6, 0, 1]
[3, 4, 5, 7, 6, 0, 2]
[3, 4, 5, 7, 6, 0, 1, 2]
failed -> 6 times
after fail n ======> 5
[0, 1, 2, 6, 5]
0.1016949152542373 0.10810810810810811
itercount --------> 1
[1, 2, 6]
0.10810810810810811 0.1935483870967742
itercount --------> 2
[2, 0, 5]
0.1935483870967742 0.2608695652173913
itercount --------> 3
[1, 2, 6]
[1, 2, 3]
[1, 2, 4]
[1, 2, 7]
[1, 2, 0]
0.2608695652173913 0.3157894736842105
itercount --------> 4
[0, 1, 2]
[0, 1, 5]
0.3157894736842105 0.32
itercount --------> 5
[1, 2, 5]
[1, 2, 3]
[1, 2, 4]
0.32 0.3333333333333333
itercount --------> 6
[2, 5, 3]
0.3333333333333333 0.34782608695652173
itercount --------> 7
[2, 4, 6]
[2, 4, 7]
[2, 4, 1]
[2, 4, 3]
[2, 4, 0]
[2, 4, 5]
0.34782608695652173 0.37037037037037035
itercount --------> 8
[2, 6, 4]
[2, 6, 7]
[2, 6, 1]
[2, 6, 5]
0.37037037037037035 0.391304347826087
itercount --------> 9
[2, 6, 7]
[2, 6, 1]
[2, 6, 3]
0.391304347826087 0.42857142857142855
itercount --------> 10
[2, 3, 5]
[2, 3, 4]
[2, 3, 6]
[2, 3, 7]
[2, 3, 0]
0.42857142857142855 0.47368421052631576
itercount --------> 11
[2, 3, 5]
[2, 3, 4]
0.47368421052631576 0.5
itercount --------> 12
[6, 5, 7]
[6, 5, 3]
0.5 0.5909090909090909
itercount --------> 13
[2, 5, 7]
[2, 5, 0]
[2, 5, 4]
[2, 5, 1]
0.5909090909090909 0.631578947368421
itercount --------> 14
[0, 2, 5]
[0, 2, 7]
[0, 2, 4]
[0, 2, 1]
[0, 2, 3]
[0, 2, 6]
[0, 2, 5, 7]
0.631578947368421 0.65
itercount --------> 15
[7, 5, 2]
[7, 5, 4]
[7, 5, 3]
[7, 5, 0]
[7, 5, 1]
0.65 0.6666666666666666
itercount --------> 16
[4, 0, 1]
[4, 0, 2]
[4, 0, 5]
[4, 0, 7]
[4, 0, 6]
[4, 0, 3]
[4, 0, 1, 2]
[4, 0, 1, 5]
[4, 0, 1, 7]
[4, 0, 1, 6]
[4, 0, 1, 3]
[4, 0, 1, 2, 5]
[4, 0, 1, 2, 7]
0.6666666666666666 0.75
itercount --------> 17
[5, 0, 1]
0.75 0.7619047619047619
itercount --------> 18
[3, 5, 0]
[3, 5, 1]
[3, 5, 2]
[3, 5, 4]
[3, 5, 7]
[3, 5, 6]
[3, 5, 0, 1]
0.7619047619047619 0.8
itercount --------> 19
[0, 1, 2]
[0, 1, 5]
[0, 1, 3]
[0, 1, 4]
0.8 0.8421052631578947
itercount --------> 20
[0, 1, 2]
[0, 1, 3]
[0, 1, 4]
[0, 1, 5]
[0, 1, 6]
[0, 1, 7]
[0, 1, 2, 3]
[0, 1, 2, 4]
[0, 1, 2, 5]
[0, 1, 2, 6]
[0, 1, 2, 7]
[0, 1, 2, 3, 4]
[0, 1, 2, 3, 5]
[0, 1, 2, 3, 6]
[0, 1, 2, 3, 7]
[0, 1, 2, 3, 4, 5]
[0, 1, 2, 3, 4, 6]
[0, 1, 2, 3, 4, 7]
[0, 1, 2, 3, 4, 5, 6]
[0, 1, 2, 3, 4, 5, 7]
[0, 1, 2, 3, 4, 5, 6, 7]
failed -> 7 times
after fail n ======> 6
[0, 1, 2, 6, 5, 4]
0.1016949152542373 0.11764705882352941
itercount --------> 1
[1, 2, 5]
[1, 2, 6]
0.11764705882352941 0.14814814814814814
itercount --------> 2
[6, 5, 3]
0.14814814814814814 0.16
itercount --------> 3
[6, 5, 0]
0.16 0.21052631578947367
itercount --------> 4
[0, 1, 2]
[0, 1, 5]
[0, 1, 6]
[0, 1, 3]
[0, 1, 4]
[0, 1, 7]
[0, 1, 2, 5]
[0, 1, 2, 6]
0.21052631578947367 0.2222222222222222
itercount --------> 5
[2, 1, 4]
0.2222222222222222 0.3157894736842105
itercount --------> 6
[5, 0, 1]
[5, 0, 2]
[5, 0, 6]
0.3157894736842105 0.47619047619047616
itercount --------> 7
[5, 4, 7]
0.47619047619047616 0.48148148148148145
itercount --------> 8
[5, 3, 4]
[5, 3, 7]
[5, 3, 6]
[5, 3, 0]
[5, 3, 1]
[5, 3, 2]
[5, 3, 4, 7]
[5, 3, 4, 6]
[5, 3, 4, 0]
[5, 3, 4, 1]
[5, 3, 4, 2]
[5, 3, 4, 7, 6]
0.48148148148148145 0.5217391304347826
itercount --------> 9
[5, 4, 3]
[5, 4, 0]
[5, 4, 1]
0.5217391304347826 0.55
itercount --------> 10
[3, 4, 5]
[3, 4, 0]
[3, 4, 1]
[3, 4, 2]
[3, 4, 7]
[3, 4, 6]
[3, 4, 5, 0]
[3, 4, 5, 1]
[3, 4, 5, 2]
[3, 4, 5, 7]
[3, 4, 5, 6]
[3, 4, 5, 0, 1]
[3, 4, 5, 0, 2]
[3, 4, 5, 0, 7]
[3, 4, 5, 0, 6]
[3, 4, 5, 0, 1, 2]
0.55 0.5714285714285714
itercount --------> 11
[0, 1, 2]
[0, 1, 4]
[0, 1, 5]
[0, 1, 3]
[0, 1, 6]
[0, 1, 7]
[0, 1, 2, 4]
[0, 1, 2, 5]
[0, 1, 2, 3]
[0, 1, 2, 6]
[0, 1, 2, 7]
[0, 1, 2, 4, 5]
[0, 1, 2, 4, 3]
0.5714285714285714 0.631578947368421
itercount --------> 12
[0, 1, 2]
[0, 1, 4]
[0, 1, 3]
[0, 1, 5]
[0, 1, 6]
[0, 1, 7]
[0, 1, 2, 4]
[0, 1, 2, 3]
[0, 1, 2, 5]
[0, 1, 2, 6]
[0, 1, 2, 7]
[0, 1, 2, 4, 3]
[0, 1, 2, 4, 5]
[0, 1, 2, 4, 6]
[0, 1, 2, 4, 7]
[0, 1, 2, 4, 3, 5]
[0, 1, 2, 4, 3, 6]
[0, 1, 2, 4, 3, 7]
[0, 1, 2, 4, 3, 5, 6]
[0, 1, 2, 4, 3, 5, 7]
[0, 1, 2, 4, 3, 5, 6, 7]
0.631578947368421 0.75
itercount --------> 13
[0, 1, 2]
[0, 1, 5]
[0, 1, 3]
[0, 1, 4]
[0, 1, 7]
[0, 1, 6]
[0, 1, 2, 5]
[0, 1, 2, 3]
[0, 1, 2, 4]
[0, 1, 2, 7]
0.75 0.7894736842105263
itercount --------> 14
[5, 3, 0]
[5, 3, 1]
[5, 3, 2]
[5, 3, 4]
[5, 3, 7]
[5, 3, 6]
[5, 3, 0, 1]
[5, 3, 0, 2]
[5, 3, 0, 4]
[5, 3, 0, 7]
[5, 3, 0, 6]
[5, 3, 0, 1, 2]
[5, 3, 0, 1, 4]
[5, 3, 0, 1, 7]
[5, 3, 0, 1, 6]
[5, 3, 0, 1, 2, 4]
[5, 3, 0, 1, 2, 7]
[5, 3, 0, 1, 2, 6]
[5, 3, 0, 1, 2, 4, 7]
[5, 3, 0, 1, 2, 4, 6]
[5, 3, 0, 1, 2, 4, 7, 6]
failed -> 8 times
after fail n ======> 7
[0, 1, 2, 6, 5, 4, 7]
0.1016949152542373 0.10810810810810811
itercount --------> 1
[0, 1, 2]
0.10810810810810811 0.16
itercount --------> 2
[0, 7, 6]
0.16 0.21052631578947367
itercount --------> 3
[7, 0, 1]
0.21052631578947367 0.2608695652173913
itercount --------> 4
[0, 6, 7]
0.2608695652173913 0.26666666666666666
itercount --------> 5
[0, 3, 4]
[0, 3, 7]
0.26666666666666666 0.3103448275862069
itercount --------> 6
[0, 3, 7]
[0, 3, 6]
[0, 3, 4]
[0, 3, 5]
[0, 3, 1]
0.3103448275862069 0.3333333333333333
itercount --------> 7
[0, 1, 3]
[0, 1, 7]
[0, 1, 4]
[0, 1, 5]
[0, 1, 2]
[0, 1, 6]
[0, 1, 3, 7]
[0, 1, 3, 4]
[0, 1, 3, 5]
0.3333333333333333 0.3448275862068966
itercount --------> 8
[0, 1, 3]
[0, 1, 7]
[0, 1, 4]
[0, 1, 5]
0.3448275862068966 0.35714285714285715
itercount --------> 9
[0, 7, 3]
[0, 7, 4]
0.35714285714285715 0.4074074074074074
itercount --------> 10
[0, 4, 5]
[0, 4, 3]
[0, 4, 6]
[0, 4, 7]
[0, 4, 1]
0.4074074074074074 0.5
itercount --------> 11
[4, 3, 5]
[4, 3, 7]
[4, 3, 6]
[4, 3, 0]
[4, 3, 1]
[4, 3, 2]
[4, 3, 5, 7]
[4, 3, 5, 6]
[4, 3, 5, 0]
[4, 3, 5, 1]
[4, 3, 5, 2]
0.5 0.5263157894736842
itercount --------> 12
[4, 3, 7]
[4, 3, 5]
[4, 3, 6]
[4, 3, 0]
[4, 3, 1]
[4, 3, 2]
[4, 3, 7, 5]
[4, 3, 7, 6]
[4, 3, 7, 0]
[4, 3, 7, 1]
[4, 3, 7, 2]
[4, 3, 7, 5, 6]
[4, 3, 7, 5, 0]
0.5263157894736842 0.55
itercount --------> 13
[0, 4, 1]
[0, 4, 2]
[0, 4, 3]
0.55 0.6521739130434783
itercount --------> 14
[1, 5, 2]
[1, 5, 3]
[1, 5, 0]
[1, 5, 4]
[1, 5, 7]
[1, 5, 6]
[1, 5, 2, 3]
0.6521739130434783 0.6818181818181818
itercount --------> 15
[0, 1, 2]
0.6818181818181818 0.7142857142857143
itercount --------> 16
[0, 1, 2]
[0, 1, 5]
[0, 1, 3]
[0, 1, 4]
[0, 1, 7]
[0, 1, 6]
[0, 1, 2, 5]
[0, 1, 2, 3]
[0, 1, 2, 4]
0.7142857142857143 0.75
itercount --------> 17
[5, 0, 1]
[5, 0, 2]
[5, 0, 3]
[5, 0, 4]
[5, 0, 7]
[5, 0, 6]
[5, 0, 1, 2]
[5, 0, 1, 3]
0.75 0.7894736842105263
itercount --------> 18
[5, 3, 0]
[5, 3, 1]
[5, 3, 2]
[5, 3, 4]
[5, 3, 7]
[5, 3, 6]
[5, 3, 0, 1]
[5, 3, 0, 2]
[5, 3, 0, 4]
[5, 3, 0, 7]
[5, 3, 0, 6]
[5, 3, 0, 1, 2]
[5, 3, 0, 1, 4]
[5, 3, 0, 1, 7]
[5, 3, 0, 1, 6]
[5, 3, 0, 1, 2, 4]
[5, 3, 0, 1, 2, 7]
[5, 3, 0, 1, 2, 6]
[5, 3, 0, 1, 2, 4, 7]
[5, 3, 0, 1, 2, 4, 6]
[5, 3, 0, 1, 2, 4, 7, 6]
failed -> 9 times
after fail n ======> 8
[0, 1, 2, 6, 5, 4, 7, 3]
0.1016949152542373 0.10810810810810811
itercount --------> 1
[1, 2, 6]
0.10810810810810811 0.16
itercount --------> 2
[0, 1, 2]
0.16 0.21052631578947367
itercount --------> 3
[0, 1, 2]
[0, 1, 5]
[0, 1, 6]
0.21052631578947367 0.3157894736842105
itercount --------> 4
[5, 0, 1]
[5, 0, 2]
[5, 0, 6]
0.3157894736842105 0.32
itercount --------> 5
[5, 6, 3]
0.32 0.3225806451612903
itercount --------> 6
[5, 4, 3]
0.3225806451612903 0.4
itercount --------> 7
[5, 4, 7]
[5, 4, 6]
[5, 4, 0]
[5, 4, 1]
0.4 0.42105263157894735
itercount --------> 8
[0, 1, 2]
[0, 1, 5]
[0, 1, 4]
[0, 1, 7]
[0, 1, 3]
[0, 1, 6]
[0, 1, 2, 5]
0.42105263157894735 0.47619047619047616
itercount --------> 9
[5, 4, 7]
0.47619047619047616 0.5217391304347826
itercount --------> 10
[5, 4, 3]
[5, 4, 0]
0.5217391304347826 0.55
itercount --------> 11
[3, 4, 5]
[3, 4, 0]
[3, 4, 1]
[3, 4, 2]
[3, 4, 7]
[3, 4, 6]
[3, 4, 5, 0]
[3, 4, 5, 1]
[3, 4, 5, 2]
[3, 4, 5, 7]
[3, 4, 5, 6]
[3, 4, 5, 0, 1]
0.55 0.5714285714285714
itercount --------> 12
[0, 1, 2]
[0, 1, 5]
[0, 1, 3]
[0, 1, 4]
[0, 1, 6]
[0, 1, 7]
[0, 1, 2, 5]
[0, 1, 2, 3]
[0, 1, 2, 4]
0.5714285714285714 0.631578947368421
itercount --------> 13
[0, 1, 2]
[0, 1, 4]
[0, 1, 3]
[0, 1, 5]
[0, 1, 6]
[0, 1, 7]
[0, 1, 2, 4]
[0, 1, 2, 3]
[0, 1, 2, 5]
[0, 1, 2, 6]
[0, 1, 2, 7]
[0, 1, 2, 4, 3]
[0, 1, 2, 4, 5]
[0, 1, 2, 4, 6]
[0, 1, 2, 4, 7]
[0, 1, 2, 4, 3, 5]
[0, 1, 2, 4, 3, 6]
[0, 1, 2, 4, 3, 7]
[0, 1, 2, 4, 3, 5, 6]
0.631578947368421 0.75
itercount --------> 14
[0, 1, 2]
[0, 1, 5]
[0, 1, 3]
[0, 1, 4]
[0, 1, 7]
0.75 0.7894736842105263
itercount --------> 15
[5, 3, 0]
[5, 3, 1]
[5, 3, 2]
[5, 3, 4]
[5, 3, 7]
[5, 3, 6]
[5, 3, 0, 1]
[5, 3, 0, 2]
[5, 3, 0, 4]
[5, 3, 0, 7]
[5, 3, 0, 6]
[5, 3, 0, 1, 2]
[5, 3, 0, 1, 4]
[5, 3, 0, 1, 7]
[5, 3, 0, 1, 6]
[5, 3, 0, 1, 2, 4]
[5, 3, 0, 1, 2, 7]
[5, 3, 0, 1, 2, 6]
[5, 3, 0, 1, 2, 4, 7]
[5, 3, 0, 1, 2, 4, 6]
[5, 3, 0, 1, 2, 4, 7, 6]
failed -> 10 times
after fail n ======> 5
[0, 1, 2, 6, 5]
0.1016949152542373 0.17142857142857143
itercount --------> 1
[1, 6, 0]
[1, 6, 2]
0.17142857142857143 0.21052631578947367
itercount --------> 2
[0, 1, 2]
[0, 1, 5]
[0, 1, 6]
0.21052631578947367 0.3157894736842105
itercount --------> 3
[5, 0, 1]
[5, 0, 2]
[5, 0, 6]
0.3157894736842105 0.32
itercount --------> 4
[0, 1, 5]
[0, 1, 3]
[0, 1, 4]
0.32 0.3333333333333333
itercount --------> 5
[1, 5, 3]
[1, 5, 4]
0.3333333333333333 0.35
itercount --------> 6
[1, 5, 6]
[1, 5, 4]
0.35 0.3888888888888889
itercount --------> 7
[0, 1, 2]
[0, 1, 5]
[0, 1, 3]
[0, 1, 4]
[0, 1, 6]
[0, 1, 7]
[0, 1, 2, 5]
[0, 1, 2, 3]
[0, 1, 2, 4]
[0, 1, 2, 6]
[0, 1, 2, 7]
[0, 1, 2, 5, 3]
[0, 1, 2, 5, 4]
[0, 1, 2, 5, 6]
[0, 1, 2, 5, 7]
0.3888888888888889 0.42105263157894735
itercount --------> 8
[0, 1, 5]
[0, 1, 3]
[0, 1, 6]
[0, 1, 4]
[0, 1, 7]
[0, 1, 2]
[0, 1, 5, 3]
0.42105263157894735 0.42857142857142855
itercount --------> 9
[4, 5, 7]
[4, 5, 3]
[4, 5, 6]
0.42857142857142855 0.5
itercount --------> 10
[7, 4, 5]
0.5 0.6818181818181818
itercount --------> 11
[5, 0, 1]
[5, 0, 2]
[5, 0, 3]
0.6818181818181818 0.75
itercount --------> 12
[0, 1, 2]
[0, 1, 5]
[0, 1, 3]
[0, 1, 4]
[0, 1, 7]
[0, 1, 6]
[0, 1, 2, 5]
[0, 1, 2, 3]
[0, 1, 2, 4]
[0, 1, 2, 7]
[0, 1, 2, 6]
[0, 1, 2, 5, 3]
[0, 1, 2, 5, 4]
[0, 1, 2, 5, 7]
0.75 0.7619047619047619
itercount --------> 13
[5, 4, 6]
[5, 4, 0]
[5, 4, 1]
[5, 4, 2]
0.7619047619047619 0.7894736842105263
itercount --------> 14
[5, 3, 0]
[5, 3, 1]
[5, 3, 2]
[5, 3, 4]
[5, 3, 7]
[5, 3, 6]
[5, 3, 0, 1]
[5, 3, 0, 2]
[5, 3, 0, 4]
[5, 3, 0, 7]
[5, 3, 0, 6]
[5, 3, 0, 1, 2]
[5, 3, 0, 1, 4]
[5, 3, 0, 1, 7]
[5, 3, 0, 1, 6]
[5, 3, 0, 1, 2, 4]
[5, 3, 0, 1, 2, 7]
[5, 3, 0, 1, 2, 6]
[5, 3, 0, 1, 2, 4, 7]
[5, 3, 0, 1, 2, 4, 6]
[5, 3, 0, 1, 2, 4, 7, 6]
failed -> 11 times
after fail n ======> 6
[0, 1, 2, 6, 5, 4]
0.1016949152542373 0.10810810810810811
itercount --------> 1
[0, 2, 6]
[0, 2, 1]
0.10810810810810811 0.21052631578947367
itercount --------> 2
[0, 1, 2]
[0, 1, 5]
[0, 1, 6]
0.21052631578947367 0.2608695652173913
itercount --------> 3
[0, 6, 3]
0.2608695652173913 0.32
itercount --------> 4
[0, 4, 3]
0.32 0.38095238095238093
itercount --------> 5
[0, 4, 7]
0.38095238095238093 0.4
itercount --------> 6
[0, 4, 3]
[0, 4, 6]
[0, 4, 5]
0.4 0.42857142857142855
itercount --------> 7
[4, 3, 7]
[4, 3, 5]
[4, 3, 0]
[4, 3, 1]
[4, 3, 2]
[4, 3, 6]
[4, 3, 7, 5]
[4, 3, 7, 0]
0.42857142857142855 0.55
itercount --------> 8
[3, 4, 5]
[3, 4, 0]
[3, 4, 1]
[3, 4, 2]
[3, 4, 7]
[3, 4, 6]
[3, 4, 5, 0]
[3, 4, 5, 1]
[3, 4, 5, 2]
[3, 4, 5, 7]
[3, 4, 5, 6]
[3, 4, 5, 0, 1]
0.55 0.5714285714285714
itercount --------> 9
[0, 1, 2]
[0, 1, 4]
[0, 1, 5]
[0, 1, 3]
[0, 1, 6]
[0, 1, 7]
[0, 1, 2, 4]
[0, 1, 2, 5]
[0, 1, 2, 3]
[0, 1, 2, 6]
[0, 1, 2, 7]
[0, 1, 2, 4, 5]
[0, 1, 2, 4, 3]
0.5714285714285714 0.6818181818181818
itercount --------> 10
[0, 1, 2]
[0, 1, 5]
[0, 1, 3]
[0, 1, 4]
[0, 1, 7]
[0, 1, 6]
[0, 1, 2, 5]
[0, 1, 2, 3]
[0, 1, 2, 4]
[0, 1, 2, 7]
[0, 1, 2, 6]
[0, 1, 2, 5, 3]
[0, 1, 2, 5, 4]
[0, 1, 2, 5, 7]
[0, 1, 2, 5, 6]
[0, 1, 2, 5, 3, 4]
[0, 1, 2, 5, 3, 7]
[0, 1, 2, 5, 3, 6]
[0, 1, 2, 5, 3, 4, 7]
[0, 1, 2, 5, 3, 4, 6]
[0, 1, 2, 5, 3, 4, 7, 6]
failed -> 12 times
after fail n ======> 7
[0, 1, 2, 6, 5, 4, 7]
0.1016949152542373 0.14814814814814814
itercount --------> 1
[0, 6, 1]
0.14814814814814814 0.16666666666666666
itercount --------> 2
[0, 1, 2]
[0, 1, 6]
[0, 1, 5]
[0, 1, 7]
0.16666666666666666 0.25
itercount --------> 3
[0, 6, 4]
[0, 6, 1]
0.25 0.28
itercount --------> 4
[0, 6, 4]
0.28 0.2916666666666667
itercount --------> 5
[0, 4, 6]
[0, 4, 3]
[0, 4, 7]
0.2916666666666667 0.3181818181818182
itercount --------> 6
[4, 0, 3]
[4, 0, 6]
[4, 0, 5]
[4, 0, 1]
[4, 0, 2]
0.3181818181818182 0.45
itercount --------> 7
[4, 5, 3]
[4, 5, 7]
[4, 5, 6]
[4, 5, 0]
[4, 5, 1]
[4, 5, 2]
[4, 5, 3, 7]
[4, 5, 3, 6]
0.45 0.47619047619047616
itercount --------> 8
[4, 7, 3]
[4, 7, 6]
[4, 7, 5]
[4, 7, 0]
[4, 7, 1]
[4, 7, 2]
[4, 7, 3, 6]
[4, 7, 3, 5]
[4, 7, 3, 0]
[4, 7, 3, 1]
[4, 7, 3, 2]
[4, 7, 3, 6, 5]
[4, 7, 3, 6, 0]
[4, 7, 3, 6, 1]
0.47619047619047616 0.6956521739130435
itercount --------> 9
[0, 1, 2]
[0, 1, 4]
[0, 1, 5]
[0, 1, 7]
[0, 1, 3]
[0, 1, 6]
[0, 1, 2, 4]
[0, 1, 2, 5]
0.6956521739130435 0.75
itercount --------> 10
[0, 1, 2]
[0, 1, 5]
[0, 1, 3]
[0, 1, 4]
[0, 1, 7]
[0, 1, 6]
[0, 1, 2, 5]
[0, 1, 2, 3]
[0, 1, 2, 4]
[0, 1, 2, 7]
[0, 1, 2, 6]
[0, 1, 2, 5, 3]
[0, 1, 2, 5, 4]
[0, 1, 2, 5, 7]
0.75 0.7894736842105263
itercount --------> 11
[5, 3, 0]
[5, 3, 1]
[5, 3, 2]
[5, 3, 4]
[5, 3, 7]
[5, 3, 6]
[5, 3, 0, 1]
[5, 3, 0, 2]
[5, 3, 0, 4]
[5, 3, 0, 7]
[5, 3, 0, 6]
[5, 3, 0, 1, 2]
[5, 3, 0, 1, 4]
[5, 3, 0, 1, 7]
[5, 3, 0, 1, 6]
[5, 3, 0, 1, 2, 4]
[5, 3, 0, 1, 2, 7]
[5, 3, 0, 1, 2, 6]
[5, 3, 0, 1, 2, 4, 7]
[5, 3, 0, 1, 2, 4, 6]
[5, 3, 0, 1, 2, 4, 7, 6]
failed -> 13 times
after fail n ======> 8
[0, 1, 2, 6, 5, 4, 7, 3]
0.1016949152542373 0.10810810810810811
itercount --------> 1
[0, 1, 6]
0.10810810810810811 0.21052631578947367
itercount --------> 2
[0, 1, 2]
[0, 1, 5]
[0, 1, 6]
[0, 1, 3]
[0, 1, 4]
[0, 1, 7]
[0, 1, 2, 5]
[0, 1, 2, 6]
[0, 1, 2, 3]
[0, 1, 2, 4]
[0, 1, 2, 7]
[0, 1, 2, 5, 6]
[0, 1, 2, 5, 3]
[0, 1, 2, 5, 4]
[0, 1, 2, 5, 7]
[0, 1, 2, 5, 6, 3]
[0, 1, 2, 5, 6, 4]
[0, 1, 2, 5, 6, 7]
[0, 1, 2, 5, 6, 3, 4]
0.21052631578947367 0.21739130434782608
itercount --------> 3
[6, 0, 2]
0.21739130434782608 0.25
itercount --------> 4
[0, 2, 6]
0.25 0.2631578947368421
itercount --------> 5
[0, 1, 2]
[0, 1, 5]
[0, 1, 6]
[0, 1, 4]
[0, 1, 3]
[0, 1, 7]
[0, 1, 2, 5]
[0, 1, 2, 6]
[0, 1, 2, 4]
[0, 1, 2, 3]
[0, 1, 2, 7]
0.2631578947368421 0.2777777777777778
itercount --------> 6
[6, 0, 1]
[6, 0, 2]
[6, 0, 4]
[6, 0, 5]
[6, 0, 7]
[6, 0, 3]
[6, 0, 1, 2]
[6, 0, 1, 4]
[6, 0, 1, 5]
[6, 0, 1, 7]
[6, 0, 1, 3]
[6, 0, 1, 2, 4]
[6, 0, 1, 2, 5]
[6, 0, 1, 2, 7]
[6, 0, 1, 2, 3]
[6, 0, 1, 2, 4, 5]
[6, 0, 1, 2, 4, 7]
0.2777777777777778 0.3333333333333333
itercount --------> 7
[0, 1, 2]
[0, 1, 6]
[0, 1, 5]
[0, 1, 4]
[0, 1, 3]
[0, 1, 7]
[0, 1, 2, 6]
[0, 1, 2, 5]
[0, 1, 2, 4]
[0, 1, 2, 3]
[0, 1, 2, 7]
[0, 1, 2, 6, 5]
[0, 1, 2, 6, 4]
[0, 1, 2, 6, 3]
[0, 1, 2, 6, 7]
[0, 1, 2, 6, 5, 4]
[0, 1, 2, 6, 5, 3]
[0, 1, 2, 6, 5, 7]
[0, 1, 2, 6, 5, 4, 3]
0.3333333333333333 0.4444444444444444
itercount --------> 8
[0, 1, 2]
[0, 1, 5]
[0, 1, 6]
[0, 1, 7]
[0, 1, 4]
[0, 1, 3]
[0, 1, 2, 5]
[0, 1, 2, 6]
[0, 1, 2, 7]
[0, 1, 2, 4]
[0, 1, 2, 3]
[0, 1, 2, 5, 6]
[0, 1, 2, 5, 7]
[0, 1, 2, 5, 4]
[0, 1, 2, 5, 3]
[0, 1, 2, 5, 6, 7]
[0, 1, 2, 5, 6, 4]
[0, 1, 2, 5, 6, 3]
[0, 1, 2, 5, 6, 7, 4]
[0, 1, 2, 5, 6, 7, 3]
[0, 1, 2, 5, 6, 7, 4, 3]
failed -> 14 times
after fail n ======> 5
[0, 1, 2, 6, 5]
0.1016949152542373 0.17142857142857143
itercount --------> 1
[1, 6, 0]
[1, 6, 2]
0.17142857142857143 0.2608695652173913
itercount --------> 2
[0, 1, 2]
[0, 1, 6]
0.2608695652173913 0.32
itercount --------> 3
[5, 3, 4]
[5, 3, 6]
0.32 0.375
itercount --------> 4
[0, 1, 2]
[0, 1, 3]
[0, 1, 7]
[0, 1, 4]
0.375 0.4090909090909091
itercount --------> 5
[1, 3, 7]
[1, 3, 4]
[1, 3, 5]
[1, 3, 6]
[1, 3, 0]
[1, 3, 2]
[1, 3, 7, 4]
0.4090909090909091 0.43478260869565216
itercount --------> 6
[4, 3, 6]
[4, 3, 7]
[4, 3, 5]
[4, 3, 0]
[4, 3, 1]
[4, 3, 2]
[4, 3, 6, 7]
[4, 3, 6, 5]
[4, 3, 6, 0]
[4, 3, 6, 1]
[4, 3, 6, 2]
0.43478260869565216 0.48
itercount --------> 7
[4, 5, 3]
[4, 5, 0]
0.48 0.55
itercount --------> 8
[3, 4, 5]
[3, 4, 0]
[3, 4, 1]
[3, 4, 2]
[3, 4, 7]
[3, 4, 6]
[3, 4, 5, 0]
[3, 4, 5, 1]
[3, 4, 5, 2]
0.55 0.5909090909090909
itercount --------> 9
[5, 3, 4]
0.5909090909090909 0.6956521739130435
itercount --------> 10
[4, 5, 0]
[4, 5, 1]
0.6956521739130435 0.75
itercount --------> 11
[0, 1, 2]
[0, 1, 5]
[0, 1, 3]
[0, 1, 4]
[0, 1, 7]
[0, 1, 6]
[0, 1, 2, 5]
[0, 1, 2, 3]
[0, 1, 2, 4]
[0, 1, 2, 7]
[0, 1, 2, 6]
[0, 1, 2, 5, 3]
[0, 1, 2, 5, 4]
[0, 1, 2, 5, 7]
[0, 1, 2, 5, 6]
[0, 1, 2, 5, 3, 4]
[0, 1, 2, 5, 3, 7]
0.75 0.8
itercount --------> 12
[4, 5, 6]
[4, 5, 0]
[4, 5, 1]
[4, 5, 2]
[4, 5, 3]
[4, 5, 7]
[4, 5, 6, 0]
[4, 5, 6, 1]
[4, 5, 6, 2]
[4, 5, 6, 3]
[4, 5, 6, 7]
[4, 5, 6, 0, 1]
[4, 5, 6, 0, 2]
0.8 0.8421052631578947
itercount --------> 13
[0, 1, 2]
[0, 1, 3]
[0, 1, 4]
[0, 1, 5]
[0, 1, 6]
[0, 1, 7]
[0, 1, 2, 3]
[0, 1, 2, 4]
[0, 1, 2, 5]
[0, 1, 2, 6]
[0, 1, 2, 7]
[0, 1, 2, 3, 4]
[0, 1, 2, 3, 5]
[0, 1, 2, 3, 6]
[0, 1, 2, 3, 7]
[0, 1, 2, 3, 4, 5]
[0, 1, 2, 3, 4, 6]
[0, 1, 2, 3, 4, 7]
[0, 1, 2, 3, 4, 5, 6]
[0, 1, 2, 3, 4, 5, 7]
[0, 1, 2, 3, 4, 5, 6, 7]
failed -> 15 times
after fail n ======> 6
[0, 1, 2, 6, 5, 4]
0.1016949152542373 0.10810810810810811
itercount --------> 1
[0, 1, 6]
[0, 1, 2]
0.10810810810810811 0.16
itercount --------> 2
[1, 6, 0]
[1, 6, 2]
0.16 0.2608695652173913
itercount --------> 3
[0, 1, 2]
[0, 1, 6]
[0, 1, 4]
[0, 1, 7]
0.2608695652173913 0.30434782608695654
itercount --------> 4
[0, 1, 2]
[0, 1, 4]
[0, 1, 6]
[0, 1, 3]
[0, 1, 7]
0.30434782608695654 0.3157894736842105
itercount --------> 5
[0, 1, 2]
[0, 1, 4]
[0, 1, 7]
[0, 1, 3]
[0, 1, 6]
0.3157894736842105 0.3181818181818182
itercount --------> 6
[0, 7, 3]
[0, 7, 6]
[0, 7, 4]
0.3181818181818182 0.34782608695652173
itercount --------> 7
[0, 4, 3]
0.34782608695652173 0.4583333333333333
itercount --------> 8
[0, 3, 1]
[0, 3, 2]
[0, 3, 6]
0.4583333333333333 0.5217391304347826
itercount --------> 9
[0, 1, 2]
[0, 1, 6]
[0, 1, 3]
[0, 1, 5]
0.5217391304347826 0.5714285714285714
itercount --------> 10
[0, 6, 1]
[0, 6, 2]
[0, 6, 3]
[0, 6, 5]
0.5714285714285714 0.631578947368421
itercount --------> 11
[0, 1, 2]
[0, 1, 3]
[0, 1, 5]
[0, 1, 7]
[0, 1, 6]
[0, 1, 4]
[0, 1, 2, 3]
[0, 1, 2, 5]
[0, 1, 2, 7]
[0, 1, 2, 6]
[0, 1, 2, 4]
[0, 1, 2, 3, 5]
[0, 1, 2, 3, 7]
[0, 1, 2, 3, 6]
0.631578947368421 0.6818181818181818
itercount --------> 12
[0, 1, 2]
[0, 1, 5]
[0, 1, 3]
[0, 1, 4]
0.6818181818181818 0.75
itercount --------> 13
[5, 0, 1]
[5, 0, 2]
[5, 0, 3]
0.75 0.7894736842105263
itercount --------> 14
[5, 3, 0]
[5, 3, 1]
[5, 3, 2]
[5, 3, 4]
[5, 3, 7]
[5, 3, 6]
[5, 3, 0, 1]
[5, 3, 0, 2]
[5, 3, 0, 4]
[5, 3, 0, 7]
[5, 3, 0, 6]
[5, 3, 0, 1, 2]
[5, 3, 0, 1, 4]
[5, 3, 0, 1, 7]
[5, 3, 0, 1, 6]
[5, 3, 0, 1, 2, 4]
[5, 3, 0, 1, 2, 7]
[5, 3, 0, 1, 2, 6]
[5, 3, 0, 1, 2, 4, 7]
[5, 3, 0, 1, 2, 4, 6]
[5, 3, 0, 1, 2, 4, 7, 6]
failed -> 16 times
after fail n ======> 7
[0, 1, 2, 6, 5, 4, 7]
0.1016949152542373 0.10810810810810811
itercount --------> 1
[1, 2, 6]
0.10810810810810811 0.16
itercount --------> 2
[0, 1, 2]
0.16 0.21052631578947367
itercount --------> 3
[0, 1, 2]
[0, 1, 5]
[0, 1, 6]
0.21052631578947367 0.24242424242424243
itercount --------> 4
[1, 0, 2]
0.24242424242424243 0.27586206896551724
itercount --------> 5
[1, 3, 5]
[1, 3, 4]
[1, 3, 7]
[1, 3, 0]
0.27586206896551724 0.3076923076923077
itercount --------> 6
[0, 1, 2]
[0, 1, 3]
0.3076923076923077 0.32
itercount --------> 7
[1, 3, 5]
[1, 3, 4]
[1, 3, 7]
0.32 0.34615384615384615
itercount --------> 8
[1, 4, 7]
[1, 4, 3]
[1, 4, 5]
[1, 4, 6]
[1, 4, 0]
[1, 4, 2]
[1, 4, 7, 3]
[1, 4, 7, 5]
0.34615384615384615 0.35714285714285715
itercount --------> 9
[1, 3, 5]
0.35714285714285715 0.375
itercount --------> 10
[1, 5, 7]
0.375 0.3870967741935484
itercount --------> 11
[1, 5, 4]
[1, 5, 3]
[1, 5, 7]
[1, 5, 0]
[1, 5, 2]
[1, 5, 6]
[1, 5, 4, 3]
0.3870967741935484 0.39285714285714285
itercount --------> 12
[1, 6, 7]
[1, 6, 3]
[1, 6, 5]
0.39285714285714285 0.4
itercount --------> 13
[1, 3, 5]
[1, 3, 6]
0.4 0.42857142857142855
itercount --------> 14
[3, 5, 1]
0.42857142857142855 0.47619047619047616
itercount --------> 15
[1, 3, 6]
[1, 3, 5]
[1, 3, 7]
[1, 3, 0]
[1, 3, 2]
[1, 3, 4]
[1, 3, 6, 5]
0.47619047619047616 0.4782608695652174
itercount --------> 16
[1, 6, 3]
[1, 6, 5]
[1, 6, 7]
[1, 6, 0]
[1, 6, 2]
[1, 6, 4]
[1, 6, 3, 5]
[1, 6, 3, 7]
0.4782608695652174 0.5652173913043478
itercount --------> 17
[1, 0, 2]
[1, 0, 5]
[1, 0, 6]
[1, 0, 3]
0.5652173913043478 0.5714285714285714
itercount --------> 18
[1, 3, 0]
[1, 3, 2]
[1, 3, 4]
[1, 3, 5]
[1, 3, 6]
[1, 3, 7]
[1, 3, 0, 2]
[1, 3, 0, 4]
0.5714285714285714 0.6521739130434783
itercount --------> 19
[1, 0, 5]
0.6521739130434783 0.7142857142857143
itercount --------> 20
[1, 5, 0]
[1, 5, 2]
0.7142857142857143 0.75
itercount --------> 21
[5, 1, 3]
[5, 1, 0]
[5, 1, 2]
[5, 1, 4]
[5, 1, 6]
[5, 1, 7]
[5, 1, 3, 0]
[5, 1, 3, 2]
[5, 1, 3, 4]
[5, 1, 3, 6]
[5, 1, 3, 7]
[5, 1, 3, 0, 2]
[5, 1, 3, 0, 4]
[5, 1, 3, 0, 6]
[5, 1, 3, 0, 7]
[5, 1, 3, 0, 2, 4]
[5, 1, 3, 0, 2, 6]
0.75 0.7894736842105263
itercount --------> 22
[5, 3, 0]
[5, 3, 1]
[5, 3, 2]
[5, 3, 4]
[5, 3, 7]
[5, 3, 6]
[5, 3, 0, 1]
[5, 3, 0, 2]
[5, 3, 0, 4]
[5, 3, 0, 7]
[5, 3, 0, 6]
[5, 3, 0, 1, 2]
[5, 3, 0, 1, 4]
[5, 3, 0, 1, 7]
[5, 3, 0, 1, 6]
[5, 3, 0, 1, 2, 4]
[5, 3, 0, 1, 2, 7]
[5, 3, 0, 1, 2, 6]
[5, 3, 0, 1, 2, 4, 7]
[5, 3, 0, 1, 2, 4, 6]
[5, 3, 0, 1, 2, 4, 7, 6]
failed -> 17 times
after fail n ======> 8
[0, 1, 2, 6, 5, 4, 7, 3]
0.1016949152542373 0.10810810810810811
itercount --------> 1
[1, 2, 6]
[1, 2, 0]
0.10810810810810811 0.12121212121212122
itercount --------> 2
[0, 2, 6]
0.12121212121212122 0.27586206896551724
itercount --------> 3
[0, 3, 5]
[0, 3, 4]
[0, 3, 7]
[0, 3, 1]
0.27586206896551724 0.32
itercount --------> 4
[5, 3, 4]
0.32 0.3225806451612903
itercount --------> 5
[5, 4, 7]
[5, 4, 0]
[5, 4, 1]
0.3225806451612903 0.44
itercount --------> 6
[5, 3, 7]
[5, 3, 4]
[5, 3, 0]
[5, 3, 1]
[5, 3, 2]
[5, 3, 6]
[5, 3, 7, 4]
[5, 3, 7, 0]
[5, 3, 7, 1]
[5, 3, 7, 2]
[5, 3, 7, 6]
[5, 3, 7, 4, 0]
0.44 0.5
itercount --------> 7
[5, 3, 4]
[5, 3, 6]
[5, 3, 0]
[5, 3, 1]
[5, 3, 2]
[5, 3, 7]
[5, 3, 4, 6]
[5, 3, 4, 0]
[5, 3, 4, 1]
[5, 3, 4, 2]
[5, 3, 4, 7]
[5, 3, 4, 6, 0]
[5, 3, 4, 6, 1]
0.5 0.6363636363636364
itercount --------> 8
[5, 3, 0]
0.6363636363636364 0.6521739130434783
itercount --------> 9
[3, 5, 0]
[3, 5, 1]
[3, 5, 2]
0.6521739130434783 0.7142857142857143
itercount --------> 10
[0, 1, 2]
[0, 1, 5]
[0, 1, 3]
[0, 1, 4]
[0, 1, 6]
[0, 1, 7]
[0, 1, 2, 5]
[0, 1, 2, 3]
[0, 1, 2, 4]
[0, 1, 2, 6]
[0, 1, 2, 7]
0.7142857142857143 0.7894736842105263
itercount --------> 11
[5, 3, 0]
[5, 3, 1]
[5, 3, 2]
[5, 3, 4]
[5, 3, 7]
[5, 3, 6]
[5, 3, 0, 1]
[5, 3, 0, 2]
[5, 3, 0, 4]
[5, 3, 0, 7]
0.7894736842105263 0.8
itercount --------> 12
[3, 4, 5]
[3, 4, 0]
[3, 4, 1]
[3, 4, 2]
[3, 4, 7]
[3, 4, 6]
[3, 4, 5, 0]
[3, 4, 5, 1]
[3, 4, 5, 2]
[3, 4, 5, 7]
[3, 4, 5, 6]
[3, 4, 5, 0, 1]
[3, 4, 5, 0, 2]
[3, 4, 5, 0, 7]
[3, 4, 5, 0, 6]
[3, 4, 5, 0, 1, 2]
[3, 4, 5, 0, 1, 7]
[3, 4, 5, 0, 1, 6]
[3, 4, 5, 0, 1, 2, 7]
[3, 4, 5, 0, 1, 2, 6]
[3, 4, 5, 0, 1, 2, 7, 6]
failed -> 18 times
after fail n ======> 5
[0, 1, 2, 6, 5]
0.1016949152542373 0.11764705882352941
itercount --------> 1
[1, 2, 5]
0.11764705882352941 0.17142857142857143
itercount --------> 2
[5, 6, 2]
[5, 6, 0]
0.17142857142857143 0.2608695652173913
itercount --------> 3
[1, 2, 6]
0.2608695652173913 0.27586206896551724
itercount --------> 4
[2, 3, 5]
0.27586206896551724 0.3157894736842105
itercount --------> 5
[0, 1, 2]
[0, 1, 5]
0.3157894736842105 0.32
itercount --------> 6
[5, 3, 4]
0.32 0.3225806451612903
itercount --------> 7
[5, 4, 7]
0.3225806451612903 0.3541666666666667
itercount --------> 8
[5, 0, 1]
0.3541666666666667 0.41379310344827586
itercount --------> 9
[5, 0, 1]
0.41379310344827586 0.48
itercount --------> 10
[0, 1, 2]
[0, 1, 5]
[0, 1, 3]
0.48 0.5714285714285714
itercount --------> 11
[0, 1, 2]
[0, 1, 5]
[0, 1, 3]
[0, 1, 6]
[0, 1, 4]
[0, 1, 7]
[0, 1, 2, 5]
[0, 1, 2, 3]
[0, 1, 2, 6]
[0, 1, 2, 4]
0.5714285714285714 0.631578947368421
itercount --------> 12
[0, 1, 2]
[0, 1, 3]
[0, 1, 5]
[0, 1, 4]
[0, 1, 6]
[0, 1, 7]
[0, 1, 2, 3]
[0, 1, 2, 5]
[0, 1, 2, 4]
[0, 1, 2, 6]
[0, 1, 2, 7]
[0, 1, 2, 3, 5]
[0, 1, 2, 3, 4]
[0, 1, 2, 3, 6]
[0, 1, 2, 3, 7]
[0, 1, 2, 3, 5, 4]
[0, 1, 2, 3, 5, 6]
0.631578947368421 0.75
itercount --------> 13
[0, 1, 2]
[0, 1, 5]
[0, 1, 3]
[0, 1, 4]
[0, 1, 7]
[0, 1, 6]
[0, 1, 2, 5]
[0, 1, 2, 3]
[0, 1, 2, 4]
[0, 1, 2, 7]
[0, 1, 2, 6]
[0, 1, 2, 5, 3]
[0, 1, 2, 5, 4]
[0, 1, 2, 5, 7]
[0, 1, 2, 5, 6]
[0, 1, 2, 5, 3, 4]
[0, 1, 2, 5, 3, 7]
[0, 1, 2, 5, 3, 6]
[0, 1, 2, 5, 3, 4, 7]
[0, 1, 2, 5, 3, 4, 6]
[0, 1, 2, 5, 3, 4, 7, 6]
failed -> 19 times
after fail n ======> 6
[0, 1, 2, 6, 5, 4]
0.1016949152542373 0.10810810810810811
itercount --------> 1
[1, 2, 6]
[1, 2, 0]
0.10810810810810811 0.16
itercount --------> 2
[2, 6, 0]
0.16 0.16326530612244897
itercount --------> 3
[2, 0, 1]
0.16326530612244897 0.24242424242424243
itercount --------> 4
[0, 1, 2]
0.24242424242424243 0.32
itercount --------> 5
[5, 3, 4]
0.32 0.3225806451612903
itercount --------> 6
[5, 4, 7]
0.3225806451612903 0.3541666666666667
itercount --------> 7
[5, 0, 1]
0.3541666666666667 0.41379310344827586
itercount --------> 8
[5, 0, 1]
0.41379310344827586 0.48
itercount --------> 9
[0, 1, 2]
[0, 1, 5]
[0, 1, 3]
[0, 1, 6]
[0, 1, 4]
[0, 1, 7]
[0, 1, 2, 5]
[0, 1, 2, 3]
0.48 0.5714285714285714
itercount --------> 10
[0, 1, 2]
[0, 1, 5]
[0, 1, 3]
[0, 1, 6]
[0, 1, 4]
[0, 1, 7]
[0, 1, 2, 5]
[0, 1, 2, 3]
[0, 1, 2, 6]
[0, 1, 2, 4]
0.5714285714285714 0.631578947368421
itercount --------> 11
[0, 1, 2]
[0, 1, 3]
[0, 1, 5]
[0, 1, 4]
[0, 1, 6]
[0, 1, 7]
[0, 1, 2, 3]
[0, 1, 2, 5]
[0, 1, 2, 4]
[0, 1, 2, 6]
[0, 1, 2, 7]
[0, 1, 2, 3, 5]
[0, 1, 2, 3, 4]
[0, 1, 2, 3, 6]
[0, 1, 2, 3, 7]
[0, 1, 2, 3, 5, 4]
[0, 1, 2, 3, 5, 6]
0.631578947368421 0.75
itercount --------> 12
[0, 1, 2]
[0, 1, 5]
[0, 1, 3]
[0, 1, 4]
[0, 1, 7]
0.75 0.7894736842105263
itercount --------> 13
[5, 3, 0]
[5, 3, 1]
[5, 3, 2]
[5, 3, 4]
[5, 3, 7]
[5, 3, 6]
[5, 3, 0, 1]
[5, 3, 0, 2]
[5, 3, 0, 4]
[5, 3, 0, 7]
[5, 3, 0, 6]
[5, 3, 0, 1, 2]
[5, 3, 0, 1, 4]
[5, 3, 0, 1, 7]
[5, 3, 0, 1, 6]
[5, 3, 0, 1, 2, 4]
[5, 3, 0, 1, 2, 7]
[5, 3, 0, 1, 2, 6]
[5, 3, 0, 1, 2, 4, 7]
[5, 3, 0, 1, 2, 4, 6]
[5, 3, 0, 1, 2, 4, 7, 6]
failed -> 20 times
after fail n ======> 7
[0, 1, 2, 6, 5, 4, 7]
0.1016949152542373 0.17142857142857143
itercount --------> 1
[1, 6, 0]
0.17142857142857143 0.21052631578947367
itercount --------> 2
[0, 1, 2]
[0, 1, 5]
[0, 1, 6]
0.21052631578947367 0.2608695652173913
itercount --------> 3
[1, 6, 4]
0.2608695652173913 0.3
itercount --------> 4
[1, 3, 6]
0.3 0.3181818181818182
itercount --------> 5
[1, 3, 5]
0.3181818181818182 0.35
itercount --------> 6
[1, 3, 4]
[1, 3, 6]
[1, 3, 7]
[1, 3, 0]
[1, 3, 2]
[1, 3, 5]
[1, 3, 4, 6]
[1, 3, 4, 7]
[1, 3, 4, 0]
[1, 3, 4, 2]
0.35 0.3888888888888889
itercount --------> 7
[0, 1, 2]
[0, 1, 4]
[0, 1, 5]
[0, 1, 7]
[0, 1, 6]
[0, 1, 3]
[0, 1, 2, 4]
[0, 1, 2, 5]
[0, 1, 2, 7]
[0, 1, 2, 6]
[0, 1, 2, 3]
[0, 1, 2, 4, 5]
[0, 1, 2, 4, 7]
0.3888888888888889 0.42857142857142855
itercount --------> 8
[4, 7, 3]
[4, 7, 6]
[4, 7, 5]
[4, 7, 0]
0.42857142857142855 0.47619047619047616
itercount --------> 9
[4, 7, 3]
[4, 7, 6]
[4, 7, 5]
[4, 7, 0]
[4, 7, 1]
[4, 7, 2]
[4, 7, 3, 6]
[4, 7, 3, 5]
[4, 7, 3, 0]
[4, 7, 3, 1]
[4, 7, 3, 2]
[4, 7, 3, 6, 5]
0.47619047619047616 0.6086956521739131
itercount --------> 10
[4, 5, 0]
0.6086956521739131 0.7619047619047619
itercount --------> 11
[4, 0, 1]
[4, 0, 2]
[4, 0, 5]
[4, 0, 7]
[4, 0, 3]
[4, 0, 6]
[4, 0, 1, 2]
[4, 0, 1, 5]
[4, 0, 1, 7]
[4, 0, 1, 3]
[4, 0, 1, 6]
[4, 0, 1, 2, 5]
[4, 0, 1, 2, 7]
0.7619047619047619 0.8
itercount --------> 12
[4, 5, 7]
[4, 5, 0]
[4, 5, 1]
[4, 5, 2]
[4, 5, 3]
[4, 5, 6]
[4, 5, 7, 0]
[4, 5, 7, 1]
[4, 5, 7, 2]
[4, 5, 7, 3]
[4, 5, 7, 6]
[4, 5, 7, 0, 1]
[4, 5, 7, 0, 2]
[4, 5, 7, 0, 3]
[4, 5, 7, 0, 6]
[4, 5, 7, 0, 1, 2]
[4, 5, 7, 0, 1, 3]
[4, 5, 7, 0, 1, 6]
[4, 5, 7, 0, 1, 2, 3]
[4, 5, 7, 0, 1, 2, 6]
[4, 5, 7, 0, 1, 2, 3, 6]
failed -> 21 times
after fail n ======> 8
[0, 1, 2, 6, 5, 4, 7, 3]
0.1016949152542373 0.11538461538461539
itercount --------> 1
[6, 0, 1]
0.11538461538461539 0.16666666666666666
itercount --------> 2
[0, 1, 2]
[0, 1, 6]
[0, 1, 7]
0.16666666666666666 0.21052631578947367
itercount --------> 3
[1, 2, 6]
0.21052631578947367 0.2608695652173913
itercount --------> 4
[2, 6, 4]
[2, 6, 7]
0.2608695652173913 0.2692307692307692
itercount --------> 5
[2, 4, 5]
0.2692307692307692 0.35
itercount --------> 6
[2, 6, 4]
[2, 6, 3]
[2, 6, 7]
[2, 6, 1]
[2, 6, 5]
[2, 6, 0]
0.35 0.3888888888888889
itercount --------> 7
[0, 1, 2]
[0, 1, 4]
[0, 1, 6]
[0, 1, 7]
[0, 1, 5]
[0, 1, 3]
[0, 1, 2, 4]
[0, 1, 2, 6]
[0, 1, 2, 7]
[0, 1, 2, 5]
[0, 1, 2, 3]
[0, 1, 2, 4, 6]
[0, 1, 2, 4, 7]
[0, 1, 2, 4, 5]
[0, 1, 2, 4, 3]
[0, 1, 2, 4, 6, 7]
[0, 1, 2, 4, 6, 5]
[0, 1, 2, 4, 6, 3]
0.3888888888888889 0.4
itercount --------> 8
[5, 3, 4]
[5, 3, 6]
[5, 3, 7]
[5, 3, 0]
0.4 0.4444444444444444
itercount --------> 9
[0, 1, 2]
[0, 1, 4]
[0, 1, 5]
[0, 1, 7]
[0, 1, 6]
[0, 1, 3]
[0, 1, 2, 4]
0.4444444444444444 0.47368421052631576
itercount --------> 10
[0, 1, 2]
[0, 1, 4]
[0, 1, 5]
[0, 1, 7]
[0, 1, 3]
[0, 1, 6]
[0, 1, 2, 4]
[0, 1, 2, 5]
[0, 1, 2, 7]
[0, 1, 2, 3]
[0, 1, 2, 6]
[0, 1, 2, 4, 5]
[0, 1, 2, 4, 7]
[0, 1, 2, 4, 3]
[0, 1, 2, 4, 6]
0.47368421052631576 0.5
itercount --------> 11
[3, 0, 4]
[3, 0, 2]
[3, 0, 7]
[3, 0, 1]
[3, 0, 6]
[3, 0, 5]
[3, 0, 4, 2]
[3, 0, 4, 7]
[3, 0, 4, 1]
[3, 0, 4, 6]
[3, 0, 4, 5]
[3, 0, 4, 2, 7]
[3, 0, 4, 2, 1]
[3, 0, 4, 2, 6]
[3, 0, 4, 2, 5]
0.5 0.5263157894736842
itercount --------> 12
[3, 4, 7]
[3, 4, 5]
[3, 4, 6]
[3, 4, 0]
[3, 4, 1]
[3, 4, 2]
0.5263157894736842 0.55
itercount --------> 13
[0, 2, 1]
[0, 2, 4]
[0, 2, 7]
[0, 2, 3]
[0, 2, 6]
[0, 2, 5]
[0, 2, 1, 4]
[0, 2, 1, 7]
[0, 2, 1, 3]
[0, 2, 1, 6]
[0, 2, 1, 5]
0.55 0.5789473684210527
itercount --------> 14
[0, 2, 7]
[0, 2, 3]
[0, 2, 4]
[0, 2, 1]
[0, 2, 5]
[0, 2, 6]
[0, 2, 7, 3]
[0, 2, 7, 4]
[0, 2, 7, 1]
[0, 2, 7, 5]
[0, 2, 7, 6]
[0, 2, 7, 3, 4]
0.5789473684210527 0.75
itercount --------> 15
[5, 0, 2]
[5, 0, 3]
[5, 0, 1]
[5, 0, 4]
[5, 0, 7]
[5, 0, 6]
[5, 0, 2, 3]
[5, 0, 2, 1]
[5, 0, 2, 4]
[5, 0, 2, 7]
[5, 0, 2, 6]
[5, 0, 2, 3, 1]
0.75 0.7894736842105263
itercount --------> 16
[5, 3, 0]
[5, 3, 1]
[5, 3, 2]
[5, 3, 4]
[5, 3, 7]
[5, 3, 6]
[5, 3, 0, 1]
[5, 3, 0, 2]
[5, 3, 0, 4]
[5, 3, 0, 7]
[5, 3, 0, 6]
[5, 3, 0, 1, 2]
[5, 3, 0, 1, 4]
[5, 3, 0, 1, 7]
[5, 3, 0, 1, 6]
[5, 3, 0, 1, 2, 4]
[5, 3, 0, 1, 2, 7]
[5, 3, 0, 1, 2, 6]
[5, 3, 0, 1, 2, 4, 7]
[5, 3, 0, 1, 2, 4, 6]
[5, 3, 0, 1, 2, 4, 7, 6]
failed -> 22 times
after fail n ======> 5
[0, 1, 2, 6, 5]
0.1016949152542373 0.10810810810810811
itercount --------> 1
[1, 2, 6]
[1, 2, 0]
0.10810810810810811 0.16
itercount --------> 2
[1, 6, 0]
0.16 0.21052631578947367
itercount --------> 3
[0, 1, 2]
[0, 1, 5]
[0, 1, 6]
[0, 1, 3]
[0, 1, 4]
[0, 1, 7]
[0, 1, 2, 5]
[0, 1, 2, 6]
0.21052631578947367 0.2608695652173913
itercount --------> 4
[1, 6, 3]
0.2608695652173913 0.32
itercount --------> 5
[1, 4, 3]
0.32 0.38095238095238093
itercount --------> 6
[1, 4, 7]
0.38095238095238093 0.5
itercount --------> 7
[1, 3, 4]
[1, 3, 5]
0.5 0.55
itercount --------> 8
[3, 4, 5]
[3, 4, 0]
[3, 4, 1]
[3, 4, 2]
[3, 4, 7]
[3, 4, 6]
[3, 4, 5, 0]
[3, 4, 5, 1]
[3, 4, 5, 2]
[3, 4, 5, 7]
[3, 4, 5, 6]
[3, 4, 5, 0, 1]
0.55 0.5714285714285714
itercount --------> 9
[0, 1, 2]
[0, 1, 4]
[0, 1, 5]
[0, 1, 3]
[0, 1, 6]
[0, 1, 7]
[0, 1, 2, 4]
[0, 1, 2, 5]
[0, 1, 2, 3]
[0, 1, 2, 6]
[0, 1, 2, 7]
[0, 1, 2, 4, 5]
[0, 1, 2, 4, 3]
0.5714285714285714 0.6818181818181818
itercount --------> 10
[0, 1, 2]
[0, 1, 5]
[0, 1, 3]
[0, 1, 4]
[0, 1, 7]
[0, 1, 6]
[0, 1, 2, 5]
[0, 1, 2, 3]
[0, 1, 2, 4]
[0, 1, 2, 7]
[0, 1, 2, 6]
[0, 1, 2, 5, 3]
[0, 1, 2, 5, 4]
[0, 1, 2, 5, 7]
[0, 1, 2, 5, 6]
[0, 1, 2, 5, 3, 4]
[0, 1, 2, 5, 3, 7]
[0, 1, 2, 5, 3, 6]
[0, 1, 2, 5, 3, 4, 7]
[0, 1, 2, 5, 3, 4, 6]
[0, 1, 2, 5, 3, 4, 7, 6]
failed -> 23 times
after fail n ======> 6
[0, 1, 2, 6, 5, 4]
0.1016949152542373 0.10810810810810811
itercount --------> 1
[0, 1, 6]
0.10810810810810811 0.16
itercount --------> 2
[0, 6, 1]
0.16 0.21052631578947367
itercount --------> 3
[0, 1, 2]
[0, 1, 5]
[0, 1, 6]
0.21052631578947367 0.2222222222222222
itercount --------> 4
[2, 5, 0]
0.2222222222222222 0.27586206896551724
itercount --------> 5
[1, 3, 5]
[1, 3, 4]
[1, 3, 7]
[1, 3, 0]
0.27586206896551724 0.2962962962962963
itercount --------> 6
[1, 0, 4]
0.2962962962962963 0.3333333333333333
itercount --------> 7
[0, 1, 3]
[0, 1, 4]
[0, 1, 2]
[0, 1, 5]
[0, 1, 7]
[0, 1, 6]
[0, 1, 3, 4]
0.3333333333333333 0.35714285714285715
itercount --------> 8
[0, 1, 2]
0.35714285714285715 0.4166666666666667
itercount --------> 9
[0, 4, 3]
[0, 4, 7]
0.4166666666666667 0.45161290322580644
itercount --------> 10
[0, 1, 2]
[0, 1, 6]
[0, 1, 5]
0.45161290322580644 0.48
itercount --------> 11
[0, 1, 2]
[0, 1, 6]
[0, 1, 5]
0.48 0.5714285714285714
itercount --------> 12
[0, 1, 2]
[0, 1, 5]
[0, 1, 3]
[0, 1, 6]
[0, 1, 4]
[0, 1, 7]
0.5714285714285714 0.631578947368421
itercount --------> 13
[0, 1, 2]
[0, 1, 3]
[0, 1, 5]
[0, 1, 7]
[0, 1, 6]
[0, 1, 4]
[0, 1, 2, 3]
[0, 1, 2, 5]
[0, 1, 2, 7]
[0, 1, 2, 6]
[0, 1, 2, 4]
[0, 1, 2, 3, 5]
[0, 1, 2, 3, 7]
[0, 1, 2, 3, 6]
0.631578947368421 0.75
itercount --------> 14
[0, 1, 2]
[0, 1, 5]
[0, 1, 3]
[0, 1, 4]
[0, 1, 7]
[0, 1, 6]
[0, 1, 2, 5]
[0, 1, 2, 3]
[0, 1, 2, 4]
[0, 1, 2, 7]
[0, 1, 2, 6]
[0, 1, 2, 5, 3]
[0, 1, 2, 5, 4]
[0, 1, 2, 5, 7]
[0, 1, 2, 5, 6]
[0, 1, 2, 5, 3, 4]
[0, 1, 2, 5, 3, 7]
[0, 1, 2, 5, 3, 6]
[0, 1, 2, 5, 3, 4, 7]
[0, 1, 2, 5, 3, 4, 6]
[0, 1, 2, 5, 3, 4, 7, 6]
failed -> 24 times
after fail n ======> 7
[0, 1, 2, 6, 5, 4, 7]
0.1016949152542373 0.11764705882352941
itercount --------> 1
[5, 0, 1]
0.11764705882352941 0.1590909090909091
itercount --------> 2
[0, 5, 1]
0.1590909090909091 0.22580645161290322
itercount --------> 3
[0, 5, 6]
[0, 5, 1]
0.22580645161290322 0.30434782608695654
itercount --------> 4
[0, 1, 2]
[0, 1, 5]
[0, 1, 3]
0.30434782608695654 0.35
itercount --------> 5
[0, 1, 2]
[0, 1, 5]
[0, 1, 3]
[0, 1, 7]
[0, 1, 4]
[0, 1, 6]
[0, 1, 2, 5]
[0, 1, 2, 3]
[0, 1, 2, 7]
[0, 1, 2, 4]
0.35 0.3684210526315789
itercount --------> 6
[0, 5, 3]
[0, 5, 7]
[0, 5, 4]
[0, 5, 6]
[0, 5, 1]
[0, 5, 2]
[0, 5, 3, 7]
[0, 5, 3, 4]
[0, 5, 3, 6]
[0, 5, 3, 1]
[0, 5, 3, 2]
0.3684210526315789 0.3888888888888889
itercount --------> 7
[0, 1, 2]
[0, 1, 5]
[0, 1, 3]
[0, 1, 4]
[0, 1, 7]
[0, 1, 6]
[0, 1, 2, 5]
[0, 1, 2, 3]
[0, 1, 2, 4]
[0, 1, 2, 7]
[0, 1, 2, 6]
[0, 1, 2, 5, 3]
[0, 1, 2, 5, 4]
[0, 1, 2, 5, 7]
[0, 1, 2, 5, 6]
[0, 1, 2, 5, 3, 4]
[0, 1, 2, 5, 3, 7]
[0, 1, 2, 5, 3, 6]
0.3888888888888889 0.4444444444444444
itercount --------> 8
[0, 1, 2]
[0, 1, 5]
[0, 1, 4]
[0, 1, 3]
[0, 1, 7]
[0, 1, 6]
[0, 1, 2, 5]
[0, 1, 2, 4]
[0, 1, 2, 3]
[0, 1, 2, 7]
[0, 1, 2, 6]
[0, 1, 2, 5, 4]
[0, 1, 2, 5, 3]
[0, 1, 2, 5, 7]
[0, 1, 2, 5, 6]
[0, 1, 2, 5, 4, 3]
0.4444444444444444 0.4782608695652174
itercount --------> 9
[5, 6, 7]
[5, 6, 4]
[5, 6, 3]
[5, 6, 0]
[5, 6, 1]
[5, 6, 2]
0.4782608695652174 0.5263157894736842
itercount --------> 10
[5, 3, 4]
[5, 3, 7]
[5, 3, 6]
[5, 3, 0]
0.5263157894736842 0.5555555555555556
itercount --------> 11
[4, 0, 1]
[4, 0, 2]
[4, 0, 5]
[4, 0, 3]
0.5555555555555556 0.6666666666666666
itercount --------> 12
[4, 0, 1]
[4, 0, 2]
[4, 0, 5]
[4, 0, 7]
[4, 0, 6]
[4, 0, 3]
[4, 0, 1, 2]
[4, 0, 1, 5]
[4, 0, 1, 7]
0.6666666666666666 0.75
itercount --------> 13
[0, 1, 2]
[0, 1, 5]
[0, 1, 3]
[0, 1, 4]
[0, 1, 7]
[0, 1, 6]
[0, 1, 2, 5]
[0, 1, 2, 3]
[0, 1, 2, 4]
[0, 1, 2, 7]
[0, 1, 2, 6]
[0, 1, 2, 5, 3]
[0, 1, 2, 5, 4]
[0, 1, 2, 5, 7]
0.75 0.7894736842105263
itercount --------> 14
[5, 3, 0]
[5, 3, 1]
[5, 3, 2]
[5, 3, 4]
[5, 3, 7]
[5, 3, 6]
[5, 3, 0, 1]
[5, 3, 0, 2]
[5, 3, 0, 4]
[5, 3, 0, 7]
[5, 3, 0, 6]
[5, 3, 0, 1, 2]
[5, 3, 0, 1, 4]
[5, 3, 0, 1, 7]
[5, 3, 0, 1, 6]
[5, 3, 0, 1, 2, 4]
[5, 3, 0, 1, 2, 7]
[5, 3, 0, 1, 2, 6]
[5, 3, 0, 1, 2, 4, 7]
[5, 3, 0, 1, 2, 4, 6]
[5, 3, 0, 1, 2, 4, 7, 6]
failed -> 25 times
after fail n ======> 8
[0, 1, 2, 6, 5, 4, 7, 3]
0.1016949152542373 0.17142857142857143
itercount --------> 1
[0, 6, 1]
0.17142857142857143 0.2608695652173913
itercount --------> 2
[0, 1, 2]
[0, 1, 6]
0.2608695652173913 0.2727272727272727
itercount --------> 3
[0, 3, 1]
[0, 3, 4]
[0, 3, 7]
0.2727272727272727 0.2962962962962963
itercount --------> 4
[0, 7, 3]
0.2962962962962963 0.2972972972972973
itercount --------> 5
[0, 6, 3]
0.2972972972972973 0.34375
itercount --------> 6
[0, 3, 1]
0.34375 0.38235294117647056
itercount --------> 7
[0, 1, 5]
0.38235294117647056 0.39285714285714285
itercount --------> 8
[0, 1, 6]
[0, 1, 2]
0.39285714285714285 0.4782608695652174
itercount --------> 9
[0, 1, 6]
[0, 1, 2]
[0, 1, 3]
[0, 1, 5]
0.4782608695652174 0.5238095238095238
itercount --------> 10
[0, 1, 2]
[0, 1, 6]
[0, 1, 5]
[0, 1, 3]
[0, 1, 7]
[0, 1, 4]
0.5238095238095238 0.55
itercount --------> 11
[0, 1, 2]
[0, 1, 6]
[0, 1, 3]
[0, 1, 5]
[0, 1, 7]
[0, 1, 4]
[0, 1, 2, 6]
[0, 1, 2, 3]
[0, 1, 2, 5]
0.55 0.6111111111111112
itercount --------> 12
[0, 1, 2]
[0, 1, 5]
[0, 1, 3]
[0, 1, 7]
[0, 1, 6]
[0, 1, 4]
[0, 1, 2, 5]
[0, 1, 2, 3]
[0, 1, 2, 7]
[0, 1, 2, 6]
[0, 1, 2, 4]
[0, 1, 2, 5, 3]
[0, 1, 2, 5, 7]
[0, 1, 2, 5, 6]
[0, 1, 2, 5, 4]
[0, 1, 2, 5, 3, 7]
[0, 1, 2, 5, 3, 6]
[0, 1, 2, 5, 3, 4]
[0, 1, 2, 5, 3, 7, 6]
0.6111111111111112 0.7894736842105263
itercount --------> 13
[5, 3, 0]
[5, 3, 1]
[5, 3, 2]
[5, 3, 4]
[5, 3, 7]
[5, 3, 6]
[5, 3, 0, 1]
[5, 3, 0, 2]
[5, 3, 0, 4]
[5, 3, 0, 7]
[5, 3, 0, 6]
[5, 3, 0, 1, 2]
[5, 3, 0, 1, 4]
[5, 3, 0, 1, 7]
[5, 3, 0, 1, 6]
[5, 3, 0, 1, 2, 4]
[5, 3, 0, 1, 2, 7]
[5, 3, 0, 1, 2, 6]
[5, 3, 0, 1, 2, 4, 7]
[5, 3, 0, 1, 2, 4, 6]
[5, 3, 0, 1, 2, 4, 7, 6]
failed -> 26 times
after fail n ======> 5
[0, 1, 2, 6, 5]
0.1016949152542373 0.16
itercount --------> 1
[1, 6, 0]
0.16 0.1935483870967742
itercount --------> 2
[0, 2, 5]
0.1935483870967742 0.2608695652173913
itercount --------> 3
[0, 1, 6]
[0, 1, 3]
[0, 1, 4]
[0, 1, 7]
[0, 1, 2]
0.2608695652173913 0.3157894736842105
itercount --------> 4
[0, 1, 2]
[0, 1, 5]
[0, 1, 6]
[0, 1, 3]
[0, 1, 4]
[0, 1, 7]
[0, 1, 2, 5]
0.3157894736842105 0.32
itercount --------> 5
[0, 3, 5]
[0, 3, 4]
[0, 3, 7]
[0, 3, 6]
[0, 3, 1]
[0, 3, 2]
[0, 3, 5, 4]
0.32 0.3225806451612903
itercount --------> 6
[5, 4, 7]
0.3225806451612903 0.3541666666666667
itercount --------> 7
[5, 0, 1]
0.3541666666666667 0.48
itercount --------> 8
[0, 1, 2]
[0, 1, 5]
[0, 1, 3]
0.48 0.5714285714285714
itercount --------> 9
[0, 1, 2]
[0, 1, 5]
[0, 1, 3]
[0, 1, 6]
[0, 1, 4]
[0, 1, 7]
[0, 1, 2, 5]
[0, 1, 2, 3]
[0, 1, 2, 6]
[0, 1, 2, 4]
[0, 1, 2, 7]
0.5714285714285714 0.631578947368421
itercount --------> 10
[0, 1, 2]
[0, 1, 3]
[0, 1, 5]
[0, 1, 7]
[0, 1, 6]
[0, 1, 4]
[0, 1, 2, 3]
[0, 1, 2, 5]
[0, 1, 2, 7]
[0, 1, 2, 6]
[0, 1, 2, 4]
[0, 1, 2, 3, 5]
[0, 1, 2, 3, 7]
[0, 1, 2, 3, 6]
0.631578947368421 0.75
itercount --------> 11
[0, 1, 2]
[0, 1, 5]
[0, 1, 3]
[0, 1, 4]
[0, 1, 7]
[0, 1, 6]
[0, 1, 2, 5]
[0, 1, 2, 3]
[0, 1, 2, 4]
0.75 0.7894736842105263
itercount --------> 12
[5, 3, 0]
[5, 3, 1]
[5, 3, 2]
[5, 3, 4]
[5, 3, 7]
[5, 3, 6]
[5, 3, 0, 1]
[5, 3, 0, 2]
[5, 3, 0, 4]
[5, 3, 0, 7]
[5, 3, 0, 6]
[5, 3, 0, 1, 2]
[5, 3, 0, 1, 4]
[5, 3, 0, 1, 7]
[5, 3, 0, 1, 6]
[5, 3, 0, 1, 2, 4]
[5, 3, 0, 1, 2, 7]
[5, 3, 0, 1, 2, 6]
[5, 3, 0, 1, 2, 4, 7]
[5, 3, 0, 1, 2, 4, 6]
[5, 3, 0, 1, 2, 4, 7, 6]
failed -> 27 times
after fail n ======> 6
[0, 1, 2, 6, 5, 4]
0.1016949152542373 0.10810810810810811
itercount --------> 1
[0, 1, 6]
0.10810810810810811 0.16
itercount --------> 2
[0, 6, 1]
0.16 0.18181818181818182
itercount --------> 3
[2, 1, 4]
0.18181818181818182 0.2
itercount --------> 4
[0, 1, 6]
[0, 1, 4]
0.2 0.2608695652173913
itercount --------> 5
[0, 1, 6]
0.2608695652173913 0.27586206896551724
itercount --------> 6
[0, 3, 5]
[0, 3, 4]
[0, 3, 7]
[0, 3, 1]
0.27586206896551724 0.2962962962962963
itercount --------> 7
[0, 1, 4]
0.2962962962962963 0.3103448275862069
itercount --------> 8
[0, 1, 3]
[0, 1, 4]
0.3103448275862069 0.3333333333333333
itercount --------> 9
[1, 0, 3]
[1, 0, 4]
[1, 0, 2]
0.3333333333333333 0.3793103448275862
itercount --------> 10
[1, 7, 6]
[1, 7, 0]
[1, 7, 4]
0.3793103448275862 0.41379310344827586
itercount --------> 11
[1, 0, 4]
[1, 0, 2]
[1, 0, 3]
[1, 0, 5]
0.41379310344827586 0.43478260869565216
itercount --------> 12
[1, 0, 2]
[1, 0, 4]
0.43478260869565216 0.4444444444444444
itercount --------> 13
[1, 6, 0]
[1, 6, 2]
[1, 6, 5]
0.4444444444444444 0.47619047619047616
itercount --------> 14
[1, 0, 2]
[1, 0, 3]
[1, 0, 4]
[1, 0, 6]
[1, 0, 5]
[1, 0, 7]
[1, 0, 2, 3]
0.47619047619047616 0.5263157894736842
itercount --------> 15
[0, 1, 2]
[0, 1, 3]
[0, 1, 5]
[0, 1, 4]
[0, 1, 6]
[0, 1, 7]
[0, 1, 2, 3]
[0, 1, 2, 5]
[0, 1, 2, 4]
[0, 1, 2, 6]
[0, 1, 2, 7]
[0, 1, 2, 3, 5]
[0, 1, 2, 3, 4]
0.5263157894736842 0.631578947368421
itercount --------> 16
[0, 1, 2]
[0, 1, 3]
[0, 1, 5]
[0, 1, 4]
[0, 1, 6]
[0, 1, 7]
[0, 1, 2, 3]
[0, 1, 2, 5]
[0, 1, 2, 4]
[0, 1, 2, 6]
[0, 1, 2, 7]
[0, 1, 2, 3, 5]
[0, 1, 2, 3, 4]
[0, 1, 2, 3, 6]
0.631578947368421 0.6818181818181818
itercount --------> 17
[0, 1, 2]
[0, 1, 5]
[0, 1, 3]
[0, 1, 4]
[0, 1, 7]
[0, 1, 6]
[0, 1, 2, 5]
[0, 1, 2, 3]
[0, 1, 2, 4]
[0, 1, 2, 7]
0.6818181818181818 0.7142857142857143
itercount --------> 18
[1, 5, 0]
[1, 5, 2]
[1, 5, 3]
[1, 5, 4]
[1, 5, 7]
[1, 5, 6]
[1, 5, 0, 2]
[1, 5, 0, 3]
[1, 5, 0, 4]
0.7142857142857143 0.75
itercount --------> 19
[0, 1, 2]
[0, 1, 5]
[0, 1, 3]
[0, 1, 4]
[0, 1, 7]
[0, 1, 6]
[0, 1, 2, 5]
[0, 1, 2, 3]
[0, 1, 2, 4]
[0, 1, 2, 7]
[0, 1, 2, 6]
[0, 1, 2, 5, 3]
[0, 1, 2, 5, 4]
[0, 1, 2, 5, 7]
[0, 1, 2, 5, 6]
[0, 1, 2, 5, 3, 4]
[0, 1, 2, 5, 3, 7]
[0, 1, 2, 5, 3, 6]
[0, 1, 2, 5, 3, 4, 7]
[0, 1, 2, 5, 3, 4, 6]
[0, 1, 2, 5, 3, 4, 7, 6]
failed -> 28 times
after fail n ======> 7
[0, 1, 2, 6, 5, 4, 7]
0.1016949152542373 0.10810810810810811
itercount --------> 1
[0, 2, 1]
0.10810810810810811 0.21052631578947367
itercount --------> 2
[7, 0, 1]
0.21052631578947367 0.2608695652173913
itercount --------> 3
[0, 1, 2]
[0, 1, 6]
0.2608695652173913 0.27586206896551724
itercount --------> 4
[0, 3, 5]
[0, 3, 4]
[0, 3, 7]
[0, 3, 1]
[0, 3, 2]
0.27586206896551724 0.3076923076923077
itercount --------> 5
[0, 2, 1]
[0, 2, 3]
0.3076923076923077 0.32
itercount --------> 6
[0, 3, 5]
[0, 3, 4]
[0, 3, 7]
[0, 3, 6]
[0, 3, 1]
[0, 3, 2]
[0, 3, 5, 4]
[0, 3, 5, 7]
[0, 3, 5, 6]
0.32 0.38461538461538464
itercount --------> 7
[0, 4, 3]
0.38461538461538464 0.43333333333333335
itercount --------> 8
[0, 4, 5]
0.43333333333333335 0.43478260869565216
itercount --------> 9
[0, 3, 7]
[0, 3, 1]
[0, 3, 2]
[0, 3, 4]
0.43478260869565216 0.5217391304347826
itercount --------> 10
[0, 7, 1]
[0, 7, 2]
0.5217391304347826 0.5238095238095238
itercount --------> 11
[0, 3, 7]
[0, 3, 4]
[0, 3, 5]
[0, 3, 1]
[0, 3, 2]
[0, 3, 6]
[0, 3, 7, 4]
0.5238095238095238 0.5769230769230769
itercount --------> 12
[0, 1, 2]
[0, 1, 5]
[0, 1, 3]
[0, 1, 4]
0.5769230769230769 0.625
itercount --------> 13
[0, 1, 3]
[0, 1, 5]
[0, 1, 2]
[0, 1, 4]
0.625 0.6363636363636364
itercount --------> 14
[0, 3, 5]
[0, 3, 1]
[0, 3, 2]
[0, 3, 4]
[0, 3, 6]
[0, 3, 7]
[0, 3, 5, 1]
0.6363636363636364 0.7
itercount --------> 15
[0, 3, 5]
[0, 3, 4]
[0, 3, 7]
[0, 3, 1]
[0, 3, 2]
[0, 3, 6]
[0, 3, 5, 4]
[0, 3, 5, 7]
[0, 3, 5, 1]
[0, 3, 5, 2]
[0, 3, 5, 6]
0.7 0.7142857142857143
itercount --------> 16
[0, 5, 3]
[0, 5, 1]
[0, 5, 2]
[0, 5, 4]
[0, 5, 6]
[0, 5, 7]
[0, 5, 3, 1]
[0, 5, 3, 2]
0.7142857142857143 0.75
itercount --------> 17
[5, 0, 1]
[5, 0, 2]
[5, 0, 3]
[5, 0, 4]
[5, 0, 7]
[5, 0, 6]
[5, 0, 1, 2]
[5, 0, 1, 3]
[5, 0, 1, 4]
[5, 0, 1, 7]
[5, 0, 1, 6]
[5, 0, 1, 2, 3]
0.75 0.7894736842105263
itercount --------> 18
[5, 3, 0]
[5, 3, 1]
[5, 3, 2]
[5, 3, 4]
[5, 3, 7]
[5, 3, 6]
[5, 3, 0, 1]
[5, 3, 0, 2]
[5, 3, 0, 4]
[5, 3, 0, 7]
[5, 3, 0, 6]
[5, 3, 0, 1, 2]
[5, 3, 0, 1, 4]
[5, 3, 0, 1, 7]
[5, 3, 0, 1, 6]
[5, 3, 0, 1, 2, 4]
[5, 3, 0, 1, 2, 7]
[5, 3, 0, 1, 2, 6]
[5, 3, 0, 1, 2, 4, 7]
[5, 3, 0, 1, 2, 4, 6]
[5, 3, 0, 1, 2, 4, 7, 6]
failed -> 29 times
after fail n ======> 8
[0, 1, 2, 6, 5, 4, 7, 3]
0.1016949152542373 0.14814814814814814
itercount --------> 1
[0, 3, 1]
0.14814814814814814 0.1935483870967742
itercount --------> 2
[0, 1, 6]
0.1935483870967742 0.2222222222222222
itercount --------> 3
[0, 1, 2]
0.2222222222222222 0.23529411764705882
itercount --------> 4
[1, 0, 3]
0.23529411764705882 0.27586206896551724
itercount --------> 5
[0, 3, 5]
[0, 3, 4]
[0, 3, 7]
[0, 3, 2]
0.27586206896551724 0.2962962962962963
itercount --------> 6
[0, 2, 4]
0.2962962962962963 0.34375
itercount --------> 7
[2, 0, 7]
[2, 0, 3]
[2, 0, 5]
[2, 0, 1]
0.34375 0.38461538461538464
itercount --------> 8
[0, 4, 2]
[0, 4, 3]
0.38461538461538464 0.44
itercount --------> 9
[0, 2, 4]
[0, 2, 3]
[0, 2, 5]
0.44 0.45
itercount --------> 10
[0, 2, 7]
[0, 2, 1]
[0, 2, 6]
[0, 2, 3]
[0, 2, 4]
[0, 2, 5]
[0, 2, 7, 1]
[0, 2, 7, 6]
[0, 2, 7, 3]
0.45 0.47368421052631576
itercount --------> 11
[2, 6, 7]
[2, 6, 3]
[2, 6, 4]
[2, 6, 5]
[2, 6, 0]
[2, 6, 1]
[2, 6, 7, 3]
0.47368421052631576 0.5
itercount --------> 12
[2, 7, 3]
0.5 0.6666666666666666
itercount --------> 13
[4, 0, 1]
[4, 0, 2]
[4, 0, 5]
[4, 0, 7]
0.6666666666666666 0.7894736842105263
itercount --------> 14
[5, 3, 0]
[5, 3, 1]
[5, 3, 2]
[5, 3, 4]
[5, 3, 7]
[5, 3, 6]
[5, 3, 0, 1]
[5, 3, 0, 2]
[5, 3, 0, 4]
[5, 3, 0, 7]
[5, 3, 0, 6]
[5, 3, 0, 1, 2]
[5, 3, 0, 1, 4]
[5, 3, 0, 1, 7]
[5, 3, 0, 1, 6]
[5, 3, 0, 1, 2, 4]
[5, 3, 0, 1, 2, 7]
[5, 3, 0, 1, 2, 6]
[5, 3, 0, 1, 2, 4, 7]
[5, 3, 0, 1, 2, 4, 6]
[5, 3, 0, 1, 2, 4, 7, 6]
failed -> 30 times
after fail n ======> 5
[0, 1, 2, 6, 5]
0.1016949152542373 0.10810810810810811
itercount --------> 1
[0, 1, 6]
0.10810810810810811 0.21052631578947367
itercount --------> 2
[0, 1, 2]
[0, 1, 5]
[0, 1, 6]
[0, 1, 3]
[0, 1, 4]
[0, 1, 7]
[0, 1, 2, 5]
[0, 1, 2, 6]
[0, 1, 2, 3]
[0, 1, 2, 4]
[0, 1, 2, 7]
[0, 1, 2, 5, 6]
[0, 1, 2, 5, 3]
[0, 1, 2, 5, 4]
[0, 1, 2, 5, 7]
[0, 1, 2, 5, 6, 3]
[0, 1, 2, 5, 6, 4]
[0, 1, 2, 5, 6, 7]
[0, 1, 2, 5, 6, 3, 4]
0.21052631578947367 0.25
itercount --------> 3
[6, 5, 7]
[6, 5, 4]
[6, 5, 3]
[6, 5, 0]
[6, 5, 1]
[6, 5, 2]
[6, 5, 7, 4]
0.25 0.2962962962962963
itercount --------> 4
[6, 5, 0]
[6, 5, 1]
[6, 5, 2]
[6, 5, 4]
[6, 5, 7]
[6, 5, 3]
[6, 5, 0, 1]
0.2962962962962963 0.3157894736842105
itercount --------> 5
[0, 1, 2]
[0, 1, 5]
[0, 1, 6]
[0, 1, 4]
[0, 1, 3]
[0, 1, 7]
[0, 1, 2, 5]
[0, 1, 2, 6]
[0, 1, 2, 4]
[0, 1, 2, 3]
[0, 1, 2, 7]
[0, 1, 2, 5, 6]
[0, 1, 2, 5, 4]
[0, 1, 2, 5, 3]
[0, 1, 2, 5, 7]
[0, 1, 2, 5, 6, 4]
[0, 1, 2, 5, 6, 3]
[0, 1, 2, 5, 6, 7]
0.3157894736842105 0.3333333333333333
itercount --------> 6
[0, 1, 2]
[0, 1, 6]
[0, 1, 5]
[0, 1, 4]
[0, 1, 3]
[0, 1, 7]
[0, 1, 2, 6]
[0, 1, 2, 5]
[0, 1, 2, 4]
[0, 1, 2, 3]
[0, 1, 2, 7]
[0, 1, 2, 6, 5]
[0, 1, 2, 6, 4]
[0, 1, 2, 6, 3]
[0, 1, 2, 6, 7]
[0, 1, 2, 6, 5, 4]
[0, 1, 2, 6, 5, 3]
[0, 1, 2, 6, 5, 7]
[0, 1, 2, 6, 5, 4, 3]
0.3333333333333333 0.4444444444444444
itercount --------> 7
[0, 1, 2]
[0, 1, 5]
[0, 1, 6]
[0, 1, 7]
[0, 1, 4]
[0, 1, 3]
[0, 1, 2, 5]
[0, 1, 2, 6]
[0, 1, 2, 7]
[0, 1, 2, 4]
[0, 1, 2, 3]
[0, 1, 2, 5, 6]
[0, 1, 2, 5, 7]
[0, 1, 2, 5, 4]
[0, 1, 2, 5, 3]
[0, 1, 2, 5, 6, 7]
[0, 1, 2, 5, 6, 4]
[0, 1, 2, 5, 6, 3]
[0, 1, 2, 5, 6, 7, 4]
[0, 1, 2, 5, 6, 7, 3]
[0, 1, 2, 5, 6, 7, 4, 3]
failed -> 31 times
after fail n ======> 6
[0, 1, 2, 6, 5, 4]
0.1016949152542373 0.10810810810810811
itercount --------> 1
[0, 2, 6]
0.10810810810810811 0.16
itercount --------> 2
[0, 6, 1]
0.16 0.21052631578947367
itercount --------> 3
[0, 1, 2]
[0, 1, 5]
[0, 1, 6]
[0, 1, 3]
[0, 1, 4]
[0, 1, 7]
[0, 1, 2, 5]
[0, 1, 2, 6]
[0, 1, 2, 3]
[0, 1, 2, 4]
[0, 1, 2, 7]
[0, 1, 2, 5, 6]
[0, 1, 2, 5, 3]
[0, 1, 2, 5, 4]
[0, 1, 2, 5, 7]
[0, 1, 2, 5, 6, 3]
[0, 1, 2, 5, 6, 4]
[0, 1, 2, 5, 6, 7]
[0, 1, 2, 5, 6, 3, 4]
0.21052631578947367 0.21739130434782608
itercount --------> 4
[6, 1, 2]
0.21739130434782608 0.25
itercount --------> 5
[1, 2, 6]
[1, 2, 0]
[1, 2, 4]
[1, 2, 5]
0.25 0.2631578947368421
itercount --------> 6
[0, 1, 2]
[0, 1, 5]
[0, 1, 6]
[0, 1, 4]
[0, 1, 3]
[0, 1, 7]
[0, 1, 2, 5]
[0, 1, 2, 6]
[0, 1, 2, 4]
[0, 1, 2, 3]
[0, 1, 2, 7]
[0, 1, 2, 5, 6]
[0, 1, 2, 5, 4]
[0, 1, 2, 5, 3]
[0, 1, 2, 5, 7]
0.2631578947368421 0.2777777777777778
itercount --------> 7
[6, 0, 1]
[6, 0, 2]
[6, 0, 4]
[6, 0, 5]
[6, 0, 7]
[6, 0, 3]
[6, 0, 1, 2]
[6, 0, 1, 4]
[6, 0, 1, 5]
[6, 0, 1, 7]
[6, 0, 1, 3]
[6, 0, 1, 2, 4]
[6, 0, 1, 2, 5]
[6, 0, 1, 2, 7]
[6, 0, 1, 2, 3]
[6, 0, 1, 2, 4, 5]
[6, 0, 1, 2, 4, 7]
0.2777777777777778 0.3333333333333333
itercount --------> 8
[0, 1, 2]
[0, 1, 6]
[0, 1, 5]
[0, 1, 4]
[0, 1, 3]
[0, 1, 7]
[0, 1, 2, 6]
[0, 1, 2, 5]
[0, 1, 2, 4]
[0, 1, 2, 3]
[0, 1, 2, 7]
[0, 1, 2, 6, 5]
[0, 1, 2, 6, 4]
[0, 1, 2, 6, 3]
[0, 1, 2, 6, 7]
[0, 1, 2, 6, 5, 4]
[0, 1, 2, 6, 5, 3]
[0, 1, 2, 6, 5, 7]
[0, 1, 2, 6, 5, 4, 3]
0.3333333333333333 0.4444444444444444
itercount --------> 9
[0, 1, 2]
[0, 1, 5]
[0, 1, 6]
[0, 1, 7]
[0, 1, 4]
[0, 1, 3]
[0, 1, 2, 5]
[0, 1, 2, 6]
[0, 1, 2, 7]
[0, 1, 2, 4]
[0, 1, 2, 3]
[0, 1, 2, 5, 6]
[0, 1, 2, 5, 7]
[0, 1, 2, 5, 4]
[0, 1, 2, 5, 3]
[0, 1, 2, 5, 6, 7]
[0, 1, 2, 5, 6, 4]
[0, 1, 2, 5, 6, 3]
[0, 1, 2, 5, 6, 7, 4]
[0, 1, 2, 5, 6, 7, 3]
[0, 1, 2, 5, 6, 7, 4, 3]
failed -> 32 times
after fail n ======> 7
[0, 1, 2, 6, 5, 4, 7]
0.1016949152542373 0.16
itercount --------> 1
[1, 0, 2]
[1, 0, 6]
0.16 0.21052631578947367
itercount --------> 2
[7, 0, 1]
0.21052631578947367 0.2608695652173913
itercount --------> 3
[0, 2, 6]
0.2608695652173913 0.27586206896551724
itercount --------> 4
[0, 3, 5]
[0, 3, 7]
[0, 3, 4]
[0, 3, 6]
0.27586206896551724 0.32142857142857145
itercount --------> 5
[0, 3, 5]
0.32142857142857145 0.3225806451612903
itercount --------> 6
[0, 4, 3]
[0, 4, 2]
0.3225806451612903 0.3333333333333333
itercount --------> 7
[0, 4, 5]
0.3333333333333333 0.37037037037037035
itercount --------> 8
[0, 2, 3]
[0, 2, 7]
[0, 2, 1]
0.37037037037037035 0.43478260869565216
itercount --------> 9
[0, 3, 7]
[0, 3, 1]
[0, 3, 2]
[0, 3, 4]
0.43478260869565216 0.48
itercount --------> 10
[0, 7, 1]
[0, 7, 2]
[0, 7, 5]
[0, 7, 4]
[0, 7, 3]
[0, 7, 6]
[0, 7, 1, 2]
[0, 7, 1, 5]
0.48 0.5714285714285714
itercount --------> 11
[0, 7, 1]
[0, 7, 2]
[0, 7, 5]
0.5714285714285714 0.631578947368421
itercount --------> 12
[0, 1, 2]
[0, 1, 4]
[0, 1, 5]
[0, 1, 7]
[0, 1, 6]
[0, 1, 3]
[0, 1, 2, 4]
[0, 1, 2, 5]
[0, 1, 2, 7]
[0, 1, 2, 6]
[0, 1, 2, 3]
[0, 1, 2, 4, 5]
0.631578947368421 0.65
itercount --------> 13
[7, 5, 3]
[7, 5, 0]
[7, 5, 1]
[7, 5, 2]
[7, 5, 4]
0.65 0.6818181818181818
itercount --------> 14
[0, 1, 2]
[0, 1, 5]
[0, 1, 3]
[0, 1, 4]
0.6818181818181818 0.75
itercount --------> 15
[5, 0, 1]
[5, 0, 2]
[5, 0, 3]
[5, 0, 4]
0.75 0.7619047619047619
itercount --------> 16
[3, 0, 1]
[3, 0, 2]
[3, 0, 5]
0.7619047619047619 0.8421052631578947
itercount --------> 17
[0, 1, 2]
[0, 1, 3]
[0, 1, 4]
[0, 1, 5]
[0, 1, 6]
[0, 1, 7]
[0, 1, 2, 3]
[0, 1, 2, 4]
[0, 1, 2, 5]
[0, 1, 2, 6]
[0, 1, 2, 7]
[0, 1, 2, 3, 4]
[0, 1, 2, 3, 5]
[0, 1, 2, 3, 6]
[0, 1, 2, 3, 7]
[0, 1, 2, 3, 4, 5]
[0, 1, 2, 3, 4, 6]
[0, 1, 2, 3, 4, 7]
[0, 1, 2, 3, 4, 5, 6]
[0, 1, 2, 3, 4, 5, 7]
[0, 1, 2, 3, 4, 5, 6, 7]
failed -> 33 times
after fail n ======> 8
[0, 1, 2, 6, 5, 4, 7, 3]
0.1016949152542373 0.11538461538461539
itercount --------> 1
[6, 2, 1]
0.11538461538461539 0.13636363636363635
itercount --------> 2
[1, 6, 7]
[1, 6, 3]
[1, 6, 4]
[1, 6, 0]
0.13636363636363635 0.16666666666666666
itercount --------> 3
[0, 1, 2]
[0, 1, 6]
0.16666666666666666 0.19230769230769232
itercount --------> 4
[2, 7, 6]
0.19230769230769232 0.20689655172413793
itercount --------> 5
[2, 6, 7]
[2, 6, 5]
[2, 6, 4]
0.20689655172413793 0.21621621621621623
itercount --------> 6
[2, 7, 5]
0.21621621621621623 0.24
itercount --------> 7
[2, 5, 7]
0.24 0.28125
itercount --------> 8
[2, 5, 0]
[2, 5, 1]
0.28125 0.3
itercount --------> 9
[0, 1, 5]
0.3 0.30303030303030304
itercount --------> 10
[5, 0, 1]
0.30303030303030304 0.32
itercount --------> 11
[0, 1, 6]
[0, 1, 2]
0.32 0.38095238095238093
itercount --------> 12
[0, 1, 2]
[0, 1, 5]
[0, 1, 6]
[0, 1, 7]
[0, 1, 3]
[0, 1, 4]
[0, 1, 2, 5]
[0, 1, 2, 6]
[0, 1, 2, 7]
[0, 1, 2, 3]
[0, 1, 2, 4]
[0, 1, 2, 5, 6]
[0, 1, 2, 5, 7]
[0, 1, 2, 5, 3]
[0, 1, 2, 5, 4]
[0, 1, 2, 5, 6, 7]
0.38095238095238093 0.3888888888888889
itercount --------> 13
[4, 0, 1]
[4, 0, 2]
[4, 0, 5]
[4, 0, 6]
[4, 0, 7]
0.3888888888888889 0.42105263157894735
itercount --------> 14
[0, 1, 2]
[0, 1, 5]
[0, 1, 6]
[0, 1, 3]
[0, 1, 7]
[0, 1, 4]
0.42105263157894735 0.4444444444444444
itercount --------> 15
[0, 1, 2]
[0, 1, 5]
[0, 1, 3]
0.4444444444444444 0.47368421052631576
itercount --------> 16
[3, 4, 6]
[3, 4, 5]
[3, 4, 7]
[3, 4, 0]
[3, 4, 1]
[3, 4, 2]
[3, 4, 6, 5]
[3, 4, 6, 7]
[3, 4, 6, 0]
0.47368421052631576 0.5789473684210527
itercount --------> 17
[3, 4, 5]
0.5789473684210527 0.6363636363636364
itercount --------> 18
[5, 7, 3]
[5, 7, 4]
[5, 7, 6]
[5, 7, 0]
[5, 7, 1]
[5, 7, 2]
[5, 7, 3, 4]
0.6363636363636364 0.6666666666666666
itercount --------> 19
[3, 5, 4]
[3, 5, 7]
[3, 5, 0]
0.6666666666666666 0.7619047619047619
itercount --------> 20
[3, 5, 0]
[3, 5, 1]
0.7619047619047619 0.8
itercount --------> 21
[0, 1, 2]
[0, 1, 5]
[0, 1, 3]
[0, 1, 4]
[0, 1, 7]
[0, 1, 6]
[0, 1, 2, 5]
[0, 1, 2, 3]
[0, 1, 2, 4]
0.8 0.8421052631578947
itercount --------> 22
[0, 1, 2]
[0, 1, 3]
[0, 1, 4]
[0, 1, 5]
[0, 1, 6]
[0, 1, 7]
[0, 1, 2, 3]
[0, 1, 2, 4]
[0, 1, 2, 5]
[0, 1, 2, 6]
[0, 1, 2, 7]
[0, 1, 2, 3, 4]
[0, 1, 2, 3, 5]
[0, 1, 2, 3, 6]
[0, 1, 2, 3, 7]
[0, 1, 2, 3, 4, 5]
[0, 1, 2, 3, 4, 6]
[0, 1, 2, 3, 4, 7]
[0, 1, 2, 3, 4, 5, 6]
[0, 1, 2, 3, 4, 5, 7]
[0, 1, 2, 3, 4, 5, 6, 7]
failed -> 34 times
after fail n ======> 5
[0, 1, 2, 6, 5]
0.1016949152542373 0.17142857142857143
itercount --------> 1
[2, 6, 0]
0.17142857142857143 0.27586206896551724
itercount --------> 2
[2, 3, 5]
[2, 3, 4]
[2, 3, 7]
[2, 3, 0]
[2, 3, 1]
0.27586206896551724 0.32
itercount --------> 3
[5, 3, 4]
[5, 3, 6]
0.32 0.375
itercount --------> 4
[0, 1, 2]
[0, 1, 3]
[0, 1, 7]
[0, 1, 4]
0.375 0.4090909090909091
itercount --------> 5
[0, 2, 3]
[0, 2, 5]
[0, 2, 7]
[0, 2, 1]
[0, 2, 4]
[0, 2, 6]
[0, 2, 3, 5]
[0, 2, 3, 7]
[0, 2, 3, 1]
[0, 2, 3, 4]
[0, 2, 3, 6]
[0, 2, 3, 5, 7]
[0, 2, 3, 5, 1]
[0, 2, 3, 5, 4]
[0, 2, 3, 5, 6]
0.4090909090909091 0.45454545454545453
itercount --------> 6
[5, 4, 7]
0.45454545454545453 0.48
itercount --------> 7
[5, 4, 0]
[5, 4, 1]
0.48 0.55
itercount --------> 8
[3, 4, 5]
[3, 4, 0]
[3, 4, 1]
[3, 4, 2]
[3, 4, 7]
[3, 4, 6]
[3, 4, 5, 0]
[3, 4, 5, 1]
0.55 0.5714285714285714
itercount --------> 9
[0, 1, 2]
[0, 1, 4]
[0, 1, 5]
[0, 1, 3]
[0, 1, 6]
[0, 1, 7]
[0, 1, 2, 4]
[0, 1, 2, 5]
[0, 1, 2, 3]
[0, 1, 2, 6]
[0, 1, 2, 7]
0.5714285714285714 0.6
itercount --------> 10
[0, 1, 2]
[0, 1, 5]
[0, 1, 3]
[0, 1, 4]
[0, 1, 6]
[0, 1, 7]
[0, 1, 2, 5]
[0, 1, 2, 3]
[0, 1, 2, 4]
[0, 1, 2, 6]
[0, 1, 2, 7]
[0, 1, 2, 5, 3]
[0, 1, 2, 5, 4]
[0, 1, 2, 5, 6]
[0, 1, 2, 5, 7]
[0, 1, 2, 5, 3, 4]
0.6 0.6818181818181818
itercount --------> 11
[0, 1, 2]
[0, 1, 5]
[0, 1, 3]
[0, 1, 4]
[0, 1, 6]
[0, 1, 7]
[0, 1, 2, 5]
[0, 1, 2, 3]
[0, 1, 2, 4]
[0, 1, 2, 6]
[0, 1, 2, 7]
[0, 1, 2, 5, 3]
[0, 1, 2, 5, 4]
[0, 1, 2, 5, 6]
[0, 1, 2, 5, 7]
[0, 1, 2, 5, 3, 4]
[0, 1, 2, 5, 3, 6]
[0, 1, 2, 5, 3, 7]
[0, 1, 2, 5, 3, 4, 6]
[0, 1, 2, 5, 3, 4, 7]
[0, 1, 2, 5, 3, 4, 6, 7]
failed -> 35 times
after fail n ======> 6
[0, 1, 2, 6, 5, 4]
0.1016949152542373 0.10810810810810811
itercount --------> 1
[0, 2, 6]
0.10810810810810811 0.18181818181818182
itercount --------> 2
[1, 2, 4]
0.18181818181818182 0.2608695652173913
itercount --------> 3
[0, 2, 6]
0.2608695652173913 0.27586206896551724
itercount --------> 4
[0, 3, 5]
[0, 3, 4]
[0, 3, 7]
[0, 3, 2]
[0, 3, 6]
0.27586206896551724 0.3225806451612903
itercount --------> 5
[0, 4, 3]
0.3225806451612903 0.3333333333333333
itercount --------> 6
[0, 4, 2]
0.3333333333333333 0.35294117647058826
itercount --------> 7
[0, 4, 2]
[0, 4, 1]
0.35294117647058826 0.38461538461538464
itercount --------> 8
[2, 4, 3]
0.38461538461538464 0.4
itercount --------> 9
[2, 4, 7]
0.4 0.4722222222222222
itercount --------> 10
[2, 5, 0]
0.4722222222222222 0.6818181818181818
itercount --------> 11
[0, 1, 2]
[0, 1, 5]
[0, 1, 3]
[0, 1, 4]
[0, 1, 7]
[0, 1, 6]
[0, 1, 2, 5]
[0, 1, 2, 3]
[0, 1, 2, 4]
[0, 1, 2, 7]
[0, 1, 2, 6]
[0, 1, 2, 5, 3]
[0, 1, 2, 5, 4]
[0, 1, 2, 5, 7]
0.6818181818181818 0.6956521739130435
itercount --------> 12
[5, 7, 0]
0.6956521739130435 0.75
itercount --------> 13
[5, 0, 1]
[5, 0, 2]
[5, 0, 3]
[5, 0, 4]
[5, 0, 7]
[5, 0, 6]
[5, 0, 1, 2]
[5, 0, 1, 3]
[5, 0, 1, 4]
[5, 0, 1, 7]
[5, 0, 1, 6]
[5, 0, 1, 2, 3]
[5, 0, 1, 2, 4]
[5, 0, 1, 2, 7]
[5, 0, 1, 2, 6]
[5, 0, 1, 2, 3, 4]
[5, 0, 1, 2, 3, 7]
[5, 0, 1, 2, 3, 6]
[5, 0, 1, 2, 3, 4, 7]
[5, 0, 1, 2, 3, 4, 6]
0.75 0.7619047619047619
itercount --------> 14
[3, 0, 1]
[3, 0, 2]
[3, 0, 5]
[3, 0, 4]
[3, 0, 7]
[3, 0, 6]
[3, 0, 1, 2]
0.7619047619047619 0.8
itercount --------> 15
[3, 4, 5]
[3, 4, 0]
[3, 4, 1]
[3, 4, 2]
[3, 4, 7]
[3, 4, 6]
[3, 4, 5, 0]
[3, 4, 5, 1]
[3, 4, 5, 2]
[3, 4, 5, 7]
[3, 4, 5, 6]
[3, 4, 5, 0, 1]
[3, 4, 5, 0, 2]
[3, 4, 5, 0, 7]
[3, 4, 5, 0, 6]
[3, 4, 5, 0, 1, 2]
[3, 4, 5, 0, 1, 7]
[3, 4, 5, 0, 1, 6]
[3, 4, 5, 0, 1, 2, 7]
[3, 4, 5, 0, 1, 2, 6]
[3, 4, 5, 0, 1, 2, 7, 6]
failed -> 36 times
after fail n ======> 7
[0, 1, 2, 6, 5, 4, 7]
0.1016949152542373 0.10810810810810811
itercount --------> 1
[0, 1, 6]
0.10810810810810811 0.21052631578947367
itercount --------> 2
[0, 1, 2]
[0, 1, 5]
[0, 1, 6]
[0, 1, 3]
[0, 1, 4]
[0, 1, 7]
[0, 1, 2, 5]
[0, 1, 2, 6]
[0, 1, 2, 3]
[0, 1, 2, 4]
[0, 1, 2, 7]
[0, 1, 2, 5, 6]
[0, 1, 2, 5, 3]
[0, 1, 2, 5, 4]
[0, 1, 2, 5, 7]
[0, 1, 2, 5, 6, 3]
[0, 1, 2, 5, 6, 4]
[0, 1, 2, 5, 6, 7]
[0, 1, 2, 5, 6, 3, 4]
0.21052631578947367 0.22727272727272727
itercount --------> 3
[0, 6, 1]
0.22727272727272727 0.23809523809523808
itercount --------> 4
[0, 1, 2]
[0, 1, 5]
[0, 1, 6]
[0, 1, 4]
[0, 1, 3]
[0, 1, 7]
0.23809523809523808 0.25
itercount --------> 5
[6, 0, 4]
[6, 0, 3]
0.25 0.2727272727272727
itercount --------> 6
[6, 0, 7]
[6, 0, 4]
[6, 0, 5]
[6, 0, 1]
[6, 0, 2]
[6, 0, 3]
[6, 0, 7, 4]
0.2727272727272727 0.3181818181818182
itercount --------> 7
[6, 0, 7]
[6, 0, 5]
[6, 0, 1]
[6, 0, 2]
[6, 0, 3]
[6, 0, 4]
[6, 0, 7, 5]
[6, 0, 7, 1]
[6, 0, 7, 2]
[6, 0, 7, 3]
[6, 0, 7, 4]
[6, 0, 7, 5, 1]
[6, 0, 7, 5, 2]
[6, 0, 7, 5, 3]
[6, 0, 7, 5, 4]
[6, 0, 7, 5, 1, 2]
[6, 0, 7, 5, 1, 3]
[6, 0, 7, 5, 1, 4]
[6, 0, 7, 5, 1, 2, 3]
[6, 0, 7, 5, 1, 2, 4]
0.3181818181818182 0.3333333333333333
itercount --------> 8
[0, 1, 2]
[0, 1, 6]
[0, 1, 5]
[0, 1, 4]
[0, 1, 3]
[0, 1, 7]
[0, 1, 2, 6]
0.3333333333333333 0.34615384615384615
itercount --------> 9
[0, 6, 1]
[0, 6, 2]
[0, 6, 4]
[0, 6, 7]
[0, 6, 5]
[0, 6, 3]
[0, 6, 1, 2]
0.34615384615384615 0.4090909090909091
itercount --------> 10
[0, 6, 4]
0.4090909090909091 0.5
itercount --------> 11
[0, 1, 2]
[0, 1, 4]
[0, 1, 3]
0.5 0.5263157894736842
itercount --------> 12
[0, 1, 2]
[0, 1, 3]
[0, 1, 5]
[0, 1, 7]
[0, 1, 6]
[0, 1, 4]
[0, 1, 2, 3]
[0, 1, 2, 5]
[0, 1, 2, 7]
[0, 1, 2, 6]
[0, 1, 2, 4]
0.5263157894736842 0.5555555555555556
itercount --------> 13
[3, 0, 1]
[3, 0, 2]
[3, 0, 5]
[3, 0, 4]
0.5555555555555556 0.631578947368421
itercount --------> 14
[0, 1, 2]
[0, 1, 6]
[0, 1, 3]
[0, 1, 5]
0.631578947368421 0.6666666666666666
itercount --------> 15
[0, 1, 2]
[0, 1, 3]
[0, 1, 5]
[0, 1, 6]
[0, 1, 7]
[0, 1, 4]
[0, 1, 2, 3]
[0, 1, 2, 5]
[0, 1, 2, 6]
[0, 1, 2, 7]
[0, 1, 2, 4]
[0, 1, 2, 3, 5]
[0, 1, 2, 3, 6]
0.6666666666666666 0.75
itercount --------> 16
[5, 0, 1]
[5, 0, 2]
[5, 0, 3]
0.75 0.7894736842105263
itercount --------> 17
[5, 3, 0]
[5, 3, 1]
[5, 3, 2]
[5, 3, 4]
[5, 3, 7]
[5, 3, 6]
[5, 3, 0, 1]
[5, 3, 0, 2]
[5, 3, 0, 4]
[5, 3, 0, 7]
[5, 3, 0, 6]
[5, 3, 0, 1, 2]
[5, 3, 0, 1, 4]
[5, 3, 0, 1, 7]
[5, 3, 0, 1, 6]
[5, 3, 0, 1, 2, 4]
[5, 3, 0, 1, 2, 7]
[5, 3, 0, 1, 2, 6]
[5, 3, 0, 1, 2, 4, 7]
[5, 3, 0, 1, 2, 4, 6]
[5, 3, 0, 1, 2, 4, 7, 6]
failed -> 37 times
after fail n ======> 8
[0, 1, 2, 6, 5, 4, 7, 3]
0.1016949152542373 0.10810810810810811
itercount --------> 1
[1, 2, 6]
0.10810810810810811 0.21052631578947367
itercount --------> 2
[0, 1, 2]
[0, 1, 5]
[0, 1, 6]
[0, 1, 3]
[0, 1, 4]
[0, 1, 7]
[0, 1, 2, 5]
[0, 1, 2, 6]
0.21052631578947367 0.25925925925925924
itercount --------> 3
[0, 1, 2]
0.25925925925925924 0.30434782608695654
itercount --------> 4
[1, 2, 3]
0.30434782608695654 0.35
itercount --------> 5
[1, 2, 3]
[1, 2, 7]
[1, 2, 4]
[1, 2, 0]
[1, 2, 6]
[1, 2, 5]
0.35 0.3684210526315789
itercount --------> 6
[0, 1, 2]
[0, 1, 5]
[0, 1, 3]
[0, 1, 6]
[0, 1, 7]
[0, 1, 4]
[0, 1, 2, 5]
[0, 1, 2, 3]
[0, 1, 2, 6]
[0, 1, 2, 7]
0.3684210526315789 0.3888888888888889
itercount --------> 7
[0, 1, 2]
[0, 1, 5]
[0, 1, 3]
[0, 1, 4]
[0, 1, 7]
[0, 1, 6]
[0, 1, 2, 5]
[0, 1, 2, 3]
[0, 1, 2, 4]
[0, 1, 2, 7]
[0, 1, 2, 6]
[0, 1, 2, 5, 3]
[0, 1, 2, 5, 4]
[0, 1, 2, 5, 7]
[0, 1, 2, 5, 6]
[0, 1, 2, 5, 3, 4]
[0, 1, 2, 5, 3, 7]
[0, 1, 2, 5, 3, 6]
[0, 1, 2, 5, 3, 4, 7]
0.3888888888888889 0.4
itercount --------> 8
[1, 4, 3]
[1, 4, 0]
0.4 0.42105263157894735
itercount --------> 9
[3, 1, 4]
0.42105263157894735 0.5
itercount --------> 10
[3, 1, 6]
[3, 1, 0]
[3, 1, 2]
0.5 0.55
itercount --------> 11
[3, 6, 0]
[3, 6, 1]
[3, 6, 2]
[3, 6, 4]
0.55 0.7894736842105263
itercount --------> 12
[5, 3, 0]
[5, 3, 1]
[5, 3, 2]
[5, 3, 4]
[5, 3, 7]
[5, 3, 6]
[5, 3, 0, 1]
[5, 3, 0, 2]
[5, 3, 0, 4]
[5, 3, 0, 7]
[5, 3, 0, 6]
[5, 3, 0, 1, 2]
[5, 3, 0, 1, 4]
[5, 3, 0, 1, 7]
[5, 3, 0, 1, 6]
[5, 3, 0, 1, 2, 4]
[5, 3, 0, 1, 2, 7]
[5, 3, 0, 1, 2, 6]
[5, 3, 0, 1, 2, 4, 7]
[5, 3, 0, 1, 2, 4, 6]
[5, 3, 0, 1, 2, 4, 7, 6]
failed -> 38 times
after fail n ======> 5
[0, 1, 2, 6, 5]
0.1016949152542373 0.10810810810810811
itercount --------> 1
[1, 2, 6]
0.10810810810810811 0.16
itercount --------> 2
[0, 1, 2]
0.16 0.21052631578947367
itercount --------> 3
[0, 1, 2]
[0, 1, 5]
[0, 1, 6]
0.21052631578947367 0.2727272727272727
itercount --------> 4
[0, 3, 1]
[0, 3, 4]
0.2727272727272727 0.2962962962962963
itercount --------> 5
[0, 3, 4]
0.2962962962962963 0.3125
itercount --------> 6
[0, 3, 6]
0.3125 0.32558139534883723
itercount --------> 7
[0, 1, 2]
0.32558139534883723 0.45161290322580644
itercount --------> 8
[0, 1, 5]
0.45161290322580644 0.5217391304347826
itercount --------> 9
[0, 1, 2]
[0, 1, 7]
[0, 1, 5]
[0, 1, 4]
[0, 1, 3]
[0, 1, 6]
[0, 1, 2, 7]
[0, 1, 2, 5]
0.5217391304347826 0.5714285714285714
itercount --------> 10
[0, 1, 2]
[0, 1, 5]
[0, 1, 4]
[0, 1, 7]
[0, 1, 6]
[0, 1, 3]
0.5714285714285714 0.631578947368421
itercount --------> 11
[0, 1, 2]
[0, 1, 5]
[0, 1, 4]
[0, 1, 7]
[0, 1, 6]
[0, 1, 3]
[0, 1, 2, 5]
[0, 1, 2, 4]
[0, 1, 2, 7]
[0, 1, 2, 6]
[0, 1, 2, 3]
[0, 1, 2, 5, 4]
[0, 1, 2, 5, 7]
[0, 1, 2, 5, 6]
[0, 1, 2, 5, 3]
[0, 1, 2, 5, 4, 7]
0.631578947368421 0.75
itercount --------> 12
[0, 1, 2]
[0, 1, 5]
[0, 1, 3]
[0, 1, 4]
[0, 1, 7]
[0, 1, 6]
[0, 1, 2, 5]
[0, 1, 2, 3]
[0, 1, 2, 4]
[0, 1, 2, 7]
[0, 1, 2, 6]
[0, 1, 2, 5, 3]
[0, 1, 2, 5, 4]
[0, 1, 2, 5, 7]
[0, 1, 2, 5, 6]
[0, 1, 2, 5, 3, 4]
[0, 1, 2, 5, 3, 7]
0.75 0.7894736842105263
itercount --------> 13
[5, 3, 0]
[5, 3, 1]
[5, 3, 2]
[5, 3, 4]
[5, 3, 7]
[5, 3, 6]
[5, 3, 0, 1]
[5, 3, 0, 2]
[5, 3, 0, 4]
[5, 3, 0, 7]
[5, 3, 0, 6]
[5, 3, 0, 1, 2]
[5, 3, 0, 1, 4]
[5, 3, 0, 1, 7]
[5, 3, 0, 1, 6]
[5, 3, 0, 1, 2, 4]
[5, 3, 0, 1, 2, 7]
[5, 3, 0, 1, 2, 6]
[5, 3, 0, 1, 2, 4, 7]
[5, 3, 0, 1, 2, 4, 6]
[5, 3, 0, 1, 2, 4, 7, 6]
failed -> 39 times
after fail n ======> 6
[0, 1, 2, 6, 5, 4]
0.1016949152542373 0.10810810810810811
itercount --------> 1
[0, 2, 6]
[0, 2, 1]
0.10810810810810811 0.21052631578947367
itercount --------> 2
[0, 1, 2]
[0, 1, 5]
0.21052631578947367 0.2608695652173913
itercount --------> 3
[0, 1, 2]
[0, 1, 6]
0.2608695652173913 0.32
itercount --------> 4
[5, 3, 4]
0.32 0.3225806451612903
itercount --------> 5
[5, 4, 7]
0.3225806451612903 0.3541666666666667
itercount --------> 6
[5, 0, 1]
0.3541666666666667 0.41379310344827586
itercount --------> 7
[5, 0, 1]
[5, 0, 2]
0.41379310344827586 0.48
itercount --------> 8
[0, 1, 2]
[0, 1, 5]
[0, 1, 3]
[0, 1, 6]
[0, 1, 4]
[0, 1, 7]
[0, 1, 2, 5]
[0, 1, 2, 3]
[0, 1, 2, 6]
[0, 1, 2, 4]
[0, 1, 2, 7]
[0, 1, 2, 5, 3]
[0, 1, 2, 5, 6]
[0, 1, 2, 5, 4]
[0, 1, 2, 5, 7]
[0, 1, 2, 5, 3, 6]
0.48 0.5769230769230769
itercount --------> 9
[0, 1, 2]
[0, 1, 5]
[0, 1, 4]
[0, 1, 7]
[0, 1, 3]
[0, 1, 6]
0.5769230769230769 0.6818181818181818
itercount --------> 10
[0, 1, 2]
[0, 1, 5]
[0, 1, 4]
[0, 1, 7]
[0, 1, 3]
[0, 1, 6]
[0, 1, 2, 5]
[0, 1, 2, 4]
[0, 1, 2, 7]
[0, 1, 2, 3]
[0, 1, 2, 6]
[0, 1, 2, 5, 4]
[0, 1, 2, 5, 7]
[0, 1, 2, 5, 3]
[0, 1, 2, 5, 6]
[0, 1, 2, 5, 4, 7]
[0, 1, 2, 5, 4, 3]
[0, 1, 2, 5, 4, 6]
[0, 1, 2, 5, 4, 7, 3]
[0, 1, 2, 5, 4, 7, 6]
[0, 1, 2, 5, 4, 7, 3, 6]
failed -> 40 times
after fail n ======> 7
[0, 1, 2, 6, 5, 4, 7]
0.1016949152542373 0.10810810810810811
itercount --------> 1
[0, 2, 6]
0.10810810810810811 0.21052631578947367
itercount --------> 2
[0, 1, 2]
[0, 1, 5]
[0, 1, 6]
[0, 1, 3]
[0, 1, 4]
[0, 1, 7]
[0, 1, 2, 5]
[0, 1, 2, 6]
0.21052631578947367 0.2608695652173913
itercount --------> 3
[0, 2, 6]
0.2608695652173913 0.27586206896551724
itercount --------> 4
[0, 3, 5]
[0, 3, 4]
[0, 3, 7]
[0, 3, 2]
0.27586206896551724 0.2962962962962963
itercount --------> 5
[0, 2, 4]
0.2962962962962963 0.3103448275862069
itercount --------> 6
[0, 2, 3]
[0, 2, 4]
0.3103448275862069 0.3333333333333333
itercount --------> 7
[2, 0, 3]
[2, 0, 4]
[2, 0, 1]
0.3333333333333333 0.3793103448275862
itercount --------> 8
[2, 7, 6]
[2, 7, 0]
[2, 7, 4]
0.3793103448275862 0.41379310344827586
itercount --------> 9
[2, 0, 4]
[2, 0, 1]
[2, 0, 3]
[2, 0, 5]
0.41379310344827586 0.43478260869565216
itercount --------> 10
[0, 2, 1]
[0, 2, 4]
[0, 2, 3]
[0, 2, 6]
[0, 2, 5]
0.43478260869565216 0.47619047619047616
itercount --------> 11
[0, 1, 2]
[0, 1, 3]
[0, 1, 5]
[0, 1, 4]
0.47619047619047616 0.5263157894736842
itercount --------> 12
[0, 1, 2]
[0, 1, 3]
[0, 1, 5]
[0, 1, 4]
[0, 1, 6]
[0, 1, 7]
[0, 1, 2, 3]
[0, 1, 2, 5]
[0, 1, 2, 4]
[0, 1, 2, 6]
[0, 1, 2, 7]
[0, 1, 2, 3, 5]
[0, 1, 2, 3, 4]
0.5263157894736842 0.631578947368421
itercount --------> 13
[0, 1, 2]
[0, 1, 3]
[0, 1, 5]
[0, 1, 4]
[0, 1, 6]
[0, 1, 7]
[0, 1, 2, 3]
[0, 1, 2, 5]
[0, 1, 2, 4]
[0, 1, 2, 6]
[0, 1, 2, 7]
[0, 1, 2, 3, 5]
[0, 1, 2, 3, 4]
[0, 1, 2, 3, 6]
0.631578947368421 0.75
itercount --------> 14
[0, 1, 2]
[0, 1, 5]
[0, 1, 3]
[0, 1, 4]
[0, 1, 7]
[0, 1, 6]
[0, 1, 2, 5]
[0, 1, 2, 3]
[0, 1, 2, 4]
[0, 1, 2, 7]
[0, 1, 2, 6]
[0, 1, 2, 5, 3]
[0, 1, 2, 5, 4]
[0, 1, 2, 5, 7]
[0, 1, 2, 5, 6]
[0, 1, 2, 5, 3, 4]
[0, 1, 2, 5, 3, 7]
[0, 1, 2, 5, 3, 6]
[0, 1, 2, 5, 3, 4, 7]
[0, 1, 2, 5, 3, 4, 6]
[0, 1, 2, 5, 3, 4, 7, 6]
failed -> 41 times
after fail n ======> 8
[0, 1, 2, 6, 5, 4, 7, 3]
0.1016949152542373 0.16
itercount --------> 1
[0, 1, 2]
0.16 0.21052631578947367
itercount --------> 2
[7, 0, 1]
0.21052631578947367 0.2608695652173913
itercount --------> 3
[1, 2, 6]
0.2608695652173913 0.27586206896551724
itercount --------> 4
[1, 3, 5]
[1, 3, 7]
0.27586206896551724 0.2857142857142857
itercount --------> 5
[1, 4, 6]
0.2857142857142857 0.3
itercount --------> 6
[1, 4, 6]
[1, 4, 3]
0.3 0.3076923076923077
itercount --------> 7
[1, 3, 5]
0.3076923076923077 0.4166666666666667
itercount --------> 8
[1, 6, 4]
[1, 6, 0]
[1, 6, 2]
0.4166666666666667 0.42105263157894735
itercount --------> 9
[1, 2, 5]
[1, 2, 6]
[1, 2, 0]
0.42105263157894735 0.4444444444444444
itercount --------> 10
[0, 1, 2]
[0, 1, 5]
[0, 1, 6]
0.4444444444444444 0.47619047619047616
itercount --------> 11
[1, 6, 4]
[1, 6, 7]
[1, 6, 0]
[1, 6, 3]
0.47619047619047616 0.6
itercount --------> 12
[1, 0, 2]
[1, 0, 5]
[1, 0, 3]
[1, 0, 4]
[1, 0, 7]
[1, 0, 6]
[1, 0, 2, 5]
0.6 0.6818181818181818
itercount --------> 13
[1, 5, 0]
[1, 5, 2]
[1, 5, 3]
[1, 5, 4]
0.6818181818181818 0.7142857142857143
itercount --------> 14
[0, 1, 5]
[0, 1, 2]
[0, 1, 3]
[0, 1, 4]
[0, 1, 7]
[0, 1, 6]
[0, 1, 5, 2]
0.7142857142857143 0.75
itercount --------> 15
[0, 1, 2]
[0, 1, 5]
[0, 1, 3]
[0, 1, 4]
[0, 1, 7]
[0, 1, 6]
[0, 1, 2, 5]
[0, 1, 2, 3]
0.75 0.7894736842105263
itercount --------> 16
[5, 3, 0]
[5, 3, 1]
[5, 3, 2]
[5, 3, 4]
[5, 3, 7]
[5, 3, 6]
[5, 3, 0, 1]
[5, 3, 0, 2]
[5, 3, 0, 4]
[5, 3, 0, 7]
[5, 3, 0, 6]
[5, 3, 0, 1, 2]
[5, 3, 0, 1, 4]
[5, 3, 0, 1, 7]
[5, 3, 0, 1, 6]
[5, 3, 0, 1, 2, 4]
[5, 3, 0, 1, 2, 7]
[5, 3, 0, 1, 2, 6]
[5, 3, 0, 1, 2, 4, 7]
[5, 3, 0, 1, 2, 4, 6]
[5, 3, 0, 1, 2, 4, 7, 6]
failed -> 42 times
after fail n ======> 5
[0, 1, 2, 6, 5]
0.1016949152542373 0.10810810810810811
itercount --------> 1
[1, 2, 6]
0.10810810810810811 0.16
itercount --------> 2
[2, 6, 0]
0.16 0.21052631578947367
itercount --------> 3
[0, 1, 2]
[0, 1, 5]
[0, 1, 6]
[0, 1, 3]
[0, 1, 4]
[0, 1, 7]
[0, 1, 2, 5]
[0, 1, 2, 6]
[0, 1, 2, 3]
[0, 1, 2, 4]
[0, 1, 2, 7]
[0, 1, 2, 5, 6]
[0, 1, 2, 5, 3]
[0, 1, 2, 5, 4]
[0, 1, 2, 5, 7]
[0, 1, 2, 5, 6, 3]
[0, 1, 2, 5, 6, 4]
[0, 1, 2, 5, 6, 7]
[0, 1, 2, 5, 6, 3, 4]
0.21052631578947367 0.21739130434782608
itercount --------> 4
[6, 0, 2]
0.21739130434782608 0.25
itercount --------> 5
[6, 2, 4]
[6, 2, 3]
[6, 2, 7]
[6, 2, 0]
0.25 0.2631578947368421
itercount --------> 6
[0, 1, 2]
[0, 1, 5]
[0, 1, 6]
[0, 1, 4]
[0, 1, 3]
[0, 1, 7]
[0, 1, 2, 5]
[0, 1, 2, 6]
[0, 1, 2, 4]
[0, 1, 2, 3]
[0, 1, 2, 7]
[0, 1, 2, 5, 6]
[0, 1, 2, 5, 4]
0.2631578947368421 0.2777777777777778
itercount --------> 7
[6, 0, 1]
[6, 0, 2]
[6, 0, 4]
[6, 0, 5]
[6, 0, 7]
[6, 0, 3]
[6, 0, 1, 2]
[6, 0, 1, 4]
[6, 0, 1, 5]
[6, 0, 1, 7]
[6, 0, 1, 3]
[6, 0, 1, 2, 4]
[6, 0, 1, 2, 5]
[6, 0, 1, 2, 7]
[6, 0, 1, 2, 3]
[6, 0, 1, 2, 4, 5]
[6, 0, 1, 2, 4, 7]
[6, 0, 1, 2, 4, 3]
0.2777777777777778 0.3333333333333333
itercount --------> 8
[0, 1, 2]
[0, 1, 6]
[0, 1, 5]
[0, 1, 4]
[0, 1, 7]
[0, 1, 3]
[0, 1, 2, 6]
0.3333333333333333 0.3448275862068966
itercount --------> 9
[1, 0, 2]
0.3448275862068966 0.4166666666666667
itercount --------> 10
[2, 1, 6]
[2, 1, 7]
[2, 1, 4]
[2, 1, 3]
[2, 1, 0]
[2, 1, 5]
0.4166666666666667 0.5
itercount --------> 11
[0, 1, 2]
[0, 1, 4]
[0, 1, 5]
[0, 1, 3]
[0, 1, 7]
[0, 1, 6]
[0, 1, 2, 4]
[0, 1, 2, 5]
[0, 1, 2, 3]
[0, 1, 2, 7]
[0, 1, 2, 6]
[0, 1, 2, 4, 5]
[0, 1, 2, 4, 3]
[0, 1, 2, 4, 7]
[0, 1, 2, 4, 6]
[0, 1, 2, 4, 5, 3]
[0, 1, 2, 4, 5, 7]
0.5 0.631578947368421
itercount --------> 12
[0, 1, 2]
[0, 1, 3]
[0, 1, 5]
[0, 1, 4]
[0, 1, 6]
[0, 1, 7]
[0, 1, 2, 3]
[0, 1, 2, 5]
[0, 1, 2, 4]
[0, 1, 2, 6]
[0, 1, 2, 7]
[0, 1, 2, 3, 5]
[0, 1, 2, 3, 4]
[0, 1, 2, 3, 6]
0.631578947368421 0.6818181818181818
itercount --------> 13
[0, 1, 2]
[0, 1, 5]
[0, 1, 3]
0.6818181818181818 0.75
itercount --------> 14
[0, 1, 2]
[0, 1, 5]
[0, 1, 3]
[0, 1, 4]
[0, 1, 7]
[0, 1, 6]
[0, 1, 2, 5]
[0, 1, 2, 3]
[0, 1, 2, 4]
[0, 1, 2, 7]
[0, 1, 2, 6]
[0, 1, 2, 5, 3]
[0, 1, 2, 5, 4]
[0, 1, 2, 5, 7]
0.75 0.7894736842105263
itercount --------> 15
[5, 3, 0]
[5, 3, 1]
[5, 3, 2]
[5, 3, 4]
[5, 3, 7]
[5, 3, 6]
[5, 3, 0, 1]
[5, 3, 0, 2]
[5, 3, 0, 4]
[5, 3, 0, 7]
[5, 3, 0, 6]
[5, 3, 0, 1, 2]
[5, 3, 0, 1, 4]
[5, 3, 0, 1, 7]
[5, 3, 0, 1, 6]
[5, 3, 0, 1, 2, 4]
[5, 3, 0, 1, 2, 7]
[5, 3, 0, 1, 2, 6]
[5, 3, 0, 1, 2, 4, 7]
[5, 3, 0, 1, 2, 4, 6]
[5, 3, 0, 1, 2, 4, 7, 6]
failed -> 43 times
after fail n ======> 6
[0, 1, 2, 6, 5, 4]
0.1016949152542373 0.14814814814814814
itercount --------> 1
[1, 6, 4]
[1, 6, 7]
0.14814814814814814 0.16
itercount --------> 2
[1, 4, 6]
0.16 0.19047619047619047
itercount --------> 3
[1, 4, 7]
0.19047619047619047 0.23333333333333334
itercount --------> 4
[1, 4, 6]
0.23333333333333334 0.2608695652173913
itercount --------> 5
[1, 6, 0]
0.2608695652173913 0.3157894736842105
itercount --------> 6
[0, 1, 2]
[0, 1, 6]
0.3157894736842105 0.3181818181818182
itercount --------> 7
[4, 5, 6]
0.3181818181818182 0.38095238095238093
itercount --------> 8
[0, 2, 1]
0.38095238095238093 0.42105263157894735
itercount --------> 9
[0, 1, 2]
[0, 1, 5]
[0, 1, 4]
[0, 1, 3]
[0, 1, 6]
[0, 1, 7]
[0, 1, 2, 5]
[0, 1, 2, 4]
[0, 1, 2, 3]
[0, 1, 2, 6]
[0, 1, 2, 7]
[0, 1, 2, 5, 4]
0.42105263157894735 0.45
itercount --------> 10
[4, 5, 3]
[4, 5, 7]
[4, 5, 6]
[4, 5, 0]
[4, 5, 1]
[4, 5, 2]
[4, 5, 3, 7]
[4, 5, 3, 6]
[4, 5, 3, 0]
[4, 5, 3, 1]
[4, 5, 3, 2]
[4, 5, 3, 7, 6]
[4, 5, 3, 7, 0]
[4, 5, 3, 7, 1]
[4, 5, 3, 7, 2]
[4, 5, 3, 7, 6, 0]
0.45 0.47619047619047616
itercount --------> 11
[4, 7, 3]
[4, 7, 6]
[4, 7, 5]
[4, 7, 0]
[4, 7, 1]
[4, 7, 2]
[4, 7, 3, 6]
[4, 7, 3, 5]
[4, 7, 3, 0]
[4, 7, 3, 1]
[4, 7, 3, 2]
[4, 7, 3, 6, 5]
0.47619047619047616 0.6086956521739131
itercount --------> 12
[4, 5, 0]
0.6086956521739131 0.6956521739130435
itercount --------> 13
[0, 1, 2]
[0, 1, 4]
[0, 1, 5]
0.6956521739130435 0.75
itercount --------> 14
[0, 1, 2]
[0, 1, 5]
[0, 1, 3]
[0, 1, 4]
[0, 1, 7]
[0, 1, 6]
[0, 1, 2, 5]
[0, 1, 2, 3]
[0, 1, 2, 4]
[0, 1, 2, 7]
0.75 0.7894736842105263
itercount --------> 15
[5, 3, 0]
[5, 3, 1]
[5, 3, 2]
[5, 3, 4]
[5, 3, 7]
[5, 3, 6]
[5, 3, 0, 1]
[5, 3, 0, 2]
[5, 3, 0, 4]
[5, 3, 0, 7]
[5, 3, 0, 6]
[5, 3, 0, 1, 2]
[5, 3, 0, 1, 4]
[5, 3, 0, 1, 7]
0.7894736842105263 0.8421052631578947
itercount --------> 16
[0, 1, 2]
[0, 1, 3]
[0, 1, 4]
[0, 1, 5]
[0, 1, 6]
[0, 1, 7]
[0, 1, 2, 3]
[0, 1, 2, 4]
[0, 1, 2, 5]
[0, 1, 2, 6]
[0, 1, 2, 7]
[0, 1, 2, 3, 4]
[0, 1, 2, 3, 5]
[0, 1, 2, 3, 6]
[0, 1, 2, 3, 7]
[0, 1, 2, 3, 4, 5]
[0, 1, 2, 3, 4, 6]
[0, 1, 2, 3, 4, 7]
[0, 1, 2, 3, 4, 5, 6]
[0, 1, 2, 3, 4, 5, 7]
[0, 1, 2, 3, 4, 5, 6, 7]
failed -> 44 times
after fail n ======> 7
[0, 1, 2, 6, 5, 4, 7]
0.1016949152542373 0.10810810810810811
itercount --------> 1
[1, 2, 0]
0.10810810810810811 0.21052631578947367
itercount --------> 2
[7, 0, 1]
0.21052631578947367 0.3157894736842105
itercount --------> 3
[0, 1, 2]
[0, 1, 4]
[0, 1, 5]
[0, 1, 6]
[0, 1, 7]
[0, 1, 3]
[0, 1, 2, 4]
[0, 1, 2, 5]
[0, 1, 2, 6]
0.3157894736842105 0.3333333333333333
itercount --------> 4
[1, 3, 5]
[1, 3, 7]
[1, 3, 4]
0.3333333333333333 0.35
itercount --------> 5
[1, 4, 7]
[1, 4, 3]
0.35 0.36363636363636365
itercount --------> 6
[1, 3, 7]
[1, 3, 4]
0.36363636363636365 0.4
itercount --------> 7
[1, 3, 4]
[1, 3, 7]
[1, 3, 5]
[1, 3, 6]
[1, 3, 0]
[1, 3, 2]
[1, 3, 4, 7]
[1, 3, 4, 5]
[1, 3, 4, 6]
[1, 3, 4, 0]
[1, 3, 4, 2]
[1, 3, 4, 7, 5]
[1, 3, 4, 7, 6]
0.4 0.4090909090909091
itercount --------> 8
[5, 6, 1]
0.4090909090909091 0.47619047619047616
itercount --------> 9
[1, 6, 4]
[1, 6, 7]
[1, 6, 3]
[1, 6, 0]
[1, 6, 2]
[1, 6, 5]
[1, 6, 4, 7]
[1, 6, 4, 3]
[1, 6, 4, 0]
0.47619047619047616 0.4782608695652174
itercount --------> 10
[1, 6, 0]
[1, 6, 2]
[1, 6, 3]
[1, 6, 4]
[1, 6, 7]
[1, 6, 5]
[1, 6, 0, 2]
[1, 6, 0, 3]
[1, 6, 0, 4]
[1, 6, 0, 7]
[1, 6, 0, 5]
0.4782608695652174 0.5238095238095238
itercount --------> 11
[1, 6, 0]
[1, 6, 2]
[1, 6, 3]
[1, 6, 4]
[1, 6, 7]
[1, 6, 5]
[1, 6, 0, 2]
[1, 6, 0, 3]
0.5238095238095238 0.6521739130434783
itercount --------> 12
[0, 1, 2]
[0, 1, 5]
[0, 1, 3]
[0, 1, 4]
0.6521739130434783 0.6818181818181818
itercount --------> 13
[1, 5, 0]
[1, 5, 2]
[1, 5, 3]
0.6818181818181818 0.7
itercount --------> 14
[1, 3, 5]
[1, 3, 4]
[1, 3, 7]
[1, 3, 0]
[1, 3, 2]
[1, 3, 6]
[1, 3, 5, 4]
0.7 0.7142857142857143
itercount --------> 15
[1, 0, 2]
[1, 0, 5]
[1, 0, 3]
[1, 0, 4]
[1, 0, 7]
[1, 0, 6]
[1, 0, 2, 5]
[1, 0, 2, 3]
[1, 0, 2, 4]
[1, 0, 2, 7]
[1, 0, 2, 6]
[1, 0, 2, 5, 3]
[1, 0, 2, 5, 4]
[1, 0, 2, 5, 7]
[1, 0, 2, 5, 6]
[1, 0, 2, 5, 3, 4]
[1, 0, 2, 5, 3, 7]
[1, 0, 2, 5, 3, 6]
[1, 0, 2, 5, 3, 4, 7]
0.7142857142857143 0.8
itercount --------> 16
[0, 1, 2]
[0, 1, 5]
[0, 1, 3]
[0, 1, 4]
[0, 1, 7]
[0, 1, 6]
[0, 1, 2, 5]
[0, 1, 2, 3]
[0, 1, 2, 4]
[0, 1, 2, 7]
[0, 1, 2, 6]
[0, 1, 2, 5, 3]
[0, 1, 2, 5, 4]
[0, 1, 2, 5, 7]
[0, 1, 2, 5, 6]
[0, 1, 2, 5, 3, 4]
[0, 1, 2, 5, 3, 7]
[0, 1, 2, 5, 3, 6]
[0, 1, 2, 5, 3, 4, 7]
[0, 1, 2, 5, 3, 4, 6]
[0, 1, 2, 5, 3, 4, 7, 6]
failed -> 45 times
after fail n ======> 8
[0, 1, 2, 6, 5, 4, 7, 3]
0.1016949152542373 0.10810810810810811
itercount --------> 1
[0, 1, 6]
[0, 1, 2]
0.10810810810810811 0.21052631578947367
itercount --------> 2
[0, 1, 2]
[0, 1, 5]
[0, 1, 6]
0.21052631578947367 0.3157894736842105
itercount --------> 3
[5, 0, 1]
[5, 0, 2]
[5, 0, 6]
0.3157894736842105 0.32
itercount --------> 4
[5, 6, 3]
0.32 0.35714285714285715
itercount --------> 5
[5, 3, 4]
[5, 3, 7]
[5, 3, 0]
[5, 3, 1]
[5, 3, 2]
[5, 3, 6]
[5, 3, 4, 7]
[5, 3, 4, 0]
[5, 3, 4, 1]
[5, 3, 4, 2]
[5, 3, 4, 6]
0.35714285714285715 0.4
itercount --------> 6
[5, 4, 7]
0.4 0.41379310344827586
itercount --------> 7
[5, 0, 1]
0.41379310344827586 0.5
itercount --------> 8
[0, 4, 5]
[0, 4, 3]
[0, 4, 6]
[0, 4, 1]
0.5 0.55
itercount --------> 9
[3, 4, 5]
[3, 4, 0]
[3, 4, 1]
[3, 4, 2]
[3, 4, 7]
[3, 4, 6]
[3, 4, 5, 0]
[3, 4, 5, 1]
0.55 0.5714285714285714
itercount --------> 10
[0, 1, 2]
[0, 1, 5]
[0, 1, 3]
[0, 1, 4]
[0, 1, 6]
[0, 1, 7]
[0, 1, 2, 5]
[0, 1, 2, 3]
[0, 1, 2, 4]
[0, 1, 2, 6]
[0, 1, 2, 7]
0.5714285714285714 0.6
itercount --------> 11
[0, 1, 2]
[0, 1, 4]
[0, 1, 3]
[0, 1, 5]
[0, 1, 7]
[0, 1, 6]
[0, 1, 2, 4]
[0, 1, 2, 3]
[0, 1, 2, 5]
0.6 0.631578947368421
itercount --------> 12
[0, 1, 2]
[0, 1, 3]
[0, 1, 5]
[0, 1, 4]
[0, 1, 7]
[0, 1, 6]
[0, 1, 2, 3]
[0, 1, 2, 5]
[0, 1, 2, 4]
0.631578947368421 0.6666666666666666
itercount --------> 13
[4, 0, 1]
[4, 0, 2]
[4, 0, 3]
0.6666666666666666 0.7894736842105263
itercount --------> 14
[5, 3, 0]
[5, 3, 1]
[5, 3, 2]
[5, 3, 4]
[5, 3, 7]
[5, 3, 6]
[5, 3, 0, 1]
[5, 3, 0, 2]
[5, 3, 0, 4]
[5, 3, 0, 7]
[5, 3, 0, 6]
[5, 3, 0, 1, 2]
[5, 3, 0, 1, 4]
[5, 3, 0, 1, 7]
[5, 3, 0, 1, 6]
[5, 3, 0, 1, 2, 4]
[5, 3, 0, 1, 2, 7]
[5, 3, 0, 1, 2, 6]
[5, 3, 0, 1, 2, 4, 7]
[5, 3, 0, 1, 2, 4, 6]
[5, 3, 0, 1, 2, 4, 7, 6]
failed -> 46 times
after fail n ======> 5
[0, 1, 2, 6, 5]
0.1016949152542373 0.16
itercount --------> 1
[1, 6, 0]
0.16 0.21052631578947367
itercount --------> 2
[0, 1, 2]
[0, 1, 5]
[0, 1, 6]
[0, 1, 3]
[0, 1, 4]
[0, 1, 7]
[0, 1, 2, 5]
[0, 1, 2, 6]
0.21052631578947367 0.24242424242424243
itercount --------> 3
[2, 4, 6]
[2, 4, 3]
[2, 4, 5]
0.24242424242424243 0.2692307692307692
itercount --------> 4
[2, 0, 1]
[2, 0, 3]
[2, 0, 5]
0.2692307692307692 0.2857142857142857
itercount --------> 5
[5, 1, 3]
0.2857142857142857 0.3055555555555556
itercount --------> 6
[5, 1, 4]
0.3055555555555556 0.3235294117647059
itercount --------> 7
[5, 4, 1]
[5, 4, 0]
[5, 4, 7]
0.3235294117647059 0.34375
itercount --------> 8
[5, 4, 1]
0.34375 0.3783783783783784
itercount --------> 9
[1, 5, 0]
[1, 5, 4]
[1, 5, 2]
[1, 5, 3]
[1, 5, 7]
[1, 5, 6]
[1, 5, 0, 4]
[1, 5, 0, 2]
0.3783783783783784 0.47619047619047616
itercount --------> 10
[0, 1, 2]
[0, 1, 3]
[0, 1, 5]
[0, 1, 4]
[0, 1, 6]
[0, 1, 7]
[0, 1, 2, 3]
[0, 1, 2, 5]
[0, 1, 2, 4]
0.47619047619047616 0.5263157894736842
itercount --------> 11
[0, 1, 2]
[0, 1, 3]
[0, 1, 5]
[0, 1, 4]
[0, 1, 6]
[0, 1, 7]
[0, 1, 2, 3]
[0, 1, 2, 5]
[0, 1, 2, 4]
[0, 1, 2, 6]
[0, 1, 2, 7]
[0, 1, 2, 3, 5]
[0, 1, 2, 3, 4]
0.5263157894736842 0.5714285714285714
itercount --------> 12
[0, 1, 2]
[0, 1, 5]
[0, 1, 3]
[0, 1, 6]
[0, 1, 4]
[0, 1, 7]
[0, 1, 2, 5]
[0, 1, 2, 3]
[0, 1, 2, 6]
[0, 1, 2, 4]
[0, 1, 2, 7]
0.5714285714285714 0.6
itercount --------> 13
[0, 2, 5]
[0, 2, 3]
[0, 2, 1]
[0, 2, 6]
[0, 2, 4]
[0, 2, 7]
[0, 2, 5, 3]
[0, 2, 5, 1]
[0, 2, 5, 6]
[0, 2, 5, 4]
[0, 2, 5, 7]
[0, 2, 5, 3, 1]
[0, 2, 5, 3, 6]
[0, 2, 5, 3, 4]
[0, 2, 5, 3, 7]
[0, 2, 5, 3, 1, 6]
0.6 0.75
itercount --------> 14
[0, 2, 3]
[0, 2, 5]
[0, 2, 1]
[0, 2, 4]
[0, 2, 7]
[0, 2, 6]
[0, 2, 3, 5]
[0, 2, 3, 1]
[0, 2, 3, 4]
[0, 2, 3, 7]
[0, 2, 3, 6]
[0, 2, 3, 5, 1]
[0, 2, 3, 5, 4]
[0, 2, 3, 5, 7]
[0, 2, 3, 5, 6]
[0, 2, 3, 5, 1, 4]
[0, 2, 3, 5, 1, 7]
[0, 2, 3, 5, 1, 6]
[0, 2, 3, 5, 1, 4, 7]
[0, 2, 3, 5, 1, 4, 6]
[0, 2, 3, 5, 1, 4, 7, 6]
failed -> 47 times
after fail n ======> 6
[0, 1, 2, 6, 5, 4]
0.1016949152542373 0.17142857142857143
itercount --------> 1
[1, 6, 0]
0.17142857142857143 0.2608695652173913
itercount --------> 2
[0, 1, 2]
[0, 1, 6]
0.2608695652173913 0.27586206896551724
itercount --------> 3
[1, 3, 5]
[1, 3, 4]
[1, 3, 7]
[1, 3, 0]
[1, 3, 2]
0.27586206896551724 0.32
itercount --------> 4
[5, 3, 4]
0.32 0.3225806451612903
itercount --------> 5
[5, 4, 7]
[5, 4, 0]
0.3225806451612903 0.3684210526315789
itercount --------> 6
[5, 0, 1]
[5, 0, 4]
[5, 0, 7]
[5, 0, 2]
[5, 0, 3]
[5, 0, 6]
[5, 0, 1, 4]
0.3684210526315789 0.375
itercount --------> 7
[5, 4, 1]
[5, 4, 7]
[5, 4, 0]
[5, 4, 6]
[5, 4, 2]
[5, 4, 3]
[5, 4, 1, 7]
[5, 4, 1, 0]
[5, 4, 1, 6]
[5, 4, 1, 2]
[5, 4, 1, 3]
0.375 0.391304347826087
itercount --------> 8
[1, 4, 3]
[1, 4, 7]
[1, 4, 5]
0.391304347826087 0.42857142857142855
itercount --------> 9
[1, 6, 7]
[1, 6, 3]
0.42857142857142855 0.5217391304347826
itercount --------> 10
[0, 1, 2]
[0, 1, 7]
[0, 1, 5]
[0, 1, 4]
[0, 1, 6]
[0, 1, 3]
0.5217391304347826 0.5454545454545454
itercount --------> 11
[1, 0, 7]
[1, 0, 2]
[1, 0, 5]
[1, 0, 6]
[1, 0, 3]
[1, 0, 4]
[1, 0, 7, 2]
[1, 0, 7, 5]
0.5454545454545454 0.6
itercount --------> 12
[1, 7, 0]
[1, 7, 2]
[1, 7, 3]
[1, 7, 4]
0.6 0.6818181818181818
itercount --------> 13
[0, 1, 2]
[0, 1, 5]
[0, 1, 3]
[0, 1, 4]
[0, 1, 7]
[0, 1, 6]
[0, 1, 2, 5]
0.6818181818181818 0.75
itercount --------> 14
[0, 1, 2]
[0, 1, 5]
[0, 1, 3]
[0, 1, 4]
[0, 1, 7]
[0, 1, 6]
[0, 1, 2, 5]
[0, 1, 2, 3]
[0, 1, 2, 4]
[0, 1, 2, 7]
[0, 1, 2, 6]
[0, 1, 2, 5, 3]
[0, 1, 2, 5, 4]
[0, 1, 2, 5, 7]
0.75 0.7894736842105263
itercount --------> 15
[5, 3, 0]
[5, 3, 1]
[5, 3, 2]
[5, 3, 4]
[5, 3, 7]
[5, 3, 6]
[5, 3, 0, 1]
[5, 3, 0, 2]
[5, 3, 0, 4]
[5, 3, 0, 7]
[5, 3, 0, 6]
[5, 3, 0, 1, 2]
[5, 3, 0, 1, 4]
[5, 3, 0, 1, 7]
[5, 3, 0, 1, 6]
[5, 3, 0, 1, 2, 4]
[5, 3, 0, 1, 2, 7]
[5, 3, 0, 1, 2, 6]
[5, 3, 0, 1, 2, 4, 7]
[5, 3, 0, 1, 2, 4, 6]
[5, 3, 0, 1, 2, 4, 7, 6]
failed -> 48 times
after fail n ======> 7
[0, 1, 2, 6, 5, 4, 7]
0.1016949152542373 0.17142857142857143
itercount --------> 1
[0, 6, 1]
0.17142857142857143 0.27586206896551724
itercount --------> 2
[0, 3, 5]
[0, 3, 4]
[0, 3, 7]
[0, 3, 1]
[0, 3, 2]
0.27586206896551724 0.32
itercount --------> 3
[5, 3, 4]
[5, 3, 6]
[5, 3, 0]
[5, 3, 1]
[5, 3, 2]
[5, 3, 7]
[5, 3, 4, 6]
0.32 0.375
itercount --------> 4
[0, 1, 2]
[0, 1, 3]
[0, 1, 7]
[0, 1, 4]
[0, 1, 5]
[0, 1, 6]
[0, 1, 2, 3]
[0, 1, 2, 7]
[0, 1, 2, 4]
0.375 0.4090909090909091
itercount --------> 5
[0, 3, 7]
[0, 3, 4]
[0, 3, 5]
[0, 3, 6]
[0, 3, 1]
[0, 3, 2]
[0, 3, 7, 4]
0.4090909090909091 0.43478260869565216
itercount --------> 6
[4, 3, 6]
[4, 3, 7]
[4, 3, 5]
[4, 3, 0]
[4, 3, 1]
[4, 3, 2]
[4, 3, 6, 7]
0.43478260869565216 0.4583333333333333
itercount --------> 7
[4, 5, 3]
[4, 5, 7]
[4, 5, 6]
[4, 5, 0]
[4, 5, 1]
0.4583333333333333 0.5
itercount --------> 8
[4, 3, 5]
[4, 3, 7]
[4, 3, 0]
[4, 3, 1]
[4, 3, 2]
[4, 3, 6]
[4, 3, 5, 7]
[4, 3, 5, 0]
0.5 0.5217391304347826
itercount --------> 9
[4, 5, 0]
0.5217391304347826 0.5789473684210527
itercount --------> 10
[4, 0, 1]
[4, 0, 2]
[4, 0, 5]
[4, 0, 3]
0.5789473684210527 0.75
itercount --------> 11
[5, 0, 1]
[5, 0, 2]
[5, 0, 3]
[5, 0, 4]
[5, 0, 7]
[5, 0, 6]
[5, 0, 1, 2]
[5, 0, 1, 3]
[5, 0, 1, 4]
[5, 0, 1, 7]
0.75 0.7619047619047619
itercount --------> 12
[5, 0, 4]
[5, 0, 6]
[5, 0, 1]
[5, 0, 2]
[5, 0, 3]
[5, 0, 7]
[5, 0, 4, 6]
[5, 0, 4, 1]
0.7619047619047619 0.7894736842105263
itercount --------> 13
[5, 3, 0]
[5, 3, 1]
[5, 3, 2]
[5, 3, 4]
[5, 3, 7]
[5, 3, 6]
[5, 3, 0, 1]
[5, 3, 0, 2]
[5, 3, 0, 4]
[5, 3, 0, 7]
[5, 3, 0, 6]
[5, 3, 0, 1, 2]
[5, 3, 0, 1, 4]
[5, 3, 0, 1, 7]
[5, 3, 0, 1, 6]
[5, 3, 0, 1, 2, 4]
[5, 3, 0, 1, 2, 7]
[5, 3, 0, 1, 2, 6]
[5, 3, 0, 1, 2, 4, 7]
[5, 3, 0, 1, 2, 4, 6]
[5, 3, 0, 1, 2, 4, 7, 6]
failed -> 49 times
after fail n ======> 8
[0, 1, 2, 6, 5, 4, 7, 3]
0.1016949152542373 0.17142857142857143
itercount --------> 1
[1, 6, 0]
0.17142857142857143 0.18181818181818182
itercount --------> 2
[1, 0, 4]
0.18181818181818182 0.2608695652173913
itercount --------> 3
[0, 2, 6]
0.2608695652173913 0.27586206896551724
itercount --------> 4
[2, 3, 5]
[2, 3, 4]
[2, 3, 7]
[2, 3, 0]
0.27586206896551724 0.2962962962962963
itercount --------> 5
[2, 0, 4]
0.2962962962962963 0.3333333333333333
itercount --------> 6
[0, 2, 3]
[0, 2, 4]
[0, 2, 1]
0.3333333333333333 0.3793103448275862
itercount --------> 7
[0, 7, 6]
[0, 7, 2]
[0, 7, 4]
0.3793103448275862 0.41379310344827586
itercount --------> 8
[0, 2, 4]
[0, 2, 1]
[0, 2, 3]
[0, 2, 5]
0.41379310344827586 0.43478260869565216
itercount --------> 9
[0, 2, 1]
[0, 2, 4]
[0, 2, 3]
[0, 2, 6]
[0, 2, 5]
0.43478260869565216 0.47619047619047616
itercount --------> 10
[0, 1, 2]
[0, 1, 3]
[0, 1, 5]
[0, 1, 4]
0.47619047619047616 0.5263157894736842
itercount --------> 11
[0, 1, 2]
[0, 1, 3]
[0, 1, 5]
[0, 1, 4]
[0, 1, 6]
[0, 1, 7]
[0, 1, 2, 3]
[0, 1, 2, 5]
[0, 1, 2, 4]
[0, 1, 2, 6]
[0, 1, 2, 7]
0.5263157894736842 0.5555555555555556
itercount --------> 12
[3, 0, 1]
[3, 0, 2]
[3, 0, 5]
[3, 0, 4]
[3, 0, 6]
[3, 0, 7]
[3, 0, 1, 2]
[3, 0, 1, 5]
[3, 0, 1, 4]
0.5555555555555556 0.631578947368421
itercount --------> 13
[0, 1, 2]
[0, 1, 6]
[0, 1, 3]
[0, 1, 5]
0.631578947368421 0.6666666666666666
itercount --------> 14
[0, 1, 2]
[0, 1, 3]
[0, 1, 5]
[0, 1, 6]
[0, 1, 7]
[0, 1, 4]
[0, 1, 2, 3]
[0, 1, 2, 5]
[0, 1, 2, 6]
[0, 1, 2, 7]
[0, 1, 2, 4]
[0, 1, 2, 3, 5]
[0, 1, 2, 3, 6]
[0, 1, 2, 3, 7]
[0, 1, 2, 3, 4]
[0, 1, 2, 3, 5, 6]
0.6666666666666666 0.7894736842105263
itercount --------> 15
[5, 3, 0]
[5, 3, 1]
[5, 3, 2]
[5, 3, 4]
[5, 3, 7]
[5, 3, 6]
[5, 3, 0, 1]
[5, 3, 0, 2]
[5, 3, 0, 4]
[5, 3, 0, 7]
[5, 3, 0, 6]
[5, 3, 0, 1, 2]
[5, 3, 0, 1, 4]
[5, 3, 0, 1, 7]
[5, 3, 0, 1, 6]
[5, 3, 0, 1, 2, 4]
[5, 3, 0, 1, 2, 7]
[5, 3, 0, 1, 2, 6]
[5, 3, 0, 1, 2, 4, 7]
[5, 3, 0, 1, 2, 4, 6]
[5, 3, 0, 1, 2, 4, 7, 6]
failed -> 50 times
after fail n ======> 5
Runs with the maximum attractor JI -> [6, 14, 32, 33, 43]
