{0: 46, 1: 46, 2: 46, 3: 36, 4: 36, 6: 24, 7: 20, 5: 4}
[0, 1, 2]
0.1 0.16666666666666666
itercount --------> 1
[2, 3, 4]
0.16666666666666666 0.1724137931034483
itercount --------> 2
[3, 7, 2]
0.1724137931034483 0.2
itercount --------> 3
[6, 0, 1]
0.2 0.2571428571428571
itercount --------> 4
[1, 0, 2]
[1, 0, 3]
0.2571428571428571 0.2631578947368421
itercount --------> 5
[1, 0, 6]
0.2631578947368421 0.3333333333333333
itercount --------> 6
[1, 4, 0]
[1, 4, 2]
0.3333333333333333 0.4
itercount --------> 7
[0, 1, 4]
[0, 1, 3]
[0, 1, 6]
[0, 1, 7]
[0, 1, 2]
[0, 1, 5]
[0, 1, 4, 3]
[0, 1, 4, 6]
0.4 0.48484848484848486
itercount --------> 8
[1, 0, 7]
[1, 0, 6]
[1, 0, 5]
0.48484848484848486 0.6818181818181818
itercount --------> 9
[3, 0, 1]
[3, 0, 5]
[3, 0, 6]
[3, 0, 7]
[3, 0, 2]
[3, 0, 4]
[3, 0, 1, 5]
[3, 0, 1, 6]
[3, 0, 1, 7]
[3, 0, 1, 2]
[3, 0, 1, 4]
[3, 0, 1, 5, 6]
0.6818181818181818 0.7142857142857143
itercount --------> 10
[3, 5, 6]
[3, 5, 7]
[3, 5, 0]
[3, 5, 1]
[3, 5, 2]
[3, 5, 4]
[3, 5, 6, 7]
[3, 5, 6, 0]
[3, 5, 6, 1]
[3, 5, 6, 2]
[3, 5, 6, 4]
[3, 5, 6, 7, 0]
[3, 5, 6, 7, 1]
[3, 5, 6, 7, 2]
[3, 5, 6, 7, 4]
[3, 5, 6, 7, 0, 1]
[3, 5, 6, 7, 0, 2]
[3, 5, 6, 7, 0, 4]
0.7142857142857143 0.7272727272727273
itercount --------> 11
[3, 4, 5]
[3, 4, 6]
[3, 4, 7]
[3, 4, 0]
[3, 4, 1]
[3, 4, 2]
[3, 4, 5, 6]
[3, 4, 5, 7]
[3, 4, 5, 0]
[3, 4, 5, 1]
[3, 4, 5, 2]
[3, 4, 5, 6, 7]
[3, 4, 5, 6, 0]
[3, 4, 5, 6, 1]
[3, 4, 5, 6, 2]
[3, 4, 5, 6, 7, 0]
[3, 4, 5, 6, 7, 1]
[3, 4, 5, 6, 7, 2]
[3, 4, 5, 6, 7, 0, 1]
[3, 4, 5, 6, 7, 0, 2]
[3, 4, 5, 6, 7, 0, 1, 2]
failed Once
after fail n ======> 4
[0, 1, 2, 3]
0.1 0.1111111111111111
itercount --------> 1
[0, 1, 3]
0.1111111111111111 0.17391304347826086
itercount --------> 2
[3, 6, 4]
0.17391304347826086 0.18181818181818182
itercount --------> 3
[3, 4, 6]
0.18181818181818182 0.2222222222222222
itercount --------> 4
[3, 2, 0]
0.2222222222222222 0.3076923076923077
itercount --------> 5
[3, 7, 6]
[3, 7, 5]
0.3076923076923077 0.43478260869565216
itercount --------> 6
[3, 5, 7]
[3, 5, 0]
0.43478260869565216 0.5
itercount --------> 7
[3, 7, 5]
[3, 7, 6]
[3, 7, 0]
[3, 7, 1]
[3, 7, 2]
[3, 7, 4]
[3, 7, 5, 6]
[3, 7, 5, 0]
[3, 7, 5, 1]
[3, 7, 5, 2]
[3, 7, 5, 4]
[3, 7, 5, 6, 0]
[3, 7, 5, 6, 1]
0.5 0.5263157894736842
itercount --------> 8
[0, 1, 2]
[0, 1, 5]
[0, 1, 7]
[0, 1, 3]
[0, 1, 4]
[0, 1, 6]
[0, 1, 2, 5]
[0, 1, 2, 7]
[0, 1, 2, 3]
[0, 1, 2, 4]
[0, 1, 2, 6]
[0, 1, 2, 5, 7]
[0, 1, 2, 5, 3]
[0, 1, 2, 5, 4]
[0, 1, 2, 5, 6]
[0, 1, 2, 5, 7, 3]
[0, 1, 2, 5, 7, 4]
[0, 1, 2, 5, 7, 6]
[0, 1, 2, 5, 7, 3, 4]
[0, 1, 2, 5, 7, 3, 6]
[0, 1, 2, 5, 7, 3, 4, 6]
failed -> 2 times
after fail n ======> 5
[0, 1, 2, 3, 4]
0.1 0.10344827586206896
itercount --------> 1
[2, 0, 1]
0.10344827586206896 0.13636363636363635
itercount --------> 2
[0, 1, 2]
[0, 1, 3]
[0, 1, 4]
0.13636363636363635 0.16666666666666666
itercount --------> 3
[0, 3, 4]
0.16666666666666666 0.1724137931034483
itercount --------> 4
[3, 7, 0]
[3, 7, 6]
[3, 7, 4]
[3, 7, 1]
0.1724137931034483 0.17391304347826086
itercount --------> 5
[3, 6, 4]
0.17391304347826086 0.2222222222222222
itercount --------> 6
[3, 0, 1]
0.2222222222222222 0.25
itercount --------> 7
[1, 2, 0]
0.25 0.37142857142857144
itercount --------> 8
[1, 2, 6]
[1, 2, 7]
[1, 2, 5]
0.37142857142857144 0.375
itercount --------> 9
[7, 3, 1]
0.375 0.7142857142857143
itercount --------> 10
[5, 3, 6]
[5, 3, 7]
[5, 3, 0]
[5, 3, 1]
[5, 3, 2]
[5, 3, 4]
[5, 3, 6, 7]
[5, 3, 6, 0]
[5, 3, 6, 1]
[5, 3, 6, 2]
[5, 3, 6, 4]
[5, 3, 6, 7, 0]
[5, 3, 6, 7, 1]
[5, 3, 6, 7, 2]
[5, 3, 6, 7, 4]
[5, 3, 6, 7, 0, 1]
[5, 3, 6, 7, 0, 2]
[5, 3, 6, 7, 0, 4]
[5, 3, 6, 7, 0, 1, 2]
[5, 3, 6, 7, 0, 1, 4]
[5, 3, 6, 7, 0, 1, 2, 4]
failed -> 3 times
after fail n ======> 6
[0, 1, 2, 3, 4, 6]
0.1 0.16666666666666666
itercount --------> 1
[1, 3, 4]
0.16666666666666666 0.1724137931034483
itercount --------> 2
[3, 7, 1]
0.1724137931034483 0.2
itercount --------> 3
[6, 0, 1]
0.2 0.2857142857142857
itercount --------> 4
[3, 6, 4]
[3, 6, 7]
[3, 6, 0]
0.2857142857142857 0.34615384615384615
itercount --------> 5
[3, 0, 2]
[3, 0, 4]
[3, 0, 6]
[3, 0, 7]
0.34615384615384615 0.36
itercount --------> 6
[3, 7, 4]
[3, 7, 6]
0.36 0.52
itercount --------> 7
[4, 0, 3]
[4, 0, 2]
0.52 0.5416666666666666
itercount --------> 8
[4, 0, 3]
[4, 0, 7]
[4, 0, 6]
[4, 0, 1]
[4, 0, 2]
[4, 0, 5]
[4, 0, 3, 7]
[4, 0, 3, 6]
0.5416666666666666 0.5652173913043478
itercount --------> 9
[3, 7, 4]
[3, 7, 6]
[3, 7, 0]
[3, 7, 1]
[3, 7, 2]
[3, 7, 5]
[3, 7, 4, 6]
[3, 7, 4, 0]
[3, 7, 4, 1]
[3, 7, 4, 2]
[3, 7, 4, 5]
[3, 7, 4, 6, 0]
[3, 7, 4, 6, 1]
[3, 7, 4, 6, 2]
[3, 7, 4, 6, 5]
[3, 7, 4, 6, 0, 1]
[3, 7, 4, 6, 0, 2]
[3, 7, 4, 6, 0, 5]
[3, 7, 4, 6, 0, 1, 2]
0.5652173913043478 0.5909090909090909
itercount --------> 10
[3, 7, 4]
[3, 7, 6]
[3, 7, 0]
[3, 7, 1]
[3, 7, 2]
[3, 7, 5]
[3, 7, 4, 6]
[3, 7, 4, 0]
[3, 7, 4, 1]
[3, 7, 4, 2]
[3, 7, 4, 5]
[3, 7, 4, 6, 0]
[3, 7, 4, 6, 1]
[3, 7, 4, 6, 2]
[3, 7, 4, 6, 5]
[3, 7, 4, 6, 0, 1]
[3, 7, 4, 6, 0, 2]
[3, 7, 4, 6, 0, 5]
[3, 7, 4, 6, 0, 1, 2]
[3, 7, 4, 6, 0, 1, 5]
[3, 7, 4, 6, 0, 1, 2, 5]
failed -> 4 times
after fail n ======> 7
[0, 1, 2, 3, 4, 6, 7]
0.1 0.11428571428571428
itercount --------> 1
[1, 2, 0]
0.11428571428571428 0.21739130434782608
itercount --------> 2
[2, 0, 1]
[2, 0, 3]
[2, 0, 4]
0.21739130434782608 0.25
itercount --------> 3
[0, 1, 4]
[0, 1, 3]
[0, 1, 2]
0.25 0.2727272727272727
itercount --------> 4
[0, 1, 2]
[0, 1, 3]
0.2727272727272727 0.3157894736842105
itercount --------> 5
[4, 5, 0]
[4, 5, 1]
0.3157894736842105 0.3333333333333333
itercount --------> 6
[0, 1, 2]
[0, 1, 3]
0.3333333333333333 0.35
itercount --------> 7
[0, 1, 2]
[0, 1, 5]
[0, 1, 3]
[0, 1, 4]
[0, 1, 6]
[0, 1, 7]
[0, 1, 2, 5]
[0, 1, 2, 3]
[0, 1, 2, 4]
[0, 1, 2, 6]
[0, 1, 2, 7]
[0, 1, 2, 5, 3]
0.35 0.3684210526315789
itercount --------> 8
[0, 1, 2]
[0, 1, 5]
[0, 1, 3]
[0, 1, 7]
[0, 1, 4]
[0, 1, 6]
[0, 1, 2, 5]
[0, 1, 2, 3]
[0, 1, 2, 7]
[0, 1, 2, 4]
[0, 1, 2, 6]
[0, 1, 2, 5, 3]
[0, 1, 2, 5, 7]
[0, 1, 2, 5, 4]
[0, 1, 2, 5, 6]
[0, 1, 2, 5, 3, 7]
[0, 1, 2, 5, 3, 4]
[0, 1, 2, 5, 3, 6]
[0, 1, 2, 5, 3, 7, 4]
[0, 1, 2, 5, 3, 7, 6]
0.3684210526315789 0.45454545454545453
itercount --------> 9
[4, 3, 7]
[4, 3, 0]
[4, 3, 1]
[4, 3, 2]
[4, 3, 6]
[4, 3, 5]
[4, 3, 7, 0]
[4, 3, 7, 1]
[4, 3, 7, 2]
[4, 3, 7, 6]
[4, 3, 7, 5]
[4, 3, 7, 0, 1]
[4, 3, 7, 0, 2]
[4, 3, 7, 0, 6]
[4, 3, 7, 0, 5]
[4, 3, 7, 0, 1, 2]
[4, 3, 7, 0, 1, 6]
0.45454545454545453 0.5
itercount --------> 10
[0, 2, 4]
[0, 2, 3]
[0, 2, 6]
[0, 2, 5]
[0, 2, 7]
[0, 2, 1]
[0, 2, 4, 3]
[0, 2, 4, 6]
[0, 2, 4, 5]
[0, 2, 4, 7]
[0, 2, 4, 1]
[0, 2, 4, 3, 6]
[0, 2, 4, 3, 5]
[0, 2, 4, 3, 7]
[0, 2, 4, 3, 1]
[0, 2, 4, 3, 6, 5]
[0, 2, 4, 3, 6, 7]
[0, 2, 4, 3, 6, 1]
0.5 0.5238095238095238
itercount --------> 11
[4, 3, 1]
[4, 3, 2]
[4, 3, 6]
[4, 3, 5]
[4, 3, 7]
[4, 3, 0]
[4, 3, 1, 2]
[4, 3, 1, 6]
[4, 3, 1, 5]
[4, 3, 1, 7]
[4, 3, 1, 0]
[4, 3, 1, 2, 6]
[4, 3, 1, 2, 5]
[4, 3, 1, 2, 7]
[4, 3, 1, 2, 0]
[4, 3, 1, 2, 6, 5]
[4, 3, 1, 2, 6, 7]
[4, 3, 1, 2, 6, 0]
[4, 3, 1, 2, 6, 5, 7]
[4, 3, 1, 2, 6, 5, 0]
[4, 3, 1, 2, 6, 5, 7, 0]
failed -> 5 times
after fail n ======> 8
[0, 1, 2, 3, 4, 6, 7, 5]
0.1 0.10526315789473684
itercount --------> 1
[0, 1, 3]
0.10526315789473684 0.15384615384615385
itercount --------> 2
[2, 3, 4]
[2, 3, 0]
0.15384615384615385 0.18181818181818182
itercount --------> 3
[3, 6, 4]
0.18181818181818182 0.28
itercount --------> 4
[3, 2, 6]
[3, 2, 7]
[3, 2, 0]
0.28 0.30434782608695654
itercount --------> 5
[3, 0, 1]
[3, 0, 2]
[3, 0, 6]
[3, 0, 5]
0.30434782608695654 0.3333333333333333
itercount --------> 6
[0, 1, 3]
0.3333333333333333 0.36
itercount --------> 7
[3, 6, 7]
[3, 6, 5]
[3, 6, 0]
[3, 6, 1]
[3, 6, 2]
[3, 6, 4]
[3, 6, 7, 5]
[3, 6, 7, 0]
0.36 0.4583333333333333
itercount --------> 8
[3, 6, 5]
[3, 6, 7]
[3, 6, 4]
[3, 6, 0]
[3, 6, 1]
[3, 6, 2]
[3, 6, 5, 7]
[3, 6, 5, 4]
0.4583333333333333 0.5384615384615384
itercount --------> 9
[6, 5, 7]
[6, 5, 3]
[6, 5, 0]
[6, 5, 1]
0.5384615384615384 0.7142857142857143
itercount --------> 10
[3, 5, 6]
[3, 5, 7]
[3, 5, 0]
[3, 5, 1]
[3, 5, 2]
[3, 5, 4]
[3, 5, 6, 7]
[3, 5, 6, 0]
[3, 5, 6, 1]
[3, 5, 6, 2]
[3, 5, 6, 4]
[3, 5, 6, 7, 0]
[3, 5, 6, 7, 1]
[3, 5, 6, 7, 2]
[3, 5, 6, 7, 4]
[3, 5, 6, 7, 0, 1]
[3, 5, 6, 7, 0, 2]
[3, 5, 6, 7, 0, 4]
[3, 5, 6, 7, 0, 1, 2]
[3, 5, 6, 7, 0, 1, 4]
0.7142857142857143 0.7272727272727273
itercount --------> 11
[3, 4, 5]
[3, 4, 6]
[3, 4, 7]
[3, 4, 0]
[3, 4, 1]
[3, 4, 2]
[3, 4, 5, 6]
[3, 4, 5, 7]
[3, 4, 5, 0]
[3, 4, 5, 1]
[3, 4, 5, 2]
[3, 4, 5, 6, 7]
[3, 4, 5, 6, 0]
[3, 4, 5, 6, 1]
[3, 4, 5, 6, 2]
[3, 4, 5, 6, 7, 0]
[3, 4, 5, 6, 7, 1]
[3, 4, 5, 6, 7, 2]
[3, 4, 5, 6, 7, 0, 1]
[3, 4, 5, 6, 7, 0, 2]
[3, 4, 5, 6, 7, 0, 1, 2]
failed -> 6 times
after fail n ======> 5
[0, 1, 2, 3, 4]
0.1 0.16666666666666666
itercount --------> 1
[1, 3, 4]
0.16666666666666666 0.1724137931034483
itercount --------> 2
[3, 7, 1]
[3, 7, 6]
[3, 7, 4]
[3, 7, 0]
[3, 7, 2]
0.1724137931034483 0.17647058823529413
itercount --------> 3
[2, 4, 1]
[2, 4, 3]
[2, 4, 6]
0.17647058823529413 0.18181818181818182
itercount --------> 4
[2, 3, 4]
0.18181818181818182 0.20588235294117646
itercount --------> 5
[2, 1, 3]
0.20588235294117646 0.21739130434782608
itercount --------> 6
[1, 2, 0]
0.21739130434782608 0.37037037037037035
itercount --------> 7
[2, 3, 4]
[2, 3, 7]
[2, 3, 5]
[2, 3, 6]
[2, 3, 0]
[2, 3, 1]
0.37037037037037035 0.4
itercount --------> 8
[3, 0, 1]
0.4 0.43478260869565216
itercount --------> 9
[3, 0, 2]
[3, 0, 4]
[3, 0, 5]
[3, 0, 7]
[3, 0, 6]
[3, 0, 1]
[3, 0, 2, 4]
0.43478260869565216 0.45454545454545453
itercount --------> 10
[2, 3, 4]
[2, 3, 7]
[2, 3, 5]
[2, 3, 6]
[2, 3, 0]
[2, 3, 1]
[2, 3, 4, 7]
[2, 3, 4, 5]
[2, 3, 4, 6]
[2, 3, 4, 0]
[2, 3, 4, 1]
[2, 3, 4, 7, 5]
0.45454545454545453 0.47619047619047616
itercount --------> 11
[4, 6, 2]
0.47619047619047616 0.5
itercount --------> 12
[3, 6, 5]
0.5 0.5217391304347826
itercount --------> 13
[5, 6, 3]
0.5217391304347826 0.5555555555555556
itercount --------> 14
[6, 3, 5]
[6, 3, 7]
[6, 3, 0]
[6, 3, 1]
[6, 3, 2]
[6, 3, 4]
[6, 3, 5, 7]
[6, 3, 5, 0]
[6, 3, 5, 1]
0.5555555555555556 0.56
itercount --------> 15
[3, 1, 2]
[3, 1, 0]
[3, 1, 7]
[3, 1, 6]
[3, 1, 4]
[3, 1, 5]
[3, 1, 2, 0]
[3, 1, 2, 7]
[3, 1, 2, 6]
[3, 1, 2, 4]
[3, 1, 2, 5]
[3, 1, 2, 0, 7]
[3, 1, 2, 0, 6]
[3, 1, 2, 0, 4]
[3, 1, 2, 0, 5]
[3, 1, 2, 0, 7, 6]
[3, 1, 2, 0, 7, 4]
[3, 1, 2, 0, 7, 5]
[3, 1, 2, 0, 7, 6, 4]
[3, 1, 2, 0, 7, 6, 5]
[3, 1, 2, 0, 7, 6, 4, 5]
failed -> 7 times
after fail n ======> 6
[0, 1, 2, 3, 4, 6]
0.1 0.11428571428571428
itercount --------> 1
[0, 2, 1]
0.11428571428571428 0.37037037037037035
itercount --------> 2
[1, 3, 4]
[1, 3, 7]
[1, 3, 5]
[1, 3, 6]
[1, 3, 0]
[1, 3, 2]
0.37037037037037035 0.4
itercount --------> 3
[3, 0, 1]
[3, 0, 2]
0.4 0.43478260869565216
itercount --------> 4
[3, 1, 2]
[3, 1, 4]
[3, 1, 5]
[3, 1, 7]
0.43478260869565216 0.45454545454545453
itercount --------> 5
[3, 4, 1]
[3, 4, 2]
[3, 4, 5]
[3, 4, 6]
0.45454545454545453 0.48
itercount --------> 6
[1, 2, 6]
0.48 0.6153846153846154
itercount --------> 7
[7, 2, 6]
[7, 2, 5]
[7, 2, 3]
[7, 2, 0]
[7, 2, 1]
0.6153846153846154 0.64
itercount --------> 8
[7, 6, 2]
[7, 6, 5]
[7, 6, 3]
[7, 6, 0]
[7, 6, 1]
[7, 6, 4]
[7, 6, 2, 5]
0.64 0.7142857142857143
itercount --------> 9
[5, 3, 6]
[5, 3, 7]
[5, 3, 0]
[5, 3, 1]
[5, 3, 2]
[5, 3, 4]
[5, 3, 6, 7]
[5, 3, 6, 0]
[5, 3, 6, 1]
[5, 3, 6, 2]
[5, 3, 6, 4]
[5, 3, 6, 7, 0]
[5, 3, 6, 7, 1]
[5, 3, 6, 7, 2]
[5, 3, 6, 7, 4]
[5, 3, 6, 7, 0, 1]
[5, 3, 6, 7, 0, 2]
[5, 3, 6, 7, 0, 4]
[5, 3, 6, 7, 0, 1, 2]
[5, 3, 6, 7, 0, 1, 4]
[5, 3, 6, 7, 0, 1, 2, 4]
failed -> 8 times
after fail n ======> 7
[0, 1, 2, 3, 4, 6, 7]
0.1 0.1111111111111111
itercount --------> 1
[1, 2, 3]
0.1111111111111111 0.125
itercount --------> 2
[3, 1, 6]
[3, 1, 4]
[3, 1, 0]
0.125 0.18181818181818182
itercount --------> 3
[3, 6, 4]
[3, 6, 7]
[3, 6, 0]
[3, 6, 1]
[3, 6, 2]
0.18181818181818182 0.2608695652173913
itercount --------> 4
[3, 2, 6]
[3, 2, 4]
[3, 2, 7]
[3, 2, 0]
[3, 2, 1]
[3, 2, 5]
[3, 2, 6, 4]
[3, 2, 6, 7]
[3, 2, 6, 0]
0.2608695652173913 0.2857142857142857
itercount --------> 5
[3, 4, 6]
0.2857142857142857 0.30434782608695654
itercount --------> 6
[3, 7, 6]
0.30434782608695654 0.3181818181818182
itercount --------> 7
[0, 1, 2]
[0, 1, 3]
0.3181818181818182 0.32142857142857145
itercount --------> 8
[2, 6, 3]
[2, 6, 5]
[2, 6, 4]
[2, 6, 0]
0.32142857142857145 0.3333333333333333
itercount --------> 9
[0, 3, 6]
[0, 3, 5]
0.3333333333333333 0.3548387096774194
itercount --------> 10
[0, 3, 5]
0.3548387096774194 0.36363636363636365
itercount --------> 11
[0, 1, 2]
[0, 1, 3]
0.36363636363636365 0.44
itercount --------> 12
[0, 2, 3]
[0, 2, 4]
[0, 2, 6]
[0, 2, 5]
0.44 0.45454545454545453
itercount --------> 13
[3, 4, 5]
[3, 4, 0]
[3, 4, 2]
[3, 4, 6]
[3, 4, 7]
[3, 4, 1]
[3, 4, 5, 0]
[3, 4, 5, 2]
[3, 4, 5, 6]
[3, 4, 5, 7]
[3, 4, 5, 1]
0.45454545454545453 0.47619047619047616
itercount --------> 14
[3, 4, 5]
[3, 4, 6]
[3, 4, 0]
[3, 4, 1]
[3, 4, 2]
[3, 4, 7]
[3, 4, 5, 6]
[3, 4, 5, 0]
[3, 4, 5, 1]
[3, 4, 5, 2]
[3, 4, 5, 7]
[3, 4, 5, 6, 0]
0.47619047619047616 0.5
itercount --------> 15
[3, 4, 5]
[3, 4, 7]
[3, 4, 6]
[3, 4, 0]
[3, 4, 1]
[3, 4, 2]
[3, 4, 5, 7]
[3, 4, 5, 6]
[3, 4, 5, 0]
[3, 4, 5, 1]
[3, 4, 5, 2]
[3, 4, 5, 7, 6]
[3, 4, 5, 7, 0]
[3, 4, 5, 7, 1]
[3, 4, 5, 7, 2]
[3, 4, 5, 7, 6, 0]
[3, 4, 5, 7, 6, 1]
[3, 4, 5, 7, 6, 2]
[3, 4, 5, 7, 6, 0, 1]
[3, 4, 5, 7, 6, 0, 2]
[3, 4, 5, 7, 6, 0, 1, 2]
failed -> 9 times
after fail n ======> 8
[0, 1, 2, 3, 4, 6, 7, 5]
0.1 0.1111111111111111
itercount --------> 1
[0, 1, 3]
0.1111111111111111 0.125
itercount --------> 2
[3, 1, 6]
0.125 0.16666666666666666
itercount --------> 3
[3, 6, 4]
0.16666666666666666 0.25925925925925924
itercount --------> 4
[3, 0, 1]
0.25925925925925924 0.2692307692307692
itercount --------> 5
[3, 2, 6]
[3, 2, 0]
0.2692307692307692 0.2916666666666667
itercount --------> 6
[3, 0, 1]
0.2916666666666667 0.36
itercount --------> 7
[3, 6, 7]
[3, 6, 5]
[3, 6, 0]
[3, 6, 1]
[3, 6, 2]
[3, 6, 4]
[3, 6, 7, 5]
[3, 6, 7, 0]
[3, 6, 7, 1]
0.36 0.4583333333333333
itercount --------> 8
[3, 6, 5]
[3, 6, 7]
[3, 6, 4]
[3, 6, 0]
[3, 6, 1]
[3, 6, 2]
[3, 6, 5, 7]
[3, 6, 5, 4]
[3, 6, 5, 0]
[3, 6, 5, 1]
[3, 6, 5, 2]
[3, 6, 5, 7, 4]
[3, 6, 5, 7, 0]
[3, 6, 5, 7, 1]
[3, 6, 5, 7, 2]
[3, 6, 5, 7, 4, 0]
[3, 6, 5, 7, 4, 1]
0.4583333333333333 0.5384615384615384
itercount --------> 9
[6, 5, 7]
[6, 5, 3]
[6, 5, 0]
[6, 5, 1]
0.5384615384615384 0.7142857142857143
itercount --------> 10
[3, 5, 6]
[3, 5, 7]
[3, 5, 0]
[3, 5, 1]
[3, 5, 2]
[3, 5, 4]
[3, 5, 6, 7]
[3, 5, 6, 0]
[3, 5, 6, 1]
[3, 5, 6, 2]
[3, 5, 6, 4]
[3, 5, 6, 7, 0]
[3, 5, 6, 7, 1]
[3, 5, 6, 7, 2]
[3, 5, 6, 7, 4]
[3, 5, 6, 7, 0, 1]
[3, 5, 6, 7, 0, 2]
[3, 5, 6, 7, 0, 4]
0.7142857142857143 0.7272727272727273
itercount --------> 11
[3, 4, 5]
[3, 4, 6]
[3, 4, 7]
[3, 4, 0]
[3, 4, 1]
[3, 4, 2]
[3, 4, 5, 6]
[3, 4, 5, 7]
[3, 4, 5, 0]
[3, 4, 5, 1]
[3, 4, 5, 2]
[3, 4, 5, 6, 7]
[3, 4, 5, 6, 0]
[3, 4, 5, 6, 1]
[3, 4, 5, 6, 2]
[3, 4, 5, 6, 7, 0]
[3, 4, 5, 6, 7, 1]
[3, 4, 5, 6, 7, 2]
[3, 4, 5, 6, 7, 0, 1]
[3, 4, 5, 6, 7, 0, 2]
[3, 4, 5, 6, 7, 0, 1, 2]
failed -> 10 times
after fail n ======> 5
[0, 1, 2, 3, 4]
0.1 0.16666666666666666
itercount --------> 1
[1, 3, 4]
[1, 3, 0]
0.16666666666666666 0.25
itercount --------> 2
[0, 1, 2]
[0, 1, 3]
[0, 1, 4]
0.25 0.25806451612903225
itercount --------> 3
[6, 0, 4]
[6, 0, 3]
[6, 0, 5]
[6, 0, 1]
0.25806451612903225 0.27586206896551724
itercount --------> 4
[6, 0, 3]
[6, 0, 4]
[6, 0, 5]
[6, 0, 7]
[6, 0, 2]
[6, 0, 1]
[6, 0, 3, 4]
0.27586206896551724 0.3333333333333333
itercount --------> 5
[0, 2, 3]
[0, 2, 6]
[0, 2, 5]
[0, 2, 1]
0.3333333333333333 0.39285714285714285
itercount --------> 6
[3, 5, 6]
[3, 5, 0]
[3, 5, 1]
[3, 5, 2]
[3, 5, 4]
[3, 5, 7]
[3, 5, 6, 0]
[3, 5, 6, 1]
0.39285714285714285 0.41379310344827586
itercount --------> 7
[3, 7, 0]
0.41379310344827586 0.42857142857142855
itercount --------> 8
[0, 1, 2]
[0, 1, 3]
[0, 1, 7]
0.42857142857142855 0.43478260869565216
itercount --------> 9
[7, 0, 1]
0.43478260869565216 0.48
itercount --------> 10
[0, 7, 1]
[0, 7, 2]
[0, 7, 3]
0.48 0.56
itercount --------> 11
[3, 0, 1]
[3, 0, 2]
[3, 0, 7]
[3, 0, 6]
[3, 0, 4]
[3, 0, 5]
[3, 0, 1, 2]
[3, 0, 1, 7]
[3, 0, 1, 6]
[3, 0, 1, 4]
[3, 0, 1, 5]
[3, 0, 1, 2, 7]
[3, 0, 1, 2, 6]
[3, 0, 1, 2, 4]
[3, 0, 1, 2, 5]
[3, 0, 1, 2, 7, 6]
[3, 0, 1, 2, 7, 4]
[3, 0, 1, 2, 7, 5]
[3, 0, 1, 2, 7, 6, 4]
[3, 0, 1, 2, 7, 6, 5]
[3, 0, 1, 2, 7, 6, 4, 5]
failed -> 11 times
after fail n ======> 6
[0, 1, 2, 3, 4, 6]
0.1 0.11428571428571428
itercount --------> 1
[1, 2, 0]
0.11428571428571428 0.3448275862068966
itercount --------> 2
[0, 1, 2]
0.3448275862068966 0.37037037037037035
itercount --------> 3
[0, 3, 4]
[0, 3, 7]
[0, 3, 5]
[0, 3, 6]
[0, 3, 1]
[0, 3, 2]
0.37037037037037035 0.4
itercount --------> 4
[3, 0, 1]
[3, 0, 2]
[3, 0, 4]
[3, 0, 5]
[3, 0, 7]
0.4 0.45454545454545453
itercount --------> 5
[3, 4, 5]
[3, 4, 6]
0.45454545454545453 0.48
itercount --------> 6
[0, 1, 2]
[0, 1, 3]
0.48 0.5
itercount --------> 7
[0, 3, 6]
[0, 3, 7]
[0, 3, 1]
[0, 3, 2]
[0, 3, 4]
[0, 3, 5]
[0, 3, 6, 7]
0.5 0.5384615384615384
itercount --------> 8
[3, 0, 6]
[3, 0, 7]
[3, 0, 1]
[3, 0, 2]
[3, 0, 4]
[3, 0, 5]
[3, 0, 6, 7]
[3, 0, 6, 1]
[3, 0, 6, 2]
[3, 0, 6, 4]
[3, 0, 6, 5]
[3, 0, 6, 7, 1]
[3, 0, 6, 7, 2]
[3, 0, 6, 7, 4]
[3, 0, 6, 7, 5]
[3, 0, 6, 7, 1, 2]
0.5384615384615384 0.56
itercount --------> 9
[3, 0, 1]
[3, 0, 2]
[3, 0, 7]
[3, 0, 6]
[3, 0, 4]
[3, 0, 5]
[3, 0, 1, 2]
[3, 0, 1, 7]
[3, 0, 1, 6]
[3, 0, 1, 4]
[3, 0, 1, 5]
[3, 0, 1, 2, 7]
[3, 0, 1, 2, 6]
[3, 0, 1, 2, 4]
[3, 0, 1, 2, 5]
[3, 0, 1, 2, 7, 6]
[3, 0, 1, 2, 7, 4]
[3, 0, 1, 2, 7, 5]
[3, 0, 1, 2, 7, 6, 4]
[3, 0, 1, 2, 7, 6, 5]
[3, 0, 1, 2, 7, 6, 4, 5]
failed -> 12 times
after fail n ======> 7
[0, 1, 2, 3, 4, 6, 7]
0.1 0.25
itercount --------> 1
[0, 1, 2]
[0, 1, 3]
[0, 1, 4]
0.25 0.25806451612903225
itercount --------> 2
[6, 1, 4]
0.25806451612903225 0.27586206896551724
itercount --------> 3
[6, 5, 7]
0.27586206896551724 0.4074074074074074
itercount --------> 4
[6, 5, 4]
[6, 5, 7]
[6, 5, 3]
[6, 5, 0]
[6, 5, 1]
[6, 5, 2]
[6, 5, 4, 7]
[6, 5, 4, 3]
[6, 5, 4, 0]
0.4074074074074074 0.45454545454545453
itercount --------> 5
[7, 3, 4]
[7, 3, 6]
[7, 3, 5]
0.45454545454545453 0.4583333333333333
itercount --------> 6
[3, 4, 5]
[3, 4, 6]
[3, 4, 7]
[3, 4, 0]
[3, 4, 1]
[3, 4, 2]
[3, 4, 5, 6]
[3, 4, 5, 7]
[3, 4, 5, 0]
[3, 4, 5, 1]
[3, 4, 5, 2]
[3, 4, 5, 6, 7]
0.4583333333333333 0.55
itercount --------> 7
[0, 1, 2]
[0, 1, 5]
[0, 1, 7]
[0, 1, 4]
[0, 1, 3]
[0, 1, 6]
[0, 1, 2, 5]
0.55 0.5909090909090909
itercount --------> 8
[4, 5, 7]
[4, 5, 3]
[4, 5, 0]
[4, 5, 1]
0.5909090909090909 0.65
itercount --------> 9
[0, 1, 2]
[0, 1, 5]
[0, 1, 7]
[0, 1, 3]
[0, 1, 4]
[0, 1, 6]
[0, 1, 2, 5]
[0, 1, 2, 7]
0.65 0.6842105263157895
itercount --------> 10
[0, 1, 2]
[0, 1, 5]
[0, 1, 7]
[0, 1, 3]
[0, 1, 4]
[0, 1, 6]
[0, 1, 2, 5]
[0, 1, 2, 7]
[0, 1, 2, 3]
[0, 1, 2, 4]
[0, 1, 2, 6]
[0, 1, 2, 5, 7]
[0, 1, 2, 5, 3]
[0, 1, 2, 5, 4]
[0, 1, 2, 5, 6]
[0, 1, 2, 5, 7, 3]
[0, 1, 2, 5, 7, 4]
[0, 1, 2, 5, 7, 6]
[0, 1, 2, 5, 7, 3, 4]
[0, 1, 2, 5, 7, 3, 6]
[0, 1, 2, 5, 7, 3, 4, 6]
0.6842105263157895 0.7619047619047619
itercount --------> 11
[3, 5, 6]
[3, 5, 7]
[3, 5, 0]
[3, 5, 1]
[3, 5, 2]
[3, 5, 4]
[3, 5, 6, 7]
[3, 5, 6, 0]
[3, 5, 6, 1]
[3, 5, 6, 2]
[3, 5, 6, 4]
[3, 5, 6, 7, 0]
[3, 5, 6, 7, 1]
[3, 5, 6, 7, 2]
[3, 5, 6, 7, 4]
[3, 5, 6, 7, 0, 1]
[3, 5, 6, 7, 0, 2]
[3, 5, 6, 7, 0, 4]
[3, 5, 6, 7, 0, 1, 2]
[3, 5, 6, 7, 0, 1, 4]
[3, 5, 6, 7, 0, 1, 2, 4]
failed -> 13 times
after fail n ======> 8
[0, 1, 2, 3, 4, 6, 7, 5]
0.1 0.16666666666666666
itercount --------> 1
[0, 3, 4]
[0, 3, 1]
0.16666666666666666 0.1724137931034483
itercount --------> 2
[3, 7, 0]
[3, 7, 6]
[3, 7, 4]
[3, 7, 1]
0.1724137931034483 0.2222222222222222
itercount --------> 3
[0, 6, 4]
0.2222222222222222 0.25925925925925924
itercount --------> 4
[4, 0, 3]
[4, 0, 6]
[4, 0, 7]
[4, 0, 5]
0.25925925925925924 0.2631578947368421
itercount --------> 5
[0, 3, 1]
0.2631578947368421 0.28205128205128205
itercount --------> 6
[0, 3, 4]
[0, 3, 6]
[0, 3, 7]
[0, 3, 5]
0.28205128205128205 0.32
itercount --------> 7
[0, 3, 6]
[0, 3, 4]
[0, 3, 5]
[0, 3, 7]
[0, 3, 1]
0.32 0.4
itercount --------> 8
[3, 4, 6]
[3, 4, 7]
[3, 4, 5]
[3, 4, 0]
[3, 4, 1]
[3, 4, 2]
[3, 4, 6, 7]
[3, 4, 6, 5]
0.4 0.45454545454545453
itercount --------> 9
[4, 5, 3]
[4, 5, 6]
[4, 5, 7]
[4, 5, 0]
[4, 5, 1]
[4, 5, 2]
[4, 5, 3, 6]
[4, 5, 3, 7]
[4, 5, 3, 0]
0.45454545454545453 0.4583333333333333
itercount --------> 10
[5, 0, 4]
[5, 0, 6]
[5, 0, 3]
[5, 0, 7]
[5, 0, 1]
[5, 0, 2]
0.4583333333333333 0.5
itercount --------> 11
[5, 4, 3]
0.5 0.5416666666666666
itercount --------> 12
[5, 4, 6]
[5, 4, 0]
[5, 4, 3]
[5, 4, 1]
[5, 4, 2]
[5, 4, 7]
[5, 4, 6, 0]
0.5416666666666666 0.5652173913043478
itercount --------> 13
[5, 6, 0]
0.5652173913043478 0.5909090909090909
itercount --------> 14
[6, 0, 1]
[6, 0, 2]
[6, 0, 4]
0.5909090909090909 0.6521739130434783
itercount --------> 15
[0, 1, 2]
[0, 1, 5]
[0, 1, 3]
[0, 1, 4]
[0, 1, 6]
[0, 1, 7]
[0, 1, 2, 5]
0.6521739130434783 0.7142857142857143
itercount --------> 16
[0, 1, 2]
[0, 1, 5]
[0, 1, 3]
[0, 1, 4]
[0, 1, 6]
[0, 1, 7]
[0, 1, 2, 5]
[0, 1, 2, 3]
[0, 1, 2, 4]
0.7142857142857143 0.75
itercount --------> 17
[3, 5, 6]
[3, 5, 4]
[3, 5, 0]
[3, 5, 1]
[3, 5, 2]
[3, 5, 7]
[3, 5, 6, 4]
[3, 5, 6, 0]
[3, 5, 6, 1]
[3, 5, 6, 2]
[3, 5, 6, 7]
[3, 5, 6, 4, 0]
[3, 5, 6, 4, 1]
[3, 5, 6, 4, 2]
[3, 5, 6, 4, 7]
[3, 5, 6, 4, 0, 1]
[3, 5, 6, 4, 0, 2]
[3, 5, 6, 4, 0, 7]
[3, 5, 6, 4, 0, 1, 2]
[3, 5, 6, 4, 0, 1, 7]
[3, 5, 6, 4, 0, 1, 2, 7]
failed -> 14 times
after fail n ======> 5
[0, 1, 2, 3, 4]
0.1 0.1111111111111111
itercount --------> 1
[0, 1, 3]
0.1111111111111111 0.125
itercount --------> 2
[3, 0, 6]
0.125 0.16666666666666666
itercount --------> 3
[3, 6, 4]
0.16666666666666666 0.25925925925925924
itercount --------> 4
[3, 0, 1]
0.25925925925925924 0.28
itercount --------> 5
[3, 0, 1]
[3, 0, 2]
0.28 0.2916666666666667
itercount --------> 6
[3, 0, 1]
0.2916666666666667 0.36
itercount --------> 7
[3, 6, 7]
[3, 6, 5]
[3, 6, 0]
[3, 6, 1]
[3, 6, 2]
[3, 6, 4]
[3, 6, 7, 5]
[3, 6, 7, 0]
0.36 0.4583333333333333
itercount --------> 8
[3, 6, 5]
[3, 6, 7]
[3, 6, 4]
[3, 6, 0]
[3, 6, 1]
[3, 6, 2]
[3, 6, 5, 7]
[3, 6, 5, 4]
[3, 6, 5, 0]
[3, 6, 5, 1]
[3, 6, 5, 2]
[3, 6, 5, 7, 4]
[3, 6, 5, 7, 0]
[3, 6, 5, 7, 1]
[3, 6, 5, 7, 2]
[3, 6, 5, 7, 4, 0]
[3, 6, 5, 7, 4, 1]
0.4583333333333333 0.5161290322580645
itercount --------> 9
[0, 1, 2]
[0, 1, 7]
[0, 1, 6]
0.5161290322580645 0.5517241379310345
itercount --------> 10
[0, 2, 7]
[0, 2, 6]
[0, 2, 5]
0.5517241379310345 0.7142857142857143
itercount --------> 11
[5, 3, 6]
[5, 3, 7]
[5, 3, 0]
[5, 3, 1]
[5, 3, 2]
[5, 3, 4]
[5, 3, 6, 7]
[5, 3, 6, 0]
[5, 3, 6, 1]
[5, 3, 6, 2]
[5, 3, 6, 4]
[5, 3, 6, 7, 0]
[5, 3, 6, 7, 1]
[5, 3, 6, 7, 2]
[5, 3, 6, 7, 4]
[5, 3, 6, 7, 0, 1]
[5, 3, 6, 7, 0, 2]
[5, 3, 6, 7, 0, 4]
[5, 3, 6, 7, 0, 1, 2]
[5, 3, 6, 7, 0, 1, 4]
[5, 3, 6, 7, 0, 1, 2, 4]
failed -> 15 times
after fail n ======> 6
[0, 1, 2, 3, 4, 6]
0.1 0.1111111111111111
itercount --------> 1
[0, 2, 3]
[0, 2, 6]
[0, 2, 4]
0.1111111111111111 0.125
itercount --------> 2
[3, 6, 4]
0.125 0.14285714285714285
itercount --------> 3
[3, 4, 6]
0.14285714285714285 0.17857142857142858
itercount --------> 4
[4, 3, 0]
0.17857142857142858 0.1875
itercount --------> 5
[0, 4, 3]
[0, 4, 2]
0.1875 0.21568627450980393
itercount --------> 6
[0, 2, 3]
0.21568627450980393 0.23076923076923078
itercount --------> 7
[0, 3, 1]
0.23076923076923078 0.3235294117647059
itercount --------> 8
[0, 1, 3]
0.3235294117647059 0.36
itercount --------> 9
[3, 6, 7]
[3, 6, 5]
[3, 6, 0]
[3, 6, 1]
[3, 6, 2]
[3, 6, 4]
[3, 6, 7, 5]
[3, 6, 7, 0]
0.36 0.4583333333333333
itercount --------> 10
[3, 6, 5]
[3, 6, 7]
[3, 6, 4]
[3, 6, 0]
[3, 6, 1]
[3, 6, 2]
[3, 6, 5, 7]
[3, 6, 5, 4]
0.4583333333333333 0.5384615384615384
itercount --------> 11
[6, 5, 7]
[6, 5, 3]
[6, 5, 0]
[6, 5, 1]
0.5384615384615384 0.7142857142857143
itercount --------> 12
[3, 5, 6]
[3, 5, 7]
[3, 5, 0]
[3, 5, 1]
[3, 5, 2]
[3, 5, 4]
[3, 5, 6, 7]
[3, 5, 6, 0]
[3, 5, 6, 1]
[3, 5, 6, 2]
[3, 5, 6, 4]
[3, 5, 6, 7, 0]
[3, 5, 6, 7, 1]
[3, 5, 6, 7, 2]
[3, 5, 6, 7, 4]
[3, 5, 6, 7, 0, 1]
[3, 5, 6, 7, 0, 2]
[3, 5, 6, 7, 0, 4]
0.7142857142857143 0.7272727272727273
itercount --------> 13
[3, 4, 5]
[3, 4, 6]
[3, 4, 7]
[3, 4, 0]
[3, 4, 1]
[3, 4, 2]
[3, 4, 5, 6]
[3, 4, 5, 7]
[3, 4, 5, 0]
[3, 4, 5, 1]
[3, 4, 5, 2]
[3, 4, 5, 6, 7]
[3, 4, 5, 6, 0]
[3, 4, 5, 6, 1]
[3, 4, 5, 6, 2]
[3, 4, 5, 6, 7, 0]
[3, 4, 5, 6, 7, 1]
[3, 4, 5, 6, 7, 2]
[3, 4, 5, 6, 7, 0, 1]
[3, 4, 5, 6, 7, 0, 2]
[3, 4, 5, 6, 7, 0, 1, 2]
failed -> 16 times
after fail n ======> 7
[0, 1, 2, 3, 4, 6, 7]
0.1 0.10344827586206896
itercount --------> 1
[2, 3, 4]
[2, 3, 6]
0.10344827586206896 0.11764705882352941
itercount --------> 2
[2, 3, 6]
[2, 3, 7]
[2, 3, 4]
[2, 3, 0]
[2, 3, 1]
0.11764705882352941 0.16666666666666666
itercount --------> 3
[4, 3, 6]
0.16666666666666666 0.25
itercount --------> 4
[0, 1, 2]
[0, 1, 3]
[0, 1, 4]
0.25 0.2857142857142857
itercount --------> 5
[2, 1, 3]
[2, 1, 0]
[2, 1, 5]
[2, 1, 4]
[2, 1, 6]
0.2857142857142857 0.29411764705882354
itercount --------> 6
[1, 0, 4]
[1, 0, 3]
[1, 0, 7]
[1, 0, 2]
0.29411764705882354 0.3
itercount --------> 7
[1, 4, 6]
0.3 0.30303030303030304
itercount --------> 8
[1, 0, 2]
0.30303030303030304 0.4
itercount --------> 9
[3, 0, 1]
[3, 0, 2]
[3, 0, 4]
[3, 0, 5]
[3, 0, 7]
0.4 0.45454545454545453
itercount --------> 10
[3, 4, 5]
[3, 4, 6]
[3, 4, 0]
[3, 4, 1]
[3, 4, 2]
[3, 4, 7]
[3, 4, 5, 6]
0.45454545454545453 0.4782608695652174
itercount --------> 11
[3, 6, 7]
0.4782608695652174 0.48148148148148145
itercount --------> 12
[0, 1, 2]
[0, 1, 7]
[0, 1, 5]
0.48148148148148145 0.5
itercount --------> 13
[2, 0, 1]
0.5 0.5217391304347826
itercount --------> 14
[2, 1, 7]
0.5217391304347826 0.6
itercount --------> 15
[0, 1, 2]
[0, 1, 7]
[0, 1, 4]
0.6 0.631578947368421
itercount --------> 16
[0, 1, 2]
[0, 1, 7]
[0, 1, 5]
[0, 1, 4]
[0, 1, 3]
[0, 1, 6]
[0, 1, 2, 7]
[0, 1, 2, 5]
[0, 1, 2, 4]
[0, 1, 2, 3]
[0, 1, 2, 6]
[0, 1, 2, 7, 5]
[0, 1, 2, 7, 4]
[0, 1, 2, 7, 3]
[0, 1, 2, 7, 6]
0.631578947368421 0.7142857142857143
itercount --------> 17
[5, 3, 6]
[5, 3, 7]
[5, 3, 0]
[5, 3, 1]
[5, 3, 2]
[5, 3, 4]
[5, 3, 6, 7]
[5, 3, 6, 0]
[5, 3, 6, 1]
[5, 3, 6, 2]
[5, 3, 6, 4]
[5, 3, 6, 7, 0]
[5, 3, 6, 7, 1]
[5, 3, 6, 7, 2]
[5, 3, 6, 7, 4]
[5, 3, 6, 7, 0, 1]
[5, 3, 6, 7, 0, 2]
[5, 3, 6, 7, 0, 4]
[5, 3, 6, 7, 0, 1, 2]
[5, 3, 6, 7, 0, 1, 4]
[5, 3, 6, 7, 0, 1, 2, 4]
failed -> 17 times
after fail n ======> 8
[0, 1, 2, 3, 4, 6, 7, 5]
0.1 0.16666666666666666
itercount --------> 1
[1, 3, 4]
0.16666666666666666 0.1724137931034483
itercount --------> 2
[3, 7, 1]
[3, 7, 6]
[3, 7, 4]
[3, 7, 0]
0.1724137931034483 0.17647058823529413
itercount --------> 3
[0, 4, 1]
0.17647058823529413 0.24
itercount --------> 4
[0, 2, 3]
[0, 2, 4]
0.24 0.26666666666666666
itercount --------> 5
[6, 2, 3]
[6, 2, 4]
0.26666666666666666 0.27586206896551724
itercount --------> 6
[6, 5, 7]
[6, 5, 0]
0.27586206896551724 0.32
itercount --------> 7
[6, 3, 5]
[6, 3, 7]
[6, 3, 4]
[6, 3, 0]
[6, 3, 2]
[6, 3, 1]
[6, 3, 5, 7]
0.32 0.35714285714285715
itercount --------> 8
[6, 5, 7]
[6, 5, 4]
[6, 5, 0]
0.35714285714285715 0.4074074074074074
itercount --------> 9
[6, 5, 0]
[6, 5, 2]
[6, 5, 4]
[6, 5, 7]
[6, 5, 3]
[6, 5, 1]
[6, 5, 0, 2]
[6, 5, 0, 4]
[6, 5, 0, 7]
[6, 5, 0, 3]
[6, 5, 0, 1]
[6, 5, 0, 2, 4]
[6, 5, 0, 2, 7]
[6, 5, 0, 2, 3]
[6, 5, 0, 2, 1]
0.4074074074074074 0.4230769230769231
itercount --------> 10
[6, 5, 2]
[6, 5, 4]
[6, 5, 7]
[6, 5, 3]
[6, 5, 0]
[6, 5, 1]
[6, 5, 2, 4]
0.4230769230769231 0.45454545454545453
itercount --------> 11
[6, 7, 3]
[6, 7, 4]
[6, 7, 5]
[6, 7, 2]
[6, 7, 0]
[6, 7, 1]
[6, 7, 3, 4]
[6, 7, 3, 5]
[6, 7, 3, 2]
[6, 7, 3, 0]
[6, 7, 3, 1]
[6, 7, 3, 4, 5]
[6, 7, 3, 4, 2]
[6, 7, 3, 4, 0]
[6, 7, 3, 4, 1]
[6, 7, 3, 4, 5, 2]
[6, 7, 3, 4, 5, 0]
[6, 7, 3, 4, 5, 1]
[6, 7, 3, 4, 5, 2, 0]
0.45454545454545453 0.47619047619047616
itercount --------> 12
[3, 6, 5]
0.47619047619047616 0.4782608695652174
itercount --------> 13
[3, 4, 5]
[3, 4, 6]
[3, 4, 7]
[3, 4, 0]
[3, 4, 2]
[3, 4, 1]
[3, 4, 5, 6]
[3, 4, 5, 7]
[3, 4, 5, 0]
[3, 4, 5, 2]
[3, 4, 5, 1]
[3, 4, 5, 6, 7]
[3, 4, 5, 6, 0]
[3, 4, 5, 6, 2]
[3, 4, 5, 6, 1]
[3, 4, 5, 6, 7, 0]
0.4782608695652174 0.48
itercount --------> 14
[7, 5, 6]
[7, 5, 0]
[7, 5, 2]
[7, 5, 4]
[7, 5, 3]
0.48 0.5217391304347826
itercount --------> 15
[6, 5, 7]
0.5217391304347826 0.6818181818181818
itercount --------> 16
[0, 5, 6]
[0, 5, 7]
[0, 5, 3]
[0, 5, 1]
[0, 5, 2]
[0, 5, 4]
[0, 5, 6, 7]
[0, 5, 6, 3]
0.6818181818181818 0.7272727272727273
itercount --------> 17
[3, 4, 5]
[3, 4, 6]
[3, 4, 7]
[3, 4, 0]
[3, 4, 1]
[3, 4, 2]
[3, 4, 5, 6]
[3, 4, 5, 7]
[3, 4, 5, 0]
[3, 4, 5, 1]
[3, 4, 5, 2]
[3, 4, 5, 6, 7]
[3, 4, 5, 6, 0]
[3, 4, 5, 6, 1]
[3, 4, 5, 6, 2]
[3, 4, 5, 6, 7, 0]
[3, 4, 5, 6, 7, 1]
[3, 4, 5, 6, 7, 2]
[3, 4, 5, 6, 7, 0, 1]
[3, 4, 5, 6, 7, 0, 2]
[3, 4, 5, 6, 7, 0, 1, 2]
failed -> 18 times
after fail n ======> 5
[0, 1, 2, 3, 4]
0.1 0.125
itercount --------> 1
[3, 0, 6]
[3, 0, 4]
0.125 0.16666666666666666
itercount --------> 2
[3, 6, 4]
0.16666666666666666 0.25925925925925924
itercount --------> 3
[3, 0, 1]
0.25925925925925924 0.2692307692307692
itercount --------> 4
[3, 2, 6]
[3, 2, 0]
0.2692307692307692 0.3235294117647059
itercount --------> 5
[0, 1, 3]
0.3235294117647059 0.36
itercount --------> 6
[3, 6, 7]
[3, 6, 5]
[3, 6, 0]
[3, 6, 1]
[3, 6, 2]
[3, 6, 4]
[3, 6, 7, 5]
[3, 6, 7, 0]
[3, 6, 7, 1]
[3, 6, 7, 2]
[3, 6, 7, 4]
[3, 6, 7, 5, 0]
[3, 6, 7, 5, 1]
[3, 6, 7, 5, 2]
0.36 0.4583333333333333
itercount --------> 7
[3, 6, 5]
[3, 6, 7]
[3, 6, 4]
[3, 6, 0]
[3, 6, 1]
[3, 6, 2]
[3, 6, 5, 7]
[3, 6, 5, 4]
[3, 6, 5, 0]
[3, 6, 5, 1]
[3, 6, 5, 2]
[3, 6, 5, 7, 4]
0.4583333333333333 0.5384615384615384
itercount --------> 8
[6, 5, 7]
[6, 5, 3]
[6, 5, 0]
0.5384615384615384 0.7142857142857143
itercount --------> 9
[3, 5, 6]
[3, 5, 7]
[3, 5, 0]
[3, 5, 1]
[3, 5, 2]
[3, 5, 4]
[3, 5, 6, 7]
[3, 5, 6, 0]
[3, 5, 6, 1]
[3, 5, 6, 2]
[3, 5, 6, 4]
[3, 5, 6, 7, 0]
[3, 5, 6, 7, 1]
[3, 5, 6, 7, 2]
[3, 5, 6, 7, 4]
[3, 5, 6, 7, 0, 1]
[3, 5, 6, 7, 0, 2]
[3, 5, 6, 7, 0, 4]
[3, 5, 6, 7, 0, 1, 2]
[3, 5, 6, 7, 0, 1, 4]
0.7142857142857143 0.7272727272727273
itercount --------> 10
[3, 4, 5]
[3, 4, 6]
[3, 4, 7]
[3, 4, 0]
[3, 4, 1]
[3, 4, 2]
[3, 4, 5, 6]
[3, 4, 5, 7]
[3, 4, 5, 0]
[3, 4, 5, 1]
[3, 4, 5, 2]
[3, 4, 5, 6, 7]
[3, 4, 5, 6, 0]
[3, 4, 5, 6, 1]
[3, 4, 5, 6, 2]
[3, 4, 5, 6, 7, 0]
[3, 4, 5, 6, 7, 1]
[3, 4, 5, 6, 7, 2]
[3, 4, 5, 6, 7, 0, 1]
[3, 4, 5, 6, 7, 0, 2]
[3, 4, 5, 6, 7, 0, 1, 2]
failed -> 19 times
after fail n ======> 6
[0, 1, 2, 3, 4, 6]
0.1 0.16666666666666666
itercount --------> 1
[1, 3, 4]
0.16666666666666666 0.1724137931034483
itercount --------> 2
[3, 7, 1]
[3, 7, 6]
[3, 7, 4]
[3, 7, 0]
0.1724137931034483 0.17391304347826086
itercount --------> 3
[3, 6, 4]
0.17391304347826086 0.2692307692307692
itercount --------> 4
[3, 1, 6]
[3, 1, 0]
[3, 1, 2]
0.2692307692307692 0.28
itercount --------> 5
[3, 0, 2]
[3, 0, 1]
0.28 0.2916666666666667
itercount --------> 6
[3, 0, 1]
0.2916666666666667 0.36
itercount --------> 7
[3, 6, 7]
[3, 6, 5]
[3, 6, 0]
[3, 6, 1]
[3, 6, 2]
[3, 6, 4]
[3, 6, 7, 5]
[3, 6, 7, 0]
0.36 0.4583333333333333
itercount --------> 8
[3, 6, 5]
[3, 6, 7]
[3, 6, 4]
[3, 6, 0]
[3, 6, 1]
[3, 6, 2]
[3, 6, 5, 7]
[3, 6, 5, 4]
[3, 6, 5, 0]
[3, 6, 5, 1]
[3, 6, 5, 2]
[3, 6, 5, 7, 4]
[3, 6, 5, 7, 0]
[3, 6, 5, 7, 1]
[3, 6, 5, 7, 2]
[3, 6, 5, 7, 4, 0]
0.4583333333333333 0.5384615384615384
itercount --------> 9
[6, 5, 7]
[6, 5, 3]
[6, 5, 0]
[6, 5, 1]
0.5384615384615384 0.7142857142857143
itercount --------> 10
[3, 5, 6]
[3, 5, 7]
[3, 5, 0]
[3, 5, 1]
[3, 5, 2]
[3, 5, 4]
[3, 5, 6, 7]
[3, 5, 6, 0]
[3, 5, 6, 1]
[3, 5, 6, 2]
[3, 5, 6, 4]
[3, 5, 6, 7, 0]
[3, 5, 6, 7, 1]
[3, 5, 6, 7, 2]
[3, 5, 6, 7, 4]
[3, 5, 6, 7, 0, 1]
[3, 5, 6, 7, 0, 2]
[3, 5, 6, 7, 0, 4]
[3, 5, 6, 7, 0, 1, 2]
[3, 5, 6, 7, 0, 1, 4]
0.7142857142857143 0.7272727272727273
itercount --------> 11
[3, 4, 5]
[3, 4, 6]
[3, 4, 7]
[3, 4, 0]
[3, 4, 1]
[3, 4, 2]
[3, 4, 5, 6]
[3, 4, 5, 7]
[3, 4, 5, 0]
[3, 4, 5, 1]
[3, 4, 5, 2]
[3, 4, 5, 6, 7]
[3, 4, 5, 6, 0]
[3, 4, 5, 6, 1]
[3, 4, 5, 6, 2]
[3, 4, 5, 6, 7, 0]
[3, 4, 5, 6, 7, 1]
[3, 4, 5, 6, 7, 2]
[3, 4, 5, 6, 7, 0, 1]
[3, 4, 5, 6, 7, 0, 2]
[3, 4, 5, 6, 7, 0, 1, 2]
failed -> 20 times
after fail n ======> 7
[0, 1, 2, 3, 4, 6, 7]
0.1 0.1111111111111111
itercount --------> 1
[1, 2, 3]
0.1111111111111111 0.17391304347826086
itercount --------> 2
[3, 6, 4]
0.17391304347826086 0.2692307692307692
itercount --------> 3
[3, 0, 6]
[3, 0, 1]
0.2692307692307692 0.36
itercount --------> 4
[3, 6, 7]
[3, 6, 5]
[3, 6, 0]
[3, 6, 1]
[3, 6, 2]
[3, 6, 4]
[3, 6, 7, 5]
[3, 6, 7, 0]
[3, 6, 7, 1]
0.36 0.4583333333333333
itercount --------> 5
[3, 6, 5]
[3, 6, 7]
[3, 6, 4]
[3, 6, 0]
[3, 6, 1]
[3, 6, 2]
[3, 6, 5, 7]
[3, 6, 5, 4]
[3, 6, 5, 0]
[3, 6, 5, 1]
[3, 6, 5, 2]
[3, 6, 5, 7, 4]
[3, 6, 5, 7, 0]
[3, 6, 5, 7, 1]
[3, 6, 5, 7, 2]
[3, 6, 5, 7, 4, 0]
[3, 6, 5, 7, 4, 1]
0.4583333333333333 0.5161290322580645
itercount --------> 6
[0, 1, 2]
[0, 1, 7]
[0, 1, 6]
[0, 1, 3]
0.5161290322580645 0.5517241379310345
itercount --------> 7
[1, 2, 7]
[1, 2, 6]
[1, 2, 5]
0.5517241379310345 0.7142857142857143
itercount --------> 8
[5, 3, 6]
[5, 3, 7]
[5, 3, 0]
[5, 3, 1]
[5, 3, 2]
[5, 3, 4]
[5, 3, 6, 7]
[5, 3, 6, 0]
[5, 3, 6, 1]
[5, 3, 6, 2]
[5, 3, 6, 4]
[5, 3, 6, 7, 0]
[5, 3, 6, 7, 1]
[5, 3, 6, 7, 2]
[5, 3, 6, 7, 4]
[5, 3, 6, 7, 0, 1]
[5, 3, 6, 7, 0, 2]
[5, 3, 6, 7, 0, 4]
[5, 3, 6, 7, 0, 1, 2]
[5, 3, 6, 7, 0, 1, 4]
[5, 3, 6, 7, 0, 1, 2, 4]
failed -> 21 times
after fail n ======> 8
[0, 1, 2, 3, 4, 6, 7, 5]
0.1 0.11428571428571428
itercount --------> 1
[1, 2, 0]
0.11428571428571428 0.2
itercount --------> 2
[0, 1, 2]
0.2 0.21739130434782608
itercount --------> 3
[1, 0, 2]
[1, 0, 3]
0.21739130434782608 0.23684210526315788
itercount --------> 4
[0, 1, 3]
0.23684210526315788 0.28
itercount --------> 5
[3, 7, 0]
0.28 0.3333333333333333
itercount --------> 6
[0, 3, 2]
[0, 3, 4]
[0, 3, 5]
[0, 3, 7]
0.3333333333333333 0.38461538461538464
itercount --------> 7
[0, 3, 4]
0.38461538461538464 0.391304347826087
itercount --------> 8
[0, 6, 1]
[0, 6, 4]
[0, 6, 7]
[0, 6, 3]
[0, 6, 2]
[0, 6, 5]
[0, 6, 1, 4]
0.391304347826087 0.43333333333333335
itercount --------> 9
[6, 0, 3]
[6, 0, 7]
[6, 0, 2]
[6, 0, 1]
0.43333333333333335 0.48148148148148145
itercount --------> 10
[6, 0, 3]
[6, 0, 7]
[6, 0, 4]
[6, 0, 5]
[6, 0, 2]
[6, 0, 1]
[6, 0, 3, 7]
[6, 0, 3, 4]
[6, 0, 3, 5]
[6, 0, 3, 2]
[6, 0, 3, 1]
[6, 0, 3, 7, 4]
[6, 0, 3, 7, 5]
[6, 0, 3, 7, 2]
[6, 0, 3, 7, 1]
[6, 0, 3, 7, 4, 5]
[6, 0, 3, 7, 4, 2]
[6, 0, 3, 7, 4, 1]
[6, 0, 3, 7, 4, 5, 2]
0.48148148148148145 0.5
itercount --------> 11
[3, 6, 0]
[3, 6, 7]
[3, 6, 1]
[3, 6, 2]
[3, 6, 5]
[3, 6, 4]
[3, 6, 0, 7]
[3, 6, 0, 1]
[3, 6, 0, 2]
[3, 6, 0, 5]
[3, 6, 0, 4]
[3, 6, 0, 7, 1]
[3, 6, 0, 7, 2]
[3, 6, 0, 7, 5]
[3, 6, 0, 7, 4]
[3, 6, 0, 7, 1, 2]
[3, 6, 0, 7, 1, 5]
[3, 6, 0, 7, 1, 4]
[3, 6, 0, 7, 1, 2, 5]
[3, 6, 0, 7, 1, 2, 4]
[3, 6, 0, 7, 1, 2, 5, 4]
0.5 0.5217391304347826
itercount --------> 12
[3, 6, 0]
[3, 6, 2]
[3, 6, 5]
[3, 6, 7]
[3, 6, 4]
[3, 6, 1]
[3, 6, 0, 2]
[3, 6, 0, 5]
[3, 6, 0, 7]
[3, 6, 0, 4]
[3, 6, 0, 1]
[3, 6, 0, 2, 5]
[3, 6, 0, 2, 7]
[3, 6, 0, 2, 4]
[3, 6, 0, 2, 1]
0.5217391304347826 0.5714285714285714
itercount --------> 13
[3, 6, 0]
[3, 6, 7]
[3, 6, 5]
[3, 6, 1]
[3, 6, 2]
[3, 6, 4]
[3, 6, 0, 7]
[3, 6, 0, 5]
[3, 6, 0, 1]
[3, 6, 0, 2]
[3, 6, 0, 4]
[3, 6, 0, 7, 5]
[3, 6, 0, 7, 1]
[3, 6, 0, 7, 2]
[3, 6, 0, 7, 4]
[3, 6, 0, 7, 5, 1]
[3, 6, 0, 7, 5, 2]
[3, 6, 0, 7, 5, 4]
[3, 6, 0, 7, 5, 1, 2]
[3, 6, 0, 7, 5, 1, 4]
[3, 6, 0, 7, 5, 1, 2, 4]
failed -> 22 times
after fail n ======> 5
[0, 1, 2, 3, 4]
0.1 0.25
itercount --------> 1
[0, 1, 2]
[0, 1, 3]
[0, 1, 4]
0.25 0.27586206896551724
itercount --------> 2
[6, 1, 3]
[6, 1, 4]
[6, 1, 5]
[6, 1, 7]
[6, 1, 0]
[6, 1, 2]
[6, 1, 3, 4]
0.27586206896551724 0.3333333333333333
itercount --------> 3
[0, 1, 2]
[0, 1, 5]
[0, 1, 6]
[0, 1, 7]
0.3333333333333333 0.3448275862068966
itercount --------> 4
[0, 1, 2]
[0, 1, 6]
[0, 1, 5]
0.3448275862068966 0.3684210526315789
itercount --------> 5
[5, 0, 1]
[5, 0, 2]
[5, 0, 7]
0.3684210526315789 0.42857142857142855
itercount --------> 6
[7, 3, 5]
0.42857142857142855 0.6666666666666666
itercount --------> 7
[5, 6, 7]
[5, 6, 3]
[5, 6, 0]
[5, 6, 1]
[5, 6, 2]
[5, 6, 4]
[5, 6, 7, 3]
[5, 6, 7, 0]
[5, 6, 7, 1]
[5, 6, 7, 2]
[5, 6, 7, 4]
[5, 6, 7, 3, 0]
[5, 6, 7, 3, 1]
[5, 6, 7, 3, 2]
[5, 6, 7, 3, 4]
[5, 6, 7, 3, 0, 1]
[5, 6, 7, 3, 0, 2]
[5, 6, 7, 3, 0, 4]
[5, 6, 7, 3, 0, 1, 2]
[5, 6, 7, 3, 0, 1, 4]
[5, 6, 7, 3, 0, 1, 2, 4]
failed -> 23 times
after fail n ======> 6
[0, 1, 2, 3, 4, 6]
0.1 0.11428571428571428
itercount --------> 1
[0, 2, 1]
0.11428571428571428 0.2
itercount --------> 2
[1, 0, 2]
0.2 0.21739130434782608
itercount --------> 3
[2, 1, 0]
0.21739130434782608 0.4
itercount --------> 4
[3, 0, 1]
0.4 0.43478260869565216
itercount --------> 5
[3, 1, 4]
[3, 1, 5]
[3, 1, 7]
[3, 1, 6]
[3, 1, 0]
[3, 1, 2]
[3, 1, 4, 5]
[3, 1, 4, 7]
0.43478260869565216 0.45454545454545453
itercount --------> 6
[3, 1, 4]
[3, 1, 6]
[3, 1, 5]
[3, 1, 7]
[3, 1, 0]
[3, 1, 2]
[3, 1, 4, 6]
0.45454545454545453 0.48
itercount --------> 7
[1, 6, 0]
0.48 0.5517241379310345
itercount --------> 8
[1, 7, 6]
[1, 7, 5]
0.5517241379310345 0.7142857142857143
itercount --------> 9
[5, 3, 6]
[5, 3, 7]
[5, 3, 0]
[5, 3, 1]
[5, 3, 2]
[5, 3, 4]
[5, 3, 6, 7]
[5, 3, 6, 0]
[5, 3, 6, 1]
[5, 3, 6, 2]
[5, 3, 6, 4]
[5, 3, 6, 7, 0]
[5, 3, 6, 7, 1]
[5, 3, 6, 7, 2]
[5, 3, 6, 7, 4]
[5, 3, 6, 7, 0, 1]
[5, 3, 6, 7, 0, 2]
[5, 3, 6, 7, 0, 4]
[5, 3, 6, 7, 0, 1, 2]
[5, 3, 6, 7, 0, 1, 4]
[5, 3, 6, 7, 0, 1, 2, 4]
failed -> 24 times
after fail n ======> 7
[0, 1, 2, 3, 4, 6, 7]
0.1 0.11428571428571428
itercount --------> 1
[1, 2, 0]
0.11428571428571428 0.2
itercount --------> 2
[0, 1, 2]
0.2 0.37037037037037035
itercount --------> 3
[0, 3, 4]
[0, 3, 7]
0.37037037037037035 0.43478260869565216
itercount --------> 4
[0, 4, 6]
[0, 4, 3]
[0, 4, 5]
[0, 4, 1]
0.43478260869565216 0.45454545454545453
itercount --------> 5
[3, 4, 5]
[3, 4, 6]
0.45454545454545453 0.5384615384615384
itercount --------> 6
[3, 0, 1]
[3, 0, 2]
[3, 0, 6]
[3, 0, 7]
[3, 0, 4]
[3, 0, 5]
[3, 0, 1, 2]
[3, 0, 1, 6]
[3, 0, 1, 7]
[3, 0, 1, 4]
[3, 0, 1, 5]
[3, 0, 1, 2, 6]
0.5384615384615384 0.56
itercount --------> 7
[3, 0, 1]
[3, 0, 2]
[3, 0, 7]
[3, 0, 6]
[3, 0, 4]
[3, 0, 5]
[3, 0, 1, 2]
[3, 0, 1, 7]
[3, 0, 1, 6]
[3, 0, 1, 4]
[3, 0, 1, 5]
[3, 0, 1, 2, 7]
[3, 0, 1, 2, 6]
[3, 0, 1, 2, 4]
[3, 0, 1, 2, 5]
[3, 0, 1, 2, 7, 6]
[3, 0, 1, 2, 7, 4]
[3, 0, 1, 2, 7, 5]
[3, 0, 1, 2, 7, 6, 4]
[3, 0, 1, 2, 7, 6, 5]
[3, 0, 1, 2, 7, 6, 4, 5]
failed -> 25 times
after fail n ======> 8
[0, 1, 2, 3, 4, 6, 7, 5]
0.1 0.1111111111111111
itercount --------> 1
[0, 2, 1]
0.1111111111111111 0.1724137931034483
itercount --------> 2
[0, 6, 4]
0.1724137931034483 0.17391304347826086
itercount --------> 3
[0, 3, 4]
[0, 3, 6]
0.17391304347826086 0.21428571428571427
itercount --------> 4
[0, 4, 3]
[0, 4, 7]
[0, 4, 6]
[0, 4, 1]
0.21428571428571427 0.2857142857142857
itercount --------> 5
[0, 1, 2]
[0, 1, 4]
0.2857142857142857 0.2916666666666667
itercount --------> 6
[0, 4, 6]
[0, 4, 7]
0.2916666666666667 0.3333333333333333
itercount --------> 7
[0, 3, 4]
[0, 3, 6]
[0, 3, 5]
[0, 3, 7]
0.3333333333333333 0.4166666666666667
itercount --------> 8
[0, 4, 6]
[0, 4, 3]
[0, 4, 5]
[0, 4, 1]
[0, 4, 2]
0.4166666666666667 0.45454545454545453
itercount --------> 9
[3, 4, 5]
[3, 4, 6]
0.45454545454545453 0.5
itercount --------> 10
[0, 1, 2]
[0, 1, 3]
0.5 0.5454545454545454
itercount --------> 11
[0, 1, 2]
[0, 1, 4]
[0, 1, 3]
[0, 1, 6]
[0, 1, 5]
[0, 1, 7]
[0, 1, 2, 4]
[0, 1, 2, 3]
[0, 1, 2, 6]
[0, 1, 2, 5]
[0, 1, 2, 7]
[0, 1, 2, 4, 3]
[0, 1, 2, 4, 6]
0.5454545454545454 0.5925925925925926
itercount --------> 12
[0, 1, 2]
[0, 1, 7]
[0, 1, 6]
[0, 1, 3]
[0, 1, 5]
0.5925925925925926 0.7142857142857143
itercount --------> 13
[5, 3, 6]
[5, 3, 7]
[5, 3, 0]
[5, 3, 1]
[5, 3, 2]
[5, 3, 4]
[5, 3, 6, 7]
[5, 3, 6, 0]
[5, 3, 6, 1]
[5, 3, 6, 2]
[5, 3, 6, 4]
[5, 3, 6, 7, 0]
[5, 3, 6, 7, 1]
[5, 3, 6, 7, 2]
[5, 3, 6, 7, 4]
[5, 3, 6, 7, 0, 1]
[5, 3, 6, 7, 0, 2]
[5, 3, 6, 7, 0, 4]
[5, 3, 6, 7, 0, 1, 2]
[5, 3, 6, 7, 0, 1, 4]
[5, 3, 6, 7, 0, 1, 2, 4]
failed -> 26 times
after fail n ======> 5
[0, 1, 2, 3, 4]
0.1 0.1111111111111111
itercount --------> 1
[0, 2, 3]
0.1111111111111111 0.125
itercount --------> 2
[3, 0, 6]
[3, 0, 4]
0.125 0.13333333333333333
itercount --------> 3
[0, 3, 4]
0.13333333333333333 0.19230769230769232
itercount --------> 4
[3, 6, 0]
[3, 6, 7]
[3, 6, 1]
[3, 6, 2]
[3, 6, 4]
[3, 6, 5]
[3, 6, 0, 7]
[3, 6, 0, 1]
0.19230769230769232 0.20833333333333334
itercount --------> 5
[3, 6, 7]
[3, 6, 0]
[3, 6, 1]
[3, 6, 2]
[3, 6, 4]
[3, 6, 5]
[3, 6, 7, 0]
[3, 6, 7, 1]
0.20833333333333334 0.21739130434782608
itercount --------> 6
[0, 1, 3]
0.21739130434782608 0.23076923076923078
itercount --------> 7
[2, 6, 1]
0.23076923076923078 0.24324324324324326
itercount --------> 8
[2, 0, 6]
0.24324324324324326 0.25
itercount --------> 9
[1, 0, 2]
0.25 0.2857142857142857
itercount --------> 10
[0, 6, 1]
[0, 6, 4]
0.2857142857142857 0.34285714285714286
itercount --------> 11
[0, 1, 5]
0.34285714285714286 0.34782608695652173
itercount --------> 12
[0, 1, 2]
[0, 1, 3]
0.34782608695652173 0.47619047619047616
itercount --------> 13
[3, 4, 5]
[3, 4, 6]
[3, 4, 0]
[3, 4, 1]
[3, 4, 2]
[3, 4, 7]
[3, 4, 5, 6]
[3, 4, 5, 0]
0.47619047619047616 0.5
itercount --------> 14
[0, 1, 2]
[0, 1, 6]
[0, 1, 4]
0.5 0.5217391304347826
itercount --------> 15
[6, 0, 2]
[6, 0, 4]
[6, 0, 5]
[6, 0, 1]
[6, 0, 3]
[6, 0, 7]
[6, 0, 2, 4]
[6, 0, 2, 5]
[6, 0, 2, 1]
[6, 0, 2, 3]
[6, 0, 2, 7]
0.5217391304347826 0.5263157894736842
itercount --------> 16
[3, 0, 1]
0.5263157894736842 0.631578947368421
itercount --------> 17
[3, 0, 1]
[3, 0, 2]
[3, 0, 5]
[3, 0, 7]
0.631578947368421 0.6842105263157895
itercount --------> 18
[3, 0, 1]
[3, 0, 2]
[3, 0, 4]
0.6842105263157895 0.75
itercount --------> 19
[3, 5, 6]
[3, 5, 4]
[3, 5, 0]
[3, 5, 1]
[3, 5, 2]
[3, 5, 7]
[3, 5, 6, 4]
[3, 5, 6, 0]
[3, 5, 6, 1]
[3, 5, 6, 2]
[3, 5, 6, 7]
[3, 5, 6, 4, 0]
[3, 5, 6, 4, 1]
[3, 5, 6, 4, 2]
[3, 5, 6, 4, 7]
[3, 5, 6, 4, 0, 1]
[3, 5, 6, 4, 0, 2]
[3, 5, 6, 4, 0, 7]
[3, 5, 6, 4, 0, 1, 2]
[3, 5, 6, 4, 0, 1, 7]
[3, 5, 6, 4, 0, 1, 2, 7]
failed -> 27 times
after fail n ======> 6
[0, 1, 2, 3, 4, 6]
0.1 0.11428571428571428
itercount --------> 1
[1, 2, 0]
0.11428571428571428 0.37037037037037035
itercount --------> 2
[0, 3, 4]
[0, 3, 7]
[0, 3, 5]
[0, 3, 6]
[0, 3, 1]
0.37037037037037035 0.4
itercount --------> 3
[3, 0, 1]
0.4 0.43478260869565216
itercount --------> 4
[3, 0, 4]
[3, 0, 5]
[3, 0, 7]
0.43478260869565216 0.45454545454545453
itercount --------> 5
[3, 0, 4]
[3, 0, 6]
[3, 0, 5]
[3, 0, 7]
[3, 0, 1]
0.45454545454545453 0.47619047619047616
itercount --------> 6
[3, 4, 5]
[3, 4, 6]
[3, 4, 0]
[3, 4, 1]
[3, 4, 2]
[3, 4, 7]
[3, 4, 5, 6]
0.47619047619047616 0.5217391304347826
itercount --------> 7
[0, 1, 2]
[0, 1, 4]
[0, 1, 3]
[0, 1, 5]
[0, 1, 6]
[0, 1, 7]
0.5217391304347826 0.5454545454545454
itercount --------> 8
[0, 1, 2]
[0, 1, 4]
[0, 1, 3]
[0, 1, 6]
[0, 1, 5]
[0, 1, 7]
[0, 1, 2, 4]
[0, 1, 2, 3]
[0, 1, 2, 6]
[0, 1, 2, 5]
[0, 1, 2, 7]
[0, 1, 2, 4, 3]
[0, 1, 2, 4, 6]
0.5454545454545454 0.5925925925925926
itercount --------> 9
[0, 1, 2]
[0, 1, 7]
[0, 1, 6]
0.5925925925925926 0.64
itercount --------> 10
[7, 6, 1]
[7, 6, 5]
[7, 6, 3]
[7, 6, 0]
[7, 6, 2]
[7, 6, 4]
[7, 6, 1, 5]
0.64 0.7142857142857143
itercount --------> 11
[5, 3, 6]
[5, 3, 7]
[5, 3, 0]
[5, 3, 1]
[5, 3, 2]
[5, 3, 4]
[5, 3, 6, 7]
[5, 3, 6, 0]
[5, 3, 6, 1]
[5, 3, 6, 2]
[5, 3, 6, 4]
[5, 3, 6, 7, 0]
[5, 3, 6, 7, 1]
[5, 3, 6, 7, 2]
[5, 3, 6, 7, 4]
[5, 3, 6, 7, 0, 1]
[5, 3, 6, 7, 0, 2]
[5, 3, 6, 7, 0, 4]
[5, 3, 6, 7, 0, 1, 2]
[5, 3, 6, 7, 0, 1, 4]
[5, 3, 6, 7, 0, 1, 2, 4]
failed -> 28 times
after fail n ======> 7
[0, 1, 2, 3, 4, 6, 7]
0.1 0.1111111111111111
itercount --------> 1
[0, 1, 3]
0.1111111111111111 0.17647058823529413
itercount --------> 2
[0, 4, 2]
[0, 4, 3]
0.17647058823529413 0.18181818181818182
itercount --------> 3
[0, 6, 2]
0.18181818181818182 0.2413793103448276
itercount --------> 4
[6, 3, 5]
[6, 3, 0]
0.2413793103448276 0.2692307692307692
itercount --------> 5
[0, 3, 6]
[0, 3, 4]
[0, 3, 1]
0.2692307692307692 0.3448275862068966
itercount --------> 6
[0, 1, 6]
[0, 1, 4]
[0, 1, 3]
[0, 1, 7]
[0, 1, 2]
0.3448275862068966 0.37037037037037035
itercount --------> 7
[0, 6, 3]
[0, 6, 4]
0.37037037037037035 0.375
itercount --------> 8
[0, 3, 6]
[0, 3, 1]
0.375 0.3793103448275862
itercount --------> 9
[6, 3, 5]
[6, 3, 7]
[6, 3, 0]
[6, 3, 1]
[6, 3, 4]
[6, 3, 2]
[6, 3, 5, 7]
0.3793103448275862 0.43478260869565216
itercount --------> 10
[0, 1, 3]
[0, 1, 7]
[0, 1, 2]
[0, 1, 6]
[0, 1, 5]
[0, 1, 4]
[0, 1, 3, 7]
0.43478260869565216 0.44
itercount --------> 11
[3, 6, 7]
[3, 6, 5]
[3, 6, 0]
[3, 6, 1]
[3, 6, 2]
[3, 6, 4]
[3, 6, 7, 5]
[3, 6, 7, 0]
0.44 0.5172413793103449
itercount --------> 12
[0, 1, 3]
[0, 1, 6]
[0, 1, 2]
[0, 1, 4]
[0, 1, 5]
0.5172413793103449 0.5454545454545454
itercount --------> 13
[0, 1, 2]
[0, 1, 3]
[0, 1, 5]
0.5454545454545454 0.6
itercount --------> 14
[0, 1, 2]
[0, 1, 5]
[0, 1, 3]
[0, 1, 6]
[0, 1, 4]
[0, 1, 7]
[0, 1, 2, 5]
[0, 1, 2, 3]
[0, 1, 2, 6]
[0, 1, 2, 4]
[0, 1, 2, 7]
[0, 1, 2, 5, 3]
[0, 1, 2, 5, 6]
[0, 1, 2, 5, 4]
[0, 1, 2, 5, 7]
0.6 0.631578947368421
itercount --------> 15
[0, 1, 2]
[0, 1, 5]
[0, 1, 3]
[0, 1, 7]
[0, 1, 6]
[0, 1, 4]
[0, 1, 2, 5]
0.631578947368421 0.6666666666666666
itercount --------> 16
[0, 1, 7]
[0, 1, 2]
[0, 1, 3]
[0, 1, 4]
[0, 1, 6]
[0, 1, 5]
[0, 1, 7, 2]
[0, 1, 7, 3]
[0, 1, 7, 4]
[0, 1, 7, 6]
[0, 1, 7, 5]
[0, 1, 7, 2, 3]
[0, 1, 7, 2, 4]
[0, 1, 7, 2, 6]
[0, 1, 7, 2, 5]
[0, 1, 7, 2, 3, 4]
[0, 1, 7, 2, 3, 6]
0.6666666666666666 0.6956521739130435
itercount --------> 17
[0, 1, 3]
[0, 1, 6]
[0, 1, 7]
[0, 1, 5]
[0, 1, 2]
[0, 1, 4]
[0, 1, 3, 6]
[0, 1, 3, 7]
[0, 1, 3, 5]
[0, 1, 3, 2]
[0, 1, 3, 4]
[0, 1, 3, 6, 7]
[0, 1, 3, 6, 5]
[0, 1, 3, 6, 2]
[0, 1, 3, 6, 4]
[0, 1, 3, 6, 7, 5]
[0, 1, 3, 6, 7, 2]
[0, 1, 3, 6, 7, 4]
[0, 1, 3, 6, 7, 5, 2]
[0, 1, 3, 6, 7, 5, 4]
[0, 1, 3, 6, 7, 5, 2, 4]
failed -> 29 times
after fail n ======> 8
[0, 1, 2, 3, 4, 6, 7, 5]
0.1 0.11627906976744186
itercount --------> 1
[1, 2, 3]
0.11627906976744186 0.20588235294117646
itercount --------> 2
[1, 0, 3]
0.20588235294117646 0.2608695652173913
itercount --------> 3
[3, 4, 6]
0.2608695652173913 0.2916666666666667
itercount --------> 4
[3, 7, 0]
0.2916666666666667 0.3
itercount --------> 5
[0, 3, 1]
[0, 3, 2]
0.3 0.30434782608695654
itercount --------> 6
[3, 7, 6]
[3, 7, 0]
[3, 7, 1]
[3, 7, 2]
[3, 7, 5]
[3, 7, 4]
[3, 7, 6, 0]
0.30434782608695654 0.3181818181818182
itercount --------> 7
[3, 7, 6]
0.3181818181818182 0.35
itercount --------> 8
[3, 0, 1]
0.35 0.38461538461538464
itercount --------> 9
[7, 6, 5]
[7, 6, 1]
0.38461538461538464 0.4583333333333333
itercount --------> 10
[3, 6, 5]
[3, 6, 7]
[3, 6, 4]
[3, 6, 0]
[3, 6, 1]
[3, 6, 2]
[3, 6, 5, 7]
[3, 6, 5, 4]
0.4583333333333333 0.5384615384615384
itercount --------> 11
[6, 5, 7]
[6, 5, 3]
[6, 5, 0]
0.5384615384615384 0.7142857142857143
itercount --------> 12
[3, 5, 6]
[3, 5, 7]
[3, 5, 0]
[3, 5, 1]
[3, 5, 2]
[3, 5, 4]
[3, 5, 6, 7]
[3, 5, 6, 0]
[3, 5, 6, 1]
[3, 5, 6, 2]
[3, 5, 6, 4]
[3, 5, 6, 7, 0]
[3, 5, 6, 7, 1]
[3, 5, 6, 7, 2]
[3, 5, 6, 7, 4]
[3, 5, 6, 7, 0, 1]
[3, 5, 6, 7, 0, 2]
[3, 5, 6, 7, 0, 4]
[3, 5, 6, 7, 0, 1, 2]
[3, 5, 6, 7, 0, 1, 4]
0.7142857142857143 0.7272727272727273
itercount --------> 13
[3, 4, 5]
[3, 4, 6]
[3, 4, 7]
[3, 4, 0]
[3, 4, 1]
[3, 4, 2]
[3, 4, 5, 6]
[3, 4, 5, 7]
[3, 4, 5, 0]
[3, 4, 5, 1]
[3, 4, 5, 2]
[3, 4, 5, 6, 7]
[3, 4, 5, 6, 0]
[3, 4, 5, 6, 1]
[3, 4, 5, 6, 2]
[3, 4, 5, 6, 7, 0]
[3, 4, 5, 6, 7, 1]
[3, 4, 5, 6, 7, 2]
[3, 4, 5, 6, 7, 0, 1]
[3, 4, 5, 6, 7, 0, 2]
[3, 4, 5, 6, 7, 0, 1, 2]
failed -> 30 times
after fail n ======> 5
[0, 1, 2, 3, 4]
0.1 0.1111111111111111
itercount --------> 1
[0, 2, 3]
0.1111111111111111 0.1724137931034483
itercount --------> 2
[3, 7, 1]
[3, 7, 6]
[3, 7, 4]
[3, 7, 0]
0.1724137931034483 0.17391304347826086
itercount --------> 3
[3, 6, 4]
0.17391304347826086 0.2692307692307692
itercount --------> 4
[3, 1, 6]
[3, 1, 0]
0.2692307692307692 0.36
itercount --------> 5
[3, 6, 7]
[3, 6, 5]
[3, 6, 0]
[3, 6, 1]
[3, 6, 2]
[3, 6, 4]
[3, 6, 7, 5]
[3, 6, 7, 0]
[3, 6, 7, 1]
0.36 0.4583333333333333
itercount --------> 6
[3, 6, 5]
[3, 6, 7]
[3, 6, 4]
[3, 6, 0]
[3, 6, 1]
[3, 6, 2]
[3, 6, 5, 7]
[3, 6, 5, 4]
0.4583333333333333 0.5384615384615384
itercount --------> 7
[6, 5, 7]
[6, 5, 3]
[6, 5, 0]
0.5384615384615384 0.7142857142857143
itercount --------> 8
[3, 5, 6]
[3, 5, 7]
[3, 5, 0]
[3, 5, 1]
[3, 5, 2]
[3, 5, 4]
[3, 5, 6, 7]
[3, 5, 6, 0]
[3, 5, 6, 1]
[3, 5, 6, 2]
[3, 5, 6, 4]
[3, 5, 6, 7, 0]
[3, 5, 6, 7, 1]
[3, 5, 6, 7, 2]
[3, 5, 6, 7, 4]
[3, 5, 6, 7, 0, 1]
[3, 5, 6, 7, 0, 2]
[3, 5, 6, 7, 0, 4]
[3, 5, 6, 7, 0, 1, 2]
[3, 5, 6, 7, 0, 1, 4]
0.7142857142857143 0.7272727272727273
itercount --------> 9
[3, 4, 5]
[3, 4, 6]
[3, 4, 7]
[3, 4, 0]
[3, 4, 1]
[3, 4, 2]
[3, 4, 5, 6]
[3, 4, 5, 7]
[3, 4, 5, 0]
[3, 4, 5, 1]
[3, 4, 5, 2]
[3, 4, 5, 6, 7]
[3, 4, 5, 6, 0]
[3, 4, 5, 6, 1]
[3, 4, 5, 6, 2]
[3, 4, 5, 6, 7, 0]
[3, 4, 5, 6, 7, 1]
[3, 4, 5, 6, 7, 2]
[3, 4, 5, 6, 7, 0, 1]
[3, 4, 5, 6, 7, 0, 2]
[3, 4, 5, 6, 7, 0, 1, 2]
failed -> 31 times
after fail n ======> 6
[0, 1, 2, 3, 4, 6]
0.1 0.1111111111111111
itercount --------> 1
[0, 1, 3]
0.1111111111111111 0.17391304347826086
itercount --------> 2
[3, 6, 4]
0.17391304347826086 0.2222222222222222
itercount --------> 3
[3, 2, 0]
0.2222222222222222 0.24
itercount --------> 4
[3, 0, 1]
0.24 0.24242424242424243
itercount --------> 5
[3, 1, 5]
0.24242424242424243 0.2608695652173913
itercount --------> 6
[3, 1, 5]
0.2608695652173913 0.3181818181818182
itercount --------> 7
[3, 6, 0]
0.3181818181818182 0.43478260869565216
itercount --------> 8
[7, 3, 0]
0.43478260869565216 0.7142857142857143
itercount --------> 9
[3, 5, 6]
[3, 5, 7]
[3, 5, 0]
[3, 5, 1]
[3, 5, 2]
[3, 5, 4]
[3, 5, 6, 7]
[3, 5, 6, 0]
[3, 5, 6, 1]
[3, 5, 6, 2]
[3, 5, 6, 4]
[3, 5, 6, 7, 0]
[3, 5, 6, 7, 1]
[3, 5, 6, 7, 2]
[3, 5, 6, 7, 4]
[3, 5, 6, 7, 0, 1]
[3, 5, 6, 7, 0, 2]
[3, 5, 6, 7, 0, 4]
[3, 5, 6, 7, 0, 1, 2]
[3, 5, 6, 7, 0, 1, 4]
0.7142857142857143 0.7272727272727273
itercount --------> 10
[3, 4, 5]
[3, 4, 6]
[3, 4, 7]
[3, 4, 0]
[3, 4, 1]
[3, 4, 2]
[3, 4, 5, 6]
[3, 4, 5, 7]
[3, 4, 5, 0]
[3, 4, 5, 1]
[3, 4, 5, 2]
[3, 4, 5, 6, 7]
[3, 4, 5, 6, 0]
[3, 4, 5, 6, 1]
[3, 4, 5, 6, 2]
[3, 4, 5, 6, 7, 0]
[3, 4, 5, 6, 7, 1]
[3, 4, 5, 6, 7, 2]
[3, 4, 5, 6, 7, 0, 1]
[3, 4, 5, 6, 7, 0, 2]
[3, 4, 5, 6, 7, 0, 1, 2]
failed -> 32 times
after fail n ======> 7
[0, 1, 2, 3, 4, 6, 7]
0.1 0.11428571428571428
itercount --------> 1
[0, 2, 1]
0.11428571428571428 0.37037037037037035
itercount --------> 2
[1, 3, 4]
[1, 3, 7]
[1, 3, 5]
[1, 3, 6]
[1, 3, 0]
0.37037037037037035 0.4
itercount --------> 3
[3, 0, 1]
0.4 0.43478260869565216
itercount --------> 4
[3, 1, 4]
[3, 1, 5]
[3, 1, 7]
[3, 1, 6]
[3, 1, 0]
0.43478260869565216 0.45454545454545453
itercount --------> 5
[3, 4, 5]
[3, 4, 7]
[3, 4, 0]
[3, 4, 1]
[3, 4, 2]
[3, 4, 6]
[3, 4, 5, 7]
[3, 4, 5, 0]
[3, 4, 5, 1]
[3, 4, 5, 2]
[3, 4, 5, 6]
[3, 4, 5, 7, 0]
[3, 4, 5, 7, 1]
0.45454545454545453 0.47619047619047616
itercount --------> 6
[3, 4, 5]
[3, 4, 6]
0.47619047619047616 0.5384615384615384
itercount --------> 7
[3, 0, 1]
[3, 0, 2]
[3, 0, 6]
[3, 0, 7]
[3, 0, 4]
[3, 0, 5]
[3, 0, 1, 2]
[3, 0, 1, 6]
[3, 0, 1, 7]
0.5384615384615384 0.56
itercount --------> 8
[3, 0, 1]
[3, 0, 2]
[3, 0, 7]
[3, 0, 6]
[3, 0, 4]
[3, 0, 5]
[3, 0, 1, 2]
[3, 0, 1, 7]
[3, 0, 1, 6]
[3, 0, 1, 4]
[3, 0, 1, 5]
[3, 0, 1, 2, 7]
[3, 0, 1, 2, 6]
[3, 0, 1, 2, 4]
[3, 0, 1, 2, 5]
[3, 0, 1, 2, 7, 6]
[3, 0, 1, 2, 7, 4]
[3, 0, 1, 2, 7, 5]
[3, 0, 1, 2, 7, 6, 4]
[3, 0, 1, 2, 7, 6, 5]
[3, 0, 1, 2, 7, 6, 4, 5]
failed -> 33 times
after fail n ======> 8
[0, 1, 2, 3, 4, 6, 7, 5]
0.1 0.10714285714285714
itercount --------> 1
[0, 1, 2]
0.10714285714285714 0.17647058823529413
itercount --------> 2
[1, 6, 0]
0.17647058823529413 0.2413793103448276
itercount --------> 3
[1, 6, 4]
[1, 6, 7]
0.2413793103448276 0.25806451612903225
itercount --------> 4
[1, 6, 3]
[1, 6, 5]
[1, 6, 4]
0.25806451612903225 0.2727272727272727
itercount --------> 5
[4, 5, 1]
[4, 5, 6]
0.2727272727272727 0.3055555555555556
itercount --------> 6
[1, 3, 5]
0.3055555555555556 0.34615384615384615
itercount --------> 7
[1, 3, 6]
[1, 3, 5]
[1, 3, 7]
0.34615384615384615 0.36
itercount --------> 8
[6, 5, 7]
[6, 5, 0]
[6, 5, 1]
[6, 5, 2]
[6, 5, 3]
[6, 5, 4]
[6, 5, 7, 0]
[6, 5, 7, 1]
[6, 5, 7, 2]
[6, 5, 7, 3]
0.36 0.4230769230769231
itercount --------> 9
[3, 6, 5]
0.4230769230769231 0.4444444444444444
itercount --------> 10
[5, 6, 0]
[5, 6, 1]
[5, 6, 2]
[5, 6, 3]
[5, 6, 7]
[5, 6, 4]
[5, 6, 0, 1]
[5, 6, 0, 2]
[5, 6, 0, 3]
0.4444444444444444 0.45454545454545453
itercount --------> 11
[0, 1, 2]
[0, 1, 6]
[0, 1, 3]
[0, 1, 7]
[0, 1, 5]
0.45454545454545453 0.4782608695652174
itercount --------> 12
[3, 6, 5]
[3, 6, 4]
[3, 6, 7]
[3, 6, 0]
[3, 6, 1]
[3, 6, 2]
[3, 6, 5, 4]
[3, 6, 5, 7]
[3, 6, 5, 0]
[3, 6, 5, 1]
[3, 6, 5, 2]
[3, 6, 5, 4, 7]
0.4782608695652174 0.5
itercount --------> 13
[0, 1, 2]
[0, 1, 5]
[0, 1, 6]
[0, 1, 3]
[0, 1, 4]
[0, 1, 7]
[0, 1, 2, 5]
[0, 1, 2, 6]
[0, 1, 2, 3]
[0, 1, 2, 4]
[0, 1, 2, 7]
[0, 1, 2, 5, 6]
[0, 1, 2, 5, 3]
[0, 1, 2, 5, 4]
[0, 1, 2, 5, 7]
[0, 1, 2, 5, 6, 3]
0.5 0.52
itercount --------> 14
[5, 0, 1]
[5, 0, 2]
[5, 0, 3]
[5, 0, 6]
[5, 0, 7]
[5, 0, 4]
[5, 0, 1, 2]
[5, 0, 1, 3]
[5, 0, 1, 6]
[5, 0, 1, 7]
[5, 0, 1, 4]
[5, 0, 1, 2, 3]
[5, 0, 1, 2, 6]
[5, 0, 1, 2, 7]
[5, 0, 1, 2, 4]
[5, 0, 1, 2, 3, 6]
[5, 0, 1, 2, 3, 7]
[5, 0, 1, 2, 3, 4]
0.52 0.5555555555555556
itercount --------> 15
[5, 0, 1]
[5, 0, 2]
[5, 0, 6]
[5, 0, 3]
[5, 0, 7]
[5, 0, 4]
[5, 0, 1, 2]
[5, 0, 1, 6]
[5, 0, 1, 3]
[5, 0, 1, 7]
[5, 0, 1, 4]
[5, 0, 1, 2, 6]
[5, 0, 1, 2, 3]
[5, 0, 1, 2, 7]
[5, 0, 1, 2, 4]
[5, 0, 1, 2, 6, 3]
[5, 0, 1, 2, 6, 7]
[5, 0, 1, 2, 6, 4]
[5, 0, 1, 2, 6, 3, 7]
[5, 0, 1, 2, 6, 3, 4]
[5, 0, 1, 2, 6, 3, 7, 4]
failed -> 34 times
after fail n ======> 5
[0, 1, 2, 3, 4]
0.1 0.1724137931034483
itercount --------> 1
[0, 3, 6]
0.1724137931034483 0.17857142857142858
itercount --------> 2
[0, 3, 6]
0.17857142857142858 0.25
itercount --------> 3
[3, 0, 6]
[3, 0, 4]
[3, 0, 7]
[3, 0, 5]
0.25 0.2608695652173913
itercount --------> 4
[0, 3, 4]
[0, 3, 7]
[0, 3, 6]
[0, 3, 5]
0.2608695652173913 0.30434782608695654
itercount --------> 5
[3, 7, 4]
[3, 7, 6]
[3, 7, 0]
0.30434782608695654 0.3333333333333333
itercount --------> 6
[6, 3, 4]
[6, 3, 0]
[6, 3, 7]
[6, 3, 1]
[6, 3, 2]
[6, 3, 5]
[6, 3, 4, 0]
[6, 3, 4, 7]
[6, 3, 4, 1]
0.3333333333333333 0.36
itercount --------> 7
[3, 6, 0]
[3, 6, 1]
[3, 6, 2]
[3, 6, 5]
[3, 6, 7]
[3, 6, 4]
[3, 6, 0, 1]
0.36 0.42857142857142855
itercount --------> 8
[3, 6, 7]
[3, 6, 5]
[3, 6, 0]
[3, 6, 1]
[3, 6, 2]
[3, 6, 4]
[3, 6, 7, 5]
[3, 6, 7, 0]
[3, 6, 7, 1]
[3, 6, 7, 2]
[3, 6, 7, 4]
[3, 6, 7, 5, 0]
[3, 6, 7, 5, 1]
[3, 6, 7, 5, 2]
[3, 6, 7, 5, 4]
[3, 6, 7, 5, 0, 1]
[3, 6, 7, 5, 0, 2]
[3, 6, 7, 5, 0, 4]
[3, 6, 7, 5, 0, 1, 2]
[3, 6, 7, 5, 0, 1, 4]
[3, 6, 7, 5, 0, 1, 2, 4]
0.42857142857142855 0.7142857142857143
itercount --------> 9
[3, 5, 6]
[3, 5, 7]
[3, 5, 0]
[3, 5, 1]
[3, 5, 2]
[3, 5, 4]
[3, 5, 6, 7]
[3, 5, 6, 0]
[3, 5, 6, 1]
[3, 5, 6, 2]
[3, 5, 6, 4]
[3, 5, 6, 7, 0]
[3, 5, 6, 7, 1]
[3, 5, 6, 7, 2]
[3, 5, 6, 7, 4]
[3, 5, 6, 7, 0, 1]
[3, 5, 6, 7, 0, 2]
[3, 5, 6, 7, 0, 4]
0.7142857142857143 0.7272727272727273
itercount --------> 10
[3, 4, 5]
[3, 4, 6]
[3, 4, 7]
[3, 4, 0]
[3, 4, 1]
[3, 4, 2]
[3, 4, 5, 6]
[3, 4, 5, 7]
[3, 4, 5, 0]
[3, 4, 5, 1]
[3, 4, 5, 2]
[3, 4, 5, 6, 7]
[3, 4, 5, 6, 0]
[3, 4, 5, 6, 1]
[3, 4, 5, 6, 2]
[3, 4, 5, 6, 7, 0]
[3, 4, 5, 6, 7, 1]
[3, 4, 5, 6, 7, 2]
[3, 4, 5, 6, 7, 0, 1]
[3, 4, 5, 6, 7, 0, 2]
[3, 4, 5, 6, 7, 0, 1, 2]
failed -> 35 times
after fail n ======> 6
[0, 1, 2, 3, 4, 6]
0.1 0.1111111111111111
itercount --------> 1
[0, 1, 3]
0.1111111111111111 0.17391304347826086
itercount --------> 2
[3, 6, 4]
0.17391304347826086 0.2222222222222222
itercount --------> 3
[3, 2, 0]
0.2222222222222222 0.37142857142857144
itercount --------> 4
[2, 7, 5]
0.37142857142857144 0.375
itercount --------> 5
[3, 7, 2]
0.375 0.47619047619047616
itercount --------> 6
[7, 3, 6]
0.47619047619047616 0.7142857142857143
itercount --------> 7
[5, 3, 6]
[5, 3, 7]
[5, 3, 0]
[5, 3, 1]
[5, 3, 2]
[5, 3, 4]
[5, 3, 6, 7]
[5, 3, 6, 0]
[5, 3, 6, 1]
[5, 3, 6, 2]
[5, 3, 6, 4]
[5, 3, 6, 7, 0]
[5, 3, 6, 7, 1]
[5, 3, 6, 7, 2]
[5, 3, 6, 7, 4]
[5, 3, 6, 7, 0, 1]
[5, 3, 6, 7, 0, 2]
[5, 3, 6, 7, 0, 4]
[5, 3, 6, 7, 0, 1, 2]
[5, 3, 6, 7, 0, 1, 4]
[5, 3, 6, 7, 0, 1, 2, 4]
failed -> 36 times
after fail n ======> 7
[0, 1, 2, 3, 4, 6, 7]
0.1 0.16666666666666666
itercount --------> 1
[2, 3, 4]
0.16666666666666666 0.1724137931034483
itercount --------> 2
[3, 7, 2]
0.1724137931034483 0.2
itercount --------> 3
[6, 0, 1]
0.2 0.2571428571428571
itercount --------> 4
[0, 1, 2]
0.2571428571428571 0.34615384615384615
itercount --------> 5
[3, 0, 1]
[3, 0, 4]
[3, 0, 6]
[3, 0, 7]
[3, 0, 2]
0.34615384615384615 0.4
itercount --------> 6
[0, 1, 4]
[0, 1, 6]
0.4 0.46153846153846156
itercount --------> 7
[1, 4, 0]
[1, 4, 3]
[1, 4, 6]
0.46153846153846156 0.5517241379310345
itercount --------> 8
[0, 2, 7]
[0, 2, 6]
[0, 2, 5]
0.5517241379310345 0.6666666666666666
itercount --------> 9
[5, 6, 7]
[5, 6, 3]
[5, 6, 0]
0.6666666666666666 0.7142857142857143
itercount --------> 10
[5, 3, 6]
[5, 3, 7]
[5, 3, 0]
[5, 3, 1]
[5, 3, 2]
[5, 3, 4]
[5, 3, 6, 7]
[5, 3, 6, 0]
[5, 3, 6, 1]
[5, 3, 6, 2]
[5, 3, 6, 4]
[5, 3, 6, 7, 0]
[5, 3, 6, 7, 1]
[5, 3, 6, 7, 2]
[5, 3, 6, 7, 4]
[5, 3, 6, 7, 0, 1]
[5, 3, 6, 7, 0, 2]
[5, 3, 6, 7, 0, 4]
[5, 3, 6, 7, 0, 1, 2]
[5, 3, 6, 7, 0, 1, 4]
[5, 3, 6, 7, 0, 1, 2, 4]
failed -> 37 times
after fail n ======> 8
[0, 1, 2, 3, 4, 6, 7, 5]
0.1 0.125
itercount --------> 1
[1, 2, 6]
0.125 0.1724137931034483
itercount --------> 2
[0, 4, 1]
0.1724137931034483 0.23076923076923078
itercount --------> 3
[6, 1, 2]
0.23076923076923078 0.24
itercount --------> 4
[6, 1, 4]
0.24 0.2857142857142857
itercount --------> 5
[0, 1, 4]
0.2857142857142857 0.32142857142857145
itercount --------> 6
[1, 6, 7]
0.32142857142857145 0.3333333333333333
itercount --------> 7
[7, 6, 1]
0.3333333333333333 0.4090909090909091
itercount --------> 8
[5, 6, 7]
[5, 6, 4]
[5, 6, 3]
[5, 6, 0]
[5, 6, 1]
[5, 6, 2]
[5, 6, 7, 4]
[5, 6, 7, 3]
[5, 6, 7, 0]
[5, 6, 7, 1]
[5, 6, 7, 2]
[5, 6, 7, 4, 3]
[5, 6, 7, 4, 0]
[5, 6, 7, 4, 1]
[5, 6, 7, 4, 2]
[5, 6, 7, 4, 3, 0]
0.4090909090909091 0.4166666666666667
itercount --------> 9
[6, 5, 0]
[6, 5, 7]
[6, 5, 4]
0.4166666666666667 0.46153846153846156
itercount --------> 10
[0, 6, 1]
[0, 6, 7]
[0, 6, 2]
[0, 6, 5]
0.46153846153846156 0.5238095238095238
itercount --------> 11
[1, 2, 7]
[1, 2, 0]
0.5238095238095238 0.55
itercount --------> 12
[0, 1, 2]
[0, 1, 7]
[0, 1, 4]
[0, 1, 5]
[0, 1, 3]
[0, 1, 6]
[0, 1, 2, 7]
[0, 1, 2, 4]
[0, 1, 2, 5]
0.55 0.5789473684210527
itercount --------> 13
[0, 1, 2]
[0, 1, 7]
[0, 1, 5]
[0, 1, 3]
[0, 1, 4]
[0, 1, 6]
[0, 1, 2, 7]
[0, 1, 2, 5]
[0, 1, 2, 3]
[0, 1, 2, 4]
[0, 1, 2, 6]
[0, 1, 2, 7, 5]
[0, 1, 2, 7, 3]
[0, 1, 2, 7, 4]
[0, 1, 2, 7, 6]
[0, 1, 2, 7, 5, 3]
[0, 1, 2, 7, 5, 4]
[0, 1, 2, 7, 5, 6]
[0, 1, 2, 7, 5, 3, 4]
[0, 1, 2, 7, 5, 3, 6]
[0, 1, 2, 7, 5, 3, 4, 6]
failed -> 38 times
after fail n ======> 5
[0, 1, 2, 3, 4]
0.1 0.16666666666666666
itercount --------> 1
[2, 3, 4]
[2, 3, 0]
0.16666666666666666 0.1724137931034483
itercount --------> 2
[3, 7, 2]
[3, 7, 6]
[3, 7, 4]
[3, 7, 0]
[3, 7, 1]
0.1724137931034483 0.2222222222222222
itercount --------> 3
[2, 6, 4]
0.2222222222222222 0.2631578947368421
itercount --------> 4
[2, 6, 3]
0.2631578947368421 0.26666666666666666
itercount --------> 5
[2, 0, 1]
[2, 0, 7]
0.26666666666666666 0.2702702702702703
itercount --------> 6
[0, 1, 2]
0.2702702702702703 0.3448275862068966
itercount --------> 7
[0, 1, 2]
[0, 1, 7]
0.3448275862068966 0.5161290322580645
itercount --------> 8
[0, 1, 2]
[0, 1, 7]
[0, 1, 6]
0.5161290322580645 0.5517241379310345
itercount --------> 9
[0, 7, 6]
[0, 7, 5]
[0, 7, 1]
[0, 7, 2]
[0, 7, 3]
[0, 7, 4]
[0, 7, 6, 5]
0.5517241379310345 0.7142857142857143
itercount --------> 10
[5, 3, 6]
[5, 3, 7]
[5, 3, 0]
[5, 3, 1]
[5, 3, 2]
[5, 3, 4]
[5, 3, 6, 7]
[5, 3, 6, 0]
[5, 3, 6, 1]
[5, 3, 6, 2]
[5, 3, 6, 4]
[5, 3, 6, 7, 0]
[5, 3, 6, 7, 1]
[5, 3, 6, 7, 2]
[5, 3, 6, 7, 4]
[5, 3, 6, 7, 0, 1]
[5, 3, 6, 7, 0, 2]
[5, 3, 6, 7, 0, 4]
[5, 3, 6, 7, 0, 1, 2]
[5, 3, 6, 7, 0, 1, 4]
[5, 3, 6, 7, 0, 1, 2, 4]
failed -> 39 times
after fail n ======> 6
[0, 1, 2, 3, 4, 6]
0.1 0.11428571428571428
itercount --------> 1
[1, 2, 0]
[1, 2, 3]
[1, 2, 5]
0.11428571428571428 0.14814814814814814
itercount --------> 2
[0, 3, 1]
0.14814814814814814 0.21739130434782608
itercount --------> 3
[3, 0, 6]
[3, 0, 4]
[3, 0, 7]
[3, 0, 5]
0.21739130434782608 0.2857142857142857
itercount --------> 4
[3, 0, 2]
[3, 0, 4]
[3, 0, 6]
[3, 0, 7]
[3, 0, 5]
[3, 0, 1]
[3, 0, 2, 4]
0.2857142857142857 0.35
itercount --------> 5
[0, 3, 4]
[0, 3, 7]
[0, 3, 6]
[0, 3, 1]
0.35 0.3684210526315789
itercount --------> 6
[3, 0, 1]
[3, 0, 2]
[3, 0, 5]
[3, 0, 7]
[3, 0, 4]
[3, 0, 6]
[3, 0, 1, 2]
[3, 0, 1, 5]
[3, 0, 1, 7]
[3, 0, 1, 4]
[3, 0, 1, 6]
[3, 0, 1, 2, 5]
[3, 0, 1, 2, 7]
[3, 0, 1, 2, 4]
[3, 0, 1, 2, 6]
0.3684210526315789 0.38095238095238093
itercount --------> 7
[3, 7, 4]
0.38095238095238093 0.4090909090909091
itercount --------> 8
[4, 3, 7]
[4, 3, 0]
[4, 3, 2]
[4, 3, 6]
[4, 3, 5]
[4, 3, 1]
[4, 3, 7, 0]
[4, 3, 7, 2]
0.4090909090909091 0.47619047619047616
itercount --------> 9
[3, 4, 7]
[3, 4, 6]
[3, 4, 0]
[3, 4, 2]
[3, 4, 5]
[3, 4, 1]
[3, 4, 7, 6]
[3, 4, 7, 0]
[3, 4, 7, 2]
[3, 4, 7, 5]
[3, 4, 7, 1]
[3, 4, 7, 6, 0]
0.47619047619047616 0.5
itercount --------> 10
[3, 6, 7]
[3, 6, 5]
[3, 6, 0]
[3, 6, 1]
[3, 6, 2]
[3, 6, 4]
[3, 6, 7, 5]
[3, 6, 7, 0]
[3, 6, 7, 1]
[3, 6, 7, 2]
[3, 6, 7, 4]
[3, 6, 7, 5, 0]
[3, 6, 7, 5, 1]
[3, 6, 7, 5, 2]
[3, 6, 7, 5, 4]
[3, 6, 7, 5, 0, 1]
0.5 0.5238095238095238
itercount --------> 11
[3, 7, 6]
[3, 7, 5]
[3, 7, 4]
[3, 7, 0]
[3, 7, 1]
[3, 7, 2]
[3, 7, 6, 5]
[3, 7, 6, 4]
[3, 7, 6, 0]
[3, 7, 6, 1]
[3, 7, 6, 2]
[3, 7, 6, 5, 4]
[3, 7, 6, 5, 0]
[3, 7, 6, 5, 1]
[3, 7, 6, 5, 2]
[3, 7, 6, 5, 4, 0]
0.5238095238095238 0.5714285714285714
itercount --------> 12
[0, 1, 2]
[0, 1, 3]
[0, 1, 4]
[0, 1, 7]
[0, 1, 5]
[0, 1, 6]
[0, 1, 2, 3]
[0, 1, 2, 4]
[0, 1, 2, 7]
[0, 1, 2, 5]
[0, 1, 2, 6]
[0, 1, 2, 3, 4]
0.5714285714285714 0.6521739130434783
itercount --------> 13
[3, 5, 0]
[3, 5, 1]
[3, 5, 2]
[3, 5, 4]
[3, 5, 7]
[3, 5, 6]
[3, 5, 0, 1]
[3, 5, 0, 2]
[3, 5, 0, 4]
[3, 5, 0, 7]
[3, 5, 0, 6]
[3, 5, 0, 1, 2]
[3, 5, 0, 1, 4]
[3, 5, 0, 1, 7]
[3, 5, 0, 1, 6]
[3, 5, 0, 1, 2, 4]
[3, 5, 0, 1, 2, 7]
[3, 5, 0, 1, 2, 6]
[3, 5, 0, 1, 2, 4, 7]
[3, 5, 0, 1, 2, 4, 6]
[3, 5, 0, 1, 2, 4, 7, 6]
failed -> 40 times
after fail n ======> 7
[0, 1, 2, 3, 4, 6, 7]
0.1 0.11428571428571428
itercount --------> 1
[1, 2, 0]
[1, 2, 3]
[1, 2, 5]
0.11428571428571428 0.14814814814814814
itercount --------> 2
[0, 3, 1]
[0, 3, 2]
[0, 3, 6]
0.14814814814814814 0.15384615384615385
itercount --------> 3
[0, 3, 4]
[0, 3, 6]
0.15384615384615385 0.21739130434782608
itercount --------> 4
[3, 0, 4]
[3, 0, 6]
[3, 0, 7]
0.21739130434782608 0.2608695652173913
itercount --------> 5
[3, 4, 6]
[3, 4, 0]
[3, 4, 1]
[3, 4, 2]
[3, 4, 7]
[3, 4, 5]
[3, 4, 6, 0]
0.2608695652173913 0.32
itercount --------> 6
[3, 6, 1]
[3, 6, 2]
[3, 6, 5]
0.32 0.3333333333333333
itercount --------> 7
[5, 6, 1]
[5, 6, 2]
[5, 6, 3]
[5, 6, 4]
0.3333333333333333 0.34615384615384615
itercount --------> 8
[6, 5, 4]
0.34615384615384615 0.5555555555555556
itercount --------> 9
[1, 2, 0]
0.5555555555555556 0.7142857142857143
itercount --------> 10
[3, 5, 6]
[3, 5, 7]
[3, 5, 0]
[3, 5, 1]
[3, 5, 2]
[3, 5, 4]
[3, 5, 6, 7]
[3, 5, 6, 0]
[3, 5, 6, 1]
[3, 5, 6, 2]
[3, 5, 6, 4]
[3, 5, 6, 7, 0]
[3, 5, 6, 7, 1]
[3, 5, 6, 7, 2]
[3, 5, 6, 7, 4]
[3, 5, 6, 7, 0, 1]
[3, 5, 6, 7, 0, 2]
[3, 5, 6, 7, 0, 4]
[3, 5, 6, 7, 0, 1, 2]
[3, 5, 6, 7, 0, 1, 4]
0.7142857142857143 0.7272727272727273
itercount --------> 11
[3, 4, 5]
[3, 4, 6]
[3, 4, 7]
[3, 4, 0]
[3, 4, 1]
[3, 4, 2]
[3, 4, 5, 6]
[3, 4, 5, 7]
[3, 4, 5, 0]
[3, 4, 5, 1]
[3, 4, 5, 2]
[3, 4, 5, 6, 7]
[3, 4, 5, 6, 0]
[3, 4, 5, 6, 1]
[3, 4, 5, 6, 2]
[3, 4, 5, 6, 7, 0]
[3, 4, 5, 6, 7, 1]
[3, 4, 5, 6, 7, 2]
[3, 4, 5, 6, 7, 0, 1]
[3, 4, 5, 6, 7, 0, 2]
[3, 4, 5, 6, 7, 0, 1, 2]
failed -> 41 times
after fail n ======> 8
[0, 1, 2, 3, 4, 6, 7, 5]
0.1 0.10344827586206896
itercount --------> 1
[1, 0, 2]
0.10344827586206896 0.13636363636363635
itercount --------> 2
[0, 1, 2]
[0, 1, 3]
0.13636363636363635 0.15
itercount --------> 3
[6, 3, 7]
0.15 0.15789473684210525
itercount --------> 4
[0, 1, 2]
[0, 1, 5]
[0, 1, 7]
[0, 1, 3]
0.15789473684210525 0.19047619047619047
itercount --------> 5
[1, 3, 6]
[1, 3, 4]
0.19047619047619047 0.22727272727272727
itercount --------> 6
[1, 4, 6]
[1, 4, 3]
[1, 4, 7]
0.22727272727272727 0.23076923076923078
itercount --------> 7
[6, 1, 5]
0.23076923076923078 0.23333333333333334
itercount --------> 8
[1, 6, 3]
[1, 6, 5]
[1, 6, 4]
0.23333333333333334 0.2608695652173913
itercount --------> 9
[5, 6, 1]
0.2608695652173913 0.26666666666666666
itercount --------> 10
[1, 6, 5]
[1, 6, 7]
0.26666666666666666 0.30434782608695654
itercount --------> 11
[5, 6, 7]
[5, 6, 4]
0.30434782608695654 0.375
itercount --------> 12
[5, 6, 7]
[5, 6, 1]
0.375 0.391304347826087
itercount --------> 13
[5, 4, 7]
[5, 4, 6]
[5, 4, 3]
[5, 4, 1]
[5, 4, 0]
[5, 4, 2]
[5, 4, 7, 6]
[5, 4, 7, 3]
0.391304347826087 0.5238095238095238
itercount --------> 14
[5, 6, 7]
[5, 6, 4]
[5, 6, 1]
0.5238095238095238 0.5789473684210527
itercount --------> 15
[0, 1, 2]
[0, 1, 5]
[0, 1, 7]
[0, 1, 4]
[0, 1, 3]
[0, 1, 6]
[0, 1, 2, 5]
[0, 1, 2, 7]
[0, 1, 2, 4]
[0, 1, 2, 3]
[0, 1, 2, 6]
[0, 1, 2, 5, 7]
[0, 1, 2, 5, 4]
[0, 1, 2, 5, 3]
[0, 1, 2, 5, 6]
[0, 1, 2, 5, 7, 4]
[0, 1, 2, 5, 7, 3]
[0, 1, 2, 5, 7, 6]
[0, 1, 2, 5, 7, 4, 3]
0.5789473684210527 0.6
itercount --------> 16
[5, 7, 3]
[5, 7, 6]
[5, 7, 4]
[5, 7, 0]
[5, 7, 1]
[5, 7, 2]
[5, 7, 3, 6]
[5, 7, 3, 4]
[5, 7, 3, 0]
[5, 7, 3, 1]
[5, 7, 3, 2]
[5, 7, 3, 6, 4]
[5, 7, 3, 6, 0]
[5, 7, 3, 6, 1]
[5, 7, 3, 6, 2]
[5, 7, 3, 6, 4, 0]
[5, 7, 3, 6, 4, 1]
[5, 7, 3, 6, 4, 2]
[5, 7, 3, 6, 4, 0, 1]
[5, 7, 3, 6, 4, 0, 2]
[5, 7, 3, 6, 4, 0, 1, 2]
0.6 0.631578947368421
itercount --------> 17
[0, 1, 2]
[0, 1, 5]
[0, 1, 7]
[0, 1, 4]
[0, 1, 3]
[0, 1, 6]
[0, 1, 2, 5]
[0, 1, 2, 7]
[0, 1, 2, 4]
[0, 1, 2, 3]
[0, 1, 2, 6]
[0, 1, 2, 5, 7]
[0, 1, 2, 5, 4]
[0, 1, 2, 5, 3]
[0, 1, 2, 5, 6]
[0, 1, 2, 5, 7, 4]
[0, 1, 2, 5, 7, 3]
[0, 1, 2, 5, 7, 6]
[0, 1, 2, 5, 7, 4, 3]
[0, 1, 2, 5, 7, 4, 6]
[0, 1, 2, 5, 7, 4, 3, 6]
failed -> 42 times
after fail n ======> 5
[0, 1, 2, 3, 4]
0.1 0.16666666666666666
itercount --------> 1
[0, 3, 4]
[0, 3, 1]
0.16666666666666666 0.21428571428571427
itercount --------> 2
[0, 3, 4]
0.21428571428571427 0.25
itercount --------> 3
[0, 1, 2]
[0, 1, 3]
[0, 1, 4]
0.25 0.25806451612903225
itercount --------> 4
[6, 1, 4]
0.25806451612903225 0.3448275862068966
itercount --------> 5
[1, 0, 2]
[1, 0, 4]
[1, 0, 3]
[1, 0, 7]
[1, 0, 5]
[1, 0, 6]
0.3448275862068966 0.37037037037037035
itercount --------> 6
[0, 3, 4]
[0, 3, 7]
[0, 3, 5]
[0, 3, 6]
[0, 3, 1]
[0, 3, 2]
0.37037037037037035 0.4
itercount --------> 7
[3, 0, 1]
0.4 0.45454545454545453
itercount --------> 8
[3, 4, 5]
[3, 4, 7]
[3, 4, 0]
[3, 4, 1]
[3, 4, 2]
[3, 4, 6]
[3, 4, 5, 7]
[3, 4, 5, 0]
[3, 4, 5, 1]
[3, 4, 5, 2]
[3, 4, 5, 6]
[3, 4, 5, 7, 0]
[3, 4, 5, 7, 1]
[3, 4, 5, 7, 2]
[3, 4, 5, 7, 6]
[3, 4, 5, 7, 0, 1]
[3, 4, 5, 7, 0, 2]
[3, 4, 5, 7, 0, 6]
0.45454545454545453 0.4642857142857143
itercount --------> 9
[5, 6, 7]
[5, 6, 3]
[5, 6, 0]
[5, 6, 1]
[5, 6, 2]
[5, 6, 4]
[5, 6, 7, 3]
0.4642857142857143 0.5714285714285714
itercount --------> 10
[0, 1, 2]
[0, 1, 5]
0.5714285714285714 0.6363636363636364
itercount --------> 11
[5, 0, 1]
[5, 0, 2]
0.6363636363636364 0.7272727272727273
itercount --------> 12
[3, 5, 6]
[3, 5, 7]
[3, 5, 0]
[3, 5, 1]
[3, 5, 2]
[3, 5, 4]
[3, 5, 6, 7]
[3, 5, 6, 0]
[3, 5, 6, 1]
[3, 5, 6, 2]
[3, 5, 6, 4]
[3, 5, 6, 7, 0]
[3, 5, 6, 7, 1]
[3, 5, 6, 7, 2]
[3, 5, 6, 7, 4]
[3, 5, 6, 7, 0, 1]
[3, 5, 6, 7, 0, 2]
[3, 5, 6, 7, 0, 4]
[3, 5, 6, 7, 0, 1, 2]
[3, 5, 6, 7, 0, 1, 4]
[3, 5, 6, 7, 0, 1, 2, 4]
failed -> 43 times
after fail n ======> 6
[0, 1, 2, 3, 4, 6]
0.1 0.10344827586206896
itercount --------> 1
[1, 0, 2]
[1, 0, 3]
0.10344827586206896 0.125
itercount --------> 2
[3, 6, 4]
0.125 0.17857142857142858
itercount --------> 3
[4, 3, 0]
[4, 3, 1]
0.17857142857142858 0.24242424242424243
itercount --------> 4
[3, 1, 0]
[3, 1, 2]
[3, 1, 6]
[3, 1, 7]
[3, 1, 5]
[3, 1, 4]
[3, 1, 0, 2]
0.24242424242424243 0.25925925925925924
itercount --------> 5
[3, 1, 6]
[3, 1, 7]
[3, 1, 5]
0.25925925925925924 0.32
itercount --------> 6
[3, 1, 6]
[3, 1, 7]
[3, 1, 5]
[3, 1, 0]
0.32 0.36363636363636365
itercount --------> 7
[3, 1, 6]
0.36363636363636365 0.375
itercount --------> 8
[3, 1, 7]
[3, 1, 4]
[3, 1, 5]
[3, 1, 6]
[3, 1, 0]
[3, 1, 2]
0.375 0.42857142857142855
itercount --------> 9
[3, 7, 6]
[3, 7, 5]
0.42857142857142855 0.47368421052631576
itercount --------> 10
[0, 1, 2]
[0, 1, 5]
[0, 1, 3]
[0, 1, 4]
[0, 1, 7]
[0, 1, 6]
[0, 1, 2, 5]
[0, 1, 2, 3]
[0, 1, 2, 4]
[0, 1, 2, 7]
[0, 1, 2, 6]
[0, 1, 2, 5, 3]
[0, 1, 2, 5, 4]
[0, 1, 2, 5, 7]
[0, 1, 2, 5, 6]
[0, 1, 2, 5, 3, 4]
0.47368421052631576 0.5
itercount --------> 11
[0, 1, 2]
[0, 1, 3]
[0, 1, 4]
[0, 1, 5]
[0, 1, 6]
[0, 1, 7]
[0, 1, 2, 3]
[0, 1, 2, 4]
[0, 1, 2, 5]
[0, 1, 2, 6]
0.5 0.55
itercount --------> 12
[0, 3, 4]
0.55 0.5652173913043478
itercount --------> 13
[3, 0, 5]
0.5652173913043478 0.5714285714285714
itercount --------> 14
[0, 1, 2]
[0, 1, 5]
[0, 1, 3]
[0, 1, 7]
[0, 1, 4]
0.5714285714285714 0.6
itercount --------> 15
[0, 1, 2]
[0, 1, 5]
[0, 1, 7]
[0, 1, 3]
[0, 1, 4]
[0, 1, 6]
[0, 1, 2, 5]
[0, 1, 2, 7]
[0, 1, 2, 3]
[0, 1, 2, 4]
[0, 1, 2, 6]
[0, 1, 2, 5, 7]
0.6 0.6190476190476191
itercount --------> 16
[3, 5, 7]
[3, 5, 0]
[3, 5, 1]
[3, 5, 2]
[3, 5, 4]
[3, 5, 6]
[3, 5, 7, 0]
[3, 5, 7, 1]
0.6190476190476191 0.6363636363636364
itercount --------> 17
[5, 7, 0]
0.6363636363636364 0.68
itercount --------> 18
[0, 3, 7]
[0, 3, 1]
[0, 3, 2]
[0, 3, 6]
[0, 3, 5]
[0, 3, 4]
[0, 3, 7, 1]
[0, 3, 7, 2]
[0, 3, 7, 6]
[0, 3, 7, 5]
[0, 3, 7, 4]
[0, 3, 7, 1, 2]
[0, 3, 7, 1, 6]
[0, 3, 7, 1, 5]
0.68 0.7391304347826086
itercount --------> 19
[0, 1, 2]
[0, 1, 3]
[0, 1, 7]
[0, 1, 5]
[0, 1, 4]
[0, 1, 6]
[0, 1, 2, 3]
[0, 1, 2, 7]
[0, 1, 2, 5]
[0, 1, 2, 4]
[0, 1, 2, 6]
[0, 1, 2, 3, 7]
[0, 1, 2, 3, 5]
[0, 1, 2, 3, 4]
[0, 1, 2, 3, 6]
[0, 1, 2, 3, 7, 5]
[0, 1, 2, 3, 7, 4]
[0, 1, 2, 3, 7, 6]
[0, 1, 2, 3, 7, 5, 4]
[0, 1, 2, 3, 7, 5, 6]
[0, 1, 2, 3, 7, 5, 4, 6]
failed -> 44 times
after fail n ======> 7
[0, 1, 2, 3, 4, 6, 7]
0.1 0.11428571428571428
itercount --------> 1
[1, 2, 0]
0.11428571428571428 0.3448275862068966
itercount --------> 2
[0, 1, 2]
0.3448275862068966 0.4
itercount --------> 3
[3, 0, 1]
[3, 0, 2]
0.4 0.43478260869565216
itercount --------> 4
[3, 0, 4]
[3, 0, 5]
[3, 0, 7]
0.43478260869565216 0.45454545454545453
itercount --------> 5
[3, 0, 4]
[3, 0, 6]
[3, 0, 5]
[3, 0, 7]
[3, 0, 1]
[3, 0, 2]
[3, 0, 4, 6]
0.45454545454545453 0.5
itercount --------> 6
[0, 3, 6]
0.5 0.5384615384615384
itercount --------> 7
[3, 0, 6]
[3, 0, 7]
[3, 0, 1]
[3, 0, 2]
[3, 0, 4]
[3, 0, 5]
[3, 0, 6, 7]
[3, 0, 6, 1]
[3, 0, 6, 2]
0.5384615384615384 0.56
itercount --------> 8
[3, 0, 1]
[3, 0, 2]
[3, 0, 7]
[3, 0, 6]
[3, 0, 4]
[3, 0, 5]
[3, 0, 1, 2]
[3, 0, 1, 7]
[3, 0, 1, 6]
[3, 0, 1, 4]
[3, 0, 1, 5]
[3, 0, 1, 2, 7]
[3, 0, 1, 2, 6]
[3, 0, 1, 2, 4]
[3, 0, 1, 2, 5]
[3, 0, 1, 2, 7, 6]
[3, 0, 1, 2, 7, 4]
[3, 0, 1, 2, 7, 5]
[3, 0, 1, 2, 7, 6, 4]
[3, 0, 1, 2, 7, 6, 5]
[3, 0, 1, 2, 7, 6, 4, 5]
failed -> 45 times
after fail n ======> 8
[0, 1, 2, 3, 4, 6, 7, 5]
0.1 0.10526315789473684
itercount --------> 1
[0, 1, 3]
0.10526315789473684 0.12903225806451613
itercount --------> 2
[1, 2, 4]
0.12903225806451613 0.16666666666666666
itercount --------> 3
[1, 0, 3]
[1, 0, 4]
0.16666666666666666 0.2
itercount --------> 4
[0, 1, 4]
[0, 1, 3]
0.2 0.21739130434782608
itercount --------> 5
[3, 6, 7]
[3, 6, 0]
[3, 6, 1]
[3, 6, 4]
0.21739130434782608 0.23076923076923078
itercount --------> 6
[0, 3, 7]
0.23076923076923078 0.26666666666666666
itercount --------> 7
[0, 1, 3]
[0, 1, 7]
0.26666666666666666 0.2692307692307692
itercount --------> 8
[0, 4, 1]
0.2692307692307692 0.28
itercount --------> 9
[1, 0, 3]
[1, 0, 7]
0.28 0.2916666666666667
itercount --------> 10
[1, 0, 3]
[1, 0, 4]
0.2916666666666667 0.38095238095238093
itercount --------> 11
[1, 3, 4]
0.38095238095238093 0.5
itercount --------> 12
[1, 0, 2]
[1, 0, 7]
[1, 0, 3]
[1, 0, 4]
[1, 0, 5]
0.5 0.5789473684210527
itercount --------> 13
[5, 0, 1]
[5, 0, 2]
[5, 0, 7]
[5, 0, 3]
[5, 0, 4]
[5, 0, 6]
[5, 0, 1, 2]
0.5789473684210527 0.631578947368421
itercount --------> 14
[0, 1, 2]
[0, 1, 7]
[0, 1, 3]
[0, 1, 5]
[0, 1, 4]
[0, 1, 6]
[0, 1, 2, 7]
[0, 1, 2, 3]
[0, 1, 2, 5]
[0, 1, 2, 4]
[0, 1, 2, 6]
[0, 1, 2, 7, 3]
0.631578947368421 0.7142857142857143
itercount --------> 15
[5, 3, 6]
[5, 3, 7]
[5, 3, 0]
[5, 3, 1]
[5, 3, 2]
[5, 3, 4]
[5, 3, 6, 7]
[5, 3, 6, 0]
[5, 3, 6, 1]
[5, 3, 6, 2]
[5, 3, 6, 4]
[5, 3, 6, 7, 0]
[5, 3, 6, 7, 1]
[5, 3, 6, 7, 2]
[5, 3, 6, 7, 4]
[5, 3, 6, 7, 0, 1]
[5, 3, 6, 7, 0, 2]
[5, 3, 6, 7, 0, 4]
[5, 3, 6, 7, 0, 1, 2]
[5, 3, 6, 7, 0, 1, 4]
[5, 3, 6, 7, 0, 1, 2, 4]
failed -> 46 times
after fail n ======> 5
[0, 1, 2, 3, 4]
0.1 0.1111111111111111
itercount --------> 1
[0, 1, 3]
[0, 1, 6]
[0, 1, 4]
[0, 1, 7]
0.1111111111111111 0.16
itercount --------> 2
[2, 6, 4]
0.16 0.20689655172413793
itercount --------> 3
[2, 0, 1]
0.20689655172413793 0.3
itercount --------> 4
[0, 1, 2]
[0, 1, 3]
[0, 1, 7]
0.3 0.36
itercount --------> 5
[3, 6, 7]
[3, 6, 5]
[3, 6, 0]
[3, 6, 1]
[3, 6, 2]
[3, 6, 4]
[3, 6, 7, 5]
[3, 6, 7, 0]
0.36 0.4583333333333333
itercount --------> 6
[3, 6, 5]
[3, 6, 7]
[3, 6, 4]
[3, 6, 0]
[3, 6, 1]
[3, 6, 2]
[3, 6, 5, 7]
[3, 6, 5, 4]
0.4583333333333333 0.5384615384615384
itercount --------> 7
[6, 5, 7]
[6, 5, 3]
[6, 5, 0]
[6, 5, 1]
0.5384615384615384 0.7142857142857143
itercount --------> 8
[3, 5, 6]
[3, 5, 7]
[3, 5, 0]
[3, 5, 1]
[3, 5, 2]
[3, 5, 4]
[3, 5, 6, 7]
[3, 5, 6, 0]
[3, 5, 6, 1]
[3, 5, 6, 2]
[3, 5, 6, 4]
[3, 5, 6, 7, 0]
[3, 5, 6, 7, 1]
[3, 5, 6, 7, 2]
[3, 5, 6, 7, 4]
[3, 5, 6, 7, 0, 1]
[3, 5, 6, 7, 0, 2]
[3, 5, 6, 7, 0, 4]
[3, 5, 6, 7, 0, 1, 2]
[3, 5, 6, 7, 0, 1, 4]
[3, 5, 6, 7, 0, 1, 2, 4]
0.7142857142857143 0.7272727272727273
itercount --------> 9
[3, 4, 5]
[3, 4, 6]
[3, 4, 7]
[3, 4, 0]
[3, 4, 1]
[3, 4, 2]
[3, 4, 5, 6]
[3, 4, 5, 7]
[3, 4, 5, 0]
[3, 4, 5, 1]
[3, 4, 5, 2]
[3, 4, 5, 6, 7]
[3, 4, 5, 6, 0]
[3, 4, 5, 6, 1]
[3, 4, 5, 6, 2]
[3, 4, 5, 6, 7, 0]
[3, 4, 5, 6, 7, 1]
[3, 4, 5, 6, 7, 2]
[3, 4, 5, 6, 7, 0, 1]
[3, 4, 5, 6, 7, 0, 2]
[3, 4, 5, 6, 7, 0, 1, 2]
failed -> 47 times
after fail n ======> 6
[0, 1, 2, 3, 4, 6]
0.1 0.11428571428571428
itercount --------> 1
[1, 2, 0]
0.11428571428571428 0.3448275862068966
itercount --------> 2
[0, 1, 2]
[0, 1, 4]
0.3448275862068966 0.37037037037037035
itercount --------> 3
[0, 3, 4]
[0, 3, 7]
[0, 3, 5]
[0, 3, 6]
[0, 3, 2]
[0, 3, 1]
[0, 3, 4, 7]
0.37037037037037035 0.43478260869565216
itercount --------> 4
[0, 4, 6]
0.43478260869565216 0.4444444444444444
itercount --------> 5
[0, 1, 2]
0.4444444444444444 0.5
itercount --------> 6
[0, 4, 1]
[0, 4, 2]
[0, 4, 6]
[0, 4, 3]
[0, 4, 7]
[0, 4, 5]
[0, 4, 1, 2]
[0, 4, 1, 6]
0.5 0.5217391304347826
itercount --------> 7
[0, 1, 2]
[0, 1, 3]
[0, 1, 4]
[0, 1, 6]
[0, 1, 5]
[0, 1, 7]
[0, 1, 2, 3]
[0, 1, 2, 4]
[0, 1, 2, 6]
[0, 1, 2, 5]
[0, 1, 2, 7]
[0, 1, 2, 3, 4]
[0, 1, 2, 3, 6]
0.5217391304347826 0.56
itercount --------> 8
[3, 0, 1]
[3, 0, 2]
[3, 0, 7]
[3, 0, 6]
[3, 0, 4]
[3, 0, 5]
[3, 0, 1, 2]
[3, 0, 1, 7]
[3, 0, 1, 6]
[3, 0, 1, 4]
[3, 0, 1, 5]
[3, 0, 1, 2, 7]
[3, 0, 1, 2, 6]
[3, 0, 1, 2, 4]
[3, 0, 1, 2, 5]
[3, 0, 1, 2, 7, 6]
[3, 0, 1, 2, 7, 4]
[3, 0, 1, 2, 7, 5]
[3, 0, 1, 2, 7, 6, 4]
[3, 0, 1, 2, 7, 6, 5]
[3, 0, 1, 2, 7, 6, 4, 5]
failed -> 48 times
after fail n ======> 7
[0, 1, 2, 3, 4, 6, 7]
0.1 0.11428571428571428
itercount --------> 1
[0, 1, 2]
0.11428571428571428 0.37037037037037035
itercount --------> 2
[2, 3, 4]
[2, 3, 7]
0.37037037037037035 0.43478260869565216
itercount --------> 3
[2, 4, 6]
[2, 4, 3]
[2, 4, 5]
[2, 4, 0]
[2, 4, 1]
0.43478260869565216 0.45454545454545453
itercount --------> 4
[3, 4, 5]
[3, 4, 6]
[3, 4, 0]
[3, 4, 1]
[3, 4, 2]
[3, 4, 7]
[3, 4, 5, 6]
0.45454545454545453 0.48148148148148145
itercount --------> 5
[0, 1, 2]
[0, 1, 4]
[0, 1, 6]
[0, 1, 3]
[0, 1, 7]
[0, 1, 5]
[0, 1, 2, 4]
0.48148148148148145 0.5
itercount --------> 6
[4, 0, 1]
[4, 0, 2]
[4, 0, 6]
[4, 0, 3]
[4, 0, 7]
[4, 0, 5]
[4, 0, 1, 2]
[4, 0, 1, 6]
0.5 0.5555555555555556
itercount --------> 7
[3, 6, 7]
[3, 6, 5]
[3, 6, 4]
[3, 6, 0]
[3, 6, 1]
[3, 6, 2]
[3, 6, 7, 5]
[3, 6, 7, 4]
[3, 6, 7, 0]
[3, 6, 7, 1]
[3, 6, 7, 2]
[3, 6, 7, 5, 4]
[3, 6, 7, 5, 0]
[3, 6, 7, 5, 1]
[3, 6, 7, 5, 2]
[3, 6, 7, 5, 4, 0]
[3, 6, 7, 5, 4, 1]
[3, 6, 7, 5, 4, 2]
[3, 6, 7, 5, 4, 0, 1]
[3, 6, 7, 5, 4, 0, 2]
[3, 6, 7, 5, 4, 0, 1, 2]
failed -> 49 times
after fail n ======> 8
[0, 1, 2, 3, 4, 6, 7, 5]
0.1 0.10526315789473684
itercount --------> 1
[0, 1, 3]
0.10526315789473684 0.15384615384615385
itercount --------> 2
[2, 3, 4]
0.15384615384615385 0.16129032258064516
itercount --------> 3
[3, 7, 6]
[3, 7, 2]
0.16129032258064516 0.18518518518518517
itercount --------> 4
[2, 0, 1]
0.18518518518518517 0.25
itercount --------> 5
[0, 1, 2]
[0, 1, 6]
[0, 1, 7]
[0, 1, 3]
[0, 1, 4]
[0, 1, 5]
0.25 0.2631578947368421
itercount --------> 6
[0, 1, 2]
[0, 1, 5]
[0, 1, 7]
[0, 1, 4]
[0, 1, 3]
[0, 1, 6]
[0, 1, 2, 5]
0.2631578947368421 0.2857142857142857
itercount --------> 7
[6, 4, 5]
[6, 4, 7]
0.2857142857142857 0.391304347826087
itercount --------> 8
[7, 6, 5]
[7, 6, 4]
[7, 6, 3]
0.391304347826087 0.4
itercount --------> 9
[6, 4, 3]
0.4 0.46153846153846156
itercount --------> 10
[6, 7, 0]
[6, 7, 1]
[6, 7, 2]
[6, 7, 3]
[6, 7, 4]
0.46153846153846156 0.4782608695652174
itercount --------> 11
[3, 6, 4]
[3, 6, 7]
[3, 6, 5]
0.4782608695652174 0.4827586206896552
itercount --------> 12
[6, 3, 5]
[6, 3, 0]
[6, 3, 1]
[6, 3, 2]
[6, 3, 7]
[6, 3, 4]
[6, 3, 5, 0]
[6, 3, 5, 1]
[6, 3, 5, 2]
[6, 3, 5, 7]
[6, 3, 5, 4]
[6, 3, 5, 0, 1]
[6, 3, 5, 0, 2]
[6, 3, 5, 0, 7]
[6, 3, 5, 0, 4]
[6, 3, 5, 0, 1, 2]
[6, 3, 5, 0, 1, 7]
[6, 3, 5, 0, 1, 4]
0.4827586206896552 0.5
itercount --------> 13
[3, 6, 5]
[3, 6, 7]
[3, 6, 1]
[3, 6, 2]
[3, 6, 0]
[3, 6, 4]
[3, 6, 5, 7]
[3, 6, 5, 1]
[3, 6, 5, 2]
[3, 6, 5, 0]
[3, 6, 5, 4]
[3, 6, 5, 7, 1]
[3, 6, 5, 7, 2]
[3, 6, 5, 7, 0]
[3, 6, 5, 7, 4]
[3, 6, 5, 7, 1, 2]
[3, 6, 5, 7, 1, 0]
[3, 6, 5, 7, 1, 4]
[3, 6, 5, 7, 1, 2, 0]
[3, 6, 5, 7, 1, 2, 4]
[3, 6, 5, 7, 1, 2, 0, 4]
failed -> 50 times
after fail n ======> 5
Runs with the maximum attractor JI -> [12]
