{4: 42, 0: 32, 2: 32, 6: 28, 1: 27, 3: 19, 5: 12, 7: 9}
[4, 0, 2]
0.08333333333333333 0.09523809523809523
itercount --------> 1
[0, 2, 1]
[0, 2, 6]
0.09523809523809523 0.10526315789473684
itercount --------> 2
[0, 2, 6]
0.10526315789473684 0.17142857142857143
itercount --------> 3
[0, 1, 4]
[0, 1, 6]
0.17142857142857143 0.24242424242424243
itercount --------> 4
[0, 2, 4]
[0, 2, 5]
0.24242424242424243 0.37037037037037035
itercount --------> 5
[0, 4, 2]
[0, 4, 3]
[0, 4, 5]
[0, 4, 6]
[0, 4, 1]
[0, 4, 7]
[0, 4, 2, 3]
0.37037037037037035 0.4375
itercount --------> 6
[0, 2, 4]
[0, 2, 5]
[0, 2, 1]
0.4375 0.56
itercount --------> 7
[0, 2, 5]
[0, 2, 1]
[0, 2, 7]
[0, 2, 3]
[0, 2, 4]
[0, 2, 6]
[0, 2, 5, 1]
[0, 2, 5, 7]
[0, 2, 5, 3]
[0, 2, 5, 4]
0.56 0.6
itercount --------> 8
[0, 2, 1]
[0, 2, 7]
[0, 2, 5]
0.6 0.625
itercount --------> 9
[0, 2, 5]
[0, 2, 7]
[0, 2, 1]
[0, 2, 4]
[0, 2, 6]
[0, 2, 3]
[0, 2, 5, 7]
[0, 2, 5, 1]
[0, 2, 5, 4]
[0, 2, 5, 6]
[0, 2, 5, 3]
[0, 2, 5, 7, 1]
[0, 2, 5, 7, 4]
[0, 2, 5, 7, 6]
[0, 2, 5, 7, 3]
[0, 2, 5, 7, 1, 4]
0.625 0.6521739130434783
itercount --------> 10
[0, 2, 5]
[0, 2, 7]
[0, 2, 1]
[0, 2, 4]
[0, 2, 6]
[0, 2, 3]
[0, 2, 5, 7]
[0, 2, 5, 1]
[0, 2, 5, 4]
[0, 2, 5, 6]
[0, 2, 5, 3]
[0, 2, 5, 7, 1]
[0, 2, 5, 7, 4]
[0, 2, 5, 7, 6]
[0, 2, 5, 7, 3]
0.6521739130434783 0.6666666666666666
itercount --------> 11
[5, 0, 2]
[5, 0, 7]
[5, 0, 1]
[5, 0, 3]
[5, 0, 6]
[5, 0, 4]
[5, 0, 2, 7]
[5, 0, 2, 1]
[5, 0, 2, 3]
[5, 0, 2, 6]
[5, 0, 2, 4]
[5, 0, 2, 7, 1]
[5, 0, 2, 7, 3]
0.6666666666666666 0.6956521739130435
itercount --------> 12
[5, 7, 0]
[5, 7, 1]
[5, 7, 2]
[5, 7, 6]
[5, 7, 3]
[5, 7, 4]
[5, 7, 0, 1]
[5, 7, 0, 2]
[5, 7, 0, 6]
[5, 7, 0, 3]
[5, 7, 0, 4]
[5, 7, 0, 1, 2]
[5, 7, 0, 1, 6]
[5, 7, 0, 1, 3]
[5, 7, 0, 1, 4]
[5, 7, 0, 1, 2, 6]
[5, 7, 0, 1, 2, 3]
[5, 7, 0, 1, 2, 4]
[5, 7, 0, 1, 2, 6, 3]
[5, 7, 0, 1, 2, 6, 4]
[5, 7, 0, 1, 2, 6, 3, 4]
failed Once
after fail n ======> 4
[4, 0, 2, 6]
0.08333333333333333 0.10526315789473684
itercount --------> 1
[0, 2, 6]
0.10526315789473684 0.15789473684210525
itercount --------> 2
[0, 2, 1]
0.15789473684210525 0.17391304347826086
itercount --------> 3
[0, 2, 1]
[0, 2, 6]
[0, 2, 7]
[0, 2, 5]
0.17391304347826086 0.2
itercount --------> 4
[0, 6, 4]
0.2 0.24
itercount --------> 5
[4, 2, 3]
[4, 2, 5]
0.24 0.3076923076923077
itercount --------> 6
[4, 6, 3]
0.3076923076923077 0.4827586206896552
itercount --------> 7
[4, 7, 2]
[4, 7, 6]
[4, 7, 0]
[4, 7, 1]
[4, 7, 3]
[4, 7, 5]
[4, 7, 2, 6]
[4, 7, 2, 0]
0.4827586206896552 0.5384615384615384
itercount --------> 8
[4, 7, 0]
[4, 7, 1]
[4, 7, 2]
[4, 7, 3]
[4, 7, 6]
[4, 7, 5]
[4, 7, 0, 1]
[4, 7, 0, 2]
[4, 7, 0, 3]
[4, 7, 0, 6]
[4, 7, 0, 5]
[4, 7, 0, 1, 2]
[4, 7, 0, 1, 3]
[4, 7, 0, 1, 6]
[4, 7, 0, 1, 5]
[4, 7, 0, 1, 2, 3]
0.5384615384615384 0.5517241379310345
itercount --------> 9
[3, 4, 5]
[3, 4, 7]
[3, 4, 1]
[3, 4, 0]
[3, 4, 2]
[3, 4, 6]
[3, 4, 5, 7]
[3, 4, 5, 1]
[3, 4, 5, 0]
[3, 4, 5, 2]
[3, 4, 5, 6]
[3, 4, 5, 7, 1]
[3, 4, 5, 7, 0]
[3, 4, 5, 7, 2]
[3, 4, 5, 7, 6]
[3, 4, 5, 7, 1, 0]
[3, 4, 5, 7, 1, 2]
[3, 4, 5, 7, 1, 6]
[3, 4, 5, 7, 1, 0, 2]
[3, 4, 5, 7, 1, 0, 6]
[3, 4, 5, 7, 1, 0, 2, 6]
failed -> 2 times
after fail n ======> 5
[4, 0, 2, 6, 1]
0.08333333333333333 0.08695652173913043
itercount --------> 1
[2, 1, 0]
0.08695652173913043 0.10416666666666667
itercount --------> 2
[1, 2, 6]
0.10416666666666667 0.15
itercount --------> 3
[2, 1, 0]
[2, 1, 4]
[2, 1, 3]
0.15 0.16666666666666666
itercount --------> 4
[2, 1, 4]
[2, 1, 5]
0.16666666666666666 0.2564102564102564
itercount --------> 5
[2, 4, 1]
[2, 4, 0]
0.2564102564102564 0.3870967741935484
itercount --------> 6
[2, 0, 1]
0.3870967741935484 0.48148148148148145
itercount --------> 7
[2, 1, 0]
[2, 1, 4]
0.48148148148148145 0.5384615384615384
itercount --------> 8
[2, 0, 1]
[2, 0, 3]
[2, 0, 5]
0.5384615384615384 0.5833333333333334
itercount --------> 9
[2, 0, 1]
[2, 0, 7]
[2, 0, 5]
[2, 0, 3]
[2, 0, 4]
[2, 0, 6]
[2, 0, 1, 7]
[2, 0, 1, 5]
[2, 0, 1, 3]
[2, 0, 1, 4]
[2, 0, 1, 6]
[2, 0, 1, 7, 5]
[2, 0, 1, 7, 3]
0.5833333333333334 0.625
itercount --------> 10
[0, 2, 1]
[0, 2, 5]
[0, 2, 3]
0.625 0.6521739130434783
itercount --------> 11
[0, 1, 2]
[0, 1, 5]
[0, 1, 3]
[0, 1, 7]
0.6521739130434783 0.6818181818181818
itercount --------> 12
[5, 0, 1]
[5, 0, 2]
[5, 0, 7]
[5, 0, 3]
[5, 0, 6]
[5, 0, 4]
0.6818181818181818 0.6956521739130435
itercount --------> 13
[5, 7, 0]
[5, 7, 1]
[5, 7, 2]
[5, 7, 6]
[5, 7, 3]
[5, 7, 4]
[5, 7, 0, 1]
[5, 7, 0, 2]
[5, 7, 0, 6]
[5, 7, 0, 3]
[5, 7, 0, 4]
[5, 7, 0, 1, 2]
[5, 7, 0, 1, 6]
[5, 7, 0, 1, 3]
[5, 7, 0, 1, 4]
[5, 7, 0, 1, 2, 6]
[5, 7, 0, 1, 2, 3]
[5, 7, 0, 1, 2, 4]
[5, 7, 0, 1, 2, 6, 3]
[5, 7, 0, 1, 2, 6, 4]
[5, 7, 0, 1, 2, 6, 3, 4]
failed -> 3 times
after fail n ======> 6
[4, 0, 2, 6, 1, 3]
0.08333333333333333 0.125
itercount --------> 1
[4, 1, 6]
0.125 0.23529411764705882
itercount --------> 2
[4, 0, 2]
[4, 0, 3]
0.23529411764705882 0.2571428571428571
itercount --------> 3
[0, 4, 2]
[0, 4, 1]
[0, 4, 3]
[0, 4, 5]
0.2571428571428571 0.25925925925925924
itercount --------> 4
[4, 5, 0]
0.25925925925925924 0.3333333333333333
itercount --------> 5
[0, 4, 2]
[0, 4, 6]
[0, 4, 1]
0.3333333333333333 0.391304347826087
itercount --------> 6
[0, 2, 6]
0.391304347826087 0.4166666666666667
itercount --------> 7
[0, 2, 3]
[0, 2, 4]
0.4166666666666667 0.42857142857142855
itercount --------> 8
[2, 0, 1]
0.42857142857142855 0.5217391304347826
itercount --------> 9
[0, 2, 3]
[0, 2, 5]
[0, 2, 1]
[0, 2, 4]
[0, 2, 7]
[0, 2, 6]
[0, 2, 3, 5]
[0, 2, 3, 1]
[0, 2, 3, 4]
[0, 2, 3, 7]
0.5217391304347826 0.5652173913043478
itercount --------> 10
[0, 3, 5]
[0, 3, 4]
[0, 3, 6]
[0, 3, 1]
[0, 3, 2]
[0, 3, 7]
[0, 3, 5, 4]
[0, 3, 5, 6]
[0, 3, 5, 1]
0.5652173913043478 0.5909090909090909
itercount --------> 11
[5, 3, 4]
[5, 3, 7]
[5, 3, 0]
[5, 3, 1]
[5, 3, 2]
[5, 3, 6]
[5, 3, 4, 7]
[5, 3, 4, 0]
0.5909090909090909 0.6363636363636364
itercount --------> 12
[3, 5, 0]
[3, 5, 1]
[3, 5, 2]
[3, 5, 6]
[3, 5, 7]
[3, 5, 4]
[3, 5, 0, 1]
[3, 5, 0, 2]
[3, 5, 0, 6]
[3, 5, 0, 7]
[3, 5, 0, 4]
[3, 5, 0, 1, 2]
[3, 5, 0, 1, 6]
[3, 5, 0, 1, 7]
[3, 5, 0, 1, 4]
[3, 5, 0, 1, 2, 6]
[3, 5, 0, 1, 2, 7]
[3, 5, 0, 1, 2, 4]
[3, 5, 0, 1, 2, 6, 7]
[3, 5, 0, 1, 2, 6, 4]
0.6363636363636364 0.6956521739130435
itercount --------> 13
[5, 7, 0]
[5, 7, 1]
[5, 7, 2]
[5, 7, 6]
[5, 7, 3]
[5, 7, 4]
[5, 7, 0, 1]
[5, 7, 0, 2]
[5, 7, 0, 6]
[5, 7, 0, 3]
[5, 7, 0, 4]
[5, 7, 0, 1, 2]
[5, 7, 0, 1, 6]
[5, 7, 0, 1, 3]
[5, 7, 0, 1, 4]
[5, 7, 0, 1, 2, 6]
[5, 7, 0, 1, 2, 3]
[5, 7, 0, 1, 2, 4]
[5, 7, 0, 1, 2, 6, 3]
[5, 7, 0, 1, 2, 6, 4]
[5, 7, 0, 1, 2, 6, 3, 4]
failed -> 4 times
after fail n ======> 7
[4, 0, 2, 6, 1, 3, 5]
0.08333333333333333 0.11538461538461539
itercount --------> 1
[4, 0, 2]
0.11538461538461539 0.20588235294117646
itercount --------> 2
[4, 2, 0]
0.20588235294117646 0.2222222222222222
itercount --------> 3
[2, 4, 0]
[2, 4, 1]
0.2222222222222222 0.24242424242424243
itercount --------> 4
[2, 0, 4]
0.24242424242424243 0.25
itercount --------> 5
[4, 3, 7]
0.25 0.25925925925925924
itercount --------> 6
[0, 2, 5]
0.25925925925925924 0.3333333333333333
itercount --------> 7
[0, 2, 5]
[0, 2, 7]
0.3333333333333333 0.45454545454545453
itercount --------> 8
[0, 2, 1]
[0, 2, 5]
[0, 2, 4]
[0, 2, 7]
[0, 2, 3]
[0, 2, 6]
[0, 2, 1, 5]
[0, 2, 1, 4]
0.45454545454545453 0.5454545454545454
itercount --------> 9
[0, 2, 1]
[0, 2, 7]
[0, 2, 4]
[0, 2, 5]
[0, 2, 6]
[0, 2, 3]
0.5454545454545454 0.5714285714285714
itercount --------> 10
[0, 2, 1]
[0, 2, 7]
[0, 2, 4]
[0, 2, 5]
[0, 2, 6]
[0, 2, 3]
[0, 2, 1, 7]
[0, 2, 1, 4]
[0, 2, 1, 5]
[0, 2, 1, 6]
[0, 2, 1, 3]
[0, 2, 1, 7, 4]
[0, 2, 1, 7, 5]
[0, 2, 1, 7, 6]
[0, 2, 1, 7, 3]
0.5714285714285714 0.5769230769230769
itercount --------> 11
[3, 5, 1]
[3, 5, 4]
[3, 5, 0]
[3, 5, 2]
[3, 5, 7]
[3, 5, 6]
[3, 5, 1, 4]
[3, 5, 1, 0]
[3, 5, 1, 2]
[3, 5, 1, 7]
[3, 5, 1, 6]
[3, 5, 1, 4, 0]
0.5769230769230769 0.5925925925925926
itercount --------> 12
[3, 4, 5]
[3, 4, 1]
[3, 4, 7]
[3, 4, 0]
[3, 4, 2]
[3, 4, 6]
[3, 4, 5, 1]
[3, 4, 5, 7]
[3, 4, 5, 0]
[3, 4, 5, 2]
[3, 4, 5, 6]
[3, 4, 5, 1, 7]
[3, 4, 5, 1, 0]
[3, 4, 5, 1, 2]
[3, 4, 5, 1, 6]
[3, 4, 5, 1, 7, 0]
[3, 4, 5, 1, 7, 2]
[3, 4, 5, 1, 7, 6]
[3, 4, 5, 1, 7, 0, 2]
[3, 4, 5, 1, 7, 0, 6]
[3, 4, 5, 1, 7, 0, 2, 6]
failed -> 5 times
after fail n ======> 8
[4, 0, 2, 6, 1, 3, 5, 7]
0.08333333333333333 0.1111111111111111
itercount --------> 1
[2, 4, 6]
0.1111111111111111 0.1794871794871795
itercount --------> 2
[2, 4, 0]
[2, 4, 3]
0.1794871794871795 0.18181818181818182
itercount --------> 3
[4, 2, 0]
0.18181818181818182 0.24
itercount --------> 4
[4, 3, 5]
0.24 0.2962962962962963
itercount --------> 5
[4, 3, 5]
0.2962962962962963 0.32
itercount --------> 6
[4, 5, 3]
[4, 5, 6]
[4, 5, 0]
[4, 5, 1]
0.32 0.34782608695652173
itercount --------> 7
[4, 3, 5]
[4, 3, 6]
0.34782608695652173 0.36
itercount --------> 8
[5, 0, 2]
[5, 0, 3]
0.36 0.36666666666666664
itercount --------> 9
[4, 5, 0]
[4, 5, 2]
[4, 5, 6]
[4, 5, 3]
[4, 5, 7]
[4, 5, 1]
[4, 5, 0, 2]
[4, 5, 0, 6]
[4, 5, 0, 3]
0.36666666666666664 0.4117647058823529
itercount --------> 10
[4, 0, 2]
[4, 0, 7]
[4, 0, 1]
0.4117647058823529 0.5384615384615384
itercount --------> 11
[4, 7, 0]
[4, 7, 1]
[4, 7, 2]
[4, 7, 3]
[4, 7, 6]
[4, 7, 5]
[4, 7, 0, 1]
[4, 7, 0, 2]
[4, 7, 0, 3]
0.5384615384615384 0.5517241379310345
itercount --------> 12
[3, 4, 5]
[3, 4, 7]
[3, 4, 1]
[3, 4, 0]
[3, 4, 2]
[3, 4, 6]
[3, 4, 5, 7]
[3, 4, 5, 1]
[3, 4, 5, 0]
[3, 4, 5, 2]
[3, 4, 5, 6]
[3, 4, 5, 7, 1]
[3, 4, 5, 7, 0]
[3, 4, 5, 7, 2]
[3, 4, 5, 7, 6]
[3, 4, 5, 7, 1, 0]
[3, 4, 5, 7, 1, 2]
[3, 4, 5, 7, 1, 6]
[3, 4, 5, 7, 1, 0, 2]
[3, 4, 5, 7, 1, 0, 6]
[3, 4, 5, 7, 1, 0, 2, 6]
failed -> 6 times
after fail n ======> 5
[4, 0, 2, 6, 1]
0.08333333333333333 0.10526315789473684
itercount --------> 1
[0, 2, 4]
0.10526315789473684 0.21212121212121213
itercount --------> 2
[4, 3, 0]
[4, 3, 2]
[4, 3, 1]
[4, 3, 7]
[4, 3, 5]
[4, 3, 6]
[4, 3, 0, 2]
0.21212121212121213 0.22727272727272727
itercount --------> 3
[2, 0, 1]
0.22727272727272727 0.2571428571428571
itercount --------> 4
[2, 0, 4]
[2, 0, 1]
0.2571428571428571 0.36
itercount --------> 5
[0, 2, 4]
[0, 2, 5]
0.36 0.4166666666666667
itercount --------> 6
[0, 2, 1]
[0, 2, 3]
[0, 2, 7]
[0, 2, 5]
[0, 2, 4]
0.4166666666666667 0.5384615384615384
itercount --------> 7
[0, 2, 1]
[0, 2, 7]
[0, 2, 5]
[0, 2, 3]
0.5384615384615384 0.5833333333333334
itercount --------> 8
[0, 2, 1]
[0, 2, 5]
[0, 2, 7]
[0, 2, 4]
[0, 2, 3]
[0, 2, 6]
[0, 2, 1, 5]
[0, 2, 1, 7]
[0, 2, 1, 4]
[0, 2, 1, 3]
[0, 2, 1, 6]
[0, 2, 1, 5, 7]
[0, 2, 1, 5, 4]
0.5833333333333334 0.6521739130434783
itercount --------> 9
[0, 2, 5]
[0, 2, 7]
[0, 2, 1]
[0, 2, 4]
[0, 2, 6]
[0, 2, 3]
[0, 2, 5, 7]
[0, 2, 5, 1]
[0, 2, 5, 4]
[0, 2, 5, 6]
[0, 2, 5, 3]
[0, 2, 5, 7, 1]
[0, 2, 5, 7, 4]
[0, 2, 5, 7, 6]
[0, 2, 5, 7, 3]
0.6521739130434783 0.6666666666666666
itercount --------> 10
[0, 2, 5]
[0, 2, 1]
[0, 2, 6]
[0, 2, 7]
[0, 2, 3]
[0, 2, 4]
[0, 2, 5, 1]
[0, 2, 5, 6]
[0, 2, 5, 7]
[0, 2, 5, 3]
[0, 2, 5, 4]
[0, 2, 5, 1, 6]
[0, 2, 5, 1, 7]
[0, 2, 5, 1, 3]
[0, 2, 5, 1, 4]
[0, 2, 5, 1, 6, 7]
[0, 2, 5, 1, 6, 3]
[0, 2, 5, 1, 6, 4]
[0, 2, 5, 1, 6, 7, 3]
[0, 2, 5, 1, 6, 7, 4]
[0, 2, 5, 1, 6, 7, 3, 4]
failed -> 7 times
after fail n ======> 6
[4, 0, 2, 6, 1, 3]
0.08333333333333333 0.09090909090909091
itercount --------> 1
[0, 4, 2]
0.09090909090909091 0.10714285714285714
itercount --------> 2
[4, 6, 0]
0.10714285714285714 0.1875
itercount --------> 3
[4, 0, 5]
0.1875 0.2857142857142857
itercount --------> 4
[4, 0, 2]
0.2857142857142857 0.4838709677419355
itercount --------> 5
[0, 2, 4]
0.4838709677419355 0.5
itercount --------> 6
[0, 4, 2]
[0, 4, 5]
[0, 4, 1]
[0, 4, 3]
[0, 4, 7]
[0, 4, 6]
[0, 4, 2, 5]
[0, 4, 2, 1]
0.5 0.5357142857142857
itercount --------> 7
[0, 2, 7]
0.5357142857142857 0.5384615384615384
itercount --------> 8
[0, 2, 5]
[0, 2, 1]
[0, 2, 7]
[0, 2, 3]
[0, 2, 4]
[0, 2, 6]
[0, 2, 5, 1]
[0, 2, 5, 7]
[0, 2, 5, 3]
[0, 2, 5, 4]
[0, 2, 5, 6]
[0, 2, 5, 1, 7]
[0, 2, 5, 1, 3]
0.5384615384615384 0.5555555555555556
itercount --------> 9
[0, 2, 1]
0.5555555555555556 0.6
itercount --------> 10
[0, 2, 1]
[0, 2, 7]
[0, 2, 5]
[0, 2, 6]
0.6 0.6521739130434783
itercount --------> 11
[0, 2, 5]
[0, 2, 7]
[0, 2, 1]
[0, 2, 4]
[0, 2, 3]
[0, 2, 6]
[0, 2, 5, 7]
[0, 2, 5, 1]
[0, 2, 5, 4]
[0, 2, 5, 3]
[0, 2, 5, 6]
[0, 2, 5, 7, 1]
0.6521739130434783 0.6818181818181818
itercount --------> 12
[5, 7, 0]
[5, 7, 2]
[5, 7, 1]
[5, 7, 4]
[5, 7, 3]
[5, 7, 6]
[5, 7, 0, 2]
[5, 7, 0, 1]
[5, 7, 0, 4]
[5, 7, 0, 3]
[5, 7, 0, 6]
[5, 7, 0, 2, 1]
[5, 7, 0, 2, 4]
[5, 7, 0, 2, 3]
[5, 7, 0, 2, 6]
[5, 7, 0, 2, 1, 4]
[5, 7, 0, 2, 1, 3]
[5, 7, 0, 2, 1, 6]
[5, 7, 0, 2, 1, 4, 3]
0.6818181818181818 0.6956521739130435
itercount --------> 13
[5, 7, 0]
[5, 7, 1]
[5, 7, 2]
[5, 7, 6]
[5, 7, 3]
[5, 7, 4]
[5, 7, 0, 1]
[5, 7, 0, 2]
[5, 7, 0, 6]
[5, 7, 0, 3]
[5, 7, 0, 4]
[5, 7, 0, 1, 2]
[5, 7, 0, 1, 6]
[5, 7, 0, 1, 3]
[5, 7, 0, 1, 4]
[5, 7, 0, 1, 2, 6]
[5, 7, 0, 1, 2, 3]
[5, 7, 0, 1, 2, 4]
[5, 7, 0, 1, 2, 6, 3]
[5, 7, 0, 1, 2, 6, 4]
[5, 7, 0, 1, 2, 6, 3, 4]
failed -> 8 times
after fail n ======> 7
[4, 0, 2, 6, 1, 3, 5]
0.08333333333333333 0.14285714285714285
itercount --------> 1
[6, 0, 3]
0.14285714285714285 0.20833333333333334
itercount --------> 2
[0, 6, 3]
0.20833333333333334 0.22580645161290322
itercount --------> 3
[0, 3, 4]
0.22580645161290322 0.23333333333333334
itercount --------> 4
[0, 6, 3]
0.23333333333333334 0.2692307692307692
itercount --------> 5
[0, 6, 3]
[0, 6, 5]
[0, 6, 7]
0.2692307692307692 0.375
itercount --------> 6
[0, 6, 4]
[0, 6, 5]
[0, 6, 7]
[0, 6, 2]
[0, 6, 3]
[0, 6, 1]
[0, 6, 4, 5]
0.375 0.391304347826087
itercount --------> 7
[6, 0, 4]
[6, 0, 5]
[6, 0, 7]
[6, 0, 2]
[6, 0, 3]
[6, 0, 1]
0.391304347826087 0.4090909090909091
itercount --------> 8
[6, 5, 7]
[6, 5, 0]
[6, 5, 2]
[6, 5, 4]
0.4090909090909091 0.42857142857142855
itercount --------> 9
[0, 2, 6]
[0, 2, 1]
[0, 2, 5]
[0, 2, 7]
[0, 2, 3]
[0, 2, 4]
[0, 2, 6, 1]
[0, 2, 6, 5]
[0, 2, 6, 7]
[0, 2, 6, 3]
0.42857142857142855 0.43478260869565216
itercount --------> 10
[0, 6, 7]
[0, 6, 4]
[0, 6, 5]
[0, 6, 2]
0.43478260869565216 0.47619047619047616
itercount --------> 11
[0, 2, 1]
[0, 2, 7]
[0, 2, 6]
[0, 2, 5]
[0, 2, 3]
[0, 2, 4]
[0, 2, 1, 7]
[0, 2, 1, 6]
[0, 2, 1, 5]
[0, 2, 1, 3]
[0, 2, 1, 4]
[0, 2, 1, 7, 6]
[0, 2, 1, 7, 5]
[0, 2, 1, 7, 3]
[0, 2, 1, 7, 4]
[0, 2, 1, 7, 6, 5]
0.47619047619047616 0.5652173913043478
itercount --------> 12
[0, 2, 1]
[0, 2, 5]
[0, 2, 6]
[0, 2, 3]
[0, 2, 7]
[0, 2, 4]
[0, 2, 1, 5]
[0, 2, 1, 6]
[0, 2, 1, 3]
[0, 2, 1, 7]
0.5652173913043478 0.5909090909090909
itercount --------> 13
[0, 3, 4]
[0, 3, 6]
[0, 3, 5]
[0, 3, 2]
[0, 3, 7]
0.5909090909090909 0.6363636363636364
itercount --------> 14
[0, 2, 1]
[0, 2, 6]
[0, 2, 7]
[0, 2, 4]
[0, 2, 5]
[0, 2, 3]
0.6363636363636364 0.6666666666666666
itercount --------> 15
[0, 2, 1]
[0, 2, 6]
[0, 2, 7]
[0, 2, 3]
[0, 2, 4]
[0, 2, 5]
[0, 2, 1, 6]
[0, 2, 1, 7]
[0, 2, 1, 3]
[0, 2, 1, 4]
[0, 2, 1, 5]
[0, 2, 1, 6, 7]
[0, 2, 1, 6, 3]
[0, 2, 1, 6, 4]
[0, 2, 1, 6, 5]
[0, 2, 1, 6, 7, 3]
[0, 2, 1, 6, 7, 4]
[0, 2, 1, 6, 7, 5]
[0, 2, 1, 6, 7, 3, 4]
[0, 2, 1, 6, 7, 3, 5]
[0, 2, 1, 6, 7, 3, 4, 5]
failed -> 9 times
after fail n ======> 8
[4, 0, 2, 6, 1, 3, 5, 7]
0.08333333333333333 0.14285714285714285
itercount --------> 1
[0, 2, 4]
[0, 2, 1]
0.14285714285714285 0.2916666666666667
itercount --------> 2
[4, 0, 2]
[4, 0, 3]
0.2916666666666667 0.32
itercount --------> 3
[0, 4, 2]
[0, 4, 3]
[0, 4, 5]
0.32 0.3333333333333333
itercount --------> 4
[0, 6, 2]
0.3333333333333333 0.5
itercount --------> 5
[0, 2, 5]
[0, 2, 1]
0.5 0.5416666666666666
itercount --------> 6
[0, 2, 1]
[0, 2, 5]
[0, 2, 3]
0.5416666666666666 0.5652173913043478
itercount --------> 7
[0, 2, 5]
[0, 2, 1]
[0, 2, 7]
[0, 2, 6]
[0, 2, 3]
[0, 2, 4]
[0, 2, 5, 1]
[0, 2, 5, 7]
[0, 2, 5, 6]
[0, 2, 5, 3]
[0, 2, 5, 4]
[0, 2, 5, 1, 7]
[0, 2, 5, 1, 6]
[0, 2, 5, 1, 3]
[0, 2, 5, 1, 4]
[0, 2, 5, 1, 7, 6]
[0, 2, 5, 1, 7, 3]
0.5652173913043478 0.6086956521739131
itercount --------> 8
[0, 2, 3]
[0, 2, 5]
[0, 2, 1]
[0, 2, 4]
[0, 2, 6]
[0, 2, 7]
[0, 2, 3, 5]
[0, 2, 3, 1]
[0, 2, 3, 4]
[0, 2, 3, 6]
[0, 2, 3, 7]
[0, 2, 3, 5, 1]
[0, 2, 3, 5, 4]
[0, 2, 3, 5, 6]
[0, 2, 3, 5, 7]
[0, 2, 3, 5, 1, 4]
0.6086956521739131 0.6363636363636364
itercount --------> 9
[3, 5, 0]
[3, 5, 1]
[3, 5, 2]
[3, 5, 6]
[3, 5, 7]
[3, 5, 4]
[3, 5, 0, 1]
[3, 5, 0, 2]
[3, 5, 0, 6]
[3, 5, 0, 7]
[3, 5, 0, 4]
[3, 5, 0, 1, 2]
[3, 5, 0, 1, 6]
[3, 5, 0, 1, 7]
[3, 5, 0, 1, 4]
[3, 5, 0, 1, 2, 6]
[3, 5, 0, 1, 2, 7]
[3, 5, 0, 1, 2, 4]
[3, 5, 0, 1, 2, 6, 7]
[3, 5, 0, 1, 2, 6, 4]
0.6363636363636364 0.6956521739130435
itercount --------> 10
[5, 7, 0]
[5, 7, 1]
[5, 7, 2]
[5, 7, 6]
[5, 7, 3]
[5, 7, 4]
[5, 7, 0, 1]
[5, 7, 0, 2]
[5, 7, 0, 6]
[5, 7, 0, 3]
[5, 7, 0, 4]
[5, 7, 0, 1, 2]
[5, 7, 0, 1, 6]
[5, 7, 0, 1, 3]
[5, 7, 0, 1, 4]
[5, 7, 0, 1, 2, 6]
[5, 7, 0, 1, 2, 3]
[5, 7, 0, 1, 2, 4]
[5, 7, 0, 1, 2, 6, 3]
[5, 7, 0, 1, 2, 6, 4]
[5, 7, 0, 1, 2, 6, 3, 4]
failed -> 10 times
after fail n ======> 5
[4, 0, 2, 6, 1]
0.08333333333333333 0.09523809523809523
itercount --------> 1
[2, 0, 1]
0.09523809523809523 0.17142857142857143
itercount --------> 2
[2, 1, 4]
[2, 1, 6]
0.17142857142857143 0.19230769230769232
itercount --------> 3
[2, 1, 0]
[2, 1, 4]
0.19230769230769232 0.21212121212121213
itercount --------> 4
[4, 3, 0]
[4, 3, 2]
0.21212121212121213 0.2222222222222222
itercount --------> 5
[2, 0, 1]
0.2222222222222222 0.2777777777777778
itercount --------> 6
[2, 0, 4]
0.2777777777777778 0.2903225806451613
itercount --------> 7
[0, 2, 4]
[0, 2, 1]
[0, 2, 5]
0.2903225806451613 0.38461538461538464
itercount --------> 8
[2, 3, 7]
0.38461538461538464 0.44
itercount --------> 9
[3, 0, 2]
[3, 0, 1]
[3, 0, 7]
[3, 0, 4]
[3, 0, 6]
[3, 0, 5]
[3, 0, 2, 1]
[3, 0, 2, 7]
[3, 0, 2, 4]
0.44 0.5172413793103449
itercount --------> 10
[2, 0, 1]
0.5172413793103449 0.6
itercount --------> 11
[0, 2, 1]
[0, 2, 3]
0.6 0.6521739130434783
itercount --------> 12
[0, 2, 5]
[0, 2, 1]
[0, 2, 7]
[0, 2, 3]
[0, 2, 6]
[0, 2, 4]
[0, 2, 5, 1]
[0, 2, 5, 7]
[0, 2, 5, 3]
[0, 2, 5, 6]
[0, 2, 5, 4]
0.6521739130434783 0.6666666666666666
itercount --------> 13
[0, 2, 5]
[0, 2, 1]
[0, 2, 6]
[0, 2, 7]
[0, 2, 3]
[0, 2, 4]
[0, 2, 5, 1]
[0, 2, 5, 6]
[0, 2, 5, 7]
[0, 2, 5, 3]
[0, 2, 5, 4]
[0, 2, 5, 1, 6]
[0, 2, 5, 1, 7]
[0, 2, 5, 1, 3]
[0, 2, 5, 1, 4]
[0, 2, 5, 1, 6, 7]
[0, 2, 5, 1, 6, 3]
[0, 2, 5, 1, 6, 4]
[0, 2, 5, 1, 6, 7, 3]
[0, 2, 5, 1, 6, 7, 4]
[0, 2, 5, 1, 6, 7, 3, 4]
failed -> 11 times
after fail n ======> 6
[4, 0, 2, 6, 1, 3]
0.08333333333333333 0.10526315789473684
itercount --------> 1
[0, 2, 4]
0.10526315789473684 0.1320754716981132
itercount --------> 2
[4, 2, 0]
0.1320754716981132 0.19230769230769232
itercount --------> 3
[0, 1, 2]
0.19230769230769232 0.23529411764705882
itercount --------> 4
[0, 2, 4]
0.23529411764705882 0.2413793103448276
itercount --------> 5
[4, 3, 0]
[4, 3, 2]
[4, 3, 7]
0.2413793103448276 0.25925925925925924
itercount --------> 6
[4, 0, 2]
0.25925925925925924 0.3333333333333333
itercount --------> 7
[0, 2, 3]
[0, 2, 1]
[0, 2, 7]
[0, 2, 6]
[0, 2, 4]
[0, 2, 5]
0.3333333333333333 0.44
itercount --------> 8
[3, 0, 2]
[3, 0, 1]
[3, 0, 7]
[3, 0, 4]
0.44 0.5172413793103449
itercount --------> 9
[0, 2, 1]
0.5172413793103449 0.6
itercount --------> 10
[0, 2, 1]
[0, 2, 3]
0.6 0.6521739130434783
itercount --------> 11
[0, 2, 5]
[0, 2, 1]
[0, 2, 7]
[0, 2, 3]
[0, 2, 6]
[0, 2, 4]
[0, 2, 5, 1]
[0, 2, 5, 7]
[0, 2, 5, 3]
[0, 2, 5, 6]
[0, 2, 5, 4]
0.6521739130434783 0.6666666666666666
itercount --------> 12
[0, 2, 5]
[0, 2, 1]
[0, 2, 6]
[0, 2, 7]
[0, 2, 3]
[0, 2, 4]
[0, 2, 5, 1]
[0, 2, 5, 6]
[0, 2, 5, 7]
[0, 2, 5, 3]
[0, 2, 5, 4]
[0, 2, 5, 1, 6]
[0, 2, 5, 1, 7]
[0, 2, 5, 1, 3]
[0, 2, 5, 1, 4]
[0, 2, 5, 1, 6, 7]
[0, 2, 5, 1, 6, 3]
[0, 2, 5, 1, 6, 4]
[0, 2, 5, 1, 6, 7, 3]
[0, 2, 5, 1, 6, 7, 4]
[0, 2, 5, 1, 6, 7, 3, 4]
failed -> 12 times
after fail n ======> 7
[4, 0, 2, 6, 1, 3, 5]
0.08333333333333333 0.09090909090909091
itercount --------> 1
[1, 0, 2]
0.09090909090909091 0.10638297872340426
itercount --------> 2
[1, 2, 3]
0.10638297872340426 0.14285714285714285
itercount --------> 3
[1, 4, 3]
[1, 4, 7]
[1, 4, 0]
0.14285714285714285 0.1724137931034483
itercount --------> 4
[3, 0, 1]
0.1724137931034483 0.20833333333333334
itercount --------> 5
[0, 6, 3]
0.20833333333333334 0.25
itercount --------> 6
[0, 3, 4]
[0, 3, 5]
0.25 0.4
itercount --------> 7
[0, 5, 4]
[0, 5, 3]
[0, 5, 2]
[0, 5, 6]
[0, 5, 1]
0.4 0.4444444444444444
itercount --------> 8
[3, 4, 0]
[3, 4, 5]
[3, 4, 2]
[3, 4, 7]
[3, 4, 1]
[3, 4, 6]
[3, 4, 0, 5]
[3, 4, 0, 2]
[3, 4, 0, 7]
[3, 4, 0, 1]
[3, 4, 0, 6]
[3, 4, 0, 5, 2]
[3, 4, 0, 5, 7]
[3, 4, 0, 5, 1]
0.4444444444444444 0.4482758620689655
itercount --------> 9
[0, 4, 5]
[0, 4, 2]
[0, 4, 3]
[0, 4, 7]
[0, 4, 1]
[0, 4, 6]
[0, 4, 5, 2]
[0, 4, 5, 3]
0.4482758620689655 0.5
itercount --------> 10
[0, 4, 2]
[0, 4, 7]
[0, 4, 3]
[0, 4, 5]
[0, 4, 1]
[0, 4, 6]
[0, 4, 2, 7]
[0, 4, 2, 3]
[0, 4, 2, 5]
[0, 4, 2, 1]
0.5 0.5555555555555556
itercount --------> 11
[0, 4, 7]
[0, 4, 2]
[0, 4, 3]
[0, 4, 5]
[0, 4, 1]
[0, 4, 6]
[0, 4, 7, 2]
[0, 4, 7, 3]
[0, 4, 7, 5]
[0, 4, 7, 1]
[0, 4, 7, 6]
[0, 4, 7, 2, 3]
[0, 4, 7, 2, 5]
[0, 4, 7, 2, 1]
[0, 4, 7, 2, 6]
[0, 4, 7, 2, 3, 5]
[0, 4, 7, 2, 3, 1]
[0, 4, 7, 2, 3, 6]
[0, 4, 7, 2, 3, 5, 1]
[0, 4, 7, 2, 3, 5, 6]
[0, 4, 7, 2, 3, 5, 1, 6]
failed -> 13 times
after fail n ======> 8
[4, 0, 2, 6, 1, 3, 5, 7]
0.08333333333333333 0.125
itercount --------> 1
[4, 1, 6]
0.125 0.18181818181818182
itercount --------> 2
[4, 0, 2]
[4, 0, 1]
0.18181818181818182 0.19230769230769232
itercount --------> 3
[0, 1, 2]
0.19230769230769232 0.3076923076923077
itercount --------> 4
[0, 2, 1]
[0, 2, 7]
[0, 2, 5]
0.3076923076923077 0.45454545454545453
itercount --------> 5
[0, 2, 1]
[0, 2, 5]
[0, 2, 7]
[0, 2, 3]
0.45454545454545453 0.5833333333333334
itercount --------> 6
[0, 2, 1]
[0, 2, 5]
[0, 2, 7]
[0, 2, 3]
[0, 2, 4]
[0, 2, 6]
[0, 2, 1, 5]
0.5833333333333334 0.6363636363636364
itercount --------> 7
[0, 2, 1]
[0, 2, 5]
[0, 2, 7]
[0, 2, 3]
[0, 2, 4]
[0, 2, 6]
[0, 2, 1, 5]
[0, 2, 1, 7]
[0, 2, 1, 3]
[0, 2, 1, 4]
[0, 2, 1, 6]
[0, 2, 1, 5, 7]
[0, 2, 1, 5, 3]
[0, 2, 1, 5, 4]
[0, 2, 1, 5, 6]
[0, 2, 1, 5, 7, 3]
[0, 2, 1, 5, 7, 4]
[0, 2, 1, 5, 7, 6]
[0, 2, 1, 5, 7, 3, 4]
[0, 2, 1, 5, 7, 3, 6]
[0, 2, 1, 5, 7, 3, 4, 6]
failed -> 14 times
after fail n ======> 5
[4, 0, 2, 6, 1]
0.08333333333333333 0.12
itercount --------> 1
[4, 6, 0]
0.12 0.2916666666666667
itercount --------> 2
[4, 0, 2]
[4, 0, 3]
0.2916666666666667 0.3076923076923077
itercount --------> 3
[0, 2, 3]
[0, 2, 1]
0.3076923076923077 0.34782608695652173
itercount --------> 4
[0, 2, 1]
[0, 2, 7]
[0, 2, 4]
[0, 2, 6]
[0, 2, 5]
0.34782608695652173 0.375
itercount --------> 5
[0, 6, 3]
[0, 6, 4]
[0, 6, 7]
[0, 6, 5]
[0, 6, 2]
0.375 0.43478260869565216
itercount --------> 6
[0, 4, 6]
[0, 4, 7]
0.43478260869565216 0.47619047619047616
itercount --------> 7
[0, 2, 1]
[0, 2, 7]
[0, 2, 4]
[0, 2, 5]
[0, 2, 6]
[0, 2, 3]
[0, 2, 1, 7]
[0, 2, 1, 4]
[0, 2, 1, 5]
[0, 2, 1, 6]
[0, 2, 1, 3]
[0, 2, 1, 7, 4]
0.47619047619047616 0.4782608695652174
itercount --------> 8
[0, 4, 7]
0.4782608695652174 0.5217391304347826
itercount --------> 9
[0, 2, 1]
[0, 2, 4]
[0, 2, 7]
[0, 2, 3]
0.5217391304347826 0.5454545454545454
itercount --------> 10
[0, 2, 1]
[0, 2, 4]
[0, 2, 5]
[0, 2, 6]
[0, 2, 7]
[0, 2, 3]
[0, 2, 1, 4]
[0, 2, 1, 5]
[0, 2, 1, 6]
[0, 2, 1, 7]
[0, 2, 1, 3]
[0, 2, 1, 4, 5]
0.5454545454545454 0.5909090909090909
itercount --------> 11
[0, 2, 1]
[0, 2, 6]
[0, 2, 4]
[0, 2, 5]
[0, 2, 7]
[0, 2, 3]
[0, 2, 1, 6]
[0, 2, 1, 4]
[0, 2, 1, 5]
0.5909090909090909 0.6190476190476191
itercount --------> 12
[0, 2, 1]
[0, 2, 5]
[0, 2, 6]
[0, 2, 7]
[0, 2, 4]
[0, 2, 3]
[0, 2, 1, 5]
[0, 2, 1, 6]
[0, 2, 1, 7]
[0, 2, 1, 4]
[0, 2, 1, 3]
[0, 2, 1, 5, 6]
[0, 2, 1, 5, 7]
[0, 2, 1, 5, 4]
[0, 2, 1, 5, 3]
[0, 2, 1, 5, 6, 7]
[0, 2, 1, 5, 6, 4]
0.6190476190476191 0.6818181818181818
itercount --------> 13
[5, 7, 0]
[5, 7, 2]
[5, 7, 1]
[5, 7, 4]
[5, 7, 3]
[5, 7, 6]
[5, 7, 0, 2]
[5, 7, 0, 1]
[5, 7, 0, 4]
[5, 7, 0, 3]
[5, 7, 0, 6]
[5, 7, 0, 2, 1]
[5, 7, 0, 2, 4]
[5, 7, 0, 2, 3]
[5, 7, 0, 2, 6]
[5, 7, 0, 2, 1, 4]
[5, 7, 0, 2, 1, 3]
[5, 7, 0, 2, 1, 6]
[5, 7, 0, 2, 1, 4, 3]
0.6818181818181818 0.6956521739130435
itercount --------> 14
[5, 7, 0]
[5, 7, 1]
[5, 7, 2]
[5, 7, 6]
[5, 7, 3]
[5, 7, 4]
[5, 7, 0, 1]
[5, 7, 0, 2]
[5, 7, 0, 6]
[5, 7, 0, 3]
[5, 7, 0, 4]
[5, 7, 0, 1, 2]
[5, 7, 0, 1, 6]
[5, 7, 0, 1, 3]
[5, 7, 0, 1, 4]
[5, 7, 0, 1, 2, 6]
[5, 7, 0, 1, 2, 3]
[5, 7, 0, 1, 2, 4]
[5, 7, 0, 1, 2, 6, 3]
[5, 7, 0, 1, 2, 6, 4]
[5, 7, 0, 1, 2, 6, 3, 4]
failed -> 15 times
after fail n ======> 6
[4, 0, 2, 6, 1, 3]
0.08333333333333333 0.09090909090909091
itercount --------> 1
[0, 4, 2]
[0, 4, 6]
0.09090909090909091 0.11627906976744186
itercount --------> 2
[0, 2, 4]
[0, 2, 6]
0.11627906976744186 0.16129032258064516
itercount --------> 3
[0, 2, 4]
0.16129032258064516 0.16666666666666666
itercount --------> 4
[2, 4, 6]
0.16666666666666666 0.21212121212121213
itercount --------> 5
[4, 2, 0]
0.21212121212121213 0.24324324324324326
itercount --------> 6
[2, 0, 4]
[2, 0, 5]
0.24324324324324326 0.25925925925925924
itercount --------> 7
[2, 0, 5]
0.25925925925925924 0.2647058823529412
itercount --------> 8
[2, 0, 6]
0.2647058823529412 0.30303030303030304
itercount --------> 9
[2, 0, 4]
0.30303030303030304 0.39473684210526316
itercount --------> 10
[2, 0, 5]
[2, 0, 4]
[2, 0, 3]
[2, 0, 7]
[2, 0, 1]
0.39473684210526316 0.4117647058823529
itercount --------> 11
[2, 5, 0]
[2, 5, 1]
[2, 5, 7]
[2, 5, 3]
[2, 5, 4]
[2, 5, 6]
[2, 5, 0, 1]
0.4117647058823529 0.48
itercount --------> 12
[2, 0, 5]
[2, 0, 1]
[2, 0, 4]
0.48 0.5
itercount --------> 13
[0, 2, 1]
[0, 2, 4]
[0, 2, 7]
[0, 2, 5]
0.5 0.5217391304347826
itercount --------> 14
[0, 2, 7]
[0, 2, 3]
[0, 2, 5]
[0, 2, 1]
[0, 2, 4]
[0, 2, 6]
[0, 2, 7, 3]
0.5217391304347826 0.5416666666666666
itercount --------> 15
[0, 3, 5]
[0, 3, 4]
[0, 3, 6]
[0, 3, 1]
[0, 3, 2]
[0, 3, 7]
[0, 3, 5, 4]
0.5416666666666666 0.5454545454545454
itercount --------> 16
[3, 5, 4]
[3, 5, 6]
[3, 5, 7]
[3, 5, 0]
[3, 5, 2]
[3, 5, 1]
[3, 5, 4, 6]
[3, 5, 4, 7]
0.5454545454545454 0.6521739130434783
itercount --------> 17
[4, 6, 5]
0.6521739130434783 0.72
itercount --------> 18
[1, 4, 5]
[1, 4, 0]
[1, 4, 2]
[1, 4, 6]
[1, 4, 3]
[1, 4, 7]
[1, 4, 5, 0]
[1, 4, 5, 2]
[1, 4, 5, 6]
[1, 4, 5, 3]
[1, 4, 5, 7]
[1, 4, 5, 0, 2]
[1, 4, 5, 0, 6]
[1, 4, 5, 0, 3]
[1, 4, 5, 0, 7]
[1, 4, 5, 0, 2, 6]
[1, 4, 5, 0, 2, 3]
[1, 4, 5, 0, 2, 7]
[1, 4, 5, 0, 2, 6, 3]
[1, 4, 5, 0, 2, 6, 7]
[1, 4, 5, 0, 2, 6, 3, 7]
failed -> 16 times
after fail n ======> 7
[4, 0, 2, 6, 1, 3, 5]
0.08333333333333333 0.08571428571428572
itercount --------> 1
[2, 4, 6]
0.08571428571428572 0.09433962264150944
itercount --------> 2
[2, 0, 3]
[2, 0, 4]
0.09433962264150944 0.15384615384615385
itercount --------> 3
[0, 3, 4]
0.15384615384615385 0.175
itercount --------> 4
[2, 4, 0]
0.175 0.27906976744186046
itercount --------> 5
[2, 0, 3]
[2, 0, 4]
0.27906976744186046 0.2826086956521739
itercount --------> 6
[2, 0, 1]
[2, 0, 4]
[2, 0, 3]
[2, 0, 5]
[2, 0, 7]
0.2826086956521739 0.28888888888888886
itercount --------> 7
[2, 0, 7]
[2, 0, 3]
[2, 0, 4]
0.28888888888888886 0.2972972972972973
itercount --------> 8
[2, 0, 4]
[2, 0, 7]
[2, 0, 3]
[2, 0, 6]
[2, 0, 1]
0.2972972972972973 0.35135135135135137
itercount --------> 9
[2, 0, 3]
[2, 0, 4]
0.35135135135135137 0.3783783783783784
itercount --------> 10
[0, 2, 3]
[0, 2, 4]
0.3783783783783784 0.4
itercount --------> 11
[3, 4, 0]
[3, 4, 2]
[3, 4, 1]
[3, 4, 7]
0.4 0.41935483870967744
itercount --------> 12
[3, 2, 4]
[3, 2, 0]
[3, 2, 1]
[3, 2, 7]
[3, 2, 5]
[3, 2, 6]
[3, 2, 4, 0]
[3, 2, 4, 1]
0.41935483870967744 0.42424242424242425
itercount --------> 13
[0, 4, 3]
0.42424242424242425 0.4375
itercount --------> 14
[3, 4, 0]
[3, 4, 2]
[3, 4, 7]
[3, 4, 1]
[3, 4, 6]
[3, 4, 5]
[3, 4, 0, 2]
[3, 4, 0, 7]
[3, 4, 0, 1]
[3, 4, 0, 6]
[3, 4, 0, 5]
[3, 4, 0, 2, 7]
[3, 4, 0, 2, 1]
[3, 4, 0, 2, 6]
[3, 4, 0, 2, 5]
[3, 4, 0, 2, 7, 1]
[3, 4, 0, 2, 7, 6]
[3, 4, 0, 2, 7, 5]
[3, 4, 0, 2, 7, 1, 6]
[3, 4, 0, 2, 7, 1, 5]
[3, 4, 0, 2, 7, 1, 6, 5]
failed -> 17 times
after fail n ======> 8
[4, 0, 2, 6, 1, 3, 5, 7]
0.08333333333333333 0.1111111111111111
itercount --------> 1
[0, 4, 6]
0.1111111111111111 0.18181818181818182
itercount --------> 2
[4, 0, 2]
0.18181818181818182 0.24
itercount --------> 3
[4, 3, 5]
[4, 3, 0]
0.24 0.2692307692307692
itercount --------> 4
[0, 4, 1]
[0, 4, 6]
0.2692307692307692 0.32142857142857145
itercount --------> 5
[0, 4, 6]
0.32142857142857145 0.32432432432432434
itercount --------> 6
[0, 3, 4]
[0, 3, 5]
0.32432432432432434 0.35294117647058826
itercount --------> 7
[0, 5, 3]
[0, 5, 2]
[0, 5, 4]
[0, 5, 1]
0.35294117647058826 0.37037037037037035
itercount --------> 8
[0, 5, 4]
0.37037037037037035 0.375
itercount --------> 9
[0, 5, 2]
[0, 5, 4]
[0, 5, 1]
[0, 5, 3]
0.375 0.4230769230769231
itercount --------> 10
[0, 4, 1]
0.4230769230769231 0.44
itercount --------> 11
[0, 3, 4]
[0, 3, 1]
[0, 3, 2]
[0, 3, 5]
[0, 3, 7]
0.44 0.48
itercount --------> 12
[0, 2, 3]
[0, 2, 5]
[0, 2, 4]
[0, 2, 6]
[0, 2, 7]
[0, 2, 1]
[0, 2, 3, 5]
[0, 2, 3, 4]
[0, 2, 3, 6]
[0, 2, 3, 7]
[0, 2, 3, 1]
0.48 0.5217391304347826
itercount --------> 13
[3, 5, 0]
[3, 5, 2]
[3, 5, 4]
[3, 5, 6]
[3, 5, 7]
[3, 5, 1]
[3, 5, 0, 2]
[3, 5, 0, 4]
0.5217391304347826 0.5833333333333334
itercount --------> 14
[0, 2, 3]
0.5833333333333334 0.6086956521739131
itercount --------> 15
[0, 2, 3]
[0, 2, 5]
[0, 2, 1]
[0, 2, 4]
[0, 2, 6]
[0, 2, 7]
[0, 2, 3, 5]
[0, 2, 3, 1]
[0, 2, 3, 4]
[0, 2, 3, 6]
[0, 2, 3, 7]
[0, 2, 3, 5, 1]
[0, 2, 3, 5, 4]
[0, 2, 3, 5, 6]
[0, 2, 3, 5, 7]
[0, 2, 3, 5, 1, 4]
0.6086956521739131 0.6363636363636364
itercount --------> 16
[3, 5, 0]
[3, 5, 1]
[3, 5, 2]
[3, 5, 6]
[3, 5, 7]
[3, 5, 4]
[3, 5, 0, 1]
[3, 5, 0, 2]
[3, 5, 0, 6]
[3, 5, 0, 7]
[3, 5, 0, 4]
[3, 5, 0, 1, 2]
[3, 5, 0, 1, 6]
[3, 5, 0, 1, 7]
[3, 5, 0, 1, 4]
[3, 5, 0, 1, 2, 6]
[3, 5, 0, 1, 2, 7]
[3, 5, 0, 1, 2, 4]
[3, 5, 0, 1, 2, 6, 7]
[3, 5, 0, 1, 2, 6, 4]
0.6363636363636364 0.6956521739130435
itercount --------> 17
[5, 7, 0]
[5, 7, 1]
[5, 7, 2]
[5, 7, 6]
[5, 7, 3]
[5, 7, 4]
[5, 7, 0, 1]
[5, 7, 0, 2]
[5, 7, 0, 6]
[5, 7, 0, 3]
[5, 7, 0, 4]
[5, 7, 0, 1, 2]
[5, 7, 0, 1, 6]
[5, 7, 0, 1, 3]
[5, 7, 0, 1, 4]
[5, 7, 0, 1, 2, 6]
[5, 7, 0, 1, 2, 3]
[5, 7, 0, 1, 2, 4]
[5, 7, 0, 1, 2, 6, 3]
[5, 7, 0, 1, 2, 6, 4]
[5, 7, 0, 1, 2, 6, 3, 4]
failed -> 18 times
after fail n ======> 5
[4, 0, 2, 6, 1]
0.08333333333333333 0.14285714285714285
itercount --------> 1
[0, 2, 4]
0.14285714285714285 0.15
itercount --------> 2
[0, 4, 1]
0.15 0.23076923076923078
itercount --------> 3
[4, 3, 7]
[4, 3, 0]
0.23076923076923078 0.2916666666666667
itercount --------> 4
[4, 0, 2]
[4, 0, 3]
0.2916666666666667 0.3076923076923077
itercount --------> 5
[0, 2, 3]
[0, 2, 1]
[0, 2, 4]
[0, 2, 6]
[0, 2, 5]
0.3076923076923077 0.391304347826087
itercount --------> 6
[0, 6, 1]
[0, 6, 2]
0.391304347826087 0.4
itercount --------> 7
[0, 3, 4]
[0, 3, 1]
[0, 3, 6]
[0, 3, 7]
0.4 0.44
itercount --------> 8
[3, 6, 0]
0.44 0.45454545454545453
itercount --------> 9
[0, 2, 1]
[0, 2, 6]
[0, 2, 3]
0.45454545454545453 0.5384615384615384
itercount --------> 10
[3, 5, 4]
[3, 5, 0]
[3, 5, 1]
[3, 5, 2]
[3, 5, 6]
[3, 5, 7]
[3, 5, 4, 0]
[3, 5, 4, 1]
[3, 5, 4, 2]
[3, 5, 4, 6]
[3, 5, 4, 7]
[3, 5, 4, 0, 1]
0.5384615384615384 0.5517241379310345
itercount --------> 11
[3, 4, 5]
[3, 4, 7]
[3, 4, 1]
[3, 4, 0]
[3, 4, 2]
[3, 4, 6]
[3, 4, 5, 7]
[3, 4, 5, 1]
[3, 4, 5, 0]
[3, 4, 5, 2]
[3, 4, 5, 6]
[3, 4, 5, 7, 1]
[3, 4, 5, 7, 0]
[3, 4, 5, 7, 2]
[3, 4, 5, 7, 6]
[3, 4, 5, 7, 1, 0]
[3, 4, 5, 7, 1, 2]
[3, 4, 5, 7, 1, 6]
[3, 4, 5, 7, 1, 0, 2]
[3, 4, 5, 7, 1, 0, 6]
[3, 4, 5, 7, 1, 0, 2, 6]
failed -> 19 times
after fail n ======> 6
[4, 0, 2, 6, 1, 3]
0.08333333333333333 0.08888888888888889
itercount --------> 1
[1, 4, 0]
0.08888888888888889 0.12
itercount --------> 2
[4, 6, 3]
[4, 6, 0]
0.12 0.19444444444444445
itercount --------> 3
[4, 0, 2]
0.19444444444444445 0.25
itercount --------> 4
[2, 0, 4]
[2, 0, 5]
0.25 0.30303030303030304
itercount --------> 5
[0, 2, 4]
[0, 2, 3]
0.30303030303030304 0.3225806451612903
itercount --------> 6
[0, 2, 3]
[0, 2, 4]
[0, 2, 5]
[0, 2, 1]
[0, 2, 7]
[0, 2, 6]
[0, 2, 3, 4]
0.3225806451612903 0.3684210526315789
itercount --------> 7
[0, 2, 4]
[0, 2, 3]
[0, 2, 5]
0.3684210526315789 0.3783783783783784
itercount --------> 8
[2, 0, 4]
[2, 0, 5]
[2, 0, 3]
[2, 0, 1]
0.3783783783783784 0.42424242424242425
itercount --------> 9
[0, 2, 4]
[0, 2, 5]
[0, 2, 3]
[0, 2, 7]
[0, 2, 1]
0.42424242424242425 0.4375
itercount --------> 10
[0, 2, 4]
[0, 2, 3]
[0, 2, 5]
[0, 2, 7]
[0, 2, 1]
[0, 2, 6]
[0, 2, 4, 3]
0.4375 0.45161290322580644
itercount --------> 11
[0, 4, 2]
[0, 4, 3]
[0, 4, 7]
[0, 4, 5]
[0, 4, 1]
[0, 4, 6]
[0, 4, 2, 3]
[0, 4, 2, 7]
0.45161290322580644 0.5
itercount --------> 12
[0, 5, 2]
[0, 5, 3]
[0, 5, 7]
[0, 5, 4]
[0, 5, 1]
[0, 5, 6]
[0, 5, 2, 3]
[0, 5, 2, 7]
[0, 5, 2, 4]
[0, 5, 2, 1]
[0, 5, 2, 6]
[0, 5, 2, 3, 7]
[0, 5, 2, 3, 4]
0.5 0.5416666666666666
itercount --------> 13
[0, 2, 4]
[0, 2, 7]
[0, 2, 1]
[0, 2, 3]
[0, 2, 5]
[0, 2, 6]
[0, 2, 4, 7]
[0, 2, 4, 1]
0.5416666666666666 0.5652173913043478
itercount --------> 14
[0, 2, 4]
[0, 2, 7]
[0, 2, 1]
[0, 2, 3]
[0, 2, 5]
[0, 2, 6]
[0, 2, 4, 7]
[0, 2, 4, 1]
[0, 2, 4, 3]
[0, 2, 4, 5]
[0, 2, 4, 6]
[0, 2, 4, 7, 1]
[0, 2, 4, 7, 3]
[0, 2, 4, 7, 5]
[0, 2, 4, 7, 6]
[0, 2, 4, 7, 1, 3]
[0, 2, 4, 7, 1, 5]
[0, 2, 4, 7, 1, 6]
[0, 2, 4, 7, 1, 3, 5]
[0, 2, 4, 7, 1, 3, 6]
[0, 2, 4, 7, 1, 3, 5, 6]
failed -> 20 times
after fail n ======> 7
[4, 0, 2, 6, 1, 3, 5]
0.08333333333333333 0.125
itercount --------> 1
[2, 0, 1]
0.125 0.13333333333333333
itercount --------> 2
[3, 4, 1]
0.13333333333333333 0.13953488372093023
itercount --------> 3
[1, 3, 4]
0.13953488372093023 0.14634146341463414
itercount --------> 4
[1, 4, 0]
[1, 4, 6]
0.14634146341463414 0.18032786885245902
itercount --------> 5
[0, 4, 1]
0.18032786885245902 0.2
itercount --------> 6
[0, 4, 2]
[0, 4, 3]
0.2 0.2571428571428571
itercount --------> 7
[0, 2, 1]
[0, 2, 3]
[0, 2, 4]
[0, 2, 5]
[0, 2, 7]
0.2571428571428571 0.25925925925925924
itercount --------> 8
[0, 2, 7]
[0, 2, 5]
0.25925925925925924 0.36363636363636365
itercount --------> 9
[7, 0, 2]
[7, 0, 1]
0.36363636363636365 0.38461538461538464
itercount --------> 10
[1, 3, 7]
[1, 3, 0]
[1, 3, 2]
0.38461538461538464 0.45454545454545453
itercount --------> 11
[0, 2, 1]
[0, 2, 5]
[0, 2, 4]
0.45454545454545453 0.6363636363636364
itercount --------> 12
[0, 2, 1]
[0, 2, 5]
[0, 2, 7]
[0, 2, 3]
[0, 2, 4]
[0, 2, 6]
[0, 2, 1, 5]
[0, 2, 1, 7]
[0, 2, 1, 3]
[0, 2, 1, 4]
[0, 2, 1, 6]
[0, 2, 1, 5, 7]
[0, 2, 1, 5, 3]
[0, 2, 1, 5, 4]
[0, 2, 1, 5, 6]
[0, 2, 1, 5, 7, 3]
0.6363636363636364 0.6521739130434783
itercount --------> 13
[0, 2, 5]
[0, 2, 1]
[0, 2, 7]
[0, 2, 3]
[0, 2, 6]
[0, 2, 4]
[0, 2, 5, 1]
[0, 2, 5, 7]
[0, 2, 5, 3]
[0, 2, 5, 6]
[0, 2, 5, 4]
0.6521739130434783 0.6666666666666666
itercount --------> 14
[0, 2, 5]
[0, 2, 1]
[0, 2, 6]
[0, 2, 7]
[0, 2, 3]
[0, 2, 4]
[0, 2, 5, 1]
[0, 2, 5, 6]
[0, 2, 5, 7]
[0, 2, 5, 3]
[0, 2, 5, 4]
[0, 2, 5, 1, 6]
[0, 2, 5, 1, 7]
[0, 2, 5, 1, 3]
[0, 2, 5, 1, 4]
[0, 2, 5, 1, 6, 7]
[0, 2, 5, 1, 6, 3]
[0, 2, 5, 1, 6, 4]
[0, 2, 5, 1, 6, 7, 3]
[0, 2, 5, 1, 6, 7, 4]
[0, 2, 5, 1, 6, 7, 3, 4]
failed -> 21 times
after fail n ======> 8
[4, 0, 2, 6, 1, 3, 5, 7]
0.08333333333333333 0.1
itercount --------> 1
[4, 6, 0]
0.1 0.10344827586206896
itercount --------> 2
[6, 4, 2]
0.10344827586206896 0.12
itercount --------> 3
[4, 6, 5]
0.12 0.16
itercount --------> 4
[4, 5, 6]
[4, 5, 2]
[4, 5, 7]
[4, 5, 1]
[4, 5, 3]
[4, 5, 0]
0.16 0.21875
itercount --------> 5
[4, 0, 2]
[4, 0, 5]
[4, 0, 3]
0.21875 0.23529411764705882
itercount --------> 6
[2, 4, 0]
0.23529411764705882 0.28
itercount --------> 7
[4, 0, 5]
[4, 0, 3]
[4, 0, 6]
[4, 0, 1]
0.28 0.3181818181818182
itercount --------> 8
[0, 4, 5]
[0, 4, 6]
[0, 4, 3]
[0, 4, 2]
[0, 4, 1]
[0, 4, 7]
0.3181818181818182 0.3333333333333333
itercount --------> 9
[4, 6, 5]
[4, 6, 0]
[4, 6, 3]
[4, 6, 2]
[4, 6, 1]
[4, 6, 7]
[4, 6, 5, 0]
[4, 6, 5, 3]
[4, 6, 5, 2]
[4, 6, 5, 1]
[4, 6, 5, 7]
[4, 6, 5, 0, 3]
0.3333333333333333 0.35714285714285715
itercount --------> 10
[4, 6, 3]
[4, 6, 0]
[4, 6, 5]
[4, 6, 2]
[4, 6, 1]
[4, 6, 7]
[4, 6, 3, 0]
0.35714285714285715 0.39285714285714285
itercount --------> 11
[4, 3, 6]
[4, 3, 5]
[4, 3, 0]
[4, 3, 1]
[4, 3, 7]
0.39285714285714285 0.4074074074074074
itercount --------> 12
[4, 3, 6]
[4, 3, 5]
[4, 3, 0]
[4, 3, 1]
[4, 3, 2]
[4, 3, 7]
[4, 3, 6, 5]
[4, 3, 6, 0]
[4, 3, 6, 1]
[4, 3, 6, 2]
[4, 3, 6, 7]
[4, 3, 6, 5, 0]
[4, 3, 6, 5, 1]
[4, 3, 6, 5, 2]
[4, 3, 6, 5, 7]
0.4074074074074074 0.4090909090909091
itercount --------> 13
[6, 3, 7]
[6, 3, 5]
[6, 3, 4]
[6, 3, 0]
[6, 3, 1]
0.4090909090909091 0.52
itercount --------> 14
[3, 4, 7]
[3, 4, 1]
0.52 0.5384615384615384
itercount --------> 15
[4, 7, 1]
[4, 7, 3]
[4, 7, 0]
0.5384615384615384 0.5555555555555556
itercount --------> 16
[4, 1, 0]
[4, 1, 3]
[4, 1, 7]
[4, 1, 6]
[4, 1, 5]
[4, 1, 2]
0.5555555555555556 0.625
itercount --------> 17
[3, 4, 1]
[3, 4, 7]
[3, 4, 5]
[3, 4, 6]
[3, 4, 0]
[3, 4, 2]
[3, 4, 1, 7]
[3, 4, 1, 5]
[3, 4, 1, 6]
0.625 0.7083333333333334
itercount --------> 18
[3, 1, 5]
[3, 1, 7]
[3, 1, 0]
[3, 1, 2]
[3, 1, 4]
[3, 1, 6]
[3, 1, 5, 7]
[3, 1, 5, 0]
[3, 1, 5, 2]
[3, 1, 5, 4]
[3, 1, 5, 6]
[3, 1, 5, 7, 0]
[3, 1, 5, 7, 2]
0.7083333333333334 0.7142857142857143
itercount --------> 19
[0, 1, 2]
[0, 1, 5]
[0, 1, 7]
[0, 1, 3]
[0, 1, 4]
[0, 1, 6]
[0, 1, 2, 5]
[0, 1, 2, 7]
[0, 1, 2, 3]
[0, 1, 2, 4]
[0, 1, 2, 6]
[0, 1, 2, 5, 7]
[0, 1, 2, 5, 3]
[0, 1, 2, 5, 4]
[0, 1, 2, 5, 6]
[0, 1, 2, 5, 7, 3]
[0, 1, 2, 5, 7, 4]
[0, 1, 2, 5, 7, 6]
[0, 1, 2, 5, 7, 3, 4]
[0, 1, 2, 5, 7, 3, 6]
[0, 1, 2, 5, 7, 3, 4, 6]
failed -> 22 times
after fail n ======> 5
[4, 0, 2, 6, 1]
0.08333333333333333 0.08888888888888889
itercount --------> 1
[1, 4, 2]
[1, 4, 3]
0.08888888888888889 0.08928571428571429
itercount --------> 2
[1, 2, 0]
0.08928571428571429 0.15625
itercount --------> 3
[1, 4, 0]
0.15625 0.16666666666666666
itercount --------> 4
[0, 6, 1]
[0, 6, 2]
[0, 6, 3]
0.16666666666666666 0.23333333333333334
itercount --------> 5
[0, 1, 3]
0.23333333333333334 0.3076923076923077
itercount --------> 6
[0, 4, 2]
[0, 4, 3]
0.3076923076923077 0.32142857142857145
itercount --------> 7
[0, 4, 5]
0.32142857142857145 0.4444444444444444
itercount --------> 8
[0, 2, 4]
0.4444444444444444 0.5
itercount --------> 9
[0, 2, 5]
[0, 2, 1]
[0, 2, 3]
[0, 2, 7]
[0, 2, 6]
[0, 2, 4]
[0, 2, 5, 1]
[0, 2, 5, 3]
[0, 2, 5, 7]
[0, 2, 5, 6]
[0, 2, 5, 4]
[0, 2, 5, 1, 3]
0.5 0.5217391304347826
itercount --------> 10
[0, 2, 1]
[0, 2, 5]
[0, 2, 6]
[0, 2, 3]
[0, 2, 7]
[0, 2, 4]
[0, 2, 1, 5]
[0, 2, 1, 6]
[0, 2, 1, 3]
[0, 2, 1, 7]
0.5217391304347826 0.5454545454545454
itercount --------> 11
[2, 1, 5]
[2, 1, 0]
[2, 1, 3]
[2, 1, 4]
[2, 1, 6]
[2, 1, 7]
[2, 1, 5, 0]
[2, 1, 5, 3]
[2, 1, 5, 4]
0.5454545454545454 0.5652173913043478
itercount --------> 12
[5, 0, 2]
[5, 0, 3]
[5, 0, 4]
[5, 0, 7]
[5, 0, 1]
[5, 0, 6]
[5, 0, 2, 3]
[5, 0, 2, 4]
[5, 0, 2, 7]
[5, 0, 2, 1]
[5, 0, 2, 6]
[5, 0, 2, 3, 4]
[5, 0, 2, 3, 7]
0.5652173913043478 0.6086956521739131
itercount --------> 13
[0, 2, 5]
[0, 2, 4]
[0, 2, 7]
[0, 2, 1]
[0, 2, 3]
[0, 2, 6]
[0, 2, 5, 4]
[0, 2, 5, 7]
[0, 2, 5, 1]
[0, 2, 5, 3]
[0, 2, 5, 6]
[0, 2, 5, 4, 7]
[0, 2, 5, 4, 1]
[0, 2, 5, 4, 3]
[0, 2, 5, 4, 6]
[0, 2, 5, 4, 7, 1]
0.6086956521739131 0.6363636363636364
itercount --------> 14
[5, 0, 2]
[5, 0, 4]
[5, 0, 7]
[5, 0, 1]
[5, 0, 3]
[5, 0, 6]
[5, 0, 2, 4]
[5, 0, 2, 7]
[5, 0, 2, 1]
[5, 0, 2, 3]
[5, 0, 2, 6]
[5, 0, 2, 4, 7]
[5, 0, 2, 4, 1]
[5, 0, 2, 4, 3]
[5, 0, 2, 4, 6]
[5, 0, 2, 4, 7, 1]
[5, 0, 2, 4, 7, 3]
[5, 0, 2, 4, 7, 6]
[5, 0, 2, 4, 7, 1, 3]
[5, 0, 2, 4, 7, 1, 6]
[5, 0, 2, 4, 7, 1, 3, 6]
0.6363636363636364 0.6956521739130435
itercount --------> 15
[5, 7, 0]
[5, 7, 1]
[5, 7, 2]
[5, 7, 6]
[5, 7, 3]
[5, 7, 4]
[5, 7, 0, 1]
[5, 7, 0, 2]
[5, 7, 0, 6]
[5, 7, 0, 3]
[5, 7, 0, 4]
[5, 7, 0, 1, 2]
[5, 7, 0, 1, 6]
[5, 7, 0, 1, 3]
[5, 7, 0, 1, 4]
[5, 7, 0, 1, 2, 6]
[5, 7, 0, 1, 2, 3]
[5, 7, 0, 1, 2, 4]
[5, 7, 0, 1, 2, 6, 3]
[5, 7, 0, 1, 2, 6, 4]
[5, 7, 0, 1, 2, 6, 3, 4]
failed -> 23 times
after fail n ======> 6
[4, 0, 2, 6, 1, 3]
0.08333333333333333 0.14285714285714285
itercount --------> 1
[0, 2, 4]
0.14285714285714285 0.20689655172413793
itercount --------> 2
[4, 3, 0]
0.20689655172413793 0.21621621621621623
itercount --------> 3
[0, 4, 1]
[0, 4, 3]
[0, 4, 5]
0.21621621621621623 0.24
itercount --------> 4
[4, 3, 5]
0.24 0.32
itercount --------> 5
[4, 5, 3]
[4, 5, 6]
[4, 5, 0]
[4, 5, 1]
0.32 0.34782608695652173
itercount --------> 6
[4, 3, 5]
[4, 3, 6]
0.34782608695652173 0.36
itercount --------> 7
[5, 0, 2]
0.36 0.36666666666666664
itercount --------> 8
[4, 5, 0]
[4, 5, 2]
[4, 5, 6]
[4, 5, 3]
0.36666666666666664 0.4117647058823529
itercount --------> 9
[4, 0, 2]
[4, 0, 7]
0.4117647058823529 0.43478260869565216
itercount --------> 10
[4, 7, 1]
0.43478260869565216 0.45161290322580644
itercount --------> 11
[7, 4, 1]
[7, 4, 3]
[7, 4, 0]
[7, 4, 2]
[7, 4, 5]
[7, 4, 6]
[7, 4, 1, 3]
0.45161290322580644 0.48484848484848486
itercount --------> 12
[4, 3, 7]
[4, 3, 0]
[4, 3, 2]
[4, 3, 5]
[4, 3, 1]
[4, 3, 6]
[4, 3, 7, 0]
[4, 3, 7, 2]
[4, 3, 7, 5]
[4, 3, 7, 1]
[4, 3, 7, 6]
[4, 3, 7, 0, 2]
[4, 3, 7, 0, 5]
[4, 3, 7, 0, 1]
0.48484848484848486 0.5517241379310345
itercount --------> 13
[3, 4, 5]
[3, 4, 7]
[3, 4, 1]
[3, 4, 0]
[3, 4, 2]
[3, 4, 6]
[3, 4, 5, 7]
[3, 4, 5, 1]
[3, 4, 5, 0]
[3, 4, 5, 2]
[3, 4, 5, 6]
[3, 4, 5, 7, 1]
[3, 4, 5, 7, 0]
[3, 4, 5, 7, 2]
[3, 4, 5, 7, 6]
[3, 4, 5, 7, 1, 0]
[3, 4, 5, 7, 1, 2]
[3, 4, 5, 7, 1, 6]
[3, 4, 5, 7, 1, 0, 2]
[3, 4, 5, 7, 1, 0, 6]
[3, 4, 5, 7, 1, 0, 2, 6]
failed -> 24 times
after fail n ======> 7
[4, 0, 2, 6, 1, 3, 5]
0.08333333333333333 0.14285714285714285
itercount --------> 1
[6, 0, 3]
0.14285714285714285 0.16129032258064516
itercount --------> 2
[2, 0, 6]
[2, 0, 3]
0.16129032258064516 0.18181818181818182
itercount --------> 3
[6, 4, 3]
0.18181818181818182 0.20833333333333334
itercount --------> 4
[4, 6, 0]
0.20833333333333334 0.21739130434782608
itercount --------> 5
[6, 0, 4]
0.21739130434782608 0.23809523809523808
itercount --------> 6
[0, 2, 6]
[0, 2, 1]
[0, 2, 5]
[0, 2, 7]
[0, 2, 3]
0.23809523809523808 0.3333333333333333
itercount --------> 7
[0, 2, 6]
[0, 2, 1]
[0, 2, 5]
[0, 2, 7]
[0, 2, 3]
[0, 2, 4]
[0, 2, 6, 1]
[0, 2, 6, 5]
[0, 2, 6, 7]
[0, 2, 6, 3]
[0, 2, 6, 4]
[0, 2, 6, 1, 5]
[0, 2, 6, 1, 7]
[0, 2, 6, 1, 3]
[0, 2, 6, 1, 4]
[0, 2, 6, 1, 5, 7]
[0, 2, 6, 1, 5, 3]
[0, 2, 6, 1, 5, 4]
[0, 2, 6, 1, 5, 7, 3]
[0, 2, 6, 1, 5, 7, 4]
[0, 2, 6, 1, 5, 7, 3, 4]
failed -> 25 times
after fail n ======> 8
[4, 0, 2, 6, 1, 3, 5, 7]
0.08333333333333333 0.1111111111111111
itercount --------> 1
[0, 2, 4]
0.1111111111111111 0.17777777777777778
itercount --------> 2
[2, 0, 4]
0.17777777777777778 0.19047619047619047
itercount --------> 3
[4, 3, 0]
0.19047619047619047 0.1956521739130435
itercount --------> 4
[4, 0, 3]
[4, 0, 2]
[4, 0, 5]
0.1956521739130435 0.22448979591836735
itercount --------> 5
[0, 4, 3]
0.22448979591836735 0.25
itercount --------> 6
[0, 2, 4]
[0, 2, 3]
[0, 2, 7]
[0, 2, 5]
[0, 2, 1]
0.25 0.30303030303030304
itercount --------> 7
[0, 7, 3]
0.30303030303030304 0.34615384615384615
itercount --------> 8
[0, 7, 6]
0.34615384615384615 0.5
itercount --------> 9
[0, 2, 6]
[0, 2, 7]
[0, 2, 1]
[0, 2, 3]
[0, 2, 5]
[0, 2, 4]
[0, 2, 6, 7]
[0, 2, 6, 1]
[0, 2, 6, 3]
[0, 2, 6, 5]
[0, 2, 6, 4]
[0, 2, 6, 7, 1]
[0, 2, 6, 7, 3]
0.5 0.5454545454545454
itercount --------> 10
[0, 2, 1]
[0, 2, 7]
[0, 2, 4]
[0, 2, 5]
[0, 2, 6]
[0, 2, 3]
[0, 2, 1, 7]
[0, 2, 1, 4]
[0, 2, 1, 5]
0.5454545454545454 0.5909090909090909
itercount --------> 11
[1, 4, 5]
[1, 4, 7]
[1, 4, 0]
[1, 4, 2]
[1, 4, 6]
[1, 4, 3]
[1, 4, 5, 7]
[1, 4, 5, 0]
[1, 4, 5, 2]
[1, 4, 5, 6]
[1, 4, 5, 3]
[1, 4, 5, 7, 0]
[1, 4, 5, 7, 2]
[1, 4, 5, 7, 6]
[1, 4, 5, 7, 3]
[1, 4, 5, 7, 0, 2]
[1, 4, 5, 7, 0, 6]
[1, 4, 5, 7, 0, 3]
[1, 4, 5, 7, 0, 2, 6]
[1, 4, 5, 7, 0, 2, 3]
[1, 4, 5, 7, 0, 2, 6, 3]
failed -> 26 times
after fail n ======> 5
[4, 0, 2, 6, 1]
0.08333333333333333 0.10526315789473684
itercount --------> 1
[2, 0, 6]
0.10526315789473684 0.14814814814814814
itercount --------> 2
[2, 6, 4]
0.14814814814814814 0.17391304347826086
itercount --------> 3
[0, 2, 1]
[0, 2, 6]
[0, 2, 7]
[0, 2, 5]
0.17391304347826086 0.2
itercount --------> 4
[6, 2, 0]
[6, 2, 3]
0.2 0.2692307692307692
itercount --------> 5
[6, 2, 0]
[6, 2, 1]
[6, 2, 5]
[6, 2, 7]
[6, 2, 3]
[6, 2, 4]
[6, 2, 0, 1]
0.2692307692307692 0.30434782608695654
itercount --------> 6
[6, 2, 4]
[6, 2, 5]
[6, 2, 0]
0.30434782608695654 0.3333333333333333
itercount --------> 7
[0, 2, 6]
0.3333333333333333 0.391304347826087
itercount --------> 8
[6, 2, 4]
[6, 2, 5]
0.391304347826087 0.4166666666666667
itercount --------> 9
[2, 4, 5]
0.4166666666666667 0.45454545454545453
itercount --------> 10
[2, 5, 6]
[2, 5, 4]
[2, 5, 0]
[2, 5, 3]
[2, 5, 1]
[2, 5, 7]
[2, 5, 6, 4]
[2, 5, 6, 0]
0.45454545454545453 0.47619047619047616
itercount --------> 11
[0, 2, 1]
[0, 2, 5]
[0, 2, 7]
[0, 2, 3]
[0, 2, 6]
[0, 2, 4]
[0, 2, 1, 5]
[0, 2, 1, 7]
[0, 2, 1, 3]
[0, 2, 1, 6]
[0, 2, 1, 4]
[0, 2, 1, 5, 7]
[0, 2, 1, 5, 3]
0.47619047619047616 0.6666666666666666
itercount --------> 12
[0, 2, 1]
[0, 2, 5]
[0, 2, 7]
[0, 2, 3]
[0, 2, 4]
[0, 2, 6]
[0, 2, 1, 5]
[0, 2, 1, 7]
[0, 2, 1, 3]
[0, 2, 1, 4]
[0, 2, 1, 6]
[0, 2, 1, 5, 7]
[0, 2, 1, 5, 3]
[0, 2, 1, 5, 4]
[0, 2, 1, 5, 6]
[0, 2, 1, 5, 7, 3]
0.6666666666666666 0.7142857142857143
itercount --------> 13
[0, 2, 1]
[0, 2, 5]
[0, 2, 7]
[0, 2, 4]
[0, 2, 6]
[0, 2, 3]
[0, 2, 1, 5]
[0, 2, 1, 7]
[0, 2, 1, 4]
[0, 2, 1, 6]
[0, 2, 1, 3]
[0, 2, 1, 5, 7]
[0, 2, 1, 5, 4]
[0, 2, 1, 5, 6]
[0, 2, 1, 5, 3]
[0, 2, 1, 5, 7, 4]
[0, 2, 1, 5, 7, 6]
[0, 2, 1, 5, 7, 3]
[0, 2, 1, 5, 7, 4, 6]
[0, 2, 1, 5, 7, 4, 3]
[0, 2, 1, 5, 7, 4, 6, 3]
failed -> 27 times
after fail n ======> 6
[4, 0, 2, 6, 1, 3]
0.08333333333333333 0.09090909090909091
itercount --------> 1
[4, 0, 6]
0.09090909090909091 0.13333333333333333
itercount --------> 2
[0, 2, 6]
0.13333333333333333 0.17391304347826086
itercount --------> 3
[0, 2, 1]
[0, 2, 6]
[0, 2, 7]
[0, 2, 5]
0.17391304347826086 0.22727272727272727
itercount --------> 4
[0, 2, 1]
[0, 2, 6]
[0, 2, 7]
[0, 2, 3]
0.22727272727272727 0.2916666666666667
itercount --------> 5
[2, 6, 0]
[2, 6, 1]
0.2916666666666667 0.3181818181818182
itercount --------> 6
[0, 2, 1]
[0, 2, 6]
0.3181818181818182 0.4
itercount --------> 7
[2, 0, 5]
0.4 0.4166666666666667
itercount --------> 8
[2, 5, 0]
0.4166666666666667 0.43478260869565216
itercount --------> 9
[2, 5, 0]
0.43478260869565216 0.56
itercount --------> 10
[2, 0, 1]
[2, 0, 5]
[2, 0, 3]
[2, 0, 7]
[2, 0, 4]
[2, 0, 6]
[2, 0, 1, 5]
[2, 0, 1, 3]
0.56 0.5833333333333334
itercount --------> 11
[0, 2, 1]
[0, 2, 5]
[0, 2, 6]
[0, 2, 7]
[0, 2, 3]
[0, 2, 4]
[0, 2, 1, 5]
[0, 2, 1, 6]
[0, 2, 1, 7]
[0, 2, 1, 3]
[0, 2, 1, 4]
[0, 2, 1, 5, 6]
[0, 2, 1, 5, 7]
[0, 2, 1, 5, 3]
[0, 2, 1, 5, 4]
[0, 2, 1, 5, 6, 7]
[0, 2, 1, 5, 6, 3]
[0, 2, 1, 5, 6, 4]
0.5833333333333334 0.6
itercount --------> 12
[0, 2, 1]
[0, 2, 7]
[0, 2, 5]
[0, 2, 6]
0.6 0.625
itercount --------> 13
[0, 2, 5]
[0, 2, 7]
[0, 2, 1]
[0, 2, 4]
[0, 2, 3]
[0, 2, 6]
[0, 2, 5, 7]
[0, 2, 5, 1]
[0, 2, 5, 4]
0.625 0.6521739130434783
itercount --------> 14
[0, 2, 5]
[0, 2, 7]
[0, 2, 1]
[0, 2, 4]
[0, 2, 3]
[0, 2, 6]
[0, 2, 5, 7]
[0, 2, 5, 1]
[0, 2, 5, 4]
[0, 2, 5, 3]
[0, 2, 5, 6]
[0, 2, 5, 7, 1]
0.6521739130434783 0.6818181818181818
itercount --------> 15
[5, 7, 0]
[5, 7, 2]
[5, 7, 1]
[5, 7, 4]
[5, 7, 3]
[5, 7, 6]
[5, 7, 0, 2]
[5, 7, 0, 1]
[5, 7, 0, 4]
[5, 7, 0, 3]
[5, 7, 0, 6]
[5, 7, 0, 2, 1]
[5, 7, 0, 2, 4]
[5, 7, 0, 2, 3]
[5, 7, 0, 2, 6]
[5, 7, 0, 2, 1, 4]
[5, 7, 0, 2, 1, 3]
0.6818181818181818 0.6956521739130435
itercount --------> 16
[5, 7, 0]
[5, 7, 1]
[5, 7, 2]
[5, 7, 6]
[5, 7, 3]
[5, 7, 4]
[5, 7, 0, 1]
[5, 7, 0, 2]
[5, 7, 0, 6]
[5, 7, 0, 3]
[5, 7, 0, 4]
[5, 7, 0, 1, 2]
[5, 7, 0, 1, 6]
[5, 7, 0, 1, 3]
[5, 7, 0, 1, 4]
[5, 7, 0, 1, 2, 6]
[5, 7, 0, 1, 2, 3]
[5, 7, 0, 1, 2, 4]
[5, 7, 0, 1, 2, 6, 3]
[5, 7, 0, 1, 2, 6, 4]
[5, 7, 0, 1, 2, 6, 3, 4]
failed -> 28 times
after fail n ======> 7
[4, 0, 2, 6, 1, 3, 5]
0.08333333333333333 0.1
itercount --------> 1
[1, 0, 2]
[1, 0, 4]
[1, 0, 7]
[1, 0, 3]
0.1 0.10204081632653061
itercount --------> 2
[0, 2, 6]
0.10204081632653061 0.125
itercount --------> 3
[0, 2, 5]
[0, 2, 6]
[0, 2, 7]
[0, 2, 1]
0.125 0.23684210526315788
itercount --------> 4
[0, 5, 1]
0.23684210526315788 0.4642857142857143
itercount --------> 5
[0, 2, 6]
[0, 2, 1]
[0, 2, 3]
[0, 2, 5]
[0, 2, 7]
[0, 2, 4]
[0, 2, 6, 1]
0.4642857142857143 0.52
itercount --------> 6
[0, 2, 6]
[0, 2, 1]
[0, 2, 5]
[0, 2, 7]
[0, 2, 3]
[0, 2, 4]
[0, 2, 6, 1]
[0, 2, 6, 5]
[0, 2, 6, 7]
[0, 2, 6, 3]
0.52 0.6
itercount --------> 7
[0, 2, 1]
[0, 2, 7]
0.6 0.625
itercount --------> 8
[0, 2, 1]
[0, 2, 7]
[0, 2, 5]
0.625 0.6521739130434783
itercount --------> 9
[0, 2, 5]
[0, 2, 7]
[0, 2, 1]
[0, 2, 4]
[0, 2, 3]
[0, 2, 6]
[0, 2, 5, 7]
[0, 2, 5, 1]
[0, 2, 5, 4]
[0, 2, 5, 3]
[0, 2, 5, 6]
[0, 2, 5, 7, 1]
[0, 2, 5, 7, 4]
[0, 2, 5, 7, 3]
0.6521739130434783 0.6666666666666666
itercount --------> 10
[5, 0, 2]
[5, 0, 7]
[5, 0, 1]
[5, 0, 6]
[5, 0, 3]
[5, 0, 4]
[5, 0, 2, 7]
[5, 0, 2, 1]
[5, 0, 2, 6]
[5, 0, 2, 3]
[5, 0, 2, 4]
[5, 0, 2, 7, 1]
[5, 0, 2, 7, 6]
[5, 0, 2, 7, 3]
[5, 0, 2, 7, 4]
[5, 0, 2, 7, 1, 6]
[5, 0, 2, 7, 1, 3]
[5, 0, 2, 7, 1, 4]
[5, 0, 2, 7, 1, 6, 3]
[5, 0, 2, 7, 1, 6, 4]
[5, 0, 2, 7, 1, 6, 3, 4]
failed -> 29 times
after fail n ======> 8
[4, 0, 2, 6, 1, 3, 5, 7]
0.08333333333333333 0.09090909090909091
itercount --------> 1
[4, 0, 6]
0.09090909090909091 0.2
itercount --------> 2
[4, 2, 0]
[4, 2, 3]
0.2 0.20689655172413793
itercount --------> 3
[4, 2, 3]
0.20689655172413793 0.21212121212121213
itercount --------> 4
[2, 4, 0]
0.21212121212121213 0.32
itercount --------> 5
[2, 4, 0]
[2, 4, 3]
[2, 4, 5]
0.32 0.391304347826087
itercount --------> 6
[2, 6, 0]
[2, 6, 3]
0.391304347826087 0.5217391304347826
itercount --------> 7
[5, 7, 4]
[5, 7, 3]
[5, 7, 0]
[5, 7, 2]
[5, 7, 6]
[5, 7, 1]
[5, 7, 4, 3]
[5, 7, 4, 0]
0.5217391304347826 0.5384615384615384
itercount --------> 8
[4, 7, 0]
[4, 7, 1]
[4, 7, 2]
[4, 7, 3]
[4, 7, 6]
[4, 7, 5]
[4, 7, 0, 1]
[4, 7, 0, 2]
[4, 7, 0, 3]
[4, 7, 0, 6]
[4, 7, 0, 5]
[4, 7, 0, 1, 2]
[4, 7, 0, 1, 3]
0.5384615384615384 0.5517241379310345
itercount --------> 9
[3, 4, 5]
[3, 4, 7]
[3, 4, 1]
[3, 4, 0]
[3, 4, 2]
[3, 4, 6]
[3, 4, 5, 7]
[3, 4, 5, 1]
[3, 4, 5, 0]
[3, 4, 5, 2]
[3, 4, 5, 6]
[3, 4, 5, 7, 1]
[3, 4, 5, 7, 0]
[3, 4, 5, 7, 2]
[3, 4, 5, 7, 6]
[3, 4, 5, 7, 1, 0]
[3, 4, 5, 7, 1, 2]
[3, 4, 5, 7, 1, 6]
[3, 4, 5, 7, 1, 0, 2]
[3, 4, 5, 7, 1, 0, 6]
[3, 4, 5, 7, 1, 0, 2, 6]
failed -> 30 times
after fail n ======> 5
[4, 0, 2, 6, 1]
0.08333333333333333 0.14285714285714285
itercount --------> 1
[0, 2, 4]
0.14285714285714285 0.23529411764705882
itercount --------> 2
[4, 0, 2]
[4, 0, 3]
0.23529411764705882 0.2413793103448276
itercount --------> 3
[4, 0, 2]
[4, 0, 5]
0.2413793103448276 0.38461538461538464
itercount --------> 4
[4, 6, 0]
[4, 6, 5]
[4, 6, 1]
[4, 6, 2]
[4, 6, 7]
[4, 6, 3]
[4, 6, 0, 5]
[4, 6, 0, 1]
0.38461538461538464 0.4074074074074074
itercount --------> 5
[1, 0, 4]
[1, 0, 2]
0.4074074074074074 0.5
itercount --------> 6
[0, 1, 4]
[0, 1, 2]
0.5 0.5652173913043478
itercount --------> 7
[0, 2, 1]
[0, 2, 3]
[0, 2, 5]
[0, 2, 7]
[0, 2, 4]
[0, 2, 6]
[0, 2, 1, 3]
[0, 2, 1, 5]
[0, 2, 1, 7]
[0, 2, 1, 4]
[0, 2, 1, 6]
[0, 2, 1, 3, 5]
[0, 2, 1, 3, 7]
0.5652173913043478 0.6086956521739131
itercount --------> 8
[0, 3, 5]
[0, 3, 1]
[0, 3, 2]
[0, 3, 6]
[0, 3, 7]
[0, 3, 4]
[0, 3, 5, 1]
[0, 3, 5, 2]
[0, 3, 5, 6]
[0, 3, 5, 7]
[0, 3, 5, 4]
[0, 3, 5, 1, 2]
[0, 3, 5, 1, 6]
[0, 3, 5, 1, 7]
[0, 3, 5, 1, 4]
[0, 3, 5, 1, 2, 6]
[0, 3, 5, 1, 2, 7]
[0, 3, 5, 1, 2, 4]
[0, 3, 5, 1, 2, 6, 7]
[0, 3, 5, 1, 2, 6, 4]
0.6086956521739131 0.64
itercount --------> 9
[0, 2, 5]
[0, 2, 1]
[0, 2, 6]
0.64 0.6666666666666666
itercount --------> 10
[5, 0, 2]
[5, 0, 7]
[5, 0, 1]
[5, 0, 6]
[5, 0, 3]
[5, 0, 4]
[5, 0, 2, 7]
[5, 0, 2, 1]
[5, 0, 2, 6]
[5, 0, 2, 3]
[5, 0, 2, 4]
[5, 0, 2, 7, 1]
[5, 0, 2, 7, 6]
[5, 0, 2, 7, 3]
[5, 0, 2, 7, 4]
[5, 0, 2, 7, 1, 6]
[5, 0, 2, 7, 1, 3]
[5, 0, 2, 7, 1, 4]
[5, 0, 2, 7, 1, 6, 3]
0.6666666666666666 0.6956521739130435
itercount --------> 11
[5, 7, 0]
[5, 7, 1]
[5, 7, 2]
[5, 7, 6]
[5, 7, 3]
[5, 7, 4]
[5, 7, 0, 1]
[5, 7, 0, 2]
[5, 7, 0, 6]
[5, 7, 0, 3]
[5, 7, 0, 4]
[5, 7, 0, 1, 2]
[5, 7, 0, 1, 6]
[5, 7, 0, 1, 3]
[5, 7, 0, 1, 4]
[5, 7, 0, 1, 2, 6]
[5, 7, 0, 1, 2, 3]
[5, 7, 0, 1, 2, 4]
[5, 7, 0, 1, 2, 6, 3]
[5, 7, 0, 1, 2, 6, 4]
[5, 7, 0, 1, 2, 6, 3, 4]
failed -> 31 times
after fail n ======> 6
[4, 0, 2, 6, 1, 3]
0.08333333333333333 0.10344827586206896
itercount --------> 1
[0, 2, 4]
[0, 2, 1]
0.10344827586206896 0.19230769230769232
itercount --------> 2
[4, 3, 0]
0.19230769230769232 0.21428571428571427
itercount --------> 3
[4, 0, 6]
0.21428571428571427 0.2222222222222222
itercount --------> 4
[0, 2, 1]
[0, 2, 3]
0.2222222222222222 0.2647058823529412
itercount --------> 5
[2, 0, 1]
0.2647058823529412 0.32142857142857145
itercount --------> 6
[0, 2, 3]
[0, 2, 4]
[0, 2, 1]
[0, 2, 5]
0.32142857142857145 0.35294117647058826
itercount --------> 7
[0, 2, 3]
0.35294117647058826 0.43478260869565216
itercount --------> 8
[0, 2, 1]
[0, 2, 3]
0.43478260869565216 0.48
itercount --------> 9
[0, 2, 1]
[0, 2, 6]
[0, 2, 3]
[0, 2, 5]
[0, 2, 7]
[0, 2, 4]
[0, 2, 1, 6]
[0, 2, 1, 3]
[0, 2, 1, 5]
[0, 2, 1, 7]
[0, 2, 1, 4]
[0, 2, 1, 6, 3]
0.48 0.5217391304347826
itercount --------> 10
[0, 2, 5]
[0, 2, 1]
[0, 2, 3]
[0, 2, 4]
[0, 2, 6]
[0, 2, 7]
[0, 2, 5, 1]
[0, 2, 5, 3]
[0, 2, 5, 4]
[0, 2, 5, 6]
[0, 2, 5, 7]
0.5217391304347826 0.5454545454545454
itercount --------> 11
[0, 2, 1]
[0, 2, 5]
[0, 2, 7]
[0, 2, 3]
[0, 2, 6]
[0, 2, 4]
[0, 2, 1, 5]
[0, 2, 1, 7]
[0, 2, 1, 3]
[0, 2, 1, 6]
[0, 2, 1, 4]
[0, 2, 1, 5, 7]
[0, 2, 1, 5, 3]
[0, 2, 1, 5, 6]
0.5454545454545454 0.5714285714285714
itercount --------> 12
[0, 2, 1]
[0, 2, 5]
[0, 2, 7]
[0, 2, 3]
[0, 2, 6]
[0, 2, 4]
[0, 2, 1, 5]
[0, 2, 1, 7]
[0, 2, 1, 3]
[0, 2, 1, 6]
[0, 2, 1, 4]
[0, 2, 1, 5, 7]
[0, 2, 1, 5, 3]
[0, 2, 1, 5, 6]
[0, 2, 1, 5, 4]
0.5714285714285714 0.5909090909090909
itercount --------> 13
[5, 3, 7]
[5, 3, 0]
[5, 3, 2]
[5, 3, 4]
[5, 3, 1]
[5, 3, 6]
0.5909090909090909 0.6818181818181818
itercount --------> 14
[5, 7, 0]
[5, 7, 2]
[5, 7, 1]
[5, 7, 4]
[5, 7, 3]
[5, 7, 6]
[5, 7, 0, 2]
[5, 7, 0, 1]
[5, 7, 0, 4]
[5, 7, 0, 3]
[5, 7, 0, 6]
[5, 7, 0, 2, 1]
[5, 7, 0, 2, 4]
[5, 7, 0, 2, 3]
[5, 7, 0, 2, 6]
[5, 7, 0, 2, 1, 4]
[5, 7, 0, 2, 1, 3]
[5, 7, 0, 2, 1, 6]
[5, 7, 0, 2, 1, 4, 3]
[5, 7, 0, 2, 1, 4, 6]
[5, 7, 0, 2, 1, 4, 3, 6]
failed -> 32 times
after fail n ======> 7
[4, 0, 2, 6, 1, 3, 5]
0.08333333333333333 0.0847457627118644
itercount --------> 1
[1, 0, 2]
0.0847457627118644 0.13513513513513514
itercount --------> 2
[1, 4, 0]
[1, 4, 2]
0.13513513513513514 0.14285714285714285
itercount --------> 3
[1, 6, 0]
[1, 6, 2]
0.14285714285714285 0.14814814814814814
itercount --------> 4
[6, 1, 0]
0.14814814814814814 0.15384615384615385
itercount --------> 5
[0, 2, 4]
[0, 2, 6]
0.15384615384615385 0.2571428571428571
itercount --------> 6
[1, 0, 2]
0.2571428571428571 0.2727272727272727
itercount --------> 7
[1, 0, 2]
0.2727272727272727 0.2903225806451613
itercount --------> 8
[0, 2, 1]
[0, 2, 4]
[0, 2, 5]
0.2903225806451613 0.38461538461538464
itercount --------> 9
[0, 1, 3]
[0, 1, 2]
[0, 1, 4]
0.38461538461538464 0.4666666666666667
itercount --------> 10
[0, 1, 2]
[0, 1, 5]
[0, 1, 3]
[0, 1, 7]
[0, 1, 4]
[0, 1, 6]
[0, 1, 2, 5]
0.4666666666666667 0.5833333333333334
itercount --------> 11
[0, 2, 1]
[0, 2, 5]
[0, 2, 7]
[0, 2, 3]
[0, 2, 4]
[0, 2, 6]
[0, 2, 1, 5]
[0, 2, 1, 7]
[0, 2, 1, 3]
[0, 2, 1, 4]
[0, 2, 1, 6]
[0, 2, 1, 5, 7]
[0, 2, 1, 5, 3]
[0, 2, 1, 5, 4]
[0, 2, 1, 5, 6]
[0, 2, 1, 5, 7, 3]
[0, 2, 1, 5, 7, 4]
0.5833333333333334 0.6
itercount --------> 12
[0, 2, 1]
[0, 2, 5]
[0, 2, 7]
0.6 0.6521739130434783
itercount --------> 13
[0, 2, 5]
[0, 2, 7]
[0, 2, 1]
[0, 2, 4]
[0, 2, 6]
[0, 2, 3]
[0, 2, 5, 7]
[0, 2, 5, 1]
[0, 2, 5, 4]
[0, 2, 5, 6]
[0, 2, 5, 3]
[0, 2, 5, 7, 1]
[0, 2, 5, 7, 4]
[0, 2, 5, 7, 6]
[0, 2, 5, 7, 3]
[0, 2, 5, 7, 1, 4]
[0, 2, 5, 7, 1, 6]
[0, 2, 5, 7, 1, 3]
0.6521739130434783 0.6666666666666666
itercount --------> 14
[0, 2, 5]
[0, 2, 1]
[0, 2, 6]
[0, 2, 7]
[0, 2, 3]
[0, 2, 4]
[0, 2, 5, 1]
[0, 2, 5, 6]
[0, 2, 5, 7]
[0, 2, 5, 3]
[0, 2, 5, 4]
[0, 2, 5, 1, 6]
[0, 2, 5, 1, 7]
[0, 2, 5, 1, 3]
[0, 2, 5, 1, 4]
[0, 2, 5, 1, 6, 7]
[0, 2, 5, 1, 6, 3]
[0, 2, 5, 1, 6, 4]
[0, 2, 5, 1, 6, 7, 3]
[0, 2, 5, 1, 6, 7, 4]
[0, 2, 5, 1, 6, 7, 3, 4]
failed -> 33 times
after fail n ======> 8
[4, 0, 2, 6, 1, 3, 5, 7]
0.08333333333333333 0.11475409836065574
itercount --------> 1
[2, 0, 4]
0.11475409836065574 0.11538461538461539
itercount --------> 2
[0, 2, 6]
0.11538461538461539 0.20833333333333334
itercount --------> 3
[2, 0, 4]
[2, 0, 3]
[2, 0, 7]
0.20833333333333334 0.2127659574468085
itercount --------> 4
[2, 0, 3]
[2, 0, 7]
[2, 0, 4]
[2, 0, 5]
[2, 0, 1]
[2, 0, 6]
[2, 0, 3, 7]
0.2127659574468085 0.22916666666666666
itercount --------> 5
[2, 0, 7]
[2, 0, 3]
[2, 0, 4]
[2, 0, 6]
[2, 0, 1]
[2, 0, 5]
[2, 0, 7, 3]
0.22916666666666666 0.23636363636363636
itercount --------> 6
[2, 0, 7]
[2, 0, 3]
[2, 0, 5]
[2, 0, 4]
[2, 0, 1]
0.23636363636363636 0.25
itercount --------> 7
[2, 7, 0]
[2, 7, 5]
0.25 0.3225806451612903
itercount --------> 8
[2, 0, 7]
[2, 0, 5]
[2, 0, 6]
0.3225806451612903 0.34615384615384615
itercount --------> 9
[0, 7, 6]
[0, 7, 2]
0.34615384615384615 0.4
itercount --------> 10
[0, 2, 7]
[0, 2, 6]
[0, 2, 3]
0.4 0.5
itercount --------> 11
[0, 7, 6]
[0, 7, 1]
[0, 7, 2]
[0, 7, 3]
[0, 7, 5]
[0, 7, 4]
[0, 7, 6, 1]
[0, 7, 6, 2]
[0, 7, 6, 3]
[0, 7, 6, 5]
[0, 7, 6, 4]
[0, 7, 6, 1, 2]
0.5 0.5217391304347826
itercount --------> 12
[6, 7, 3]
[6, 7, 0]
[6, 7, 2]
[6, 7, 1]
[6, 7, 5]
[6, 7, 4]
[6, 7, 3, 0]
[6, 7, 3, 2]
0.5217391304347826 0.5454545454545454
itercount --------> 13
[0, 2, 1]
[0, 2, 7]
[0, 2, 5]
[0, 2, 3]
[0, 2, 4]
[0, 2, 6]
[0, 2, 1, 7]
[0, 2, 1, 5]
0.5454545454545454 0.5714285714285714
itercount --------> 14
[0, 2, 1]
[0, 2, 7]
[0, 2, 5]
[0, 2, 6]
[0, 2, 4]
[0, 2, 3]
[0, 2, 1, 7]
[0, 2, 1, 5]
[0, 2, 1, 6]
[0, 2, 1, 4]
[0, 2, 1, 3]
[0, 2, 1, 7, 5]
[0, 2, 1, 7, 6]
[0, 2, 1, 7, 4]
[0, 2, 1, 7, 3]
[0, 2, 1, 7, 5, 6]
0.5714285714285714 0.6363636363636364
itercount --------> 15
[0, 2, 1]
[0, 2, 3]
[0, 2, 4]
[0, 2, 5]
[0, 2, 6]
[0, 2, 7]
[0, 2, 1, 3]
0.6363636363636364 0.6666666666666666
itercount --------> 16
[0, 2, 1]
[0, 2, 5]
[0, 2, 7]
[0, 2, 3]
[0, 2, 4]
[0, 2, 6]
[0, 2, 1, 5]
[0, 2, 1, 7]
[0, 2, 1, 3]
[0, 2, 1, 4]
[0, 2, 1, 6]
[0, 2, 1, 5, 7]
[0, 2, 1, 5, 3]
[0, 2, 1, 5, 4]
[0, 2, 1, 5, 6]
[0, 2, 1, 5, 7, 3]
[0, 2, 1, 5, 7, 4]
[0, 2, 1, 5, 7, 6]
[0, 2, 1, 5, 7, 3, 4]
[0, 2, 1, 5, 7, 3, 6]
[0, 2, 1, 5, 7, 3, 4, 6]
failed -> 34 times
after fail n ======> 5
[4, 0, 2, 6, 1]
0.08333333333333333 0.1111111111111111
itercount --------> 1
[4, 6, 2]
0.1111111111111111 0.13636363636363635
itercount --------> 2
[4, 2, 0]
0.13636363636363635 0.23529411764705882
itercount --------> 3
[4, 0, 2]
[4, 0, 3]
0.23529411764705882 0.2571428571428571
itercount --------> 4
[0, 4, 2]
[0, 4, 1]
0.2571428571428571 0.3076923076923077
itercount --------> 5
[0, 2, 3]
0.3076923076923077 0.32
itercount --------> 6
[2, 4, 0]
[2, 4, 3]
[2, 4, 5]
0.32 0.391304347826087
itercount --------> 7
[2, 6, 0]
0.391304347826087 0.4
itercount --------> 8
[2, 0, 3]
[2, 0, 5]
[2, 0, 4]
[2, 0, 7]
[2, 0, 1]
0.4 0.43478260869565216
itercount --------> 9
[0, 2, 1]
[0, 2, 4]
0.43478260869565216 0.48
itercount --------> 10
[0, 2, 5]
[0, 2, 1]
[0, 2, 4]
0.48 0.5
itercount --------> 11
[0, 2, 1]
[0, 2, 4]
[0, 2, 7]
[0, 2, 5]
[0, 2, 3]
[0, 2, 6]
[0, 2, 1, 4]
[0, 2, 1, 7]
[0, 2, 1, 5]
0.5 0.5217391304347826
itercount --------> 12
[0, 2, 1]
[0, 2, 3]
[0, 2, 4]
[0, 2, 6]
[0, 2, 7]
[0, 2, 5]
[0, 2, 1, 3]
[0, 2, 1, 4]
[0, 2, 1, 6]
0.5217391304347826 0.5454545454545454
itercount --------> 13
[1, 6, 5]
[1, 6, 4]
[1, 6, 7]
[1, 6, 0]
[1, 6, 2]
[1, 6, 3]
[1, 6, 5, 4]
0.5454545454545454 0.5833333333333334
itercount --------> 14
[1, 5, 6]
[1, 5, 2]
[1, 5, 7]
[1, 5, 0]
0.5833333333333334 0.6086956521739131
itercount --------> 15
[0, 2, 1]
[0, 2, 5]
[0, 2, 7]
[0, 2, 4]
[0, 2, 3]
[0, 2, 6]
[0, 2, 1, 5]
[0, 2, 1, 7]
[0, 2, 1, 4]
[0, 2, 1, 3]
[0, 2, 1, 6]
[0, 2, 1, 5, 7]
[0, 2, 1, 5, 4]
0.6086956521739131 0.625
itercount --------> 16
[0, 2, 1]
[0, 2, 7]
[0, 2, 5]
[0, 2, 4]
[0, 2, 3]
[0, 2, 6]
[0, 2, 1, 7]
[0, 2, 1, 5]
[0, 2, 1, 4]
[0, 2, 1, 3]
[0, 2, 1, 6]
[0, 2, 1, 7, 5]
[0, 2, 1, 7, 4]
0.625 0.6521739130434783
itercount --------> 17
[0, 2, 1]
[0, 2, 7]
[0, 2, 5]
[0, 2, 3]
[0, 2, 4]
[0, 2, 6]
[0, 2, 1, 7]
[0, 2, 1, 5]
0.6521739130434783 0.6818181818181818
itercount --------> 18
[5, 7, 0]
[5, 7, 2]
[5, 7, 1]
[5, 7, 4]
[5, 7, 3]
[5, 7, 6]
[5, 7, 0, 2]
[5, 7, 0, 1]
[5, 7, 0, 4]
[5, 7, 0, 3]
[5, 7, 0, 6]
[5, 7, 0, 2, 1]
[5, 7, 0, 2, 4]
[5, 7, 0, 2, 3]
[5, 7, 0, 2, 6]
[5, 7, 0, 2, 1, 4]
[5, 7, 0, 2, 1, 3]
[5, 7, 0, 2, 1, 6]
[5, 7, 0, 2, 1, 4, 3]
[5, 7, 0, 2, 1, 4, 6]
[5, 7, 0, 2, 1, 4, 3, 6]
0.6818181818181818 0.6956521739130435
itercount --------> 19
[5, 7, 0]
[5, 7, 1]
[5, 7, 2]
[5, 7, 6]
[5, 7, 3]
[5, 7, 4]
[5, 7, 0, 1]
[5, 7, 0, 2]
[5, 7, 0, 6]
[5, 7, 0, 3]
[5, 7, 0, 4]
[5, 7, 0, 1, 2]
[5, 7, 0, 1, 6]
[5, 7, 0, 1, 3]
[5, 7, 0, 1, 4]
[5, 7, 0, 1, 2, 6]
[5, 7, 0, 1, 2, 3]
[5, 7, 0, 1, 2, 4]
[5, 7, 0, 1, 2, 6, 3]
[5, 7, 0, 1, 2, 6, 4]
[5, 7, 0, 1, 2, 6, 3, 4]
failed -> 35 times
after fail n ======> 6
[4, 0, 2, 6, 1, 3]
0.08333333333333333 0.09090909090909091
itercount --------> 1
[1, 0, 2]
[1, 0, 4]
0.09090909090909091 0.10526315789473684
itercount --------> 2
[0, 1, 2]
0.10526315789473684 0.14285714285714285
itercount --------> 3
[1, 2, 4]
0.14285714285714285 0.15384615384615385
itercount --------> 4
[0, 2, 1]
[0, 2, 6]
0.15384615384615385 0.16
itercount --------> 5
[0, 2, 1]
[0, 2, 6]
0.16 0.3076923076923077
itercount --------> 6
[0, 2, 1]
[0, 2, 4]
0.3076923076923077 0.3333333333333333
itercount --------> 7
[0, 1, 2]
[0, 1, 7]
[0, 1, 4]
[0, 1, 5]
[0, 1, 3]
[0, 1, 6]
[0, 1, 2, 7]
[0, 1, 2, 4]
[0, 1, 2, 5]
0.3333333333333333 0.47619047619047616
itercount --------> 8
[0, 2, 1]
[0, 2, 5]
[0, 2, 7]
[0, 2, 3]
0.47619047619047616 0.56
itercount --------> 9
[0, 2, 5]
[0, 2, 7]
[0, 2, 1]
[0, 2, 3]
[0, 2, 4]
[0, 2, 6]
[0, 2, 5, 7]
[0, 2, 5, 1]
[0, 2, 5, 3]
[0, 2, 5, 4]
[0, 2, 5, 6]
[0, 2, 5, 7, 1]
0.56 0.5833333333333334
itercount --------> 10
[0, 2, 1]
[0, 2, 7]
[0, 2, 3]
[0, 2, 5]
[0, 2, 4]
[0, 2, 6]
[0, 2, 1, 7]
[0, 2, 1, 3]
[0, 2, 1, 5]
[0, 2, 1, 4]
[0, 2, 1, 6]
[0, 2, 1, 7, 3]
0.5833333333333334 0.625
itercount --------> 11
[0, 2, 5]
[0, 2, 1]
[0, 2, 3]
[0, 2, 7]
[0, 2, 6]
[0, 2, 4]
[0, 2, 5, 1]
[0, 2, 5, 3]
[0, 2, 5, 7]
[0, 2, 5, 6]
[0, 2, 5, 4]
0.625 0.64
itercount --------> 12
[0, 2, 5]
[0, 2, 1]
[0, 2, 6]
[0, 2, 7]
[0, 2, 4]
[0, 2, 3]
[0, 2, 5, 1]
[0, 2, 5, 6]
0.64 0.6666666666666666
itercount --------> 13
[5, 0, 7]
[5, 0, 1]
[5, 0, 2]
[5, 0, 6]
[5, 0, 3]
[5, 0, 4]
[5, 0, 7, 1]
[5, 0, 7, 2]
[5, 0, 7, 6]
[5, 0, 7, 3]
[5, 0, 7, 4]
[5, 0, 7, 1, 2]
[5, 0, 7, 1, 6]
[5, 0, 7, 1, 3]
[5, 0, 7, 1, 4]
[5, 0, 7, 1, 2, 6]
[5, 0, 7, 1, 2, 3]
[5, 0, 7, 1, 2, 4]
[5, 0, 7, 1, 2, 6, 3]
[5, 0, 7, 1, 2, 6, 4]
[5, 0, 7, 1, 2, 6, 3, 4]
failed -> 36 times
after fail n ======> 7
[4, 0, 2, 6, 1, 3, 5]
0.08333333333333333 0.15384615384615385
itercount --------> 1
[0, 2, 3]
0.15384615384615385 0.1875
itercount --------> 2
[3, 4, 1]
0.1875 0.19047619047619047
itercount --------> 3
[1, 3, 5]
0.19047619047619047 0.21052631578947367
itercount --------> 4
[1, 3, 5]
0.21052631578947367 0.38461538461538464
itercount --------> 5
[1, 4, 0]
[1, 4, 2]
0.38461538461538464 0.4166666666666667
itercount --------> 6
[0, 2, 1]
[0, 2, 5]
[0, 2, 4]
[0, 2, 7]
0.4166666666666667 0.45454545454545453
itercount --------> 7
[0, 2, 1]
[0, 2, 5]
[0, 2, 7]
[0, 2, 3]
0.45454545454545453 0.5
itercount --------> 8
[2, 1, 0]
[2, 1, 5]
[2, 1, 3]
[2, 1, 4]
[2, 1, 6]
[2, 1, 7]
0.5 0.5454545454545454
itercount --------> 9
[0, 2, 1]
[0, 2, 5]
[0, 2, 3]
[0, 2, 7]
[0, 2, 4]
[0, 2, 6]
[0, 2, 1, 5]
[0, 2, 1, 3]
[0, 2, 1, 7]
[0, 2, 1, 4]
[0, 2, 1, 6]
[0, 2, 1, 5, 3]
[0, 2, 1, 5, 7]
[0, 2, 1, 5, 4]
0.5454545454545454 0.5555555555555556
itercount --------> 10
[4, 7, 0]
[4, 7, 2]
[4, 7, 1]
[4, 7, 3]
[4, 7, 5]
[4, 7, 6]
[4, 7, 0, 2]
[4, 7, 0, 1]
[4, 7, 0, 3]
[4, 7, 0, 5]
[4, 7, 0, 6]
[4, 7, 0, 2, 1]
[4, 7, 0, 2, 3]
[4, 7, 0, 2, 5]
[4, 7, 0, 2, 6]
[4, 7, 0, 2, 1, 3]
0.5555555555555556 0.5714285714285714
itercount --------> 11
[3, 4, 0]
[3, 4, 2]
[3, 4, 5]
[3, 4, 7]
[3, 4, 1]
[3, 4, 6]
[3, 4, 0, 2]
[3, 4, 0, 5]
[3, 4, 0, 7]
[3, 4, 0, 1]
[3, 4, 0, 6]
[3, 4, 0, 2, 5]
[3, 4, 0, 2, 7]
[3, 4, 0, 2, 1]
[3, 4, 0, 2, 6]
[3, 4, 0, 2, 5, 7]
[3, 4, 0, 2, 5, 1]
[3, 4, 0, 2, 5, 6]
[3, 4, 0, 2, 5, 7, 1]
[3, 4, 0, 2, 5, 7, 6]
[3, 4, 0, 2, 5, 7, 1, 6]
failed -> 37 times
after fail n ======> 8
[4, 0, 2, 6, 1, 3, 5, 7]
0.08333333333333333 0.125
itercount --------> 1
[4, 1, 6]
0.125 0.1891891891891892
itercount --------> 2
[4, 0, 2]
0.1891891891891892 0.21428571428571427
itercount --------> 3
[4, 3, 7]
[4, 3, 0]
0.21428571428571427 0.21621621621621623
itercount --------> 4
[0, 4, 5]
0.21621621621621623 0.2222222222222222
itercount --------> 5
[0, 4, 5]
[0, 4, 6]
[0, 4, 7]
[0, 4, 1]
[0, 4, 2]
[0, 4, 3]
0.2222222222222222 0.26666666666666666
itercount --------> 6
[0, 4, 5]
0.26666666666666666 0.27586206896551724
itercount --------> 7
[4, 0, 5]
[4, 0, 3]
[4, 0, 6]
[4, 0, 7]
[4, 0, 2]
[4, 0, 1]
[4, 0, 5, 3]
0.27586206896551724 0.39285714285714285
itercount --------> 8
[4, 6, 0]
[4, 6, 3]
[4, 6, 7]
[4, 6, 5]
[4, 6, 2]
[4, 6, 1]
0.39285714285714285 0.42424242424242425
itercount --------> 9
[0, 1, 4]
[0, 1, 2]
0.42424242424242425 0.48148148148148145
itercount --------> 10
[0, 2, 3]
[0, 2, 1]
[0, 2, 7]
[0, 2, 4]
[0, 2, 6]
[0, 2, 5]
0.48148148148148145 0.5
itercount --------> 11
[0, 2, 3]
[0, 2, 4]
[0, 2, 7]
[0, 2, 1]
[0, 2, 6]
[0, 2, 5]
[0, 2, 3, 4]
0.5 0.5416666666666666
itercount --------> 12
[0, 2, 1]
[0, 2, 7]
0.5416666666666666 0.5909090909090909
itercount --------> 13
[0, 2, 1]
[0, 2, 5]
[0, 2, 7]
[0, 2, 4]
[0, 2, 6]
[0, 2, 3]
[0, 2, 1, 5]
[0, 2, 1, 7]
[0, 2, 1, 4]
[0, 2, 1, 6]
0.5909090909090909 0.6190476190476191
itercount --------> 14
[0, 2, 1]
[0, 2, 5]
[0, 2, 6]
[0, 2, 7]
[0, 2, 4]
[0, 2, 3]
[0, 2, 1, 5]
[0, 2, 1, 6]
[0, 2, 1, 7]
[0, 2, 1, 4]
[0, 2, 1, 3]
[0, 2, 1, 5, 6]
[0, 2, 1, 5, 7]
[0, 2, 1, 5, 4]
[0, 2, 1, 5, 3]
[0, 2, 1, 5, 6, 7]
[0, 2, 1, 5, 6, 4]
0.6190476190476191 0.6818181818181818
itercount --------> 15
[5, 7, 0]
[5, 7, 2]
[5, 7, 1]
[5, 7, 4]
[5, 7, 3]
[5, 7, 6]
[5, 7, 0, 2]
[5, 7, 0, 1]
[5, 7, 0, 4]
[5, 7, 0, 3]
[5, 7, 0, 6]
[5, 7, 0, 2, 1]
[5, 7, 0, 2, 4]
[5, 7, 0, 2, 3]
[5, 7, 0, 2, 6]
[5, 7, 0, 2, 1, 4]
[5, 7, 0, 2, 1, 3]
[5, 7, 0, 2, 1, 6]
[5, 7, 0, 2, 1, 4, 3]
[5, 7, 0, 2, 1, 4, 6]
[5, 7, 0, 2, 1, 4, 3, 6]
failed -> 38 times
after fail n ======> 5
[4, 0, 2, 6, 1]
0.08333333333333333 0.09090909090909091
itercount --------> 1
[4, 2, 6]
0.09090909090909091 0.11538461538461539
itercount --------> 2
[4, 0, 2]
0.11538461538461539 0.2222222222222222
itercount --------> 3
[2, 4, 0]
0.2222222222222222 0.2702702702702703
itercount --------> 4
[0, 2, 4]
[0, 2, 1]
0.2702702702702703 0.2962962962962963
itercount --------> 5
[0, 2, 4]
[0, 2, 1]
[0, 2, 5]
0.2962962962962963 0.45454545454545453
itercount --------> 6
[0, 2, 5]
[0, 2, 4]
[0, 2, 1]
[0, 2, 3]
0.45454545454545453 0.56
itercount --------> 7
[2, 0, 1]
[2, 0, 5]
[2, 0, 3]
[2, 0, 7]
[2, 0, 4]
[2, 0, 6]
[2, 0, 1, 5]
[2, 0, 1, 3]
0.56 0.5833333333333334
itercount --------> 8
[0, 2, 1]
[0, 2, 5]
[0, 2, 6]
[0, 2, 7]
[0, 2, 3]
[0, 2, 4]
[0, 2, 1, 5]
[0, 2, 1, 6]
[0, 2, 1, 7]
[0, 2, 1, 3]
[0, 2, 1, 4]
[0, 2, 1, 5, 6]
[0, 2, 1, 5, 7]
[0, 2, 1, 5, 3]
[0, 2, 1, 5, 4]
0.5833333333333334 0.6
itercount --------> 9
[0, 2, 1]
[0, 2, 7]
[0, 2, 5]
[0, 2, 6]
[0, 2, 4]
[0, 2, 3]
[0, 2, 1, 7]
[0, 2, 1, 5]
[0, 2, 1, 6]
[0, 2, 1, 4]
0.6 0.625
itercount --------> 10
[0, 2, 1]
[0, 2, 7]
0.625 0.6521739130434783
itercount --------> 11
[0, 2, 1]
[0, 2, 7]
[0, 2, 5]
0.6521739130434783 0.6818181818181818
itercount --------> 12
[5, 7, 0]
[5, 7, 2]
[5, 7, 1]
[5, 7, 4]
[5, 7, 3]
[5, 7, 6]
[5, 7, 0, 2]
[5, 7, 0, 1]
[5, 7, 0, 4]
[5, 7, 0, 3]
[5, 7, 0, 6]
[5, 7, 0, 2, 1]
[5, 7, 0, 2, 4]
[5, 7, 0, 2, 3]
[5, 7, 0, 2, 6]
[5, 7, 0, 2, 1, 4]
[5, 7, 0, 2, 1, 3]
[5, 7, 0, 2, 1, 6]
[5, 7, 0, 2, 1, 4, 3]
[5, 7, 0, 2, 1, 4, 6]
[5, 7, 0, 2, 1, 4, 3, 6]
failed -> 39 times
after fail n ======> 6
[4, 0, 2, 6, 1, 3]
0.08333333333333333 0.09090909090909091
itercount --------> 1
[4, 0, 6]
0.09090909090909091 0.2
itercount --------> 2
[4, 2, 0]
0.2 0.23076923076923078
itercount --------> 3
[4, 3, 7]
0.23076923076923078 0.28
itercount --------> 4
[6, 4, 3]
0.28 0.2916666666666667
itercount --------> 5
[4, 5, 0]
0.2916666666666667 0.375
itercount --------> 6
[0, 1, 4]
[0, 1, 7]
[0, 1, 2]
0.375 0.391304347826087
itercount --------> 7
[0, 2, 1]
[0, 2, 7]
[0, 2, 3]
0.391304347826087 0.44
itercount --------> 8
[3, 4, 5]
[3, 4, 7]
[3, 4, 0]
[3, 4, 1]
[3, 4, 2]
[3, 4, 6]
[3, 4, 5, 7]
[3, 4, 5, 0]
0.44 0.5384615384615384
itercount --------> 9
[3, 5, 4]
[3, 5, 0]
[3, 5, 1]
[3, 5, 2]
[3, 5, 6]
[3, 5, 7]
[3, 5, 4, 0]
[3, 5, 4, 1]
[3, 5, 4, 2]
[3, 5, 4, 6]
[3, 5, 4, 7]
[3, 5, 4, 0, 1]
0.5384615384615384 0.5517241379310345
itercount --------> 10
[3, 4, 5]
[3, 4, 7]
[3, 4, 1]
[3, 4, 0]
[3, 4, 2]
[3, 4, 6]
[3, 4, 5, 7]
[3, 4, 5, 1]
[3, 4, 5, 0]
[3, 4, 5, 2]
[3, 4, 5, 6]
[3, 4, 5, 7, 1]
[3, 4, 5, 7, 0]
[3, 4, 5, 7, 2]
[3, 4, 5, 7, 6]
[3, 4, 5, 7, 1, 0]
[3, 4, 5, 7, 1, 2]
[3, 4, 5, 7, 1, 6]
[3, 4, 5, 7, 1, 0, 2]
[3, 4, 5, 7, 1, 0, 6]
[3, 4, 5, 7, 1, 0, 2, 6]
failed -> 40 times
after fail n ======> 7
[4, 0, 2, 6, 1, 3, 5]
0.08333333333333333 0.09090909090909091
itercount --------> 1
[6, 3, 4]
0.09090909090909091 0.13043478260869565
itercount --------> 2
[0, 2, 4]
0.13043478260869565 0.29411764705882354
itercount --------> 3
[0, 3, 2]
[0, 3, 4]
0.29411764705882354 0.3125
itercount --------> 4
[0, 2, 6]
[0, 2, 3]
[0, 2, 4]
[0, 2, 5]
[0, 2, 7]
[0, 2, 1]
0.3125 0.375
itercount --------> 5
[0, 6, 4]
[0, 6, 3]
[0, 6, 5]
0.375 0.45454545454545453
itercount --------> 6
[0, 5, 6]
[0, 5, 4]
[0, 5, 2]
[0, 5, 3]
0.45454545454545453 0.6363636363636364
itercount --------> 7
[0, 5, 2]
[0, 5, 1]
[0, 5, 7]
[0, 5, 4]
[0, 5, 3]
[0, 5, 6]
[0, 5, 2, 1]
0.6363636363636364 0.6666666666666666
itercount --------> 8
[0, 2, 1]
[0, 2, 5]
[0, 2, 7]
[0, 2, 3]
[0, 2, 4]
[0, 2, 6]
[0, 2, 1, 5]
[0, 2, 1, 7]
[0, 2, 1, 3]
[0, 2, 1, 4]
[0, 2, 1, 6]
[0, 2, 1, 5, 7]
[0, 2, 1, 5, 3]
[0, 2, 1, 5, 4]
[0, 2, 1, 5, 6]
[0, 2, 1, 5, 7, 3]
[0, 2, 1, 5, 7, 4]
[0, 2, 1, 5, 7, 6]
[0, 2, 1, 5, 7, 3, 4]
0.6666666666666666 0.7142857142857143
itercount --------> 9
[0, 2, 1]
[0, 2, 5]
[0, 2, 7]
[0, 2, 4]
[0, 2, 6]
[0, 2, 3]
[0, 2, 1, 5]
[0, 2, 1, 7]
[0, 2, 1, 4]
[0, 2, 1, 6]
[0, 2, 1, 3]
[0, 2, 1, 5, 7]
[0, 2, 1, 5, 4]
[0, 2, 1, 5, 6]
[0, 2, 1, 5, 3]
[0, 2, 1, 5, 7, 4]
[0, 2, 1, 5, 7, 6]
[0, 2, 1, 5, 7, 3]
[0, 2, 1, 5, 7, 4, 6]
[0, 2, 1, 5, 7, 4, 3]
[0, 2, 1, 5, 7, 4, 6, 3]
failed -> 41 times
after fail n ======> 8
[4, 0, 2, 6, 1, 3, 5, 7]
0.08333333333333333 0.1
itercount --------> 1
[4, 6, 0]
0.1 0.1111111111111111
itercount --------> 2
[0, 2, 6]
0.1111111111111111 0.11764705882352941
itercount --------> 3
[0, 6, 2]
0.11764705882352941 0.15384615384615385
itercount --------> 4
[0, 2, 4]
[0, 2, 6]
0.15384615384615385 0.16
itercount --------> 5
[0, 6, 4]
[0, 6, 2]
[0, 6, 5]
0.16 0.18181818181818182
itercount --------> 6
[0, 2, 1]
[0, 2, 6]
[0, 2, 7]
[0, 2, 5]
0.18181818181818182 0.22727272727272727
itercount --------> 7
[0, 2, 1]
[0, 2, 6]
0.22727272727272727 0.3333333333333333
itercount --------> 8
[0, 5, 4]
0.3333333333333333 0.4
itercount --------> 9
[0, 4, 5]
[0, 4, 2]
[0, 4, 3]
[0, 4, 6]
[0, 4, 1]
0.4 0.41379310344827586
itercount --------> 10
[0, 5, 4]
[0, 5, 2]
0.41379310344827586 0.4482758620689655
itercount --------> 11
[0, 5, 4]
[0, 5, 2]
[0, 5, 3]
[0, 5, 6]
[0, 5, 7]
[0, 5, 1]
0.4482758620689655 0.46153846153846156
itercount --------> 12
[0, 2, 5]
[0, 2, 4]
[0, 2, 6]
[0, 2, 1]
0.46153846153846156 0.5217391304347826
itercount --------> 13
[0, 5, 2]
[0, 5, 4]
[0, 5, 1]
[0, 5, 3]
[0, 5, 6]
[0, 5, 7]
[0, 5, 2, 4]
0.5217391304347826 0.5357142857142857
itercount --------> 14
[4, 0, 7]
[4, 0, 5]
[4, 0, 2]
0.5357142857142857 0.5555555555555556
itercount --------> 15
[0, 4, 7]
[0, 4, 5]
[0, 4, 2]
[0, 4, 3]
[0, 4, 1]
[0, 4, 6]
[0, 4, 7, 5]
[0, 4, 7, 2]
[0, 4, 7, 3]
[0, 4, 7, 1]
[0, 4, 7, 6]
[0, 4, 7, 5, 2]
[0, 4, 7, 5, 3]
0.5555555555555556 0.5714285714285714
itercount --------> 16
[0, 3, 5]
[0, 3, 4]
[0, 3, 1]
[0, 3, 2]
[0, 3, 7]
[0, 3, 6]
[0, 3, 5, 4]
[0, 3, 5, 1]
[0, 3, 5, 2]
[0, 3, 5, 7]
[0, 3, 5, 6]
[0, 3, 5, 4, 1]
[0, 3, 5, 4, 2]
[0, 3, 5, 4, 7]
[0, 3, 5, 4, 6]
[0, 3, 5, 4, 1, 2]
[0, 3, 5, 4, 1, 7]
[0, 3, 5, 4, 1, 6]
[0, 3, 5, 4, 1, 2, 7]
[0, 3, 5, 4, 1, 2, 6]
[0, 3, 5, 4, 1, 2, 7, 6]
failed -> 42 times
after fail n ======> 5
[4, 0, 2, 6, 1]
0.08333333333333333 0.09090909090909091
itercount --------> 1
[4, 6, 0]
0.09090909090909091 0.15151515151515152
itercount --------> 2
[4, 0, 3]
0.15151515151515152 0.18518518518518517
itercount --------> 3
[4, 0, 3]
[4, 0, 6]
[4, 0, 7]
[4, 0, 2]
0.18518518518518517 0.23529411764705882
itercount --------> 4
[4, 0, 2]
0.23529411764705882 0.28125
itercount --------> 5
[0, 4, 2]
[0, 4, 5]
[0, 4, 3]
[0, 4, 1]
0.28125 0.3333333333333333
itercount --------> 6
[0, 4, 2]
[0, 4, 3]
[0, 4, 5]
0.3333333333333333 0.4
itercount --------> 7
[0, 2, 5]
[0, 2, 3]
[0, 2, 4]
0.4 0.4074074074074074
itercount --------> 8
[5, 4, 0]
0.4074074074074074 0.5172413793103449
itercount --------> 9
[0, 4, 2]
0.5172413793103449 0.5555555555555556
itercount --------> 10
[0, 4, 2]
0.5555555555555556 0.56
itercount --------> 11
[0, 2, 5]
[0, 2, 1]
[0, 2, 3]
[0, 2, 4]
[0, 2, 7]
[0, 2, 6]
[0, 2, 5, 1]
[0, 2, 5, 3]
[0, 2, 5, 4]
[0, 2, 5, 7]
[0, 2, 5, 6]
[0, 2, 5, 1, 3]
[0, 2, 5, 1, 4]
[0, 2, 5, 1, 7]
[0, 2, 5, 1, 6]
[0, 2, 5, 1, 3, 4]
[0, 2, 5, 1, 3, 7]
0.56 0.5769230769230769
itercount --------> 12
[3, 5, 0]
[3, 5, 1]
[3, 5, 4]
[3, 5, 2]
[3, 5, 7]
[3, 5, 6]
[3, 5, 0, 1]
[3, 5, 0, 4]
[3, 5, 0, 2]
[3, 5, 0, 7]
[3, 5, 0, 6]
[3, 5, 0, 1, 4]
[3, 5, 0, 1, 2]
[3, 5, 0, 1, 7]
[3, 5, 0, 1, 6]
[3, 5, 0, 1, 4, 2]
[3, 5, 0, 1, 4, 7]
[3, 5, 0, 1, 4, 6]
[3, 5, 0, 1, 4, 2, 7]
[3, 5, 0, 1, 4, 2, 6]
[3, 5, 0, 1, 4, 2, 7, 6]
failed -> 43 times
after fail n ======> 6
[4, 0, 2, 6, 1, 3]
0.08333333333333333 0.09523809523809523
itercount --------> 1
[0, 2, 1]
0.09523809523809523 0.10526315789473684
itercount --------> 2
[0, 2, 6]
0.10526315789473684 0.14285714285714285
itercount --------> 3
[0, 2, 6]
0.14285714285714285 0.16666666666666666
itercount --------> 4
[0, 1, 2]
0.16666666666666666 0.17391304347826086
itercount --------> 5
[0, 2, 1]
[0, 2, 6]
0.17391304347826086 0.2962962962962963
itercount --------> 6
[0, 4, 2]
[0, 4, 5]
[0, 4, 1]
[0, 4, 3]
0.2962962962962963 0.3076923076923077
itercount --------> 7
[3, 4, 0]
[3, 4, 7]
0.3076923076923077 0.3793103448275862
itercount --------> 8
[3, 4, 0]
[3, 4, 5]
[3, 4, 7]
[3, 4, 1]
[3, 4, 2]
[3, 4, 6]
[3, 4, 0, 5]
0.3793103448275862 0.45454545454545453
itercount --------> 9
[3, 0, 4]
[3, 0, 5]
[3, 0, 1]
[3, 0, 2]
0.45454545454545453 0.4827586206896552
itercount --------> 10
[0, 3, 5]
[0, 3, 4]
[0, 3, 1]
[0, 3, 2]
[0, 3, 6]
[0, 3, 7]
[0, 3, 5, 4]
[0, 3, 5, 1]
[0, 3, 5, 2]
[0, 3, 5, 6]
[0, 3, 5, 7]
[0, 3, 5, 4, 1]
[0, 3, 5, 4, 2]
0.4827586206896552 0.5384615384615384
itercount --------> 11
[3, 5, 0]
[3, 5, 4]
[3, 5, 1]
[3, 5, 2]
[3, 5, 7]
[3, 5, 6]
[3, 5, 0, 4]
[3, 5, 0, 1]
[3, 5, 0, 2]
[3, 5, 0, 7]
[3, 5, 0, 6]
[3, 5, 0, 4, 1]
[3, 5, 0, 4, 2]
[3, 5, 0, 4, 7]
[3, 5, 0, 4, 6]
[3, 5, 0, 4, 1, 2]
[3, 5, 0, 4, 1, 7]
[3, 5, 0, 4, 1, 6]
[3, 5, 0, 4, 1, 2, 7]
[3, 5, 0, 4, 1, 2, 6]
[3, 5, 0, 4, 1, 2, 7, 6]
failed -> 44 times
after fail n ======> 7
[4, 0, 2, 6, 1, 3, 5]
0.08333333333333333 0.09090909090909091
itercount --------> 1
[2, 4, 0]
[2, 4, 6]
0.09090909090909091 0.1
itercount --------> 2
[2, 0, 6]
0.1 0.13793103448275862
itercount --------> 3
[2, 6, 4]
0.13793103448275862 0.25
itercount --------> 4
[2, 4, 0]
[2, 4, 3]
[2, 4, 6]
[2, 4, 1]
0.25 0.2916666666666667
itercount --------> 5
[4, 2, 5]
0.2916666666666667 0.32
itercount --------> 6
[2, 0, 4]
[2, 0, 3]
[2, 0, 5]
0.32 0.391304347826087
itercount --------> 7
[2, 6, 0]
0.391304347826087 0.4166666666666667
itercount --------> 8
[2, 0, 3]
[2, 0, 4]
0.4166666666666667 0.42857142857142855
itercount --------> 9
[0, 2, 1]
[0, 2, 4]
[0, 2, 5]
[0, 2, 3]
[0, 2, 7]
[0, 2, 6]
[0, 2, 1, 4]
0.42857142857142855 0.5217391304347826
itercount --------> 10
[2, 0, 3]
[2, 0, 5]
[2, 0, 1]
[2, 0, 4]
[2, 0, 7]
[2, 0, 6]
[2, 0, 3, 5]
[2, 0, 3, 1]
[2, 0, 3, 4]
[2, 0, 3, 7]
0.5217391304347826 0.5652173913043478
itercount --------> 11
[2, 3, 5]
[2, 3, 4]
[2, 3, 6]
[2, 3, 0]
[2, 3, 1]
[2, 3, 7]
[2, 3, 5, 4]
[2, 3, 5, 6]
[2, 3, 5, 0]
[2, 3, 5, 1]
0.5652173913043478 0.5909090909090909
itercount --------> 12
[5, 3, 4]
[5, 3, 7]
[5, 3, 0]
[5, 3, 1]
[5, 3, 2]
[5, 3, 6]
[5, 3, 4, 7]
[5, 3, 4, 0]
[5, 3, 4, 1]
0.5909090909090909 0.6086956521739131
itercount --------> 13
[0, 2, 5]
[0, 2, 3]
[0, 2, 6]
[0, 2, 1]
[0, 2, 4]
[0, 2, 7]
[0, 2, 5, 3]
[0, 2, 5, 6]
[0, 2, 5, 1]
[0, 2, 5, 4]
[0, 2, 5, 7]
[0, 2, 5, 3, 6]
[0, 2, 5, 3, 1]
[0, 2, 5, 3, 4]
[0, 2, 5, 3, 7]
[0, 2, 5, 3, 6, 1]
[0, 2, 5, 3, 6, 4]
0.6086956521739131 0.6666666666666666
itercount --------> 14
[0, 2, 5]
[0, 2, 6]
[0, 2, 7]
[0, 2, 1]
[0, 2, 3]
[0, 2, 4]
[0, 2, 5, 6]
[0, 2, 5, 7]
[0, 2, 5, 1]
[0, 2, 5, 3]
[0, 2, 5, 4]
[0, 2, 5, 6, 7]
[0, 2, 5, 6, 1]
[0, 2, 5, 6, 3]
[0, 2, 5, 6, 4]
[0, 2, 5, 6, 7, 1]
[0, 2, 5, 6, 7, 3]
[0, 2, 5, 6, 7, 4]
[0, 2, 5, 6, 7, 1, 3]
[0, 2, 5, 6, 7, 1, 4]
[0, 2, 5, 6, 7, 1, 3, 4]
failed -> 45 times
after fail n ======> 8
[4, 0, 2, 6, 1, 3, 5, 7]
0.08333333333333333 0.09090909090909091
itercount --------> 1
[0, 2, 4]
0.09090909090909091 0.13333333333333333
itercount --------> 2
[4, 6, 1]
0.13333333333333333 0.16129032258064516
itercount --------> 3
[4, 5, 1]
[4, 5, 3]
[4, 5, 0]
0.16129032258064516 0.1724137931034483
itercount --------> 4
[0, 4, 5]
0.1724137931034483 0.18518518518518517
itercount --------> 5
[4, 5, 1]
0.18518518518518517 0.20689655172413793
itercount --------> 6
[4, 3, 1]
[4, 3, 5]
[4, 3, 7]
0.20689655172413793 0.2962962962962963
itercount --------> 7
[4, 3, 5]
0.2962962962962963 0.32
itercount --------> 8
[4, 5, 3]
[4, 5, 6]
[4, 5, 0]
[4, 5, 1]
0.32 0.34782608695652173
itercount --------> 9
[4, 3, 5]
[4, 3, 6]
0.34782608695652173 0.36
itercount --------> 10
[5, 0, 2]
0.36 0.36666666666666664
itercount --------> 11
[4, 5, 0]
[4, 5, 2]
[4, 5, 6]
[4, 5, 3]
0.36666666666666664 0.4117647058823529
itercount --------> 12
[4, 0, 2]
[4, 0, 7]
[4, 0, 1]
0.4117647058823529 0.5384615384615384
itercount --------> 13
[4, 7, 0]
[4, 7, 1]
[4, 7, 2]
[4, 7, 3]
[4, 7, 6]
[4, 7, 5]
[4, 7, 0, 1]
[4, 7, 0, 2]
[4, 7, 0, 3]
0.5384615384615384 0.5517241379310345
itercount --------> 14
[3, 4, 5]
[3, 4, 7]
[3, 4, 1]
[3, 4, 0]
[3, 4, 2]
[3, 4, 6]
[3, 4, 5, 7]
[3, 4, 5, 1]
[3, 4, 5, 0]
[3, 4, 5, 2]
[3, 4, 5, 6]
[3, 4, 5, 7, 1]
[3, 4, 5, 7, 0]
[3, 4, 5, 7, 2]
[3, 4, 5, 7, 6]
[3, 4, 5, 7, 1, 0]
[3, 4, 5, 7, 1, 2]
[3, 4, 5, 7, 1, 6]
[3, 4, 5, 7, 1, 0, 2]
[3, 4, 5, 7, 1, 0, 6]
[3, 4, 5, 7, 1, 0, 2, 6]
failed -> 46 times
after fail n ======> 5
[4, 0, 2, 6, 1]
0.08333333333333333 0.09090909090909091
itercount --------> 1
[4, 6, 0]
0.09090909090909091 0.15789473684210525
itercount --------> 2
[4, 0, 2]
[4, 0, 3]
0.15789473684210525 0.18518518518518517
itercount --------> 3
[4, 0, 3]
0.18518518518518517 0.21428571428571427
itercount --------> 4
[4, 3, 7]
[4, 3, 0]
[4, 3, 2]
[4, 3, 5]
0.21428571428571427 0.24
itercount --------> 5
[4, 5, 7]
[4, 5, 3]
[4, 5, 0]
[4, 5, 6]
[4, 5, 2]
[4, 5, 1]
[4, 5, 7, 3]
[4, 5, 7, 0]
0.24 0.2608695652173913
itercount --------> 6
[4, 5, 3]
[4, 5, 7]
[4, 5, 6]
[4, 5, 0]
0.2608695652173913 0.2857142857142857
itercount --------> 7
[0, 2, 5]
[0, 2, 1]
[0, 2, 3]
0.2857142857142857 0.3333333333333333
itercount --------> 8
[0, 2, 1]
[0, 2, 5]
[0, 2, 6]
[0, 2, 7]
[0, 2, 3]
[0, 2, 4]
[0, 2, 1, 5]
[0, 2, 1, 6]
[0, 2, 1, 7]
[0, 2, 1, 3]
[0, 2, 1, 4]
[0, 2, 1, 5, 6]
0.3333333333333333 0.36363636363636365
itercount --------> 9
[0, 5, 7]
0.36363636363636365 0.4583333333333333
itercount --------> 10
[0, 7, 4]
[0, 7, 5]
[0, 7, 6]
[0, 7, 2]
[0, 7, 3]
[0, 7, 1]
0.4583333333333333 0.5
itercount --------> 11
[7, 4, 5]
[7, 4, 3]
[7, 4, 0]
[7, 4, 2]
[7, 4, 1]
[7, 4, 6]
[7, 4, 5, 3]
0.5 0.5454545454545454
itercount --------> 12
[7, 4, 5]
[7, 4, 0]
[7, 4, 2]
[7, 4, 6]
[7, 4, 1]
[7, 4, 3]
[7, 4, 5, 0]
[7, 4, 5, 2]
[7, 4, 5, 6]
[7, 4, 5, 1]
[7, 4, 5, 3]
[7, 4, 5, 0, 2]
[7, 4, 5, 0, 6]
[7, 4, 5, 0, 1]
[7, 4, 5, 0, 3]
[7, 4, 5, 0, 2, 6]
[7, 4, 5, 0, 2, 1]
[7, 4, 5, 0, 2, 3]
[7, 4, 5, 0, 2, 6, 1]
[7, 4, 5, 0, 2, 6, 3]
[7, 4, 5, 0, 2, 6, 1, 3]
failed -> 47 times
after fail n ======> 6
[4, 0, 2, 6, 1, 3]
0.08333333333333333 0.10526315789473684
itercount --------> 1
[0, 2, 4]
0.10526315789473684 0.21212121212121213
itercount --------> 2
[4, 3, 0]
0.21212121212121213 0.21739130434782608
itercount --------> 3
[0, 2, 1]
0.21739130434782608 0.2903225806451613
itercount --------> 4
[0, 4, 2]
[0, 4, 5]
0.2903225806451613 0.3888888888888889
itercount --------> 5
[0, 2, 7]
[0, 2, 3]
[0, 2, 1]
0.3888888888888889 0.4375
itercount --------> 6
[0, 2, 1]
0.4375 0.5384615384615384
itercount --------> 7
[0, 2, 1]
[0, 2, 7]
[0, 2, 5]
[0, 2, 3]
0.5384615384615384 0.5833333333333334
itercount --------> 8
[0, 2, 1]
[0, 2, 5]
[0, 2, 7]
[0, 2, 4]
[0, 2, 3]
[0, 2, 6]
[0, 2, 1, 5]
[0, 2, 1, 7]
[0, 2, 1, 4]
[0, 2, 1, 3]
[0, 2, 1, 6]
[0, 2, 1, 5, 7]
[0, 2, 1, 5, 4]
0.5833333333333334 0.6
itercount --------> 9
[0, 2, 1]
[0, 2, 5]
[0, 2, 4]
[0, 2, 7]
[0, 2, 6]
[0, 2, 3]
[0, 2, 1, 5]
[0, 2, 1, 4]
0.6 0.6521739130434783
itercount --------> 10
[0, 2, 5]
[0, 2, 7]
[0, 2, 1]
[0, 2, 4]
[0, 2, 6]
[0, 2, 3]
[0, 2, 5, 7]
[0, 2, 5, 1]
[0, 2, 5, 4]
[0, 2, 5, 6]
[0, 2, 5, 3]
[0, 2, 5, 7, 1]
[0, 2, 5, 7, 4]
[0, 2, 5, 7, 6]
[0, 2, 5, 7, 3]
0.6521739130434783 0.6666666666666666
itercount --------> 11
[0, 2, 5]
[0, 2, 1]
[0, 2, 6]
[0, 2, 7]
[0, 2, 3]
[0, 2, 4]
[0, 2, 5, 1]
[0, 2, 5, 6]
[0, 2, 5, 7]
[0, 2, 5, 3]
[0, 2, 5, 4]
[0, 2, 5, 1, 6]
[0, 2, 5, 1, 7]
[0, 2, 5, 1, 3]
[0, 2, 5, 1, 4]
[0, 2, 5, 1, 6, 7]
[0, 2, 5, 1, 6, 3]
[0, 2, 5, 1, 6, 4]
[0, 2, 5, 1, 6, 7, 3]
[0, 2, 5, 1, 6, 7, 4]
[0, 2, 5, 1, 6, 7, 3, 4]
failed -> 48 times
after fail n ======> 7
[4, 0, 2, 6, 1, 3, 5]
0.08333333333333333 0.1111111111111111
itercount --------> 1
[2, 4, 6]
0.1111111111111111 0.15384615384615385
itercount --------> 2
[6, 4, 0]
0.15384615384615385 0.16666666666666666
itercount --------> 3
[2, 4, 3]
[2, 4, 5]
0.16666666666666666 0.1935483870967742
itercount --------> 4
[0, 3, 4]
0.1935483870967742 0.20689655172413793
itercount --------> 5
[0, 2, 4]
0.20689655172413793 0.28
itercount --------> 6
[0, 4, 6]
[0, 4, 5]
[0, 4, 2]
[0, 4, 3]
[0, 4, 1]
0.28 0.3181818181818182
itercount --------> 7
[0, 6, 5]
0.3181818181818182 0.391304347826087
itercount --------> 8
[6, 0, 3]
0.391304347826087 0.5217391304347826
itercount --------> 9
[5, 7, 4]
[5, 7, 3]
[5, 7, 0]
[5, 7, 2]
[5, 7, 6]
[5, 7, 1]
[5, 7, 4, 3]
[5, 7, 4, 0]
[5, 7, 4, 2]
[5, 7, 4, 6]
[5, 7, 4, 1]
[5, 7, 4, 3, 0]
0.5217391304347826 0.5384615384615384
itercount --------> 10
[4, 7, 0]
[4, 7, 1]
[4, 7, 2]
[4, 7, 3]
[4, 7, 6]
[4, 7, 5]
[4, 7, 0, 1]
[4, 7, 0, 2]
[4, 7, 0, 3]
0.5384615384615384 0.5517241379310345
itercount --------> 11
[3, 4, 5]
[3, 4, 7]
[3, 4, 1]
[3, 4, 0]
[3, 4, 2]
[3, 4, 6]
[3, 4, 5, 7]
[3, 4, 5, 1]
[3, 4, 5, 0]
[3, 4, 5, 2]
[3, 4, 5, 6]
[3, 4, 5, 7, 1]
[3, 4, 5, 7, 0]
[3, 4, 5, 7, 2]
[3, 4, 5, 7, 6]
[3, 4, 5, 7, 1, 0]
[3, 4, 5, 7, 1, 2]
[3, 4, 5, 7, 1, 6]
[3, 4, 5, 7, 1, 0, 2]
[3, 4, 5, 7, 1, 0, 6]
[3, 4, 5, 7, 1, 0, 2, 6]
failed -> 49 times
after fail n ======> 8
[4, 0, 2, 6, 1, 3, 5, 7]
0.08333333333333333 0.1111111111111111
itercount --------> 1
[2, 0, 6]
0.1111111111111111 0.11904761904761904
itercount --------> 2
[0, 2, 4]
0.11904761904761904 0.15151515151515152
itercount --------> 3
[0, 2, 6]
0.15151515151515152 0.17857142857142858
itercount --------> 4
[2, 6, 4]
[2, 6, 0]
0.17857142857142858 0.20833333333333334
itercount --------> 5
[2, 6, 0]
0.20833333333333334 0.2777777777777778
itercount --------> 6
[0, 2, 5]
0.2777777777777778 0.4375
itercount --------> 7
[2, 0, 4]
[2, 0, 1]
[2, 0, 3]
[2, 0, 5]
[2, 0, 7]
[2, 0, 6]
[2, 0, 4, 1]
0.4375 0.4827586206896552
itercount --------> 8
[2, 4, 1]
[2, 4, 0]
[2, 4, 5]
[2, 4, 7]
[2, 4, 3]
[2, 4, 6]
[2, 4, 1, 0]
0.4827586206896552 0.56
itercount --------> 9
[2, 0, 1]
[2, 0, 4]
0.56 0.5833333333333334
itercount --------> 10
[0, 2, 1]
[0, 2, 5]
[0, 2, 7]
[0, 2, 4]
[0, 2, 3]
[0, 2, 6]
[0, 2, 1, 5]
[0, 2, 1, 7]
[0, 2, 1, 4]
[0, 2, 1, 3]
[0, 2, 1, 6]
[0, 2, 1, 5, 7]
0.5833333333333334 0.6363636363636364
itercount --------> 11
[0, 2, 1]
[0, 2, 5]
[0, 2, 7]
[0, 2, 3]
[0, 2, 4]
[0, 2, 6]
[0, 2, 1, 5]
[0, 2, 1, 7]
[0, 2, 1, 3]
[0, 2, 1, 4]
[0, 2, 1, 6]
[0, 2, 1, 5, 7]
[0, 2, 1, 5, 3]
[0, 2, 1, 5, 4]
0.6363636363636364 0.6521739130434783
itercount --------> 12
[0, 5, 4]
[0, 5, 7]
[0, 5, 2]
[0, 5, 1]
[0, 5, 6]
[0, 5, 3]
[0, 5, 4, 7]
[0, 5, 4, 2]
[0, 5, 4, 1]
[0, 5, 4, 6]
[0, 5, 4, 3]
[0, 5, 4, 7, 2]
[0, 5, 4, 7, 1]
[0, 5, 4, 7, 6]
[0, 5, 4, 7, 3]
[0, 5, 4, 7, 2, 1]
0.6521739130434783 0.6818181818181818
itercount --------> 13
[5, 7, 0]
[5, 7, 2]
[5, 7, 1]
[5, 7, 4]
[5, 7, 3]
[5, 7, 6]
[5, 7, 0, 2]
[5, 7, 0, 1]
[5, 7, 0, 4]
[5, 7, 0, 3]
0.6818181818181818 0.6956521739130435
itercount --------> 14
[5, 7, 0]
[5, 7, 1]
[5, 7, 2]
[5, 7, 6]
[5, 7, 3]
[5, 7, 4]
[5, 7, 0, 1]
[5, 7, 0, 2]
[5, 7, 0, 6]
[5, 7, 0, 3]
[5, 7, 0, 4]
[5, 7, 0, 1, 2]
[5, 7, 0, 1, 6]
[5, 7, 0, 1, 3]
[5, 7, 0, 1, 4]
[5, 7, 0, 1, 2, 6]
[5, 7, 0, 1, 2, 3]
[5, 7, 0, 1, 2, 4]
[5, 7, 0, 1, 2, 6, 3]
[5, 7, 0, 1, 2, 6, 4]
[5, 7, 0, 1, 2, 6, 3, 4]
failed -> 50 times
after fail n ======> 5
Runs with the maximum attractor JI -> [15]
