{6: 31, 1: 29, 2: 29, 3: 23, 5: 21, 0: 10, 4: 10, 7: 3}
[6, 1, 2]
0.125 0.17391304347826086
itercount --------> 1
[6, 5, 3]
0.17391304347826086 0.2608695652173913
itercount --------> 2
[6, 4, 5]
0.2608695652173913 0.3181818181818182
itercount --------> 3
[6, 1, 2]
[6, 1, 0]
[6, 1, 5]
[6, 1, 4]
[6, 1, 3]
[6, 1, 7]
[6, 1, 2, 0]
0.3181818181818182 0.42857142857142855
itercount --------> 4
[3, 4, 1]
[3, 4, 2]
[3, 4, 6]
[3, 4, 0]
[3, 4, 5]
[3, 4, 7]
[3, 4, 1, 2]
[3, 4, 1, 6]
[3, 4, 1, 0]
[3, 4, 1, 5]
[3, 4, 1, 7]
[3, 4, 1, 2, 6]
[3, 4, 1, 2, 0]
[3, 4, 1, 2, 5]
[3, 4, 1, 2, 7]
[3, 4, 1, 2, 6, 0]
[3, 4, 1, 2, 6, 5]
[3, 4, 1, 2, 6, 7]
[3, 4, 1, 2, 6, 0, 5]
[3, 4, 1, 2, 6, 0, 7]
[3, 4, 1, 2, 6, 0, 5, 7]
failed Once
after fail n ======> 4
[6, 1, 2, 3]
0.125 0.17391304347826086
itercount --------> 1
[6, 5, 3]
0.17391304347826086 0.24
itercount --------> 2
[6, 5, 3]
[6, 5, 4]
[6, 5, 7]
[6, 5, 1]
[6, 5, 2]
0.24 0.2727272727272727
itercount --------> 3
[1, 2, 6]
[1, 2, 5]
[1, 2, 0]
[1, 2, 3]
[1, 2, 4]
[1, 2, 7]
[1, 2, 6, 5]
[1, 2, 6, 0]
[1, 2, 6, 3]
[1, 2, 6, 4]
[1, 2, 6, 7]
[1, 2, 6, 5, 0]
[1, 2, 6, 5, 3]
[1, 2, 6, 5, 4]
[1, 2, 6, 5, 7]
[1, 2, 6, 5, 0, 3]
[1, 2, 6, 5, 0, 4]
[1, 2, 6, 5, 0, 7]
[1, 2, 6, 5, 0, 3, 4]
[1, 2, 6, 5, 0, 3, 7]
[1, 2, 6, 5, 0, 3, 4, 7]
0.2727272727272727 0.32
itercount --------> 4
[6, 5, 7]
[6, 5, 1]
[6, 5, 2]
[6, 5, 3]
[6, 5, 4]
[6, 5, 0]
[6, 5, 7, 1]
[6, 5, 7, 2]
[6, 5, 7, 3]
[6, 5, 7, 4]
[6, 5, 7, 0]
[6, 5, 7, 1, 2]
[6, 5, 7, 1, 3]
[6, 5, 7, 1, 4]
[6, 5, 7, 1, 0]
[6, 5, 7, 1, 2, 3]
[6, 5, 7, 1, 2, 4]
[6, 5, 7, 1, 2, 0]
[6, 5, 7, 1, 2, 3, 4]
[6, 5, 7, 1, 2, 3, 0]
[6, 5, 7, 1, 2, 3, 4, 0]
0.32 0.34782608695652173
itercount --------> 5
[6, 5, 3]
[6, 5, 1]
[6, 5, 2]
[6, 5, 4]
[6, 5, 0]
[6, 5, 7]
[6, 5, 3, 1]
[6, 5, 3, 2]
[6, 5, 3, 4]
[6, 5, 3, 0]
0.34782608695652173 0.36363636363636365
itercount --------> 6
[1, 2, 0]
[1, 2, 5]
[1, 2, 6]
[1, 2, 7]
[1, 2, 3]
[1, 2, 4]
[1, 2, 0, 5]
[1, 2, 0, 6]
[1, 2, 0, 7]
[1, 2, 0, 3]
[1, 2, 0, 4]
[1, 2, 0, 5, 6]
[1, 2, 0, 5, 7]
[1, 2, 0, 5, 3]
[1, 2, 0, 5, 4]
[1, 2, 0, 5, 6, 7]
[1, 2, 0, 5, 6, 3]
[1, 2, 0, 5, 6, 4]
[1, 2, 0, 5, 6, 7, 3]
[1, 2, 0, 5, 6, 7, 4]
[1, 2, 0, 5, 6, 7, 3, 4]
failed -> 2 times
after fail n ======> 5
[6, 1, 2, 3, 5]
0.125 0.12962962962962962
itercount --------> 1
[1, 2, 6]
0.12962962962962962 0.2
itercount --------> 2
[1, 5, 6]
[1, 5, 3]
[1, 5, 4]
[1, 5, 2]
[1, 5, 0]
0.2 0.2222222222222222
itercount --------> 3
[1, 5, 6]
0.2222222222222222 0.25
itercount --------> 4
[1, 2, 6]
0.25 0.2727272727272727
itercount --------> 5
[1, 2, 6]
0.2727272727272727 0.3548387096774194
itercount --------> 6
[5, 3, 1]
[5, 3, 2]
[5, 3, 4]
[5, 3, 6]
[5, 3, 0]
0.3548387096774194 0.375
itercount --------> 7
[3, 0, 5]
[3, 0, 6]
0.375 0.3870967741935484
itercount --------> 8
[3, 1, 2]
[3, 1, 0]
[3, 1, 4]
[3, 1, 5]
[3, 1, 6]
[3, 1, 7]
[3, 1, 2, 0]
[3, 1, 2, 4]
[3, 1, 2, 5]
[3, 1, 2, 6]
[3, 1, 2, 7]
[3, 1, 2, 0, 4]
[3, 1, 2, 0, 5]
[3, 1, 2, 0, 6]
[3, 1, 2, 0, 7]
[3, 1, 2, 0, 4, 5]
0.3870967741935484 0.45714285714285713
itercount --------> 9
[1, 2, 3]
[1, 2, 5]
[1, 2, 7]
[1, 2, 0]
[1, 2, 4]
[1, 2, 6]
[1, 2, 3, 5]
[1, 2, 3, 7]
0.45714285714285713 0.4666666666666667
itercount --------> 10
[1, 2, 3]
[1, 2, 4]
[1, 2, 5]
[1, 2, 7]
[1, 2, 6]
[1, 2, 0]
[1, 2, 3, 4]
0.4666666666666667 0.46875
itercount --------> 11
[1, 2, 4]
[1, 2, 5]
[1, 2, 3]
[1, 2, 7]
[1, 2, 6]
[1, 2, 0]
[1, 2, 4, 5]
[1, 2, 4, 3]
[1, 2, 4, 7]
[1, 2, 4, 6]
[1, 2, 4, 0]
[1, 2, 4, 5, 3]
[1, 2, 4, 5, 7]
[1, 2, 4, 5, 6]
[1, 2, 4, 5, 0]
[1, 2, 4, 5, 3, 7]
[1, 2, 4, 5, 3, 6]
[1, 2, 4, 5, 3, 0]
[1, 2, 4, 5, 3, 7, 6]
[1, 2, 4, 5, 3, 7, 0]
[1, 2, 4, 5, 3, 7, 6, 0]
failed -> 3 times
after fail n ======> 6
[6, 1, 2, 3, 5, 0]
0.125 0.13793103448275862
itercount --------> 1
[2, 6, 1]
0.13793103448275862 0.14285714285714285
itercount --------> 2
[1, 3, 6]
0.14285714285714285 0.17391304347826086
itercount --------> 3
[1, 2, 5]
[1, 2, 6]
0.17391304347826086 0.18181818181818182
itercount --------> 4
[1, 2, 0]
[1, 2, 5]
[1, 2, 3]
[1, 2, 6]
[1, 2, 7]
[1, 2, 4]
[1, 2, 0, 5]
[1, 2, 0, 3]
0.18181818181818182 0.18518518518518517
itercount --------> 5
[1, 6, 2]
0.18518518518518517 0.19230769230769232
itercount --------> 6
[2, 3, 6]
0.19230769230769232 0.21875
itercount --------> 7
[2, 6, 5]
0.21875 0.25806451612903225
itercount --------> 8
[2, 3, 6]
0.25806451612903225 0.2608695652173913
itercount --------> 9
[2, 3, 5]
[2, 3, 6]
[2, 3, 1]
[2, 3, 4]
[2, 3, 0]
0.2608695652173913 0.2727272727272727
itercount --------> 10
[1, 2, 6]
0.2727272727272727 0.2916666666666667
itercount --------> 11
[6, 1, 4]
[6, 1, 3]
[6, 1, 5]
0.2916666666666667 0.34615384615384615
itercount --------> 12
[1, 4, 6]
[1, 4, 5]
[1, 4, 3]
[1, 4, 2]
[1, 4, 0]
0.34615384615384615 0.34782608695652173
itercount --------> 13
[4, 5, 6]
0.34782608695652173 0.375
itercount --------> 14
[3, 4, 6]
[3, 4, 5]
[3, 4, 0]
[3, 4, 1]
[3, 4, 2]
[3, 4, 7]
[3, 4, 6, 5]
0.375 0.5769230769230769
itercount --------> 15
[3, 5, 0]
0.5769230769230769 0.5833333333333334
itercount --------> 16
[5, 3, 4]
[5, 3, 0]
[5, 3, 1]
[5, 3, 2]
[5, 3, 6]
[5, 3, 7]
[5, 3, 4, 0]
[5, 3, 4, 1]
[5, 3, 4, 2]
[5, 3, 4, 6]
[5, 3, 4, 7]
[5, 3, 4, 0, 1]
[5, 3, 4, 0, 2]
[5, 3, 4, 0, 6]
[5, 3, 4, 0, 7]
[5, 3, 4, 0, 1, 2]
[5, 3, 4, 0, 1, 6]
0.5833333333333334 0.6
itercount --------> 17
[3, 5, 0]
0.6 0.625
itercount --------> 18
[5, 0, 3]
[5, 0, 4]
[5, 0, 1]
0.625 0.64
itercount --------> 19
[3, 5, 4]
[3, 5, 1]
[3, 5, 2]
[3, 5, 0]
[3, 5, 6]
[3, 5, 7]
[3, 5, 4, 1]
[3, 5, 4, 2]
[3, 5, 4, 0]
[3, 5, 4, 6]
[3, 5, 4, 7]
[3, 5, 4, 1, 2]
[3, 5, 4, 1, 0]
[3, 5, 4, 1, 6]
[3, 5, 4, 1, 7]
[3, 5, 4, 1, 2, 0]
[3, 5, 4, 1, 2, 6]
[3, 5, 4, 1, 2, 7]
[3, 5, 4, 1, 2, 0, 6]
[3, 5, 4, 1, 2, 0, 7]
[3, 5, 4, 1, 2, 0, 6, 7]
failed -> 4 times
after fail n ======> 7
[6, 1, 2, 3, 5, 0, 4]
0.125 0.13793103448275862
itercount --------> 1
[1, 6, 2]
0.13793103448275862 0.16666666666666666
itercount --------> 2
[1, 6, 5]
0.16666666666666666 0.18181818181818182
itercount --------> 3
[1, 2, 0]
[1, 2, 5]
[1, 2, 3]
[1, 2, 6]
0.18181818181818182 0.2222222222222222
itercount --------> 4
[2, 3, 6]
0.2222222222222222 0.27586206896551724
itercount --------> 5
[2, 3, 1]
0.27586206896551724 0.3055555555555556
itercount --------> 6
[2, 4, 1]
[2, 4, 3]
0.3055555555555556 0.3333333333333333
itercount --------> 7
[2, 4, 1]
[2, 4, 6]
0.3333333333333333 0.358974358974359
itercount --------> 8
[2, 1, 4]
[2, 1, 6]
[2, 1, 3]
[2, 1, 5]
[2, 1, 0]
0.358974358974359 0.41025641025641024
itercount --------> 9
[2, 1, 4]
0.41025641025641024 0.4375
itercount --------> 10
[2, 1, 4]
[2, 1, 6]
[2, 1, 0]
0.4375 0.5185185185185185
itercount --------> 11
[2, 0, 1]
[2, 0, 4]
[2, 0, 6]
[2, 0, 3]
[2, 0, 5]
[2, 0, 7]
[2, 0, 1, 4]
0.5185185185185185 0.5333333333333333
itercount --------> 12
[1, 2, 0]
[1, 2, 4]
[1, 2, 5]
0.5333333333333333 0.56
itercount --------> 13
[5, 1, 2]
[5, 1, 0]
0.56 0.5833333333333334
itercount --------> 14
[5, 3, 4]
[5, 3, 0]
[5, 3, 1]
[5, 3, 2]
[5, 3, 6]
[5, 3, 7]
[5, 3, 4, 0]
[5, 3, 4, 1]
[5, 3, 4, 2]
[5, 3, 4, 6]
[5, 3, 4, 7]
[5, 3, 4, 0, 1]
[5, 3, 4, 0, 2]
[5, 3, 4, 0, 6]
[5, 3, 4, 0, 7]
[5, 3, 4, 0, 1, 2]
[5, 3, 4, 0, 1, 6]
[5, 3, 4, 0, 1, 7]
[5, 3, 4, 0, 1, 2, 6]
[5, 3, 4, 0, 1, 2, 7]
[5, 3, 4, 0, 1, 2, 6, 7]
failed -> 5 times
after fail n ======> 8
[6, 1, 2, 3, 5, 0, 4, 7]
0.125 0.13793103448275862
itercount --------> 1
[2, 6, 1]
0.13793103448275862 0.14285714285714285
itercount --------> 2
[1, 3, 6]
[1, 3, 4]
0.14285714285714285 0.17391304347826086
itercount --------> 3
[1, 2, 5]
[1, 2, 6]
0.17391304347826086 0.18181818181818182
itercount --------> 4
[1, 2, 0]
[1, 2, 5]
[1, 2, 3]
[1, 2, 6]
[1, 2, 7]
[1, 2, 4]
[1, 2, 0, 5]
[1, 2, 0, 3]
0.18181818181818182 0.2
itercount --------> 5
[6, 1, 4]
[6, 1, 0]
0.2 0.2413793103448276
itercount --------> 6
[6, 0, 2]
0.2413793103448276 0.32142857142857145
itercount --------> 7
[6, 0, 1]
[6, 0, 4]
0.32142857142857145 0.3333333333333333
itercount --------> 8
[6, 0, 4]
[6, 0, 3]
0.3333333333333333 0.37037037037037035
itercount --------> 9
[3, 4, 6]
[3, 4, 1]
0.37037037037037035 0.4
itercount --------> 10
[1, 6, 2]
[1, 6, 0]
[1, 6, 3]
[1, 6, 4]
[1, 6, 5]
0.4 0.5833333333333334
itercount --------> 11
[1, 2, 0]
[1, 2, 5]
[1, 2, 4]
[1, 2, 3]
[1, 2, 6]
[1, 2, 7]
[1, 2, 0, 5]
[1, 2, 0, 4]
[1, 2, 0, 3]
[1, 2, 0, 6]
[1, 2, 0, 7]
[1, 2, 0, 5, 4]
[1, 2, 0, 5, 3]
[1, 2, 0, 5, 6]
0.5833333333333334 0.625
itercount --------> 12
[1, 2, 5]
[1, 2, 0]
[1, 2, 3]
[1, 2, 4]
[1, 2, 7]
[1, 2, 6]
[1, 2, 5, 0]
[1, 2, 5, 3]
[1, 2, 5, 4]
[1, 2, 5, 7]
[1, 2, 5, 6]
[1, 2, 5, 0, 3]
[1, 2, 5, 0, 4]
[1, 2, 5, 0, 7]
0.625 0.6521739130434783
itercount --------> 13
[5, 1, 2]
[5, 1, 0]
[5, 1, 3]
[5, 1, 4]
[5, 1, 7]
[5, 1, 6]
[5, 1, 2, 0]
[5, 1, 2, 3]
[5, 1, 2, 4]
[5, 1, 2, 7]
[5, 1, 2, 6]
[5, 1, 2, 0, 3]
[5, 1, 2, 0, 4]
[5, 1, 2, 0, 7]
[5, 1, 2, 0, 6]
[5, 1, 2, 0, 3, 4]
[5, 1, 2, 0, 3, 7]
[5, 1, 2, 0, 3, 6]
[5, 1, 2, 0, 3, 4, 7]
[5, 1, 2, 0, 3, 4, 6]
[5, 1, 2, 0, 3, 4, 7, 6]
failed -> 6 times
after fail n ======> 5
[6, 1, 2, 3, 5]
0.125 0.1276595744680851
itercount --------> 1
[1, 2, 3]
0.1276595744680851 0.1935483870967742
itercount --------> 2
[3, 5, 1]
[3, 5, 2]
0.1935483870967742 0.20833333333333334
itercount --------> 3
[1, 2, 5]
[1, 2, 3]
0.20833333333333334 0.30434782608695654
itercount --------> 4
[1, 2, 5]
[1, 2, 6]
0.30434782608695654 0.34615384615384615
itercount --------> 5
[2, 1, 4]
0.34615384615384615 0.36
itercount --------> 6
[2, 4, 6]
[2, 4, 3]
[2, 4, 5]
[2, 4, 1]
[2, 4, 0]
[2, 4, 7]
[2, 4, 6, 3]
[2, 4, 6, 5]
[2, 4, 6, 1]
[2, 4, 6, 0]
[2, 4, 6, 7]
[2, 4, 6, 3, 5]
[2, 4, 6, 3, 1]
[2, 4, 6, 3, 0]
[2, 4, 6, 3, 7]
[2, 4, 6, 3, 5, 1]
0.36 0.375
itercount --------> 7
[2, 5, 3]
[2, 5, 4]
0.375 0.391304347826087
itercount --------> 8
[2, 5, 4]
[2, 5, 6]
[2, 5, 3]
[2, 5, 1]
[2, 5, 0]
[2, 5, 7]
[2, 5, 4, 6]
[2, 5, 4, 3]
[2, 5, 4, 1]
[2, 5, 4, 0]
[2, 5, 4, 7]
[2, 5, 4, 6, 3]
[2, 5, 4, 6, 1]
[2, 5, 4, 6, 0]
0.391304347826087 0.4
itercount --------> 9
[3, 4, 2]
[3, 4, 5]
[3, 4, 6]
[3, 4, 1]
[3, 4, 0]
[3, 4, 7]
[3, 4, 2, 5]
[3, 4, 2, 6]
[3, 4, 2, 1]
[3, 4, 2, 0]
[3, 4, 2, 7]
[3, 4, 2, 5, 6]
0.4 0.4074074074074074
itercount --------> 10
[2, 3, 4]
0.4074074074074074 0.5925925925925926
itercount --------> 11
[2, 1, 5]
[2, 1, 3]
[2, 1, 4]
[2, 1, 6]
[2, 1, 0]
0.5925925925925926 0.6
itercount --------> 12
[1, 2, 4]
[1, 2, 5]
[1, 2, 0]
0.6 0.6153846153846154
itercount --------> 13
[1, 2, 5]
[1, 2, 3]
[1, 2, 4]
[1, 2, 0]
0.6153846153846154 0.625
itercount --------> 14
[4, 5, 0]
[4, 5, 3]
[4, 5, 1]
[4, 5, 2]
[4, 5, 6]
[4, 5, 7]
[4, 5, 0, 3]
[4, 5, 0, 1]
[4, 5, 0, 2]
[4, 5, 0, 6]
[4, 5, 0, 7]
[4, 5, 0, 3, 1]
[4, 5, 0, 3, 2]
[4, 5, 0, 3, 6]
[4, 5, 0, 3, 7]
[4, 5, 0, 3, 1, 2]
[4, 5, 0, 3, 1, 6]
[4, 5, 0, 3, 1, 7]
[4, 5, 0, 3, 1, 2, 6]
[4, 5, 0, 3, 1, 2, 7]
[4, 5, 0, 3, 1, 2, 6, 7]
failed -> 7 times
after fail n ======> 6
[6, 1, 2, 3, 5, 0]
0.125 0.14705882352941177
itercount --------> 1
[1, 6, 5]
0.14705882352941177 0.16
itercount --------> 2
[1, 6, 2]
0.16 0.18181818181818182
itercount --------> 3
[1, 2, 0]
[1, 2, 5]
[1, 2, 3]
0.18181818181818182 0.2727272727272727
itercount --------> 4
[1, 2, 6]
[1, 2, 5]
[1, 2, 0]
[1, 2, 3]
[1, 2, 4]
[1, 2, 7]
[1, 2, 6, 5]
0.2727272727272727 0.28125
itercount --------> 5
[1, 2, 5]
0.28125 0.3225806451612903
itercount --------> 6
[1, 3, 5]
[1, 3, 6]
[1, 3, 4]
[1, 3, 0]
[1, 3, 2]
0.3225806451612903 0.4117647058823529
itercount --------> 7
[1, 5, 4]
[1, 5, 6]
[1, 5, 0]
0.4117647058823529 0.4375
itercount --------> 8
[3, 1, 5]
0.4375 0.5185185185185185
itercount --------> 9
[4, 5, 1]
[4, 5, 6]
[4, 5, 0]
0.5185185185185185 0.5769230769230769
itercount --------> 10
[1, 5, 3]
[1, 5, 0]
0.5769230769230769 0.5833333333333334
itercount --------> 11
[5, 3, 4]
[5, 3, 0]
[5, 3, 1]
[5, 3, 2]
[5, 3, 6]
[5, 3, 7]
[5, 3, 4, 0]
[5, 3, 4, 1]
[5, 3, 4, 2]
[5, 3, 4, 6]
[5, 3, 4, 7]
[5, 3, 4, 0, 1]
[5, 3, 4, 0, 2]
[5, 3, 4, 0, 6]
[5, 3, 4, 0, 7]
[5, 3, 4, 0, 1, 2]
[5, 3, 4, 0, 1, 6]
[5, 3, 4, 0, 1, 7]
[5, 3, 4, 0, 1, 2, 6]
[5, 3, 4, 0, 1, 2, 7]
[5, 3, 4, 0, 1, 2, 6, 7]
failed -> 8 times
after fail n ======> 7
[6, 1, 2, 3, 5, 0, 4]
0.125 0.17857142857142858
itercount --------> 1
[6, 5, 1]
0.17857142857142858 0.18181818181818182
itercount --------> 2
[1, 2, 0]
[1, 2, 5]
[1, 2, 3]
0.18181818181818182 0.2727272727272727
itercount --------> 3
[1, 2, 6]
[1, 2, 5]
[1, 2, 0]
[1, 2, 3]
[1, 2, 4]
[1, 2, 7]
[1, 2, 6, 5]
0.2727272727272727 0.275
itercount --------> 4
[1, 6, 4]
[1, 6, 5]
0.275 0.43243243243243246
itercount --------> 5
[1, 5, 4]
[1, 5, 2]
[1, 5, 3]
[1, 5, 6]
[1, 5, 7]
[1, 5, 0]
[1, 5, 4, 2]
0.43243243243243246 0.43333333333333335
itercount --------> 6
[1, 5, 4]
[1, 5, 6]
[1, 5, 2]
[1, 5, 3]
0.43333333333333335 0.4642857142857143
itercount --------> 7
[5, 1, 6]
[5, 1, 3]
[5, 1, 4]
[5, 1, 7]
[5, 1, 2]
0.4642857142857143 0.5161290322580645
itercount --------> 8
[5, 1, 3]
[5, 1, 4]
[5, 1, 6]
[5, 1, 2]
[5, 1, 0]
0.5161290322580645 0.5185185185185185
itercount --------> 9
[1, 5, 4]
[1, 5, 2]
[1, 5, 3]
[1, 5, 0]
[1, 5, 6]
[1, 5, 7]
[1, 5, 4, 2]
[1, 5, 4, 3]
[1, 5, 4, 0]
[1, 5, 4, 6]
[1, 5, 4, 7]
[1, 5, 4, 2, 3]
[1, 5, 4, 2, 0]
0.5185185185185185 0.5384615384615384
itercount --------> 10
[1, 5, 4]
[1, 5, 0]
[1, 5, 3]
[1, 5, 2]
[1, 5, 6]
[1, 5, 7]
[1, 5, 4, 0]
[1, 5, 4, 3]
[1, 5, 4, 2]
0.5384615384615384 0.5833333333333334
itercount --------> 11
[5, 3, 4]
[5, 3, 0]
[5, 3, 1]
[5, 3, 2]
[5, 3, 6]
[5, 3, 7]
[5, 3, 4, 0]
[5, 3, 4, 1]
[5, 3, 4, 2]
[5, 3, 4, 6]
[5, 3, 4, 7]
[5, 3, 4, 0, 1]
[5, 3, 4, 0, 2]
[5, 3, 4, 0, 6]
[5, 3, 4, 0, 7]
[5, 3, 4, 0, 1, 2]
[5, 3, 4, 0, 1, 6]
[5, 3, 4, 0, 1, 7]
[5, 3, 4, 0, 1, 2, 6]
[5, 3, 4, 0, 1, 2, 7]
[5, 3, 4, 0, 1, 2, 6, 7]
failed -> 9 times
after fail n ======> 8
[6, 1, 2, 3, 5, 0, 4, 7]
0.125 0.12962962962962962
itercount --------> 1
[1, 2, 6]
0.12962962962962962 0.17142857142857143
itercount --------> 2
[6, 2, 3]
[6, 2, 4]
0.17142857142857143 0.24
itercount --------> 3
[6, 5, 3]
0.24 0.2608695652173913
itercount --------> 4
[6, 4, 5]
[6, 4, 1]
[6, 4, 2]
[6, 4, 3]
0.2608695652173913 0.2692307692307692
itercount --------> 5
[6, 1, 2]
[6, 1, 5]
[6, 1, 4]
[6, 1, 3]
[6, 1, 0]
0.2692307692307692 0.28
itercount --------> 6
[6, 1, 2]
[6, 1, 5]
0.28 0.2916666666666667
itercount --------> 7
[6, 5, 4]
[6, 5, 1]
[6, 5, 2]
[6, 5, 3]
[6, 5, 7]
[6, 5, 0]
0.2916666666666667 0.2962962962962963
itercount --------> 8
[2, 3, 5]
0.2962962962962963 0.34782608695652173
itercount --------> 9
[1, 2, 5]
[1, 2, 0]
[1, 2, 6]
[1, 2, 3]
[1, 2, 7]
[1, 2, 4]
[1, 2, 5, 0]
[1, 2, 5, 6]
[1, 2, 5, 3]
[1, 2, 5, 7]
[1, 2, 5, 4]
0.34782608695652173 0.36363636363636365
itercount --------> 10
[1, 2, 5]
[1, 2, 0]
[1, 2, 6]
[1, 2, 3]
[1, 2, 4]
[1, 2, 7]
[1, 2, 5, 0]
[1, 2, 5, 6]
[1, 2, 5, 3]
[1, 2, 5, 4]
[1, 2, 5, 7]
[1, 2, 5, 0, 6]
[1, 2, 5, 0, 3]
[1, 2, 5, 0, 4]
[1, 2, 5, 0, 7]
[1, 2, 5, 0, 6, 3]
0.36363636363636365 0.4
itercount --------> 11
[2, 1, 5]
0.4 0.45454545454545453
itercount --------> 12
[1, 2, 0]
[1, 2, 5]
0.45454545454545453 0.4583333333333333
itercount --------> 13
[5, 4, 3]
[5, 4, 6]
[5, 4, 0]
[5, 4, 1]
[5, 4, 2]
[5, 4, 7]
[5, 4, 3, 6]
0.4583333333333333 0.5416666666666666
itercount --------> 14
[4, 5, 6]
[4, 5, 0]
[4, 5, 3]
0.5416666666666666 0.5555555555555556
itercount --------> 15
[4, 5, 6]
[4, 5, 0]
[4, 5, 1]
[4, 5, 2]
0.5555555555555556 0.56
itercount --------> 16
[5, 4, 3]
[5, 4, 0]
[5, 4, 1]
[5, 4, 2]
[5, 4, 6]
[5, 4, 7]
[5, 4, 3, 0]
[5, 4, 3, 1]
[5, 4, 3, 2]
[5, 4, 3, 6]
[5, 4, 3, 7]
[5, 4, 3, 0, 1]
[5, 4, 3, 0, 2]
0.56 0.6538461538461539
itercount --------> 17
[4, 0, 1]
[4, 0, 2]
[4, 0, 5]
[4, 0, 3]
[4, 0, 6]
[4, 0, 7]
[4, 0, 1, 2]
[4, 0, 1, 5]
[4, 0, 1, 3]
[4, 0, 1, 6]
[4, 0, 1, 7]
[4, 0, 1, 2, 5]
[4, 0, 1, 2, 3]
[4, 0, 1, 2, 6]
[4, 0, 1, 2, 7]
[4, 0, 1, 2, 5, 3]
[4, 0, 1, 2, 5, 6]
[4, 0, 1, 2, 5, 7]
[4, 0, 1, 2, 5, 3, 6]
[4, 0, 1, 2, 5, 3, 7]
[4, 0, 1, 2, 5, 3, 6, 7]
failed -> 10 times
after fail n ======> 5
[6, 1, 2, 3, 5]
0.125 0.13793103448275862
itercount --------> 1
[6, 2, 3]
0.13793103448275862 0.15384615384615385
itercount --------> 2
[6, 2, 4]
0.15384615384615385 0.16
itercount --------> 3
[5, 6, 2]
0.16 0.17391304347826086
itercount --------> 4
[2, 6, 5]
0.17391304347826086 0.18181818181818182
itercount --------> 5
[1, 2, 0]
[1, 2, 5]
[1, 2, 3]
0.18181818181818182 0.2727272727272727
itercount --------> 6
[1, 2, 6]
[1, 2, 5]
[1, 2, 0]
[1, 2, 3]
[1, 2, 4]
[1, 2, 7]
[1, 2, 6, 5]
[1, 2, 6, 0]
[1, 2, 6, 3]
[1, 2, 6, 4]
[1, 2, 6, 7]
[1, 2, 6, 5, 0]
[1, 2, 6, 5, 3]
[1, 2, 6, 5, 4]
[1, 2, 6, 5, 7]
[1, 2, 6, 5, 0, 3]
[1, 2, 6, 5, 0, 4]
[1, 2, 6, 5, 0, 7]
[1, 2, 6, 5, 0, 3, 4]
[1, 2, 6, 5, 0, 3, 7]
[1, 2, 6, 5, 0, 3, 4, 7]
failed -> 11 times
after fail n ======> 6
[6, 1, 2, 3, 5, 0]
0.125 0.14814814814814814
itercount --------> 1
[3, 2, 6]
0.14814814814814814 0.25
itercount --------> 2
[6, 1, 4]
0.25 0.2727272727272727
itercount --------> 3
[1, 2, 6]
[1, 2, 5]
[1, 2, 0]
[1, 2, 3]
[1, 2, 4]
[1, 2, 7]
[1, 2, 6, 5]
[1, 2, 6, 0]
[1, 2, 6, 3]
[1, 2, 6, 4]
[1, 2, 6, 7]
[1, 2, 6, 5, 0]
[1, 2, 6, 5, 3]
[1, 2, 6, 5, 4]
[1, 2, 6, 5, 7]
[1, 2, 6, 5, 0, 3]
[1, 2, 6, 5, 0, 4]
[1, 2, 6, 5, 0, 7]
[1, 2, 6, 5, 0, 3, 4]
[1, 2, 6, 5, 0, 3, 7]
[1, 2, 6, 5, 0, 3, 4, 7]
failed -> 12 times
after fail n ======> 7
[6, 1, 2, 3, 5, 0, 4]
0.125 0.17391304347826086
itercount --------> 1
[1, 6, 5]
0.17391304347826086 0.18181818181818182
itercount --------> 2
[1, 2, 0]
[1, 2, 5]
[1, 2, 3]
[1, 2, 6]
[1, 2, 7]
[1, 2, 4]
[1, 2, 0, 5]
[1, 2, 0, 3]
0.18181818181818182 0.25
itercount --------> 3
[2, 6, 0]
0.25 0.2962962962962963
itercount --------> 4
[2, 6, 1]
0.2962962962962963 0.4666666666666667
itercount --------> 5
[0, 2, 6]
[0, 2, 1]
0.4666666666666667 0.5161290322580645
itercount --------> 6
[2, 0, 1]
0.5161290322580645 0.5517241379310345
itercount --------> 7
[0, 2, 6]
[0, 2, 1]
[0, 2, 5]
[0, 2, 3]
[0, 2, 4]
[0, 2, 7]
[0, 2, 6, 1]
[0, 2, 6, 5]
[0, 2, 6, 3]
[0, 2, 6, 4]
0.5517241379310345 0.5555555555555556
itercount --------> 8
[0, 2, 6]
[0, 2, 4]
[0, 2, 1]
[0, 2, 3]
[0, 2, 5]
[0, 2, 7]
[0, 2, 6, 4]
[0, 2, 6, 1]
[0, 2, 6, 3]
[0, 2, 6, 5]
[0, 2, 6, 7]
[0, 2, 6, 4, 1]
[0, 2, 6, 4, 3]
[0, 2, 6, 4, 5]
[0, 2, 6, 4, 7]
[0, 2, 6, 4, 1, 3]
0.5555555555555556 0.5769230769230769
itercount --------> 9
[0, 4, 6]
[0, 4, 3]
[0, 4, 2]
[0, 4, 5]
[0, 4, 1]
[0, 4, 7]
[0, 4, 6, 3]
[0, 4, 6, 2]
[0, 4, 6, 5]
[0, 4, 6, 1]
[0, 4, 6, 7]
[0, 4, 6, 3, 2]
[0, 4, 6, 3, 5]
[0, 4, 6, 3, 1]
[0, 4, 6, 3, 7]
[0, 4, 6, 3, 2, 5]
[0, 4, 6, 3, 2, 1]
[0, 4, 6, 3, 2, 7]
[0, 4, 6, 3, 2, 5, 1]
[0, 4, 6, 3, 2, 5, 7]
[0, 4, 6, 3, 2, 5, 1, 7]
failed -> 13 times
after fail n ======> 8
[6, 1, 2, 3, 5, 0, 4, 7]
0.125 0.13793103448275862
itercount --------> 1
[6, 2, 3]
0.13793103448275862 0.1935483870967742
itercount --------> 2
[6, 2, 4]
0.1935483870967742 0.2608695652173913
itercount --------> 3
[6, 4, 5]
0.2608695652173913 0.3181818181818182
itercount --------> 4
[6, 1, 2]
[6, 1, 0]
[6, 1, 5]
[6, 1, 4]
[6, 1, 3]
[6, 1, 7]
[6, 1, 2, 0]
[6, 1, 2, 5]
0.3181818181818182 0.32
itercount --------> 5
[6, 5, 7]
[6, 5, 3]
[6, 5, 4]
[6, 5, 1]
[6, 5, 2]
[6, 5, 0]
[6, 5, 7, 3]
[6, 5, 7, 4]
[6, 5, 7, 1]
[6, 5, 7, 2]
[6, 5, 7, 0]
[6, 5, 7, 3, 4]
[6, 5, 7, 3, 1]
[6, 5, 7, 3, 2]
[6, 5, 7, 3, 0]
[6, 5, 7, 3, 4, 1]
[6, 5, 7, 3, 4, 2]
[6, 5, 7, 3, 4, 0]
[6, 5, 7, 3, 4, 1, 2]
[6, 5, 7, 3, 4, 1, 0]
[6, 5, 7, 3, 4, 1, 2, 0]
failed -> 14 times
after fail n ======> 5
[6, 1, 2, 3, 5]
0.125 0.13793103448275862
itercount --------> 1
[6, 2, 3]
[6, 2, 5]
0.13793103448275862 0.14285714285714285
itercount --------> 2
[2, 6, 1]
0.14285714285714285 0.17391304347826086
itercount --------> 3
[2, 6, 5]
0.17391304347826086 0.18181818181818182
itercount --------> 4
[1, 2, 0]
[1, 2, 5]
[1, 2, 3]
0.18181818181818182 0.2727272727272727
itercount --------> 5
[1, 2, 6]
[1, 2, 5]
[1, 2, 0]
[1, 2, 3]
[1, 2, 4]
[1, 2, 7]
[1, 2, 6, 5]
[1, 2, 6, 0]
[1, 2, 6, 3]
[1, 2, 6, 4]
0.2727272727272727 0.4
itercount --------> 6
[1, 2, 4]
[1, 2, 6]
[1, 2, 0]
[1, 2, 5]
[1, 2, 3]
[1, 2, 7]
[1, 2, 4, 6]
0.4 0.41379310344827586
itercount --------> 7
[1, 4, 2]
[1, 4, 3]
[1, 4, 6]
[1, 4, 5]
[1, 4, 0]
[1, 4, 7]
[1, 4, 2, 3]
[1, 4, 2, 6]
[1, 4, 2, 5]
[1, 4, 2, 0]
[1, 4, 2, 7]
[1, 4, 2, 3, 6]
0.41379310344827586 0.43243243243243246
itercount --------> 8
[1, 2, 5]
0.43243243243243246 0.4375
itercount --------> 9
[2, 1, 4]
[2, 1, 5]
[2, 1, 0]
0.4375 0.4444444444444444
itercount --------> 10
[2, 1, 5]
[2, 1, 4]
0.4444444444444444 0.46153846153846156
itercount --------> 11
[2, 1, 5]
[2, 1, 0]
[2, 1, 4]
[2, 1, 6]
[2, 1, 3]
[2, 1, 7]
[2, 1, 5, 0]
0.46153846153846156 0.5
itercount --------> 12
[2, 5, 0]
0.5 0.5454545454545454
itercount --------> 13
[1, 2, 0]
[1, 2, 5]
[1, 2, 3]
[1, 2, 4]
[1, 2, 7]
[1, 2, 6]
[1, 2, 0, 5]
[1, 2, 0, 3]
[1, 2, 0, 4]
[1, 2, 0, 7]
[1, 2, 0, 6]
[1, 2, 0, 5, 3]
[1, 2, 0, 5, 4]
[1, 2, 0, 5, 7]
[1, 2, 0, 5, 6]
[1, 2, 0, 5, 3, 4]
0.5454545454545454 0.5833333333333334
itercount --------> 14
[5, 3, 4]
[5, 3, 0]
[5, 3, 1]
[5, 3, 2]
[5, 3, 6]
[5, 3, 7]
[5, 3, 4, 0]
[5, 3, 4, 1]
[5, 3, 4, 2]
[5, 3, 4, 6]
[5, 3, 4, 7]
[5, 3, 4, 0, 1]
[5, 3, 4, 0, 2]
[5, 3, 4, 0, 6]
[5, 3, 4, 0, 7]
[5, 3, 4, 0, 1, 2]
[5, 3, 4, 0, 1, 6]
[5, 3, 4, 0, 1, 7]
[5, 3, 4, 0, 1, 2, 6]
[5, 3, 4, 0, 1, 2, 7]
[5, 3, 4, 0, 1, 2, 6, 7]
failed -> 15 times
after fail n ======> 6
[6, 1, 2, 3, 5, 0]
0.125 0.12962962962962962
itercount --------> 1
[6, 1, 2]
0.12962962962962962 0.20588235294117646
itercount --------> 2
[6, 1, 2]
0.20588235294117646 0.2682926829268293
itercount --------> 3
[0, 4, 6]
0.2682926829268293 0.3157894736842105
itercount --------> 4
[0, 3, 1]
0.3157894736842105 0.375
itercount --------> 5
[2, 1, 3]
[2, 1, 6]
[2, 1, 5]
0.375 0.5172413793103449
itercount --------> 6
[1, 2, 5]
[1, 2, 3]
[1, 2, 0]
0.5172413793103449 0.5185185185185185
itercount --------> 7
[1, 2, 5]
0.5185185185185185 0.5517241379310345
itercount --------> 8
[2, 1, 0]
[2, 1, 6]
[2, 1, 4]
[2, 1, 5]
[2, 1, 3]
[2, 1, 7]
[2, 1, 0, 6]
[2, 1, 0, 4]
[2, 1, 0, 5]
[2, 1, 0, 3]
[2, 1, 0, 7]
[2, 1, 0, 6, 4]
[2, 1, 0, 6, 5]
[2, 1, 0, 6, 3]
[2, 1, 0, 6, 7]
[2, 1, 0, 6, 4, 5]
0.5517241379310345 0.5666666666666667
itercount --------> 9
[1, 2, 0]
[1, 2, 3]
0.5666666666666667 0.5862068965517241
itercount --------> 10
[1, 0, 2]
[1, 0, 6]
[1, 0, 3]
[1, 0, 5]
[1, 0, 4]
[1, 0, 7]
[1, 0, 2, 6]
[1, 0, 2, 3]
[1, 0, 2, 5]
[1, 0, 2, 4]
[1, 0, 2, 7]
[1, 0, 2, 6, 3]
[1, 0, 2, 6, 5]
[1, 0, 2, 6, 4]
[1, 0, 2, 6, 7]
[1, 0, 2, 6, 3, 5]
[1, 0, 2, 6, 3, 4]
[1, 0, 2, 6, 3, 7]
[1, 0, 2, 6, 3, 5, 4]
[1, 0, 2, 6, 3, 5, 7]
[1, 0, 2, 6, 3, 5, 4, 7]
failed -> 16 times
after fail n ======> 7
[6, 1, 2, 3, 5, 0, 4]
0.125 0.1388888888888889
itercount --------> 1
[2, 1, 6]
[2, 1, 3]
0.1388888888888889 0.14814814814814814
itercount --------> 2
[2, 6, 3]
[2, 6, 0]
0.14814814814814814 0.17391304347826086
itercount --------> 3
[1, 2, 5]
[1, 2, 6]
0.17391304347826086 0.18181818181818182
itercount --------> 4
[1, 2, 0]
[1, 2, 5]
[1, 2, 3]
[1, 2, 6]
[1, 2, 7]
[1, 2, 4]
[1, 2, 0, 5]
[1, 2, 0, 3]
0.18181818181818182 0.2727272727272727
itercount --------> 5
[1, 2, 6]
[1, 2, 5]
[1, 2, 0]
[1, 2, 3]
[1, 2, 4]
[1, 2, 7]
[1, 2, 6, 5]
0.2727272727272727 0.28
itercount --------> 6
[6, 5, 4]
[6, 5, 1]
0.28 0.35714285714285715
itercount --------> 7
[4, 6, 5]
0.35714285714285715 0.37037037037037035
itercount --------> 8
[1, 4, 5]
0.37037037037037035 0.3793103448275862
itercount --------> 9
[5, 1, 4]
[5, 1, 6]
[5, 1, 3]
0.3793103448275862 0.4
itercount --------> 10
[5, 6, 3]
0.4 0.5357142857142857
itercount --------> 11
[1, 5, 4]
[1, 5, 6]
[1, 5, 2]
[1, 5, 3]
[1, 5, 0]
[1, 5, 7]
[1, 5, 4, 6]
[1, 5, 4, 2]
[1, 5, 4, 3]
[1, 5, 4, 0]
[1, 5, 4, 7]
[1, 5, 4, 6, 2]
[1, 5, 4, 6, 3]
[1, 5, 4, 6, 0]
[1, 5, 4, 6, 7]
[1, 5, 4, 6, 2, 3]
0.5357142857142857 0.5769230769230769
itercount --------> 12
[1, 5, 4]
[1, 5, 3]
[1, 5, 2]
[1, 5, 6]
[1, 5, 0]
[1, 5, 7]
[1, 5, 4, 3]
[1, 5, 4, 2]
[1, 5, 4, 6]
[1, 5, 4, 0]
[1, 5, 4, 7]
[1, 5, 4, 3, 2]
[1, 5, 4, 3, 6]
[1, 5, 4, 3, 0]
[1, 5, 4, 3, 7]
[1, 5, 4, 3, 2, 6]
[1, 5, 4, 3, 2, 0]
[1, 5, 4, 3, 2, 7]
[1, 5, 4, 3, 2, 6, 0]
[1, 5, 4, 3, 2, 6, 7]
[1, 5, 4, 3, 2, 6, 0, 7]
failed -> 17 times
after fail n ======> 8
[6, 1, 2, 3, 5, 0, 4, 7]
0.125 0.13793103448275862
itercount --------> 1
[6, 2, 3]
0.13793103448275862 0.15384615384615385
itercount --------> 2
[6, 2, 4]
0.15384615384615385 0.17391304347826086
itercount --------> 3
[6, 5, 3]
0.17391304347826086 0.2608695652173913
itercount --------> 4
[6, 4, 5]
0.2608695652173913 0.3181818181818182
itercount --------> 5
[6, 1, 2]
[6, 1, 0]
[6, 1, 5]
[6, 1, 4]
[6, 1, 3]
[6, 1, 7]
[6, 1, 2, 0]
0.3181818181818182 0.3793103448275862
itercount --------> 6
[3, 6, 4]
[3, 6, 0]
[3, 6, 5]
[3, 6, 7]
[3, 6, 1]
[3, 6, 2]
[3, 6, 4, 0]
[3, 6, 4, 5]
0.3793103448275862 0.4666666666666667
itercount --------> 7
[6, 5, 3]
[6, 5, 0]
0.4666666666666667 0.56
itercount --------> 8
[3, 5, 0]
[3, 5, 4]
[3, 5, 1]
0.56 0.6
itercount --------> 9
[1, 0, 5]
[1, 0, 3]
[1, 0, 4]
[1, 0, 6]
[1, 0, 2]
0.6 0.625
itercount --------> 10
[5, 0, 4]
[5, 0, 3]
[5, 0, 1]
[5, 0, 2]
[5, 0, 6]
[5, 0, 7]
[5, 0, 4, 3]
[5, 0, 4, 1]
[5, 0, 4, 2]
[5, 0, 4, 6]
[5, 0, 4, 7]
[5, 0, 4, 3, 1]
[5, 0, 4, 3, 2]
[5, 0, 4, 3, 6]
[5, 0, 4, 3, 7]
[5, 0, 4, 3, 1, 2]
[5, 0, 4, 3, 1, 6]
[5, 0, 4, 3, 1, 7]
[5, 0, 4, 3, 1, 2, 6]
[5, 0, 4, 3, 1, 2, 7]
[5, 0, 4, 3, 1, 2, 6, 7]
failed -> 18 times
after fail n ======> 5
[6, 1, 2, 3, 5]
0.125 0.15625
itercount --------> 1
[1, 2, 3]
0.15625 0.21875
itercount --------> 2
[1, 6, 2]
0.21875 0.30434782608695654
itercount --------> 3
[1, 2, 5]
[1, 2, 6]
0.30434782608695654 0.3103448275862069
itercount --------> 4
[1, 3, 6]
[1, 3, 5]
0.3103448275862069 0.34615384615384615
itercount --------> 5
[3, 1, 5]
0.34615384615384615 0.391304347826087
itercount --------> 6
[1, 2, 5]
[1, 2, 4]
[1, 2, 6]
[1, 2, 3]
[1, 2, 0]
[1, 2, 7]
[1, 2, 5, 4]
[1, 2, 5, 6]
[1, 2, 5, 3]
[1, 2, 5, 0]
[1, 2, 5, 7]
[1, 2, 5, 4, 6]
[1, 2, 5, 4, 3]
[1, 2, 5, 4, 0]
[1, 2, 5, 4, 7]
[1, 2, 5, 4, 6, 3]
[1, 2, 5, 4, 6, 0]
[1, 2, 5, 4, 6, 7]
[1, 2, 5, 4, 6, 3, 0]
[1, 2, 5, 4, 6, 3, 7]
[1, 2, 5, 4, 6, 3, 0, 7]
failed -> 19 times
after fail n ======> 6
[6, 1, 2, 3, 5, 0]
0.125 0.21875
itercount --------> 1
[6, 2, 4]
0.21875 0.2222222222222222
itercount --------> 2
[6, 1, 2]
0.2222222222222222 0.2608695652173913
itercount --------> 3
[6, 4, 5]
[6, 4, 1]
[6, 4, 2]
[6, 4, 3]
0.2608695652173913 0.2916666666666667
itercount --------> 4
[6, 5, 4]
[6, 5, 1]
[6, 5, 2]
[6, 5, 3]
[6, 5, 7]
[6, 5, 0]
[6, 5, 4, 1]
0.2916666666666667 0.30434782608695654
itercount --------> 5
[6, 5, 4]
[6, 5, 1]
[6, 5, 2]
[6, 5, 3]
[6, 5, 7]
[6, 5, 0]
[6, 5, 4, 1]
[6, 5, 4, 2]
[6, 5, 4, 3]
0.30434782608695654 0.3076923076923077
itercount --------> 6
[6, 5, 4]
[6, 5, 7]
[6, 5, 2]
[6, 5, 3]
[6, 5, 1]
[6, 5, 0]
[6, 5, 4, 7]
[6, 5, 4, 2]
[6, 5, 4, 3]
[6, 5, 4, 1]
[6, 5, 4, 0]
[6, 5, 4, 7, 2]
[6, 5, 4, 7, 3]
0.3076923076923077 0.391304347826087
itercount --------> 7
[6, 5, 1]
[6, 5, 2]
[6, 5, 4]
[6, 5, 0]
[6, 5, 7]
[6, 5, 3]
[6, 5, 1, 2]
[6, 5, 1, 4]
[6, 5, 1, 0]
[6, 5, 1, 7]
[6, 5, 1, 3]
[6, 5, 1, 2, 4]
[6, 5, 1, 2, 0]
[6, 5, 1, 2, 7]
[6, 5, 1, 2, 3]
[6, 5, 1, 2, 4, 0]
[6, 5, 1, 2, 4, 7]
[6, 5, 1, 2, 4, 3]
[6, 5, 1, 2, 4, 0, 7]
[6, 5, 1, 2, 4, 0, 3]
[6, 5, 1, 2, 4, 0, 7, 3]
failed -> 20 times
after fail n ======> 7
[6, 1, 2, 3, 5, 0, 4]
0.125 0.13793103448275862
itercount --------> 1
[2, 6, 1]
0.13793103448275862 0.17391304347826086
itercount --------> 2
[1, 2, 5]
[1, 2, 6]
0.17391304347826086 0.18181818181818182
itercount --------> 3
[1, 2, 0]
[1, 2, 5]
[1, 2, 3]
0.18181818181818182 0.2222222222222222
itercount --------> 4
[6, 2, 4]
0.2222222222222222 0.24
itercount --------> 5
[6, 2, 4]
0.24 0.2608695652173913
itercount --------> 6
[6, 4, 5]
[6, 4, 1]
[6, 4, 2]
[6, 4, 3]
[6, 4, 0]
[6, 4, 7]
[6, 4, 5, 1]
0.2608695652173913 0.2727272727272727
itercount --------> 7
[1, 2, 6]
0.2727272727272727 0.27586206896551724
itercount --------> 8
[4, 2, 1]
[4, 2, 6]
0.27586206896551724 0.3448275862068966
itercount --------> 9
[2, 1, 4]
[2, 1, 3]
0.3448275862068966 0.3793103448275862
itercount --------> 10
[2, 1, 3]
0.3793103448275862 0.41379310344827586
itercount --------> 11
[2, 4, 1]
[2, 4, 3]
[2, 4, 6]
[2, 4, 5]
[2, 4, 0]
[2, 4, 7]
[2, 4, 1, 3]
[2, 4, 1, 6]
[2, 4, 1, 5]
[2, 4, 1, 0]
[2, 4, 1, 7]
[2, 4, 1, 3, 6]
0.41379310344827586 0.43243243243243246
itercount --------> 12
[2, 1, 5]
0.43243243243243246 0.4375
itercount --------> 13
[1, 2, 4]
[1, 2, 5]
[1, 2, 0]
[1, 2, 6]
[1, 2, 3]
[1, 2, 7]
[1, 2, 4, 5]
0.4375 0.46875
itercount --------> 14
[1, 2, 4]
[1, 2, 5]
[1, 2, 6]
[1, 2, 0]
0.46875 0.5
itercount --------> 15
[1, 2, 5]
[1, 2, 4]
[1, 2, 0]
0.5 0.5652173913043478
itercount --------> 16
[1, 2, 5]
[1, 2, 3]
[1, 2, 4]
[1, 2, 0]
[1, 2, 6]
[1, 2, 7]
[1, 2, 5, 3]
[1, 2, 5, 4]
[1, 2, 5, 0]
[1, 2, 5, 6]
[1, 2, 5, 7]
0.5652173913043478 0.5909090909090909
itercount --------> 17
[1, 2, 0]
[1, 2, 5]
[1, 2, 3]
[1, 2, 4]
[1, 2, 6]
[1, 2, 7]
[1, 2, 0, 5]
[1, 2, 0, 3]
[1, 2, 0, 4]
[1, 2, 0, 6]
[1, 2, 0, 7]
[1, 2, 0, 5, 3]
[1, 2, 0, 5, 4]
[1, 2, 0, 5, 6]
[1, 2, 0, 5, 7]
[1, 2, 0, 5, 3, 4]
0.5909090909090909 0.6
itercount --------> 18
[4, 5, 1]
[4, 5, 2]
[4, 5, 3]
[4, 5, 0]
[4, 5, 6]
[4, 5, 7]
[4, 5, 1, 2]
[4, 5, 1, 3]
[4, 5, 1, 0]
[4, 5, 1, 6]
[4, 5, 1, 7]
[4, 5, 1, 2, 3]
[4, 5, 1, 2, 0]
[4, 5, 1, 2, 6]
[4, 5, 1, 2, 7]
[4, 5, 1, 2, 3, 0]
[4, 5, 1, 2, 3, 6]
[4, 5, 1, 2, 3, 7]
[4, 5, 1, 2, 3, 0, 6]
[4, 5, 1, 2, 3, 0, 7]
[4, 5, 1, 2, 3, 0, 6, 7]
0.6 0.625
itercount --------> 19
[4, 5, 0]
[4, 5, 3]
[4, 5, 1]
[4, 5, 2]
[4, 5, 6]
[4, 5, 7]
[4, 5, 0, 3]
[4, 5, 0, 1]
[4, 5, 0, 2]
[4, 5, 0, 6]
[4, 5, 0, 7]
[4, 5, 0, 3, 1]
[4, 5, 0, 3, 2]
[4, 5, 0, 3, 6]
[4, 5, 0, 3, 7]
[4, 5, 0, 3, 1, 2]
[4, 5, 0, 3, 1, 6]
[4, 5, 0, 3, 1, 7]
[4, 5, 0, 3, 1, 2, 6]
[4, 5, 0, 3, 1, 2, 7]
[4, 5, 0, 3, 1, 2, 6, 7]
failed -> 21 times
after fail n ======> 8
[6, 1, 2, 3, 5, 0, 4, 7]
0.125 0.12962962962962962
itercount --------> 1
[6, 1, 2]
0.12962962962962962 0.24
itercount --------> 2
[6, 4, 3]
0.24 0.2692307692307692
itercount --------> 3
[6, 0, 1]
0.2692307692307692 0.28
itercount --------> 4
[6, 5, 1]
[6, 5, 2]
[6, 5, 3]
[6, 5, 4]
[6, 5, 7]
[6, 5, 0]
0.28 0.2962962962962963
itercount --------> 5
[6, 0, 3]
0.2962962962962963 0.4
itercount --------> 6
[6, 0, 5]
0.4 0.4230769230769231
itercount --------> 7
[6, 3, 5]
[6, 3, 0]
[6, 3, 4]
[6, 3, 1]
[6, 3, 2]
[6, 3, 7]
[6, 3, 5, 0]
0.4230769230769231 0.43478260869565216
itercount --------> 8
[1, 2, 0]
[1, 2, 5]
[1, 2, 6]
[1, 2, 3]
[1, 2, 7]
[1, 2, 4]
[1, 2, 0, 5]
0.43478260869565216 0.4444444444444444
itercount --------> 9
[5, 3, 7]
[5, 3, 1]
[5, 3, 2]
[5, 3, 4]
[5, 3, 6]
[5, 3, 0]
[5, 3, 7, 1]
[5, 3, 7, 2]
[5, 3, 7, 4]
0.4444444444444444 0.46875
itercount --------> 10
[3, 1, 2]
0.46875 0.5
itercount --------> 11
[3, 0, 4]
[3, 0, 6]
[3, 0, 7]
[3, 0, 1]
[3, 0, 2]
[3, 0, 5]
[3, 0, 4, 6]
[3, 0, 4, 7]
[3, 0, 4, 1]
[3, 0, 4, 2]
[3, 0, 4, 5]
[3, 0, 4, 6, 7]
[3, 0, 4, 6, 1]
[3, 0, 4, 6, 2]
[3, 0, 4, 6, 5]
[3, 0, 4, 6, 7, 1]
[3, 0, 4, 6, 7, 2]
[3, 0, 4, 6, 7, 5]
[3, 0, 4, 6, 7, 1, 2]
[3, 0, 4, 6, 7, 1, 5]
[3, 0, 4, 6, 7, 1, 2, 5]
failed -> 22 times
after fail n ======> 5
[6, 1, 2, 3, 5]
0.125 0.1276595744680851
itercount --------> 1
[2, 1, 4]
[2, 1, 6]
0.1276595744680851 0.20512820512820512
itercount --------> 2
[5, 2, 4]
0.20512820512820512 0.25
itercount --------> 3
[4, 5, 2]
0.25 0.2894736842105263
itercount --------> 4
[2, 3, 5]
0.2894736842105263 0.34285714285714286
itercount --------> 5
[2, 1, 5]
[2, 1, 4]
[2, 1, 3]
0.34285714285714286 0.37209302325581395
itercount --------> 6
[1, 2, 5]
[1, 2, 3]
0.37209302325581395 0.43243243243243246
itercount --------> 7
[2, 5, 1]
[2, 5, 3]
[2, 5, 4]
[2, 5, 6]
[2, 5, 0]
[2, 5, 7]
[2, 5, 1, 3]
[2, 5, 1, 4]
[2, 5, 1, 6]
0.43243243243243246 0.4722222222222222
itercount --------> 8
[1, 2, 5]
[1, 2, 3]
[1, 2, 4]
[1, 2, 6]
[1, 2, 7]
[1, 2, 0]
[1, 2, 5, 3]
[1, 2, 5, 4]
[1, 2, 5, 6]
[1, 2, 5, 7]
[1, 2, 5, 0]
[1, 2, 5, 3, 4]
[1, 2, 5, 3, 6]
0.4722222222222222 0.5172413793103449
itercount --------> 9
[1, 2, 4]
[1, 2, 5]
[1, 2, 3]
[1, 2, 6]
[1, 2, 0]
[1, 2, 7]
[1, 2, 4, 5]
[1, 2, 4, 3]
[1, 2, 4, 6]
[1, 2, 4, 0]
[1, 2, 4, 7]
[1, 2, 4, 5, 3]
[1, 2, 4, 5, 6]
[1, 2, 4, 5, 0]
0.5172413793103449 0.5714285714285714
itercount --------> 10
[1, 2, 6]
[1, 2, 4]
[1, 2, 5]
[1, 2, 3]
[1, 2, 0]
[1, 2, 7]
[1, 2, 6, 4]
[1, 2, 6, 5]
[1, 2, 6, 3]
[1, 2, 6, 0]
[1, 2, 6, 7]
[1, 2, 6, 4, 5]
[1, 2, 6, 4, 3]
[1, 2, 6, 4, 0]
[1, 2, 6, 4, 7]
[1, 2, 6, 4, 5, 3]
0.5714285714285714 0.5757575757575758
itercount --------> 11
[1, 2, 3]
[1, 2, 5]
[1, 2, 4]
[1, 2, 6]
[1, 2, 7]
[1, 2, 0]
[1, 2, 3, 5]
[1, 2, 3, 4]
[1, 2, 3, 6]
[1, 2, 3, 7]
[1, 2, 3, 0]
[1, 2, 3, 5, 4]
[1, 2, 3, 5, 6]
[1, 2, 3, 5, 7]
[1, 2, 3, 5, 0]
[1, 2, 3, 5, 4, 6]
[1, 2, 3, 5, 4, 7]
[1, 2, 3, 5, 4, 0]
[1, 2, 3, 5, 4, 6, 7]
[1, 2, 3, 5, 4, 6, 0]
[1, 2, 3, 5, 4, 6, 7, 0]
failed -> 23 times
after fail n ======> 6
[6, 1, 2, 3, 5, 0]
0.125 0.13793103448275862
itercount --------> 1
[6, 2, 3]
0.13793103448275862 0.1935483870967742
itercount --------> 2
[6, 2, 4]
0.1935483870967742 0.2222222222222222
itercount --------> 3
[6, 2, 4]
0.2222222222222222 0.2608695652173913
itercount --------> 4
[6, 4, 5]
0.2608695652173913 0.3181818181818182
itercount --------> 5
[6, 1, 2]
[6, 1, 0]
[6, 1, 5]
[6, 1, 4]
[6, 1, 3]
[6, 1, 7]
[6, 1, 2, 0]
[6, 1, 2, 5]
[6, 1, 2, 4]
[6, 1, 2, 3]
[6, 1, 2, 7]
[6, 1, 2, 0, 5]
0.3181818181818182 0.32
itercount --------> 6
[6, 5, 7]
[6, 5, 3]
[6, 5, 4]
[6, 5, 1]
[6, 5, 2]
[6, 5, 0]
[6, 5, 7, 3]
[6, 5, 7, 4]
[6, 5, 7, 1]
[6, 5, 7, 2]
[6, 5, 7, 0]
[6, 5, 7, 3, 4]
[6, 5, 7, 3, 1]
[6, 5, 7, 3, 2]
[6, 5, 7, 3, 0]
[6, 5, 7, 3, 4, 1]
[6, 5, 7, 3, 4, 2]
[6, 5, 7, 3, 4, 0]
[6, 5, 7, 3, 4, 1, 2]
[6, 5, 7, 3, 4, 1, 0]
[6, 5, 7, 3, 4, 1, 2, 0]
failed -> 24 times
after fail n ======> 7
[6, 1, 2, 3, 5, 0, 4]
0.125 0.1388888888888889
itercount --------> 1
[3, 1, 2]
0.1388888888888889 0.16129032258064516
itercount --------> 2
[6, 2, 3]
[6, 2, 5]
0.16129032258064516 0.2
itercount --------> 3
[2, 3, 6]
0.2 0.21052631578947367
itercount --------> 4
[2, 3, 1]
[2, 3, 6]
0.21052631578947367 0.25
itercount --------> 5
[2, 6, 1]
[2, 6, 3]
0.25 0.25806451612903225
itercount --------> 6
[2, 1, 6]
0.25806451612903225 0.2608695652173913
itercount --------> 7
[1, 2, 5]
[1, 2, 6]
[1, 2, 3]
[1, 2, 4]
[1, 2, 0]
[1, 2, 7]
[1, 2, 5, 6]
0.2608695652173913 0.3333333333333333
itercount --------> 8
[1, 2, 5]
[1, 2, 3]
[1, 2, 4]
[1, 2, 6]
[1, 2, 0]
0.3333333333333333 0.34782608695652173
itercount --------> 9
[1, 2, 5]
[1, 2, 4]
[1, 2, 6]
[1, 2, 3]
[1, 2, 0]
0.34782608695652173 0.36363636363636365
itercount --------> 10
[1, 2, 5]
[1, 2, 0]
[1, 2, 3]
[1, 2, 4]
[1, 2, 6]
[1, 2, 7]
[1, 2, 5, 0]
[1, 2, 5, 3]
[1, 2, 5, 4]
[1, 2, 5, 6]
[1, 2, 5, 7]
[1, 2, 5, 0, 3]
[1, 2, 5, 0, 4]
[1, 2, 5, 0, 6]
[1, 2, 5, 0, 7]
[1, 2, 5, 0, 3, 4]
[1, 2, 5, 0, 3, 6]
[1, 2, 5, 0, 3, 7]
[1, 2, 5, 0, 3, 4, 6]
[1, 2, 5, 0, 3, 4, 7]
[1, 2, 5, 0, 3, 4, 6, 7]
failed -> 25 times
after fail n ======> 8
[6, 1, 2, 3, 5, 0, 4, 7]
0.125 0.13793103448275862
itercount --------> 1
[6, 1, 3]
0.13793103448275862 0.15384615384615385
itercount --------> 2
[6, 1, 4]
0.15384615384615385 0.16
itercount --------> 3
[5, 6, 1]
0.16 0.17391304347826086
itercount --------> 4
[1, 6, 5]
0.17391304347826086 0.18181818181818182
itercount --------> 5
[1, 2, 0]
[1, 2, 5]
[1, 2, 3]
0.18181818181818182 0.20689655172413793
itercount --------> 6
[6, 2, 1]
[6, 2, 4]
0.20689655172413793 0.23076923076923078
itercount --------> 7
[1, 6, 2]
0.23076923076923078 0.30434782608695654
itercount --------> 8
[1, 6, 5]
0.30434782608695654 0.3103448275862069
itercount --------> 9
[4, 1, 3]
[4, 1, 2]
0.3103448275862069 0.36
itercount --------> 10
[4, 1, 3]
[4, 1, 6]
[4, 1, 0]
0.36 0.375
itercount --------> 11
[4, 3, 6]
[4, 3, 5]
[4, 3, 0]
[4, 3, 1]
[4, 3, 2]
[4, 3, 7]
[4, 3, 6, 5]
[4, 3, 6, 0]
[4, 3, 6, 1]
[4, 3, 6, 2]
0.375 0.625
itercount --------> 12
[4, 5, 0]
[4, 5, 3]
[4, 5, 1]
[4, 5, 2]
[4, 5, 6]
[4, 5, 7]
[4, 5, 0, 3]
[4, 5, 0, 1]
[4, 5, 0, 2]
[4, 5, 0, 6]
[4, 5, 0, 7]
[4, 5, 0, 3, 1]
[4, 5, 0, 3, 2]
[4, 5, 0, 3, 6]
[4, 5, 0, 3, 7]
[4, 5, 0, 3, 1, 2]
[4, 5, 0, 3, 1, 6]
[4, 5, 0, 3, 1, 7]
[4, 5, 0, 3, 1, 2, 6]
0.625 0.64
itercount --------> 13
[4, 0, 5]
[4, 0, 6]
[4, 0, 1]
[4, 0, 2]
[4, 0, 3]
[4, 0, 7]
[4, 0, 5, 6]
[4, 0, 5, 1]
[4, 0, 5, 2]
[4, 0, 5, 3]
[4, 0, 5, 7]
[4, 0, 5, 6, 1]
[4, 0, 5, 6, 2]
[4, 0, 5, 6, 3]
[4, 0, 5, 6, 7]
[4, 0, 5, 6, 1, 2]
[4, 0, 5, 6, 1, 3]
[4, 0, 5, 6, 1, 7]
[4, 0, 5, 6, 1, 2, 3]
[4, 0, 5, 6, 1, 2, 7]
[4, 0, 5, 6, 1, 2, 3, 7]
failed -> 26 times
after fail n ======> 5
[6, 1, 2, 3, 5]
0.125 0.13793103448275862
itercount --------> 1
[2, 6, 1]
0.13793103448275862 0.17391304347826086
itercount --------> 2
[1, 2, 5]
0.17391304347826086 0.17857142857142858
itercount --------> 3
[6, 5, 1]
[6, 5, 2]
[6, 5, 3]
0.17857142857142858 0.20588235294117646
itercount --------> 4
[6, 5, 1]
0.20588235294117646 0.24
itercount --------> 5
[6, 5, 3]
0.24 0.2608695652173913
itercount --------> 6
[6, 4, 5]
[6, 4, 1]
[6, 4, 2]
[6, 4, 3]
0.2608695652173913 0.2692307692307692
itercount --------> 7
[6, 1, 2]
0.2692307692307692 0.30434782608695654
itercount --------> 8
[1, 4, 2]
[1, 4, 3]
[1, 4, 5]
[1, 4, 6]
0.30434782608695654 0.3170731707317073
itercount --------> 9
[1, 4, 2]
[1, 4, 0]
[1, 4, 3]
0.3170731707317073 0.36585365853658536
itercount --------> 10
[1, 4, 3]
[1, 4, 2]
[1, 4, 5]
0.36585365853658536 0.48484848484848486
itercount --------> 11
[1, 2, 4]
[1, 2, 5]
[1, 2, 3]
[1, 2, 0]
0.48484848484848486 0.6
itercount --------> 12
[1, 0, 4]
[1, 0, 5]
[1, 0, 2]
0.6 0.625
itercount --------> 13
[4, 5, 0]
[4, 5, 3]
[4, 5, 1]
[4, 5, 2]
[4, 5, 6]
[4, 5, 7]
[4, 5, 0, 3]
[4, 5, 0, 1]
[4, 5, 0, 2]
[4, 5, 0, 6]
[4, 5, 0, 7]
[4, 5, 0, 3, 1]
[4, 5, 0, 3, 2]
[4, 5, 0, 3, 6]
[4, 5, 0, 3, 7]
[4, 5, 0, 3, 1, 2]
[4, 5, 0, 3, 1, 6]
[4, 5, 0, 3, 1, 7]
[4, 5, 0, 3, 1, 2, 6]
0.625 0.64
itercount --------> 14
[4, 0, 5]
[4, 0, 6]
[4, 0, 1]
[4, 0, 2]
[4, 0, 3]
[4, 0, 7]
[4, 0, 5, 6]
[4, 0, 5, 1]
[4, 0, 5, 2]
[4, 0, 5, 3]
[4, 0, 5, 7]
[4, 0, 5, 6, 1]
[4, 0, 5, 6, 2]
[4, 0, 5, 6, 3]
[4, 0, 5, 6, 7]
[4, 0, 5, 6, 1, 2]
[4, 0, 5, 6, 1, 3]
[4, 0, 5, 6, 1, 7]
[4, 0, 5, 6, 1, 2, 3]
[4, 0, 5, 6, 1, 2, 7]
[4, 0, 5, 6, 1, 2, 3, 7]
failed -> 27 times
after fail n ======> 6
[6, 1, 2, 3, 5, 0]
0.125 0.1276595744680851
itercount --------> 1
[1, 2, 3]
[1, 2, 6]
0.1276595744680851 0.16
itercount --------> 2
[6, 4, 1]
0.16 0.25
itercount --------> 3
[1, 6, 2]
0.25 0.28
itercount --------> 4
[6, 1, 2]
0.28 0.34210526315789475
itercount --------> 5
[2, 1, 5]
[2, 1, 6]
[2, 1, 4]
[2, 1, 3]
[2, 1, 7]
[2, 1, 0]
[2, 1, 5, 6]
0.34210526315789475 0.34615384615384615
itercount --------> 6
[1, 2, 3]
[1, 2, 6]
[1, 2, 5]
[1, 2, 4]
[1, 2, 0]
0.34615384615384615 0.34782608695652173
itercount --------> 7
[1, 2, 5]
[1, 2, 6]
[1, 2, 3]
[1, 2, 0]
[1, 2, 4]
[1, 2, 7]
[1, 2, 5, 6]
0.34782608695652173 0.391304347826087
itercount --------> 8
[6, 5, 3]
[6, 5, 1]
[6, 5, 2]
[6, 5, 4]
[6, 5, 0]
[6, 5, 7]
[6, 5, 3, 1]
[6, 5, 3, 2]
[6, 5, 3, 4]
0.391304347826087 0.4782608695652174
itercount --------> 9
[6, 5, 1]
[6, 5, 2]
[6, 5, 0]
[6, 5, 3]
[6, 5, 4]
[6, 5, 7]
[6, 5, 1, 2]
[6, 5, 1, 0]
0.4782608695652174 0.48
itercount --------> 10
[6, 5, 1]
[6, 5, 2]
[6, 5, 3]
[6, 5, 4]
[6, 5, 7]
[6, 5, 0]
[6, 5, 1, 2]
[6, 5, 1, 3]
[6, 5, 1, 4]
[6, 5, 1, 7]
[6, 5, 1, 0]
[6, 5, 1, 2, 3]
[6, 5, 1, 2, 4]
[6, 5, 1, 2, 7]
0.48 0.5
itercount --------> 11
[1, 6, 5]
[1, 6, 3]
[1, 6, 2]
[1, 6, 4]
[1, 6, 7]
[1, 6, 0]
[1, 6, 5, 3]
[1, 6, 5, 2]
[1, 6, 5, 4]
[1, 6, 5, 7]
[1, 6, 5, 0]
[1, 6, 5, 3, 2]
[1, 6, 5, 3, 4]
[1, 6, 5, 3, 7]
[1, 6, 5, 3, 0]
[1, 6, 5, 3, 2, 4]
[1, 6, 5, 3, 2, 7]
[1, 6, 5, 3, 2, 0]
[1, 6, 5, 3, 2, 4, 7]
[1, 6, 5, 3, 2, 4, 0]
[1, 6, 5, 3, 2, 4, 7, 0]
failed -> 28 times
after fail n ======> 7
[6, 1, 2, 3, 5, 0, 4]
0.125 0.13793103448275862
itercount --------> 1
[2, 6, 1]
0.13793103448275862 0.18181818181818182
itercount --------> 2
[1, 2, 0]
[1, 2, 5]
[1, 2, 3]
[1, 2, 6]
[1, 2, 7]
[1, 2, 4]
[1, 2, 0, 5]
[1, 2, 0, 3]
0.18181818181818182 0.2222222222222222
itercount --------> 3
[6, 2, 4]
[6, 2, 3]
[6, 2, 5]
0.2222222222222222 0.2727272727272727
itercount --------> 4
[1, 2, 6]
[1, 2, 5]
[1, 2, 0]
[1, 2, 3]
[1, 2, 4]
[1, 2, 7]
[1, 2, 6, 5]
[1, 2, 6, 0]
[1, 2, 6, 3]
[1, 2, 6, 4]
[1, 2, 6, 7]
[1, 2, 6, 5, 0]
[1, 2, 6, 5, 3]
[1, 2, 6, 5, 4]
[1, 2, 6, 5, 7]
[1, 2, 6, 5, 0, 3]
[1, 2, 6, 5, 0, 4]
[1, 2, 6, 5, 0, 7]
[1, 2, 6, 5, 0, 3, 4]
[1, 2, 6, 5, 0, 3, 7]
[1, 2, 6, 5, 0, 3, 4, 7]
failed -> 29 times
after fail n ======> 8
[6, 1, 2, 3, 5, 0, 4, 7]
0.125 0.13793103448275862
itercount --------> 1
[1, 6, 2]
0.13793103448275862 0.17857142857142858
itercount --------> 2
[1, 2, 6]
0.17857142857142858 0.18181818181818182
itercount --------> 3
[1, 2, 0]
[1, 2, 5]
[1, 2, 3]
[1, 2, 6]
[1, 2, 7]
[1, 2, 4]
[1, 2, 0, 5]
[1, 2, 0, 3]
0.18181818181818182 0.2
itercount --------> 4
[6, 1, 2]
[6, 1, 0]
[6, 1, 4]
[6, 1, 3]
0.2 0.23076923076923078
itercount --------> 5
[6, 0, 4]
[6, 0, 3]
[6, 0, 1]
0.23076923076923078 0.28
itercount --------> 6
[6, 0, 7]
[6, 0, 4]
[6, 0, 3]
[6, 0, 5]
0.28 0.36363636363636365
itercount --------> 7
[1, 2, 5]
0.36363636363636365 0.375
itercount --------> 8
[4, 6, 5]
[4, 6, 0]
[4, 6, 1]
0.375 0.4230769230769231
itercount --------> 9
[5, 4, 3]
0.4230769230769231 0.5
itercount --------> 10
[5, 3, 6]
[5, 3, 4]
[5, 3, 0]
[5, 3, 1]
[5, 3, 2]
[5, 3, 7]
[5, 3, 6, 4]
[5, 3, 6, 0]
[5, 3, 6, 1]
[5, 3, 6, 2]
[5, 3, 6, 7]
[5, 3, 6, 4, 0]
[5, 3, 6, 4, 1]
0.5 0.5185185185185185
itercount --------> 11
[5, 1, 2]
[5, 1, 4]
[5, 1, 3]
[5, 1, 0]
[5, 1, 6]
[5, 1, 7]
[5, 1, 2, 4]
[5, 1, 2, 3]
[5, 1, 2, 0]
0.5185185185185185 0.53125
itercount --------> 12
[1, 2, 3]
[1, 2, 5]
[1, 2, 4]
[1, 2, 0]
[1, 2, 6]
[1, 2, 7]
[1, 2, 3, 5]
0.53125 0.5666666666666667
itercount --------> 13
[3, 5, 0]
[3, 5, 4]
[3, 5, 1]
[3, 5, 2]
[3, 5, 6]
[3, 5, 7]
[3, 5, 0, 4]
0.5666666666666667 0.5769230769230769
itercount --------> 14
[5, 3, 4]
[5, 3, 7]
[5, 3, 0]
[5, 3, 1]
[5, 3, 2]
0.5769230769230769 0.6
itercount --------> 15
[1, 2, 5]
[1, 2, 0]
[1, 2, 3]
[1, 2, 4]
0.6 0.625
itercount --------> 16
[1, 2, 5]
[1, 2, 0]
[1, 2, 3]
[1, 2, 4]
[1, 2, 7]
[1, 2, 6]
[1, 2, 5, 0]
[1, 2, 5, 3]
[1, 2, 5, 4]
[1, 2, 5, 7]
[1, 2, 5, 6]
[1, 2, 5, 0, 3]
[1, 2, 5, 0, 4]
[1, 2, 5, 0, 7]
[1, 2, 5, 0, 6]
[1, 2, 5, 0, 3, 4]
[1, 2, 5, 0, 3, 7]
[1, 2, 5, 0, 3, 6]
[1, 2, 5, 0, 3, 4, 7]
[1, 2, 5, 0, 3, 4, 6]
[1, 2, 5, 0, 3, 4, 7, 6]
failed -> 30 times
after fail n ======> 5
[6, 1, 2, 3, 5]
0.125 0.13793103448275862
itercount --------> 1
[1, 6, 2]
[1, 6, 3]
[1, 6, 5]
0.13793103448275862 0.14705882352941177
itercount --------> 2
[3, 2, 6]
0.14705882352941177 0.2857142857142857
itercount --------> 3
[3, 6, 5]
[3, 6, 2]
[3, 6, 4]
[3, 6, 1]
[3, 6, 7]
[3, 6, 0]
[3, 6, 5, 2]
0.2857142857142857 0.2916666666666667
itercount --------> 4
[5, 3, 6]
0.2916666666666667 0.34615384615384615
itercount --------> 5
[5, 3, 6]
[5, 3, 4]
[5, 3, 1]
0.34615384615384615 0.36
itercount --------> 6
[5, 4, 6]
[5, 4, 1]
[5, 4, 3]
[5, 4, 2]
[5, 4, 7]
[5, 4, 0]
[5, 4, 6, 1]
[5, 4, 6, 3]
[5, 4, 6, 2]
[5, 4, 6, 7]
[5, 4, 6, 0]
[5, 4, 6, 1, 3]
[5, 4, 6, 1, 2]
0.36 0.391304347826087
itercount --------> 7
[4, 5, 6]
[4, 5, 3]
[4, 5, 1]
[4, 5, 2]
[4, 5, 7]
[4, 5, 0]
[4, 5, 6, 3]
[4, 5, 6, 1]
0.391304347826087 0.4
itercount --------> 8
[3, 4, 6]
[3, 4, 5]
[3, 4, 1]
[3, 4, 2]
[3, 4, 0]
[3, 4, 7]
[3, 4, 6, 5]
[3, 4, 6, 1]
0.4 0.5714285714285714
itercount --------> 9
[4, 5, 1]
[4, 5, 3]
[4, 5, 2]
[4, 5, 0]
0.5714285714285714 0.5833333333333334
itercount --------> 10
[5, 3, 4]
[5, 3, 0]
[5, 3, 1]
[5, 3, 2]
0.5833333333333334 0.6
itercount --------> 11
[5, 1, 3]
[5, 1, 0]
0.6 0.625
itercount --------> 12
[5, 0, 3]
[5, 0, 4]
[5, 0, 1]
[5, 0, 2]
[5, 0, 6]
[5, 0, 7]
[5, 0, 3, 4]
[5, 0, 3, 1]
[5, 0, 3, 2]
[5, 0, 3, 6]
[5, 0, 3, 7]
[5, 0, 3, 4, 1]
[5, 0, 3, 4, 2]
[5, 0, 3, 4, 6]
[5, 0, 3, 4, 7]
[5, 0, 3, 4, 1, 2]
[5, 0, 3, 4, 1, 6]
[5, 0, 3, 4, 1, 7]
[5, 0, 3, 4, 1, 2, 6]
[5, 0, 3, 4, 1, 2, 7]
[5, 0, 3, 4, 1, 2, 6, 7]
failed -> 31 times
after fail n ======> 6
[6, 1, 2, 3, 5, 0]
0.125 0.13793103448275862
itercount --------> 1
[2, 6, 1]
[2, 6, 3]
0.13793103448275862 0.15384615384615385
itercount --------> 2
[2, 6, 1]
0.15384615384615385 0.2727272727272727
itercount --------> 3
[1, 2, 6]
0.2727272727272727 0.4
itercount --------> 4
[1, 2, 4]
[1, 2, 6]
[1, 2, 0]
[1, 2, 5]
[1, 2, 3]
[1, 2, 7]
[1, 2, 4, 6]
0.4 0.41379310344827586
itercount --------> 5
[1, 4, 2]
[1, 4, 3]
[1, 4, 6]
[1, 4, 5]
[1, 4, 0]
[1, 4, 7]
[1, 4, 2, 3]
[1, 4, 2, 6]
[1, 4, 2, 5]
[1, 4, 2, 0]
[1, 4, 2, 7]
[1, 4, 2, 3, 6]
0.41379310344827586 0.43243243243243246
itercount --------> 6
[1, 2, 5]
[1, 2, 3]
[1, 2, 4]
[1, 2, 6]
[1, 2, 7]
[1, 2, 0]
[1, 2, 5, 3]
0.43243243243243246 0.4375
itercount --------> 7
[2, 1, 4]
[2, 1, 5]
[2, 1, 0]
0.4375 0.4444444444444444
itercount --------> 8
[2, 1, 5]
[2, 1, 4]
[2, 1, 0]
0.4444444444444444 0.48
itercount --------> 9
[1, 2, 5]
0.48 0.5185185185185185
itercount --------> 10
[1, 2, 0]
[1, 2, 4]
[1, 2, 5]
[1, 2, 3]
[1, 2, 6]
[1, 2, 7]
[1, 2, 0, 4]
0.5185185185185185 0.5384615384615384
itercount --------> 11
[1, 2, 0]
[1, 2, 5]
[1, 2, 4]
0.5384615384615384 0.56
itercount --------> 12
[1, 2, 0]
[1, 2, 5]
[1, 2, 4]
[1, 2, 3]
[1, 2, 6]
[1, 2, 7]
[1, 2, 0, 5]
[1, 2, 0, 4]
[1, 2, 0, 3]
[1, 2, 0, 6]
0.56 0.5833333333333334
itercount --------> 13
[1, 0, 2]
[1, 0, 5]
[1, 0, 6]
[1, 0, 7]
[1, 0, 3]
[1, 0, 4]
[1, 0, 2, 5]
0.5833333333333334 0.6086956521739131
itercount --------> 14
[1, 2, 0]
[1, 2, 4]
[1, 2, 5]
[1, 2, 6]
[1, 2, 7]
[1, 2, 3]
[1, 2, 0, 4]
[1, 2, 0, 5]
[1, 2, 0, 6]
[1, 2, 0, 7]
[1, 2, 0, 3]
[1, 2, 0, 4, 5]
[1, 2, 0, 4, 6]
[1, 2, 0, 4, 7]
[1, 2, 0, 4, 3]
[1, 2, 0, 4, 5, 6]
[1, 2, 0, 4, 5, 7]
[1, 2, 0, 4, 5, 3]
[1, 2, 0, 4, 5, 6, 7]
0.6086956521739131 0.625
itercount --------> 15
[1, 2, 5]
[1, 2, 3]
[1, 2, 0]
[1, 2, 4]
[1, 2, 7]
[1, 2, 6]
[1, 2, 5, 3]
[1, 2, 5, 0]
[1, 2, 5, 4]
[1, 2, 5, 7]
[1, 2, 5, 6]
[1, 2, 5, 3, 0]
[1, 2, 5, 3, 4]
[1, 2, 5, 3, 7]
[1, 2, 5, 3, 6]
[1, 2, 5, 3, 0, 4]
[1, 2, 5, 3, 0, 7]
0.625 0.6521739130434783
itercount --------> 16
[5, 1, 2]
[5, 1, 0]
[5, 1, 3]
[5, 1, 4]
[5, 1, 7]
[5, 1, 6]
[5, 1, 2, 0]
[5, 1, 2, 3]
[5, 1, 2, 4]
[5, 1, 2, 7]
[5, 1, 2, 6]
[5, 1, 2, 0, 3]
[5, 1, 2, 0, 4]
[5, 1, 2, 0, 7]
[5, 1, 2, 0, 6]
[5, 1, 2, 0, 3, 4]
[5, 1, 2, 0, 3, 7]
[5, 1, 2, 0, 3, 6]
[5, 1, 2, 0, 3, 4, 7]
[5, 1, 2, 0, 3, 4, 6]
[5, 1, 2, 0, 3, 4, 7, 6]
failed -> 32 times
after fail n ======> 7
[6, 1, 2, 3, 5, 0, 4]
0.125 0.12962962962962962
itercount --------> 1
[1, 2, 6]
[1, 2, 5]
0.12962962962962962 0.24
itercount --------> 2
[1, 2, 5]
[1, 2, 6]
0.24 0.2727272727272727
itercount --------> 3
[1, 2, 6]
[1, 2, 5]
[1, 2, 0]
[1, 2, 3]
[1, 2, 4]
[1, 2, 7]
[1, 2, 6, 5]
0.2727272727272727 0.28
itercount --------> 4
[6, 5, 3]
[6, 5, 4]
[6, 5, 7]
[6, 5, 0]
0.28 0.3142857142857143
itercount --------> 5
[0, 6, 5]
0.3142857142857143 0.42424242424242425
itercount --------> 6
[0, 1, 2]
0.42424242424242425 0.5833333333333334
itercount --------> 7
[5, 3, 4]
[5, 3, 0]
[5, 3, 1]
[5, 3, 2]
[5, 3, 6]
[5, 3, 7]
[5, 3, 4, 0]
[5, 3, 4, 1]
[5, 3, 4, 2]
[5, 3, 4, 6]
[5, 3, 4, 7]
[5, 3, 4, 0, 1]
[5, 3, 4, 0, 2]
[5, 3, 4, 0, 6]
[5, 3, 4, 0, 7]
[5, 3, 4, 0, 1, 2]
[5, 3, 4, 0, 1, 6]
[5, 3, 4, 0, 1, 7]
[5, 3, 4, 0, 1, 2, 6]
[5, 3, 4, 0, 1, 2, 7]
[5, 3, 4, 0, 1, 2, 6, 7]
failed -> 33 times
after fail n ======> 8
[6, 1, 2, 3, 5, 0, 4, 7]
0.125 0.12962962962962962
itercount --------> 1
[6, 1, 2]
0.12962962962962962 0.24
itercount --------> 2
[6, 4, 3]
0.24 0.2692307692307692
itercount --------> 3
[6, 0, 1]
0.2692307692307692 0.28
itercount --------> 4
[6, 5, 1]
[6, 5, 2]
[6, 5, 3]
[6, 5, 4]
[6, 5, 7]
[6, 5, 0]
[6, 5, 1, 2]
[6, 5, 1, 3]
[6, 5, 1, 4]
[6, 5, 1, 7]
0.28 0.2916666666666667
itercount --------> 5
[6, 5, 4]
[6, 5, 1]
[6, 5, 2]
[6, 5, 3]
[6, 5, 7]
[6, 5, 0]
[6, 5, 4, 1]
0.2916666666666667 0.30434782608695654
itercount --------> 6
[6, 5, 4]
[6, 5, 1]
[6, 5, 2]
[6, 5, 3]
[6, 5, 7]
[6, 5, 0]
[6, 5, 4, 1]
[6, 5, 4, 2]
[6, 5, 4, 3]
0.30434782608695654 0.375
itercount --------> 7
[6, 5, 1]
[6, 5, 2]
[6, 5, 4]
[6, 5, 0]
[6, 5, 3]
[6, 5, 7]
[6, 5, 1, 2]
[6, 5, 1, 4]
0.375 0.391304347826087
itercount --------> 8
[1, 2, 6]
[1, 2, 0]
[1, 2, 4]
[1, 2, 7]
[1, 2, 5]
[1, 2, 3]
[1, 2, 6, 0]
[1, 2, 6, 4]
[1, 2, 6, 7]
[1, 2, 6, 5]
[1, 2, 6, 3]
[1, 2, 6, 0, 4]
[1, 2, 6, 0, 7]
[1, 2, 6, 0, 5]
[1, 2, 6, 0, 3]
[1, 2, 6, 0, 4, 7]
[1, 2, 6, 0, 4, 5]
[1, 2, 6, 0, 4, 3]
[1, 2, 6, 0, 4, 7, 5]
[1, 2, 6, 0, 4, 7, 3]
[1, 2, 6, 0, 4, 7, 5, 3]
failed -> 34 times
after fail n ======> 5
[6, 1, 2, 3, 5]
0.125 0.13793103448275862
itercount --------> 1
[6, 1, 3]
0.13793103448275862 0.18181818181818182
itercount --------> 2
[1, 2, 0]
[1, 2, 5]
[1, 2, 3]
0.18181818181818182 0.2222222222222222
itercount --------> 3
[6, 2, 4]
0.2222222222222222 0.24
itercount --------> 4
[6, 2, 4]
[6, 2, 3]
[6, 2, 5]
0.24 0.25
itercount --------> 5
[6, 2, 3]
0.25 0.2727272727272727
itercount --------> 6
[1, 2, 6]
[1, 2, 5]
[1, 2, 0]
[1, 2, 3]
[1, 2, 4]
[1, 2, 7]
[1, 2, 6, 5]
[1, 2, 6, 0]
[1, 2, 6, 3]
[1, 2, 6, 4]
[1, 2, 6, 7]
[1, 2, 6, 5, 0]
[1, 2, 6, 5, 3]
[1, 2, 6, 5, 4]
[1, 2, 6, 5, 7]
[1, 2, 6, 5, 0, 3]
[1, 2, 6, 5, 0, 4]
[1, 2, 6, 5, 0, 7]
[1, 2, 6, 5, 0, 3, 4]
[1, 2, 6, 5, 0, 3, 7]
[1, 2, 6, 5, 0, 3, 4, 7]
failed -> 35 times
after fail n ======> 6
[6, 1, 2, 3, 5, 0]
0.125 0.13793103448275862
itercount --------> 1
[6, 1, 3]
0.13793103448275862 0.1935483870967742
itercount --------> 2
[6, 1, 4]
[6, 1, 2]
0.1935483870967742 0.2608695652173913
itercount --------> 3
[6, 4, 5]
[6, 4, 1]
[6, 4, 2]
[6, 4, 3]
[6, 4, 0]
[6, 4, 7]
[6, 4, 5, 1]
0.2608695652173913 0.2727272727272727
itercount --------> 4
[1, 2, 6]
[1, 2, 5]
[1, 2, 0]
[1, 2, 3]
[1, 2, 4]
[1, 2, 7]
[1, 2, 6, 5]
[1, 2, 6, 0]
0.2727272727272727 0.3225806451612903
itercount --------> 5
[2, 1, 6]
0.3225806451612903 0.35714285714285715
itercount --------> 6
[0, 6, 3]
[0, 6, 4]
[0, 6, 7]
[0, 6, 2]
[0, 6, 1]
0.35714285714285715 0.38461538461538464
itercount --------> 7
[2, 0, 6]
[2, 0, 1]
0.38461538461538464 0.45454545454545453
itercount --------> 8
[1, 2, 0]
[1, 2, 5]
[1, 2, 3]
[1, 2, 6]
[1, 2, 7]
[1, 2, 4]
[1, 2, 0, 5]
[1, 2, 0, 3]
[1, 2, 0, 6]
[1, 2, 0, 7]
[1, 2, 0, 4]
[1, 2, 0, 5, 3]
[1, 2, 0, 5, 6]
[1, 2, 0, 5, 7]
[1, 2, 0, 5, 4]
[1, 2, 0, 5, 3, 6]
[1, 2, 0, 5, 3, 7]
[1, 2, 0, 5, 3, 4]
0.45454545454545453 0.5384615384615384
itercount --------> 9
[5, 1, 2]
[5, 1, 3]
[5, 1, 7]
[5, 1, 0]
[5, 1, 4]
[5, 1, 6]
[5, 1, 2, 3]
[5, 1, 2, 7]
[5, 1, 2, 0]
[5, 1, 2, 4]
[5, 1, 2, 6]
[5, 1, 2, 3, 7]
[5, 1, 2, 3, 0]
0.5384615384615384 0.56
itercount --------> 10
[1, 2, 5]
[1, 2, 0]
[1, 2, 6]
[1, 2, 4]
[1, 2, 7]
[1, 2, 3]
[1, 2, 5, 0]
[1, 2, 5, 6]
[1, 2, 5, 4]
[1, 2, 5, 7]
[1, 2, 5, 3]
[1, 2, 5, 0, 6]
[1, 2, 5, 0, 4]
[1, 2, 5, 0, 7]
[1, 2, 5, 0, 3]
[1, 2, 5, 0, 6, 4]
[1, 2, 5, 0, 6, 7]
[1, 2, 5, 0, 6, 3]
[1, 2, 5, 0, 6, 4, 7]
0.56 0.5833333333333334
itercount --------> 11
[1, 2, 0]
[1, 2, 4]
[1, 2, 5]
[1, 2, 6]
[1, 2, 7]
[1, 2, 3]
[1, 2, 0, 4]
[1, 2, 0, 5]
[1, 2, 0, 6]
[1, 2, 0, 7]
[1, 2, 0, 3]
[1, 2, 0, 4, 5]
[1, 2, 0, 4, 6]
[1, 2, 0, 4, 7]
[1, 2, 0, 4, 3]
0.5833333333333334 0.5925925925925926
itercount --------> 12
[0, 1, 2]
[0, 1, 4]
[0, 1, 5]
[0, 1, 3]
[0, 1, 6]
[0, 1, 7]
[0, 1, 2, 4]
[0, 1, 2, 5]
[0, 1, 2, 3]
[0, 1, 2, 6]
[0, 1, 2, 7]
[0, 1, 2, 4, 5]
[0, 1, 2, 4, 3]
[0, 1, 2, 4, 6]
[0, 1, 2, 4, 7]
[0, 1, 2, 4, 5, 3]
[0, 1, 2, 4, 5, 6]
[0, 1, 2, 4, 5, 7]
[0, 1, 2, 4, 5, 3, 6]
[0, 1, 2, 4, 5, 3, 7]
[0, 1, 2, 4, 5, 3, 6, 7]
failed -> 36 times
after fail n ======> 7
[6, 1, 2, 3, 5, 0, 4]
0.125 0.13793103448275862
itercount --------> 1
[2, 6, 1]
0.13793103448275862 0.17391304347826086
itercount --------> 2
[1, 2, 5]
[1, 2, 6]
0.17391304347826086 0.18181818181818182
itercount --------> 3
[1, 2, 0]
[1, 2, 5]
[1, 2, 3]
0.18181818181818182 0.2222222222222222
itercount --------> 4
[6, 1, 2]
0.2222222222222222 0.2608695652173913
itercount --------> 5
[6, 4, 5]
0.2608695652173913 0.3181818181818182
itercount --------> 6
[6, 1, 2]
0.3181818181818182 0.3333333333333333
itercount --------> 7
[1, 4, 0]
[1, 4, 6]
0.3333333333333333 0.34375
itercount --------> 8
[4, 1, 2]
0.34375 0.3448275862068966
itercount --------> 9
[4, 2, 1]
[4, 2, 6]
[4, 2, 0]
[4, 2, 5]
[4, 2, 3]
[4, 2, 7]
[4, 2, 1, 6]
[4, 2, 1, 0]
0.3448275862068966 0.35714285714285715
itercount --------> 10
[2, 6, 1]
[2, 6, 4]
[2, 6, 3]
0.35714285714285715 0.3793103448275862
itercount --------> 11
[4, 3, 5]
[4, 3, 6]
[4, 3, 1]
[4, 3, 2]
[4, 3, 7]
[4, 3, 0]
[4, 3, 5, 6]
[4, 3, 5, 1]
[4, 3, 5, 2]
[4, 3, 5, 7]
[4, 3, 5, 0]
[4, 3, 5, 6, 1]
0.3793103448275862 0.4375
itercount --------> 12
[1, 2, 3]
[1, 2, 5]
0.4375 0.6
itercount --------> 13
[1, 2, 4]
[1, 2, 5]
[1, 2, 0]
[1, 2, 3]
[1, 2, 6]
[1, 2, 7]
[1, 2, 4, 5]
[1, 2, 4, 0]
0.6 0.625
itercount --------> 14
[4, 5, 0]
[4, 5, 3]
[4, 5, 1]
[4, 5, 2]
[4, 5, 6]
[4, 5, 7]
[4, 5, 0, 3]
[4, 5, 0, 1]
[4, 5, 0, 2]
[4, 5, 0, 6]
[4, 5, 0, 7]
[4, 5, 0, 3, 1]
[4, 5, 0, 3, 2]
[4, 5, 0, 3, 6]
[4, 5, 0, 3, 7]
[4, 5, 0, 3, 1, 2]
[4, 5, 0, 3, 1, 6]
[4, 5, 0, 3, 1, 7]
[4, 5, 0, 3, 1, 2, 6]
0.625 0.64
itercount --------> 15
[4, 0, 5]
[4, 0, 6]
[4, 0, 1]
[4, 0, 2]
[4, 0, 3]
[4, 0, 7]
[4, 0, 5, 6]
[4, 0, 5, 1]
[4, 0, 5, 2]
[4, 0, 5, 3]
[4, 0, 5, 7]
[4, 0, 5, 6, 1]
[4, 0, 5, 6, 2]
[4, 0, 5, 6, 3]
[4, 0, 5, 6, 7]
[4, 0, 5, 6, 1, 2]
[4, 0, 5, 6, 1, 3]
[4, 0, 5, 6, 1, 7]
[4, 0, 5, 6, 1, 2, 3]
[4, 0, 5, 6, 1, 2, 7]
[4, 0, 5, 6, 1, 2, 3, 7]
failed -> 37 times
after fail n ======> 8
[6, 1, 2, 3, 5, 0, 4, 7]
0.125 0.12962962962962962
itercount --------> 1
[1, 2, 6]
0.12962962962962962 0.13333333333333333
itercount --------> 2
[1, 2, 5]
0.13333333333333333 0.3076923076923077
itercount --------> 3
[2, 1, 5]
[2, 1, 6]
[2, 1, 3]
[2, 1, 4]
[2, 1, 0]
[2, 1, 7]
[2, 1, 5, 6]
0.3076923076923077 0.35294117647058826
itercount --------> 4
[5, 2, 1]
[5, 2, 3]
[5, 2, 6]
0.35294117647058826 0.47058823529411764
itercount --------> 5
[5, 1, 4]
[5, 1, 6]
[5, 1, 3]
[5, 1, 2]
[5, 1, 0]
[5, 1, 7]
[5, 1, 4, 6]
[5, 1, 4, 3]
[5, 1, 4, 2]
[5, 1, 4, 0]
[5, 1, 4, 7]
[5, 1, 4, 6, 3]
[5, 1, 4, 6, 2]
0.47058823529411764 0.5161290322580645
itercount --------> 6
[1, 2, 5]
[1, 2, 4]
[1, 2, 3]
[1, 2, 0]
[1, 2, 6]
[1, 2, 7]
[1, 2, 5, 4]
[1, 2, 5, 3]
[1, 2, 5, 0]
0.5161290322580645 0.5185185185185185
itercount --------> 7
[1, 2, 5]
[1, 2, 3]
[1, 2, 4]
[1, 2, 0]
[1, 2, 6]
[1, 2, 7]
[1, 2, 5, 3]
[1, 2, 5, 4]
[1, 2, 5, 0]
[1, 2, 5, 6]
[1, 2, 5, 7]
[1, 2, 5, 3, 4]
[1, 2, 5, 3, 0]
[1, 2, 5, 3, 6]
[1, 2, 5, 3, 7]
[1, 2, 5, 3, 4, 0]
0.5185185185185185 0.56
itercount --------> 8
[5, 1, 2]
[5, 1, 4]
[5, 1, 0]
[5, 1, 3]
[5, 1, 6]
[5, 1, 7]
[5, 1, 2, 4]
[5, 1, 2, 0]
[5, 1, 2, 3]
[5, 1, 2, 6]
[5, 1, 2, 7]
[5, 1, 2, 4, 0]
[5, 1, 2, 4, 3]
[5, 1, 2, 4, 6]
[5, 1, 2, 4, 7]
[5, 1, 2, 4, 0, 3]
0.56 0.5862068965517241
itercount --------> 9
[1, 2, 4]
[1, 2, 5]
[1, 2, 0]
[1, 2, 3]
[1, 2, 6]
[1, 2, 7]
[1, 2, 4, 5]
[1, 2, 4, 0]
[1, 2, 4, 3]
[1, 2, 4, 6]
[1, 2, 4, 7]
[1, 2, 4, 5, 0]
[1, 2, 4, 5, 3]
[1, 2, 4, 5, 6]
[1, 2, 4, 5, 7]
[1, 2, 4, 5, 0, 3]
[1, 2, 4, 5, 0, 6]
[1, 2, 4, 5, 0, 7]
[1, 2, 4, 5, 0, 3, 6]
[1, 2, 4, 5, 0, 3, 7]
[1, 2, 4, 5, 0, 3, 6, 7]
failed -> 38 times
after fail n ======> 5
[6, 1, 2, 3, 5]
0.125 0.17857142857142858
itercount --------> 1
[6, 5, 1]
[6, 5, 2]
0.17857142857142858 0.18181818181818182
itercount --------> 2
[1, 2, 0]
[1, 2, 5]
[1, 2, 3]
0.18181818181818182 0.23076923076923078
itercount --------> 3
[6, 1, 3]
0.23076923076923078 0.2727272727272727
itercount --------> 4
[1, 2, 6]
[1, 2, 5]
[1, 2, 0]
[1, 2, 3]
[1, 2, 4]
[1, 2, 7]
[1, 2, 6, 5]
[1, 2, 6, 0]
[1, 2, 6, 3]
[1, 2, 6, 4]
[1, 2, 6, 7]
[1, 2, 6, 5, 0]
[1, 2, 6, 5, 3]
[1, 2, 6, 5, 4]
[1, 2, 6, 5, 7]
[1, 2, 6, 5, 0, 3]
[1, 2, 6, 5, 0, 4]
[1, 2, 6, 5, 0, 7]
[1, 2, 6, 5, 0, 3, 4]
[1, 2, 6, 5, 0, 3, 7]
[1, 2, 6, 5, 0, 3, 4, 7]
failed -> 39 times
after fail n ======> 6
[6, 1, 2, 3, 5, 0]
0.125 0.12962962962962962
itercount --------> 1
[1, 2, 6]
0.12962962962962962 0.24
itercount --------> 2
[6, 5, 3]
[6, 5, 4]
[6, 5, 7]
[6, 5, 1]
0.24 0.2727272727272727
itercount --------> 3
[1, 2, 6]
0.2727272727272727 0.3076923076923077
itercount --------> 4
[2, 1, 5]
0.3076923076923077 0.3125
itercount --------> 5
[1, 2, 4]
[1, 2, 5]
0.3125 0.3333333333333333
itercount --------> 6
[5, 1, 2]
[5, 1, 3]
[5, 1, 4]
[5, 1, 0]
0.3333333333333333 0.3548387096774194
itercount --------> 7
[5, 3, 1]
[5, 3, 2]
[5, 3, 4]
[5, 3, 6]
[5, 3, 0]
0.3548387096774194 0.375
itercount --------> 8
[3, 0, 5]
[3, 0, 6]
0.375 0.39285714285714285
itercount --------> 9
[1, 2, 3]
0.39285714285714285 0.43333333333333335
itercount --------> 10
[6, 1, 2]
[6, 1, 4]
[6, 1, 3]
[6, 1, 0]
[6, 1, 5]
[6, 1, 7]
[6, 1, 2, 4]
[6, 1, 2, 3]
[6, 1, 2, 0]
0.43333333333333335 0.5333333333333333
itercount --------> 11
[1, 2, 0]
[1, 2, 4]
[1, 2, 5]
[1, 2, 3]
[1, 2, 6]
[1, 2, 7]
[1, 2, 0, 4]
[1, 2, 0, 5]
[1, 2, 0, 3]
[1, 2, 0, 6]
[1, 2, 0, 7]
[1, 2, 0, 4, 5]
[1, 2, 0, 4, 3]
[1, 2, 0, 4, 6]
[1, 2, 0, 4, 7]
0.5333333333333333 0.5384615384615384
itercount --------> 12
[4, 6, 0]
[4, 6, 1]
[4, 6, 2]
[4, 6, 3]
[4, 6, 5]
[4, 6, 7]
[4, 6, 0, 1]
[4, 6, 0, 2]
[4, 6, 0, 3]
[4, 6, 0, 5]
[4, 6, 0, 7]
[4, 6, 0, 1, 2]
[4, 6, 0, 1, 3]
[4, 6, 0, 1, 5]
[4, 6, 0, 1, 7]
[4, 6, 0, 1, 2, 3]
[4, 6, 0, 1, 2, 5]
[4, 6, 0, 1, 2, 7]
0.5384615384615384 0.5555555555555556
itercount --------> 13
[1, 0, 4]
0.5555555555555556 0.5769230769230769
itercount --------> 14
[2, 0, 4]
[2, 0, 1]
[2, 0, 3]
[2, 0, 5]
[2, 0, 6]
[2, 0, 7]
[2, 0, 4, 1]
[2, 0, 4, 3]
[2, 0, 4, 5]
[2, 0, 4, 6]
[2, 0, 4, 7]
[2, 0, 4, 1, 3]
[2, 0, 4, 1, 5]
[2, 0, 4, 1, 6]
[2, 0, 4, 1, 7]
[2, 0, 4, 1, 3, 5]
[2, 0, 4, 1, 3, 6]
[2, 0, 4, 1, 3, 7]
[2, 0, 4, 1, 3, 5, 6]
[2, 0, 4, 1, 3, 5, 7]
[2, 0, 4, 1, 3, 5, 6, 7]
failed -> 40 times
after fail n ======> 7
[6, 1, 2, 3, 5, 0, 4]
0.125 0.13793103448275862
itercount --------> 1
[1, 6, 2]
0.13793103448275862 0.14814814814814814
itercount --------> 2
[3, 2, 6]
0.14814814814814814 0.15384615384615385
itercount --------> 3
[6, 2, 4]
0.15384615384615385 0.16129032258064516
itercount --------> 4
[2, 3, 6]
0.16129032258064516 0.18181818181818182
itercount --------> 5
[1, 2, 0]
[1, 2, 5]
[1, 2, 3]
0.18181818181818182 0.2222222222222222
itercount --------> 6
[6, 2, 4]
[6, 2, 3]
[6, 2, 5]
0.2222222222222222 0.2727272727272727
itercount --------> 7
[1, 2, 6]
[1, 2, 5]
[1, 2, 0]
[1, 2, 3]
[1, 2, 4]
[1, 2, 7]
[1, 2, 6, 5]
[1, 2, 6, 0]
[1, 2, 6, 3]
[1, 2, 6, 4]
[1, 2, 6, 7]
[1, 2, 6, 5, 0]
[1, 2, 6, 5, 3]
[1, 2, 6, 5, 4]
[1, 2, 6, 5, 7]
[1, 2, 6, 5, 0, 3]
[1, 2, 6, 5, 0, 4]
[1, 2, 6, 5, 0, 7]
[1, 2, 6, 5, 0, 3, 4]
[1, 2, 6, 5, 0, 3, 7]
[1, 2, 6, 5, 0, 3, 4, 7]
failed -> 41 times
after fail n ======> 8
[6, 1, 2, 3, 5, 0, 4, 7]
0.125 0.13793103448275862
itercount --------> 1
[6, 2, 3]
[6, 2, 5]
0.13793103448275862 0.17391304347826086
itercount --------> 2
[2, 6, 5]
0.17391304347826086 0.18181818181818182
itercount --------> 3
[1, 2, 0]
[1, 2, 5]
[1, 2, 3]
[1, 2, 6]
[1, 2, 7]
[1, 2, 4]
[1, 2, 0, 5]
[1, 2, 0, 3]
0.18181818181818182 0.2727272727272727
itercount --------> 4
[1, 2, 6]
[1, 2, 5]
[1, 2, 0]
[1, 2, 3]
[1, 2, 4]
[1, 2, 7]
[1, 2, 6, 5]
[1, 2, 6, 0]
[1, 2, 6, 3]
[1, 2, 6, 4]
[1, 2, 6, 7]
[1, 2, 6, 5, 0]
[1, 2, 6, 5, 3]
[1, 2, 6, 5, 4]
[1, 2, 6, 5, 7]
[1, 2, 6, 5, 0, 3]
[1, 2, 6, 5, 0, 4]
[1, 2, 6, 5, 0, 7]
[1, 2, 6, 5, 0, 3, 4]
[1, 2, 6, 5, 0, 3, 7]
[1, 2, 6, 5, 0, 3, 4, 7]
failed -> 42 times
after fail n ======> 5
[6, 1, 2, 3, 5]
0.125 0.17391304347826086
itercount --------> 1
[2, 6, 5]
0.17391304347826086 0.18181818181818182
itercount --------> 2
[1, 2, 0]
[1, 2, 5]
[1, 2, 3]
0.18181818181818182 0.2727272727272727
itercount --------> 3
[1, 2, 6]
[1, 2, 5]
[1, 2, 0]
[1, 2, 3]
[1, 2, 4]
[1, 2, 7]
[1, 2, 6, 5]
[1, 2, 6, 0]
[1, 2, 6, 3]
[1, 2, 6, 4]
[1, 2, 6, 7]
[1, 2, 6, 5, 0]
[1, 2, 6, 5, 3]
[1, 2, 6, 5, 4]
[1, 2, 6, 5, 7]
[1, 2, 6, 5, 0, 3]
[1, 2, 6, 5, 0, 4]
[1, 2, 6, 5, 0, 7]
[1, 2, 6, 5, 0, 3, 4]
[1, 2, 6, 5, 0, 3, 7]
[1, 2, 6, 5, 0, 3, 4, 7]
failed -> 43 times
after fail n ======> 6
[6, 1, 2, 3, 5, 0]
0.125 0.16666666666666666
itercount --------> 1
[1, 2, 6]
0.16666666666666666 0.20689655172413793
itercount --------> 2
[1, 6, 2]
0.20689655172413793 0.2222222222222222
itercount --------> 3
[2, 6, 5]
0.2222222222222222 0.25
itercount --------> 4
[1, 2, 6]
0.25 0.2727272727272727
itercount --------> 5
[1, 2, 6]
0.2727272727272727 0.375
itercount --------> 6
[3, 0, 5]
[3, 0, 6]
[3, 0, 1]
[3, 0, 2]
[3, 0, 7]
[3, 0, 4]
[3, 0, 5, 6]
0.375 0.3870967741935484
itercount --------> 7
[3, 1, 2]
[3, 1, 0]
[3, 1, 4]
[3, 1, 5]
[3, 1, 6]
[3, 1, 7]
[3, 1, 2, 0]
[3, 1, 2, 4]
[3, 1, 2, 5]
[3, 1, 2, 6]
[3, 1, 2, 7]
[3, 1, 2, 0, 4]
[3, 1, 2, 0, 5]
[3, 1, 2, 0, 6]
0.3870967741935484 0.46153846153846156
itercount --------> 8
[1, 2, 0]
0.46153846153846156 0.5
itercount --------> 9
[1, 2, 0]
[1, 2, 5]
0.5 0.5384615384615384
itercount --------> 10
[5, 0, 1]
0.5384615384615384 0.5666666666666667
itercount --------> 11
[1, 2, 0]
[1, 2, 3]
0.5666666666666667 0.5862068965517241
itercount --------> 12
[1, 0, 2]
[1, 0, 6]
[1, 0, 3]
[1, 0, 5]
[1, 0, 4]
[1, 0, 7]
[1, 0, 2, 6]
[1, 0, 2, 3]
[1, 0, 2, 5]
[1, 0, 2, 4]
[1, 0, 2, 7]
[1, 0, 2, 6, 3]
[1, 0, 2, 6, 5]
[1, 0, 2, 6, 4]
[1, 0, 2, 6, 7]
[1, 0, 2, 6, 3, 5]
[1, 0, 2, 6, 3, 4]
[1, 0, 2, 6, 3, 7]
[1, 0, 2, 6, 3, 5, 4]
[1, 0, 2, 6, 3, 5, 7]
[1, 0, 2, 6, 3, 5, 4, 7]
failed -> 44 times
after fail n ======> 7
[6, 1, 2, 3, 5, 0, 4]
0.125 0.13793103448275862
itercount --------> 1
[2, 6, 1]
0.13793103448275862 0.18181818181818182
itercount --------> 2
[1, 2, 0]
[1, 2, 5]
[1, 2, 3]
0.18181818181818182 0.2222222222222222
itercount --------> 3
[6, 1, 2]
[6, 1, 4]
0.2222222222222222 0.2608695652173913
itercount --------> 4
[6, 4, 5]
[6, 4, 1]
[6, 4, 2]
[6, 4, 3]
0.2608695652173913 0.2916666666666667
itercount --------> 5
[6, 5, 4]
[6, 5, 1]
[6, 5, 2]
[6, 5, 3]
[6, 5, 7]
[6, 5, 0]
[6, 5, 4, 1]
0.2916666666666667 0.30434782608695654
itercount --------> 6
[6, 5, 4]
[6, 5, 1]
[6, 5, 2]
[6, 5, 3]
[6, 5, 7]
[6, 5, 0]
[6, 5, 4, 1]
[6, 5, 4, 2]
[6, 5, 4, 3]
0.30434782608695654 0.391304347826087
itercount --------> 7
[6, 5, 1]
[6, 5, 2]
[6, 5, 4]
[6, 5, 0]
[6, 5, 7]
[6, 5, 3]
[6, 5, 1, 2]
[6, 5, 1, 4]
[6, 5, 1, 0]
[6, 5, 1, 7]
[6, 5, 1, 3]
[6, 5, 1, 2, 4]
[6, 5, 1, 2, 0]
[6, 5, 1, 2, 7]
[6, 5, 1, 2, 3]
[6, 5, 1, 2, 4, 0]
[6, 5, 1, 2, 4, 7]
[6, 5, 1, 2, 4, 3]
[6, 5, 1, 2, 4, 0, 7]
[6, 5, 1, 2, 4, 0, 3]
[6, 5, 1, 2, 4, 0, 7, 3]
failed -> 45 times
after fail n ======> 8
[6, 1, 2, 3, 5, 0, 4, 7]
0.125 0.13793103448275862
itercount --------> 1
[1, 6, 2]
0.13793103448275862 0.18181818181818182
itercount --------> 2
[1, 2, 0]
[1, 2, 5]
[1, 2, 3]
[1, 2, 6]
[1, 2, 7]
[1, 2, 4]
[1, 2, 0, 5]
[1, 2, 0, 3]
0.18181818181818182 0.2222222222222222
itercount --------> 3
[6, 1, 4]
[6, 1, 3]
0.2222222222222222 0.2608695652173913
itercount --------> 4
[6, 4, 5]
0.2608695652173913 0.3181818181818182
itercount --------> 5
[6, 1, 2]
0.3181818181818182 0.3333333333333333
itercount --------> 6
[2, 4, 0]
[2, 4, 6]
0.3333333333333333 0.3448275862068966
itercount --------> 7
[4, 1, 2]
[4, 1, 6]
[4, 1, 0]
0.3448275862068966 0.35714285714285715
itercount --------> 8
[2, 4, 6]
[2, 4, 1]
[2, 4, 3]
[2, 4, 5]
[2, 4, 0]
0.35714285714285715 0.4166666666666667
itercount --------> 9
[1, 2, 6]
[1, 2, 4]
[1, 2, 3]
[1, 2, 0]
[1, 2, 5]
[1, 2, 7]
[1, 2, 6, 4]
[1, 2, 6, 3]
0.4166666666666667 0.4230769230769231
itercount --------> 10
[4, 3, 5]
[4, 3, 6]
[4, 3, 7]
[4, 3, 0]
0.4230769230769231 0.4444444444444444
itercount --------> 11
[4, 0, 1]
[4, 0, 6]
[4, 0, 2]
[4, 0, 3]
0.4444444444444444 0.5
itercount --------> 12
[4, 6, 1]
[4, 6, 3]
[4, 6, 0]
[4, 6, 2]
[4, 6, 7]
[4, 6, 5]
[4, 6, 1, 3]
[4, 6, 1, 0]
[4, 6, 1, 2]
[4, 6, 1, 7]
[4, 6, 1, 5]
[4, 6, 1, 3, 0]
[4, 6, 1, 3, 2]
[4, 6, 1, 3, 7]
[4, 6, 1, 3, 5]
[4, 6, 1, 3, 0, 2]
[4, 6, 1, 3, 0, 7]
[4, 6, 1, 3, 0, 5]
[4, 6, 1, 3, 0, 2, 7]
[4, 6, 1, 3, 0, 2, 5]
0.5 0.5384615384615384
itercount --------> 13
[4, 0, 6]
[4, 0, 7]
[4, 0, 3]
[4, 0, 1]
[4, 0, 2]
[4, 0, 5]
[4, 0, 6, 7]
[4, 0, 6, 3]
[4, 0, 6, 1]
[4, 0, 6, 2]
[4, 0, 6, 5]
[4, 0, 6, 7, 3]
[4, 0, 6, 7, 1]
[4, 0, 6, 7, 2]
[4, 0, 6, 7, 5]
[4, 0, 6, 7, 3, 1]
[4, 0, 6, 7, 3, 2]
[4, 0, 6, 7, 3, 5]
[4, 0, 6, 7, 3, 1, 2]
[4, 0, 6, 7, 3, 1, 5]
[4, 0, 6, 7, 3, 1, 2, 5]
failed -> 46 times
after fail n ======> 5
[6, 1, 2, 3, 5]
0.125 0.12962962962962962
itercount --------> 1
[1, 2, 6]
0.12962962962962962 0.24
itercount --------> 2
[6, 5, 3]
0.24 0.2608695652173913
itercount --------> 3
[6, 4, 5]
0.2608695652173913 0.3181818181818182
itercount --------> 4
[6, 1, 2]
[6, 1, 0]
0.3181818181818182 0.34615384615384615
itercount --------> 5
[6, 3, 0]
[6, 3, 5]
[6, 3, 4]
0.34615384615384615 0.5
itercount --------> 6
[6, 0, 5]
[6, 0, 1]
[6, 0, 2]
0.5 0.5517241379310345
itercount --------> 7
[1, 2, 4]
[1, 2, 0]
[1, 2, 3]
[1, 2, 5]
0.5517241379310345 0.625
itercount --------> 8
[5, 0, 4]
[5, 0, 3]
[5, 0, 1]
[5, 0, 2]
[5, 0, 6]
[5, 0, 7]
[5, 0, 4, 3]
[5, 0, 4, 1]
[5, 0, 4, 2]
[5, 0, 4, 6]
[5, 0, 4, 7]
[5, 0, 4, 3, 1]
[5, 0, 4, 3, 2]
[5, 0, 4, 3, 6]
[5, 0, 4, 3, 7]
[5, 0, 4, 3, 1, 2]
[5, 0, 4, 3, 1, 6]
[5, 0, 4, 3, 1, 7]
[5, 0, 4, 3, 1, 2, 6]
[5, 0, 4, 3, 1, 2, 7]
[5, 0, 4, 3, 1, 2, 6, 7]
failed -> 47 times
after fail n ======> 6
[6, 1, 2, 3, 5, 0]
0.125 0.13793103448275862
itercount --------> 1
[6, 1, 3]
[6, 1, 5]
[6, 1, 2]
0.13793103448275862 0.17391304347826086
itercount --------> 2
[6, 5, 3]
0.17391304347826086 0.2
itercount --------> 3
[6, 3, 5]
[6, 3, 1]
[6, 3, 2]
0.2 0.20833333333333334
itercount --------> 4
[6, 5, 3]
0.20833333333333334 0.2608695652173913
itercount --------> 5
[6, 4, 5]
[6, 4, 1]
[6, 4, 2]
[6, 4, 3]
0.2608695652173913 0.2916666666666667
itercount --------> 6
[6, 5, 4]
[6, 5, 1]
[6, 5, 2]
[6, 5, 3]
[6, 5, 7]
[6, 5, 0]
0.2916666666666667 0.3076923076923077
itercount --------> 7
[1, 2, 6]
0.3076923076923077 0.4375
itercount --------> 8
[1, 2, 0]
0.4375 0.5833333333333334
itercount --------> 9
[1, 2, 0]
[1, 2, 4]
[1, 2, 5]
[1, 2, 6]
[1, 2, 7]
[1, 2, 3]
[1, 2, 0, 4]
0.5833333333333334 0.6086956521739131
itercount --------> 10
[1, 2, 0]
[1, 2, 4]
[1, 2, 5]
[1, 2, 6]
[1, 2, 7]
[1, 2, 3]
[1, 2, 0, 4]
[1, 2, 0, 5]
[1, 2, 0, 6]
[1, 2, 0, 7]
[1, 2, 0, 3]
[1, 2, 0, 4, 5]
[1, 2, 0, 4, 6]
[1, 2, 0, 4, 7]
[1, 2, 0, 4, 3]
0.6086956521739131 0.6153846153846154
itercount --------> 11
[0, 1, 2]
[0, 1, 4]
[0, 1, 5]
[0, 1, 3]
[0, 1, 6]
[0, 1, 7]
[0, 1, 2, 4]
[0, 1, 2, 5]
[0, 1, 2, 3]
[0, 1, 2, 6]
[0, 1, 2, 7]
[0, 1, 2, 4, 5]
[0, 1, 2, 4, 3]
[0, 1, 2, 4, 6]
[0, 1, 2, 4, 7]
[0, 1, 2, 4, 5, 3]
[0, 1, 2, 4, 5, 6]
[0, 1, 2, 4, 5, 7]
[0, 1, 2, 4, 5, 3, 6]
0.6153846153846154 0.6296296296296297
itercount --------> 12
[0, 1, 2]
[0, 1, 4]
[0, 1, 5]
[0, 1, 3]
[0, 1, 6]
[0, 1, 7]
[0, 1, 2, 4]
[0, 1, 2, 5]
[0, 1, 2, 3]
[0, 1, 2, 6]
[0, 1, 2, 7]
[0, 1, 2, 4, 5]
[0, 1, 2, 4, 3]
0.6296296296296297 0.6521739130434783
itercount --------> 13
[5, 1, 2]
[5, 1, 0]
[5, 1, 3]
[5, 1, 4]
[5, 1, 7]
[5, 1, 6]
[5, 1, 2, 0]
[5, 1, 2, 3]
[5, 1, 2, 4]
[5, 1, 2, 7]
[5, 1, 2, 6]
[5, 1, 2, 0, 3]
[5, 1, 2, 0, 4]
[5, 1, 2, 0, 7]
[5, 1, 2, 0, 6]
[5, 1, 2, 0, 3, 4]
[5, 1, 2, 0, 3, 7]
[5, 1, 2, 0, 3, 6]
[5, 1, 2, 0, 3, 4, 7]
[5, 1, 2, 0, 3, 4, 6]
[5, 1, 2, 0, 3, 4, 7, 6]
failed -> 48 times
after fail n ======> 7
[6, 1, 2, 3, 5, 0, 4]
0.125 0.1388888888888889
itercount --------> 1
[3, 1, 2]
0.1388888888888889 0.18181818181818182
itercount --------> 2
[1, 2, 0]
[1, 2, 5]
[1, 2, 3]
0.18181818181818182 0.19230769230769232
itercount --------> 3
[2, 3, 6]
0.19230769230769232 0.2222222222222222
itercount --------> 4
[3, 1, 2]
0.2222222222222222 0.25
itercount --------> 5
[2, 3, 4]
[2, 3, 6]
[2, 3, 5]
[2, 3, 0]
0.25 0.32
itercount --------> 6
[3, 5, 4]
[3, 5, 6]
[3, 5, 7]
[3, 5, 1]
0.32 0.36363636363636365
itercount --------> 7
[1, 2, 5]
[1, 2, 0]
[1, 2, 3]
[1, 2, 4]
[1, 2, 6]
[1, 2, 7]
[1, 2, 5, 0]
[1, 2, 5, 3]
[1, 2, 5, 4]
[1, 2, 5, 6]
[1, 2, 5, 7]
[1, 2, 5, 0, 3]
[1, 2, 5, 0, 4]
[1, 2, 5, 0, 6]
[1, 2, 5, 0, 7]
[1, 2, 5, 0, 3, 4]
0.36363636363636365 0.375
itercount --------> 8
[3, 0, 6]
[3, 0, 5]
[3, 0, 7]
[3, 0, 1]
[3, 0, 2]
[3, 0, 4]
[3, 0, 6, 5]
[3, 0, 6, 7]
[3, 0, 6, 1]
0.375 0.391304347826087
itercount --------> 9
[1, 5, 4]
[1, 5, 6]
[1, 5, 3]
[1, 5, 2]
0.391304347826087 0.4090909090909091
itercount --------> 10
[1, 2, 5]
[1, 2, 0]
[1, 2, 3]
[1, 2, 4]
[1, 2, 6]
[1, 2, 7]
[1, 2, 5, 0]
[1, 2, 5, 3]
[1, 2, 5, 4]
[1, 2, 5, 6]
[1, 2, 5, 7]
[1, 2, 5, 0, 3]
[1, 2, 5, 0, 4]
[1, 2, 5, 0, 6]
[1, 2, 5, 0, 7]
[1, 2, 5, 0, 3, 4]
[1, 2, 5, 0, 3, 6]
[1, 2, 5, 0, 3, 7]
[1, 2, 5, 0, 3, 4, 6]
[1, 2, 5, 0, 3, 4, 7]
[1, 2, 5, 0, 3, 4, 6, 7]
failed -> 49 times
after fail n ======> 8
[6, 1, 2, 3, 5, 0, 4, 7]
0.125 0.13793103448275862
itercount --------> 1
[6, 2, 3]
0.13793103448275862 0.21428571428571427
itercount --------> 2
[6, 1, 4]
[6, 1, 2]
0.21428571428571427 0.2608695652173913
itercount --------> 3
[6, 4, 5]
0.2608695652173913 0.3181818181818182
itercount --------> 4
[6, 1, 2]
[6, 1, 0]
[6, 1, 5]
[6, 1, 4]
[6, 1, 3]
[6, 1, 7]
[6, 1, 2, 0]
[6, 1, 2, 5]
0.3181818181818182 0.32
itercount --------> 5
[6, 5, 7]
[6, 5, 3]
[6, 5, 4]
[6, 5, 1]
0.32 0.34615384615384615
itercount --------> 6
[6, 3, 4]
[6, 3, 5]
[6, 3, 7]
[6, 3, 0]
[6, 3, 1]
[6, 3, 2]
0.34615384615384615 0.39285714285714285
itercount --------> 7
[3, 6, 4]
[3, 6, 5]
[3, 6, 7]
[3, 6, 1]
[3, 6, 2]
[3, 6, 0]
[3, 6, 4, 5]
[3, 6, 4, 7]
[3, 6, 4, 1]
0.39285714285714285 0.4074074074074074
itercount --------> 8
[6, 5, 1]
[6, 5, 2]
[6, 5, 3]
[6, 5, 4]
[6, 5, 7]
[6, 5, 0]
[6, 5, 1, 2]
0.4074074074074074 0.43478260869565216
itercount --------> 9
[1, 2, 5]
[1, 2, 6]
[1, 2, 4]
[1, 2, 3]
[1, 2, 0]
[1, 2, 7]
[1, 2, 5, 6]
[1, 2, 5, 4]
[1, 2, 5, 3]
[1, 2, 5, 0]
0.43478260869565216 0.44
itercount --------> 10
[6, 5, 3]
[6, 5, 7]
[6, 5, 4]
[6, 5, 1]
[6, 5, 2]
[6, 5, 0]
[6, 5, 3, 7]
[6, 5, 3, 4]
[6, 5, 3, 1]
0.44 0.4444444444444444
itercount --------> 11
[1, 5, 3]
[1, 5, 4]
[1, 5, 6]
[1, 5, 7]
[1, 5, 2]
[1, 5, 0]
[1, 5, 3, 4]
[1, 5, 3, 6]
[1, 5, 3, 7]
0.4444444444444444 0.5357142857142857
itercount --------> 12
[1, 5, 3]
[1, 5, 6]
[1, 5, 4]
[1, 5, 0]
[1, 5, 2]
[1, 5, 7]
[1, 5, 3, 6]
[1, 5, 3, 4]
[1, 5, 3, 0]
[1, 5, 3, 2]
0.5357142857142857 0.5555555555555556
itercount --------> 13
[1, 3, 5]
[1, 3, 6]
[1, 3, 4]
[1, 3, 0]
[1, 3, 2]
[1, 3, 7]
[1, 3, 5, 6]
[1, 3, 5, 4]
[1, 3, 5, 0]
[1, 3, 5, 2]
[1, 3, 5, 7]
[1, 3, 5, 6, 4]
[1, 3, 5, 6, 0]
[1, 3, 5, 6, 2]
[1, 3, 5, 6, 7]
[1, 3, 5, 6, 4, 0]
[1, 3, 5, 6, 4, 2]
[1, 3, 5, 6, 4, 7]
[1, 3, 5, 6, 4, 0, 2]
[1, 3, 5, 6, 4, 0, 7]
[1, 3, 5, 6, 4, 0, 2, 7]
failed -> 50 times
after fail n ======> 5
Runs with the maximum attractor JI -> [9]
