{0: 23, 1: 23, 2: 23, 3: 20, 4: 20, 5: 20, 6: 20, 7: 20}
[0, 1, 2]
0.06451612903225806 0.08695652173913043
itercount --------> 1
[1, 3, 4]
[1, 3, 5]
0.08695652173913043 0.125
itercount --------> 2
[1, 5, 4]
0.125 0.13793103448275862
itercount --------> 3
[1, 6, 7]
0.13793103448275862 0.16666666666666666
itercount --------> 4
[1, 0, 2]
0.16666666666666666 0.2692307692307692
itercount --------> 5
[0, 1, 2]
[0, 1, 3]
0.2692307692307692 0.32
itercount --------> 6
[0, 1, 2]
[0, 1, 7]
0.32 0.47619047619047616
itercount --------> 7
[0, 1, 2]
[0, 1, 7]
[0, 1, 5]
[0, 1, 6]
[0, 1, 3]
[0, 1, 4]
[0, 1, 2, 7]
[0, 1, 2, 5]
0.47619047619047616 0.5263157894736842
itercount --------> 8
[0, 1, 2]
[0, 1, 5]
[0, 1, 7]
[0, 1, 3]
[0, 1, 6]
[0, 1, 4]
[0, 1, 2, 5]
[0, 1, 2, 7]
[0, 1, 2, 3]
[0, 1, 2, 6]
[0, 1, 2, 4]
[0, 1, 2, 5, 7]
[0, 1, 2, 5, 3]
[0, 1, 2, 5, 6]
[0, 1, 2, 5, 4]
0.5263157894736842 0.5555555555555556
itercount --------> 9
[0, 1, 2]
[0, 1, 5]
[0, 1, 7]
[0, 1, 3]
[0, 1, 6]
[0, 1, 4]
[0, 1, 2, 5]
[0, 1, 2, 7]
[0, 1, 2, 3]
[0, 1, 2, 6]
[0, 1, 2, 4]
[0, 1, 2, 5, 7]
[0, 1, 2, 5, 3]
[0, 1, 2, 5, 6]
[0, 1, 2, 5, 4]
[0, 1, 2, 5, 7, 3]
0.5555555555555556 0.5789473684210527
itercount --------> 10
[6, 7, 0]
[6, 7, 1]
[6, 7, 2]
[6, 7, 3]
[6, 7, 4]
[6, 7, 5]
[6, 7, 0, 1]
[6, 7, 0, 2]
[6, 7, 0, 3]
[6, 7, 0, 4]
[6, 7, 0, 5]
[6, 7, 0, 1, 2]
[6, 7, 0, 1, 3]
[6, 7, 0, 1, 4]
[6, 7, 0, 1, 5]
[6, 7, 0, 1, 2, 3]
[6, 7, 0, 1, 2, 4]
[6, 7, 0, 1, 2, 5]
[6, 7, 0, 1, 2, 3, 4]
[6, 7, 0, 1, 2, 3, 5]
[6, 7, 0, 1, 2, 3, 4, 5]
failed Once
after fail n ======> 4
[0, 1, 2, 3]
0.06451612903225806 0.08695652173913043
itercount --------> 1
[1, 3, 4]
[1, 3, 5]
0.08695652173913043 0.1
itercount --------> 2
[1, 3, 5]
0.1 0.125
itercount --------> 3
[1, 5, 4]
0.125 0.13793103448275862
itercount --------> 4
[1, 6, 7]
0.13793103448275862 0.15625
itercount --------> 5
[1, 0, 2]
0.15625 0.22727272727272727
itercount --------> 6
[6, 3, 7]
0.22727272727272727 0.2857142857142857
itercount --------> 7
[0, 1, 2]
[0, 1, 6]
0.2857142857142857 0.38095238095238093
itercount --------> 8
[0, 1, 2]
[0, 1, 6]
[0, 1, 7]
[0, 1, 3]
[0, 1, 5]
[0, 1, 4]
0.38095238095238093 0.4
itercount --------> 9
[0, 1, 2]
[0, 1, 6]
[0, 1, 7]
[0, 1, 3]
[0, 1, 5]
[0, 1, 4]
[0, 1, 2, 6]
0.4 0.42105263157894735
itercount --------> 10
[0, 1, 2]
[0, 1, 6]
[0, 1, 7]
[0, 1, 3]
[0, 1, 5]
0.42105263157894735 0.4444444444444444
itercount --------> 11
[0, 1, 2]
[0, 1, 5]
[0, 1, 3]
[0, 1, 6]
[0, 1, 7]
[0, 1, 4]
[0, 1, 2, 5]
[0, 1, 2, 3]
[0, 1, 2, 6]
[0, 1, 2, 7]
[0, 1, 2, 4]
[0, 1, 2, 5, 3]
[0, 1, 2, 5, 6]
[0, 1, 2, 5, 7]
[0, 1, 2, 5, 4]
[0, 1, 2, 5, 3, 6]
0.4444444444444444 0.5263157894736842
itercount --------> 12
[0, 1, 2]
[0, 1, 7]
[0, 1, 3]
[0, 1, 6]
[0, 1, 4]
[0, 1, 5]
[0, 1, 2, 7]
[0, 1, 2, 3]
[0, 1, 2, 6]
[0, 1, 2, 4]
[0, 1, 2, 5]
0.5263157894736842 0.5555555555555556
itercount --------> 13
[3, 0, 1]
[3, 0, 2]
[3, 0, 5]
[3, 0, 6]
0.5555555555555556 0.6666666666666666
itercount --------> 14
[0, 1, 2]
[0, 1, 3]
[0, 1, 5]
[0, 1, 7]
[0, 1, 4]
[0, 1, 6]
[0, 1, 2, 3]
[0, 1, 2, 5]
[0, 1, 2, 7]
[0, 1, 2, 4]
[0, 1, 2, 6]
[0, 1, 2, 3, 5]
[0, 1, 2, 3, 7]
0.6666666666666666 0.75
itercount --------> 15
[0, 1, 2]
[0, 1, 5]
[0, 1, 3]
[0, 1, 4]
[0, 1, 6]
[0, 1, 7]
[0, 1, 2, 5]
[0, 1, 2, 3]
[0, 1, 2, 4]
[0, 1, 2, 6]
[0, 1, 2, 7]
0.75 0.7894736842105263
itercount --------> 16
[0, 1, 2]
[0, 1, 5]
[0, 1, 7]
[0, 1, 3]
[0, 1, 4]
[0, 1, 6]
[0, 1, 2, 5]
[0, 1, 2, 7]
[0, 1, 2, 3]
[0, 1, 2, 4]
[0, 1, 2, 6]
[0, 1, 2, 5, 7]
[0, 1, 2, 5, 3]
[0, 1, 2, 5, 4]
[0, 1, 2, 5, 6]
[0, 1, 2, 5, 7, 3]
[0, 1, 2, 5, 7, 4]
[0, 1, 2, 5, 7, 6]
[0, 1, 2, 5, 7, 3, 4]
[0, 1, 2, 5, 7, 3, 6]
[0, 1, 2, 5, 7, 3, 4, 6]
failed -> 2 times
after fail n ======> 5
[0, 1, 2, 3, 4]
0.06451612903225806 0.08888888888888889
itercount --------> 1
[0, 1, 2]
0.08888888888888889 0.13793103448275862
itercount --------> 2
[0, 6, 3]
0.13793103448275862 0.17857142857142858
itercount --------> 3
[0, 1, 2]
0.17857142857142858 0.25
itercount --------> 4
[0, 1, 2]
[0, 1, 3]
0.25 0.2916666666666667
itercount --------> 5
[1, 2, 7]
0.2916666666666667 0.3103448275862069
itercount --------> 6
[2, 3, 1]
0.3103448275862069 0.32
itercount --------> 7
[3, 2, 0]
0.32 0.3333333333333333
itercount --------> 8
[3, 7, 0]
[3, 7, 1]
[3, 7, 2]
0.3333333333333333 0.4
itercount --------> 9
[3, 4, 6]
[3, 4, 7]
[3, 4, 0]
[3, 4, 1]
[3, 4, 2]
[3, 4, 5]
[3, 4, 6, 7]
[3, 4, 6, 0]
[3, 4, 6, 1]
0.4 0.5714285714285714
itercount --------> 10
[0, 1, 2]
[0, 1, 7]
[0, 1, 3]
[0, 1, 4]
[0, 1, 5]
0.5714285714285714 0.6111111111111112
itercount --------> 11
[0, 1, 2]
[0, 1, 5]
[0, 1, 7]
[0, 1, 3]
[0, 1, 4]
[0, 1, 6]
[0, 1, 2, 5]
[0, 1, 2, 7]
[0, 1, 2, 3]
[0, 1, 2, 4]
[0, 1, 2, 6]
[0, 1, 2, 5, 7]
0.6111111111111112 0.6666666666666666
itercount --------> 12
[0, 1, 2]
[0, 1, 7]
[0, 1, 5]
[0, 1, 3]
[0, 1, 4]
[0, 1, 6]
[0, 1, 2, 7]
[0, 1, 2, 5]
[0, 1, 2, 3]
[0, 1, 2, 4]
[0, 1, 2, 6]
[0, 1, 2, 7, 5]
[0, 1, 2, 7, 3]
[0, 1, 2, 7, 4]
[0, 1, 2, 7, 6]
[0, 1, 2, 7, 5, 3]
[0, 1, 2, 7, 5, 4]
[0, 1, 2, 7, 5, 6]
[0, 1, 2, 7, 5, 3, 4]
[0, 1, 2, 7, 5, 3, 6]
[0, 1, 2, 7, 5, 3, 4, 6]
failed -> 3 times
after fail n ======> 6
[0, 1, 2, 3, 4, 5]
0.06451612903225806 0.07142857142857142
itercount --------> 1
[1, 5, 4]
[1, 5, 0]
0.07142857142857142 0.1
itercount --------> 2
[1, 2, 4]
0.1 0.13636363636363635
itercount --------> 3
[5, 0, 1]
0.13636363636363635 0.15
itercount --------> 4
[0, 1, 2]
[0, 1, 5]
[0, 1, 4]
0.15 0.2727272727272727
itercount --------> 5
[0, 1, 5]
[0, 1, 2]
0.2727272727272727 0.2857142857142857
itercount --------> 6
[0, 1, 2]
[0, 1, 5]
[0, 1, 6]
0.2857142857142857 0.34615384615384615
itercount --------> 7
[1, 3, 0]
0.34615384615384615 0.4
itercount --------> 8
[1, 7, 3]
0.4 0.5238095238095238
itercount --------> 9
[1, 3, 7]
[1, 3, 5]
[1, 3, 4]
[1, 3, 6]
[1, 3, 0]
0.5238095238095238 0.631578947368421
itercount --------> 10
[1, 7, 0]
[1, 7, 2]
[1, 7, 3]
[1, 7, 4]
[1, 7, 5]
[1, 7, 6]
[1, 7, 0, 2]
[1, 7, 0, 3]
[1, 7, 0, 4]
[1, 7, 0, 5]
[1, 7, 0, 6]
[1, 7, 0, 2, 3]
[1, 7, 0, 2, 4]
[1, 7, 0, 2, 5]
[1, 7, 0, 2, 6]
[1, 7, 0, 2, 3, 4]
0.631578947368421 0.7142857142857143
itercount --------> 11
[1, 0, 2]
[1, 0, 7]
[1, 0, 3]
[1, 0, 4]
[1, 0, 5]
[1, 0, 6]
[1, 0, 2, 7]
[1, 0, 2, 3]
[1, 0, 2, 4]
[1, 0, 2, 5]
[1, 0, 2, 6]
[1, 0, 2, 7, 3]
[1, 0, 2, 7, 4]
[1, 0, 2, 7, 5]
[1, 0, 2, 7, 6]
[1, 0, 2, 7, 3, 4]
[1, 0, 2, 7, 3, 5]
[1, 0, 2, 7, 3, 6]
[1, 0, 2, 7, 3, 4, 5]
0.7142857142857143 0.7894736842105263
itercount --------> 12
[0, 1, 2]
[0, 1, 5]
[0, 1, 7]
[0, 1, 3]
[0, 1, 4]
[0, 1, 6]
[0, 1, 2, 5]
[0, 1, 2, 7]
[0, 1, 2, 3]
[0, 1, 2, 4]
[0, 1, 2, 6]
[0, 1, 2, 5, 7]
[0, 1, 2, 5, 3]
[0, 1, 2, 5, 4]
[0, 1, 2, 5, 6]
[0, 1, 2, 5, 7, 3]
[0, 1, 2, 5, 7, 4]
[0, 1, 2, 5, 7, 6]
[0, 1, 2, 5, 7, 3, 4]
[0, 1, 2, 5, 7, 3, 6]
[0, 1, 2, 5, 7, 3, 4, 6]
failed -> 4 times
after fail n ======> 7
[0, 1, 2, 3, 4, 5, 6]
0.06451612903225806 0.08888888888888889
itercount --------> 1
[6, 0, 1]
[6, 0, 2]
0.08888888888888889 0.13636363636363635
itercount --------> 2
[6, 1, 7]
0.13636363636363635 0.19047619047619047
itercount --------> 3
[6, 3, 4]
[6, 3, 7]
[6, 3, 0]
[6, 3, 1]
[6, 3, 2]
[6, 3, 5]
[6, 3, 4, 7]
0.19047619047619047 0.25
itercount --------> 4
[6, 3, 4]
[6, 3, 0]
[6, 3, 1]
[6, 3, 2]
[6, 3, 7]
[6, 3, 5]
[6, 3, 4, 0]
[6, 3, 4, 1]
[6, 3, 4, 2]
[6, 3, 4, 7]
[6, 3, 4, 5]
0.25 0.2608695652173913
itercount --------> 5
[0, 1, 2]
[0, 1, 6]
[0, 1, 4]
[0, 1, 5]
0.2608695652173913 0.2857142857142857
itercount --------> 6
[0, 1, 2]
[0, 1, 5]
[0, 1, 6]
[0, 1, 3]
[0, 1, 4]
[0, 1, 7]
[0, 1, 2, 5]
[0, 1, 2, 6]
[0, 1, 2, 3]
[0, 1, 2, 4]
[0, 1, 2, 7]
0.2857142857142857 0.3157894736842105
itercount --------> 7
[0, 1, 2]
[0, 1, 6]
[0, 1, 5]
[0, 1, 3]
[0, 1, 7]
[0, 1, 4]
[0, 1, 2, 6]
[0, 1, 2, 5]
[0, 1, 2, 3]
[0, 1, 2, 7]
[0, 1, 2, 4]
[0, 1, 2, 6, 5]
[0, 1, 2, 6, 3]
[0, 1, 2, 6, 7]
[0, 1, 2, 6, 4]
[0, 1, 2, 6, 5, 3]
[0, 1, 2, 6, 5, 7]
[0, 1, 2, 6, 5, 4]
[0, 1, 2, 6, 5, 3, 7]
[0, 1, 2, 6, 5, 3, 4]
0.3157894736842105 0.35
itercount --------> 8
[6, 4, 7]
[6, 4, 0]
[6, 4, 1]
[6, 4, 2]
[6, 4, 3]
[6, 4, 5]
[6, 4, 7, 0]
[6, 4, 7, 1]
[6, 4, 7, 2]
[6, 4, 7, 3]
[6, 4, 7, 5]
[6, 4, 7, 0, 1]
[6, 4, 7, 0, 2]
[6, 4, 7, 0, 3]
[6, 4, 7, 0, 5]
[6, 4, 7, 0, 1, 2]
[6, 4, 7, 0, 1, 3]
[6, 4, 7, 0, 1, 5]
[6, 4, 7, 0, 1, 2, 3]
[6, 4, 7, 0, 1, 2, 5]
[6, 4, 7, 0, 1, 2, 3, 5]
failed -> 5 times
after fail n ======> 8
[0, 1, 2, 3, 4, 5, 6, 7]
0.06451612903225806 0.06521739130434782
itercount --------> 1
[0, 1, 2]
0.06521739130434782 0.1
itercount --------> 2
[1, 6, 7]
[1, 6, 0]
[1, 6, 2]
0.1 0.24
itercount --------> 3
[1, 7, 4]
0.24 0.30434782608695654
itercount --------> 4
[3, 1, 4]
[3, 1, 0]
[3, 1, 2]
[3, 1, 7]
0.30434782608695654 0.391304347826087
itercount --------> 5
[1, 3, 4]
[1, 3, 7]
0.391304347826087 0.4166666666666667
itercount --------> 6
[1, 4, 3]
[1, 4, 0]
0.4166666666666667 0.43478260869565216
itercount --------> 7
[4, 1, 7]
[4, 1, 3]
[4, 1, 6]
[4, 1, 0]
0.43478260869565216 0.47619047619047616
itercount --------> 8
[4, 3, 7]
[4, 3, 0]
[4, 3, 1]
[4, 3, 2]
[4, 3, 6]
[4, 3, 5]
[4, 3, 7, 0]
[4, 3, 7, 1]
0.47619047619047616 0.6956521739130435
itercount --------> 9
[1, 0, 2]
[1, 0, 7]
[1, 0, 3]
0.6956521739130435 0.8
itercount --------> 10
[1, 0, 2]
[1, 0, 7]
[1, 0, 3]
[1, 0, 4]
[1, 0, 5]
[1, 0, 6]
[1, 0, 2, 7]
[1, 0, 2, 3]
[1, 0, 2, 4]
[1, 0, 2, 5]
[1, 0, 2, 6]
0.8 0.8421052631578947
itercount --------> 11
[1, 0, 2]
[1, 0, 7]
[1, 0, 3]
[1, 0, 4]
[1, 0, 5]
[1, 0, 6]
[1, 0, 2, 7]
[1, 0, 2, 3]
[1, 0, 2, 4]
[1, 0, 2, 5]
[1, 0, 2, 6]
[1, 0, 2, 7, 3]
[1, 0, 2, 7, 4]
[1, 0, 2, 7, 5]
[1, 0, 2, 7, 6]
[1, 0, 2, 7, 3, 4]
[1, 0, 2, 7, 3, 5]
[1, 0, 2, 7, 3, 6]
[1, 0, 2, 7, 3, 4, 5]
[1, 0, 2, 7, 3, 4, 6]
[1, 0, 2, 7, 3, 4, 5, 6]
failed -> 6 times
after fail n ======> 5
[0, 1, 2, 3, 4]
0.06451612903225806 0.11538461538461539
itercount --------> 1
[2, 3, 6]
0.11538461538461539 0.14814814814814814
itercount --------> 2
[2, 6, 1]
0.14814814814814814 0.17391304347826086
itercount --------> 3
[6, 2, 3]
0.17391304347826086 0.23076923076923078
itercount --------> 4
[6, 2, 1]
0.23076923076923078 0.2857142857142857
itercount --------> 5
[1, 2, 6]
[1, 2, 7]
[1, 2, 0]
[1, 2, 3]
[1, 2, 4]
[1, 2, 5]
0.2857142857142857 0.3
itercount --------> 6
[1, 2, 6]
0.3 0.3076923076923077
itercount --------> 7
[1, 6, 7]
[1, 6, 4]
[1, 6, 0]
[1, 6, 2]
[1, 6, 3]
[1, 6, 5]
0.3076923076923077 0.3333333333333333
itercount --------> 8
[6, 1, 0]
[6, 1, 3]
0.3333333333333333 0.37037037037037035
itercount --------> 9
[1, 6, 3]
0.37037037037037035 0.4
itercount --------> 10
[1, 5, 0]
[1, 5, 6]
0.4 0.5
itercount --------> 11
[1, 2, 0]
[1, 2, 7]
0.5 0.5217391304347826
itercount --------> 12
[1, 0, 7]
[1, 0, 3]
[1, 0, 5]
0.5217391304347826 0.5714285714285714
itercount --------> 13
[1, 7, 0]
[1, 7, 3]
[1, 7, 5]
[1, 7, 2]
0.5714285714285714 0.6
itercount --------> 14
[1, 2, 7]
[1, 2, 0]
[1, 2, 5]
[1, 2, 3]
[1, 2, 4]
[1, 2, 6]
[1, 2, 7, 0]
[1, 2, 7, 5]
[1, 2, 7, 3]
[1, 2, 7, 4]
[1, 2, 7, 6]
[1, 2, 7, 0, 5]
0.6 0.631578947368421
itercount --------> 15
[0, 1, 2]
[0, 1, 5]
[0, 1, 3]
[0, 1, 7]
[0, 1, 4]
[0, 1, 6]
[0, 1, 2, 5]
[0, 1, 2, 3]
[0, 1, 2, 7]
[0, 1, 2, 4]
[0, 1, 2, 6]
0.631578947368421 0.6666666666666666
itercount --------> 16
[0, 1, 2]
[0, 1, 3]
[0, 1, 5]
[0, 1, 7]
[0, 1, 4]
[0, 1, 6]
[0, 1, 2, 3]
[0, 1, 2, 5]
[0, 1, 2, 7]
[0, 1, 2, 4]
[0, 1, 2, 6]
[0, 1, 2, 3, 5]
[0, 1, 2, 3, 7]
0.6666666666666666 0.75
itercount --------> 17
[0, 1, 2]
[0, 1, 5]
[0, 1, 3]
[0, 1, 4]
[0, 1, 6]
[0, 1, 7]
[0, 1, 2, 5]
[0, 1, 2, 3]
[0, 1, 2, 4]
[0, 1, 2, 6]
[0, 1, 2, 7]
0.75 0.7894736842105263
itercount --------> 18
[0, 1, 2]
[0, 1, 5]
[0, 1, 7]
[0, 1, 3]
[0, 1, 4]
[0, 1, 6]
[0, 1, 2, 5]
[0, 1, 2, 7]
[0, 1, 2, 3]
[0, 1, 2, 4]
[0, 1, 2, 6]
[0, 1, 2, 5, 7]
[0, 1, 2, 5, 3]
[0, 1, 2, 5, 4]
[0, 1, 2, 5, 6]
[0, 1, 2, 5, 7, 3]
[0, 1, 2, 5, 7, 4]
[0, 1, 2, 5, 7, 6]
[0, 1, 2, 5, 7, 3, 4]
[0, 1, 2, 5, 7, 3, 6]
[0, 1, 2, 5, 7, 3, 4, 6]
failed -> 7 times
after fail n ======> 6
[0, 1, 2, 3, 4, 5]
0.06451612903225806 0.08695652173913043
itercount --------> 1
[0, 3, 4]
0.08695652173913043 0.13793103448275862
itercount --------> 2
[0, 6, 7]
[0, 6, 3]
[0, 6, 1]
0.13793103448275862 0.16666666666666666
itercount --------> 3
[0, 1, 2]
[0, 1, 6]
0.16666666666666666 0.18421052631578946
itercount --------> 4
[0, 1, 7]
[0, 1, 3]
0.18421052631578946 0.20512820512820512
itercount --------> 5
[0, 1, 4]
0.20512820512820512 0.3448275862068966
itercount --------> 6
[1, 0, 2]
0.3448275862068966 0.43478260869565216
itercount --------> 7
[1, 7, 3]
0.43478260869565216 0.5
itercount --------> 8
[0, 1, 2]
[0, 1, 3]
[0, 1, 4]
[0, 1, 6]
[0, 1, 7]
0.5 0.52
itercount --------> 9
[0, 1, 2]
[0, 1, 3]
[0, 1, 4]
[0, 1, 6]
[0, 1, 7]
[0, 1, 5]
[0, 1, 2, 3]
[0, 1, 2, 4]
[0, 1, 2, 6]
[0, 1, 2, 7]
[0, 1, 2, 5]
0.52 0.5789473684210527
itercount --------> 10
[3, 4, 5]
[3, 4, 7]
[3, 4, 0]
[3, 4, 1]
[3, 4, 2]
[3, 4, 6]
[3, 4, 5, 7]
0.5789473684210527 0.6
itercount --------> 11
[0, 1, 2]
[0, 1, 5]
[0, 1, 3]
[0, 1, 4]
[0, 1, 7]
[0, 1, 6]
[0, 1, 2, 5]
[0, 1, 2, 3]
[0, 1, 2, 4]
[0, 1, 2, 7]
[0, 1, 2, 6]
[0, 1, 2, 5, 3]
[0, 1, 2, 5, 4]
[0, 1, 2, 5, 7]
[0, 1, 2, 5, 6]
[0, 1, 2, 5, 3, 4]
0.6 0.6818181818181818
itercount --------> 12
[0, 1, 2]
[0, 1, 5]
[0, 1, 3]
[0, 1, 4]
[0, 1, 7]
[0, 1, 6]
[0, 1, 2, 5]
[0, 1, 2, 3]
[0, 1, 2, 4]
[0, 1, 2, 7]
[0, 1, 2, 6]
[0, 1, 2, 5, 3]
[0, 1, 2, 5, 4]
[0, 1, 2, 5, 7]
[0, 1, 2, 5, 6]
[0, 1, 2, 5, 3, 4]
[0, 1, 2, 5, 3, 7]
[0, 1, 2, 5, 3, 6]
[0, 1, 2, 5, 3, 4, 7]
[0, 1, 2, 5, 3, 4, 6]
[0, 1, 2, 5, 3, 4, 7, 6]
failed -> 8 times
after fail n ======> 7
[0, 1, 2, 3, 4, 5, 6]
0.06451612903225806 0.08823529411764706
itercount --------> 1
[1, 0, 2]
0.08823529411764706 0.1935483870967742
itercount --------> 2
[2, 4, 3]
0.1935483870967742 0.23255813953488372
itercount --------> 3
[2, 0, 1]
0.23255813953488372 0.43478260869565216
itercount --------> 4
[0, 1, 7]
[0, 1, 2]
[0, 1, 3]
[0, 1, 4]
[0, 1, 5]
[0, 1, 6]
[0, 1, 7, 2]
[0, 1, 7, 3]
[0, 1, 7, 4]
0.43478260869565216 0.45454545454545453
itercount --------> 5
[1, 7, 4]
0.45454545454545453 0.6086956521739131
itercount --------> 6
[1, 7, 0]
[1, 7, 4]
[1, 7, 6]
[1, 7, 2]
[1, 7, 5]
[1, 7, 3]
[1, 7, 0, 4]
0.6086956521739131 0.6153846153846154
itercount --------> 7
[1, 0, 6]
[1, 0, 7]
[1, 0, 2]
[1, 0, 3]
[1, 0, 4]
[1, 0, 5]
0.6153846153846154 0.6521739130434783
itercount --------> 8
[0, 1, 2]
[0, 1, 5]
0.6521739130434783 0.7142857142857143
itercount --------> 9
[0, 1, 2]
[0, 1, 5]
[0, 1, 7]
[0, 1, 3]
[0, 1, 4]
[0, 1, 6]
[0, 1, 2, 5]
0.7142857142857143 0.75
itercount --------> 10
[0, 1, 2]
[0, 1, 5]
[0, 1, 7]
[0, 1, 3]
[0, 1, 4]
[0, 1, 6]
[0, 1, 2, 5]
[0, 1, 2, 7]
[0, 1, 2, 3]
[0, 1, 2, 4]
[0, 1, 2, 6]
[0, 1, 2, 5, 7]
[0, 1, 2, 5, 3]
[0, 1, 2, 5, 4]
[0, 1, 2, 5, 6]
0.75 0.7894736842105263
itercount --------> 11
[0, 1, 2]
[0, 1, 5]
[0, 1, 7]
[0, 1, 3]
[0, 1, 4]
[0, 1, 6]
[0, 1, 2, 5]
[0, 1, 2, 7]
[0, 1, 2, 3]
[0, 1, 2, 4]
[0, 1, 2, 6]
[0, 1, 2, 5, 7]
[0, 1, 2, 5, 3]
[0, 1, 2, 5, 4]
[0, 1, 2, 5, 6]
[0, 1, 2, 5, 7, 3]
[0, 1, 2, 5, 7, 4]
[0, 1, 2, 5, 7, 6]
[0, 1, 2, 5, 7, 3, 4]
[0, 1, 2, 5, 7, 3, 6]
[0, 1, 2, 5, 7, 3, 4, 6]
failed -> 9 times
after fail n ======> 8
[0, 1, 2, 3, 4, 5, 6, 7]
0.06451612903225806 0.06521739130434782
itercount --------> 1
[0, 1, 2]
[0, 1, 3]
0.06521739130434782 0.1388888888888889
itercount --------> 2
[2, 0, 5]
0.1388888888888889 0.14285714285714285
itercount --------> 3
[0, 1, 4]
0.14285714285714285 0.15
itercount --------> 4
[0, 2, 4]
0.15 0.24
itercount --------> 5
[0, 6, 2]
0.24 0.2857142857142857
itercount --------> 6
[0, 2, 6]
0.2857142857142857 0.4
itercount --------> 7
[0, 2, 1]
0.4 0.5217391304347826
itercount --------> 8
[0, 1, 2]
[0, 1, 7]
[0, 1, 3]
[0, 1, 5]
0.5217391304347826 0.631578947368421
itercount --------> 9
[0, 1, 2]
[0, 1, 5]
[0, 1, 3]
[0, 1, 7]
[0, 1, 4]
[0, 1, 6]
[0, 1, 2, 5]
[0, 1, 2, 3]
[0, 1, 2, 7]
[0, 1, 2, 4]
[0, 1, 2, 6]
[0, 1, 2, 5, 3]
[0, 1, 2, 5, 7]
0.631578947368421 0.6666666666666666
itercount --------> 10
[0, 1, 2]
[0, 1, 3]
[0, 1, 5]
[0, 1, 7]
[0, 1, 4]
[0, 1, 6]
[0, 1, 2, 3]
[0, 1, 2, 5]
[0, 1, 2, 7]
[0, 1, 2, 4]
[0, 1, 2, 6]
[0, 1, 2, 3, 5]
[0, 1, 2, 3, 7]
0.6666666666666666 0.7894736842105263
itercount --------> 11
[0, 1, 2]
[0, 1, 5]
[0, 1, 7]
[0, 1, 3]
[0, 1, 4]
[0, 1, 6]
[0, 1, 2, 5]
[0, 1, 2, 7]
[0, 1, 2, 3]
[0, 1, 2, 4]
[0, 1, 2, 6]
[0, 1, 2, 5, 7]
[0, 1, 2, 5, 3]
[0, 1, 2, 5, 4]
[0, 1, 2, 5, 6]
[0, 1, 2, 5, 7, 3]
[0, 1, 2, 5, 7, 4]
[0, 1, 2, 5, 7, 6]
[0, 1, 2, 5, 7, 3, 4]
[0, 1, 2, 5, 7, 3, 6]
[0, 1, 2, 5, 7, 3, 4, 6]
failed -> 10 times
after fail n ======> 5
[0, 1, 2, 3, 4]
0.06451612903225806 0.08695652173913043
itercount --------> 1
[0, 3, 4]
0.08695652173913043 0.13793103448275862
itercount --------> 2
[0, 6, 7]
0.13793103448275862 0.16666666666666666
itercount --------> 3
[0, 1, 2]
0.16666666666666666 0.2692307692307692
itercount --------> 4
[3, 0, 1]
0.2692307692307692 0.2903225806451613
itercount --------> 5
[0, 3, 1]
[0, 3, 2]
[0, 3, 7]
[0, 3, 6]
[0, 3, 4]
0.2903225806451613 0.2916666666666667
itercount --------> 6
[0, 3, 4]
[0, 3, 6]
[0, 3, 7]
0.2916666666666667 0.34782608695652173
itercount --------> 7
[0, 6, 7]
0.34782608695652173 0.5454545454545454
itercount --------> 8
[0, 7, 6]
[0, 7, 1]
[0, 7, 2]
[0, 7, 3]
[0, 7, 4]
[0, 7, 5]
[0, 7, 6, 1]
[0, 7, 6, 2]
[0, 7, 6, 3]
[0, 7, 6, 4]
[0, 7, 6, 5]
[0, 7, 6, 1, 2]
[0, 7, 6, 1, 3]
[0, 7, 6, 1, 4]
[0, 7, 6, 1, 5]
0.5454545454545454 0.55
itercount --------> 9
[0, 7, 6]
[0, 7, 3]
[0, 7, 4]
[0, 7, 5]
[0, 7, 1]
[0, 7, 2]
[0, 7, 6, 3]
[0, 7, 6, 4]
[0, 7, 6, 5]
[0, 7, 6, 1]
[0, 7, 6, 2]
[0, 7, 6, 3, 4]
[0, 7, 6, 3, 5]
[0, 7, 6, 3, 1]
[0, 7, 6, 3, 2]
[0, 7, 6, 3, 4, 5]
[0, 7, 6, 3, 4, 1]
[0, 7, 6, 3, 4, 2]
[0, 7, 6, 3, 4, 5, 1]
[0, 7, 6, 3, 4, 5, 2]
0.55 0.6
itercount --------> 10
[0, 7, 6]
[0, 7, 3]
[0, 7, 4]
[0, 7, 1]
[0, 7, 2]
[0, 7, 5]
[0, 7, 6, 3]
[0, 7, 6, 4]
[0, 7, 6, 1]
[0, 7, 6, 2]
[0, 7, 6, 5]
[0, 7, 6, 3, 4]
[0, 7, 6, 3, 1]
[0, 7, 6, 3, 2]
[0, 7, 6, 3, 5]
[0, 7, 6, 3, 4, 1]
[0, 7, 6, 3, 4, 2]
[0, 7, 6, 3, 4, 5]
[0, 7, 6, 3, 4, 1, 2]
[0, 7, 6, 3, 4, 1, 5]
[0, 7, 6, 3, 4, 1, 2, 5]
failed -> 11 times
after fail n ======> 6
[0, 1, 2, 3, 4, 5]
0.06451612903225806 0.14814814814814814
itercount --------> 1
[2, 4, 6]
[2, 4, 3]
0.14814814814814814 0.17142857142857143
itercount --------> 2
[2, 1, 6]
0.17142857142857143 0.20512820512820512
itercount --------> 3
[2, 1, 4]
[2, 1, 0]
0.20512820512820512 0.3448275862068966
itercount --------> 4
[1, 0, 2]
0.3448275862068966 0.43478260869565216
itercount --------> 5
[1, 7, 3]
0.43478260869565216 0.5
itercount --------> 6
[0, 1, 2]
[0, 1, 3]
[0, 1, 4]
[0, 1, 6]
[0, 1, 7]
[0, 1, 5]
[0, 1, 2, 3]
[0, 1, 2, 4]
[0, 1, 2, 6]
[0, 1, 2, 7]
0.5 0.52
itercount --------> 7
[0, 1, 2]
[0, 1, 3]
[0, 1, 4]
[0, 1, 6]
[0, 1, 7]
[0, 1, 5]
0.52 0.5789473684210527
itercount --------> 8
[3, 4, 5]
0.5789473684210527 0.6
itercount --------> 9
[0, 1, 2]
[0, 1, 5]
[0, 1, 3]
[0, 1, 4]
[0, 1, 7]
[0, 1, 6]
[0, 1, 2, 5]
[0, 1, 2, 3]
[0, 1, 2, 4]
[0, 1, 2, 7]
[0, 1, 2, 6]
[0, 1, 2, 5, 3]
[0, 1, 2, 5, 4]
[0, 1, 2, 5, 7]
[0, 1, 2, 5, 6]
[0, 1, 2, 5, 3, 4]
0.6 0.6818181818181818
itercount --------> 10
[0, 1, 2]
[0, 1, 5]
[0, 1, 3]
[0, 1, 4]
[0, 1, 7]
[0, 1, 6]
[0, 1, 2, 5]
[0, 1, 2, 3]
[0, 1, 2, 4]
[0, 1, 2, 7]
[0, 1, 2, 6]
[0, 1, 2, 5, 3]
[0, 1, 2, 5, 4]
[0, 1, 2, 5, 7]
[0, 1, 2, 5, 6]
[0, 1, 2, 5, 3, 4]
[0, 1, 2, 5, 3, 7]
[0, 1, 2, 5, 3, 6]
[0, 1, 2, 5, 3, 4, 7]
[0, 1, 2, 5, 3, 4, 6]
[0, 1, 2, 5, 3, 4, 7, 6]
failed -> 12 times
after fail n ======> 7
[0, 1, 2, 3, 4, 5, 6]
0.06451612903225806 0.07142857142857142
itercount --------> 1
[1, 5, 6]
0.07142857142857142 0.07894736842105263
itercount --------> 2
[1, 0, 2]
[1, 0, 4]
0.07894736842105263 0.08823529411764706
itercount --------> 3
[1, 0, 2]
0.08823529411764706 0.125
itercount --------> 4
[1, 5, 4]
0.125 0.20689655172413793
itercount --------> 5
[1, 6, 5]
[1, 6, 0]
0.20689655172413793 0.3
itercount --------> 6
[6, 5, 3]
0.3 0.3333333333333333
itercount --------> 7
[5, 3, 4]
[5, 3, 6]
[5, 3, 7]
[5, 3, 0]
0.3333333333333333 0.5238095238095238
itercount --------> 8
[5, 3, 4]
[5, 3, 6]
[5, 3, 7]
[5, 3, 0]
[5, 3, 1]
[5, 3, 2]
[5, 3, 4, 6]
[5, 3, 4, 7]
0.5238095238095238 0.5769230769230769
itercount --------> 9
[5, 0, 1]
[5, 0, 2]
0.5769230769230769 0.6818181818181818
itercount --------> 10
[0, 1, 2]
[0, 1, 5]
[0, 1, 3]
[0, 1, 4]
[0, 1, 6]
[0, 1, 7]
[0, 1, 2, 5]
[0, 1, 2, 3]
0.6818181818181818 0.75
itercount --------> 11
[0, 1, 2]
[0, 1, 5]
[0, 1, 3]
[0, 1, 4]
[0, 1, 6]
[0, 1, 7]
[0, 1, 2, 5]
[0, 1, 2, 3]
[0, 1, 2, 4]
[0, 1, 2, 6]
[0, 1, 2, 7]
[0, 1, 2, 5, 3]
[0, 1, 2, 5, 4]
[0, 1, 2, 5, 6]
[0, 1, 2, 5, 7]
0.75 0.7894736842105263
itercount --------> 12
[0, 1, 2]
[0, 1, 5]
[0, 1, 7]
[0, 1, 3]
[0, 1, 4]
[0, 1, 6]
[0, 1, 2, 5]
[0, 1, 2, 7]
[0, 1, 2, 3]
[0, 1, 2, 4]
[0, 1, 2, 6]
[0, 1, 2, 5, 7]
[0, 1, 2, 5, 3]
[0, 1, 2, 5, 4]
[0, 1, 2, 5, 6]
[0, 1, 2, 5, 7, 3]
[0, 1, 2, 5, 7, 4]
[0, 1, 2, 5, 7, 6]
[0, 1, 2, 5, 7, 3, 4]
[0, 1, 2, 5, 7, 3, 6]
[0, 1, 2, 5, 7, 3, 4, 6]
failed -> 13 times
after fail n ======> 8
[0, 1, 2, 3, 4, 5, 6, 7]
0.06451612903225806 0.1
itercount --------> 1
[3, 7, 0]
[3, 7, 1]
0.1 0.140625
itercount --------> 2
[0, 1, 2]
0.140625 0.25
itercount --------> 3
[1, 3, 4]
[1, 3, 6]
[1, 3, 7]
0.25 0.25925925925925924
itercount --------> 4
[1, 7, 0]
[1, 7, 2]
0.25925925925925924 0.3333333333333333
itercount --------> 5
[0, 1, 2]
[0, 1, 7]
0.3333333333333333 0.4090909090909091
itercount --------> 6
[3, 4, 6]
[3, 4, 7]
[3, 4, 0]
[3, 4, 1]
[3, 4, 2]
[3, 4, 5]
[3, 4, 6, 7]
[3, 4, 6, 0]
[3, 4, 6, 1]
[3, 4, 6, 2]
[3, 4, 6, 5]
[3, 4, 6, 7, 0]
[3, 4, 6, 7, 1]
[3, 4, 6, 7, 2]
[3, 4, 6, 7, 5]
[3, 4, 6, 7, 0, 1]
[3, 4, 6, 7, 0, 2]
[3, 4, 6, 7, 0, 5]
0.4090909090909091 0.42105263157894735
itercount --------> 7
[4, 6, 3]
[4, 6, 7]
[4, 6, 5]
[4, 6, 0]
[4, 6, 1]
[4, 6, 2]
[4, 6, 3, 7]
[4, 6, 3, 5]
0.42105263157894735 0.45
itercount --------> 8
[0, 1, 2]
[0, 1, 5]
0.45 0.45454545454545453
itercount --------> 9
[5, 7, 4]
[5, 7, 6]
[5, 7, 3]
[5, 7, 0]
[5, 7, 1]
[5, 7, 2]
[5, 7, 4, 6]
0.45454545454545453 0.48
itercount --------> 10
[7, 5, 3]
[7, 5, 4]
[7, 5, 6]
[7, 5, 0]
[7, 5, 1]
[7, 5, 2]
0.48 0.5
itercount --------> 11
[3, 0, 1]
[3, 0, 2]
[3, 0, 7]
[3, 0, 5]
[3, 0, 4]
[3, 0, 6]
[3, 0, 1, 2]
[3, 0, 1, 7]
[3, 0, 1, 5]
[3, 0, 1, 4]
0.5 0.55
itercount --------> 12
[3, 7, 0]
[3, 7, 1]
[3, 7, 2]
[3, 7, 5]
[3, 7, 6]
[3, 7, 4]
[3, 7, 0, 1]
[3, 7, 0, 2]
[3, 7, 0, 5]
[3, 7, 0, 6]
[3, 7, 0, 4]
[3, 7, 0, 1, 2]
[3, 7, 0, 1, 5]
[3, 7, 0, 1, 6]
[3, 7, 0, 1, 4]
[3, 7, 0, 1, 2, 5]
[3, 7, 0, 1, 2, 6]
0.55 0.5789473684210527
itercount --------> 13
[3, 7, 0]
[3, 7, 1]
[3, 7, 2]
[3, 7, 4]
[3, 7, 5]
[3, 7, 6]
[3, 7, 0, 1]
[3, 7, 0, 2]
[3, 7, 0, 4]
[3, 7, 0, 5]
[3, 7, 0, 6]
[3, 7, 0, 1, 2]
[3, 7, 0, 1, 4]
[3, 7, 0, 1, 5]
[3, 7, 0, 1, 6]
[3, 7, 0, 1, 2, 4]
[3, 7, 0, 1, 2, 5]
[3, 7, 0, 1, 2, 6]
[3, 7, 0, 1, 2, 4, 5]
[3, 7, 0, 1, 2, 4, 6]
[3, 7, 0, 1, 2, 4, 5, 6]
failed -> 14 times
after fail n ======> 5
[0, 1, 2, 3, 4]
0.06451612903225806 0.08823529411764706
itercount --------> 1
[0, 1, 2]
0.08823529411764706 0.125
itercount --------> 2
[2, 5, 4]
[2, 5, 6]
[2, 5, 0]
0.125 0.2
itercount --------> 3
[2, 4, 6]
0.2 0.3
itercount --------> 4
[2, 3, 7]
0.3 0.43478260869565216
itercount --------> 5
[2, 3, 4]
[2, 3, 6]
[2, 3, 0]
[2, 3, 1]
[2, 3, 7]
[2, 3, 5]
0.43478260869565216 0.6086956521739131
itercount --------> 6
[2, 0, 1]
[2, 0, 3]
[2, 0, 4]
[2, 0, 6]
[2, 0, 5]
0.6086956521739131 0.6666666666666666
itercount --------> 7
[2, 0, 1]
0.6666666666666666 0.6818181818181818
itercount --------> 8
[2, 0, 1]
[2, 0, 3]
[2, 0, 4]
[2, 0, 5]
[2, 0, 6]
[2, 0, 7]
[2, 0, 1, 3]
[2, 0, 1, 4]
[2, 0, 1, 5]
0.6818181818181818 0.6956521739130435
itercount --------> 9
[2, 0, 1]
[2, 0, 3]
[2, 0, 4]
[2, 0, 6]
[2, 0, 7]
[2, 0, 5]
[2, 0, 1, 3]
[2, 0, 1, 4]
[2, 0, 1, 6]
[2, 0, 1, 7]
0.6956521739130435 0.7727272727272727
itercount --------> 10
[2, 1, 0]
[2, 1, 3]
[2, 1, 4]
[2, 1, 6]
[2, 1, 7]
[2, 1, 5]
[2, 1, 0, 3]
[2, 1, 0, 4]
[2, 1, 0, 6]
[2, 1, 0, 7]
[2, 1, 0, 5]
0.7727272727272727 0.8095238095238095
itercount --------> 11
[2, 0, 1]
[2, 0, 3]
[2, 0, 4]
[2, 0, 6]
[2, 0, 7]
[2, 0, 5]
[2, 0, 1, 3]
[2, 0, 1, 4]
[2, 0, 1, 6]
[2, 0, 1, 7]
[2, 0, 1, 5]
[2, 0, 1, 3, 4]
[2, 0, 1, 3, 6]
[2, 0, 1, 3, 7]
[2, 0, 1, 3, 5]
[2, 0, 1, 3, 4, 6]
[2, 0, 1, 3, 4, 7]
[2, 0, 1, 3, 4, 5]
[2, 0, 1, 3, 4, 6, 7]
[2, 0, 1, 3, 4, 6, 5]
[2, 0, 1, 3, 4, 6, 7, 5]
failed -> 15 times
after fail n ======> 6
[0, 1, 2, 3, 4, 5]
0.06451612903225806 0.13793103448275862
itercount --------> 1
[0, 6, 7]
0.13793103448275862 0.16666666666666666
itercount --------> 2
[0, 1, 2]
0.16666666666666666 0.23809523809523808
itercount --------> 3
[0, 1, 2]
[0, 1, 7]
0.23809523809523808 0.2692307692307692
itercount --------> 4
[3, 0, 1]
0.2692307692307692 0.2903225806451613
itercount --------> 5
[0, 3, 1]
[0, 3, 2]
0.2903225806451613 0.36
itercount --------> 6
[0, 1, 2]
[0, 1, 3]
[0, 1, 7]
0.36 0.38095238095238093
itercount --------> 7
[0, 1, 2]
[0, 1, 7]
[0, 1, 4]
[0, 1, 3]
[0, 1, 6]
0.38095238095238093 0.4
itercount --------> 8
[7, 0, 3]
0.4 0.47368421052631576
itercount --------> 9
[3, 4, 6]
[3, 4, 7]
[3, 4, 0]
[3, 4, 1]
[3, 4, 2]
[3, 4, 5]
[3, 4, 6, 7]
[3, 4, 6, 0]
[3, 4, 6, 1]
[3, 4, 6, 2]
[3, 4, 6, 5]
[3, 4, 6, 7, 0]
[3, 4, 6, 7, 1]
[3, 4, 6, 7, 2]
[3, 4, 6, 7, 5]
[3, 4, 6, 7, 0, 1]
[3, 4, 6, 7, 0, 2]
[3, 4, 6, 7, 0, 5]
[3, 4, 6, 7, 0, 1, 2]
[3, 4, 6, 7, 0, 1, 5]
[3, 4, 6, 7, 0, 1, 2, 5]
failed -> 16 times
after fail n ======> 7
[0, 1, 2, 3, 4, 5, 6]
0.06451612903225806 0.08888888888888889
itercount --------> 1
[0, 1, 2]
[0, 1, 3]
[0, 1, 7]
0.08888888888888889 0.1
itercount --------> 2
[3, 7, 0]
[3, 7, 2]
0.1 0.13793103448275862
itercount --------> 3
[0, 1, 2]
0.13793103448275862 0.19047619047619047
itercount --------> 4
[0, 1, 2]
[0, 1, 7]
[0, 1, 3]
0.19047619047619047 0.3333333333333333
itercount --------> 5
[0, 1, 2]
[0, 1, 7]
[0, 1, 4]
[0, 1, 6]
[0, 1, 3]
[0, 1, 5]
[0, 1, 2, 7]
0.3333333333333333 0.38461538461538464
itercount --------> 6
[1, 4, 6]
[1, 4, 3]
[1, 4, 7]
[1, 4, 0]
0.38461538461538464 0.3870967741935484
itercount --------> 7
[1, 0, 2]
[1, 0, 4]
[1, 0, 6]
[1, 0, 3]
[1, 0, 7]
[1, 0, 5]
[1, 0, 2, 4]
0.3870967741935484 0.52
itercount --------> 8
[1, 6, 0]
0.52 0.5217391304347826
itercount --------> 9
[1, 4, 6]
[1, 4, 0]
[1, 4, 2]
[1, 4, 3]
[1, 4, 7]
[1, 4, 5]
0.5217391304347826 0.5238095238095238
itercount --------> 10
[6, 1, 4]
[6, 1, 0]
0.5238095238095238 0.55
itercount --------> 11
[4, 6, 0]
[4, 6, 1]
[4, 6, 2]
[4, 6, 5]
0.55 0.5714285714285714
itercount --------> 12
[0, 1, 2]
[0, 1, 4]
[0, 1, 5]
0.5714285714285714 0.631578947368421
itercount --------> 13
[0, 1, 2]
[0, 1, 4]
[0, 1, 5]
[0, 1, 6]
[0, 1, 7]
[0, 1, 3]
[0, 1, 2, 4]
[0, 1, 2, 5]
[0, 1, 2, 6]
[0, 1, 2, 7]
[0, 1, 2, 3]
[0, 1, 2, 4, 5]
[0, 1, 2, 4, 6]
0.631578947368421 0.75
itercount --------> 14
[0, 1, 2]
[0, 1, 5]
[0, 1, 6]
[0, 1, 7]
[0, 1, 3]
[0, 1, 4]
[0, 1, 2, 5]
[0, 1, 2, 6]
0.75 0.7894736842105263
itercount --------> 15
[0, 1, 2]
[0, 1, 5]
[0, 1, 7]
[0, 1, 3]
[0, 1, 4]
[0, 1, 6]
[0, 1, 2, 5]
[0, 1, 2, 7]
[0, 1, 2, 3]
[0, 1, 2, 4]
[0, 1, 2, 6]
[0, 1, 2, 5, 7]
[0, 1, 2, 5, 3]
[0, 1, 2, 5, 4]
[0, 1, 2, 5, 6]
[0, 1, 2, 5, 7, 3]
[0, 1, 2, 5, 7, 4]
[0, 1, 2, 5, 7, 6]
[0, 1, 2, 5, 7, 3, 4]
[0, 1, 2, 5, 7, 3, 6]
[0, 1, 2, 5, 7, 3, 4, 6]
failed -> 17 times
after fail n ======> 8
[0, 1, 2, 3, 4, 5, 6, 7]
0.06451612903225806 0.08888888888888889
itercount --------> 1
[6, 0, 1]
0.08888888888888889 0.18421052631578946
itercount --------> 2
[2, 1, 7]
0.18421052631578946 0.25925925925925924
itercount --------> 3
[1, 0, 2]
0.25925925925925924 0.2916666666666667
itercount --------> 4
[1, 7, 3]
0.2916666666666667 0.32142857142857145
itercount --------> 5
[1, 4, 7]
0.32142857142857145 0.6153846153846154
itercount --------> 6
[1, 0, 2]
0.6153846153846154 0.6956521739130435
itercount --------> 7
[0, 1, 2]
[0, 1, 7]
[0, 1, 3]
[0, 1, 4]
[0, 1, 6]
[0, 1, 5]
[0, 1, 2, 7]
0.6956521739130435 0.7272727272727273
itercount --------> 8
[0, 1, 2]
[0, 1, 7]
[0, 1, 3]
[0, 1, 4]
[0, 1, 6]
[0, 1, 5]
0.7272727272727273 0.7894736842105263
itercount --------> 9
[0, 1, 2]
[0, 1, 5]
[0, 1, 7]
[0, 1, 3]
[0, 1, 4]
[0, 1, 6]
[0, 1, 2, 5]
[0, 1, 2, 7]
[0, 1, 2, 3]
[0, 1, 2, 4]
[0, 1, 2, 6]
[0, 1, 2, 5, 7]
0.7894736842105263 0.8421052631578947
itercount --------> 10
[0, 1, 2]
[0, 1, 7]
[0, 1, 3]
[0, 1, 4]
[0, 1, 5]
[0, 1, 6]
[0, 1, 2, 7]
[0, 1, 2, 3]
[0, 1, 2, 4]
[0, 1, 2, 5]
[0, 1, 2, 6]
[0, 1, 2, 7, 3]
[0, 1, 2, 7, 4]
[0, 1, 2, 7, 5]
[0, 1, 2, 7, 6]
[0, 1, 2, 7, 3, 4]
[0, 1, 2, 7, 3, 5]
[0, 1, 2, 7, 3, 6]
[0, 1, 2, 7, 3, 4, 5]
[0, 1, 2, 7, 3, 4, 6]
[0, 1, 2, 7, 3, 4, 5, 6]
failed -> 18 times
after fail n ======> 5
[0, 1, 2, 3, 4]
0.06451612903225806 0.08823529411764706
itercount --------> 1
[0, 1, 2]
0.08823529411764706 0.14814814814814814
itercount --------> 2
[0, 4, 6]
0.14814814814814814 0.20512820512820512
itercount --------> 3
[0, 2, 3]
0.20512820512820512 0.21621621621621623
itercount --------> 4
[0, 3, 2]
0.21621621621621623 0.4074074074074074
itercount --------> 5
[0, 7, 3]
[0, 7, 4]
[0, 7, 6]
[0, 7, 2]
[0, 7, 1]
0.4074074074074074 0.4583333333333333
itercount --------> 6
[0, 2, 4]
[0, 2, 6]
[0, 2, 7]
[0, 2, 3]
[0, 2, 1]
[0, 2, 5]
[0, 2, 4, 6]
[0, 2, 4, 7]
[0, 2, 4, 3]
[0, 2, 4, 1]
0.4583333333333333 0.4782608695652174
itercount --------> 7
[0, 4, 7]
[0, 4, 3]
[0, 4, 2]
[0, 4, 6]
[0, 4, 5]
[0, 4, 1]
[0, 4, 7, 3]
[0, 4, 7, 2]
[0, 4, 7, 6]
[0, 4, 7, 5]
[0, 4, 7, 1]
[0, 4, 7, 3, 2]
0.4782608695652174 0.5
itercount --------> 8
[0, 4, 6]
[0, 4, 3]
[0, 4, 1]
[0, 4, 2]
[0, 4, 5]
[0, 4, 7]
[0, 4, 6, 3]
[0, 4, 6, 1]
0.5 0.5714285714285714
itercount --------> 9
[0, 4, 6]
[0, 4, 1]
[0, 4, 2]
[0, 4, 3]
[0, 4, 5]
[0, 4, 7]
[0, 4, 6, 1]
[0, 4, 6, 2]
[0, 4, 6, 3]
[0, 4, 6, 5]
[0, 4, 6, 7]
[0, 4, 6, 1, 2]
[0, 4, 6, 1, 3]
[0, 4, 6, 1, 5]
[0, 4, 6, 1, 7]
[0, 4, 6, 1, 2, 3]
[0, 4, 6, 1, 2, 5]
[0, 4, 6, 1, 2, 7]
0.5714285714285714 0.65
itercount --------> 10
[0, 4, 6]
[0, 4, 2]
[0, 4, 3]
[0, 4, 5]
[0, 4, 7]
[0, 4, 1]
[0, 4, 6, 2]
[0, 4, 6, 3]
[0, 4, 6, 5]
[0, 4, 6, 7]
[0, 4, 6, 1]
[0, 4, 6, 2, 3]
[0, 4, 6, 2, 5]
[0, 4, 6, 2, 7]
[0, 4, 6, 2, 1]
[0, 4, 6, 2, 3, 5]
[0, 4, 6, 2, 3, 7]
[0, 4, 6, 2, 3, 1]
[0, 4, 6, 2, 3, 5, 7]
[0, 4, 6, 2, 3, 5, 1]
[0, 4, 6, 2, 3, 5, 7, 1]
failed -> 19 times
after fail n ======> 6
[0, 1, 2, 3, 4, 5]
0.06451612903225806 0.08888888888888889
itercount --------> 1
[6, 0, 1]
[6, 0, 2]
0.08888888888888889 0.13636363636363635
itercount --------> 2
[6, 1, 7]
0.13636363636363635 0.19047619047619047
itercount --------> 3
[6, 3, 1]
[6, 3, 4]
[6, 3, 7]
[6, 3, 0]
[6, 3, 2]
[6, 3, 5]
[6, 3, 1, 4]
[6, 3, 1, 7]
0.19047619047619047 0.22727272727272727
itercount --------> 4
[6, 1, 3]
[6, 1, 4]
0.22727272727272727 0.25
itercount --------> 5
[6, 3, 4]
[6, 3, 1]
[6, 3, 5]
[6, 3, 0]
[6, 3, 2]
[6, 3, 7]
[6, 3, 4, 1]
[6, 3, 4, 5]
0.25 0.2608695652173913
itercount --------> 6
[6, 1, 0]
[6, 1, 2]
0.2608695652173913 0.3
itercount --------> 7
[0, 1, 2]
[0, 1, 5]
[0, 1, 6]
[0, 1, 4]
[0, 1, 3]
[0, 1, 7]
[0, 1, 2, 5]
[0, 1, 2, 6]
[0, 1, 2, 4]
[0, 1, 2, 3]
[0, 1, 2, 7]
[0, 1, 2, 5, 6]
[0, 1, 2, 5, 4]
0.3 0.3157894736842105
itercount --------> 8
[0, 1, 2]
[0, 1, 6]
[0, 1, 5]
[0, 1, 4]
[0, 1, 7]
[0, 1, 3]
[0, 1, 2, 6]
[0, 1, 2, 5]
[0, 1, 2, 4]
[0, 1, 2, 7]
[0, 1, 2, 3]
[0, 1, 2, 6, 5]
[0, 1, 2, 6, 4]
[0, 1, 2, 6, 7]
[0, 1, 2, 6, 3]
0.3157894736842105 0.3333333333333333
itercount --------> 9
[6, 0, 1]
[6, 0, 2]
[6, 0, 5]
[6, 0, 3]
[6, 0, 4]
[6, 0, 7]
[6, 0, 1, 2]
[6, 0, 1, 5]
[6, 0, 1, 3]
[6, 0, 1, 4]
[6, 0, 1, 7]
[6, 0, 1, 2, 5]
[6, 0, 1, 2, 3]
[6, 0, 1, 2, 4]
[6, 0, 1, 2, 7]
[6, 0, 1, 2, 5, 3]
[6, 0, 1, 2, 5, 4]
[6, 0, 1, 2, 5, 7]
[6, 0, 1, 2, 5, 3, 4]
0.3333333333333333 0.35
itercount --------> 10
[6, 3, 4]
[6, 3, 7]
[6, 3, 1]
[6, 3, 2]
[6, 3, 0]
[6, 3, 5]
[6, 3, 4, 7]
[6, 3, 4, 1]
[6, 3, 4, 2]
[6, 3, 4, 0]
[6, 3, 4, 5]
[6, 3, 4, 7, 1]
[6, 3, 4, 7, 2]
[6, 3, 4, 7, 0]
[6, 3, 4, 7, 5]
[6, 3, 4, 7, 1, 2]
[6, 3, 4, 7, 1, 0]
0.35 0.3684210526315789
itercount --------> 11
[6, 7, 3]
[6, 7, 4]
[6, 7, 0]
[6, 7, 1]
[6, 7, 2]
[6, 7, 5]
[6, 7, 3, 4]
[6, 7, 3, 0]
[6, 7, 3, 1]
[6, 7, 3, 2]
[6, 7, 3, 5]
[6, 7, 3, 4, 0]
[6, 7, 3, 4, 1]
[6, 7, 3, 4, 2]
[6, 7, 3, 4, 5]
[6, 7, 3, 4, 0, 1]
[6, 7, 3, 4, 0, 2]
0.3684210526315789 0.4
itercount --------> 12
[6, 3, 4]
[6, 3, 7]
[6, 3, 5]
[6, 3, 0]
[6, 3, 1]
[6, 3, 2]
[6, 3, 4, 7]
[6, 3, 4, 5]
[6, 3, 4, 0]
[6, 3, 4, 1]
0.4 0.4166666666666667
itercount --------> 13
[7, 5, 3]
[7, 5, 4]
[7, 5, 6]
0.4166666666666667 0.625
itercount --------> 14
[3, 4, 5]
[3, 4, 0]
[3, 4, 1]
[3, 4, 7]
[3, 4, 2]
[3, 4, 6]
[3, 4, 5, 0]
0.625 0.7894736842105263
itercount --------> 15
[0, 1, 2]
[0, 1, 5]
[0, 1, 7]
[0, 1, 3]
[0, 1, 4]
[0, 1, 6]
[0, 1, 2, 5]
[0, 1, 2, 7]
[0, 1, 2, 3]
[0, 1, 2, 4]
[0, 1, 2, 6]
[0, 1, 2, 5, 7]
[0, 1, 2, 5, 3]
[0, 1, 2, 5, 4]
[0, 1, 2, 5, 6]
[0, 1, 2, 5, 7, 3]
[0, 1, 2, 5, 7, 4]
[0, 1, 2, 5, 7, 6]
[0, 1, 2, 5, 7, 3, 4]
[0, 1, 2, 5, 7, 3, 6]
[0, 1, 2, 5, 7, 3, 4, 6]
failed -> 20 times
after fail n ======> 7
[0, 1, 2, 3, 4, 5, 6]
0.06451612903225806 0.06521739130434782
itercount --------> 1
[5, 0, 1]
0.06521739130434782 0.08695652173913043
itercount --------> 2
[2, 3, 4]
0.08695652173913043 0.10526315789473684
itercount --------> 3
[0, 1, 2]
[0, 1, 5]
[0, 1, 3]
0.10526315789473684 0.19047619047619047
itercount --------> 4
[4, 0, 1]
0.19047619047619047 0.2962962962962963
itercount --------> 5
[2, 7, 3]
[2, 7, 0]
[2, 7, 5]
0.2962962962962963 0.34375
itercount --------> 6
[0, 2, 1]
[0, 2, 7]
0.34375 0.34782608695652173
itercount --------> 7
[0, 7, 3]
[0, 7, 1]
[0, 7, 4]
0.34782608695652173 0.36666666666666664
itercount --------> 8
[0, 3, 1]
[0, 3, 7]
[0, 3, 5]
[0, 3, 2]
[0, 3, 4]
[0, 3, 6]
[0, 3, 1, 7]
[0, 3, 1, 5]
[0, 3, 1, 2]
[0, 3, 1, 4]
[0, 3, 1, 6]
[0, 3, 1, 7, 5]
0.36666666666666664 0.4166666666666667
itercount --------> 9
[0, 1, 5]
[0, 1, 2]
0.4166666666666667 0.4230769230769231
itercount --------> 10
[0, 1, 4]
[0, 1, 7]
0.4230769230769231 0.4583333333333333
itercount --------> 11
[1, 0, 7]
0.4583333333333333 0.5
itercount --------> 12
[7, 0, 1]
[7, 0, 4]
0.5 0.625
itercount --------> 13
[0, 1, 2]
[0, 1, 5]
0.625 0.75
itercount --------> 14
[0, 1, 2]
[0, 1, 5]
[0, 1, 6]
0.75 0.7894736842105263
itercount --------> 15
[0, 1, 2]
[0, 1, 5]
[0, 1, 7]
[0, 1, 3]
[0, 1, 4]
[0, 1, 6]
[0, 1, 2, 5]
[0, 1, 2, 7]
[0, 1, 2, 3]
[0, 1, 2, 4]
[0, 1, 2, 6]
[0, 1, 2, 5, 7]
[0, 1, 2, 5, 3]
[0, 1, 2, 5, 4]
[0, 1, 2, 5, 6]
[0, 1, 2, 5, 7, 3]
[0, 1, 2, 5, 7, 4]
[0, 1, 2, 5, 7, 6]
[0, 1, 2, 5, 7, 3, 4]
[0, 1, 2, 5, 7, 3, 6]
[0, 1, 2, 5, 7, 3, 4, 6]
failed -> 21 times
after fail n ======> 8
[0, 1, 2, 3, 4, 5, 6, 7]
0.06451612903225806 0.06521739130434782
itercount --------> 1
[5, 0, 1]
[5, 0, 2]
0.06521739130434782 0.07142857142857142
itercount --------> 2
[5, 1, 3]
0.07142857142857142 0.14
itercount --------> 3
[5, 2, 1]
[5, 2, 0]
[5, 2, 3]
0.14 0.15384615384615385
itercount --------> 4
[5, 1, 0]
0.15384615384615385 0.24
itercount --------> 5
[5, 3, 6]
0.24 0.2608695652173913
itercount --------> 6
[5, 6, 7]
[5, 6, 3]
0.2608695652173913 0.34782608695652173
itercount --------> 7
[5, 3, 6]
0.34782608695652173 0.37037037037037035
itercount --------> 8
[5, 0, 1]
0.37037037037037035 0.4
itercount --------> 9
[0, 1, 2]
[0, 1, 5]
[0, 1, 3]
[0, 1, 6]
[0, 1, 7]
[0, 1, 4]
[0, 1, 2, 5]
[0, 1, 2, 3]
[0, 1, 2, 6]
[0, 1, 2, 7]
0.4 0.43478260869565216
itercount --------> 10
[1, 5, 3]
[1, 5, 0]
[1, 5, 2]
0.43478260869565216 0.47619047619047616
itercount --------> 11
[0, 1, 2]
[0, 1, 3]
[0, 1, 5]
[0, 1, 7]
[0, 1, 6]
[0, 1, 4]
[0, 1, 2, 3]
[0, 1, 2, 5]
[0, 1, 2, 7]
[0, 1, 2, 6]
0.47619047619047616 0.5263157894736842
itercount --------> 12
[0, 1, 2]
[0, 1, 3]
[0, 1, 5]
[0, 1, 6]
[0, 1, 7]
[0, 1, 4]
[0, 1, 2, 3]
[0, 1, 2, 5]
[0, 1, 2, 6]
[0, 1, 2, 7]
[0, 1, 2, 4]
[0, 1, 2, 3, 5]
[0, 1, 2, 3, 6]
0.5263157894736842 0.631578947368421
itercount --------> 13
[0, 1, 2]
[0, 1, 3]
[0, 1, 5]
[0, 1, 7]
[0, 1, 4]
[0, 1, 6]
[0, 1, 2, 3]
[0, 1, 2, 5]
[0, 1, 2, 7]
[0, 1, 2, 4]
[0, 1, 2, 6]
[0, 1, 2, 3, 5]
[0, 1, 2, 3, 7]
0.631578947368421 0.75
itercount --------> 14
[0, 1, 2]
[0, 1, 5]
[0, 1, 4]
[0, 1, 7]
[0, 1, 3]
[0, 1, 6]
[0, 1, 2, 5]
[0, 1, 2, 4]
0.75 0.7894736842105263
itercount --------> 15
[0, 1, 2]
[0, 1, 5]
[0, 1, 7]
[0, 1, 3]
[0, 1, 4]
[0, 1, 6]
[0, 1, 2, 5]
[0, 1, 2, 7]
[0, 1, 2, 3]
[0, 1, 2, 4]
[0, 1, 2, 6]
[0, 1, 2, 5, 7]
[0, 1, 2, 5, 3]
[0, 1, 2, 5, 4]
[0, 1, 2, 5, 6]
[0, 1, 2, 5, 7, 3]
[0, 1, 2, 5, 7, 4]
[0, 1, 2, 5, 7, 6]
[0, 1, 2, 5, 7, 3, 4]
[0, 1, 2, 5, 7, 3, 6]
[0, 1, 2, 5, 7, 3, 4, 6]
failed -> 22 times
after fail n ======> 5
[0, 1, 2, 3, 4]
0.06451612903225806 0.11538461538461539
itercount --------> 1
[2, 3, 6]
0.11538461538461539 0.14814814814814814
itercount --------> 2
[2, 3, 7]
[2, 3, 1]
0.14814814814814814 0.18181818181818182
itercount --------> 3
[1, 3, 0]
0.18181818181818182 0.21052631578947367
itercount --------> 4
[0, 1, 2]
[0, 1, 3]
[0, 1, 7]
0.21052631578947367 0.2222222222222222
itercount --------> 5
[0, 1, 2]
[0, 1, 3]
[0, 1, 5]
[0, 1, 7]
[0, 1, 4]
[0, 1, 6]
[0, 1, 2, 3]
[0, 1, 2, 5]
[0, 1, 2, 7]
0.2222222222222222 0.3181818181818182
itercount --------> 6
[3, 2, 6]
[3, 2, 1]
0.3181818181818182 0.3333333333333333
itercount --------> 7
[2, 7, 1]
[2, 7, 3]
0.3333333333333333 0.42857142857142855
itercount --------> 8
[2, 1, 3]
[2, 1, 7]
[2, 1, 0]
[2, 1, 6]
[2, 1, 4]
[2, 1, 5]
[2, 1, 3, 7]
0.42857142857142855 0.5384615384615384
itercount --------> 9
[2, 1, 0]
[2, 1, 3]
[2, 1, 6]
[2, 1, 4]
[2, 1, 7]
[2, 1, 5]
[2, 1, 0, 3]
0.5384615384615384 0.6296296296296297
itercount --------> 10
[2, 1, 0]
[2, 1, 3]
0.6296296296296297 0.6521739130434783
itercount --------> 11
[1, 2, 0]
[1, 2, 7]
[1, 2, 3]
[1, 2, 4]
[1, 2, 6]
[1, 2, 5]
[1, 2, 0, 7]
[1, 2, 0, 3]
[1, 2, 0, 4]
[1, 2, 0, 6]
[1, 2, 0, 5]
0.6521739130434783 0.6818181818181818
itercount --------> 12
[1, 2, 0]
[1, 2, 5]
[1, 2, 3]
[1, 2, 4]
[1, 2, 7]
[1, 2, 6]
[1, 2, 0, 5]
0.6818181818181818 0.7142857142857143
itercount --------> 13
[1, 0, 2]
[1, 0, 5]
[1, 0, 3]
0.7142857142857143 0.75
itercount --------> 14
[0, 1, 2]
[0, 1, 7]
[0, 1, 3]
[0, 1, 4]
[0, 1, 5]
[0, 1, 6]
[0, 1, 2, 7]
[0, 1, 2, 3]
[0, 1, 2, 4]
0.75 0.7894736842105263
itercount --------> 15
[0, 1, 2]
[0, 1, 5]
[0, 1, 7]
[0, 1, 3]
[0, 1, 4]
[0, 1, 6]
[0, 1, 2, 5]
[0, 1, 2, 7]
[0, 1, 2, 3]
[0, 1, 2, 4]
[0, 1, 2, 6]
[0, 1, 2, 5, 7]
[0, 1, 2, 5, 3]
[0, 1, 2, 5, 4]
[0, 1, 2, 5, 6]
[0, 1, 2, 5, 7, 3]
[0, 1, 2, 5, 7, 4]
[0, 1, 2, 5, 7, 6]
[0, 1, 2, 5, 7, 3, 4]
[0, 1, 2, 5, 7, 3, 6]
[0, 1, 2, 5, 7, 3, 4, 6]
failed -> 23 times
after fail n ======> 6
[0, 1, 2, 3, 4, 5]
0.06451612903225806 0.08888888888888889
itercount --------> 1
[6, 0, 1]
[6, 0, 2]
[6, 0, 7]
[6, 0, 3]
0.08888888888888889 0.1
itercount --------> 2
[6, 1, 2]
[6, 1, 7]
[6, 1, 3]
0.1 0.13636363636363635
itercount --------> 3
[6, 2, 7]
0.13636363636363635 0.13793103448275862
itercount --------> 4
[6, 2, 3]
0.13793103448275862 0.16
itercount --------> 5
[2, 6, 3]
0.16 0.16666666666666666
itercount --------> 6
[6, 3, 2]
0.16666666666666666 0.19047619047619047
itercount --------> 7
[6, 3, 4]
[6, 3, 7]
0.19047619047619047 0.25
itercount --------> 8
[6, 3, 4]
[6, 3, 0]
[6, 3, 1]
[6, 3, 2]
[6, 3, 7]
[6, 3, 5]
[6, 3, 4, 0]
[6, 3, 4, 1]
[6, 3, 4, 2]
[6, 3, 4, 7]
[6, 3, 4, 5]
[6, 3, 4, 0, 1]
[6, 3, 4, 0, 2]
[6, 3, 4, 0, 7]
[6, 3, 4, 0, 5]
0.25 0.2608695652173913
itercount --------> 9
[0, 6, 1]
0.2608695652173913 0.2857142857142857
itercount --------> 10
[0, 1, 2]
[0, 1, 5]
[0, 1, 6]
[0, 1, 3]
[0, 1, 4]
0.2857142857142857 0.3157894736842105
itercount --------> 11
[0, 1, 2]
[0, 1, 6]
[0, 1, 5]
[0, 1, 3]
[0, 1, 4]
[0, 1, 7]
[0, 1, 2, 6]
[0, 1, 2, 5]
[0, 1, 2, 3]
[0, 1, 2, 4]
[0, 1, 2, 7]
[0, 1, 2, 6, 5]
[0, 1, 2, 6, 3]
[0, 1, 2, 6, 4]
[0, 1, 2, 6, 7]
0.3157894736842105 0.3333333333333333
itercount --------> 12
[6, 0, 1]
[6, 0, 2]
[6, 0, 5]
[6, 0, 3]
[6, 0, 4]
[6, 0, 7]
[6, 0, 1, 2]
[6, 0, 1, 5]
[6, 0, 1, 3]
[6, 0, 1, 4]
[6, 0, 1, 7]
[6, 0, 1, 2, 5]
[6, 0, 1, 2, 3]
[6, 0, 1, 2, 4]
[6, 0, 1, 2, 7]
[6, 0, 1, 2, 5, 3]
[6, 0, 1, 2, 5, 4]
[6, 0, 1, 2, 5, 7]
[6, 0, 1, 2, 5, 3, 4]
0.3333333333333333 0.35
itercount --------> 13
[6, 7, 3]
[6, 7, 4]
[6, 7, 0]
[6, 7, 1]
[6, 7, 2]
[6, 7, 5]
[6, 7, 3, 4]
[6, 7, 3, 0]
[6, 7, 3, 1]
[6, 7, 3, 2]
[6, 7, 3, 5]
[6, 7, 3, 4, 0]
[6, 7, 3, 4, 1]
[6, 7, 3, 4, 2]
[6, 7, 3, 4, 5]
[6, 7, 3, 4, 0, 1]
[6, 7, 3, 4, 0, 2]
[6, 7, 3, 4, 0, 5]
0.35 0.3684210526315789
itercount --------> 14
[6, 7, 3]
[6, 7, 4]
[6, 7, 0]
[6, 7, 1]
[6, 7, 2]
[6, 7, 5]
[6, 7, 3, 4]
[6, 7, 3, 0]
[6, 7, 3, 1]
[6, 7, 3, 2]
[6, 7, 3, 5]
[6, 7, 3, 4, 0]
[6, 7, 3, 4, 1]
[6, 7, 3, 4, 2]
[6, 7, 3, 4, 5]
[6, 7, 3, 4, 0, 1]
[6, 7, 3, 4, 0, 2]
[6, 7, 3, 4, 0, 5]
[6, 7, 3, 4, 0, 1, 2]
[6, 7, 3, 4, 0, 1, 5]
[6, 7, 3, 4, 0, 1, 2, 5]
failed -> 24 times
after fail n ======> 7
[0, 1, 2, 3, 4, 5, 6]
0.06451612903225806 0.08695652173913043
itercount --------> 1
[2, 3, 4]
0.08695652173913043 0.13793103448275862
itercount --------> 2
[2, 6, 7]
0.13793103448275862 0.16666666666666666
itercount --------> 3
[2, 0, 1]
0.16666666666666666 0.2692307692307692
itercount --------> 4
[3, 0, 1]
0.2692307692307692 0.2903225806451613
itercount --------> 5
[1, 3, 0]
[1, 3, 2]
[1, 3, 7]
0.2903225806451613 0.2962962962962963
itercount --------> 6
[1, 0, 2]
[1, 0, 7]
0.2962962962962963 0.32
itercount --------> 7
[1, 7, 3]
0.32 0.3333333333333333
itercount --------> 8
[0, 1, 2]
[0, 1, 7]
[0, 1, 3]
[0, 1, 4]
[0, 1, 5]
[0, 1, 6]
[0, 1, 2, 7]
[0, 1, 2, 3]
[0, 1, 2, 4]
[0, 1, 2, 5]
[0, 1, 2, 6]
[0, 1, 2, 7, 3]
0.3333333333333333 0.38095238095238093
itercount --------> 9
[0, 1, 2]
[0, 1, 7]
[0, 1, 4]
[0, 1, 3]
[0, 1, 6]
[0, 1, 5]
[0, 1, 2, 7]
[0, 1, 2, 4]
[0, 1, 2, 3]
[0, 1, 2, 6]
[0, 1, 2, 5]
0.38095238095238093 0.3888888888888889
itercount --------> 10
[5, 0, 1]
[5, 0, 2]
[5, 0, 7]
[5, 0, 4]
[5, 0, 3]
[5, 0, 6]
[5, 0, 1, 2]
0.3888888888888889 0.4
itercount --------> 11
[0, 1, 2]
[0, 1, 7]
[0, 1, 3]
[0, 1, 4]
[0, 1, 6]
[0, 1, 5]
[0, 1, 2, 7]
[0, 1, 2, 3]
[0, 1, 2, 4]
[0, 1, 2, 6]
[0, 1, 2, 5]
[0, 1, 2, 7, 3]
0.4 0.47368421052631576
itercount --------> 12
[3, 4, 6]
[3, 4, 7]
[3, 4, 0]
[3, 4, 1]
[3, 4, 2]
[3, 4, 5]
0.47368421052631576 0.47619047619047616
itercount --------> 13
[7, 5, 4]
[7, 5, 3]
[7, 5, 6]
[7, 5, 0]
[7, 5, 1]
[7, 5, 2]
[7, 5, 4, 3]
0.47619047619047616 0.5217391304347826
itercount --------> 14
[7, 6, 5]
[7, 6, 4]
[7, 6, 3]
[7, 6, 0]
[7, 6, 1]
[7, 6, 2]
[7, 6, 5, 4]
[7, 6, 5, 3]
[7, 6, 5, 0]
0.5217391304347826 0.55
itercount --------> 15
[6, 7, 0]
[6, 7, 1]
[6, 7, 2]
[6, 7, 4]
[6, 7, 5]
[6, 7, 3]
[6, 7, 0, 1]
[6, 7, 0, 2]
[6, 7, 0, 4]
[6, 7, 0, 5]
[6, 7, 0, 3]
[6, 7, 0, 1, 2]
[6, 7, 0, 1, 4]
[6, 7, 0, 1, 5]
[6, 7, 0, 1, 3]
[6, 7, 0, 1, 2, 4]
[6, 7, 0, 1, 2, 5]
[6, 7, 0, 1, 2, 3]
[6, 7, 0, 1, 2, 4, 5]
0.55 0.5789473684210527
itercount --------> 16
[6, 7, 0]
[6, 7, 1]
[6, 7, 2]
[6, 7, 3]
[6, 7, 4]
[6, 7, 5]
[6, 7, 0, 1]
[6, 7, 0, 2]
[6, 7, 0, 3]
[6, 7, 0, 4]
[6, 7, 0, 5]
[6, 7, 0, 1, 2]
[6, 7, 0, 1, 3]
[6, 7, 0, 1, 4]
[6, 7, 0, 1, 5]
[6, 7, 0, 1, 2, 3]
[6, 7, 0, 1, 2, 4]
[6, 7, 0, 1, 2, 5]
[6, 7, 0, 1, 2, 3, 4]
[6, 7, 0, 1, 2, 3, 5]
[6, 7, 0, 1, 2, 3, 4, 5]
failed -> 25 times
after fail n ======> 8
[0, 1, 2, 3, 4, 5, 6, 7]
0.06451612903225806 0.08695652173913043
itercount --------> 1
[0, 3, 4]
0.08695652173913043 0.13793103448275862
itercount --------> 2
[0, 6, 7]
[0, 6, 3]
0.13793103448275862 0.17857142857142858
itercount --------> 3
[0, 1, 2]
0.17857142857142858 0.25
itercount --------> 4
[0, 1, 2]
[0, 1, 3]
0.25 0.35
itercount --------> 5
[0, 1, 2]
[0, 1, 3]
[0, 1, 4]
[0, 1, 6]
[0, 1, 7]
0.35 0.375
itercount --------> 6
[1, 3, 7]
0.375 0.38095238095238093
itercount --------> 7
[3, 7, 4]
[3, 7, 6]
[3, 7, 0]
0.38095238095238093 0.45
itercount --------> 8
[3, 4, 6]
[3, 4, 7]
[3, 4, 0]
0.45 0.45454545454545453
itercount --------> 9
[0, 1, 2]
[0, 1, 3]
[0, 1, 7]
[0, 1, 4]
[0, 1, 6]
[0, 1, 5]
[0, 1, 2, 3]
0.45454545454545453 0.5263157894736842
itercount --------> 10
[0, 1, 2]
[0, 1, 3]
[0, 1, 4]
[0, 1, 6]
[0, 1, 5]
[0, 1, 7]
[0, 1, 2, 3]
[0, 1, 2, 4]
[0, 1, 2, 6]
[0, 1, 2, 5]
[0, 1, 2, 7]
[0, 1, 2, 3, 4]
[0, 1, 2, 3, 6]
[0, 1, 2, 3, 5]
[0, 1, 2, 3, 7]
[0, 1, 2, 3, 4, 6]
0.5263157894736842 0.7727272727272727
itercount --------> 11
[0, 1, 2]
[0, 1, 3]
[0, 1, 4]
[0, 1, 6]
[0, 1, 7]
[0, 1, 5]
0.7727272727272727 0.7894736842105263
itercount --------> 12
[0, 1, 2]
[0, 1, 5]
[0, 1, 7]
[0, 1, 3]
[0, 1, 4]
[0, 1, 6]
[0, 1, 2, 5]
[0, 1, 2, 7]
[0, 1, 2, 3]
[0, 1, 2, 4]
[0, 1, 2, 6]
[0, 1, 2, 5, 7]
0.7894736842105263 0.8421052631578947
itercount --------> 13
[0, 1, 2]
[0, 1, 7]
[0, 1, 3]
[0, 1, 4]
[0, 1, 5]
[0, 1, 6]
[0, 1, 2, 7]
[0, 1, 2, 3]
[0, 1, 2, 4]
[0, 1, 2, 5]
[0, 1, 2, 6]
[0, 1, 2, 7, 3]
[0, 1, 2, 7, 4]
[0, 1, 2, 7, 5]
[0, 1, 2, 7, 6]
[0, 1, 2, 7, 3, 4]
[0, 1, 2, 7, 3, 5]
[0, 1, 2, 7, 3, 6]
[0, 1, 2, 7, 3, 4, 5]
[0, 1, 2, 7, 3, 4, 6]
[0, 1, 2, 7, 3, 4, 5, 6]
failed -> 26 times
after fail n ======> 5
[0, 1, 2, 3, 4]
0.06451612903225806 0.14814814814814814
itercount --------> 1
[0, 4, 6]
0.14814814814814814 0.20512820512820512
itercount --------> 2
[0, 1, 3]
0.20512820512820512 0.2962962962962963
itercount --------> 3
[1, 0, 2]
[1, 0, 3]
0.2962962962962963 0.4074074074074074
itercount --------> 4
[0, 7, 3]
[0, 7, 4]
[0, 7, 6]
[0, 7, 1]
[0, 7, 2]
0.4074074074074074 0.4583333333333333
itercount --------> 5
[0, 1, 4]
[0, 1, 6]
[0, 1, 7]
[0, 1, 3]
[0, 1, 2]
[0, 1, 5]
[0, 1, 4, 6]
[0, 1, 4, 7]
[0, 1, 4, 3]
[0, 1, 4, 2]
0.4583333333333333 0.4782608695652174
itercount --------> 6
[1, 4, 7]
[1, 4, 3]
[1, 4, 0]
[1, 4, 6]
[1, 4, 5]
[1, 4, 2]
[1, 4, 7, 3]
0.4782608695652174 0.5
itercount --------> 7
[0, 1, 4]
[0, 1, 6]
[0, 1, 2]
[0, 1, 3]
[0, 1, 7]
[0, 1, 5]
0.5 0.55
itercount --------> 8
[4, 6, 0]
[4, 6, 1]
[4, 6, 2]
[4, 6, 5]
[4, 6, 3]
[4, 6, 7]
[4, 6, 0, 1]
[4, 6, 0, 2]
[4, 6, 0, 5]
[4, 6, 0, 3]
[4, 6, 0, 7]
[4, 6, 0, 1, 2]
[4, 6, 0, 1, 5]
0.55 0.5714285714285714
itercount --------> 9
[0, 1, 2]
[0, 1, 5]
[0, 1, 4]
[0, 1, 6]
[0, 1, 3]
[0, 1, 7]
[0, 1, 2, 5]
[0, 1, 2, 4]
[0, 1, 2, 6]
[0, 1, 2, 3]
[0, 1, 2, 7]
0.5714285714285714 0.6
itercount --------> 10
[0, 1, 2]
[0, 1, 6]
[0, 1, 4]
[0, 1, 5]
[0, 1, 3]
[0, 1, 7]
[0, 1, 2, 6]
[0, 1, 2, 4]
[0, 1, 2, 5]
0.6 0.631578947368421
itercount --------> 11
[0, 1, 2]
[0, 1, 4]
[0, 1, 5]
[0, 1, 6]
0.631578947368421 0.6666666666666666
itercount --------> 12
[0, 1, 2]
[0, 1, 4]
[0, 1, 6]
[0, 1, 5]
[0, 1, 7]
[0, 1, 3]
[0, 1, 2, 4]
[0, 1, 2, 6]
[0, 1, 2, 5]
[0, 1, 2, 7]
[0, 1, 2, 3]
[0, 1, 2, 4, 6]
0.6666666666666666 0.7894736842105263
itercount --------> 13
[0, 1, 2]
[0, 1, 5]
[0, 1, 7]
[0, 1, 3]
[0, 1, 4]
[0, 1, 6]
[0, 1, 2, 5]
[0, 1, 2, 7]
[0, 1, 2, 3]
[0, 1, 2, 4]
[0, 1, 2, 6]
[0, 1, 2, 5, 7]
[0, 1, 2, 5, 3]
[0, 1, 2, 5, 4]
[0, 1, 2, 5, 6]
[0, 1, 2, 5, 7, 3]
[0, 1, 2, 5, 7, 4]
[0, 1, 2, 5, 7, 6]
[0, 1, 2, 5, 7, 3, 4]
[0, 1, 2, 5, 7, 3, 6]
[0, 1, 2, 5, 7, 3, 4, 6]
failed -> 27 times
after fail n ======> 6
[0, 1, 2, 3, 4, 5]
0.06451612903225806 0.08695652173913043
itercount --------> 1
[2, 3, 4]
0.08695652173913043 0.13793103448275862
itercount --------> 2
[2, 6, 3]
0.13793103448275862 0.14814814814814814
itercount --------> 3
[2, 6, 0]
[2, 6, 1]
[2, 6, 7]
0.14814814814814814 0.16666666666666666
itercount --------> 4
[2, 7, 0]
0.16666666666666666 0.2857142857142857
itercount --------> 5
[2, 4, 0]
0.2857142857142857 0.3076923076923077
itercount --------> 6
[2, 4, 0]
[2, 4, 3]
[2, 4, 7]
[2, 4, 1]
0.3076923076923077 0.38461538461538464
itercount --------> 7
[2, 4, 6]
[2, 4, 3]
[2, 4, 7]
[2, 4, 0]
0.38461538461538464 0.4
itercount --------> 8
[2, 3, 0]
[2, 3, 6]
[2, 3, 7]
0.4 0.52
itercount --------> 9
[0, 1, 2]
[0, 1, 3]
[0, 1, 4]
[0, 1, 6]
[0, 1, 7]
[0, 1, 5]
[0, 1, 2, 3]
[0, 1, 2, 4]
[0, 1, 2, 6]
[0, 1, 2, 7]
[0, 1, 2, 5]
0.52 0.5789473684210527
itercount --------> 10
[3, 4, 5]
[3, 4, 7]
[3, 4, 0]
[3, 4, 1]
[3, 4, 2]
[3, 4, 6]
[3, 4, 5, 7]
0.5789473684210527 0.6
itercount --------> 11
[0, 1, 2]
[0, 1, 5]
[0, 1, 3]
[0, 1, 4]
[0, 1, 7]
[0, 1, 6]
[0, 1, 2, 5]
[0, 1, 2, 3]
[0, 1, 2, 4]
[0, 1, 2, 7]
[0, 1, 2, 6]
[0, 1, 2, 5, 3]
[0, 1, 2, 5, 4]
[0, 1, 2, 5, 7]
[0, 1, 2, 5, 6]
[0, 1, 2, 5, 3, 4]
0.6 0.6818181818181818
itercount --------> 12
[0, 1, 2]
[0, 1, 5]
[0, 1, 3]
[0, 1, 4]
[0, 1, 7]
[0, 1, 6]
[0, 1, 2, 5]
[0, 1, 2, 3]
[0, 1, 2, 4]
[0, 1, 2, 7]
[0, 1, 2, 6]
[0, 1, 2, 5, 3]
[0, 1, 2, 5, 4]
[0, 1, 2, 5, 7]
[0, 1, 2, 5, 6]
[0, 1, 2, 5, 3, 4]
[0, 1, 2, 5, 3, 7]
[0, 1, 2, 5, 3, 6]
[0, 1, 2, 5, 3, 4, 7]
[0, 1, 2, 5, 3, 4, 6]
[0, 1, 2, 5, 3, 4, 7, 6]
failed -> 28 times
after fail n ======> 7
[0, 1, 2, 3, 4, 5, 6]
0.06451612903225806 0.08695652173913043
itercount --------> 1
[0, 3, 4]
0.08695652173913043 0.13793103448275862
itercount --------> 2
[0, 6, 7]
0.13793103448275862 0.16666666666666666
itercount --------> 3
[0, 1, 2]
[0, 1, 3]
0.16666666666666666 0.2903225806451613
itercount --------> 4
[0, 3, 1]
[0, 3, 2]
0.2903225806451613 0.36
itercount --------> 5
[0, 1, 2]
[0, 1, 3]
[0, 1, 7]
0.36 0.38095238095238093
itercount --------> 6
[0, 1, 2]
[0, 1, 7]
[0, 1, 4]
[0, 1, 3]
[0, 1, 6]
[0, 1, 5]
[0, 1, 2, 7]
[0, 1, 2, 4]
0.38095238095238093 0.4
itercount --------> 7
[0, 1, 7]
[0, 1, 4]
[0, 1, 2]
[0, 1, 3]
[0, 1, 6]
[0, 1, 5]
[0, 1, 7, 4]
[0, 1, 7, 2]
[0, 1, 7, 3]
0.4 0.47368421052631576
itercount --------> 8
[3, 4, 6]
[3, 4, 7]
[3, 4, 0]
[3, 4, 1]
[3, 4, 2]
[3, 4, 5]
0.47368421052631576 0.47619047619047616
itercount --------> 9
[7, 5, 3]
[7, 5, 4]
[7, 5, 6]
[7, 5, 0]
0.47619047619047616 0.5
itercount --------> 10
[0, 1, 2]
[0, 1, 5]
[0, 1, 7]
[0, 1, 3]
[0, 1, 4]
[0, 1, 6]
[0, 1, 2, 5]
[0, 1, 2, 7]
[0, 1, 2, 3]
[0, 1, 2, 4]
[0, 1, 2, 6]
[0, 1, 2, 5, 7]
[0, 1, 2, 5, 3]
[0, 1, 2, 5, 4]
[0, 1, 2, 5, 6]
[0, 1, 2, 5, 7, 3]
[0, 1, 2, 5, 7, 4]
[0, 1, 2, 5, 7, 6]
[0, 1, 2, 5, 7, 3, 4]
0.5 0.5789473684210527
itercount --------> 11
[6, 7, 0]
[6, 7, 1]
[6, 7, 2]
[6, 7, 3]
[6, 7, 4]
[6, 7, 5]
[6, 7, 0, 1]
[6, 7, 0, 2]
[6, 7, 0, 3]
[6, 7, 0, 4]
[6, 7, 0, 5]
[6, 7, 0, 1, 2]
[6, 7, 0, 1, 3]
[6, 7, 0, 1, 4]
[6, 7, 0, 1, 5]
[6, 7, 0, 1, 2, 3]
[6, 7, 0, 1, 2, 4]
[6, 7, 0, 1, 2, 5]
[6, 7, 0, 1, 2, 3, 4]
[6, 7, 0, 1, 2, 3, 5]
[6, 7, 0, 1, 2, 3, 4, 5]
failed -> 29 times
after fail n ======> 8
[0, 1, 2, 3, 4, 5, 6, 7]
0.06451612903225806 0.06521739130434782
itercount --------> 1
[0, 1, 2]
0.06521739130434782 0.13636363636363635
itercount --------> 2
[3, 6, 7]
0.13636363636363635 0.2692307692307692
itercount --------> 3
[3, 0, 1]
[3, 0, 2]
0.2692307692307692 0.36
itercount --------> 4
[0, 1, 2]
[0, 1, 3]
[0, 1, 7]
[0, 1, 4]
[0, 1, 6]
[0, 1, 5]
0.36 0.375
itercount --------> 5
[0, 3, 7]
0.375 0.4
itercount --------> 6
[0, 7, 3]
0.4 0.47368421052631576
itercount --------> 7
[3, 4, 6]
[3, 4, 7]
[3, 4, 0]
[3, 4, 1]
[3, 4, 2]
[3, 4, 5]
[3, 4, 6, 7]
[3, 4, 6, 0]
[3, 4, 6, 1]
[3, 4, 6, 2]
[3, 4, 6, 5]
[3, 4, 6, 7, 0]
[3, 4, 6, 7, 1]
0.47368421052631576 0.5
itercount --------> 8
[7, 3, 4]
0.5 0.6111111111111112
itercount --------> 9
[7, 6, 0]
[7, 6, 1]
0.6111111111111112 0.7222222222222222
itercount --------> 10
[7, 0, 1]
[7, 0, 2]
[7, 0, 3]
[7, 0, 4]
[7, 0, 6]
[7, 0, 5]
[7, 0, 1, 2]
[7, 0, 1, 3]
[7, 0, 1, 4]
[7, 0, 1, 6]
[7, 0, 1, 5]
[7, 0, 1, 2, 3]
[7, 0, 1, 2, 4]
[7, 0, 1, 2, 6]
[7, 0, 1, 2, 5]
[7, 0, 1, 2, 3, 4]
[7, 0, 1, 2, 3, 6]
[7, 0, 1, 2, 3, 5]
[7, 0, 1, 2, 3, 4, 6]
[7, 0, 1, 2, 3, 4, 5]
[7, 0, 1, 2, 3, 4, 6, 5]
failed -> 30 times
after fail n ======> 5
[0, 1, 2, 3, 4]
0.06451612903225806 0.08823529411764706
itercount --------> 1
[0, 2, 1]
0.08823529411764706 0.2
itercount --------> 2
[1, 4, 6]
0.2 0.3333333333333333
itercount --------> 3
[1, 3, 7]
[1, 3, 4]
0.3333333333333333 0.375
itercount --------> 4
[1, 4, 3]
[1, 4, 7]
[1, 4, 6]
[1, 4, 0]
[1, 4, 2]
0.375 0.4090909090909091
itercount --------> 5
[0, 1, 2]
[0, 1, 4]
0.4090909090909091 0.45
itercount --------> 6
[0, 1, 2]
[0, 1, 3]
[0, 1, 4]
[0, 1, 7]
[0, 1, 6]
[0, 1, 5]
[0, 1, 2, 3]
[0, 1, 2, 4]
[0, 1, 2, 7]
[0, 1, 2, 6]
[0, 1, 2, 5]
[0, 1, 2, 3, 4]
0.45 0.4583333333333333
itercount --------> 7
[0, 4, 7]
[0, 4, 1]
[0, 4, 3]
[0, 4, 2]
[0, 4, 6]
[0, 4, 5]
[0, 4, 7, 1]
[0, 4, 7, 3]
0.4583333333333333 0.5
itercount --------> 8
[0, 1, 2]
[0, 1, 4]
[0, 1, 6]
[0, 1, 3]
[0, 1, 7]
0.5 0.52
itercount --------> 9
[1, 6, 0]
[1, 6, 2]
0.52 0.5217391304347826
itercount --------> 10
[1, 4, 6]
[1, 4, 0]
[1, 4, 3]
[1, 4, 2]
[1, 4, 7]
[1, 4, 5]
0.5217391304347826 0.5238095238095238
itercount --------> 11
[6, 4, 1]
[6, 4, 5]
[6, 4, 0]
[6, 4, 2]
[6, 4, 3]
[6, 4, 7]
[6, 4, 1, 5]
[6, 4, 1, 0]
[6, 4, 1, 2]
[6, 4, 1, 3]
[6, 4, 1, 7]
[6, 4, 1, 5, 0]
0.5238095238095238 0.55
itercount --------> 12
[6, 4, 1]
[6, 4, 5]
[6, 4, 3]
[6, 4, 0]
[6, 4, 2]
[6, 4, 7]
[6, 4, 1, 5]
0.55 0.6
itercount --------> 13
[1, 4, 0]
[1, 4, 2]
[1, 4, 5]
[1, 4, 6]
[1, 4, 3]
[1, 4, 7]
[1, 4, 0, 2]
[1, 4, 0, 5]
[1, 4, 0, 6]
0.6 0.7142857142857143
itercount --------> 14
[1, 0, 2]
[1, 0, 5]
[1, 0, 4]
[1, 0, 3]
0.7142857142857143 0.75
itercount --------> 15
[0, 1, 2]
[0, 1, 4]
[0, 1, 5]
[0, 1, 7]
[0, 1, 3]
[0, 1, 6]
[0, 1, 2, 4]
[0, 1, 2, 5]
[0, 1, 2, 7]
[0, 1, 2, 3]
[0, 1, 2, 6]
[0, 1, 2, 4, 5]
[0, 1, 2, 4, 7]
[0, 1, 2, 4, 3]
[0, 1, 2, 4, 6]
[0, 1, 2, 4, 5, 7]
[0, 1, 2, 4, 5, 3]
[0, 1, 2, 4, 5, 6]
[0, 1, 2, 4, 5, 7, 3]
[0, 1, 2, 4, 5, 7, 6]
[0, 1, 2, 4, 5, 7, 3, 6]
failed -> 31 times
after fail n ======> 6
[0, 1, 2, 3, 4, 5]
0.06451612903225806 0.08823529411764706
itercount --------> 1
[2, 0, 1]
0.08823529411764706 0.1935483870967742
itercount --------> 2
[1, 6, 3]
0.1935483870967742 0.23255813953488372
itercount --------> 3
[1, 0, 2]
0.23255813953488372 0.3448275862068966
itercount --------> 4
[2, 0, 1]
0.3448275862068966 0.43478260869565216
itercount --------> 5
[0, 2, 7]
[0, 2, 1]
[0, 2, 3]
[0, 2, 6]
[0, 2, 4]
[0, 2, 5]
[0, 2, 7, 1]
[0, 2, 7, 3]
0.43478260869565216 0.5
itercount --------> 6
[0, 1, 2]
[0, 1, 3]
[0, 1, 6]
[0, 1, 4]
[0, 1, 7]
[0, 1, 5]
0.5 0.55
itercount --------> 7
[3, 6, 0]
[3, 6, 1]
[3, 6, 2]
[3, 6, 5]
[3, 6, 4]
[3, 6, 7]
[3, 6, 0, 1]
[3, 6, 0, 2]
[3, 6, 0, 5]
[3, 6, 0, 4]
[3, 6, 0, 7]
[3, 6, 0, 1, 2]
[3, 6, 0, 1, 5]
[3, 6, 0, 1, 4]
[3, 6, 0, 1, 7]
[3, 6, 0, 1, 2, 5]
[3, 6, 0, 1, 2, 4]
[3, 6, 0, 1, 2, 7]
0.55 0.5789473684210527
itercount --------> 8
[3, 6, 5]
[3, 6, 7]
[3, 6, 0]
[3, 6, 1]
[3, 6, 2]
[3, 6, 4]
[3, 6, 5, 7]
0.5789473684210527 0.6
itercount --------> 9
[0, 1, 2]
[0, 1, 5]
[0, 1, 3]
[0, 1, 6]
[0, 1, 7]
[0, 1, 4]
[0, 1, 2, 5]
[0, 1, 2, 3]
[0, 1, 2, 6]
[0, 1, 2, 7]
[0, 1, 2, 4]
[0, 1, 2, 5, 3]
[0, 1, 2, 5, 6]
[0, 1, 2, 5, 7]
[0, 1, 2, 5, 4]
[0, 1, 2, 5, 3, 6]
0.6 0.6818181818181818
itercount --------> 10
[0, 1, 2]
[0, 1, 5]
[0, 1, 3]
[0, 1, 6]
[0, 1, 7]
[0, 1, 4]
[0, 1, 2, 5]
[0, 1, 2, 3]
[0, 1, 2, 6]
[0, 1, 2, 7]
[0, 1, 2, 4]
[0, 1, 2, 5, 3]
[0, 1, 2, 5, 6]
[0, 1, 2, 5, 7]
[0, 1, 2, 5, 4]
[0, 1, 2, 5, 3, 6]
[0, 1, 2, 5, 3, 7]
[0, 1, 2, 5, 3, 4]
[0, 1, 2, 5, 3, 6, 7]
[0, 1, 2, 5, 3, 6, 4]
[0, 1, 2, 5, 3, 6, 7, 4]
failed -> 32 times
after fail n ======> 7
[0, 1, 2, 3, 4, 5, 6]
0.06451612903225806 0.06521739130434782
itercount --------> 1
[0, 1, 2]
0.06521739130434782 0.13636363636363635
itercount --------> 2
[5, 6, 4]
[5, 6, 7]
0.13636363636363635 0.19047619047619047
itercount --------> 3
[0, 1, 2]
[0, 1, 3]
[0, 1, 7]
0.19047619047619047 0.2
itercount --------> 4
[0, 3, 5]
0.2 0.23333333333333334
itercount --------> 5
[5, 3, 0]
0.23333333333333334 0.2413793103448276
itercount --------> 6
[5, 3, 0]
0.2413793103448276 0.2608695652173913
itercount --------> 7
[0, 3, 5]
0.2608695652173913 0.2692307692307692
itercount --------> 8
[0, 6, 7]
0.2692307692307692 0.3157894736842105
itercount --------> 9
[0, 1, 2]
[0, 1, 5]
[0, 1, 7]
0.3157894736842105 0.3333333333333333
itercount --------> 10
[7, 0, 1]
[7, 0, 2]
[7, 0, 5]
[7, 0, 4]
[7, 0, 6]
[7, 0, 3]
[7, 0, 1, 2]
[7, 0, 1, 5]
[7, 0, 1, 4]
[7, 0, 1, 6]
[7, 0, 1, 3]
[7, 0, 1, 2, 5]
0.3333333333333333 0.3684210526315789
itercount --------> 11
[0, 1, 2]
[0, 1, 5]
[0, 1, 4]
[0, 1, 7]
[0, 1, 6]
[0, 1, 3]
[0, 1, 2, 5]
[0, 1, 2, 4]
[0, 1, 2, 7]
[0, 1, 2, 6]
[0, 1, 2, 3]
[0, 1, 2, 5, 4]
[0, 1, 2, 5, 7]
[0, 1, 2, 5, 6]
[0, 1, 2, 5, 3]
[0, 1, 2, 5, 4, 7]
[0, 1, 2, 5, 4, 6]
[0, 1, 2, 5, 4, 3]
[0, 1, 2, 5, 4, 7, 6]
0.3684210526315789 0.37037037037037035
itercount --------> 12
[1, 7, 5]
0.37037037037037035 0.38095238095238093
itercount --------> 13
[1, 7, 6]
[1, 7, 4]
[1, 7, 0]
[1, 7, 2]
[1, 7, 5]
[1, 7, 3]
[1, 7, 6, 4]
0.38095238095238093 0.42857142857142855
itercount --------> 14
[0, 1, 2]
[0, 1, 5]
[0, 1, 3]
[0, 1, 4]
[0, 1, 7]
[0, 1, 6]
[0, 1, 2, 5]
[0, 1, 2, 3]
0.42857142857142855 0.45
itercount --------> 15
[1, 6, 7]
[1, 6, 3]
[1, 6, 4]
0.45 0.5
itercount --------> 16
[5, 0, 1]
[5, 0, 2]
[5, 0, 3]
[5, 0, 4]
[5, 0, 6]
[5, 0, 7]
[5, 0, 1, 2]
[5, 0, 1, 3]
[5, 0, 1, 4]
[5, 0, 1, 6]
[5, 0, 1, 7]
[5, 0, 1, 2, 3]
[5, 0, 1, 2, 4]
[5, 0, 1, 2, 6]
[5, 0, 1, 2, 7]
[5, 0, 1, 2, 3, 4]
[5, 0, 1, 2, 3, 6]
[5, 0, 1, 2, 3, 7]
0.5 0.5789473684210527
itercount --------> 17
[4, 6, 5]
[4, 6, 7]
[4, 6, 0]
[4, 6, 1]
0.5789473684210527 0.6
itercount --------> 18
[1, 6, 0]
[1, 6, 2]
[1, 6, 4]
0.6 0.6818181818181818
itercount --------> 19
[1, 0, 2]
[1, 0, 5]
[1, 0, 3]
[1, 0, 4]
[1, 0, 6]
[1, 0, 7]
[1, 0, 2, 5]
[1, 0, 2, 3]
[1, 0, 2, 4]
[1, 0, 2, 6]
0.6818181818181818 0.7
itercount --------> 20
[1, 7, 0]
[1, 7, 2]
[1, 7, 3]
[1, 7, 4]
[1, 7, 5]
[1, 7, 6]
[1, 7, 0, 2]
[1, 7, 0, 3]
[1, 7, 0, 4]
[1, 7, 0, 5]
0.7 0.7142857142857143
itercount --------> 21
[1, 0, 2]
[1, 0, 7]
[1, 0, 3]
[1, 0, 4]
[1, 0, 5]
[1, 0, 6]
[1, 0, 2, 7]
[1, 0, 2, 3]
[1, 0, 2, 4]
[1, 0, 2, 5]
[1, 0, 2, 6]
0.7142857142857143 0.75
itercount --------> 22
[0, 1, 2]
[0, 1, 5]
[0, 1, 6]
[0, 1, 7]
[0, 1, 3]
[0, 1, 4]
[0, 1, 2, 5]
[0, 1, 2, 6]
0.75 0.7894736842105263
itercount --------> 23
[0, 1, 2]
[0, 1, 5]
[0, 1, 7]
[0, 1, 3]
[0, 1, 4]
[0, 1, 6]
[0, 1, 2, 5]
[0, 1, 2, 7]
[0, 1, 2, 3]
[0, 1, 2, 4]
[0, 1, 2, 6]
[0, 1, 2, 5, 7]
[0, 1, 2, 5, 3]
[0, 1, 2, 5, 4]
[0, 1, 2, 5, 6]
[0, 1, 2, 5, 7, 3]
[0, 1, 2, 5, 7, 4]
[0, 1, 2, 5, 7, 6]
[0, 1, 2, 5, 7, 3, 4]
[0, 1, 2, 5, 7, 3, 6]
[0, 1, 2, 5, 7, 3, 4, 6]
failed -> 33 times
after fail n ======> 8
[0, 1, 2, 3, 4, 5, 6, 7]
0.06451612903225806 0.08823529411764706
itercount --------> 1
[0, 1, 2]
0.08823529411764706 0.2
itercount --------> 2
[2, 4, 6]
0.2 0.3
itercount --------> 3
[2, 3, 7]
0.3 0.43478260869565216
itercount --------> 4
[2, 3, 4]
[2, 3, 6]
[2, 3, 0]
0.43478260869565216 0.4827586206896552
itercount --------> 5
[2, 0, 1]
0.4827586206896552 0.5
itercount --------> 6
[0, 2, 1]
0.5 0.6071428571428571
itercount --------> 7
[2, 0, 1]
[2, 0, 3]
[2, 0, 4]
[2, 0, 6]
[2, 0, 7]
[2, 0, 5]
0.6071428571428571 0.625
itercount --------> 8
[0, 2, 1]
[0, 2, 3]
[0, 2, 4]
[0, 2, 6]
[0, 2, 7]
[0, 2, 5]
0.625 0.6818181818181818
itercount --------> 9
[0, 1, 2]
[0, 1, 3]
[0, 1, 4]
[0, 1, 5]
[0, 1, 6]
[0, 1, 7]
0.6818181818181818 0.7142857142857143
itercount --------> 10
[0, 2, 1]
[0, 2, 7]
[0, 2, 3]
[0, 2, 4]
[0, 2, 5]
[0, 2, 6]
[0, 2, 1, 7]
[0, 2, 1, 3]
[0, 2, 1, 4]
[0, 2, 1, 5]
0.7142857142857143 0.75
itercount --------> 11
[0, 2, 1]
[0, 2, 5]
[0, 2, 7]
[0, 2, 3]
[0, 2, 4]
[0, 2, 6]
[0, 2, 1, 5]
[0, 2, 1, 7]
0.75 0.7894736842105263
itercount --------> 12
[0, 1, 2]
[0, 1, 5]
[0, 1, 7]
[0, 1, 3]
[0, 1, 4]
[0, 1, 6]
[0, 1, 2, 5]
[0, 1, 2, 7]
[0, 1, 2, 3]
[0, 1, 2, 4]
[0, 1, 2, 6]
[0, 1, 2, 5, 7]
[0, 1, 2, 5, 3]
[0, 1, 2, 5, 4]
[0, 1, 2, 5, 6]
[0, 1, 2, 5, 7, 3]
[0, 1, 2, 5, 7, 4]
[0, 1, 2, 5, 7, 6]
[0, 1, 2, 5, 7, 3, 4]
[0, 1, 2, 5, 7, 3, 6]
[0, 1, 2, 5, 7, 3, 4, 6]
failed -> 34 times
after fail n ======> 5
[0, 1, 2, 3, 4]
0.06451612903225806 0.08888888888888889
itercount --------> 1
[6, 0, 1]
0.08888888888888889 0.1
itercount --------> 2
[6, 0, 2]
0.1 0.13636363636363635
itercount --------> 3
[6, 2, 7]
0.13636363636363635 0.16666666666666666
itercount --------> 4
[0, 1, 2]
[0, 1, 6]
[0, 1, 5]
[0, 1, 7]
0.16666666666666666 0.19047619047619047
itercount --------> 5
[6, 3, 1]
[6, 3, 4]
[6, 3, 7]
[6, 3, 0]
[6, 3, 2]
[6, 3, 5]
[6, 3, 1, 4]
[6, 3, 1, 7]
0.19047619047619047 0.25
itercount --------> 6
[6, 3, 4]
[6, 3, 0]
[6, 3, 1]
[6, 3, 2]
[6, 3, 7]
[6, 3, 5]
[6, 3, 4, 0]
[6, 3, 4, 1]
[6, 3, 4, 2]
[6, 3, 4, 7]
[6, 3, 4, 5]
0.25 0.2608695652173913
itercount --------> 7
[0, 1, 2]
[0, 1, 5]
[0, 1, 6]
[0, 1, 3]
[0, 1, 4]
[0, 1, 7]
[0, 1, 2, 5]
[0, 1, 2, 6]
[0, 1, 2, 3]
[0, 1, 2, 4]
[0, 1, 2, 7]
[0, 1, 2, 5, 6]
[0, 1, 2, 5, 3]
[0, 1, 2, 5, 4]
[0, 1, 2, 5, 7]
[0, 1, 2, 5, 6, 3]
[0, 1, 2, 5, 6, 4]
[0, 1, 2, 5, 6, 7]
[0, 1, 2, 5, 6, 3, 4]
0.2608695652173913 0.2692307692307692
itercount --------> 8
[6, 0, 1]
[6, 0, 2]
[6, 0, 5]
[6, 0, 3]
[6, 0, 4]
[6, 0, 7]
[6, 0, 1, 2]
[6, 0, 1, 5]
[6, 0, 1, 3]
[6, 0, 1, 4]
[6, 0, 1, 7]
[6, 0, 1, 2, 5]
[6, 0, 1, 2, 3]
[6, 0, 1, 2, 4]
[6, 0, 1, 2, 7]
[6, 0, 1, 2, 5, 3]
[6, 0, 1, 2, 5, 4]
[6, 0, 1, 2, 5, 7]
[6, 0, 1, 2, 5, 3, 4]
[6, 0, 1, 2, 5, 3, 7]
[6, 0, 1, 2, 5, 3, 4, 7]
failed -> 35 times
after fail n ======> 6
[0, 1, 2, 3, 4, 5]
0.06451612903225806 0.07547169811320754
itercount --------> 1
[5, 0, 1]
0.07547169811320754 0.08
itercount --------> 2
[2, 0, 1]
[2, 0, 6]
0.08 0.19047619047619047
itercount --------> 3
[6, 2, 3]
0.19047619047619047 0.21052631578947367
itercount --------> 4
[6, 0, 1]
[6, 0, 2]
0.21052631578947367 0.2857142857142857
itercount --------> 5
[2, 3, 7]
0.2857142857142857 0.34782608695652173
itercount --------> 6
[2, 7, 3]
0.34782608695652173 0.5
itercount --------> 7
[3, 2, 7]
[3, 2, 0]
[3, 2, 1]
0.5 0.55
itercount --------> 8
[3, 7, 0]
[3, 7, 1]
[3, 7, 2]
[3, 7, 4]
[3, 7, 5]
[3, 7, 6]
[3, 7, 0, 1]
[3, 7, 0, 2]
[3, 7, 0, 4]
[3, 7, 0, 5]
[3, 7, 0, 6]
[3, 7, 0, 1, 2]
[3, 7, 0, 1, 4]
[3, 7, 0, 1, 5]
[3, 7, 0, 1, 6]
[3, 7, 0, 1, 2, 4]
0.55 0.5789473684210527
itercount --------> 9
[3, 7, 0]
[3, 7, 1]
[3, 7, 2]
[3, 7, 4]
[3, 7, 5]
[3, 7, 6]
[3, 7, 0, 1]
[3, 7, 0, 2]
[3, 7, 0, 4]
[3, 7, 0, 5]
[3, 7, 0, 6]
[3, 7, 0, 1, 2]
[3, 7, 0, 1, 4]
[3, 7, 0, 1, 5]
[3, 7, 0, 1, 6]
[3, 7, 0, 1, 2, 4]
[3, 7, 0, 1, 2, 5]
[3, 7, 0, 1, 2, 6]
[3, 7, 0, 1, 2, 4, 5]
[3, 7, 0, 1, 2, 4, 6]
[3, 7, 0, 1, 2, 4, 5, 6]
failed -> 36 times
after fail n ======> 7
[0, 1, 2, 3, 4, 5, 6]
0.06451612903225806 0.06521739130434782
itercount --------> 1
[5, 0, 1]
0.06521739130434782 0.08695652173913043
itercount --------> 2
[2, 3, 4]
0.08695652173913043 0.13793103448275862
itercount --------> 3
[2, 0, 1]
0.13793103448275862 0.17777777777777778
itercount --------> 4
[0, 1, 2]
0.17777777777777778 0.24242424242424243
itercount --------> 5
[2, 0, 1]
0.24242424242424243 0.34782608695652173
itercount --------> 6
[1, 2, 3]
[1, 2, 7]
[1, 2, 0]
0.34782608695652173 0.42105263157894735
itercount --------> 7
[0, 1, 2]
[0, 1, 5]
[0, 1, 3]
[0, 1, 4]
[0, 1, 7]
[0, 1, 6]
0.42105263157894735 0.4444444444444444
itercount --------> 8
[0, 1, 2]
[0, 1, 5]
[0, 1, 3]
[0, 1, 4]
[0, 1, 7]
[0, 1, 6]
[0, 1, 2, 5]
[0, 1, 2, 3]
[0, 1, 2, 4]
[0, 1, 2, 7]
[0, 1, 2, 6]
[0, 1, 2, 5, 3]
[0, 1, 2, 5, 4]
[0, 1, 2, 5, 7]
0.4444444444444444 0.45
itercount --------> 9
[5, 7, 3]
[5, 7, 6]
[5, 7, 4]
[5, 7, 0]
[5, 7, 1]
[5, 7, 2]
[5, 7, 3, 6]
0.45 0.55
itercount --------> 10
[4, 3, 6]
[4, 3, 7]
[4, 3, 0]
[4, 3, 1]
[4, 3, 2]
[4, 3, 5]
[4, 3, 6, 7]
[4, 3, 6, 0]
[4, 3, 6, 1]
[4, 3, 6, 2]
[4, 3, 6, 5]
[4, 3, 6, 7, 0]
[4, 3, 6, 7, 1]
[4, 3, 6, 7, 2]
[4, 3, 6, 7, 5]
[4, 3, 6, 7, 0, 1]
[4, 3, 6, 7, 0, 2]
[4, 3, 6, 7, 0, 5]
[4, 3, 6, 7, 0, 1, 2]
0.55 0.5789473684210527
itercount --------> 11
[4, 3, 6]
[4, 3, 7]
[4, 3, 0]
[4, 3, 1]
[4, 3, 2]
[4, 3, 5]
[4, 3, 6, 7]
[4, 3, 6, 0]
[4, 3, 6, 1]
[4, 3, 6, 2]
[4, 3, 6, 5]
[4, 3, 6, 7, 0]
[4, 3, 6, 7, 1]
[4, 3, 6, 7, 2]
[4, 3, 6, 7, 5]
[4, 3, 6, 7, 0, 1]
[4, 3, 6, 7, 0, 2]
[4, 3, 6, 7, 0, 5]
[4, 3, 6, 7, 0, 1, 2]
[4, 3, 6, 7, 0, 1, 5]
[4, 3, 6, 7, 0, 1, 2, 5]
failed -> 37 times
after fail n ======> 8
[0, 1, 2, 3, 4, 5, 6, 7]
0.06451612903225806 0.06521739130434782
itercount --------> 1
[5, 0, 1]
0.06521739130434782 0.07142857142857142
itercount --------> 2
[5, 2, 3]
0.07142857142857142 0.07407407407407407
itercount --------> 3
[2, 0, 5]
0.07407407407407407 0.08695652173913043
itercount --------> 4
[3, 5, 7]
0.08695652173913043 0.09523809523809523
itercount --------> 5
[0, 1, 3]
0.09523809523809523 0.10526315789473684
itercount --------> 6
[0, 1, 2]
[0, 1, 5]
[0, 1, 3]
[0, 1, 4]
0.10526315789473684 0.19047619047619047
itercount --------> 7
[1, 3, 7]
0.19047619047619047 0.21052631578947367
itercount --------> 8
[0, 1, 2]
[0, 1, 5]
[0, 1, 3]
[0, 1, 7]
0.21052631578947367 0.2692307692307692
itercount --------> 9
[3, 1, 5]
[3, 1, 7]
[3, 1, 0]
[3, 1, 4]
[3, 1, 2]
[3, 1, 6]
0.2692307692307692 0.30434782608695654
itercount --------> 10
[3, 5, 7]
[3, 5, 1]
[3, 5, 4]
[3, 5, 0]
0.30434782608695654 0.3333333333333333
itercount --------> 11
[3, 1, 4]
[3, 1, 0]
0.3333333333333333 0.4
itercount --------> 12
[1, 4, 3]
[1, 4, 5]
0.4 0.42857142857142855
itercount --------> 13
[3, 6, 7]
[3, 6, 0]
[3, 6, 1]
[3, 6, 4]
[3, 6, 2]
[3, 6, 5]
[3, 6, 7, 0]
[3, 6, 7, 1]
[3, 6, 7, 4]
0.42857142857142855 0.43478260869565216
itercount --------> 14
[1, 6, 3]
[1, 6, 4]
[1, 6, 0]
[1, 6, 5]
[1, 6, 2]
0.43478260869565216 0.47619047619047616
itercount --------> 15
[6, 3, 0]
[6, 3, 1]
0.47619047619047616 0.5
itercount --------> 16
[0, 1, 2]
[0, 1, 6]
0.5 0.5238095238095238
itercount --------> 17
[1, 0, 3]
[1, 0, 4]
[1, 0, 6]
[1, 0, 2]
[1, 0, 5]
[1, 0, 7]
[1, 0, 3, 4]
[1, 0, 3, 6]
0.5238095238095238 0.6521739130434783
itercount --------> 18
[1, 0, 2]
[1, 0, 5]
[1, 0, 4]
[1, 0, 6]
[1, 0, 7]
[1, 0, 3]
[1, 0, 2, 5]
0.6521739130434783 0.6818181818181818
itercount --------> 19
[1, 0, 2]
[1, 0, 5]
[1, 0, 4]
[1, 0, 6]
[1, 0, 7]
[1, 0, 3]
[1, 0, 2, 5]
[1, 0, 2, 4]
0.6818181818181818 0.7142857142857143
itercount --------> 20
[1, 0, 2]
[1, 0, 5]
[1, 0, 4]
[1, 0, 6]
0.7142857142857143 0.75
itercount --------> 21
[0, 1, 2]
[0, 1, 5]
[0, 1, 6]
[0, 1, 7]
[0, 1, 3]
[0, 1, 4]
[0, 1, 2, 5]
[0, 1, 2, 6]
[0, 1, 2, 7]
[0, 1, 2, 3]
[0, 1, 2, 4]
[0, 1, 2, 5, 6]
[0, 1, 2, 5, 7]
[0, 1, 2, 5, 3]
[0, 1, 2, 5, 4]
[0, 1, 2, 5, 6, 7]
[0, 1, 2, 5, 6, 3]
[0, 1, 2, 5, 6, 4]
[0, 1, 2, 5, 6, 7, 3]
0.75 0.7894736842105263
itercount --------> 22
[0, 1, 2]
[0, 1, 5]
[0, 1, 7]
[0, 1, 3]
[0, 1, 4]
[0, 1, 6]
[0, 1, 2, 5]
[0, 1, 2, 7]
[0, 1, 2, 3]
[0, 1, 2, 4]
[0, 1, 2, 6]
[0, 1, 2, 5, 7]
[0, 1, 2, 5, 3]
[0, 1, 2, 5, 4]
[0, 1, 2, 5, 6]
[0, 1, 2, 5, 7, 3]
[0, 1, 2, 5, 7, 4]
[0, 1, 2, 5, 7, 6]
[0, 1, 2, 5, 7, 3, 4]
[0, 1, 2, 5, 7, 3, 6]
[0, 1, 2, 5, 7, 3, 4, 6]
failed -> 38 times
after fail n ======> 5
[0, 1, 2, 3, 4]
0.06451612903225806 0.08888888888888889
itercount --------> 1
[6, 0, 1]
0.08888888888888889 0.1
itercount --------> 2
[6, 0, 2]
[6, 0, 7]
0.1 0.13636363636363635
itercount --------> 3
[6, 2, 7]
0.13636363636363635 0.16666666666666666
itercount --------> 4
[0, 1, 2]
[0, 1, 6]
[0, 1, 5]
[0, 1, 7]
0.16666666666666666 0.19047619047619047
itercount --------> 5
[6, 3, 1]
[6, 3, 4]
[6, 3, 7]
[6, 3, 0]
[6, 3, 2]
[6, 3, 5]
[6, 3, 1, 4]
[6, 3, 1, 7]
[6, 3, 1, 0]
[6, 3, 1, 2]
0.19047619047619047 0.21052631578947367
itercount --------> 6
[6, 3, 4]
[6, 3, 7]
0.21052631578947367 0.2631578947368421
itercount --------> 7
[6, 3, 4]
[6, 3, 7]
[6, 3, 0]
[6, 3, 1]
[6, 3, 2]
[6, 3, 5]
[6, 3, 4, 7]
[6, 3, 4, 0]
[6, 3, 4, 1]
0.2631578947368421 0.3181818181818182
itercount --------> 8
[6, 1, 7]
[6, 1, 5]
[6, 1, 0]
[6, 1, 2]
[6, 1, 3]
[6, 1, 4]
[6, 1, 7, 5]
[6, 1, 7, 0]
[6, 1, 7, 2]
[6, 1, 7, 3]
[6, 1, 7, 4]
[6, 1, 7, 5, 0]
0.3181818181818182 0.3333333333333333
itercount --------> 9
[6, 0, 1]
[6, 0, 2]
[6, 0, 5]
[6, 0, 3]
[6, 0, 4]
[6, 0, 7]
[6, 0, 1, 2]
[6, 0, 1, 5]
[6, 0, 1, 3]
[6, 0, 1, 4]
[6, 0, 1, 7]
[6, 0, 1, 2, 5]
[6, 0, 1, 2, 3]
[6, 0, 1, 2, 4]
[6, 0, 1, 2, 7]
[6, 0, 1, 2, 5, 3]
[6, 0, 1, 2, 5, 4]
[6, 0, 1, 2, 5, 7]
[6, 0, 1, 2, 5, 3, 4]
0.3333333333333333 0.35
itercount --------> 10
[6, 1, 3]
[6, 1, 4]
[6, 1, 7]
[6, 1, 0]
[6, 1, 2]
[6, 1, 5]
0.35 0.3684210526315789
itercount --------> 11
[6, 7, 3]
[6, 7, 4]
[6, 7, 0]
[6, 7, 1]
[6, 7, 2]
[6, 7, 5]
[6, 7, 3, 4]
[6, 7, 3, 0]
[6, 7, 3, 1]
[6, 7, 3, 2]
[6, 7, 3, 5]
[6, 7, 3, 4, 0]
[6, 7, 3, 4, 1]
[6, 7, 3, 4, 2]
[6, 7, 3, 4, 5]
[6, 7, 3, 4, 0, 1]
0.3684210526315789 0.38461538461538464
itercount --------> 12
[6, 7, 0]
0.38461538461538464 0.42857142857142855
itercount --------> 13
[1, 0, 7]
[1, 0, 2]
[1, 0, 6]
[1, 0, 3]
[1, 0, 4]
[1, 0, 5]
0.42857142857142855 0.5
itercount --------> 14
[1, 0, 7]
[1, 0, 6]
[1, 0, 2]
0.5 0.5454545454545454
itercount --------> 15
[1, 7, 0]
0.5454545454545454 0.5652173913043478
itercount --------> 16
[1, 6, 7]
0.5652173913043478 0.6956521739130435
itercount --------> 17
[1, 0, 3]
[1, 0, 4]
[1, 0, 6]
[1, 0, 2]
[1, 0, 7]
0.6956521739130435 0.7083333333333334
itercount --------> 18
[1, 0, 3]
[1, 0, 4]
[1, 0, 6]
[1, 0, 7]
[1, 0, 2]
[1, 0, 5]
0.7083333333333334 0.7142857142857143
itercount --------> 19
[1, 0, 2]
0.7142857142857143 0.75
itercount --------> 20
[1, 0, 2]
[1, 0, 5]
[1, 0, 7]
[1, 0, 3]
[1, 0, 4]
[1, 0, 6]
[1, 0, 2, 5]
[1, 0, 2, 7]
[1, 0, 2, 3]
[1, 0, 2, 4]
[1, 0, 2, 6]
[1, 0, 2, 5, 7]
[1, 0, 2, 5, 3]
[1, 0, 2, 5, 4]
[1, 0, 2, 5, 6]
[1, 0, 2, 5, 7, 3]
[1, 0, 2, 5, 7, 4]
[1, 0, 2, 5, 7, 6]
[1, 0, 2, 5, 7, 3, 4]
[1, 0, 2, 5, 7, 3, 6]
[1, 0, 2, 5, 7, 3, 4, 6]
failed -> 39 times
after fail n ======> 6
[0, 1, 2, 3, 4, 5]
0.06451612903225806 0.08823529411764706
itercount --------> 1
[1, 2, 0]
0.08823529411764706 0.19047619047619047
itercount --------> 2
[0, 4, 6]
0.19047619047619047 0.4090909090909091
itercount --------> 3
[0, 3, 7]
0.4090909090909091 0.5925925925925926
itercount --------> 4
[0, 1, 2]
0.5925925925925926 0.6956521739130435
itercount --------> 5
[0, 1, 2]
[0, 1, 3]
[0, 1, 4]
[0, 1, 6]
[0, 1, 7]
0.6956521739130435 0.7727272727272727
itercount --------> 6
[0, 1, 2]
[0, 1, 3]
[0, 1, 4]
[0, 1, 6]
[0, 1, 7]
[0, 1, 5]
[0, 1, 2, 3]
[0, 1, 2, 4]
[0, 1, 2, 6]
[0, 1, 2, 7]
[0, 1, 2, 5]
[0, 1, 2, 3, 4]
[0, 1, 2, 3, 6]
[0, 1, 2, 3, 7]
[0, 1, 2, 3, 5]
0.7727272727272727 0.7894736842105263
itercount --------> 7
[0, 1, 2]
[0, 1, 5]
[0, 1, 7]
[0, 1, 3]
[0, 1, 4]
[0, 1, 6]
[0, 1, 2, 5]
0.7894736842105263 0.8095238095238095
itercount --------> 8
[0, 2, 1]
[0, 2, 3]
[0, 2, 4]
[0, 2, 6]
[0, 2, 7]
[0, 2, 5]
[0, 2, 1, 3]
[0, 2, 1, 4]
[0, 2, 1, 6]
[0, 2, 1, 7]
[0, 2, 1, 5]
[0, 2, 1, 3, 4]
[0, 2, 1, 3, 6]
[0, 2, 1, 3, 7]
[0, 2, 1, 3, 5]
[0, 2, 1, 3, 4, 6]
[0, 2, 1, 3, 4, 7]
[0, 2, 1, 3, 4, 5]
[0, 2, 1, 3, 4, 6, 7]
[0, 2, 1, 3, 4, 6, 5]
[0, 2, 1, 3, 4, 6, 7, 5]
failed -> 40 times
after fail n ======> 7
[0, 1, 2, 3, 4, 5, 6]
0.06451612903225806 0.11538461538461539
itercount --------> 1
[2, 3, 6]
[2, 3, 7]
0.11538461538461539 0.14814814814814814
itercount --------> 2
[2, 6, 1]
0.14814814814814814 0.17857142857142858
itercount --------> 3
[2, 1, 7]
0.17857142857142858 0.19230769230769232
itercount --------> 4
[2, 1, 7]
0.19230769230769232 0.23809523809523808
itercount --------> 5
[1, 3, 7]
0.23809523809523808 0.34615384615384615
itercount --------> 6
[2, 1, 3]
0.34615384615384615 0.35
itercount --------> 7
[1, 3, 7]
[1, 3, 4]
[1, 3, 6]
[1, 3, 0]
0.35 0.42857142857142855
itercount --------> 8
[0, 7, 3]
[0, 7, 1]
[0, 7, 2]
0.42857142857142855 0.4782608695652174
itercount --------> 9
[7, 1, 3]
0.4782608695652174 0.5909090909090909
itercount --------> 10
[1, 3, 7]
[1, 3, 4]
[1, 3, 6]
[1, 3, 0]
[1, 3, 2]
0.5909090909090909 0.6086956521739131
itercount --------> 11
[1, 7, 3]
[1, 7, 0]
[1, 7, 2]
[1, 7, 4]
[1, 7, 6]
[1, 7, 5]
[1, 7, 3, 0]
[1, 7, 3, 2]
[1, 7, 3, 4]
0.6086956521739131 0.68
itercount --------> 12
[1, 0, 2]
[1, 0, 3]
[1, 0, 4]
[1, 0, 6]
[1, 0, 7]
[1, 0, 5]
[1, 0, 2, 3]
[1, 0, 2, 4]
[1, 0, 2, 6]
[1, 0, 2, 7]
[1, 0, 2, 5]
[1, 0, 2, 3, 4]
[1, 0, 2, 3, 6]
[1, 0, 2, 3, 7]
[1, 0, 2, 3, 5]
[1, 0, 2, 3, 4, 6]
[1, 0, 2, 3, 4, 7]
[1, 0, 2, 3, 4, 5]
[1, 0, 2, 3, 4, 6, 7]
[1, 0, 2, 3, 4, 6, 5]
[1, 0, 2, 3, 4, 6, 7, 5]
failed -> 41 times
after fail n ======> 8
[0, 1, 2, 3, 4, 5, 6, 7]
0.06451612903225806 0.08888888888888889
itercount --------> 1
[6, 0, 1]
0.08888888888888889 0.13636363636363635
itercount --------> 2
[6, 2, 7]
0.13636363636363635 0.19047619047619047
itercount --------> 3
[6, 3, 2]
[6, 3, 4]
[6, 3, 7]
[6, 3, 0]
0.19047619047619047 0.2
itercount --------> 4
[2, 0, 1]
0.2 0.28125
itercount --------> 5
[0, 2, 3]
0.28125 0.2857142857142857
itercount --------> 6
[0, 3, 1]
0.2857142857142857 0.3333333333333333
itercount --------> 7
[3, 7, 0]
[3, 7, 1]
[3, 7, 4]
[3, 7, 6]
[3, 7, 2]
[3, 7, 5]
[3, 7, 0, 1]
0.3333333333333333 0.35
itercount --------> 8
[3, 7, 4]
[3, 7, 6]
[3, 7, 0]
[3, 7, 1]
[3, 7, 2]
[3, 7, 5]
[3, 7, 4, 6]
[3, 7, 4, 0]
[3, 7, 4, 1]
[3, 7, 4, 2]
[3, 7, 4, 5]
[3, 7, 4, 6, 0]
[3, 7, 4, 6, 1]
0.35 0.3684210526315789
itercount --------> 9
[3, 7, 4]
[3, 7, 6]
[3, 7, 0]
[3, 7, 1]
[3, 7, 2]
[3, 7, 5]
[3, 7, 4, 6]
[3, 7, 4, 0]
[3, 7, 4, 1]
[3, 7, 4, 2]
[3, 7, 4, 5]
[3, 7, 4, 6, 0]
[3, 7, 4, 6, 1]
[3, 7, 4, 6, 2]
[3, 7, 4, 6, 5]
[3, 7, 4, 6, 0, 1]
[3, 7, 4, 6, 0, 2]
[3, 7, 4, 6, 0, 5]
[3, 7, 4, 6, 0, 1, 2]
[3, 7, 4, 6, 0, 1, 5]
[3, 7, 4, 6, 0, 1, 2, 5]
failed -> 42 times
after fail n ======> 5
[0, 1, 2, 3, 4]
0.06451612903225806 0.08823529411764706
itercount --------> 1
[1, 2, 0]
0.08823529411764706 0.14814814814814814
itercount --------> 2
[1, 4, 6]
0.14814814814814814 0.20512820512820512
itercount --------> 3
[1, 0, 3]
0.20512820512820512 0.2962962962962963
itercount --------> 4
[0, 1, 2]
[0, 1, 3]
0.2962962962962963 0.4074074074074074
itercount --------> 5
[1, 7, 3]
[1, 7, 4]
[1, 7, 6]
[1, 7, 0]
[1, 7, 2]
0.4074074074074074 0.4583333333333333
itercount --------> 6
[0, 1, 4]
[0, 1, 6]
[0, 1, 7]
[0, 1, 3]
[0, 1, 2]
[0, 1, 5]
[0, 1, 4, 6]
[0, 1, 4, 7]
[0, 1, 4, 3]
[0, 1, 4, 2]
0.4583333333333333 0.4782608695652174
itercount --------> 7
[0, 4, 7]
[0, 4, 3]
[0, 4, 1]
[0, 4, 6]
[0, 4, 5]
[0, 4, 2]
[0, 4, 7, 3]
[0, 4, 7, 1]
[0, 4, 7, 6]
[0, 4, 7, 5]
[0, 4, 7, 2]
[0, 4, 7, 3, 1]
[0, 4, 7, 3, 6]
0.4782608695652174 0.5
itercount --------> 8
[0, 1, 4]
[0, 1, 6]
[0, 1, 2]
[0, 1, 3]
[0, 1, 7]
[0, 1, 5]
0.5 0.55
itercount --------> 9
[4, 6, 0]
[4, 6, 1]
[4, 6, 2]
[4, 6, 5]
0.55 0.5714285714285714
itercount --------> 10
[0, 1, 2]
[0, 1, 5]
[0, 1, 4]
[0, 1, 6]
[0, 1, 3]
[0, 1, 7]
[0, 1, 2, 5]
[0, 1, 2, 4]
[0, 1, 2, 6]
[0, 1, 2, 3]
[0, 1, 2, 7]
[0, 1, 2, 5, 4]
[0, 1, 2, 5, 6]
[0, 1, 2, 5, 3]
[0, 1, 2, 5, 7]
0.5714285714285714 0.5909090909090909
itercount --------> 11
[5, 6, 4]
0.5909090909090909 0.631578947368421
itercount --------> 12
[4, 6, 7]
[4, 6, 3]
[4, 6, 0]
[4, 6, 1]
[4, 6, 2]
[4, 6, 5]
[4, 6, 7, 3]
[4, 6, 7, 0]
[4, 6, 7, 1]
[4, 6, 7, 2]
[4, 6, 7, 5]
[4, 6, 7, 3, 0]
[4, 6, 7, 3, 1]
[4, 6, 7, 3, 2]
[4, 6, 7, 3, 5]
[4, 6, 7, 3, 0, 1]
[4, 6, 7, 3, 0, 2]
[4, 6, 7, 3, 0, 5]
[4, 6, 7, 3, 0, 1, 2]
[4, 6, 7, 3, 0, 1, 5]
[4, 6, 7, 3, 0, 1, 2, 5]
failed -> 43 times
after fail n ======> 6
[0, 1, 2, 3, 4, 5]
0.06451612903225806 0.06521739130434782
itercount --------> 1
[4, 5, 0]
[4, 5, 1]
0.06521739130434782 0.07407407407407407
itercount --------> 2
[4, 6, 0]
0.07407407407407407 0.09523809523809523
itercount --------> 3
[4, 6, 2]
0.09523809523809523 0.1111111111111111
itercount --------> 4
[4, 6, 0]
0.1111111111111111 0.17391304347826086
itercount --------> 5
[0, 6, 3]
0.17391304347826086 0.19230769230769232
itercount --------> 6
[0, 6, 4]
[0, 6, 3]
[0, 6, 1]
0.19230769230769232 0.22727272727272727
itercount --------> 7
[0, 2, 4]
0.22727272727272727 0.25
itercount --------> 8
[0, 2, 6]
0.25 0.3
itercount --------> 9
[0, 2, 4]
[0, 2, 6]
[0, 2, 3]
[0, 2, 7]
[0, 2, 1]
[0, 2, 5]
0.3 0.3333333333333333
itercount --------> 10
[0, 1, 2]
[0, 1, 5]
[0, 1, 3]
[0, 1, 6]
[0, 1, 7]
[0, 1, 4]
[0, 1, 2, 5]
[0, 1, 2, 3]
[0, 1, 2, 6]
[0, 1, 2, 7]
[0, 1, 2, 4]
[0, 1, 2, 5, 3]
[0, 1, 2, 5, 6]
[0, 1, 2, 5, 7]
[0, 1, 2, 5, 4]
[0, 1, 2, 5, 3, 6]
0.3333333333333333 0.34782608695652173
itercount --------> 11
[0, 4, 3]
[0, 4, 6]
[0, 4, 7]
[0, 4, 5]
0.34782608695652173 0.3684210526315789
itercount --------> 12
[4, 5, 3]
0.3684210526315789 0.5789473684210527
itercount --------> 13
[0, 7, 5]
0.5789473684210527 0.6111111111111112
itercount --------> 14
[5, 0, 1]
[5, 0, 2]
[5, 0, 7]
[5, 0, 3]
[5, 0, 4]
[5, 0, 6]
[5, 0, 1, 2]
[5, 0, 1, 7]
[5, 0, 1, 3]
[5, 0, 1, 4]
[5, 0, 1, 6]
[5, 0, 1, 2, 7]
[5, 0, 1, 2, 3]
[5, 0, 1, 2, 4]
[5, 0, 1, 2, 6]
[5, 0, 1, 2, 7, 3]
[5, 0, 1, 2, 7, 4]
[5, 0, 1, 2, 7, 6]
[5, 0, 1, 2, 7, 3, 4]
0.6111111111111112 0.75
itercount --------> 15
[0, 1, 2]
[0, 1, 5]
[0, 1, 3]
[0, 1, 4]
[0, 1, 6]
[0, 1, 7]
[0, 1, 2, 5]
[0, 1, 2, 3]
[0, 1, 2, 4]
[0, 1, 2, 6]
[0, 1, 2, 7]
0.75 0.7894736842105263
itercount --------> 16
[0, 1, 2]
[0, 1, 5]
[0, 1, 7]
[0, 1, 3]
[0, 1, 4]
[0, 1, 6]
[0, 1, 2, 5]
[0, 1, 2, 7]
[0, 1, 2, 3]
[0, 1, 2, 4]
[0, 1, 2, 6]
[0, 1, 2, 5, 7]
[0, 1, 2, 5, 3]
[0, 1, 2, 5, 4]
[0, 1, 2, 5, 6]
[0, 1, 2, 5, 7, 3]
[0, 1, 2, 5, 7, 4]
[0, 1, 2, 5, 7, 6]
[0, 1, 2, 5, 7, 3, 4]
[0, 1, 2, 5, 7, 3, 6]
[0, 1, 2, 5, 7, 3, 4, 6]
failed -> 44 times
after fail n ======> 7
[0, 1, 2, 3, 4, 5, 6]
0.06451612903225806 0.06521739130434782
itercount --------> 1
[5, 0, 1]
[5, 0, 2]
0.06521739130434782 0.1
itercount --------> 2
[5, 1, 7]
[5, 1, 3]
0.1 0.11363636363636363
itercount --------> 3
[5, 1, 3]
0.11363636363636363 0.17142857142857143
itercount --------> 4
[1, 4, 5]
0.17142857142857143 0.22641509433962265
itercount --------> 5
[1, 0, 2]
0.22641509433962265 0.36363636363636365
itercount --------> 6
[1, 0, 2]
0.36363636363636365 0.41379310344827586
itercount --------> 7
[0, 1, 2]
[0, 1, 5]
0.41379310344827586 0.48
itercount --------> 8
[0, 1, 2]
[0, 1, 5]
[0, 1, 3]
[0, 1, 7]
0.48 0.5714285714285714
itercount --------> 9
[0, 1, 2]
[0, 1, 5]
[0, 1, 3]
[0, 1, 7]
[0, 1, 4]
[0, 1, 6]
[0, 1, 2, 5]
[0, 1, 2, 3]
[0, 1, 2, 7]
[0, 1, 2, 4]
0.5714285714285714 0.631578947368421
itercount --------> 10
[0, 1, 2]
[0, 1, 3]
[0, 1, 5]
[0, 1, 7]
[0, 1, 4]
[0, 1, 6]
[0, 1, 2, 3]
[0, 1, 2, 5]
[0, 1, 2, 7]
[0, 1, 2, 4]
[0, 1, 2, 6]
[0, 1, 2, 3, 5]
[0, 1, 2, 3, 7]
0.631578947368421 0.75
itercount --------> 11
[0, 1, 2]
[0, 1, 5]
[0, 1, 6]
[0, 1, 7]
[0, 1, 3]
[0, 1, 4]
[0, 1, 2, 5]
[0, 1, 2, 6]
[0, 1, 2, 7]
[0, 1, 2, 3]
[0, 1, 2, 4]
[0, 1, 2, 5, 6]
0.75 0.7894736842105263
itercount --------> 12
[0, 1, 2]
[0, 1, 5]
[0, 1, 7]
[0, 1, 3]
[0, 1, 4]
[0, 1, 6]
[0, 1, 2, 5]
[0, 1, 2, 7]
[0, 1, 2, 3]
[0, 1, 2, 4]
[0, 1, 2, 6]
[0, 1, 2, 5, 7]
[0, 1, 2, 5, 3]
[0, 1, 2, 5, 4]
[0, 1, 2, 5, 6]
[0, 1, 2, 5, 7, 3]
[0, 1, 2, 5, 7, 4]
[0, 1, 2, 5, 7, 6]
[0, 1, 2, 5, 7, 3, 4]
[0, 1, 2, 5, 7, 3, 6]
[0, 1, 2, 5, 7, 3, 4, 6]
failed -> 45 times
after fail n ======> 8
[0, 1, 2, 3, 4, 5, 6, 7]
0.06451612903225806 0.08888888888888889
itercount --------> 1
[0, 1, 2]
0.08888888888888889 0.13793103448275862
itercount --------> 2
[2, 3, 7]
[2, 3, 5]
0.13793103448275862 0.16666666666666666
itercount --------> 3
[2, 0, 1]
0.16666666666666666 0.3055555555555556
itercount --------> 4
[0, 1, 2]
[0, 1, 5]
0.3055555555555556 0.4090909090909091
itercount --------> 5
[5, 3, 7]
0.4090909090909091 0.5
itercount --------> 6
[4, 6, 0]
[4, 6, 1]
[4, 6, 2]
[4, 6, 5]
[4, 6, 3]
[4, 6, 7]
[4, 6, 0, 1]
[4, 6, 0, 2]
[4, 6, 0, 5]
[4, 6, 0, 3]
[4, 6, 0, 7]
[4, 6, 0, 1, 2]
[4, 6, 0, 1, 5]
[4, 6, 0, 1, 3]
[4, 6, 0, 1, 7]
[4, 6, 0, 1, 2, 5]
0.5 0.5416666666666666
itercount --------> 7
[5, 3, 0]
[5, 3, 1]
[5, 3, 2]
[5, 3, 4]
[5, 3, 6]
[5, 3, 7]
[5, 3, 0, 1]
[5, 3, 0, 2]
[5, 3, 0, 4]
[5, 3, 0, 6]
[5, 3, 0, 7]
[5, 3, 0, 1, 2]
0.5416666666666666 0.5909090909090909
itercount --------> 8
[5, 3, 4]
[5, 3, 6]
[5, 3, 0]
[5, 3, 1]
[5, 3, 2]
[5, 3, 7]
[5, 3, 4, 6]
[5, 3, 4, 0]
[5, 3, 4, 1]
[5, 3, 4, 2]
[5, 3, 4, 7]
[5, 3, 4, 6, 0]
[5, 3, 4, 6, 1]
[5, 3, 4, 6, 2]
[5, 3, 4, 6, 7]
[5, 3, 4, 6, 0, 1]
[5, 3, 4, 6, 0, 2]
[5, 3, 4, 6, 0, 7]
[5, 3, 4, 6, 0, 1, 2]
[5, 3, 4, 6, 0, 1, 7]
[5, 3, 4, 6, 0, 1, 2, 7]
failed -> 46 times
after fail n ======> 5
[0, 1, 2, 3, 4]
0.06451612903225806 0.08823529411764706
itercount --------> 1
[0, 1, 2]
0.08823529411764706 0.25
itercount --------> 2
[6, 0, 1]
0.25 0.45454545454545453
itercount --------> 3
[0, 3, 7]
0.45454545454545453 0.4782608695652174
itercount --------> 4
[7, 0, 3]
0.4782608695652174 0.5909090909090909
itercount --------> 5
[0, 3, 7]
0.5909090909090909 0.6071428571428571
itercount --------> 6
[0, 1, 2]
[0, 1, 3]
[0, 1, 4]
[0, 1, 6]
[0, 1, 7]
[0, 1, 5]
0.6071428571428571 0.6818181818181818
itercount --------> 7
[0, 1, 2]
[0, 1, 3]
[0, 1, 4]
[0, 1, 5]
[0, 1, 6]
[0, 1, 7]
0.6818181818181818 0.7142857142857143
itercount --------> 8
[0, 1, 2]
[0, 1, 7]
[0, 1, 3]
[0, 1, 4]
[0, 1, 5]
[0, 1, 6]
[0, 1, 2, 7]
[0, 1, 2, 3]
[0, 1, 2, 4]
[0, 1, 2, 5]
0.7142857142857143 0.7894736842105263
itercount --------> 9
[0, 1, 2]
[0, 1, 5]
[0, 1, 7]
[0, 1, 3]
[0, 1, 4]
[0, 1, 6]
[0, 1, 2, 5]
[0, 1, 2, 7]
[0, 1, 2, 3]
[0, 1, 2, 4]
[0, 1, 2, 6]
[0, 1, 2, 5, 7]
[0, 1, 2, 5, 3]
[0, 1, 2, 5, 4]
[0, 1, 2, 5, 6]
[0, 1, 2, 5, 7, 3]
[0, 1, 2, 5, 7, 4]
[0, 1, 2, 5, 7, 6]
[0, 1, 2, 5, 7, 3, 4]
[0, 1, 2, 5, 7, 3, 6]
[0, 1, 2, 5, 7, 3, 4, 6]
failed -> 47 times
after fail n ======> 6
[0, 1, 2, 3, 4, 5]
0.06451612903225806 0.06521739130434782
itercount --------> 1
[5, 0, 1]
0.06521739130434782 0.1
itercount --------> 2
[5, 2, 7]
[5, 2, 3]
0.1 0.11363636363636363
itercount --------> 3
[5, 2, 3]
[5, 2, 0]
0.11363636363636363 0.125
itercount --------> 4
[5, 3, 0]
0.125 0.20588235294117646
itercount --------> 5
[5, 0, 1]
[5, 0, 2]
0.20588235294117646 0.2608695652173913
itercount --------> 6
[0, 1, 2]
[0, 1, 5]
[0, 1, 6]
0.2608695652173913 0.2857142857142857
itercount --------> 7
[0, 1, 2]
[0, 1, 5]
[0, 1, 6]
0.2857142857142857 0.48
itercount --------> 8
[0, 2, 5]
[0, 2, 1]
0.48 0.5217391304347826
itercount --------> 9
[0, 1, 2]
[0, 1, 5]
[0, 1, 3]
0.5217391304347826 0.5714285714285714
itercount --------> 10
[0, 1, 2]
[0, 1, 5]
[0, 1, 3]
0.5714285714285714 0.631578947368421
itercount --------> 11
[0, 1, 2]
[0, 1, 3]
[0, 1, 5]
[0, 1, 7]
[0, 1, 4]
[0, 1, 6]
[0, 1, 2, 3]
[0, 1, 2, 5]
[0, 1, 2, 7]
[0, 1, 2, 4]
0.631578947368421 0.6666666666666666
itercount --------> 12
[0, 1, 2]
[0, 1, 3]
[0, 1, 5]
[0, 1, 7]
[0, 1, 4]
[0, 1, 6]
[0, 1, 2, 3]
[0, 1, 2, 5]
[0, 1, 2, 7]
[0, 1, 2, 4]
[0, 1, 2, 6]
[0, 1, 2, 3, 5]
[0, 1, 2, 3, 7]
0.6666666666666666 0.75
itercount --------> 13
[0, 1, 2]
[0, 1, 5]
[0, 1, 3]
[0, 1, 4]
[0, 1, 6]
[0, 1, 7]
[0, 1, 2, 5]
[0, 1, 2, 3]
[0, 1, 2, 4]
[0, 1, 2, 6]
[0, 1, 2, 7]
0.75 0.7894736842105263
itercount --------> 14
[0, 1, 2]
[0, 1, 5]
[0, 1, 7]
[0, 1, 3]
[0, 1, 4]
[0, 1, 6]
[0, 1, 2, 5]
[0, 1, 2, 7]
[0, 1, 2, 3]
[0, 1, 2, 4]
[0, 1, 2, 6]
[0, 1, 2, 5, 7]
[0, 1, 2, 5, 3]
[0, 1, 2, 5, 4]
[0, 1, 2, 5, 6]
[0, 1, 2, 5, 7, 3]
[0, 1, 2, 5, 7, 4]
[0, 1, 2, 5, 7, 6]
[0, 1, 2, 5, 7, 3, 4]
[0, 1, 2, 5, 7, 3, 6]
[0, 1, 2, 5, 7, 3, 4, 6]
failed -> 48 times
after fail n ======> 7
[0, 1, 2, 3, 4, 5, 6]
0.06451612903225806 0.06521739130434782
itercount --------> 1
[5, 0, 1]
0.06521739130434782 0.08695652173913043
itercount --------> 2
[2, 3, 4]
0.08695652173913043 0.19047619047619047
itercount --------> 3
[4, 2, 3]
0.19047619047619047 0.2608695652173913
itercount --------> 4
[2, 4, 7]
[2, 4, 3]
[2, 4, 0]
[2, 4, 1]
0.2608695652173913 0.2857142857142857
itercount --------> 5
[4, 2, 7]
[4, 2, 3]
[4, 2, 0]
0.2857142857142857 0.3157894736842105
itercount --------> 6
[0, 1, 2]
[0, 1, 4]
0.3157894736842105 0.34782608695652173
itercount --------> 7
[2, 3, 7]
0.34782608695652173 0.5
itercount --------> 8
[3, 4, 0]
[3, 4, 1]
[3, 4, 2]
[3, 4, 5]
[3, 4, 6]
[3, 4, 7]
[3, 4, 0, 1]
[3, 4, 0, 2]
[3, 4, 0, 5]
[3, 4, 0, 6]
[3, 4, 0, 7]
[3, 4, 0, 1, 2]
[3, 4, 0, 1, 5]
[3, 4, 0, 1, 6]
[3, 4, 0, 1, 7]
[3, 4, 0, 1, 2, 5]
[3, 4, 0, 1, 2, 6]
[3, 4, 0, 1, 2, 7]
[3, 4, 0, 1, 2, 5, 6]
[3, 4, 0, 1, 2, 5, 7]
[3, 4, 0, 1, 2, 5, 6, 7]
failed -> 49 times
after fail n ======> 8
[0, 1, 2, 3, 4, 5, 6, 7]
0.06451612903225806 0.08888888888888889
itercount --------> 1
[0, 1, 2]
0.08888888888888889 0.21428571428571427
itercount --------> 2
[0, 3, 1]
0.21428571428571427 0.35714285714285715
itercount --------> 3
[1, 0, 7]
[1, 0, 4]
0.35714285714285715 0.37037037037037035
itercount --------> 4
[0, 1, 7]
[0, 1, 4]
[0, 1, 2]
[0, 1, 3]
[0, 1, 6]
[0, 1, 5]
[0, 1, 7, 4]
0.37037037037037035 0.38461538461538464
itercount --------> 5
[0, 1, 4]
[0, 1, 7]
[0, 1, 6]
[0, 1, 2]
0.38461538461538464 0.45454545454545453
itercount --------> 6
[0, 4, 7]
[0, 4, 1]
0.45454545454545453 0.4583333333333333
itercount --------> 7
[0, 1, 7]
[0, 1, 2]
[0, 1, 6]
[0, 1, 3]
[0, 1, 4]
[0, 1, 5]
[0, 1, 7, 2]
0.4583333333333333 0.4782608695652174
itercount --------> 8
[0, 7, 1]
[0, 7, 2]
[0, 7, 3]
0.4782608695652174 0.5217391304347826
itercount --------> 9
[0, 1, 4]
[0, 1, 7]
[0, 1, 2]
[0, 1, 3]
[0, 1, 6]
[0, 1, 5]
[0, 1, 4, 7]
[0, 1, 4, 2]
[0, 1, 4, 3]
[0, 1, 4, 6]
[0, 1, 4, 5]
0.5217391304347826 0.55
itercount --------> 10
[4, 7, 0]
[4, 7, 1]
[4, 7, 2]
[4, 7, 3]
[4, 7, 6]
[4, 7, 5]
[4, 7, 0, 1]
[4, 7, 0, 2]
[4, 7, 0, 3]
[4, 7, 0, 6]
[4, 7, 0, 5]
0.55 0.6
itercount --------> 11
[4, 7, 0]
[4, 7, 1]
[4, 7, 2]
[4, 7, 3]
[4, 7, 6]
[4, 7, 5]
[4, 7, 0, 1]
[4, 7, 0, 2]
[4, 7, 0, 3]
[4, 7, 0, 6]
[4, 7, 0, 5]
[4, 7, 0, 1, 2]
[4, 7, 0, 1, 3]
[4, 7, 0, 1, 6]
[4, 7, 0, 1, 5]
[4, 7, 0, 1, 2, 3]
[4, 7, 0, 1, 2, 6]
[4, 7, 0, 1, 2, 5]
[4, 7, 0, 1, 2, 3, 6]
[4, 7, 0, 1, 2, 3, 5]
[4, 7, 0, 1, 2, 3, 6, 5]
failed -> 50 times
after fail n ======> 5
Runs with the maximum attractor JI -> [5, 17, 25]
