{6: 31, 1: 29, 2: 29, 3: 23, 5: 21, 0: 10, 4: 10, 7: 3}
[6, 1, 2]
0.125 0.13793103448275862
itercount --------> 1
[6, 2, 3]
0.13793103448275862 0.18181818181818182
itercount --------> 2
[1, 2, 0]
[1, 2, 5]
[1, 2, 3]
0.18181818181818182 0.2222222222222222
itercount --------> 3
[6, 2, 4]
[6, 2, 3]
0.2222222222222222 0.2608695652173913
itercount --------> 4
[6, 4, 5]
[6, 4, 1]
[6, 4, 2]
[6, 4, 3]
[6, 4, 0]
[6, 4, 7]
[6, 4, 5, 1]
0.2608695652173913 0.2692307692307692
itercount --------> 5
[6, 1, 4]
[6, 1, 2]
0.2692307692307692 0.3181818181818182
itercount --------> 6
[6, 1, 2]
[6, 1, 0]
[6, 1, 5]
[6, 1, 4]
[6, 1, 3]
[6, 1, 7]
[6, 1, 2, 0]
0.3181818181818182 0.3333333333333333
itercount --------> 7
[2, 3, 5]
[2, 3, 6]
[2, 3, 1]
[2, 3, 4]
[2, 3, 7]
[2, 3, 0]
[2, 3, 5, 6]
0.3333333333333333 0.3448275862068966
itercount --------> 8
[3, 1, 2]
[3, 1, 5]
0.3448275862068966 0.34615384615384615
itercount --------> 9
[2, 5, 3]
0.34615384615384615 0.375
itercount --------> 10
[1, 2, 5]
[1, 2, 3]
[1, 2, 4]
[1, 2, 6]
[1, 2, 0]
[1, 2, 7]
[1, 2, 5, 3]
[1, 2, 5, 4]
[1, 2, 5, 6]
0.375 0.391304347826087
itercount --------> 11
[1, 2, 5]
[1, 2, 4]
[1, 2, 6]
[1, 2, 3]
[1, 2, 0]
[1, 2, 7]
[1, 2, 5, 4]
[1, 2, 5, 6]
0.391304347826087 0.43478260869565216
itercount --------> 12
[1, 2, 5]
[1, 2, 6]
[1, 2, 4]
[1, 2, 3]
[1, 2, 0]
[1, 2, 7]
[1, 2, 5, 6]
[1, 2, 5, 4]
[1, 2, 5, 3]
[1, 2, 5, 0]
0.43478260869565216 0.44
itercount --------> 13
[6, 5, 3]
[6, 5, 7]
[6, 5, 4]
[6, 5, 1]
[6, 5, 2]
[6, 5, 0]
[6, 5, 3, 7]
[6, 5, 3, 4]
[6, 5, 3, 1]
[6, 5, 3, 2]
[6, 5, 3, 0]
0.44 0.4482758620689655
itercount --------> 14
[5, 0, 3]
0.4482758620689655 0.45161290322580644
itercount --------> 15
[0, 5, 3]
[0, 5, 6]
[0, 5, 1]
[0, 5, 2]
[0, 5, 7]
[0, 5, 4]
[0, 5, 3, 6]
[0, 5, 3, 1]
[0, 5, 3, 2]
0.45161290322580644 0.4642857142857143
itercount --------> 16
[5, 3, 0]
0.4642857142857143 0.48148148148148145
itercount --------> 17
[0, 3, 5]
[0, 3, 6]
[0, 3, 1]
[0, 3, 2]
[0, 3, 4]
[0, 3, 7]
[0, 3, 5, 6]
0.48148148148148145 0.4827586206896552
itercount --------> 18
[0, 3, 5]
[0, 3, 6]
[0, 3, 1]
0.4827586206896552 0.5185185185185185
itercount --------> 19
[5, 0, 1]
0.5185185185185185 0.5384615384615384
itercount --------> 20
[5, 0, 1]
[5, 0, 2]
[5, 0, 4]
[5, 0, 3]
[5, 0, 6]
[5, 0, 7]
[5, 0, 1, 2]
[5, 0, 1, 4]
0.5384615384615384 0.56
itercount --------> 21
[5, 4, 0]
[5, 4, 1]
[5, 4, 2]
[5, 4, 3]
[5, 4, 6]
[5, 4, 7]
[5, 4, 0, 1]
0.56 0.5833333333333334
itercount --------> 22
[5, 3, 4]
[5, 3, 0]
[5, 3, 1]
[5, 3, 2]
[5, 3, 6]
[5, 3, 7]
[5, 3, 4, 0]
[5, 3, 4, 1]
[5, 3, 4, 2]
[5, 3, 4, 6]
[5, 3, 4, 7]
[5, 3, 4, 0, 1]
[5, 3, 4, 0, 2]
[5, 3, 4, 0, 6]
[5, 3, 4, 0, 7]
[5, 3, 4, 0, 1, 2]
[5, 3, 4, 0, 1, 6]
[5, 3, 4, 0, 1, 7]
[5, 3, 4, 0, 1, 2, 6]
[5, 3, 4, 0, 1, 2, 7]
[5, 3, 4, 0, 1, 2, 6, 7]
failed Once
after fail n ======> 4
[6, 1, 2, 3]
0.125 0.17857142857142858
itercount --------> 1
[6, 5, 1]
0.17857142857142858 0.20512820512820512
itercount --------> 2
[5, 1, 4]
0.20512820512820512 0.2571428571428571
itercount --------> 3
[4, 5, 3]
0.2571428571428571 0.25925925925925924
itercount --------> 4
[3, 5, 4]
[3, 5, 0]
0.25925925925925924 0.3076923076923077
itercount --------> 5
[5, 4, 3]
0.3076923076923077 0.3142857142857143
itercount --------> 6
[4, 5, 1]
0.3142857142857143 0.43243243243243246
itercount --------> 7
[1, 5, 2]
[1, 5, 3]
[1, 5, 4]
[1, 5, 6]
[1, 5, 0]
[1, 5, 7]
[1, 5, 2, 3]
[1, 5, 2, 4]
0.43243243243243246 0.4642857142857143
itercount --------> 8
[5, 1, 6]
[5, 1, 3]
[5, 1, 4]
[5, 1, 7]
0.4642857142857143 0.4666666666666667
itercount --------> 9
[1, 5, 6]
[1, 5, 4]
[1, 5, 3]
[1, 5, 2]
[1, 5, 7]
[1, 5, 0]
[1, 5, 6, 4]
[1, 5, 6, 3]
[1, 5, 6, 2]
[1, 5, 6, 7]
[1, 5, 6, 0]
[1, 5, 6, 4, 3]
[1, 5, 6, 4, 2]
[1, 5, 6, 4, 7]
[1, 5, 6, 4, 0]
[1, 5, 6, 4, 3, 2]
[1, 5, 6, 4, 3, 7]
[1, 5, 6, 4, 3, 0]
[1, 5, 6, 4, 3, 2, 7]
0.4666666666666667 0.5
itercount --------> 10
[1, 5, 4]
[1, 5, 6]
[1, 5, 7]
[1, 5, 0]
0.5 0.5185185185185185
itercount --------> 11
[5, 1, 3]
[5, 1, 0]
[5, 1, 4]
[5, 1, 6]
[5, 1, 2]
[5, 1, 7]
[5, 1, 3, 0]
[5, 1, 3, 4]
[5, 1, 3, 6]
[5, 1, 3, 2]
0.5185185185185185 0.52
itercount --------> 12
[5, 3, 4]
[5, 3, 1]
[5, 3, 0]
[5, 3, 2]
[5, 3, 6]
[5, 3, 7]
[5, 3, 4, 1]
[5, 3, 4, 0]
[5, 3, 4, 2]
[5, 3, 4, 6]
[5, 3, 4, 7]
[5, 3, 4, 1, 0]
[5, 3, 4, 1, 2]
[5, 3, 4, 1, 6]
[5, 3, 4, 1, 7]
[5, 3, 4, 1, 0, 2]
[5, 3, 4, 1, 0, 6]
[5, 3, 4, 1, 0, 7]
[5, 3, 4, 1, 0, 2, 6]
[5, 3, 4, 1, 0, 2, 7]
[5, 3, 4, 1, 0, 2, 6, 7]
failed -> 2 times
after fail n ======> 5
[6, 1, 2, 3, 5]
0.125 0.15384615384615385
itercount --------> 1
[2, 6, 1]
0.15384615384615385 0.20689655172413793
itercount --------> 2
[1, 6, 2]
0.20689655172413793 0.25
itercount --------> 3
[2, 6, 1]
0.25 0.2727272727272727
itercount --------> 4
[1, 2, 6]
[1, 2, 5]
[1, 2, 0]
[1, 2, 3]
[1, 2, 4]
[1, 2, 7]
[1, 2, 6, 5]
0.2727272727272727 0.3
itercount --------> 5
[2, 6, 5]
[2, 6, 4]
[2, 6, 0]
0.3 0.3333333333333333
itercount --------> 6
[2, 5, 6]
[2, 5, 4]
[2, 5, 0]
0.3333333333333333 0.4117647058823529
itercount --------> 7
[2, 3, 5]
[2, 3, 6]
[2, 3, 0]
0.4117647058823529 0.45454545454545453
itercount --------> 8
[3, 5, 2]
[3, 5, 6]
[3, 5, 0]
[3, 5, 4]
[3, 5, 7]
[3, 5, 1]
0.45454545454545453 0.5
itercount --------> 9
[5, 6, 0]
0.5 0.5185185185185185
itercount --------> 10
[5, 0, 2]
[5, 0, 3]
[5, 0, 4]
[5, 0, 1]
0.5185185185185185 0.5833333333333334
itercount --------> 11
[5, 3, 4]
[5, 3, 0]
[5, 3, 1]
[5, 3, 2]
[5, 3, 6]
[5, 3, 7]
[5, 3, 4, 0]
[5, 3, 4, 1]
[5, 3, 4, 2]
[5, 3, 4, 6]
[5, 3, 4, 7]
[5, 3, 4, 0, 1]
[5, 3, 4, 0, 2]
[5, 3, 4, 0, 6]
[5, 3, 4, 0, 7]
[5, 3, 4, 0, 1, 2]
[5, 3, 4, 0, 1, 6]
[5, 3, 4, 0, 1, 7]
[5, 3, 4, 0, 1, 2, 6]
[5, 3, 4, 0, 1, 2, 7]
[5, 3, 4, 0, 1, 2, 6, 7]
failed -> 3 times
after fail n ======> 6
[6, 1, 2, 3, 5, 0]
0.125 0.13793103448275862
itercount --------> 1
[6, 2, 3]
[6, 2, 5]
0.13793103448275862 0.14285714285714285
itercount --------> 2
[2, 6, 1]
0.14285714285714285 0.18181818181818182
itercount --------> 3
[1, 2, 0]
[1, 2, 5]
[1, 2, 3]
0.18181818181818182 0.2727272727272727
itercount --------> 4
[1, 2, 6]
[1, 2, 5]
[1, 2, 0]
[1, 2, 3]
[1, 2, 4]
[1, 2, 7]
[1, 2, 6, 5]
[1, 2, 6, 0]
[1, 2, 6, 3]
[1, 2, 6, 4]
[1, 2, 6, 7]
[1, 2, 6, 5, 0]
[1, 2, 6, 5, 3]
[1, 2, 6, 5, 4]
[1, 2, 6, 5, 7]
[1, 2, 6, 5, 0, 3]
[1, 2, 6, 5, 0, 4]
[1, 2, 6, 5, 0, 7]
[1, 2, 6, 5, 0, 3, 4]
[1, 2, 6, 5, 0, 3, 7]
[1, 2, 6, 5, 0, 3, 4, 7]
failed -> 4 times
after fail n ======> 7
[6, 1, 2, 3, 5, 0, 4]
0.125 0.1388888888888889
itercount --------> 1
[3, 1, 2]
[3, 1, 6]
0.1388888888888889 0.18181818181818182
itercount --------> 2
[6, 2, 1]
0.18181818181818182 0.2727272727272727
itercount --------> 3
[1, 2, 6]
[1, 2, 5]
[1, 2, 0]
[1, 2, 3]
[1, 2, 4]
[1, 2, 7]
[1, 2, 6, 5]
0.2727272727272727 0.3333333333333333
itercount --------> 4
[1, 5, 3]
0.3333333333333333 0.36363636363636365
itercount --------> 5
[1, 2, 5]
[1, 2, 0]
0.36363636363636365 0.375
itercount --------> 6
[1, 2, 5]
[1, 2, 3]
[1, 2, 4]
[1, 2, 6]
[1, 2, 0]
[1, 2, 7]
[1, 2, 5, 3]
[1, 2, 5, 4]
[1, 2, 5, 6]
0.375 0.391304347826087
itercount --------> 7
[1, 2, 5]
[1, 2, 4]
[1, 2, 6]
[1, 2, 3]
[1, 2, 0]
[1, 2, 7]
[1, 2, 5, 4]
[1, 2, 5, 6]
[1, 2, 5, 3]
[1, 2, 5, 0]
[1, 2, 5, 7]
[1, 2, 5, 4, 6]
[1, 2, 5, 4, 3]
[1, 2, 5, 4, 0]
[1, 2, 5, 4, 7]
[1, 2, 5, 4, 6, 3]
[1, 2, 5, 4, 6, 0]
[1, 2, 5, 4, 6, 7]
[1, 2, 5, 4, 6, 3, 0]
[1, 2, 5, 4, 6, 3, 7]
[1, 2, 5, 4, 6, 3, 0, 7]
failed -> 5 times
after fail n ======> 8
[6, 1, 2, 3, 5, 0, 4, 7]
0.125 0.12962962962962962
itercount --------> 1
[1, 2, 6]
[1, 2, 5]
0.12962962962962962 0.20588235294117646
itercount --------> 2
[6, 5, 1]
0.20588235294117646 0.24
itercount --------> 3
[6, 5, 3]
[6, 5, 4]
[6, 5, 7]
[6, 5, 1]
[6, 5, 2]
[6, 5, 0]
0.24 0.2727272727272727
itercount --------> 4
[1, 2, 6]
[1, 2, 5]
[1, 2, 0]
[1, 2, 3]
[1, 2, 4]
[1, 2, 7]
[1, 2, 6, 5]
0.2727272727272727 0.2857142857142857
itercount --------> 5
[5, 1, 2]
[5, 1, 4]
[5, 1, 3]
0.2857142857142857 0.3888888888888889
itercount --------> 6
[1, 5, 2]
0.3888888888888889 0.4666666666666667
itercount --------> 7
[1, 5, 2]
[1, 5, 3]
[1, 5, 4]
[1, 5, 6]
[1, 5, 0]
0.4666666666666667 0.5185185185185185
itercount --------> 8
[1, 2, 5]
[1, 2, 3]
[1, 2, 4]
[1, 2, 0]
0.5185185185185185 0.5833333333333334
itercount --------> 9
[5, 3, 4]
[5, 3, 0]
[5, 3, 1]
[5, 3, 2]
[5, 3, 6]
[5, 3, 7]
[5, 3, 4, 0]
[5, 3, 4, 1]
[5, 3, 4, 2]
[5, 3, 4, 6]
[5, 3, 4, 7]
[5, 3, 4, 0, 1]
[5, 3, 4, 0, 2]
[5, 3, 4, 0, 6]
[5, 3, 4, 0, 7]
[5, 3, 4, 0, 1, 2]
[5, 3, 4, 0, 1, 6]
[5, 3, 4, 0, 1, 7]
[5, 3, 4, 0, 1, 2, 6]
[5, 3, 4, 0, 1, 2, 7]
[5, 3, 4, 0, 1, 2, 6, 7]
failed -> 6 times
after fail n ======> 5
[6, 1, 2, 3, 5]
0.125 0.175
itercount --------> 1
[2, 1, 6]
0.175 0.2727272727272727
itercount --------> 2
[1, 4, 3]
0.2727272727272727 0.3055555555555556
itercount --------> 3
[1, 4, 2]
0.3055555555555556 0.34210526315789475
itercount --------> 4
[1, 2, 5]
0.34210526315789475 0.34615384615384615
itercount --------> 5
[1, 2, 3]
[1, 2, 6]
[1, 2, 5]
[1, 2, 4]
[1, 2, 0]
0.34615384615384615 0.34782608695652173
itercount --------> 6
[1, 2, 5]
[1, 2, 6]
[1, 2, 3]
[1, 2, 0]
[1, 2, 4]
[1, 2, 7]
[1, 2, 5, 6]
[1, 2, 5, 3]
[1, 2, 5, 0]
0.34782608695652173 0.375
itercount --------> 7
[1, 2, 6]
0.375 0.391304347826087
itercount --------> 8
[2, 5, 6]
0.391304347826087 0.39285714285714285
itercount --------> 9
[2, 6, 3]
[2, 6, 5]
[2, 6, 4]
[2, 6, 7]
[2, 6, 0]
[2, 6, 1]
[2, 6, 3, 5]
[2, 6, 3, 4]
0.39285714285714285 0.43333333333333335
itercount --------> 10
[2, 6, 5]
0.43333333333333335 0.4782608695652174
itercount --------> 11
[2, 6, 5]
[2, 6, 1]
[2, 6, 0]
[2, 6, 3]
[2, 6, 4]
0.4782608695652174 0.48
itercount --------> 12
[3, 4, 6]
[3, 4, 0]
[3, 4, 1]
[3, 4, 2]
[3, 4, 5]
[3, 4, 7]
[3, 4, 6, 0]
[3, 4, 6, 1]
[3, 4, 6, 2]
[3, 4, 6, 5]
[3, 4, 6, 7]
[3, 4, 6, 0, 1]
[3, 4, 6, 0, 2]
0.48 0.5
itercount --------> 13
[3, 4, 6]
[3, 4, 5]
[3, 4, 1]
[3, 4, 2]
[3, 4, 0]
[3, 4, 7]
[3, 4, 6, 5]
[3, 4, 6, 1]
[3, 4, 6, 2]
[3, 4, 6, 0]
[3, 4, 6, 7]
[3, 4, 6, 5, 1]
[3, 4, 6, 5, 2]
0.5 0.52
itercount --------> 14
[3, 5, 6]
[3, 5, 4]
[3, 5, 7]
[3, 5, 1]
[3, 5, 2]
[3, 5, 0]
[3, 5, 6, 4]
[3, 5, 6, 7]
[3, 5, 6, 1]
[3, 5, 6, 2]
[3, 5, 6, 0]
[3, 5, 6, 4, 7]
[3, 5, 6, 4, 1]
[3, 5, 6, 4, 2]
[3, 5, 6, 4, 0]
[3, 5, 6, 4, 7, 1]
[3, 5, 6, 4, 7, 2]
[3, 5, 6, 4, 7, 0]
[3, 5, 6, 4, 7, 1, 2]
[3, 5, 6, 4, 7, 1, 0]
[3, 5, 6, 4, 7, 1, 2, 0]
failed -> 7 times
after fail n ======> 6
[6, 1, 2, 3, 5, 0]
0.125 0.17391304347826086
itercount --------> 1
[1, 2, 5]
[1, 2, 6]
0.17391304347826086 0.18181818181818182
itercount --------> 2
[1, 2, 0]
[1, 2, 5]
[1, 2, 3]
0.18181818181818182 0.2222222222222222
itercount --------> 3
[6, 1, 2]
0.2222222222222222 0.23076923076923078
itercount --------> 4
[6, 1, 3]
[6, 1, 5]
0.23076923076923078 0.24
itercount --------> 5
[6, 4, 5]
0.24 0.2727272727272727
itercount --------> 6
[1, 2, 6]
0.2727272727272727 0.28
itercount --------> 7
[2, 5, 6]
0.28 0.35714285714285715
itercount --------> 8
[4, 6, 5]
0.35714285714285715 0.3793103448275862
itercount --------> 9
[5, 2, 4]
[5, 2, 6]
[5, 2, 3]
[5, 2, 0]
[5, 2, 1]
[5, 2, 7]
[5, 2, 4, 6]
[5, 2, 4, 3]
0.3793103448275862 0.4
itercount --------> 10
[5, 6, 3]
0.4 0.4642857142857143
itercount --------> 11
[5, 2, 3]
[5, 2, 6]
[5, 2, 4]
[5, 2, 1]
[5, 2, 0]
[5, 2, 7]
[5, 2, 3, 6]
0.4642857142857143 0.5357142857142857
itercount --------> 12
[2, 5, 4]
[2, 5, 6]
[2, 5, 1]
[2, 5, 3]
[2, 5, 0]
[2, 5, 7]
[2, 5, 4, 6]
[2, 5, 4, 1]
[2, 5, 4, 3]
[2, 5, 4, 0]
[2, 5, 4, 7]
[2, 5, 4, 6, 1]
0.5357142857142857 0.5769230769230769
itercount --------> 13
[2, 5, 4]
[2, 5, 3]
[2, 5, 1]
[2, 5, 6]
[2, 5, 0]
[2, 5, 7]
[2, 5, 4, 3]
[2, 5, 4, 1]
[2, 5, 4, 6]
[2, 5, 4, 0]
[2, 5, 4, 7]
[2, 5, 4, 3, 1]
[2, 5, 4, 3, 6]
[2, 5, 4, 3, 0]
[2, 5, 4, 3, 7]
[2, 5, 4, 3, 1, 6]
[2, 5, 4, 3, 1, 0]
[2, 5, 4, 3, 1, 7]
[2, 5, 4, 3, 1, 6, 0]
[2, 5, 4, 3, 1, 6, 7]
[2, 5, 4, 3, 1, 6, 0, 7]
failed -> 8 times
after fail n ======> 7
[6, 1, 2, 3, 5, 0, 4]
0.125 0.13793103448275862
itercount --------> 1
[2, 6, 1]
0.13793103448275862 0.14814814814814814
itercount --------> 2
[3, 1, 6]
0.14814814814814814 0.2727272727272727
itercount --------> 3
[1, 2, 6]
[1, 2, 5]
[1, 2, 0]
[1, 2, 3]
[1, 2, 4]
[1, 2, 7]
[1, 2, 6, 5]
[1, 2, 6, 0]
[1, 2, 6, 3]
[1, 2, 6, 4]
[1, 2, 6, 7]
[1, 2, 6, 5, 0]
[1, 2, 6, 5, 3]
[1, 2, 6, 5, 4]
[1, 2, 6, 5, 7]
[1, 2, 6, 5, 0, 3]
[1, 2, 6, 5, 0, 4]
[1, 2, 6, 5, 0, 7]
[1, 2, 6, 5, 0, 3, 4]
[1, 2, 6, 5, 0, 3, 7]
[1, 2, 6, 5, 0, 3, 4, 7]
failed -> 9 times
after fail n ======> 8
[6, 1, 2, 3, 5, 0, 4, 7]
0.125 0.1388888888888889
itercount --------> 1
[3, 1, 2]
0.1388888888888889 0.14814814814814814
itercount --------> 2
[3, 2, 6]
0.14814814814814814 0.18181818181818182
itercount --------> 3
[1, 2, 0]
[1, 2, 5]
[1, 2, 3]
[1, 2, 6]
[1, 2, 7]
[1, 2, 4]
[1, 2, 0, 5]
[1, 2, 0, 3]
0.18181818181818182 0.23076923076923078
itercount --------> 4
[6, 1, 3]
0.23076923076923078 0.2727272727272727
itercount --------> 5
[1, 2, 6]
[1, 2, 5]
[1, 2, 0]
[1, 2, 3]
[1, 2, 4]
[1, 2, 7]
[1, 2, 6, 5]
[1, 2, 6, 0]
[1, 2, 6, 3]
[1, 2, 6, 4]
[1, 2, 6, 7]
[1, 2, 6, 5, 0]
[1, 2, 6, 5, 3]
[1, 2, 6, 5, 4]
[1, 2, 6, 5, 7]
[1, 2, 6, 5, 0, 3]
[1, 2, 6, 5, 0, 4]
[1, 2, 6, 5, 0, 7]
[1, 2, 6, 5, 0, 3, 4]
[1, 2, 6, 5, 0, 3, 7]
[1, 2, 6, 5, 0, 3, 4, 7]
failed -> 10 times
after fail n ======> 5
[6, 1, 2, 3, 5]
0.125 0.15217391304347827
itercount --------> 1
[1, 2, 6]
[1, 2, 4]
0.15217391304347827 0.16
itercount --------> 2
[6, 4, 1]
0.16 0.23333333333333334
itercount --------> 3
[6, 1, 4]
0.23333333333333334 0.2608695652173913
itercount --------> 4
[6, 4, 5]
[6, 4, 1]
[6, 4, 2]
[6, 4, 3]
[6, 4, 0]
[6, 4, 7]
[6, 4, 5, 1]
0.2608695652173913 0.2727272727272727
itercount --------> 5
[1, 2, 6]
[1, 2, 5]
[1, 2, 0]
[1, 2, 3]
[1, 2, 4]
[1, 2, 7]
[1, 2, 6, 5]
0.2727272727272727 0.27586206896551724
itercount --------> 6
[1, 6, 4]
0.27586206896551724 0.3
itercount --------> 7
[4, 1, 3]
0.3 0.3125
itercount --------> 8
[1, 4, 5]
[1, 4, 6]
0.3125 0.3333333333333333
itercount --------> 9
[1, 6, 0]
0.3333333333333333 0.33962264150943394
itercount --------> 10
[1, 0, 5]
0.33962264150943394 0.4
itercount --------> 11
[1, 2, 5]
[1, 2, 0]
[1, 2, 4]
[1, 2, 6]
[1, 2, 7]
[1, 2, 3]
[1, 2, 5, 0]
0.4 0.4444444444444444
itercount --------> 12
[1, 2, 4]
0.4444444444444444 0.48
itercount --------> 13
[1, 2, 5]
0.48 0.4827586206896552
itercount --------> 14
[1, 2, 0]
0.4827586206896552 0.56
itercount --------> 15
[1, 0, 2]
[1, 0, 4]
[1, 0, 5]
[1, 0, 3]
[1, 0, 6]
[1, 0, 7]
[1, 0, 2, 4]
0.56 0.5833333333333334
itercount --------> 16
[1, 0, 2]
[1, 0, 5]
[1, 0, 4]
[1, 0, 3]
[1, 0, 6]
[1, 0, 7]
[1, 0, 2, 5]
[1, 0, 2, 4]
[1, 0, 2, 3]
[1, 0, 2, 6]
[1, 0, 2, 7]
[1, 0, 2, 5, 4]
0.5833333333333334 0.6086956521739131
itercount --------> 17
[1, 2, 0]
[1, 2, 4]
[1, 2, 5]
[1, 2, 6]
[1, 2, 7]
[1, 2, 3]
[1, 2, 0, 4]
[1, 2, 0, 5]
[1, 2, 0, 6]
[1, 2, 0, 7]
[1, 2, 0, 3]
[1, 2, 0, 4, 5]
[1, 2, 0, 4, 6]
[1, 2, 0, 4, 7]
[1, 2, 0, 4, 3]
0.6086956521739131 0.6153846153846154
itercount --------> 18
[0, 1, 2]
[0, 1, 4]
[0, 1, 5]
[0, 1, 3]
[0, 1, 6]
[0, 1, 7]
[0, 1, 2, 4]
[0, 1, 2, 5]
[0, 1, 2, 3]
[0, 1, 2, 6]
[0, 1, 2, 7]
[0, 1, 2, 4, 5]
[0, 1, 2, 4, 3]
[0, 1, 2, 4, 6]
[0, 1, 2, 4, 7]
[0, 1, 2, 4, 5, 3]
[0, 1, 2, 4, 5, 6]
[0, 1, 2, 4, 5, 7]
[0, 1, 2, 4, 5, 3, 6]
[0, 1, 2, 4, 5, 3, 7]
[0, 1, 2, 4, 5, 3, 6, 7]
failed -> 11 times
after fail n ======> 6
[6, 1, 2, 3, 5, 0]
0.125 0.14814814814814814
itercount --------> 1
[3, 2, 6]
0.14814814814814814 0.18181818181818182
itercount --------> 2
[1, 2, 0]
[1, 2, 5]
[1, 2, 3]
0.18181818181818182 0.20689655172413793
itercount --------> 3
[2, 6, 1]
0.20689655172413793 0.21428571428571427
itercount --------> 4
[1, 6, 2]
[1, 6, 4]
0.21428571428571427 0.2727272727272727
itercount --------> 5
[1, 2, 6]
[1, 2, 5]
[1, 2, 0]
[1, 2, 3]
[1, 2, 4]
[1, 2, 7]
[1, 2, 6, 5]
[1, 2, 6, 0]
[1, 2, 6, 3]
[1, 2, 6, 4]
[1, 2, 6, 7]
[1, 2, 6, 5, 0]
[1, 2, 6, 5, 3]
[1, 2, 6, 5, 4]
[1, 2, 6, 5, 7]
[1, 2, 6, 5, 0, 3]
[1, 2, 6, 5, 0, 4]
[1, 2, 6, 5, 0, 7]
[1, 2, 6, 5, 0, 3, 4]
[1, 2, 6, 5, 0, 3, 7]
[1, 2, 6, 5, 0, 3, 4, 7]
failed -> 12 times
after fail n ======> 7
[6, 1, 2, 3, 5, 0, 4]
0.125 0.13793103448275862
itercount --------> 1
[2, 6, 1]
[2, 6, 3]
0.13793103448275862 0.1590909090909091
itercount --------> 2
[2, 3, 1]
0.1590909090909091 0.23333333333333334
itercount --------> 3
[2, 3, 5]
0.23333333333333334 0.2692307692307692
itercount --------> 4
[2, 1, 3]
0.2692307692307692 0.34615384615384615
itercount --------> 5
[2, 1, 4]
0.34615384615384615 0.36
itercount --------> 6
[2, 4, 6]
[2, 4, 3]
[2, 4, 5]
[2, 4, 1]
[2, 4, 0]
[2, 4, 7]
[2, 4, 6, 3]
[2, 4, 6, 5]
0.36 0.375
itercount --------> 7
[4, 5, 6]
[4, 5, 2]
[4, 5, 3]
[4, 5, 1]
0.375 0.38461538461538464
itercount --------> 8
[2, 1, 6]
0.38461538461538464 0.4
itercount --------> 9
[2, 6, 4]
[2, 6, 3]
[2, 6, 5]
0.4 0.4074074074074074
itercount --------> 10
[6, 5, 2]
[6, 5, 3]
[6, 5, 1]
[6, 5, 4]
[6, 5, 7]
[6, 5, 0]
[6, 5, 2, 3]
[6, 5, 2, 1]
0.4074074074074074 0.43478260869565216
itercount --------> 11
[2, 6, 5]
[2, 6, 4]
[2, 6, 3]
[2, 6, 1]
[2, 6, 7]
[2, 6, 0]
[2, 6, 5, 4]
[2, 6, 5, 3]
[2, 6, 5, 1]
[2, 6, 5, 7]
[2, 6, 5, 0]
[2, 6, 5, 4, 3]
[2, 6, 5, 4, 1]
[2, 6, 5, 4, 7]
[2, 6, 5, 4, 0]
[2, 6, 5, 4, 3, 1]
[2, 6, 5, 4, 3, 7]
[2, 6, 5, 4, 3, 0]
0.43478260869565216 0.44
itercount --------> 12
[6, 5, 3]
[6, 5, 7]
[6, 5, 4]
[6, 5, 1]
[6, 5, 2]
[6, 5, 0]
[6, 5, 3, 7]
[6, 5, 3, 4]
[6, 5, 3, 1]
[6, 5, 3, 2]
[6, 5, 3, 0]
0.44 0.4642857142857143
itercount --------> 13
[3, 5, 0]
0.4642857142857143 0.4666666666666667
itercount --------> 14
[0, 5, 3]
[0, 5, 6]
[0, 5, 7]
[0, 5, 2]
[0, 5, 4]
[0, 5, 1]
0.4666666666666667 0.5
itercount --------> 15
[3, 5, 0]
[3, 5, 6]
0.5 0.52
itercount --------> 16
[3, 5, 0]
[3, 5, 6]
[3, 5, 4]
[3, 5, 7]
[3, 5, 1]
0.52 0.5416666666666666
itercount --------> 17
[3, 0, 4]
[3, 0, 5]
[3, 0, 6]
[3, 0, 1]
[3, 0, 2]
[3, 0, 7]
[3, 0, 4, 5]
[3, 0, 4, 6]
[3, 0, 4, 1]
[3, 0, 4, 2]
[3, 0, 4, 7]
[3, 0, 4, 5, 6]
0.5416666666666666 0.56
itercount --------> 18
[5, 0, 3]
[5, 0, 4]
[5, 0, 1]
0.56 0.5769230769230769
itercount --------> 19
[5, 0, 2]
[5, 0, 4]
[5, 0, 1]
[5, 0, 3]
[5, 0, 6]
[5, 0, 7]
[5, 0, 2, 4]
[5, 0, 2, 1]
[5, 0, 2, 3]
[5, 0, 2, 6]
[5, 0, 2, 7]
[5, 0, 2, 4, 1]
[5, 0, 2, 4, 3]
[5, 0, 2, 4, 6]
[5, 0, 2, 4, 7]
[5, 0, 2, 4, 1, 3]
0.5769230769230769 0.6
itercount --------> 20
[5, 0, 1]
[5, 0, 2]
[5, 0, 3]
[5, 0, 4]
[5, 0, 6]
[5, 0, 7]
[5, 0, 1, 2]
[5, 0, 1, 3]
[5, 0, 1, 4]
[5, 0, 1, 6]
[5, 0, 1, 7]
[5, 0, 1, 2, 3]
[5, 0, 1, 2, 4]
[5, 0, 1, 2, 6]
[5, 0, 1, 2, 7]
[5, 0, 1, 2, 3, 4]
[5, 0, 1, 2, 3, 6]
[5, 0, 1, 2, 3, 7]
[5, 0, 1, 2, 3, 4, 6]
[5, 0, 1, 2, 3, 4, 7]
[5, 0, 1, 2, 3, 4, 6, 7]
failed -> 13 times
after fail n ======> 8
[6, 1, 2, 3, 5, 0, 4, 7]
0.125 0.13793103448275862
itercount --------> 1
[2, 6, 1]
0.13793103448275862 0.17391304347826086
itercount --------> 2
[1, 2, 5]
[1, 2, 6]
[1, 2, 3]
0.17391304347826086 0.17857142857142858
itercount --------> 3
[6, 5, 1]
0.17857142857142858 0.20512820512820512
itercount --------> 4
[5, 1, 4]
0.20512820512820512 0.25
itercount --------> 5
[4, 5, 1]
0.25 0.2894736842105263
itercount --------> 6
[1, 3, 5]
[1, 3, 4]
0.2894736842105263 0.39473684210526316
itercount --------> 7
[1, 5, 2]
0.39473684210526316 0.4411764705882353
itercount --------> 8
[1, 5, 6]
[1, 5, 4]
[1, 5, 3]
[1, 5, 2]
[1, 5, 0]
0.4411764705882353 0.45454545454545453
itercount --------> 9
[1, 5, 2]
[1, 5, 3]
[1, 5, 6]
[1, 5, 4]
[1, 5, 0]
0.45454545454545453 0.47368421052631576
itercount --------> 10
[1, 5, 4]
[1, 5, 3]
[1, 5, 2]
[1, 5, 6]
[1, 5, 0]
0.47368421052631576 0.5
itercount --------> 11
[1, 2, 5]
[1, 2, 3]
[1, 2, 4]
[1, 2, 0]
[1, 2, 6]
[1, 2, 7]
0.5 0.52
itercount --------> 12
[5, 1, 3]
[5, 1, 4]
[5, 1, 0]
[5, 1, 2]
[5, 1, 6]
[5, 1, 7]
[5, 1, 3, 4]
[5, 1, 3, 0]
[5, 1, 3, 2]
[5, 1, 3, 6]
[5, 1, 3, 7]
[5, 1, 3, 4, 0]
[5, 1, 3, 4, 2]
[5, 1, 3, 4, 6]
[5, 1, 3, 4, 7]
[5, 1, 3, 4, 0, 2]
[5, 1, 3, 4, 0, 6]
[5, 1, 3, 4, 0, 7]
[5, 1, 3, 4, 0, 2, 6]
[5, 1, 3, 4, 0, 2, 7]
[5, 1, 3, 4, 0, 2, 6, 7]
failed -> 14 times
after fail n ======> 5
[6, 1, 2, 3, 5]
0.125 0.13793103448275862
itercount --------> 1
[2, 6, 1]
[2, 6, 3]
0.13793103448275862 0.14814814814814814
itercount --------> 2
[3, 1, 6]
0.14814814814814814 0.20689655172413793
itercount --------> 3
[1, 6, 2]
[1, 6, 3]
0.20689655172413793 0.2727272727272727
itercount --------> 4
[1, 2, 6]
[1, 2, 5]
[1, 2, 0]
[1, 2, 3]
[1, 2, 4]
[1, 2, 7]
[1, 2, 6, 5]
[1, 2, 6, 0]
[1, 2, 6, 3]
[1, 2, 6, 4]
[1, 2, 6, 7]
[1, 2, 6, 5, 0]
[1, 2, 6, 5, 3]
[1, 2, 6, 5, 4]
[1, 2, 6, 5, 7]
[1, 2, 6, 5, 0, 3]
[1, 2, 6, 5, 0, 4]
[1, 2, 6, 5, 0, 7]
[1, 2, 6, 5, 0, 3, 4]
[1, 2, 6, 5, 0, 3, 7]
[1, 2, 6, 5, 0, 3, 4, 7]
failed -> 15 times
after fail n ======> 6
[6, 1, 2, 3, 5, 0]
0.125 0.13793103448275862
itercount --------> 1
[6, 1, 3]
0.13793103448275862 0.1935483870967742
itercount --------> 2
[6, 1, 4]
0.1935483870967742 0.2608695652173913
itercount --------> 3
[6, 4, 5]
0.2608695652173913 0.3181818181818182
itercount --------> 4
[6, 1, 2]
[6, 1, 0]
[6, 1, 5]
[6, 1, 4]
[6, 1, 3]
[6, 1, 7]
[6, 1, 2, 0]
[6, 1, 2, 5]
0.3181818181818182 0.32
itercount --------> 5
[6, 5, 7]
[6, 5, 3]
[6, 5, 4]
[6, 5, 1]
[6, 5, 2]
[6, 5, 0]
[6, 5, 7, 3]
[6, 5, 7, 4]
[6, 5, 7, 1]
[6, 5, 7, 2]
[6, 5, 7, 0]
[6, 5, 7, 3, 4]
[6, 5, 7, 3, 1]
[6, 5, 7, 3, 2]
[6, 5, 7, 3, 0]
[6, 5, 7, 3, 4, 1]
[6, 5, 7, 3, 4, 2]
[6, 5, 7, 3, 4, 0]
[6, 5, 7, 3, 4, 1, 2]
[6, 5, 7, 3, 4, 1, 0]
[6, 5, 7, 3, 4, 1, 2, 0]
failed -> 16 times
after fail n ======> 7
[6, 1, 2, 3, 5, 0, 4]
0.125 0.13793103448275862
itercount --------> 1
[6, 2, 3]
0.13793103448275862 0.18181818181818182
itercount --------> 2
[1, 2, 0]
[1, 2, 5]
[1, 2, 3]
[1, 2, 6]
[1, 2, 7]
[1, 2, 4]
[1, 2, 0, 5]
[1, 2, 0, 3]
0.18181818181818182 0.24
itercount --------> 3
[6, 4, 3]
0.24 0.2692307692307692
itercount --------> 4
[6, 0, 1]
[6, 0, 2]
0.2692307692307692 0.28
itercount --------> 5
[6, 5, 1]
[6, 5, 2]
[6, 5, 3]
[6, 5, 4]
[6, 5, 7]
[6, 5, 0]
[6, 5, 1, 2]
[6, 5, 1, 3]
[6, 5, 1, 4]
[6, 5, 1, 7]
[6, 5, 1, 0]
[6, 5, 1, 2, 3]
[6, 5, 1, 2, 4]
0.28 0.2916666666666667
itercount --------> 6
[2, 0, 1]
[2, 0, 6]
[2, 0, 3]
[2, 0, 5]
[2, 0, 7]
[2, 0, 4]
[2, 0, 1, 6]
0.2916666666666667 0.30434782608695654
itercount --------> 7
[1, 2, 0]
[1, 2, 5]
[1, 2, 6]
[1, 2, 3]
0.30434782608695654 0.3181818181818182
itercount --------> 8
[1, 2, 6]
[1, 2, 0]
[1, 2, 5]
[1, 2, 4]
[1, 2, 3]
[1, 2, 7]
[1, 2, 6, 0]
[1, 2, 6, 5]
[1, 2, 6, 4]
[1, 2, 6, 3]
[1, 2, 6, 7]
[1, 2, 6, 0, 5]
[1, 2, 6, 0, 4]
[1, 2, 6, 0, 3]
[1, 2, 6, 0, 7]
[1, 2, 6, 0, 5, 4]
[1, 2, 6, 0, 5, 3]
[1, 2, 6, 0, 5, 7]
[1, 2, 6, 0, 5, 4, 3]
0.3181818181818182 0.4090909090909091
itercount --------> 9
[1, 2, 6]
[1, 2, 0]
[1, 2, 5]
[1, 2, 7]
[1, 2, 4]
[1, 2, 3]
[1, 2, 6, 0]
[1, 2, 6, 5]
[1, 2, 6, 7]
[1, 2, 6, 4]
[1, 2, 6, 3]
[1, 2, 6, 0, 5]
[1, 2, 6, 0, 7]
[1, 2, 6, 0, 4]
[1, 2, 6, 0, 3]
[1, 2, 6, 0, 5, 7]
[1, 2, 6, 0, 5, 4]
[1, 2, 6, 0, 5, 3]
[1, 2, 6, 0, 5, 7, 4]
[1, 2, 6, 0, 5, 7, 3]
[1, 2, 6, 0, 5, 7, 4, 3]
failed -> 17 times
after fail n ======> 8
[6, 1, 2, 3, 5, 0, 4, 7]
0.125 0.13793103448275862
itercount --------> 1
[4, 0, 1]
0.13793103448275862 0.14285714285714285
itercount --------> 2
[1, 5, 2]
0.14285714285714285 0.14814814814814814
itercount --------> 3
[1, 4, 5]
0.14814814814814814 0.2
itercount --------> 4
[6, 1, 5]
[6, 1, 3]
0.2 0.22727272727272727
itercount --------> 5
[1, 2, 5]
[1, 2, 0]
[1, 2, 6]
[1, 2, 3]
[1, 2, 7]
[1, 2, 4]
[1, 2, 5, 0]
[1, 2, 5, 6]
[1, 2, 5, 3]
0.22727272727272727 0.25
itercount --------> 6
[6, 1, 3]
[6, 1, 4]
[6, 1, 5]
0.25 0.34615384615384615
itercount --------> 7
[5, 4, 6]
[5, 4, 3]
[5, 4, 1]
0.34615384615384615 0.34782608695652173
itercount --------> 8
[1, 2, 5]
[1, 2, 3]
[1, 2, 4]
[1, 2, 0]
0.34782608695652173 0.36363636363636365
itercount --------> 9
[1, 2, 5]
[1, 2, 0]
[1, 2, 4]
[1, 2, 3]
[1, 2, 6]
[1, 2, 7]
[1, 2, 5, 0]
[1, 2, 5, 4]
[1, 2, 5, 3]
[1, 2, 5, 6]
[1, 2, 5, 7]
[1, 2, 5, 0, 4]
[1, 2, 5, 0, 3]
[1, 2, 5, 0, 6]
[1, 2, 5, 0, 7]
[1, 2, 5, 0, 4, 3]
0.36363636363636365 0.375
itercount --------> 10
[5, 6, 4]
[5, 6, 1]
0.375 0.4090909090909091
itercount --------> 11
[1, 2, 0]
[1, 2, 5]
[1, 2, 4]
[1, 2, 6]
[1, 2, 3]
[1, 2, 7]
[1, 2, 0, 5]
[1, 2, 0, 4]
[1, 2, 0, 6]
[1, 2, 0, 3]
[1, 2, 0, 7]
[1, 2, 0, 5, 4]
[1, 2, 0, 5, 6]
[1, 2, 0, 5, 3]
[1, 2, 0, 5, 7]
[1, 2, 0, 5, 4, 6]
[1, 2, 0, 5, 4, 3]
0.4090909090909091 0.5
itercount --------> 12
[1, 2, 0]
[1, 2, 5]
[1, 2, 6]
[1, 2, 4]
[1, 2, 7]
[1, 2, 3]
[1, 2, 0, 5]
[1, 2, 0, 6]
[1, 2, 0, 4]
[1, 2, 0, 7]
[1, 2, 0, 3]
[1, 2, 0, 5, 6]
[1, 2, 0, 5, 4]
[1, 2, 0, 5, 7]
[1, 2, 0, 5, 3]
[1, 2, 0, 5, 6, 4]
[1, 2, 0, 5, 6, 7]
[1, 2, 0, 5, 6, 3]
[1, 2, 0, 5, 6, 4, 7]
[1, 2, 0, 5, 6, 4, 3]
[1, 2, 0, 5, 6, 4, 7, 3]
failed -> 18 times
after fail n ======> 5
[6, 1, 2, 3, 5]
0.125 0.13157894736842105
itercount --------> 1
[1, 2, 6]
0.13157894736842105 0.17391304347826086
itercount --------> 2
[1, 6, 5]
0.17391304347826086 0.18181818181818182
itercount --------> 3
[1, 2, 0]
[1, 2, 5]
[1, 2, 3]
0.18181818181818182 0.2727272727272727
itercount --------> 4
[1, 2, 6]
0.2727272727272727 0.4
itercount --------> 5
[2, 1, 4]
[2, 1, 6]
[2, 1, 0]
[2, 1, 5]
[2, 1, 3]
[2, 1, 7]
[2, 1, 4, 6]
0.4 0.41379310344827586
itercount --------> 6
[2, 4, 1]
[2, 4, 3]
[2, 4, 6]
[2, 4, 5]
[2, 4, 0]
[2, 4, 7]
[2, 4, 1, 3]
[2, 4, 1, 6]
[2, 4, 1, 5]
[2, 4, 1, 0]
[2, 4, 1, 7]
[2, 4, 1, 3, 6]
0.41379310344827586 0.43243243243243246
itercount --------> 7
[2, 1, 5]
0.43243243243243246 0.4375
itercount --------> 8
[1, 2, 4]
[1, 2, 5]
[1, 2, 0]
0.4375 0.4444444444444444
itercount --------> 9
[1, 2, 5]
[1, 2, 4]
[1, 2, 0]
[1, 2, 6]
[1, 2, 3]
[1, 2, 7]
[1, 2, 5, 4]
0.4444444444444444 0.46153846153846156
itercount --------> 10
[1, 2, 5]
[1, 2, 0]
0.46153846153846156 0.5217391304347826
itercount --------> 11
[1, 2, 5]
0.5217391304347826 0.5384615384615384
itercount --------> 12
[1, 2, 0]
[1, 2, 4]
[1, 2, 5]
[1, 2, 6]
[1, 2, 3]
[1, 2, 7]
0.5384615384615384 0.5416666666666666
itercount --------> 13
[1, 2, 5]
[1, 2, 0]
[1, 2, 3]
[1, 2, 4]
[1, 2, 7]
[1, 2, 6]
[1, 2, 5, 0]
[1, 2, 5, 3]
[1, 2, 5, 4]
[1, 2, 5, 7]
[1, 2, 5, 6]
0.5416666666666666 0.56
itercount --------> 14
[1, 7, 5]
[1, 7, 0]
[1, 7, 2]
[1, 7, 3]
[1, 7, 4]
[1, 7, 6]
[1, 7, 5, 0]
[1, 7, 5, 2]
0.56 0.6
itercount --------> 15
[1, 0, 4]
[1, 0, 2]
[1, 0, 5]
[1, 0, 3]
0.6 0.625
itercount --------> 16
[1, 2, 5]
[1, 2, 0]
[1, 2, 3]
[1, 2, 7]
[1, 2, 4]
[1, 2, 6]
[1, 2, 5, 0]
0.625 0.6666666666666666
itercount --------> 17
[1, 2, 5]
[1, 2, 3]
[1, 2, 0]
[1, 2, 7]
[1, 2, 4]
[1, 2, 6]
[1, 2, 5, 3]
[1, 2, 5, 0]
[1, 2, 5, 7]
[1, 2, 5, 4]
[1, 2, 5, 6]
[1, 2, 5, 3, 0]
[1, 2, 5, 3, 7]
[1, 2, 5, 3, 4]
[1, 2, 5, 3, 6]
[1, 2, 5, 3, 0, 7]
[1, 2, 5, 3, 0, 4]
[1, 2, 5, 3, 0, 6]
[1, 2, 5, 3, 0, 7, 4]
[1, 2, 5, 3, 0, 7, 6]
[1, 2, 5, 3, 0, 7, 4, 6]
failed -> 19 times
after fail n ======> 6
[6, 1, 2, 3, 5, 0]
0.125 0.15217391304347827
itercount --------> 1
[1, 5, 3]
0.15217391304347827 0.16393442622950818
itercount --------> 2
[1, 0, 5]
0.16393442622950818 0.2127659574468085
itercount --------> 3
[1, 2, 0]
0.2127659574468085 0.22
itercount --------> 4
[1, 2, 0]
0.22 0.3448275862068966
itercount --------> 5
[0, 1, 2]
[0, 1, 5]
[0, 1, 6]
0.3448275862068966 0.35555555555555557
itercount --------> 6
[1, 0, 2]
[1, 0, 6]
[1, 0, 5]
0.35555555555555557 0.42424242424242425
itercount --------> 7
[0, 1, 2]
0.42424242424242425 0.4666666666666667
itercount --------> 8
[0, 1, 2]
[0, 1, 5]
0.4666666666666667 0.5161290322580645
itercount --------> 9
[0, 1, 2]
[0, 1, 5]
[0, 1, 3]
[0, 1, 6]
[0, 1, 4]
[0, 1, 7]
[0, 1, 2, 5]
0.5161290322580645 0.5185185185185185
itercount --------> 10
[0, 1, 2]
[0, 1, 5]
[0, 1, 3]
[0, 1, 4]
[0, 1, 6]
[0, 1, 7]
[0, 1, 2, 5]
[0, 1, 2, 3]
0.5185185185185185 0.56
itercount --------> 11
[5, 0, 1]
[5, 0, 2]
[5, 0, 4]
[5, 0, 3]
[5, 0, 6]
[5, 0, 7]
[5, 0, 1, 2]
[5, 0, 1, 4]
0.56 0.5769230769230769
itercount --------> 12
[4, 5, 1]
[4, 5, 2]
[4, 5, 0]
[4, 5, 3]
[4, 5, 6]
[4, 5, 7]
[4, 5, 1, 2]
[4, 5, 1, 0]
[4, 5, 1, 3]
[4, 5, 1, 6]
[4, 5, 1, 7]
[4, 5, 1, 2, 0]
[4, 5, 1, 2, 3]
[4, 5, 1, 2, 6]
[4, 5, 1, 2, 7]
[4, 5, 1, 2, 0, 3]
[4, 5, 1, 2, 0, 6]
0.5769230769230769 0.6
itercount --------> 13
[5, 4, 0]
[5, 4, 1]
[5, 4, 2]
[5, 4, 3]
[5, 4, 6]
[5, 4, 7]
[5, 4, 0, 1]
[5, 4, 0, 2]
[5, 4, 0, 3]
[5, 4, 0, 6]
[5, 4, 0, 7]
[5, 4, 0, 1, 2]
[5, 4, 0, 1, 3]
[5, 4, 0, 1, 6]
[5, 4, 0, 1, 7]
[5, 4, 0, 1, 2, 3]
[5, 4, 0, 1, 2, 6]
[5, 4, 0, 1, 2, 7]
[5, 4, 0, 1, 2, 3, 6]
[5, 4, 0, 1, 2, 3, 7]
[5, 4, 0, 1, 2, 3, 6, 7]
failed -> 20 times
after fail n ======> 7
[6, 1, 2, 3, 5, 0, 4]
0.125 0.12962962962962962
itercount --------> 1
[1, 2, 6]
0.12962962962962962 0.17142857142857143
itercount --------> 2
[6, 2, 3]
0.17142857142857143 0.24
itercount --------> 3
[6, 5, 3]
0.24 0.2608695652173913
itercount --------> 4
[6, 4, 5]
[6, 4, 1]
[6, 4, 2]
[6, 4, 3]
[6, 4, 0]
[6, 4, 7]
[6, 4, 5, 1]
0.2608695652173913 0.2727272727272727
itercount --------> 5
[1, 2, 6]
[1, 2, 5]
[1, 2, 0]
[1, 2, 3]
[1, 2, 4]
[1, 2, 7]
[1, 2, 6, 5]
[1, 2, 6, 0]
[1, 2, 6, 3]
[1, 2, 6, 4]
[1, 2, 6, 7]
[1, 2, 6, 5, 0]
[1, 2, 6, 5, 3]
[1, 2, 6, 5, 4]
[1, 2, 6, 5, 7]
[1, 2, 6, 5, 0, 3]
[1, 2, 6, 5, 0, 4]
[1, 2, 6, 5, 0, 7]
[1, 2, 6, 5, 0, 3, 4]
[1, 2, 6, 5, 0, 3, 7]
[1, 2, 6, 5, 0, 3, 4, 7]
failed -> 21 times
after fail n ======> 8
[6, 1, 2, 3, 5, 0, 4, 7]
0.125 0.13793103448275862
itercount --------> 1
[6, 2, 3]
0.13793103448275862 0.17391304347826086
itercount --------> 2
[6, 5, 3]
0.17391304347826086 0.24
itercount --------> 3
[6, 5, 3]
0.24 0.2608695652173913
itercount --------> 4
[6, 4, 5]
0.2608695652173913 0.3181818181818182
itercount --------> 5
[6, 1, 2]
[6, 1, 0]
[6, 1, 5]
0.3181818181818182 0.32
itercount --------> 6
[6, 5, 7]
[6, 5, 3]
[6, 5, 4]
[6, 5, 1]
[6, 5, 2]
[6, 5, 0]
[6, 5, 7, 3]
[6, 5, 7, 4]
[6, 5, 7, 1]
[6, 5, 7, 2]
[6, 5, 7, 0]
[6, 5, 7, 3, 4]
[6, 5, 7, 3, 1]
[6, 5, 7, 3, 2]
[6, 5, 7, 3, 0]
[6, 5, 7, 3, 4, 1]
[6, 5, 7, 3, 4, 2]
[6, 5, 7, 3, 4, 0]
[6, 5, 7, 3, 4, 1, 2]
[6, 5, 7, 3, 4, 1, 0]
[6, 5, 7, 3, 4, 1, 2, 0]
failed -> 22 times
after fail n ======> 5
[6, 1, 2, 3, 5]
0.125 0.13157894736842105
itercount --------> 1
[2, 1, 6]
0.13157894736842105 0.17857142857142858
itercount --------> 2
[2, 1, 6]
[2, 1, 5]
[2, 1, 3]
0.17857142857142858 0.25
itercount --------> 3
[1, 2, 6]
0.25 0.2727272727272727
itercount --------> 4
[1, 2, 6]
[1, 2, 5]
[1, 2, 0]
[1, 2, 3]
[1, 2, 4]
[1, 2, 7]
[1, 2, 6, 5]
[1, 2, 6, 0]
[1, 2, 6, 3]
[1, 2, 6, 4]
[1, 2, 6, 7]
[1, 2, 6, 5, 0]
[1, 2, 6, 5, 3]
[1, 2, 6, 5, 4]
[1, 2, 6, 5, 7]
[1, 2, 6, 5, 0, 3]
[1, 2, 6, 5, 0, 4]
[1, 2, 6, 5, 0, 7]
[1, 2, 6, 5, 0, 3, 4]
[1, 2, 6, 5, 0, 3, 7]
[1, 2, 6, 5, 0, 3, 4, 7]
failed -> 23 times
after fail n ======> 6
[6, 1, 2, 3, 5, 0]
0.125 0.13793103448275862
itercount --------> 1
[1, 6, 2]
0.13793103448275862 0.14285714285714285
itercount --------> 2
[2, 3, 6]
[2, 3, 4]
0.14285714285714285 0.17391304347826086
itercount --------> 3
[1, 2, 5]
[1, 2, 6]
0.17391304347826086 0.18181818181818182
itercount --------> 4
[1, 2, 0]
[1, 2, 5]
[1, 2, 3]
[1, 2, 6]
[1, 2, 7]
[1, 2, 4]
[1, 2, 0, 5]
[1, 2, 0, 3]
[1, 2, 0, 6]
[1, 2, 0, 7]
[1, 2, 0, 4]
[1, 2, 0, 5, 3]
[1, 2, 0, 5, 6]
[1, 2, 0, 5, 7]
[1, 2, 0, 5, 4]
[1, 2, 0, 5, 3, 6]
0.18181818181818182 0.20689655172413793
itercount --------> 5
[6, 4, 3]
[6, 4, 1]
[6, 4, 0]
0.20689655172413793 0.21428571428571427
itercount --------> 6
[6, 4, 3]
[6, 4, 1]
0.21428571428571427 0.25
itercount --------> 7
[6, 4, 3]
[6, 4, 0]
[6, 4, 5]
0.25 0.2916666666666667
itercount --------> 8
[6, 1, 2]
0.2916666666666667 0.3235294117647059
itercount --------> 9
[3, 4, 5]
[3, 4, 7]
[3, 4, 1]
[3, 4, 6]
[3, 4, 0]
[3, 4, 2]
[3, 4, 5, 7]
[3, 4, 5, 1]
[3, 4, 5, 6]
[3, 4, 5, 0]
[3, 4, 5, 2]
[3, 4, 5, 7, 1]
[3, 4, 5, 7, 6]
[3, 4, 5, 7, 0]
[3, 4, 5, 7, 2]
[3, 4, 5, 7, 1, 6]
[3, 4, 5, 7, 1, 0]
0.3235294117647059 0.38461538461538464
itercount --------> 10
[3, 4, 5]
[3, 4, 6]
[3, 4, 7]
[3, 4, 1]
[3, 4, 2]
[3, 4, 0]
[3, 4, 5, 6]
[3, 4, 5, 7]
[3, 4, 5, 1]
[3, 4, 5, 2]
[3, 4, 5, 0]
[3, 4, 5, 6, 7]
[3, 4, 5, 6, 1]
[3, 4, 5, 6, 2]
[3, 4, 5, 6, 0]
[3, 4, 5, 6, 7, 1]
[3, 4, 5, 6, 7, 2]
[3, 4, 5, 6, 7, 0]
[3, 4, 5, 6, 7, 1, 2]
[3, 4, 5, 6, 7, 1, 0]
[3, 4, 5, 6, 7, 1, 2, 0]
failed -> 24 times
after fail n ======> 7
[6, 1, 2, 3, 5, 0, 4]
0.125 0.15217391304347827
itercount --------> 1
[1, 2, 6]
0.15217391304347827 0.23333333333333334
itercount --------> 2
[6, 1, 2]
[6, 1, 4]
0.23333333333333334 0.2608695652173913
itercount --------> 3
[6, 4, 5]
[6, 4, 1]
[6, 4, 2]
[6, 4, 3]
[6, 4, 0]
[6, 4, 7]
[6, 4, 5, 1]
0.2608695652173913 0.2727272727272727
itercount --------> 4
[1, 2, 6]
0.2727272727272727 0.27586206896551724
itercount --------> 5
[2, 6, 3]
0.27586206896551724 0.2857142857142857
itercount --------> 6
[2, 3, 4]
0.2857142857142857 0.2916666666666667
itercount --------> 7
[4, 1, 2]
0.2916666666666667 0.36
itercount --------> 8
[2, 1, 4]
[2, 1, 6]
[2, 1, 5]
0.36 0.391304347826087
itercount --------> 9
[1, 2, 5]
[1, 2, 4]
[1, 2, 6]
[1, 2, 3]
[1, 2, 0]
[1, 2, 7]
[1, 2, 5, 4]
[1, 2, 5, 6]
[1, 2, 5, 3]
[1, 2, 5, 0]
[1, 2, 5, 7]
[1, 2, 5, 4, 6]
[1, 2, 5, 4, 3]
[1, 2, 5, 4, 0]
[1, 2, 5, 4, 7]
[1, 2, 5, 4, 6, 3]
[1, 2, 5, 4, 6, 0]
[1, 2, 5, 4, 6, 7]
[1, 2, 5, 4, 6, 3, 0]
[1, 2, 5, 4, 6, 3, 7]
[1, 2, 5, 4, 6, 3, 0, 7]
failed -> 25 times
after fail n ======> 8
[6, 1, 2, 3, 5, 0, 4, 7]
0.125 0.13793103448275862
itercount --------> 1
[6, 1, 3]
0.13793103448275862 0.21428571428571427
itercount --------> 2
[6, 2, 4]
[6, 2, 1]
[6, 2, 3]
[6, 2, 5]
0.21428571428571427 0.25925925925925924
itercount --------> 3
[6, 4, 1]
[6, 4, 2]
[6, 4, 3]
[6, 4, 5]
0.25925925925925924 0.2962962962962963
itercount --------> 4
[6, 1, 3]
0.2962962962962963 0.3181818181818182
itercount --------> 5
[6, 1, 2]
0.3181818181818182 0.35714285714285715
itercount --------> 6
[3, 2, 6]
[3, 2, 4]
[3, 2, 5]
[3, 2, 1]
[3, 2, 7]
[3, 2, 0]
[3, 2, 6, 4]
[3, 2, 6, 5]
[3, 2, 6, 1]
0.35714285714285715 0.37037037037037035
itercount --------> 7
[3, 4, 6]
[3, 4, 1]
[3, 4, 2]
[3, 4, 5]
[3, 4, 0]
[3, 4, 7]
[3, 4, 6, 1]
0.37037037037037035 0.4
itercount --------> 8
[1, 6, 2]
[1, 6, 4]
[1, 6, 5]
[1, 6, 3]
[1, 6, 0]
[1, 6, 7]
[1, 6, 2, 4]
[1, 6, 2, 5]
0.4 0.4074074074074074
itercount --------> 9
[6, 1, 3]
[6, 1, 5]
0.4074074074074074 0.43478260869565216
itercount --------> 10
[1, 2, 5]
[1, 2, 6]
[1, 2, 4]
[1, 2, 3]
[1, 2, 0]
[1, 2, 7]
[1, 2, 5, 6]
[1, 2, 5, 4]
[1, 2, 5, 3]
[1, 2, 5, 0]
0.43478260869565216 0.44
itercount --------> 11
[6, 5, 3]
[6, 5, 7]
[6, 5, 4]
[6, 5, 1]
[6, 5, 2]
[6, 5, 0]
[6, 5, 3, 7]
[6, 5, 3, 4]
[6, 5, 3, 1]
0.44 0.45161290322580644
itercount --------> 12
[1, 4, 6]
[1, 4, 3]
[1, 4, 5]
[1, 4, 7]
[1, 4, 0]
[1, 4, 2]
0.45161290322580644 0.4666666666666667
itercount --------> 13
[1, 5, 4]
[1, 5, 3]
[1, 5, 6]
[1, 5, 7]
[1, 5, 2]
[1, 5, 0]
[1, 5, 4, 3]
[1, 5, 4, 6]
[1, 5, 4, 7]
[1, 5, 4, 2]
[1, 5, 4, 0]
[1, 5, 4, 3, 6]
0.4666666666666667 0.5
itercount --------> 14
[1, 5, 4]
[1, 5, 2]
[1, 5, 3]
[1, 5, 6]
[1, 5, 0]
0.5 0.5333333333333333
itercount --------> 15
[1, 2, 3]
[1, 2, 5]
[1, 2, 4]
[1, 2, 0]
[1, 2, 6]
[1, 2, 7]
[1, 2, 3, 5]
[1, 2, 3, 4]
[1, 2, 3, 0]
0.5333333333333333 0.5666666666666667
itercount --------> 16
[1, 3, 5]
[1, 3, 6]
[1, 3, 2]
0.5666666666666667 0.5862068965517241
itercount --------> 17
[1, 2, 3]
[1, 2, 5]
[1, 2, 6]
[1, 2, 4]
[1, 2, 0]
[1, 2, 7]
[1, 2, 3, 5]
[1, 2, 3, 6]
[1, 2, 3, 4]
[1, 2, 3, 0]
[1, 2, 3, 7]
[1, 2, 3, 5, 6]
[1, 2, 3, 5, 4]
[1, 2, 3, 5, 0]
[1, 2, 3, 5, 7]
[1, 2, 3, 5, 6, 4]
[1, 2, 3, 5, 6, 0]
[1, 2, 3, 5, 6, 7]
[1, 2, 3, 5, 6, 4, 0]
[1, 2, 3, 5, 6, 4, 7]
[1, 2, 3, 5, 6, 4, 0, 7]
failed -> 26 times
after fail n ======> 5
[6, 1, 2, 3, 5]
0.125 0.13793103448275862
itercount --------> 1
[6, 2, 3]
[6, 2, 5]
0.13793103448275862 0.15384615384615385
itercount --------> 2
[6, 5, 2]
0.15384615384615385 0.17391304347826086
itercount --------> 3
[6, 5, 3]
0.17391304347826086 0.18181818181818182
itercount --------> 4
[1, 2, 0]
[1, 2, 5]
[1, 2, 3]
0.18181818181818182 0.2727272727272727
itercount --------> 5
[1, 2, 6]
[1, 2, 5]
[1, 2, 0]
[1, 2, 3]
[1, 2, 4]
[1, 2, 7]
[1, 2, 6, 5]
[1, 2, 6, 0]
[1, 2, 6, 3]
[1, 2, 6, 4]
[1, 2, 6, 7]
[1, 2, 6, 5, 0]
[1, 2, 6, 5, 3]
[1, 2, 6, 5, 4]
[1, 2, 6, 5, 7]
[1, 2, 6, 5, 0, 3]
[1, 2, 6, 5, 0, 4]
[1, 2, 6, 5, 0, 7]
[1, 2, 6, 5, 0, 3, 4]
[1, 2, 6, 5, 0, 3, 7]
[1, 2, 6, 5, 0, 3, 4, 7]
failed -> 27 times
after fail n ======> 6
[6, 1, 2, 3, 5, 0]
0.125 0.14814814814814814
itercount --------> 1
[3, 2, 6]
0.14814814814814814 0.17391304347826086
itercount --------> 2
[6, 5, 3]
0.17391304347826086 0.25
itercount --------> 3
[6, 2, 5]
0.25 0.2608695652173913
itercount --------> 4
[2, 3, 5]
[2, 3, 6]
[2, 3, 1]
[2, 3, 4]
[2, 3, 0]
0.2608695652173913 0.2727272727272727
itercount --------> 5
[1, 2, 6]
[1, 2, 5]
[1, 2, 0]
[1, 2, 3]
[1, 2, 4]
[1, 2, 7]
[1, 2, 6, 5]
0.2727272727272727 0.28
itercount --------> 6
[3, 6, 5]
[3, 6, 4]
[3, 6, 1]
[3, 6, 7]
[3, 6, 0]
[3, 6, 2]
[3, 6, 5, 4]
0.28 0.3448275862068966
itercount --------> 7
[3, 6, 4]
[3, 6, 1]
[3, 6, 5]
[3, 6, 7]
[3, 6, 2]
[3, 6, 0]
[3, 6, 4, 1]
[3, 6, 4, 5]
[3, 6, 4, 7]
[3, 6, 4, 2]
0.3448275862068966 0.35714285714285715
itercount --------> 8
[6, 1, 3]
[6, 1, 5]
0.35714285714285715 0.391304347826087
itercount --------> 9
[2, 6, 5]
[2, 6, 4]
[2, 6, 1]
0.391304347826087 0.4090909090909091
itercount --------> 10
[1, 2, 0]
0.4090909090909091 0.43478260869565216
itercount --------> 11
[2, 6, 5]
[2, 6, 4]
[2, 6, 3]
[2, 6, 1]
[2, 6, 7]
[2, 6, 0]
[2, 6, 5, 4]
[2, 6, 5, 3]
[2, 6, 5, 1]
[2, 6, 5, 7]
[2, 6, 5, 0]
[2, 6, 5, 4, 3]
[2, 6, 5, 4, 1]
[2, 6, 5, 4, 7]
[2, 6, 5, 4, 0]
[2, 6, 5, 4, 3, 1]
[2, 6, 5, 4, 3, 7]
[2, 6, 5, 4, 3, 0]
[2, 6, 5, 4, 3, 1, 7]
[2, 6, 5, 4, 3, 1, 0]
[2, 6, 5, 4, 3, 1, 7, 0]
failed -> 28 times
after fail n ======> 7
[6, 1, 2, 3, 5, 0, 4]
0.125 0.12962962962962962
itercount --------> 1
[1, 2, 6]
0.12962962962962962 0.2
itercount --------> 2
[1, 5, 6]
0.2 0.2727272727272727
itercount --------> 3
[1, 2, 6]
0.2727272727272727 0.3076923076923077
itercount --------> 4
[2, 1, 5]
0.3076923076923077 0.3125
itercount --------> 5
[1, 2, 4]
[1, 2, 5]
[1, 2, 6]
[1, 2, 0]
0.3125 0.32
itercount --------> 6
[1, 2, 5]
[1, 2, 6]
[1, 2, 3]
[1, 2, 4]
[1, 2, 0]
[1, 2, 7]
[1, 2, 5, 6]
0.32 0.4666666666666667
itercount --------> 7
[2, 5, 1]
[2, 5, 3]
[2, 5, 4]
0.4666666666666667 0.5
itercount --------> 8
[2, 4, 5]
[2, 4, 1]
[2, 4, 0]
[2, 4, 3]
[2, 4, 6]
[2, 4, 7]
[2, 4, 5, 1]
[2, 4, 5, 0]
0.5 0.5185185185185185
itercount --------> 9
[1, 2, 5]
[1, 2, 3]
[1, 2, 4]
[1, 2, 0]
0.5185185185185185 0.56
itercount --------> 10
[5, 1, 2]
[5, 1, 3]
[5, 1, 0]
[5, 1, 4]
[5, 1, 6]
[5, 1, 7]
[5, 1, 2, 3]
[5, 1, 2, 0]
[5, 1, 2, 4]
[5, 1, 2, 6]
[5, 1, 2, 7]
0.56 0.5833333333333334
itercount --------> 11
[5, 3, 4]
[5, 3, 0]
[5, 3, 1]
[5, 3, 2]
[5, 3, 6]
[5, 3, 7]
[5, 3, 4, 0]
[5, 3, 4, 1]
[5, 3, 4, 2]
[5, 3, 4, 6]
[5, 3, 4, 7]
[5, 3, 4, 0, 1]
[5, 3, 4, 0, 2]
[5, 3, 4, 0, 6]
[5, 3, 4, 0, 7]
[5, 3, 4, 0, 1, 2]
[5, 3, 4, 0, 1, 6]
[5, 3, 4, 0, 1, 7]
[5, 3, 4, 0, 1, 2, 6]
[5, 3, 4, 0, 1, 2, 7]
[5, 3, 4, 0, 1, 2, 6, 7]
failed -> 29 times
after fail n ======> 8
[6, 1, 2, 3, 5, 0, 4, 7]
0.125 0.13793103448275862
itercount --------> 1
[6, 1, 3]
0.13793103448275862 0.17391304347826086
itercount --------> 2
[6, 5, 3]
0.17391304347826086 0.2608695652173913
itercount --------> 3
[6, 4, 5]
0.2608695652173913 0.3181818181818182
itercount --------> 4
[6, 1, 2]
[6, 1, 0]
[6, 1, 5]
[6, 1, 4]
[6, 1, 3]
[6, 1, 7]
[6, 1, 2, 0]
[6, 1, 2, 5]
0.3181818181818182 0.32
itercount --------> 5
[6, 5, 7]
[6, 5, 3]
[6, 5, 4]
[6, 5, 1]
[6, 5, 2]
[6, 5, 0]
[6, 5, 7, 3]
[6, 5, 7, 4]
[6, 5, 7, 1]
[6, 5, 7, 2]
[6, 5, 7, 0]
[6, 5, 7, 3, 4]
[6, 5, 7, 3, 1]
[6, 5, 7, 3, 2]
[6, 5, 7, 3, 0]
[6, 5, 7, 3, 4, 1]
[6, 5, 7, 3, 4, 2]
[6, 5, 7, 3, 4, 0]
[6, 5, 7, 3, 4, 1, 2]
[6, 5, 7, 3, 4, 1, 0]
[6, 5, 7, 3, 4, 1, 2, 0]
0.32 0.3448275862068966
itercount --------> 6
[6, 5, 2]
0.3448275862068966 0.4583333333333333
itercount --------> 7
[4, 3, 0]
0.4583333333333333 0.5
itercount --------> 8
[0, 1, 2]
[0, 1, 5]
[0, 1, 6]
[0, 1, 7]
[0, 1, 3]
[0, 1, 4]
[0, 1, 2, 5]
[0, 1, 2, 6]
[0, 1, 2, 7]
[0, 1, 2, 3]
[0, 1, 2, 4]
[0, 1, 2, 5, 6]
0.5 0.5384615384615384
itercount --------> 9
[0, 1, 2]
[0, 1, 4]
[0, 1, 3]
[0, 1, 5]
0.5384615384615384 0.5483870967741935
itercount --------> 10
[0, 5, 1]
[0, 5, 2]
[0, 5, 4]
[0, 5, 7]
[0, 5, 3]
[0, 5, 6]
[0, 5, 1, 2]
[0, 5, 1, 4]
0.5483870967741935 0.6153846153846154
itercount --------> 11
[1, 2, 0]
[1, 2, 3]
[1, 2, 5]
[1, 2, 4]
[1, 2, 7]
[1, 2, 6]
[1, 2, 0, 3]
[1, 2, 0, 5]
[1, 2, 0, 4]
[1, 2, 0, 7]
[1, 2, 0, 6]
0.6153846153846154 0.64
itercount --------> 12
[1, 2, 5]
[1, 2, 3]
[1, 2, 0]
[1, 2, 7]
[1, 2, 4]
[1, 2, 6]
[1, 2, 5, 3]
[1, 2, 5, 0]
[1, 2, 5, 7]
0.64 0.6666666666666666
itercount --------> 13
[5, 1, 2]
[5, 1, 3]
[5, 1, 4]
[5, 1, 0]
[5, 1, 7]
[5, 1, 6]
[5, 1, 2, 3]
[5, 1, 2, 4]
[5, 1, 2, 0]
[5, 1, 2, 7]
[5, 1, 2, 6]
[5, 1, 2, 3, 4]
[5, 1, 2, 3, 0]
[5, 1, 2, 3, 7]
[5, 1, 2, 3, 6]
[5, 1, 2, 3, 4, 0]
[5, 1, 2, 3, 4, 7]
[5, 1, 2, 3, 4, 6]
[5, 1, 2, 3, 4, 0, 7]
[5, 1, 2, 3, 4, 0, 6]
[5, 1, 2, 3, 4, 0, 7, 6]
failed -> 30 times
after fail n ======> 5
[6, 1, 2, 3, 5]
0.125 0.13793103448275862
itercount --------> 1
[2, 6, 1]
0.13793103448275862 0.17391304347826086
itercount --------> 2
[1, 2, 5]
[1, 2, 6]
0.17391304347826086 0.18181818181818182
itercount --------> 3
[1, 2, 0]
[1, 2, 5]
[1, 2, 3]
[1, 2, 6]
[1, 2, 7]
[1, 2, 4]
[1, 2, 0, 5]
[1, 2, 0, 3]
0.18181818181818182 0.24
itercount --------> 4
[6, 4, 3]
[6, 4, 0]
[6, 4, 5]
[6, 4, 1]
[6, 4, 2]
[6, 4, 7]
[6, 4, 3, 0]
[6, 4, 3, 5]
0.24 0.28
itercount --------> 5
[6, 4, 0]
[6, 4, 3]
0.28 0.34615384615384615
itercount --------> 6
[6, 0, 1]
0.34615384615384615 0.375
itercount --------> 7
[6, 5, 1]
[6, 5, 2]
[6, 5, 4]
0.375 0.4090909090909091
itercount --------> 8
[1, 2, 6]
[1, 2, 0]
[1, 2, 5]
[1, 2, 7]
[1, 2, 4]
[1, 2, 3]
[1, 2, 6, 0]
0.4090909090909091 0.4166666666666667
itercount --------> 9
[6, 0, 3]
[6, 0, 7]
[6, 0, 1]
0.4166666666666667 0.4827586206896552
itercount --------> 10
[6, 4, 0]
[6, 4, 1]
[6, 4, 3]
[6, 4, 7]
[6, 4, 2]
[6, 4, 5]
[6, 4, 0, 1]
[6, 4, 0, 3]
[6, 4, 0, 7]
[6, 4, 0, 2]
0.4827586206896552 0.5
itercount --------> 11
[4, 1, 0]
[4, 1, 6]
[4, 1, 2]
[4, 1, 3]
[4, 1, 7]
[4, 1, 5]
[4, 1, 0, 6]
[4, 1, 0, 2]
[4, 1, 0, 3]
[4, 1, 0, 7]
[4, 1, 0, 5]
[4, 1, 0, 6, 2]
[4, 1, 0, 6, 3]
[4, 1, 0, 6, 7]
[4, 1, 0, 6, 5]
[4, 1, 0, 6, 2, 3]
[4, 1, 0, 6, 2, 7]
[4, 1, 0, 6, 2, 5]
[4, 1, 0, 6, 2, 3, 7]
[4, 1, 0, 6, 2, 3, 5]
[4, 1, 0, 6, 2, 3, 7, 5]
failed -> 31 times
after fail n ======> 6
[6, 1, 2, 3, 5, 0]
0.125 0.14705882352941177
itercount --------> 1
[2, 6, 5]
0.14705882352941177 0.19230769230769232
itercount --------> 2
[2, 6, 5]
[2, 6, 1]
0.19230769230769232 0.2127659574468085
itercount --------> 3
[2, 1, 3]
0.2127659574468085 0.2727272727272727
itercount --------> 4
[1, 2, 6]
0.2727272727272727 0.3225806451612903
itercount --------> 5
[1, 2, 6]
0.3225806451612903 0.42105263157894735
itercount --------> 6
[1, 2, 0]
[1, 2, 6]
[1, 2, 4]
0.42105263157894735 0.45161290322580644
itercount --------> 7
[1, 2, 0]
0.45161290322580644 0.4722222222222222
itercount --------> 8
[1, 2, 6]
[1, 2, 4]
[1, 2, 0]
[1, 2, 3]
[1, 2, 5]
[1, 2, 7]
[1, 2, 6, 4]
[1, 2, 6, 0]
0.4722222222222222 0.5185185185185185
itercount --------> 9
[1, 4, 6]
[1, 4, 0]
[1, 4, 3]
[1, 4, 2]
[1, 4, 5]
[1, 4, 7]
[1, 4, 6, 0]
0.5185185185185185 0.5517241379310345
itercount --------> 10
[1, 0, 2]
[1, 0, 4]
[1, 0, 5]
[1, 0, 3]
[1, 0, 6]
[1, 0, 7]
[1, 0, 2, 4]
[1, 0, 2, 5]
[1, 0, 2, 3]
0.5517241379310345 0.5714285714285714
itercount --------> 11
[0, 1, 6]
[0, 1, 2]
[0, 1, 5]
[0, 1, 3]
[0, 1, 4]
[0, 1, 7]
[0, 1, 6, 2]
[0, 1, 6, 5]
[0, 1, 6, 3]
[0, 1, 6, 4]
[0, 1, 6, 7]
[0, 1, 6, 2, 5]
[0, 1, 6, 2, 3]
[0, 1, 6, 2, 4]
[0, 1, 6, 2, 7]
[0, 1, 6, 2, 5, 3]
[0, 1, 6, 2, 5, 4]
[0, 1, 6, 2, 5, 7]
[0, 1, 6, 2, 5, 3, 4]
[0, 1, 6, 2, 5, 3, 7]
[0, 1, 6, 2, 5, 3, 4, 7]
failed -> 32 times
after fail n ======> 7
[6, 1, 2, 3, 5, 0, 4]
0.125 0.13793103448275862
itercount --------> 1
[6, 2, 3]
0.13793103448275862 0.1935483870967742
itercount --------> 2
[6, 2, 4]
0.1935483870967742 0.2222222222222222
itercount --------> 3
[6, 2, 4]
[6, 2, 1]
[6, 2, 5]
[6, 2, 3]
0.2222222222222222 0.2608695652173913
itercount --------> 4
[6, 4, 5]
[6, 4, 1]
[6, 4, 2]
[6, 4, 3]
[6, 4, 0]
[6, 4, 7]
[6, 4, 5, 1]
0.2608695652173913 0.2727272727272727
itercount --------> 5
[1, 2, 6]
[1, 2, 5]
[1, 2, 0]
[1, 2, 3]
[1, 2, 4]
[1, 2, 7]
[1, 2, 6, 5]
[1, 2, 6, 0]
[1, 2, 6, 3]
[1, 2, 6, 4]
[1, 2, 6, 7]
[1, 2, 6, 5, 0]
0.2727272727272727 0.29411764705882354
itercount --------> 6
[3, 4, 1]
[3, 4, 2]
[3, 4, 5]
[3, 4, 6]
[3, 4, 7]
[3, 4, 0]
[3, 4, 1, 2]
0.29411764705882354 0.3333333333333333
itercount --------> 7
[4, 3, 5]
[4, 3, 6]
[4, 3, 1]
[4, 3, 0]
[4, 3, 7]
[4, 3, 2]
[4, 3, 5, 6]
[4, 3, 5, 1]
0.3333333333333333 0.41935483870967744
itercount --------> 8
[1, 5, 4]
[1, 5, 6]
[1, 5, 2]
[1, 5, 3]
0.41935483870967744 0.4444444444444444
itercount --------> 9
[5, 1, 6]
[5, 1, 3]
[5, 1, 4]
[5, 1, 7]
[5, 1, 2]
[5, 1, 0]
[5, 1, 6, 3]
[5, 1, 6, 4]
[5, 1, 6, 7]
0.4444444444444444 0.5
itercount --------> 10
[5, 1, 3]
[5, 1, 4]
[5, 1, 2]
[5, 1, 0]
[5, 1, 6]
[5, 1, 7]
[5, 1, 3, 4]
[5, 1, 3, 2]
0.5 0.5142857142857142
itercount --------> 11
[1, 5, 4]
[1, 5, 3]
[1, 5, 0]
[1, 5, 2]
[1, 5, 6]
[1, 5, 7]
[1, 5, 4, 3]
0.5142857142857142 0.5294117647058824
itercount --------> 12
[4, 5, 6]
[4, 5, 3]
[4, 5, 1]
[4, 5, 0]
[4, 5, 2]
[4, 5, 7]
[4, 5, 6, 3]
[4, 5, 6, 1]
[4, 5, 6, 0]
[4, 5, 6, 2]
[4, 5, 6, 7]
[4, 5, 6, 3, 1]
[4, 5, 6, 3, 0]
[4, 5, 6, 3, 2]
[4, 5, 6, 3, 7]
[4, 5, 6, 3, 1, 0]
[4, 5, 6, 3, 1, 2]
[4, 5, 6, 3, 1, 7]
[4, 5, 6, 3, 1, 0, 2]
0.5294117647058824 0.5333333333333333
itercount --------> 13
[0, 5, 3]
[0, 5, 4]
[0, 5, 6]
[0, 5, 1]
[0, 5, 2]
0.5333333333333333 0.5454545454545454
itercount --------> 14
[4, 5, 6]
[4, 5, 3]
[4, 5, 0]
[4, 5, 1]
[4, 5, 2]
[4, 5, 7]
[4, 5, 6, 3]
[4, 5, 6, 0]
[4, 5, 6, 1]
[4, 5, 6, 2]
[4, 5, 6, 7]
[4, 5, 6, 3, 0]
[4, 5, 6, 3, 1]
[4, 5, 6, 3, 2]
[4, 5, 6, 3, 7]
[4, 5, 6, 3, 0, 1]
[4, 5, 6, 3, 0, 2]
0.5454545454545454 0.6
itercount --------> 15
[6, 3, 5]
[6, 3, 4]
[6, 3, 0]
[6, 3, 1]
[6, 3, 2]
[6, 3, 7]
[6, 3, 5, 4]
[6, 3, 5, 0]
[6, 3, 5, 1]
[6, 3, 5, 2]
[6, 3, 5, 7]
[6, 3, 5, 4, 0]
[6, 3, 5, 4, 1]
[6, 3, 5, 4, 2]
[6, 3, 5, 4, 7]
[6, 3, 5, 4, 0, 1]
[6, 3, 5, 4, 0, 2]
[6, 3, 5, 4, 0, 7]
[6, 3, 5, 4, 0, 1, 2]
[6, 3, 5, 4, 0, 1, 7]
[6, 3, 5, 4, 0, 1, 2, 7]
failed -> 33 times
after fail n ======> 8
[6, 1, 2, 3, 5, 0, 4, 7]
0.125 0.1276595744680851
itercount --------> 1
[1, 2, 4]
0.1276595744680851 0.20512820512820512
itercount --------> 2
[5, 1, 4]
0.20512820512820512 0.22580645161290322
itercount --------> 3
[4, 5, 6]
[4, 5, 1]
0.22580645161290322 0.3142857142857143
itercount --------> 4
[5, 4, 3]
0.3142857142857143 0.3939393939393939
itercount --------> 5
[5, 1, 4]
0.3939393939393939 0.43243243243243246
itercount --------> 6
[1, 5, 2]
[1, 5, 3]
[1, 5, 4]
[1, 5, 6]
[1, 5, 0]
[1, 5, 7]
[1, 5, 2, 3]
0.43243243243243246 0.43333333333333335
itercount --------> 7
[1, 5, 2]
[1, 5, 4]
[1, 5, 6]
[1, 5, 3]
[1, 5, 7]
[1, 5, 0]
[1, 5, 2, 4]
0.43333333333333335 0.4642857142857143
itercount --------> 8
[5, 4, 1]
[5, 4, 6]
[5, 4, 7]
[5, 4, 2]
[5, 4, 3]
[5, 4, 0]
[5, 4, 1, 6]
[5, 4, 1, 7]
0.4642857142857143 0.4666666666666667
itercount --------> 9
[5, 1, 6]
[5, 1, 4]
[5, 1, 3]
[5, 1, 2]
[5, 1, 7]
[5, 1, 0]
[5, 1, 6, 4]
[5, 1, 6, 3]
[5, 1, 6, 2]
[5, 1, 6, 7]
[5, 1, 6, 0]
[5, 1, 6, 4, 3]
[5, 1, 6, 4, 2]
[5, 1, 6, 4, 7]
[5, 1, 6, 4, 0]
[5, 1, 6, 4, 3, 2]
[5, 1, 6, 4, 3, 7]
[5, 1, 6, 4, 3, 0]
[5, 1, 6, 4, 3, 2, 7]
[5, 1, 6, 4, 3, 2, 0]
[5, 1, 6, 4, 3, 2, 7, 0]
failed -> 34 times
after fail n ======> 5
[6, 1, 2, 3, 5]
0.125 0.15217391304347827
itercount --------> 1
[1, 2, 6]
0.15217391304347827 0.2608695652173913
itercount --------> 2
[6, 4, 5]
0.2608695652173913 0.3181818181818182
itercount --------> 3
[6, 1, 2]
[6, 1, 0]
[6, 1, 5]
0.3181818181818182 0.3333333333333333
itercount --------> 4
[6, 4, 0]
[6, 4, 5]
[6, 4, 3]
[6, 4, 7]
[6, 4, 1]
0.3333333333333333 0.3448275862068966
itercount --------> 5
[4, 6, 3]
[4, 6, 5]
[4, 6, 7]
[4, 6, 0]
[4, 6, 1]
[4, 6, 2]
[4, 6, 3, 5]
0.3448275862068966 0.5
itercount --------> 6
[5, 4, 6]
[5, 4, 3]
[5, 4, 1]
0.5 0.5357142857142857
itercount --------> 7
[4, 5, 3]
[4, 5, 1]
[4, 5, 2]
[4, 5, 0]
[4, 5, 6]
[4, 5, 7]
[4, 5, 3, 1]
[4, 5, 3, 2]
0.5357142857142857 0.5714285714285714
itercount --------> 8
[4, 5, 1]
[4, 5, 2]
[4, 5, 3]
[4, 5, 0]
0.5714285714285714 0.5833333333333334
itercount --------> 9
[5, 3, 4]
[5, 3, 0]
[5, 3, 1]
0.5833333333333334 0.625
itercount --------> 10
[5, 0, 3]
[5, 0, 4]
[5, 0, 1]
[5, 0, 2]
[5, 0, 6]
[5, 0, 7]
[5, 0, 3, 4]
[5, 0, 3, 1]
0.625 0.64
itercount --------> 11
[3, 5, 4]
[3, 5, 1]
[3, 5, 2]
[3, 5, 0]
[3, 5, 6]
[3, 5, 7]
[3, 5, 4, 1]
[3, 5, 4, 2]
[3, 5, 4, 0]
[3, 5, 4, 6]
[3, 5, 4, 7]
[3, 5, 4, 1, 2]
[3, 5, 4, 1, 0]
[3, 5, 4, 1, 6]
[3, 5, 4, 1, 7]
[3, 5, 4, 1, 2, 0]
[3, 5, 4, 1, 2, 6]
[3, 5, 4, 1, 2, 7]
[3, 5, 4, 1, 2, 0, 6]
[3, 5, 4, 1, 2, 0, 7]
[3, 5, 4, 1, 2, 0, 6, 7]
failed -> 35 times
after fail n ======> 6
[6, 1, 2, 3, 5, 0]
0.125 0.14814814814814814
itercount --------> 1
[3, 1, 6]
0.14814814814814814 0.17391304347826086
itercount --------> 2
[6, 5, 3]
0.17391304347826086 0.2
itercount --------> 3
[6, 3, 5]
[6, 3, 4]
[6, 3, 1]
0.2 0.21212121212121213
itercount --------> 4
[3, 1, 5]
0.21212121212121213 0.28
itercount --------> 5
[1, 3, 6]
0.28 0.2903225806451613
itercount --------> 6
[1, 2, 3]
0.2903225806451613 0.3333333333333333
itercount --------> 7
[1, 3, 2]
0.3333333333333333 0.375
itercount --------> 8
[4, 5, 6]
[4, 5, 1]
[4, 5, 3]
[4, 5, 2]
0.375 0.391304347826087
itercount --------> 9
[1, 5, 4]
[1, 5, 6]
[1, 5, 3]
[1, 5, 2]
[1, 5, 0]
[1, 5, 7]
[1, 5, 4, 6]
[1, 5, 4, 3]
[1, 5, 4, 2]
[1, 5, 4, 0]
[1, 5, 4, 7]
[1, 5, 4, 6, 3]
[1, 5, 4, 6, 2]
[1, 5, 4, 6, 0]
[1, 5, 4, 6, 7]
[1, 5, 4, 6, 3, 2]
[1, 5, 4, 6, 3, 0]
[1, 5, 4, 6, 3, 7]
[1, 5, 4, 6, 3, 2, 0]
[1, 5, 4, 6, 3, 2, 7]
[1, 5, 4, 6, 3, 2, 0, 7]
failed -> 36 times
after fail n ======> 7
[6, 1, 2, 3, 5, 0, 4]
0.125 0.13793103448275862
itercount --------> 1
[1, 6, 2]
0.13793103448275862 0.14285714285714285
itercount --------> 2
[1, 6, 3]
0.14285714285714285 0.18181818181818182
itercount --------> 3
[1, 2, 0]
[1, 2, 5]
[1, 2, 3]
0.18181818181818182 0.2222222222222222
itercount --------> 4
[6, 2, 4]
[6, 2, 3]
0.2222222222222222 0.2608695652173913
itercount --------> 5
[6, 4, 5]
0.2608695652173913 0.3181818181818182
itercount --------> 6
[6, 1, 2]
[6, 1, 0]
[6, 1, 5]
0.3181818181818182 0.3333333333333333
itercount --------> 7
[6, 4, 3]
[6, 4, 5]
[6, 4, 0]
[6, 4, 2]
[6, 4, 7]
[6, 4, 1]
[6, 4, 3, 5]
[6, 4, 3, 0]
[6, 4, 3, 2]
[6, 4, 3, 7]
[6, 4, 3, 1]
[6, 4, 3, 5, 0]
[6, 4, 3, 5, 2]
0.3333333333333333 0.34782608695652173
itercount --------> 8
[3, 6, 0]
[3, 6, 4]
[3, 6, 7]
[3, 6, 1]
0.34782608695652173 0.35714285714285715
itercount --------> 9
[3, 1, 6]
[3, 1, 4]
[3, 1, 5]
[3, 1, 2]
0.35714285714285715 0.4
itercount --------> 10
[3, 4, 6]
[3, 4, 5]
[3, 4, 1]
[3, 4, 2]
[3, 4, 0]
[3, 4, 7]
[3, 4, 6, 5]
0.4 0.5714285714285714
itercount --------> 11
[5, 4, 3]
[5, 4, 1]
[5, 4, 2]
[5, 4, 0]
0.5714285714285714 0.5833333333333334
itercount --------> 12
[5, 3, 4]
[5, 3, 0]
[5, 3, 1]
0.5833333333333334 0.6
itercount --------> 13
[3, 5, 0]
[3, 5, 1]
[3, 5, 2]
0.6 0.625
itercount --------> 14
[5, 0, 3]
[5, 0, 4]
[5, 0, 1]
[5, 0, 2]
[5, 0, 6]
[5, 0, 7]
[5, 0, 3, 4]
[5, 0, 3, 1]
[5, 0, 3, 2]
0.625 0.64
itercount --------> 15
[3, 5, 4]
[3, 5, 1]
[3, 5, 2]
[3, 5, 0]
[3, 5, 6]
[3, 5, 7]
[3, 5, 4, 1]
[3, 5, 4, 2]
[3, 5, 4, 0]
[3, 5, 4, 6]
[3, 5, 4, 7]
[3, 5, 4, 1, 2]
[3, 5, 4, 1, 0]
[3, 5, 4, 1, 6]
[3, 5, 4, 1, 7]
[3, 5, 4, 1, 2, 0]
[3, 5, 4, 1, 2, 6]
[3, 5, 4, 1, 2, 7]
[3, 5, 4, 1, 2, 0, 6]
[3, 5, 4, 1, 2, 0, 7]
[3, 5, 4, 1, 2, 0, 6, 7]
failed -> 37 times
after fail n ======> 8
[6, 1, 2, 3, 5, 0, 4, 7]
0.125 0.13793103448275862
itercount --------> 1
[6, 2, 3]
[6, 2, 5]
0.13793103448275862 0.16
itercount --------> 2
[6, 5, 3]
0.16 0.2
itercount --------> 3
[6, 3, 5]
0.2 0.2608695652173913
itercount --------> 4
[6, 4, 5]
0.2608695652173913 0.3181818181818182
itercount --------> 5
[6, 1, 2]
[6, 1, 0]
[6, 1, 5]
[6, 1, 4]
[6, 1, 3]
[6, 1, 7]
[6, 1, 2, 0]
0.3181818181818182 0.34615384615384615
itercount --------> 6
[6, 3, 0]
0.34615384615384615 0.4074074074074074
itercount --------> 7
[3, 4, 6]
[3, 4, 5]
[3, 4, 7]
[3, 4, 0]
[3, 4, 1]
[3, 4, 2]
[3, 4, 6, 5]
0.4074074074074074 0.4827586206896552
itercount --------> 8
[6, 5, 3]
[6, 5, 4]
[6, 5, 0]
0.4827586206896552 0.56
itercount --------> 9
[3, 5, 0]
0.56 0.625
itercount --------> 10
[5, 0, 4]
[5, 0, 3]
[5, 0, 1]
[5, 0, 2]
[5, 0, 6]
[5, 0, 7]
[5, 0, 4, 3]
[5, 0, 4, 1]
[5, 0, 4, 2]
[5, 0, 4, 6]
[5, 0, 4, 7]
[5, 0, 4, 3, 1]
[5, 0, 4, 3, 2]
[5, 0, 4, 3, 6]
[5, 0, 4, 3, 7]
[5, 0, 4, 3, 1, 2]
[5, 0, 4, 3, 1, 6]
[5, 0, 4, 3, 1, 7]
[5, 0, 4, 3, 1, 2, 6]
[5, 0, 4, 3, 1, 2, 7]
[5, 0, 4, 3, 1, 2, 6, 7]
failed -> 38 times
after fail n ======> 5
[6, 1, 2, 3, 5]
0.125 0.20588235294117646
itercount --------> 1
[6, 5, 1]
0.20588235294117646 0.25
itercount --------> 2
[6, 5, 3]
[6, 5, 4]
0.25 0.2962962962962963
itercount --------> 3
[5, 3, 6]
0.2962962962962963 0.32142857142857145
itercount --------> 4
[4, 3, 5]
0.32142857142857145 0.3448275862068966
itercount --------> 5
[5, 4, 1]
0.3448275862068966 0.3793103448275862
itercount --------> 6
[5, 4, 6]
0.3793103448275862 0.39285714285714285
itercount --------> 7
[4, 5, 6]
[4, 5, 3]
[4, 5, 1]
[4, 5, 2]
[4, 5, 0]
[4, 5, 7]
[4, 5, 6, 3]
0.39285714285714285 0.5862068965517241
itercount --------> 8
[4, 5, 1]
[4, 5, 2]
[4, 5, 3]
[4, 5, 6]
[4, 5, 0]
[4, 5, 7]
[4, 5, 1, 2]
[4, 5, 1, 3]
[4, 5, 1, 6]
[4, 5, 1, 0]
[4, 5, 1, 7]
[4, 5, 1, 2, 3]
[4, 5, 1, 2, 6]
[4, 5, 1, 2, 0]
0.5862068965517241 0.64
itercount --------> 9
[4, 0, 5]
[4, 0, 6]
[4, 0, 1]
[4, 0, 2]
[4, 0, 3]
[4, 0, 7]
[4, 0, 5, 6]
[4, 0, 5, 1]
[4, 0, 5, 2]
[4, 0, 5, 3]
[4, 0, 5, 7]
[4, 0, 5, 6, 1]
[4, 0, 5, 6, 2]
[4, 0, 5, 6, 3]
[4, 0, 5, 6, 7]
[4, 0, 5, 6, 1, 2]
[4, 0, 5, 6, 1, 3]
0.64 0.6538461538461539
itercount --------> 10
[4, 3, 5]
[4, 3, 6]
[4, 3, 1]
[4, 3, 2]
[4, 3, 0]
[4, 3, 7]
[4, 3, 5, 6]
[4, 3, 5, 1]
[4, 3, 5, 2]
[4, 3, 5, 0]
[4, 3, 5, 7]
[4, 3, 5, 6, 1]
[4, 3, 5, 6, 2]
[4, 3, 5, 6, 0]
[4, 3, 5, 6, 7]
[4, 3, 5, 6, 1, 2]
[4, 3, 5, 6, 1, 0]
0.6538461538461539 0.68
itercount --------> 11
[4, 5, 3]
[4, 5, 6]
[4, 5, 1]
[4, 5, 2]
[4, 5, 0]
[4, 5, 7]
[4, 5, 3, 6]
[4, 5, 3, 1]
[4, 5, 3, 2]
[4, 5, 3, 0]
[4, 5, 3, 7]
[4, 5, 3, 6, 1]
[4, 5, 3, 6, 2]
[4, 5, 3, 6, 0]
[4, 5, 3, 6, 7]
[4, 5, 3, 6, 1, 2]
[4, 5, 3, 6, 1, 0]
[4, 5, 3, 6, 1, 7]
[4, 5, 3, 6, 1, 2, 0]
[4, 5, 3, 6, 1, 2, 7]
[4, 5, 3, 6, 1, 2, 0, 7]
failed -> 39 times
after fail n ======> 6
[6, 1, 2, 3, 5, 0]
0.125 0.13793103448275862
itercount --------> 1
[1, 6, 2]
0.13793103448275862 0.18181818181818182
itercount --------> 2
[1, 2, 0]
[1, 2, 5]
[1, 2, 3]
0.18181818181818182 0.2608695652173913
itercount --------> 3
[6, 4, 5]
0.2608695652173913 0.3181818181818182
itercount --------> 4
[6, 1, 2]
0.3181818181818182 0.3333333333333333
itercount --------> 5
[2, 4, 0]
[2, 4, 6]
[2, 4, 5]
[2, 4, 1]
[2, 4, 3]
[2, 4, 7]
[2, 4, 0, 6]
0.3333333333333333 0.34375
itercount --------> 6
[4, 2, 1]
0.34375 0.3448275862068966
itercount --------> 7
[4, 1, 2]
[4, 1, 6]
[4, 1, 0]
[4, 1, 5]
[4, 1, 3]
[4, 1, 7]
[4, 1, 2, 6]
[4, 1, 2, 0]
0.3448275862068966 0.35714285714285715
itercount --------> 8
[2, 4, 6]
[2, 4, 1]
[2, 4, 3]
[2, 4, 5]
[2, 4, 0]
0.35714285714285715 0.38461538461538464
itercount --------> 9
[1, 4, 2]
0.38461538461538464 0.4166666666666667
itercount --------> 10
[1, 2, 6]
[1, 2, 4]
[1, 2, 3]
[1, 2, 0]
[1, 2, 5]
[1, 2, 7]
[1, 2, 6, 4]
[1, 2, 6, 3]
0.4166666666666667 0.4230769230769231
itercount --------> 11
[4, 3, 5]
[4, 3, 6]
[4, 3, 7]
[4, 3, 0]
[4, 3, 1]
[4, 3, 2]
[4, 3, 5, 6]
0.4230769230769231 0.5384615384615384
itercount --------> 12
[3, 5, 4]
[3, 5, 6]
[3, 5, 0]
0.5384615384615384 0.625
itercount --------> 13
[4, 5, 0]
[4, 5, 3]
[4, 5, 1]
[4, 5, 2]
[4, 5, 6]
[4, 5, 7]
[4, 5, 0, 3]
[4, 5, 0, 1]
[4, 5, 0, 2]
[4, 5, 0, 6]
[4, 5, 0, 7]
[4, 5, 0, 3, 1]
[4, 5, 0, 3, 2]
[4, 5, 0, 3, 6]
[4, 5, 0, 3, 7]
[4, 5, 0, 3, 1, 2]
[4, 5, 0, 3, 1, 6]
[4, 5, 0, 3, 1, 7]
[4, 5, 0, 3, 1, 2, 6]
[4, 5, 0, 3, 1, 2, 7]
[4, 5, 0, 3, 1, 2, 6, 7]
failed -> 40 times
after fail n ======> 7
[6, 1, 2, 3, 5, 0, 4]
0.125 0.13793103448275862
itercount --------> 1
[2, 6, 1]
0.13793103448275862 0.18181818181818182
itercount --------> 2
[1, 2, 0]
[1, 2, 5]
[1, 2, 3]
0.18181818181818182 0.2222222222222222
itercount --------> 3
[6, 2, 4]
0.2222222222222222 0.2608695652173913
itercount --------> 4
[6, 4, 5]
[6, 4, 1]
[6, 4, 2]
[6, 4, 3]
[6, 4, 0]
[6, 4, 7]
[6, 4, 5, 1]
0.2608695652173913 0.2727272727272727
itercount --------> 5
[1, 2, 6]
[1, 2, 5]
[1, 2, 0]
[1, 2, 3]
[1, 2, 4]
[1, 2, 7]
[1, 2, 6, 5]
[1, 2, 6, 0]
[1, 2, 6, 3]
[1, 2, 6, 4]
[1, 2, 6, 7]
[1, 2, 6, 5, 0]
[1, 2, 6, 5, 3]
[1, 2, 6, 5, 4]
[1, 2, 6, 5, 7]
[1, 2, 6, 5, 0, 3]
[1, 2, 6, 5, 0, 4]
[1, 2, 6, 5, 0, 7]
[1, 2, 6, 5, 0, 3, 4]
[1, 2, 6, 5, 0, 3, 7]
[1, 2, 6, 5, 0, 3, 4, 7]
failed -> 41 times
after fail n ======> 8
[6, 1, 2, 3, 5, 0, 4, 7]
0.125 0.13793103448275862
itercount --------> 1
[6, 1, 3]
0.13793103448275862 0.17391304347826086
itercount --------> 2
[6, 5, 3]
0.17391304347826086 0.2608695652173913
itercount --------> 3
[6, 4, 5]
0.2608695652173913 0.3181818181818182
itercount --------> 4
[6, 1, 2]
[6, 1, 0]
[6, 1, 5]
[6, 1, 4]
[6, 1, 3]
[6, 1, 7]
[6, 1, 2, 0]
[6, 1, 2, 5]
0.3181818181818182 0.32
itercount --------> 5
[6, 5, 7]
[6, 5, 3]
[6, 5, 4]
[6, 5, 1]
[6, 5, 2]
[6, 5, 0]
[6, 5, 7, 3]
[6, 5, 7, 4]
[6, 5, 7, 1]
[6, 5, 7, 2]
[6, 5, 7, 0]
[6, 5, 7, 3, 4]
[6, 5, 7, 3, 1]
[6, 5, 7, 3, 2]
[6, 5, 7, 3, 0]
[6, 5, 7, 3, 4, 1]
[6, 5, 7, 3, 4, 2]
[6, 5, 7, 3, 4, 0]
[6, 5, 7, 3, 4, 1, 2]
[6, 5, 7, 3, 4, 1, 0]
[6, 5, 7, 3, 4, 1, 2, 0]
failed -> 42 times
after fail n ======> 5
[6, 1, 2, 3, 5]
0.125 0.17857142857142858
itercount --------> 1
[6, 5, 1]
0.17857142857142858 0.20512820512820512
itercount --------> 2
[5, 1, 4]
[5, 1, 3]
[5, 1, 6]
0.20512820512820512 0.3142857142857143
itercount --------> 3
[5, 4, 3]
0.3142857142857143 0.3939393939393939
itercount --------> 4
[5, 1, 4]
0.3939393939393939 0.43243243243243246
itercount --------> 5
[1, 5, 2]
[1, 5, 3]
[1, 5, 4]
[1, 5, 6]
[1, 5, 0]
[1, 5, 7]
[1, 5, 2, 3]
[1, 5, 2, 4]
[1, 5, 2, 6]
0.43243243243243246 0.4722222222222222
itercount --------> 6
[2, 1, 5]
[2, 1, 3]
[2, 1, 4]
[2, 1, 6]
[2, 1, 7]
[2, 1, 0]
[2, 1, 5, 3]
0.4722222222222222 0.5172413793103449
itercount --------> 7
[1, 2, 4]
[1, 2, 5]
[1, 2, 3]
[1, 2, 6]
[1, 2, 0]
[1, 2, 7]
[1, 2, 4, 5]
[1, 2, 4, 3]
[1, 2, 4, 6]
[1, 2, 4, 0]
[1, 2, 4, 7]
[1, 2, 4, 5, 3]
[1, 2, 4, 5, 6]
[1, 2, 4, 5, 0]
[1, 2, 4, 5, 7]
[1, 2, 4, 5, 3, 6]
[1, 2, 4, 5, 3, 0]
[1, 2, 4, 5, 3, 7]
[1, 2, 4, 5, 3, 6, 0]
[1, 2, 4, 5, 3, 6, 7]
[1, 2, 4, 5, 3, 6, 0, 7]
failed -> 43 times
after fail n ======> 6
[6, 1, 2, 3, 5, 0]
0.125 0.13793103448275862
itercount --------> 1
[6, 1, 3]
[6, 1, 5]
[6, 1, 2]
0.13793103448275862 0.17391304347826086
itercount --------> 2
[6, 5, 3]
0.17391304347826086 0.2
itercount --------> 3
[6, 3, 5]
[6, 3, 1]
[6, 3, 2]
0.2 0.20833333333333334
itercount --------> 4
[6, 5, 3]
0.20833333333333334 0.2608695652173913
itercount --------> 5
[6, 4, 5]
[6, 4, 1]
[6, 4, 2]
[6, 4, 3]
[6, 4, 0]
[6, 4, 7]
[6, 4, 5, 1]
0.2608695652173913 0.2727272727272727
itercount --------> 6
[1, 2, 6]
[1, 2, 5]
[1, 2, 0]
[1, 2, 3]
[1, 2, 4]
[1, 2, 7]
[1, 2, 6, 5]
[1, 2, 6, 0]
[1, 2, 6, 3]
[1, 2, 6, 4]
[1, 2, 6, 7]
[1, 2, 6, 5, 0]
[1, 2, 6, 5, 3]
[1, 2, 6, 5, 4]
[1, 2, 6, 5, 7]
[1, 2, 6, 5, 0, 3]
[1, 2, 6, 5, 0, 4]
[1, 2, 6, 5, 0, 7]
[1, 2, 6, 5, 0, 3, 4]
[1, 2, 6, 5, 0, 3, 7]
[1, 2, 6, 5, 0, 3, 4, 7]
failed -> 44 times
after fail n ======> 7
[6, 1, 2, 3, 5, 0, 4]
0.125 0.13793103448275862
itercount --------> 1
[6, 2, 3]
0.13793103448275862 0.15384615384615385
itercount --------> 2
[6, 2, 4]
0.15384615384615385 0.17391304347826086
itercount --------> 3
[6, 5, 3]
0.17391304347826086 0.24
itercount --------> 4
[6, 5, 3]
0.24 0.2608695652173913
itercount --------> 5
[6, 4, 5]
0.2608695652173913 0.3181818181818182
itercount --------> 6
[6, 1, 2]
0.3181818181818182 0.3793103448275862
itercount --------> 7
[3, 4, 2]
[3, 4, 5]
[3, 4, 6]
[3, 4, 7]
[3, 4, 0]
[3, 4, 1]
[3, 4, 2, 5]
[3, 4, 2, 6]
0.3793103448275862 0.4444444444444444
itercount --------> 8
[2, 1, 0]
0.4444444444444444 0.5517241379310345
itercount --------> 9
[1, 2, 4]
0.5517241379310345 0.5925925925925926
itercount --------> 10
[1, 2, 3]
[1, 2, 5]
0.5925925925925926 0.625
itercount --------> 11
[5, 0, 4]
[5, 0, 3]
[5, 0, 1]
[5, 0, 2]
[5, 0, 6]
[5, 0, 7]
[5, 0, 4, 3]
[5, 0, 4, 1]
[5, 0, 4, 2]
[5, 0, 4, 6]
[5, 0, 4, 7]
[5, 0, 4, 3, 1]
[5, 0, 4, 3, 2]
[5, 0, 4, 3, 6]
[5, 0, 4, 3, 7]
[5, 0, 4, 3, 1, 2]
[5, 0, 4, 3, 1, 6]
[5, 0, 4, 3, 1, 7]
[5, 0, 4, 3, 1, 2, 6]
[5, 0, 4, 3, 1, 2, 7]
[5, 0, 4, 3, 1, 2, 6, 7]
failed -> 45 times
after fail n ======> 8
[6, 1, 2, 3, 5, 0, 4, 7]
0.125 0.13793103448275862
itercount --------> 1
[1, 6, 2]
0.13793103448275862 0.14814814814814814
itercount --------> 2
[3, 2, 6]
0.14814814814814814 0.24
itercount --------> 3
[1, 6, 2]
0.24 0.2727272727272727
itercount --------> 4
[1, 2, 6]
0.2727272727272727 0.30434782608695654
itercount --------> 5
[1, 2, 5]
[1, 2, 6]
0.30434782608695654 0.36
itercount --------> 6
[2, 1, 4]
[2, 1, 6]
[2, 1, 5]
0.36 0.391304347826087
itercount --------> 7
[1, 2, 5]
[1, 2, 4]
[1, 2, 6]
[1, 2, 3]
[1, 2, 0]
[1, 2, 7]
[1, 2, 5, 4]
[1, 2, 5, 6]
[1, 2, 5, 3]
[1, 2, 5, 0]
[1, 2, 5, 7]
[1, 2, 5, 4, 6]
[1, 2, 5, 4, 3]
[1, 2, 5, 4, 0]
[1, 2, 5, 4, 7]
[1, 2, 5, 4, 6, 3]
[1, 2, 5, 4, 6, 0]
[1, 2, 5, 4, 6, 7]
[1, 2, 5, 4, 6, 3, 0]
[1, 2, 5, 4, 6, 3, 7]
[1, 2, 5, 4, 6, 3, 0, 7]
failed -> 46 times
after fail n ======> 5
[6, 1, 2, 3, 5]
0.125 0.17857142857142858
itercount --------> 1
[6, 5, 1]
0.17857142857142858 0.20512820512820512
itercount --------> 2
[5, 1, 4]
[5, 1, 3]
0.20512820512820512 0.3142857142857143
itercount --------> 3
[5, 4, 3]
0.3142857142857143 0.37037037037037035
itercount --------> 4
[5, 4, 6]
[5, 4, 0]
[5, 4, 1]
[5, 4, 3]
[5, 4, 2]
[5, 4, 7]
[5, 4, 6, 0]
[5, 4, 6, 1]
[5, 4, 6, 3]
0.37037037037037035 0.3939393939393939
itercount --------> 5
[5, 1, 4]
[5, 1, 6]
[5, 1, 2]
0.3939393939393939 0.47058823529411764
itercount --------> 6
[5, 1, 4]
[5, 1, 6]
[5, 1, 3]
[5, 1, 2]
[5, 1, 0]
0.47058823529411764 0.5185185185185185
itercount --------> 7
[1, 2, 5]
[1, 2, 3]
[1, 2, 4]
[1, 2, 0]
0.5185185185185185 0.5833333333333334
itercount --------> 8
[5, 3, 4]
[5, 3, 0]
[5, 3, 1]
[5, 3, 2]
[5, 3, 6]
[5, 3, 7]
[5, 3, 4, 0]
[5, 3, 4, 1]
[5, 3, 4, 2]
[5, 3, 4, 6]
[5, 3, 4, 7]
[5, 3, 4, 0, 1]
[5, 3, 4, 0, 2]
[5, 3, 4, 0, 6]
[5, 3, 4, 0, 7]
[5, 3, 4, 0, 1, 2]
[5, 3, 4, 0, 1, 6]
[5, 3, 4, 0, 1, 7]
[5, 3, 4, 0, 1, 2, 6]
[5, 3, 4, 0, 1, 2, 7]
[5, 3, 4, 0, 1, 2, 6, 7]
failed -> 47 times
after fail n ======> 6
[6, 1, 2, 3, 5, 0]
0.125 0.13793103448275862
itercount --------> 1
[2, 6, 1]
0.13793103448275862 0.18518518518518517
itercount --------> 2
[1, 3, 6]
0.18518518518518517 0.2413793103448276
itercount --------> 3
[1, 6, 3]
0.2413793103448276 0.36
itercount --------> 4
[1, 2, 4]
[1, 2, 6]
[1, 2, 5]
0.36 0.391304347826087
itercount --------> 5
[1, 2, 5]
[1, 2, 4]
[1, 2, 6]
[1, 2, 3]
[1, 2, 0]
[1, 2, 7]
[1, 2, 5, 4]
[1, 2, 5, 6]
[1, 2, 5, 3]
[1, 2, 5, 0]
[1, 2, 5, 7]
[1, 2, 5, 4, 6]
[1, 2, 5, 4, 3]
[1, 2, 5, 4, 0]
[1, 2, 5, 4, 7]
[1, 2, 5, 4, 6, 3]
[1, 2, 5, 4, 6, 0]
[1, 2, 5, 4, 6, 7]
[1, 2, 5, 4, 6, 3, 0]
[1, 2, 5, 4, 6, 3, 7]
[1, 2, 5, 4, 6, 3, 0, 7]
failed -> 48 times
after fail n ======> 7
[6, 1, 2, 3, 5, 0, 4]
0.125 0.13793103448275862
itercount --------> 1
[2, 6, 1]
0.13793103448275862 0.14814814814814814
itercount --------> 2
[3, 1, 6]
0.14814814814814814 0.20689655172413793
itercount --------> 3
[1, 6, 2]
0.20689655172413793 0.21428571428571427
itercount --------> 4
[1, 6, 3]
0.21428571428571427 0.2727272727272727
itercount --------> 5
[1, 2, 6]
0.2727272727272727 0.3055555555555556
itercount --------> 6
[1, 4, 2]
[1, 4, 3]
0.3055555555555556 0.3333333333333333
itercount --------> 7
[1, 4, 2]
0.3333333333333333 0.3793103448275862
itercount --------> 8
[1, 2, 4]
[1, 2, 6]
[1, 2, 5]
0.3793103448275862 0.4827586206896552
itercount --------> 9
[2, 1, 5]
[2, 1, 6]
[2, 1, 4]
[2, 1, 0]
[2, 1, 3]
[2, 1, 7]
[2, 1, 5, 6]
[2, 1, 5, 4]
[2, 1, 5, 0]
[2, 1, 5, 3]
[2, 1, 5, 7]
[2, 1, 5, 6, 4]
[2, 1, 5, 6, 0]
[2, 1, 5, 6, 3]
0.4827586206896552 0.5357142857142857
itercount --------> 10
[2, 6, 5]
[2, 6, 4]
[2, 6, 1]
[2, 6, 0]
[2, 6, 3]
[2, 6, 7]
[2, 6, 5, 4]
[2, 6, 5, 1]
[2, 6, 5, 0]
[2, 6, 5, 3]
[2, 6, 5, 7]
[2, 6, 5, 4, 1]
[2, 6, 5, 4, 0]
0.5357142857142857 0.5483870967741935
itercount --------> 11
[2, 1, 5]
[2, 1, 4]
[2, 1, 6]
[2, 1, 3]
[2, 1, 0]
0.5483870967741935 0.5555555555555556
itercount --------> 12
[2, 4, 5]
[2, 4, 6]
[2, 4, 0]
[2, 4, 1]
[2, 4, 3]
[2, 4, 7]
[2, 4, 5, 6]
[2, 4, 5, 0]
[2, 4, 5, 1]
[2, 4, 5, 3]
[2, 4, 5, 7]
[2, 4, 5, 6, 0]
[2, 4, 5, 6, 1]
[2, 4, 5, 6, 3]
[2, 4, 5, 6, 7]
[2, 4, 5, 6, 0, 1]
0.5555555555555556 0.5769230769230769
itercount --------> 13
[4, 6, 2]
[4, 6, 5]
[4, 6, 0]
[4, 6, 1]
[4, 6, 3]
[4, 6, 7]
[4, 6, 2, 5]
[4, 6, 2, 0]
[4, 6, 2, 1]
[4, 6, 2, 3]
[4, 6, 2, 7]
[4, 6, 2, 5, 0]
[4, 6, 2, 5, 1]
[4, 6, 2, 5, 3]
[4, 6, 2, 5, 7]
[4, 6, 2, 5, 0, 1]
[4, 6, 2, 5, 0, 3]
[4, 6, 2, 5, 0, 7]
[4, 6, 2, 5, 0, 1, 3]
[4, 6, 2, 5, 0, 1, 7]
[4, 6, 2, 5, 0, 1, 3, 7]
failed -> 49 times
after fail n ======> 8
[6, 1, 2, 3, 5, 0, 4, 7]
0.125 0.1276595744680851
itercount --------> 1
[1, 2, 3]
0.1276595744680851 0.175
itercount --------> 2
[2, 1, 6]
[2, 1, 3]
0.175 0.25925925925925924
itercount --------> 3
[3, 5, 6]
0.25925925925925924 0.2962962962962963
itercount --------> 4
[3, 5, 6]
[3, 5, 1]
0.2962962962962963 0.375
itercount --------> 5
[4, 5, 6]
[4, 5, 1]
0.375 0.38461538461538464
itercount --------> 6
[1, 2, 6]
[1, 2, 4]
[1, 2, 5]
0.38461538461538464 0.391304347826087
itercount --------> 7
[1, 2, 5]
0.391304347826087 0.4
itercount --------> 8
[1, 6, 2]
[1, 6, 4]
[1, 6, 5]
[1, 6, 3]
[1, 6, 0]
[1, 6, 7]
[1, 6, 2, 4]
[1, 6, 2, 5]
0.4 0.4074074074074074
itercount --------> 9
[6, 1, 3]
[6, 1, 5]
0.4074074074074074 0.43478260869565216
itercount --------> 10
[1, 2, 5]
[1, 2, 6]
[1, 2, 4]
[1, 2, 3]
[1, 2, 0]
[1, 2, 7]
[1, 2, 5, 6]
[1, 2, 5, 4]
[1, 2, 5, 3]
[1, 2, 5, 0]
0.43478260869565216 0.44
itercount --------> 11
[6, 5, 3]
[6, 5, 7]
[6, 5, 4]
[6, 5, 1]
[6, 5, 2]
[6, 5, 0]
[6, 5, 3, 7]
[6, 5, 3, 4]
[6, 5, 3, 1]
[6, 5, 3, 2]
[6, 5, 3, 0]
[6, 5, 3, 7, 4]
[6, 5, 3, 7, 1]
[6, 5, 3, 7, 2]
[6, 5, 3, 7, 0]
[6, 5, 3, 7, 4, 1]
0.44 0.4827586206896552
itercount --------> 12
[1, 4, 5]
[1, 4, 0]
[1, 4, 3]
[1, 4, 6]
[1, 4, 2]
[1, 4, 7]
[1, 4, 5, 0]
[1, 4, 5, 3]
[1, 4, 5, 6]
[1, 4, 5, 2]
[1, 4, 5, 7]
[1, 4, 5, 0, 3]
[1, 4, 5, 0, 6]
[1, 4, 5, 0, 2]
[1, 4, 5, 0, 7]
[1, 4, 5, 0, 3, 6]
[1, 4, 5, 0, 3, 2]
[1, 4, 5, 0, 3, 7]
[1, 4, 5, 0, 3, 6, 2]
[1, 4, 5, 0, 3, 6, 7]
0.4827586206896552 0.5
itercount --------> 13
[1, 2, 5]
[1, 2, 3]
[1, 2, 4]
[1, 2, 0]
0.5 0.5384615384615384
itercount --------> 14
[5, 1, 3]
[5, 1, 4]
[5, 1, 0]
[5, 1, 2]
[5, 1, 6]
[5, 1, 7]
[5, 1, 3, 4]
0.5384615384615384 0.56
itercount --------> 15
[3, 5, 0]
[3, 5, 1]
[3, 5, 2]
[3, 5, 4]
[3, 5, 6]
[3, 5, 7]
[3, 5, 0, 1]
0.56 0.5833333333333334
itercount --------> 16
[5, 3, 4]
[5, 3, 0]
[5, 3, 1]
[5, 3, 2]
[5, 3, 6]
[5, 3, 7]
[5, 3, 4, 0]
[5, 3, 4, 1]
[5, 3, 4, 2]
[5, 3, 4, 6]
[5, 3, 4, 7]
[5, 3, 4, 0, 1]
[5, 3, 4, 0, 2]
[5, 3, 4, 0, 6]
[5, 3, 4, 0, 7]
[5, 3, 4, 0, 1, 2]
[5, 3, 4, 0, 1, 6]
[5, 3, 4, 0, 1, 7]
[5, 3, 4, 0, 1, 2, 6]
[5, 3, 4, 0, 1, 2, 7]
[5, 3, 4, 0, 1, 2, 6, 7]
failed -> 50 times
after fail n ======> 5
Runs with the maximum attractor JI -> [38]
