{0: 41, 2: 41, 1: 30, 4: 29, 3: 25, 7: 11, 5: 8, 6: 5}
[0, 2, 1]
0.11475409836065574 0.1891891891891892
itercount --------> 1
[1, 4, 0]
0.1891891891891892 0.2
itercount --------> 2
[0, 2, 4]
0.2 0.23076923076923078
itercount --------> 3
[3, 4, 7]
0.23076923076923078 0.3333333333333333
itercount --------> 4
[0, 2, 1]
[0, 2, 4]
[0, 2, 7]
[0, 2, 5]
[0, 2, 3]
0.3333333333333333 0.42857142857142855
itercount --------> 5
[0, 2, 1]
0.42857142857142855 0.5
itercount --------> 6
[0, 2, 1]
[0, 2, 4]
0.5 0.5454545454545454
itercount --------> 7
[0, 2, 1]
[0, 2, 7]
[0, 2, 4]
[0, 2, 5]
[0, 2, 3]
[0, 2, 6]
[0, 2, 1, 7]
[0, 2, 1, 4]
[0, 2, 1, 5]
[0, 2, 1, 3]
[0, 2, 1, 6]
[0, 2, 1, 7, 4]
[0, 2, 1, 7, 5]
[0, 2, 1, 7, 3]
[0, 2, 1, 7, 6]
[0, 2, 1, 7, 4, 5]
[0, 2, 1, 7, 4, 3]
[0, 2, 1, 7, 4, 6]
0.5454545454545454 0.5714285714285714
itercount --------> 8
[0, 2, 1]
[0, 2, 7]
[0, 2, 4]
[0, 2, 5]
[0, 2, 6]
[0, 2, 3]
[0, 2, 1, 7]
[0, 2, 1, 4]
[0, 2, 1, 5]
[0, 2, 1, 6]
[0, 2, 1, 3]
[0, 2, 1, 7, 4]
[0, 2, 1, 7, 5]
[0, 2, 1, 7, 6]
[0, 2, 1, 7, 3]
[0, 2, 1, 7, 4, 5]
[0, 2, 1, 7, 4, 6]
[0, 2, 1, 7, 4, 3]
[0, 2, 1, 7, 4, 5, 6]
[0, 2, 1, 7, 4, 5, 3]
[0, 2, 1, 7, 4, 5, 6, 3]
failed Once
after fail n ======> 4
[0, 2, 1, 4]
0.11475409836065574 0.15789473684210525
itercount --------> 1
[2, 0, 3]
0.15789473684210525 0.26666666666666666
itercount --------> 2
[2, 7, 3]
0.26666666666666666 0.2857142857142857
itercount --------> 3
[0, 2, 1]
[0, 2, 7]
[0, 2, 3]
[0, 2, 4]
0.2857142857142857 0.3125
itercount --------> 4
[0, 2, 1]
0.3125 0.35714285714285715
itercount --------> 5
[0, 2, 1]
[0, 2, 7]
0.35714285714285715 0.5151515151515151
itercount --------> 6
[0, 2, 1]
[0, 2, 3]
0.5151515151515151 0.5862068965517241
itercount --------> 7
[0, 2, 1]
[0, 2, 3]
[0, 2, 5]
[0, 2, 4]
[0, 2, 6]
[0, 2, 7]
[0, 2, 1, 3]
[0, 2, 1, 5]
[0, 2, 1, 4]
[0, 2, 1, 6]
[0, 2, 1, 7]
[0, 2, 1, 3, 5]
[0, 2, 1, 3, 4]
[0, 2, 1, 3, 6]
[0, 2, 1, 3, 7]
[0, 2, 1, 3, 5, 4]
[0, 2, 1, 3, 5, 6]
[0, 2, 1, 3, 5, 7]
[0, 2, 1, 3, 5, 4, 6]
[0, 2, 1, 3, 5, 4, 7]
[0, 2, 1, 3, 5, 4, 6, 7]
failed -> 2 times
after fail n ======> 5
[0, 2, 1, 4, 3]
0.11475409836065574 0.16666666666666666
itercount --------> 1
[0, 2, 7]
[0, 2, 4]
0.16666666666666666 0.17391304347826086
itercount --------> 2
[2, 0, 7]
0.17391304347826086 0.2222222222222222
itercount --------> 3
[2, 0, 7]
0.2222222222222222 0.38461538461538464
itercount --------> 4
[2, 7, 0]
0.38461538461538464 0.4166666666666667
itercount --------> 5
[0, 2, 1]
[0, 2, 7]
[0, 2, 4]
[0, 2, 5]
[0, 2, 3]
[0, 2, 6]
0.4166666666666667 0.43478260869565216
itercount --------> 6
[0, 2, 1]
[0, 2, 7]
[0, 2, 4]
[0, 2, 5]
[0, 2, 3]
[0, 2, 6]
[0, 2, 1, 7]
[0, 2, 1, 4]
[0, 2, 1, 5]
[0, 2, 1, 3]
[0, 2, 1, 6]
[0, 2, 1, 7, 4]
0.43478260869565216 0.45454545454545453
itercount --------> 7
[0, 2, 7]
[0, 2, 1]
[0, 2, 4]
[0, 2, 5]
[0, 2, 6]
[0, 2, 3]
[0, 2, 7, 1]
0.45454545454545453 0.47619047619047616
itercount --------> 8
[0, 2, 1]
[0, 2, 7]
0.47619047619047616 0.5217391304347826
itercount --------> 9
[2, 7, 0]
[2, 7, 4]
[2, 7, 1]
[2, 7, 5]
[2, 7, 3]
[2, 7, 6]
[2, 7, 0, 4]
[2, 7, 0, 1]
[2, 7, 0, 5]
[2, 7, 0, 3]
[2, 7, 0, 6]
[2, 7, 0, 4, 1]
0.5217391304347826 0.5454545454545454
itercount --------> 10
[0, 1, 4]
[0, 1, 2]
[0, 1, 7]
[0, 1, 5]
[0, 1, 6]
[0, 1, 3]
[0, 1, 4, 2]
0.5454545454545454 0.5714285714285714
itercount --------> 11
[0, 2, 1]
[0, 2, 7]
[0, 2, 4]
[0, 2, 5]
[0, 2, 6]
[0, 2, 3]
[0, 2, 1, 7]
[0, 2, 1, 4]
[0, 2, 1, 5]
[0, 2, 1, 6]
[0, 2, 1, 3]
[0, 2, 1, 7, 4]
[0, 2, 1, 7, 5]
[0, 2, 1, 7, 6]
[0, 2, 1, 7, 3]
[0, 2, 1, 7, 4, 5]
[0, 2, 1, 7, 4, 6]
[0, 2, 1, 7, 4, 3]
[0, 2, 1, 7, 4, 5, 6]
[0, 2, 1, 7, 4, 5, 3]
[0, 2, 1, 7, 4, 5, 6, 3]
failed -> 3 times
after fail n ======> 6
[0, 2, 1, 4, 3, 7]
0.11475409836065574 0.15789473684210525
itercount --------> 1
[2, 0, 3]
[2, 0, 4]
[2, 0, 7]
0.15789473684210525 0.1724137931034483
itercount --------> 2
[0, 2, 4]
0.1724137931034483 0.21428571428571427
itercount --------> 3
[4, 3, 0]
[4, 3, 2]
0.21428571428571427 0.29411764705882354
itercount --------> 4
[2, 4, 3]
[2, 4, 0]
0.29411764705882354 0.3157894736842105
itercount --------> 5
[0, 2, 4]
[0, 2, 3]
0.3157894736842105 0.35294117647058826
itercount --------> 6
[0, 3, 2]
[0, 3, 4]
[0, 3, 1]
[0, 3, 7]
[0, 3, 5]
0.35294117647058826 0.4
itercount --------> 7
[0, 2, 3]
[0, 2, 5]
[0, 2, 1]
0.4 0.42857142857142855
itercount --------> 8
[0, 2, 3]
[0, 2, 5]
[0, 2, 1]
[0, 2, 4]
0.42857142857142855 0.5
itercount --------> 9
[0, 2, 3]
0.5 0.5454545454545454
itercount --------> 10
[0, 2, 1]
[0, 2, 5]
[0, 2, 3]
[0, 2, 7]
[0, 2, 4]
[0, 2, 6]
[0, 2, 1, 5]
[0, 2, 1, 3]
[0, 2, 1, 7]
[0, 2, 1, 4]
[0, 2, 1, 6]
[0, 2, 1, 5, 3]
[0, 2, 1, 5, 7]
[0, 2, 1, 5, 4]
[0, 2, 1, 5, 6]
[0, 2, 1, 5, 3, 7]
[0, 2, 1, 5, 3, 4]
[0, 2, 1, 5, 3, 6]
[0, 2, 1, 5, 3, 7, 4]
[0, 2, 1, 5, 3, 7, 6]
[0, 2, 1, 5, 3, 7, 4, 6]
failed -> 4 times
after fail n ======> 7
[0, 2, 1, 4, 3, 7, 5]
0.11475409836065574 0.15789473684210525
itercount --------> 1
[2, 0, 3]
0.15789473684210525 0.16666666666666666
itercount --------> 2
[0, 2, 7]
[0, 2, 4]
0.16666666666666666 0.26666666666666666
itercount --------> 3
[0, 2, 7]
0.26666666666666666 0.3333333333333333
itercount --------> 4
[0, 2, 1]
[0, 2, 7]
[0, 2, 4]
0.3333333333333333 0.38461538461538464
itercount --------> 5
[0, 2, 7]
[0, 2, 1]
0.38461538461538464 0.4166666666666667
itercount --------> 6
[0, 2, 1]
[0, 2, 7]
[0, 2, 4]
[0, 2, 5]
[0, 2, 3]
[0, 2, 6]
[0, 2, 1, 7]
[0, 2, 1, 4]
[0, 2, 1, 5]
[0, 2, 1, 3]
[0, 2, 1, 6]
0.4166666666666667 0.43478260869565216
itercount --------> 7
[0, 2, 7]
[0, 2, 1]
[0, 2, 4]
[0, 2, 3]
[0, 2, 5]
[0, 2, 6]
[0, 2, 7, 1]
[0, 2, 7, 4]
[0, 2, 7, 3]
[0, 2, 7, 5]
[0, 2, 7, 6]
[0, 2, 7, 1, 4]
[0, 2, 7, 1, 3]
0.43478260869565216 0.45454545454545453
itercount --------> 8
[0, 2, 1]
[0, 2, 7]
[0, 2, 4]
[0, 2, 5]
[0, 2, 6]
[0, 2, 3]
[0, 2, 1, 7]
[0, 2, 1, 4]
[0, 2, 1, 5]
0.45454545454545453 0.47619047619047616
itercount --------> 9
[0, 2, 1]
[0, 2, 7]
[0, 2, 5]
[0, 2, 4]
[0, 2, 6]
[0, 2, 3]
[0, 2, 1, 7]
[0, 2, 1, 5]
[0, 2, 1, 4]
[0, 2, 1, 6]
[0, 2, 1, 3]
[0, 2, 1, 7, 5]
[0, 2, 1, 7, 4]
[0, 2, 1, 7, 6]
[0, 2, 1, 7, 3]
[0, 2, 1, 7, 5, 4]
0.47619047619047616 0.5
itercount --------> 10
[7, 5, 0]
[7, 5, 2]
[7, 5, 4]
[7, 5, 1]
[7, 5, 6]
[7, 5, 3]
[7, 5, 0, 2]
[7, 5, 0, 4]
[7, 5, 0, 1]
[7, 5, 0, 6]
[7, 5, 0, 3]
[7, 5, 0, 2, 4]
[7, 5, 0, 2, 1]
[7, 5, 0, 2, 6]
[7, 5, 0, 2, 3]
[7, 5, 0, 2, 4, 1]
[7, 5, 0, 2, 4, 6]
[7, 5, 0, 2, 4, 3]
[7, 5, 0, 2, 4, 1, 6]
[7, 5, 0, 2, 4, 1, 3]
[7, 5, 0, 2, 4, 1, 6, 3]
failed -> 5 times
after fail n ======> 8
[0, 2, 1, 4, 3, 7, 5, 6]
0.11475409836065574 0.125
itercount --------> 1
[4, 0, 3]
0.125 0.14285714285714285
itercount --------> 2
[0, 3, 7]
0.14285714285714285 0.23076923076923078
itercount --------> 3
[0, 3, 4]
[0, 3, 7]
0.23076923076923078 0.2857142857142857
itercount --------> 4
[0, 2, 7]
[0, 2, 1]
0.2857142857142857 0.3076923076923077
itercount --------> 5
[0, 2, 1]
[0, 2, 7]
0.3076923076923077 0.41935483870967744
itercount --------> 6
[3, 0, 2]
[3, 0, 1]
[3, 0, 5]
[3, 0, 4]
[3, 0, 6]
[3, 0, 7]
[3, 0, 2, 1]
[3, 0, 2, 5]
[3, 0, 2, 4]
0.41935483870967744 0.5151515151515151
itercount --------> 7
[0, 2, 1]
[0, 2, 3]
[0, 2, 6]
[0, 2, 7]
[0, 2, 5]
0.5151515151515151 0.5483870967741935
itercount --------> 8
[2, 0, 1]
[2, 0, 3]
[2, 0, 5]
[2, 0, 6]
[2, 0, 7]
[2, 0, 4]
[2, 0, 1, 3]
[2, 0, 1, 5]
[2, 0, 1, 6]
[2, 0, 1, 7]
[2, 0, 1, 4]
[2, 0, 1, 3, 5]
[2, 0, 1, 3, 6]
0.5483870967741935 0.5666666666666667
itercount --------> 9
[2, 1, 3]
[2, 1, 0]
[2, 1, 5]
[2, 1, 4]
[2, 1, 6]
[2, 1, 7]
[2, 1, 3, 0]
[2, 1, 3, 5]
[2, 1, 3, 4]
[2, 1, 3, 6]
[2, 1, 3, 7]
[2, 1, 3, 0, 5]
[2, 1, 3, 0, 4]
[2, 1, 3, 0, 6]
[2, 1, 3, 0, 7]
[2, 1, 3, 0, 5, 4]
[2, 1, 3, 0, 5, 6]
[2, 1, 3, 0, 5, 7]
[2, 1, 3, 0, 5, 4, 6]
[2, 1, 3, 0, 5, 4, 7]
[2, 1, 3, 0, 5, 4, 6, 7]
failed -> 6 times
after fail n ======> 5
[0, 2, 1, 4, 3]
0.11475409836065574 0.1282051282051282
itercount --------> 1
[2, 1, 0]
0.1282051282051282 0.23076923076923078
itercount --------> 2
[1, 2, 0]
0.23076923076923078 0.3125
itercount --------> 3
[2, 0, 1]
0.3125 0.3333333333333333
itercount --------> 4
[0, 2, 1]
[0, 2, 7]
0.3333333333333333 0.38461538461538464
itercount --------> 5
[0, 2, 1]
[0, 2, 7]
0.38461538461538464 0.5
itercount --------> 6
[2, 0, 1]
[2, 0, 4]
[2, 0, 3]
[2, 0, 5]
[2, 0, 7]
[2, 0, 6]
[2, 0, 1, 4]
[2, 0, 1, 3]
[2, 0, 1, 5]
0.5 0.5333333333333333
itercount --------> 7
[2, 0, 1]
[2, 0, 5]
[2, 0, 7]
[2, 0, 3]
[2, 0, 4]
[2, 0, 6]
0.5333333333333333 0.5357142857142857
itercount --------> 8
[2, 0, 5]
[2, 0, 6]
[2, 0, 7]
[2, 0, 1]
[2, 0, 4]
[2, 0, 3]
[2, 0, 5, 6]
[2, 0, 5, 7]
[2, 0, 5, 1]
[2, 0, 5, 4]
[2, 0, 5, 3]
[2, 0, 5, 6, 7]
[2, 0, 5, 6, 1]
[2, 0, 5, 6, 4]
[2, 0, 5, 6, 3]
[2, 0, 5, 6, 7, 1]
[2, 0, 5, 6, 7, 4]
[2, 0, 5, 6, 7, 3]
[2, 0, 5, 6, 7, 1, 4]
[2, 0, 5, 6, 7, 1, 3]
[2, 0, 5, 6, 7, 1, 4, 3]
failed -> 7 times
after fail n ======> 6
[0, 2, 1, 4, 3, 7]
0.11475409836065574 0.15254237288135594
itercount --------> 1
[0, 2, 1]
0.15254237288135594 0.2222222222222222
itercount --------> 2
[2, 0, 4]
0.2222222222222222 0.3333333333333333
itercount --------> 3
[4, 3, 0]
0.3333333333333333 0.42857142857142855
itercount --------> 4
[0, 2, 1]
0.42857142857142855 0.5
itercount --------> 5
[0, 2, 1]
[0, 2, 4]
0.5 0.5454545454545454
itercount --------> 6
[0, 2, 1]
[0, 2, 7]
[0, 2, 4]
[0, 2, 5]
[0, 2, 3]
[0, 2, 6]
[0, 2, 1, 7]
[0, 2, 1, 4]
[0, 2, 1, 5]
[0, 2, 1, 3]
[0, 2, 1, 6]
[0, 2, 1, 7, 4]
[0, 2, 1, 7, 5]
[0, 2, 1, 7, 3]
[0, 2, 1, 7, 6]
[0, 2, 1, 7, 4, 5]
[0, 2, 1, 7, 4, 3]
[0, 2, 1, 7, 4, 6]
0.5454545454545454 0.5714285714285714
itercount --------> 7
[0, 2, 1]
[0, 2, 7]
[0, 2, 4]
[0, 2, 5]
[0, 2, 6]
[0, 2, 3]
[0, 2, 1, 7]
[0, 2, 1, 4]
[0, 2, 1, 5]
[0, 2, 1, 6]
[0, 2, 1, 3]
[0, 2, 1, 7, 4]
[0, 2, 1, 7, 5]
[0, 2, 1, 7, 6]
[0, 2, 1, 7, 3]
[0, 2, 1, 7, 4, 5]
[0, 2, 1, 7, 4, 6]
[0, 2, 1, 7, 4, 3]
[0, 2, 1, 7, 4, 5, 6]
[0, 2, 1, 7, 4, 5, 3]
[0, 2, 1, 7, 4, 5, 6, 3]
failed -> 8 times
after fail n ======> 7
[0, 2, 1, 4, 3, 7, 5]
0.11475409836065574 0.15789473684210525
itercount --------> 1
[0, 2, 3]
0.15789473684210525 0.23076923076923078
itercount --------> 2
[3, 4, 7]
0.23076923076923078 0.2857142857142857
itercount --------> 3
[0, 2, 1]
[0, 2, 7]
[0, 2, 3]
[0, 2, 4]
0.2857142857142857 0.3125
itercount --------> 4
[2, 0, 1]
0.3125 0.35714285714285715
itercount --------> 5
[0, 2, 1]
[0, 2, 7]
0.35714285714285715 0.38461538461538464
itercount --------> 6
[2, 0, 1]
0.38461538461538464 0.3953488372093023
itercount --------> 7
[2, 0, 1]
0.3953488372093023 0.5151515151515151
itercount --------> 8
[2, 0, 1]
[2, 0, 3]
0.5151515151515151 0.5862068965517241
itercount --------> 9
[2, 0, 1]
[2, 0, 3]
[2, 0, 5]
[2, 0, 4]
[2, 0, 6]
[2, 0, 7]
[2, 0, 1, 3]
[2, 0, 1, 5]
[2, 0, 1, 4]
[2, 0, 1, 6]
[2, 0, 1, 7]
[2, 0, 1, 3, 5]
[2, 0, 1, 3, 4]
[2, 0, 1, 3, 6]
[2, 0, 1, 3, 7]
[2, 0, 1, 3, 5, 4]
[2, 0, 1, 3, 5, 6]
[2, 0, 1, 3, 5, 7]
[2, 0, 1, 3, 5, 4, 6]
[2, 0, 1, 3, 5, 4, 7]
[2, 0, 1, 3, 5, 4, 6, 7]
failed -> 9 times
after fail n ======> 8
[0, 2, 1, 4, 3, 7, 5, 6]
0.11475409836065574 0.12
itercount --------> 1
[2, 0, 1]
0.12 0.20512820512820512
itercount --------> 2
[2, 1, 0]
0.20512820512820512 0.2222222222222222
itercount --------> 3
[2, 7, 4]
0.2222222222222222 0.3333333333333333
itercount --------> 4
[2, 3, 0]
0.3333333333333333 0.34285714285714286
itercount --------> 5
[2, 0, 3]
[2, 0, 1]
0.34285714285714286 0.4827586206896552
itercount --------> 6
[2, 0, 1]
[2, 0, 3]
[2, 0, 4]
[2, 0, 6]
[2, 0, 5]
[2, 0, 7]
[2, 0, 1, 3]
[2, 0, 1, 4]
0.4827586206896552 0.5
itercount --------> 7
[2, 0, 3]
[2, 0, 4]
[2, 0, 5]
[2, 0, 6]
[2, 0, 7]
[2, 0, 1]
[2, 0, 3, 4]
0.5 0.5185185185185185
itercount --------> 8
[2, 0, 3]
[2, 0, 4]
[2, 0, 5]
[2, 0, 6]
0.5185185185185185 0.52
itercount --------> 9
[2, 3, 4]
[2, 3, 0]
[2, 3, 6]
0.52 0.5357142857142857
itercount --------> 10
[2, 0, 4]
[2, 0, 3]
[2, 0, 5]
[2, 0, 7]
[2, 0, 1]
[2, 0, 6]
[2, 0, 4, 3]
0.5357142857142857 0.5416666666666666
itercount --------> 11
[2, 3, 4]
[2, 3, 0]
[2, 3, 6]
[2, 3, 5]
[2, 3, 7]
[2, 3, 1]
[2, 3, 4, 0]
[2, 3, 4, 6]
[2, 3, 4, 5]
[2, 3, 4, 7]
0.5416666666666666 0.56
itercount --------> 12
[2, 3, 4]
[2, 3, 0]
[2, 3, 5]
[2, 3, 1]
[2, 3, 6]
[2, 3, 7]
[2, 3, 4, 0]
[2, 3, 4, 5]
[2, 3, 4, 1]
[2, 3, 4, 6]
[2, 3, 4, 7]
[2, 3, 4, 0, 5]
[2, 3, 4, 0, 1]
[2, 3, 4, 0, 6]
[2, 3, 4, 0, 7]
[2, 3, 4, 0, 5, 1]
[2, 3, 4, 0, 5, 6]
[2, 3, 4, 0, 5, 7]
0.56 0.5862068965517241
itercount --------> 13
[2, 3, 0]
[2, 3, 4]
[2, 3, 1]
[2, 3, 5]
[2, 3, 6]
[2, 3, 7]
[2, 3, 0, 4]
[2, 3, 0, 1]
[2, 3, 0, 5]
[2, 3, 0, 6]
[2, 3, 0, 7]
[2, 3, 0, 4, 1]
[2, 3, 0, 4, 5]
[2, 3, 0, 4, 6]
[2, 3, 0, 4, 7]
[2, 3, 0, 4, 1, 5]
[2, 3, 0, 4, 1, 6]
[2, 3, 0, 4, 1, 7]
[2, 3, 0, 4, 1, 5, 6]
[2, 3, 0, 4, 1, 5, 7]
[2, 3, 0, 4, 1, 5, 6, 7]
failed -> 10 times
after fail n ======> 5
[0, 2, 1, 4, 3]
0.11475409836065574 0.15789473684210525
itercount --------> 1
[0, 2, 3]
0.15789473684210525 0.26666666666666666
itercount --------> 2
[0, 7, 3]
0.26666666666666666 0.3103448275862069
itercount --------> 3
[3, 7, 0]
0.3103448275862069 0.3333333333333333
itercount --------> 4
[0, 2, 1]
[0, 2, 7]
[0, 2, 4]
0.3333333333333333 0.4166666666666667
itercount --------> 5
[0, 2, 1]
[0, 2, 7]
[0, 2, 4]
[0, 2, 5]
[0, 2, 3]
[0, 2, 6]
[0, 2, 1, 7]
[0, 2, 1, 4]
[0, 2, 1, 5]
[0, 2, 1, 3]
[0, 2, 1, 6]
0.4166666666666667 0.43478260869565216
itercount --------> 6
[0, 7, 2]
[0, 7, 1]
0.43478260869565216 0.45454545454545453
itercount --------> 7
[0, 2, 1]
[0, 2, 7]
[0, 2, 4]
[0, 2, 5]
[0, 2, 6]
[0, 2, 3]
[0, 2, 1, 7]
[0, 2, 1, 4]
0.45454545454545453 0.47619047619047616
itercount --------> 8
[0, 2, 1]
[0, 2, 7]
[0, 2, 5]
[0, 2, 4]
[0, 2, 6]
[0, 2, 3]
[0, 2, 1, 7]
[0, 2, 1, 5]
[0, 2, 1, 4]
[0, 2, 1, 6]
[0, 2, 1, 3]
[0, 2, 1, 7, 5]
0.47619047619047616 0.4782608695652174
itercount --------> 9
[0, 7, 3]
[0, 7, 6]
[0, 7, 1]
[0, 7, 2]
[0, 7, 5]
[0, 7, 4]
0.4782608695652174 0.5769230769230769
itercount --------> 10
[3, 5, 1]
[3, 5, 4]
[3, 5, 0]
[3, 5, 2]
[3, 5, 7]
[3, 5, 6]
[3, 5, 1, 4]
[3, 5, 1, 0]
[3, 5, 1, 2]
[3, 5, 1, 7]
[3, 5, 1, 6]
[3, 5, 1, 4, 0]
[3, 5, 1, 4, 2]
0.5769230769230769 0.5925925925925926
itercount --------> 11
[3, 4, 5]
[3, 4, 1]
[3, 4, 7]
[3, 4, 0]
[3, 4, 2]
[3, 4, 6]
[3, 4, 5, 1]
[3, 4, 5, 7]
[3, 4, 5, 0]
[3, 4, 5, 2]
[3, 4, 5, 6]
[3, 4, 5, 1, 7]
[3, 4, 5, 1, 0]
[3, 4, 5, 1, 2]
[3, 4, 5, 1, 6]
[3, 4, 5, 1, 7, 0]
[3, 4, 5, 1, 7, 2]
[3, 4, 5, 1, 7, 6]
[3, 4, 5, 1, 7, 0, 2]
[3, 4, 5, 1, 7, 0, 6]
[3, 4, 5, 1, 7, 0, 2, 6]
failed -> 11 times
after fail n ======> 6
[0, 2, 1, 4, 3, 7]
0.11475409836065574 0.1891891891891892
itercount --------> 1
[1, 4, 0]
0.1891891891891892 0.2222222222222222
itercount --------> 2
[0, 3, 4]
[0, 3, 1]
0.2222222222222222 0.2857142857142857
itercount --------> 3
[0, 2, 7]
0.2857142857142857 0.3
itercount --------> 4
[2, 1, 3]
[2, 1, 0]
0.3 0.42857142857142855
itercount --------> 5
[0, 2, 1]
[0, 2, 4]
0.42857142857142855 0.5333333333333333
itercount --------> 6
[2, 0, 1]
[2, 0, 5]
[2, 0, 7]
[2, 0, 3]
[2, 0, 4]
[2, 0, 6]
0.5333333333333333 0.5357142857142857
itercount --------> 7
[2, 0, 1]
[2, 0, 5]
[2, 0, 6]
[2, 0, 4]
[2, 0, 7]
[2, 0, 3]
[2, 0, 1, 5]
[2, 0, 1, 6]
[2, 0, 1, 4]
[2, 0, 1, 7]
[2, 0, 1, 3]
[2, 0, 1, 5, 6]
[2, 0, 1, 5, 4]
[2, 0, 1, 5, 7]
[2, 0, 1, 5, 3]
[2, 0, 1, 5, 6, 4]
[2, 0, 1, 5, 6, 7]
[2, 0, 1, 5, 6, 3]
[2, 0, 1, 5, 6, 4, 7]
[2, 0, 1, 5, 6, 4, 3]
[2, 0, 1, 5, 6, 4, 7, 3]
failed -> 12 times
after fail n ======> 7
[0, 2, 1, 4, 3, 7, 5]
0.11475409836065574 0.125
itercount --------> 1
[0, 3, 4]
[0, 3, 5]
0.125 0.16666666666666666
itercount --------> 2
[0, 2, 5]
0.16666666666666666 0.2413793103448276
itercount --------> 3
[0, 7, 1]
0.2413793103448276 0.2727272727272727
itercount --------> 4
[0, 2, 7]
[0, 2, 1]
[0, 2, 3]
[0, 2, 5]
[0, 2, 4]
0.2727272727272727 0.3333333333333333
itercount --------> 5
[0, 2, 7]
0.3333333333333333 0.36363636363636365
itercount --------> 6
[0, 2, 7]
[0, 2, 1]
[0, 2, 5]
[0, 2, 3]
[0, 2, 4]
[0, 2, 6]
0.36363636363636365 0.38095238095238093
itercount --------> 7
[0, 2, 7]
[0, 2, 1]
[0, 2, 5]
[0, 2, 3]
[0, 2, 6]
[0, 2, 4]
[0, 2, 7, 1]
[0, 2, 7, 5]
[0, 2, 7, 3]
[0, 2, 7, 6]
[0, 2, 7, 4]
[0, 2, 7, 1, 5]
[0, 2, 7, 1, 3]
[0, 2, 7, 1, 6]
[0, 2, 7, 1, 4]
[0, 2, 7, 1, 5, 3]
[0, 2, 7, 1, 5, 6]
[0, 2, 7, 1, 5, 4]
0.38095238095238093 0.4230769230769231
itercount --------> 8
[7, 4, 3]
[7, 4, 0]
[7, 4, 2]
[7, 4, 5]
[7, 4, 1]
[7, 4, 6]
[7, 4, 3, 0]
[7, 4, 3, 2]
[7, 4, 3, 5]
[7, 4, 3, 1]
[7, 4, 3, 6]
[7, 4, 3, 0, 2]
[7, 4, 3, 0, 5]
[7, 4, 3, 0, 1]
[7, 4, 3, 0, 6]
[7, 4, 3, 0, 2, 5]
[7, 4, 3, 0, 2, 1]
[7, 4, 3, 0, 2, 6]
[7, 4, 3, 0, 2, 5, 1]
[7, 4, 3, 0, 2, 5, 6]
[7, 4, 3, 0, 2, 5, 1, 6]
failed -> 13 times
after fail n ======> 8
[0, 2, 1, 4, 3, 7, 5, 6]
0.11475409836065574 0.15789473684210525
itercount --------> 1
[0, 2, 3]
0.15789473684210525 0.16666666666666666
itercount --------> 2
[2, 0, 7]
0.16666666666666666 0.3333333333333333
itercount --------> 3
[0, 2, 1]
[0, 2, 7]
[0, 2, 4]
0.3333333333333333 0.38461538461538464
itercount --------> 4
[2, 0, 7]
[2, 0, 1]
0.38461538461538464 0.4166666666666667
itercount --------> 5
[0, 2, 1]
[0, 2, 7]
[0, 2, 4]
[0, 2, 5]
[0, 2, 3]
[0, 2, 6]
0.4166666666666667 0.43478260869565216
itercount --------> 6
[0, 2, 1]
[0, 2, 7]
[0, 2, 4]
[0, 2, 5]
[0, 2, 3]
[0, 2, 6]
[0, 2, 1, 7]
[0, 2, 1, 4]
[0, 2, 1, 5]
0.43478260869565216 0.45454545454545453
itercount --------> 7
[0, 2, 1]
[0, 2, 7]
[0, 2, 4]
[0, 2, 5]
[0, 2, 6]
[0, 2, 3]
[0, 2, 1, 7]
[0, 2, 1, 4]
[0, 2, 1, 5]
[0, 2, 1, 6]
[0, 2, 1, 3]
[0, 2, 1, 7, 4]
0.45454545454545453 0.47619047619047616
itercount --------> 8
[0, 2, 1]
[0, 2, 7]
[0, 2, 5]
[0, 2, 4]
[0, 2, 6]
[0, 2, 3]
[0, 2, 1, 7]
0.47619047619047616 0.48
itercount --------> 9
[0, 7, 2]
0.48 0.5217391304347826
itercount --------> 10
[0, 1, 7]
[0, 1, 2]
[0, 1, 4]
[0, 1, 6]
[0, 1, 5]
[0, 1, 3]
[0, 1, 7, 2]
[0, 1, 7, 4]
[0, 1, 7, 6]
[0, 1, 7, 5]
[0, 1, 7, 3]
[0, 1, 7, 2, 4]
[0, 1, 7, 2, 6]
[0, 1, 7, 2, 5]
[0, 1, 7, 2, 3]
[0, 1, 7, 2, 4, 6]
[0, 1, 7, 2, 4, 5]
[0, 1, 7, 2, 4, 3]
[0, 1, 7, 2, 4, 6, 5]
[0, 1, 7, 2, 4, 6, 3]
[0, 1, 7, 2, 4, 6, 5, 3]
failed -> 14 times
after fail n ======> 5
[0, 2, 1, 4, 3]
0.11475409836065574 0.13333333333333333
itercount --------> 1
[2, 3, 4]
[2, 3, 7]
[2, 3, 0]
0.13333333333333333 0.15384615384615385
itercount --------> 2
[2, 7, 3]
0.15384615384615385 0.16666666666666666
itercount --------> 3
[4, 3, 5]
0.16666666666666666 0.23076923076923078
itercount --------> 4
[4, 3, 7]
[4, 3, 0]
[4, 3, 2]
0.23076923076923078 0.2857142857142857
itercount --------> 5
[2, 5, 4]
0.2857142857142857 0.3333333333333333
itercount --------> 6
[2, 0, 4]
[2, 0, 1]
0.3333333333333333 0.36585365853658536
itercount --------> 7
[2, 0, 5]
[2, 0, 4]
[2, 0, 1]
[2, 0, 6]
[2, 0, 3]
[2, 0, 7]
[2, 0, 5, 4]
0.36585365853658536 0.4117647058823529
itercount --------> 8
[2, 0, 1]
0.4117647058823529 0.5
itercount --------> 9
[2, 0, 5]
[2, 0, 1]
[2, 0, 3]
[2, 0, 4]
[2, 0, 6]
[2, 0, 7]
[2, 0, 5, 1]
[2, 0, 5, 3]
[2, 0, 5, 4]
[2, 0, 5, 6]
0.5 0.5185185185185185
itercount --------> 10
[2, 0, 5]
[2, 0, 1]
[2, 0, 3]
[2, 0, 4]
[2, 0, 6]
[2, 0, 7]
[2, 0, 5, 1]
[2, 0, 5, 3]
0.5185185185185185 0.5454545454545454
itercount --------> 11
[0, 2, 1]
[0, 2, 5]
[0, 2, 3]
[0, 2, 7]
[0, 2, 4]
[0, 2, 6]
[0, 2, 1, 5]
[0, 2, 1, 3]
[0, 2, 1, 7]
[0, 2, 1, 4]
[0, 2, 1, 6]
[0, 2, 1, 5, 3]
[0, 2, 1, 5, 7]
[0, 2, 1, 5, 4]
[0, 2, 1, 5, 6]
[0, 2, 1, 5, 3, 7]
[0, 2, 1, 5, 3, 4]
[0, 2, 1, 5, 3, 6]
[0, 2, 1, 5, 3, 7, 4]
[0, 2, 1, 5, 3, 7, 6]
[0, 2, 1, 5, 3, 7, 4, 6]
failed -> 15 times
after fail n ======> 6
[0, 2, 1, 4, 3, 7]
0.11475409836065574 0.15254237288135594
itercount --------> 1
[0, 2, 1]
0.15254237288135594 0.2222222222222222
itercount --------> 2
[0, 2, 4]
0.2222222222222222 0.3333333333333333
itercount --------> 3
[0, 2, 1]
[0, 2, 4]
[0, 2, 7]
[0, 2, 5]
[0, 2, 3]
0.3333333333333333 0.42857142857142855
itercount --------> 4
[0, 2, 7]
[0, 2, 1]
0.42857142857142855 0.5
itercount --------> 5
[0, 2, 1]
[0, 2, 4]
0.5 0.5454545454545454
itercount --------> 6
[0, 2, 1]
[0, 2, 7]
[0, 2, 4]
[0, 2, 5]
[0, 2, 3]
[0, 2, 6]
[0, 2, 1, 7]
[0, 2, 1, 4]
[0, 2, 1, 5]
[0, 2, 1, 3]
[0, 2, 1, 6]
[0, 2, 1, 7, 4]
[0, 2, 1, 7, 5]
[0, 2, 1, 7, 3]
[0, 2, 1, 7, 6]
0.5454545454545454 0.5714285714285714
itercount --------> 7
[0, 2, 1]
[0, 2, 7]
[0, 2, 4]
[0, 2, 5]
[0, 2, 6]
[0, 2, 3]
[0, 2, 1, 7]
[0, 2, 1, 4]
[0, 2, 1, 5]
[0, 2, 1, 6]
[0, 2, 1, 3]
[0, 2, 1, 7, 4]
[0, 2, 1, 7, 5]
[0, 2, 1, 7, 6]
[0, 2, 1, 7, 3]
[0, 2, 1, 7, 4, 5]
[0, 2, 1, 7, 4, 6]
[0, 2, 1, 7, 4, 3]
[0, 2, 1, 7, 4, 5, 6]
[0, 2, 1, 7, 4, 5, 3]
[0, 2, 1, 7, 4, 5, 6, 3]
failed -> 16 times
after fail n ======> 7
[0, 2, 1, 4, 3, 7, 5]
0.11475409836065574 0.15789473684210525
itercount --------> 1
[2, 0, 3]
0.15789473684210525 0.16666666666666666
itercount --------> 2
[0, 2, 7]
0.16666666666666666 0.26666666666666666
itercount --------> 3
[0, 7, 3]
[0, 7, 2]
[0, 7, 4]
0.26666666666666666 0.2777777777777778
itercount --------> 4
[0, 7, 2]
[0, 7, 3]
0.2777777777777778 0.3333333333333333
itercount --------> 5
[0, 2, 7]
[0, 2, 1]
[0, 2, 3]
0.3333333333333333 0.35714285714285715
itercount --------> 6
[0, 2, 1]
[0, 2, 7]
[0, 2, 3]
[0, 2, 4]
[0, 2, 5]
0.35714285714285715 0.38461538461538464
itercount --------> 7
[0, 7, 2]
[0, 7, 1]
0.38461538461538464 0.4166666666666667
itercount --------> 8
[0, 2, 1]
[0, 2, 7]
[0, 2, 5]
[0, 2, 4]
[0, 2, 3]
[0, 2, 6]
[0, 2, 1, 7]
[0, 2, 1, 5]
[0, 2, 1, 4]
[0, 2, 1, 3]
0.4166666666666667 0.45454545454545453
itercount --------> 9
[0, 2, 1]
[0, 2, 7]
[0, 2, 5]
[0, 2, 4]
[0, 2, 3]
[0, 2, 6]
[0, 2, 1, 7]
[0, 2, 1, 5]
[0, 2, 1, 4]
[0, 2, 1, 3]
[0, 2, 1, 6]
[0, 2, 1, 7, 5]
[0, 2, 1, 7, 4]
[0, 2, 1, 7, 3]
[0, 2, 1, 7, 6]
0.45454545454545453 0.47619047619047616
itercount --------> 10
[0, 2, 1]
[0, 2, 7]
[0, 2, 5]
[0, 2, 4]
[0, 2, 6]
[0, 2, 3]
[0, 2, 1, 7]
[0, 2, 1, 5]
[0, 2, 1, 4]
[0, 2, 1, 6]
[0, 2, 1, 3]
[0, 2, 1, 7, 5]
[0, 2, 1, 7, 4]
[0, 2, 1, 7, 6]
[0, 2, 1, 7, 3]
[0, 2, 1, 7, 5, 4]
0.47619047619047616 0.5
itercount --------> 11
[7, 5, 0]
[7, 5, 2]
[7, 5, 4]
[7, 5, 1]
[7, 5, 6]
[7, 5, 3]
[7, 5, 0, 2]
[7, 5, 0, 4]
[7, 5, 0, 1]
[7, 5, 0, 6]
[7, 5, 0, 3]
[7, 5, 0, 2, 4]
[7, 5, 0, 2, 1]
[7, 5, 0, 2, 6]
[7, 5, 0, 2, 3]
[7, 5, 0, 2, 4, 1]
[7, 5, 0, 2, 4, 6]
[7, 5, 0, 2, 4, 3]
[7, 5, 0, 2, 4, 1, 6]
[7, 5, 0, 2, 4, 1, 3]
[7, 5, 0, 2, 4, 1, 6, 3]
failed -> 17 times
after fail n ======> 8
[0, 2, 1, 4, 3, 7, 5, 6]
0.11475409836065574 0.11627906976744186
itercount --------> 1
[0, 2, 3]
0.11627906976744186 0.1875
itercount --------> 2
[2, 3, 1]
0.1875 0.19230769230769232
itercount --------> 3
[0, 2, 3]
[0, 2, 7]
0.19230769230769232 0.22727272727272727
itercount --------> 4
[0, 2, 7]
[0, 2, 1]
[0, 2, 5]
[0, 2, 6]
[0, 2, 3]
[0, 2, 4]
0.22727272727272727 0.27586206896551724
itercount --------> 5
[2, 7, 0]
0.27586206896551724 0.34782608695652173
itercount --------> 6
[0, 7, 4]
0.34782608695652173 0.391304347826087
itercount --------> 7
[0, 7, 2]
[0, 7, 6]
[0, 7, 1]
0.391304347826087 0.4090909090909091
itercount --------> 8
[0, 2, 1]
[0, 2, 7]
[0, 2, 4]
[0, 2, 6]
[0, 2, 5]
[0, 2, 3]
[0, 2, 1, 7]
0.4090909090909091 0.43478260869565216
itercount --------> 9
[0, 2, 1]
[0, 2, 7]
0.43478260869565216 0.4444444444444444
itercount --------> 10
[2, 1, 0]
[2, 1, 4]
0.4444444444444444 0.4482758620689655
itercount --------> 11
[2, 1, 0]
[2, 1, 4]
[2, 1, 3]
[2, 1, 6]
0.4482758620689655 0.4642857142857143
itercount --------> 12
[2, 1, 7]
[2, 1, 4]
[2, 1, 0]
[2, 1, 6]
[2, 1, 3]
[2, 1, 5]
[2, 1, 7, 4]
[2, 1, 7, 0]
[2, 1, 7, 6]
[2, 1, 7, 3]
0.4642857142857143 0.5
itercount --------> 13
[2, 3, 0]
[2, 3, 7]
[2, 3, 1]
[2, 3, 4]
[2, 3, 6]
[2, 3, 5]
[2, 3, 0, 7]
[2, 3, 0, 1]
[2, 3, 0, 4]
[2, 3, 0, 6]
[2, 3, 0, 5]
[2, 3, 0, 7, 1]
[2, 3, 0, 7, 4]
[2, 3, 0, 7, 6]
[2, 3, 0, 7, 5]
[2, 3, 0, 7, 1, 4]
[2, 3, 0, 7, 1, 6]
[2, 3, 0, 7, 1, 5]
[2, 3, 0, 7, 1, 4, 6]
0.5 0.5172413793103449
itercount --------> 14
[2, 0, 1]
[2, 0, 3]
[2, 0, 7]
[2, 0, 4]
[2, 0, 5]
[2, 0, 6]
[2, 0, 1, 3]
[2, 0, 1, 7]
[2, 0, 1, 4]
0.5172413793103449 0.5357142857142857
itercount --------> 15
[2, 3, 0]
[2, 3, 7]
[2, 3, 1]
[2, 3, 4]
[2, 3, 5]
[2, 3, 6]
[2, 3, 0, 7]
[2, 3, 0, 1]
[2, 3, 0, 4]
[2, 3, 0, 5]
[2, 3, 0, 6]
[2, 3, 0, 7, 1]
[2, 3, 0, 7, 4]
0.5357142857142857 0.5666666666666667
itercount --------> 16
[2, 3, 0]
[2, 3, 1]
[2, 3, 5]
[2, 3, 7]
[2, 3, 6]
[2, 3, 4]
[2, 3, 0, 1]
[2, 3, 0, 5]
[2, 3, 0, 7]
[2, 3, 0, 6]
[2, 3, 0, 4]
[2, 3, 0, 1, 5]
0.5666666666666667 0.5862068965517241
itercount --------> 17
[0, 2, 3]
[0, 2, 1]
[0, 2, 5]
[0, 2, 7]
[0, 2, 4]
[0, 2, 6]
[0, 2, 3, 1]
[0, 2, 3, 5]
[0, 2, 3, 7]
[0, 2, 3, 4]
[0, 2, 3, 6]
[0, 2, 3, 1, 5]
[0, 2, 3, 1, 7]
[0, 2, 3, 1, 4]
[0, 2, 3, 1, 6]
[0, 2, 3, 1, 5, 7]
[0, 2, 3, 1, 5, 4]
[0, 2, 3, 1, 5, 6]
[0, 2, 3, 1, 5, 7, 4]
[0, 2, 3, 1, 5, 7, 6]
[0, 2, 3, 1, 5, 7, 4, 6]
failed -> 18 times
after fail n ======> 5
[0, 2, 1, 4, 3]
0.11475409836065574 0.19148936170212766
itercount --------> 1
[1, 0, 2]
0.19148936170212766 0.26666666666666666
itercount --------> 2
[0, 2, 1]
[0, 2, 7]
0.26666666666666666 0.3333333333333333
itercount --------> 3
[0, 2, 1]
[0, 2, 7]
[0, 2, 4]
0.3333333333333333 0.35714285714285715
itercount --------> 4
[0, 1, 2]
0.35714285714285715 0.38461538461538464
itercount --------> 5
[0, 2, 1]
[0, 2, 7]
0.38461538461538464 0.4166666666666667
itercount --------> 6
[0, 2, 1]
[0, 2, 7]
[0, 2, 4]
[0, 2, 5]
[0, 2, 3]
[0, 2, 6]
[0, 2, 1, 7]
[0, 2, 1, 4]
[0, 2, 1, 5]
[0, 2, 1, 3]
[0, 2, 1, 6]
0.4166666666666667 0.43478260869565216
itercount --------> 7
[0, 7, 2]
[0, 7, 1]
[0, 7, 4]
[0, 7, 5]
[0, 7, 6]
[0, 7, 3]
[0, 7, 2, 1]
0.43478260869565216 0.45454545454545453
itercount --------> 8
[0, 2, 1]
[0, 2, 7]
[0, 2, 4]
[0, 2, 5]
[0, 2, 6]
[0, 2, 3]
[0, 2, 1, 7]
[0, 2, 1, 4]
0.45454545454545453 0.47619047619047616
itercount --------> 9
[0, 2, 1]
[0, 2, 7]
[0, 2, 5]
[0, 2, 4]
[0, 2, 6]
[0, 2, 3]
[0, 2, 1, 7]
[0, 2, 1, 5]
[0, 2, 1, 4]
[0, 2, 1, 6]
[0, 2, 1, 3]
[0, 2, 1, 7, 5]
0.47619047619047616 0.5172413793103449
itercount --------> 10
[0, 1, 2]
[0, 1, 7]
[0, 1, 4]
[0, 1, 6]
[0, 1, 3]
[0, 1, 5]
[0, 1, 2, 7]
0.5172413793103449 0.5333333333333333
itercount --------> 11
[0, 2, 1]
[0, 2, 3]
[0, 2, 4]
[0, 2, 5]
[0, 2, 6]
[0, 2, 7]
[0, 2, 1, 3]
[0, 2, 1, 4]
[0, 2, 1, 5]
[0, 2, 1, 6]
[0, 2, 1, 7]
0.5333333333333333 0.5925925925925926
itercount --------> 12
[2, 0, 1]
[2, 0, 3]
[2, 0, 4]
[2, 0, 5]
[2, 0, 7]
[2, 0, 6]
[2, 0, 1, 3]
[2, 0, 1, 4]
[2, 0, 1, 5]
[2, 0, 1, 7]
[2, 0, 1, 6]
[2, 0, 1, 3, 4]
[2, 0, 1, 3, 5]
[2, 0, 1, 3, 7]
[2, 0, 1, 3, 6]
[2, 0, 1, 3, 4, 5]
[2, 0, 1, 3, 4, 7]
[2, 0, 1, 3, 4, 6]
[2, 0, 1, 3, 4, 5, 7]
[2, 0, 1, 3, 4, 5, 6]
[2, 0, 1, 3, 4, 5, 7, 6]
failed -> 19 times
after fail n ======> 6
[0, 2, 1, 4, 3, 7]
0.11475409836065574 0.15789473684210525
itercount --------> 1
[0, 2, 3]
0.15789473684210525 0.26666666666666666
itercount --------> 2
[0, 7, 3]
0.26666666666666666 0.3333333333333333
itercount --------> 3
[0, 2, 1]
[0, 2, 7]
[0, 2, 4]
[0, 2, 5]
[0, 2, 3]
[0, 2, 6]
[0, 2, 1, 7]
[0, 2, 1, 4]
0.3333333333333333 0.38461538461538464
itercount --------> 4
[7, 1, 0]
[7, 1, 2]
0.38461538461538464 0.4166666666666667
itercount --------> 5
[0, 2, 1]
[0, 2, 7]
[0, 2, 4]
0.4166666666666667 0.45454545454545453
itercount --------> 6
[0, 2, 1]
[0, 2, 7]
[0, 2, 5]
[0, 2, 4]
[0, 2, 3]
[0, 2, 6]
[0, 2, 1, 7]
[0, 2, 1, 5]
[0, 2, 1, 4]
[0, 2, 1, 3]
[0, 2, 1, 6]
0.45454545454545453 0.47619047619047616
itercount --------> 7
[0, 2, 1]
[0, 2, 7]
[0, 2, 5]
[0, 2, 4]
[0, 2, 6]
[0, 2, 3]
[0, 2, 1, 7]
[0, 2, 1, 5]
[0, 2, 1, 4]
[0, 2, 1, 6]
[0, 2, 1, 3]
[0, 2, 1, 7, 5]
[0, 2, 1, 7, 4]
[0, 2, 1, 7, 6]
[0, 2, 1, 7, 3]
[0, 2, 1, 7, 5, 4]
0.47619047619047616 0.4782608695652174
itercount --------> 8
[7, 0, 2]
[7, 0, 1]
[7, 0, 4]
[7, 0, 5]
[7, 0, 6]
[7, 0, 3]
[7, 0, 2, 1]
[7, 0, 2, 4]
[7, 0, 2, 5]
[7, 0, 2, 6]
[7, 0, 2, 3]
[7, 0, 2, 1, 4]
[7, 0, 2, 1, 5]
[7, 0, 2, 1, 6]
[7, 0, 2, 1, 3]
[7, 0, 2, 1, 4, 5]
0.4782608695652174 0.5
itercount --------> 9
[7, 5, 0]
[7, 5, 2]
[7, 5, 4]
[7, 5, 1]
[7, 5, 6]
[7, 5, 3]
[7, 5, 0, 2]
[7, 5, 0, 4]
[7, 5, 0, 1]
[7, 5, 0, 6]
[7, 5, 0, 3]
[7, 5, 0, 2, 4]
[7, 5, 0, 2, 1]
0.5 0.5652173913043478
itercount --------> 10
[2, 7, 5]
[2, 7, 0]
[2, 7, 1]
[2, 7, 4]
[2, 7, 6]
[2, 7, 3]
[2, 7, 5, 0]
[2, 7, 5, 1]
[2, 7, 5, 4]
[2, 7, 5, 6]
[2, 7, 5, 3]
0.5652173913043478 0.6086956521739131
itercount --------> 11
[2, 5, 3]
[2, 5, 7]
[2, 5, 0]
[2, 5, 1]
[2, 5, 4]
[2, 5, 6]
[2, 5, 3, 7]
[2, 5, 3, 0]
[2, 5, 3, 1]
[2, 5, 3, 4]
[2, 5, 3, 6]
[2, 5, 3, 7, 0]
[2, 5, 3, 7, 1]
[2, 5, 3, 7, 4]
0.6086956521739131 0.64
itercount --------> 12
[2, 5, 7]
[2, 5, 6]
[2, 5, 0]
[2, 5, 1]
[2, 5, 3]
[2, 5, 4]
[2, 5, 7, 6]
[2, 5, 7, 0]
[2, 5, 7, 1]
[2, 5, 7, 3]
[2, 5, 7, 4]
[2, 5, 7, 6, 0]
0.64 0.6956521739130435
itercount --------> 13
[5, 7, 0]
[5, 7, 1]
[5, 7, 2]
[5, 7, 6]
[5, 7, 3]
[5, 7, 4]
[5, 7, 0, 1]
[5, 7, 0, 2]
[5, 7, 0, 6]
[5, 7, 0, 3]
[5, 7, 0, 4]
[5, 7, 0, 1, 2]
[5, 7, 0, 1, 6]
[5, 7, 0, 1, 3]
[5, 7, 0, 1, 4]
[5, 7, 0, 1, 2, 6]
[5, 7, 0, 1, 2, 3]
[5, 7, 0, 1, 2, 4]
[5, 7, 0, 1, 2, 6, 3]
[5, 7, 0, 1, 2, 6, 4]
[5, 7, 0, 1, 2, 6, 3, 4]
failed -> 20 times
after fail n ======> 7
[0, 2, 1, 4, 3, 7, 5]
0.11475409836065574 0.15254237288135594
itercount --------> 1
[0, 2, 1]
0.15254237288135594 0.2222222222222222
itercount --------> 2
[0, 2, 5]
0.2222222222222222 0.3333333333333333
itercount --------> 3
[0, 2, 1]
[0, 2, 5]
0.3333333333333333 0.45454545454545453
itercount --------> 4
[0, 2, 1]
[0, 2, 5]
[0, 2, 7]
[0, 2, 4]
[0, 2, 3]
[0, 2, 6]
[0, 2, 1, 5]
[0, 2, 1, 7]
[0, 2, 1, 4]
[0, 2, 1, 3]
[0, 2, 1, 6]
[0, 2, 1, 5, 7]
[0, 2, 1, 5, 4]
[0, 2, 1, 5, 3]
[0, 2, 1, 5, 6]
[0, 2, 1, 5, 7, 4]
[0, 2, 1, 5, 7, 3]
[0, 2, 1, 5, 7, 6]
[0, 2, 1, 5, 7, 4, 3]
[0, 2, 1, 5, 7, 4, 6]
[0, 2, 1, 5, 7, 4, 3, 6]
failed -> 21 times
after fail n ======> 8
[0, 2, 1, 4, 3, 7, 5, 6]
0.11475409836065574 0.12
itercount --------> 1
[0, 2, 4]
0.12 0.20930232558139536
itercount --------> 2
[0, 2, 4]
[0, 2, 3]
[0, 2, 1]
0.20930232558139536 0.2413793103448276
itercount --------> 3
[4, 7, 3]
0.2413793103448276 0.41935483870967744
itercount --------> 4
[0, 2, 4]
[0, 2, 1]
[0, 2, 7]
[0, 2, 3]
[0, 2, 5]
[0, 2, 6]
[0, 2, 4, 1]
[0, 2, 4, 7]
[0, 2, 4, 3]
[0, 2, 4, 5]
[0, 2, 4, 6]
[0, 2, 4, 1, 7]
[0, 2, 4, 1, 3]
[0, 2, 4, 1, 5]
[0, 2, 4, 1, 6]
[0, 2, 4, 1, 7, 3]
0.41935483870967744 0.47368421052631576
itercount --------> 5
[3, 4, 0]
[3, 4, 2]
[3, 4, 5]
[3, 4, 7]
[3, 4, 1]
[3, 4, 6]
[3, 4, 0, 2]
[3, 4, 0, 5]
[3, 4, 0, 7]
[3, 4, 0, 1]
[3, 4, 0, 6]
[3, 4, 0, 2, 5]
[3, 4, 0, 2, 7]
[3, 4, 0, 2, 1]
[3, 4, 0, 2, 6]
[3, 4, 0, 2, 5, 7]
[3, 4, 0, 2, 5, 1]
0.47368421052631576 0.4838709677419355
itercount --------> 6
[3, 1, 0]
[3, 1, 2]
[3, 1, 5]
[3, 1, 4]
[3, 1, 7]
[3, 1, 6]
[3, 1, 0, 2]
[3, 1, 0, 5]
[3, 1, 0, 4]
[3, 1, 0, 7]
[3, 1, 0, 6]
[3, 1, 0, 2, 5]
[3, 1, 0, 2, 4]
[3, 1, 0, 2, 7]
[3, 1, 0, 2, 6]
[3, 1, 0, 2, 5, 4]
[3, 1, 0, 2, 5, 7]
[3, 1, 0, 2, 5, 6]
[3, 1, 0, 2, 5, 4, 7]
[3, 1, 0, 2, 5, 4, 6]
[3, 1, 0, 2, 5, 4, 7, 6]
failed -> 22 times
after fail n ======> 5
[0, 2, 1, 4, 3]
0.11475409836065574 0.13333333333333333
itercount --------> 1
[2, 3, 4]
0.13333333333333333 0.14285714285714285
itercount --------> 2
[2, 0, 4]
0.14285714285714285 0.15384615384615385
itercount --------> 3
[3, 0, 2]
[3, 0, 4]
0.15384615384615385 0.23076923076923078
itercount --------> 4
[3, 4, 7]
0.23076923076923078 0.2727272727272727
itercount --------> 5
[3, 0, 7]
0.2727272727272727 0.3023255813953488
itercount --------> 6
[0, 3, 1]
[0, 3, 2]
0.3023255813953488 0.3170731707317073
itercount --------> 7
[0, 2, 3]
[0, 2, 1]
[0, 2, 7]
0.3170731707317073 0.35714285714285715
itercount --------> 8
[0, 2, 1]
[0, 2, 7]
0.35714285714285715 0.42857142857142855
itercount --------> 9
[0, 2, 1]
[0, 2, 7]
[0, 2, 3]
[0, 2, 4]
[0, 2, 5]
[0, 2, 6]
[0, 2, 1, 7]
[0, 2, 1, 3]
[0, 2, 1, 4]
[0, 2, 1, 5]
[0, 2, 1, 6]
[0, 2, 1, 7, 3]
0.42857142857142855 0.4838709677419355
itercount --------> 10
[3, 1, 0]
[3, 1, 2]
[3, 1, 5]
[3, 1, 4]
[3, 1, 7]
[3, 1, 6]
[3, 1, 0, 2]
[3, 1, 0, 5]
[3, 1, 0, 4]
[3, 1, 0, 7]
[3, 1, 0, 6]
[3, 1, 0, 2, 5]
[3, 1, 0, 2, 4]
[3, 1, 0, 2, 7]
[3, 1, 0, 2, 6]
[3, 1, 0, 2, 5, 4]
[3, 1, 0, 2, 5, 7]
[3, 1, 0, 2, 5, 6]
[3, 1, 0, 2, 5, 4, 7]
[3, 1, 0, 2, 5, 4, 6]
[3, 1, 0, 2, 5, 4, 7, 6]
failed -> 23 times
after fail n ======> 6
[0, 2, 1, 4, 3, 7]
0.11475409836065574 0.13333333333333333
itercount --------> 1
[3, 4, 1]
0.13333333333333333 0.15789473684210525
itercount --------> 2
[1, 3, 4]
[1, 3, 0]
0.15789473684210525 0.23076923076923078
itercount --------> 3
[3, 4, 7]
0.23076923076923078 0.26666666666666666
itercount --------> 4
[3, 1, 7]
0.26666666666666666 0.3023255813953488
itercount --------> 5
[3, 1, 4]
[3, 1, 0]
[3, 1, 2]
0.3023255813953488 0.41935483870967744
itercount --------> 6
[3, 0, 1]
[3, 0, 2]
[3, 0, 5]
[3, 0, 4]
0.41935483870967744 0.5483870967741935
itercount --------> 7
[0, 2, 1]
[0, 2, 3]
[0, 2, 7]
0.5483870967741935 0.5862068965517241
itercount --------> 8
[0, 2, 1]
[0, 2, 3]
[0, 2, 5]
[0, 2, 4]
[0, 2, 6]
[0, 2, 7]
[0, 2, 1, 3]
[0, 2, 1, 5]
[0, 2, 1, 4]
[0, 2, 1, 6]
[0, 2, 1, 7]
[0, 2, 1, 3, 5]
[0, 2, 1, 3, 4]
[0, 2, 1, 3, 6]
[0, 2, 1, 3, 7]
[0, 2, 1, 3, 5, 4]
[0, 2, 1, 3, 5, 6]
[0, 2, 1, 3, 5, 7]
[0, 2, 1, 3, 5, 4, 6]
[0, 2, 1, 3, 5, 4, 7]
[0, 2, 1, 3, 5, 4, 6, 7]
failed -> 24 times
after fail n ======> 7
[0, 2, 1, 4, 3, 7, 5]
0.11475409836065574 0.13043478260869565
itercount --------> 1
[2, 0, 1]
[2, 0, 3]
0.13043478260869565 0.2222222222222222
itercount --------> 2
[2, 3, 4]
0.2222222222222222 0.2777777777777778
itercount --------> 3
[2, 1, 0]
0.2777777777777778 0.2857142857142857
itercount --------> 4
[2, 7, 4]
0.2857142857142857 0.3076923076923077
itercount --------> 5
[2, 0, 4]
0.3076923076923077 0.4166666666666667
itercount --------> 6
[0, 2, 1]
[0, 2, 7]
[0, 2, 4]
[0, 2, 5]
[0, 2, 3]
[0, 2, 6]
[0, 2, 1, 7]
0.4166666666666667 0.42857142857142855
itercount --------> 7
[0, 2, 1]
0.42857142857142855 0.5
itercount --------> 8
[0, 2, 1]
[0, 2, 4]
[0, 2, 7]
[0, 2, 5]
[0, 2, 3]
[0, 2, 6]
0.5 0.5454545454545454
itercount --------> 9
[0, 2, 1]
[0, 2, 4]
[0, 2, 7]
[0, 2, 5]
[0, 2, 6]
[0, 2, 3]
[0, 2, 1, 4]
0.5454545454545454 0.5714285714285714
itercount --------> 10
[0, 2, 1]
[0, 2, 7]
[0, 2, 4]
[0, 2, 5]
[0, 2, 6]
[0, 2, 3]
[0, 2, 1, 7]
[0, 2, 1, 4]
[0, 2, 1, 5]
[0, 2, 1, 6]
[0, 2, 1, 3]
[0, 2, 1, 7, 4]
[0, 2, 1, 7, 5]
[0, 2, 1, 7, 6]
[0, 2, 1, 7, 3]
[0, 2, 1, 7, 4, 5]
[0, 2, 1, 7, 4, 6]
[0, 2, 1, 7, 4, 3]
[0, 2, 1, 7, 4, 5, 6]
[0, 2, 1, 7, 4, 5, 3]
[0, 2, 1, 7, 4, 5, 6, 3]
failed -> 25 times
after fail n ======> 8
[0, 2, 1, 4, 3, 7, 5, 6]
0.11475409836065574 0.11627906976744186
itercount --------> 1
[0, 2, 3]
0.11627906976744186 0.1724137931034483
itercount --------> 2
[3, 4, 1]
0.1724137931034483 0.17647058823529413
itercount --------> 3
[1, 3, 4]
0.17647058823529413 0.21951219512195122
itercount --------> 4
[1, 0, 2]
0.21951219512195122 0.27586206896551724
itercount --------> 5
[1, 7, 4]
0.27586206896551724 0.3448275862068966
itercount --------> 6
[1, 0, 2]
0.3448275862068966 0.37037037037037035
itercount --------> 7
[0, 2, 1]
[0, 2, 7]
0.37037037037037035 0.42857142857142855
itercount --------> 8
[2, 1, 0]
[2, 1, 4]
[2, 1, 3]
[2, 1, 6]
[2, 1, 7]
0.42857142857142855 0.43478260869565216
itercount --------> 9
[1, 0, 2]
[1, 0, 7]
[1, 0, 6]
[1, 0, 4]
[1, 0, 3]
[1, 0, 5]
[1, 0, 2, 7]
[1, 0, 2, 6]
[1, 0, 2, 4]
[1, 0, 2, 3]
[1, 0, 2, 5]
[1, 0, 2, 7, 6]
0.43478260869565216 0.45454545454545453
itercount --------> 10
[1, 7, 4]
[1, 7, 6]
0.45454545454545453 0.47619047619047616
itercount --------> 11
[0, 2, 1]
[0, 2, 7]
[0, 2, 4]
[0, 2, 5]
[0, 2, 6]
[0, 2, 3]
[0, 2, 1, 7]
[0, 2, 1, 4]
[0, 2, 1, 5]
[0, 2, 1, 6]
[0, 2, 1, 3]
[0, 2, 1, 7, 4]
0.47619047619047616 0.4782608695652174
itercount --------> 12
[0, 1, 6]
[0, 1, 7]
[0, 1, 4]
[0, 1, 2]
[0, 1, 3]
[0, 1, 5]
[0, 1, 6, 7]
[0, 1, 6, 4]
[0, 1, 6, 2]
[0, 1, 6, 3]
[0, 1, 6, 5]
[0, 1, 6, 7, 4]
0.4782608695652174 0.48
itercount --------> 13
[1, 0, 6]
[1, 0, 4]
[1, 0, 2]
[1, 0, 7]
[1, 0, 3]
[1, 0, 5]
0.48 0.5
itercount --------> 14
[0, 6, 1]
[0, 6, 2]
[0, 6, 4]
[0, 6, 7]
[0, 6, 3]
[0, 6, 5]
[0, 6, 1, 2]
[0, 6, 1, 4]
0.5 0.5416666666666666
itercount --------> 15
[0, 7, 6]
[0, 7, 1]
[0, 7, 2]
[0, 7, 4]
[0, 7, 5]
[0, 7, 3]
[0, 7, 6, 1]
[0, 7, 6, 2]
0.5416666666666666 0.5652173913043478
itercount --------> 16
[0, 2, 7]
[0, 2, 1]
[0, 2, 6]
[0, 2, 3]
[0, 2, 4]
[0, 2, 5]
[0, 2, 7, 1]
[0, 2, 7, 6]
[0, 2, 7, 3]
[0, 2, 7, 4]
[0, 2, 7, 5]
[0, 2, 7, 1, 6]
[0, 2, 7, 1, 3]
[0, 2, 7, 1, 4]
[0, 2, 7, 1, 5]
[0, 2, 7, 1, 6, 3]
[0, 2, 7, 1, 6, 4]
[0, 2, 7, 1, 6, 5]
[0, 2, 7, 1, 6, 3, 4]
[0, 2, 7, 1, 6, 3, 5]
[0, 2, 7, 1, 6, 3, 4, 5]
failed -> 26 times
after fail n ======> 5
[0, 2, 1, 4, 3]
0.11475409836065574 0.15789473684210525
itercount --------> 1
[2, 0, 3]
0.15789473684210525 0.26666666666666666
itercount --------> 2
[0, 2, 7]
0.26666666666666666 0.3333333333333333
itercount --------> 3
[0, 2, 1]
[0, 2, 7]
[0, 2, 4]
0.3333333333333333 0.38461538461538464
itercount --------> 4
[0, 2, 1]
[0, 2, 7]
0.38461538461538464 0.4166666666666667
itercount --------> 5
[0, 2, 1]
[0, 2, 7]
[0, 2, 4]
[0, 2, 5]
[0, 2, 3]
[0, 2, 6]
[0, 2, 1, 7]
[0, 2, 1, 4]
[0, 2, 1, 5]
[0, 2, 1, 3]
[0, 2, 1, 6]
0.4166666666666667 0.43478260869565216
itercount --------> 6
[0, 2, 1]
[0, 2, 7]
0.43478260869565216 0.45161290322580644
itercount --------> 7
[0, 2, 4]
[0, 2, 3]
[0, 2, 1]
0.45161290322580644 0.5185185185185185
itercount --------> 8
[0, 2, 3]
[0, 2, 4]
[0, 2, 6]
[0, 2, 1]
[0, 2, 5]
[0, 2, 7]
[0, 2, 3, 4]
[0, 2, 3, 6]
[0, 2, 3, 1]
[0, 2, 3, 5]
[0, 2, 3, 7]
0.5185185185185185 0.5333333333333333
itercount --------> 9
[0, 2, 4]
[0, 2, 1]
[0, 2, 5]
[0, 2, 3]
[0, 2, 7]
[0, 2, 6]
[0, 2, 4, 1]
[0, 2, 4, 5]
[0, 2, 4, 3]
[0, 2, 4, 7]
[0, 2, 4, 6]
[0, 2, 4, 1, 5]
[0, 2, 4, 1, 3]
[0, 2, 4, 1, 7]
[0, 2, 4, 1, 6]
[0, 2, 4, 1, 5, 3]
[0, 2, 4, 1, 5, 7]
[0, 2, 4, 1, 5, 6]
[0, 2, 4, 1, 5, 3, 7]
0.5333333333333333 0.5357142857142857
itercount --------> 10
[0, 2, 3]
[0, 2, 5]
[0, 2, 6]
[0, 2, 1]
[0, 2, 4]
[0, 2, 7]
[0, 2, 3, 5]
[0, 2, 3, 6]
[0, 2, 3, 1]
[0, 2, 3, 4]
0.5357142857142857 0.5555555555555556
itercount --------> 11
[0, 2, 3]
0.5555555555555556 0.5714285714285714
itercount --------> 12
[2, 0, 3]
[2, 0, 4]
[2, 0, 5]
[2, 0, 1]
[2, 0, 7]
[2, 0, 6]
[2, 0, 3, 4]
[2, 0, 3, 5]
[2, 0, 3, 1]
[2, 0, 3, 7]
[2, 0, 3, 6]
[2, 0, 3, 4, 5]
[2, 0, 3, 4, 1]
0.5714285714285714 0.6
itercount --------> 13
[0, 2, 3]
[0, 2, 5]
[0, 2, 4]
[0, 2, 6]
[0, 2, 1]
[0, 2, 7]
[0, 2, 3, 5]
[0, 2, 3, 4]
[0, 2, 3, 6]
[0, 2, 3, 1]
[0, 2, 3, 7]
[0, 2, 3, 5, 4]
[0, 2, 3, 5, 6]
[0, 2, 3, 5, 1]
[0, 2, 3, 5, 7]
[0, 2, 3, 5, 4, 6]
[0, 2, 3, 5, 4, 1]
[0, 2, 3, 5, 4, 7]
0.6 0.6153846153846154
itercount --------> 14
[0, 2, 3]
[0, 2, 1]
[0, 2, 6]
[0, 2, 4]
[0, 2, 5]
[0, 2, 7]
[0, 2, 3, 1]
[0, 2, 3, 6]
[0, 2, 3, 4]
[0, 2, 3, 5]
[0, 2, 3, 7]
[0, 2, 3, 1, 6]
[0, 2, 3, 1, 4]
[0, 2, 3, 1, 5]
0.6153846153846154 0.6296296296296297
itercount --------> 15
[2, 0, 4]
[2, 0, 3]
[2, 0, 1]
[2, 0, 5]
[2, 0, 7]
[2, 0, 6]
[2, 0, 4, 3]
[2, 0, 4, 1]
[2, 0, 4, 5]
[2, 0, 4, 7]
[2, 0, 4, 6]
[2, 0, 4, 3, 1]
0.6296296296296297 0.68
itercount --------> 16
[0, 2, 4]
[0, 2, 3]
[0, 2, 1]
[0, 2, 5]
[0, 2, 6]
[0, 2, 7]
[0, 2, 4, 3]
[0, 2, 4, 1]
[0, 2, 4, 5]
[0, 2, 4, 6]
[0, 2, 4, 7]
[0, 2, 4, 3, 1]
[0, 2, 4, 3, 5]
[0, 2, 4, 3, 6]
[0, 2, 4, 3, 7]
[0, 2, 4, 3, 1, 5]
[0, 2, 4, 3, 1, 6]
[0, 2, 4, 3, 1, 7]
[0, 2, 4, 3, 1, 5, 6]
[0, 2, 4, 3, 1, 5, 7]
[0, 2, 4, 3, 1, 5, 6, 7]
failed -> 27 times
after fail n ======> 6
[0, 2, 1, 4, 3, 7]
0.11475409836065574 0.1267605633802817
itercount --------> 1
[2, 3, 1]
0.1267605633802817 0.1320754716981132
itercount --------> 2
[3, 0, 2]
0.1320754716981132 0.21951219512195122
itercount --------> 3
[3, 1, 7]
[3, 1, 4]
0.21951219512195122 0.2558139534883721
itercount --------> 4
[3, 1, 7]
[3, 1, 0]
0.2558139534883721 0.3142857142857143
itercount --------> 5
[3, 1, 7]
[3, 1, 0]
[3, 1, 2]
[3, 1, 4]
[3, 1, 5]
[3, 1, 6]
[3, 1, 7, 0]
0.3142857142857143 0.3170731707317073
itercount --------> 6
[0, 3, 2]
[0, 3, 1]
[0, 3, 7]
0.3170731707317073 0.35714285714285715
itercount --------> 7
[7, 0, 2]
0.35714285714285715 0.37777777777777777
itercount --------> 8
[2, 1, 3]
0.37777777777777777 0.4358974358974359
itercount --------> 9
[1, 0, 2]
[1, 0, 3]
[1, 0, 4]
[1, 0, 5]
0.4358974358974359 0.5151515151515151
itercount --------> 10
[1, 3, 2]
[1, 3, 0]
[1, 3, 4]
[1, 3, 5]
[1, 3, 7]
[1, 3, 6]
0.5151515151515151 0.5172413793103449
itercount --------> 11
[1, 3, 2]
[1, 3, 4]
[1, 3, 6]
[1, 3, 0]
[1, 3, 5]
[1, 3, 7]
[1, 3, 2, 4]
[1, 3, 2, 6]
[1, 3, 2, 0]
[1, 3, 2, 5]
0.5172413793103449 0.5185185185185185
itercount --------> 12
[4, 1, 3]
[4, 1, 2]
[4, 1, 5]
[4, 1, 6]
[4, 1, 0]
[4, 1, 7]
[4, 1, 3, 2]
[4, 1, 3, 5]
[4, 1, 3, 6]
[4, 1, 3, 0]
[4, 1, 3, 7]
[4, 1, 3, 2, 5]
[4, 1, 3, 2, 6]
[4, 1, 3, 2, 0]
[4, 1, 3, 2, 7]
[4, 1, 3, 2, 5, 6]
[4, 1, 3, 2, 5, 0]
0.5185185185185185 0.5357142857142857
itercount --------> 13
[1, 3, 4]
[1, 3, 2]
[1, 3, 6]
[1, 3, 0]
[1, 3, 5]
[1, 3, 7]
[1, 3, 4, 2]
[1, 3, 4, 6]
0.5357142857142857 0.5483870967741935
itercount --------> 14
[3, 1, 2]
[3, 1, 4]
[3, 1, 0]
[3, 1, 5]
[3, 1, 7]
[3, 1, 6]
[3, 1, 2, 4]
[3, 1, 2, 0]
[3, 1, 2, 5]
[3, 1, 2, 7]
[3, 1, 2, 6]
[3, 1, 2, 4, 0]
[3, 1, 2, 4, 5]
[3, 1, 2, 4, 7]
[3, 1, 2, 4, 6]
0.5483870967741935 0.5925925925925926
itercount --------> 15
[3, 1, 2]
[3, 1, 4]
[3, 1, 5]
[3, 1, 0]
[3, 1, 7]
[3, 1, 6]
[3, 1, 2, 4]
[3, 1, 2, 5]
[3, 1, 2, 0]
[3, 1, 2, 7]
[3, 1, 2, 6]
[3, 1, 2, 4, 5]
[3, 1, 2, 4, 0]
[3, 1, 2, 4, 7]
[3, 1, 2, 4, 6]
[3, 1, 2, 4, 5, 0]
[3, 1, 2, 4, 5, 7]
[3, 1, 2, 4, 5, 6]
[3, 1, 2, 4, 5, 0, 7]
[3, 1, 2, 4, 5, 0, 6]
[3, 1, 2, 4, 5, 0, 7, 6]
failed -> 28 times
after fail n ======> 7
[0, 2, 1, 4, 3, 7, 5]
0.11475409836065574 0.15254237288135594
itercount --------> 1
[0, 2, 1]
[0, 2, 4]
0.15254237288135594 0.16666666666666666
itercount --------> 2
[0, 2, 4]
[0, 2, 3]
0.16666666666666666 0.3125
itercount --------> 3
[2, 4, 0]
0.3125 0.3333333333333333
itercount --------> 4
[2, 0, 1]
0.3333333333333333 0.42857142857142855
itercount --------> 5
[2, 0, 7]
[2, 0, 1]
0.42857142857142855 0.5
itercount --------> 6
[0, 2, 1]
[0, 2, 4]
0.5 0.5454545454545454
itercount --------> 7
[0, 2, 1]
[0, 2, 7]
[0, 2, 4]
[0, 2, 5]
[0, 2, 3]
[0, 2, 6]
[0, 2, 1, 7]
[0, 2, 1, 4]
[0, 2, 1, 5]
[0, 2, 1, 3]
[0, 2, 1, 6]
0.5454545454545454 0.5714285714285714
itercount --------> 8
[0, 2, 1]
[0, 2, 7]
[0, 2, 4]
[0, 2, 5]
[0, 2, 6]
[0, 2, 3]
[0, 2, 1, 7]
[0, 2, 1, 4]
[0, 2, 1, 5]
[0, 2, 1, 6]
[0, 2, 1, 3]
[0, 2, 1, 7, 4]
[0, 2, 1, 7, 5]
[0, 2, 1, 7, 6]
[0, 2, 1, 7, 3]
[0, 2, 1, 7, 4, 5]
[0, 2, 1, 7, 4, 6]
[0, 2, 1, 7, 4, 3]
[0, 2, 1, 7, 4, 5, 6]
[0, 2, 1, 7, 4, 5, 3]
[0, 2, 1, 7, 4, 5, 6, 3]
failed -> 29 times
after fail n ======> 8
[0, 2, 1, 4, 3, 7, 5, 6]
0.11475409836065574 0.15789473684210525
itercount --------> 1
[2, 0, 3]
0.15789473684210525 0.23076923076923078
itercount --------> 2
[3, 4, 7]
0.23076923076923078 0.2857142857142857
itercount --------> 3
[0, 2, 1]
[0, 2, 7]
[0, 2, 3]
[0, 2, 4]
[0, 2, 5]
[0, 2, 6]
[0, 2, 1, 7]
0.2857142857142857 0.3333333333333333
itercount --------> 4
[1, 3, 0]
[1, 3, 2]
[1, 3, 7]
[1, 3, 5]
[1, 3, 4]
0.3333333333333333 0.38461538461538464
itercount --------> 5
[1, 0, 2]
0.38461538461538464 0.5151515151515151
itercount --------> 6
[0, 2, 1]
[0, 2, 3]
[0, 2, 7]
[0, 2, 6]
[0, 2, 4]
[0, 2, 5]
0.5151515151515151 0.5483870967741935
itercount --------> 7
[0, 1, 2]
[0, 1, 3]
[0, 1, 7]
[0, 1, 4]
[0, 1, 5]
[0, 1, 6]
[0, 1, 2, 3]
[0, 1, 2, 7]
[0, 1, 2, 4]
[0, 1, 2, 5]
[0, 1, 2, 6]
[0, 1, 2, 3, 7]
[0, 1, 2, 3, 4]
[0, 1, 2, 3, 5]
[0, 1, 2, 3, 6]
[0, 1, 2, 3, 7, 4]
[0, 1, 2, 3, 7, 5]
[0, 1, 2, 3, 7, 6]
[0, 1, 2, 3, 7, 4, 5]
[0, 1, 2, 3, 7, 4, 6]
[0, 1, 2, 3, 7, 4, 5, 6]
failed -> 30 times
after fail n ======> 5
[0, 2, 1, 4, 3]
0.11475409836065574 0.15789473684210525
itercount --------> 1
[0, 2, 3]
0.15789473684210525 0.16666666666666666
itercount --------> 2
[2, 0, 7]
[2, 0, 4]
[2, 0, 3]
[2, 0, 1]
[2, 0, 5]
0.16666666666666666 0.26666666666666666
itercount --------> 3
[0, 2, 7]
0.26666666666666666 0.3333333333333333
itercount --------> 4
[0, 2, 1]
[0, 2, 7]
[0, 2, 4]
0.3333333333333333 0.35714285714285715
itercount --------> 5
[2, 0, 1]
0.35714285714285715 0.38461538461538464
itercount --------> 6
[2, 0, 7]
[2, 0, 1]
0.38461538461538464 0.4166666666666667
itercount --------> 7
[0, 2, 1]
[0, 2, 7]
0.4166666666666667 0.4444444444444444
itercount --------> 8
[2, 0, 4]
0.4444444444444444 0.5
itercount --------> 9
[2, 0, 4]
[2, 0, 1]
[2, 0, 3]
[2, 0, 5]
[2, 0, 7]
[2, 0, 6]
0.5 0.5161290322580645
itercount --------> 10
[2, 0, 4]
[2, 0, 3]
[2, 0, 5]
[2, 0, 1]
[2, 0, 7]
[2, 0, 6]
[2, 0, 4, 3]
[2, 0, 4, 5]
[2, 0, 4, 1]
[2, 0, 4, 7]
0.5161290322580645 0.5172413793103449
itercount --------> 11
[0, 2, 4]
[0, 2, 6]
[0, 2, 7]
[0, 2, 1]
[0, 2, 5]
[0, 2, 3]
[0, 2, 4, 6]
[0, 2, 4, 7]
[0, 2, 4, 1]
[0, 2, 4, 5]
[0, 2, 4, 3]
[0, 2, 4, 6, 7]
[0, 2, 4, 6, 1]
[0, 2, 4, 6, 5]
0.5172413793103449 0.5333333333333333
itercount --------> 12
[0, 2, 4]
[0, 2, 7]
[0, 2, 5]
[0, 2, 1]
[0, 2, 6]
[0, 2, 3]
[0, 2, 4, 7]
[0, 2, 4, 5]
[0, 2, 4, 1]
[0, 2, 4, 6]
[0, 2, 4, 3]
[0, 2, 4, 7, 5]
[0, 2, 4, 7, 1]
[0, 2, 4, 7, 6]
[0, 2, 4, 7, 3]
0.5333333333333333 0.5483870967741935
itercount --------> 13
[0, 2, 1]
[0, 2, 3]
[0, 2, 7]
[0, 2, 6]
[0, 2, 4]
[0, 2, 5]
[0, 2, 1, 3]
[0, 2, 1, 7]
[0, 2, 1, 6]
[0, 2, 1, 4]
[0, 2, 1, 5]
0.5483870967741935 0.5625
itercount --------> 14
[0, 2, 1]
[0, 2, 3]
[0, 2, 7]
[0, 2, 4]
[0, 2, 5]
[0, 2, 6]
[0, 2, 1, 3]
[0, 2, 1, 7]
[0, 2, 1, 4]
[0, 2, 1, 5]
[0, 2, 1, 6]
[0, 2, 1, 3, 7]
0.5625 0.5666666666666667
itercount --------> 15
[0, 2, 1]
[0, 2, 4]
[0, 2, 3]
0.5666666666666667 0.5714285714285714
itercount --------> 16
[0, 4, 5]
[0, 4, 1]
[0, 4, 2]
[0, 4, 3]
[0, 4, 6]
[0, 4, 7]
[0, 4, 5, 1]
[0, 4, 5, 2]
[0, 4, 5, 3]
0.5714285714285714 0.5925925925925926
itercount --------> 17
[4, 0, 1]
[4, 0, 5]
[4, 0, 2]
[4, 0, 3]
[4, 0, 7]
[4, 0, 6]
[4, 0, 1, 5]
[4, 0, 1, 2]
[4, 0, 1, 3]
[4, 0, 1, 7]
[4, 0, 1, 6]
[4, 0, 1, 5, 2]
[4, 0, 1, 5, 3]
[4, 0, 1, 5, 7]
[4, 0, 1, 5, 6]
[4, 0, 1, 5, 2, 3]
[4, 0, 1, 5, 2, 7]
[4, 0, 1, 5, 2, 6]
[4, 0, 1, 5, 2, 3, 7]
[4, 0, 1, 5, 2, 3, 6]
[4, 0, 1, 5, 2, 3, 7, 6]
failed -> 31 times
after fail n ======> 6
[0, 2, 1, 4, 3, 7]
0.11475409836065574 0.16666666666666666
itercount --------> 1
[0, 2, 1]
0.16666666666666666 0.26666666666666666
itercount --------> 2
[0, 2, 1]
[0, 2, 7]
0.26666666666666666 0.3333333333333333
itercount --------> 3
[0, 2, 1]
[0, 2, 7]
[0, 2, 4]
[0, 2, 5]
[0, 2, 3]
[0, 2, 6]
[0, 2, 1, 7]
0.3333333333333333 0.4
itercount --------> 4
[1, 3, 4]
0.4 0.5
itercount --------> 5
[1, 3, 4]
0.5 0.5714285714285714
itercount --------> 6
[1, 0, 2]
[1, 0, 3]
[1, 0, 4]
[1, 0, 7]
[1, 0, 5]
[1, 0, 6]
[1, 0, 2, 3]
[1, 0, 2, 4]
[1, 0, 2, 7]
[1, 0, 2, 5]
[1, 0, 2, 6]
0.5714285714285714 0.5925925925925926
itercount --------> 7
[1, 4, 0]
[1, 4, 3]
[1, 4, 2]
[1, 4, 7]
[1, 4, 5]
[1, 4, 6]
[1, 4, 0, 3]
[1, 4, 0, 2]
[1, 4, 0, 7]
[1, 4, 0, 5]
[1, 4, 0, 6]
[1, 4, 0, 3, 2]
[1, 4, 0, 3, 7]
[1, 4, 0, 3, 5]
0.5925925925925926 0.6071428571428571
itercount --------> 8
[1, 4, 0]
[1, 4, 2]
[1, 4, 3]
[1, 4, 7]
[1, 4, 5]
[1, 4, 6]
[1, 4, 0, 2]
[1, 4, 0, 3]
[1, 4, 0, 7]
[1, 4, 0, 5]
[1, 4, 0, 6]
[1, 4, 0, 2, 3]
[1, 4, 0, 2, 7]
[1, 4, 0, 2, 5]
[1, 4, 0, 2, 6]
[1, 4, 0, 2, 3, 7]
[1, 4, 0, 2, 3, 5]
[1, 4, 0, 2, 3, 6]
[1, 4, 0, 2, 3, 7, 5]
[1, 4, 0, 2, 3, 7, 6]
[1, 4, 0, 2, 3, 7, 5, 6]
failed -> 32 times
after fail n ======> 7
[0, 2, 1, 4, 3, 7, 5]
0.11475409836065574 0.14285714285714285
itercount --------> 1
[3, 0, 4]
[3, 0, 7]
0.14285714285714285 0.16666666666666666
itercount --------> 2
[0, 2, 1]
[0, 2, 7]
[0, 2, 5]
0.16666666666666666 0.2857142857142857
itercount --------> 3
[0, 2, 1]
[0, 2, 7]
[0, 2, 3]
[0, 2, 4]
[0, 2, 5]
[0, 2, 6]
[0, 2, 1, 7]
[0, 2, 1, 3]
[0, 2, 1, 4]
0.2857142857142857 0.3333333333333333
itercount --------> 4
[0, 1, 2]
[0, 1, 7]
[0, 1, 3]
0.3333333333333333 0.35714285714285715
itercount --------> 5
[0, 2, 1]
[0, 2, 7]
[0, 2, 3]
[0, 2, 4]
[0, 2, 5]
[0, 2, 6]
0.35714285714285715 0.4
itercount --------> 6
[0, 2, 1]
[0, 2, 7]
0.4 0.4166666666666667
itercount --------> 7
[0, 2, 1]
[0, 2, 7]
[0, 2, 4]
[0, 2, 3]
[0, 2, 5]
[0, 2, 6]
[0, 2, 1, 7]
[0, 2, 1, 4]
[0, 2, 1, 3]
0.4166666666666667 0.45454545454545453
itercount --------> 8
[0, 2, 1]
[0, 2, 7]
[0, 2, 4]
[0, 2, 5]
[0, 2, 6]
[0, 2, 3]
[0, 2, 1, 7]
[0, 2, 1, 4]
[0, 2, 1, 5]
[0, 2, 1, 6]
[0, 2, 1, 3]
[0, 2, 1, 7, 4]
[0, 2, 1, 7, 5]
[0, 2, 1, 7, 6]
[0, 2, 1, 7, 3]
[0, 2, 1, 7, 4, 5]
0.45454545454545453 0.47619047619047616
itercount --------> 9
[0, 2, 1]
[0, 2, 7]
[0, 2, 5]
[0, 2, 4]
[0, 2, 6]
[0, 2, 3]
[0, 2, 1, 7]
0.47619047619047616 0.5217391304347826
itercount --------> 10
[7, 1, 4]
[7, 1, 0]
[7, 1, 2]
0.5217391304347826 0.5714285714285714
itercount --------> 11
[0, 2, 1]
[0, 2, 7]
[0, 2, 4]
[0, 2, 5]
[0, 2, 6]
[0, 2, 3]
[0, 2, 1, 7]
[0, 2, 1, 4]
[0, 2, 1, 5]
[0, 2, 1, 6]
[0, 2, 1, 3]
[0, 2, 1, 7, 4]
[0, 2, 1, 7, 5]
[0, 2, 1, 7, 6]
[0, 2, 1, 7, 3]
[0, 2, 1, 7, 4, 5]
[0, 2, 1, 7, 4, 6]
[0, 2, 1, 7, 4, 3]
[0, 2, 1, 7, 4, 5, 6]
[0, 2, 1, 7, 4, 5, 3]
[0, 2, 1, 7, 4, 5, 6, 3]
failed -> 33 times
after fail n ======> 8
[0, 2, 1, 4, 3, 7, 5, 6]
0.11475409836065574 0.15254237288135594
itercount --------> 1
[0, 2, 1]
0.15254237288135594 0.3333333333333333
itercount --------> 2
[0, 2, 1]
[0, 2, 5]
0.3333333333333333 0.45454545454545453
itercount --------> 3
[0, 2, 1]
[0, 2, 5]
[0, 2, 7]
[0, 2, 4]
[0, 2, 3]
[0, 2, 6]
[0, 2, 1, 5]
[0, 2, 1, 7]
[0, 2, 1, 4]
[0, 2, 1, 3]
[0, 2, 1, 6]
[0, 2, 1, 5, 7]
[0, 2, 1, 5, 4]
[0, 2, 1, 5, 3]
[0, 2, 1, 5, 6]
[0, 2, 1, 5, 7, 4]
[0, 2, 1, 5, 7, 3]
[0, 2, 1, 5, 7, 6]
[0, 2, 1, 5, 7, 4, 3]
[0, 2, 1, 5, 7, 4, 6]
[0, 2, 1, 5, 7, 4, 3, 6]
failed -> 34 times
after fail n ======> 5
[0, 2, 1, 4, 3]
0.11475409836065574 0.1891891891891892
itercount --------> 1
[1, 4, 0]
0.1891891891891892 0.2222222222222222
itercount --------> 2
[0, 3, 4]
[0, 3, 1]
0.2222222222222222 0.2777777777777778
itercount --------> 3
[0, 1, 2]
0.2777777777777778 0.2857142857142857
itercount --------> 4
[0, 7, 4]
0.2857142857142857 0.38461538461538464
itercount --------> 5
[0, 7, 4]
[0, 7, 2]
0.38461538461538464 0.4166666666666667
itercount --------> 6
[0, 7, 2]
[0, 7, 1]
[0, 7, 3]
0.4166666666666667 0.45454545454545453
itercount --------> 7
[0, 2, 1]
[0, 2, 7]
[0, 2, 5]
[0, 2, 4]
[0, 2, 3]
[0, 2, 6]
[0, 2, 1, 7]
0.45454545454545453 0.5172413793103449
itercount --------> 8
[3, 1, 5]
[3, 1, 0]
[3, 1, 2]
[3, 1, 7]
[3, 1, 4]
[3, 1, 6]
[3, 1, 5, 0]
[3, 1, 5, 2]
[3, 1, 5, 7]
[3, 1, 5, 4]
[3, 1, 5, 6]
[3, 1, 5, 0, 2]
[3, 1, 5, 0, 7]
0.5172413793103449 0.5454545454545454
itercount --------> 9
[0, 2, 1]
[0, 2, 7]
[0, 2, 4]
[0, 2, 5]
[0, 2, 3]
[0, 2, 6]
[0, 2, 1, 7]
[0, 2, 1, 4]
[0, 2, 1, 5]
[0, 2, 1, 3]
[0, 2, 1, 6]
[0, 2, 1, 7, 4]
[0, 2, 1, 7, 5]
[0, 2, 1, 7, 3]
[0, 2, 1, 7, 6]
[0, 2, 1, 7, 4, 5]
[0, 2, 1, 7, 4, 3]
[0, 2, 1, 7, 4, 6]
[0, 2, 1, 7, 4, 5, 3]
[0, 2, 1, 7, 4, 5, 6]
[0, 2, 1, 7, 4, 5, 3, 6]
failed -> 35 times
after fail n ======> 6
[0, 2, 1, 4, 3, 7]
0.11475409836065574 0.14285714285714285
itercount --------> 1
[1, 0, 2]
0.14285714285714285 0.21428571428571427
itercount --------> 2
[1, 4, 7]
[1, 4, 0]
0.21428571428571427 0.25
itercount --------> 3
[3, 7, 4]
0.25 0.35714285714285715
itercount --------> 4
[1, 0, 2]
0.35714285714285715 0.38461538461538464
itercount --------> 5
[0, 2, 1]
[0, 2, 7]
0.38461538461538464 0.46153846153846156
itercount --------> 6
[0, 2, 1]
[0, 2, 7]
[0, 2, 3]
[0, 2, 4]
[0, 2, 5]
0.46153846153846156 0.5
itercount --------> 7
[0, 2, 1]
[0, 2, 7]
[0, 2, 4]
[0, 2, 5]
[0, 2, 3]
[0, 2, 6]
[0, 2, 1, 7]
[0, 2, 1, 4]
[0, 2, 1, 5]
[0, 2, 1, 3]
[0, 2, 1, 6]
[0, 2, 1, 7, 4]
0.5 0.5172413793103449
itercount --------> 8
[0, 1, 7]
[0, 1, 3]
[0, 1, 2]
[0, 1, 4]
[0, 1, 6]
[0, 1, 5]
[0, 1, 7, 3]
[0, 1, 7, 2]
[0, 1, 7, 4]
0.5172413793103449 0.5483870967741935
itercount --------> 9
[0, 1, 2]
[0, 1, 3]
[0, 1, 7]
[0, 1, 4]
[0, 1, 6]
[0, 1, 5]
[0, 1, 2, 3]
[0, 1, 2, 7]
[0, 1, 2, 4]
[0, 1, 2, 6]
[0, 1, 2, 5]
[0, 1, 2, 3, 7]
[0, 1, 2, 3, 4]
[0, 1, 2, 3, 6]
[0, 1, 2, 3, 5]
[0, 1, 2, 3, 7, 4]
[0, 1, 2, 3, 7, 6]
[0, 1, 2, 3, 7, 5]
[0, 1, 2, 3, 7, 4, 6]
[0, 1, 2, 3, 7, 4, 5]
0.5483870967741935 0.5625
itercount --------> 10
[0, 2, 1]
[0, 2, 3]
[0, 2, 4]
[0, 2, 5]
[0, 2, 6]
[0, 2, 7]
[0, 2, 1, 3]
[0, 2, 1, 4]
[0, 2, 1, 5]
[0, 2, 1, 6]
[0, 2, 1, 7]
[0, 2, 1, 3, 4]
[0, 2, 1, 3, 5]
[0, 2, 1, 3, 6]
[0, 2, 1, 3, 7]
[0, 2, 1, 3, 4, 5]
[0, 2, 1, 3, 4, 6]
[0, 2, 1, 3, 4, 7]
[0, 2, 1, 3, 4, 5, 6]
[0, 2, 1, 3, 4, 5, 7]
[0, 2, 1, 3, 4, 5, 6, 7]
failed -> 36 times
after fail n ======> 7
[0, 2, 1, 4, 3, 7, 5]
0.11475409836065574 0.15555555555555556
itercount --------> 1
[0, 2, 7]
0.15555555555555556 0.24324324324324326
itercount --------> 2
[2, 3, 1]
0.24324324324324326 0.3076923076923077
itercount --------> 3
[4, 3, 0]
0.3076923076923077 0.3333333333333333
itercount --------> 4
[0, 4, 2]
[0, 4, 5]
[0, 4, 3]
0.3333333333333333 0.4
itercount --------> 5
[0, 5, 3]
[0, 5, 2]
[0, 5, 4]
[0, 5, 1]
[0, 5, 7]
[0, 5, 6]
[0, 5, 3, 2]
[0, 5, 3, 4]
[0, 5, 3, 1]
0.4 0.42857142857142855
itercount --------> 6
[0, 2, 3]
[0, 2, 5]
[0, 2, 4]
[0, 2, 1]
[0, 2, 7]
0.42857142857142855 0.46153846153846156
itercount --------> 7
[0, 3, 5]
[0, 3, 2]
[0, 3, 1]
[0, 3, 7]
[0, 3, 4]
[0, 3, 6]
[0, 3, 5, 2]
[0, 3, 5, 1]
0.46153846153846156 0.4666666666666667
itercount --------> 8
[0, 4, 2]
[0, 4, 7]
[0, 4, 1]
[0, 4, 3]
0.4666666666666667 0.5
itercount --------> 9
[0, 3, 4]
[0, 3, 2]
[0, 3, 5]
[0, 3, 1]
[0, 3, 7]
[0, 3, 6]
[0, 3, 4, 2]
[0, 3, 4, 5]
[0, 3, 4, 1]
[0, 3, 4, 7]
[0, 3, 4, 6]
[0, 3, 4, 2, 5]
[0, 3, 4, 2, 1]
[0, 3, 4, 2, 7]
[0, 3, 4, 2, 6]
[0, 3, 4, 2, 5, 1]
[0, 3, 4, 2, 5, 7]
0.5 0.5862068965517241
itercount --------> 10
[0, 2, 4]
[0, 2, 3]
[0, 2, 1]
[0, 2, 5]
[0, 2, 6]
[0, 2, 7]
[0, 2, 4, 3]
[0, 2, 4, 1]
[0, 2, 4, 5]
[0, 2, 4, 6]
[0, 2, 4, 7]
[0, 2, 4, 3, 1]
[0, 2, 4, 3, 5]
[0, 2, 4, 3, 6]
[0, 2, 4, 3, 7]
[0, 2, 4, 3, 1, 5]
0.5862068965517241 0.6296296296296297
itercount --------> 11
[0, 2, 4]
[0, 2, 3]
[0, 2, 1]
[0, 2, 5]
[0, 2, 7]
[0, 2, 6]
[0, 2, 4, 3]
[0, 2, 4, 1]
[0, 2, 4, 5]
[0, 2, 4, 7]
[0, 2, 4, 6]
[0, 2, 4, 3, 1]
[0, 2, 4, 3, 5]
[0, 2, 4, 3, 7]
[0, 2, 4, 3, 6]
[0, 2, 4, 3, 1, 5]
[0, 2, 4, 3, 1, 7]
[0, 2, 4, 3, 1, 6]
[0, 2, 4, 3, 1, 5, 7]
[0, 2, 4, 3, 1, 5, 6]
[0, 2, 4, 3, 1, 5, 7, 6]
failed -> 37 times
after fail n ======> 8
[0, 2, 1, 4, 3, 7, 5, 6]
0.11475409836065574 0.11627906976744186
itercount --------> 1
[0, 2, 3]
[0, 2, 1]
0.11627906976744186 0.13333333333333333
itercount --------> 2
[0, 3, 7]
0.13333333333333333 0.17391304347826086
itercount --------> 3
[3, 7, 4]
0.17391304347826086 0.2
itercount --------> 4
[0, 3, 4]
[0, 3, 6]
[0, 3, 2]
0.2 0.27586206896551724
itercount --------> 5
[2, 7, 0]
0.27586206896551724 0.34782608695652173
itercount --------> 6
[2, 1, 7]
[2, 1, 4]
0.34782608695652173 0.36363636363636365
itercount --------> 7
[0, 1, 7]
[0, 1, 4]
0.36363636363636365 0.391304347826087
itercount --------> 8
[0, 7, 1]
0.391304347826087 0.4090909090909091
itercount --------> 9
[0, 1, 7]
[0, 1, 2]
[0, 1, 4]
[0, 1, 6]
[0, 1, 5]
[0, 1, 3]
[0, 1, 7, 2]
0.4090909090909091 0.43478260869565216
itercount --------> 10
[0, 1, 4]
[0, 1, 6]
[0, 1, 7]
[0, 1, 2]
[0, 1, 5]
[0, 1, 3]
[0, 1, 4, 6]
0.43478260869565216 0.5
itercount --------> 11
[0, 7, 2]
[0, 7, 4]
[0, 7, 1]
[0, 7, 5]
[0, 7, 3]
[0, 7, 6]
[0, 7, 2, 4]
0.5 0.5454545454545454
itercount --------> 12
[0, 2, 1]
[0, 2, 7]
[0, 2, 4]
[0, 2, 5]
[0, 2, 3]
[0, 2, 6]
[0, 2, 1, 7]
[0, 2, 1, 4]
[0, 2, 1, 5]
[0, 2, 1, 3]
[0, 2, 1, 6]
0.5454545454545454 0.5714285714285714
itercount --------> 13
[0, 2, 1]
[0, 2, 7]
[0, 2, 4]
[0, 2, 5]
[0, 2, 6]
[0, 2, 3]
[0, 2, 1, 7]
[0, 2, 1, 4]
[0, 2, 1, 5]
[0, 2, 1, 6]
[0, 2, 1, 3]
[0, 2, 1, 7, 4]
[0, 2, 1, 7, 5]
[0, 2, 1, 7, 6]
[0, 2, 1, 7, 3]
[0, 2, 1, 7, 4, 5]
[0, 2, 1, 7, 4, 6]
[0, 2, 1, 7, 4, 3]
[0, 2, 1, 7, 4, 5, 6]
[0, 2, 1, 7, 4, 5, 3]
[0, 2, 1, 7, 4, 5, 6, 3]
failed -> 38 times
after fail n ======> 5
[0, 2, 1, 4, 3]
0.11475409836065574 0.13043478260869565
itercount --------> 1
[0, 2, 1]
0.13043478260869565 0.21428571428571427
itercount --------> 2
[0, 3, 4]
0.21428571428571427 0.2857142857142857
itercount --------> 3
[0, 7, 4]
0.2857142857142857 0.3333333333333333
itercount --------> 4
[0, 7, 3]
[0, 7, 4]
0.3333333333333333 0.36363636363636365
itercount --------> 5
[7, 0, 2]
0.36363636363636365 0.45454545454545453
itercount --------> 6
[0, 2, 1]
[0, 2, 5]
[0, 2, 4]
0.45454545454545453 0.5
itercount --------> 7
[0, 2, 1]
[0, 2, 7]
[0, 2, 4]
[0, 2, 5]
[0, 2, 3]
[0, 2, 6]
[0, 2, 1, 7]
[0, 2, 1, 4]
[0, 2, 1, 5]
[0, 2, 1, 3]
0.5 0.5454545454545454
itercount --------> 8
[0, 2, 1]
[0, 2, 7]
[0, 2, 4]
[0, 2, 5]
[0, 2, 3]
[0, 2, 6]
[0, 2, 1, 7]
[0, 2, 1, 4]
[0, 2, 1, 5]
[0, 2, 1, 3]
[0, 2, 1, 6]
[0, 2, 1, 7, 4]
[0, 2, 1, 7, 5]
[0, 2, 1, 7, 3]
[0, 2, 1, 7, 6]
0.5454545454545454 0.5714285714285714
itercount --------> 9
[0, 2, 1]
[0, 2, 7]
[0, 2, 4]
[0, 2, 5]
[0, 2, 6]
[0, 2, 3]
[0, 2, 1, 7]
[0, 2, 1, 4]
[0, 2, 1, 5]
[0, 2, 1, 6]
[0, 2, 1, 3]
[0, 2, 1, 7, 4]
[0, 2, 1, 7, 5]
[0, 2, 1, 7, 6]
[0, 2, 1, 7, 3]
[0, 2, 1, 7, 4, 5]
[0, 2, 1, 7, 4, 6]
[0, 2, 1, 7, 4, 3]
[0, 2, 1, 7, 4, 5, 6]
[0, 2, 1, 7, 4, 5, 3]
[0, 2, 1, 7, 4, 5, 6, 3]
failed -> 39 times
after fail n ======> 6
[0, 2, 1, 4, 3, 7]
0.11475409836065574 0.12
itercount --------> 1
[1, 0, 2]
0.12 0.20930232558139536
itercount --------> 2
[1, 0, 2]
0.20930232558139536 0.2857142857142857
itercount --------> 3
[0, 2, 1]
[0, 2, 7]
[0, 2, 3]
[0, 2, 4]
0.2857142857142857 0.3333333333333333
itercount --------> 4
[0, 2, 7]
0.3333333333333333 0.3953488372093023
itercount --------> 5
[0, 2, 1]
0.3953488372093023 0.5151515151515151
itercount --------> 6
[0, 2, 1]
[0, 2, 3]
[0, 2, 6]
0.5151515151515151 0.5666666666666667
itercount --------> 7
[0, 2, 3]
[0, 2, 1]
[0, 2, 5]
[0, 2, 4]
[0, 2, 7]
[0, 2, 6]
[0, 2, 3, 1]
[0, 2, 3, 5]
[0, 2, 3, 4]
[0, 2, 3, 7]
[0, 2, 3, 6]
[0, 2, 3, 1, 5]
[0, 2, 3, 1, 4]
[0, 2, 3, 1, 7]
[0, 2, 3, 1, 6]
[0, 2, 3, 1, 5, 4]
[0, 2, 3, 1, 5, 7]
[0, 2, 3, 1, 5, 6]
[0, 2, 3, 1, 5, 4, 7]
[0, 2, 3, 1, 5, 4, 6]
[0, 2, 3, 1, 5, 4, 7, 6]
failed -> 40 times
after fail n ======> 7
[0, 2, 1, 4, 3, 7, 5]
0.11475409836065574 0.12
itercount --------> 1
[0, 2, 1]
0.12 0.15555555555555556
itercount --------> 2
[0, 2, 4]
0.15555555555555556 0.1891891891891892
itercount --------> 3
[4, 0, 3]
[4, 0, 7]
[4, 0, 2]
0.1891891891891892 0.2413793103448276
itercount --------> 4
[4, 7, 3]
0.2413793103448276 0.41935483870967744
itercount --------> 5
[0, 2, 4]
[0, 2, 1]
[0, 2, 7]
[0, 2, 3]
[0, 2, 5]
[0, 2, 6]
[0, 2, 4, 1]
[0, 2, 4, 7]
[0, 2, 4, 3]
[0, 2, 4, 5]
[0, 2, 4, 6]
[0, 2, 4, 1, 7]
[0, 2, 4, 1, 3]
[0, 2, 4, 1, 5]
0.41935483870967744 0.42857142857142855
itercount --------> 6
[0, 2, 1]
[0, 2, 7]
[0, 2, 3]
[0, 2, 4]
[0, 2, 5]
[0, 2, 6]
[0, 2, 1, 7]
[0, 2, 1, 3]
[0, 2, 1, 4]
[0, 2, 1, 5]
[0, 2, 1, 6]
[0, 2, 1, 7, 3]
[0, 2, 1, 7, 4]
[0, 2, 1, 7, 5]
0.42857142857142855 0.44
itercount --------> 7
[3, 7, 0]
0.44 0.5
itercount --------> 8
[0, 2, 1]
[0, 2, 7]
[0, 2, 4]
[0, 2, 5]
[0, 2, 3]
[0, 2, 6]
[0, 2, 1, 7]
[0, 2, 1, 4]
[0, 2, 1, 5]
[0, 2, 1, 3]
0.5 0.5454545454545454
itercount --------> 9
[0, 2, 1]
[0, 2, 7]
[0, 2, 4]
[0, 2, 5]
[0, 2, 3]
[0, 2, 6]
[0, 2, 1, 7]
[0, 2, 1, 4]
[0, 2, 1, 5]
[0, 2, 1, 3]
[0, 2, 1, 6]
[0, 2, 1, 7, 4]
[0, 2, 1, 7, 5]
[0, 2, 1, 7, 3]
[0, 2, 1, 7, 6]
[0, 2, 1, 7, 4, 5]
0.5454545454545454 0.5652173913043478
itercount --------> 10
[7, 0, 2]
[7, 0, 4]
[7, 0, 1]
[7, 0, 5]
[7, 0, 6]
[7, 0, 3]
0.5652173913043478 0.5714285714285714
itercount --------> 11
[3, 4, 5]
[3, 4, 0]
[3, 4, 1]
[3, 4, 2]
[3, 4, 6]
[3, 4, 7]
[3, 4, 5, 0]
[3, 4, 5, 1]
[3, 4, 5, 2]
[3, 4, 5, 6]
[3, 4, 5, 7]
[3, 4, 5, 0, 1]
[3, 4, 5, 0, 2]
[3, 4, 5, 0, 6]
[3, 4, 5, 0, 7]
[3, 4, 5, 0, 1, 2]
[3, 4, 5, 0, 1, 6]
[3, 4, 5, 0, 1, 7]
[3, 4, 5, 0, 1, 2, 6]
[3, 4, 5, 0, 1, 2, 7]
[3, 4, 5, 0, 1, 2, 6, 7]
failed -> 41 times
after fail n ======> 8
[0, 2, 1, 4, 3, 7, 5, 6]
0.11475409836065574 0.15789473684210525
itercount --------> 1
[2, 0, 3]
0.15789473684210525 0.16666666666666666
itercount --------> 2
[0, 2, 7]
[0, 2, 4]
0.16666666666666666 0.17391304347826086
itercount --------> 3
[2, 0, 7]
[2, 0, 1]
[2, 0, 4]
0.17391304347826086 0.21052631578947367
itercount --------> 4
[2, 0, 7]
0.21052631578947367 0.3076923076923077
itercount --------> 5
[0, 2, 1]
[0, 2, 4]
0.3076923076923077 0.4166666666666667
itercount --------> 6
[0, 2, 1]
[0, 2, 7]
[0, 2, 4]
[0, 2, 5]
[0, 2, 3]
[0, 2, 6]
0.4166666666666667 0.43478260869565216
itercount --------> 7
[0, 2, 1]
[0, 2, 7]
[0, 2, 4]
[0, 2, 5]
[0, 2, 3]
[0, 2, 6]
[0, 2, 1, 7]
[0, 2, 1, 4]
[0, 2, 1, 5]
0.43478260869565216 0.45454545454545453
itercount --------> 8
[0, 2, 1]
[0, 2, 7]
[0, 2, 4]
[0, 2, 5]
[0, 2, 6]
[0, 2, 3]
[0, 2, 1, 7]
[0, 2, 1, 4]
[0, 2, 1, 5]
[0, 2, 1, 6]
[0, 2, 1, 3]
[0, 2, 1, 7, 4]
[0, 2, 1, 7, 5]
[0, 2, 1, 7, 6]
[0, 2, 1, 7, 3]
[0, 2, 1, 7, 4, 5]
0.45454545454545453 0.4782608695652174
itercount --------> 9
[7, 5, 0]
[7, 5, 2]
[7, 5, 4]
[7, 5, 1]
[7, 5, 6]
[7, 5, 3]
[7, 5, 0, 2]
[7, 5, 0, 4]
0.4782608695652174 0.5
itercount --------> 10
[7, 5, 0]
[7, 5, 2]
[7, 5, 4]
[7, 5, 1]
[7, 5, 6]
[7, 5, 3]
[7, 5, 0, 2]
[7, 5, 0, 4]
[7, 5, 0, 1]
[7, 5, 0, 6]
[7, 5, 0, 3]
[7, 5, 0, 2, 4]
[7, 5, 0, 2, 1]
[7, 5, 0, 2, 6]
[7, 5, 0, 2, 3]
[7, 5, 0, 2, 4, 1]
[7, 5, 0, 2, 4, 6]
[7, 5, 0, 2, 4, 3]
[7, 5, 0, 2, 4, 1, 6]
[7, 5, 0, 2, 4, 1, 3]
[7, 5, 0, 2, 4, 1, 6, 3]
failed -> 42 times
after fail n ======> 5
[0, 2, 1, 4, 3]
0.11475409836065574 0.15789473684210525
itercount --------> 1
[0, 2, 3]
0.15789473684210525 0.16666666666666666
itercount --------> 2
[2, 0, 7]
0.16666666666666666 0.3333333333333333
itercount --------> 3
[0, 2, 1]
[0, 2, 7]
[0, 2, 4]
0.3333333333333333 0.38461538461538464
itercount --------> 4
[0, 2, 1]
0.38461538461538464 0.4166666666666667
itercount --------> 5
[0, 2, 1]
[0, 2, 7]
0.4166666666666667 0.5
itercount --------> 6
[0, 2, 1]
[0, 2, 4]
[0, 2, 3]
[0, 2, 5]
[0, 2, 7]
[0, 2, 6]
0.5 0.5161290322580645
itercount --------> 7
[2, 0, 4]
[2, 0, 1]
[2, 0, 3]
[2, 0, 5]
[2, 0, 7]
[2, 0, 6]
[2, 0, 4, 1]
[2, 0, 4, 3]
[2, 0, 4, 5]
[2, 0, 4, 7]
[2, 0, 4, 6]
0.5161290322580645 0.5172413793103449
itercount --------> 8
[0, 2, 4]
[0, 2, 6]
[0, 2, 7]
[0, 2, 1]
[0, 2, 5]
[0, 2, 3]
[0, 2, 4, 6]
[0, 2, 4, 7]
[0, 2, 4, 1]
[0, 2, 4, 5]
0.5172413793103449 0.5333333333333333
itercount --------> 9
[0, 2, 4]
[0, 2, 7]
[0, 2, 5]
[0, 2, 1]
[0, 2, 6]
[0, 2, 3]
[0, 2, 4, 7]
[0, 2, 4, 5]
[0, 2, 4, 1]
[0, 2, 4, 6]
[0, 2, 4, 3]
[0, 2, 4, 7, 5]
[0, 2, 4, 7, 1]
[0, 2, 4, 7, 6]
[0, 2, 4, 7, 3]
0.5333333333333333 0.5483870967741935
itercount --------> 10
[0, 2, 1]
[0, 2, 3]
[0, 2, 7]
[0, 2, 6]
[0, 2, 4]
[0, 2, 5]
[0, 2, 1, 3]
[0, 2, 1, 7]
[0, 2, 1, 6]
[0, 2, 1, 4]
[0, 2, 1, 5]
[0, 2, 1, 3, 7]
[0, 2, 1, 3, 6]
0.5483870967741935 0.5555555555555556
itercount --------> 11
[0, 4, 6]
[0, 4, 3]
[0, 4, 5]
[0, 4, 7]
[0, 4, 1]
[0, 4, 2]
[0, 4, 6, 3]
[0, 4, 6, 5]
[0, 4, 6, 7]
[0, 4, 6, 1]
[0, 4, 6, 2]
[0, 4, 6, 3, 5]
[0, 4, 6, 3, 7]
[0, 4, 6, 3, 1]
[0, 4, 6, 3, 2]
[0, 4, 6, 3, 5, 7]
[0, 4, 6, 3, 5, 1]
0.5555555555555556 0.5714285714285714
itercount --------> 12
[0, 1, 2]
[0, 1, 3]
[0, 1, 5]
[0, 1, 6]
[0, 1, 7]
[0, 1, 4]
[0, 1, 2, 3]
[0, 1, 2, 5]
[0, 1, 2, 6]
[0, 1, 2, 7]
[0, 1, 2, 4]
[0, 1, 2, 3, 5]
[0, 1, 2, 3, 6]
[0, 1, 2, 3, 7]
[0, 1, 2, 3, 4]
[0, 1, 2, 3, 5, 6]
[0, 1, 2, 3, 5, 7]
[0, 1, 2, 3, 5, 4]
[0, 1, 2, 3, 5, 6, 7]
[0, 1, 2, 3, 5, 6, 4]
[0, 1, 2, 3, 5, 6, 7, 4]
failed -> 43 times
after fail n ======> 6
[0, 2, 1, 4, 3, 7]
0.11475409836065574 0.1282051282051282
itercount --------> 1
[0, 1, 2]
0.1282051282051282 0.12903225806451613
itercount --------> 2
[1, 2, 0]
[1, 2, 7]
0.12903225806451613 0.13636363636363635
itercount --------> 3
[1, 0, 7]
[1, 0, 2]
0.13636363636363635 0.2
itercount --------> 4
[2, 0, 7]
0.2 0.23809523809523808
itercount --------> 5
[2, 7, 1]
[2, 7, 0]
0.23809523809523808 0.35714285714285715
itercount --------> 6
[1, 7, 0]
[1, 7, 2]
[1, 7, 3]
0.35714285714285715 0.38461538461538464
itercount --------> 7
[0, 2, 1]
0.38461538461538464 0.4166666666666667
itercount --------> 8
[0, 2, 1]
[0, 2, 7]
[0, 2, 4]
[0, 2, 5]
[0, 2, 3]
[0, 2, 6]
0.4166666666666667 0.43478260869565216
itercount --------> 9
[0, 7, 2]
0.43478260869565216 0.45454545454545453
itercount --------> 10
[0, 2, 1]
[0, 2, 7]
[0, 2, 4]
[0, 2, 5]
[0, 2, 6]
[0, 2, 3]
[0, 2, 1, 7]
[0, 2, 1, 4]
[0, 2, 1, 5]
[0, 2, 1, 6]
[0, 2, 1, 3]
[0, 2, 1, 7, 4]
0.45454545454545453 0.47619047619047616
itercount --------> 11
[0, 2, 1]
[0, 2, 7]
[0, 2, 5]
[0, 2, 4]
[0, 2, 6]
[0, 2, 3]
[0, 2, 1, 7]
[0, 2, 1, 5]
[0, 2, 1, 4]
[0, 2, 1, 6]
[0, 2, 1, 3]
[0, 2, 1, 7, 5]
[0, 2, 1, 7, 4]
[0, 2, 1, 7, 6]
[0, 2, 1, 7, 3]
[0, 2, 1, 7, 5, 4]
0.47619047619047616 0.4782608695652174
itercount --------> 12
[7, 0, 2]
[7, 0, 1]
[7, 0, 4]
[7, 0, 5]
[7, 0, 6]
[7, 0, 3]
[7, 0, 2, 1]
[7, 0, 2, 4]
[7, 0, 2, 5]
0.4782608695652174 0.5
itercount --------> 13
[7, 5, 0]
[7, 5, 2]
[7, 5, 4]
[7, 5, 1]
[7, 5, 6]
[7, 5, 3]
[7, 5, 0, 2]
[7, 5, 0, 4]
[7, 5, 0, 1]
[7, 5, 0, 6]
[7, 5, 0, 3]
[7, 5, 0, 2, 4]
[7, 5, 0, 2, 1]
[7, 5, 0, 2, 6]
[7, 5, 0, 2, 3]
[7, 5, 0, 2, 4, 1]
[7, 5, 0, 2, 4, 6]
[7, 5, 0, 2, 4, 3]
[7, 5, 0, 2, 4, 1, 6]
[7, 5, 0, 2, 4, 1, 3]
[7, 5, 0, 2, 4, 1, 6, 3]
failed -> 44 times
after fail n ======> 7
[0, 2, 1, 4, 3, 7, 5]
0.11475409836065574 0.11764705882352941
itercount --------> 1
[2, 0, 4]
0.11764705882352941 0.2222222222222222
itercount --------> 2
[2, 0, 1]
0.2222222222222222 0.2777777777777778
itercount --------> 3
[2, 0, 4]
0.2777777777777778 0.2903225806451613
itercount --------> 4
[2, 4, 0]
[2, 4, 5]
0.2903225806451613 0.38461538461538464
itercount --------> 5
[2, 0, 3]
[2, 0, 1]
[2, 0, 5]
[2, 0, 7]
[2, 0, 4]
0.38461538461538464 0.3888888888888889
itercount --------> 6
[2, 0, 7]
[2, 0, 3]
0.3888888888888889 0.4375
itercount --------> 7
[0, 2, 1]
0.4375 0.5833333333333334
itercount --------> 8
[0, 2, 1]
[0, 2, 5]
[0, 2, 7]
[0, 2, 4]
[0, 2, 3]
[0, 2, 6]
[0, 2, 1, 5]
[0, 2, 1, 7]
[0, 2, 1, 4]
[0, 2, 1, 3]
[0, 2, 1, 6]
[0, 2, 1, 5, 7]
[0, 2, 1, 5, 4]
0.5833333333333334 0.6
itercount --------> 9
[0, 2, 1]
[0, 2, 5]
[0, 2, 4]
[0, 2, 7]
[0, 2, 6]
0.6 0.625
itercount --------> 10
[0, 2, 1]
[0, 2, 7]
[0, 2, 5]
[0, 2, 6]
[0, 2, 4]
[0, 2, 3]
[0, 2, 1, 7]
[0, 2, 1, 5]
0.625 0.6521739130434783
itercount --------> 11
[0, 2, 5]
[0, 2, 7]
[0, 2, 1]
[0, 2, 4]
[0, 2, 3]
[0, 2, 6]
[0, 2, 5, 7]
[0, 2, 5, 1]
[0, 2, 5, 4]
[0, 2, 5, 3]
[0, 2, 5, 6]
[0, 2, 5, 7, 1]
[0, 2, 5, 7, 4]
[0, 2, 5, 7, 3]
[0, 2, 5, 7, 6]
[0, 2, 5, 7, 1, 4]
[0, 2, 5, 7, 1, 3]
0.6521739130434783 0.6666666666666666
itercount --------> 12
[5, 0, 2]
[5, 0, 7]
[5, 0, 1]
[5, 0, 6]
[5, 0, 3]
[5, 0, 4]
0.6666666666666666 0.6818181818181818
itercount --------> 13
[5, 0, 1]
[5, 0, 2]
[5, 0, 7]
[5, 0, 3]
[5, 0, 6]
[5, 0, 4]
[5, 0, 1, 2]
[5, 0, 1, 7]
[5, 0, 1, 3]
[5, 0, 1, 6]
[5, 0, 1, 4]
[5, 0, 1, 2, 7]
[5, 0, 1, 2, 3]
[5, 0, 1, 2, 6]
[5, 0, 1, 2, 4]
[5, 0, 1, 2, 7, 3]
[5, 0, 1, 2, 7, 6]
[5, 0, 1, 2, 7, 4]
[5, 0, 1, 2, 7, 3, 6]
[5, 0, 1, 2, 7, 3, 4]
[5, 0, 1, 2, 7, 3, 6, 4]
failed -> 45 times
after fail n ======> 8
[0, 2, 1, 4, 3, 7, 5, 6]
0.11475409836065574 0.15555555555555556
itercount --------> 1
[0, 2, 7]
0.15555555555555556 0.2727272727272727
itercount --------> 2
[0, 2, 7]
[0, 2, 1]
[0, 2, 3]
[0, 2, 5]
[0, 2, 4]
0.2727272727272727 0.3333333333333333
itercount --------> 3
[2, 7, 5]
[2, 7, 0]
0.3333333333333333 0.36363636363636365
itercount --------> 4
[0, 2, 7]
[0, 2, 1]
[0, 2, 5]
[0, 2, 3]
[0, 2, 4]
[0, 2, 6]
0.36363636363636365 0.38095238095238093
itercount --------> 5
[0, 2, 7]
[0, 2, 1]
[0, 2, 5]
[0, 2, 3]
[0, 2, 6]
[0, 2, 4]
[0, 2, 7, 1]
[0, 2, 7, 5]
[0, 2, 7, 3]
[0, 2, 7, 6]
[0, 2, 7, 4]
[0, 2, 7, 1, 5]
[0, 2, 7, 1, 3]
[0, 2, 7, 1, 6]
[0, 2, 7, 1, 4]
[0, 2, 7, 1, 5, 3]
[0, 2, 7, 1, 5, 6]
[0, 2, 7, 1, 5, 4]
[0, 2, 7, 1, 5, 3, 6]
[0, 2, 7, 1, 5, 3, 4]
[0, 2, 7, 1, 5, 3, 6, 4]
0.38095238095238093 0.4230769230769231
itercount --------> 6
[7, 4, 3]
[7, 4, 0]
[7, 4, 2]
[7, 4, 5]
[7, 4, 1]
[7, 4, 6]
[7, 4, 3, 0]
[7, 4, 3, 2]
[7, 4, 3, 5]
[7, 4, 3, 1]
[7, 4, 3, 6]
[7, 4, 3, 0, 2]
[7, 4, 3, 0, 5]
[7, 4, 3, 0, 1]
[7, 4, 3, 0, 6]
[7, 4, 3, 0, 2, 5]
[7, 4, 3, 0, 2, 1]
[7, 4, 3, 0, 2, 6]
[7, 4, 3, 0, 2, 5, 1]
[7, 4, 3, 0, 2, 5, 6]
[7, 4, 3, 0, 2, 5, 1, 6]
failed -> 46 times
after fail n ======> 5
[0, 2, 1, 4, 3]
0.11475409836065574 0.1891891891891892
itercount --------> 1
[1, 4, 0]
0.1891891891891892 0.2222222222222222
itercount --------> 2
[0, 3, 4]
[0, 3, 1]
0.2222222222222222 0.2777777777777778
itercount --------> 3
[0, 1, 2]
[0, 1, 4]
[0, 1, 7]
[0, 1, 3]
[0, 1, 6]
[0, 1, 5]
[0, 1, 2, 4]
0.2777777777777778 0.2857142857142857
itercount --------> 4
[0, 7, 4]
0.2857142857142857 0.3333333333333333
itercount --------> 5
[0, 7, 3]
0.3333333333333333 0.36363636363636365
itercount --------> 6
[7, 0, 2]
[7, 0, 1]
[7, 0, 5]
[7, 0, 4]
0.36363636363636365 0.38461538461538464
itercount --------> 7
[0, 4, 3]
[0, 4, 7]
0.38461538461538464 0.45454545454545453
itercount --------> 8
[3, 0, 1]
0.45454545454545453 0.5172413793103449
itercount --------> 9
[3, 1, 5]
[3, 1, 0]
[3, 1, 2]
[3, 1, 7]
0.5172413793103449 0.5454545454545454
itercount --------> 10
[0, 2, 1]
[0, 2, 7]
[0, 2, 4]
[0, 2, 5]
[0, 2, 3]
[0, 2, 6]
[0, 2, 1, 7]
[0, 2, 1, 4]
[0, 2, 1, 5]
[0, 2, 1, 3]
[0, 2, 1, 6]
[0, 2, 1, 7, 4]
[0, 2, 1, 7, 5]
[0, 2, 1, 7, 3]
[0, 2, 1, 7, 6]
[0, 2, 1, 7, 4, 5]
[0, 2, 1, 7, 4, 3]
[0, 2, 1, 7, 4, 6]
[0, 2, 1, 7, 4, 5, 3]
[0, 2, 1, 7, 4, 5, 6]
[0, 2, 1, 7, 4, 5, 3, 6]
failed -> 47 times
after fail n ======> 6
[0, 2, 1, 4, 3, 7]
0.11475409836065574 0.15789473684210525
itercount --------> 1
[2, 0, 3]
0.15789473684210525 0.23076923076923078
itercount --------> 2
[3, 4, 7]
[3, 4, 0]
0.23076923076923078 0.26666666666666666
itercount --------> 3
[0, 2, 7]
[0, 2, 1]
0.26666666666666666 0.3333333333333333
itercount --------> 4
[0, 2, 1]
[0, 2, 7]
[0, 2, 4]
0.3333333333333333 0.38461538461538464
itercount --------> 5
[0, 2, 1]
[0, 2, 7]
0.38461538461538464 0.4
itercount --------> 6
[2, 0, 1]
0.4 0.5
itercount --------> 7
[2, 0, 1]
[2, 0, 4]
[2, 0, 3]
[2, 0, 5]
[2, 0, 7]
[2, 0, 6]
[2, 0, 1, 4]
[2, 0, 1, 3]
[2, 0, 1, 5]
[2, 0, 1, 7]
[2, 0, 1, 6]
[2, 0, 1, 4, 3]
[2, 0, 1, 4, 5]
[2, 0, 1, 4, 7]
[2, 0, 1, 4, 6]
0.5 0.5161290322580645
itercount --------> 8
[0, 2, 4]
[0, 2, 1]
[0, 2, 3]
[0, 2, 5]
[0, 2, 7]
[0, 2, 6]
[0, 2, 4, 1]
[0, 2, 4, 3]
[0, 2, 4, 5]
0.5161290322580645 0.5483870967741935
itercount --------> 9
[0, 2, 4]
[0, 2, 1]
[0, 2, 5]
[0, 2, 7]
[0, 2, 3]
[0, 2, 6]
[0, 2, 4, 1]
[0, 2, 4, 5]
[0, 2, 4, 7]
[0, 2, 4, 3]
[0, 2, 4, 6]
[0, 2, 4, 1, 5]
[0, 2, 4, 1, 7]
[0, 2, 4, 1, 3]
[0, 2, 4, 1, 6]
[0, 2, 4, 1, 5, 7]
[0, 2, 4, 1, 5, 3]
[0, 2, 4, 1, 5, 6]
[0, 2, 4, 1, 5, 7, 3]
[0, 2, 4, 1, 5, 7, 6]
[0, 2, 4, 1, 5, 7, 3, 6]
failed -> 48 times
after fail n ======> 7
[0, 2, 1, 4, 3, 7, 5]
0.11475409836065574 0.15789473684210525
itercount --------> 1
[0, 2, 3]
0.15789473684210525 0.26666666666666666
itercount --------> 2
[0, 2, 7]
0.26666666666666666 0.2857142857142857
itercount --------> 3
[0, 2, 3]
0.2857142857142857 0.29411764705882354
itercount --------> 4
[0, 4, 3]
0.29411764705882354 0.3125
itercount --------> 5
[0, 2, 3]
[0, 2, 4]
[0, 2, 1]
0.3125 0.34782608695652173
itercount --------> 6
[0, 2, 4]
0.34782608695652173 0.35294117647058826
itercount --------> 7
[0, 4, 2]
0.35294117647058826 0.4
itercount --------> 8
[2, 0, 1]
[2, 0, 4]
[2, 0, 3]
[2, 0, 5]
[2, 0, 7]
[2, 0, 6]
[2, 0, 1, 4]
0.4 0.5
itercount --------> 9
[0, 2, 4]
[0, 2, 1]
[0, 2, 3]
[0, 2, 5]
[0, 2, 7]
[0, 2, 6]
0.5 0.5161290322580645
itercount --------> 10
[0, 2, 4]
[0, 2, 3]
[0, 2, 5]
[0, 2, 1]
[0, 2, 7]
0.5161290322580645 0.5172413793103449
itercount --------> 11
[2, 0, 4]
[2, 0, 6]
[2, 0, 7]
[2, 0, 1]
[2, 0, 5]
[2, 0, 3]
[2, 0, 4, 6]
[2, 0, 4, 7]
[2, 0, 4, 1]
[2, 0, 4, 5]
[2, 0, 4, 3]
[2, 0, 4, 6, 7]
[2, 0, 4, 6, 1]
[2, 0, 4, 6, 5]
[2, 0, 4, 6, 3]
[2, 0, 4, 6, 7, 1]
[2, 0, 4, 6, 7, 5]
[2, 0, 4, 6, 7, 3]
[2, 0, 4, 6, 7, 1, 5]
[2, 0, 4, 6, 7, 1, 3]
0.5172413793103449 0.5517241379310345
itercount --------> 12
[2, 0, 1]
[2, 0, 3]
[2, 0, 6]
0.5517241379310345 0.5862068965517241
itercount --------> 13
[2, 0, 1]
[2, 0, 3]
[2, 0, 5]
[2, 0, 4]
[2, 0, 6]
[2, 0, 7]
[2, 0, 1, 3]
[2, 0, 1, 5]
[2, 0, 1, 4]
[2, 0, 1, 6]
[2, 0, 1, 7]
[2, 0, 1, 3, 5]
[2, 0, 1, 3, 4]
[2, 0, 1, 3, 6]
[2, 0, 1, 3, 7]
[2, 0, 1, 3, 5, 4]
[2, 0, 1, 3, 5, 6]
[2, 0, 1, 3, 5, 7]
[2, 0, 1, 3, 5, 4, 6]
[2, 0, 1, 3, 5, 4, 7]
[2, 0, 1, 3, 5, 4, 6, 7]
failed -> 49 times
after fail n ======> 8
[0, 2, 1, 4, 3, 7, 5, 6]
0.11475409836065574 0.11627906976744186
itercount --------> 1
[0, 2, 3]
0.11627906976744186 0.1875
itercount --------> 2
[0, 3, 1]
0.1875 0.19230769230769232
itercount --------> 3
[0, 2, 3]
[0, 2, 7]
0.19230769230769232 0.22727272727272727
itercount --------> 4
[0, 2, 7]
[0, 2, 1]
[0, 2, 5]
[0, 2, 6]
[0, 2, 3]
[0, 2, 4]
[0, 2, 7, 1]
0.22727272727272727 0.2692307692307692
itercount --------> 5
[0, 2, 3]
[0, 2, 6]
0.2692307692307692 0.28
itercount --------> 6
[0, 3, 2]
[0, 3, 5]
[0, 3, 4]
0.28 0.36363636363636365
itercount --------> 7
[0, 3, 4]
0.36363636363636365 0.4583333333333333
itercount --------> 8
[0, 4, 6]
0.4583333333333333 0.5714285714285714
itercount --------> 9
[0, 2, 4]
[0, 2, 3]
[0, 2, 1]
[0, 2, 5]
[0, 2, 7]
[0, 2, 6]
[0, 2, 4, 3]
[0, 2, 4, 1]
[0, 2, 4, 5]
[0, 2, 4, 7]
[0, 2, 4, 6]
[0, 2, 4, 3, 1]
[0, 2, 4, 3, 5]
[0, 2, 4, 3, 7]
[0, 2, 4, 3, 6]
[0, 2, 4, 3, 1, 5]
[0, 2, 4, 3, 1, 7]
[0, 2, 4, 3, 1, 6]
[0, 2, 4, 3, 1, 5, 7]
[0, 2, 4, 3, 1, 5, 6]
[0, 2, 4, 3, 1, 5, 7, 6]
failed -> 50 times
after fail n ======> 5
Runs with the maximum attractor JI -> [19]
