{1: 47, 2: 47, 5: 40, 6: 39, 3: 29, 0: 25, 4: 13, 7: 8}
[1, 2, 5]
[1, 2, 6]
0.09523809523809523 0.13793103448275862
itercount --------> 1
[6, 3, 5]
0.13793103448275862 0.21428571428571427
itercount --------> 2
[6, 4, 1]
[6, 4, 2]
[6, 4, 0]
0.21428571428571427 0.23076923076923078
itercount --------> 3
[6, 4, 3]
0.23076923076923078 0.24324324324324326
itercount --------> 4
[6, 3, 1]
[6, 3, 2]
[6, 3, 4]
[6, 3, 5]
0.24324324324324326 0.26666666666666666
itercount --------> 5
[6, 5, 1]
[6, 5, 2]
[6, 5, 4]
[6, 5, 3]
[6, 5, 0]
0.26666666666666666 0.2692307692307692
itercount --------> 6
[6, 5, 1]
[6, 5, 2]
[6, 5, 3]
[6, 5, 4]
[6, 5, 7]
[6, 5, 0]
[6, 5, 1, 2]
0.2692307692307692 0.3076923076923077
itercount --------> 7
[5, 6, 4]
[5, 6, 7]
0.3076923076923077 0.3548387096774194
itercount --------> 8
[5, 4, 6]
0.3548387096774194 0.36666666666666664
itercount --------> 9
[5, 6, 4]
[5, 6, 7]
0.36666666666666664 0.43333333333333335
itercount --------> 10
[5, 6, 1]
[5, 6, 2]
[5, 6, 3]
[5, 6, 4]
[5, 6, 7]
[5, 6, 0]
[5, 6, 1, 2]
[5, 6, 1, 3]
[5, 6, 1, 4]
[5, 6, 1, 7]
[5, 6, 1, 0]
[5, 6, 1, 2, 3]
[5, 6, 1, 2, 4]
[5, 6, 1, 2, 7]
[5, 6, 1, 2, 0]
[5, 6, 1, 2, 3, 4]
[5, 6, 1, 2, 3, 7]
0.43333333333333335 0.46153846153846156
itercount --------> 11
[5, 7, 6]
[5, 7, 3]
[5, 7, 4]
[5, 7, 1]
[5, 7, 2]
[5, 7, 0]
[5, 7, 6, 3]
0.46153846153846156 0.5714285714285714
itercount --------> 12
[5, 4, 6]
[5, 4, 3]
[5, 4, 7]
[5, 4, 0]
[5, 4, 1]
[5, 4, 2]
[5, 4, 6, 3]
[5, 4, 6, 7]
[5, 4, 6, 0]
[5, 4, 6, 1]
[5, 4, 6, 2]
[5, 4, 6, 3, 7]
[5, 4, 6, 3, 0]
[5, 4, 6, 3, 1]
[5, 4, 6, 3, 2]
[5, 4, 6, 3, 7, 0]
[5, 4, 6, 3, 7, 1]
[5, 4, 6, 3, 7, 2]
[5, 4, 6, 3, 7, 0, 1]
[5, 4, 6, 3, 7, 0, 2]
[5, 4, 6, 3, 7, 0, 1, 2]
failed Once
after fail n ======> 4
[1, 2, 5, 6]
0.09523809523809523 0.11363636363636363
itercount --------> 1
[2, 6, 1]
0.11363636363636363 0.15384615384615385
itercount --------> 2
[6, 3, 1]
0.15384615384615385 0.16666666666666666
itercount --------> 3
[6, 5, 1]
0.16666666666666666 0.22641509433962265
itercount --------> 4
[1, 5, 3]
0.22641509433962265 0.25806451612903225
itercount --------> 5
[1, 3, 2]
0.25806451612903225 0.2682926829268293
itercount --------> 6
[1, 2, 4]
0.2682926829268293 0.3055555555555556
itercount --------> 7
[1, 3, 0]
0.3055555555555556 0.4722222222222222
itercount --------> 8
[1, 0, 5]
[1, 0, 2]
0.4722222222222222 0.5151515151515151
itercount --------> 9
[1, 0, 2]
[1, 0, 3]
0.5151515151515151 0.5517241379310345
itercount --------> 10
[1, 0, 4]
[1, 0, 2]
[1, 0, 5]
[1, 0, 6]
[1, 0, 3]
[1, 0, 7]
[1, 0, 4, 2]
[1, 0, 4, 5]
[1, 0, 4, 6]
[1, 0, 4, 3]
[1, 0, 4, 7]
[1, 0, 4, 2, 5]
0.5517241379310345 0.56
itercount --------> 11
[5, 0, 3]
0.56 0.5666666666666667
itercount --------> 12
[1, 0, 4]
[1, 0, 5]
[1, 0, 6]
[1, 0, 3]
[1, 0, 2]
[1, 0, 7]
[1, 0, 4, 5]
[1, 0, 4, 6]
[1, 0, 4, 3]
[1, 0, 4, 2]
[1, 0, 4, 7]
[1, 0, 4, 5, 6]
[1, 0, 4, 5, 3]
[1, 0, 4, 5, 2]
[1, 0, 4, 5, 7]
[1, 0, 4, 5, 6, 3]
[1, 0, 4, 5, 6, 2]
[1, 0, 4, 5, 6, 7]
[1, 0, 4, 5, 6, 3, 2]
0.5666666666666667 0.5862068965517241
itercount --------> 13
[1, 0, 4]
[1, 0, 5]
[1, 0, 6]
[1, 0, 3]
[1, 0, 2]
[1, 0, 7]
[1, 0, 4, 5]
[1, 0, 4, 6]
[1, 0, 4, 3]
[1, 0, 4, 2]
[1, 0, 4, 7]
[1, 0, 4, 5, 6]
[1, 0, 4, 5, 3]
[1, 0, 4, 5, 2]
[1, 0, 4, 5, 7]
[1, 0, 4, 5, 6, 3]
[1, 0, 4, 5, 6, 2]
[1, 0, 4, 5, 6, 7]
[1, 0, 4, 5, 6, 3, 2]
[1, 0, 4, 5, 6, 3, 7]
[1, 0, 4, 5, 6, 3, 2, 7]
failed -> 2 times
after fail n ======> 5
[1, 2, 5, 6, 3]
0.09523809523809523 0.0975609756097561
itercount --------> 1
[6, 5, 2]
0.0975609756097561 0.14814814814814814
itercount --------> 2
[6, 1, 3]
0.14814814814814814 0.15384615384615385
itercount --------> 3
[1, 3, 6]
0.15384615384615385 0.17647058823529413
itercount --------> 4
[6, 1, 4]
0.17647058823529413 0.18421052631578946
itercount --------> 5
[1, 6, 2]
0.18421052631578946 0.3125
itercount --------> 6
[1, 6, 2]
[1, 6, 4]
[1, 6, 0]
0.3125 0.3448275862068966
itercount --------> 7
[1, 2, 6]
[1, 2, 3]
[1, 2, 0]
0.3448275862068966 0.38461538461538464
itercount --------> 8
[1, 2, 6]
[1, 2, 0]
0.38461538461538464 0.4
itercount --------> 9
[2, 1, 6]
[2, 1, 0]
[2, 1, 4]
[2, 1, 3]
[2, 1, 5]
[2, 1, 7]
[2, 1, 6, 0]
[2, 1, 6, 4]
0.4 0.4090909090909091
itercount --------> 10
[2, 1, 4]
[2, 1, 6]
[2, 1, 5]
[2, 1, 0]
0.4090909090909091 0.5161290322580645
itercount --------> 11
[1, 2, 0]
[1, 2, 4]
0.5161290322580645 0.5185185185185185
itercount --------> 12
[1, 4, 6]
[1, 4, 0]
[1, 4, 3]
[1, 4, 2]
[1, 4, 5]
[1, 4, 7]
[1, 4, 6, 0]
0.5185185185185185 0.5517241379310345
itercount --------> 13
[1, 0, 2]
[1, 0, 4]
[1, 0, 5]
[1, 0, 3]
[1, 0, 6]
[1, 0, 7]
[1, 0, 2, 4]
[1, 0, 2, 5]
[1, 0, 2, 3]
[1, 0, 2, 6]
[1, 0, 2, 7]
0.5517241379310345 0.5714285714285714
itercount --------> 14
[0, 1, 2]
[0, 1, 4]
[0, 1, 5]
[0, 1, 6]
[0, 1, 3]
[0, 1, 7]
[0, 1, 2, 4]
[0, 1, 2, 5]
[0, 1, 2, 6]
[0, 1, 2, 3]
[0, 1, 2, 7]
[0, 1, 2, 4, 5]
[0, 1, 2, 4, 6]
[0, 1, 2, 4, 3]
[0, 1, 2, 4, 7]
[0, 1, 2, 4, 5, 6]
[0, 1, 2, 4, 5, 3]
[0, 1, 2, 4, 5, 7]
[0, 1, 2, 4, 5, 6, 3]
[0, 1, 2, 4, 5, 6, 7]
[0, 1, 2, 4, 5, 6, 3, 7]
failed -> 3 times
after fail n ======> 6
[1, 2, 5, 6, 3, 0]
0.09523809523809523 0.12121212121212122
itercount --------> 1
[3, 6, 2]
[3, 6, 5]
0.12121212121212122 0.21621621621621623
itercount --------> 2
[2, 3, 1]
0.21621621621621623 0.32
itercount --------> 3
[3, 5, 4]
[3, 5, 6]
[3, 5, 7]
[3, 5, 1]
0.32 0.36363636363636365
itercount --------> 4
[1, 2, 5]
[1, 2, 0]
[1, 2, 3]
[1, 2, 4]
[1, 2, 6]
[1, 2, 7]
[1, 2, 5, 0]
[1, 2, 5, 3]
[1, 2, 5, 4]
[1, 2, 5, 6]
[1, 2, 5, 7]
[1, 2, 5, 0, 3]
0.36363636363636365 0.375
itercount --------> 5
[3, 0, 6]
[3, 0, 5]
[3, 0, 7]
[3, 0, 1]
[3, 0, 2]
[3, 0, 4]
[3, 0, 6, 5]
0.375 0.391304347826087
itercount --------> 6
[4, 5, 6]
[4, 5, 3]
[4, 5, 1]
[4, 5, 2]
0.391304347826087 0.4166666666666667
itercount --------> 7
[2, 6, 4]
[2, 6, 3]
[2, 6, 5]
[2, 6, 1]
0.4166666666666667 0.43478260869565216
itercount --------> 8
[1, 2, 5]
[1, 2, 6]
[1, 2, 4]
[1, 2, 3]
[1, 2, 0]
[1, 2, 7]
[1, 2, 5, 6]
[1, 2, 5, 4]
[1, 2, 5, 3]
[1, 2, 5, 0]
[1, 2, 5, 7]
[1, 2, 5, 6, 4]
[1, 2, 5, 6, 3]
[1, 2, 5, 6, 0]
0.43478260869565216 0.44
itercount --------> 9
[6, 5, 3]
[6, 5, 7]
[6, 5, 4]
[6, 5, 1]
[6, 5, 2]
0.44 0.45454545454545453
itercount --------> 10
[1, 2, 5]
[1, 2, 0]
[1, 2, 6]
[1, 2, 3]
[1, 2, 4]
[1, 2, 7]
[1, 2, 5, 0]
[1, 2, 5, 6]
[1, 2, 5, 3]
[1, 2, 5, 4]
[1, 2, 5, 7]
[1, 2, 5, 0, 6]
[1, 2, 5, 0, 3]
[1, 2, 5, 0, 4]
[1, 2, 5, 0, 7]
[1, 2, 5, 0, 6, 3]
[1, 2, 5, 0, 6, 4]
[1, 2, 5, 0, 6, 7]
[1, 2, 5, 0, 6, 3, 4]
[1, 2, 5, 0, 6, 3, 7]
[1, 2, 5, 0, 6, 3, 4, 7]
failed -> 4 times
after fail n ======> 7
[1, 2, 5, 6, 3, 0, 4]
0.09523809523809523 0.125
itercount --------> 1
[1, 5, 6]
0.125 0.13793103448275862
itercount --------> 2
[6, 5, 3]
0.13793103448275862 0.20689655172413793
itercount --------> 3
[6, 2, 5]
0.20689655172413793 0.2608695652173913
itercount --------> 4
[1, 6, 5]
0.2608695652173913 0.27586206896551724
itercount --------> 5
[1, 6, 4]
[1, 6, 5]
[1, 6, 3]
[1, 6, 0]
0.27586206896551724 0.4666666666666667
itercount --------> 6
[1, 0, 2]
0.4666666666666667 0.5185185185185185
itercount --------> 7
[0, 1, 2]
[0, 1, 5]
[0, 1, 3]
0.5185185185185185 0.56
itercount --------> 8
[5, 0, 1]
[5, 0, 2]
[5, 0, 4]
[5, 0, 3]
[5, 0, 6]
[5, 0, 7]
[5, 0, 1, 2]
[5, 0, 1, 4]
0.56 0.5769230769230769
itercount --------> 9
[1, 4, 5]
[1, 4, 0]
[1, 4, 2]
[1, 4, 3]
[1, 4, 6]
[1, 4, 7]
[1, 4, 5, 0]
[1, 4, 5, 2]
[1, 4, 5, 3]
[1, 4, 5, 6]
[1, 4, 5, 7]
[1, 4, 5, 0, 2]
0.5769230769230769 0.6
itercount --------> 10
[4, 5, 1]
[4, 5, 0]
[4, 5, 3]
[4, 5, 2]
[4, 5, 6]
[4, 5, 7]
[4, 5, 1, 0]
[4, 5, 1, 3]
[4, 5, 1, 2]
[4, 5, 1, 6]
[4, 5, 1, 7]
[4, 5, 1, 0, 3]
[4, 5, 1, 0, 2]
[4, 5, 1, 0, 6]
[4, 5, 1, 0, 7]
[4, 5, 1, 0, 3, 2]
[4, 5, 1, 0, 3, 6]
[4, 5, 1, 0, 3, 7]
[4, 5, 1, 0, 3, 2, 6]
[4, 5, 1, 0, 3, 2, 7]
[4, 5, 1, 0, 3, 2, 6, 7]
failed -> 5 times
after fail n ======> 8
[1, 2, 5, 6, 3, 0, 4, 7]
0.09523809523809523 0.125
itercount --------> 1
[2, 5, 6]
0.125 0.2631578947368421
itercount --------> 2
[1, 5, 2]
[1, 5, 3]
0.2631578947368421 0.2978723404255319
itercount --------> 3
[1, 2, 5]
[1, 2, 3]
0.2978723404255319 0.4117647058823529
itercount --------> 4
[1, 5, 3]
0.4117647058823529 0.4666666666666667
itercount --------> 5
[1, 2, 5]
[1, 2, 4]
0.4666666666666667 0.4827586206896552
itercount --------> 6
[2, 5, 1]
[2, 5, 4]
[2, 5, 6]
[2, 5, 0]
0.4827586206896552 0.5
itercount --------> 7
[2, 5, 1]
[2, 5, 4]
[2, 5, 0]
0.5 0.5185185185185185
itercount --------> 8
[5, 4, 1]
0.5185185185185185 0.5357142857142857
itercount --------> 9
[1, 2, 5]
[1, 2, 0]
[1, 2, 3]
[1, 2, 4]
0.5357142857142857 0.5769230769230769
itercount --------> 10
[5, 1, 2]
[5, 1, 0]
[5, 1, 3]
[5, 1, 4]
[5, 1, 6]
[5, 1, 7]
[5, 1, 2, 0]
[5, 1, 2, 3]
[5, 1, 2, 4]
[5, 1, 2, 6]
[5, 1, 2, 7]
[5, 1, 2, 0, 3]
[5, 1, 2, 0, 4]
[5, 1, 2, 0, 6]
0.5769230769230769 0.6
itercount --------> 11
[5, 0, 1]
[5, 0, 3]
[5, 0, 4]
[5, 0, 2]
[5, 0, 6]
[5, 0, 7]
[5, 0, 1, 3]
[5, 0, 1, 4]
[5, 0, 1, 2]
[5, 0, 1, 6]
[5, 0, 1, 7]
[5, 0, 1, 3, 4]
[5, 0, 1, 3, 2]
[5, 0, 1, 3, 6]
[5, 0, 1, 3, 7]
[5, 0, 1, 3, 4, 2]
[5, 0, 1, 3, 4, 6]
[5, 0, 1, 3, 4, 7]
[5, 0, 1, 3, 4, 2, 6]
[5, 0, 1, 3, 4, 2, 7]
[5, 0, 1, 3, 4, 2, 6, 7]
failed -> 6 times
after fail n ======> 5
[1, 2, 5, 6, 3]
0.09523809523809523 0.12903225806451613
itercount --------> 1
[6, 5, 3]
0.12903225806451613 0.1951219512195122
itercount --------> 2
[1, 3, 2]
0.1951219512195122 0.2727272727272727
itercount --------> 3
[2, 4, 6]
0.2727272727272727 0.37142857142857144
itercount --------> 4
[2, 6, 0]
0.37142857142857144 0.4230769230769231
itercount --------> 5
[2, 5, 1]
0.4230769230769231 0.4583333333333333
itercount --------> 6
[1, 2, 5]
[1, 2, 4]
[1, 2, 6]
[1, 2, 0]
0.4583333333333333 0.4782608695652174
itercount --------> 7
[1, 2, 0]
[1, 2, 5]
[1, 2, 6]
[1, 2, 4]
0.4782608695652174 0.5
itercount --------> 8
[1, 2, 0]
[1, 2, 5]
[1, 2, 4]
[1, 2, 6]
[1, 2, 7]
[1, 2, 3]
[1, 2, 0, 5]
[1, 2, 0, 4]
[1, 2, 0, 6]
[1, 2, 0, 7]
[1, 2, 0, 3]
[1, 2, 0, 5, 4]
0.5 0.6086956521739131
itercount --------> 9
[5, 1, 2]
[5, 1, 7]
[5, 1, 0]
[5, 1, 4]
[5, 1, 3]
[5, 1, 6]
[5, 1, 2, 7]
[5, 1, 2, 0]
[5, 1, 2, 4]
[5, 1, 2, 3]
[5, 1, 2, 6]
[5, 1, 2, 7, 0]
[5, 1, 2, 7, 4]
[5, 1, 2, 7, 3]
[5, 1, 2, 7, 6]
[5, 1, 2, 7, 0, 4]
[5, 1, 2, 7, 0, 3]
[5, 1, 2, 7, 0, 6]
[5, 1, 2, 7, 0, 4, 3]
[5, 1, 2, 7, 0, 4, 6]
[5, 1, 2, 7, 0, 4, 3, 6]
failed -> 7 times
after fail n ======> 6
[1, 2, 5, 6, 3, 0]
0.09523809523809523 0.0975609756097561
itercount --------> 1
[1, 6, 3]
0.0975609756097561 0.10909090909090909
itercount --------> 2
[1, 2, 5]
0.10909090909090909 0.14634146341463414
itercount --------> 3
[1, 2, 6]
[1, 2, 4]
0.14634146341463414 0.15555555555555556
itercount --------> 4
[1, 6, 2]
0.15555555555555556 0.18181818181818182
itercount --------> 5
[1, 2, 6]
[1, 2, 4]
0.18181818181818182 0.23333333333333334
itercount --------> 6
[1, 3, 4]
0.23333333333333334 0.3333333333333333
itercount --------> 7
[6, 4, 3]
[6, 4, 0]
[6, 4, 1]
[6, 4, 2]
[6, 4, 5]
[6, 4, 7]
[6, 4, 3, 0]
[6, 4, 3, 1]
[6, 4, 3, 2]
[6, 4, 3, 5]
0.3333333333333333 0.34375
itercount --------> 8
[4, 6, 1]
0.34375 0.5277777777777778
itercount --------> 9
[5, 3, 4]
[5, 3, 6]
[5, 3, 0]
0.5277777777777778 0.56
itercount --------> 10
[1, 2, 5]
[1, 2, 0]
0.56 0.5833333333333334
itercount --------> 11
[5, 3, 4]
[5, 3, 0]
0.5833333333333334 0.5862068965517241
itercount --------> 12
[3, 5, 0]
0.5862068965517241 0.6296296296296297
itercount --------> 13
[4, 6, 3]
[4, 6, 5]
[4, 6, 0]
[4, 6, 1]
[4, 6, 2]
[4, 6, 7]
[4, 6, 3, 5]
[4, 6, 3, 0]
[4, 6, 3, 1]
[4, 6, 3, 2]
[4, 6, 3, 7]
[4, 6, 3, 5, 0]
[4, 6, 3, 5, 1]
[4, 6, 3, 5, 2]
[4, 6, 3, 5, 7]
[4, 6, 3, 5, 0, 1]
0.6296296296296297 0.64
itercount --------> 14
[4, 0, 5]
[4, 0, 6]
[4, 0, 1]
[4, 0, 2]
[4, 0, 3]
[4, 0, 7]
[4, 0, 5, 6]
[4, 0, 5, 1]
[4, 0, 5, 2]
[4, 0, 5, 3]
[4, 0, 5, 7]
[4, 0, 5, 6, 1]
[4, 0, 5, 6, 2]
[4, 0, 5, 6, 3]
[4, 0, 5, 6, 7]
[4, 0, 5, 6, 1, 2]
[4, 0, 5, 6, 1, 3]
[4, 0, 5, 6, 1, 7]
[4, 0, 5, 6, 1, 2, 3]
[4, 0, 5, 6, 1, 2, 7]
[4, 0, 5, 6, 1, 2, 3, 7]
failed -> 8 times
after fail n ======> 7
[1, 2, 5, 6, 3, 0, 4]
0.09523809523809523 0.10416666666666667
itercount --------> 1
[1, 2, 6]
0.10416666666666667 0.17073170731707318
itercount --------> 2
[2, 5, 3]
0.17073170731707318 0.19230769230769232
itercount --------> 3
[2, 5, 6]
0.19230769230769232 0.2
itercount --------> 4
[3, 6, 5]
0.2 0.2222222222222222
itercount --------> 5
[5, 4, 3]
0.2222222222222222 0.25
itercount --------> 6
[4, 5, 6]
[4, 5, 3]
0.25 0.2692307692307692
itercount --------> 7
[3, 5, 6]
0.2692307692307692 0.375
itercount --------> 8
[4, 5, 6]
[4, 5, 1]
0.375 0.391304347826087
itercount --------> 9
[1, 2, 5]
[1, 2, 4]
[1, 2, 6]
[1, 2, 3]
[1, 2, 0]
[1, 2, 7]
[1, 2, 5, 4]
[1, 2, 5, 6]
[1, 2, 5, 3]
[1, 2, 5, 0]
[1, 2, 5, 7]
[1, 2, 5, 4, 6]
[1, 2, 5, 4, 3]
[1, 2, 5, 4, 0]
[1, 2, 5, 4, 7]
[1, 2, 5, 4, 6, 3]
[1, 2, 5, 4, 6, 0]
[1, 2, 5, 4, 6, 7]
[1, 2, 5, 4, 6, 3, 0]
[1, 2, 5, 4, 6, 3, 7]
[1, 2, 5, 4, 6, 3, 0, 7]
failed -> 9 times
after fail n ======> 8
[1, 2, 5, 6, 3, 0, 4, 7]
0.09523809523809523 0.10909090909090909
itercount --------> 1
[1, 2, 5]
0.10909090909090909 0.21428571428571427
itercount --------> 2
[4, 6, 1]
0.21428571428571427 0.35294117647058826
itercount --------> 3
[1, 2, 6]
[1, 2, 4]
[1, 2, 5]
[1, 2, 0]
0.35294117647058826 0.4230769230769231
itercount --------> 4
[3, 5, 1]
0.4230769230769231 0.4642857142857143
itercount --------> 5
[1, 2, 5]
[1, 2, 3]
[1, 2, 6]
[1, 2, 0]
0.4642857142857143 0.48148148148148145
itercount --------> 6
[1, 2, 3]
0.48148148148148145 0.5
itercount --------> 7
[1, 2, 5]
[1, 2, 3]
[1, 2, 0]
[1, 2, 4]
[1, 2, 6]
0.5 0.5416666666666666
itercount --------> 8
[3, 5, 1]
[3, 5, 2]
[3, 5, 0]
[3, 5, 4]
[3, 5, 7]
[3, 5, 6]
0.5416666666666666 0.6
itercount --------> 9
[1, 2, 0]
[1, 2, 5]
[1, 2, 4]
[1, 2, 3]
[1, 2, 6]
[1, 2, 7]
[1, 2, 0, 5]
0.6 0.625
itercount --------> 10
[1, 2, 5]
[1, 2, 0]
[1, 2, 3]
[1, 2, 4]
[1, 2, 7]
[1, 2, 6]
[1, 2, 5, 0]
[1, 2, 5, 3]
[1, 2, 5, 4]
[1, 2, 5, 7]
[1, 2, 5, 6]
[1, 2, 5, 0, 3]
[1, 2, 5, 0, 4]
[1, 2, 5, 0, 7]
[1, 2, 5, 0, 6]
[1, 2, 5, 0, 3, 4]
0.625 0.6538461538461539
itercount --------> 11
[4, 0, 1]
[4, 0, 2]
[4, 0, 5]
[4, 0, 3]
[4, 0, 6]
[4, 0, 7]
[4, 0, 1, 2]
[4, 0, 1, 5]
[4, 0, 1, 3]
[4, 0, 1, 6]
[4, 0, 1, 7]
[4, 0, 1, 2, 5]
[4, 0, 1, 2, 3]
[4, 0, 1, 2, 6]
[4, 0, 1, 2, 7]
[4, 0, 1, 2, 5, 3]
[4, 0, 1, 2, 5, 6]
[4, 0, 1, 2, 5, 7]
[4, 0, 1, 2, 5, 3, 6]
[4, 0, 1, 2, 5, 3, 7]
[4, 0, 1, 2, 5, 3, 6, 7]
failed -> 10 times
after fail n ======> 5
[1, 2, 5, 6, 3]
0.09523809523809523 0.1206896551724138
itercount --------> 1
[2, 1, 3]
0.1206896551724138 0.1323529411764706
itercount --------> 2
[2, 1, 3]
[2, 1, 5]
0.1323529411764706 0.1875
itercount --------> 3
[1, 2, 3]
0.1875 0.2391304347826087
itercount --------> 4
[1, 2, 5]
0.2391304347826087 0.2903225806451613
itercount --------> 5
[2, 4, 5]
0.2903225806451613 0.30303030303030304
itercount --------> 6
[1, 4, 5]
[1, 4, 2]
0.30303030303030304 0.3125
itercount --------> 7
[4, 5, 2]
[4, 5, 0]
[4, 5, 1]
[4, 5, 3]
0.3125 0.4146341463414634
itercount --------> 8
[5, 1, 2]
[5, 1, 4]
[5, 1, 6]
[5, 1, 0]
0.4146341463414634 0.5
itercount --------> 9
[2, 5, 4]
[2, 5, 1]
[2, 5, 0]
[2, 5, 6]
[2, 5, 3]
[2, 5, 7]
[2, 5, 4, 1]
[2, 5, 4, 0]
0.5 0.5357142857142857
itercount --------> 10
[2, 4, 5]
[2, 4, 1]
[2, 4, 3]
[2, 4, 0]
[2, 4, 6]
[2, 4, 7]
[2, 4, 5, 1]
[2, 4, 5, 3]
[2, 4, 5, 0]
[2, 4, 5, 6]
[2, 4, 5, 7]
[2, 4, 5, 1, 3]
[2, 4, 5, 1, 0]
[2, 4, 5, 1, 6]
[2, 4, 5, 1, 7]
[2, 4, 5, 1, 3, 0]
0.5357142857142857 0.5384615384615384
itercount --------> 11
[2, 5, 4]
[2, 5, 1]
[2, 5, 0]
[2, 5, 3]
0.5384615384615384 0.56
itercount --------> 12
[2, 5, 4]
[2, 5, 0]
[2, 5, 3]
[2, 5, 1]
0.56 0.5769230769230769
itercount --------> 13
[4, 2, 5]
[4, 2, 0]
[4, 2, 6]
[4, 2, 1]
[4, 2, 3]
[4, 2, 7]
[4, 2, 5, 0]
[4, 2, 5, 6]
[4, 2, 5, 1]
[4, 2, 5, 3]
[4, 2, 5, 7]
[4, 2, 5, 0, 6]
[4, 2, 5, 0, 1]
[4, 2, 5, 0, 3]
[4, 2, 5, 0, 7]
[4, 2, 5, 0, 6, 1]
[4, 2, 5, 0, 6, 3]
[4, 2, 5, 0, 6, 7]
[4, 2, 5, 0, 6, 1, 3]
[4, 2, 5, 0, 6, 1, 7]
[4, 2, 5, 0, 6, 1, 3, 7]
failed -> 11 times
after fail n ======> 6
[1, 2, 5, 6, 3, 0]
0.09523809523809523 0.12307692307692308
itercount --------> 1
[1, 2, 6]
0.12307692307692308 0.21428571428571427
itercount --------> 2
[6, 4, 1]
0.21428571428571427 0.24
itercount --------> 3
[1, 6, 0]
0.24 0.2608695652173913
itercount --------> 4
[6, 4, 5]
[6, 4, 1]
[6, 4, 2]
[6, 4, 3]
0.2608695652173913 0.2692307692307692
itercount --------> 5
[6, 1, 2]
0.2692307692307692 0.30434782608695654
itercount --------> 6
[1, 4, 2]
[1, 4, 3]
[1, 4, 5]
[1, 4, 6]
[1, 4, 0]
0.30434782608695654 0.34285714285714286
itercount --------> 7
[1, 2, 5]
0.34285714285714286 0.4
itercount --------> 8
[1, 2, 5]
[1, 2, 6]
[1, 2, 3]
[1, 2, 0]
0.4 0.43478260869565216
itercount --------> 9
[1, 2, 0]
[1, 2, 5]
0.43478260869565216 0.4444444444444444
itercount --------> 10
[5, 3, 7]
[5, 3, 1]
[5, 3, 2]
[5, 3, 4]
0.4444444444444444 0.46875
itercount --------> 11
[3, 1, 2]
[3, 1, 4]
[3, 1, 0]
[3, 1, 6]
[3, 1, 7]
[3, 1, 5]
0.46875 0.48
itercount --------> 12
[3, 4, 6]
[3, 4, 0]
[3, 4, 1]
[3, 4, 2]
[3, 4, 5]
[3, 4, 7]
[3, 4, 6, 0]
[3, 4, 6, 1]
[3, 4, 6, 2]
[3, 4, 6, 5]
[3, 4, 6, 7]
[3, 4, 6, 0, 1]
0.48 0.5
itercount --------> 13
[3, 6, 4]
[3, 6, 0]
[3, 6, 5]
[3, 6, 1]
[3, 6, 2]
[3, 6, 7]
[3, 6, 4, 0]
[3, 6, 4, 5]
[3, 6, 4, 1]
[3, 6, 4, 2]
[3, 6, 4, 7]
[3, 6, 4, 0, 5]
[3, 6, 4, 0, 1]
[3, 6, 4, 0, 2]
[3, 6, 4, 0, 7]
[3, 6, 4, 0, 5, 1]
[3, 6, 4, 0, 5, 2]
[3, 6, 4, 0, 5, 7]
[3, 6, 4, 0, 5, 1, 2]
[3, 6, 4, 0, 5, 1, 7]
[3, 6, 4, 0, 5, 1, 2, 7]
failed -> 12 times
after fail n ======> 7
[1, 2, 5, 6, 3, 0, 4]
0.09523809523809523 0.12962962962962962
itercount --------> 1
[2, 1, 3]
0.12962962962962962 0.18867924528301888
itercount --------> 2
[1, 2, 4]
[1, 2, 6]
0.18867924528301888 0.1951219512195122
itercount --------> 3
[1, 6, 4]
0.1951219512195122 0.25
itercount --------> 4
[1, 5, 6]
[1, 5, 0]
0.25 0.34146341463414637
itercount --------> 5
[1, 6, 4]
[1, 6, 5]
0.34146341463414637 0.36363636363636365
itercount --------> 6
[1, 2, 6]
[1, 2, 5]
0.36363636363636365 0.4444444444444444
itercount --------> 7
[1, 2, 5]
[1, 2, 0]
0.4444444444444444 0.48
itercount --------> 8
[1, 2, 5]
[1, 2, 0]
[1, 2, 4]
[1, 2, 3]
0.48 0.5217391304347826
itercount --------> 9
[1, 2, 0]
[1, 2, 5]
[1, 2, 3]
[1, 2, 7]
[1, 2, 4]
[1, 2, 6]
[1, 2, 0, 5]
0.5217391304347826 0.5483870967741935
itercount --------> 10
[0, 1, 5]
[0, 1, 4]
[0, 1, 6]
[0, 1, 2]
0.5483870967741935 0.5769230769230769
itercount --------> 11
[1, 0, 5]
[1, 0, 2]
[1, 0, 3]
[1, 0, 4]
[1, 0, 6]
[1, 0, 7]
[1, 0, 5, 2]
[1, 0, 5, 3]
[1, 0, 5, 4]
[1, 0, 5, 6]
[1, 0, 5, 7]
[1, 0, 5, 2, 3]
0.5769230769230769 0.625
itercount --------> 12
[1, 2, 5]
[1, 2, 0]
[1, 2, 3]
[1, 2, 4]
[1, 2, 7]
[1, 2, 6]
[1, 2, 5, 0]
[1, 2, 5, 3]
[1, 2, 5, 4]
[1, 2, 5, 7]
[1, 2, 5, 6]
[1, 2, 5, 0, 3]
[1, 2, 5, 0, 4]
0.625 0.6521739130434783
itercount --------> 13
[5, 1, 2]
[5, 1, 0]
[5, 1, 3]
[5, 1, 4]
[5, 1, 7]
[5, 1, 6]
[5, 1, 2, 0]
[5, 1, 2, 3]
[5, 1, 2, 4]
[5, 1, 2, 7]
[5, 1, 2, 6]
[5, 1, 2, 0, 3]
[5, 1, 2, 0, 4]
[5, 1, 2, 0, 7]
[5, 1, 2, 0, 6]
[5, 1, 2, 0, 3, 4]
[5, 1, 2, 0, 3, 7]
[5, 1, 2, 0, 3, 6]
[5, 1, 2, 0, 3, 4, 7]
[5, 1, 2, 0, 3, 4, 6]
[5, 1, 2, 0, 3, 4, 7, 6]
failed -> 13 times
after fail n ======> 8
[1, 2, 5, 6, 3, 0, 4, 7]
0.09523809523809523 0.0975609756097561
itercount --------> 1
[1, 2, 4]
0.0975609756097561 0.13793103448275862
itercount --------> 2
[4, 5, 3]
0.13793103448275862 0.15384615384615385
itercount --------> 3
[6, 5, 1]
0.15384615384615385 0.18181818181818182
itercount --------> 4
[6, 1, 2]
0.18181818181818182 0.18604651162790697
itercount --------> 5
[1, 5, 3]
0.18604651162790697 0.21052631578947367
itercount --------> 6
[1, 5, 6]
0.21052631578947367 0.35185185185185186
itercount --------> 7
[1, 2, 5]
[1, 2, 6]
[1, 2, 0]
0.35185185185185186 0.4473684210526316
itercount --------> 8
[1, 2, 5]
0.4473684210526316 0.4666666666666667
itercount --------> 9
[1, 5, 2]
[1, 5, 3]
[1, 5, 4]
0.4666666666666667 0.5
itercount --------> 10
[1, 5, 4]
[1, 5, 2]
[1, 5, 0]
0.5 0.5172413793103449
itercount --------> 11
[4, 5, 1]
[4, 5, 2]
[4, 5, 0]
0.5172413793103449 0.5185185185185185
itercount --------> 12
[5, 1, 2]
[5, 1, 0]
[5, 1, 3]
[5, 1, 4]
[5, 1, 6]
[5, 1, 7]
[5, 1, 2, 0]
[5, 1, 2, 3]
0.5185185185185185 0.5384615384615384
itercount --------> 13
[5, 3, 4]
[5, 3, 0]
0.5384615384615384 0.56
itercount --------> 14
[5, 4, 0]
[5, 4, 1]
0.56 0.5833333333333334
itercount --------> 15
[5, 3, 4]
[5, 3, 0]
[5, 3, 1]
[5, 3, 2]
[5, 3, 6]
[5, 3, 7]
[5, 3, 4, 0]
[5, 3, 4, 1]
[5, 3, 4, 2]
[5, 3, 4, 6]
[5, 3, 4, 7]
[5, 3, 4, 0, 1]
[5, 3, 4, 0, 2]
[5, 3, 4, 0, 6]
[5, 3, 4, 0, 7]
[5, 3, 4, 0, 1, 2]
[5, 3, 4, 0, 1, 6]
[5, 3, 4, 0, 1, 7]
[5, 3, 4, 0, 1, 2, 6]
[5, 3, 4, 0, 1, 2, 7]
[5, 3, 4, 0, 1, 2, 6, 7]
failed -> 14 times
after fail n ======> 5
[1, 2, 5, 6, 3]
0.09523809523809523 0.14634146341463414
itercount --------> 1
[1, 2, 6]
0.14634146341463414 0.25925925925925924
itercount --------> 2
[3, 4, 6]
0.25925925925925924 0.3793103448275862
itercount --------> 3
[4, 6, 0]
0.3793103448275862 0.5862068965517241
itercount --------> 4
[6, 5, 1]
[6, 5, 2]
[6, 5, 4]
[6, 5, 0]
[6, 5, 3]
[6, 5, 7]
[6, 5, 1, 2]
[6, 5, 1, 4]
[6, 5, 1, 0]
[6, 5, 1, 3]
[6, 5, 1, 7]
[6, 5, 1, 2, 4]
[6, 5, 1, 2, 0]
0.5862068965517241 0.64
itercount --------> 5
[4, 0, 5]
[4, 0, 6]
[4, 0, 1]
[4, 0, 2]
[4, 0, 3]
[4, 0, 7]
[4, 0, 5, 6]
[4, 0, 5, 1]
[4, 0, 5, 2]
[4, 0, 5, 3]
[4, 0, 5, 7]
[4, 0, 5, 6, 1]
[4, 0, 5, 6, 2]
[4, 0, 5, 6, 3]
[4, 0, 5, 6, 7]
[4, 0, 5, 6, 1, 2]
[4, 0, 5, 6, 1, 3]
[4, 0, 5, 6, 1, 7]
[4, 0, 5, 6, 1, 2, 3]
0.64 0.6538461538461539
itercount --------> 6
[6, 4, 3]
[6, 4, 5]
[6, 4, 0]
[6, 4, 1]
[6, 4, 2]
[6, 4, 7]
[6, 4, 3, 5]
[6, 4, 3, 0]
[6, 4, 3, 1]
[6, 4, 3, 2]
[6, 4, 3, 7]
[6, 4, 3, 5, 0]
[6, 4, 3, 5, 1]
[6, 4, 3, 5, 2]
[6, 4, 3, 5, 7]
[6, 4, 3, 5, 0, 1]
0.6538461538461539 0.68
itercount --------> 7
[4, 5, 3]
[4, 5, 6]
[4, 5, 1]
[4, 5, 2]
[4, 5, 0]
[4, 5, 7]
[4, 5, 3, 6]
[4, 5, 3, 1]
[4, 5, 3, 2]
[4, 5, 3, 0]
[4, 5, 3, 7]
[4, 5, 3, 6, 1]
[4, 5, 3, 6, 2]
[4, 5, 3, 6, 0]
[4, 5, 3, 6, 7]
[4, 5, 3, 6, 1, 2]
[4, 5, 3, 6, 1, 0]
[4, 5, 3, 6, 1, 7]
[4, 5, 3, 6, 1, 2, 0]
[4, 5, 3, 6, 1, 2, 7]
[4, 5, 3, 6, 1, 2, 0, 7]
failed -> 15 times
after fail n ======> 6
[1, 2, 5, 6, 3, 0]
0.09523809523809523 0.10416666666666667
itercount --------> 1
[3, 1, 2]
[3, 1, 6]
[3, 1, 5]
0.10416666666666667 0.12121212121212122
itercount --------> 2
[1, 3, 6]
0.12121212121212122 0.21621621621621623
itercount --------> 3
[2, 3, 1]
0.21621621621621623 0.25
itercount --------> 4
[6, 4, 3]
[6, 4, 0]
[6, 4, 5]
[6, 4, 1]
[6, 4, 2]
[6, 4, 7]
[6, 4, 3, 0]
0.25 0.3333333333333333
itercount --------> 5
[6, 4, 3]
[6, 4, 0]
[6, 4, 1]
[6, 4, 2]
[6, 4, 5]
[6, 4, 7]
[6, 4, 3, 0]
0.3333333333333333 0.34615384615384615
itercount --------> 6
[4, 6, 0]
[4, 6, 1]
[4, 6, 2]
0.34615384615384615 0.4642857142857143
itercount --------> 7
[4, 6, 0]
[4, 6, 7]
[4, 6, 3]
[4, 6, 1]
[4, 6, 2]
[4, 6, 5]
[4, 6, 0, 7]
[4, 6, 0, 3]
[4, 6, 0, 1]
0.4642857142857143 0.6296296296296297
itercount --------> 8
[4, 6, 3]
[4, 6, 5]
[4, 6, 0]
[4, 6, 1]
[4, 6, 2]
[4, 6, 7]
[4, 6, 3, 5]
[4, 6, 3, 0]
[4, 6, 3, 1]
[4, 6, 3, 2]
[4, 6, 3, 7]
[4, 6, 3, 5, 0]
[4, 6, 3, 5, 1]
[4, 6, 3, 5, 2]
[4, 6, 3, 5, 7]
[4, 6, 3, 5, 0, 1]
0.6296296296296297 0.6538461538461539
itercount --------> 9
[4, 3, 5]
[4, 3, 6]
[4, 3, 1]
[4, 3, 2]
[4, 3, 0]
[4, 3, 7]
[4, 3, 5, 6]
[4, 3, 5, 1]
[4, 3, 5, 2]
[4, 3, 5, 0]
[4, 3, 5, 7]
[4, 3, 5, 6, 1]
[4, 3, 5, 6, 2]
[4, 3, 5, 6, 0]
[4, 3, 5, 6, 7]
[4, 3, 5, 6, 1, 2]
[4, 3, 5, 6, 1, 0]
[4, 3, 5, 6, 1, 7]
[4, 3, 5, 6, 1, 2, 0]
0.6538461538461539 0.68
itercount --------> 10
[4, 5, 3]
[4, 5, 6]
[4, 5, 1]
[4, 5, 2]
[4, 5, 0]
[4, 5, 7]
[4, 5, 3, 6]
[4, 5, 3, 1]
[4, 5, 3, 2]
[4, 5, 3, 0]
[4, 5, 3, 7]
[4, 5, 3, 6, 1]
[4, 5, 3, 6, 2]
[4, 5, 3, 6, 0]
[4, 5, 3, 6, 7]
[4, 5, 3, 6, 1, 2]
[4, 5, 3, 6, 1, 0]
[4, 5, 3, 6, 1, 7]
[4, 5, 3, 6, 1, 2, 0]
[4, 5, 3, 6, 1, 2, 7]
[4, 5, 3, 6, 1, 2, 0, 7]
failed -> 16 times
after fail n ======> 7
[1, 2, 5, 6, 3, 0, 4]
0.09523809523809523 0.18181818181818182
itercount --------> 1
[6, 1, 2]
0.18181818181818182 0.18604651162790697
itercount --------> 2
[1, 5, 3]
0.18604651162790697 0.21052631578947367
itercount --------> 3
[1, 5, 6]
[1, 5, 0]
0.21052631578947367 0.2619047619047619
itercount --------> 4
[1, 2, 6]
0.2619047619047619 0.28205128205128205
itercount --------> 5
[2, 6, 3]
0.28205128205128205 0.3125
itercount --------> 6
[3, 2, 6]
0.3125 0.3333333333333333
itercount --------> 7
[2, 3, 4]
[2, 3, 1]
[2, 3, 6]
[2, 3, 0]
0.3333333333333333 0.36
itercount --------> 8
[3, 5, 2]
[3, 5, 4]
[3, 5, 6]
[3, 5, 1]
0.36 0.37037037037037035
itercount --------> 9
[1, 2, 0]
0.37037037037037035 0.4166666666666667
itercount --------> 10
[1, 2, 0]
[1, 2, 3]
0.4166666666666667 0.45454545454545453
itercount --------> 11
[1, 2, 0]
[1, 2, 5]
[1, 2, 3]
[1, 2, 6]
[1, 2, 7]
[1, 2, 4]
[1, 2, 0, 5]
[1, 2, 0, 3]
[1, 2, 0, 6]
[1, 2, 0, 7]
[1, 2, 0, 4]
[1, 2, 0, 5, 3]
[1, 2, 0, 5, 6]
[1, 2, 0, 5, 7]
[1, 2, 0, 5, 4]
[1, 2, 0, 5, 3, 6]
[1, 2, 0, 5, 3, 7]
[1, 2, 0, 5, 3, 4]
0.45454545454545453 0.5384615384615384
itercount --------> 12
[2, 4, 0]
[2, 4, 1]
[2, 4, 5]
[2, 4, 6]
[2, 4, 7]
[2, 4, 3]
0.5384615384615384 0.5714285714285714
itercount --------> 13
[2, 0, 1]
[2, 0, 6]
[2, 0, 5]
0.5714285714285714 0.5925925925925926
itercount --------> 14
[2, 0, 6]
[2, 0, 1]
[2, 0, 5]
[2, 0, 7]
[2, 0, 4]
[2, 0, 3]
[2, 0, 6, 1]
[2, 0, 6, 5]
[2, 0, 6, 7]
[2, 0, 6, 4]
[2, 0, 6, 3]
0.5925925925925926 0.6071428571428571
itercount --------> 15
[0, 1, 2]
[0, 1, 5]
[0, 1, 6]
[0, 1, 7]
[0, 1, 3]
[0, 1, 4]
[0, 1, 2, 5]
[0, 1, 2, 6]
[0, 1, 2, 7]
0.6071428571428571 0.6296296296296297
itercount --------> 16
[0, 6, 1]
[0, 6, 2]
[0, 6, 5]
[0, 6, 7]
[0, 6, 3]
[0, 6, 4]
[0, 6, 1, 2]
[0, 6, 1, 5]
[0, 6, 1, 7]
0.6296296296296297 0.6538461538461539
itercount --------> 17
[1, 2, 5]
[1, 2, 0]
[1, 2, 6]
[1, 2, 7]
[1, 2, 4]
[1, 2, 3]
[1, 2, 5, 0]
[1, 2, 5, 6]
[1, 2, 5, 7]
[1, 2, 5, 4]
[1, 2, 5, 3]
[1, 2, 5, 0, 6]
[1, 2, 5, 0, 7]
[1, 2, 5, 0, 4]
[1, 2, 5, 0, 3]
[1, 2, 5, 0, 6, 7]
[1, 2, 5, 0, 6, 4]
[1, 2, 5, 0, 6, 3]
[1, 2, 5, 0, 6, 7, 4]
[1, 2, 5, 0, 6, 7, 3]
[1, 2, 5, 0, 6, 7, 4, 3]
failed -> 17 times
after fail n ======> 8
[1, 2, 5, 6, 3, 0, 4, 7]
0.09523809523809523 0.0975609756097561
itercount --------> 1
[1, 2, 4]
[1, 2, 5]
0.0975609756097561 0.13793103448275862
itercount --------> 2
[4, 5, 3]
0.13793103448275862 0.14705882352941177
itercount --------> 3
[4, 5, 0]
0.14705882352941177 0.21875
itercount --------> 4
[1, 2, 4]
0.21875 0.2564102564102564
itercount --------> 5
[5, 2, 6]
0.2564102564102564 0.29411764705882354
itercount --------> 6
[6, 5, 2]
[6, 5, 3]
[6, 5, 1]
0.29411764705882354 0.32
itercount --------> 7
[2, 5, 1]
0.32 0.34782608695652173
itercount --------> 8
[1, 2, 5]
[1, 2, 6]
[1, 2, 0]
0.34782608695652173 0.36363636363636365
itercount --------> 9
[1, 2, 0]
[1, 2, 5]
[1, 2, 6]
0.36363636363636365 0.4166666666666667
itercount --------> 10
[1, 2, 5]
0.4166666666666667 0.41935483870967744
itercount --------> 11
[2, 5, 0]
0.41935483870967744 0.4482758620689655
itercount --------> 12
[5, 0, 3]
[5, 0, 1]
[5, 0, 2]
[5, 0, 7]
[5, 0, 6]
[5, 0, 4]
[5, 0, 3, 1]
[5, 0, 3, 2]
[5, 0, 3, 7]
[5, 0, 3, 6]
[5, 0, 3, 4]
[5, 0, 3, 1, 2]
[5, 0, 3, 1, 7]
[5, 0, 3, 1, 6]
0.4482758620689655 0.4642857142857143
itercount --------> 13
[1, 2, 5]
[1, 2, 0]
[1, 2, 3]
[1, 2, 4]
[1, 2, 6]
[1, 2, 7]
[1, 2, 5, 0]
0.4642857142857143 0.5217391304347826
itercount --------> 14
[1, 2, 5]
[1, 2, 0]
[1, 2, 4]
[1, 2, 6]
[1, 2, 7]
[1, 2, 3]
[1, 2, 5, 0]
[1, 2, 5, 4]
[1, 2, 5, 6]
[1, 2, 5, 7]
[1, 2, 5, 3]
[1, 2, 5, 0, 4]
[1, 2, 5, 0, 6]
[1, 2, 5, 0, 7]
[1, 2, 5, 0, 3]
[1, 2, 5, 0, 4, 6]
0.5217391304347826 0.56
itercount --------> 15
[5, 3, 1]
[5, 3, 2]
[5, 3, 4]
[5, 3, 0]
[5, 3, 6]
[5, 3, 7]
[5, 3, 1, 2]
[5, 3, 1, 4]
[5, 3, 1, 0]
[5, 3, 1, 6]
[5, 3, 1, 7]
[5, 3, 1, 2, 4]
[5, 3, 1, 2, 0]
[5, 3, 1, 2, 6]
[5, 3, 1, 2, 7]
[5, 3, 1, 2, 4, 0]
[5, 3, 1, 2, 4, 6]
[5, 3, 1, 2, 4, 7]
[5, 3, 1, 2, 4, 0, 6]
0.56 0.5925925925925926
itercount --------> 16
[3, 0, 1]
[3, 0, 2]
[3, 0, 5]
0.5925925925925926 0.6071428571428571
itercount --------> 17
[3, 0, 5]
[3, 0, 1]
[3, 0, 2]
[3, 0, 4]
0.6071428571428571 0.625
itercount --------> 18
[0, 1, 2]
[0, 1, 3]
[0, 1, 5]
[0, 1, 7]
[0, 1, 4]
[0, 1, 6]
[0, 1, 2, 3]
[0, 1, 2, 5]
[0, 1, 2, 7]
[0, 1, 2, 4]
[0, 1, 2, 6]
[0, 1, 2, 3, 5]
[0, 1, 2, 3, 7]
[0, 1, 2, 3, 4]
[0, 1, 2, 3, 6]
[0, 1, 2, 3, 5, 7]
[0, 1, 2, 3, 5, 4]
[0, 1, 2, 3, 5, 6]
0.625 0.6666666666666666
itercount --------> 19
[1, 2, 5]
[1, 2, 3]
[1, 2, 0]
[1, 2, 7]
[1, 2, 4]
[1, 2, 6]
[1, 2, 5, 3]
[1, 2, 5, 0]
[1, 2, 5, 7]
[1, 2, 5, 4]
[1, 2, 5, 6]
[1, 2, 5, 3, 0]
[1, 2, 5, 3, 7]
[1, 2, 5, 3, 4]
[1, 2, 5, 3, 6]
[1, 2, 5, 3, 0, 7]
[1, 2, 5, 3, 0, 4]
[1, 2, 5, 3, 0, 6]
[1, 2, 5, 3, 0, 7, 4]
[1, 2, 5, 3, 0, 7, 6]
[1, 2, 5, 3, 0, 7, 4, 6]
failed -> 18 times
after fail n ======> 5
[1, 2, 5, 6, 3]
0.09523809523809523 0.1206896551724138
itercount --------> 1
[2, 1, 3]
0.1206896551724138 0.22641509433962265
itercount --------> 2
[2, 5, 3]
0.22641509433962265 0.2682926829268293
itercount --------> 3
[2, 1, 4]
[2, 1, 5]
0.2682926829268293 0.2903225806451613
itercount --------> 4
[2, 4, 5]
[2, 4, 1]
[2, 4, 3]
0.2903225806451613 0.38095238095238093
itercount --------> 5
[2, 5, 1]
[2, 5, 0]
[2, 5, 4]
0.38095238095238093 0.4146341463414634
itercount --------> 6
[2, 5, 1]
[2, 5, 4]
[2, 5, 6]
[2, 5, 0]
[2, 5, 3]
[2, 5, 7]
[2, 5, 1, 4]
[2, 5, 1, 6]
[2, 5, 1, 0]
0.4146341463414634 0.5
itercount --------> 7
[4, 2, 5]
[4, 2, 0]
[4, 2, 1]
[4, 2, 6]
[4, 2, 3]
[4, 2, 7]
[4, 2, 5, 0]
0.5 0.5555555555555556
itercount --------> 8
[4, 5, 0]
[4, 5, 1]
[4, 5, 2]
0.5555555555555556 0.56
itercount --------> 9
[5, 4, 0]
[5, 4, 1]
[5, 4, 2]
[5, 4, 3]
[5, 4, 6]
[5, 4, 7]
[5, 4, 0, 1]
0.56 0.5769230769230769
itercount --------> 10
[4, 5, 0]
0.5769230769230769 0.5833333333333334
itercount --------> 11
[5, 3, 4]
[5, 3, 0]
[5, 3, 1]
[5, 3, 2]
[5, 3, 6]
[5, 3, 7]
[5, 3, 4, 0]
[5, 3, 4, 1]
[5, 3, 4, 2]
[5, 3, 4, 6]
[5, 3, 4, 7]
[5, 3, 4, 0, 1]
[5, 3, 4, 0, 2]
[5, 3, 4, 0, 6]
[5, 3, 4, 0, 7]
[5, 3, 4, 0, 1, 2]
[5, 3, 4, 0, 1, 6]
[5, 3, 4, 0, 1, 7]
[5, 3, 4, 0, 1, 2, 6]
[5, 3, 4, 0, 1, 2, 7]
[5, 3, 4, 0, 1, 2, 6, 7]
failed -> 19 times
after fail n ======> 6
[1, 2, 5, 6, 3, 0]
0.09523809523809523 0.1276595744680851
itercount --------> 1
[1, 2, 6]
[1, 2, 4]
0.1276595744680851 0.25
itercount --------> 2
[1, 6, 2]
0.25 0.28125
itercount --------> 3
[6, 1, 5]
0.28125 0.32
itercount --------> 4
[1, 5, 6]
0.32 0.32142857142857145
itercount --------> 5
[6, 5, 1]
[6, 5, 2]
0.32142857142857145 0.34782608695652173
itercount --------> 6
[1, 2, 5]
[1, 2, 6]
[1, 2, 3]
[1, 2, 4]
[1, 2, 0]
0.34782608695652173 0.36363636363636365
itercount --------> 7
[1, 2, 5]
[1, 2, 0]
[1, 2, 6]
[1, 2, 3]
[1, 2, 4]
[1, 2, 7]
[1, 2, 5, 0]
0.36363636363636365 0.391304347826087
itercount --------> 8
[6, 5, 3]
[6, 5, 1]
[6, 5, 2]
[6, 5, 4]
0.391304347826087 0.4090909090909091
itercount --------> 9
[1, 2, 0]
[1, 2, 4]
0.4090909090909091 0.5555555555555556
itercount --------> 10
[2, 5, 0]
0.5555555555555556 0.5833333333333334
itercount --------> 11
[5, 3, 4]
[5, 3, 0]
[5, 3, 1]
[5, 3, 2]
[5, 3, 6]
[5, 3, 7]
[5, 3, 4, 0]
[5, 3, 4, 1]
[5, 3, 4, 2]
[5, 3, 4, 6]
[5, 3, 4, 7]
[5, 3, 4, 0, 1]
[5, 3, 4, 0, 2]
[5, 3, 4, 0, 6]
[5, 3, 4, 0, 7]
[5, 3, 4, 0, 1, 2]
0.5833333333333334 0.625
itercount --------> 12
[5, 0, 3]
[5, 0, 4]
[5, 0, 1]
[5, 0, 2]
[5, 0, 6]
[5, 0, 7]
[5, 0, 3, 4]
[5, 0, 3, 1]
[5, 0, 3, 2]
[5, 0, 3, 6]
[5, 0, 3, 7]
[5, 0, 3, 4, 1]
[5, 0, 3, 4, 2]
[5, 0, 3, 4, 6]
[5, 0, 3, 4, 7]
[5, 0, 3, 4, 1, 2]
[5, 0, 3, 4, 1, 6]
[5, 0, 3, 4, 1, 7]
[5, 0, 3, 4, 1, 2, 6]
[5, 0, 3, 4, 1, 2, 7]
[5, 0, 3, 4, 1, 2, 6, 7]
failed -> 20 times
after fail n ======> 7
[1, 2, 5, 6, 3, 0, 4]
0.09523809523809523 0.14705882352941177
itercount --------> 1
[1, 6, 5]
0.14705882352941177 0.15384615384615385
itercount --------> 2
[6, 5, 1]
0.15384615384615385 0.19230769230769232
itercount --------> 3
[1, 6, 5]
[1, 6, 2]
0.19230769230769232 0.22727272727272727
itercount --------> 4
[1, 2, 0]
[1, 2, 5]
[1, 2, 6]
0.22727272727272727 0.3125
itercount --------> 5
[1, 2, 3]
0.3125 0.42105263157894735
itercount --------> 6
[2, 1, 0]
0.42105263157894735 0.5161290322580645
itercount --------> 7
[2, 1, 0]
[2, 1, 4]
[2, 1, 5]
0.5161290322580645 0.5185185185185185
itercount --------> 8
[1, 2, 5]
[1, 2, 0]
[1, 2, 4]
0.5185185185185185 0.5384615384615384
itercount --------> 9
[5, 0, 1]
[5, 0, 2]
[5, 0, 3]
0.5384615384615384 0.5833333333333334
itercount --------> 10
[5, 3, 4]
[5, 3, 0]
[5, 3, 1]
[5, 3, 2]
[5, 3, 6]
[5, 3, 7]
[5, 3, 4, 0]
[5, 3, 4, 1]
[5, 3, 4, 2]
[5, 3, 4, 6]
[5, 3, 4, 7]
[5, 3, 4, 0, 1]
[5, 3, 4, 0, 2]
[5, 3, 4, 0, 6]
[5, 3, 4, 0, 7]
[5, 3, 4, 0, 1, 2]
[5, 3, 4, 0, 1, 6]
[5, 3, 4, 0, 1, 7]
[5, 3, 4, 0, 1, 2, 6]
[5, 3, 4, 0, 1, 2, 7]
[5, 3, 4, 0, 1, 2, 6, 7]
failed -> 21 times
after fail n ======> 8
[1, 2, 5, 6, 3, 0, 4, 7]
0.09523809523809523 0.0975609756097561
itercount --------> 1
[1, 2, 4]
0.0975609756097561 0.13793103448275862
itercount --------> 2
[4, 5, 3]
0.13793103448275862 0.14814814814814814
itercount --------> 3
[4, 1, 2]
[4, 1, 3]
[4, 1, 6]
0.14814814814814814 0.175
itercount --------> 4
[3, 1, 2]
0.175 0.19230769230769232
itercount --------> 5
[2, 3, 4]
[2, 3, 6]
0.19230769230769232 0.24444444444444444
itercount --------> 6
[2, 4, 6]
0.24444444444444444 0.2653061224489796
itercount --------> 7
[2, 6, 1]
[2, 6, 4]
0.2653061224489796 0.2777777777777778
itercount --------> 8
[2, 6, 5]
0.2777777777777778 0.34285714285714286
itercount --------> 9
[2, 4, 1]
[2, 4, 6]
[2, 4, 0]
0.34285714285714286 0.35714285714285715
itercount --------> 10
[2, 1, 4]
0.35714285714285715 0.45161290322580644
itercount --------> 11
[1, 2, 6]
[1, 2, 0]
[1, 2, 5]
[1, 2, 4]
[1, 2, 3]
[1, 2, 7]
[1, 2, 6, 0]
0.45161290322580644 0.5384615384615384
itercount --------> 12
[1, 2, 6]
[1, 2, 0]
[1, 2, 5]
[1, 2, 4]
[1, 2, 3]
[1, 2, 7]
[1, 2, 6, 0]
[1, 2, 6, 5]
[1, 2, 6, 4]
[1, 2, 6, 3]
[1, 2, 6, 7]
[1, 2, 6, 0, 5]
[1, 2, 6, 0, 4]
0.5384615384615384 0.5925925925925926
itercount --------> 13
[0, 1, 2]
[0, 1, 4]
[0, 1, 5]
[0, 1, 3]
[0, 1, 6]
[0, 1, 7]
[0, 1, 2, 4]
[0, 1, 2, 5]
[0, 1, 2, 3]
[0, 1, 2, 6]
[0, 1, 2, 7]
[0, 1, 2, 4, 5]
[0, 1, 2, 4, 3]
[0, 1, 2, 4, 6]
[0, 1, 2, 4, 7]
[0, 1, 2, 4, 5, 3]
0.5925925925925926 0.6071428571428571
itercount --------> 14
[1, 2, 0]
[1, 2, 4]
[1, 2, 6]
[1, 2, 3]
[1, 2, 5]
[1, 2, 7]
[1, 2, 0, 4]
[1, 2, 0, 6]
[1, 2, 0, 3]
[1, 2, 0, 5]
[1, 2, 0, 7]
[1, 2, 0, 4, 6]
[1, 2, 0, 4, 3]
[1, 2, 0, 4, 5]
0.6071428571428571 0.6538461538461539
itercount --------> 15
[0, 4, 1]
[0, 4, 2]
[0, 4, 5]
[0, 4, 6]
[0, 4, 3]
[0, 4, 7]
[0, 4, 1, 2]
[0, 4, 1, 5]
[0, 4, 1, 6]
[0, 4, 1, 3]
[0, 4, 1, 7]
[0, 4, 1, 2, 5]
[0, 4, 1, 2, 6]
[0, 4, 1, 2, 3]
[0, 4, 1, 2, 7]
[0, 4, 1, 2, 5, 6]
[0, 4, 1, 2, 5, 3]
[0, 4, 1, 2, 5, 7]
[0, 4, 1, 2, 5, 6, 3]
[0, 4, 1, 2, 5, 6, 7]
[0, 4, 1, 2, 5, 6, 3, 7]
failed -> 22 times
after fail n ======> 5
[1, 2, 5, 6, 3]
0.09523809523809523 0.1016949152542373
itercount --------> 1
[1, 5, 2]
0.1016949152542373 0.22
itercount --------> 2
[5, 1, 3]
0.22 0.2894736842105263
itercount --------> 3
[1, 4, 5]
0.2894736842105263 0.2903225806451613
itercount --------> 4
[1, 4, 5]
0.2903225806451613 0.3125
itercount --------> 5
[4, 5, 1]
[4, 5, 2]
[4, 5, 0]
[4, 5, 3]
0.3125 0.39285714285714285
itercount --------> 6
[4, 5, 0]
[4, 5, 6]
[4, 5, 1]
[4, 5, 2]
[4, 5, 3]
0.39285714285714285 0.425
itercount --------> 7
[1, 5, 2]
[1, 5, 4]
[1, 5, 6]
[1, 5, 0]
0.425 0.5
itercount --------> 8
[1, 2, 5]
[1, 2, 4]
[1, 2, 0]
0.5 0.5172413793103449
itercount --------> 9
[4, 5, 1]
0.5172413793103449 0.56
itercount --------> 10
[5, 1, 2]
[5, 1, 3]
[5, 1, 0]
[5, 1, 4]
[5, 1, 6]
[5, 1, 7]
[5, 1, 2, 3]
[5, 1, 2, 0]
[5, 1, 2, 4]
[5, 1, 2, 6]
[5, 1, 2, 7]
[5, 1, 2, 3, 0]
[5, 1, 2, 3, 4]
[5, 1, 2, 3, 6]
[5, 1, 2, 3, 7]
[5, 1, 2, 3, 0, 4]
[5, 1, 2, 3, 0, 6]
[5, 1, 2, 3, 0, 7]
[5, 1, 2, 3, 0, 4, 6]
[5, 1, 2, 3, 0, 4, 7]
[5, 1, 2, 3, 0, 4, 6, 7]
failed -> 23 times
after fail n ======> 6
[1, 2, 5, 6, 3, 0]
0.09523809523809523 0.0975609756097561
itercount --------> 1
[2, 1, 3]
0.0975609756097561 0.25862068965517243
itercount --------> 2
[1, 2, 5]
0.25862068965517243 0.3157894736842105
itercount --------> 3
[2, 1, 5]
[2, 1, 0]
0.3157894736842105 0.43243243243243246
itercount --------> 4
[2, 1, 4]
[2, 1, 0]
0.43243243243243246 0.5333333333333333
itercount --------> 5
[1, 2, 0]
[1, 2, 4]
[1, 2, 5]
[1, 2, 6]
[1, 2, 3]
[1, 2, 7]
[1, 2, 0, 4]
[1, 2, 0, 5]
0.5333333333333333 0.56
itercount --------> 6
[5, 4, 0]
0.56 0.5769230769230769
itercount --------> 7
[4, 5, 0]
[4, 5, 1]
[4, 5, 2]
[4, 5, 6]
[4, 5, 3]
[4, 5, 7]
[4, 5, 0, 1]
[4, 5, 0, 2]
[4, 5, 0, 6]
[4, 5, 0, 3]
[4, 5, 0, 7]
[4, 5, 0, 1, 2]
[4, 5, 0, 1, 6]
[4, 5, 0, 1, 3]
[4, 5, 0, 1, 7]
[4, 5, 0, 1, 2, 6]
[4, 5, 0, 1, 2, 3]
[4, 5, 0, 1, 2, 7]
[4, 5, 0, 1, 2, 6, 3]
[4, 5, 0, 1, 2, 6, 7]
[4, 5, 0, 1, 2, 6, 3, 7]
failed -> 24 times
after fail n ======> 7
[1, 2, 5, 6, 3, 0, 4]
0.09523809523809523 0.0975609756097561
itercount --------> 1
[1, 2, 4]
0.0975609756097561 0.12121212121212122
itercount --------> 2
[5, 1, 2]
0.12121212121212122 0.1935483870967742
itercount --------> 3
[3, 6, 5]
0.1935483870967742 0.21428571428571427
itercount --------> 4
[3, 6, 0]
0.21428571428571427 0.2222222222222222
itercount --------> 5
[6, 3, 0]
0.2222222222222222 0.27586206896551724
itercount --------> 6
[6, 0, 3]
0.27586206896551724 0.34615384615384615
itercount --------> 7
[3, 5, 6]
[3, 5, 1]
[3, 5, 2]
[3, 5, 4]
[3, 5, 7]
[3, 5, 0]
[3, 5, 6, 1]
0.34615384615384615 0.36666666666666664
itercount --------> 8
[1, 4, 2]
[1, 4, 3]
[1, 4, 5]
[1, 4, 6]
[1, 4, 7]
[1, 4, 0]
0.36666666666666664 0.39285714285714285
itercount --------> 9
[3, 2, 1]
[3, 2, 4]
[3, 2, 5]
[3, 2, 7]
[3, 2, 0]
[3, 2, 6]
[3, 2, 1, 4]
[3, 2, 1, 5]
[3, 2, 1, 7]
[3, 2, 1, 0]
[3, 2, 1, 6]
[3, 2, 1, 4, 5]
[3, 2, 1, 4, 7]
[3, 2, 1, 4, 0]
[3, 2, 1, 4, 6]
[3, 2, 1, 4, 5, 7]
0.39285714285714285 0.4074074074074074
itercount --------> 10
[1, 2, 3]
[1, 2, 4]
[1, 2, 5]
[1, 2, 7]
[1, 2, 6]
[1, 2, 0]
[1, 2, 3, 4]
0.4074074074074074 0.4642857142857143
itercount --------> 11
[1, 2, 3]
[1, 2, 7]
[1, 2, 0]
[1, 2, 5]
[1, 2, 6]
[1, 2, 4]
[1, 2, 3, 7]
[1, 2, 3, 0]
0.4642857142857143 0.4666666666666667
itercount --------> 12
[2, 3, 1]
[2, 3, 6]
[2, 3, 4]
[2, 3, 5]
[2, 3, 7]
[2, 3, 0]
[2, 3, 1, 6]
[2, 3, 1, 4]
[2, 3, 1, 5]
[2, 3, 1, 7]
[2, 3, 1, 0]
[2, 3, 1, 6, 4]
[2, 3, 1, 6, 5]
[2, 3, 1, 6, 7]
[2, 3, 1, 6, 0]
[2, 3, 1, 6, 4, 5]
[2, 3, 1, 6, 4, 7]
[2, 3, 1, 6, 4, 0]
[2, 3, 1, 6, 4, 5, 7]
[2, 3, 1, 6, 4, 5, 0]
[2, 3, 1, 6, 4, 5, 7, 0]
failed -> 25 times
after fail n ======> 8
[1, 2, 5, 6, 3, 0, 4, 7]
0.09523809523809523 0.10909090909090909
itercount --------> 1
[1, 2, 4]
0.10909090909090909 0.13636363636363635
itercount --------> 2
[3, 4, 1]
0.13636363636363635 0.1388888888888889
itercount --------> 3
[3, 4, 6]
[3, 4, 2]
[3, 4, 5]
[3, 4, 0]
[3, 4, 1]
[3, 4, 7]
[3, 4, 6, 2]
0.1388888888888889 0.17857142857142858
itercount --------> 4
[3, 5, 6]
[3, 5, 0]
0.17857142857142858 0.23333333333333334
itercount --------> 5
[5, 3, 6]
[5, 3, 4]
[5, 3, 0]
[5, 3, 1]
0.23333333333333334 0.32
itercount --------> 6
[1, 5, 2]
0.32 0.34782608695652173
itercount --------> 7
[1, 2, 5]
[1, 2, 4]
[1, 2, 3]
[1, 2, 6]
[1, 2, 0]
0.34782608695652173 0.36363636363636365
itercount --------> 8
[1, 2, 5]
[1, 2, 0]
[1, 2, 4]
[1, 2, 3]
[1, 2, 6]
[1, 2, 7]
[1, 2, 5, 0]
[1, 2, 5, 4]
[1, 2, 5, 3]
[1, 2, 5, 6]
[1, 2, 5, 7]
[1, 2, 5, 0, 4]
[1, 2, 5, 0, 3]
[1, 2, 5, 0, 6]
[1, 2, 5, 0, 7]
[1, 2, 5, 0, 4, 3]
[1, 2, 5, 0, 4, 6]
[1, 2, 5, 0, 4, 7]
[1, 2, 5, 0, 4, 3, 6]
[1, 2, 5, 0, 4, 3, 7]
[1, 2, 5, 0, 4, 3, 6, 7]
failed -> 26 times
after fail n ======> 5
[1, 2, 5, 6, 3]
0.09523809523809523 0.1323529411764706
itercount --------> 1
[2, 1, 3]
0.1323529411764706 0.22641509433962265
itercount --------> 2
[2, 5, 3]
0.22641509433962265 0.25806451612903225
itercount --------> 3
[2, 3, 1]
[2, 3, 5]
0.25806451612903225 0.2682926829268293
itercount --------> 4
[2, 1, 4]
[2, 1, 5]
[2, 1, 0]
0.2682926829268293 0.3333333333333333
itercount --------> 5
[2, 1, 5]
0.3333333333333333 0.3448275862068966
itercount --------> 6
[2, 5, 1]
[2, 5, 4]
[2, 5, 6]
[2, 5, 0]
0.3448275862068966 0.36666666666666664
itercount --------> 7
[4, 5, 0]
[4, 5, 1]
[4, 5, 2]
[4, 5, 3]
0.36666666666666664 0.4634146341463415
itercount --------> 8
[5, 1, 2]
[5, 1, 6]
[5, 1, 0]
0.4634146341463415 0.53125
itercount --------> 9
[5, 1, 2]
[5, 1, 0]
[5, 1, 3]
[5, 1, 4]
[5, 1, 6]
[5, 1, 7]
[5, 1, 2, 0]
[5, 1, 2, 3]
0.53125 0.5333333333333333
itercount --------> 10
[1, 2, 0]
[1, 2, 4]
[1, 2, 5]
[1, 2, 6]
[1, 2, 3]
[1, 2, 7]
[1, 2, 0, 4]
0.5333333333333333 0.5517241379310345
itercount --------> 11
[2, 4, 0]
[2, 4, 1]
[2, 4, 5]
[2, 4, 6]
[2, 4, 3]
[2, 4, 7]
[2, 4, 0, 1]
0.5517241379310345 0.5625
itercount --------> 12
[2, 1, 5]
[2, 1, 6]
[2, 1, 4]
[2, 1, 0]
[2, 1, 3]
[2, 1, 7]
[2, 1, 5, 6]
[2, 1, 5, 4]
[2, 1, 5, 0]
0.5625 0.5833333333333334
itercount --------> 13
[5, 3, 4]
[5, 3, 0]
[5, 3, 1]
[5, 3, 2]
[5, 3, 6]
[5, 3, 7]
[5, 3, 4, 0]
[5, 3, 4, 1]
[5, 3, 4, 2]
[5, 3, 4, 6]
[5, 3, 4, 7]
[5, 3, 4, 0, 1]
[5, 3, 4, 0, 2]
[5, 3, 4, 0, 6]
[5, 3, 4, 0, 7]
[5, 3, 4, 0, 1, 2]
[5, 3, 4, 0, 1, 6]
[5, 3, 4, 0, 1, 7]
[5, 3, 4, 0, 1, 2, 6]
[5, 3, 4, 0, 1, 2, 7]
[5, 3, 4, 0, 1, 2, 6, 7]
failed -> 27 times
after fail n ======> 6
[1, 2, 5, 6, 3, 0]
0.09523809523809523 0.10416666666666667
itercount --------> 1
[3, 1, 2]
0.10416666666666667 0.11363636363636363
itercount --------> 2
[1, 2, 5]
[1, 2, 6]
0.11363636363636363 0.13157894736842105
itercount --------> 3
[6, 2, 3]
0.13157894736842105 0.21621621621621623
itercount --------> 4
[2, 4, 6]
0.21621621621621623 0.28205128205128205
itercount --------> 5
[2, 4, 7]
[2, 4, 0]
[2, 4, 6]
[2, 4, 5]
[2, 4, 1]
[2, 4, 3]
[2, 4, 7, 0]
[2, 4, 7, 6]
[2, 4, 7, 5]
[2, 4, 7, 1]
[2, 4, 7, 3]
[2, 4, 7, 0, 6]
[2, 4, 7, 0, 5]
0.28205128205128205 0.32432432432432434
itercount --------> 6
[2, 4, 6]
0.32432432432432434 0.34146341463414637
itercount --------> 7
[2, 5, 6]
[2, 5, 1]
[2, 5, 3]
0.34146341463414637 0.34285714285714286
itercount --------> 8
[6, 2, 3]
[6, 2, 0]
[6, 2, 1]
[6, 2, 4]
0.34285714285714286 0.3448275862068966
itercount --------> 9
[4, 6, 1]
[4, 6, 0]
[4, 6, 3]
[4, 6, 5]
0.3448275862068966 0.45454545454545453
itercount --------> 10
[1, 5, 4]
[1, 5, 3]
0.45454545454545453 0.4827586206896552
itercount --------> 11
[5, 4, 0]
0.4827586206896552 0.5833333333333334
itercount --------> 12
[5, 3, 4]
[5, 3, 0]
[5, 3, 1]
[5, 3, 2]
[5, 3, 6]
[5, 3, 7]
[5, 3, 4, 0]
[5, 3, 4, 1]
[5, 3, 4, 2]
[5, 3, 4, 6]
[5, 3, 4, 7]
[5, 3, 4, 0, 1]
[5, 3, 4, 0, 2]
[5, 3, 4, 0, 6]
[5, 3, 4, 0, 7]
[5, 3, 4, 0, 1, 2]
[5, 3, 4, 0, 1, 6]
[5, 3, 4, 0, 1, 7]
[5, 3, 4, 0, 1, 2, 6]
[5, 3, 4, 0, 1, 2, 7]
[5, 3, 4, 0, 1, 2, 6, 7]
failed -> 28 times
after fail n ======> 7
[1, 2, 5, 6, 3, 0, 4]
0.09523809523809523 0.10909090909090909
itercount --------> 1
[1, 2, 5]
0.10909090909090909 0.14634146341463414
itercount --------> 2
[2, 1, 6]
0.14634146341463414 0.25925925925925924
itercount --------> 3
[3, 4, 6]
[3, 4, 1]
0.25925925925925924 0.3333333333333333
itercount --------> 4
[6, 4, 3]
[6, 4, 0]
[6, 4, 1]
[6, 4, 2]
[6, 4, 5]
[6, 4, 7]
[6, 4, 3, 0]
0.3333333333333333 0.34615384615384615
itercount --------> 5
[4, 6, 0]
[4, 6, 1]
0.34615384615384615 0.4642857142857143
itercount --------> 6
[4, 6, 0]
[4, 6, 7]
[4, 6, 3]
[4, 6, 1]
[4, 6, 2]
[4, 6, 5]
[4, 6, 0, 7]
[4, 6, 0, 3]
[4, 6, 0, 1]
0.4642857142857143 0.6153846153846154
itercount --------> 7
[4, 6, 0]
[4, 6, 1]
[4, 6, 2]
[4, 6, 3]
[4, 6, 5]
[4, 6, 7]
[4, 6, 0, 1]
0.6153846153846154 0.6538461538461539
itercount --------> 8
[4, 3, 5]
[4, 3, 6]
[4, 3, 1]
[4, 3, 2]
[4, 3, 0]
[4, 3, 7]
[4, 3, 5, 6]
[4, 3, 5, 1]
[4, 3, 5, 2]
[4, 3, 5, 0]
[4, 3, 5, 7]
[4, 3, 5, 6, 1]
[4, 3, 5, 6, 2]
[4, 3, 5, 6, 0]
[4, 3, 5, 6, 7]
[4, 3, 5, 6, 1, 2]
[4, 3, 5, 6, 1, 0]
[4, 3, 5, 6, 1, 7]
[4, 3, 5, 6, 1, 2, 0]
0.6538461538461539 0.68
itercount --------> 9
[4, 5, 3]
[4, 5, 6]
[4, 5, 1]
[4, 5, 2]
[4, 5, 0]
[4, 5, 7]
[4, 5, 3, 6]
[4, 5, 3, 1]
[4, 5, 3, 2]
[4, 5, 3, 0]
[4, 5, 3, 7]
[4, 5, 3, 6, 1]
[4, 5, 3, 6, 2]
[4, 5, 3, 6, 0]
[4, 5, 3, 6, 7]
[4, 5, 3, 6, 1, 2]
[4, 5, 3, 6, 1, 0]
[4, 5, 3, 6, 1, 7]
[4, 5, 3, 6, 1, 2, 0]
[4, 5, 3, 6, 1, 2, 7]
[4, 5, 3, 6, 1, 2, 0, 7]
failed -> 29 times
after fail n ======> 8
[1, 2, 5, 6, 3, 0, 4, 7]
0.09523809523809523 0.0975609756097561
itercount --------> 1
[2, 6, 3]
0.0975609756097561 0.10909090909090909
itercount --------> 2
[1, 2, 5]
[1, 2, 6]
0.10909090909090909 0.1875
itercount --------> 3
[3, 6, 4]
0.1875 0.21052631578947367
itercount --------> 4
[6, 3, 5]
[6, 3, 1]
0.21052631578947367 0.22
itercount --------> 5
[1, 4, 5]
0.22 0.34285714285714286
itercount --------> 6
[4, 1, 3]
[4, 1, 5]
[4, 1, 6]
[4, 1, 0]
0.34285714285714286 0.4230769230769231
itercount --------> 7
[4, 3, 1]
[4, 3, 6]
[4, 3, 5]
[4, 3, 0]
[4, 3, 2]
[4, 3, 7]
[4, 3, 1, 6]
0.4230769230769231 0.5
itercount --------> 8
[1, 2, 6]
[1, 2, 5]
0.5 0.5172413793103449
itercount --------> 9
[1, 2, 4]
[1, 2, 0]
0.5172413793103449 0.5769230769230769
itercount --------> 10
[1, 4, 0]
[1, 4, 2]
[1, 4, 5]
[1, 4, 3]
[1, 4, 6]
[1, 4, 7]
[1, 4, 0, 2]
[1, 4, 0, 5]
0.5769230769230769 0.6
itercount --------> 11
[1, 0, 4]
[1, 0, 2]
[1, 0, 5]
[1, 0, 3]
[1, 0, 6]
[1, 0, 7]
[1, 0, 4, 2]
[1, 0, 4, 5]
[1, 0, 4, 3]
[1, 0, 4, 6]
[1, 0, 4, 7]
[1, 0, 4, 2, 5]
[1, 0, 4, 2, 3]
[1, 0, 4, 2, 6]
0.6 0.625
itercount --------> 12
[1, 2, 5]
[1, 2, 0]
[1, 2, 3]
[1, 2, 4]
[1, 2, 7]
[1, 2, 6]
[1, 2, 5, 0]
[1, 2, 5, 3]
[1, 2, 5, 4]
[1, 2, 5, 7]
[1, 2, 5, 6]
[1, 2, 5, 0, 3]
[1, 2, 5, 0, 4]
[1, 2, 5, 0, 7]
[1, 2, 5, 0, 6]
[1, 2, 5, 0, 3, 4]
[1, 2, 5, 0, 3, 7]
[1, 2, 5, 0, 3, 6]
[1, 2, 5, 0, 3, 4, 7]
[1, 2, 5, 0, 3, 4, 6]
[1, 2, 5, 0, 3, 4, 7, 6]
failed -> 30 times
after fail n ======> 5
[1, 2, 5, 6, 3]
0.09523809523809523 0.10909090909090909
itercount --------> 1
[1, 2, 5]
0.10909090909090909 0.14634146341463414
itercount --------> 2
[1, 2, 6]
0.14634146341463414 0.20588235294117646
itercount --------> 3
[1, 3, 2]
0.20588235294117646 0.28125
itercount --------> 4
[6, 2, 3]
[6, 2, 1]
[6, 2, 4]
[6, 2, 5]
[6, 2, 0]
0.28125 0.32
itercount --------> 5
[1, 5, 4]
0.32 0.34782608695652173
itercount --------> 6
[1, 5, 3]
[1, 5, 4]
[1, 5, 6]
[1, 5, 2]
[1, 5, 7]
[1, 5, 0]
0.34782608695652173 0.36363636363636365
itercount --------> 7
[1, 2, 5]
[1, 2, 0]
[1, 2, 3]
[1, 2, 4]
[1, 2, 6]
[1, 2, 7]
[1, 2, 5, 0]
[1, 2, 5, 3]
[1, 2, 5, 4]
[1, 2, 5, 6]
[1, 2, 5, 7]
[1, 2, 5, 0, 3]
[1, 2, 5, 0, 4]
[1, 2, 5, 0, 6]
[1, 2, 5, 0, 7]
[1, 2, 5, 0, 3, 4]
[1, 2, 5, 0, 3, 6]
[1, 2, 5, 0, 3, 7]
[1, 2, 5, 0, 3, 4, 6]
[1, 2, 5, 0, 3, 4, 7]
[1, 2, 5, 0, 3, 4, 6, 7]
failed -> 31 times
after fail n ======> 6
[1, 2, 5, 6, 3, 0]
0.09523809523809523 0.0975609756097561
itercount --------> 1
[6, 5, 1]
0.0975609756097561 0.12903225806451613
itercount --------> 2
[6, 5, 3]
0.12903225806451613 0.15384615384615385
itercount --------> 3
[2, 6, 5]
[2, 6, 1]
[2, 6, 3]
0.15384615384615385 0.19117647058823528
itercount --------> 4
[2, 1, 5]
0.19117647058823528 0.2727272727272727
itercount --------> 5
[2, 1, 5]
[2, 1, 4]
[2, 1, 3]
[2, 1, 0]
0.2727272727272727 0.3076923076923077
itercount --------> 6
[2, 5, 1]
[2, 5, 4]
[2, 5, 3]
0.3076923076923077 0.45161290322580644
itercount --------> 7
[5, 2, 3]
[5, 2, 1]
[5, 2, 0]
0.45161290322580644 0.4666666666666667
itercount --------> 8
[3, 5, 1]
[3, 5, 2]
[3, 5, 0]
[3, 5, 4]
[3, 5, 6]
[3, 5, 7]
[3, 5, 1, 2]
0.4666666666666667 0.5185185185185185
itercount --------> 9
[5, 1, 2]
0.5185185185185185 0.53125
itercount --------> 10
[5, 1, 2]
[5, 1, 0]
[5, 1, 3]
[5, 1, 4]
[5, 1, 6]
[5, 1, 7]
[5, 1, 2, 0]
[5, 1, 2, 3]
0.53125 0.5333333333333333
itercount --------> 11
[2, 4, 0]
[2, 4, 1]
[2, 4, 5]
0.5333333333333333 0.56
itercount --------> 12
[5, 4, 0]
[5, 4, 1]
[5, 4, 2]
[5, 4, 3]
[5, 4, 6]
[5, 4, 7]
[5, 4, 0, 1]
0.56 0.5769230769230769
itercount --------> 13
[4, 5, 0]
0.5769230769230769 0.5833333333333334
itercount --------> 14
[5, 3, 4]
[5, 3, 0]
[5, 3, 1]
[5, 3, 2]
[5, 3, 6]
[5, 3, 7]
[5, 3, 4, 0]
[5, 3, 4, 1]
[5, 3, 4, 2]
[5, 3, 4, 6]
[5, 3, 4, 7]
[5, 3, 4, 0, 1]
[5, 3, 4, 0, 2]
[5, 3, 4, 0, 6]
[5, 3, 4, 0, 7]
[5, 3, 4, 0, 1, 2]
[5, 3, 4, 0, 1, 6]
[5, 3, 4, 0, 1, 7]
[5, 3, 4, 0, 1, 2, 6]
[5, 3, 4, 0, 1, 2, 7]
[5, 3, 4, 0, 1, 2, 6, 7]
failed -> 32 times
after fail n ======> 7
[1, 2, 5, 6, 3, 0, 4]
0.09523809523809523 0.10416666666666667
itercount --------> 1
[1, 2, 6]
0.10416666666666667 0.16
itercount --------> 2
[6, 5, 3]
0.16 0.2
itercount --------> 3
[6, 3, 5]
0.2 0.2608695652173913
itercount --------> 4
[6, 4, 5]
[6, 4, 1]
[6, 4, 2]
[6, 4, 3]
0.2608695652173913 0.2692307692307692
itercount --------> 5
[6, 1, 2]
0.2692307692307692 0.30434782608695654
itercount --------> 6
[2, 4, 1]
[2, 4, 3]
[2, 4, 5]
0.30434782608695654 0.3142857142857143
itercount --------> 7
[2, 1, 4]
[2, 1, 5]
0.3142857142857143 0.3333333333333333
itercount --------> 8
[1, 2, 5]
[1, 2, 3]
0.3333333333333333 0.34615384615384615
itercount --------> 9
[1, 2, 5]
[1, 2, 4]
[1, 2, 6]
[1, 2, 0]
0.34615384615384615 0.34782608695652173
itercount --------> 10
[1, 2, 5]
0.34782608695652173 0.43478260869565216
itercount --------> 11
[1, 2, 0]
[1, 2, 5]
0.43478260869565216 0.46153846153846156
itercount --------> 12
[5, 3, 7]
[5, 3, 4]
[5, 3, 6]
[5, 3, 0]
[5, 3, 1]
[5, 3, 2]
[5, 3, 7, 4]
0.46153846153846156 0.5
itercount --------> 13
[3, 0, 4]
[3, 0, 6]
[3, 0, 7]
[3, 0, 1]
[3, 0, 2]
[3, 0, 5]
[3, 0, 4, 6]
[3, 0, 4, 7]
[3, 0, 4, 1]
[3, 0, 4, 2]
[3, 0, 4, 5]
[3, 0, 4, 6, 7]
[3, 0, 4, 6, 1]
[3, 0, 4, 6, 2]
[3, 0, 4, 6, 5]
[3, 0, 4, 6, 7, 1]
[3, 0, 4, 6, 7, 2]
[3, 0, 4, 6, 7, 5]
[3, 0, 4, 6, 7, 1, 2]
[3, 0, 4, 6, 7, 1, 5]
[3, 0, 4, 6, 7, 1, 2, 5]
failed -> 33 times
after fail n ======> 8
[1, 2, 5, 6, 3, 0, 4, 7]
0.09523809523809523 0.125
itercount --------> 1
[2, 5, 6]
0.125 0.13793103448275862
itercount --------> 2
[6, 5, 3]
0.13793103448275862 0.15151515151515152
itercount --------> 3
[2, 6, 3]
[2, 6, 1]
0.15151515151515152 0.1702127659574468
itercount --------> 4
[2, 1, 3]
0.1702127659574468 0.20689655172413793
itercount --------> 5
[3, 5, 2]
0.20689655172413793 0.23684210526315788
itercount --------> 6
[2, 1, 3]
0.23684210526315788 0.3333333333333333
itercount --------> 7
[2, 5, 4]
[2, 5, 6]
0.3333333333333333 0.3448275862068966
itercount --------> 8
[2, 3, 6]
[2, 3, 5]
[2, 3, 0]
0.3448275862068966 0.4230769230769231
itercount --------> 9
[2, 3, 6]
[2, 3, 0]
0.4230769230769231 0.43478260869565216
itercount --------> 10
[1, 2, 0]
[1, 2, 3]
[1, 2, 5]
[1, 2, 6]
[1, 2, 7]
[1, 2, 4]
[1, 2, 0, 3]
[1, 2, 0, 5]
[1, 2, 0, 6]
[1, 2, 0, 7]
[1, 2, 0, 4]
[1, 2, 0, 3, 5]
[1, 2, 0, 3, 6]
[1, 2, 0, 3, 7]
[1, 2, 0, 3, 4]
[1, 2, 0, 3, 5, 6]
0.43478260869565216 0.45454545454545453
itercount --------> 11
[1, 2, 0]
[1, 2, 5]
[1, 2, 3]
[1, 2, 6]
[1, 2, 7]
[1, 2, 4]
[1, 2, 0, 5]
[1, 2, 0, 3]
[1, 2, 0, 6]
[1, 2, 0, 7]
[1, 2, 0, 4]
[1, 2, 0, 5, 3]
[1, 2, 0, 5, 6]
[1, 2, 0, 5, 7]
[1, 2, 0, 5, 4]
[1, 2, 0, 5, 3, 6]
[1, 2, 0, 5, 3, 7]
[1, 2, 0, 5, 3, 4]
0.45454545454545453 0.5384615384615384
itercount --------> 12
[5, 0, 2]
[5, 0, 7]
[5, 0, 1]
[5, 0, 3]
[5, 0, 4]
[5, 0, 6]
[5, 0, 2, 7]
[5, 0, 2, 1]
[5, 0, 2, 3]
[5, 0, 2, 4]
[5, 0, 2, 6]
[5, 0, 2, 7, 1]
[5, 0, 2, 7, 3]
[5, 0, 2, 7, 4]
[5, 0, 2, 7, 6]
[5, 0, 2, 7, 1, 3]
[5, 0, 2, 7, 1, 4]
0.5384615384615384 0.56
itercount --------> 13
[5, 7, 0]
[5, 7, 1]
[5, 7, 2]
[5, 7, 3]
[5, 7, 4]
[5, 7, 6]
[5, 7, 0, 1]
[5, 7, 0, 2]
[5, 7, 0, 3]
[5, 7, 0, 4]
[5, 7, 0, 6]
[5, 7, 0, 1, 2]
[5, 7, 0, 1, 3]
[5, 7, 0, 1, 4]
[5, 7, 0, 1, 6]
[5, 7, 0, 1, 2, 3]
[5, 7, 0, 1, 2, 4]
[5, 7, 0, 1, 2, 6]
[5, 7, 0, 1, 2, 3, 4]
[5, 7, 0, 1, 2, 3, 6]
[5, 7, 0, 1, 2, 3, 4, 6]
0.56 0.6086956521739131
itercount --------> 14
[5, 0, 3]
[5, 0, 7]
[5, 0, 1]
[5, 0, 2]
[5, 0, 4]
[5, 0, 6]
[5, 0, 3, 7]
[5, 0, 3, 1]
[5, 0, 3, 2]
[5, 0, 3, 4]
[5, 0, 3, 6]
[5, 0, 3, 7, 1]
[5, 0, 3, 7, 2]
[5, 0, 3, 7, 4]
[5, 0, 3, 7, 6]
[5, 0, 3, 7, 1, 2]
[5, 0, 3, 7, 1, 4]
[5, 0, 3, 7, 1, 6]
[5, 0, 3, 7, 1, 2, 4]
[5, 0, 3, 7, 1, 2, 6]
[5, 0, 3, 7, 1, 2, 4, 6]
failed -> 34 times
after fail n ======> 5
[1, 2, 5, 6, 3]
0.09523809523809523 0.11428571428571428
itercount --------> 1
[6, 2, 3]
[6, 2, 1]
[6, 2, 5]
0.11428571428571428 0.15384615384615385
itercount --------> 2
[1, 3, 6]
0.15384615384615385 0.17142857142857143
itercount --------> 3
[1, 6, 2]
0.17142857142857143 0.23076923076923078
itercount --------> 4
[6, 0, 1]
0.23076923076923078 0.2727272727272727
itercount --------> 5
[1, 2, 6]
[1, 2, 5]
[1, 2, 0]
[1, 2, 3]
[1, 2, 4]
[1, 2, 7]
[1, 2, 6, 5]
[1, 2, 6, 0]
[1, 2, 6, 3]
[1, 2, 6, 4]
[1, 2, 6, 7]
[1, 2, 6, 5, 0]
[1, 2, 6, 5, 3]
[1, 2, 6, 5, 4]
[1, 2, 6, 5, 7]
[1, 2, 6, 5, 0, 3]
[1, 2, 6, 5, 0, 4]
[1, 2, 6, 5, 0, 7]
[1, 2, 6, 5, 0, 3, 4]
[1, 2, 6, 5, 0, 3, 7]
[1, 2, 6, 5, 0, 3, 4, 7]
failed -> 35 times
after fail n ======> 6
[1, 2, 5, 6, 3, 0]
0.09523809523809523 0.12121212121212122
itercount --------> 1
[6, 5, 1]
0.12121212121212122 0.1276595744680851
itercount --------> 2
[1, 2, 5]
0.1276595744680851 0.15384615384615385
itercount --------> 3
[6, 5, 2]
[6, 5, 3]
0.15384615384615385 0.18181818181818182
itercount --------> 4
[6, 2, 5]
[6, 2, 3]
0.18181818181818182 0.225
itercount --------> 5
[2, 3, 4]
0.225 0.22857142857142856
itercount --------> 6
[3, 2, 5]
[3, 2, 4]
0.22857142857142856 0.24390243902439024
itercount --------> 7
[2, 5, 4]
0.24390243902439024 0.3225806451612903
itercount --------> 8
[2, 1, 6]
[2, 1, 3]
0.3225806451612903 0.34285714285714286
itercount --------> 9
[2, 6, 1]
[2, 6, 5]
[2, 6, 0]
0.34285714285714286 0.34615384615384615
itercount --------> 10
[2, 6, 1]
0.34615384615384615 0.36666666666666664
itercount --------> 11
[2, 6, 0]
[2, 6, 5]
[2, 6, 1]
[2, 6, 3]
[2, 6, 7]
[2, 6, 4]
[2, 6, 0, 5]
[2, 6, 0, 1]
[2, 6, 0, 3]
[2, 6, 0, 7]
[2, 6, 0, 4]
0.36666666666666664 0.3870967741935484
itercount --------> 12
[2, 6, 0]
[2, 6, 1]
[2, 6, 5]
[2, 6, 3]
[2, 6, 7]
[2, 6, 4]
0.3870967741935484 0.5769230769230769
itercount --------> 13
[2, 5, 4]
[2, 5, 0]
0.5769230769230769 0.5833333333333334
itercount --------> 14
[5, 3, 4]
[5, 3, 0]
0.5833333333333334 0.6
itercount --------> 15
[2, 4, 5]
[2, 4, 0]
[2, 4, 3]
[2, 4, 6]
[2, 4, 1]
[2, 4, 7]
[2, 4, 5, 0]
[2, 4, 5, 3]
[2, 4, 5, 6]
0.6 0.64
itercount --------> 16
[4, 0, 5]
[4, 0, 6]
[4, 0, 1]
[4, 0, 2]
[4, 0, 3]
[4, 0, 7]
[4, 0, 5, 6]
[4, 0, 5, 1]
[4, 0, 5, 2]
[4, 0, 5, 3]
[4, 0, 5, 7]
[4, 0, 5, 6, 1]
[4, 0, 5, 6, 2]
[4, 0, 5, 6, 3]
[4, 0, 5, 6, 7]
[4, 0, 5, 6, 1, 2]
[4, 0, 5, 6, 1, 3]
[4, 0, 5, 6, 1, 7]
[4, 0, 5, 6, 1, 2, 3]
0.64 0.6538461538461539
itercount --------> 17
[6, 4, 3]
[6, 4, 5]
[6, 4, 0]
[6, 4, 1]
[6, 4, 2]
[6, 4, 7]
[6, 4, 3, 5]
[6, 4, 3, 0]
[6, 4, 3, 1]
[6, 4, 3, 2]
[6, 4, 3, 7]
[6, 4, 3, 5, 0]
[6, 4, 3, 5, 1]
[6, 4, 3, 5, 2]
[6, 4, 3, 5, 7]
[6, 4, 3, 5, 0, 1]
[6, 4, 3, 5, 0, 2]
0.6538461538461539 0.68
itercount --------> 18
[4, 5, 3]
[4, 5, 6]
[4, 5, 1]
[4, 5, 2]
[4, 5, 0]
[4, 5, 7]
[4, 5, 3, 6]
[4, 5, 3, 1]
[4, 5, 3, 2]
[4, 5, 3, 0]
[4, 5, 3, 7]
[4, 5, 3, 6, 1]
[4, 5, 3, 6, 2]
[4, 5, 3, 6, 0]
[4, 5, 3, 6, 7]
[4, 5, 3, 6, 1, 2]
[4, 5, 3, 6, 1, 0]
[4, 5, 3, 6, 1, 7]
[4, 5, 3, 6, 1, 2, 0]
[4, 5, 3, 6, 1, 2, 7]
[4, 5, 3, 6, 1, 2, 0, 7]
failed -> 36 times
after fail n ======> 7
[1, 2, 5, 6, 3, 0, 4]
0.09523809523809523 0.12962962962962962
itercount --------> 1
[1, 2, 3]
[1, 2, 6]
0.12962962962962962 0.225
itercount --------> 2
[1, 4, 3]
[1, 4, 2]
[1, 4, 5]
0.225 0.23684210526315788
itercount --------> 3
[4, 1, 2]
0.23684210526315788 0.29545454545454547
itercount --------> 4
[2, 1, 4]
[2, 1, 3]
[2, 1, 6]
[2, 1, 5]
[2, 1, 0]
0.29545454545454547 0.3333333333333333
itercount --------> 5
[4, 1, 2]
[4, 1, 6]
0.3333333333333333 0.34375
itercount --------> 6
[1, 2, 5]
0.34375 0.43478260869565216
itercount --------> 7
[1, 2, 5]
[1, 2, 0]
[1, 2, 4]
[1, 2, 6]
[1, 2, 3]
[1, 2, 7]
[1, 2, 5, 0]
[1, 2, 5, 4]
[1, 2, 5, 6]
[1, 2, 5, 3]
[1, 2, 5, 7]
[1, 2, 5, 0, 4]
0.43478260869565216 0.45454545454545453
itercount --------> 8
[1, 2, 0]
[1, 2, 5]
[1, 2, 3]
[1, 2, 4]
[1, 2, 7]
[1, 2, 6]
[1, 2, 0, 5]
[1, 2, 0, 3]
[1, 2, 0, 4]
[1, 2, 0, 7]
[1, 2, 0, 6]
[1, 2, 0, 5, 3]
[1, 2, 0, 5, 4]
[1, 2, 0, 5, 7]
[1, 2, 0, 5, 6]
[1, 2, 0, 5, 3, 4]
0.45454545454545453 0.48
itercount --------> 9
[1, 5, 6]
[1, 5, 2]
[1, 5, 4]
[1, 5, 0]
[1, 5, 3]
[1, 5, 7]
[1, 5, 6, 2]
[1, 5, 6, 4]
0.48 0.56
itercount --------> 10
[1, 2, 0]
[1, 2, 4]
[1, 2, 5]
[1, 2, 7]
[1, 2, 3]
[1, 2, 6]
[1, 2, 0, 4]
[1, 2, 0, 5]
[1, 2, 0, 7]
[1, 2, 0, 3]
[1, 2, 0, 6]
[1, 2, 0, 4, 5]
0.56 0.625
itercount --------> 11
[1, 2, 5]
[1, 2, 0]
[1, 2, 3]
[1, 2, 4]
[1, 2, 7]
[1, 2, 6]
[1, 2, 5, 0]
[1, 2, 5, 3]
[1, 2, 5, 4]
[1, 2, 5, 7]
[1, 2, 5, 6]
[1, 2, 5, 0, 3]
[1, 2, 5, 0, 4]
[1, 2, 5, 0, 7]
[1, 2, 5, 0, 6]
[1, 2, 5, 0, 3, 4]
[1, 2, 5, 0, 3, 7]
[1, 2, 5, 0, 3, 6]
[1, 2, 5, 0, 3, 4, 7]
[1, 2, 5, 0, 3, 4, 6]
[1, 2, 5, 0, 3, 4, 7, 6]
failed -> 37 times
after fail n ======> 8
[1, 2, 5, 6, 3, 0, 4, 7]
0.09523809523809523 0.13333333333333333
itercount --------> 1
[6, 0, 5]
0.13333333333333333 0.24242424242424243
itercount --------> 2
[1, 2, 6]
0.24242424242424243 0.24444444444444444
itercount --------> 3
[1, 6, 0]
0.24444444444444444 0.2830188679245283
itercount --------> 4
[0, 1, 2]
0.2830188679245283 0.4444444444444444
itercount --------> 5
[1, 0, 2]
0.4444444444444444 0.5517241379310345
itercount --------> 6
[1, 0, 2]
[1, 0, 6]
[1, 0, 4]
[1, 0, 5]
[1, 0, 3]
[1, 0, 7]
[1, 0, 2, 6]
[1, 0, 2, 4]
[1, 0, 2, 5]
0.5517241379310345 0.56
itercount --------> 7
[5, 0, 1]
[5, 0, 2]
[5, 0, 4]
[5, 0, 3]
[5, 0, 6]
[5, 0, 7]
[5, 0, 1, 2]
[5, 0, 1, 4]
[5, 0, 1, 3]
[5, 0, 1, 6]
0.56 0.5833333333333334
itercount --------> 8
[5, 3, 4]
[5, 3, 0]
[5, 3, 1]
[5, 3, 2]
[5, 3, 6]
[5, 3, 7]
[5, 3, 4, 0]
[5, 3, 4, 1]
[5, 3, 4, 2]
[5, 3, 4, 6]
[5, 3, 4, 7]
[5, 3, 4, 0, 1]
[5, 3, 4, 0, 2]
[5, 3, 4, 0, 6]
[5, 3, 4, 0, 7]
[5, 3, 4, 0, 1, 2]
[5, 3, 4, 0, 1, 6]
[5, 3, 4, 0, 1, 7]
[5, 3, 4, 0, 1, 2, 6]
[5, 3, 4, 0, 1, 2, 7]
[5, 3, 4, 0, 1, 2, 6, 7]
failed -> 38 times
after fail n ======> 5
[1, 2, 5, 6, 3]
0.09523809523809523 0.11428571428571428
itercount --------> 1
[6, 2, 3]
0.11428571428571428 0.14634146341463414
itercount --------> 2
[6, 2, 1]
0.14634146341463414 0.21428571428571427
itercount --------> 3
[6, 4, 1]
[6, 4, 2]
[6, 4, 0]
0.21428571428571427 0.2608695652173913
itercount --------> 4
[6, 4, 5]
0.2608695652173913 0.3181818181818182
itercount --------> 5
[6, 1, 2]
[6, 1, 0]
[6, 1, 5]
[6, 1, 4]
[6, 1, 3]
[6, 1, 7]
[6, 1, 2, 0]
[6, 1, 2, 5]
[6, 1, 2, 4]
[6, 1, 2, 3]
[6, 1, 2, 7]
[6, 1, 2, 0, 5]
0.3181818181818182 0.32
itercount --------> 6
[6, 5, 7]
[6, 5, 3]
[6, 5, 4]
[6, 5, 1]
[6, 5, 2]
[6, 5, 0]
[6, 5, 7, 3]
[6, 5, 7, 4]
[6, 5, 7, 1]
[6, 5, 7, 2]
[6, 5, 7, 0]
[6, 5, 7, 3, 4]
[6, 5, 7, 3, 1]
[6, 5, 7, 3, 2]
[6, 5, 7, 3, 0]
[6, 5, 7, 3, 4, 1]
[6, 5, 7, 3, 4, 2]
[6, 5, 7, 3, 4, 0]
[6, 5, 7, 3, 4, 1, 2]
[6, 5, 7, 3, 4, 1, 0]
[6, 5, 7, 3, 4, 1, 2, 0]
failed -> 39 times
after fail n ======> 6
[1, 2, 5, 6, 3, 0]
0.09523809523809523 0.10294117647058823
itercount --------> 1
[2, 1, 3]
[2, 1, 5]
0.10294117647058823 0.17857142857142858
itercount --------> 2
[2, 4, 1]
[2, 4, 5]
0.17857142857142858 0.2619047619047619
itercount --------> 3
[2, 1, 4]
[2, 1, 5]
0.2619047619047619 0.2903225806451613
itercount --------> 4
[4, 2, 1]
[4, 2, 5]
[4, 2, 0]
[4, 2, 3]
[4, 2, 6]
0.2903225806451613 0.3
itercount --------> 5
[1, 2, 3]
[1, 2, 6]
0.3 0.32142857142857145
itercount --------> 6
[1, 3, 6]
[1, 3, 0]
0.32142857142857145 0.36
itercount --------> 7
[0, 3, 5]
[0, 3, 1]
0.36 0.36363636363636365
itercount --------> 8
[1, 2, 5]
0.36363636363636365 0.375
itercount --------> 9
[4, 5, 6]
[4, 5, 1]
[4, 5, 2]
[4, 5, 0]
0.375 0.4
itercount --------> 10
[0, 4, 6]
[0, 4, 1]
[0, 4, 3]
[0, 4, 7]
[0, 4, 2]
[0, 4, 5]
[0, 4, 6, 1]
[0, 4, 6, 3]
0.4 0.4074074074074074
itercount --------> 11
[0, 1, 4]
0.4074074074074074 0.4375
itercount --------> 12
[0, 1, 6]
[0, 1, 5]
[0, 1, 2]
0.4375 0.4444444444444444
itercount --------> 13
[1, 0, 6]
0.4444444444444444 0.4642857142857143
itercount --------> 14
[0, 6, 1]
[0, 6, 2]
[0, 6, 5]
[0, 6, 7]
[0, 6, 4]
0.4642857142857143 0.5384615384615384
itercount --------> 15
[0, 1, 2]
[0, 1, 4]
[0, 1, 7]
[0, 1, 3]
[0, 1, 5]
[0, 1, 6]
[0, 1, 2, 4]
[0, 1, 2, 7]
[0, 1, 2, 3]
0.5384615384615384 0.56
itercount --------> 16
[2, 0, 1]
[2, 0, 4]
[2, 0, 7]
[2, 0, 3]
[2, 0, 5]
[2, 0, 6]
[2, 0, 1, 4]
[2, 0, 1, 7]
[2, 0, 1, 3]
[2, 0, 1, 5]
[2, 0, 1, 6]
[2, 0, 1, 4, 7]
[2, 0, 1, 4, 3]
0.56 0.5714285714285714
itercount --------> 17
[2, 0, 3]
[2, 0, 6]
[2, 0, 4]
[2, 0, 5]
0.5714285714285714 0.5833333333333334
itercount --------> 18
[5, 3, 4]
[5, 3, 0]
[5, 3, 1]
0.5833333333333334 0.6153846153846154
itercount --------> 19
[0, 1, 2]
[0, 1, 4]
[0, 1, 5]
[0, 1, 3]
[0, 1, 6]
[0, 1, 7]
[0, 1, 2, 4]
[0, 1, 2, 5]
[0, 1, 2, 3]
[0, 1, 2, 6]
[0, 1, 2, 7]
[0, 1, 2, 4, 5]
[0, 1, 2, 4, 3]
[0, 1, 2, 4, 6]
[0, 1, 2, 4, 7]
[0, 1, 2, 4, 5, 3]
[0, 1, 2, 4, 5, 6]
[0, 1, 2, 4, 5, 7]
[0, 1, 2, 4, 5, 3, 6]
[0, 1, 2, 4, 5, 3, 7]
0.6153846153846154 0.6296296296296297
itercount --------> 20
[0, 1, 2]
[0, 1, 4]
0.6296296296296297 0.6538461538461539
itercount --------> 21
[4, 0, 1]
[4, 0, 2]
[4, 0, 5]
[4, 0, 3]
[4, 0, 6]
[4, 0, 7]
[4, 0, 1, 2]
[4, 0, 1, 5]
[4, 0, 1, 3]
[4, 0, 1, 6]
[4, 0, 1, 7]
[4, 0, 1, 2, 5]
[4, 0, 1, 2, 3]
[4, 0, 1, 2, 6]
[4, 0, 1, 2, 7]
[4, 0, 1, 2, 5, 3]
[4, 0, 1, 2, 5, 6]
[4, 0, 1, 2, 5, 7]
[4, 0, 1, 2, 5, 3, 6]
[4, 0, 1, 2, 5, 3, 7]
[4, 0, 1, 2, 5, 3, 6, 7]
failed -> 40 times
after fail n ======> 7
[1, 2, 5, 6, 3, 0, 4]
0.09523809523809523 0.10909090909090909
itercount --------> 1
[1, 2, 4]
0.10909090909090909 0.13636363636363635
itercount --------> 2
[3, 4, 1]
[3, 4, 2]
0.13636363636363635 0.1388888888888889
itercount --------> 3
[3, 4, 6]
[3, 4, 1]
[3, 4, 5]
[3, 4, 0]
[3, 4, 2]
[3, 4, 7]
[3, 4, 6, 1]
0.1388888888888889 0.17857142857142858
itercount --------> 4
[3, 5, 6]
0.17857142857142858 0.19230769230769232
itercount --------> 5
[0, 3, 6]
[0, 3, 4]
[0, 3, 5]
0.19230769230769232 0.20833333333333334
itercount --------> 6
[5, 4, 6]
[5, 4, 0]
0.20833333333333334 0.22727272727272727
itercount --------> 7
[1, 2, 5]
[1, 2, 0]
[1, 2, 6]
[1, 2, 3]
[1, 2, 7]
[1, 2, 4]
[1, 2, 5, 0]
[1, 2, 5, 6]
[1, 2, 5, 3]
0.22727272727272727 0.2692307692307692
itercount --------> 8
[6, 2, 4]
[6, 2, 5]
[6, 2, 3]
[6, 2, 1]
0.2692307692307692 0.32
itercount --------> 9
[4, 1, 2]
[4, 1, 6]
[4, 1, 3]
[4, 1, 5]
0.32 0.4090909090909091
itercount --------> 10
[1, 2, 0]
[1, 2, 5]
[1, 2, 4]
[1, 2, 6]
[1, 2, 3]
[1, 2, 7]
[1, 2, 0, 5]
[1, 2, 0, 4]
[1, 2, 0, 6]
[1, 2, 0, 3]
[1, 2, 0, 7]
[1, 2, 0, 5, 4]
[1, 2, 0, 5, 6]
[1, 2, 0, 5, 3]
[1, 2, 0, 5, 7]
[1, 2, 0, 5, 4, 6]
[1, 2, 0, 5, 4, 3]
[1, 2, 0, 5, 4, 7]
[1, 2, 0, 5, 4, 6, 3]
[1, 2, 0, 5, 4, 6, 7]
[1, 2, 0, 5, 4, 6, 3, 7]
failed -> 41 times
after fail n ======> 8
[1, 2, 5, 6, 3, 0, 4, 7]
0.09523809523809523 0.10909090909090909
itercount --------> 1
[1, 2, 4]
0.10909090909090909 0.11764705882352941
itercount --------> 2
[4, 3, 6]
0.11764705882352941 0.1388888888888889
itercount --------> 3
[3, 4, 6]
0.1388888888888889 0.17142857142857143
itercount --------> 4
[4, 5, 6]
0.17142857142857143 0.20588235294117646
itercount --------> 5
[4, 3, 6]
[4, 3, 1]
0.20588235294117646 0.21428571428571427
itercount --------> 6
[1, 6, 2]
0.21428571428571427 0.275
itercount --------> 7
[6, 1, 4]
[6, 1, 2]
[6, 1, 0]
0.275 0.3103448275862069
itercount --------> 8
[4, 1, 6]
[4, 1, 3]
[4, 1, 5]
[4, 1, 0]
0.3103448275862069 0.3793103448275862
itercount --------> 9
[6, 1, 4]
[6, 1, 3]
0.3793103448275862 0.39285714285714285
itercount --------> 10
[4, 6, 3]
[4, 6, 1]
[4, 6, 2]
[4, 6, 5]
[4, 6, 7]
[4, 6, 0]
[4, 6, 3, 1]
[4, 6, 3, 2]
0.39285714285714285 0.4375
itercount --------> 11
[2, 3, 4]
[2, 3, 5]
0.4375 0.6
itercount --------> 12
[2, 4, 0]
0.6 0.625
itercount --------> 13
[5, 0, 3]
[5, 0, 4]
0.625 0.64
itercount --------> 14
[4, 0, 5]
[4, 0, 6]
[4, 0, 1]
[4, 0, 2]
[4, 0, 3]
[4, 0, 7]
[4, 0, 5, 6]
[4, 0, 5, 1]
[4, 0, 5, 2]
[4, 0, 5, 3]
[4, 0, 5, 7]
[4, 0, 5, 6, 1]
[4, 0, 5, 6, 2]
[4, 0, 5, 6, 3]
[4, 0, 5, 6, 7]
[4, 0, 5, 6, 1, 2]
[4, 0, 5, 6, 1, 3]
[4, 0, 5, 6, 1, 7]
[4, 0, 5, 6, 1, 2, 3]
[4, 0, 5, 6, 1, 2, 7]
[4, 0, 5, 6, 1, 2, 3, 7]
failed -> 42 times
after fail n ======> 5
[1, 2, 5, 6, 3]
0.09523809523809523 0.0975609756097561
itercount --------> 1
[2, 6, 3]
0.0975609756097561 0.10909090909090909
itercount --------> 2
[1, 2, 5]
[1, 2, 6]
0.10909090909090909 0.12962962962962962
itercount --------> 3
[1, 2, 6]
0.12962962962962962 0.1951219512195122
itercount --------> 4
[1, 4, 5]
0.1951219512195122 0.22916666666666666
itercount --------> 5
[1, 4, 2]
[1, 4, 6]
0.22916666666666666 0.3404255319148936
itercount --------> 6
[1, 2, 6]
[1, 2, 3]
[1, 2, 4]
[1, 2, 5]
0.3404255319148936 0.5151515151515151
itercount --------> 7
[5, 1, 2]
[5, 1, 0]
[5, 1, 4]
[5, 1, 6]
[5, 1, 3]
[5, 1, 7]
[5, 1, 2, 0]
0.5151515151515151 0.56
itercount --------> 8
[1, 2, 5]
[1, 2, 0]
0.56 0.5833333333333334
itercount --------> 9
[5, 3, 4]
[5, 3, 0]
0.5833333333333334 0.625
itercount --------> 10
[5, 0, 3]
[5, 0, 4]
0.625 0.64
itercount --------> 11
[4, 0, 5]
[4, 0, 6]
[4, 0, 1]
[4, 0, 2]
[4, 0, 3]
[4, 0, 7]
[4, 0, 5, 6]
[4, 0, 5, 1]
[4, 0, 5, 2]
[4, 0, 5, 3]
[4, 0, 5, 7]
[4, 0, 5, 6, 1]
[4, 0, 5, 6, 2]
[4, 0, 5, 6, 3]
[4, 0, 5, 6, 7]
[4, 0, 5, 6, 1, 2]
[4, 0, 5, 6, 1, 3]
[4, 0, 5, 6, 1, 7]
[4, 0, 5, 6, 1, 2, 3]
[4, 0, 5, 6, 1, 2, 7]
[4, 0, 5, 6, 1, 2, 3, 7]
0.64 0.6538461538461539
itercount --------> 12
[6, 4, 3]
[6, 4, 5]
[6, 4, 0]
[6, 4, 1]
[6, 4, 2]
[6, 4, 7]
[6, 4, 3, 5]
[6, 4, 3, 0]
[6, 4, 3, 1]
[6, 4, 3, 2]
[6, 4, 3, 7]
[6, 4, 3, 5, 0]
[6, 4, 3, 5, 1]
[6, 4, 3, 5, 2]
[6, 4, 3, 5, 7]
[6, 4, 3, 5, 0, 1]
0.6538461538461539 0.68
itercount --------> 13
[4, 5, 3]
[4, 5, 6]
[4, 5, 1]
[4, 5, 2]
[4, 5, 0]
[4, 5, 7]
[4, 5, 3, 6]
[4, 5, 3, 1]
[4, 5, 3, 2]
[4, 5, 3, 0]
[4, 5, 3, 7]
[4, 5, 3, 6, 1]
[4, 5, 3, 6, 2]
[4, 5, 3, 6, 0]
[4, 5, 3, 6, 7]
[4, 5, 3, 6, 1, 2]
[4, 5, 3, 6, 1, 0]
[4, 5, 3, 6, 1, 7]
[4, 5, 3, 6, 1, 2, 0]
[4, 5, 3, 6, 1, 2, 7]
[4, 5, 3, 6, 1, 2, 0, 7]
failed -> 43 times
after fail n ======> 6
[1, 2, 5, 6, 3, 0]
0.09523809523809523 0.13793103448275862
itercount --------> 1
[6, 5, 3]
[6, 5, 1]
0.13793103448275862 0.15384615384615385
itercount --------> 2
[6, 5, 1]
[6, 5, 2]
0.15384615384615385 0.16
itercount --------> 3
[2, 6, 1]
0.16 0.19230769230769232
itercount --------> 4
[2, 6, 5]
0.19230769230769232 0.2702702702702703
itercount --------> 5
[2, 1, 3]
0.2702702702702703 0.28205128205128205
itercount --------> 6
[1, 2, 3]
0.28205128205128205 0.3137254901960784
itercount --------> 7
[1, 2, 0]
0.3137254901960784 0.5333333333333333
itercount --------> 8
[1, 2, 0]
[1, 2, 4]
0.5333333333333333 0.5517241379310345
itercount --------> 9
[2, 1, 4]
[2, 1, 0]
[2, 1, 5]
[2, 1, 6]
[2, 1, 3]
[2, 1, 7]
0.5517241379310345 0.5714285714285714
itercount --------> 10
[2, 0, 1]
[2, 0, 4]
[2, 0, 5]
[2, 0, 6]
[2, 0, 3]
[2, 0, 7]
[2, 0, 1, 4]
[2, 0, 1, 5]
[2, 0, 1, 6]
[2, 0, 1, 3]
[2, 0, 1, 7]
[2, 0, 1, 4, 5]
[2, 0, 1, 4, 6]
[2, 0, 1, 4, 3]
[2, 0, 1, 4, 7]
[2, 0, 1, 4, 5, 6]
[2, 0, 1, 4, 5, 3]
[2, 0, 1, 4, 5, 7]
[2, 0, 1, 4, 5, 6, 3]
0.5714285714285714 0.5862068965517241
itercount --------> 11
[2, 3, 5]
[2, 3, 0]
[2, 3, 4]
[2, 3, 1]
[2, 3, 6]
[2, 3, 7]
[2, 3, 5, 0]
[2, 3, 5, 4]
[2, 3, 5, 1]
[2, 3, 5, 6]
[2, 3, 5, 7]
[2, 3, 5, 0, 4]
[2, 3, 5, 0, 1]
[2, 3, 5, 0, 6]
[2, 3, 5, 0, 7]
[2, 3, 5, 0, 4, 1]
[2, 3, 5, 0, 4, 6]
[2, 3, 5, 0, 4, 7]
[2, 3, 5, 0, 4, 1, 6]
[2, 3, 5, 0, 4, 1, 7]
[2, 3, 5, 0, 4, 1, 6, 7]
failed -> 44 times
after fail n ======> 7
[1, 2, 5, 6, 3, 0, 4]
0.09523809523809523 0.0975609756097561
itercount --------> 1
[1, 6, 3]
0.0975609756097561 0.1702127659574468
itercount --------> 2
[2, 3, 5]
0.1702127659574468 0.28125
itercount --------> 3
[6, 2, 3]
[6, 2, 1]
0.28125 0.3333333333333333
itercount --------> 4
[6, 4, 3]
[6, 4, 0]
[6, 4, 1]
[6, 4, 2]
[6, 4, 5]
[6, 4, 7]
[6, 4, 3, 0]
0.3333333333333333 0.34615384615384615
itercount --------> 5
[4, 6, 0]
[4, 6, 1]
0.34615384615384615 0.3548387096774194
itercount --------> 6
[1, 2, 4]
[1, 2, 3]
0.3548387096774194 0.38235294117647056
itercount --------> 7
[1, 2, 0]
0.38235294117647056 0.5185185185185185
itercount --------> 8
[1, 2, 3]
[1, 2, 5]
[1, 2, 0]
[1, 2, 7]
[1, 2, 4]
[1, 2, 6]
[1, 2, 3, 5]
[1, 2, 3, 0]
[1, 2, 3, 7]
[1, 2, 3, 4]
[1, 2, 3, 6]
0.5185185185185185 0.5517241379310345
itercount --------> 9
[1, 2, 0]
[1, 2, 3]
[1, 2, 5]
[1, 2, 4]
[1, 2, 6]
[1, 2, 7]
[1, 2, 0, 3]
[1, 2, 0, 5]
[1, 2, 0, 4]
[1, 2, 0, 6]
[1, 2, 0, 7]
[1, 2, 0, 3, 5]
[1, 2, 0, 3, 4]
[1, 2, 0, 3, 6]
0.5517241379310345 0.5714285714285714
itercount --------> 10
[1, 2, 5]
[1, 2, 3]
[1, 2, 0]
[1, 2, 4]
[1, 2, 7]
[1, 2, 6]
[1, 2, 5, 3]
[1, 2, 5, 0]
0.5714285714285714 0.5769230769230769
itercount --------> 11
[1, 2, 0]
[1, 2, 5]
[1, 2, 3]
0.5769230769230769 0.6
itercount --------> 12
[2, 5, 1]
[2, 5, 3]
[2, 5, 0]
[2, 5, 4]
[2, 5, 7]
[2, 5, 6]
[2, 5, 1, 3]
[2, 5, 1, 0]
[2, 5, 1, 4]
[2, 5, 1, 7]
[2, 5, 1, 6]
[2, 5, 1, 3, 0]
[2, 5, 1, 3, 4]
0.6 0.6071428571428571
itercount --------> 13
[2, 4, 0]
[2, 4, 5]
[2, 4, 1]
[2, 4, 3]
[2, 4, 6]
[2, 4, 7]
[2, 4, 0, 5]
[2, 4, 0, 1]
[2, 4, 0, 3]
[2, 4, 0, 6]
[2, 4, 0, 7]
[2, 4, 0, 5, 1]
[2, 4, 0, 5, 3]
[2, 4, 0, 5, 6]
[2, 4, 0, 5, 7]
[2, 4, 0, 5, 1, 3]
[2, 4, 0, 5, 1, 6]
[2, 4, 0, 5, 1, 7]
[2, 4, 0, 5, 1, 3, 6]
[2, 4, 0, 5, 1, 3, 7]
0.6071428571428571 0.6538461538461539
itercount --------> 14
[4, 0, 1]
[4, 0, 2]
[4, 0, 5]
[4, 0, 3]
[4, 0, 6]
[4, 0, 7]
[4, 0, 1, 2]
[4, 0, 1, 5]
[4, 0, 1, 3]
[4, 0, 1, 6]
[4, 0, 1, 7]
[4, 0, 1, 2, 5]
[4, 0, 1, 2, 3]
[4, 0, 1, 2, 6]
[4, 0, 1, 2, 7]
[4, 0, 1, 2, 5, 3]
[4, 0, 1, 2, 5, 6]
[4, 0, 1, 2, 5, 7]
[4, 0, 1, 2, 5, 3, 6]
[4, 0, 1, 2, 5, 3, 7]
[4, 0, 1, 2, 5, 3, 6, 7]
failed -> 45 times
after fail n ======> 8
[1, 2, 5, 6, 3, 0, 4, 7]
0.09523809523809523 0.12903225806451613
itercount --------> 1
[6, 5, 3]
0.12903225806451613 0.20689655172413793
itercount --------> 2
[6, 2, 4]
[6, 2, 1]
0.20689655172413793 0.25
itercount --------> 3
[6, 1, 2]
0.25 0.2894736842105263
itercount --------> 4
[1, 2, 0]
0.2894736842105263 0.38461538461538464
itercount --------> 5
[1, 2, 0]
[1, 2, 5]
[1, 2, 6]
[1, 2, 4]
[1, 2, 3]
[1, 2, 7]
[1, 2, 0, 5]
0.38461538461538464 0.4
itercount --------> 6
[1, 2, 0]
[1, 2, 6]
[1, 2, 3]
[1, 2, 7]
[1, 2, 5]
0.4 0.45454545454545453
itercount --------> 7
[1, 2, 0]
[1, 2, 5]
[1, 2, 3]
[1, 2, 6]
[1, 2, 7]
[1, 2, 4]
[1, 2, 0, 5]
[1, 2, 0, 3]
[1, 2, 0, 6]
[1, 2, 0, 7]
[1, 2, 0, 4]
[1, 2, 0, 5, 3]
[1, 2, 0, 5, 6]
[1, 2, 0, 5, 7]
[1, 2, 0, 5, 4]
[1, 2, 0, 5, 3, 6]
[1, 2, 0, 5, 3, 7]
[1, 2, 0, 5, 3, 4]
0.45454545454545453 0.5384615384615384
itercount --------> 8
[1, 2, 0]
[1, 2, 5]
[1, 2, 6]
[1, 2, 7]
[1, 2, 3]
0.5384615384615384 0.56
itercount --------> 9
[1, 2, 5]
[1, 2, 0]
[1, 2, 6]
[1, 2, 4]
[1, 2, 7]
[1, 2, 3]
[1, 2, 5, 0]
[1, 2, 5, 6]
[1, 2, 5, 4]
[1, 2, 5, 7]
[1, 2, 5, 3]
[1, 2, 5, 0, 6]
[1, 2, 5, 0, 4]
0.56 0.6
itercount --------> 10
[0, 4, 5]
[0, 4, 6]
[0, 4, 1]
[0, 4, 2]
[0, 4, 3]
0.6 0.6296296296296297
itercount --------> 11
[0, 6, 1]
[0, 6, 2]
[0, 6, 5]
[0, 6, 7]
[0, 6, 3]
[0, 6, 4]
[0, 6, 1, 2]
[0, 6, 1, 5]
[0, 6, 1, 7]
[0, 6, 1, 3]
[0, 6, 1, 4]
[0, 6, 1, 2, 5]
[0, 6, 1, 2, 7]
[0, 6, 1, 2, 3]
[0, 6, 1, 2, 4]
0.6296296296296297 0.64
itercount --------> 12
[0, 5, 1]
[0, 5, 2]
[0, 5, 6]
[0, 5, 7]
[0, 5, 3]
[0, 5, 4]
[0, 5, 1, 2]
[0, 5, 1, 6]
[0, 5, 1, 7]
[0, 5, 1, 3]
[0, 5, 1, 4]
[0, 5, 1, 2, 6]
[0, 5, 1, 2, 7]
[0, 5, 1, 2, 3]
[0, 5, 1, 2, 4]
[0, 5, 1, 2, 6, 7]
[0, 5, 1, 2, 6, 3]
[0, 5, 1, 2, 6, 4]
[0, 5, 1, 2, 6, 7, 3]
[0, 5, 1, 2, 6, 7, 4]
[0, 5, 1, 2, 6, 7, 3, 4]
failed -> 46 times
after fail n ======> 5
[1, 2, 5, 6, 3]
0.09523809523809523 0.0975609756097561
itercount --------> 1
[2, 6, 3]
0.0975609756097561 0.1702127659574468
itercount --------> 2
[1, 3, 5]
0.1702127659574468 0.20588235294117646
itercount --------> 3
[3, 6, 1]
[3, 6, 5]
[3, 6, 4]
[3, 6, 0]
0.20588235294117646 0.20689655172413793
itercount --------> 4
[3, 5, 1]
[3, 5, 6]
[3, 5, 4]
[3, 5, 0]
0.20689655172413793 0.24
itercount --------> 5
[1, 5, 4]
[1, 5, 6]
0.24 0.25
itercount --------> 6
[1, 5, 3]
0.25 0.2962962962962963
itercount --------> 7
[3, 5, 1]
[3, 5, 6]
[3, 5, 4]
[3, 5, 7]
[3, 5, 0]
0.2962962962962963 0.32
itercount --------> 8
[1, 5, 2]
[1, 5, 4]
[1, 5, 6]
[1, 5, 3]
[1, 5, 0]
0.32 0.34782608695652173
itercount --------> 9
[1, 5, 0]
[1, 5, 2]
0.34782608695652173 0.36363636363636365
itercount --------> 10
[1, 2, 5]
[1, 2, 0]
[1, 2, 3]
[1, 2, 4]
[1, 2, 6]
[1, 2, 7]
[1, 2, 5, 0]
[1, 2, 5, 3]
[1, 2, 5, 4]
[1, 2, 5, 6]
[1, 2, 5, 7]
[1, 2, 5, 0, 3]
[1, 2, 5, 0, 4]
[1, 2, 5, 0, 6]
[1, 2, 5, 0, 7]
[1, 2, 5, 0, 3, 4]
[1, 2, 5, 0, 3, 6]
[1, 2, 5, 0, 3, 7]
[1, 2, 5, 0, 3, 4, 6]
[1, 2, 5, 0, 3, 4, 7]
[1, 2, 5, 0, 3, 4, 6, 7]
failed -> 47 times
after fail n ======> 6
[1, 2, 5, 6, 3, 0]
0.09523809523809523 0.10416666666666667
itercount --------> 1
[3, 1, 2]
0.10416666666666667 0.11363636363636363
itercount --------> 2
[1, 2, 5]
0.11363636363636363 0.2727272727272727
itercount --------> 3
[6, 5, 4]
[6, 5, 3]
[6, 5, 1]
0.2727272727272727 0.2857142857142857
itercount --------> 4
[6, 4, 5]
0.2857142857142857 0.36666666666666664
itercount --------> 5
[0, 4, 6]
0.36666666666666664 0.39285714285714285
itercount --------> 6
[6, 0, 1]
[6, 0, 2]
[6, 0, 3]
[6, 0, 4]
[6, 0, 5]
[6, 0, 7]
[6, 0, 1, 2]
[6, 0, 1, 3]
[6, 0, 1, 4]
[6, 0, 1, 5]
[6, 0, 1, 7]
[6, 0, 1, 2, 3]
[6, 0, 1, 2, 4]
[6, 0, 1, 2, 5]
[6, 0, 1, 2, 7]
[6, 0, 1, 2, 3, 4]
[6, 0, 1, 2, 3, 5]
[6, 0, 1, 2, 3, 7]
[6, 0, 1, 2, 3, 4, 5]
[6, 0, 1, 2, 3, 4, 7]
[6, 0, 1, 2, 3, 4, 5, 7]
failed -> 48 times
after fail n ======> 7
[1, 2, 5, 6, 3, 0, 4]
0.09523809523809523 0.1206896551724138
itercount --------> 1
[2, 1, 3]
[2, 1, 5]
0.1206896551724138 0.22641509433962265
itercount --------> 2
[2, 5, 3]
0.22641509433962265 0.2682926829268293
itercount --------> 3
[2, 1, 4]
0.2682926829268293 0.3055555555555556
itercount --------> 4
[2, 3, 0]
[2, 3, 4]
0.3055555555555556 0.35714285714285715
itercount --------> 5
[2, 6, 4]
[2, 6, 0]
0.35714285714285715 0.37037037037037035
itercount --------> 6
[2, 4, 5]
[2, 4, 6]
[2, 4, 0]
[2, 4, 1]
[2, 4, 7]
[2, 4, 3]
[2, 4, 5, 6]
[2, 4, 5, 0]
0.37037037037037035 0.38461538461538464
itercount --------> 7
[4, 5, 6]
[4, 5, 0]
[4, 5, 7]
[4, 5, 2]
[4, 5, 3]
[4, 5, 1]
0.38461538461538464 0.4444444444444444
itercount --------> 8
[4, 5, 6]
0.4444444444444444 0.45161290322580644
itercount --------> 9
[3, 2, 6]
0.45161290322580644 0.5
itercount --------> 10
[2, 5, 4]
[2, 5, 0]
0.5 0.5357142857142857
itercount --------> 11
[2, 4, 0]
[2, 4, 1]
[2, 4, 6]
[2, 4, 3]
[2, 4, 5]
[2, 4, 7]
[2, 4, 0, 1]
[2, 4, 0, 6]
[2, 4, 0, 3]
[2, 4, 0, 5]
0.5357142857142857 0.56
itercount --------> 12
[5, 0, 1]
[5, 0, 2]
[5, 0, 3]
[5, 0, 4]
[5, 0, 6]
[5, 0, 7]
[5, 0, 1, 2]
0.56 0.6071428571428571
itercount --------> 13
[2, 0, 4]
[2, 0, 1]
[2, 0, 5]
[2, 0, 3]
[2, 0, 6]
[2, 0, 7]
[2, 0, 4, 1]
[2, 0, 4, 5]
[2, 0, 4, 3]
0.6071428571428571 0.625
itercount --------> 14
[1, 2, 5]
[1, 2, 0]
[1, 2, 3]
[1, 2, 4]
[1, 2, 7]
[1, 2, 6]
[1, 2, 5, 0]
[1, 2, 5, 3]
[1, 2, 5, 4]
[1, 2, 5, 7]
[1, 2, 5, 6]
[1, 2, 5, 0, 3]
[1, 2, 5, 0, 4]
[1, 2, 5, 0, 7]
[1, 2, 5, 0, 6]
[1, 2, 5, 0, 3, 4]
[1, 2, 5, 0, 3, 7]
[1, 2, 5, 0, 3, 6]
[1, 2, 5, 0, 3, 4, 7]
[1, 2, 5, 0, 3, 4, 6]
[1, 2, 5, 0, 3, 4, 7, 6]
failed -> 49 times
after fail n ======> 8
[1, 2, 5, 6, 3, 0, 4, 7]
0.09523809523809523 0.11363636363636363
itercount --------> 1
[1, 6, 2]
0.11363636363636363 0.12903225806451613
itercount --------> 2
[6, 5, 3]
0.12903225806451613 0.14814814814814814
itercount --------> 3
[6, 1, 3]
0.14814814814814814 0.1951219512195122
itercount --------> 4
[1, 2, 3]
0.1951219512195122 0.21428571428571427
itercount --------> 5
[2, 1, 6]
0.21428571428571427 0.3333333333333333
itercount --------> 6
[1, 2, 3]
[1, 2, 6]
[1, 2, 0]
0.3333333333333333 0.36363636363636365
itercount --------> 7
[1, 2, 5]
[1, 2, 0]
[1, 2, 3]
[1, 2, 4]
[1, 2, 6]
[1, 2, 7]
[1, 2, 5, 0]
[1, 2, 5, 3]
[1, 2, 5, 4]
[1, 2, 5, 6]
[1, 2, 5, 7]
[1, 2, 5, 0, 3]
[1, 2, 5, 0, 4]
[1, 2, 5, 0, 6]
[1, 2, 5, 0, 7]
[1, 2, 5, 0, 3, 4]
0.36363636363636365 0.38461538461538464
itercount --------> 8
[1, 6, 0]
[1, 6, 2]
[1, 6, 3]
[1, 6, 4]
[1, 6, 7]
[1, 6, 5]
0.38461538461538464 0.4
itercount --------> 9
[6, 3, 5]
[6, 3, 4]
[6, 3, 1]
[6, 3, 2]
[6, 3, 0]
[6, 3, 7]
[6, 3, 5, 4]
0.4 0.4444444444444444
itercount --------> 10
[6, 3, 1]
[6, 3, 5]
[6, 3, 0]
[6, 3, 2]
[6, 3, 4]
[6, 3, 7]
[6, 3, 1, 5]
[6, 3, 1, 0]
0.4444444444444444 0.46153846153846156
itercount --------> 11
[6, 1, 5]
0.46153846153846156 0.4782608695652174
itercount --------> 12
[1, 2, 5]
0.4782608695652174 0.48
itercount --------> 13
[6, 5, 1]
[6, 5, 2]
[6, 5, 3]
[6, 5, 4]
[6, 5, 7]
[6, 5, 0]
[6, 5, 1, 2]
[6, 5, 1, 3]
[6, 5, 1, 4]
[6, 5, 1, 7]
[6, 5, 1, 0]
[6, 5, 1, 2, 3]
[6, 5, 1, 2, 4]
[6, 5, 1, 2, 7]
[6, 5, 1, 2, 0]
[6, 5, 1, 2, 3, 4]
[6, 5, 1, 2, 3, 7]
[6, 5, 1, 2, 3, 0]
[6, 5, 1, 2, 3, 4, 7]
[6, 5, 1, 2, 3, 4, 0]
0.48 0.5
itercount --------> 14
[6, 5, 1]
[6, 5, 2]
[6, 5, 4]
[6, 5, 3]
[6, 5, 7]
[6, 5, 0]
[6, 5, 1, 2]
[6, 5, 1, 4]
[6, 5, 1, 3]
[6, 5, 1, 7]
[6, 5, 1, 0]
[6, 5, 1, 2, 4]
[6, 5, 1, 2, 3]
[6, 5, 1, 2, 7]
[6, 5, 1, 2, 0]
[6, 5, 1, 2, 4, 3]
[6, 5, 1, 2, 4, 7]
[6, 5, 1, 2, 4, 0]
[6, 5, 1, 2, 4, 3, 7]
[6, 5, 1, 2, 4, 3, 0]
[6, 5, 1, 2, 4, 3, 7, 0]
failed -> 50 times
after fail n ======> 5
Runs with the maximum attractor JI -> [14, 15, 28, 35, 42]
