{0: 23, 1: 23, 2: 23, 3: 20, 4: 20, 5: 20, 6: 20, 7: 20}
[0, 1, 2]
0.06451612903225806 0.08695652173913043
itercount --------> 1
[1, 3, 4]
[1, 3, 5]
[1, 3, 6]
[1, 3, 7]
0.08695652173913043 0.11538461538461539
itercount --------> 2
[1, 4, 6]
[1, 4, 7]
0.11538461538461539 0.12121212121212122
itercount --------> 3
[1, 6, 0]
0.12121212121212122 0.17391304347826086
itercount --------> 4
[6, 7, 3]
[6, 7, 4]
0.17391304347826086 0.20833333333333334
itercount --------> 5
[3, 7, 4]
[3, 7, 6]
0.20833333333333334 0.2916666666666667
itercount --------> 6
[0, 1, 2]
[0, 1, 7]
0.2916666666666667 0.36363636363636365
itercount --------> 7
[0, 1, 2]
[0, 1, 7]
[0, 1, 6]
0.36363636363636365 0.55
itercount --------> 8
[3, 6, 7]
[3, 6, 4]
[3, 6, 0]
[3, 6, 1]
[3, 6, 2]
[3, 6, 5]
[3, 6, 7, 4]
[3, 6, 7, 0]
[3, 6, 7, 1]
[3, 6, 7, 2]
[3, 6, 7, 5]
[3, 6, 7, 4, 0]
0.55 0.5714285714285714
itercount --------> 9
[0, 1, 2]
[0, 1, 7]
[0, 1, 6]
[0, 1, 3]
[0, 1, 4]
[0, 1, 5]
0.5714285714285714 0.6111111111111112
itercount --------> 10
[0, 1, 2]
[0, 1, 5]
[0, 1, 7]
[0, 1, 6]
[0, 1, 3]
[0, 1, 4]
[0, 1, 2, 5]
[0, 1, 2, 7]
[0, 1, 2, 6]
[0, 1, 2, 3]
[0, 1, 2, 4]
[0, 1, 2, 5, 7]
0.6111111111111112 0.6666666666666666
itercount --------> 11
[0, 1, 2]
[0, 1, 7]
[0, 1, 5]
[0, 1, 6]
[0, 1, 3]
[0, 1, 4]
[0, 1, 2, 7]
[0, 1, 2, 5]
[0, 1, 2, 6]
[0, 1, 2, 3]
[0, 1, 2, 4]
[0, 1, 2, 7, 5]
[0, 1, 2, 7, 6]
[0, 1, 2, 7, 3]
[0, 1, 2, 7, 4]
[0, 1, 2, 7, 5, 6]
[0, 1, 2, 7, 5, 3]
[0, 1, 2, 7, 5, 4]
[0, 1, 2, 7, 5, 6, 3]
[0, 1, 2, 7, 5, 6, 4]
[0, 1, 2, 7, 5, 6, 3, 4]
failed Once
after fail n ======> 4
[0, 1, 2, 3]
0.06451612903225806 0.08
itercount --------> 1
[0, 2, 3]
0.08 0.10526315789473684
itercount --------> 2
[0, 1, 2]
[0, 1, 3]
[0, 1, 4]
0.10526315789473684 0.13636363636363635
itercount --------> 3
[3, 6, 7]
0.13636363636363635 0.23076923076923078
itercount --------> 4
[6, 0, 1]
0.23076923076923078 0.375
itercount --------> 5
[0, 7, 6]
0.375 0.4583333333333333
itercount --------> 6
[0, 1, 3]
[0, 1, 6]
[0, 1, 7]
[0, 1, 4]
[0, 1, 2]
[0, 1, 5]
[0, 1, 3, 6]
[0, 1, 3, 7]
[0, 1, 3, 4]
[0, 1, 3, 2]
0.4583333333333333 0.4782608695652174
itercount --------> 7
[0, 3, 7]
[0, 3, 4]
[0, 3, 1]
[0, 3, 6]
[0, 3, 5]
[0, 3, 2]
[0, 3, 7, 4]
0.4782608695652174 0.5
itercount --------> 8
[0, 1, 3]
[0, 1, 6]
[0, 1, 2]
[0, 1, 4]
[0, 1, 7]
[0, 1, 5]
0.5 0.55
itercount --------> 9
[3, 6, 0]
[3, 6, 1]
[3, 6, 2]
[3, 6, 5]
[3, 6, 4]
[3, 6, 7]
[3, 6, 0, 1]
[3, 6, 0, 2]
[3, 6, 0, 5]
[3, 6, 0, 4]
[3, 6, 0, 7]
[3, 6, 0, 1, 2]
[3, 6, 0, 1, 5]
0.55 0.5714285714285714
itercount --------> 10
[0, 1, 2]
[0, 1, 5]
[0, 1, 3]
[0, 1, 6]
[0, 1, 4]
[0, 1, 7]
[0, 1, 2, 5]
[0, 1, 2, 3]
[0, 1, 2, 6]
0.5714285714285714 0.631578947368421
itercount --------> 11
[0, 1, 2]
[0, 1, 3]
[0, 1, 6]
[0, 1, 5]
[0, 1, 4]
[0, 1, 7]
[0, 1, 2, 3]
[0, 1, 2, 6]
[0, 1, 2, 5]
[0, 1, 2, 4]
[0, 1, 2, 7]
[0, 1, 2, 3, 6]
0.631578947368421 0.6818181818181818
itercount --------> 12
[0, 1, 2]
[0, 1, 3]
[0, 1, 4]
[0, 1, 5]
0.6818181818181818 0.75
itercount --------> 13
[0, 1, 2]
[0, 1, 5]
[0, 1, 3]
[0, 1, 4]
[0, 1, 6]
[0, 1, 7]
[0, 1, 2, 5]
[0, 1, 2, 3]
[0, 1, 2, 4]
[0, 1, 2, 6]
[0, 1, 2, 7]
0.75 0.7894736842105263
itercount --------> 14
[0, 1, 2]
[0, 1, 5]
[0, 1, 7]
[0, 1, 3]
[0, 1, 4]
[0, 1, 6]
[0, 1, 2, 5]
[0, 1, 2, 7]
[0, 1, 2, 3]
[0, 1, 2, 4]
[0, 1, 2, 6]
[0, 1, 2, 5, 7]
[0, 1, 2, 5, 3]
[0, 1, 2, 5, 4]
[0, 1, 2, 5, 6]
[0, 1, 2, 5, 7, 3]
[0, 1, 2, 5, 7, 4]
[0, 1, 2, 5, 7, 6]
[0, 1, 2, 5, 7, 3, 4]
[0, 1, 2, 5, 7, 3, 6]
[0, 1, 2, 5, 7, 3, 4, 6]
failed -> 2 times
after fail n ======> 5
[0, 1, 2, 3, 4]
0.06451612903225806 0.08695652173913043
itercount --------> 1
[0, 3, 4]
[0, 3, 5]
0.08695652173913043 0.09523809523809523
itercount --------> 2
[0, 4, 6]
0.09523809523809523 0.12903225806451613
itercount --------> 3
[0, 6, 7]
0.12903225806451613 0.1590909090909091
itercount --------> 4
[0, 1, 2]
0.1590909090909091 0.16666666666666666
itercount --------> 5
[2, 0, 1]
0.16666666666666666 0.25925925925925924
itercount --------> 6
[7, 5, 0]
0.25925925925925924 0.3
itercount --------> 7
[7, 5, 3]
[7, 5, 4]
0.3 0.32
itercount --------> 8
[5, 7, 3]
0.32 0.3333333333333333
itercount --------> 9
[7, 0, 1]
[7, 0, 2]
[7, 0, 5]
[7, 0, 4]
[7, 0, 6]
[7, 0, 3]
[7, 0, 1, 2]
[7, 0, 1, 5]
0.3333333333333333 0.35
itercount --------> 10
[7, 5, 3]
[7, 5, 6]
[7, 5, 4]
[7, 5, 0]
[7, 5, 1]
[7, 5, 2]
0.35 0.3684210526315789
itercount --------> 11
[0, 1, 2]
[0, 1, 5]
[0, 1, 6]
[0, 1, 7]
[0, 1, 4]
[0, 1, 3]
[0, 1, 2, 5]
[0, 1, 2, 6]
[0, 1, 2, 7]
[0, 1, 2, 4]
[0, 1, 2, 3]
[0, 1, 2, 5, 6]
[0, 1, 2, 5, 7]
0.3684210526315789 0.3888888888888889
itercount --------> 12
[0, 1, 2]
[0, 1, 5]
[0, 1, 6]
[0, 1, 7]
[0, 1, 4]
[0, 1, 3]
[0, 1, 2, 5]
[0, 1, 2, 6]
[0, 1, 2, 7]
[0, 1, 2, 4]
[0, 1, 2, 3]
[0, 1, 2, 5, 6]
[0, 1, 2, 5, 7]
[0, 1, 2, 5, 4]
[0, 1, 2, 5, 3]
[0, 1, 2, 5, 6, 7]
[0, 1, 2, 5, 6, 4]
[0, 1, 2, 5, 6, 3]
[0, 1, 2, 5, 6, 7, 4]
0.3888888888888889 0.42857142857142855
itercount --------> 13
[0, 7, 1]
[0, 7, 2]
[0, 7, 4]
[0, 7, 6]
[0, 7, 3]
0.42857142857142855 0.5454545454545454
itercount --------> 14
[0, 1, 2]
[0, 1, 5]
[0, 1, 4]
0.5454545454545454 0.5714285714285714
itercount --------> 15
[0, 1, 2]
0.5714285714285714 0.6
itercount --------> 16
[0, 1, 2]
[0, 1, 5]
[0, 1, 4]
[0, 1, 6]
0.6 0.631578947368421
itercount --------> 17
[0, 1, 2]
[0, 1, 4]
[0, 1, 5]
[0, 1, 6]
[0, 1, 3]
[0, 1, 7]
[0, 1, 2, 4]
[0, 1, 2, 5]
[0, 1, 2, 6]
[0, 1, 2, 3]
0.631578947368421 0.6666666666666666
itercount --------> 18
[0, 1, 2]
[0, 1, 4]
[0, 1, 6]
[0, 1, 5]
[0, 1, 7]
[0, 1, 3]
[0, 1, 2, 4]
[0, 1, 2, 6]
[0, 1, 2, 5]
[0, 1, 2, 7]
[0, 1, 2, 3]
[0, 1, 2, 4, 6]
0.6666666666666666 0.7894736842105263
itercount --------> 19
[0, 1, 2]
[0, 1, 5]
[0, 1, 7]
[0, 1, 3]
[0, 1, 4]
[0, 1, 6]
[0, 1, 2, 5]
[0, 1, 2, 7]
[0, 1, 2, 3]
[0, 1, 2, 4]
[0, 1, 2, 6]
[0, 1, 2, 5, 7]
[0, 1, 2, 5, 3]
[0, 1, 2, 5, 4]
[0, 1, 2, 5, 6]
[0, 1, 2, 5, 7, 3]
[0, 1, 2, 5, 7, 4]
[0, 1, 2, 5, 7, 6]
[0, 1, 2, 5, 7, 3, 4]
[0, 1, 2, 5, 7, 3, 6]
[0, 1, 2, 5, 7, 3, 4, 6]
failed -> 3 times
after fail n ======> 6
[0, 1, 2, 3, 4, 5]
0.06451612903225806 0.08
itercount --------> 1
[2, 1, 3]
0.08 0.09523809523809523
itercount --------> 2
[1, 0, 2]
0.09523809523809523 0.1
itercount --------> 3
[1, 3, 4]
0.1 0.10526315789473684
itercount --------> 4
[0, 1, 2]
[0, 1, 3]
0.10526315789473684 0.15
itercount --------> 5
[0, 4, 6]
[0, 4, 7]
0.15 0.19047619047619047
itercount --------> 6
[0, 6, 3]
0.19047619047619047 0.22727272727272727
itercount --------> 7
[0, 3, 6]
[0, 3, 4]
0.22727272727272727 0.23809523809523808
itercount --------> 8
[0, 3, 6]
[0, 3, 7]
0.23809523809523808 0.2916666666666667
itercount --------> 9
[0, 4, 6]
0.2916666666666667 0.2962962962962963
itercount --------> 10
[0, 4, 6]
[0, 4, 3]
[0, 4, 7]
0.2962962962962963 0.3333333333333333
itercount --------> 11
[0, 6, 7]
0.3333333333333333 0.3448275862068966
itercount --------> 12
[0, 7, 3]
[0, 7, 4]
[0, 7, 6]
0.3448275862068966 0.4090909090909091
itercount --------> 13
[3, 4, 6]
[3, 4, 7]
[3, 4, 0]
[3, 4, 1]
[3, 4, 2]
[3, 4, 5]
[3, 4, 6, 7]
[3, 4, 6, 0]
[3, 4, 6, 1]
[3, 4, 6, 2]
[3, 4, 6, 5]
[3, 4, 6, 7, 0]
[3, 4, 6, 7, 1]
[3, 4, 6, 7, 2]
[3, 4, 6, 7, 5]
[3, 4, 6, 7, 0, 1]
[3, 4, 6, 7, 0, 2]
[3, 4, 6, 7, 0, 5]
0.4090909090909091 0.42105263157894735
itercount --------> 14
[3, 4, 6]
[3, 4, 7]
[3, 4, 5]
[3, 4, 0]
[3, 4, 1]
[3, 4, 2]
[3, 4, 6, 7]
0.42105263157894735 0.4444444444444444
itercount --------> 15
[7, 5, 3]
[7, 5, 4]
0.4444444444444444 0.5555555555555556
itercount --------> 16
[7, 0, 1]
[7, 0, 2]
[7, 0, 3]
[7, 0, 6]
[7, 0, 4]
[7, 0, 5]
[7, 0, 1, 2]
[7, 0, 1, 3]
[7, 0, 1, 6]
[7, 0, 1, 4]
[7, 0, 1, 5]
0.5555555555555556 0.6111111111111112
itercount --------> 17
[7, 3, 6]
0.6111111111111112 0.7222222222222222
itercount --------> 18
[7, 0, 1]
[7, 0, 2]
[7, 0, 3]
[7, 0, 4]
[7, 0, 6]
[7, 0, 5]
[7, 0, 1, 2]
[7, 0, 1, 3]
[7, 0, 1, 4]
[7, 0, 1, 6]
[7, 0, 1, 5]
[7, 0, 1, 2, 3]
[7, 0, 1, 2, 4]
[7, 0, 1, 2, 6]
[7, 0, 1, 2, 5]
[7, 0, 1, 2, 3, 4]
[7, 0, 1, 2, 3, 6]
[7, 0, 1, 2, 3, 5]
[7, 0, 1, 2, 3, 4, 6]
[7, 0, 1, 2, 3, 4, 5]
[7, 0, 1, 2, 3, 4, 6, 5]
failed -> 4 times
after fail n ======> 7
[0, 1, 2, 3, 4, 5, 6]
0.06451612903225806 0.07407407407407407
itercount --------> 1
[5, 6, 1]
[5, 6, 7]
[5, 6, 3]
0.07407407407407407 0.075
itercount --------> 2
[5, 1, 6]
[5, 1, 0]
[5, 1, 2]
0.075 0.08333333333333333
itercount --------> 3
[0, 4, 7]
0.08333333333333333 0.11538461538461539
itercount --------> 4
[7, 4, 0]
0.11538461538461539 0.18518518518518517
itercount --------> 5
[0, 7, 3]
0.18518518518518517 0.2
itercount --------> 6
[7, 0, 3]
[7, 0, 2]
0.2 0.23809523809523808
itercount --------> 7
[7, 0, 3]
[7, 0, 5]
0.23809523809523808 0.3
itercount --------> 8
[0, 7, 3]
[0, 7, 1]
0.3 0.3157894736842105
itercount --------> 9
[0, 1, 2]
[0, 1, 5]
[0, 1, 7]
0.3157894736842105 0.375
itercount --------> 10
[2, 0, 1]
0.375 0.47619047619047616
itercount --------> 11
[0, 6, 7]
0.47619047619047616 0.6
itercount --------> 12
[0, 1, 2]
[0, 1, 3]
[0, 1, 5]
[0, 1, 6]
[0, 1, 4]
[0, 1, 7]
[0, 1, 2, 3]
0.6 0.631578947368421
itercount --------> 13
[0, 1, 2]
[0, 1, 3]
[0, 1, 6]
[0, 1, 5]
[0, 1, 4]
[0, 1, 7]
[0, 1, 2, 3]
[0, 1, 2, 6]
[0, 1, 2, 5]
0.631578947368421 0.6666666666666666
itercount --------> 14
[0, 1, 2]
[0, 1, 3]
[0, 1, 6]
[0, 1, 5]
[0, 1, 7]
[0, 1, 4]
[0, 1, 2, 3]
[0, 1, 2, 6]
[0, 1, 2, 5]
[0, 1, 2, 7]
[0, 1, 2, 4]
[0, 1, 2, 3, 6]
0.6666666666666666 0.7894736842105263
itercount --------> 15
[0, 1, 2]
[0, 1, 5]
[0, 1, 7]
[0, 1, 3]
[0, 1, 4]
[0, 1, 6]
[0, 1, 2, 5]
[0, 1, 2, 7]
[0, 1, 2, 3]
[0, 1, 2, 4]
[0, 1, 2, 6]
[0, 1, 2, 5, 7]
[0, 1, 2, 5, 3]
[0, 1, 2, 5, 4]
[0, 1, 2, 5, 6]
[0, 1, 2, 5, 7, 3]
[0, 1, 2, 5, 7, 4]
[0, 1, 2, 5, 7, 6]
[0, 1, 2, 5, 7, 3, 4]
[0, 1, 2, 5, 7, 3, 6]
[0, 1, 2, 5, 7, 3, 4, 6]
failed -> 5 times
after fail n ======> 8
[0, 1, 2, 3, 4, 5, 6, 7]
0.06451612903225806 0.08695652173913043
itercount --------> 1
[0, 3, 4]
[0, 3, 5]
[0, 3, 6]
[0, 3, 7]
[0, 3, 1]
0.08695652173913043 0.10526315789473684
itercount --------> 2
[0, 1, 2]
[0, 1, 3]
[0, 1, 4]
[0, 1, 5]
[0, 1, 6]
[0, 1, 7]
[0, 1, 2, 3]
0.10526315789473684 0.14285714285714285
itercount --------> 3
[0, 4, 6]
0.14285714285714285 0.19047619047619047
itercount --------> 4
[0, 6, 7]
0.19047619047619047 0.23809523809523808
itercount --------> 5
[0, 3, 7]
0.23809523809523808 0.2857142857142857
itercount --------> 6
[7, 0, 4]
0.2857142857142857 0.32
itercount --------> 7
[0, 1, 7]
[0, 1, 3]
[0, 1, 6]
[0, 1, 2]
0.32 0.3333333333333333
itercount --------> 8
[1, 7, 4]
[1, 7, 3]
[1, 7, 6]
[1, 7, 0]
[1, 7, 2]
[1, 7, 5]
[1, 7, 4, 3]
[1, 7, 4, 6]
[1, 7, 4, 0]
[1, 7, 4, 2]
0.3333333333333333 0.35
itercount --------> 9
[0, 1, 2]
[0, 1, 7]
[0, 1, 6]
[0, 1, 4]
[0, 1, 5]
[0, 1, 3]
[0, 1, 2, 7]
0.35 0.38095238095238093
itercount --------> 10
[0, 7, 6]
0.38095238095238093 0.4090909090909091
itercount --------> 11
[0, 1, 2]
[0, 1, 4]
0.4090909090909091 0.42857142857142855
itercount --------> 12
[0, 1, 2]
[0, 1, 4]
[0, 1, 7]
[0, 1, 6]
[0, 1, 3]
[0, 1, 5]
[0, 1, 2, 4]
[0, 1, 2, 7]
[0, 1, 2, 6]
[0, 1, 2, 3]
[0, 1, 2, 5]
0.42857142857142855 0.4444444444444444
itercount --------> 13
[0, 1, 2]
[0, 1, 5]
[0, 1, 4]
[0, 1, 7]
[0, 1, 3]
[0, 1, 6]
[0, 1, 2, 5]
[0, 1, 2, 4]
[0, 1, 2, 7]
[0, 1, 2, 3]
[0, 1, 2, 6]
[0, 1, 2, 5, 4]
[0, 1, 2, 5, 7]
0.4444444444444444 0.5
itercount --------> 14
[0, 1, 2]
[0, 1, 5]
[0, 1, 7]
[0, 1, 4]
[0, 1, 3]
[0, 1, 6]
[0, 1, 2, 5]
[0, 1, 2, 7]
[0, 1, 2, 4]
[0, 1, 2, 3]
[0, 1, 2, 6]
[0, 1, 2, 5, 7]
[0, 1, 2, 5, 4]
[0, 1, 2, 5, 3]
[0, 1, 2, 5, 6]
[0, 1, 2, 5, 7, 4]
[0, 1, 2, 5, 7, 3]
0.5 0.5263157894736842
itercount --------> 15
[4, 6, 7]
[4, 6, 3]
[4, 6, 0]
[4, 6, 1]
[4, 6, 2]
[4, 6, 5]
[4, 6, 7, 3]
[4, 6, 7, 0]
[4, 6, 7, 1]
[4, 6, 7, 2]
0.5263157894736842 0.8421052631578947
itercount --------> 16
[0, 1, 2]
[0, 1, 7]
[0, 1, 3]
[0, 1, 4]
[0, 1, 5]
[0, 1, 6]
[0, 1, 2, 7]
[0, 1, 2, 3]
[0, 1, 2, 4]
[0, 1, 2, 5]
[0, 1, 2, 6]
[0, 1, 2, 7, 3]
[0, 1, 2, 7, 4]
[0, 1, 2, 7, 5]
[0, 1, 2, 7, 6]
[0, 1, 2, 7, 3, 4]
[0, 1, 2, 7, 3, 5]
[0, 1, 2, 7, 3, 6]
[0, 1, 2, 7, 3, 4, 5]
[0, 1, 2, 7, 3, 4, 6]
[0, 1, 2, 7, 3, 4, 5, 6]
failed -> 6 times
after fail n ======> 5
[0, 1, 2, 3, 4]
0.06451612903225806 0.07407407407407407
itercount --------> 1
[5, 3, 0]
[5, 3, 7]
[5, 3, 4]
0.07407407407407407 0.08333333333333333
itercount --------> 2
[5, 0, 3]
[5, 0, 1]
[5, 0, 2]
[5, 0, 6]
[5, 0, 7]
0.08333333333333333 0.1
itercount --------> 3
[0, 3, 1]
[0, 3, 2]
[0, 3, 5]
[0, 3, 7]
[0, 3, 6]
0.1 0.11538461538461539
itercount --------> 4
[5, 0, 1]
[5, 0, 2]
0.11538461538461539 0.125
itercount --------> 5
[5, 3, 1]
[5, 3, 6]
[5, 3, 7]
[5, 3, 4]
[5, 3, 0]
[5, 3, 2]
[5, 3, 1, 6]
0.125 0.13043478260869565
itercount --------> 6
[5, 3, 1]
[5, 3, 7]
[5, 3, 6]
[5, 3, 4]
[5, 3, 0]
[5, 3, 2]
[5, 3, 1, 7]
0.13043478260869565 0.14814814814814814
itercount --------> 7
[3, 0, 5]
[3, 0, 4]
0.14814814814814814 0.15384615384615385
itercount --------> 8
[3, 0, 4]
0.15384615384615385 0.16
itercount --------> 9
[3, 5, 0]
[3, 5, 4]
0.16 0.16666666666666666
itercount --------> 10
[3, 5, 0]
[3, 5, 4]
[3, 5, 6]
0.16666666666666666 0.20833333333333334
itercount --------> 11
[3, 4, 5]
0.20833333333333334 0.21428571428571427
itercount --------> 12
[3, 0, 6]
[3, 0, 4]
[3, 0, 5]
[3, 0, 7]
[3, 0, 1]
[3, 0, 2]
[3, 0, 6, 4]
[3, 0, 6, 5]
[3, 0, 6, 7]
0.21428571428571427 0.25
itercount --------> 13
[0, 4, 1]
[0, 4, 5]
[0, 4, 3]
[0, 4, 7]
[0, 4, 6]
[0, 4, 2]
[0, 4, 1, 5]
[0, 4, 1, 3]
[0, 4, 1, 7]
[0, 4, 1, 6]
0.25 0.28
itercount --------> 14
[5, 3, 6]
[5, 3, 4]
[5, 3, 1]
[5, 3, 0]
[5, 3, 2]
[5, 3, 7]
[5, 3, 6, 4]
[5, 3, 6, 1]
0.28 0.28125
itercount --------> 15
[5, 7, 1]
[5, 7, 3]
0.28125 0.3076923076923077
itercount --------> 16
[5, 7, 6]
[5, 7, 1]
[5, 7, 2]
0.3076923076923077 0.32142857142857145
itercount --------> 17
[5, 6, 1]
0.32142857142857145 0.35714285714285715
itercount --------> 18
[5, 6, 3]
[5, 6, 2]
[5, 6, 7]
[5, 6, 0]
[5, 6, 4]
[5, 6, 1]
[5, 6, 3, 2]
[5, 6, 3, 7]
[5, 6, 3, 0]
0.35714285714285715 0.3793103448275862
itercount --------> 19
[2, 5, 7]
[2, 5, 6]
[2, 5, 0]
[2, 5, 3]
[2, 5, 1]
[2, 5, 4]
[2, 5, 7, 6]
[2, 5, 7, 0]
0.3793103448275862 0.43478260869565216
itercount --------> 20
[2, 7, 3]
[2, 7, 5]
[2, 7, 0]
[2, 7, 1]
0.43478260869565216 0.5
itercount --------> 21
[0, 1, 2]
[0, 1, 5]
[0, 1, 7]
[0, 1, 3]
[0, 1, 4]
[0, 1, 6]
[0, 1, 2, 5]
[0, 1, 2, 7]
[0, 1, 2, 3]
[0, 1, 2, 4]
[0, 1, 2, 6]
[0, 1, 2, 5, 7]
[0, 1, 2, 5, 3]
[0, 1, 2, 5, 4]
[0, 1, 2, 5, 6]
[0, 1, 2, 5, 7, 3]
0.5 0.5789473684210527
itercount --------> 22
[0, 1, 2]
[0, 1, 5]
[0, 1, 7]
[0, 1, 4]
[0, 1, 3]
[0, 1, 6]
[0, 1, 2, 5]
[0, 1, 2, 7]
[0, 1, 2, 4]
[0, 1, 2, 3]
[0, 1, 2, 6]
[0, 1, 2, 5, 7]
[0, 1, 2, 5, 4]
[0, 1, 2, 5, 3]
[0, 1, 2, 5, 6]
[0, 1, 2, 5, 7, 4]
0.5789473684210527 0.75
itercount --------> 23
[0, 2, 1]
[0, 2, 5]
[0, 2, 7]
[0, 2, 3]
[0, 2, 4]
[0, 2, 6]
[0, 2, 1, 5]
[0, 2, 1, 7]
[0, 2, 1, 3]
0.75 0.7894736842105263
itercount --------> 24
[0, 1, 2]
[0, 1, 5]
[0, 1, 7]
[0, 1, 3]
[0, 1, 4]
[0, 1, 6]
[0, 1, 2, 5]
[0, 1, 2, 7]
[0, 1, 2, 3]
[0, 1, 2, 4]
[0, 1, 2, 6]
[0, 1, 2, 5, 7]
[0, 1, 2, 5, 3]
[0, 1, 2, 5, 4]
[0, 1, 2, 5, 6]
[0, 1, 2, 5, 7, 3]
[0, 1, 2, 5, 7, 4]
[0, 1, 2, 5, 7, 6]
[0, 1, 2, 5, 7, 3, 4]
[0, 1, 2, 5, 7, 3, 6]
[0, 1, 2, 5, 7, 3, 4, 6]
failed -> 7 times
after fail n ======> 6
[0, 1, 2, 3, 4, 5]
0.06451612903225806 0.07407407407407407
itercount --------> 1
[4, 6, 7]
0.07407407407407407 0.08163265306122448
itercount --------> 2
[0, 1, 5]
0.08163265306122448 0.12903225806451613
itercount --------> 3
[5, 2, 0]
0.12903225806451613 0.17391304347826086
itercount --------> 4
[2, 5, 4]
[2, 5, 3]
0.17391304347826086 0.18181818181818182
itercount --------> 5
[2, 4, 3]
0.18181818181818182 0.21052631578947367
itercount --------> 6
[0, 1, 2]
[0, 1, 5]
[0, 1, 4]
0.21052631578947367 0.26666666666666666
itercount --------> 7
[1, 2, 7]
0.26666666666666666 0.4
itercount --------> 8
[1, 7, 2]
0.4 0.5263157894736842
itercount --------> 9
[0, 1, 6]
[0, 1, 7]
[0, 1, 2]
0.5263157894736842 0.5555555555555556
itercount --------> 10
[0, 1, 2]
[0, 1, 5]
[0, 1, 7]
[0, 1, 3]
[0, 1, 6]
[0, 1, 4]
[0, 1, 2, 5]
[0, 1, 2, 7]
[0, 1, 2, 3]
[0, 1, 2, 6]
[0, 1, 2, 4]
[0, 1, 2, 5, 7]
[0, 1, 2, 5, 3]
[0, 1, 2, 5, 6]
[0, 1, 2, 5, 4]
[0, 1, 2, 5, 7, 3]
0.5555555555555556 0.5789473684210527
itercount --------> 11
[6, 7, 0]
[6, 7, 1]
[6, 7, 2]
[6, 7, 3]
[6, 7, 4]
[6, 7, 5]
[6, 7, 0, 1]
[6, 7, 0, 2]
[6, 7, 0, 3]
[6, 7, 0, 4]
[6, 7, 0, 5]
[6, 7, 0, 1, 2]
[6, 7, 0, 1, 3]
[6, 7, 0, 1, 4]
[6, 7, 0, 1, 5]
[6, 7, 0, 1, 2, 3]
[6, 7, 0, 1, 2, 4]
[6, 7, 0, 1, 2, 5]
[6, 7, 0, 1, 2, 3, 4]
[6, 7, 0, 1, 2, 3, 5]
[6, 7, 0, 1, 2, 3, 4, 5]
failed -> 8 times
after fail n ======> 7
[0, 1, 2, 3, 4, 5, 6]
0.06451612903225806 0.07407407407407407
itercount --------> 1
[3, 6, 7]
0.07407407407407407 0.11363636363636363
itercount --------> 2
[3, 0, 2]
0.11363636363636363 0.15384615384615385
itercount --------> 3
[1, 0, 5]
[1, 0, 3]
0.15384615384615385 0.2222222222222222
itercount --------> 4
[5, 0, 2]
0.2222222222222222 0.25
itercount --------> 5
[0, 2, 5]
[0, 2, 3]
0.25 0.2631578947368421
itercount --------> 6
[0, 1, 2]
[0, 1, 5]
[0, 1, 3]
[0, 1, 7]
[0, 1, 6]
0.2631578947368421 0.2777777777777778
itercount --------> 7
[3, 0, 1]
[3, 0, 2]
[3, 0, 5]
0.2777777777777778 0.3333333333333333
itercount --------> 8
[7, 5, 6]
0.3333333333333333 0.4
itercount --------> 9
[1, 7, 6]
[1, 7, 5]
0.4 0.45
itercount --------> 10
[0, 2, 5]
[0, 2, 7]
[0, 2, 1]
0.45 0.47368421052631576
itercount --------> 11
[0, 1, 2]
[0, 1, 5]
[0, 1, 7]
[0, 1, 4]
[0, 1, 6]
[0, 1, 3]
[0, 1, 2, 5]
0.47368421052631576 0.47619047619047616
itercount --------> 12
[7, 5, 6]
[7, 5, 3]
0.47619047619047616 0.5
itercount --------> 13
[0, 1, 2]
[0, 1, 5]
[0, 1, 7]
[0, 1, 4]
[0, 1, 6]
[0, 1, 3]
[0, 1, 2, 5]
[0, 1, 2, 7]
0.5 0.5263157894736842
itercount --------> 14
[0, 1, 2]
[0, 1, 5]
[0, 1, 7]
[0, 1, 6]
[0, 1, 3]
[0, 1, 4]
[0, 1, 2, 5]
[0, 1, 2, 7]
[0, 1, 2, 6]
0.5263157894736842 0.5555555555555556
itercount --------> 15
[0, 1, 2]
[0, 1, 5]
[0, 1, 7]
[0, 1, 4]
[0, 1, 6]
[0, 1, 3]
[0, 1, 2, 5]
[0, 1, 2, 7]
[0, 1, 2, 4]
[0, 1, 2, 6]
[0, 1, 2, 3]
[0, 1, 2, 5, 7]
[0, 1, 2, 5, 4]
[0, 1, 2, 5, 6]
[0, 1, 2, 5, 3]
[0, 1, 2, 5, 7, 4]
[0, 1, 2, 5, 7, 6]
[0, 1, 2, 5, 7, 3]
[0, 1, 2, 5, 7, 4, 6]
[0, 1, 2, 5, 7, 4, 3]
[0, 1, 2, 5, 7, 4, 6, 3]
failed -> 9 times
after fail n ======> 8
[0, 1, 2, 3, 4, 5, 6, 7]
0.06451612903225806 0.07407407407407407
itercount --------> 1
[4, 6, 7]
0.07407407407407407 0.08823529411764706
itercount --------> 2
[6, 0, 2]
0.08823529411764706 0.125
itercount --------> 3
[6, 7, 2]
0.125 0.16666666666666666
itercount --------> 4
[2, 0, 7]
[2, 0, 6]
0.16666666666666666 0.2
itercount --------> 5
[6, 2, 7]
0.2 0.21052631578947367
itercount --------> 6
[6, 7, 3]
[6, 7, 4]
[6, 7, 0]
0.21052631578947367 0.2222222222222222
itercount --------> 7
[0, 1, 2]
[0, 1, 5]
[0, 1, 6]
[0, 1, 7]
[0, 1, 3]
[0, 1, 4]
[0, 1, 2, 5]
[0, 1, 2, 6]
0.2222222222222222 0.23809523809523808
itercount --------> 8
[2, 7, 1]
0.23809523809523808 0.25
itercount --------> 9
[6, 7, 3]
[6, 7, 4]
0.25 0.35
itercount --------> 10
[0, 2, 7]
[0, 2, 6]
[0, 2, 3]
[0, 2, 4]
[0, 2, 5]
0.35 0.3888888888888889
itercount --------> 11
[5, 0, 1]
[5, 0, 2]
[5, 0, 7]
[5, 0, 4]
[5, 0, 6]
[5, 0, 3]
[5, 0, 1, 2]
[5, 0, 1, 7]
[5, 0, 1, 4]
0.3888888888888889 0.4
itercount --------> 12
[0, 2, 7]
[0, 2, 6]
[0, 2, 3]
[0, 2, 4]
[0, 2, 1]
[0, 2, 5]
[0, 2, 7, 6]
0.4 0.47368421052631576
itercount --------> 13
[3, 4, 6]
[3, 4, 7]
[3, 4, 0]
[3, 4, 1]
[3, 4, 2]
[3, 4, 5]
[3, 4, 6, 7]
0.47368421052631576 0.5
itercount --------> 14
[7, 3, 4]
[7, 3, 6]
[7, 3, 0]
[7, 3, 1]
[7, 3, 2]
[7, 3, 5]
[7, 3, 4, 6]
0.5 0.6111111111111112
itercount --------> 15
[7, 6, 0]
0.6111111111111112 0.7222222222222222
itercount --------> 16
[7, 0, 1]
[7, 0, 2]
[7, 0, 3]
[7, 0, 4]
[7, 0, 6]
[7, 0, 5]
[7, 0, 1, 2]
[7, 0, 1, 3]
[7, 0, 1, 4]
[7, 0, 1, 6]
[7, 0, 1, 5]
[7, 0, 1, 2, 3]
[7, 0, 1, 2, 4]
[7, 0, 1, 2, 6]
[7, 0, 1, 2, 5]
[7, 0, 1, 2, 3, 4]
[7, 0, 1, 2, 3, 6]
[7, 0, 1, 2, 3, 5]
[7, 0, 1, 2, 3, 4, 6]
[7, 0, 1, 2, 3, 4, 5]
[7, 0, 1, 2, 3, 4, 6, 5]
failed -> 10 times
after fail n ======> 5
[0, 1, 2, 3, 4]
0.06451612903225806 0.08695652173913043
itercount --------> 1
[1, 3, 4]
[1, 3, 5]
0.08695652173913043 0.11538461538461539
itercount --------> 2
[1, 4, 6]
[1, 4, 7]
0.11538461538461539 0.13953488372093023
itercount --------> 3
[1, 5, 0]
0.13953488372093023 0.17857142857142858
itercount --------> 4
[1, 6, 0]
0.17857142857142858 0.19230769230769232
itercount --------> 5
[6, 1, 7]
[6, 1, 0]
[6, 1, 2]
0.19230769230769232 0.20833333333333334
itercount --------> 6
[1, 2, 6]
[1, 2, 7]
[1, 2, 0]
0.20833333333333334 0.2631578947368421
itercount --------> 7
[0, 1, 2]
[0, 1, 5]
0.2631578947368421 0.2857142857142857
itercount --------> 8
[5, 6, 7]
0.2857142857142857 0.35714285714285715
itercount --------> 9
[5, 3, 0]
[5, 3, 1]
0.35714285714285715 0.391304347826087
itercount --------> 10
[1, 2, 7]
0.391304347826087 0.47368421052631576
itercount --------> 11
[1, 2, 7]
[1, 2, 4]
[1, 2, 6]
[1, 2, 0]
[1, 2, 3]
[1, 2, 5]
[1, 2, 7, 4]
[1, 2, 7, 6]
[1, 2, 7, 0]
[1, 2, 7, 3]
[1, 2, 7, 5]
0.47368421052631576 0.5
itercount --------> 12
[0, 1, 2]
[0, 1, 5]
[0, 1, 7]
[0, 1, 3]
[0, 1, 4]
[0, 1, 6]
[0, 1, 2, 5]
[0, 1, 2, 7]
[0, 1, 2, 3]
[0, 1, 2, 4]
[0, 1, 2, 6]
[0, 1, 2, 5, 7]
[0, 1, 2, 5, 3]
[0, 1, 2, 5, 4]
[0, 1, 2, 5, 6]
[0, 1, 2, 5, 7, 3]
[0, 1, 2, 5, 7, 4]
[0, 1, 2, 5, 7, 6]
[0, 1, 2, 5, 7, 3, 4]
[0, 1, 2, 5, 7, 3, 6]
[0, 1, 2, 5, 7, 3, 4, 6]
0.5 0.5238095238095238
itercount --------> 13
[1, 7, 3]
0.5238095238095238 0.75
itercount --------> 14
[0, 1, 2]
[0, 1, 5]
[0, 1, 3]
0.75 0.7894736842105263
itercount --------> 15
[0, 1, 2]
[0, 1, 5]
[0, 1, 7]
[0, 1, 3]
[0, 1, 4]
[0, 1, 6]
[0, 1, 2, 5]
[0, 1, 2, 7]
[0, 1, 2, 3]
[0, 1, 2, 4]
[0, 1, 2, 6]
[0, 1, 2, 5, 7]
[0, 1, 2, 5, 3]
[0, 1, 2, 5, 4]
[0, 1, 2, 5, 6]
[0, 1, 2, 5, 7, 3]
[0, 1, 2, 5, 7, 4]
[0, 1, 2, 5, 7, 6]
[0, 1, 2, 5, 7, 3, 4]
[0, 1, 2, 5, 7, 3, 6]
[0, 1, 2, 5, 7, 3, 4, 6]
0.7894736842105263 0.8
itercount --------> 16
[3, 7, 5]
[3, 7, 0]
[3, 7, 1]
[3, 7, 2]
[3, 7, 4]
[3, 7, 6]
[3, 7, 5, 0]
[3, 7, 5, 1]
[3, 7, 5, 2]
0.8 0.8421052631578947
itercount --------> 17
[0, 1, 2]
[0, 1, 7]
[0, 1, 3]
[0, 1, 4]
[0, 1, 5]
[0, 1, 6]
[0, 1, 2, 7]
[0, 1, 2, 3]
[0, 1, 2, 4]
[0, 1, 2, 5]
[0, 1, 2, 6]
[0, 1, 2, 7, 3]
[0, 1, 2, 7, 4]
[0, 1, 2, 7, 5]
[0, 1, 2, 7, 6]
[0, 1, 2, 7, 3, 4]
[0, 1, 2, 7, 3, 5]
[0, 1, 2, 7, 3, 6]
[0, 1, 2, 7, 3, 4, 5]
[0, 1, 2, 7, 3, 4, 6]
[0, 1, 2, 7, 3, 4, 5, 6]
failed -> 11 times
after fail n ======> 6
[0, 1, 2, 3, 4, 5]
0.06451612903225806 0.08
itercount --------> 1
[2, 0, 3]
0.08 0.09090909090909091
itercount --------> 2
[0, 3, 4]
[0, 3, 6]
0.09090909090909091 0.09523809523809523
itercount --------> 3
[0, 1, 2]
0.09523809523809523 0.1
itercount --------> 4
[0, 3, 4]
[0, 3, 6]
[0, 3, 7]
0.1 0.13043478260869565
itercount --------> 5
[5, 4, 6]
[5, 4, 7]
0.13043478260869565 0.13333333333333333
itercount --------> 6
[0, 6, 7]
0.13333333333333333 0.19230769230769232
itercount --------> 7
[5, 7, 3]
0.19230769230769232 0.3103448275862069
itercount --------> 8
[0, 5, 7]
[0, 5, 3]
[0, 5, 4]
0.3103448275862069 0.35
itercount --------> 9
[7, 3, 4]
0.35 0.45454545454545453
itercount --------> 10
[6, 0, 1]
[6, 0, 2]
[6, 0, 7]
[6, 0, 3]
[6, 0, 4]
[6, 0, 5]
0.45454545454545453 0.5263157894736842
itercount --------> 11
[6, 7, 3]
0.5263157894736842 0.5555555555555556
itercount --------> 12
[0, 1, 2]
[0, 1, 3]
[0, 1, 7]
[0, 1, 4]
[0, 1, 5]
[0, 1, 6]
[0, 1, 2, 3]
[0, 1, 2, 7]
[0, 1, 2, 4]
[0, 1, 2, 5]
[0, 1, 2, 6]
[0, 1, 2, 3, 7]
[0, 1, 2, 3, 4]
[0, 1, 2, 3, 5]
[0, 1, 2, 3, 6]
[0, 1, 2, 3, 7, 4]
[0, 1, 2, 3, 7, 5]
[0, 1, 2, 3, 7, 6]
[0, 1, 2, 3, 7, 4, 5]
[0, 1, 2, 3, 7, 4, 6]
[0, 1, 2, 3, 7, 4, 5, 6]
0.5555555555555556 0.6666666666666666
itercount --------> 13
[7, 0, 1]
[7, 0, 2]
[7, 0, 3]
[7, 0, 4]
[7, 0, 5]
[7, 0, 6]
[7, 0, 1, 2]
[7, 0, 1, 3]
[7, 0, 1, 4]
[7, 0, 1, 5]
[7, 0, 1, 6]
[7, 0, 1, 2, 3]
[7, 0, 1, 2, 4]
[7, 0, 1, 2, 5]
[7, 0, 1, 2, 6]
[7, 0, 1, 2, 3, 4]
[7, 0, 1, 2, 3, 5]
0.6666666666666666 0.7222222222222222
itercount --------> 14
[7, 0, 1]
[7, 0, 2]
[7, 0, 3]
[7, 0, 4]
[7, 0, 6]
[7, 0, 5]
[7, 0, 1, 2]
[7, 0, 1, 3]
[7, 0, 1, 4]
[7, 0, 1, 6]
[7, 0, 1, 5]
[7, 0, 1, 2, 3]
[7, 0, 1, 2, 4]
[7, 0, 1, 2, 6]
[7, 0, 1, 2, 5]
[7, 0, 1, 2, 3, 4]
[7, 0, 1, 2, 3, 6]
[7, 0, 1, 2, 3, 5]
[7, 0, 1, 2, 3, 4, 6]
[7, 0, 1, 2, 3, 4, 5]
[7, 0, 1, 2, 3, 4, 6, 5]
failed -> 12 times
after fail n ======> 7
[0, 1, 2, 3, 4, 5, 6]
0.06451612903225806 0.08695652173913043
itercount --------> 1
[0, 3, 4]
[0, 3, 5]
[0, 3, 6]
[0, 3, 7]
0.08695652173913043 0.11538461538461539
itercount --------> 2
[0, 4, 6]
[0, 4, 7]
0.11538461538461539 0.12121212121212122
itercount --------> 3
[0, 6, 1]
0.12121212121212122 0.15789473684210525
itercount --------> 4
[6, 7, 3]
[6, 7, 4]
[6, 7, 0]
[6, 7, 1]
0.15789473684210525 0.17391304347826086
itercount --------> 5
[6, 7, 1]
[6, 7, 2]
[6, 7, 3]
0.17391304347826086 0.20833333333333334
itercount --------> 6
[6, 1, 2]
0.20833333333333334 0.2222222222222222
itercount --------> 7
[2, 6, 3]
0.2222222222222222 0.23333333333333334
itercount --------> 8
[2, 4, 7]
[2, 4, 6]
[2, 4, 3]
0.23333333333333334 0.2857142857142857
itercount --------> 9
[2, 6, 3]
0.2857142857142857 0.36
itercount --------> 10
[2, 6, 1]
0.36 0.3684210526315789
itercount --------> 11
[6, 7, 3]
[6, 7, 4]
[6, 7, 0]
[6, 7, 1]
[6, 7, 2]
0.3684210526315789 0.4090909090909091
itercount --------> 12
[6, 1, 2]
[6, 1, 3]
[6, 1, 7]
0.4090909090909091 0.55
itercount --------> 13
[6, 3, 7]
[6, 3, 4]
[6, 3, 1]
[6, 3, 2]
[6, 3, 0]
[6, 3, 5]
[6, 3, 7, 4]
[6, 3, 7, 1]
[6, 3, 7, 2]
[6, 3, 7, 0]
[6, 3, 7, 5]
[6, 3, 7, 4, 1]
[6, 3, 7, 4, 2]
0.55 0.5789473684210527
itercount --------> 14
[6, 1, 2]
[6, 1, 7]
[6, 1, 3]
[6, 1, 4]
[6, 1, 0]
[6, 1, 5]
[6, 1, 2, 7]
[6, 1, 2, 3]
[6, 1, 2, 4]
[6, 1, 2, 0]
0.5789473684210527 0.6111111111111112
itercount --------> 15
[7, 0, 1]
[7, 0, 2]
[7, 0, 3]
0.6111111111111112 0.6666666666666666
itercount --------> 16
[0, 1, 2]
[0, 1, 7]
[0, 1, 5]
[0, 1, 4]
[0, 1, 3]
[0, 1, 6]
[0, 1, 2, 7]
[0, 1, 2, 5]
[0, 1, 2, 4]
[0, 1, 2, 3]
[0, 1, 2, 6]
[0, 1, 2, 7, 5]
[0, 1, 2, 7, 4]
[0, 1, 2, 7, 3]
[0, 1, 2, 7, 6]
[0, 1, 2, 7, 5, 4]
[0, 1, 2, 7, 5, 3]
[0, 1, 2, 7, 5, 6]
[0, 1, 2, 7, 5, 4, 3]
[0, 1, 2, 7, 5, 4, 6]
[0, 1, 2, 7, 5, 4, 3, 6]
failed -> 13 times
after fail n ======> 8
[0, 1, 2, 3, 4, 5, 6, 7]
0.06451612903225806 0.08695652173913043
itercount --------> 1
[1, 3, 4]
[1, 3, 5]
[1, 3, 6]
[1, 3, 7]
[1, 3, 0]
[1, 3, 2]
0.08695652173913043 0.1
itercount --------> 2
[1, 3, 4]
0.1 0.10526315789473684
itercount --------> 3
[0, 1, 2]
[0, 1, 3]
[0, 1, 4]
[0, 1, 5]
[0, 1, 6]
[0, 1, 7]
[0, 1, 2, 3]
0.10526315789473684 0.14285714285714285
itercount --------> 4
[1, 4, 6]
0.14285714285714285 0.19047619047619047
itercount --------> 5
[1, 4, 7]
0.19047619047619047 0.2857142857142857
itercount --------> 6
[7, 1, 4]
[7, 1, 6]
[7, 1, 2]
[7, 1, 3]
0.2857142857142857 0.2916666666666667
itercount --------> 7
[7, 1, 2]
0.2916666666666667 0.3333333333333333
itercount --------> 8
[1, 2, 7]
0.3333333333333333 0.4
itercount --------> 9
[1, 2, 7]
[1, 2, 0]
[1, 2, 4]
0.4 0.5384615384615384
itercount --------> 10
[1, 2, 7]
[1, 2, 0]
0.5384615384615384 0.6086956521739131
itercount --------> 11
[2, 7, 1]
0.6086956521739131 0.6153846153846154
itercount --------> 12
[1, 2, 0]
[1, 2, 5]
0.6153846153846154 0.625
itercount --------> 13
[2, 1, 0]
[2, 1, 5]
[2, 1, 3]
[2, 1, 4]
0.625 0.6521739130434783
itercount --------> 14
[1, 2, 0]
[1, 2, 5]
[1, 2, 4]
[1, 2, 6]
[1, 2, 7]
[1, 2, 3]
0.6521739130434783 0.6666666666666666
itercount --------> 15
[1, 0, 2]
[1, 0, 7]
0.6666666666666666 0.6818181818181818
itercount --------> 16
[1, 0, 2]
[1, 0, 5]
0.6818181818181818 0.7142857142857143
itercount --------> 17
[1, 0, 2]
[1, 0, 5]
[1, 0, 7]
[1, 0, 3]
[1, 0, 4]
[1, 0, 6]
[1, 0, 2, 5]
0.7142857142857143 0.75
itercount --------> 18
[1, 0, 2]
[1, 0, 5]
[1, 0, 7]
[1, 0, 3]
[1, 0, 4]
[1, 0, 6]
[1, 0, 2, 5]
[1, 0, 2, 7]
[1, 0, 2, 3]
[1, 0, 2, 4]
[1, 0, 2, 6]
[1, 0, 2, 5, 7]
[1, 0, 2, 5, 3]
[1, 0, 2, 5, 4]
[1, 0, 2, 5, 6]
[1, 0, 2, 5, 7, 3]
[1, 0, 2, 5, 7, 4]
[1, 0, 2, 5, 7, 6]
[1, 0, 2, 5, 7, 3, 4]
[1, 0, 2, 5, 7, 3, 6]
[1, 0, 2, 5, 7, 3, 4, 6]
failed -> 14 times
after fail n ======> 5
[0, 1, 2, 3, 4]
0.06451612903225806 0.08
itercount --------> 1
[1, 2, 3]
0.08 0.08695652173913043
itercount --------> 2
[1, 3, 4]
[1, 3, 5]
[1, 3, 6]
[1, 3, 7]
0.08695652173913043 0.09523809523809523
itercount --------> 3
[1, 4, 6]
0.09523809523809523 0.12903225806451613
itercount --------> 4
[1, 4, 7]
0.12903225806451613 0.16666666666666666
itercount --------> 5
[1, 4, 0]
0.16666666666666666 0.22727272727272727
itercount --------> 6
[1, 4, 3]
0.22727272727272727 0.2857142857142857
itercount --------> 7
[0, 1, 2]
[0, 1, 4]
0.2857142857142857 0.391304347826087
itercount --------> 8
[3, 1, 4]
[3, 1, 0]
[3, 1, 2]
0.391304347826087 0.4090909090909091
itercount --------> 9
[3, 4, 0]
[3, 4, 1]
[3, 4, 2]
[3, 4, 7]
[3, 4, 6]
[3, 4, 5]
[3, 4, 0, 1]
0.4090909090909091 0.45
itercount --------> 10
[3, 4, 7]
[3, 4, 0]
[3, 4, 1]
[3, 4, 2]
[3, 4, 6]
[3, 4, 5]
[3, 4, 7, 0]
[3, 4, 7, 1]
[3, 4, 7, 2]
[3, 4, 7, 6]
[3, 4, 7, 5]
[3, 4, 7, 0, 1]
[3, 4, 7, 0, 2]
[3, 4, 7, 0, 6]
[3, 4, 7, 0, 5]
0.45 0.47368421052631576
itercount --------> 11
[3, 4, 7]
[3, 4, 6]
[3, 4, 0]
[3, 4, 1]
[3, 4, 2]
[3, 4, 5]
[3, 4, 7, 6]
[3, 4, 7, 0]
[3, 4, 7, 1]
[3, 4, 7, 2]
[3, 4, 7, 5]
[3, 4, 7, 6, 0]
[3, 4, 7, 6, 1]
[3, 4, 7, 6, 2]
[3, 4, 7, 6, 5]
[3, 4, 7, 6, 0, 1]
[3, 4, 7, 6, 0, 2]
[3, 4, 7, 6, 0, 5]
[3, 4, 7, 6, 0, 1, 2]
[3, 4, 7, 6, 0, 1, 5]
[3, 4, 7, 6, 0, 1, 2, 5]
failed -> 15 times
after fail n ======> 6
[0, 1, 2, 3, 4, 5]
0.06451612903225806 0.11538461538461539
itercount --------> 1
[0, 3, 6]
[0, 3, 7]
0.11538461538461539 0.13953488372093023
itercount --------> 2
[0, 5, 1]
0.13953488372093023 0.2222222222222222
itercount --------> 3
[5, 6, 0]
0.2222222222222222 0.25
itercount --------> 4
[0, 1, 2]
[0, 1, 5]
[0, 1, 6]
[0, 1, 7]
[0, 1, 3]
[0, 1, 4]
[0, 1, 2, 5]
0.25 0.2727272727272727
itercount --------> 5
[5, 6, 7]
0.2727272727272727 0.3
itercount --------> 6
[5, 4, 3]
0.3 0.32
itercount --------> 7
[5, 4, 7]
[5, 4, 3]
[5, 4, 0]
[5, 4, 1]
0.32 0.38095238095238093
itercount --------> 8
[0, 1, 2]
[0, 1, 5]
[0, 1, 7]
0.38095238095238093 0.5263157894736842
itercount --------> 9
[0, 1, 2]
[0, 1, 5]
[0, 1, 7]
[0, 1, 3]
[0, 1, 4]
[0, 1, 6]
[0, 1, 2, 5]
[0, 1, 2, 7]
[0, 1, 2, 3]
[0, 1, 2, 4]
[0, 1, 2, 6]
0.5263157894736842 0.5555555555555556
itercount --------> 10
[0, 1, 2]
[0, 1, 5]
[0, 1, 7]
[0, 1, 3]
[0, 1, 4]
[0, 1, 6]
[0, 1, 2, 5]
[0, 1, 2, 7]
[0, 1, 2, 3]
[0, 1, 2, 4]
[0, 1, 2, 6]
[0, 1, 2, 5, 7]
[0, 1, 2, 5, 3]
[0, 1, 2, 5, 4]
[0, 1, 2, 5, 6]
[0, 1, 2, 5, 7, 3]
[0, 1, 2, 5, 7, 4]
0.5555555555555556 0.5789473684210527
itercount --------> 11
[3, 7, 0]
[3, 7, 1]
[3, 7, 2]
[3, 7, 4]
[3, 7, 5]
[3, 7, 6]
[3, 7, 0, 1]
[3, 7, 0, 2]
[3, 7, 0, 4]
[3, 7, 0, 5]
[3, 7, 0, 6]
[3, 7, 0, 1, 2]
[3, 7, 0, 1, 4]
[3, 7, 0, 1, 5]
[3, 7, 0, 1, 6]
[3, 7, 0, 1, 2, 4]
[3, 7, 0, 1, 2, 5]
[3, 7, 0, 1, 2, 6]
[3, 7, 0, 1, 2, 4, 5]
[3, 7, 0, 1, 2, 4, 6]
[3, 7, 0, 1, 2, 4, 5, 6]
failed -> 16 times
after fail n ======> 7
[0, 1, 2, 3, 4, 5, 6]
0.06451612903225806 0.08695652173913043
itercount --------> 1
[2, 3, 4]
[2, 3, 5]
[2, 3, 6]
[2, 3, 7]
[2, 3, 0]
[2, 3, 1]
0.08695652173913043 0.09523809523809523
itercount --------> 2
[1, 3, 4]
[1, 3, 5]
[1, 3, 6]
[1, 3, 7]
[1, 3, 2]
[1, 3, 0]
0.09523809523809523 0.1
itercount --------> 3
[5, 2, 3]
[5, 2, 4]
[5, 2, 6]
0.1 0.10714285714285714
itercount --------> 4
[2, 5, 4]
0.10714285714285714 0.13636363636363635
itercount --------> 5
[5, 2, 4]
[5, 2, 7]
[5, 2, 3]
0.13636363636363635 0.16
itercount --------> 6
[4, 5, 7]
0.16 0.1724137931034483
itercount --------> 7
[5, 4, 2]
[5, 4, 3]
0.1724137931034483 0.2571428571428571
itercount --------> 8
[2, 5, 7]
0.2571428571428571 0.25925925925925924
itercount --------> 9
[5, 7, 2]
[5, 7, 0]
[5, 7, 1]
0.25925925925925924 0.2608695652173913
itercount --------> 10
[7, 0, 3]
0.2608695652173913 0.3157894736842105
itercount --------> 11
[2, 7, 5]
0.3157894736842105 0.3333333333333333
itercount --------> 12
[7, 0, 1]
[7, 0, 2]
[7, 0, 5]
[7, 0, 3]
[7, 0, 4]
[7, 0, 6]
[7, 0, 1, 2]
[7, 0, 1, 5]
[7, 0, 1, 3]
[7, 0, 1, 4]
[7, 0, 1, 6]
[7, 0, 1, 2, 5]
[7, 0, 1, 2, 3]
[7, 0, 1, 2, 4]
[7, 0, 1, 2, 6]
[7, 0, 1, 2, 5, 3]
[7, 0, 1, 2, 5, 4]
[7, 0, 1, 2, 5, 6]
[7, 0, 1, 2, 5, 3, 4]
[7, 0, 1, 2, 5, 3, 6]
[7, 0, 1, 2, 5, 3, 4, 6]
failed -> 17 times
after fail n ======> 8
[0, 1, 2, 3, 4, 5, 6, 7]
0.06451612903225806 0.07894736842105263
itercount --------> 1
[0, 1, 2]
0.07894736842105263 0.15
itercount --------> 2
[0, 1, 2]
[0, 1, 3]
0.15 0.18181818181818182
itercount --------> 3
[0, 4, 3]
0.18181818181818182 0.32142857142857145
itercount --------> 4
[0, 6, 3]
[0, 6, 4]
[0, 6, 7]
[0, 6, 1]
0.32142857142857145 0.3333333333333333
itercount --------> 5
[6, 0, 3]
[6, 0, 4]
[6, 0, 7]
[6, 0, 1]
0.3333333333333333 0.35294117647058826
itercount --------> 6
[1, 6, 0]
0.35294117647058826 0.48
itercount --------> 7
[6, 0, 1]
[6, 0, 2]
[6, 0, 3]
[6, 0, 4]
[6, 0, 7]
[6, 0, 5]
[6, 0, 1, 2]
[6, 0, 1, 3]
[6, 0, 1, 4]
[6, 0, 1, 7]
[6, 0, 1, 5]
0.48 0.5
itercount --------> 8
[6, 0, 3]
[6, 0, 4]
[6, 0, 7]
[6, 0, 1]
[6, 0, 2]
[6, 0, 5]
[6, 0, 3, 4]
[6, 0, 3, 7]
[6, 0, 3, 1]
[6, 0, 3, 2]
[6, 0, 3, 5]
[6, 0, 3, 4, 7]
[6, 0, 3, 4, 1]
[6, 0, 3, 4, 2]
[6, 0, 3, 4, 5]
[6, 0, 3, 4, 7, 1]
[6, 0, 3, 4, 7, 2]
[6, 0, 3, 4, 7, 5]
[6, 0, 3, 4, 7, 1, 2]
[6, 0, 3, 4, 7, 1, 5]
[6, 0, 3, 4, 7, 1, 2, 5]
failed -> 18 times
after fail n ======> 5
[0, 1, 2, 3, 4]
0.06451612903225806 0.07407407407407407
itercount --------> 1
[5, 3, 1]
[5, 3, 7]
[5, 3, 4]
0.07407407407407407 0.08333333333333333
itercount --------> 2
[5, 1, 3]
[5, 1, 0]
[5, 1, 2]
[5, 1, 6]
[5, 1, 7]
[5, 1, 4]
[5, 1, 3, 0]
0.08333333333333333 0.10344827586206896
itercount --------> 3
[2, 6, 5]
0.10344827586206896 0.12903225806451613
itercount --------> 4
[2, 6, 7]
0.12903225806451613 0.1388888888888889
itercount --------> 5
[2, 6, 5]
0.1388888888888889 0.1951219512195122
itercount --------> 6
[2, 0, 5]
0.1951219512195122 0.2564102564102564
itercount --------> 7
[2, 0, 5]
0.2564102564102564 0.30303030303030304
itercount --------> 8
[7, 2, 5]
0.30303030303030304 0.3076923076923077
itercount --------> 9
[7, 2, 0]
0.3076923076923077 0.35714285714285715
itercount --------> 10
[0, 7, 5]
0.35714285714285715 0.36363636363636365
itercount --------> 11
[2, 7, 0]
0.36363636363636365 0.4
itercount --------> 12
[0, 1, 2]
[0, 1, 7]
0.4 0.4444444444444444
itercount --------> 13
[0, 1, 2]
[0, 1, 5]
[0, 1, 7]
[0, 1, 3]
[0, 1, 4]
[0, 1, 6]
[0, 1, 2, 5]
[0, 1, 2, 7]
[0, 1, 2, 3]
[0, 1, 2, 4]
[0, 1, 2, 6]
[0, 1, 2, 5, 7]
[0, 1, 2, 5, 3]
[0, 1, 2, 5, 4]
[0, 1, 2, 5, 6]
[0, 1, 2, 5, 7, 3]
[0, 1, 2, 5, 7, 4]
[0, 1, 2, 5, 7, 6]
[0, 1, 2, 5, 7, 3, 4]
[0, 1, 2, 5, 7, 3, 6]
[0, 1, 2, 5, 7, 3, 4, 6]
failed -> 19 times
after fail n ======> 6
[0, 1, 2, 3, 4, 5]
0.06451612903225806 0.08
itercount --------> 1
[0, 1, 3]
0.08 0.09523809523809523
itercount --------> 2
[1, 3, 4]
[1, 3, 5]
[1, 3, 6]
[1, 3, 7]
0.09523809523809523 0.13043478260869565
itercount --------> 3
[0, 4, 6]
0.13043478260869565 0.17647058823529413
itercount --------> 4
[0, 1, 6]
0.17647058823529413 0.34285714285714286
itercount --------> 5
[1, 2, 0]
0.34285714285714286 0.48
itercount --------> 6
[3, 0, 1]
[3, 0, 2]
[3, 0, 4]
[3, 0, 6]
[3, 0, 7]
[3, 0, 5]
[3, 0, 1, 2]
[3, 0, 1, 4]
[3, 0, 1, 6]
0.48 0.5
itercount --------> 7
[0, 6, 1]
[0, 6, 4]
[0, 6, 7]
[0, 6, 3]
[0, 6, 2]
[0, 6, 5]
[0, 6, 1, 4]
[0, 6, 1, 7]
[0, 6, 1, 3]
[0, 6, 1, 2]
[0, 6, 1, 5]
[0, 6, 1, 4, 7]
[0, 6, 1, 4, 3]
0.5 0.5238095238095238
itercount --------> 8
[1, 3, 4]
[1, 3, 7]
[1, 3, 6]
[1, 3, 0]
[1, 3, 2]
[1, 3, 5]
[1, 3, 4, 7]
[1, 3, 4, 6]
0.5238095238095238 0.5416666666666666
itercount --------> 9
[1, 3, 7]
[1, 3, 4]
[1, 3, 6]
[1, 3, 0]
[1, 3, 2]
0.5416666666666666 0.6666666666666666
itercount --------> 10
[2, 4, 6]
[2, 4, 7]
[2, 4, 0]
[2, 4, 1]
[2, 4, 3]
[2, 4, 5]
[2, 4, 6, 7]
[2, 4, 6, 0]
[2, 4, 6, 1]
[2, 4, 6, 3]
[2, 4, 6, 5]
[2, 4, 6, 7, 0]
[2, 4, 6, 7, 1]
[2, 4, 6, 7, 3]
[2, 4, 6, 7, 5]
[2, 4, 6, 7, 0, 1]
[2, 4, 6, 7, 0, 3]
[2, 4, 6, 7, 0, 5]
[2, 4, 6, 7, 0, 1, 3]
[2, 4, 6, 7, 0, 1, 5]
[2, 4, 6, 7, 0, 1, 3, 5]
failed -> 20 times
after fail n ======> 7
[0, 1, 2, 3, 4, 5, 6]
0.06451612903225806 0.07894736842105263
itercount --------> 1
[0, 1, 2]
[0, 1, 4]
0.07894736842105263 0.11538461538461539
itercount --------> 2
[2, 4, 6]
0.11538461538461539 0.125
itercount --------> 3
[2, 7, 0]
0.125 0.15789473684210525
itercount --------> 4
[0, 1, 2]
[0, 1, 6]
0.15789473684210525 0.16
itercount --------> 5
[1, 7, 6]
[1, 7, 3]
0.16 0.3076923076923077
itercount --------> 6
[1, 4, 6]
0.3076923076923077 0.38461538461538464
itercount --------> 7
[1, 3, 4]
[1, 3, 6]
[1, 3, 7]
[1, 3, 0]
[1, 3, 5]
0.38461538461538464 0.391304347826087
itercount --------> 8
[3, 7, 4]
[3, 7, 6]
[3, 7, 1]
[3, 7, 5]
[3, 7, 0]
0.391304347826087 0.39285714285714285
itercount --------> 9
[0, 3, 6]
[0, 3, 2]
[0, 3, 7]
[0, 3, 1]
[0, 3, 5]
0.39285714285714285 0.4074074074074074
itercount --------> 10
[5, 3, 4]
[5, 3, 6]
[5, 3, 7]
[5, 3, 0]
0.4074074074074074 0.44
itercount --------> 11
[3, 1, 5]
[3, 1, 7]
[3, 1, 0]
[3, 1, 4]
[3, 1, 6]
[3, 1, 2]
0.44 0.4782608695652174
itercount --------> 12
[3, 7, 0]
[3, 7, 1]
[3, 7, 4]
[3, 7, 6]
[3, 7, 5]
[3, 7, 2]
[3, 7, 0, 1]
[3, 7, 0, 4]
[3, 7, 0, 6]
[3, 7, 0, 5]
0.4782608695652174 0.5
itercount --------> 13
[3, 0, 1]
[3, 0, 4]
[3, 0, 6]
[3, 0, 7]
[3, 0, 2]
[3, 0, 5]
[3, 0, 1, 4]
0.5 0.5238095238095238
itercount --------> 14
[1, 4, 6]
[1, 4, 3]
[1, 4, 7]
[1, 4, 5]
[1, 4, 0]
[1, 4, 2]
[1, 4, 6, 3]
[1, 4, 6, 7]
[1, 4, 6, 5]
0.5238095238095238 0.55
itercount --------> 15
[3, 7, 4]
[3, 7, 6]
[3, 7, 0]
[3, 7, 1]
[3, 7, 2]
[3, 7, 5]
[3, 7, 4, 6]
[3, 7, 4, 0]
[3, 7, 4, 1]
[3, 7, 4, 2]
[3, 7, 4, 5]
[3, 7, 4, 6, 0]
[3, 7, 4, 6, 1]
[3, 7, 4, 6, 2]
[3, 7, 4, 6, 5]
[3, 7, 4, 6, 0, 1]
[3, 7, 4, 6, 0, 2]
[3, 7, 4, 6, 0, 5]
[3, 7, 4, 6, 0, 1, 2]
[3, 7, 4, 6, 0, 1, 5]
[3, 7, 4, 6, 0, 1, 2, 5]
0.55 0.5789473684210527
itercount --------> 16
[7, 3, 4]
[7, 3, 6]
[7, 3, 5]
[7, 3, 0]
[7, 3, 1]
[7, 3, 2]
[7, 3, 4, 6]
[7, 3, 4, 5]
[7, 3, 4, 0]
[7, 3, 4, 1]
[7, 3, 4, 2]
[7, 3, 4, 6, 5]
[7, 3, 4, 6, 0]
[7, 3, 4, 6, 1]
[7, 3, 4, 6, 2]
[7, 3, 4, 6, 5, 0]
[7, 3, 4, 6, 5, 1]
[7, 3, 4, 6, 5, 2]
[7, 3, 4, 6, 5, 0, 1]
[7, 3, 4, 6, 5, 0, 2]
[7, 3, 4, 6, 5, 0, 1, 2]
failed -> 21 times
after fail n ======> 8
[0, 1, 2, 3, 4, 5, 6, 7]
0.06451612903225806 0.08695652173913043
itercount --------> 1
[1, 3, 4]
0.08695652173913043 0.11538461538461539
itercount --------> 2
[1, 4, 6]
[1, 4, 7]
[1, 4, 5]
0.11538461538461539 0.13636363636363635
itercount --------> 3
[1, 6, 7]
0.13636363636363635 0.17391304347826086
itercount --------> 4
[6, 0, 2]
[6, 0, 1]
0.17391304347826086 0.2222222222222222
itercount --------> 5
[6, 0, 1]
[6, 0, 2]
[6, 0, 5]
[6, 0, 3]
[6, 0, 4]
[6, 0, 7]
[6, 0, 1, 2]
[6, 0, 1, 5]
[6, 0, 1, 3]
[6, 0, 1, 4]
[6, 0, 1, 7]
[6, 0, 1, 2, 5]
[6, 0, 1, 2, 3]
[6, 0, 1, 2, 4]
[6, 0, 1, 2, 7]
[6, 0, 1, 2, 5, 3]
[6, 0, 1, 2, 5, 4]
[6, 0, 1, 2, 5, 7]
[6, 0, 1, 2, 5, 3, 4]
0.2222222222222222 0.25
itercount --------> 6
[0, 2, 6]
0.25 0.2631578947368421
itercount --------> 7
[0, 1, 2]
[0, 1, 6]
[0, 1, 5]
[0, 1, 4]
[0, 1, 7]
[0, 1, 3]
[0, 1, 2, 6]
[0, 1, 2, 5]
[0, 1, 2, 4]
[0, 1, 2, 7]
[0, 1, 2, 3]
0.2631578947368421 0.2777777777777778
itercount --------> 8
[6, 0, 1]
[6, 0, 2]
[6, 0, 5]
[6, 0, 4]
[6, 0, 7]
[6, 0, 3]
[6, 0, 1, 2]
[6, 0, 1, 5]
[6, 0, 1, 4]
[6, 0, 1, 7]
[6, 0, 1, 3]
[6, 0, 1, 2, 5]
[6, 0, 1, 2, 4]
[6, 0, 1, 2, 7]
[6, 0, 1, 2, 3]
[6, 0, 1, 2, 5, 4]
[6, 0, 1, 2, 5, 7]
[6, 0, 1, 2, 5, 3]
[6, 0, 1, 2, 5, 4, 7]
0.2777777777777778 0.3157894736842105
itercount --------> 9
[0, 1, 2]
[0, 1, 6]
[0, 1, 5]
[0, 1, 3]
[0, 1, 7]
[0, 1, 4]
[0, 1, 2, 6]
[0, 1, 2, 5]
[0, 1, 2, 3]
[0, 1, 2, 7]
[0, 1, 2, 4]
0.3157894736842105 0.3333333333333333
itercount --------> 10
[6, 0, 1]
[6, 0, 2]
[6, 0, 5]
[6, 0, 3]
[6, 0, 4]
[6, 0, 7]
[6, 0, 1, 2]
[6, 0, 1, 5]
[6, 0, 1, 3]
[6, 0, 1, 4]
[6, 0, 1, 7]
[6, 0, 1, 2, 5]
[6, 0, 1, 2, 3]
[6, 0, 1, 2, 4]
[6, 0, 1, 2, 7]
[6, 0, 1, 2, 5, 3]
[6, 0, 1, 2, 5, 4]
[6, 0, 1, 2, 5, 7]
[6, 0, 1, 2, 5, 3, 4]
0.3333333333333333 0.3684210526315789
itercount --------> 11
[6, 7, 3]
[6, 7, 4]
[6, 7, 0]
[6, 7, 1]
[6, 7, 2]
[6, 7, 5]
[6, 7, 3, 4]
[6, 7, 3, 0]
[6, 7, 3, 1]
[6, 7, 3, 2]
[6, 7, 3, 5]
[6, 7, 3, 4, 0]
[6, 7, 3, 4, 1]
[6, 7, 3, 4, 2]
[6, 7, 3, 4, 5]
[6, 7, 3, 4, 0, 1]
[6, 7, 3, 4, 0, 2]
[6, 7, 3, 4, 0, 5]
[6, 7, 3, 4, 0, 1, 2]
[6, 7, 3, 4, 0, 1, 5]
[6, 7, 3, 4, 0, 1, 2, 5]
failed -> 22 times
after fail n ======> 5
[0, 1, 2, 3, 4]
0.06451612903225806 0.07407407407407407
itercount --------> 1
[5, 3, 1]
[5, 3, 7]
[5, 3, 4]
0.07407407407407407 0.08333333333333333
itercount --------> 2
[5, 1, 3]
[5, 1, 0]
[5, 1, 2]
0.08333333333333333 0.10344827586206896
itercount --------> 3
[0, 6, 5]
0.10344827586206896 0.13333333333333333
itercount --------> 4
[0, 6, 7]
0.13333333333333333 0.16129032258064516
itercount --------> 5
[0, 6, 2]
[0, 6, 7]
[0, 6, 3]
0.16129032258064516 0.1724137931034483
itercount --------> 6
[0, 2, 6]
0.1724137931034483 0.25
itercount --------> 7
[0, 2, 5]
[0, 2, 6]
[0, 2, 7]
[0, 2, 1]
[0, 2, 3]
0.25 0.2631578947368421
itercount --------> 8
[0, 1, 2]
[0, 1, 6]
0.2631578947368421 0.2727272727272727
itercount --------> 9
[5, 0, 4]
0.2727272727272727 0.3181818181818182
itercount --------> 10
[1, 0, 4]
0.3181818181818182 0.3333333333333333
itercount --------> 11
[1, 6, 4]
[1, 6, 0]
0.3333333333333333 0.5238095238095238
itercount --------> 12
[1, 0, 6]
[1, 0, 7]
[1, 0, 4]
[1, 0, 5]
[1, 0, 2]
[1, 0, 3]
[1, 0, 6, 7]
[1, 0, 6, 4]
[1, 0, 6, 5]
[1, 0, 6, 2]
[1, 0, 6, 3]
[1, 0, 6, 7, 4]
[1, 0, 6, 7, 5]
[1, 0, 6, 7, 2]
[1, 0, 6, 7, 3]
[1, 0, 6, 7, 4, 5]
0.5238095238095238 0.625
itercount --------> 13
[0, 1, 2]
[0, 1, 5]
0.625 0.6818181818181818
itercount --------> 14
[0, 1, 2]
[0, 1, 5]
[0, 1, 3]
[0, 1, 4]
[0, 1, 6]
[0, 1, 7]
[0, 1, 2, 5]
[0, 1, 2, 3]
[0, 1, 2, 4]
0.6818181818181818 0.7142857142857143
itercount --------> 15
[0, 1, 2]
[0, 1, 5]
[0, 1, 3]
[0, 1, 6]
[0, 1, 7]
[0, 1, 4]
[0, 1, 2, 5]
0.7142857142857143 0.75
itercount --------> 16
[0, 1, 2]
[0, 1, 5]
[0, 1, 3]
[0, 1, 6]
[0, 1, 7]
[0, 1, 4]
[0, 1, 2, 5]
[0, 1, 2, 3]
[0, 1, 2, 6]
[0, 1, 2, 7]
[0, 1, 2, 4]
[0, 1, 2, 5, 3]
[0, 1, 2, 5, 6]
[0, 1, 2, 5, 7]
[0, 1, 2, 5, 4]
[0, 1, 2, 5, 3, 6]
[0, 1, 2, 5, 3, 7]
[0, 1, 2, 5, 3, 4]
[0, 1, 2, 5, 3, 6, 7]
[0, 1, 2, 5, 3, 6, 4]
[0, 1, 2, 5, 3, 6, 7, 4]
failed -> 23 times
after fail n ======> 6
[0, 1, 2, 3, 4, 5]
0.06451612903225806 0.08
itercount --------> 1
[2, 0, 3]
0.08 0.09090909090909091
itercount --------> 2
[0, 3, 4]
0.09090909090909091 0.09523809523809523
itercount --------> 3
[0, 1, 2]
0.09523809523809523 0.1
itercount --------> 4
[0, 3, 4]
[0, 3, 6]
[0, 3, 7]
0.1 0.13043478260869565
itercount --------> 5
[5, 4, 6]
[5, 4, 7]
0.13043478260869565 0.13333333333333333
itercount --------> 6
[0, 6, 7]
0.13333333333333333 0.19047619047619047
itercount --------> 7
[6, 7, 3]
[6, 7, 4]
[6, 7, 5]
[6, 7, 0]
[6, 7, 1]
0.19047619047619047 0.2
itercount --------> 8
[6, 7, 3]
[6, 7, 4]
[6, 7, 5]
[6, 7, 0]
[6, 7, 1]
0.2 0.21052631578947367
itercount --------> 9
[6, 7, 5]
0.21052631578947367 0.2222222222222222
itercount --------> 10
[0, 1, 2]
[0, 1, 5]
[0, 1, 6]
[0, 1, 7]
[0, 1, 3]
[0, 1, 4]
[0, 1, 2, 5]
[0, 1, 2, 6]
[0, 1, 2, 7]
[0, 1, 2, 3]
[0, 1, 2, 4]
[0, 1, 2, 5, 6]
0.2222222222222222 0.3103448275862069
itercount --------> 11
[0, 1, 7]
[0, 1, 2]
[0, 1, 3]
[0, 1, 4]
[0, 1, 6]
[0, 1, 5]
0.3103448275862069 0.3333333333333333
itercount --------> 12
[0, 1, 2]
[0, 1, 7]
[0, 1, 3]
[0, 1, 4]
[0, 1, 6]
[0, 1, 5]
0.3333333333333333 0.4
itercount --------> 13
[0, 1, 7]
[0, 1, 2]
[0, 1, 3]
0.4 0.42105263157894735
itercount --------> 14
[0, 1, 2]
[0, 1, 7]
[0, 1, 5]
[0, 1, 3]
[0, 1, 4]
[0, 1, 6]
[0, 1, 2, 7]
0.42105263157894735 0.42857142857142855
itercount --------> 15
[0, 1, 2]
[0, 1, 7]
[0, 1, 3]
[0, 1, 4]
[0, 1, 5]
0.42857142857142855 0.5
itercount --------> 16
[0, 1, 2]
[0, 1, 5]
[0, 1, 7]
[0, 1, 3]
[0, 1, 4]
[0, 1, 6]
[0, 1, 2, 5]
[0, 1, 2, 7]
[0, 1, 2, 3]
[0, 1, 2, 4]
[0, 1, 2, 6]
[0, 1, 2, 5, 7]
[0, 1, 2, 5, 3]
[0, 1, 2, 5, 4]
[0, 1, 2, 5, 6]
[0, 1, 2, 5, 7, 3]
[0, 1, 2, 5, 7, 4]
[0, 1, 2, 5, 7, 6]
[0, 1, 2, 5, 7, 3, 4]
0.5 0.5789473684210527
itercount --------> 17
[0, 1, 2]
[0, 1, 7]
[0, 1, 6]
[0, 1, 4]
[0, 1, 5]
[0, 1, 3]
[0, 1, 2, 7]
[0, 1, 2, 6]
[0, 1, 2, 4]
[0, 1, 2, 5]
0.5789473684210527 0.6111111111111112
itercount --------> 18
[6, 0, 1]
[6, 0, 2]
[6, 0, 5]
[6, 0, 7]
[6, 0, 3]
[6, 0, 4]
[6, 0, 1, 2]
[6, 0, 1, 5]
[6, 0, 1, 7]
[6, 0, 1, 3]
[6, 0, 1, 4]
[6, 0, 1, 2, 5]
[6, 0, 1, 2, 7]
0.6111111111111112 0.7894736842105263
itercount --------> 19
[0, 1, 2]
[0, 1, 5]
[0, 1, 7]
[0, 1, 3]
[0, 1, 4]
[0, 1, 6]
[0, 1, 2, 5]
[0, 1, 2, 7]
[0, 1, 2, 3]
[0, 1, 2, 4]
[0, 1, 2, 6]
[0, 1, 2, 5, 7]
[0, 1, 2, 5, 3]
[0, 1, 2, 5, 4]
[0, 1, 2, 5, 6]
[0, 1, 2, 5, 7, 3]
[0, 1, 2, 5, 7, 4]
[0, 1, 2, 5, 7, 6]
[0, 1, 2, 5, 7, 3, 4]
[0, 1, 2, 5, 7, 3, 6]
[0, 1, 2, 5, 7, 3, 4, 6]
failed -> 24 times
after fail n ======> 7
[0, 1, 2, 3, 4, 5, 6]
0.06451612903225806 0.08695652173913043
itercount --------> 1
[2, 3, 4]
[2, 3, 5]
0.08695652173913043 0.11538461538461539
itercount --------> 2
[2, 4, 6]
[2, 4, 7]
0.11538461538461539 0.13953488372093023
itercount --------> 3
[2, 5, 0]
[2, 5, 1]
0.13953488372093023 0.16666666666666666
itercount --------> 4
[1, 5, 6]
0.16666666666666666 0.2631578947368421
itercount --------> 5
[0, 1, 2]
[0, 1, 5]
[0, 1, 6]
[0, 1, 7]
[0, 1, 4]
[0, 1, 3]
[0, 1, 2, 5]
[0, 1, 2, 6]
[0, 1, 2, 7]
[0, 1, 2, 4]
0.2631578947368421 0.2777777777777778
itercount --------> 6
[6, 0, 1]
[6, 0, 2]
[6, 0, 5]
[6, 0, 7]
[6, 0, 4]
[6, 0, 3]
[6, 0, 1, 2]
0.2777777777777778 0.32
itercount --------> 7
[0, 7, 1]
0.32 0.3333333333333333
itercount --------> 8
[0, 7, 2]
[0, 7, 1]
0.3333333333333333 0.34782608695652173
itercount --------> 9
[0, 1, 7]
[0, 1, 2]
[0, 1, 5]
0.34782608695652173 0.4
itercount --------> 10
[0, 1, 7]
[0, 1, 2]
0.4 0.42105263157894735
itercount --------> 11
[0, 1, 2]
[0, 1, 5]
[0, 1, 7]
[0, 1, 4]
[0, 1, 3]
0.42105263157894735 0.4444444444444444
itercount --------> 12
[0, 1, 2]
[0, 1, 5]
[0, 1, 7]
0.4444444444444444 0.45
itercount --------> 13
[1, 7, 0]
[1, 7, 2]
0.45 0.5
itercount --------> 14
[0, 1, 2]
[0, 1, 5]
[0, 1, 7]
[0, 1, 3]
[0, 1, 4]
[0, 1, 6]
[0, 1, 2, 5]
[0, 1, 2, 7]
[0, 1, 2, 3]
[0, 1, 2, 4]
[0, 1, 2, 6]
[0, 1, 2, 5, 7]
[0, 1, 2, 5, 3]
[0, 1, 2, 5, 4]
[0, 1, 2, 5, 6]
[0, 1, 2, 5, 7, 3]
0.5 0.5555555555555556
itercount --------> 15
[0, 1, 2]
[0, 1, 5]
[0, 1, 7]
[0, 1, 4]
[0, 1, 6]
[0, 1, 3]
[0, 1, 2, 5]
[0, 1, 2, 7]
[0, 1, 2, 4]
[0, 1, 2, 6]
[0, 1, 2, 3]
[0, 1, 2, 5, 7]
[0, 1, 2, 5, 4]
[0, 1, 2, 5, 6]
[0, 1, 2, 5, 3]
[0, 1, 2, 5, 7, 4]
[0, 1, 2, 5, 7, 6]
0.5555555555555556 0.5789473684210527
itercount --------> 16
[4, 7, 0]
[4, 7, 1]
[4, 7, 2]
[4, 7, 3]
[4, 7, 5]
[4, 7, 6]
[4, 7, 0, 1]
[4, 7, 0, 2]
[4, 7, 0, 3]
[4, 7, 0, 5]
[4, 7, 0, 6]
[4, 7, 0, 1, 2]
[4, 7, 0, 1, 3]
[4, 7, 0, 1, 5]
[4, 7, 0, 1, 6]
[4, 7, 0, 1, 2, 3]
[4, 7, 0, 1, 2, 5]
[4, 7, 0, 1, 2, 6]
[4, 7, 0, 1, 2, 3, 5]
[4, 7, 0, 1, 2, 3, 6]
[4, 7, 0, 1, 2, 3, 5, 6]
failed -> 25 times
after fail n ======> 8
[0, 1, 2, 3, 4, 5, 6, 7]
0.06451612903225806 0.07894736842105263
itercount --------> 1
[0, 1, 2]
0.07894736842105263 0.11538461538461539
itercount --------> 2
[2, 4, 6]
[2, 4, 7]
[2, 4, 5]
0.11538461538461539 0.12121212121212122
itercount --------> 3
[2, 6, 5]
0.12121212121212122 0.14814814814814814
itercount --------> 4
[5, 6, 7]
0.14814814814814814 0.16
itercount --------> 5
[2, 6, 7]
0.16 0.2564102564102564
itercount --------> 6
[0, 1, 5]
0.2564102564102564 0.391304347826087
itercount --------> 7
[5, 2, 7]
0.391304347826087 0.4090909090909091
itercount --------> 8
[5, 7, 0]
[5, 7, 1]
[5, 7, 2]
[5, 7, 3]
[5, 7, 4]
0.4090909090909091 0.43478260869565216
itercount --------> 9
[0, 1, 5]
[0, 1, 2]
0.43478260869565216 0.47619047619047616
itercount --------> 10
[0, 1, 2]
[0, 1, 5]
[0, 1, 7]
[0, 1, 6]
0.47619047619047616 0.5263157894736842
itercount --------> 11
[0, 1, 2]
[0, 1, 5]
[0, 1, 7]
[0, 1, 3]
[0, 1, 6]
[0, 1, 4]
[0, 1, 2, 5]
[0, 1, 2, 7]
[0, 1, 2, 3]
[0, 1, 2, 6]
[0, 1, 2, 4]
0.5263157894736842 0.5555555555555556
itercount --------> 12
[0, 1, 2]
[0, 1, 5]
[0, 1, 7]
[0, 1, 3]
[0, 1, 6]
[0, 1, 4]
[0, 1, 2, 5]
[0, 1, 2, 7]
[0, 1, 2, 3]
[0, 1, 2, 6]
[0, 1, 2, 4]
[0, 1, 2, 5, 7]
[0, 1, 2, 5, 3]
[0, 1, 2, 5, 6]
[0, 1, 2, 5, 4]
[0, 1, 2, 5, 7, 3]
[0, 1, 2, 5, 7, 6]
[0, 1, 2, 5, 7, 4]
[0, 1, 2, 5, 7, 3, 6]
0.5555555555555556 0.5789473684210527
itercount --------> 13
[6, 7, 0]
[6, 7, 1]
[6, 7, 2]
[6, 7, 3]
[6, 7, 4]
[6, 7, 5]
[6, 7, 0, 1]
[6, 7, 0, 2]
[6, 7, 0, 3]
[6, 7, 0, 4]
[6, 7, 0, 5]
[6, 7, 0, 1, 2]
[6, 7, 0, 1, 3]
[6, 7, 0, 1, 4]
[6, 7, 0, 1, 5]
[6, 7, 0, 1, 2, 3]
[6, 7, 0, 1, 2, 4]
[6, 7, 0, 1, 2, 5]
[6, 7, 0, 1, 2, 3, 4]
[6, 7, 0, 1, 2, 3, 5]
[6, 7, 0, 1, 2, 3, 4, 5]
failed -> 26 times
after fail n ======> 5
[0, 1, 2, 3, 4]
0.06451612903225806 0.08695652173913043
itercount --------> 1
[0, 3, 4]
[0, 3, 5]
0.08695652173913043 0.11538461538461539
itercount --------> 2
[0, 4, 6]
[0, 4, 7]
[0, 4, 5]
0.11538461538461539 0.14814814814814814
itercount --------> 3
[5, 6, 7]
0.14814814814814814 0.21621621621621623
itercount --------> 4
[5, 1, 2]
0.21621621621621623 0.3333333333333333
itercount --------> 5
[5, 7, 0]
[5, 7, 1]
[5, 7, 2]
0.3333333333333333 0.38095238095238093
itercount --------> 6
[0, 5, 7]
0.38095238095238093 0.4090909090909091
itercount --------> 7
[5, 7, 0]
[5, 7, 1]
[5, 7, 2]
0.4090909090909091 0.42857142857142855
itercount --------> 8
[0, 5, 7]
[0, 5, 1]
0.42857142857142855 0.45
itercount --------> 9
[0, 1, 2]
[0, 1, 5]
[0, 1, 7]
[0, 1, 6]
[0, 1, 3]
0.45 0.47368421052631576
itercount --------> 10
[0, 1, 2]
[0, 1, 5]
[0, 1, 7]
[0, 1, 3]
[0, 1, 6]
[0, 1, 4]
[0, 1, 2, 5]
[0, 1, 2, 7]
[0, 1, 2, 3]
[0, 1, 2, 6]
0.47368421052631576 0.5
itercount --------> 11
[0, 1, 2]
[0, 1, 5]
[0, 1, 7]
[0, 1, 3]
[0, 1, 4]
[0, 1, 6]
[0, 1, 2, 5]
[0, 1, 2, 7]
[0, 1, 2, 3]
[0, 1, 2, 4]
[0, 1, 2, 6]
[0, 1, 2, 5, 7]
[0, 1, 2, 5, 3]
[0, 1, 2, 5, 4]
[0, 1, 2, 5, 6]
[0, 1, 2, 5, 7, 3]
0.5 0.5555555555555556
itercount --------> 12
[0, 1, 2]
[0, 1, 5]
[0, 1, 7]
[0, 1, 4]
[0, 1, 6]
[0, 1, 3]
[0, 1, 2, 5]
[0, 1, 2, 7]
[0, 1, 2, 4]
[0, 1, 2, 6]
[0, 1, 2, 3]
[0, 1, 2, 5, 7]
[0, 1, 2, 5, 4]
[0, 1, 2, 5, 6]
[0, 1, 2, 5, 3]
[0, 1, 2, 5, 7, 4]
0.5555555555555556 0.5789473684210527
itercount --------> 13
[6, 7, 0]
[6, 7, 1]
[6, 7, 2]
[6, 7, 3]
[6, 7, 4]
[6, 7, 5]
[6, 7, 0, 1]
[6, 7, 0, 2]
[6, 7, 0, 3]
[6, 7, 0, 4]
[6, 7, 0, 5]
[6, 7, 0, 1, 2]
[6, 7, 0, 1, 3]
[6, 7, 0, 1, 4]
[6, 7, 0, 1, 5]
[6, 7, 0, 1, 2, 3]
[6, 7, 0, 1, 2, 4]
[6, 7, 0, 1, 2, 5]
[6, 7, 0, 1, 2, 3, 4]
[6, 7, 0, 1, 2, 3, 5]
[6, 7, 0, 1, 2, 3, 4, 5]
failed -> 27 times
after fail n ======> 6
[0, 1, 2, 3, 4, 5]
0.06451612903225806 0.08
itercount --------> 1
[0, 2, 3]
0.08 0.09090909090909091
itercount --------> 2
[0, 5, 3]
[0, 5, 4]
0.09090909090909091 0.09523809523809523
itercount --------> 3
[0, 5, 3]
[0, 5, 4]
[0, 5, 6]
[0, 5, 7]
0.09523809523809523 0.12
itercount --------> 4
[6, 3, 5]
[6, 3, 4]
[6, 3, 2]
0.12 0.14285714285714285
itercount --------> 5
[0, 5, 3]
[0, 5, 2]
0.14285714285714285 0.18181818181818182
itercount --------> 6
[5, 3, 0]
0.18181818181818182 0.1935483870967742
itercount --------> 7
[5, 3, 0]
[5, 3, 4]
0.1935483870967742 0.20689655172413793
itercount --------> 8
[3, 5, 0]
[3, 5, 4]
[3, 5, 6]
[3, 5, 2]
0.20689655172413793 0.21739130434782608
itercount --------> 9
[0, 3, 4]
0.21739130434782608 0.22727272727272727
itercount --------> 10
[0, 3, 4]
0.22727272727272727 0.23076923076923078
itercount --------> 11
[0, 5, 7]
0.23076923076923078 0.2608695652173913
itercount --------> 12
[0, 6, 2]
[0, 6, 4]
[0, 6, 1]
[0, 6, 7]
[0, 6, 3]
0.2608695652173913 0.34782608695652173
itercount --------> 13
[0, 2, 1]
0.34782608695652173 0.36363636363636365
itercount --------> 14
[2, 7, 0]
[2, 7, 1]
0.36363636363636365 0.3684210526315789
itercount --------> 15
[2, 7, 3]
0.3684210526315789 0.38095238095238093
itercount --------> 16
[2, 7, 6]
[2, 7, 4]
[2, 7, 0]
[2, 7, 3]
[2, 7, 1]
0.38095238095238093 0.4444444444444444
itercount --------> 17
[7, 0, 1]
[7, 0, 2]
[7, 0, 5]
[7, 0, 4]
0.4444444444444444 0.5238095238095238
itercount --------> 18
[6, 7, 0]
0.5238095238095238 0.75
itercount --------> 19
[0, 1, 2]
[0, 1, 5]
0.75 0.7894736842105263
itercount --------> 20
[0, 1, 2]
[0, 1, 5]
[0, 1, 7]
[0, 1, 3]
[0, 1, 4]
[0, 1, 6]
[0, 1, 2, 5]
[0, 1, 2, 7]
[0, 1, 2, 3]
[0, 1, 2, 4]
[0, 1, 2, 6]
[0, 1, 2, 5, 7]
[0, 1, 2, 5, 3]
[0, 1, 2, 5, 4]
[0, 1, 2, 5, 6]
[0, 1, 2, 5, 7, 3]
[0, 1, 2, 5, 7, 4]
[0, 1, 2, 5, 7, 6]
[0, 1, 2, 5, 7, 3, 4]
[0, 1, 2, 5, 7, 3, 6]
[0, 1, 2, 5, 7, 3, 4, 6]
failed -> 28 times
after fail n ======> 7
[0, 1, 2, 3, 4, 5, 6]
0.06451612903225806 0.07894736842105263
itercount --------> 1
[0, 1, 2]
0.07894736842105263 0.11538461538461539
itercount --------> 2
[1, 4, 6]
[1, 4, 7]
0.11538461538461539 0.13793103448275862
itercount --------> 3
[1, 6, 5]
0.13793103448275862 0.15625
itercount --------> 4
[1, 5, 4]
0.15625 0.24242424242424243
itercount --------> 5
[5, 1, 7]
[5, 1, 0]
0.24242424242424243 0.34782608695652173
itercount --------> 6
[5, 7, 1]
[5, 7, 3]
[5, 7, 4]
[5, 7, 6]
[5, 7, 0]
[5, 7, 2]
0.34782608695652173 0.391304347826087
itercount --------> 7
[1, 5, 7]
0.391304347826087 0.42857142857142855
itercount --------> 8
[0, 2, 5]
[0, 2, 1]
[0, 2, 7]
[0, 2, 3]
0.42857142857142855 0.45
itercount --------> 9
[2, 5, 7]
[2, 5, 0]
[2, 5, 1]
[2, 5, 6]
[2, 5, 3]
[2, 5, 4]
[2, 5, 7, 0]
[2, 5, 7, 1]
0.45 0.47368421052631576
itercount --------> 10
[0, 1, 2]
[0, 1, 5]
[0, 1, 7]
[0, 1, 3]
[0, 1, 4]
[0, 1, 6]
[0, 1, 2, 5]
[0, 1, 2, 7]
[0, 1, 2, 3]
[0, 1, 2, 4]
0.47368421052631576 0.5
itercount --------> 11
[0, 1, 2]
[0, 1, 5]
[0, 1, 7]
[0, 1, 3]
[0, 1, 4]
[0, 1, 6]
[0, 1, 2, 5]
[0, 1, 2, 7]
[0, 1, 2, 3]
[0, 1, 2, 4]
[0, 1, 2, 6]
[0, 1, 2, 5, 7]
[0, 1, 2, 5, 3]
[0, 1, 2, 5, 4]
[0, 1, 2, 5, 6]
[0, 1, 2, 5, 7, 3]
0.5 0.5555555555555556
itercount --------> 12
[0, 1, 2]
[0, 1, 5]
[0, 1, 7]
[0, 1, 4]
[0, 1, 6]
[0, 1, 3]
[0, 1, 2, 5]
[0, 1, 2, 7]
[0, 1, 2, 4]
[0, 1, 2, 6]
[0, 1, 2, 3]
[0, 1, 2, 5, 7]
[0, 1, 2, 5, 4]
[0, 1, 2, 5, 6]
[0, 1, 2, 5, 3]
[0, 1, 2, 5, 7, 4]
[0, 1, 2, 5, 7, 6]
0.5555555555555556 0.5789473684210527
itercount --------> 13
[4, 7, 0]
[4, 7, 1]
[4, 7, 2]
[4, 7, 3]
[4, 7, 5]
[4, 7, 6]
[4, 7, 0, 1]
[4, 7, 0, 2]
[4, 7, 0, 3]
[4, 7, 0, 5]
[4, 7, 0, 6]
[4, 7, 0, 1, 2]
[4, 7, 0, 1, 3]
[4, 7, 0, 1, 5]
[4, 7, 0, 1, 6]
[4, 7, 0, 1, 2, 3]
[4, 7, 0, 1, 2, 5]
[4, 7, 0, 1, 2, 6]
[4, 7, 0, 1, 2, 3, 5]
[4, 7, 0, 1, 2, 3, 6]
[4, 7, 0, 1, 2, 3, 5, 6]
failed -> 29 times
after fail n ======> 8
[0, 1, 2, 3, 4, 5, 6, 7]
0.06451612903225806 0.07894736842105263
itercount --------> 1
[0, 1, 2]
0.07894736842105263 0.11538461538461539
itercount --------> 2
[1, 3, 4]
[1, 3, 7]
0.11538461538461539 0.12121212121212122
itercount --------> 3
[1, 4, 0]
0.12121212121212122 0.15789473684210525
itercount --------> 4
[4, 7, 3]
[4, 7, 6]
0.15789473684210525 0.25
itercount --------> 5
[4, 3, 7]
[4, 3, 6]
[4, 3, 0]
[4, 3, 1]
[4, 3, 2]
[4, 3, 5]
[4, 3, 7, 6]
[4, 3, 7, 0]
[4, 3, 7, 1]
[4, 3, 7, 2]
[4, 3, 7, 5]
[4, 3, 7, 6, 0]
[4, 3, 7, 6, 1]
[4, 3, 7, 6, 2]
[4, 3, 7, 6, 5]
[4, 3, 7, 6, 0, 1]
0.25 0.2692307692307692
itercount --------> 6
[1, 4, 3]
[1, 4, 7]
0.2692307692307692 0.4090909090909091
itercount --------> 7
[4, 3, 1]
[4, 3, 7]
[4, 3, 6]
[4, 3, 0]
[4, 3, 2]
[4, 3, 5]
[4, 3, 1, 7]
[4, 3, 1, 6]
[4, 3, 1, 0]
[4, 3, 1, 2]
0.4090909090909091 0.45
itercount --------> 8
[3, 4, 6]
[3, 4, 7]
[3, 4, 0]
[3, 4, 1]
[3, 4, 2]
[3, 4, 5]
[3, 4, 6, 7]
[3, 4, 6, 0]
[3, 4, 6, 1]
[3, 4, 6, 2]
[3, 4, 6, 5]
[3, 4, 6, 7, 0]
0.45 0.47368421052631576
itercount --------> 9
[7, 0, 1]
[7, 0, 2]
[7, 0, 4]
0.47368421052631576 0.5789473684210527
itercount --------> 10
[0, 1, 2]
[0, 1, 4]
[0, 1, 7]
[0, 1, 3]
[0, 1, 6]
[0, 1, 5]
[0, 1, 2, 4]
[0, 1, 2, 7]
[0, 1, 2, 3]
0.5789473684210527 0.6111111111111112
itercount --------> 11
[4, 7, 0]
[4, 7, 1]
[4, 7, 2]
[4, 7, 3]
[4, 7, 6]
[4, 7, 5]
[4, 7, 0, 1]
[4, 7, 0, 2]
[4, 7, 0, 3]
[4, 7, 0, 6]
[4, 7, 0, 5]
[4, 7, 0, 1, 2]
[4, 7, 0, 1, 3]
[4, 7, 0, 1, 6]
[4, 7, 0, 1, 5]
[4, 7, 0, 1, 2, 3]
[4, 7, 0, 1, 2, 6]
[4, 7, 0, 1, 2, 5]
[4, 7, 0, 1, 2, 3, 6]
0.6111111111111112 0.6842105263157895
itercount --------> 12
[7, 0, 1]
[7, 0, 2]
[7, 0, 3]
[7, 0, 4]
[7, 0, 6]
[7, 0, 5]
[7, 0, 1, 2]
[7, 0, 1, 3]
[7, 0, 1, 4]
[7, 0, 1, 6]
[7, 0, 1, 5]
[7, 0, 1, 2, 3]
[7, 0, 1, 2, 4]
[7, 0, 1, 2, 6]
[7, 0, 1, 2, 5]
[7, 0, 1, 2, 3, 4]
[7, 0, 1, 2, 3, 6]
[7, 0, 1, 2, 3, 5]
[7, 0, 1, 2, 3, 4, 6]
[7, 0, 1, 2, 3, 4, 5]
[7, 0, 1, 2, 3, 4, 6, 5]
failed -> 30 times
after fail n ======> 5
[0, 1, 2, 3, 4]
0.06451612903225806 0.08
itercount --------> 1
[2, 0, 3]
0.08 0.10526315789473684
itercount --------> 2
[0, 1, 2]
[0, 1, 3]
[0, 1, 4]
[0, 1, 5]
[0, 1, 6]
[0, 1, 7]
[0, 1, 2, 3]
0.10526315789473684 0.13636363636363635
itercount --------> 3
[4, 6, 7]
0.13636363636363635 0.19230769230769232
itercount --------> 4
[1, 2, 7]
0.19230769230769232 0.2608695652173913
itercount --------> 5
[2, 3, 6]
0.2608695652173913 0.2727272727272727
itercount --------> 6
[7, 6, 4]
0.2727272727272727 0.28
itercount --------> 7
[7, 1, 2]
[7, 1, 6]
0.28 0.32
itercount --------> 8
[1, 3, 7]
[1, 3, 2]
[1, 3, 6]
0.32 0.4166666666666667
itercount --------> 9
[0, 1, 2]
[0, 1, 7]
[0, 1, 3]
[0, 1, 4]
0.4166666666666667 0.43478260869565216
itercount --------> 10
[1, 3, 2]
[1, 3, 4]
[1, 3, 6]
[1, 3, 7]
[1, 3, 0]
[1, 3, 5]
0.43478260869565216 0.4444444444444444
itercount --------> 11
[5, 0, 1]
[5, 0, 2]
[5, 0, 7]
[5, 0, 4]
[5, 0, 6]
[5, 0, 3]
[5, 0, 1, 2]
[5, 0, 1, 7]
[5, 0, 1, 4]
[5, 0, 1, 6]
[5, 0, 1, 3]
[5, 0, 1, 2, 7]
0.4444444444444444 0.45
itercount --------> 12
[0, 1, 2]
[0, 1, 7]
0.45 0.47368421052631576
itercount --------> 13
[0, 1, 2]
[0, 1, 7]
[0, 1, 4]
[0, 1, 3]
[0, 1, 5]
[0, 1, 6]
0.47368421052631576 0.5
itercount --------> 14
[0, 1, 2]
[0, 1, 7]
[0, 1, 5]
[0, 1, 4]
[0, 1, 3]
[0, 1, 6]
[0, 1, 2, 7]
[0, 1, 2, 5]
[0, 1, 2, 4]
[0, 1, 2, 3]
[0, 1, 2, 6]
[0, 1, 2, 7, 5]
[0, 1, 2, 7, 4]
[0, 1, 2, 7, 3]
[0, 1, 2, 7, 6]
[0, 1, 2, 7, 5, 4]
[0, 1, 2, 7, 5, 3]
[0, 1, 2, 7, 5, 6]
[0, 1, 2, 7, 5, 4, 3]
[0, 1, 2, 7, 5, 4, 6]
[0, 1, 2, 7, 5, 4, 3, 6]
0.5 0.55
itercount --------> 15
[3, 7, 0]
[3, 7, 1]
[3, 7, 2]
[3, 7, 4]
[3, 7, 6]
[3, 7, 5]
0.55 0.75
itercount --------> 16
[0, 1, 2]
[0, 1, 7]
[0, 1, 3]
[0, 1, 4]
[0, 1, 5]
[0, 1, 6]
[0, 1, 2, 7]
[0, 1, 2, 3]
[0, 1, 2, 4]
0.75 0.7894736842105263
itercount --------> 17
[0, 1, 2]
[0, 1, 5]
[0, 1, 7]
[0, 1, 3]
[0, 1, 4]
[0, 1, 6]
[0, 1, 2, 5]
[0, 1, 2, 7]
[0, 1, 2, 3]
[0, 1, 2, 4]
[0, 1, 2, 6]
[0, 1, 2, 5, 7]
0.7894736842105263 0.8421052631578947
itercount --------> 18
[0, 1, 2]
[0, 1, 7]
[0, 1, 3]
[0, 1, 4]
[0, 1, 5]
[0, 1, 6]
[0, 1, 2, 7]
[0, 1, 2, 3]
[0, 1, 2, 4]
[0, 1, 2, 5]
[0, 1, 2, 6]
[0, 1, 2, 7, 3]
[0, 1, 2, 7, 4]
[0, 1, 2, 7, 5]
[0, 1, 2, 7, 6]
[0, 1, 2, 7, 3, 4]
[0, 1, 2, 7, 3, 5]
[0, 1, 2, 7, 3, 6]
[0, 1, 2, 7, 3, 4, 5]
[0, 1, 2, 7, 3, 4, 6]
[0, 1, 2, 7, 3, 4, 5, 6]
failed -> 31 times
after fail n ======> 6
[0, 1, 2, 3, 4, 5]
0.06451612903225806 0.08695652173913043
itercount --------> 1
[2, 3, 4]
[2, 3, 5]
[2, 3, 6]
[2, 3, 7]
0.08695652173913043 0.11538461538461539
itercount --------> 2
[2, 4, 6]
[2, 4, 7]
0.11538461538461539 0.12121212121212122
itercount --------> 3
[2, 6, 0]
0.12121212121212122 0.2222222222222222
itercount --------> 4
[2, 6, 7]
0.2222222222222222 0.23809523809523808
itercount --------> 5
[7, 3, 4]
0.23809523809523808 0.28
itercount --------> 6
[2, 7, 4]
0.28 0.30434782608695654
itercount --------> 7
[2, 4, 7]
[2, 4, 6]
[2, 4, 3]
[2, 4, 0]
[2, 4, 1]
0.30434782608695654 0.3181818181818182
itercount --------> 8
[4, 7, 6]
0.3181818181818182 0.43478260869565216
itercount --------> 9
[4, 0, 1]
0.43478260869565216 0.47619047619047616
itercount --------> 10
[4, 3, 7]
[4, 3, 0]
[4, 3, 1]
[4, 3, 2]
[4, 3, 6]
[4, 3, 5]
[4, 3, 7, 0]
[4, 3, 7, 1]
[4, 3, 7, 2]
[4, 3, 7, 6]
[4, 3, 7, 5]
0.47619047619047616 0.6956521739130435
itercount --------> 11
[4, 0, 1]
[4, 0, 2]
[4, 0, 5]
[4, 0, 7]
[4, 0, 3]
[4, 0, 6]
[4, 0, 1, 2]
[4, 0, 1, 5]
0.6956521739130435 0.7894736842105263
itercount --------> 12
[0, 1, 2]
[0, 1, 5]
[0, 1, 7]
[0, 1, 3]
[0, 1, 4]
[0, 1, 6]
[0, 1, 2, 5]
[0, 1, 2, 7]
[0, 1, 2, 3]
[0, 1, 2, 4]
[0, 1, 2, 6]
[0, 1, 2, 5, 7]
[0, 1, 2, 5, 3]
[0, 1, 2, 5, 4]
[0, 1, 2, 5, 6]
[0, 1, 2, 5, 7, 3]
0.7894736842105263 0.8
itercount --------> 13
[4, 7, 5]
[4, 7, 0]
[4, 7, 1]
[4, 7, 2]
[4, 7, 3]
[4, 7, 6]
[4, 7, 5, 0]
0.8 0.8421052631578947
itercount --------> 14
[0, 1, 2]
[0, 1, 7]
[0, 1, 3]
[0, 1, 4]
[0, 1, 5]
[0, 1, 6]
[0, 1, 2, 7]
[0, 1, 2, 3]
[0, 1, 2, 4]
[0, 1, 2, 5]
[0, 1, 2, 6]
[0, 1, 2, 7, 3]
[0, 1, 2, 7, 4]
[0, 1, 2, 7, 5]
[0, 1, 2, 7, 6]
[0, 1, 2, 7, 3, 4]
[0, 1, 2, 7, 3, 5]
[0, 1, 2, 7, 3, 6]
[0, 1, 2, 7, 3, 4, 5]
[0, 1, 2, 7, 3, 4, 6]
[0, 1, 2, 7, 3, 4, 5, 6]
failed -> 32 times
after fail n ======> 7
[0, 1, 2, 3, 4, 5, 6]
0.06451612903225806 0.08695652173913043
itercount --------> 1
[0, 3, 4]
[0, 3, 5]
0.08695652173913043 0.09523809523809523
itercount --------> 2
[0, 4, 6]
0.09523809523809523 0.12903225806451613
itercount --------> 3
[0, 6, 7]
0.12903225806451613 0.16666666666666666
itercount --------> 4
[0, 7, 1]
0.16666666666666666 0.2
itercount --------> 5
[0, 6, 7]
0.2 0.2857142857142857
itercount --------> 6
[7, 5, 3]
0.2857142857142857 0.35
itercount --------> 7
[1, 2, 6]
[1, 2, 7]
[1, 2, 0]
0.35 0.3684210526315789
itercount --------> 8
[0, 1, 2]
[0, 1, 7]
[0, 1, 6]
[0, 1, 5]
0.3684210526315789 0.4
itercount --------> 9
[0, 1, 2]
[0, 1, 7]
[0, 1, 4]
[0, 1, 6]
0.4 0.42105263157894735
itercount --------> 10
[0, 1, 2]
[0, 1, 7]
[0, 1, 6]
[0, 1, 4]
[0, 1, 5]
[0, 1, 3]
[0, 1, 2, 7]
[0, 1, 2, 6]
[0, 1, 2, 4]
[0, 1, 2, 5]
[0, 1, 2, 3]
[0, 1, 2, 7, 6]
[0, 1, 2, 7, 4]
[0, 1, 2, 7, 5]
[0, 1, 2, 7, 3]
[0, 1, 2, 7, 6, 4]
[0, 1, 2, 7, 6, 5]
[0, 1, 2, 7, 6, 3]
0.42105263157894735 0.42857142857142855
itercount --------> 11
[0, 1, 2]
[0, 1, 4]
0.42857142857142855 0.45
itercount --------> 12
[4, 6, 7]
[4, 6, 0]
[4, 6, 1]
[4, 6, 2]
[4, 6, 3]
[4, 6, 5]
[4, 6, 7, 0]
[4, 6, 7, 1]
0.45 0.5
itercount --------> 13
[7, 6, 3]
0.5 0.55
itercount --------> 14
[3, 6, 7]
[3, 6, 4]
[3, 6, 0]
[3, 6, 1]
[3, 6, 2]
[3, 6, 5]
[3, 6, 7, 4]
[3, 6, 7, 0]
0.55 0.5789473684210527
itercount --------> 15
[7, 0, 1]
[7, 0, 2]
[7, 0, 3]
[7, 0, 4]
[7, 0, 6]
[7, 0, 5]
[7, 0, 1, 2]
[7, 0, 1, 3]
0.5789473684210527 0.6
itercount --------> 16
[0, 1, 2]
[0, 1, 7]
[0, 1, 3]
[0, 1, 6]
[0, 1, 4]
[0, 1, 5]
0.6 0.6111111111111112
itercount --------> 17
[3, 0, 1]
[3, 0, 2]
[3, 0, 5]
[3, 0, 6]
0.6111111111111112 0.7894736842105263
itercount --------> 18
[0, 1, 2]
[0, 1, 5]
[0, 1, 7]
[0, 1, 3]
[0, 1, 4]
[0, 1, 6]
[0, 1, 2, 5]
[0, 1, 2, 7]
[0, 1, 2, 3]
[0, 1, 2, 4]
[0, 1, 2, 6]
[0, 1, 2, 5, 7]
[0, 1, 2, 5, 3]
[0, 1, 2, 5, 4]
[0, 1, 2, 5, 6]
[0, 1, 2, 5, 7, 3]
[0, 1, 2, 5, 7, 4]
[0, 1, 2, 5, 7, 6]
[0, 1, 2, 5, 7, 3, 4]
[0, 1, 2, 5, 7, 3, 6]
[0, 1, 2, 5, 7, 3, 4, 6]
failed -> 33 times
after fail n ======> 8
[0, 1, 2, 3, 4, 5, 6, 7]
0.06451612903225806 0.07407407407407407
itercount --------> 1
[3, 4, 7]
0.07407407407407407 0.08823529411764706
itercount --------> 2
[2, 0, 1]
0.08823529411764706 0.15789473684210525
itercount --------> 3
[0, 1, 2]
[0, 1, 4]
0.15789473684210525 0.22727272727272727
itercount --------> 4
[0, 4, 7]
0.22727272727272727 0.23809523809523808
itercount --------> 5
[0, 7, 4]
[0, 7, 6]
0.23809523809523808 0.2692307692307692
itercount --------> 6
[0, 3, 4]
0.2692307692307692 0.28
itercount --------> 7
[0, 4, 6]
0.28 0.3103448275862069
itercount --------> 8
[0, 6, 7]
0.3103448275862069 0.3333333333333333
itercount --------> 9
[0, 4, 3]
[0, 4, 6]
[0, 4, 7]
0.3333333333333333 0.36363636363636365
itercount --------> 10
[6, 0, 4]
[6, 0, 3]
[6, 0, 1]
[6, 0, 2]
[6, 0, 5]
0.36363636363636365 0.45
itercount --------> 11
[6, 4, 0]
[6, 4, 3]
[6, 4, 5]
[6, 4, 7]
[6, 4, 1]
[6, 4, 2]
[6, 4, 0, 3]
[6, 4, 0, 5]
[6, 4, 0, 7]
[6, 4, 0, 1]
[6, 4, 0, 2]
0.45 0.47368421052631576
itercount --------> 12
[6, 4, 7]
[6, 4, 3]
[6, 4, 0]
[6, 4, 1]
[6, 4, 2]
[6, 4, 5]
[6, 4, 7, 3]
[6, 4, 7, 0]
[6, 4, 7, 1]
[6, 4, 7, 2]
[6, 4, 7, 5]
[6, 4, 7, 3, 0]
[6, 4, 7, 3, 1]
[6, 4, 7, 3, 2]
[6, 4, 7, 3, 5]
[6, 4, 7, 3, 0, 1]
[6, 4, 7, 3, 0, 2]
[6, 4, 7, 3, 0, 5]
[6, 4, 7, 3, 0, 1, 2]
[6, 4, 7, 3, 0, 1, 5]
[6, 4, 7, 3, 0, 1, 2, 5]
failed -> 34 times
after fail n ======> 5
[0, 1, 2, 3, 4]
0.06451612903225806 0.08695652173913043
itercount --------> 1
[2, 3, 4]
[2, 3, 5]
0.08695652173913043 0.11538461538461539
itercount --------> 2
[2, 4, 6]
[2, 4, 7]
[2, 4, 5]
[2, 4, 0]
[2, 4, 1]
0.11538461538461539 0.125
itercount --------> 3
[1, 6, 7]
[1, 6, 4]
[1, 6, 5]
0.125 0.13333333333333333
itercount --------> 4
[2, 5, 4]
[2, 5, 7]
[2, 5, 1]
0.13333333333333333 0.17391304347826086
itercount --------> 5
[4, 7, 5]
0.17391304347826086 0.19230769230769232
itercount --------> 6
[5, 0, 1]
0.19230769230769232 0.22727272727272727
itercount --------> 7
[5, 7, 4]
0.22727272727272727 0.25
itercount --------> 8
[5, 7, 3]
0.25 0.34782608695652173
itercount --------> 9
[5, 7, 3]
0.34782608695652173 0.43478260869565216
itercount --------> 10
[5, 7, 3]
[5, 7, 0]
[5, 7, 1]
[5, 7, 4]
[5, 7, 6]
[5, 7, 2]
[5, 7, 3, 0]
[5, 7, 3, 1]
[5, 7, 3, 4]
[5, 7, 3, 6]
[5, 7, 3, 2]
0.43478260869565216 0.45
itercount --------> 11
[0, 1, 5]
[0, 1, 7]
[0, 1, 2]
0.45 0.47368421052631576
itercount --------> 12
[0, 1, 2]
[0, 1, 5]
0.47368421052631576 0.47619047619047616
itercount --------> 13
[7, 5, 3]
[7, 5, 4]
0.47619047619047616 0.5
itercount --------> 14
[0, 1, 2]
[0, 1, 5]
[0, 1, 7]
[0, 1, 3]
0.5 0.5263157894736842
itercount --------> 15
[0, 1, 2]
[0, 1, 5]
[0, 1, 7]
[0, 1, 6]
[0, 1, 3]
[0, 1, 4]
[0, 1, 2, 5]
[0, 1, 2, 7]
0.5263157894736842 0.5555555555555556
itercount --------> 16
[0, 1, 2]
[0, 1, 5]
[0, 1, 7]
[0, 1, 3]
[0, 1, 6]
[0, 1, 4]
[0, 1, 2, 5]
[0, 1, 2, 7]
[0, 1, 2, 3]
[0, 1, 2, 6]
[0, 1, 2, 4]
[0, 1, 2, 5, 7]
[0, 1, 2, 5, 3]
[0, 1, 2, 5, 6]
[0, 1, 2, 5, 4]
[0, 1, 2, 5, 7, 3]
[0, 1, 2, 5, 7, 6]
[0, 1, 2, 5, 7, 4]
[0, 1, 2, 5, 7, 3, 6]
[0, 1, 2, 5, 7, 3, 4]
[0, 1, 2, 5, 7, 3, 6, 4]
failed -> 35 times
after fail n ======> 6
[0, 1, 2, 3, 4, 5]
0.06451612903225806 0.08695652173913043
itercount --------> 1
[2, 3, 4]
[2, 3, 5]
[2, 3, 6]
[2, 3, 7]
0.08695652173913043 0.11538461538461539
itercount --------> 2
[2, 4, 6]
0.11538461538461539 0.15625
itercount --------> 3
[2, 7, 4]
0.15625 0.16666666666666666
itercount --------> 4
[2, 0, 1]
0.16666666666666666 0.2692307692307692
itercount --------> 5
[6, 0, 1]
0.2692307692307692 0.2903225806451613
itercount --------> 6
[1, 6, 0]
0.2903225806451613 0.35
itercount --------> 7
[6, 3, 7]
0.35 0.42857142857142855
itercount --------> 8
[0, 1, 2]
[0, 1, 3]
[0, 1, 6]
[0, 1, 4]
[0, 1, 7]
[0, 1, 5]
[0, 1, 2, 3]
0.42857142857142855 0.45
itercount --------> 9
[0, 1, 2]
[0, 1, 3]
[0, 1, 6]
[0, 1, 5]
[0, 1, 4]
[0, 1, 7]
[0, 1, 2, 3]
[0, 1, 2, 6]
[0, 1, 2, 5]
[0, 1, 2, 4]
0.45 0.47368421052631576
itercount --------> 10
[3, 5, 0]
[3, 5, 1]
[3, 5, 2]
[3, 5, 6]
[3, 5, 4]
[3, 5, 7]
0.47368421052631576 0.5263157894736842
itercount --------> 11
[0, 1, 2]
[0, 1, 5]
[0, 1, 6]
[0, 1, 3]
[0, 1, 4]
[0, 1, 7]
[0, 1, 2, 5]
[0, 1, 2, 6]
[0, 1, 2, 3]
[0, 1, 2, 4]
[0, 1, 2, 7]
[0, 1, 2, 5, 6]
[0, 1, 2, 5, 3]
[0, 1, 2, 5, 4]
[0, 1, 2, 5, 7]
[0, 1, 2, 5, 6, 3]
0.5263157894736842 0.5416666666666666
itercount --------> 12
[5, 0, 1]
0.5416666666666666 0.55
itercount --------> 13
[4, 6, 0]
[4, 6, 1]
[4, 6, 2]
[4, 6, 5]
0.55 0.631578947368421
itercount --------> 14
[0, 1, 2]
[0, 1, 4]
[0, 1, 6]
[0, 1, 5]
[0, 1, 3]
[0, 1, 7]
[0, 1, 2, 4]
[0, 1, 2, 6]
[0, 1, 2, 5]
[0, 1, 2, 3]
[0, 1, 2, 7]
[0, 1, 2, 4, 6]
0.631578947368421 0.6818181818181818
itercount --------> 15
[0, 1, 2]
[0, 1, 5]
[0, 1, 3]
[0, 1, 4]
[0, 1, 6]
[0, 1, 7]
[0, 1, 2, 5]
[0, 1, 2, 3]
[0, 1, 2, 4]
[0, 1, 2, 6]
[0, 1, 2, 7]
0.6818181818181818 0.7142857142857143
itercount --------> 16
[0, 1, 2]
[0, 1, 5]
[0, 1, 7]
[0, 1, 3]
[0, 1, 4]
[0, 1, 6]
[0, 1, 2, 5]
[0, 1, 2, 7]
[0, 1, 2, 3]
[0, 1, 2, 4]
0.7142857142857143 0.75
itercount --------> 17
[0, 1, 2]
[0, 1, 5]
[0, 1, 4]
[0, 1, 7]
[0, 1, 3]
[0, 1, 6]
[0, 1, 2, 5]
[0, 1, 2, 4]
[0, 1, 2, 7]
[0, 1, 2, 3]
[0, 1, 2, 6]
[0, 1, 2, 5, 4]
0.75 0.7894736842105263
itercount --------> 18
[0, 1, 2]
[0, 1, 5]
[0, 1, 7]
[0, 1, 3]
[0, 1, 4]
[0, 1, 6]
[0, 1, 2, 5]
[0, 1, 2, 7]
[0, 1, 2, 3]
[0, 1, 2, 4]
[0, 1, 2, 6]
[0, 1, 2, 5, 7]
[0, 1, 2, 5, 3]
[0, 1, 2, 5, 4]
[0, 1, 2, 5, 6]
[0, 1, 2, 5, 7, 3]
[0, 1, 2, 5, 7, 4]
[0, 1, 2, 5, 7, 6]
[0, 1, 2, 5, 7, 3, 4]
[0, 1, 2, 5, 7, 3, 6]
[0, 1, 2, 5, 7, 3, 4, 6]
failed -> 36 times
after fail n ======> 7
[0, 1, 2, 3, 4, 5, 6]
0.06451612903225806 0.07407407407407407
itercount --------> 1
[3, 6, 7]
0.07407407407407407 0.11363636363636363
itercount --------> 2
[6, 0, 1]
0.11363636363636363 0.17857142857142858
itercount --------> 3
[6, 1, 7]
0.17857142857142858 0.19047619047619047
itercount --------> 4
[6, 1, 7]
0.19047619047619047 0.22727272727272727
itercount --------> 5
[6, 5, 7]
[6, 5, 1]
[6, 5, 4]
[6, 5, 0]
0.22727272727272727 0.23809523809523808
itercount --------> 6
[6, 1, 0]
0.23809523809523808 0.2631578947368421
itercount --------> 7
[0, 1, 2]
[0, 1, 5]
[0, 1, 6]
0.2631578947368421 0.30303030303030304
itercount --------> 8
[7, 2, 1]
0.30303030303030304 0.3125
itercount --------> 9
[1, 7, 0]
0.3125 0.36363636363636365
itercount --------> 10
[7, 5, 0]
0.36363636363636365 0.42105263157894735
itercount --------> 11
[0, 1, 2]
[0, 1, 5]
[0, 1, 7]
[0, 1, 6]
[0, 1, 3]
0.42105263157894735 0.4444444444444444
itercount --------> 12
[0, 1, 2]
[0, 1, 5]
[0, 1, 7]
[0, 1, 3]
[0, 1, 4]
[0, 1, 6]
[0, 1, 2, 5]
[0, 1, 2, 7]
[0, 1, 2, 3]
[0, 1, 2, 4]
[0, 1, 2, 6]
[0, 1, 2, 5, 7]
[0, 1, 2, 5, 3]
[0, 1, 2, 5, 4]
[0, 1, 2, 5, 6]
[0, 1, 2, 5, 7, 3]
[0, 1, 2, 5, 7, 4]
[0, 1, 2, 5, 7, 6]
[0, 1, 2, 5, 7, 3, 4]
[0, 1, 2, 5, 7, 3, 6]
[0, 1, 2, 5, 7, 3, 4, 6]
failed -> 37 times
after fail n ======> 8
[0, 1, 2, 3, 4, 5, 6, 7]
0.06451612903225806 0.07894736842105263
itercount --------> 1
[0, 1, 2]
0.07894736842105263 0.15
itercount --------> 2
[0, 1, 2]
[0, 1, 4]
0.15 0.18181818181818182
itercount --------> 3
[1, 4, 6]
0.18181818181818182 0.2916666666666667
itercount --------> 4
[1, 7, 4]
0.2916666666666667 0.32
itercount --------> 5
[1, 3, 4]
[1, 3, 6]
[1, 3, 7]
[1, 3, 0]
[1, 3, 2]
0.32 0.44
itercount --------> 6
[1, 3, 6]
[1, 3, 4]
[1, 3, 0]
[1, 3, 2]
[1, 3, 7]
[1, 3, 5]
[1, 3, 6, 4]
[1, 3, 6, 0]
[1, 3, 6, 2]
[1, 3, 6, 7]
[1, 3, 6, 5]
0.44 0.45454545454545453
itercount --------> 7
[3, 6, 0]
[3, 6, 1]
[3, 6, 2]
[3, 6, 7]
[3, 6, 4]
[3, 6, 5]
0.45454545454545453 0.4782608695652174
itercount --------> 8
[0, 1, 2]
[0, 1, 3]
[0, 1, 6]
[0, 1, 5]
0.4782608695652174 0.55
itercount --------> 9
[0, 1, 2]
[0, 1, 5]
[0, 1, 3]
[0, 1, 6]
[0, 1, 7]
[0, 1, 4]
[0, 1, 2, 5]
[0, 1, 2, 3]
0.55 0.5789473684210527
itercount --------> 10
[0, 1, 2]
[0, 1, 3]
[0, 1, 5]
[0, 1, 6]
[0, 1, 7]
[0, 1, 4]
[0, 1, 2, 3]
[0, 1, 2, 5]
[0, 1, 2, 6]
[0, 1, 2, 7]
[0, 1, 2, 4]
[0, 1, 2, 3, 5]
[0, 1, 2, 3, 6]
0.5789473684210527 0.7142857142857143
itercount --------> 11
[0, 1, 2]
[0, 1, 5]
[0, 1, 6]
[0, 1, 7]
[0, 1, 3]
[0, 1, 4]
[0, 1, 2, 5]
[0, 1, 2, 6]
[0, 1, 2, 7]
[0, 1, 2, 3]
[0, 1, 2, 4]
[0, 1, 2, 5, 6]
[0, 1, 2, 5, 7]
[0, 1, 2, 5, 3]
[0, 1, 2, 5, 4]
[0, 1, 2, 5, 6, 7]
0.7142857142857143 0.7894736842105263
itercount --------> 12
[0, 1, 2]
[0, 1, 5]
[0, 1, 7]
[0, 1, 3]
[0, 1, 4]
[0, 1, 6]
[0, 1, 2, 5]
[0, 1, 2, 7]
[0, 1, 2, 3]
[0, 1, 2, 4]
[0, 1, 2, 6]
[0, 1, 2, 5, 7]
[0, 1, 2, 5, 3]
[0, 1, 2, 5, 4]
[0, 1, 2, 5, 6]
[0, 1, 2, 5, 7, 3]
[0, 1, 2, 5, 7, 4]
[0, 1, 2, 5, 7, 6]
[0, 1, 2, 5, 7, 3, 4]
[0, 1, 2, 5, 7, 3, 6]
[0, 1, 2, 5, 7, 3, 4, 6]
failed -> 38 times
after fail n ======> 5
[0, 1, 2, 3, 4]
0.06451612903225806 0.08695652173913043
itercount --------> 1
[0, 3, 4]
[0, 3, 5]
[0, 3, 6]
[0, 3, 7]
0.08695652173913043 0.11538461538461539
itercount --------> 2
[0, 4, 6]
0.11538461538461539 0.125
itercount --------> 3
[0, 7, 1]
0.125 0.13636363636363635
itercount --------> 4
[4, 6, 3]
[4, 6, 7]
[4, 6, 1]
0.13636363636363635 0.2
itercount --------> 5
[4, 6, 1]
[4, 6, 7]
[4, 6, 3]
0.2 0.20833333333333334
itercount --------> 6
[1, 7, 4]
0.20833333333333334 0.2413793103448276
itercount --------> 7
[1, 2, 6]
0.2413793103448276 0.25925925925925924
itercount --------> 8
[1, 6, 7]
0.25925925925925924 0.3333333333333333
itercount --------> 9
[1, 4, 3]
[1, 4, 6]
[1, 4, 7]
0.3333333333333333 0.34782608695652173
itercount --------> 10
[1, 4, 7]
0.34782608695652173 0.55
itercount --------> 11
[6, 4, 7]
[6, 4, 3]
[6, 4, 0]
[6, 4, 1]
[6, 4, 2]
[6, 4, 5]
[6, 4, 7, 3]
0.55 0.5714285714285714
itercount --------> 12
[0, 1, 7]
[0, 1, 2]
0.5714285714285714 0.631578947368421
itercount --------> 13
[0, 1, 2]
[0, 1, 7]
[0, 1, 4]
[0, 1, 6]
[0, 1, 3]
[0, 1, 5]
0.631578947368421 0.6666666666666666
itercount --------> 14
[0, 1, 2]
[0, 1, 7]
[0, 1, 5]
[0, 1, 4]
[0, 1, 3]
[0, 1, 6]
[0, 1, 2, 7]
[0, 1, 2, 5]
[0, 1, 2, 4]
[0, 1, 2, 3]
[0, 1, 2, 6]
[0, 1, 2, 7, 5]
[0, 1, 2, 7, 4]
[0, 1, 2, 7, 3]
[0, 1, 2, 7, 6]
[0, 1, 2, 7, 5, 4]
[0, 1, 2, 7, 5, 3]
[0, 1, 2, 7, 5, 6]
[0, 1, 2, 7, 5, 4, 3]
[0, 1, 2, 7, 5, 4, 6]
[0, 1, 2, 7, 5, 4, 3, 6]
failed -> 39 times
after fail n ======> 6
[0, 1, 2, 3, 4, 5]
0.06451612903225806 0.07407407407407407
itercount --------> 1
[3, 6, 7]
0.07407407407407407 0.11363636363636363
itercount --------> 2
[3, 0, 2]
0.11363636363636363 0.17857142857142858
itercount --------> 3
[3, 2, 7]
0.17857142857142858 0.22727272727272727
itercount --------> 4
[3, 5, 7]
[3, 5, 2]
0.22727272727272727 0.25
itercount --------> 5
[3, 5, 7]
[3, 5, 4]
[3, 5, 0]
[3, 5, 1]
0.25 0.2631578947368421
itercount --------> 6
[0, 1, 2]
[0, 1, 5]
[0, 1, 3]
[0, 1, 7]
[0, 1, 6]
0.2631578947368421 0.2777777777777778
itercount --------> 7
[3, 0, 1]
[3, 0, 2]
[3, 0, 5]
[3, 0, 7]
[3, 0, 6]
[3, 0, 4]
[3, 0, 1, 2]
[3, 0, 1, 5]
[3, 0, 1, 7]
[3, 0, 1, 6]
[3, 0, 1, 4]
[3, 0, 1, 2, 5]
[3, 0, 1, 2, 7]
[3, 0, 1, 2, 6]
[3, 0, 1, 2, 4]
[3, 0, 1, 2, 5, 7]
[3, 0, 1, 2, 5, 6]
[3, 0, 1, 2, 5, 4]
[3, 0, 1, 2, 5, 7, 6]
[3, 0, 1, 2, 5, 7, 4]
[3, 0, 1, 2, 5, 7, 6, 4]
failed -> 40 times
after fail n ======> 7
[0, 1, 2, 3, 4, 5, 6]
0.06451612903225806 0.07894736842105263
itercount --------> 1
[0, 1, 2]
0.07894736842105263 0.11538461538461539
itercount --------> 2
[1, 3, 4]
[1, 3, 7]
0.11538461538461539 0.13953488372093023
itercount --------> 3
[1, 5, 0]
0.13953488372093023 0.25
itercount --------> 4
[0, 1, 2]
[0, 1, 5]
[0, 1, 4]
0.25 0.2631578947368421
itercount --------> 5
[0, 1, 2]
[0, 1, 5]
[0, 1, 4]
[0, 1, 7]
[0, 1, 3]
[0, 1, 6]
0.2631578947368421 0.2777777777777778
itercount --------> 6
[4, 0, 1]
[4, 0, 2]
[4, 0, 5]
[4, 0, 7]
[4, 0, 3]
[4, 0, 6]
[4, 0, 1, 2]
[4, 0, 1, 5]
[4, 0, 1, 7]
[4, 0, 1, 3]
[4, 0, 1, 6]
[4, 0, 1, 2, 5]
0.2777777777777778 0.2962962962962963
itercount --------> 7
[5, 7, 1]
[5, 7, 3]
0.2962962962962963 0.4
itercount --------> 8
[7, 5, 3]
[7, 5, 1]
[7, 5, 0]
[7, 5, 2]
[7, 5, 4]
0.4 0.43478260869565216
itercount --------> 9
[1, 0, 2]
0.43478260869565216 0.5
itercount --------> 10
[0, 1, 2]
[0, 1, 5]
[0, 1, 7]
[0, 1, 3]
[0, 1, 4]
0.5 0.5263157894736842
itercount --------> 11
[0, 1, 2]
[0, 1, 5]
[0, 1, 7]
[0, 1, 3]
[0, 1, 6]
[0, 1, 4]
[0, 1, 2, 5]
[0, 1, 2, 7]
[0, 1, 2, 3]
[0, 1, 2, 6]
[0, 1, 2, 4]
0.5263157894736842 0.5555555555555556
itercount --------> 12
[0, 1, 2]
[0, 1, 5]
[0, 1, 7]
[0, 1, 3]
[0, 1, 6]
[0, 1, 4]
[0, 1, 2, 5]
[0, 1, 2, 7]
[0, 1, 2, 3]
[0, 1, 2, 6]
[0, 1, 2, 4]
[0, 1, 2, 5, 7]
[0, 1, 2, 5, 3]
[0, 1, 2, 5, 6]
[0, 1, 2, 5, 4]
[0, 1, 2, 5, 7, 3]
[0, 1, 2, 5, 7, 6]
0.5555555555555556 0.5789473684210527
itercount --------> 13
[3, 7, 0]
[3, 7, 1]
[3, 7, 2]
[3, 7, 4]
[3, 7, 5]
[3, 7, 6]
[3, 7, 0, 1]
[3, 7, 0, 2]
[3, 7, 0, 4]
[3, 7, 0, 5]
[3, 7, 0, 6]
[3, 7, 0, 1, 2]
[3, 7, 0, 1, 4]
[3, 7, 0, 1, 5]
[3, 7, 0, 1, 6]
[3, 7, 0, 1, 2, 4]
[3, 7, 0, 1, 2, 5]
[3, 7, 0, 1, 2, 6]
[3, 7, 0, 1, 2, 4, 5]
[3, 7, 0, 1, 2, 4, 6]
[3, 7, 0, 1, 2, 4, 5, 6]
failed -> 41 times
after fail n ======> 8
[0, 1, 2, 3, 4, 5, 6, 7]
0.06451612903225806 0.07407407407407407
itercount --------> 1
[4, 6, 7]
0.07407407407407407 0.08823529411764706
itercount --------> 2
[6, 0, 2]
[6, 0, 7]
0.08823529411764706 0.125
itercount --------> 3
[6, 7, 2]
0.125 0.2
itercount --------> 4
[6, 7, 3]
[6, 7, 4]
[6, 7, 2]
0.2 0.21052631578947367
itercount --------> 5
[6, 7, 3]
[6, 7, 4]
[6, 7, 0]
[6, 7, 1]
[6, 7, 2]
[6, 7, 5]
[6, 7, 3, 4]
0.21052631578947367 0.3684210526315789
itercount --------> 6
[6, 7, 3]
[6, 7, 4]
[6, 7, 0]
[6, 7, 1]
[6, 7, 2]
[6, 7, 5]
[6, 7, 3, 4]
[6, 7, 3, 0]
[6, 7, 3, 1]
[6, 7, 3, 2]
[6, 7, 3, 5]
[6, 7, 3, 4, 0]
[6, 7, 3, 4, 1]
[6, 7, 3, 4, 2]
[6, 7, 3, 4, 5]
[6, 7, 3, 4, 0, 1]
[6, 7, 3, 4, 0, 2]
[6, 7, 3, 4, 0, 5]
[6, 7, 3, 4, 0, 1, 2]
[6, 7, 3, 4, 0, 1, 5]
[6, 7, 3, 4, 0, 1, 2, 5]
failed -> 42 times
after fail n ======> 5
[0, 1, 2, 3, 4]
0.06451612903225806 0.08695652173913043
itercount --------> 1
[0, 3, 4]
[0, 3, 5]
0.08695652173913043 0.11538461538461539
itercount --------> 2
[0, 4, 6]
[0, 4, 7]
[0, 4, 5]
0.11538461538461539 0.12121212121212122
itercount --------> 3
[0, 6, 5]
0.12121212121212122 0.125
itercount --------> 4
[6, 5, 7]
0.125 0.14814814814814814
itercount --------> 5
[5, 6, 0]
[5, 6, 7]
[5, 6, 1]
0.14814814814814814 0.2
itercount --------> 6
[6, 5, 7]
[6, 5, 3]
[6, 5, 4]
0.2 0.20833333333333334
itercount --------> 7
[6, 5, 7]
0.20833333333333334 0.21052631578947367
itercount --------> 8
[0, 1, 2]
[0, 1, 5]
[0, 1, 6]
[0, 1, 7]
0.21052631578947367 0.2222222222222222
itercount --------> 9
[0, 1, 2]
[0, 1, 5]
[0, 1, 6]
[0, 1, 7]
[0, 1, 3]
[0, 1, 4]
[0, 1, 2, 5]
[0, 1, 2, 6]
0.2222222222222222 0.2608695652173913
itercount --------> 10
[7, 0, 4]
0.2608695652173913 0.3157894736842105
itercount --------> 11
[7, 4, 5]
[7, 4, 6]
[7, 4, 3]
[7, 4, 0]
[7, 4, 1]
[7, 4, 2]
[7, 4, 5, 6]
[7, 4, 5, 3]
0.3157894736842105 0.3333333333333333
itercount --------> 12
[7, 0, 1]
[7, 0, 2]
0.3333333333333333 0.36363636363636365
itercount --------> 13
[0, 7, 6]
0.36363636363636365 0.42105263157894735
itercount --------> 14
[0, 1, 2]
[0, 1, 7]
[0, 1, 6]
[0, 1, 4]
[0, 1, 5]
[0, 1, 3]
[0, 1, 2, 7]
[0, 1, 2, 6]
0.42105263157894735 0.4444444444444444
itercount --------> 15
[0, 1, 2]
[0, 1, 5]
[0, 1, 7]
[0, 1, 4]
[0, 1, 6]
[0, 1, 3]
[0, 1, 2, 5]
[0, 1, 2, 7]
[0, 1, 2, 4]
[0, 1, 2, 6]
[0, 1, 2, 3]
[0, 1, 2, 5, 7]
[0, 1, 2, 5, 4]
[0, 1, 2, 5, 6]
[0, 1, 2, 5, 3]
[0, 1, 2, 5, 7, 4]
[0, 1, 2, 5, 7, 6]
[0, 1, 2, 5, 7, 3]
[0, 1, 2, 5, 7, 4, 6]
0.4444444444444444 0.45
itercount --------> 16
[3, 4, 6]
[3, 4, 7]
[3, 4, 0]
[3, 4, 1]
[3, 4, 2]
[3, 4, 5]
[3, 4, 6, 7]
0.45 0.47368421052631576
itercount --------> 17
[7, 0, 1]
[7, 0, 2]
[7, 0, 6]
[7, 0, 3]
[7, 0, 4]
0.47368421052631576 0.55
itercount --------> 18
[0, 1, 2]
[0, 1, 7]
[0, 1, 6]
[0, 1, 4]
0.55 0.5789473684210527
itercount --------> 19
[4, 0, 3]
[4, 0, 6]
[4, 0, 7]
[4, 0, 5]
[4, 0, 1]
[4, 0, 2]
[4, 0, 3, 6]
0.5789473684210527 0.65
itercount --------> 20
[0, 3, 4]
[0, 3, 6]
[0, 3, 7]
[0, 3, 1]
[0, 3, 2]
[0, 3, 5]
0.65 0.6666666666666666
itercount --------> 21
[7, 0, 1]
[7, 0, 2]
[7, 0, 3]
[7, 0, 4]
[7, 0, 5]
0.6666666666666666 0.7222222222222222
itercount --------> 22
[7, 0, 1]
[7, 0, 2]
[7, 0, 3]
[7, 0, 4]
[7, 0, 6]
[7, 0, 5]
[7, 0, 1, 2]
[7, 0, 1, 3]
[7, 0, 1, 4]
[7, 0, 1, 6]
[7, 0, 1, 5]
[7, 0, 1, 2, 3]
[7, 0, 1, 2, 4]
[7, 0, 1, 2, 6]
[7, 0, 1, 2, 5]
[7, 0, 1, 2, 3, 4]
[7, 0, 1, 2, 3, 6]
[7, 0, 1, 2, 3, 5]
[7, 0, 1, 2, 3, 4, 6]
[7, 0, 1, 2, 3, 4, 5]
[7, 0, 1, 2, 3, 4, 6, 5]
failed -> 43 times
after fail n ======> 6
[0, 1, 2, 3, 4, 5]
0.06451612903225806 0.07894736842105263
itercount --------> 1
[0, 1, 2]
0.07894736842105263 0.11538461538461539
itercount --------> 2
[0, 3, 6]
[0, 3, 7]
0.11538461538461539 0.13953488372093023
itercount --------> 3
[0, 5, 1]
0.13953488372093023 0.25
itercount --------> 4
[0, 1, 2]
[0, 1, 5]
[0, 1, 6]
0.25 0.2631578947368421
itercount --------> 5
[0, 1, 2]
[0, 1, 5]
[0, 1, 6]
[0, 1, 7]
[0, 1, 3]
[0, 1, 4]
0.2631578947368421 0.2777777777777778
itercount --------> 6
[6, 0, 1]
[6, 0, 2]
[6, 0, 5]
0.2777777777777778 0.3
itercount --------> 7
[0, 6, 7]
[0, 6, 4]
0.3 0.3333333333333333
itercount --------> 8
[0, 1, 2]
[0, 1, 5]
[0, 1, 4]
0.3333333333333333 0.4166666666666667
itercount --------> 9
[3, 0, 6]
[3, 0, 4]
[3, 0, 5]
[3, 0, 1]
[3, 0, 2]
[3, 0, 7]
[3, 0, 6, 4]
[3, 0, 6, 5]
[3, 0, 6, 1]
0.4166666666666667 0.5
itercount --------> 10
[3, 4, 6]
[3, 4, 7]
[3, 4, 5]
[3, 4, 0]
[3, 4, 1]
[3, 4, 2]
[3, 4, 6, 7]
[3, 4, 6, 5]
[3, 4, 6, 0]
[3, 4, 6, 1]
[3, 4, 6, 2]
[3, 4, 6, 7, 5]
[3, 4, 6, 7, 0]
[3, 4, 6, 7, 1]
[3, 4, 6, 7, 2]
[3, 4, 6, 7, 5, 0]
[3, 4, 6, 7, 5, 1]
[3, 4, 6, 7, 5, 2]
0.5 0.5263157894736842
itercount --------> 11
[3, 4, 6]
[3, 4, 7]
[3, 4, 5]
[3, 4, 0]
[3, 4, 1]
[3, 4, 2]
[3, 4, 6, 7]
[3, 4, 6, 5]
0.5263157894736842 0.5555555555555556
itercount --------> 12
[5, 7, 0]
[5, 7, 1]
[5, 7, 2]
[5, 7, 3]
[5, 7, 4]
[5, 7, 6]
[5, 7, 0, 1]
[5, 7, 0, 2]
[5, 7, 0, 3]
[5, 7, 0, 4]
[5, 7, 0, 6]
[5, 7, 0, 1, 2]
[5, 7, 0, 1, 3]
[5, 7, 0, 1, 4]
[5, 7, 0, 1, 6]
[5, 7, 0, 1, 2, 3]
[5, 7, 0, 1, 2, 4]
[5, 7, 0, 1, 2, 6]
[5, 7, 0, 1, 2, 3, 4]
[5, 7, 0, 1, 2, 3, 6]
[5, 7, 0, 1, 2, 3, 4, 6]
failed -> 44 times
after fail n ======> 7
[0, 1, 2, 3, 4, 5, 6]
0.06451612903225806 0.07894736842105263
itercount --------> 1
[0, 1, 2]
[0, 1, 3]
0.07894736842105263 0.09523809523809523
itercount --------> 2
[3, 6, 2]
0.09523809523809523 0.1111111111111111
itercount --------> 3
[0, 1, 2]
[0, 1, 3]
0.1111111111111111 0.13043478260869565
itercount --------> 4
[0, 3, 6]
[0, 3, 7]
0.13043478260869565 0.15789473684210525
itercount --------> 5
[0, 1, 2]
[0, 1, 3]
[0, 1, 5]
[0, 1, 6]
0.15789473684210525 0.16666666666666666
itercount --------> 6
[0, 1, 2]
[0, 1, 3]
[0, 1, 6]
[0, 1, 5]
[0, 1, 7]
[0, 1, 4]
[0, 1, 2, 3]
0.16666666666666666 0.17857142857142858
itercount --------> 7
[6, 0, 7]
0.17857142857142858 0.2
itercount --------> 8
[6, 7, 2]
0.2 0.22727272727272727
itercount --------> 9
[6, 0, 1]
[6, 0, 7]
[6, 0, 5]
0.22727272727272727 0.23809523809523808
itercount --------> 10
[6, 0, 1]
0.23809523809523808 0.2777777777777778
itercount --------> 11
[6, 0, 1]
[6, 0, 2]
[6, 0, 5]
[6, 0, 7]
[6, 0, 3]
[6, 0, 4]
[6, 0, 1, 2]
[6, 0, 1, 5]
[6, 0, 1, 7]
[6, 0, 1, 3]
[6, 0, 1, 4]
[6, 0, 1, 2, 5]
[6, 0, 1, 2, 7]
[6, 0, 1, 2, 3]
[6, 0, 1, 2, 4]
[6, 0, 1, 2, 5, 7]
[6, 0, 1, 2, 5, 3]
[6, 0, 1, 2, 5, 4]
[6, 0, 1, 2, 5, 7, 3]
[6, 0, 1, 2, 5, 7, 4]
[6, 0, 1, 2, 5, 7, 3, 4]
failed -> 45 times
after fail n ======> 8
[0, 1, 2, 3, 4, 5, 6, 7]
0.06451612903225806 0.07407407407407407
itercount --------> 1
[4, 6, 7]
[4, 6, 0]
0.07407407407407407 0.09523809523809523
itercount --------> 2
[4, 6, 2]
0.09523809523809523 0.1111111111111111
itercount --------> 3
[0, 1, 2]
[0, 1, 4]
[0, 1, 5]
[0, 1, 6]
[0, 1, 7]
0.1111111111111111 0.12
itercount --------> 4
[4, 6, 0]
0.12 0.15
itercount --------> 5
[4, 6, 1]
0.15 0.16666666666666666
itercount --------> 6
[0, 1, 2]
[0, 1, 4]
[0, 1, 6]
[0, 1, 5]
[0, 1, 7]
[0, 1, 3]
[0, 1, 2, 4]
[0, 1, 2, 6]
[0, 1, 2, 5]
[0, 1, 2, 7]
[0, 1, 2, 3]
[0, 1, 2, 4, 6]
[0, 1, 2, 4, 5]
[0, 1, 2, 4, 7]
[0, 1, 2, 4, 3]
[0, 1, 2, 4, 6, 5]
[0, 1, 2, 4, 6, 7]
[0, 1, 2, 4, 6, 3]
[0, 1, 2, 4, 6, 5, 7]
[0, 1, 2, 4, 6, 5, 3]
[0, 1, 2, 4, 6, 5, 7, 3]
failed -> 46 times
after fail n ======> 5
[0, 1, 2, 3, 4]
0.06451612903225806 0.08695652173913043
itercount --------> 1
[0, 3, 4]
[0, 3, 5]
[0, 3, 6]
[0, 3, 7]
[0, 3, 1]
0.08695652173913043 0.10526315789473684
itercount --------> 2
[0, 1, 2]
[0, 1, 3]
[0, 1, 4]
0.10526315789473684 0.14285714285714285
itercount --------> 3
[0, 3, 6]
0.14285714285714285 0.19047619047619047
itercount --------> 4
[0, 6, 7]
0.19047619047619047 0.23809523809523808
itercount --------> 5
[0, 4, 7]
0.23809523809523808 0.34782608695652173
itercount --------> 6
[0, 7, 3]
[0, 7, 6]
[0, 7, 1]
[0, 7, 2]
0.34782608695652173 0.35
itercount --------> 7
[7, 0, 1]
0.35 0.6086956521739131
itercount --------> 8
[0, 7, 1]
[0, 7, 3]
[0, 7, 6]
[0, 7, 2]
[0, 7, 5]
[0, 7, 4]
[0, 7, 1, 3]
0.6086956521739131 0.6153846153846154
itercount --------> 9
[0, 1, 2]
[0, 1, 5]
0.6153846153846154 0.625
itercount --------> 10
[1, 0, 2]
[1, 0, 5]
0.625 0.7142857142857143
itercount --------> 11
[0, 1, 2]
[0, 1, 5]
[0, 1, 7]
[0, 1, 3]
[0, 1, 4]
[0, 1, 6]
[0, 1, 2, 5]
0.7142857142857143 0.75
itercount --------> 12
[0, 1, 2]
[0, 1, 5]
[0, 1, 7]
[0, 1, 3]
[0, 1, 4]
[0, 1, 6]
[0, 1, 2, 5]
[0, 1, 2, 7]
[0, 1, 2, 3]
[0, 1, 2, 4]
[0, 1, 2, 6]
[0, 1, 2, 5, 7]
[0, 1, 2, 5, 3]
[0, 1, 2, 5, 4]
[0, 1, 2, 5, 6]
0.75 0.7894736842105263
itercount --------> 13
[0, 1, 2]
[0, 1, 5]
[0, 1, 7]
[0, 1, 3]
[0, 1, 4]
[0, 1, 6]
[0, 1, 2, 5]
[0, 1, 2, 7]
[0, 1, 2, 3]
[0, 1, 2, 4]
[0, 1, 2, 6]
[0, 1, 2, 5, 7]
[0, 1, 2, 5, 3]
[0, 1, 2, 5, 4]
[0, 1, 2, 5, 6]
[0, 1, 2, 5, 7, 3]
[0, 1, 2, 5, 7, 4]
[0, 1, 2, 5, 7, 6]
[0, 1, 2, 5, 7, 3, 4]
[0, 1, 2, 5, 7, 3, 6]
[0, 1, 2, 5, 7, 3, 4, 6]
failed -> 47 times
after fail n ======> 6
[0, 1, 2, 3, 4, 5]
0.06451612903225806 0.07894736842105263
itercount --------> 1
[0, 1, 2]
0.07894736842105263 0.15
itercount --------> 2
[0, 1, 2]
[0, 1, 4]
[0, 1, 6]
[0, 1, 7]
[0, 1, 5]
[0, 1, 3]
[0, 1, 2, 4]
0.15 0.2
itercount --------> 3
[6, 1, 7]
[6, 1, 5]
[6, 1, 0]
[6, 1, 3]
[6, 1, 2]
0.2 0.21875
itercount --------> 4
[1, 7, 5]
0.21875 0.2727272727272727
itercount --------> 5
[7, 1, 2]
0.2727272727272727 0.34782608695652173
itercount --------> 6
[7, 5, 0]
0.34782608695652173 0.4
itercount --------> 7
[0, 1, 2]
[0, 1, 7]
0.4 0.4444444444444444
itercount --------> 8
[0, 1, 2]
[0, 1, 5]
[0, 1, 7]
0.4444444444444444 0.45
itercount --------> 9
[0, 1, 2]
[0, 1, 7]
[0, 1, 5]
[0, 1, 4]
[0, 1, 6]
[0, 1, 3]
[0, 1, 2, 7]
[0, 1, 2, 5]
[0, 1, 2, 4]
[0, 1, 2, 6]
[0, 1, 2, 3]
[0, 1, 2, 7, 5]
[0, 1, 2, 7, 4]
0.45 0.45454545454545453
itercount --------> 10
[0, 1, 7]
[0, 1, 2]
[0, 1, 6]
[0, 1, 3]
[0, 1, 4]
[0, 1, 5]
0.45454545454545453 0.5
itercount --------> 11
[0, 7, 1]
[0, 7, 6]
[0, 7, 5]
[0, 7, 3]
[0, 7, 2]
[0, 7, 4]
[0, 7, 1, 6]
[0, 7, 1, 5]
[0, 7, 1, 3]
[0, 7, 1, 2]
[0, 7, 1, 4]
[0, 7, 1, 6, 5]
[0, 7, 1, 6, 3]
[0, 7, 1, 6, 2]
[0, 7, 1, 6, 4]
0.5 0.5384615384615384
itercount --------> 12
[1, 0, 5]
[1, 0, 3]
[1, 0, 4]
[1, 0, 2]
[1, 0, 6]
[1, 0, 7]
[1, 0, 5, 3]
[1, 0, 5, 4]
[1, 0, 5, 2]
[1, 0, 5, 6]
[1, 0, 5, 7]
[1, 0, 5, 3, 4]
0.5384615384615384 0.5416666666666666
itercount --------> 13
[3, 1, 4]
[3, 1, 5]
[3, 1, 0]
[3, 1, 2]
[3, 1, 6]
[3, 1, 7]
[3, 1, 4, 5]
[3, 1, 4, 0]
[3, 1, 4, 2]
[3, 1, 4, 6]
[3, 1, 4, 7]
[3, 1, 4, 5, 0]
[3, 1, 4, 5, 2]
0.5416666666666666 0.5652173913043478
itercount --------> 14
[1, 3, 4]
[1, 3, 6]
[1, 3, 7]
[1, 3, 5]
[1, 3, 0]
[1, 3, 2]
[1, 3, 4, 6]
[1, 3, 4, 7]
[1, 3, 4, 5]
0.5652173913043478 0.5833333333333334
itercount --------> 15
[0, 3, 5]
[0, 3, 4]
[0, 3, 6]
[0, 3, 1]
[0, 3, 2]
[0, 3, 7]
[0, 3, 5, 4]
[0, 3, 5, 6]
[0, 3, 5, 1]
[0, 3, 5, 2]
[0, 3, 5, 7]
0.5833333333333334 0.64
itercount --------> 16
[0, 1, 2]
[0, 1, 3]
[0, 1, 5]
[0, 1, 7]
[0, 1, 4]
[0, 1, 6]
[0, 1, 2, 3]
[0, 1, 2, 5]
[0, 1, 2, 7]
[0, 1, 2, 4]
[0, 1, 2, 6]
[0, 1, 2, 3, 5]
[0, 1, 2, 3, 7]
[0, 1, 2, 3, 4]
[0, 1, 2, 3, 6]
[0, 1, 2, 3, 5, 7]
[0, 1, 2, 3, 5, 4]
[0, 1, 2, 3, 5, 6]
[0, 1, 2, 3, 5, 7, 4]
[0, 1, 2, 3, 5, 7, 6]
[0, 1, 2, 3, 5, 7, 4, 6]
failed -> 48 times
after fail n ======> 7
[0, 1, 2, 3, 4, 5, 6]
0.06451612903225806 0.08
itercount --------> 1
[1, 2, 3]
[1, 2, 4]
0.08 0.09523809523809523
itercount --------> 2
[2, 0, 1]
0.09523809523809523 0.1
itercount --------> 3
[2, 3, 4]
0.1 0.15
itercount --------> 4
[2, 3, 4]
[2, 3, 6]
[2, 3, 7]
0.15 0.25
itercount --------> 5
[2, 7, 3]
[2, 7, 4]
[2, 7, 6]
[2, 7, 0]
[2, 7, 1]
0.25 0.38095238095238093
itercount --------> 6
[2, 7, 1]
[2, 7, 3]
[2, 7, 4]
[2, 7, 6]
[2, 7, 0]
0.38095238095238093 0.4
itercount --------> 7
[2, 7, 3]
0.4 0.4090909090909091
itercount --------> 8
[2, 7, 0]
[2, 7, 1]
[2, 7, 4]
0.4090909090909091 0.4166666666666667
itercount --------> 9
[0, 1, 2]
[0, 1, 7]
[0, 1, 6]
[0, 1, 4]
[0, 1, 3]
[0, 1, 5]
[0, 1, 2, 7]
[0, 1, 2, 6]
[0, 1, 2, 4]
[0, 1, 2, 3]
[0, 1, 2, 5]
[0, 1, 2, 7, 6]
0.4166666666666667 0.5238095238095238
itercount --------> 10
[2, 7, 4]
0.5238095238095238 0.5909090909090909
itercount --------> 11
[2, 7, 1]
[2, 7, 0]
[2, 7, 6]
[2, 7, 3]
[2, 7, 4]
[2, 7, 5]
[2, 7, 1, 0]
[2, 7, 1, 6]
0.5909090909090909 0.7727272727272727
itercount --------> 12
[2, 1, 0]
[2, 1, 3]
[2, 1, 4]
[2, 1, 6]
[2, 1, 7]
[2, 1, 5]
[2, 1, 0, 3]
[2, 1, 0, 4]
[2, 1, 0, 6]
[2, 1, 0, 7]
[2, 1, 0, 5]
0.7727272727272727 0.8095238095238095
itercount --------> 13
[2, 0, 1]
[2, 0, 3]
[2, 0, 4]
[2, 0, 6]
[2, 0, 7]
[2, 0, 5]
[2, 0, 1, 3]
[2, 0, 1, 4]
[2, 0, 1, 6]
[2, 0, 1, 7]
[2, 0, 1, 5]
[2, 0, 1, 3, 4]
[2, 0, 1, 3, 6]
[2, 0, 1, 3, 7]
[2, 0, 1, 3, 5]
[2, 0, 1, 3, 4, 6]
[2, 0, 1, 3, 4, 7]
[2, 0, 1, 3, 4, 5]
[2, 0, 1, 3, 4, 6, 7]
[2, 0, 1, 3, 4, 6, 5]
[2, 0, 1, 3, 4, 6, 7, 5]
failed -> 49 times
after fail n ======> 8
[0, 1, 2, 3, 4, 5, 6, 7]
0.06451612903225806 0.07407407407407407
itercount --------> 1
[5, 3, 0]
[5, 3, 7]
[5, 3, 4]
0.07407407407407407 0.08333333333333333
itercount --------> 2
[5, 0, 3]
[5, 0, 1]
[5, 0, 2]
[5, 0, 6]
0.08333333333333333 0.08695652173913043
itercount --------> 3
[0, 6, 7]
0.08695652173913043 0.10714285714285714
itercount --------> 4
[6, 1, 2]
0.10714285714285714 0.11538461538461539
itercount --------> 5
[1, 6, 3]
0.11538461538461539 0.15625
itercount --------> 6
[6, 1, 2]
0.15625 0.22727272727272727
itercount --------> 7
[6, 2, 7]
[6, 2, 0]
0.22727272727272727 0.2631578947368421
itercount --------> 8
[0, 1, 2]
[0, 1, 6]
[0, 1, 5]
[0, 1, 7]
[0, 1, 3]
[0, 1, 4]
[0, 1, 2, 6]
[0, 1, 2, 5]
[0, 1, 2, 7]
[0, 1, 2, 3]
[0, 1, 2, 4]
[0, 1, 2, 6, 5]
[0, 1, 2, 6, 7]
[0, 1, 2, 6, 3]
[0, 1, 2, 6, 4]
[0, 1, 2, 6, 5, 7]
[0, 1, 2, 6, 5, 3]
[0, 1, 2, 6, 5, 4]
[0, 1, 2, 6, 5, 7, 3]
[0, 1, 2, 6, 5, 7, 4]
0.2631578947368421 0.3157894736842105
itercount --------> 9
[0, 1, 2]
[0, 1, 6]
[0, 1, 5]
[0, 1, 3]
[0, 1, 7]
[0, 1, 4]
0.3157894736842105 0.3333333333333333
itercount --------> 10
[6, 0, 1]
[6, 0, 2]
[6, 0, 5]
[6, 0, 3]
[6, 0, 7]
[6, 0, 4]
[6, 0, 1, 2]
[6, 0, 1, 5]
[6, 0, 1, 3]
[6, 0, 1, 7]
[6, 0, 1, 4]
[6, 0, 1, 2, 5]
[6, 0, 1, 2, 3]
[6, 0, 1, 2, 7]
[6, 0, 1, 2, 4]
[6, 0, 1, 2, 5, 3]
[6, 0, 1, 2, 5, 7]
[6, 0, 1, 2, 5, 4]
[6, 0, 1, 2, 5, 3, 7]
0.3333333333333333 0.35
itercount --------> 11
[6, 7, 3]
[6, 7, 4]
[6, 7, 0]
[6, 7, 2]
[6, 7, 1]
[6, 7, 5]
[6, 7, 3, 4]
[6, 7, 3, 0]
[6, 7, 3, 2]
[6, 7, 3, 1]
[6, 7, 3, 5]
[6, 7, 3, 4, 0]
0.35 0.3684210526315789
itercount --------> 12
[6, 7, 3]
[6, 7, 4]
[6, 7, 0]
[6, 7, 1]
[6, 7, 2]
[6, 7, 5]
[6, 7, 3, 4]
[6, 7, 3, 0]
[6, 7, 3, 1]
[6, 7, 3, 2]
[6, 7, 3, 5]
[6, 7, 3, 4, 0]
[6, 7, 3, 4, 1]
[6, 7, 3, 4, 2]
[6, 7, 3, 4, 5]
[6, 7, 3, 4, 0, 1]
[6, 7, 3, 4, 0, 2]
[6, 7, 3, 4, 0, 5]
[6, 7, 3, 4, 0, 1, 2]
[6, 7, 3, 4, 0, 1, 5]
[6, 7, 3, 4, 0, 1, 2, 5]
failed -> 50 times
after fail n ======> 5
Runs with the maximum attractor JI -> [5, 10, 30, 31]
