{0: 23, 1: 23, 2: 23, 3: 20, 4: 20, 5: 20, 6: 20, 7: 20}
[0, 1, 2]
0.06451612903225806 0.08695652173913043
itercount --------> 1
[0, 3, 4]
0.08695652173913043 0.125
itercount --------> 2
[0, 3, 4]
[0, 3, 5]
[0, 3, 6]
[0, 3, 1]
0.125 0.15
itercount --------> 3
[0, 3, 4]
0.15 0.25
itercount --------> 4
[6, 0, 3]
0.25 0.3
itercount --------> 5
[0, 3, 4]
[0, 3, 7]
[0, 3, 6]
[0, 3, 1]
0.3 0.34782608695652173
itercount --------> 6
[0, 7, 4]
0.34782608695652173 0.391304347826087
itercount --------> 7
[0, 7, 4]
[0, 7, 6]
[0, 7, 1]
[0, 7, 2]
0.391304347826087 0.6086956521739131
itercount --------> 8
[0, 7, 1]
[0, 7, 4]
[0, 7, 6]
[0, 7, 2]
0.6086956521739131 0.6153846153846154
itercount --------> 9
[0, 1, 2]
[0, 1, 5]
[0, 1, 7]
[0, 1, 3]
[0, 1, 4]
[0, 1, 6]
[0, 1, 2, 5]
0.6153846153846154 0.625
itercount --------> 10
[2, 1, 0]
[2, 1, 5]
0.625 0.7142857142857143
itercount --------> 11
[0, 1, 2]
[0, 1, 5]
0.7142857142857143 0.75
itercount --------> 12
[0, 1, 2]
[0, 1, 5]
[0, 1, 7]
[0, 1, 3]
[0, 1, 4]
[0, 1, 6]
[0, 1, 2, 5]
[0, 1, 2, 7]
[0, 1, 2, 3]
[0, 1, 2, 4]
[0, 1, 2, 6]
[0, 1, 2, 5, 7]
[0, 1, 2, 5, 3]
[0, 1, 2, 5, 4]
[0, 1, 2, 5, 6]
[0, 1, 2, 5, 7, 3]
[0, 1, 2, 5, 7, 4]
[0, 1, 2, 5, 7, 6]
[0, 1, 2, 5, 7, 3, 4]
[0, 1, 2, 5, 7, 3, 6]
0.75 0.7894736842105263
itercount --------> 13
[0, 1, 2]
[0, 1, 5]
[0, 1, 7]
[0, 1, 3]
[0, 1, 4]
[0, 1, 6]
[0, 1, 2, 5]
[0, 1, 2, 7]
[0, 1, 2, 3]
[0, 1, 2, 4]
[0, 1, 2, 6]
[0, 1, 2, 5, 7]
[0, 1, 2, 5, 3]
[0, 1, 2, 5, 4]
[0, 1, 2, 5, 6]
[0, 1, 2, 5, 7, 3]
[0, 1, 2, 5, 7, 4]
[0, 1, 2, 5, 7, 6]
[0, 1, 2, 5, 7, 3, 4]
[0, 1, 2, 5, 7, 3, 6]
[0, 1, 2, 5, 7, 3, 4, 6]
failed Once
after fail n ======> 4
[0, 1, 2, 3]
0.06451612903225806 0.08695652173913043
itercount --------> 1
[0, 3, 4]
0.08695652173913043 0.125
itercount --------> 2
[0, 3, 4]
[0, 3, 5]
[0, 3, 6]
[0, 3, 1]
0.125 0.15
itercount --------> 3
[0, 3, 4]
0.15 0.25
itercount --------> 4
[6, 0, 3]
[6, 0, 4]
0.25 0.2916666666666667
itercount --------> 5
[0, 7, 3]
0.2916666666666667 0.3
itercount --------> 6
[0, 1, 2]
[0, 1, 4]
0.3 0.3157894736842105
itercount --------> 7
[4, 3, 7]
[4, 3, 6]
[4, 3, 0]
[4, 3, 1]
[4, 3, 2]
[4, 3, 5]
[4, 3, 7, 6]
[4, 3, 7, 0]
0.3157894736842105 0.3684210526315789
itercount --------> 8
[4, 3, 6]
[4, 3, 7]
[4, 3, 0]
[4, 3, 1]
[4, 3, 2]
[4, 3, 5]
[4, 3, 6, 7]
[4, 3, 6, 0]
0.3684210526315789 0.5714285714285714
itercount --------> 9
[0, 1, 2]
[0, 1, 7]
[0, 1, 3]
[0, 1, 4]
[0, 1, 5]
[0, 1, 6]
[0, 1, 2, 7]
[0, 1, 2, 3]
[0, 1, 2, 4]
[0, 1, 2, 5]
0.5714285714285714 0.6111111111111112
itercount --------> 10
[0, 1, 2]
[0, 1, 5]
[0, 1, 7]
[0, 1, 3]
[0, 1, 4]
[0, 1, 6]
[0, 1, 2, 5]
[0, 1, 2, 7]
[0, 1, 2, 3]
[0, 1, 2, 4]
[0, 1, 2, 6]
[0, 1, 2, 5, 7]
0.6111111111111112 0.6666666666666666
itercount --------> 11
[0, 1, 2]
[0, 1, 7]
[0, 1, 5]
[0, 1, 3]
[0, 1, 4]
[0, 1, 6]
[0, 1, 2, 7]
[0, 1, 2, 5]
[0, 1, 2, 3]
[0, 1, 2, 4]
[0, 1, 2, 6]
[0, 1, 2, 7, 5]
[0, 1, 2, 7, 3]
[0, 1, 2, 7, 4]
[0, 1, 2, 7, 6]
[0, 1, 2, 7, 5, 3]
[0, 1, 2, 7, 5, 4]
[0, 1, 2, 7, 5, 6]
[0, 1, 2, 7, 5, 3, 4]
[0, 1, 2, 7, 5, 3, 6]
[0, 1, 2, 7, 5, 3, 4, 6]
failed -> 2 times
after fail n ======> 5
[0, 1, 2, 3, 4]
0.06451612903225806 0.08695652173913043
itercount --------> 1
[2, 3, 4]
[2, 3, 5]
[2, 3, 6]
0.08695652173913043 0.11538461538461539
itercount --------> 2
[2, 3, 4]
0.11538461538461539 0.13793103448275862
itercount --------> 3
[2, 4, 7]
0.13793103448275862 0.18421052631578946
itercount --------> 4
[2, 0, 1]
[2, 0, 7]
0.18421052631578946 0.2916666666666667
itercount --------> 5
[0, 1, 2]
[0, 1, 7]
0.2916666666666667 0.3103448275862069
itercount --------> 6
[1, 3, 0]
[1, 3, 2]
[1, 3, 7]
[1, 3, 4]
[1, 3, 6]
[1, 3, 5]
0.3103448275862069 0.34782608695652173
itercount --------> 7
[0, 1, 2]
[0, 1, 3]
0.34782608695652173 0.4
itercount --------> 8
[3, 7, 4]
[3, 7, 6]
[3, 7, 0]
[3, 7, 1]
[3, 7, 2]
[3, 7, 5]
[3, 7, 4, 6]
[3, 7, 4, 0]
[3, 7, 4, 1]
0.4 0.45
itercount --------> 9
[3, 4, 6]
[3, 4, 0]
[3, 4, 1]
[3, 4, 2]
[3, 4, 7]
[3, 4, 5]
[3, 4, 6, 0]
[3, 4, 6, 1]
[3, 4, 6, 2]
0.45 0.5769230769230769
itercount --------> 10
[2, 0, 1]
0.5769230769230769 0.75
itercount --------> 11
[0, 1, 2]
[0, 1, 5]
0.75 0.85
itercount --------> 12
[0, 1, 2]
[0, 1, 3]
[0, 1, 4]
[0, 1, 6]
[0, 1, 7]
[0, 1, 5]
[0, 1, 2, 3]
[0, 1, 2, 4]
[0, 1, 2, 6]
[0, 1, 2, 7]
[0, 1, 2, 5]
[0, 1, 2, 3, 4]
[0, 1, 2, 3, 6]
[0, 1, 2, 3, 7]
[0, 1, 2, 3, 5]
[0, 1, 2, 3, 4, 6]
[0, 1, 2, 3, 4, 7]
[0, 1, 2, 3, 4, 5]
[0, 1, 2, 3, 4, 6, 7]
[0, 1, 2, 3, 4, 6, 5]
[0, 1, 2, 3, 4, 6, 7, 5]
failed -> 3 times
after fail n ======> 6
[0, 1, 2, 3, 4, 5]
0.06451612903225806 0.07407407407407407
itercount --------> 1
[5, 3, 1]
[5, 3, 7]
[5, 3, 4]
[5, 3, 6]
0.07407407407407407 0.07894736842105263
itercount --------> 2
[1, 5, 0]
0.07894736842105263 0.08
itercount --------> 3
[2, 4, 7]
0.08 0.17391304347826086
itercount --------> 4
[2, 4, 3]
0.17391304347826086 0.2222222222222222
itercount --------> 5
[4, 2, 0]
0.2222222222222222 0.32
itercount --------> 6
[2, 4, 0]
0.32 0.4230769230769231
itercount --------> 7
[2, 0, 4]
[2, 0, 7]
0.4230769230769231 0.5357142857142857
itercount --------> 8
[2, 0, 5]
[2, 0, 1]
[2, 0, 4]
[2, 0, 3]
[2, 0, 6]
[2, 0, 7]
[2, 0, 5, 1]
0.5357142857142857 0.5769230769230769
itercount --------> 9
[0, 2, 1]
0.5769230769230769 0.625
itercount --------> 10
[0, 1, 2]
0.625 0.75
itercount --------> 11
[0, 1, 2]
[0, 1, 5]
[0, 1, 6]
[0, 1, 7]
[0, 1, 3]
[0, 1, 4]
[0, 1, 2, 5]
[0, 1, 2, 6]
0.75 0.7894736842105263
itercount --------> 12
[0, 1, 2]
[0, 1, 5]
[0, 1, 7]
[0, 1, 3]
[0, 1, 4]
[0, 1, 6]
[0, 1, 2, 5]
[0, 1, 2, 7]
[0, 1, 2, 3]
[0, 1, 2, 4]
[0, 1, 2, 6]
[0, 1, 2, 5, 7]
[0, 1, 2, 5, 3]
[0, 1, 2, 5, 4]
[0, 1, 2, 5, 6]
[0, 1, 2, 5, 7, 3]
[0, 1, 2, 5, 7, 4]
[0, 1, 2, 5, 7, 6]
[0, 1, 2, 5, 7, 3, 4]
[0, 1, 2, 5, 7, 3, 6]
[0, 1, 2, 5, 7, 3, 4, 6]
failed -> 4 times
after fail n ======> 7
[0, 1, 2, 3, 4, 5, 6]
0.06451612903225806 0.08
itercount --------> 1
[0, 2, 3]
0.08 0.11538461538461539
itercount --------> 2
[0, 2, 3]
0.11538461538461539 0.18181818181818182
itercount --------> 3
[2, 6, 3]
0.18181818181818182 0.23076923076923078
itercount --------> 4
[2, 4, 7]
0.23076923076923078 0.3448275862068966
itercount --------> 5
[2, 0, 1]
0.3448275862068966 0.43478260869565216
itercount --------> 6
[2, 7, 3]
0.43478260869565216 0.5
itercount --------> 7
[0, 1, 2]
[0, 1, 3]
[0, 1, 6]
[0, 1, 4]
[0, 1, 7]
0.5 0.52
itercount --------> 8
[0, 2, 3]
[0, 2, 6]
[0, 2, 1]
[0, 2, 4]
[0, 2, 7]
[0, 2, 5]
0.52 0.5789473684210527
itercount --------> 9
[3, 6, 5]
0.5789473684210527 0.6
itercount --------> 10
[0, 1, 2]
[0, 1, 5]
[0, 1, 3]
0.6 0.631578947368421
itercount --------> 11
[0, 1, 2]
[0, 1, 3]
[0, 1, 5]
[0, 1, 6]
[0, 1, 7]
[0, 1, 4]
[0, 1, 2, 3]
[0, 1, 2, 5]
[0, 1, 2, 6]
0.631578947368421 0.6666666666666666
itercount --------> 12
[0, 1, 2]
[0, 1, 3]
[0, 1, 6]
[0, 1, 5]
[0, 1, 7]
[0, 1, 4]
[0, 1, 2, 3]
[0, 1, 2, 6]
[0, 1, 2, 5]
[0, 1, 2, 7]
[0, 1, 2, 4]
[0, 1, 2, 3, 6]
0.6666666666666666 0.75
itercount --------> 13
[0, 2, 1]
[0, 2, 5]
[0, 2, 3]
[0, 2, 6]
[0, 2, 7]
[0, 2, 4]
[0, 2, 1, 5]
0.75 0.7894736842105263
itercount --------> 14
[0, 1, 2]
[0, 1, 5]
[0, 1, 7]
[0, 1, 3]
[0, 1, 4]
[0, 1, 6]
[0, 1, 2, 5]
[0, 1, 2, 7]
[0, 1, 2, 3]
[0, 1, 2, 4]
[0, 1, 2, 6]
[0, 1, 2, 5, 7]
[0, 1, 2, 5, 3]
[0, 1, 2, 5, 4]
[0, 1, 2, 5, 6]
[0, 1, 2, 5, 7, 3]
[0, 1, 2, 5, 7, 4]
[0, 1, 2, 5, 7, 6]
[0, 1, 2, 5, 7, 3, 4]
[0, 1, 2, 5, 7, 3, 6]
[0, 1, 2, 5, 7, 3, 4, 6]
failed -> 5 times
after fail n ======> 8
[0, 1, 2, 3, 4, 5, 6, 7]
0.06451612903225806 0.06521739130434782
itercount --------> 1
[0, 1, 2]
0.06521739130434782 0.1
itercount --------> 2
[0, 4, 6]
[0, 4, 1]
0.1 0.13636363636363635
itercount --------> 3
[4, 6, 7]
0.13636363636363635 0.2692307692307692
itercount --------> 4
[3, 7, 0]
0.2692307692307692 0.3448275862068966
itercount --------> 5
[0, 7, 4]
[0, 7, 6]
[0, 7, 3]
0.3448275862068966 0.4090909090909091
itercount --------> 6
[3, 4, 6]
[3, 4, 7]
[3, 4, 0]
[3, 4, 1]
[3, 4, 2]
[3, 4, 5]
[3, 4, 6, 7]
[3, 4, 6, 0]
[3, 4, 6, 1]
[3, 4, 6, 2]
[3, 4, 6, 5]
[3, 4, 6, 7, 0]
[3, 4, 6, 7, 1]
[3, 4, 6, 7, 2]
[3, 4, 6, 7, 5]
[3, 4, 6, 7, 0, 1]
[3, 4, 6, 7, 0, 2]
[3, 4, 6, 7, 0, 5]
0.4090909090909091 0.42105263157894735
itercount --------> 7
[4, 6, 3]
[4, 6, 7]
[4, 6, 5]
[4, 6, 0]
[4, 6, 1]
[4, 6, 2]
[4, 6, 3, 7]
0.42105263157894735 0.4444444444444444
itercount --------> 8
[7, 5, 3]
[7, 5, 4]
[7, 5, 6]
0.4444444444444444 0.5555555555555556
itercount --------> 9
[0, 1, 2]
[0, 1, 6]
[0, 1, 7]
[0, 1, 3]
[0, 1, 4]
[0, 1, 5]
[0, 1, 2, 6]
[0, 1, 2, 7]
[0, 1, 2, 3]
[0, 1, 2, 4]
[0, 1, 2, 5]
[0, 1, 2, 6, 7]
[0, 1, 2, 6, 3]
[0, 1, 2, 6, 4]
[0, 1, 2, 6, 5]
[0, 1, 2, 6, 7, 3]
[0, 1, 2, 6, 7, 4]
[0, 1, 2, 6, 7, 5]
0.5555555555555556 0.6111111111111112
itercount --------> 10
[7, 3, 4]
0.6111111111111112 0.7222222222222222
itercount --------> 11
[7, 0, 1]
[7, 0, 2]
[7, 0, 3]
[7, 0, 4]
[7, 0, 6]
[7, 0, 5]
[7, 0, 1, 2]
[7, 0, 1, 3]
[7, 0, 1, 4]
[7, 0, 1, 6]
[7, 0, 1, 5]
[7, 0, 1, 2, 3]
[7, 0, 1, 2, 4]
[7, 0, 1, 2, 6]
[7, 0, 1, 2, 5]
[7, 0, 1, 2, 3, 4]
[7, 0, 1, 2, 3, 6]
[7, 0, 1, 2, 3, 5]
[7, 0, 1, 2, 3, 4, 6]
[7, 0, 1, 2, 3, 4, 5]
[7, 0, 1, 2, 3, 4, 6, 5]
failed -> 6 times
after fail n ======> 5
[0, 1, 2, 3, 4]
0.06451612903225806 0.08695652173913043
itercount --------> 1
[2, 3, 4]
0.08695652173913043 0.125
itercount --------> 2
[2, 3, 4]
[2, 3, 5]
[2, 3, 6]
[2, 3, 0]
0.125 0.13043478260869565
itercount --------> 3
[2, 3, 4]
0.13043478260869565 0.15384615384615385
itercount --------> 4
[2, 6, 4]
0.15384615384615385 0.18421052631578946
itercount --------> 5
[2, 0, 7]
[2, 0, 4]
0.18421052631578946 0.25925925925925924
itercount --------> 6
[0, 7, 1]
0.25925925925925924 0.3548387096774194
itercount --------> 7
[1, 4, 6]
[1, 4, 0]
[1, 4, 2]
[1, 4, 7]
[1, 4, 3]
[1, 4, 5]
[1, 4, 6, 0]
[1, 4, 6, 2]
0.3548387096774194 0.44
itercount --------> 8
[6, 0, 1]
[6, 0, 4]
[6, 0, 3]
[6, 0, 7]
[6, 0, 2]
[6, 0, 5]
[6, 0, 1, 4]
[6, 0, 1, 3]
[6, 0, 1, 7]
[6, 0, 1, 2]
[6, 0, 1, 5]
0.44 0.45454545454545453
itercount --------> 9
[6, 4, 0]
[6, 4, 1]
[6, 4, 2]
[6, 4, 7]
[6, 4, 3]
[6, 4, 5]
0.45454545454545453 0.4782608695652174
itercount --------> 10
[0, 1, 2]
[0, 1, 6]
[0, 1, 4]
[0, 1, 5]
[0, 1, 3]
[0, 1, 7]
[0, 1, 2, 6]
0.4782608695652174 0.5
itercount --------> 11
[0, 1, 2]
[0, 1, 6]
[0, 1, 4]
[0, 1, 3]
[0, 1, 5]
0.5 0.5238095238095238
itercount --------> 12
[0, 1, 2]
[0, 1, 6]
[0, 1, 5]
[0, 1, 4]
[0, 1, 3]
0.5238095238095238 0.5789473684210527
itercount --------> 13
[0, 1, 2]
[0, 1, 6]
[0, 1, 5]
[0, 1, 4]
[0, 1, 7]
[0, 1, 3]
[0, 1, 2, 6]
[0, 1, 2, 5]
[0, 1, 2, 4]
[0, 1, 2, 7]
[0, 1, 2, 3]
[0, 1, 2, 6, 5]
[0, 1, 2, 6, 4]
0.5789473684210527 0.7142857142857143
itercount --------> 14
[0, 1, 2]
[0, 1, 5]
[0, 1, 4]
[0, 1, 7]
[0, 1, 3]
[0, 1, 6]
[0, 1, 2, 5]
[0, 1, 2, 4]
[0, 1, 2, 7]
[0, 1, 2, 3]
[0, 1, 2, 6]
[0, 1, 2, 5, 4]
0.7142857142857143 0.7894736842105263
itercount --------> 15
[0, 1, 2]
[0, 1, 5]
[0, 1, 7]
[0, 1, 3]
[0, 1, 4]
[0, 1, 6]
[0, 1, 2, 5]
[0, 1, 2, 7]
[0, 1, 2, 3]
[0, 1, 2, 4]
[0, 1, 2, 6]
[0, 1, 2, 5, 7]
[0, 1, 2, 5, 3]
[0, 1, 2, 5, 4]
[0, 1, 2, 5, 6]
[0, 1, 2, 5, 7, 3]
[0, 1, 2, 5, 7, 4]
[0, 1, 2, 5, 7, 6]
[0, 1, 2, 5, 7, 3, 4]
[0, 1, 2, 5, 7, 3, 6]
[0, 1, 2, 5, 7, 3, 4, 6]
failed -> 7 times
after fail n ======> 6
[0, 1, 2, 3, 4, 5]
0.06451612903225806 0.08695652173913043
itercount --------> 1
[0, 3, 4]
[0, 3, 5]
0.08695652173913043 0.1
itercount --------> 2
[5, 0, 4]
0.1 0.10810810810810811
itercount --------> 3
[0, 5, 4]
0.10810810810810811 0.125
itercount --------> 4
[0, 5, 6]
0.125 0.14814814814814814
itercount --------> 5
[5, 6, 0]
[5, 6, 7]
[5, 6, 1]
0.14814814814814814 0.2
itercount --------> 6
[6, 5, 7]
0.2 0.21052631578947367
itercount --------> 7
[6, 5, 7]
[6, 5, 3]
[6, 5, 4]
[6, 5, 0]
0.21052631578947367 0.2222222222222222
itercount --------> 8
[0, 1, 2]
[0, 1, 5]
[0, 1, 6]
[0, 1, 7]
[0, 1, 3]
[0, 1, 4]
[0, 1, 2, 5]
[0, 1, 2, 6]
[0, 1, 2, 7]
[0, 1, 2, 3]
[0, 1, 2, 4]
[0, 1, 2, 5, 6]
0.2222222222222222 0.2413793103448276
itercount --------> 9
[7, 1, 5]
[7, 1, 0]
0.2413793103448276 0.2903225806451613
itercount --------> 10
[5, 7, 1]
0.2903225806451613 0.4
itercount --------> 11
[7, 1, 2]
0.4 0.42105263157894735
itercount --------> 12
[7, 5, 3]
[7, 5, 4]
[7, 5, 6]
0.42105263157894735 0.4444444444444444
itercount --------> 13
[0, 1, 2]
[0, 1, 5]
[0, 1, 7]
0.4444444444444444 0.45
itercount --------> 14
[5, 7, 1]
[5, 7, 2]
0.45 0.47368421052631576
itercount --------> 15
[1, 2, 5]
[1, 2, 7]
[1, 2, 0]
0.47368421052631576 0.5
itercount --------> 16
[0, 1, 2]
[0, 1, 5]
[0, 1, 7]
[0, 1, 3]
[0, 1, 4]
[0, 1, 6]
[0, 1, 2, 5]
[0, 1, 2, 7]
[0, 1, 2, 3]
[0, 1, 2, 4]
[0, 1, 2, 6]
[0, 1, 2, 5, 7]
[0, 1, 2, 5, 3]
[0, 1, 2, 5, 4]
[0, 1, 2, 5, 6]
[0, 1, 2, 5, 7, 3]
0.5 0.5555555555555556
itercount --------> 17
[0, 1, 2]
[0, 1, 5]
[0, 1, 7]
[0, 1, 4]
[0, 1, 6]
[0, 1, 3]
[0, 1, 2, 5]
[0, 1, 2, 7]
[0, 1, 2, 4]
[0, 1, 2, 6]
[0, 1, 2, 3]
[0, 1, 2, 5, 7]
[0, 1, 2, 5, 4]
[0, 1, 2, 5, 6]
[0, 1, 2, 5, 3]
[0, 1, 2, 5, 7, 4]
0.5555555555555556 0.5789473684210527
itercount --------> 18
[6, 7, 0]
[6, 7, 1]
[6, 7, 2]
[6, 7, 3]
[6, 7, 4]
[6, 7, 5]
[6, 7, 0, 1]
[6, 7, 0, 2]
[6, 7, 0, 3]
[6, 7, 0, 4]
[6, 7, 0, 5]
[6, 7, 0, 1, 2]
[6, 7, 0, 1, 3]
[6, 7, 0, 1, 4]
[6, 7, 0, 1, 5]
[6, 7, 0, 1, 2, 3]
[6, 7, 0, 1, 2, 4]
[6, 7, 0, 1, 2, 5]
[6, 7, 0, 1, 2, 3, 4]
[6, 7, 0, 1, 2, 3, 5]
[6, 7, 0, 1, 2, 3, 4, 5]
failed -> 8 times
after fail n ======> 7
[0, 1, 2, 3, 4, 5, 6]
0.06451612903225806 0.06521739130434782
itercount --------> 1
[5, 0, 1]
[5, 0, 2]
0.06521739130434782 0.08695652173913043
itercount --------> 2
[1, 3, 4]
0.08695652173913043 0.10526315789473684
itercount --------> 3
[0, 1, 2]
[0, 1, 5]
[0, 1, 3]
0.10526315789473684 0.16
itercount --------> 4
[4, 0, 1]
[4, 0, 7]
0.16 0.24
itercount --------> 5
[4, 0, 1]
[4, 0, 7]
0.24 0.2857142857142857
itercount --------> 6
[4, 1, 7]
[4, 1, 3]
[4, 1, 0]
0.2857142857142857 0.3157894736842105
itercount --------> 7
[0, 1, 2]
[0, 1, 4]
0.3157894736842105 0.5217391304347826
itercount --------> 8
[1, 0, 7]
[1, 0, 2]
[1, 0, 3]
[1, 0, 5]
[1, 0, 4]
[1, 0, 6]
[1, 0, 7, 2]
[1, 0, 7, 3]
[1, 0, 7, 5]
[1, 0, 7, 4]
[1, 0, 7, 6]
[1, 0, 7, 2, 3]
0.5217391304347826 0.5714285714285714
itercount --------> 9
[0, 1, 7]
[0, 1, 2]
[0, 1, 3]
[0, 1, 5]
0.5714285714285714 0.631578947368421
itercount --------> 10
[0, 1, 2]
[0, 1, 3]
[0, 1, 5]
[0, 1, 7]
[0, 1, 4]
[0, 1, 6]
0.631578947368421 0.6666666666666666
itercount --------> 11
[0, 1, 2]
[0, 1, 3]
[0, 1, 5]
[0, 1, 7]
[0, 1, 4]
[0, 1, 6]
[0, 1, 2, 3]
[0, 1, 2, 5]
[0, 1, 2, 7]
[0, 1, 2, 4]
[0, 1, 2, 6]
[0, 1, 2, 3, 5]
[0, 1, 2, 3, 7]
0.6666666666666666 0.75
itercount --------> 12
[0, 1, 2]
[0, 1, 5]
[0, 1, 3]
[0, 1, 4]
[0, 1, 6]
[0, 1, 7]
[0, 1, 2, 5]
[0, 1, 2, 3]
[0, 1, 2, 4]
[0, 1, 2, 6]
[0, 1, 2, 7]
0.75 0.7894736842105263
itercount --------> 13
[0, 1, 2]
[0, 1, 5]
[0, 1, 7]
[0, 1, 3]
[0, 1, 4]
[0, 1, 6]
[0, 1, 2, 5]
[0, 1, 2, 7]
[0, 1, 2, 3]
[0, 1, 2, 4]
[0, 1, 2, 6]
[0, 1, 2, 5, 7]
[0, 1, 2, 5, 3]
[0, 1, 2, 5, 4]
[0, 1, 2, 5, 6]
[0, 1, 2, 5, 7, 3]
[0, 1, 2, 5, 7, 4]
[0, 1, 2, 5, 7, 6]
[0, 1, 2, 5, 7, 3, 4]
[0, 1, 2, 5, 7, 3, 6]
[0, 1, 2, 5, 7, 3, 4, 6]
failed -> 9 times
after fail n ======> 8
[0, 1, 2, 3, 4, 5, 6, 7]
0.06451612903225806 0.08823529411764706
itercount --------> 1
[0, 1, 2]
0.08823529411764706 0.14814814814814814
itercount --------> 2
[0, 3, 6]
[0, 3, 4]
0.14814814814814814 0.17142857142857143
itercount --------> 3
[0, 2, 6]
0.17142857142857143 0.24
itercount --------> 4
[2, 6, 0]
0.24 0.3448275862068966
itercount --------> 5
[2, 0, 1]
0.3448275862068966 0.43478260869565216
itercount --------> 6
[2, 7, 4]
[2, 7, 0]
[2, 7, 1]
[2, 7, 3]
0.43478260869565216 0.45
itercount --------> 7
[2, 7, 3]
0.45 0.55
itercount --------> 8
[2, 7, 6]
[2, 7, 0]
0.55 0.56
itercount --------> 9
[2, 7, 6]
[2, 7, 0]
[2, 7, 3]
[2, 7, 4]
[2, 7, 1]
[2, 7, 5]
0.56 0.6818181818181818
itercount --------> 10
[2, 0, 1]
[2, 0, 5]
0.6818181818181818 0.7142857142857143
itercount --------> 11
[2, 0, 1]
[2, 0, 5]
[2, 0, 7]
[2, 0, 3]
[2, 0, 4]
[2, 0, 6]
[2, 0, 1, 5]
0.7142857142857143 0.75
itercount --------> 12
[2, 0, 1]
[2, 0, 5]
[2, 0, 7]
[2, 0, 3]
[2, 0, 4]
[2, 0, 6]
[2, 0, 1, 5]
[2, 0, 1, 7]
[2, 0, 1, 3]
[2, 0, 1, 4]
[2, 0, 1, 6]
[2, 0, 1, 5, 7]
[2, 0, 1, 5, 3]
[2, 0, 1, 5, 4]
[2, 0, 1, 5, 6]
[2, 0, 1, 5, 7, 3]
[2, 0, 1, 5, 7, 4]
[2, 0, 1, 5, 7, 6]
[2, 0, 1, 5, 7, 3, 4]
[2, 0, 1, 5, 7, 3, 6]
[2, 0, 1, 5, 7, 3, 4, 6]
failed -> 10 times
after fail n ======> 5
[0, 1, 2, 3, 4]
0.06451612903225806 0.08695652173913043
itercount --------> 1
[1, 3, 4]
0.08695652173913043 0.125
itercount --------> 2
[1, 3, 4]
[1, 3, 5]
[1, 3, 6]
[1, 3, 0]
0.125 0.15
itercount --------> 3
[1, 3, 4]
0.15 0.25
itercount --------> 4
[6, 1, 3]
0.25 0.2916666666666667
itercount --------> 5
[1, 7, 4]
0.2916666666666667 0.32
itercount --------> 6
[1, 6, 4]
0.32 0.38461538461538464
itercount --------> 7
[1, 6, 3]
[1, 6, 4]
[1, 6, 7]
[1, 6, 0]
[1, 6, 2]
[1, 6, 5]
0.38461538461538464 0.4
itercount --------> 8
[6, 3, 4]
[6, 3, 7]
[6, 3, 0]
[6, 3, 1]
0.4 0.4090909090909091
itercount --------> 9
[7, 6, 3]
0.4090909090909091 0.42857142857142855
itercount --------> 10
[7, 4, 0]
0.42857142857142855 0.5
itercount --------> 11
[7, 1, 3]
0.5 0.6111111111111112
itercount --------> 12
[0, 1, 2]
[0, 1, 5]
[0, 1, 7]
[0, 1, 3]
[0, 1, 4]
[0, 1, 6]
[0, 1, 2, 5]
0.6111111111111112 0.6666666666666666
itercount --------> 13
[0, 1, 2]
[0, 1, 7]
[0, 1, 5]
[0, 1, 3]
[0, 1, 4]
[0, 1, 6]
[0, 1, 2, 7]
[0, 1, 2, 5]
[0, 1, 2, 3]
[0, 1, 2, 4]
[0, 1, 2, 6]
[0, 1, 2, 7, 5]
[0, 1, 2, 7, 3]
[0, 1, 2, 7, 4]
[0, 1, 2, 7, 6]
[0, 1, 2, 7, 5, 3]
[0, 1, 2, 7, 5, 4]
[0, 1, 2, 7, 5, 6]
[0, 1, 2, 7, 5, 3, 4]
[0, 1, 2, 7, 5, 3, 6]
[0, 1, 2, 7, 5, 3, 4, 6]
failed -> 11 times
after fail n ======> 6
[0, 1, 2, 3, 4, 5]
0.06451612903225806 0.06521739130434782
itercount --------> 1
[5, 0, 1]
0.06521739130434782 0.07894736842105263
itercount --------> 2
[5, 2, 4]
0.07894736842105263 0.10714285714285714
itercount --------> 3
[5, 4, 7]
0.10714285714285714 0.12
itercount --------> 4
[5, 2, 0]
0.12 0.15
itercount --------> 5
[0, 1, 4]
[0, 1, 6]
0.15 0.22727272727272727
itercount --------> 6
[1, 4, 7]
0.22727272727272727 0.36363636363636365
itercount --------> 7
[1, 5, 4]
0.36363636363636365 0.4
itercount --------> 8
[0, 1, 7]
[0, 1, 2]
[0, 1, 5]
0.4 0.5
itercount --------> 9
[0, 1, 2]
[0, 1, 5]
[0, 1, 7]
[0, 1, 3]
[0, 1, 4]
[0, 1, 6]
[0, 1, 2, 5]
[0, 1, 2, 7]
0.5 0.5263157894736842
itercount --------> 10
[0, 1, 2]
[0, 1, 5]
[0, 1, 7]
[0, 1, 4]
[0, 1, 3]
[0, 1, 6]
[0, 1, 2, 5]
[0, 1, 2, 7]
[0, 1, 2, 4]
[0, 1, 2, 3]
[0, 1, 2, 6]
[0, 1, 2, 5, 7]
[0, 1, 2, 5, 4]
[0, 1, 2, 5, 3]
[0, 1, 2, 5, 6]
[0, 1, 2, 5, 7, 4]
[0, 1, 2, 5, 7, 3]
0.5263157894736842 0.5789473684210527
itercount --------> 11
[4, 7, 0]
[4, 7, 1]
[4, 7, 2]
[4, 7, 3]
[4, 7, 5]
[4, 7, 6]
[4, 7, 0, 1]
[4, 7, 0, 2]
[4, 7, 0, 3]
[4, 7, 0, 5]
[4, 7, 0, 6]
[4, 7, 0, 1, 2]
[4, 7, 0, 1, 3]
[4, 7, 0, 1, 5]
[4, 7, 0, 1, 6]
[4, 7, 0, 1, 2, 3]
[4, 7, 0, 1, 2, 5]
[4, 7, 0, 1, 2, 6]
[4, 7, 0, 1, 2, 3, 5]
[4, 7, 0, 1, 2, 3, 6]
[4, 7, 0, 1, 2, 3, 5, 6]
failed -> 12 times
after fail n ======> 7
[0, 1, 2, 3, 4, 5, 6]
0.06451612903225806 0.06521739130434782
itercount --------> 1
[5, 0, 1]
0.06521739130434782 0.08695652173913043
itercount --------> 2
[2, 3, 6]
0.08695652173913043 0.13636363636363635
itercount --------> 3
[6, 2, 3]
0.13636363636363635 0.20833333333333334
itercount --------> 4
[2, 7, 6]
[2, 7, 3]
[2, 7, 5]
0.20833333333333334 0.23809523809523808
itercount --------> 5
[2, 6, 7]
0.23809523809523808 0.3
itercount --------> 6
[0, 1, 5]
[0, 1, 7]
0.3 0.3333333333333333
itercount --------> 7
[7, 0, 1]
[7, 0, 2]
[7, 0, 5]
[7, 0, 3]
[7, 0, 6]
[7, 0, 4]
[7, 0, 1, 2]
0.3333333333333333 0.35
itercount --------> 8
[1, 5, 7]
[1, 5, 3]
[1, 5, 4]
[1, 5, 6]
[1, 5, 0]
0.35 0.3684210526315789
itercount --------> 9
[0, 1, 2]
[0, 1, 5]
[0, 1, 6]
[0, 1, 7]
[0, 1, 3]
[0, 1, 4]
[0, 1, 2, 5]
[0, 1, 2, 6]
[0, 1, 2, 7]
0.3684210526315789 0.3888888888888889
itercount --------> 10
[0, 1, 2]
[0, 1, 5]
[0, 1, 6]
[0, 1, 7]
[0, 1, 3]
[0, 1, 4]
[0, 1, 2, 5]
[0, 1, 2, 6]
[0, 1, 2, 7]
[0, 1, 2, 3]
[0, 1, 2, 4]
[0, 1, 2, 5, 6]
[0, 1, 2, 5, 7]
[0, 1, 2, 5, 3]
[0, 1, 2, 5, 4]
[0, 1, 2, 5, 6, 7]
[0, 1, 2, 5, 6, 3]
[0, 1, 2, 5, 6, 4]
[0, 1, 2, 5, 6, 7, 3]
0.3888888888888889 0.5
itercount --------> 11
[5, 0, 1]
[5, 0, 2]
[5, 0, 3]
[5, 0, 4]
[5, 0, 6]
[5, 0, 7]
[5, 0, 1, 2]
[5, 0, 1, 3]
[5, 0, 1, 4]
[5, 0, 1, 6]
[5, 0, 1, 7]
[5, 0, 1, 2, 3]
[5, 0, 1, 2, 4]
[5, 0, 1, 2, 6]
[5, 0, 1, 2, 7]
[5, 0, 1, 2, 3, 4]
[5, 0, 1, 2, 3, 6]
[5, 0, 1, 2, 3, 7]
[5, 0, 1, 2, 3, 4, 6]
[5, 0, 1, 2, 3, 4, 7]
0.5 0.5789473684210527
itercount --------> 12
[3, 6, 5]
0.5789473684210527 0.631578947368421
itercount --------> 13
[0, 1, 2]
[0, 1, 3]
[0, 1, 5]
[0, 1, 6]
[0, 1, 7]
[0, 1, 4]
[0, 1, 2, 3]
[0, 1, 2, 5]
[0, 1, 2, 6]
[0, 1, 2, 7]
[0, 1, 2, 4]
[0, 1, 2, 3, 5]
[0, 1, 2, 3, 6]
0.631578947368421 0.75
itercount --------> 14
[0, 1, 2]
[0, 1, 5]
[0, 1, 6]
[0, 1, 7]
[0, 1, 3]
[0, 1, 4]
[0, 1, 2, 5]
[0, 1, 2, 6]
[0, 1, 2, 7]
[0, 1, 2, 3]
[0, 1, 2, 4]
[0, 1, 2, 5, 6]
0.75 0.7894736842105263
itercount --------> 15
[0, 1, 2]
[0, 1, 5]
[0, 1, 7]
[0, 1, 3]
[0, 1, 4]
[0, 1, 6]
[0, 1, 2, 5]
[0, 1, 2, 7]
[0, 1, 2, 3]
[0, 1, 2, 4]
[0, 1, 2, 6]
[0, 1, 2, 5, 7]
[0, 1, 2, 5, 3]
[0, 1, 2, 5, 4]
[0, 1, 2, 5, 6]
[0, 1, 2, 5, 7, 3]
[0, 1, 2, 5, 7, 4]
[0, 1, 2, 5, 7, 6]
[0, 1, 2, 5, 7, 3, 4]
[0, 1, 2, 5, 7, 3, 6]
[0, 1, 2, 5, 7, 3, 4, 6]
failed -> 13 times
after fail n ======> 8
[0, 1, 2, 3, 4, 5, 6, 7]
0.06451612903225806 0.07894736842105263
itercount --------> 1
[0, 1, 2]
[0, 1, 3]
[0, 1, 4]
0.07894736842105263 0.11538461538461539
itercount --------> 2
[2, 3, 4]
0.11538461538461539 0.13793103448275862
itercount --------> 3
[2, 7, 4]
0.13793103448275862 0.18421052631578946
itercount --------> 4
[2, 0, 1]
0.18421052631578946 0.2916666666666667
itercount --------> 5
[0, 1, 2]
[0, 1, 7]
0.2916666666666667 0.3103448275862069
itercount --------> 6
[0, 3, 1]
[0, 3, 2]
0.3103448275862069 0.32
itercount --------> 7
[3, 0, 1]
0.32 0.375
itercount --------> 8
[0, 1, 2]
[0, 1, 3]
[0, 1, 4]
0.375 0.391304347826087
itercount --------> 9
[0, 1, 2]
[0, 1, 3]
[0, 1, 7]
[0, 1, 4]
[0, 1, 5]
0.391304347826087 0.4444444444444444
itercount --------> 10
[0, 1, 2]
[0, 1, 3]
[0, 1, 5]
[0, 1, 7]
[0, 1, 4]
[0, 1, 6]
[0, 1, 2, 3]
[0, 1, 2, 5]
[0, 1, 2, 7]
[0, 1, 2, 4]
[0, 1, 2, 6]
[0, 1, 2, 3, 5]
[0, 1, 2, 3, 7]
[0, 1, 2, 3, 4]
0.4444444444444444 0.47368421052631576
itercount --------> 11
[3, 6, 7]
[3, 6, 4]
[3, 6, 0]
[3, 6, 1]
[3, 6, 2]
[3, 6, 5]
[3, 6, 7, 4]
0.47368421052631576 0.5263157894736842
itercount --------> 12
[6, 3, 7]
[6, 3, 4]
[6, 3, 5]
0.5263157894736842 0.55
itercount --------> 13
[0, 1, 2]
[0, 1, 5]
[0, 1, 6]
0.55 0.5789473684210527
itercount --------> 14
[0, 1, 2]
[0, 1, 6]
[0, 1, 5]
[0, 1, 3]
[0, 1, 7]
[0, 1, 4]
[0, 1, 2, 6]
[0, 1, 2, 5]
[0, 1, 2, 3]
[0, 1, 2, 7]
[0, 1, 2, 4]
[0, 1, 2, 6, 5]
[0, 1, 2, 6, 3]
0.5789473684210527 0.75
itercount --------> 15
[0, 1, 2]
[0, 1, 3]
[0, 1, 5]
[0, 1, 7]
[0, 1, 4]
[0, 1, 6]
[0, 1, 2, 3]
[0, 1, 2, 5]
[0, 1, 2, 7]
[0, 1, 2, 4]
[0, 1, 2, 6]
[0, 1, 2, 3, 5]
[0, 1, 2, 3, 7]
[0, 1, 2, 3, 4]
[0, 1, 2, 3, 6]
[0, 1, 2, 3, 5, 7]
[0, 1, 2, 3, 5, 4]
[0, 1, 2, 3, 5, 6]
[0, 1, 2, 3, 5, 7, 4]
[0, 1, 2, 3, 5, 7, 6]
[0, 1, 2, 3, 5, 7, 4, 6]
failed -> 14 times
after fail n ======> 5
[0, 1, 2, 3, 4]
0.06451612903225806 0.08695652173913043
itercount --------> 1
[2, 3, 4]
[2, 3, 5]
0.08695652173913043 0.1
itercount --------> 2
[5, 2, 4]
[5, 2, 7]
0.1 0.10810810810810811
itercount --------> 3
[5, 2, 4]
0.10810810810810811 0.11538461538461539
itercount --------> 4
[5, 4, 2]
0.11538461538461539 0.125
itercount --------> 5
[4, 5, 6]
0.125 0.1935483870967742
itercount --------> 6
[4, 5, 2]
[4, 5, 0]
0.1935483870967742 0.2608695652173913
itercount --------> 7
[4, 5, 3]
0.2608695652173913 0.2857142857142857
itercount --------> 8
[0, 1, 4]
[0, 1, 5]
[0, 1, 2]
0.2857142857142857 0.3157894736842105
itercount --------> 9
[0, 1, 2]
[0, 1, 4]
[0, 1, 5]
[0, 1, 3]
[0, 1, 7]
[0, 1, 6]
[0, 1, 2, 4]
0.3157894736842105 0.32
itercount --------> 10
[5, 3, 2]
0.32 0.34782608695652173
itercount --------> 11
[5, 3, 7]
0.34782608695652173 0.375
itercount --------> 12
[7, 0, 1]
[7, 0, 2]
[7, 0, 4]
[7, 0, 5]
[7, 0, 3]
[7, 0, 6]
[7, 0, 1, 2]
[7, 0, 1, 4]
0.375 0.4583333333333333
itercount --------> 13
[5, 3, 7]
0.4583333333333333 0.625
itercount --------> 14
[5, 0, 1]
0.625 0.6818181818181818
itercount --------> 15
[0, 1, 2]
[0, 1, 5]
[0, 1, 6]
0.6818181818181818 0.75
itercount --------> 16
[0, 1, 2]
[0, 1, 5]
[0, 1, 7]
[0, 1, 3]
[0, 1, 4]
[0, 1, 6]
[0, 1, 2, 5]
[0, 1, 2, 7]
[0, 1, 2, 3]
[0, 1, 2, 4]
[0, 1, 2, 6]
[0, 1, 2, 5, 7]
[0, 1, 2, 5, 3]
[0, 1, 2, 5, 4]
[0, 1, 2, 5, 6]
[0, 1, 2, 5, 7, 3]
[0, 1, 2, 5, 7, 4]
[0, 1, 2, 5, 7, 6]
[0, 1, 2, 5, 7, 3, 4]
0.75 0.7894736842105263
itercount --------> 17
[0, 1, 2]
[0, 1, 5]
[0, 1, 7]
[0, 1, 3]
[0, 1, 4]
[0, 1, 6]
[0, 1, 2, 5]
[0, 1, 2, 7]
[0, 1, 2, 3]
[0, 1, 2, 4]
[0, 1, 2, 6]
[0, 1, 2, 5, 7]
[0, 1, 2, 5, 3]
[0, 1, 2, 5, 4]
[0, 1, 2, 5, 6]
[0, 1, 2, 5, 7, 3]
[0, 1, 2, 5, 7, 4]
[0, 1, 2, 5, 7, 6]
[0, 1, 2, 5, 7, 3, 4]
[0, 1, 2, 5, 7, 3, 6]
[0, 1, 2, 5, 7, 3, 4, 6]
failed -> 15 times
after fail n ======> 6
[0, 1, 2, 3, 4, 5]
0.06451612903225806 0.08695652173913043
itercount --------> 1
[0, 3, 4]
[0, 3, 5]
0.08695652173913043 0.1
itercount --------> 2
[5, 0, 4]
0.1 0.125
itercount --------> 3
[0, 5, 6]
[0, 5, 1]
0.125 0.19230769230769232
itercount --------> 4
[5, 7, 3]
0.19230769230769232 0.20588235294117646
itercount --------> 5
[5, 0, 1]
0.20588235294117646 0.24
itercount --------> 6
[5, 4, 6]
[5, 4, 7]
[5, 4, 0]
[5, 4, 1]
0.24 0.2608695652173913
itercount --------> 7
[0, 1, 2]
[0, 1, 5]
[0, 1, 6]
[0, 1, 4]
0.2608695652173913 0.2857142857142857
itercount --------> 8
[1, 2, 5]
[1, 2, 6]
0.2857142857142857 0.4444444444444444
itercount --------> 9
[2, 1, 4]
[2, 1, 5]
0.4444444444444444 0.5714285714285714
itercount --------> 10
[1, 2, 5]
[1, 2, 7]
[1, 2, 4]
[1, 2, 0]
0.5714285714285714 0.631578947368421
itercount --------> 11
[0, 1, 2]
[0, 1, 4]
[0, 1, 5]
[0, 1, 7]
[0, 1, 3]
0.631578947368421 0.6666666666666666
itercount --------> 12
[0, 1, 2]
[0, 1, 4]
[0, 1, 5]
[0, 1, 7]
[0, 1, 3]
[0, 1, 6]
[0, 1, 2, 4]
[0, 1, 2, 5]
[0, 1, 2, 7]
[0, 1, 2, 3]
[0, 1, 2, 6]
[0, 1, 2, 4, 5]
[0, 1, 2, 4, 7]
0.6666666666666666 0.75
itercount --------> 13
[0, 1, 2]
[0, 1, 5]
[0, 1, 3]
[0, 1, 4]
[0, 1, 6]
[0, 1, 7]
[0, 1, 2, 5]
[0, 1, 2, 3]
[0, 1, 2, 4]
[0, 1, 2, 6]
[0, 1, 2, 7]
0.75 0.7894736842105263
itercount --------> 14
[0, 1, 2]
[0, 1, 5]
[0, 1, 7]
[0, 1, 3]
[0, 1, 4]
[0, 1, 6]
[0, 1, 2, 5]
[0, 1, 2, 7]
[0, 1, 2, 3]
[0, 1, 2, 4]
[0, 1, 2, 6]
[0, 1, 2, 5, 7]
[0, 1, 2, 5, 3]
[0, 1, 2, 5, 4]
[0, 1, 2, 5, 6]
[0, 1, 2, 5, 7, 3]
[0, 1, 2, 5, 7, 4]
[0, 1, 2, 5, 7, 6]
[0, 1, 2, 5, 7, 3, 4]
[0, 1, 2, 5, 7, 3, 6]
[0, 1, 2, 5, 7, 3, 4, 6]
failed -> 16 times
after fail n ======> 7
[0, 1, 2, 3, 4, 5, 6]
0.06451612903225806 0.07407407407407407
itercount --------> 1
[3, 4, 7]
0.07407407407407407 0.15384615384615385
itercount --------> 2
[0, 1, 7]
0.15384615384615385 0.19230769230769232
itercount --------> 3
[1, 0, 7]
0.19230769230769232 0.24
itercount --------> 4
[1, 7, 2]
0.24 0.3333333333333333
itercount --------> 5
[0, 1, 2]
[0, 1, 5]
[0, 1, 3]
[0, 1, 7]
0.3333333333333333 0.34782608695652173
itercount --------> 6
[0, 3, 7]
0.34782608695652173 0.42105263157894735
itercount --------> 7
[0, 1, 2]
[0, 1, 3]
0.42105263157894735 0.45
itercount --------> 8
[3, 4, 6]
[3, 4, 0]
[3, 4, 1]
[3, 4, 2]
[3, 4, 7]
[3, 4, 5]
[3, 4, 6, 0]
[3, 4, 6, 1]
[3, 4, 6, 2]
0.45 0.75
itercount --------> 9
[0, 1, 2]
[0, 1, 5]
[0, 1, 3]
[0, 1, 4]
[0, 1, 6]
[0, 1, 7]
[0, 1, 2, 5]
0.75 0.85
itercount --------> 10
[0, 1, 2]
[0, 1, 3]
[0, 1, 4]
[0, 1, 6]
[0, 1, 7]
[0, 1, 5]
[0, 1, 2, 3]
[0, 1, 2, 4]
[0, 1, 2, 6]
[0, 1, 2, 7]
[0, 1, 2, 5]
[0, 1, 2, 3, 4]
[0, 1, 2, 3, 6]
[0, 1, 2, 3, 7]
[0, 1, 2, 3, 5]
[0, 1, 2, 3, 4, 6]
[0, 1, 2, 3, 4, 7]
[0, 1, 2, 3, 4, 5]
[0, 1, 2, 3, 4, 6, 7]
[0, 1, 2, 3, 4, 6, 5]
[0, 1, 2, 3, 4, 6, 7, 5]
failed -> 17 times
after fail n ======> 8
[0, 1, 2, 3, 4, 5, 6, 7]
0.06451612903225806 0.06521739130434782
itercount --------> 1
[0, 1, 2]
0.06521739130434782 0.1
itercount --------> 2
[2, 3, 6]
0.1 0.10714285714285714
itercount --------> 3
[2, 3, 6]
0.10714285714285714 0.13793103448275862
itercount --------> 4
[2, 3, 0]
0.13793103448275862 0.24
itercount --------> 5
[3, 2, 6]
0.24 0.2916666666666667
itercount --------> 6
[2, 3, 6]
[2, 3, 4]
[2, 3, 7]
[2, 3, 0]
[2, 3, 1]
0.2916666666666667 0.36
itercount --------> 7
[2, 3, 4]
0.36 0.375
itercount --------> 8
[2, 7, 3]
0.375 0.5
itercount --------> 9
[2, 7, 3]
0.5 0.5652173913043478
itercount --------> 10
[2, 4, 7]
0.5652173913043478 0.6956521739130435
itercount --------> 11
[2, 0, 1]
[2, 0, 3]
[2, 0, 4]
[2, 0, 6]
[2, 0, 7]
[2, 0, 5]
[2, 0, 1, 3]
[2, 0, 1, 4]
[2, 0, 1, 6]
[2, 0, 1, 7]
0.6956521739130435 0.7272727272727273
itercount --------> 12
[2, 0, 1]
[2, 0, 3]
[2, 0, 4]
[2, 0, 6]
[2, 0, 7]
[2, 0, 5]
[2, 0, 1, 3]
[2, 0, 1, 4]
[2, 0, 1, 6]
[2, 0, 1, 7]
0.7272727272727273 0.7727272727272727
itercount --------> 13
[2, 0, 1]
[2, 0, 3]
[2, 0, 4]
[2, 0, 6]
[2, 0, 7]
[2, 0, 5]
[2, 0, 1, 3]
[2, 0, 1, 4]
[2, 0, 1, 6]
[2, 0, 1, 7]
[2, 0, 1, 5]
[2, 0, 1, 3, 4]
[2, 0, 1, 3, 6]
[2, 0, 1, 3, 7]
[2, 0, 1, 3, 5]
[2, 0, 1, 3, 4, 6]
[2, 0, 1, 3, 4, 7]
[2, 0, 1, 3, 4, 5]
0.7727272727272727 0.7894736842105263
itercount --------> 14
[2, 0, 1]
[2, 0, 5]
[2, 0, 7]
[2, 0, 3]
[2, 0, 4]
[2, 0, 6]
[2, 0, 1, 5]
0.7894736842105263 0.8095238095238095
itercount --------> 15
[2, 1, 0]
[2, 1, 3]
[2, 1, 4]
[2, 1, 6]
[2, 1, 7]
[2, 1, 5]
[2, 1, 0, 3]
[2, 1, 0, 4]
[2, 1, 0, 6]
[2, 1, 0, 7]
[2, 1, 0, 5]
[2, 1, 0, 3, 4]
[2, 1, 0, 3, 6]
[2, 1, 0, 3, 7]
[2, 1, 0, 3, 5]
[2, 1, 0, 3, 4, 6]
[2, 1, 0, 3, 4, 7]
[2, 1, 0, 3, 4, 5]
[2, 1, 0, 3, 4, 6, 7]
[2, 1, 0, 3, 4, 6, 5]
[2, 1, 0, 3, 4, 6, 7, 5]
failed -> 18 times
after fail n ======> 5
[0, 1, 2, 3, 4]
0.06451612903225806 0.10714285714285714
itercount --------> 1
[1, 5, 3]
[1, 5, 4]
[1, 5, 0]
0.10714285714285714 0.13043478260869565
itercount --------> 2
[2, 3, 4]
0.13043478260869565 0.15384615384615385
itercount --------> 3
[2, 6, 3]
0.15384615384615385 0.18421052631578946
itercount --------> 4
[2, 0, 7]
0.18421052631578946 0.23809523809523808
itercount --------> 5
[0, 1, 7]
[0, 1, 3]
[0, 1, 4]
[0, 1, 2]
0.23809523809523808 0.2777777777777778
itercount --------> 6
[0, 1, 2]
[0, 1, 7]
0.2777777777777778 0.3333333333333333
itercount --------> 7
[0, 7, 4]
0.3333333333333333 0.3684210526315789
itercount --------> 8
[0, 1, 2]
[0, 1, 7]
0.3684210526315789 0.375
itercount --------> 9
[0, 1, 3]
[0, 1, 7]
[0, 1, 2]
[0, 1, 4]
0.375 0.391304347826087
itercount --------> 10
[1, 3, 4]
0.391304347826087 0.4
itercount --------> 11
[3, 1, 4]
[3, 1, 6]
[3, 1, 0]
[3, 1, 2]
[3, 1, 5]
0.4 0.42105263157894735
itercount --------> 12
[3, 7, 4]
[3, 7, 6]
[3, 7, 0]
[3, 7, 1]
0.42105263157894735 0.4444444444444444
itercount --------> 13
[0, 1, 2]
[0, 1, 3]
[0, 1, 5]
[0, 1, 7]
[0, 1, 4]
[0, 1, 6]
[0, 1, 2, 3]
[0, 1, 2, 5]
[0, 1, 2, 7]
[0, 1, 2, 4]
[0, 1, 2, 6]
[0, 1, 2, 3, 5]
[0, 1, 2, 3, 7]
[0, 1, 2, 3, 4]
[0, 1, 2, 3, 6]
[0, 1, 2, 3, 5, 7]
[0, 1, 2, 3, 5, 4]
0.4444444444444444 0.47368421052631576
itercount --------> 14
[3, 6, 7]
[3, 6, 4]
[3, 6, 0]
[3, 6, 1]
[3, 6, 2]
[3, 6, 5]
[3, 6, 7, 4]
[3, 6, 7, 0]
[3, 6, 7, 1]
[3, 6, 7, 2]
[3, 6, 7, 5]
[3, 6, 7, 4, 0]
0.47368421052631576 0.5
itercount --------> 15
[6, 1, 3]
[6, 1, 4]
[6, 1, 5]
[6, 1, 7]
[6, 1, 0]
[6, 1, 2]
[6, 1, 3, 4]
[6, 1, 3, 5]
[6, 1, 3, 7]
[6, 1, 3, 0]
[6, 1, 3, 2]
[6, 1, 3, 4, 5]
[6, 1, 3, 4, 7]
[6, 1, 3, 4, 0]
[6, 1, 3, 4, 2]
[6, 1, 3, 4, 5, 7]
[6, 1, 3, 4, 5, 0]
0.5 0.5263157894736842
itercount --------> 16
[6, 3, 7]
[6, 3, 4]
[6, 3, 5]
0.5263157894736842 0.55
itercount --------> 17
[0, 1, 5]
[0, 1, 6]
[0, 1, 2]
[0, 1, 3]
[0, 1, 7]
[0, 1, 4]
[0, 1, 5, 6]
0.55 0.5789473684210527
itercount --------> 18
[0, 1, 6]
[0, 1, 5]
[0, 1, 3]
[0, 1, 2]
[0, 1, 4]
[0, 1, 7]
[0, 1, 6, 5]
[0, 1, 6, 3]
0.5789473684210527 0.75
itercount --------> 19
[0, 1, 3]
[0, 1, 5]
[0, 1, 2]
[0, 1, 4]
[0, 1, 6]
[0, 1, 7]
[0, 1, 3, 5]
[0, 1, 3, 2]
[0, 1, 3, 4]
[0, 1, 3, 6]
[0, 1, 3, 7]
[0, 1, 3, 5, 2]
0.75 0.7894736842105263
itercount --------> 20
[0, 1, 2]
[0, 1, 5]
[0, 1, 7]
[0, 1, 3]
[0, 1, 4]
[0, 1, 6]
[0, 1, 2, 5]
[0, 1, 2, 7]
[0, 1, 2, 3]
[0, 1, 2, 4]
[0, 1, 2, 6]
[0, 1, 2, 5, 7]
[0, 1, 2, 5, 3]
[0, 1, 2, 5, 4]
[0, 1, 2, 5, 6]
[0, 1, 2, 5, 7, 3]
[0, 1, 2, 5, 7, 4]
[0, 1, 2, 5, 7, 6]
[0, 1, 2, 5, 7, 3, 4]
[0, 1, 2, 5, 7, 3, 6]
[0, 1, 2, 5, 7, 3, 4, 6]
failed -> 19 times
after fail n ======> 6
[0, 1, 2, 3, 4, 5]
0.06451612903225806 0.07407407407407407
itercount --------> 1
[5, 4, 2]
[5, 4, 7]
0.07407407407407407 0.07894736842105263
itercount --------> 2
[3, 5, 2]
0.07894736842105263 0.08333333333333333
itercount --------> 3
[3, 6, 0]
0.08333333333333333 0.09090909090909091
itercount --------> 4
[1, 3, 6]
0.09090909090909091 0.15384615384615385
itercount --------> 5
[1, 3, 4]
0.15384615384615385 0.2
itercount --------> 6
[3, 0, 4]
[3, 0, 7]
[3, 0, 5]
0.2 0.2222222222222222
itercount --------> 7
[3, 7, 0]
0.2222222222222222 0.25
itercount --------> 8
[3, 4, 7]
0.25 0.3
itercount --------> 9
[0, 1, 3]
0.3 0.3181818181818182
itercount --------> 10
[0, 3, 1]
0.3181818181818182 0.3448275862068966
itercount --------> 11
[0, 2, 6]
0.3448275862068966 0.43478260869565216
itercount --------> 12
[0, 6, 3]
[0, 6, 2]
[0, 6, 4]
[0, 6, 1]
[0, 6, 5]
[0, 6, 7]
[0, 6, 3, 2]
[0, 6, 3, 4]
[0, 6, 3, 1]
0.43478260869565216 0.45454545454545453
itercount --------> 13
[6, 3, 0]
[6, 3, 1]
[6, 3, 4]
[6, 3, 2]
[6, 3, 5]
[6, 3, 7]
[6, 3, 0, 1]
[6, 3, 0, 4]
[6, 3, 0, 2]
[6, 3, 0, 5]
[6, 3, 0, 7]
[6, 3, 0, 1, 4]
[6, 3, 0, 1, 2]
0.45454545454545453 0.47619047619047616
itercount --------> 14
[6, 3, 0]
[6, 3, 4]
[6, 3, 1]
[6, 3, 2]
0.47619047619047616 0.5238095238095238
itercount --------> 15
[0, 1, 2]
[0, 1, 4]
[0, 1, 3]
[0, 1, 5]
[0, 1, 6]
[0, 1, 7]
0.5238095238095238 0.5454545454545454
itercount --------> 16
[0, 4, 5]
[0, 4, 6]
[0, 4, 1]
[0, 4, 2]
[0, 4, 7]
[0, 4, 3]
[0, 4, 5, 6]
[0, 4, 5, 1]
[0, 4, 5, 2]
[0, 4, 5, 7]
[0, 4, 5, 3]
0.5454545454545454 0.55
itercount --------> 17
[0, 2, 3]
[0, 2, 5]
[0, 2, 6]
[0, 2, 4]
[0, 2, 7]
[0, 2, 1]
[0, 2, 3, 5]
[0, 2, 3, 6]
0.55 0.6818181818181818
itercount --------> 18
[0, 2, 5]
[0, 2, 1]
[0, 2, 6]
[0, 2, 3]
[0, 2, 4]
[0, 2, 7]
[0, 2, 5, 1]
0.6818181818181818 0.7142857142857143
itercount --------> 19
[0, 1, 2]
[0, 1, 5]
[0, 1, 4]
[0, 1, 6]
0.7142857142857143 0.75
itercount --------> 20
[0, 1, 2]
[0, 1, 5]
[0, 1, 7]
[0, 1, 3]
[0, 1, 4]
[0, 1, 6]
0.75 0.7894736842105263
itercount --------> 21
[0, 1, 2]
[0, 1, 5]
[0, 1, 7]
[0, 1, 3]
[0, 1, 4]
[0, 1, 6]
[0, 1, 2, 5]
[0, 1, 2, 7]
[0, 1, 2, 3]
[0, 1, 2, 4]
[0, 1, 2, 6]
[0, 1, 2, 5, 7]
[0, 1, 2, 5, 3]
[0, 1, 2, 5, 4]
[0, 1, 2, 5, 6]
[0, 1, 2, 5, 7, 3]
[0, 1, 2, 5, 7, 4]
[0, 1, 2, 5, 7, 6]
[0, 1, 2, 5, 7, 3, 4]
[0, 1, 2, 5, 7, 3, 6]
[0, 1, 2, 5, 7, 3, 4, 6]
failed -> 20 times
after fail n ======> 7
[0, 1, 2, 3, 4, 5, 6]
0.06451612903225806 0.08695652173913043
itercount --------> 1
[2, 3, 4]
[2, 3, 5]
0.08695652173913043 0.1
itercount --------> 2
[5, 2, 4]
0.1 0.15625
itercount --------> 3
[5, 7, 0]
0.15625 0.19047619047619047
itercount --------> 4
[5, 7, 6]
0.19047619047619047 0.34782608695652173
itercount --------> 5
[5, 7, 2]
[5, 7, 0]
[5, 7, 1]
0.34782608695652173 0.38095238095238093
itercount --------> 6
[2, 7, 5]
[2, 7, 0]
0.38095238095238093 0.42105263157894735
itercount --------> 7
[0, 1, 2]
[0, 1, 5]
[0, 1, 7]
[0, 1, 3]
[0, 1, 4]
[0, 1, 6]
0.42105263157894735 0.4444444444444444
itercount --------> 8
[0, 1, 2]
[0, 1, 5]
[0, 1, 7]
[0, 1, 3]
[0, 1, 4]
[0, 1, 6]
[0, 1, 2, 5]
[0, 1, 2, 7]
[0, 1, 2, 3]
[0, 1, 2, 4]
[0, 1, 2, 6]
[0, 1, 2, 5, 7]
[0, 1, 2, 5, 3]
[0, 1, 2, 5, 4]
[0, 1, 2, 5, 6]
[0, 1, 2, 5, 7, 3]
[0, 1, 2, 5, 7, 4]
[0, 1, 2, 5, 7, 6]
[0, 1, 2, 5, 7, 3, 4]
[0, 1, 2, 5, 7, 3, 6]
[0, 1, 2, 5, 7, 3, 4, 6]
failed -> 21 times
after fail n ======> 8
[0, 1, 2, 3, 4, 5, 6, 7]
0.06451612903225806 0.08695652173913043
itercount --------> 1
[2, 3, 4]
0.08695652173913043 0.125
itercount --------> 2
[2, 3, 4]
[2, 3, 5]
[2, 3, 6]
[2, 3, 0]
0.125 0.15
itercount --------> 3
[2, 3, 4]
0.15 0.25
itercount --------> 4
[6, 2, 3]
0.25 0.3
itercount --------> 5
[2, 3, 4]
[2, 3, 7]
[2, 3, 6]
[2, 3, 0]
[2, 3, 1]
[2, 3, 5]
0.3 0.35
itercount --------> 6
[2, 7, 3]
0.35 0.5
itercount --------> 7
[2, 7, 0]
[2, 7, 1]
[2, 7, 6]
[2, 7, 3]
[2, 7, 4]
[2, 7, 5]
[2, 7, 0, 1]
0.5 0.6666666666666666
itercount --------> 8
[2, 0, 1]
[2, 0, 7]
[2, 0, 3]
[2, 0, 4]
[2, 0, 5]
0.6666666666666666 0.7
itercount --------> 9
[2, 7, 0]
0.7 0.7142857142857143
itercount --------> 10
[2, 0, 1]
[2, 0, 5]
[2, 0, 7]
[2, 0, 3]
[2, 0, 4]
[2, 0, 6]
[2, 0, 1, 5]
0.7142857142857143 0.75
itercount --------> 11
[2, 0, 1]
[2, 0, 5]
[2, 0, 7]
[2, 0, 3]
[2, 0, 4]
[2, 0, 6]
[2, 0, 1, 5]
[2, 0, 1, 7]
[2, 0, 1, 3]
[2, 0, 1, 4]
[2, 0, 1, 6]
[2, 0, 1, 5, 7]
[2, 0, 1, 5, 3]
[2, 0, 1, 5, 4]
[2, 0, 1, 5, 6]
[2, 0, 1, 5, 7, 3]
[2, 0, 1, 5, 7, 4]
[2, 0, 1, 5, 7, 6]
[2, 0, 1, 5, 7, 3, 4]
[2, 0, 1, 5, 7, 3, 6]
[2, 0, 1, 5, 7, 3, 4, 6]
failed -> 22 times
after fail n ======> 5
[0, 1, 2, 3, 4]
0.06451612903225806 0.08
itercount --------> 1
[0, 2, 3]
0.08 0.10526315789473684
itercount --------> 2
[0, 1, 2]
[0, 1, 3]
0.10526315789473684 0.13636363636363635
itercount --------> 3
[4, 6, 7]
0.13636363636363635 0.22727272727272727
itercount --------> 4
[4, 6, 0]
0.22727272727272727 0.36666666666666664
itercount --------> 5
[0, 1, 7]
[0, 1, 3]
[0, 1, 4]
0.36666666666666664 0.4583333333333333
itercount --------> 6
[0, 1, 4]
[0, 1, 6]
[0, 1, 7]
[0, 1, 3]
[0, 1, 2]
[0, 1, 5]
[0, 1, 4, 6]
[0, 1, 4, 7]
[0, 1, 4, 3]
[0, 1, 4, 2]
0.4583333333333333 0.4782608695652174
itercount --------> 7
[0, 4, 7]
[0, 4, 3]
[0, 4, 1]
[0, 4, 6]
[0, 4, 5]
[0, 4, 2]
[0, 4, 7, 3]
[0, 4, 7, 1]
[0, 4, 7, 6]
[0, 4, 7, 5]
[0, 4, 7, 2]
[0, 4, 7, 3, 1]
0.4782608695652174 0.5
itercount --------> 8
[0, 1, 4]
[0, 1, 6]
[0, 1, 2]
[0, 1, 3]
[0, 1, 7]
0.5 0.52
itercount --------> 9
[1, 4, 6]
[1, 4, 0]
[1, 4, 3]
0.52 0.5263157894736842
itercount --------> 10
[0, 1, 2]
[0, 1, 4]
[0, 1, 3]
[0, 1, 6]
[0, 1, 5]
[0, 1, 7]
[0, 1, 2, 4]
[0, 1, 2, 3]
[0, 1, 2, 6]
[0, 1, 2, 5]
[0, 1, 2, 7]
[0, 1, 2, 4, 3]
[0, 1, 2, 4, 6]
[0, 1, 2, 4, 5]
[0, 1, 2, 4, 7]
[0, 1, 2, 4, 3, 6]
0.5263157894736842 0.7727272727272727
itercount --------> 11
[0, 1, 2]
[0, 1, 3]
[0, 1, 4]
[0, 1, 6]
[0, 1, 7]
[0, 1, 5]
0.7727272727272727 0.7894736842105263
itercount --------> 12
[0, 1, 2]
[0, 1, 5]
[0, 1, 7]
[0, 1, 3]
[0, 1, 4]
[0, 1, 6]
[0, 1, 2, 5]
[0, 1, 2, 7]
[0, 1, 2, 3]
[0, 1, 2, 4]
[0, 1, 2, 6]
[0, 1, 2, 5, 7]
[0, 1, 2, 5, 3]
[0, 1, 2, 5, 4]
[0, 1, 2, 5, 6]
[0, 1, 2, 5, 7, 3]
0.7894736842105263 0.8421052631578947
itercount --------> 13
[0, 1, 2]
[0, 1, 7]
[0, 1, 3]
[0, 1, 4]
[0, 1, 5]
[0, 1, 6]
[0, 1, 2, 7]
[0, 1, 2, 3]
[0, 1, 2, 4]
[0, 1, 2, 5]
[0, 1, 2, 6]
[0, 1, 2, 7, 3]
[0, 1, 2, 7, 4]
[0, 1, 2, 7, 5]
[0, 1, 2, 7, 6]
[0, 1, 2, 7, 3, 4]
[0, 1, 2, 7, 3, 5]
[0, 1, 2, 7, 3, 6]
[0, 1, 2, 7, 3, 4, 5]
[0, 1, 2, 7, 3, 4, 6]
[0, 1, 2, 7, 3, 4, 5, 6]
failed -> 23 times
after fail n ======> 6
[0, 1, 2, 3, 4, 5]
0.06451612903225806 0.08695652173913043
itercount --------> 1
[2, 3, 4]
0.08695652173913043 0.125
itercount --------> 2
[2, 3, 4]
[2, 3, 5]
[2, 3, 6]
[2, 3, 0]
0.125 0.13043478260869565
itercount --------> 3
[2, 3, 4]
[2, 3, 5]
[2, 3, 6]
0.13043478260869565 0.13333333333333333
itercount --------> 4
[2, 4, 7]
0.13333333333333333 0.19444444444444445
itercount --------> 5
[0, 2, 3]
0.19444444444444445 0.25
itercount --------> 6
[3, 4, 7]
[3, 4, 6]
[3, 4, 0]
[3, 4, 1]
[3, 4, 2]
[3, 4, 5]
[3, 4, 7, 6]
[3, 4, 7, 0]
[3, 4, 7, 1]
[3, 4, 7, 2]
[3, 4, 7, 5]
[3, 4, 7, 6, 0]
[3, 4, 7, 6, 1]
[3, 4, 7, 6, 2]
[3, 4, 7, 6, 5]
[3, 4, 7, 6, 0, 1]
[3, 4, 7, 6, 0, 2]
[3, 4, 7, 6, 0, 5]
0.25 0.2631578947368421
itercount --------> 7
[3, 4, 7]
[3, 4, 6]
[3, 4, 0]
[3, 4, 1]
[3, 4, 2]
[3, 4, 5]
0.2631578947368421 0.2727272727272727
itercount --------> 8
[3, 2, 4]
0.2727272727272727 0.3
itercount --------> 9
[3, 7, 2]
0.3 0.3157894736842105
itercount --------> 10
[3, 5, 7]
[3, 5, 4]
[3, 5, 6]
0.3157894736842105 0.3333333333333333
itercount --------> 11
[5, 3, 6]
[5, 3, 4]
[5, 3, 7]
[5, 3, 0]
[5, 3, 1]
0.3333333333333333 0.35
itercount --------> 12
[0, 1, 5]
[0, 1, 4]
[0, 1, 3]
[0, 1, 2]
0.35 0.3684210526315789
itercount --------> 13
[0, 1, 2]
[0, 1, 5]
[0, 1, 4]
[0, 1, 3]
[0, 1, 7]
[0, 1, 6]
[0, 1, 2, 5]
[0, 1, 2, 4]
[0, 1, 2, 3]
[0, 1, 2, 7]
[0, 1, 2, 6]
0.3684210526315789 0.3888888888888889
itercount --------> 14
[0, 1, 2]
[0, 1, 5]
[0, 1, 4]
[0, 1, 6]
[0, 1, 3]
[0, 1, 7]
[0, 1, 2, 5]
[0, 1, 2, 4]
[0, 1, 2, 6]
[0, 1, 2, 3]
[0, 1, 2, 7]
[0, 1, 2, 5, 4]
[0, 1, 2, 5, 6]
[0, 1, 2, 5, 3]
[0, 1, 2, 5, 7]
[0, 1, 2, 5, 4, 6]
0.3888888888888889 0.5789473684210527
itercount --------> 15
[2, 7, 5]
0.5789473684210527 0.6111111111111112
itercount --------> 16
[0, 1, 2]
[0, 1, 5]
[0, 1, 7]
[0, 1, 4]
[0, 1, 3]
[0, 1, 6]
[0, 1, 2, 5]
[0, 1, 2, 7]
[0, 1, 2, 4]
[0, 1, 2, 3]
[0, 1, 2, 6]
[0, 1, 2, 5, 7]
[0, 1, 2, 5, 4]
[0, 1, 2, 5, 3]
[0, 1, 2, 5, 6]
[0, 1, 2, 5, 7, 4]
[0, 1, 2, 5, 7, 3]
[0, 1, 2, 5, 7, 6]
[0, 1, 2, 5, 7, 4, 3]
[0, 1, 2, 5, 7, 4, 6]
[0, 1, 2, 5, 7, 4, 3, 6]
failed -> 24 times
after fail n ======> 7
[0, 1, 2, 3, 4, 5, 6]
0.06451612903225806 0.08
itercount --------> 1
[1, 0, 3]
0.08 0.09523809523809523
itercount --------> 2
[0, 1, 2]
0.09523809523809523 0.1
itercount --------> 3
[0, 3, 4]
0.1 0.10526315789473684
itercount --------> 4
[0, 1, 2]
[0, 1, 3]
[0, 1, 4]
0.10526315789473684 0.13636363636363635
itercount --------> 5
[3, 6, 7]
0.13636363636363635 0.22727272727272727
itercount --------> 6
[3, 6, 0]
0.22727272727272727 0.23333333333333334
itercount --------> 7
[0, 3, 1]
0.23333333333333334 0.3076923076923077
itercount --------> 8
[0, 6, 7]
[0, 6, 1]
0.3076923076923077 0.4583333333333333
itercount --------> 9
[1, 6, 7]
[1, 6, 0]
[1, 6, 4]
[1, 6, 2]
[1, 6, 3]
[1, 6, 5]
[1, 6, 7, 0]
[1, 6, 7, 4]
[1, 6, 7, 2]
[1, 6, 7, 3]
[1, 6, 7, 5]
[1, 6, 7, 0, 4]
0.4583333333333333 0.5
itercount --------> 10
[1, 6, 3]
[1, 6, 4]
[1, 6, 0]
[1, 6, 2]
[1, 6, 5]
[1, 6, 7]
[1, 6, 3, 4]
[1, 6, 3, 0]
[1, 6, 3, 2]
[1, 6, 3, 5]
[1, 6, 3, 7]
[1, 6, 3, 4, 0]
[1, 6, 3, 4, 2]
0.5 0.5714285714285714
itercount --------> 11
[1, 3, 6]
[1, 3, 0]
[1, 3, 2]
[1, 3, 4]
[1, 3, 5]
[1, 3, 7]
[1, 3, 6, 0]
[1, 3, 6, 2]
[1, 3, 6, 4]
[1, 3, 6, 5]
[1, 3, 6, 7]
[1, 3, 6, 0, 2]
[1, 3, 6, 0, 4]
[1, 3, 6, 0, 5]
[1, 3, 6, 0, 7]
[1, 3, 6, 0, 2, 4]
[1, 3, 6, 0, 2, 5]
[1, 3, 6, 0, 2, 7]
[1, 3, 6, 0, 2, 4, 5]
[1, 3, 6, 0, 2, 4, 7]
0.5714285714285714 0.6190476190476191
itercount --------> 12
[1, 6, 3]
[1, 6, 2]
[1, 6, 0]
[1, 6, 4]
[1, 6, 5]
[1, 6, 7]
[1, 6, 3, 2]
[1, 6, 3, 0]
[1, 6, 3, 4]
[1, 6, 3, 5]
[1, 6, 3, 7]
[1, 6, 3, 2, 0]
0.6190476190476191 0.65
itercount --------> 13
[1, 3, 6]
[1, 3, 2]
[1, 3, 4]
[1, 3, 5]
[1, 3, 7]
[1, 3, 0]
[1, 3, 6, 2]
[1, 3, 6, 4]
[1, 3, 6, 5]
[1, 3, 6, 7]
[1, 3, 6, 0]
[1, 3, 6, 2, 4]
[1, 3, 6, 2, 5]
[1, 3, 6, 2, 7]
[1, 3, 6, 2, 0]
[1, 3, 6, 2, 4, 5]
[1, 3, 6, 2, 4, 7]
[1, 3, 6, 2, 4, 0]
[1, 3, 6, 2, 4, 5, 7]
[1, 3, 6, 2, 4, 5, 0]
[1, 3, 6, 2, 4, 5, 7, 0]
failed -> 25 times
after fail n ======> 8
[0, 1, 2, 3, 4, 5, 6, 7]
0.06451612903225806 0.07407407407407407
itercount --------> 1
[7, 0, 1]
0.07407407407407407 0.08
itercount --------> 2
[2, 7, 4]
0.08 0.12
itercount --------> 3
[2, 6, 7]
0.12 0.16666666666666666
itercount --------> 4
[2, 6, 7]
[2, 6, 1]
[2, 6, 3]
[2, 6, 4]
[2, 6, 0]
0.16666666666666666 0.18181818181818182
itercount --------> 5
[6, 1, 7]
0.18181818181818182 0.19230769230769232
itercount --------> 6
[1, 2, 6]
0.19230769230769232 0.2692307692307692
itercount --------> 7
[1, 0, 3]
[1, 0, 6]
[1, 0, 7]
[1, 0, 2]
[1, 0, 4]
0.2692307692307692 0.3076923076923077
itercount --------> 8
[3, 1, 6]
[3, 1, 7]
0.3076923076923077 0.4
itercount --------> 9
[1, 7, 0]
[1, 7, 6]
[1, 7, 2]
0.4 0.4230769230769231
itercount --------> 10
[1, 6, 7]
[1, 6, 0]
[1, 6, 3]
[1, 6, 2]
[1, 6, 4]
[1, 6, 5]
0.4230769230769231 0.45454545454545453
itercount --------> 11
[1, 0, 2]
[1, 0, 6]
[1, 0, 7]
[1, 0, 3]
[1, 0, 4]
[1, 0, 5]
[1, 0, 2, 6]
[1, 0, 2, 7]
0.45454545454545453 0.47619047619047616
itercount --------> 12
[1, 7, 0]
[1, 7, 2]
[1, 7, 6]
[1, 7, 5]
[1, 7, 3]
[1, 7, 4]
0.47619047619047616 0.5238095238095238
itercount --------> 13
[6, 0, 1]
[6, 0, 2]
[6, 0, 7]
[6, 0, 3]
[6, 0, 4]
[6, 0, 5]
0.5238095238095238 0.5789473684210527
itercount --------> 14
[6, 7, 0]
[6, 7, 1]
[6, 7, 2]
[6, 7, 3]
[6, 7, 4]
[6, 7, 5]
[6, 7, 0, 1]
[6, 7, 0, 2]
[6, 7, 0, 3]
[6, 7, 0, 4]
[6, 7, 0, 5]
[6, 7, 0, 1, 2]
[6, 7, 0, 1, 3]
[6, 7, 0, 1, 4]
[6, 7, 0, 1, 5]
[6, 7, 0, 1, 2, 3]
[6, 7, 0, 1, 2, 4]
[6, 7, 0, 1, 2, 5]
[6, 7, 0, 1, 2, 3, 4]
[6, 7, 0, 1, 2, 3, 5]
[6, 7, 0, 1, 2, 3, 4, 5]
failed -> 26 times
after fail n ======> 5
[0, 1, 2, 3, 4]
0.06451612903225806 0.08695652173913043
itercount --------> 1
[1, 3, 4]
[1, 3, 5]
0.08695652173913043 0.1
itercount --------> 2
[5, 1, 4]
0.1 0.10810810810810811
itercount --------> 3
[1, 5, 6]
0.10810810810810811 0.14705882352941177
itercount --------> 4
[1, 5, 6]
0.14705882352941177 0.17857142857142858
itercount --------> 5
[1, 0, 2]
0.17857142857142858 0.23809523809523808
itercount --------> 6
[1, 5, 6]
0.23809523809523808 0.32
itercount --------> 7
[5, 6, 7]
[5, 6, 3]
[5, 6, 1]
0.32 0.3448275862068966
itercount --------> 8
[5, 7, 1]
[5, 7, 3]
[5, 7, 0]
[5, 7, 2]
0.3448275862068966 0.38095238095238093
itercount --------> 9
[1, 7, 5]
0.38095238095238093 0.42105263157894735
itercount --------> 10
[0, 1, 2]
[0, 1, 5]
[0, 1, 7]
[0, 1, 3]
[0, 1, 4]
[0, 1, 6]
[0, 1, 2, 5]
[0, 1, 2, 7]
[0, 1, 2, 3]
[0, 1, 2, 4]
[0, 1, 2, 6]
0.42105263157894735 0.4444444444444444
itercount --------> 11
[0, 1, 2]
[0, 1, 5]
[0, 1, 7]
[0, 1, 3]
[0, 1, 4]
[0, 1, 6]
[0, 1, 2, 5]
[0, 1, 2, 7]
[0, 1, 2, 3]
[0, 1, 2, 4]
[0, 1, 2, 6]
[0, 1, 2, 5, 7]
[0, 1, 2, 5, 3]
[0, 1, 2, 5, 4]
[0, 1, 2, 5, 6]
[0, 1, 2, 5, 7, 3]
[0, 1, 2, 5, 7, 4]
[0, 1, 2, 5, 7, 6]
[0, 1, 2, 5, 7, 3, 4]
[0, 1, 2, 5, 7, 3, 6]
[0, 1, 2, 5, 7, 3, 4, 6]
failed -> 27 times
after fail n ======> 6
[0, 1, 2, 3, 4, 5]
0.06451612903225806 0.08823529411764706
itercount --------> 1
[0, 1, 2]
[0, 1, 5]
0.08823529411764706 0.11538461538461539
itercount --------> 2
[0, 2, 3]
0.11538461538461539 0.16666666666666666
itercount --------> 3
[2, 3, 4]
0.16666666666666666 0.17857142857142858
itercount --------> 4
[2, 6, 7]
0.17857142857142858 0.1875
itercount --------> 5
[2, 0, 6]
0.1875 0.36363636363636365
itercount --------> 6
[0, 6, 1]
[0, 6, 2]
[0, 6, 3]
0.36363636363636365 0.4230769230769231
itercount --------> 7
[0, 6, 3]
[0, 6, 4]
[0, 6, 7]
[0, 6, 1]
[0, 6, 2]
[0, 6, 5]
[0, 6, 3, 4]
[0, 6, 3, 7]
[0, 6, 3, 1]
[0, 6, 3, 2]
[0, 6, 3, 5]
[0, 6, 3, 4, 7]
[0, 6, 3, 4, 1]
0.4230769230769231 0.45454545454545453
itercount --------> 8
[0, 6, 1]
[0, 6, 3]
[0, 6, 4]
[0, 6, 7]
0.45454545454545453 0.5
itercount --------> 9
[0, 1, 7]
[0, 1, 3]
[0, 1, 4]
[0, 1, 6]
[0, 1, 2]
[0, 1, 5]
[0, 1, 7, 3]
[0, 1, 7, 4]
[0, 1, 7, 6]
[0, 1, 7, 2]
[0, 1, 7, 5]
[0, 1, 7, 3, 4]
[0, 1, 7, 3, 6]
[0, 1, 7, 3, 2]
[0, 1, 7, 3, 5]
[0, 1, 7, 3, 4, 6]
[0, 1, 7, 3, 4, 2]
[0, 1, 7, 3, 4, 5]
[0, 1, 7, 3, 4, 6, 2]
[0, 1, 7, 3, 4, 6, 5]
[0, 1, 7, 3, 4, 6, 2, 5]
0.5 0.5263157894736842
itercount --------> 10
[7, 0, 1]
[7, 0, 2]
[7, 0, 6]
[7, 0, 3]
[7, 0, 4]
[7, 0, 5]
[7, 0, 1, 2]
[7, 0, 1, 6]
[7, 0, 1, 3]
[7, 0, 1, 4]
[7, 0, 1, 5]
[7, 0, 1, 2, 6]
[7, 0, 1, 2, 3]
[7, 0, 1, 2, 4]
[7, 0, 1, 2, 5]
[7, 0, 1, 2, 6, 3]
[7, 0, 1, 2, 6, 4]
[7, 0, 1, 2, 6, 5]
[7, 0, 1, 2, 6, 3, 4]
[7, 0, 1, 2, 6, 3, 5]
[7, 0, 1, 2, 6, 3, 4, 5]
failed -> 28 times
after fail n ======> 7
[0, 1, 2, 3, 4, 5, 6]
0.06451612903225806 0.06521739130434782
itercount --------> 1
[5, 0, 1]
0.06521739130434782 0.07894736842105263
itercount --------> 2
[5, 2, 3]
[5, 2, 6]
[5, 2, 7]
0.07894736842105263 0.12
itercount --------> 3
[5, 2, 1]
0.12 0.15
itercount --------> 4
[0, 1, 3]
[0, 1, 6]
0.15 0.22727272727272727
itercount --------> 5
[1, 3, 7]
0.22727272727272727 0.36363636363636365
itercount --------> 6
[1, 5, 3]
[1, 5, 7]
[1, 5, 0]
0.36363636363636365 0.4
itercount --------> 7
[0, 1, 7]
[0, 1, 2]
0.4 0.5
itercount --------> 8
[0, 1, 2]
[0, 1, 5]
[0, 1, 7]
[0, 1, 3]
0.5 0.5263157894736842
itercount --------> 9
[0, 1, 2]
[0, 1, 5]
[0, 1, 7]
[0, 1, 4]
[0, 1, 3]
[0, 1, 6]
[0, 1, 2, 5]
[0, 1, 2, 7]
[0, 1, 2, 4]
[0, 1, 2, 3]
[0, 1, 2, 6]
[0, 1, 2, 5, 7]
[0, 1, 2, 5, 4]
[0, 1, 2, 5, 3]
[0, 1, 2, 5, 6]
[0, 1, 2, 5, 7, 4]
0.5263157894736842 0.55
itercount --------> 10
[3, 4, 7]
[3, 4, 5]
[3, 4, 0]
[3, 4, 1]
[3, 4, 2]
[3, 4, 6]
[3, 4, 7, 5]
[3, 4, 7, 0]
[3, 4, 7, 1]
[3, 4, 7, 2]
[3, 4, 7, 6]
[3, 4, 7, 5, 0]
0.55 0.5789473684210527
itercount --------> 11
[3, 7, 0]
[3, 7, 1]
[3, 7, 2]
[3, 7, 4]
[3, 7, 5]
[3, 7, 6]
[3, 7, 0, 1]
[3, 7, 0, 2]
[3, 7, 0, 4]
[3, 7, 0, 5]
[3, 7, 0, 6]
[3, 7, 0, 1, 2]
[3, 7, 0, 1, 4]
[3, 7, 0, 1, 5]
[3, 7, 0, 1, 6]
[3, 7, 0, 1, 2, 4]
[3, 7, 0, 1, 2, 5]
[3, 7, 0, 1, 2, 6]
[3, 7, 0, 1, 2, 4, 5]
[3, 7, 0, 1, 2, 4, 6]
[3, 7, 0, 1, 2, 4, 5, 6]
failed -> 29 times
after fail n ======> 8
[0, 1, 2, 3, 4, 5, 6, 7]
0.06451612903225806 0.06521739130434782
itercount --------> 1
[5, 0, 1]
[5, 0, 2]
0.06521739130434782 0.08695652173913043
itercount --------> 2
[1, 3, 4]
0.08695652173913043 0.09523809523809523
itercount --------> 3
[1, 3, 4]
0.09523809523809523 0.19047619047619047
itercount --------> 4
[1, 4, 7]
0.19047619047619047 0.21052631578947367
itercount --------> 5
[0, 1, 2]
[0, 1, 5]
[0, 1, 4]
[0, 1, 7]
[0, 1, 3]
[0, 1, 6]
[0, 1, 2, 5]
[0, 1, 2, 4]
0.21052631578947367 0.2857142857142857
itercount --------> 6
[1, 7, 3]
[1, 7, 4]
[1, 7, 0]
0.2857142857142857 0.3157894736842105
itercount --------> 7
[0, 1, 2]
[0, 1, 5]
[0, 1, 7]
0.3157894736842105 0.5909090909090909
itercount --------> 8
[1, 0, 2]
[1, 0, 7]
0.5909090909090909 0.625
itercount --------> 9
[1, 0, 2]
0.625 0.6818181818181818
itercount --------> 10
[1, 0, 2]
[1, 0, 5]
[1, 0, 3]
[1, 0, 4]
[1, 0, 6]
[1, 0, 7]
[1, 0, 2, 5]
0.6818181818181818 0.75
itercount --------> 11
[0, 1, 2]
[0, 1, 5]
[0, 1, 6]
[0, 1, 7]
[0, 1, 3]
[0, 1, 4]
[0, 1, 2, 5]
[0, 1, 2, 6]
0.75 0.7894736842105263
itercount --------> 12
[0, 1, 2]
[0, 1, 5]
[0, 1, 7]
[0, 1, 3]
[0, 1, 4]
[0, 1, 6]
[0, 1, 2, 5]
[0, 1, 2, 7]
[0, 1, 2, 3]
[0, 1, 2, 4]
[0, 1, 2, 6]
[0, 1, 2, 5, 7]
[0, 1, 2, 5, 3]
[0, 1, 2, 5, 4]
[0, 1, 2, 5, 6]
[0, 1, 2, 5, 7, 3]
[0, 1, 2, 5, 7, 4]
[0, 1, 2, 5, 7, 6]
[0, 1, 2, 5, 7, 3, 4]
[0, 1, 2, 5, 7, 3, 6]
[0, 1, 2, 5, 7, 3, 4, 6]
failed -> 30 times
after fail n ======> 5
[0, 1, 2, 3, 4]
0.06451612903225806 0.08
itercount --------> 1
[0, 1, 3]
[0, 1, 4]
0.08 0.18181818181818182
itercount --------> 2
[1, 6, 3]
0.18181818181818182 0.22727272727272727
itercount --------> 3
[1, 3, 4]
[1, 3, 7]
0.22727272727272727 0.3
itercount --------> 4
[1, 0, 2]
0.3 0.375
itercount --------> 5
[1, 7, 0]
0.375 0.38095238095238093
itercount --------> 6
[1, 7, 4]
0.38095238095238093 0.5454545454545454
itercount --------> 7
[1, 7, 0]
[1, 7, 2]
0.5454545454545454 0.5652173913043478
itercount --------> 8
[1, 2, 3]
[1, 2, 7]
[1, 2, 4]
[1, 2, 6]
[1, 2, 0]
[1, 2, 5]
[1, 2, 3, 7]
0.5652173913043478 0.7272727272727273
itercount --------> 9
[1, 2, 0]
[1, 2, 3]
[1, 2, 4]
[1, 2, 6]
[1, 2, 7]
[1, 2, 5]
[1, 2, 0, 3]
[1, 2, 0, 4]
[1, 2, 0, 6]
[1, 2, 0, 7]
[1, 2, 0, 5]
[1, 2, 0, 3, 4]
0.7272727272727273 0.7619047619047619
itercount --------> 10
[1, 2, 3]
[1, 2, 4]
[1, 2, 6]
[1, 2, 7]
[1, 2, 0]
[1, 2, 5]
[1, 2, 3, 4]
[1, 2, 3, 6]
[1, 2, 3, 7]
[1, 2, 3, 0]
[1, 2, 3, 5]
[1, 2, 3, 4, 6]
[1, 2, 3, 4, 7]
[1, 2, 3, 4, 0]
0.7619047619047619 0.7894736842105263
itercount --------> 11
[1, 2, 3]
[1, 2, 4]
[1, 2, 0]
[1, 2, 6]
[1, 2, 7]
[1, 2, 5]
[1, 2, 3, 4]
[1, 2, 3, 0]
[1, 2, 3, 6]
[1, 2, 3, 7]
[1, 2, 3, 5]
[1, 2, 3, 4, 0]
[1, 2, 3, 4, 6]
[1, 2, 3, 4, 7]
[1, 2, 3, 4, 5]
[1, 2, 3, 4, 0, 6]
[1, 2, 3, 4, 0, 7]
[1, 2, 3, 4, 0, 5]
[1, 2, 3, 4, 0, 6, 7]
[1, 2, 3, 4, 0, 6, 5]
[1, 2, 3, 4, 0, 6, 7, 5]
failed -> 31 times
after fail n ======> 6
[0, 1, 2, 3, 4, 5]
0.06451612903225806 0.06521739130434782
itercount --------> 1
[5, 0, 1]
[5, 0, 2]
0.06521739130434782 0.08695652173913043
itercount --------> 2
[1, 3, 6]
0.08695652173913043 0.10526315789473684
itercount --------> 3
[0, 1, 2]
[0, 1, 5]
[0, 1, 6]
0.10526315789473684 0.13793103448275862
itercount --------> 4
[3, 1, 7]
0.13793103448275862 0.17777777777777778
itercount --------> 5
[1, 0, 7]
0.17777777777777778 0.2857142857142857
itercount --------> 6
[0, 1, 7]
0.2857142857142857 0.45454545454545453
itercount --------> 7
[2, 5, 0]
0.45454545454545453 0.5
itercount --------> 8
[0, 2, 5]
[0, 2, 7]
[0, 2, 1]
0.5 0.5263157894736842
itercount --------> 9
[0, 1, 2]
[0, 1, 5]
[0, 1, 7]
[0, 1, 3]
0.5263157894736842 0.5555555555555556
itercount --------> 10
[0, 1, 2]
[0, 1, 5]
[0, 1, 7]
[0, 1, 3]
[0, 1, 4]
[0, 1, 6]
[0, 1, 2, 5]
[0, 1, 2, 7]
[0, 1, 2, 3]
[0, 1, 2, 4]
[0, 1, 2, 6]
[0, 1, 2, 5, 7]
[0, 1, 2, 5, 3]
[0, 1, 2, 5, 4]
[0, 1, 2, 5, 6]
[0, 1, 2, 5, 7, 3]
[0, 1, 2, 5, 7, 4]
[0, 1, 2, 5, 7, 6]
[0, 1, 2, 5, 7, 3, 4]
0.5555555555555556 0.5789473684210527
itercount --------> 11
[3, 7, 0]
[3, 7, 1]
[3, 7, 2]
[3, 7, 4]
[3, 7, 5]
[3, 7, 6]
[3, 7, 0, 1]
[3, 7, 0, 2]
[3, 7, 0, 4]
[3, 7, 0, 5]
[3, 7, 0, 6]
[3, 7, 0, 1, 2]
[3, 7, 0, 1, 4]
[3, 7, 0, 1, 5]
[3, 7, 0, 1, 6]
[3, 7, 0, 1, 2, 4]
[3, 7, 0, 1, 2, 5]
[3, 7, 0, 1, 2, 6]
[3, 7, 0, 1, 2, 4, 5]
[3, 7, 0, 1, 2, 4, 6]
[3, 7, 0, 1, 2, 4, 5, 6]
failed -> 32 times
after fail n ======> 7
[0, 1, 2, 3, 4, 5, 6]
0.06451612903225806 0.08695652173913043
itercount --------> 1
[0, 3, 4]
[0, 3, 5]
[0, 3, 6]
0.08695652173913043 0.11538461538461539
itercount --------> 2
[0, 3, 4]
0.11538461538461539 0.13793103448275862
itercount --------> 3
[0, 4, 7]
0.13793103448275862 0.16666666666666666
itercount --------> 4
[0, 7, 1]
[0, 7, 2]
0.16666666666666666 0.23809523809523808
itercount --------> 5
[0, 1, 2]
[0, 1, 7]
0.23809523809523808 0.2777777777777778
itercount --------> 6
[0, 1, 2]
[0, 1, 7]
0.2777777777777778 0.3333333333333333
itercount --------> 7
[0, 7, 4]
0.3333333333333333 0.3684210526315789
itercount --------> 8
[0, 1, 2]
[0, 1, 7]
[0, 1, 3]
[0, 1, 4]
[0, 1, 6]
[0, 1, 5]
[0, 1, 2, 7]
0.3684210526315789 0.375
itercount --------> 9
[0, 1, 2]
[0, 1, 3]
[0, 1, 4]
[0, 1, 6]
[0, 1, 7]
[0, 1, 5]
[0, 1, 2, 3]
0.375 0.38095238095238093
itercount --------> 10
[3, 7, 4]
[3, 7, 6]
[3, 7, 0]
[3, 7, 1]
0.38095238095238093 0.45
itercount --------> 11
[3, 4, 6]
[3, 4, 7]
[3, 4, 0]
[3, 4, 1]
0.45 0.5263157894736842
itercount --------> 12
[0, 1, 2]
[0, 1, 3]
[0, 1, 4]
[0, 1, 6]
[0, 1, 5]
[0, 1, 7]
[0, 1, 2, 3]
[0, 1, 2, 4]
[0, 1, 2, 6]
[0, 1, 2, 5]
[0, 1, 2, 7]
[0, 1, 2, 3, 4]
[0, 1, 2, 3, 6]
[0, 1, 2, 3, 5]
[0, 1, 2, 3, 7]
[0, 1, 2, 3, 4, 6]
0.5263157894736842 0.7727272727272727
itercount --------> 13
[0, 1, 2]
[0, 1, 3]
[0, 1, 4]
[0, 1, 6]
[0, 1, 7]
[0, 1, 5]
0.7727272727272727 0.7894736842105263
itercount --------> 14
[0, 1, 2]
[0, 1, 5]
[0, 1, 7]
[0, 1, 3]
[0, 1, 4]
[0, 1, 6]
[0, 1, 2, 5]
[0, 1, 2, 7]
[0, 1, 2, 3]
[0, 1, 2, 4]
[0, 1, 2, 6]
[0, 1, 2, 5, 7]
[0, 1, 2, 5, 3]
[0, 1, 2, 5, 4]
[0, 1, 2, 5, 6]
[0, 1, 2, 5, 7, 3]
0.7894736842105263 0.8421052631578947
itercount --------> 15
[0, 1, 2]
[0, 1, 7]
[0, 1, 3]
[0, 1, 4]
[0, 1, 5]
[0, 1, 6]
[0, 1, 2, 7]
[0, 1, 2, 3]
[0, 1, 2, 4]
[0, 1, 2, 5]
[0, 1, 2, 6]
[0, 1, 2, 7, 3]
[0, 1, 2, 7, 4]
[0, 1, 2, 7, 5]
[0, 1, 2, 7, 6]
[0, 1, 2, 7, 3, 4]
[0, 1, 2, 7, 3, 5]
[0, 1, 2, 7, 3, 6]
[0, 1, 2, 7, 3, 4, 5]
[0, 1, 2, 7, 3, 4, 6]
[0, 1, 2, 7, 3, 4, 5, 6]
failed -> 33 times
after fail n ======> 8
[0, 1, 2, 3, 4, 5, 6, 7]
0.06451612903225806 0.07894736842105263
itercount --------> 1
[0, 1, 2]
0.07894736842105263 0.11538461538461539
itercount --------> 2
[1, 3, 4]
0.11538461538461539 0.13793103448275862
itercount --------> 3
[1, 3, 7]
0.13793103448275862 0.16666666666666666
itercount --------> 4
[1, 7, 0]
0.16666666666666666 0.23333333333333334
itercount --------> 5
[0, 1, 2]
[0, 1, 7]
0.23333333333333334 0.3548387096774194
itercount --------> 6
[1, 6, 0]
[1, 6, 4]
[1, 6, 2]
0.3548387096774194 0.44
itercount --------> 7
[6, 0, 1]
[6, 0, 4]
[6, 0, 3]
[6, 0, 7]
[6, 0, 2]
[6, 0, 5]
0.44 0.45454545454545453
itercount --------> 8
[6, 4, 0]
[6, 4, 1]
[6, 4, 2]
[6, 4, 7]
[6, 4, 3]
[6, 4, 5]
[6, 4, 0, 1]
[6, 4, 0, 2]
[6, 4, 0, 7]
[6, 4, 0, 3]
[6, 4, 0, 5]
0.45454545454545453 0.5
itercount --------> 9
[6, 4, 7]
[6, 4, 0]
[6, 4, 1]
[6, 4, 2]
[6, 4, 3]
[6, 4, 5]
[6, 4, 7, 0]
[6, 4, 7, 1]
[6, 4, 7, 2]
[6, 4, 7, 3]
[6, 4, 7, 5]
[6, 4, 7, 0, 1]
[6, 4, 7, 0, 2]
[6, 4, 7, 0, 3]
[6, 4, 7, 0, 5]
[6, 4, 7, 0, 1, 2]
[6, 4, 7, 0, 1, 3]
[6, 4, 7, 0, 1, 5]
[6, 4, 7, 0, 1, 2, 3]
[6, 4, 7, 0, 1, 2, 5]
0.5 0.5263157894736842
itercount --------> 10
[6, 4, 7]
[6, 4, 3]
[6, 4, 5]
[6, 4, 0]
[6, 4, 1]
[6, 4, 2]
[6, 4, 7, 3]
[6, 4, 7, 5]
[6, 4, 7, 0]
[6, 4, 7, 1]
[6, 4, 7, 2]
[6, 4, 7, 3, 5]
0.5263157894736842 0.55
itercount --------> 11
[0, 1, 2]
[0, 1, 5]
[0, 1, 6]
[0, 1, 4]
0.55 0.5789473684210527
itercount --------> 12
[0, 1, 2]
[0, 1, 5]
[0, 1, 4]
[0, 1, 6]
[0, 1, 3]
[0, 1, 7]
[0, 1, 2, 5]
[0, 1, 2, 4]
[0, 1, 2, 6]
[0, 1, 2, 3]
[0, 1, 2, 7]
[0, 1, 2, 5, 4]
[0, 1, 2, 5, 6]
[0, 1, 2, 5, 3]
[0, 1, 2, 5, 7]
[0, 1, 2, 5, 4, 6]
0.5789473684210527 0.7142857142857143
itercount --------> 13
[0, 1, 2]
[0, 1, 5]
[0, 1, 7]
[0, 1, 3]
[0, 1, 4]
[0, 1, 6]
[0, 1, 2, 5]
[0, 1, 2, 7]
[0, 1, 2, 3]
[0, 1, 2, 4]
[0, 1, 2, 6]
0.7142857142857143 0.75
itercount --------> 14
[0, 5, 1]
0.75 0.7894736842105263
itercount --------> 15
[0, 1, 2]
[0, 1, 5]
[0, 1, 7]
[0, 1, 3]
[0, 1, 4]
[0, 1, 6]
[0, 1, 2, 5]
[0, 1, 2, 7]
[0, 1, 2, 3]
[0, 1, 2, 4]
[0, 1, 2, 6]
[0, 1, 2, 5, 7]
[0, 1, 2, 5, 3]
[0, 1, 2, 5, 4]
[0, 1, 2, 5, 6]
[0, 1, 2, 5, 7, 3]
[0, 1, 2, 5, 7, 4]
[0, 1, 2, 5, 7, 6]
[0, 1, 2, 5, 7, 3, 4]
[0, 1, 2, 5, 7, 3, 6]
[0, 1, 2, 5, 7, 3, 4, 6]
failed -> 34 times
after fail n ======> 5
[0, 1, 2, 3, 4]
0.06451612903225806 0.10714285714285714
itercount --------> 1
[2, 5, 3]
[2, 5, 4]
[2, 5, 0]
[2, 5, 1]
0.10714285714285714 0.13043478260869565
itercount --------> 2
[0, 3, 4]
[0, 3, 5]
0.13043478260869565 0.14814814814814814
itercount --------> 3
[0, 6, 3]
[0, 6, 5]
0.14814814814814814 0.16216216216216217
itercount --------> 4
[0, 1, 7]
0.16216216216216217 0.25806451612903225
itercount --------> 5
[0, 1, 4]
0.25806451612903225 0.2608695652173913
itercount --------> 6
[0, 4, 1]
[0, 4, 2]
0.2608695652173913 0.2857142857142857
itercount --------> 7
[0, 1, 2]
[0, 1, 4]
[0, 1, 5]
0.2857142857142857 0.3157894736842105
itercount --------> 8
[0, 1, 2]
[0, 1, 4]
[0, 1, 5]
[0, 1, 3]
[0, 1, 7]
[0, 1, 6]
0.3157894736842105 0.3333333333333333
itercount --------> 9
[4, 0, 1]
[4, 0, 2]
0.3333333333333333 0.35
itercount --------> 10
[0, 4, 3]
0.35 0.4
itercount --------> 11
[0, 7, 3]
0.4 0.4090909090909091
itercount --------> 12
[7, 0, 4]
0.4090909090909091 0.5238095238095238
itercount --------> 13
[7, 0, 1]
[7, 0, 2]
[7, 0, 3]
0.5238095238095238 0.6818181818181818
itercount --------> 14
[0, 1, 2]
[0, 1, 5]
[0, 1, 3]
[0, 1, 4]
[0, 1, 6]
[0, 1, 7]
[0, 1, 2, 5]
[0, 1, 2, 3]
[0, 1, 2, 4]
[0, 1, 2, 6]
[0, 1, 2, 7]
[0, 1, 2, 5, 3]
[0, 1, 2, 5, 4]
[0, 1, 2, 5, 6]
[0, 1, 2, 5, 7]
[0, 1, 2, 5, 3, 4]
[0, 1, 2, 5, 3, 6]
[0, 1, 2, 5, 3, 7]
[0, 1, 2, 5, 3, 4, 6]
[0, 1, 2, 5, 3, 4, 7]
[0, 1, 2, 5, 3, 4, 6, 7]
failed -> 35 times
after fail n ======> 6
[0, 1, 2, 3, 4, 5]
0.06451612903225806 0.07407407407407407
itercount --------> 1
[5, 3, 1]
[5, 3, 7]
0.07407407407407407 0.07894736842105263
itercount --------> 2
[4, 5, 1]
[4, 5, 3]
[4, 5, 0]
0.07894736842105263 0.10256410256410256
itercount --------> 3
[2, 1, 0]
0.10256410256410256 0.13793103448275862
itercount --------> 4
[2, 6, 0]
0.13793103448275862 0.21739130434782608
itercount --------> 5
[2, 6, 3]
0.21739130434782608 0.2608695652173913
itercount --------> 6
[2, 3, 7]
0.2608695652173913 0.2692307692307692
itercount --------> 7
[2, 0, 3]
[2, 0, 7]
[2, 0, 4]
[2, 0, 1]
[2, 0, 6]
[2, 0, 5]
0.2692307692307692 0.28
itercount --------> 8
[2, 7, 4]
0.28 0.2916666666666667
itercount --------> 9
[2, 7, 6]
[2, 7, 0]
[2, 7, 3]
[2, 7, 1]
0.2916666666666667 0.3181818181818182
itercount --------> 10
[7, 0, 2]
0.3181818181818182 0.3333333333333333
itercount --------> 11
[7, 0, 2]
[7, 0, 3]
0.3333333333333333 0.38095238095238093
itercount --------> 12
[7, 6, 0]
[7, 6, 2]
[7, 6, 3]
[7, 6, 4]
0.38095238095238093 0.5
itercount --------> 13
[0, 2, 6]
[0, 2, 1]
[0, 2, 3]
[0, 2, 4]
[0, 2, 7]
0.5 0.5238095238095238
itercount --------> 14
[0, 2, 6]
[0, 2, 1]
[0, 2, 3]
[0, 2, 7]
[0, 2, 4]
[0, 2, 5]
[0, 2, 6, 1]
[0, 2, 6, 3]
0.5238095238095238 0.6818181818181818
itercount --------> 15
[0, 1, 2]
[0, 1, 3]
0.6818181818181818 0.7142857142857143
itercount --------> 16
[0, 2, 1]
[0, 2, 6]
[0, 2, 5]
[0, 2, 7]
[0, 2, 3]
[0, 2, 4]
[0, 2, 1, 6]
0.7142857142857143 0.75
itercount --------> 17
[0, 1, 2]
[0, 1, 7]
[0, 1, 3]
[0, 1, 4]
[0, 1, 5]
0.75 0.7894736842105263
itercount --------> 18
[0, 1, 2]
[0, 1, 5]
[0, 1, 7]
[0, 1, 3]
[0, 1, 4]
[0, 1, 6]
[0, 1, 2, 5]
[0, 1, 2, 7]
[0, 1, 2, 3]
[0, 1, 2, 4]
[0, 1, 2, 6]
[0, 1, 2, 5, 7]
[0, 1, 2, 5, 3]
[0, 1, 2, 5, 4]
[0, 1, 2, 5, 6]
[0, 1, 2, 5, 7, 3]
[0, 1, 2, 5, 7, 4]
[0, 1, 2, 5, 7, 6]
[0, 1, 2, 5, 7, 3, 4]
[0, 1, 2, 5, 7, 3, 6]
[0, 1, 2, 5, 7, 3, 4, 6]
failed -> 36 times
after fail n ======> 7
[0, 1, 2, 3, 4, 5, 6]
0.06451612903225806 0.07407407407407407
itercount --------> 1
[3, 4, 7]
0.07407407407407407 0.12121212121212122
itercount --------> 2
[0, 1, 7]
0.12121212121212122 0.14814814814814814
itercount --------> 3
[1, 0, 3]
0.14814814814814814 0.2727272727272727
itercount --------> 4
[0, 4, 1]
0.2727272727272727 0.2777777777777778
itercount --------> 5
[0, 1, 2]
[0, 1, 5]
[0, 1, 7]
[0, 1, 4]
[0, 1, 3]
[0, 1, 6]
[0, 1, 2, 5]
[0, 1, 2, 7]
0.2777777777777778 0.2857142857142857
itercount --------> 6
[4, 3, 1]
[4, 3, 7]
[4, 3, 6]
[4, 3, 5]
[4, 3, 0]
0.2857142857142857 0.3
itercount --------> 7
[4, 1, 7]
[4, 1, 3]
[4, 1, 5]
0.3 0.3333333333333333
itercount --------> 8
[0, 1, 2]
[0, 1, 5]
[0, 1, 4]
[0, 1, 7]
[0, 1, 3]
[0, 1, 6]
[0, 1, 2, 5]
[0, 1, 2, 4]
[0, 1, 2, 7]
[0, 1, 2, 3]
[0, 1, 2, 6]
[0, 1, 2, 5, 4]
[0, 1, 2, 5, 7]
[0, 1, 2, 5, 3]
[0, 1, 2, 5, 6]
[0, 1, 2, 5, 4, 7]
[0, 1, 2, 5, 4, 3]
[0, 1, 2, 5, 4, 6]
0.3333333333333333 0.35
itercount --------> 9
[4, 3, 7]
[4, 3, 1]
[4, 3, 6]
[4, 3, 0]
[4, 3, 2]
[4, 3, 5]
[4, 3, 7, 1]
0.35 0.4
itercount --------> 10
[1, 4, 0]
[1, 4, 7]
0.4 0.45
itercount --------> 11
[3, 4, 7]
[3, 4, 0]
[3, 4, 1]
[3, 4, 6]
[3, 4, 2]
[3, 4, 5]
[3, 4, 7, 0]
0.45 0.625
itercount --------> 12
[0, 1, 3]
[0, 1, 5]
0.625 0.7894736842105263
itercount --------> 13
[0, 1, 2]
[0, 1, 5]
[0, 1, 7]
[0, 1, 3]
[0, 1, 4]
[0, 1, 6]
[0, 1, 2, 5]
[0, 1, 2, 7]
[0, 1, 2, 3]
[0, 1, 2, 4]
[0, 1, 2, 6]
[0, 1, 2, 5, 7]
[0, 1, 2, 5, 3]
[0, 1, 2, 5, 4]
[0, 1, 2, 5, 6]
[0, 1, 2, 5, 7, 3]
[0, 1, 2, 5, 7, 4]
[0, 1, 2, 5, 7, 6]
[0, 1, 2, 5, 7, 3, 4]
[0, 1, 2, 5, 7, 3, 6]
[0, 1, 2, 5, 7, 3, 4, 6]
failed -> 37 times
after fail n ======> 8
[0, 1, 2, 3, 4, 5, 6, 7]
0.06451612903225806 0.06521739130434782
itercount --------> 1
[5, 0, 1]
[5, 0, 2]
0.06521739130434782 0.08695652173913043
itercount --------> 2
[1, 3, 6]
0.08695652173913043 0.13043478260869565
itercount --------> 3
[1, 3, 6]
[1, 3, 7]
[1, 3, 5]
0.13043478260869565 0.15789473684210525
itercount --------> 4
[6, 0, 1]
0.15789473684210525 0.16666666666666666
itercount --------> 5
[0, 1, 3]
0.16666666666666666 0.21052631578947367
itercount --------> 6
[0, 1, 2]
[0, 1, 5]
[0, 1, 3]
0.21052631578947367 0.2631578947368421
itercount --------> 7
[0, 1, 2]
[0, 1, 5]
[0, 1, 3]
0.2631578947368421 0.35
itercount --------> 8
[0, 1, 2]
[0, 1, 5]
[0, 1, 7]
[0, 1, 6]
0.35 0.3684210526315789
itercount --------> 9
[0, 1, 2]
[0, 1, 5]
[0, 1, 6]
[0, 1, 7]
[0, 1, 3]
[0, 1, 4]
[0, 1, 2, 5]
[0, 1, 2, 6]
[0, 1, 2, 7]
[0, 1, 2, 3]
[0, 1, 2, 4]
[0, 1, 2, 5, 6]
[0, 1, 2, 5, 7]
[0, 1, 2, 5, 3]
[0, 1, 2, 5, 4]
[0, 1, 2, 5, 6, 7]
[0, 1, 2, 5, 6, 3]
[0, 1, 2, 5, 6, 4]
[0, 1, 2, 5, 6, 7, 3]
0.3684210526315789 0.45
itercount --------> 10
[0, 1, 5]
[0, 1, 3]
[0, 1, 4]
[0, 1, 6]
[0, 1, 7]
[0, 1, 2]
[0, 1, 5, 3]
[0, 1, 5, 4]
[0, 1, 5, 6]
[0, 1, 5, 7]
[0, 1, 5, 2]
0.45 0.47368421052631576
itercount --------> 11
[0, 1, 2]
[0, 1, 5]
[0, 1, 4]
[0, 1, 3]
[0, 1, 6]
[0, 1, 7]
[0, 1, 2, 5]
[0, 1, 2, 4]
0.47368421052631576 0.5
itercount --------> 12
[5, 0, 1]
[5, 0, 2]
[5, 0, 3]
[5, 0, 4]
[5, 0, 6]
[5, 0, 7]
[5, 0, 1, 2]
[5, 0, 1, 3]
[5, 0, 1, 4]
[5, 0, 1, 6]
[5, 0, 1, 7]
[5, 0, 1, 2, 3]
[5, 0, 1, 2, 4]
[5, 0, 1, 2, 6]
[5, 0, 1, 2, 7]
[5, 0, 1, 2, 3, 4]
[5, 0, 1, 2, 3, 6]
[5, 0, 1, 2, 3, 7]
[5, 0, 1, 2, 3, 4, 6]
[5, 0, 1, 2, 3, 4, 7]
0.5 0.55
itercount --------> 13
[3, 6, 0]
[3, 6, 1]
[3, 6, 2]
0.55 0.631578947368421
itercount --------> 14
[0, 1, 2]
[0, 1, 3]
[0, 1, 6]
[0, 1, 5]
[0, 1, 4]
[0, 1, 7]
0.631578947368421 0.6666666666666666
itercount --------> 15
[0, 1, 2]
[0, 1, 3]
[0, 1, 6]
[0, 1, 5]
[0, 1, 7]
[0, 1, 4]
[0, 1, 2, 3]
[0, 1, 2, 6]
[0, 1, 2, 5]
[0, 1, 2, 7]
[0, 1, 2, 4]
[0, 1, 2, 3, 6]
0.6666666666666666 0.7894736842105263
itercount --------> 16
[0, 1, 2]
[0, 1, 5]
[0, 1, 7]
[0, 1, 3]
[0, 1, 4]
[0, 1, 6]
[0, 1, 2, 5]
[0, 1, 2, 7]
[0, 1, 2, 3]
[0, 1, 2, 4]
[0, 1, 2, 6]
[0, 1, 2, 5, 7]
[0, 1, 2, 5, 3]
[0, 1, 2, 5, 4]
[0, 1, 2, 5, 6]
[0, 1, 2, 5, 7, 3]
[0, 1, 2, 5, 7, 4]
[0, 1, 2, 5, 7, 6]
[0, 1, 2, 5, 7, 3, 4]
[0, 1, 2, 5, 7, 3, 6]
[0, 1, 2, 5, 7, 3, 4, 6]
failed -> 38 times
after fail n ======> 5
[0, 1, 2, 3, 4]
0.06451612903225806 0.08
itercount --------> 1
[0, 2, 3]
0.08 0.09523809523809523
itercount --------> 2
[2, 0, 1]
0.09523809523809523 0.1
itercount --------> 3
[2, 3, 4]
[2, 3, 6]
0.1 0.10526315789473684
itercount --------> 4
[0, 1, 2]
[0, 1, 3]
[0, 1, 4]
[0, 1, 5]
[0, 1, 6]
[0, 1, 7]
[0, 1, 2, 3]
[0, 1, 2, 4]
0.10526315789473684 0.13636363636363635
itercount --------> 5
[3, 6, 7]
0.13636363636363635 0.18181818181818182
itercount --------> 6
[3, 6, 0]
0.18181818181818182 0.22727272727272727
itercount --------> 7
[3, 2, 7]
0.22727272727272727 0.25
itercount --------> 8
[3, 0, 1]
0.25 0.2777777777777778
itercount --------> 9
[3, 0, 1]
[3, 0, 2]
[3, 0, 5]
[3, 0, 7]
[3, 0, 6]
[3, 0, 4]
[3, 0, 1, 2]
[3, 0, 1, 5]
[3, 0, 1, 7]
[3, 0, 1, 6]
[3, 0, 1, 4]
[3, 0, 1, 2, 5]
[3, 0, 1, 2, 7]
[3, 0, 1, 2, 6]
[3, 0, 1, 2, 4]
[3, 0, 1, 2, 5, 7]
[3, 0, 1, 2, 5, 6]
[3, 0, 1, 2, 5, 4]
[3, 0, 1, 2, 5, 7, 6]
[3, 0, 1, 2, 5, 7, 4]
[3, 0, 1, 2, 5, 7, 6, 4]
failed -> 39 times
after fail n ======> 6
[0, 1, 2, 3, 4, 5]
0.06451612903225806 0.08
itercount --------> 1
[0, 1, 3]
0.08 0.16666666666666666
itercount --------> 2
[0, 3, 4]
0.16666666666666666 0.17857142857142858
itercount --------> 3
[0, 6, 7]
[0, 6, 3]
[0, 6, 4]
[0, 6, 1]
0.17857142857142858 0.2
itercount --------> 4
[6, 1, 7]
0.2 0.2857142857142857
itercount --------> 5
[6, 1, 3]
[6, 1, 4]
[6, 1, 7]
[6, 1, 2]
[6, 1, 0]
0.2857142857142857 0.30434782608695654
itercount --------> 6
[6, 1, 3]
0.30434782608695654 0.3333333333333333
itercount --------> 7
[1, 0, 2]
0.3333333333333333 0.4166666666666667
itercount --------> 8
[1, 4, 7]
[1, 4, 0]
0.4166666666666667 0.43333333333333335
itercount --------> 9
[1, 0, 2]
[1, 0, 4]
[1, 0, 3]
[1, 0, 5]
0.43333333333333335 0.4444444444444444
itercount --------> 10
[1, 0, 2]
[1, 0, 4]
[1, 0, 5]
0.4444444444444444 0.4782608695652174
itercount --------> 11
[1, 0, 2]
[1, 0, 6]
0.4782608695652174 0.5
itercount --------> 12
[0, 1, 2]
[0, 1, 4]
0.5 0.5238095238095238
itercount --------> 13
[1, 6, 0]
[1, 6, 2]
[1, 6, 4]
[1, 6, 3]
0.5238095238095238 0.6818181818181818
itercount --------> 14
[1, 0, 2]
[1, 0, 5]
[1, 0, 3]
0.6818181818181818 0.7142857142857143
itercount --------> 15
[0, 1, 2]
[0, 1, 5]
[0, 1, 7]
[0, 1, 3]
[0, 1, 4]
[0, 1, 6]
[0, 1, 2, 5]
0.7142857142857143 0.75
itercount --------> 16
[0, 1, 2]
[0, 1, 5]
[0, 1, 7]
[0, 1, 3]
[0, 1, 4]
[0, 1, 6]
[0, 1, 2, 5]
[0, 1, 2, 7]
[0, 1, 2, 3]
[0, 1, 2, 4]
[0, 1, 2, 6]
[0, 1, 2, 5, 7]
[0, 1, 2, 5, 3]
[0, 1, 2, 5, 4]
0.75 0.7894736842105263
itercount --------> 17
[0, 1, 2]
[0, 1, 5]
[0, 1, 7]
[0, 1, 3]
[0, 1, 4]
[0, 1, 6]
[0, 1, 2, 5]
[0, 1, 2, 7]
[0, 1, 2, 3]
[0, 1, 2, 4]
[0, 1, 2, 6]
[0, 1, 2, 5, 7]
[0, 1, 2, 5, 3]
[0, 1, 2, 5, 4]
[0, 1, 2, 5, 6]
[0, 1, 2, 5, 7, 3]
[0, 1, 2, 5, 7, 4]
[0, 1, 2, 5, 7, 6]
[0, 1, 2, 5, 7, 3, 4]
[0, 1, 2, 5, 7, 3, 6]
[0, 1, 2, 5, 7, 3, 4, 6]
failed -> 40 times
after fail n ======> 7
[0, 1, 2, 3, 4, 5, 6]
0.06451612903225806 0.07894736842105263
itercount --------> 1
[0, 1, 2]
0.07894736842105263 0.11538461538461539
itercount --------> 2
[0, 3, 4]
0.11538461538461539 0.13793103448275862
itercount --------> 3
[0, 3, 7]
0.13793103448275862 0.14814814814814814
itercount --------> 4
[0, 3, 1]
0.14814814814814814 0.2
itercount --------> 5
[0, 1, 2]
[0, 1, 3]
0.2 0.2916666666666667
itercount --------> 6
[1, 2, 3]
[1, 2, 7]
0.2916666666666667 0.3103448275862069
itercount --------> 7
[2, 4, 1]
0.3103448275862069 0.3333333333333333
itercount --------> 8
[4, 1, 2]
[4, 1, 3]
[4, 1, 6]
[4, 1, 7]
[4, 1, 0]
0.3333333333333333 0.35
itercount --------> 9
[4, 7, 3]
[4, 7, 6]
[4, 7, 1]
[4, 7, 2]
[4, 7, 0]
[4, 7, 5]
[4, 7, 3, 6]
[4, 7, 3, 1]
[4, 7, 3, 2]
[4, 7, 3, 0]
[4, 7, 3, 5]
[4, 7, 3, 6, 1]
[4, 7, 3, 6, 2]
[4, 7, 3, 6, 0]
[4, 7, 3, 6, 5]
[4, 7, 3, 6, 1, 2]
0.35 0.3684210526315789
itercount --------> 10
[4, 7, 3]
[4, 7, 6]
[4, 7, 0]
[4, 7, 1]
[4, 7, 2]
[4, 7, 5]
[4, 7, 3, 6]
[4, 7, 3, 0]
[4, 7, 3, 1]
[4, 7, 3, 2]
[4, 7, 3, 5]
[4, 7, 3, 6, 0]
[4, 7, 3, 6, 1]
[4, 7, 3, 6, 2]
[4, 7, 3, 6, 5]
[4, 7, 3, 6, 0, 1]
[4, 7, 3, 6, 0, 2]
0.3684210526315789 0.38095238095238093
itercount --------> 11
[4, 1, 7]
[4, 1, 3]
[4, 1, 6]
[4, 1, 0]
[4, 1, 2]
0.38095238095238093 0.391304347826087
itercount --------> 12
[1, 4, 0]
[1, 4, 2]
[1, 4, 7]
[1, 4, 3]
[1, 4, 6]
[1, 4, 5]
0.391304347826087 0.4
itercount --------> 13
[4, 0, 2]
0.4 0.42105263157894735
itercount --------> 14
[4, 7, 3]
[4, 7, 6]
[4, 7, 0]
[4, 7, 1]
[4, 7, 2]
[4, 7, 5]
0.42105263157894735 0.4444444444444444
itercount --------> 15
[0, 1, 2]
[0, 1, 4]
[0, 1, 5]
[0, 1, 7]
[0, 1, 3]
[0, 1, 6]
[0, 1, 2, 4]
[0, 1, 2, 5]
[0, 1, 2, 7]
[0, 1, 2, 3]
[0, 1, 2, 6]
[0, 1, 2, 4, 5]
[0, 1, 2, 4, 7]
[0, 1, 2, 4, 3]
[0, 1, 2, 4, 6]
0.4444444444444444 0.45
itercount --------> 16
[4, 3, 1]
[4, 3, 2]
[4, 3, 7]
[4, 3, 6]
[4, 3, 0]
[4, 3, 5]
[4, 3, 1, 2]
[4, 3, 1, 7]
[4, 3, 1, 6]
[4, 3, 1, 0]
[4, 3, 1, 5]
[4, 3, 1, 2, 7]
0.45 0.55
itercount --------> 17
[3, 4, 0]
0.55 0.5714285714285714
itercount --------> 18
[0, 1, 2]
[0, 1, 4]
[0, 1, 3]
[0, 1, 5]
[0, 1, 6]
[0, 1, 7]
[0, 1, 2, 4]
[0, 1, 2, 3]
[0, 1, 2, 5]
0.5714285714285714 0.631578947368421
itercount --------> 19
[0, 1, 2]
[0, 1, 3]
[0, 1, 4]
[0, 1, 5]
[0, 1, 6]
[0, 1, 7]
[0, 1, 2, 3]
[0, 1, 2, 4]
[0, 1, 2, 5]
[0, 1, 2, 6]
[0, 1, 2, 7]
0.631578947368421 0.6666666666666666
itercount --------> 20
[0, 1, 2]
[0, 1, 3]
[0, 1, 4]
[0, 1, 5]
[0, 1, 7]
[0, 1, 6]
[0, 1, 2, 3]
[0, 1, 2, 4]
[0, 1, 2, 5]
[0, 1, 2, 7]
[0, 1, 2, 6]
[0, 1, 2, 3, 4]
0.6666666666666666 0.75
itercount --------> 21
[0, 1, 2]
[0, 1, 5]
0.75 0.7894736842105263
itercount --------> 22
[0, 1, 2]
[0, 1, 5]
[0, 1, 7]
[0, 1, 3]
[0, 1, 4]
[0, 1, 6]
[0, 1, 2, 5]
[0, 1, 2, 7]
[0, 1, 2, 3]
[0, 1, 2, 4]
[0, 1, 2, 6]
[0, 1, 2, 5, 7]
[0, 1, 2, 5, 3]
[0, 1, 2, 5, 4]
[0, 1, 2, 5, 6]
[0, 1, 2, 5, 7, 3]
[0, 1, 2, 5, 7, 4]
[0, 1, 2, 5, 7, 6]
[0, 1, 2, 5, 7, 3, 4]
[0, 1, 2, 5, 7, 3, 6]
[0, 1, 2, 5, 7, 3, 4, 6]
failed -> 41 times
after fail n ======> 8
[0, 1, 2, 3, 4, 5, 6, 7]
0.06451612903225806 0.07407407407407407
itercount --------> 1
[7, 0, 1]
0.07407407407407407 0.125
itercount --------> 2
[2, 3, 6]
[2, 3, 7]
[2, 3, 4]
0.125 0.13043478260869565
itercount --------> 3
[2, 3, 6]
0.13043478260869565 0.2
itercount --------> 4
[2, 3, 0]
[2, 3, 7]
[2, 3, 1]
0.2 0.21428571428571427
itercount --------> 5
[0, 3, 2]
0.21428571428571427 0.2857142857142857
itercount --------> 6
[2, 3, 0]
0.2857142857142857 0.32
itercount --------> 7
[0, 3, 7]
0.32 0.38095238095238093
itercount --------> 8
[1, 2, 7]
[1, 2, 3]
[1, 2, 0]
[1, 2, 4]
[1, 2, 6]
[1, 2, 5]
[1, 2, 7, 3]
0.38095238095238093 0.4090909090909091
itercount --------> 9
[1, 2, 6]
[1, 2, 0]
[1, 2, 3]
[1, 2, 4]
[1, 2, 7]
[1, 2, 5]
[1, 2, 6, 0]
[1, 2, 6, 3]
[1, 2, 6, 4]
[1, 2, 6, 7]
[1, 2, 6, 5]
[1, 2, 6, 0, 3]
[1, 2, 6, 0, 4]
[1, 2, 6, 0, 7]
[1, 2, 6, 0, 5]
[1, 2, 6, 0, 3, 4]
[1, 2, 6, 0, 3, 7]
[1, 2, 6, 0, 3, 5]
[1, 2, 6, 0, 3, 4, 7]
[1, 2, 6, 0, 3, 4, 5]
[1, 2, 6, 0, 3, 4, 7, 5]
failed -> 42 times
after fail n ======> 5
[0, 1, 2, 3, 4]
0.06451612903225806 0.10714285714285714
itercount --------> 1
[2, 5, 3]
[2, 5, 4]
[2, 5, 0]
0.10714285714285714 0.13043478260869565
itercount --------> 2
[1, 3, 4]
[1, 3, 5]
[1, 3, 6]
0.13043478260869565 0.13333333333333333
itercount --------> 3
[1, 4, 7]
0.13333333333333333 0.14285714285714285
itercount --------> 4
[0, 1, 2]
0.14285714285714285 0.2857142857142857
itercount --------> 5
[0, 1, 3]
[0, 1, 7]
[0, 1, 2]
[0, 1, 6]
0.2857142857142857 0.3
itercount --------> 6
[1, 6, 0]
[1, 6, 3]
[1, 6, 7]
[1, 6, 2]
[1, 6, 4]
[1, 6, 5]
0.3 0.30434782608695654
itercount --------> 7
[3, 7, 6]
[3, 7, 0]
[3, 7, 1]
[3, 7, 2]
0.30434782608695654 0.38095238095238093
itercount --------> 8
[6, 1, 3]
[6, 1, 4]
0.38095238095238093 0.3888888888888889
itercount --------> 9
[4, 5, 0]
[4, 5, 1]
0.3888888888888889 0.391304347826087
itercount --------> 10
[1, 4, 6]
0.391304347826087 0.45
itercount --------> 11
[6, 1, 4]
[6, 1, 7]
[6, 1, 3]
[6, 1, 0]
[6, 1, 2]
[6, 1, 5]
[6, 1, 4, 7]
0.45 0.47619047619047616
itercount --------> 12
[6, 1, 3]
[6, 1, 0]
[6, 1, 2]
0.47619047619047616 0.5263157894736842
itercount --------> 13
[0, 1, 2]
[0, 1, 6]
[0, 1, 4]
[0, 1, 5]
[0, 1, 3]
[0, 1, 7]
[0, 1, 2, 6]
[0, 1, 2, 4]
[0, 1, 2, 5]
[0, 1, 2, 3]
[0, 1, 2, 7]
[0, 1, 2, 6, 4]
[0, 1, 2, 6, 5]
[0, 1, 2, 6, 3]
[0, 1, 2, 6, 7]
[0, 1, 2, 6, 4, 5]
[0, 1, 2, 6, 4, 3]
0.5263157894736842 0.53125
itercount --------> 14
[1, 0, 2]
0.53125 0.8095238095238095
itercount --------> 15
[0, 1, 2]
[0, 1, 3]
[0, 1, 4]
[0, 1, 6]
[0, 1, 7]
[0, 1, 5]
[0, 1, 2, 3]
[0, 1, 2, 4]
[0, 1, 2, 6]
[0, 1, 2, 7]
[0, 1, 2, 5]
[0, 1, 2, 3, 4]
[0, 1, 2, 3, 6]
[0, 1, 2, 3, 7]
[0, 1, 2, 3, 5]
[0, 1, 2, 3, 4, 6]
[0, 1, 2, 3, 4, 7]
[0, 1, 2, 3, 4, 5]
[0, 1, 2, 3, 4, 6, 7]
[0, 1, 2, 3, 4, 6, 5]
[0, 1, 2, 3, 4, 6, 7, 5]
failed -> 43 times
after fail n ======> 6
[0, 1, 2, 3, 4, 5]
0.06451612903225806 0.10714285714285714
itercount --------> 1
[0, 5, 3]
[0, 5, 4]
[0, 5, 1]
0.10714285714285714 0.13043478260869565
itercount --------> 2
[2, 3, 4]
[2, 3, 5]
[2, 3, 6]
0.13043478260869565 0.13333333333333333
itercount --------> 3
[2, 4, 7]
0.13333333333333333 0.13636363636363635
itercount --------> 4
[2, 1, 3]
0.13636363636363635 0.15
itercount --------> 5
[3, 7, 4]
0.15 0.22727272727272727
itercount --------> 6
[3, 7, 0]
[3, 7, 1]
0.22727272727272727 0.23809523809523808
itercount --------> 7
[3, 2, 4]
[3, 2, 6]
0.23809523809523808 0.28
itercount --------> 8
[2, 6, 3]
0.28 0.30434782608695654
itercount --------> 9
[2, 3, 4]
[2, 3, 6]
[2, 3, 7]
[2, 3, 0]
0.30434782608695654 0.35
itercount --------> 10
[3, 7, 4]
0.35 0.3888888888888889
itercount --------> 11
[0, 1, 2]
[0, 1, 3]
[0, 1, 5]
[0, 1, 4]
[0, 1, 7]
[0, 1, 6]
[0, 1, 2, 3]
[0, 1, 2, 5]
[0, 1, 2, 4]
[0, 1, 2, 7]
[0, 1, 2, 6]
[0, 1, 2, 3, 5]
[0, 1, 2, 3, 4]
0.3888888888888889 0.42857142857142855
itercount --------> 12
[0, 1, 2]
[0, 1, 3]
[0, 1, 7]
[0, 1, 6]
[0, 1, 4]
[0, 1, 5]
0.42857142857142855 0.4444444444444444
itercount --------> 13
[0, 1, 2]
[0, 1, 5]
[0, 1, 3]
[0, 1, 7]
[0, 1, 4]
[0, 1, 6]
[0, 1, 2, 5]
[0, 1, 2, 3]
[0, 1, 2, 7]
[0, 1, 2, 4]
[0, 1, 2, 6]
[0, 1, 2, 5, 3]
[0, 1, 2, 5, 7]
0.4444444444444444 0.45
itercount --------> 14
[1, 2, 7]
[1, 2, 0]
[1, 2, 6]
[1, 2, 3]
[1, 2, 4]
[1, 2, 5]
0.45 0.47368421052631576
itercount --------> 15
[0, 1, 2]
[0, 1, 5]
[0, 1, 7]
[0, 1, 3]
[0, 1, 4]
[0, 1, 6]
[0, 1, 2, 5]
[0, 1, 2, 7]
[0, 1, 2, 3]
[0, 1, 2, 4]
0.47368421052631576 0.5
itercount --------> 16
[0, 1, 2]
[0, 1, 5]
[0, 1, 7]
[0, 1, 3]
[0, 1, 4]
[0, 1, 6]
[0, 1, 2, 5]
[0, 1, 2, 7]
[0, 1, 2, 3]
[0, 1, 2, 4]
[0, 1, 2, 6]
[0, 1, 2, 5, 7]
[0, 1, 2, 5, 3]
[0, 1, 2, 5, 4]
[0, 1, 2, 5, 6]
[0, 1, 2, 5, 7, 3]
[0, 1, 2, 5, 7, 4]
0.5 0.5263157894736842
itercount --------> 17
[3, 6, 7]
[3, 6, 4]
[3, 6, 0]
[3, 6, 1]
[3, 6, 2]
[3, 6, 5]
[3, 6, 7, 4]
[3, 6, 7, 0]
[3, 6, 7, 1]
[3, 6, 7, 2]
0.5263157894736842 0.7619047619047619
itercount --------> 18
[0, 1, 2]
[0, 1, 7]
[0, 1, 3]
[0, 1, 4]
0.7619047619047619 0.8
itercount --------> 19
[1, 0, 2]
[1, 0, 7]
[1, 0, 3]
[1, 0, 4]
[1, 0, 5]
[1, 0, 6]
[1, 0, 2, 7]
[1, 0, 2, 3]
[1, 0, 2, 4]
0.8 0.8421052631578947
itercount --------> 20
[0, 1, 2]
[0, 1, 7]
[0, 1, 3]
[0, 1, 4]
[0, 1, 5]
[0, 1, 6]
[0, 1, 2, 7]
[0, 1, 2, 3]
[0, 1, 2, 4]
[0, 1, 2, 5]
[0, 1, 2, 6]
[0, 1, 2, 7, 3]
[0, 1, 2, 7, 4]
[0, 1, 2, 7, 5]
[0, 1, 2, 7, 6]
[0, 1, 2, 7, 3, 4]
[0, 1, 2, 7, 3, 5]
[0, 1, 2, 7, 3, 6]
[0, 1, 2, 7, 3, 4, 5]
[0, 1, 2, 7, 3, 4, 6]
[0, 1, 2, 7, 3, 4, 5, 6]
failed -> 44 times
after fail n ======> 7
[0, 1, 2, 3, 4, 5, 6]
0.06451612903225806 0.08695652173913043
itercount --------> 1
[2, 3, 4]
[2, 3, 5]
[2, 3, 6]
[2, 3, 7]
[2, 3, 0]
[2, 3, 1]
0.08695652173913043 0.1
itercount --------> 2
[2, 3, 4]
[2, 3, 6]
0.1 0.15
itercount --------> 3
[2, 3, 4]
0.15 0.2
itercount --------> 4
[2, 3, 4]
0.2 0.3
itercount --------> 5
[2, 3, 4]
[2, 3, 7]
0.3 0.3333333333333333
itercount --------> 6
[2, 6, 3]
[2, 6, 4]
[2, 6, 7]
[2, 6, 0]
0.3333333333333333 0.43478260869565216
itercount --------> 7
[2, 7, 4]
[2, 7, 0]
[2, 7, 1]
[2, 7, 3]
[2, 7, 6]
[2, 7, 5]
[2, 7, 4, 0]
0.43478260869565216 0.5
itercount --------> 8
[0, 1, 2]
[0, 1, 3]
[0, 1, 4]
[0, 1, 6]
[0, 1, 7]
0.5 0.52
itercount --------> 9
[1, 2, 3]
[1, 2, 4]
[1, 2, 0]
[1, 2, 6]
[1, 2, 7]
[1, 2, 5]
0.52 0.5789473684210527
itercount --------> 10
[3, 4, 5]
[3, 4, 7]
[3, 4, 0]
[3, 4, 1]
[3, 4, 2]
[3, 4, 6]
[3, 4, 5, 7]
0.5789473684210527 0.6
itercount --------> 11
[0, 1, 2]
[0, 1, 5]
[0, 1, 3]
[0, 1, 4]
[0, 1, 7]
[0, 1, 6]
[0, 1, 2, 5]
[0, 1, 2, 3]
[0, 1, 2, 4]
[0, 1, 2, 7]
[0, 1, 2, 6]
[0, 1, 2, 5, 3]
[0, 1, 2, 5, 4]
[0, 1, 2, 5, 7]
[0, 1, 2, 5, 6]
[0, 1, 2, 5, 3, 4]
0.6 0.6818181818181818
itercount --------> 12
[0, 1, 2]
[0, 1, 5]
[0, 1, 3]
[0, 1, 4]
[0, 1, 7]
[0, 1, 6]
[0, 1, 2, 5]
[0, 1, 2, 3]
[0, 1, 2, 4]
[0, 1, 2, 7]
[0, 1, 2, 6]
[0, 1, 2, 5, 3]
[0, 1, 2, 5, 4]
[0, 1, 2, 5, 7]
[0, 1, 2, 5, 6]
[0, 1, 2, 5, 3, 4]
[0, 1, 2, 5, 3, 7]
[0, 1, 2, 5, 3, 6]
[0, 1, 2, 5, 3, 4, 7]
[0, 1, 2, 5, 3, 4, 6]
[0, 1, 2, 5, 3, 4, 7, 6]
failed -> 45 times
after fail n ======> 8
[0, 1, 2, 3, 4, 5, 6, 7]
0.06451612903225806 0.06521739130434782
itercount --------> 1
[0, 1, 2]
0.06521739130434782 0.1
itercount --------> 2
[1, 4, 6]
[1, 4, 0]
0.1 0.10526315789473684
itercount --------> 3
[4, 6, 3]
0.10526315789473684 0.25
itercount --------> 4
[4, 3, 7]
0.25 0.2727272727272727
itercount --------> 5
[4, 7, 0]
0.2727272727272727 0.3333333333333333
itercount --------> 6
[0, 2, 4]
[0, 2, 3]
0.3333333333333333 0.34615384615384615
itercount --------> 7
[2, 4, 3]
[2, 4, 7]
[2, 4, 0]
[2, 4, 6]
[2, 4, 1]
0.34615384615384615 0.45
itercount --------> 8
[0, 1, 2]
[0, 1, 3]
[0, 1, 4]
[0, 1, 5]
[0, 1, 6]
[0, 1, 7]
[0, 1, 2, 3]
[0, 1, 2, 4]
[0, 1, 2, 5]
[0, 1, 2, 6]
[0, 1, 2, 7]
[0, 1, 2, 3, 4]
[0, 1, 2, 3, 5]
[0, 1, 2, 3, 6]
0.45 0.5454545454545454
itercount --------> 9
[7, 0, 1]
[7, 0, 2]
[7, 0, 6]
[7, 0, 3]
0.5454545454545454 0.5909090909090909
itercount --------> 10
[0, 2, 1]
[0, 2, 7]
[0, 2, 3]
[0, 2, 4]
[0, 2, 5]
0.5909090909090909 0.6111111111111112
itercount --------> 11
[5, 0, 1]
[5, 0, 2]
[5, 0, 7]
[5, 0, 3]
[5, 0, 4]
[5, 0, 6]
[5, 0, 1, 2]
0.6111111111111112 0.6190476190476191
itercount --------> 12
[2, 7, 3]
[2, 7, 0]
[2, 7, 1]
[2, 7, 4]
[2, 7, 5]
[2, 7, 6]
[2, 7, 3, 0]
0.6190476190476191 0.85
itercount --------> 13
[0, 1, 2]
[0, 1, 3]
[0, 1, 4]
[0, 1, 6]
[0, 1, 7]
[0, 1, 5]
[0, 1, 2, 3]
[0, 1, 2, 4]
[0, 1, 2, 6]
[0, 1, 2, 7]
[0, 1, 2, 5]
[0, 1, 2, 3, 4]
[0, 1, 2, 3, 6]
[0, 1, 2, 3, 7]
[0, 1, 2, 3, 5]
[0, 1, 2, 3, 4, 6]
[0, 1, 2, 3, 4, 7]
[0, 1, 2, 3, 4, 5]
[0, 1, 2, 3, 4, 6, 7]
[0, 1, 2, 3, 4, 6, 5]
[0, 1, 2, 3, 4, 6, 7, 5]
failed -> 46 times
after fail n ======> 5
[0, 1, 2, 3, 4]
0.06451612903225806 0.10714285714285714
itercount --------> 1
[1, 5, 3]
[1, 5, 4]
[1, 5, 0]
0.10714285714285714 0.13043478260869565
itercount --------> 2
[2, 3, 4]
0.13043478260869565 0.15384615384615385
itercount --------> 3
[2, 6, 4]
0.15384615384615385 0.18421052631578946
itercount --------> 4
[2, 0, 7]
0.18421052631578946 0.3548387096774194
itercount --------> 5
[0, 6, 4]
[0, 6, 1]
0.3548387096774194 0.36
itercount --------> 6
[0, 6, 3]
[0, 6, 7]
[0, 6, 4]
[0, 6, 2]
[0, 6, 1]
[0, 6, 5]
[0, 6, 3, 7]
[0, 6, 3, 4]
[0, 6, 3, 2]
0.36 0.39285714285714285
itercount --------> 7
[6, 2, 0]
[6, 2, 4]
[6, 2, 3]
[6, 2, 7]
[6, 2, 1]
0.39285714285714285 0.44
itercount --------> 8
[6, 0, 4]
[6, 0, 2]
[6, 0, 3]
[6, 0, 7]
[6, 0, 1]
[6, 0, 5]
0.44 0.45454545454545453
itercount --------> 9
[6, 4, 0]
[6, 4, 2]
[6, 4, 3]
[6, 4, 7]
[6, 4, 1]
[6, 4, 5]
[6, 4, 0, 2]
0.45454545454545453 0.4583333333333333
itercount --------> 10
[0, 2, 6]
[0, 2, 4]
[0, 2, 1]
[0, 2, 3]
0.4583333333333333 0.48
itercount --------> 11
[0, 3, 2]
[0, 3, 1]
[0, 3, 5]
[0, 3, 6]
[0, 3, 7]
[0, 3, 4]
[0, 3, 2, 1]
0.48 0.5217391304347826
itercount --------> 12
[0, 2, 3]
[0, 2, 6]
[0, 2, 5]
[0, 2, 1]
[0, 2, 4]
[0, 2, 7]
[0, 2, 3, 6]
[0, 2, 3, 5]
[0, 2, 3, 1]
[0, 2, 3, 4]
[0, 2, 3, 7]
[0, 2, 3, 6, 5]
[0, 2, 3, 6, 1]
[0, 2, 3, 6, 4]
0.5217391304347826 0.6666666666666666
itercount --------> 13
[2, 0, 7]
[2, 0, 1]
[2, 0, 3]
[2, 0, 4]
[2, 0, 5]
[2, 0, 6]
[2, 0, 7, 1]
[2, 0, 7, 3]
[2, 0, 7, 4]
[2, 0, 7, 5]
[2, 0, 7, 6]
[2, 0, 7, 1, 3]
[2, 0, 7, 1, 4]
[2, 0, 7, 1, 5]
[2, 0, 7, 1, 6]
[2, 0, 7, 1, 3, 4]
[2, 0, 7, 1, 3, 5]
[2, 0, 7, 1, 3, 6]
[2, 0, 7, 1, 3, 4, 5]
[2, 0, 7, 1, 3, 4, 6]
[2, 0, 7, 1, 3, 4, 5, 6]
failed -> 47 times
after fail n ======> 6
[0, 1, 2, 3, 4, 5]
0.06451612903225806 0.06521739130434782
itercount --------> 1
[5, 0, 1]
0.06521739130434782 0.1
itercount --------> 2
[5, 2, 4]
0.1 0.125
itercount --------> 3
[2, 5, 6]
0.125 0.17857142857142858
itercount --------> 4
[5, 6, 2]
0.17857142857142858 0.1935483870967742
itercount --------> 5
[5, 0, 1]
0.1935483870967742 0.391304347826087
itercount --------> 6
[5, 7, 2]
[5, 7, 3]
[5, 7, 4]
0.391304347826087 0.41379310344827586
itercount --------> 7
[5, 2, 0]
0.41379310344827586 0.5217391304347826
itercount --------> 8
[5, 0, 1]
0.5217391304347826 0.5714285714285714
itercount --------> 9
[0, 1, 2]
[0, 1, 5]
[0, 1, 3]
[0, 1, 7]
[0, 1, 6]
[0, 1, 4]
0.5714285714285714 0.6
itercount --------> 10
[1, 5, 0]
[1, 5, 2]
0.6 0.631578947368421
itercount --------> 11
[0, 1, 2]
[0, 1, 5]
[0, 1, 3]
[0, 1, 7]
[0, 1, 4]
[0, 1, 6]
[0, 1, 2, 5]
[0, 1, 2, 3]
0.631578947368421 0.6666666666666666
itercount --------> 12
[0, 1, 2]
[0, 1, 3]
[0, 1, 5]
[0, 1, 7]
[0, 1, 4]
[0, 1, 6]
[0, 1, 2, 3]
[0, 1, 2, 5]
[0, 1, 2, 7]
[0, 1, 2, 4]
[0, 1, 2, 6]
[0, 1, 2, 3, 5]
[0, 1, 2, 3, 7]
[0, 1, 2, 3, 4]
[0, 1, 2, 3, 6]
[0, 1, 2, 3, 5, 7]
[0, 1, 2, 3, 5, 4]
[0, 1, 2, 3, 5, 6]
[0, 1, 2, 3, 5, 7, 4]
0.6666666666666666 0.75
itercount --------> 13
[0, 1, 2]
[0, 1, 5]
[0, 1, 3]
[0, 1, 4]
[0, 1, 6]
[0, 1, 7]
[0, 1, 2, 5]
[0, 1, 2, 3]
[0, 1, 2, 4]
[0, 1, 2, 6]
[0, 1, 2, 7]
0.75 0.7894736842105263
itercount --------> 14
[0, 1, 2]
[0, 1, 5]
[0, 1, 7]
[0, 1, 3]
[0, 1, 4]
[0, 1, 6]
[0, 1, 2, 5]
[0, 1, 2, 7]
[0, 1, 2, 3]
[0, 1, 2, 4]
[0, 1, 2, 6]
[0, 1, 2, 5, 7]
[0, 1, 2, 5, 3]
[0, 1, 2, 5, 4]
[0, 1, 2, 5, 6]
[0, 1, 2, 5, 7, 3]
[0, 1, 2, 5, 7, 4]
[0, 1, 2, 5, 7, 6]
[0, 1, 2, 5, 7, 3, 4]
[0, 1, 2, 5, 7, 3, 6]
[0, 1, 2, 5, 7, 3, 4, 6]
failed -> 48 times
after fail n ======> 7
[0, 1, 2, 3, 4, 5, 6]
0.06451612903225806 0.07894736842105263
itercount --------> 1
[0, 1, 2]
[0, 1, 3]
0.07894736842105263 0.11538461538461539
itercount --------> 2
[2, 3, 4]
[2, 3, 7]
0.11538461538461539 0.14814814814814814
itercount --------> 3
[4, 2, 0]
0.14814814814814814 0.21052631578947367
itercount --------> 4
[4, 3, 6]
0.21052631578947367 0.2631578947368421
itercount --------> 5
[0, 1, 2]
[0, 1, 3]
[0, 1, 4]
0.2631578947368421 0.3333333333333333
itercount --------> 6
[1, 7, 4]
0.3333333333333333 0.4583333333333333
itercount --------> 7
[1, 0, 7]
0.4583333333333333 0.4782608695652174
itercount --------> 8
[1, 7, 0]
[1, 7, 2]
0.4782608695652174 0.55
itercount --------> 9
[0, 1, 2]
[0, 1, 7]
[0, 1, 3]
[0, 1, 4]
[0, 1, 6]
[0, 1, 5]
[0, 1, 2, 7]
[0, 1, 2, 3]
0.55 0.5789473684210527
itercount --------> 10
[0, 1, 2]
[0, 1, 4]
[0, 1, 7]
[0, 1, 3]
[0, 1, 5]
[0, 1, 6]
0.5789473684210527 0.6111111111111112
itercount --------> 11
[0, 1, 2]
[0, 1, 7]
[0, 1, 5]
[0, 1, 4]
[0, 1, 3]
[0, 1, 6]
[0, 1, 2, 7]
[0, 1, 2, 5]
[0, 1, 2, 4]
[0, 1, 2, 3]
[0, 1, 2, 6]
[0, 1, 2, 7, 5]
[0, 1, 2, 7, 4]
0.6111111111111112 0.6666666666666666
itercount --------> 12
[0, 1, 2]
[0, 1, 7]
[0, 1, 5]
[0, 1, 3]
[0, 1, 4]
[0, 1, 6]
[0, 1, 2, 7]
[0, 1, 2, 5]
[0, 1, 2, 3]
[0, 1, 2, 4]
[0, 1, 2, 6]
[0, 1, 2, 7, 5]
[0, 1, 2, 7, 3]
[0, 1, 2, 7, 4]
[0, 1, 2, 7, 6]
[0, 1, 2, 7, 5, 3]
[0, 1, 2, 7, 5, 4]
[0, 1, 2, 7, 5, 6]
[0, 1, 2, 7, 5, 3, 4]
[0, 1, 2, 7, 5, 3, 6]
[0, 1, 2, 7, 5, 3, 4, 6]
failed -> 49 times
after fail n ======> 8
[0, 1, 2, 3, 4, 5, 6, 7]
0.06451612903225806 0.07547169811320754
itercount --------> 1
[0, 1, 2]
[0, 1, 3]
0.07547169811320754 0.13953488372093023
itercount --------> 2
[0, 2, 3]
[0, 2, 1]
0.13953488372093023 0.2222222222222222
itercount --------> 3
[0, 3, 7]
[0, 3, 4]
0.2222222222222222 0.22727272727272727
itercount --------> 4
[0, 4, 3]
0.22727272727272727 0.23333333333333334
itercount --------> 5
[0, 6, 7]
[0, 6, 3]
[0, 6, 4]
[0, 6, 1]
[0, 6, 2]
0.23333333333333334 0.27586206896551724
itercount --------> 6
[0, 7, 6]
0.27586206896551724 0.2916666666666667
itercount --------> 7
[0, 6, 3]
[0, 6, 1]
[0, 6, 2]
[0, 6, 7]
[0, 6, 4]
0.2916666666666667 0.3333333333333333
itercount --------> 8
[0, 1, 2]
[0, 1, 7]
0.3333333333333333 0.375
itercount --------> 9
[0, 1, 2]
[0, 1, 3]
0.375 0.3793103448275862
itercount --------> 10
[1, 0, 2]
0.3793103448275862 0.39285714285714285
itercount --------> 11
[1, 0, 2]
0.39285714285714285 0.4230769230769231
itercount --------> 12
[0, 1, 2]
[0, 1, 7]
[0, 1, 3]
[0, 1, 4]
0.4230769230769231 0.4782608695652174
itercount --------> 13
[0, 1, 2]
[0, 1, 3]
[0, 1, 4]
[0, 1, 7]
[0, 1, 5]
0.4782608695652174 0.5
itercount --------> 14
[0, 1, 2]
[0, 1, 7]
[0, 1, 3]
[0, 1, 4]
[0, 1, 5]
0.5 0.5263157894736842
itercount --------> 15
[0, 1, 2]
[0, 1, 3]
[0, 1, 4]
[0, 1, 7]
[0, 1, 6]
[0, 1, 5]
[0, 1, 2, 3]
[0, 1, 2, 4]
[0, 1, 2, 7]
[0, 1, 2, 6]
[0, 1, 2, 5]
0.5263157894736842 0.5555555555555556
itercount --------> 16
[3, 0, 1]
[3, 0, 2]
[3, 0, 5]
[3, 0, 4]
[3, 0, 7]
[3, 0, 6]
[3, 0, 1, 2]
[3, 0, 1, 5]
[3, 0, 1, 4]
[3, 0, 1, 7]
[3, 0, 1, 6]
[3, 0, 1, 2, 5]
[3, 0, 1, 2, 4]
0.5555555555555556 0.6111111111111112
itercount --------> 17
[3, 0, 1]
[3, 0, 2]
[3, 0, 5]
[3, 0, 7]
[3, 0, 4]
[3, 0, 6]
[3, 0, 1, 2]
[3, 0, 1, 5]
[3, 0, 1, 7]
0.6111111111111112 0.7894736842105263
itercount --------> 18
[0, 1, 2]
[0, 1, 5]
[0, 1, 7]
[0, 1, 3]
[0, 1, 4]
[0, 1, 6]
[0, 1, 2, 5]
[0, 1, 2, 7]
[0, 1, 2, 3]
[0, 1, 2, 4]
[0, 1, 2, 6]
[0, 1, 2, 5, 7]
[0, 1, 2, 5, 3]
[0, 1, 2, 5, 4]
[0, 1, 2, 5, 6]
[0, 1, 2, 5, 7, 3]
[0, 1, 2, 5, 7, 4]
[0, 1, 2, 5, 7, 6]
[0, 1, 2, 5, 7, 3, 4]
[0, 1, 2, 5, 7, 3, 6]
[0, 1, 2, 5, 7, 3, 4, 6]
failed -> 50 times
after fail n ======> 5
Runs with the maximum attractor JI -> [2, 16, 45]
