{0: 55, 1: 55, 2: 55, 3: 29, 6: 28, 5: 26, 4: 25, 7: 18}
[0, 1, 2]
0.07894736842105263 0.21428571428571427
itercount --------> 1
[6, 3, 5]
[6, 3, 4]
0.21428571428571427 0.25
itercount --------> 2
[6, 5, 0]
0.25 0.3076923076923077
itercount --------> 3
[6, 3, 5]
[6, 3, 7]
[6, 3, 4]
[6, 3, 0]
[6, 3, 1]
[6, 3, 2]
[6, 3, 5, 7]
0.3076923076923077 0.3103448275862069
itercount --------> 4
[5, 3, 6]
[5, 3, 7]
0.3103448275862069 0.36363636363636365
itercount --------> 5
[0, 1, 2]
[0, 1, 3]
[0, 1, 7]
[0, 1, 5]
[0, 1, 4]
[0, 1, 6]
[0, 1, 2, 3]
[0, 1, 2, 7]
[0, 1, 2, 5]
[0, 1, 2, 4]
[0, 1, 2, 6]
0.36363636363636365 0.4090909090909091
itercount --------> 6
[0, 1, 2]
[0, 1, 3]
0.4090909090909091 0.4166666666666667
itercount --------> 7
[1, 6, 3]
[1, 6, 5]
[1, 6, 4]
[1, 6, 0]
[1, 6, 2]
[1, 6, 7]
[1, 6, 3, 5]
0.4166666666666667 0.5
itercount --------> 8
[1, 6, 5]
[1, 6, 3]
[1, 6, 4]
[1, 6, 7]
[1, 6, 0]
[1, 6, 2]
[1, 6, 5, 3]
[1, 6, 5, 4]
[1, 6, 5, 7]
[1, 6, 5, 0]
[1, 6, 5, 2]
[1, 6, 5, 3, 4]
[1, 6, 5, 3, 7]
[1, 6, 5, 3, 0]
[1, 6, 5, 3, 2]
[1, 6, 5, 3, 4, 7]
[1, 6, 5, 3, 4, 0]
[1, 6, 5, 3, 4, 2]
0.5 0.5217391304347826
itercount --------> 9
[1, 6, 2]
[1, 6, 3]
[1, 6, 4]
[1, 6, 5]
[1, 6, 7]
[1, 6, 0]
[1, 6, 2, 3]
[1, 6, 2, 4]
[1, 6, 2, 5]
[1, 6, 2, 7]
0.5217391304347826 0.5238095238095238
itercount --------> 10
[1, 4, 3]
[1, 4, 5]
[1, 4, 6]
[1, 4, 7]
[1, 4, 0]
[1, 4, 2]
[1, 4, 3, 5]
[1, 4, 3, 6]
[1, 4, 3, 7]
[1, 4, 3, 0]
[1, 4, 3, 2]
[1, 4, 3, 5, 6]
[1, 4, 3, 5, 7]
[1, 4, 3, 5, 0]
[1, 4, 3, 5, 2]
[1, 4, 3, 5, 6, 7]
[1, 4, 3, 5, 6, 0]
[1, 4, 3, 5, 6, 2]
[1, 4, 3, 5, 6, 7, 0]
[1, 4, 3, 5, 6, 7, 2]
[1, 4, 3, 5, 6, 7, 0, 2]
failed Once
after fail n ======> 4
[0, 1, 2, 3]
0.07894736842105263 0.13333333333333333
itercount --------> 1
[3, 0, 4]
0.13333333333333333 0.14285714285714285
itercount --------> 2
[0, 3, 4]
[0, 3, 1]
[0, 3, 2]
[0, 3, 6]
[0, 3, 7]
[0, 3, 5]
0.14285714285714285 0.17391304347826086
itercount --------> 3
[3, 4, 0]
0.17391304347826086 0.2
itercount --------> 4
[3, 0, 5]
0.2 0.2857142857142857
itercount --------> 5
[0, 3, 6]
0.2857142857142857 0.2962962962962963
itercount --------> 6
[3, 6, 0]
[3, 6, 7]
[3, 6, 5]
[3, 6, 1]
[3, 6, 2]
[3, 6, 4]
[3, 6, 0, 7]
[3, 6, 0, 5]
[3, 6, 0, 1]
0.2962962962962963 0.34782608695652173
itercount --------> 7
[3, 6, 7]
[3, 6, 5]
[3, 6, 0]
0.34782608695652173 0.36363636363636365
itercount --------> 8
[3, 0, 5]
0.36363636363636365 0.375
itercount --------> 9
[3, 0, 6]
[3, 0, 7]
[3, 0, 5]
[3, 0, 1]
[3, 0, 2]
0.375 0.4090909090909091
itercount --------> 10
[0, 3, 5]
[0, 3, 1]
[0, 3, 2]
[0, 3, 6]
[0, 3, 7]
[0, 3, 4]
[0, 3, 5, 1]
[0, 3, 5, 2]
[0, 3, 5, 6]
[0, 3, 5, 7]
0.4090909090909091 0.45
itercount --------> 11
[0, 1, 2]
[0, 1, 6]
[0, 1, 3]
[0, 1, 7]
[0, 1, 5]
[0, 1, 4]
0.45 0.47368421052631576
itercount --------> 12
[0, 1, 2]
[0, 1, 5]
[0, 1, 3]
[0, 1, 7]
[0, 1, 6]
[0, 1, 4]
[0, 1, 2, 5]
[0, 1, 2, 3]
[0, 1, 2, 7]
[0, 1, 2, 6]
[0, 1, 2, 4]
[0, 1, 2, 5, 3]
[0, 1, 2, 5, 7]
[0, 1, 2, 5, 6]
[0, 1, 2, 5, 4]
[0, 1, 2, 5, 3, 7]
0.47368421052631576 0.5263157894736842
itercount --------> 13
[0, 1, 2]
[0, 1, 3]
[0, 1, 6]
0.5263157894736842 0.6363636363636364
itercount --------> 14
[0, 1, 2]
[0, 1, 6]
[0, 1, 7]
[0, 1, 4]
[0, 1, 3]
[0, 1, 5]
[0, 1, 2, 6]
0.6363636363636364 0.7
itercount --------> 15
[0, 1, 2]
[0, 1, 3]
[0, 1, 7]
[0, 1, 4]
[0, 1, 5]
[0, 1, 6]
[0, 1, 2, 3]
[0, 1, 2, 7]
[0, 1, 2, 4]
[0, 1, 2, 5]
[0, 1, 2, 6]
[0, 1, 2, 3, 7]
[0, 1, 2, 3, 4]
[0, 1, 2, 3, 5]
[0, 1, 2, 3, 6]
[0, 1, 2, 3, 7, 4]
[0, 1, 2, 3, 7, 5]
[0, 1, 2, 3, 7, 6]
[0, 1, 2, 3, 7, 4, 5]
0.7 0.7142857142857143
itercount --------> 16
[0, 1, 2]
[0, 1, 5]
[0, 1, 3]
[0, 1, 4]
0.7142857142857143 0.75
itercount --------> 17
[3, 5, 6]
[3, 5, 4]
[3, 5, 0]
[3, 5, 1]
[3, 5, 2]
[3, 5, 7]
[3, 5, 6, 4]
[3, 5, 6, 0]
[3, 5, 6, 1]
[3, 5, 6, 2]
[3, 5, 6, 7]
[3, 5, 6, 4, 0]
[3, 5, 6, 4, 1]
[3, 5, 6, 4, 2]
[3, 5, 6, 4, 7]
[3, 5, 6, 4, 0, 1]
[3, 5, 6, 4, 0, 2]
[3, 5, 6, 4, 0, 7]
[3, 5, 6, 4, 0, 1, 2]
[3, 5, 6, 4, 0, 1, 7]
[3, 5, 6, 4, 0, 1, 2, 7]
failed -> 2 times
after fail n ======> 5
[0, 1, 2, 3, 6]
0.07894736842105263 0.13333333333333333
itercount --------> 1
[3, 1, 4]
0.13333333333333333 0.18181818181818182
itercount --------> 2
[3, 4, 6]
[3, 4, 7]
0.18181818181818182 0.2
itercount --------> 3
[3, 7, 1]
[3, 7, 6]
[3, 7, 0]
[3, 7, 2]
[3, 7, 5]
0.2 0.20833333333333334
itercount --------> 4
[7, 3, 4]
[7, 3, 6]
[7, 3, 1]
[7, 3, 0]
[7, 3, 2]
[7, 3, 5]
[7, 3, 4, 6]
0.20833333333333334 0.25
itercount --------> 5
[3, 1, 7]
[3, 1, 4]
[3, 1, 6]
[3, 1, 0]
[3, 1, 2]
0.25 0.2727272727272727
itercount --------> 6
[3, 7, 4]
0.2727272727272727 0.2857142857142857
itercount --------> 7
[0, 1, 2]
[0, 1, 3]
0.2857142857142857 0.3333333333333333
itercount --------> 8
[0, 1, 2]
[0, 1, 3]
[0, 1, 6]
0.3333333333333333 0.3684210526315789
itercount --------> 9
[0, 1, 2]
[0, 1, 3]
[0, 1, 5]
[0, 1, 7]
[0, 1, 4]
[0, 1, 6]
[0, 1, 2, 3]
[0, 1, 2, 5]
[0, 1, 2, 7]
[0, 1, 2, 4]
[0, 1, 2, 6]
[0, 1, 2, 3, 5]
[0, 1, 2, 3, 7]
0.3684210526315789 0.391304347826087
itercount --------> 10
[3, 6, 7]
[3, 6, 5]
[3, 6, 4]
[3, 6, 0]
[3, 6, 1]
[3, 6, 2]
[3, 6, 7, 5]
[3, 6, 7, 4]
[3, 6, 7, 0]
[3, 6, 7, 1]
[3, 6, 7, 2]
[3, 6, 7, 5, 4]
0.391304347826087 0.52
itercount --------> 11
[3, 5, 7]
[3, 5, 6]
[3, 5, 0]
0.52 0.6521739130434783
itercount --------> 12
[3, 7, 5]
[3, 7, 0]
[3, 7, 1]
[3, 7, 2]
[3, 7, 6]
[3, 7, 4]
[3, 7, 5, 0]
0.6521739130434783 0.6666666666666666
itercount --------> 13
[3, 5, 6]
[3, 5, 7]
[3, 5, 0]
[3, 5, 1]
0.6666666666666666 0.7142857142857143
itercount --------> 14
[3, 5, 6]
[3, 5, 7]
[3, 5, 0]
[3, 5, 1]
[3, 5, 2]
[3, 5, 4]
[3, 5, 6, 7]
[3, 5, 6, 0]
[3, 5, 6, 1]
[3, 5, 6, 2]
[3, 5, 6, 4]
[3, 5, 6, 7, 0]
[3, 5, 6, 7, 1]
[3, 5, 6, 7, 2]
[3, 5, 6, 7, 4]
[3, 5, 6, 7, 0, 1]
[3, 5, 6, 7, 0, 2]
[3, 5, 6, 7, 0, 4]
[3, 5, 6, 7, 0, 1, 2]
[3, 5, 6, 7, 0, 1, 4]
[3, 5, 6, 7, 0, 1, 2, 4]
failed -> 3 times
after fail n ======> 6
[0, 1, 2, 3, 6, 5]
0.07894736842105263 0.08695652173913043
itercount --------> 1
[3, 0, 1]
0.08695652173913043 0.13333333333333333
itercount --------> 2
[3, 2, 4]
0.13333333333333333 0.1891891891891892
itercount --------> 3
[3, 2, 0]
0.1891891891891892 0.28
itercount --------> 4
[3, 0, 1]
[3, 0, 2]
[3, 0, 6]
[3, 0, 7]
[3, 0, 5]
[3, 0, 4]
0.28 0.30434782608695654
itercount --------> 5
[3, 6, 7]
[3, 6, 0]
[3, 6, 1]
[3, 6, 2]
[3, 6, 5]
[3, 6, 4]
[3, 6, 7, 0]
[3, 6, 7, 1]
[3, 6, 7, 2]
[3, 6, 7, 5]
[3, 6, 7, 4]
[3, 6, 7, 0, 1]
0.30434782608695654 0.3181818181818182
itercount --------> 6
[3, 7, 6]
[3, 7, 5]
[3, 7, 0]
[3, 7, 1]
[3, 7, 2]
[3, 7, 4]
[3, 7, 6, 5]
[3, 7, 6, 0]
[3, 7, 6, 1]
[3, 7, 6, 2]
[3, 7, 6, 4]
[3, 7, 6, 5, 0]
[3, 7, 6, 5, 1]
[3, 7, 6, 5, 2]
[3, 7, 6, 5, 4]
[3, 7, 6, 5, 0, 1]
[3, 7, 6, 5, 0, 2]
[3, 7, 6, 5, 0, 4]
[3, 7, 6, 5, 0, 1, 2]
[3, 7, 6, 5, 0, 1, 4]
[3, 7, 6, 5, 0, 1, 2, 4]
failed -> 4 times
after fail n ======> 7
[0, 1, 2, 3, 6, 5, 4]
0.07894736842105263 0.10810810810810811
itercount --------> 1
[0, 1, 2]
0.10810810810810811 0.19047619047619047
itercount --------> 2
[1, 0, 2]
[1, 0, 3]
0.19047619047619047 0.3076923076923077
itercount --------> 3
[3, 0, 1]
0.3076923076923077 0.3125
itercount --------> 4
[1, 3, 0]
[1, 3, 2]
[1, 3, 5]
[1, 3, 6]
0.3125 0.38461538461538464
itercount --------> 5
[1, 0, 2]
[1, 0, 3]
[1, 0, 7]
[1, 0, 5]
[1, 0, 6]
[1, 0, 4]
[1, 0, 2, 3]
[1, 0, 2, 7]
0.38461538461538464 0.42857142857142855
itercount --------> 6
[1, 3, 7]
0.42857142857142855 0.5714285714285714
itercount --------> 7
[1, 0, 2]
[1, 0, 5]
0.5714285714285714 0.6153846153846154
itercount --------> 8
[1, 0, 2]
[1, 0, 5]
[1, 0, 3]
[1, 0, 6]
[1, 0, 7]
[1, 0, 4]
[1, 0, 2, 5]
[1, 0, 2, 3]
[1, 0, 2, 6]
[1, 0, 2, 7]
[1, 0, 2, 4]
0.6153846153846154 0.6666666666666666
itercount --------> 9
[1, 0, 2]
[1, 0, 3]
[1, 0, 7]
[1, 0, 5]
[1, 0, 6]
[1, 0, 4]
[1, 0, 2, 3]
[1, 0, 2, 7]
[1, 0, 2, 5]
[1, 0, 2, 6]
[1, 0, 2, 4]
[1, 0, 2, 3, 7]
[1, 0, 2, 3, 5]
0.6666666666666666 0.7083333333333334
itercount --------> 10
[1, 0, 7]
[1, 0, 2]
[1, 0, 3]
[1, 0, 4]
[1, 0, 5]
[1, 0, 6]
[1, 0, 7, 2]
[1, 0, 7, 3]
[1, 0, 7, 4]
[1, 0, 7, 5]
[1, 0, 7, 6]
[1, 0, 7, 2, 3]
[1, 0, 7, 2, 4]
[1, 0, 7, 2, 5]
[1, 0, 7, 2, 6]
[1, 0, 7, 2, 3, 4]
[1, 0, 7, 2, 3, 5]
[1, 0, 7, 2, 3, 6]
[1, 0, 7, 2, 3, 4, 5]
[1, 0, 7, 2, 3, 4, 6]
[1, 0, 7, 2, 3, 4, 5, 6]
failed -> 5 times
after fail n ======> 8
[0, 1, 2, 3, 6, 5, 4, 7]
0.07894736842105263 0.13725490196078433
itercount --------> 1
[1, 0, 2]
[1, 0, 6]
0.13725490196078433 0.15625
itercount --------> 2
[1, 6, 7]
0.15625 0.2
itercount --------> 3
[7, 3, 4]
0.2 0.23076923076923078
itercount --------> 4
[7, 3, 4]
[7, 3, 6]
[7, 3, 0]
[7, 3, 1]
[7, 3, 2]
[7, 3, 5]
0.23076923076923078 0.28
itercount --------> 5
[0, 1, 2]
[0, 1, 7]
0.28 0.35
itercount --------> 6
[0, 1, 2]
[0, 1, 7]
[0, 1, 3]
[0, 1, 4]
[0, 1, 6]
[0, 1, 5]
[0, 1, 2, 7]
[0, 1, 2, 3]
[0, 1, 2, 4]
[0, 1, 2, 6]
[0, 1, 2, 5]
[0, 1, 2, 7, 3]
[0, 1, 2, 7, 4]
[0, 1, 2, 7, 6]
[0, 1, 2, 7, 5]
[0, 1, 2, 7, 3, 4]
0.35 0.38095238095238093
itercount --------> 7
[0, 1, 2]
[0, 1, 7]
[0, 1, 3]
[0, 1, 5]
[0, 1, 4]
[0, 1, 6]
[0, 1, 2, 7]
0.38095238095238093 0.45454545454545453
itercount --------> 8
[5, 7, 4]
[5, 7, 3]
[5, 7, 6]
[5, 7, 0]
[5, 7, 1]
[5, 7, 2]
[5, 7, 4, 3]
[5, 7, 4, 6]
0.45454545454545453 0.48
itercount --------> 9
[5, 6, 7]
[5, 6, 0]
0.48 0.5
itercount --------> 10
[5, 3, 4]
[5, 3, 0]
[5, 3, 1]
[5, 3, 2]
[5, 3, 7]
[5, 3, 6]
0.5 0.5384615384615384
itercount --------> 11
[0, 1, 2]
[0, 1, 4]
0.5384615384615384 0.56
itercount --------> 12
[0, 4, 5]
[0, 4, 2]
[0, 4, 3]
[0, 4, 7]
[0, 4, 1]
[0, 4, 6]
[0, 4, 5, 2]
[0, 4, 5, 3]
[0, 4, 5, 7]
[0, 4, 5, 1]
[0, 4, 5, 6]
[0, 4, 5, 2, 3]
[0, 4, 5, 2, 7]
[0, 4, 5, 2, 1]
[0, 4, 5, 2, 6]
[0, 4, 5, 2, 3, 7]
[0, 4, 5, 2, 3, 1]
[0, 4, 5, 2, 3, 6]
[0, 4, 5, 2, 3, 7, 1]
[0, 4, 5, 2, 3, 7, 6]
[0, 4, 5, 2, 3, 7, 1, 6]
failed -> 6 times
after fail n ======> 5
[0, 1, 2, 3, 6]
0.07894736842105263 0.13636363636363635
itercount --------> 1
[1, 0, 2]
[1, 0, 3]
0.13636363636363635 0.18181818181818182
itercount --------> 2
[3, 4, 6]
0.18181818181818182 0.2692307692307692
itercount --------> 3
[3, 1, 6]
[3, 1, 0]
[3, 1, 2]
0.2692307692307692 0.28
itercount --------> 4
[3, 0, 2]
[3, 0, 1]
[3, 0, 6]
[3, 0, 7]
0.28 0.30434782608695654
itercount --------> 5
[3, 7, 6]
[3, 7, 0]
0.30434782608695654 0.3235294117647059
itercount --------> 6
[3, 6, 1]
[3, 6, 0]
[3, 6, 7]
[3, 6, 5]
[3, 6, 4]
[3, 6, 2]
[3, 6, 1, 0]
0.3235294117647059 0.4583333333333333
itercount --------> 7
[3, 6, 5]
[3, 6, 7]
[3, 6, 4]
[3, 6, 0]
[3, 6, 1]
[3, 6, 2]
[3, 6, 5, 7]
[3, 6, 5, 4]
0.4583333333333333 0.5384615384615384
itercount --------> 8
[6, 5, 7]
[6, 5, 3]
[6, 5, 0]
0.5384615384615384 0.7142857142857143
itercount --------> 9
[3, 5, 6]
[3, 5, 7]
[3, 5, 0]
[3, 5, 1]
[3, 5, 2]
[3, 5, 4]
[3, 5, 6, 7]
[3, 5, 6, 0]
[3, 5, 6, 1]
[3, 5, 6, 2]
[3, 5, 6, 4]
[3, 5, 6, 7, 0]
[3, 5, 6, 7, 1]
[3, 5, 6, 7, 2]
[3, 5, 6, 7, 4]
[3, 5, 6, 7, 0, 1]
[3, 5, 6, 7, 0, 2]
[3, 5, 6, 7, 0, 4]
0.7142857142857143 0.7272727272727273
itercount --------> 10
[3, 4, 5]
[3, 4, 6]
[3, 4, 7]
[3, 4, 0]
[3, 4, 1]
[3, 4, 2]
[3, 4, 5, 6]
[3, 4, 5, 7]
[3, 4, 5, 0]
[3, 4, 5, 1]
[3, 4, 5, 2]
[3, 4, 5, 6, 7]
[3, 4, 5, 6, 0]
[3, 4, 5, 6, 1]
[3, 4, 5, 6, 2]
[3, 4, 5, 6, 7, 0]
[3, 4, 5, 6, 7, 1]
[3, 4, 5, 6, 7, 2]
[3, 4, 5, 6, 7, 0, 1]
[3, 4, 5, 6, 7, 0, 2]
[3, 4, 5, 6, 7, 0, 1, 2]
failed -> 7 times
after fail n ======> 6
[0, 1, 2, 3, 6, 5]
0.07894736842105263 0.10204081632653061
itercount --------> 1
[2, 0, 1]
0.10204081632653061 0.16129032258064516
itercount --------> 2
[1, 3, 4]
0.16129032258064516 0.16666666666666666
itercount --------> 3
[1, 3, 4]
0.16666666666666666 0.1724137931034483
itercount --------> 4
[1, 3, 4]
0.1724137931034483 0.18181818181818182
itercount --------> 5
[4, 3, 0]
0.18181818181818182 0.19230769230769232
itercount --------> 6
[1, 3, 4]
[1, 3, 0]
0.19230769230769232 0.23809523809523808
itercount --------> 7
[3, 4, 6]
[3, 4, 7]
[3, 4, 0]
0.23809523809523808 0.32
itercount --------> 8
[3, 6, 0]
[3, 6, 7]
[3, 6, 1]
[3, 6, 2]
[3, 6, 5]
[3, 6, 4]
[3, 6, 0, 7]
[3, 6, 0, 1]
0.32 0.36363636363636365
itercount --------> 9
[3, 6, 7]
[3, 6, 0]
[3, 6, 1]
[3, 6, 2]
[3, 6, 5]
[3, 6, 4]
[3, 6, 7, 0]
[3, 6, 7, 1]
[3, 6, 7, 2]
[3, 6, 7, 5]
0.36363636363636365 0.3684210526315789
itercount --------> 10
[0, 1, 2]
[0, 1, 3]
[0, 1, 5]
[0, 1, 7]
[0, 1, 4]
[0, 1, 6]
[0, 1, 2, 3]
[0, 1, 2, 5]
[0, 1, 2, 7]
0.3684210526315789 0.38095238095238093
itercount --------> 11
[3, 7, 4]
[3, 7, 5]
[3, 7, 6]
[3, 7, 0]
[3, 7, 1]
[3, 7, 2]
[3, 7, 4, 5]
[3, 7, 4, 6]
0.38095238095238093 0.45454545454545453
itercount --------> 12
[3, 7, 5]
[3, 7, 6]
0.45454545454545453 0.47619047619047616
itercount --------> 13
[3, 7, 4]
[3, 7, 5]
[3, 7, 6]
[3, 7, 0]
[3, 7, 1]
[3, 7, 2]
[3, 7, 4, 5]
[3, 7, 4, 6]
[3, 7, 4, 0]
0.47619047619047616 0.4782608695652174
itercount --------> 14
[3, 5, 7]
[3, 5, 4]
[3, 5, 6]
[3, 5, 0]
[3, 5, 1]
[3, 5, 2]
[3, 5, 7, 4]
[3, 5, 7, 6]
[3, 5, 7, 0]
[3, 5, 7, 1]
[3, 5, 7, 2]
0.4782608695652174 0.5217391304347826
itercount --------> 15
[3, 4, 6]
[3, 4, 5]
[3, 4, 7]
[3, 4, 0]
[3, 4, 1]
[3, 4, 2]
[3, 4, 6, 5]
[3, 4, 6, 7]
[3, 4, 6, 0]
[3, 4, 6, 1]
[3, 4, 6, 2]
[3, 4, 6, 5, 7]
[3, 4, 6, 5, 0]
0.5217391304347826 0.55
itercount --------> 16
[6, 4, 3]
[6, 4, 7]
[6, 4, 5]
[6, 4, 0]
[6, 4, 1]
[6, 4, 2]
[6, 4, 3, 7]
[6, 4, 3, 5]
[6, 4, 3, 0]
[6, 4, 3, 1]
[6, 4, 3, 2]
[6, 4, 3, 7, 5]
[6, 4, 3, 7, 0]
[6, 4, 3, 7, 1]
[6, 4, 3, 7, 2]
[6, 4, 3, 7, 5, 0]
[6, 4, 3, 7, 5, 1]
[6, 4, 3, 7, 5, 2]
[6, 4, 3, 7, 5, 0, 1]
[6, 4, 3, 7, 5, 0, 2]
[6, 4, 3, 7, 5, 0, 1, 2]
failed -> 8 times
after fail n ======> 7
[0, 1, 2, 3, 6, 5, 4]
0.07894736842105263 0.1076923076923077
itercount --------> 1
[0, 1, 5]
0.1076923076923077 0.13636363636363635
itercount --------> 2
[0, 1, 2]
0.13636363636363635 0.21428571428571427
itercount --------> 3
[6, 3, 5]
[6, 3, 4]
0.21428571428571427 0.25
itercount --------> 4
[6, 5, 0]
0.25 0.2631578947368421
itercount --------> 5
[5, 6, 3]
[5, 6, 7]
[5, 6, 0]
0.2631578947368421 0.2727272727272727
itercount --------> 6
[6, 3, 7]
[6, 3, 5]
0.2727272727272727 0.30434782608695654
itercount --------> 7
[6, 5, 4]
0.30434782608695654 0.32
itercount --------> 8
[5, 6, 3]
[5, 6, 4]
0.32 0.3333333333333333
itercount --------> 9
[0, 1, 2]
[0, 1, 3]
[0, 1, 5]
[0, 1, 6]
[0, 1, 7]
[0, 1, 4]
[0, 1, 2, 3]
[0, 1, 2, 5]
0.3333333333333333 0.34615384615384615
itercount --------> 10
[5, 3, 6]
[5, 3, 7]
0.34615384615384615 0.4
itercount --------> 11
[0, 1, 2]
[0, 1, 5]
[0, 1, 3]
0.4 0.42105263157894735
itercount --------> 12
[5, 0, 1]
[5, 0, 2]
[5, 0, 7]
[5, 0, 3]
[5, 0, 6]
0.42105263157894735 0.47368421052631576
itercount --------> 13
[5, 7, 3]
0.47368421052631576 0.5238095238095238
itercount --------> 14
[5, 4, 3]
0.5238095238095238 0.7272727272727273
itercount --------> 15
[3, 5, 6]
[3, 5, 7]
[3, 5, 0]
[3, 5, 1]
[3, 5, 2]
[3, 5, 4]
[3, 5, 6, 7]
[3, 5, 6, 0]
[3, 5, 6, 1]
[3, 5, 6, 2]
[3, 5, 6, 4]
[3, 5, 6, 7, 0]
[3, 5, 6, 7, 1]
[3, 5, 6, 7, 2]
[3, 5, 6, 7, 4]
[3, 5, 6, 7, 0, 1]
[3, 5, 6, 7, 0, 2]
[3, 5, 6, 7, 0, 4]
[3, 5, 6, 7, 0, 1, 2]
[3, 5, 6, 7, 0, 1, 4]
[3, 5, 6, 7, 0, 1, 2, 4]
failed -> 9 times
after fail n ======> 8
[0, 1, 2, 3, 6, 5, 4, 7]
0.07894736842105263 0.0967741935483871
itercount --------> 1
[3, 2, 6]
0.0967741935483871 0.13636363636363635
itercount --------> 2
[2, 0, 1]
[2, 0, 3]
0.13636363636363635 0.21428571428571427
itercount --------> 3
[6, 3, 5]
[6, 3, 4]
[6, 3, 7]
0.21428571428571427 0.23076923076923078
itercount --------> 4
[7, 6, 4]
0.23076923076923078 0.25925925925925924
itercount --------> 5
[7, 6, 0]
0.25925925925925924 0.3333333333333333
itercount --------> 6
[6, 7, 5]
[6, 7, 3]
0.3333333333333333 0.4583333333333333
itercount --------> 7
[6, 3, 7]
[6, 3, 5]
[6, 3, 4]
[6, 3, 0]
[6, 3, 1]
[6, 3, 2]
[6, 3, 7, 5]
[6, 3, 7, 4]
[6, 3, 7, 0]
[6, 3, 7, 1]
[6, 3, 7, 2]
[6, 3, 7, 5, 4]
0.4583333333333333 0.5384615384615384
itercount --------> 8
[5, 6, 7]
[5, 6, 3]
[5, 6, 0]
0.5384615384615384 0.6363636363636364
itercount --------> 9
[6, 5, 3]
[6, 5, 7]
[6, 5, 0]
0.6363636363636364 0.7142857142857143
itercount --------> 10
[5, 3, 6]
[5, 3, 7]
[5, 3, 0]
[5, 3, 1]
[5, 3, 2]
[5, 3, 4]
[5, 3, 6, 7]
[5, 3, 6, 0]
[5, 3, 6, 1]
[5, 3, 6, 2]
[5, 3, 6, 4]
[5, 3, 6, 7, 0]
[5, 3, 6, 7, 1]
[5, 3, 6, 7, 2]
[5, 3, 6, 7, 4]
[5, 3, 6, 7, 0, 1]
[5, 3, 6, 7, 0, 2]
[5, 3, 6, 7, 0, 4]
[5, 3, 6, 7, 0, 1, 2]
[5, 3, 6, 7, 0, 1, 4]
[5, 3, 6, 7, 0, 1, 2, 4]
failed -> 10 times
after fail n ======> 5
[0, 1, 2, 3, 6]
0.07894736842105263 0.13333333333333333
itercount --------> 1
[3, 0, 4]
0.13333333333333333 0.25925925925925924
itercount --------> 2
[3, 0, 6]
[3, 0, 7]
[3, 0, 1]
0.25925925925925924 0.30434782608695654
itercount --------> 3
[3, 6, 7]
[3, 6, 0]
[3, 6, 1]
[3, 6, 2]
[3, 6, 5]
[3, 6, 4]
[3, 6, 7, 0]
0.30434782608695654 0.3181818181818182
itercount --------> 4
[3, 0, 1]
[3, 0, 2]
0.3181818181818182 0.39285714285714285
itercount --------> 5
[6, 0, 5]
[6, 0, 3]
[6, 0, 7]
[6, 0, 2]
[6, 0, 4]
[6, 0, 1]
[6, 0, 5, 3]
0.39285714285714285 0.48
itercount --------> 6
[6, 0, 5]
[6, 0, 7]
[6, 0, 3]
[6, 0, 4]
[6, 0, 2]
0.48 0.5
itercount --------> 7
[0, 3, 2]
[0, 3, 7]
[0, 3, 4]
[0, 3, 6]
0.5 0.53125
itercount --------> 8
[2, 0, 1]
[2, 0, 6]
[2, 0, 5]
0.53125 0.5555555555555556
itercount --------> 9
[0, 2, 1]
[0, 2, 5]
[0, 2, 6]
[0, 2, 3]
[0, 2, 7]
[0, 2, 4]
[0, 2, 1, 5]
0.5555555555555556 0.5833333333333334
itercount --------> 10
[0, 2, 1]
[0, 2, 5]
0.5833333333333334 0.6086956521739131
itercount --------> 11
[0, 1, 2]
[0, 1, 5]
[0, 1, 6]
[0, 1, 3]
[0, 1, 7]
[0, 1, 4]
[0, 1, 2, 5]
[0, 1, 2, 6]
0.6086956521739131 0.6363636363636364
itercount --------> 12
[5, 0, 1]
[5, 0, 2]
[5, 0, 3]
[5, 0, 6]
[5, 0, 7]
[5, 0, 4]
[5, 0, 1, 2]
[5, 0, 1, 3]
0.6363636363636364 0.6666666666666666
itercount --------> 13
[5, 6, 7]
[5, 6, 3]
[5, 6, 0]
[5, 6, 1]
[5, 6, 2]
[5, 6, 4]
[5, 6, 7, 3]
[5, 6, 7, 0]
[5, 6, 7, 1]
[5, 6, 7, 2]
[5, 6, 7, 4]
[5, 6, 7, 3, 0]
[5, 6, 7, 3, 1]
[5, 6, 7, 3, 2]
[5, 6, 7, 3, 4]
[5, 6, 7, 3, 0, 1]
[5, 6, 7, 3, 0, 2]
[5, 6, 7, 3, 0, 4]
[5, 6, 7, 3, 0, 1, 2]
[5, 6, 7, 3, 0, 1, 4]
[5, 6, 7, 3, 0, 1, 2, 4]
failed -> 11 times
after fail n ======> 6
[0, 1, 2, 3, 6, 5]
0.07894736842105263 0.10526315789473684
itercount --------> 1
[1, 3, 5]
0.10526315789473684 0.12195121951219512
itercount --------> 2
[1, 5, 4]
0.12195121951219512 0.14285714285714285
itercount --------> 3
[1, 5, 0]
0.14285714285714285 0.15384615384615385
itercount --------> 4
[1, 4, 3]
0.15384615384615385 0.19230769230769232
itercount --------> 5
[1, 3, 4]
0.19230769230769232 0.2608695652173913
itercount --------> 6
[1, 0, 2]
0.2608695652173913 0.2857142857142857
itercount --------> 7
[0, 1, 2]
[0, 1, 5]
0.2857142857142857 0.3181818181818182
itercount --------> 8
[1, 7, 3]
0.3181818181818182 0.38095238095238093
itercount --------> 9
[1, 4, 7]
0.38095238095238093 0.4090909090909091
itercount --------> 10
[1, 3, 7]
0.4090909090909091 0.4782608695652174
itercount --------> 11
[1, 0, 2]
0.4782608695652174 0.5217391304347826
itercount --------> 12
[1, 0, 2]
[1, 0, 3]
[1, 0, 7]
0.5217391304347826 0.5454545454545454
itercount --------> 13
[1, 3, 0]
[1, 3, 2]
0.5454545454545454 0.5714285714285714
itercount --------> 14
[1, 3, 4]
0.5714285714285714 0.6666666666666666
itercount --------> 15
[1, 3, 5]
[1, 3, 6]
[1, 3, 0]
[1, 3, 2]
[1, 3, 4]
[1, 3, 7]
[1, 3, 5, 6]
[1, 3, 5, 0]
0.6666666666666666 0.7
itercount --------> 16
[0, 1, 2]
[0, 1, 3]
[0, 1, 7]
[0, 1, 4]
[0, 1, 5]
[0, 1, 6]
[0, 1, 2, 3]
[0, 1, 2, 7]
[0, 1, 2, 4]
[0, 1, 2, 5]
[0, 1, 2, 6]
[0, 1, 2, 3, 7]
[0, 1, 2, 3, 4]
[0, 1, 2, 3, 5]
[0, 1, 2, 3, 6]
[0, 1, 2, 3, 7, 4]
[0, 1, 2, 3, 7, 5]
[0, 1, 2, 3, 7, 6]
[0, 1, 2, 3, 7, 4, 5]
[0, 1, 2, 3, 7, 4, 6]
[0, 1, 2, 3, 7, 4, 5, 6]
failed -> 12 times
after fail n ======> 7
[0, 1, 2, 3, 6, 5, 4]
0.07894736842105263 0.08433734939759036
itercount --------> 1
[2, 0, 1]
[2, 0, 6]
0.08433734939759036 0.14814814814814814
itercount --------> 2
[0, 1, 2]
0.14814814814814814 0.27586206896551724
itercount --------> 3
[0, 2, 1]
[0, 2, 3]
0.27586206896551724 0.3333333333333333
itercount --------> 4
[0, 2, 1]
[0, 2, 3]
[0, 2, 6]
0.3333333333333333 0.375
itercount --------> 5
[0, 2, 6]
0.375 0.4
itercount --------> 6
[2, 6, 3]
[2, 6, 0]
[2, 6, 5]
[2, 6, 7]
[2, 6, 1]
[2, 6, 4]
[2, 6, 3, 0]
[2, 6, 3, 5]
[2, 6, 3, 7]
0.4 0.4074074074074074
itercount --------> 7
[2, 6, 0]
[2, 6, 7]
[2, 6, 1]
[2, 6, 4]
[2, 6, 5]
0.4074074074074074 0.42857142857142855
itercount --------> 8
[3, 6, 5]
0.42857142857142855 0.5217391304347826
itercount --------> 9
[0, 1, 2]
[0, 1, 3]
[0, 1, 5]
[0, 1, 6]
[0, 1, 4]
[0, 1, 7]
[0, 1, 2, 3]
[0, 1, 2, 5]
[0, 1, 2, 6]
[0, 1, 2, 4]
0.5217391304347826 0.5714285714285714
itercount --------> 10
[6, 7, 0]
[6, 7, 3]
0.5714285714285714 0.5925925925925926
itercount --------> 11
[0, 2, 6]
0.5925925925925926 0.625
itercount --------> 12
[0, 6, 3]
[0, 6, 5]
[0, 6, 7]
[0, 6, 4]
[0, 6, 1]
[0, 6, 2]
[0, 6, 3, 5]
[0, 6, 3, 7]
[0, 6, 3, 4]
[0, 6, 3, 1]
[0, 6, 3, 2]
[0, 6, 3, 5, 7]
[0, 6, 3, 5, 4]
[0, 6, 3, 5, 1]
[0, 6, 3, 5, 2]
[0, 6, 3, 5, 7, 4]
[0, 6, 3, 5, 7, 1]
[0, 6, 3, 5, 7, 2]
0.625 0.6818181818181818
itercount --------> 13
[0, 3, 6]
[0, 3, 5]
[0, 3, 7]
[0, 3, 1]
[0, 3, 2]
[0, 3, 4]
[0, 3, 6, 5]
[0, 3, 6, 7]
[0, 3, 6, 1]
[0, 3, 6, 2]
[0, 3, 6, 4]
[0, 3, 6, 5, 7]
[0, 3, 6, 5, 1]
[0, 3, 6, 5, 2]
[0, 3, 6, 5, 4]
[0, 3, 6, 5, 7, 1]
[0, 3, 6, 5, 7, 2]
[0, 3, 6, 5, 7, 4]
[0, 3, 6, 5, 7, 1, 2]
[0, 3, 6, 5, 7, 1, 4]
0.6818181818181818 0.6956521739130435
itercount --------> 14
[0, 1, 2]
[0, 1, 3]
[0, 1, 5]
[0, 1, 6]
[0, 1, 7]
[0, 1, 4]
[0, 1, 2, 3]
[0, 1, 2, 5]
[0, 1, 2, 6]
[0, 1, 2, 7]
[0, 1, 2, 4]
0.6956521739130435 0.7272727272727273
itercount --------> 15
[0, 3, 5]
[0, 3, 6]
[0, 3, 7]
[0, 3, 1]
[0, 3, 2]
[0, 3, 4]
[0, 3, 5, 6]
[0, 3, 5, 7]
[0, 3, 5, 1]
[0, 3, 5, 2]
[0, 3, 5, 4]
[0, 3, 5, 6, 7]
[0, 3, 5, 6, 1]
[0, 3, 5, 6, 2]
[0, 3, 5, 6, 4]
[0, 3, 5, 6, 7, 1]
[0, 3, 5, 6, 7, 2]
[0, 3, 5, 6, 7, 4]
[0, 3, 5, 6, 7, 1, 2]
[0, 3, 5, 6, 7, 1, 4]
0.7272727272727273 0.7391304347826086
itercount --------> 16
[0, 3, 7]
[0, 3, 1]
[0, 3, 5]
[0, 3, 6]
[0, 3, 2]
[0, 3, 4]
[0, 3, 7, 1]
[0, 3, 7, 5]
[0, 3, 7, 6]
[0, 3, 7, 2]
[0, 3, 7, 4]
[0, 3, 7, 1, 5]
[0, 3, 7, 1, 6]
[0, 3, 7, 1, 2]
[0, 3, 7, 1, 4]
[0, 3, 7, 1, 5, 6]
[0, 3, 7, 1, 5, 2]
[0, 3, 7, 1, 5, 4]
[0, 3, 7, 1, 5, 6, 2]
[0, 3, 7, 1, 5, 6, 4]
[0, 3, 7, 1, 5, 6, 2, 4]
failed -> 13 times
after fail n ======> 8
[0, 1, 2, 3, 6, 5, 4, 7]
0.07894736842105263 0.08196721311475409
itercount --------> 1
[1, 0, 2]
0.08196721311475409 0.16
itercount --------> 2
[0, 1, 3]
0.16 0.2631578947368421
itercount --------> 3
[0, 1, 3]
[0, 1, 7]
[0, 1, 6]
[0, 1, 2]
[0, 1, 5]
[0, 1, 4]
[0, 1, 3, 7]
0.2631578947368421 0.27586206896551724
itercount --------> 4
[0, 1, 6]
[0, 1, 7]
[0, 1, 3]
[0, 1, 2]
0.27586206896551724 0.2962962962962963
itercount --------> 5
[1, 0, 6]
0.2962962962962963 0.3548387096774194
itercount --------> 6
[0, 2, 1]
0.3548387096774194 0.39285714285714285
itercount --------> 7
[0, 6, 1]
[0, 6, 7]
[0, 6, 2]
0.39285714285714285 0.4230769230769231
itercount --------> 8
[0, 1, 6]
0.4230769230769231 0.44
itercount --------> 9
[6, 0, 1]
[6, 0, 7]
[6, 0, 2]
[6, 0, 4]
[6, 0, 5]
0.44 0.45
itercount --------> 10
[0, 1, 2]
[0, 1, 7]
[0, 1, 3]
[0, 1, 5]
0.45 0.4782608695652174
itercount --------> 11
[6, 1, 7]
[6, 1, 4]
[6, 1, 5]
[6, 1, 0]
[6, 1, 2]
[6, 1, 3]
[6, 1, 7, 4]
[6, 1, 7, 5]
[6, 1, 7, 0]
[6, 1, 7, 2]
[6, 1, 7, 3]
[6, 1, 7, 4, 5]
[6, 1, 7, 4, 0]
[6, 1, 7, 4, 2]
[6, 1, 7, 4, 3]
[6, 1, 7, 4, 5, 0]
0.4782608695652174 0.5
itercount --------> 12
[6, 7, 5]
[6, 7, 1]
[6, 7, 0]
[6, 7, 2]
[6, 7, 4]
[6, 7, 3]
[6, 7, 5, 1]
[6, 7, 5, 0]
[6, 7, 5, 2]
[6, 7, 5, 4]
[6, 7, 5, 3]
[6, 7, 5, 1, 0]
[6, 7, 5, 1, 2]
[6, 7, 5, 1, 4]
[6, 7, 5, 1, 3]
[6, 7, 5, 1, 0, 2]
0.5 0.5263157894736842
itercount --------> 13
[0, 1, 2]
[0, 1, 5]
[0, 1, 3]
[0, 1, 7]
[0, 1, 6]
[0, 1, 4]
[0, 1, 2, 5]
[0, 1, 2, 3]
[0, 1, 2, 7]
[0, 1, 2, 6]
[0, 1, 2, 4]
[0, 1, 2, 5, 3]
[0, 1, 2, 5, 7]
[0, 1, 2, 5, 6]
[0, 1, 2, 5, 4]
[0, 1, 2, 5, 3, 7]
[0, 1, 2, 5, 3, 6]
[0, 1, 2, 5, 3, 4]
[0, 1, 2, 5, 3, 7, 6]
[0, 1, 2, 5, 3, 7, 4]
[0, 1, 2, 5, 3, 7, 6, 4]
0.5263157894736842 0.55
itercount --------> 14
[7, 5, 3]
[7, 5, 6]
[7, 5, 4]
[7, 5, 0]
[7, 5, 1]
[7, 5, 2]
[7, 5, 3, 6]
0.55 0.65
itercount --------> 15
[7, 5, 3]
[7, 5, 4]
[7, 5, 0]
[7, 5, 1]
[7, 5, 2]
[7, 5, 6]
[7, 5, 3, 4]
[7, 5, 3, 0]
[7, 5, 3, 1]
[7, 5, 3, 2]
[7, 5, 3, 6]
[7, 5, 3, 4, 0]
[7, 5, 3, 4, 1]
[7, 5, 3, 4, 2]
[7, 5, 3, 4, 6]
[7, 5, 3, 4, 0, 1]
[7, 5, 3, 4, 0, 2]
[7, 5, 3, 4, 0, 6]
[7, 5, 3, 4, 0, 1, 2]
[7, 5, 3, 4, 0, 1, 6]
[7, 5, 3, 4, 0, 1, 2, 6]
failed -> 14 times
after fail n ======> 5
[0, 1, 2, 3, 6]
0.07894736842105263 0.14814814814814814
itercount --------> 1
[1, 0, 2]
0.14814814814814814 0.25
itercount --------> 2
[1, 5, 0]
0.25 0.2962962962962963
itercount --------> 3
[5, 0, 1]
[5, 0, 2]
[5, 0, 6]
[5, 0, 3]
[5, 0, 4]
0.2962962962962963 0.375
itercount --------> 4
[0, 1, 6]
[0, 1, 3]
0.375 0.3793103448275862
itercount --------> 5
[3, 6, 0]
[3, 6, 5]
[3, 6, 7]
[3, 6, 4]
[3, 6, 1]
[3, 6, 2]
0.3793103448275862 0.3870967741935484
itercount --------> 6
[2, 0, 3]
[2, 0, 6]
[2, 0, 7]
0.3870967741935484 0.39285714285714285
itercount --------> 7
[0, 2, 7]
[0, 2, 3]
[0, 2, 6]
[0, 2, 4]
[0, 2, 1]
[0, 2, 5]
[0, 2, 7, 3]
0.39285714285714285 0.4
itercount --------> 8
[2, 7, 0]
[2, 7, 3]
[2, 7, 6]
[2, 7, 5]
0.4 0.4782608695652174
itercount --------> 9
[0, 7, 2]
[0, 7, 3]
[0, 7, 1]
[0, 7, 4]
[0, 7, 5]
[0, 7, 6]
[0, 7, 2, 3]
0.4782608695652174 0.5416666666666666
itercount --------> 10
[0, 2, 5]
0.5416666666666666 0.5454545454545454
itercount --------> 11
[0, 2, 1]
[0, 2, 6]
0.5454545454545454 0.5714285714285714
itercount --------> 12
[0, 5, 6]
[0, 5, 3]
0.5714285714285714 0.6842105263157895
itercount --------> 13
[0, 1, 2]
[0, 1, 3]
[0, 1, 5]
[0, 1, 6]
[0, 1, 7]
[0, 1, 4]
[0, 1, 2, 3]
[0, 1, 2, 5]
[0, 1, 2, 6]
[0, 1, 2, 7]
[0, 1, 2, 4]
[0, 1, 2, 3, 5]
[0, 1, 2, 3, 6]
0.6842105263157895 0.7142857142857143
itercount --------> 14
[3, 5, 6]
[3, 5, 7]
[3, 5, 0]
[3, 5, 1]
[3, 5, 2]
[3, 5, 4]
[3, 5, 6, 7]
[3, 5, 6, 0]
[3, 5, 6, 1]
[3, 5, 6, 2]
[3, 5, 6, 4]
[3, 5, 6, 7, 0]
[3, 5, 6, 7, 1]
[3, 5, 6, 7, 2]
[3, 5, 6, 7, 4]
[3, 5, 6, 7, 0, 1]
[3, 5, 6, 7, 0, 2]
[3, 5, 6, 7, 0, 4]
[3, 5, 6, 7, 0, 1, 2]
[3, 5, 6, 7, 0, 1, 4]
[3, 5, 6, 7, 0, 1, 2, 4]
failed -> 15 times
after fail n ======> 6
[0, 1, 2, 3, 6, 5]
0.07894736842105263 0.08695652173913043
itercount --------> 1
[2, 0, 1]
[2, 0, 3]
[2, 0, 4]
0.08695652173913043 0.13333333333333333
itercount --------> 2
[1, 4, 3]
[1, 4, 0]
0.13333333333333333 0.18181818181818182
itercount --------> 3
[4, 3, 6]
[4, 3, 7]
[4, 3, 0]
0.18181818181818182 0.19047619047619047
itercount --------> 4
[4, 3, 6]
[4, 3, 7]
[4, 3, 5]
[4, 3, 0]
[4, 3, 1]
0.19047619047619047 0.2222222222222222
itercount --------> 5
[3, 1, 6]
0.2222222222222222 0.22727272727272727
itercount --------> 6
[3, 1, 6]
[3, 1, 5]
0.22727272727272727 0.2608695652173913
itercount --------> 7
[3, 1, 6]
[3, 1, 7]
[3, 1, 5]
0.2608695652173913 0.2962962962962963
itercount --------> 8
[3, 1, 6]
[3, 1, 5]
[3, 1, 7]
0.2962962962962963 0.3
itercount --------> 9
[1, 3, 7]
0.3 0.4
itercount --------> 10
[3, 1, 5]
[3, 1, 6]
[3, 1, 7]
[3, 1, 4]
[3, 1, 0]
0.4 0.4782608695652174
itercount --------> 11
[3, 6, 7]
[3, 6, 1]
[3, 6, 5]
[3, 6, 0]
[3, 6, 2]
[3, 6, 4]
[3, 6, 7, 1]
[3, 6, 7, 5]
[3, 6, 7, 0]
[3, 6, 7, 2]
[3, 6, 7, 4]
[3, 6, 7, 1, 5]
[3, 6, 7, 1, 0]
0.4782608695652174 0.5
itercount --------> 12
[3, 7, 6]
[3, 7, 5]
[3, 7, 4]
[3, 7, 0]
[3, 7, 1]
[3, 7, 2]
[3, 7, 6, 5]
[3, 7, 6, 4]
[3, 7, 6, 0]
[3, 7, 6, 1]
[3, 7, 6, 2]
[3, 7, 6, 5, 4]
[3, 7, 6, 5, 0]
[3, 7, 6, 5, 1]
[3, 7, 6, 5, 2]
[3, 7, 6, 5, 4, 0]
[3, 7, 6, 5, 4, 1]
[3, 7, 6, 5, 4, 2]
0.5 0.5217391304347826
itercount --------> 13
[2, 3, 4]
0.5217391304347826 0.5769230769230769
itercount --------> 14
[2, 0, 3]
0.5769230769230769 0.6
itercount --------> 15
[0, 2, 1]
[0, 2, 5]
[0, 2, 3]
[0, 2, 6]
[0, 2, 7]
[0, 2, 4]
[0, 2, 1, 5]
0.6 0.6521739130434783
itercount --------> 16
[0, 1, 2]
[0, 1, 5]
[0, 1, 3]
[0, 1, 6]
[0, 1, 7]
[0, 1, 4]
[0, 1, 2, 5]
[0, 1, 2, 3]
0.6521739130434783 0.6818181818181818
itercount --------> 17
[0, 1, 2]
[0, 1, 3]
[0, 1, 5]
[0, 1, 6]
[0, 1, 7]
[0, 1, 4]
[0, 1, 2, 3]
[0, 1, 2, 5]
[0, 1, 2, 6]
[0, 1, 2, 7]
[0, 1, 2, 4]
[0, 1, 2, 3, 5]
[0, 1, 2, 3, 6]
[0, 1, 2, 3, 7]
[0, 1, 2, 3, 4]
[0, 1, 2, 3, 5, 6]
[0, 1, 2, 3, 5, 7]
[0, 1, 2, 3, 5, 4]
[0, 1, 2, 3, 5, 6, 7]
[0, 1, 2, 3, 5, 6, 4]
[0, 1, 2, 3, 5, 6, 7, 4]
failed -> 16 times
after fail n ======> 7
[0, 1, 2, 3, 6, 5, 4]
0.07894736842105263 0.09243697478991597
itercount --------> 1
[0, 1, 2]
0.09243697478991597 0.1746031746031746
itercount --------> 2
[1, 0, 2]
0.1746031746031746 0.3142857142857143
itercount --------> 3
[0, 1, 2]
[0, 1, 5]
[0, 1, 3]
0.3142857142857143 0.36
itercount --------> 4
[3, 6, 7]
[3, 6, 5]
[3, 6, 0]
[3, 6, 1]
[3, 6, 2]
[3, 6, 4]
[3, 6, 7, 5]
[3, 6, 7, 0]
0.36 0.4090909090909091
itercount --------> 5
[6, 5, 7]
[6, 5, 4]
0.4090909090909091 0.4166666666666667
itercount --------> 6
[5, 6, 7]
[5, 6, 4]
[5, 6, 3]
0.4166666666666667 0.4583333333333333
itercount --------> 7
[6, 5, 7]
[6, 5, 3]
[6, 5, 4]
[6, 5, 0]
0.4583333333333333 0.631578947368421
itercount --------> 8
[5, 0, 1]
[5, 0, 2]
[5, 0, 7]
[5, 0, 3]
[5, 0, 4]
[5, 0, 6]
[5, 0, 1, 2]
[5, 0, 1, 7]
[5, 0, 1, 3]
[5, 0, 1, 4]
0.631578947368421 0.65
itercount --------> 9
[7, 4, 5]
[7, 4, 3]
[7, 4, 0]
[7, 4, 1]
[7, 4, 2]
[7, 4, 6]
[7, 4, 5, 3]
0.65 0.7142857142857143
itercount --------> 10
[5, 6, 7]
[5, 6, 3]
[5, 6, 0]
[5, 6, 1]
[5, 6, 2]
[5, 6, 4]
[5, 6, 7, 3]
[5, 6, 7, 0]
[5, 6, 7, 1]
[5, 6, 7, 2]
[5, 6, 7, 4]
[5, 6, 7, 3, 0]
[5, 6, 7, 3, 1]
[5, 6, 7, 3, 2]
0.7142857142857143 0.7272727272727273
itercount --------> 11
[3, 4, 5]
[3, 4, 6]
[3, 4, 7]
[3, 4, 0]
[3, 4, 1]
[3, 4, 2]
[3, 4, 5, 6]
[3, 4, 5, 7]
[3, 4, 5, 0]
[3, 4, 5, 1]
[3, 4, 5, 2]
[3, 4, 5, 6, 7]
[3, 4, 5, 6, 0]
[3, 4, 5, 6, 1]
[3, 4, 5, 6, 2]
[3, 4, 5, 6, 7, 0]
[3, 4, 5, 6, 7, 1]
[3, 4, 5, 6, 7, 2]
[3, 4, 5, 6, 7, 0, 1]
[3, 4, 5, 6, 7, 0, 2]
[3, 4, 5, 6, 7, 0, 1, 2]
failed -> 17 times
after fail n ======> 8
[0, 1, 2, 3, 6, 5, 4, 7]
0.07894736842105263 0.08695652173913043
itercount --------> 1
[3, 0, 1]
0.08695652173913043 0.13333333333333333
itercount --------> 2
[3, 2, 4]
0.13333333333333333 0.25925925925925924
itercount --------> 3
[3, 2, 6]
[3, 2, 7]
[3, 2, 0]
[3, 2, 1]
[3, 2, 5]
0.25925925925925924 0.2608695652173913
itercount --------> 4
[3, 6, 7]
[3, 6, 5]
[3, 6, 0]
[3, 6, 1]
[3, 6, 2]
[3, 6, 4]
[3, 6, 7, 5]
0.2608695652173913 0.2727272727272727
itercount --------> 5
[0, 1, 2]
[0, 1, 3]
[0, 1, 5]
[0, 1, 6]
0.2727272727272727 0.2857142857142857
itercount --------> 6
[3, 0, 6]
[3, 0, 5]
0.2857142857142857 0.3157894736842105
itercount --------> 7
[3, 0, 1]
[3, 0, 2]
[3, 0, 5]
[3, 0, 7]
[3, 0, 6]
[3, 0, 4]
[3, 0, 1, 2]
[3, 0, 1, 5]
[3, 0, 1, 7]
[3, 0, 1, 6]
[3, 0, 1, 4]
[3, 0, 1, 2, 5]
0.3157894736842105 0.3181818181818182
itercount --------> 8
[3, 0, 6]
[3, 0, 7]
[3, 0, 5]
[3, 0, 1]
0.3181818181818182 0.35
itercount --------> 9
[3, 5, 6]
[3, 5, 7]
[3, 5, 4]
[3, 5, 0]
[3, 5, 1]
[3, 5, 2]
[3, 5, 6, 7]
[3, 5, 6, 4]
[3, 5, 6, 0]
[3, 5, 6, 1]
[3, 5, 6, 2]
[3, 5, 6, 7, 4]
[3, 5, 6, 7, 0]
[3, 5, 6, 7, 1]
[3, 5, 6, 7, 2]
[3, 5, 6, 7, 4, 0]
[3, 5, 6, 7, 4, 1]
[3, 5, 6, 7, 4, 2]
[3, 5, 6, 7, 4, 0, 1]
[3, 5, 6, 7, 4, 0, 2]
[3, 5, 6, 7, 4, 0, 1, 2]
failed -> 18 times
after fail n ======> 5
[0, 1, 2, 3, 6]
0.07894736842105263 0.08333333333333333
itercount --------> 1
[2, 0, 1]
0.08333333333333333 0.13636363636363635
itercount --------> 2
[0, 2, 3]
0.13636363636363635 0.18181818181818182
itercount --------> 3
[3, 4, 6]
0.18181818181818182 0.23809523809523808
itercount --------> 4
[3, 6, 7]
[3, 6, 5]
[3, 6, 4]
0.23809523809523808 0.3076923076923077
itercount --------> 5
[3, 6, 7]
[3, 6, 0]
0.3076923076923077 0.3103448275862069
itercount --------> 6
[7, 0, 2]
[7, 0, 3]
0.3103448275862069 0.36666666666666664
itercount --------> 7
[0, 6, 7]
[0, 6, 3]
0.36666666666666664 0.38235294117647056
itercount --------> 8
[0, 2, 1]
0.38235294117647056 0.4642857142857143
itercount --------> 9
[0, 2, 1]
[0, 2, 6]
[0, 2, 7]
0.4642857142857143 0.52
itercount --------> 10
[0, 2, 6]
[0, 2, 7]
[0, 2, 1]
[0, 2, 5]
0.52 0.5416666666666666
itercount --------> 11
[7, 0, 5]
[7, 0, 6]
[7, 0, 3]
[7, 0, 4]
[7, 0, 1]
[7, 0, 2]
[7, 0, 5, 6]
0.5416666666666666 0.631578947368421
itercount --------> 12
[0, 1, 2]
[0, 1, 7]
[0, 1, 3]
[0, 1, 5]
[0, 1, 4]
[0, 1, 6]
[0, 1, 2, 7]
[0, 1, 2, 3]
[0, 1, 2, 5]
[0, 1, 2, 4]
[0, 1, 2, 6]
[0, 1, 2, 7, 3]
0.631578947368421 0.7142857142857143
itercount --------> 13
[5, 3, 6]
[5, 3, 7]
[5, 3, 0]
[5, 3, 1]
[5, 3, 2]
[5, 3, 4]
[5, 3, 6, 7]
[5, 3, 6, 0]
[5, 3, 6, 1]
[5, 3, 6, 2]
[5, 3, 6, 4]
[5, 3, 6, 7, 0]
[5, 3, 6, 7, 1]
[5, 3, 6, 7, 2]
[5, 3, 6, 7, 4]
[5, 3, 6, 7, 0, 1]
[5, 3, 6, 7, 0, 2]
[5, 3, 6, 7, 0, 4]
[5, 3, 6, 7, 0, 1, 2]
[5, 3, 6, 7, 0, 1, 4]
[5, 3, 6, 7, 0, 1, 2, 4]
failed -> 19 times
after fail n ======> 6
[0, 1, 2, 3, 6, 5]
0.07894736842105263 0.13636363636363635
itercount --------> 1
[1, 0, 2]
0.13636363636363635 0.21428571428571427
itercount --------> 2
[6, 3, 5]
[6, 3, 4]
[6, 3, 7]
0.21428571428571427 0.23076923076923078
itercount --------> 3
[7, 6, 4]
0.23076923076923078 0.25925925925925924
itercount --------> 4
[4, 3, 0]
0.25925925925925924 0.32432432432432434
itercount --------> 5
[0, 6, 3]
[0, 6, 7]
[0, 6, 1]
[0, 6, 2]
[0, 6, 5]
[0, 6, 4]
[0, 6, 3, 7]
[0, 6, 3, 1]
0.32432432432432434 0.4
itercount --------> 6
[6, 3, 7]
[6, 3, 0]
[6, 3, 1]
[6, 3, 2]
[6, 3, 5]
[6, 3, 4]
[6, 3, 7, 0]
0.4 0.4230769230769231
itercount --------> 7
[5, 0, 6]
[5, 0, 3]
0.4230769230769231 0.4482758620689655
itercount --------> 8
[5, 0, 1]
[5, 0, 2]
[5, 0, 3]
[5, 0, 6]
[5, 0, 4]
[5, 0, 7]
[5, 0, 1, 2]
[5, 0, 1, 3]
0.4482758620689655 0.4642857142857143
itercount --------> 9
[5, 0, 3]
[5, 0, 6]
[5, 0, 1]
[5, 0, 2]
[5, 0, 4]
[5, 0, 7]
[5, 0, 3, 6]
[5, 0, 3, 1]
[5, 0, 3, 2]
[5, 0, 3, 4]
[5, 0, 3, 7]
[5, 0, 3, 6, 1]
[5, 0, 3, 6, 2]
[5, 0, 3, 6, 4]
[5, 0, 3, 6, 7]
0.4642857142857143 0.4666666666666667
itercount --------> 10
[0, 1, 2]
[0, 1, 5]
[0, 1, 6]
[0, 1, 7]
[0, 1, 4]
[0, 1, 3]
[0, 1, 2, 5]
[0, 1, 2, 6]
[0, 1, 2, 7]
[0, 1, 2, 4]
[0, 1, 2, 3]
[0, 1, 2, 5, 6]
[0, 1, 2, 5, 7]
0.4666666666666667 0.46875
itercount --------> 11
[0, 5, 1]
[0, 5, 2]
[0, 5, 4]
[0, 5, 3]
[0, 5, 6]
[0, 5, 7]
[0, 5, 1, 2]
[0, 5, 1, 4]
[0, 5, 1, 3]
[0, 5, 1, 6]
[0, 5, 1, 7]
[0, 5, 1, 2, 4]
[0, 5, 1, 2, 3]
[0, 5, 1, 2, 6]
[0, 5, 1, 2, 7]
[0, 5, 1, 2, 4, 3]
0.46875 0.4827586206896552
itercount --------> 12
[0, 4, 7]
[0, 4, 6]
[0, 4, 3]
[0, 4, 5]
[0, 4, 1]
[0, 4, 2]
[0, 4, 7, 6]
[0, 4, 7, 3]
[0, 4, 7, 5]
[0, 4, 7, 1]
[0, 4, 7, 2]
[0, 4, 7, 6, 3]
[0, 4, 7, 6, 5]
[0, 4, 7, 6, 1]
0.4827586206896552 0.5
itercount --------> 13
[0, 6, 7]
[0, 6, 3]
[0, 6, 4]
[0, 6, 5]
[0, 6, 1]
[0, 6, 2]
[0, 6, 7, 3]
[0, 6, 7, 4]
[0, 6, 7, 5]
[0, 6, 7, 1]
[0, 6, 7, 2]
[0, 6, 7, 3, 4]
[0, 6, 7, 3, 5]
[0, 6, 7, 3, 1]
[0, 6, 7, 3, 2]
[0, 6, 7, 3, 4, 5]
[0, 6, 7, 3, 4, 1]
[0, 6, 7, 3, 4, 2]
[0, 6, 7, 3, 4, 5, 1]
[0, 6, 7, 3, 4, 5, 2]
0.5 0.5185185185185185
itercount --------> 14
[6, 7, 0]
[6, 7, 2]
[6, 7, 5]
[6, 7, 1]
[6, 7, 3]
[6, 7, 4]
[6, 7, 0, 2]
[6, 7, 0, 5]
[6, 7, 0, 1]
[6, 7, 0, 3]
[6, 7, 0, 4]
[6, 7, 0, 2, 5]
[6, 7, 0, 2, 1]
[6, 7, 0, 2, 3]
[6, 7, 0, 2, 4]
[6, 7, 0, 2, 5, 1]
[6, 7, 0, 2, 5, 3]
[6, 7, 0, 2, 5, 4]
[6, 7, 0, 2, 5, 1, 3]
[6, 7, 0, 2, 5, 1, 4]
[6, 7, 0, 2, 5, 1, 3, 4]
failed -> 20 times
after fail n ======> 7
[0, 1, 2, 3, 6, 5, 4]
0.07894736842105263 0.08695652173913043
itercount --------> 1
[1, 0, 2]
[1, 0, 3]
0.08695652173913043 0.1111111111111111
itercount --------> 2
[3, 4, 2]
0.1111111111111111 0.14285714285714285
itercount --------> 3
[3, 4, 6]
[3, 4, 7]
[3, 4, 0]
[3, 4, 1]
0.14285714285714285 0.15625
itercount --------> 4
[1, 4, 3]
[1, 4, 2]
[1, 4, 0]
0.15625 0.2
itercount --------> 5
[1, 4, 3]
[1, 4, 2]
0.2 0.23809523809523808
itercount --------> 6
[1, 2, 4]
[1, 2, 5]
[1, 2, 0]
0.23809523809523808 0.25
itercount --------> 7
[0, 1, 2]
[0, 1, 4]
0.25 0.3235294117647059
itercount --------> 8
[1, 3, 5]
[1, 3, 6]
0.3235294117647059 0.36
itercount --------> 9
[3, 0, 6]
[3, 0, 7]
0.36 0.4583333333333333
itercount --------> 10
[6, 3, 5]
[6, 3, 7]
[6, 3, 4]
[6, 3, 0]
[6, 3, 1]
[6, 3, 2]
[6, 3, 5, 7]
[6, 3, 5, 4]
[6, 3, 5, 0]
[6, 3, 5, 1]
[6, 3, 5, 2]
[6, 3, 5, 7, 4]
[6, 3, 5, 7, 0]
[6, 3, 5, 7, 1]
[6, 3, 5, 7, 2]
[6, 3, 5, 7, 4, 0]
[6, 3, 5, 7, 4, 1]
0.4583333333333333 0.48484848484848486
itercount --------> 11
[1, 7, 6]
[1, 7, 5]
[1, 7, 0]
[1, 7, 3]
[1, 7, 2]
0.48484848484848486 0.5
itercount --------> 12
[1, 7, 6]
[1, 7, 2]
[1, 7, 5]
0.5 0.625
itercount --------> 13
[0, 5, 1]
0.625 0.6666666666666666
itercount --------> 14
[5, 6, 7]
[5, 6, 3]
[5, 6, 0]
[5, 6, 1]
[5, 6, 2]
[5, 6, 4]
[5, 6, 7, 3]
[5, 6, 7, 0]
[5, 6, 7, 1]
[5, 6, 7, 2]
[5, 6, 7, 4]
[5, 6, 7, 3, 0]
[5, 6, 7, 3, 1]
0.6666666666666666 0.7142857142857143
itercount --------> 15
[3, 5, 6]
[3, 5, 7]
[3, 5, 0]
[3, 5, 1]
[3, 5, 2]
[3, 5, 4]
[3, 5, 6, 7]
[3, 5, 6, 0]
[3, 5, 6, 1]
[3, 5, 6, 2]
[3, 5, 6, 4]
[3, 5, 6, 7, 0]
[3, 5, 6, 7, 1]
[3, 5, 6, 7, 2]
[3, 5, 6, 7, 4]
[3, 5, 6, 7, 0, 1]
[3, 5, 6, 7, 0, 2]
[3, 5, 6, 7, 0, 4]
[3, 5, 6, 7, 0, 1, 2]
[3, 5, 6, 7, 0, 1, 4]
[3, 5, 6, 7, 0, 1, 2, 4]
failed -> 21 times
after fail n ======> 8
[0, 1, 2, 3, 6, 5, 4, 7]
0.07894736842105263 0.13636363636363635
itercount --------> 1
[0, 1, 2]
0.13636363636363635 0.21428571428571427
itercount --------> 2
[6, 3, 5]
[6, 3, 4]
0.21428571428571427 0.25
itercount --------> 3
[6, 5, 0]
0.25 0.3076923076923077
itercount --------> 4
[6, 3, 5]
0.3076923076923077 0.3103448275862069
itercount --------> 5
[5, 3, 6]
[5, 3, 7]
[5, 3, 0]
0.3103448275862069 0.32
itercount --------> 6
[3, 6, 7]
[3, 6, 5]
[3, 6, 4]
[3, 6, 0]
[3, 6, 1]
0.32 0.36
itercount --------> 7
[5, 6, 3]
[5, 6, 7]
0.36 0.4
itercount --------> 8
[0, 1, 2]
[0, 1, 7]
[0, 1, 3]
[0, 1, 5]
[0, 1, 6]
0.4 0.4090909090909091
itercount --------> 9
[1, 6, 3]
[1, 6, 7]
[1, 6, 5]
[1, 6, 4]
0.4090909090909091 0.42857142857142855
itercount --------> 10
[1, 6, 3]
[1, 6, 7]
[1, 6, 4]
[1, 6, 5]
[1, 6, 0]
[1, 6, 2]
[1, 6, 3, 7]
0.42857142857142855 0.44
itercount --------> 11
[1, 3, 6]
[1, 3, 5]
0.44 0.45454545454545453
itercount --------> 12
[6, 3, 5]
0.45454545454545453 0.52
itercount --------> 13
[1, 5, 3]
[1, 5, 6]
0.52 0.5714285714285714
itercount --------> 14
[5, 6, 3]
[5, 6, 4]
[5, 6, 7]
[5, 6, 0]
[5, 6, 1]
[5, 6, 2]
[5, 6, 3, 4]
[5, 6, 3, 7]
[5, 6, 3, 0]
[5, 6, 3, 1]
[5, 6, 3, 2]
[5, 6, 3, 4, 7]
[5, 6, 3, 4, 0]
[5, 6, 3, 4, 1]
[5, 6, 3, 4, 2]
0.5714285714285714 0.5833333333333334
itercount --------> 15
[6, 5, 3]
[6, 5, 7]
[6, 5, 0]
0.5833333333333334 0.6363636363636364
itercount --------> 16
[5, 0, 1]
[5, 0, 2]
[5, 0, 6]
[5, 0, 3]
[5, 0, 7]
[5, 0, 4]
[5, 0, 1, 2]
[5, 0, 1, 6]
[5, 0, 1, 3]
[5, 0, 1, 7]
[5, 0, 1, 4]
[5, 0, 1, 2, 6]
[5, 0, 1, 2, 3]
[5, 0, 1, 2, 7]
0.6363636363636364 0.6666666666666666
itercount --------> 17
[5, 6, 7]
[5, 6, 3]
[5, 6, 0]
[5, 6, 1]
[5, 6, 2]
[5, 6, 4]
[5, 6, 7, 3]
[5, 6, 7, 0]
[5, 6, 7, 1]
[5, 6, 7, 2]
[5, 6, 7, 4]
[5, 6, 7, 3, 0]
[5, 6, 7, 3, 1]
[5, 6, 7, 3, 2]
[5, 6, 7, 3, 4]
[5, 6, 7, 3, 0, 1]
[5, 6, 7, 3, 0, 2]
[5, 6, 7, 3, 0, 4]
[5, 6, 7, 3, 0, 1, 2]
[5, 6, 7, 3, 0, 1, 4]
[5, 6, 7, 3, 0, 1, 2, 4]
failed -> 22 times
after fail n ======> 5
[0, 1, 2, 3, 6]
0.07894736842105263 0.13636363636363635
itercount --------> 1
[2, 0, 1]
0.13636363636363635 0.21428571428571427
itercount --------> 2
[6, 3, 5]
[6, 3, 4]
0.21428571428571427 0.3142857142857143
itercount --------> 3
[0, 1, 2]
[0, 1, 5]
[0, 1, 3]
0.3142857142857143 0.36
itercount --------> 4
[3, 6, 7]
[3, 6, 5]
[3, 6, 0]
[3, 6, 1]
[3, 6, 2]
[3, 6, 4]
[3, 6, 7, 5]
[3, 6, 7, 0]
[3, 6, 7, 1]
[3, 6, 7, 2]
[3, 6, 7, 4]
[3, 6, 7, 5, 0]
0.36 0.36363636363636365
itercount --------> 5
[3, 0, 1]
[3, 0, 2]
[3, 0, 6]
[3, 0, 7]
0.36363636363636365 0.3684210526315789
itercount --------> 6
[0, 1, 2]
[0, 1, 3]
[0, 1, 5]
[0, 1, 7]
[0, 1, 4]
[0, 1, 6]
[0, 1, 2, 3]
[0, 1, 2, 5]
[0, 1, 2, 7]
[0, 1, 2, 4]
[0, 1, 2, 6]
[0, 1, 2, 3, 5]
[0, 1, 2, 3, 7]
0.3684210526315789 0.4
itercount --------> 7
[3, 7, 6]
[3, 7, 4]
[3, 7, 5]
[3, 7, 0]
[3, 7, 1]
[3, 7, 2]
[3, 7, 6, 4]
0.4 0.47619047619047616
itercount --------> 8
[7, 3, 6]
0.47619047619047616 0.5
itercount --------> 9
[3, 7, 6]
[3, 7, 4]
[3, 7, 5]
[3, 7, 0]
[3, 7, 1]
[3, 7, 2]
[3, 7, 6, 4]
[3, 7, 6, 5]
[3, 7, 6, 0]
[3, 7, 6, 1]
[3, 7, 6, 2]
[3, 7, 6, 4, 5]
[3, 7, 6, 4, 0]
[3, 7, 6, 4, 1]
[3, 7, 6, 4, 2]
[3, 7, 6, 4, 5, 0]
0.5 0.55
itercount --------> 10
[6, 4, 3]
[6, 4, 7]
[6, 4, 5]
[6, 4, 0]
[6, 4, 1]
[6, 4, 2]
[6, 4, 3, 7]
[6, 4, 3, 5]
[6, 4, 3, 0]
[6, 4, 3, 1]
[6, 4, 3, 2]
[6, 4, 3, 7, 5]
[6, 4, 3, 7, 0]
[6, 4, 3, 7, 1]
[6, 4, 3, 7, 2]
[6, 4, 3, 7, 5, 0]
[6, 4, 3, 7, 5, 1]
[6, 4, 3, 7, 5, 2]
[6, 4, 3, 7, 5, 0, 1]
[6, 4, 3, 7, 5, 0, 2]
0.55 0.56
itercount --------> 11
[5, 6, 3]
[5, 6, 7]
[5, 6, 4]
[5, 6, 0]
[5, 6, 1]
[5, 6, 2]
[5, 6, 3, 7]
[5, 6, 3, 4]
0.56 0.5714285714285714
itercount --------> 12
[5, 6, 3]
[5, 6, 7]
[5, 6, 4]
[5, 6, 0]
[5, 6, 1]
[5, 6, 2]
[5, 6, 3, 7]
[5, 6, 3, 4]
[5, 6, 3, 0]
[5, 6, 3, 1]
[5, 6, 3, 2]
[5, 6, 3, 7, 4]
[5, 6, 3, 7, 0]
[5, 6, 3, 7, 1]
[5, 6, 3, 7, 2]
[5, 6, 3, 7, 4, 0]
[5, 6, 3, 7, 4, 1]
[5, 6, 3, 7, 4, 2]
[5, 6, 3, 7, 4, 0, 1]
[5, 6, 3, 7, 4, 0, 2]
[5, 6, 3, 7, 4, 0, 1, 2]
failed -> 23 times
after fail n ======> 6
[0, 1, 2, 3, 6, 5]
0.07894736842105263 0.09433962264150944
itercount --------> 1
[1, 2, 3]
0.09433962264150944 0.15384615384615385
itercount --------> 2
[3, 4, 0]
0.15384615384615385 0.2
itercount --------> 3
[3, 6, 0]
[3, 6, 1]
[3, 6, 2]
[3, 6, 7]
[3, 6, 5]
0.2 0.25925925925925924
itercount --------> 4
[3, 0, 1]
0.25925925925925924 0.28
itercount --------> 5
[3, 0, 1]
[3, 0, 2]
[3, 0, 6]
0.28 0.30434782608695654
itercount --------> 6
[3, 7, 6]
[3, 7, 0]
[3, 7, 1]
[3, 7, 2]
[3, 7, 5]
[3, 7, 4]
[3, 7, 6, 0]
[3, 7, 6, 1]
0.30434782608695654 0.3181818181818182
itercount --------> 7
[3, 7, 6]
[3, 7, 5]
[3, 7, 0]
[3, 7, 1]
[3, 7, 2]
[3, 7, 4]
[3, 7, 6, 5]
[3, 7, 6, 0]
[3, 7, 6, 1]
[3, 7, 6, 2]
[3, 7, 6, 4]
[3, 7, 6, 5, 0]
[3, 7, 6, 5, 1]
[3, 7, 6, 5, 2]
[3, 7, 6, 5, 4]
[3, 7, 6, 5, 0, 1]
[3, 7, 6, 5, 0, 2]
[3, 7, 6, 5, 0, 4]
[3, 7, 6, 5, 0, 1, 2]
0.3181818181818182 0.3333333333333333
itercount --------> 8
[0, 2, 3]
[0, 2, 1]
0.3333333333333333 0.4375
itercount --------> 9
[0, 3, 6]
[0, 3, 7]
[0, 3, 1]
[0, 3, 4]
[0, 3, 5]
0.4375 0.44
itercount --------> 10
[0, 3, 6]
[0, 3, 1]
[0, 3, 7]
[0, 3, 5]
[0, 3, 4]
[0, 3, 2]
[0, 3, 6, 1]
[0, 3, 6, 7]
[0, 3, 6, 5]
0.44 0.4782608695652174
itercount --------> 11
[3, 6, 5]
[3, 6, 4]
[3, 6, 7]
[3, 6, 0]
[3, 6, 1]
[3, 6, 2]
[3, 6, 5, 4]
[3, 6, 5, 7]
[3, 6, 5, 0]
[3, 6, 5, 1]
[3, 6, 5, 2]
[3, 6, 5, 4, 7]
0.4782608695652174 0.5
itercount --------> 12
[0, 1, 5]
[0, 1, 6]
[0, 1, 3]
[0, 1, 4]
[0, 1, 7]
[0, 1, 2]
[0, 1, 5, 6]
[0, 1, 5, 3]
[0, 1, 5, 4]
[0, 1, 5, 7]
[0, 1, 5, 2]
0.5 0.5384615384615384
itercount --------> 13
[5, 6, 4]
[5, 6, 0]
[5, 6, 1]
[5, 6, 2]
0.5384615384615384 0.6363636363636364
itercount --------> 14
[0, 1, 2]
[0, 1, 4]
[0, 1, 3]
[0, 1, 6]
[0, 1, 7]
[0, 1, 5]
[0, 1, 2, 4]
[0, 1, 2, 3]
[0, 1, 2, 6]
[0, 1, 2, 7]
0.6363636363636364 0.6666666666666666
itercount --------> 15
[4, 0, 1]
[4, 0, 2]
[4, 0, 3]
0.6666666666666666 0.7391304347826086
itercount --------> 16
[0, 1, 2]
[0, 1, 3]
[0, 1, 7]
[0, 1, 5]
[0, 1, 4]
[0, 1, 6]
[0, 1, 2, 3]
[0, 1, 2, 7]
[0, 1, 2, 5]
[0, 1, 2, 4]
[0, 1, 2, 6]
[0, 1, 2, 3, 7]
[0, 1, 2, 3, 5]
[0, 1, 2, 3, 4]
[0, 1, 2, 3, 6]
[0, 1, 2, 3, 7, 5]
[0, 1, 2, 3, 7, 4]
[0, 1, 2, 3, 7, 6]
[0, 1, 2, 3, 7, 5, 4]
[0, 1, 2, 3, 7, 5, 6]
[0, 1, 2, 3, 7, 5, 4, 6]
failed -> 24 times
after fail n ======> 7
[0, 1, 2, 3, 6, 5, 4]
0.07894736842105263 0.08695652173913043
itercount --------> 1
[3, 0, 1]
0.08695652173913043 0.14814814814814814
itercount --------> 2
[0, 2, 1]
0.14814814814814814 0.25
itercount --------> 3
[0, 5, 1]
[0, 5, 2]
[0, 5, 3]
[0, 5, 4]
0.25 0.29411764705882354
itercount --------> 4
[0, 1, 2]
[0, 1, 3]
0.29411764705882354 0.3076923076923077
itercount --------> 5
[3, 0, 5]
0.3076923076923077 0.36
itercount --------> 6
[3, 0, 5]
[3, 0, 1]
[3, 0, 2]
0.36 0.391304347826087
itercount --------> 7
[3, 5, 0]
[3, 5, 1]
[3, 5, 2]
[3, 5, 4]
[3, 5, 6]
0.391304347826087 0.4074074074074074
itercount --------> 8
[3, 5, 7]
0.4074074074074074 0.52
itercount --------> 9
[5, 3, 0]
[5, 3, 1]
0.52 0.5454545454545454
itercount --------> 10
[0, 1, 2]
[0, 1, 5]
[0, 1, 7]
[0, 1, 3]
[0, 1, 4]
[0, 1, 6]
[0, 1, 2, 5]
[0, 1, 2, 7]
[0, 1, 2, 3]
[0, 1, 2, 4]
[0, 1, 2, 6]
[0, 1, 2, 5, 7]
[0, 1, 2, 5, 3]
[0, 1, 2, 5, 4]
0.5454545454545454 0.6
itercount --------> 11
[0, 1, 2]
[0, 1, 5]
[0, 1, 3]
[0, 1, 7]
[0, 1, 4]
[0, 1, 6]
[0, 1, 2, 5]
[0, 1, 2, 3]
[0, 1, 2, 7]
[0, 1, 2, 4]
[0, 1, 2, 6]
[0, 1, 2, 5, 3]
[0, 1, 2, 5, 7]
[0, 1, 2, 5, 4]
[0, 1, 2, 5, 6]
[0, 1, 2, 5, 3, 7]
[0, 1, 2, 5, 3, 4]
[0, 1, 2, 5, 3, 6]
0.6 0.631578947368421
itercount --------> 12
[0, 1, 2]
[0, 1, 5]
[0, 1, 3]
[0, 1, 7]
[0, 1, 4]
[0, 1, 6]
[0, 1, 2, 5]
[0, 1, 2, 3]
[0, 1, 2, 7]
[0, 1, 2, 4]
[0, 1, 2, 6]
[0, 1, 2, 5, 3]
[0, 1, 2, 5, 7]
0.631578947368421 0.65
itercount --------> 13
[3, 5, 7]
[3, 5, 4]
[3, 5, 0]
[3, 5, 1]
[3, 5, 2]
[3, 5, 6]
[3, 5, 7, 4]
[3, 5, 7, 0]
[3, 5, 7, 1]
[3, 5, 7, 2]
[3, 5, 7, 6]
0.65 0.6818181818181818
itercount --------> 14
[3, 5, 4]
[3, 5, 6]
[3, 5, 7]
[3, 5, 0]
[3, 5, 1]
[3, 5, 2]
[3, 5, 4, 6]
[3, 5, 4, 7]
[3, 5, 4, 0]
[3, 5, 4, 1]
[3, 5, 4, 2]
[3, 5, 4, 6, 7]
[3, 5, 4, 6, 0]
[3, 5, 4, 6, 1]
[3, 5, 4, 6, 2]
[3, 5, 4, 6, 7, 0]
[3, 5, 4, 6, 7, 1]
[3, 5, 4, 6, 7, 2]
[3, 5, 4, 6, 7, 0, 1]
[3, 5, 4, 6, 7, 0, 2]
[3, 5, 4, 6, 7, 0, 1, 2]
failed -> 25 times
after fail n ======> 8
[0, 1, 2, 3, 6, 5, 4, 7]
0.07894736842105263 0.08695652173913043
itercount --------> 1
[3, 0, 1]
0.08695652173913043 0.13333333333333333
itercount --------> 2
[3, 0, 4]
0.13333333333333333 0.17073170731707318
itercount --------> 3
[3, 0, 1]
0.17073170731707318 0.2692307692307692
itercount --------> 4
[3, 2, 6]
[3, 2, 0]
0.2692307692307692 0.28
itercount --------> 5
[3, 0, 1]
[3, 0, 2]
0.28 0.2916666666666667
itercount --------> 6
[3, 0, 1]
0.2916666666666667 0.36
itercount --------> 7
[3, 6, 7]
[3, 6, 5]
[3, 6, 0]
[3, 6, 1]
[3, 6, 2]
[3, 6, 4]
[3, 6, 7, 5]
[3, 6, 7, 0]
0.36 0.4583333333333333
itercount --------> 8
[3, 6, 5]
[3, 6, 7]
[3, 6, 4]
[3, 6, 0]
[3, 6, 1]
[3, 6, 2]
[3, 6, 5, 7]
[3, 6, 5, 4]
0.4583333333333333 0.5384615384615384
itercount --------> 9
[6, 5, 7]
[6, 5, 3]
[6, 5, 0]
[6, 5, 1]
0.5384615384615384 0.7142857142857143
itercount --------> 10
[3, 5, 6]
[3, 5, 7]
[3, 5, 0]
[3, 5, 1]
[3, 5, 2]
[3, 5, 4]
[3, 5, 6, 7]
[3, 5, 6, 0]
[3, 5, 6, 1]
[3, 5, 6, 2]
[3, 5, 6, 4]
[3, 5, 6, 7, 0]
[3, 5, 6, 7, 1]
[3, 5, 6, 7, 2]
[3, 5, 6, 7, 4]
[3, 5, 6, 7, 0, 1]
[3, 5, 6, 7, 0, 2]
[3, 5, 6, 7, 0, 4]
[3, 5, 6, 7, 0, 1, 2]
[3, 5, 6, 7, 0, 1, 4]
[3, 5, 6, 7, 0, 1, 2, 4]
0.7142857142857143 0.7272727272727273
itercount --------> 11
[3, 4, 5]
[3, 4, 6]
[3, 4, 7]
[3, 4, 0]
[3, 4, 1]
[3, 4, 2]
[3, 4, 5, 6]
[3, 4, 5, 7]
[3, 4, 5, 0]
[3, 4, 5, 1]
[3, 4, 5, 2]
[3, 4, 5, 6, 7]
[3, 4, 5, 6, 0]
[3, 4, 5, 6, 1]
[3, 4, 5, 6, 2]
[3, 4, 5, 6, 7, 0]
[3, 4, 5, 6, 7, 1]
[3, 4, 5, 6, 7, 2]
[3, 4, 5, 6, 7, 0, 1]
[3, 4, 5, 6, 7, 0, 2]
[3, 4, 5, 6, 7, 0, 1, 2]
failed -> 26 times
after fail n ======> 5
[0, 1, 2, 3, 6]
0.07894736842105263 0.08695652173913043
itercount --------> 1
[3, 0, 1]
0.08695652173913043 0.13333333333333333
itercount --------> 2
[2, 3, 4]
0.13333333333333333 0.13636363636363635
itercount --------> 3
[2, 0, 1]
0.13636363636363635 0.21428571428571427
itercount --------> 4
[6, 3, 5]
[6, 3, 4]
0.21428571428571427 0.25
itercount --------> 5
[6, 5, 0]
[6, 5, 1]
0.25 0.2857142857142857
itercount --------> 6
[6, 5, 4]
0.2857142857142857 0.3076923076923077
itercount --------> 7
[6, 3, 5]
[6, 3, 7]
[6, 3, 4]
[6, 3, 0]
[6, 3, 1]
[6, 3, 2]
[6, 3, 5, 7]
0.3076923076923077 0.3103448275862069
itercount --------> 8
[5, 3, 6]
[5, 3, 7]
0.3103448275862069 0.36363636363636365
itercount --------> 9
[0, 1, 2]
[0, 1, 3]
[0, 1, 7]
[0, 1, 5]
[0, 1, 4]
[0, 1, 6]
[0, 1, 2, 3]
[0, 1, 2, 7]
[0, 1, 2, 5]
[0, 1, 2, 4]
[0, 1, 2, 6]
0.36363636363636365 0.4090909090909091
itercount --------> 10
[0, 1, 2]
[0, 1, 3]
0.4090909090909091 0.43478260869565216
itercount --------> 11
[0, 1, 2]
[0, 1, 4]
[0, 1, 3]
[0, 1, 5]
[0, 1, 7]
[0, 1, 6]
[0, 1, 2, 4]
0.43478260869565216 0.45454545454545453
itercount --------> 12
[1, 4, 3]
[1, 4, 5]
[1, 4, 6]
[1, 4, 7]
[1, 4, 0]
[1, 4, 2]
[1, 4, 3, 5]
0.45454545454545453 0.6190476190476191
itercount --------> 13
[0, 1, 2]
[0, 1, 7]
[0, 1, 3]
0.6190476190476191 0.65
itercount --------> 14
[0, 7, 5]
[0, 7, 6]
[0, 7, 3]
0.65 0.6521739130434783
itercount --------> 15
[3, 7, 5]
[3, 7, 0]
[3, 7, 1]
[3, 7, 2]
[3, 7, 6]
[3, 7, 4]
[3, 7, 5, 0]
[3, 7, 5, 1]
[3, 7, 5, 2]
[3, 7, 5, 6]
[3, 7, 5, 4]
[3, 7, 5, 0, 1]
0.6521739130434783 0.6666666666666666
itercount --------> 16
[0, 6, 3]
[0, 6, 5]
[0, 6, 7]
[0, 6, 1]
[0, 6, 2]
[0, 6, 4]
[0, 6, 3, 5]
[0, 6, 3, 7]
[0, 6, 3, 1]
[0, 6, 3, 2]
[0, 6, 3, 4]
[0, 6, 3, 5, 7]
[0, 6, 3, 5, 1]
[0, 6, 3, 5, 2]
[0, 6, 3, 5, 4]
[0, 6, 3, 5, 7, 1]
[0, 6, 3, 5, 7, 2]
[0, 6, 3, 5, 7, 4]
[0, 6, 3, 5, 7, 1, 2]
[0, 6, 3, 5, 7, 1, 4]
[0, 6, 3, 5, 7, 1, 2, 4]
failed -> 27 times
after fail n ======> 6
[0, 1, 2, 3, 6, 5]
0.07894736842105263 0.08695652173913043
itercount --------> 1
[3, 0, 1]
0.08695652173913043 0.13333333333333333
itercount --------> 2
[3, 2, 4]
0.13333333333333333 0.25925925925925924
itercount --------> 3
[3, 0, 1]
0.25925925925925924 0.2692307692307692
itercount --------> 4
[3, 2, 6]
[3, 2, 0]
[3, 2, 1]
0.2692307692307692 0.3235294117647059
itercount --------> 5
[2, 3, 5]
[2, 3, 6]
0.3235294117647059 0.3448275862068966
itercount --------> 6
[2, 3, 5]
[2, 3, 7]
[2, 3, 6]
[2, 3, 4]
[2, 3, 0]
0.3448275862068966 0.42857142857142855
itercount --------> 7
[3, 2, 7]
[3, 2, 6]
0.42857142857142855 0.44
itercount --------> 8
[3, 5, 6]
[3, 5, 4]
[3, 5, 0]
[3, 5, 1]
[3, 5, 2]
[3, 5, 7]
[3, 5, 6, 4]
0.44 0.4642857142857143
itercount --------> 9
[5, 6, 7]
[5, 6, 3]
[5, 6, 0]
[5, 6, 1]
[5, 6, 2]
[5, 6, 4]
[5, 6, 7, 3]
0.4642857142857143 0.5714285714285714
itercount --------> 10
[0, 1, 2]
[0, 1, 5]
0.5714285714285714 0.6363636363636364
itercount --------> 11
[5, 0, 1]
[5, 0, 2]
[5, 0, 6]
[5, 0, 3]
[5, 0, 7]
0.6363636363636364 0.7142857142857143
itercount --------> 12
[5, 3, 6]
[5, 3, 7]
[5, 3, 0]
[5, 3, 1]
[5, 3, 2]
[5, 3, 4]
[5, 3, 6, 7]
[5, 3, 6, 0]
[5, 3, 6, 1]
[5, 3, 6, 2]
[5, 3, 6, 4]
[5, 3, 6, 7, 0]
[5, 3, 6, 7, 1]
[5, 3, 6, 7, 2]
[5, 3, 6, 7, 4]
[5, 3, 6, 7, 0, 1]
[5, 3, 6, 7, 0, 2]
[5, 3, 6, 7, 0, 4]
[5, 3, 6, 7, 0, 1, 2]
[5, 3, 6, 7, 0, 1, 4]
[5, 3, 6, 7, 0, 1, 2, 4]
failed -> 28 times
after fail n ======> 7
[0, 1, 2, 3, 6, 5, 4]
0.07894736842105263 0.08695652173913043
itercount --------> 1
[3, 0, 1]
0.08695652173913043 0.13333333333333333
itercount --------> 2
[3, 2, 4]
0.13333333333333333 0.18181818181818182
itercount --------> 3
[3, 4, 6]
0.18181818181818182 0.21428571428571427
itercount --------> 4
[0, 1, 2]
0.21428571428571427 0.23076923076923078
itercount --------> 5
[3, 0, 1]
0.23076923076923078 0.25
itercount --------> 6
[0, 1, 2]
0.25 0.37142857142857144
itercount --------> 7
[0, 7, 5]
0.37142857142857144 0.375
itercount --------> 8
[3, 7, 0]
[3, 7, 5]
0.375 0.55
itercount --------> 9
[0, 5, 7]
0.55 0.631578947368421
itercount --------> 10
[5, 0, 1]
[5, 0, 2]
[5, 0, 7]
[5, 0, 3]
[5, 0, 4]
[5, 0, 6]
[5, 0, 1, 2]
[5, 0, 1, 7]
[5, 0, 1, 3]
[5, 0, 1, 4]
0.631578947368421 0.65
itercount --------> 11
[7, 4, 5]
[7, 4, 3]
[7, 4, 0]
[7, 4, 1]
[7, 4, 2]
[7, 4, 6]
[7, 4, 5, 3]
[7, 4, 5, 0]
[7, 4, 5, 1]
[7, 4, 5, 2]
[7, 4, 5, 6]
[7, 4, 5, 3, 0]
[7, 4, 5, 3, 1]
0.65 0.7142857142857143
itercount --------> 12
[5, 6, 7]
[5, 6, 3]
[5, 6, 0]
[5, 6, 1]
[5, 6, 2]
[5, 6, 4]
[5, 6, 7, 3]
[5, 6, 7, 0]
[5, 6, 7, 1]
[5, 6, 7, 2]
[5, 6, 7, 4]
[5, 6, 7, 3, 0]
0.7142857142857143 0.7272727272727273
itercount --------> 13
[3, 4, 5]
[3, 4, 6]
[3, 4, 7]
[3, 4, 0]
[3, 4, 1]
[3, 4, 2]
[3, 4, 5, 6]
[3, 4, 5, 7]
[3, 4, 5, 0]
[3, 4, 5, 1]
[3, 4, 5, 2]
[3, 4, 5, 6, 7]
[3, 4, 5, 6, 0]
[3, 4, 5, 6, 1]
[3, 4, 5, 6, 2]
[3, 4, 5, 6, 7, 0]
[3, 4, 5, 6, 7, 1]
[3, 4, 5, 6, 7, 2]
[3, 4, 5, 6, 7, 0, 1]
[3, 4, 5, 6, 7, 0, 2]
[3, 4, 5, 6, 7, 0, 1, 2]
failed -> 29 times
after fail n ======> 8
[0, 1, 2, 3, 6, 5, 4, 7]
0.07894736842105263 0.08695652173913043
itercount --------> 1
[0, 1, 2]
0.08695652173913043 0.13333333333333333
itercount --------> 2
[0, 4, 7]
[0, 4, 3]
0.13333333333333333 0.16666666666666666
itercount --------> 3
[0, 1, 2]
0.16666666666666666 0.25
itercount --------> 4
[3, 7, 6]
[3, 7, 5]
0.25 0.36
itercount --------> 5
[3, 7, 6]
[3, 7, 4]
[3, 7, 5]
[3, 7, 0]
[3, 7, 1]
[3, 7, 2]
[3, 7, 6, 4]
[3, 7, 6, 5]
[3, 7, 6, 0]
[3, 7, 6, 1]
[3, 7, 6, 2]
[3, 7, 6, 4, 5]
0.36 0.37142857142857144
itercount --------> 6
[5, 0, 1]
[5, 0, 2]
0.37142857142857144 0.391304347826087
itercount --------> 7
[7, 5, 6]
[7, 5, 0]
0.391304347826087 0.3939393939393939
itercount --------> 8
[5, 6, 0]
0.3939393939393939 0.43478260869565216
itercount --------> 9
[7, 0, 1]
[7, 0, 2]
[7, 0, 6]
[7, 0, 3]
[7, 0, 5]
[7, 0, 4]
0.43478260869565216 0.4782608695652174
itercount --------> 10
[0, 7, 5]
[0, 7, 3]
[0, 7, 4]
0.4782608695652174 0.7142857142857143
itercount --------> 11
[3, 5, 6]
[3, 5, 7]
[3, 5, 0]
[3, 5, 1]
[3, 5, 2]
[3, 5, 4]
[3, 5, 6, 7]
[3, 5, 6, 0]
[3, 5, 6, 1]
[3, 5, 6, 2]
[3, 5, 6, 4]
[3, 5, 6, 7, 0]
[3, 5, 6, 7, 1]
[3, 5, 6, 7, 2]
[3, 5, 6, 7, 4]
[3, 5, 6, 7, 0, 1]
[3, 5, 6, 7, 0, 2]
[3, 5, 6, 7, 0, 4]
[3, 5, 6, 7, 0, 1, 2]
[3, 5, 6, 7, 0, 1, 4]
0.7142857142857143 0.7272727272727273
itercount --------> 12
[3, 4, 5]
[3, 4, 6]
[3, 4, 7]
[3, 4, 0]
[3, 4, 1]
[3, 4, 2]
[3, 4, 5, 6]
[3, 4, 5, 7]
[3, 4, 5, 0]
[3, 4, 5, 1]
[3, 4, 5, 2]
[3, 4, 5, 6, 7]
[3, 4, 5, 6, 0]
[3, 4, 5, 6, 1]
[3, 4, 5, 6, 2]
[3, 4, 5, 6, 7, 0]
[3, 4, 5, 6, 7, 1]
[3, 4, 5, 6, 7, 2]
[3, 4, 5, 6, 7, 0, 1]
[3, 4, 5, 6, 7, 0, 2]
[3, 4, 5, 6, 7, 0, 1, 2]
failed -> 30 times
after fail n ======> 5
[0, 1, 2, 3, 6]
0.07894736842105263 0.08333333333333333
itercount --------> 1
[1, 2, 0]
0.08333333333333333 0.21428571428571427
itercount --------> 2
[6, 1, 4]
0.21428571428571427 0.25
itercount --------> 3
[1, 6, 3]
0.25 0.3076923076923077
itercount --------> 4
[6, 3, 5]
0.3076923076923077 0.3103448275862069
itercount --------> 5
[5, 3, 6]
[5, 3, 7]
0.3103448275862069 0.36363636363636365
itercount --------> 6
[0, 1, 2]
[0, 1, 3]
[0, 1, 7]
[0, 1, 5]
[0, 1, 4]
[0, 1, 6]
0.36363636363636365 0.4090909090909091
itercount --------> 7
[0, 1, 2]
[0, 1, 3]
0.4090909090909091 0.4166666666666667
itercount --------> 8
[1, 6, 3]
0.4166666666666667 0.5
itercount --------> 9
[1, 6, 5]
[1, 6, 3]
[1, 6, 4]
[1, 6, 7]
[1, 6, 0]
[1, 6, 2]
[1, 6, 5, 3]
[1, 6, 5, 4]
[1, 6, 5, 7]
[1, 6, 5, 0]
[1, 6, 5, 2]
[1, 6, 5, 3, 4]
[1, 6, 5, 3, 7]
[1, 6, 5, 3, 0]
[1, 6, 5, 3, 2]
[1, 6, 5, 3, 4, 7]
[1, 6, 5, 3, 4, 0]
[1, 6, 5, 3, 4, 2]
[1, 6, 5, 3, 4, 7, 0]
[1, 6, 5, 3, 4, 7, 2]
[1, 6, 5, 3, 4, 7, 0, 2]
0.5 0.5217391304347826
itercount --------> 10
[1, 6, 5]
[1, 6, 3]
[1, 6, 7]
[1, 6, 0]
[1, 6, 4]
[1, 6, 2]
[1, 6, 5, 3]
[1, 6, 5, 7]
[1, 6, 5, 0]
[1, 6, 5, 4]
[1, 6, 5, 2]
[1, 6, 5, 3, 7]
[1, 6, 5, 3, 0]
[1, 6, 5, 3, 4]
[1, 6, 5, 3, 2]
[1, 6, 5, 3, 7, 0]
[1, 6, 5, 3, 7, 4]
[1, 6, 5, 3, 7, 2]
[1, 6, 5, 3, 7, 0, 4]
[1, 6, 5, 3, 7, 0, 2]
[1, 6, 5, 3, 7, 0, 4, 2]
failed -> 31 times
after fail n ======> 6
[0, 1, 2, 3, 6, 5]
0.07894736842105263 0.08695652173913043
itercount --------> 1
[2, 0, 1]
0.08695652173913043 0.13333333333333333
itercount --------> 2
[1, 4, 3]
0.13333333333333333 0.14814814814814814
itercount --------> 3
[1, 3, 4]
0.14814814814814814 0.15384615384615385
itercount --------> 4
[1, 4, 3]
0.15384615384615385 0.16
itercount --------> 5
[4, 1, 3]
[4, 1, 6]
[4, 1, 5]
0.16 0.19047619047619047
itercount --------> 6
[4, 3, 6]
[4, 3, 7]
[4, 3, 5]
[4, 3, 0]
0.19047619047619047 0.2
itercount --------> 7
[0, 1, 2]
[0, 1, 5]
0.2 0.20833333333333334
itercount --------> 8
[1, 4, 3]
0.20833333333333334 0.23809523809523808
itercount --------> 9
[0, 1, 2]
[0, 1, 5]
[0, 1, 4]
[0, 1, 3]
[0, 1, 6]
[0, 1, 7]
0.23809523809523808 0.25
itercount --------> 10
[0, 1, 2]
[0, 1, 4]
[0, 1, 5]
[0, 1, 3]
[0, 1, 7]
0.25 0.2631578947368421
itercount --------> 11
[4, 0, 1]
[4, 0, 2]
[4, 0, 5]
[4, 0, 7]
0.2631578947368421 0.2692307692307692
itercount --------> 12
[0, 5, 1]
0.2692307692307692 0.28
itercount --------> 13
[0, 5, 4]
0.28 0.35
itercount --------> 14
[3, 5, 0]
[3, 5, 2]
[3, 5, 4]
0.35 0.4090909090909091
itercount --------> 15
[6, 3, 5]
[6, 3, 0]
[6, 3, 2]
[6, 3, 7]
[6, 3, 4]
[6, 3, 1]
[6, 3, 5, 0]
[6, 3, 5, 2]
0.4090909090909091 0.4782608695652174
itercount --------> 16
[0, 2, 3]
[0, 2, 4]
[0, 2, 5]
[0, 2, 6]
[0, 2, 1]
0.4782608695652174 0.55
itercount --------> 17
[0, 5, 6]
[0, 5, 3]
0.55 0.6
itercount --------> 18
[3, 5, 6]
0.6 0.6521739130434783
itercount --------> 19
[3, 5, 0]
[3, 5, 2]
[3, 5, 4]
[3, 5, 6]
[3, 5, 7]
[3, 5, 1]
[3, 5, 0, 2]
[3, 5, 0, 4]
[3, 5, 0, 6]
[3, 5, 0, 7]
[3, 5, 0, 1]
[3, 5, 0, 2, 4]
[3, 5, 0, 2, 6]
[3, 5, 0, 2, 7]
[3, 5, 0, 2, 1]
[3, 5, 0, 2, 4, 6]
[3, 5, 0, 2, 4, 7]
[3, 5, 0, 2, 4, 1]
0.6521739130434783 0.6818181818181818
itercount --------> 20
[3, 5, 4]
[3, 5, 6]
[3, 5, 7]
[3, 5, 0]
[3, 5, 1]
[3, 5, 2]
[3, 5, 4, 6]
[3, 5, 4, 7]
[3, 5, 4, 0]
[3, 5, 4, 1]
[3, 5, 4, 2]
[3, 5, 4, 6, 7]
[3, 5, 4, 6, 0]
[3, 5, 4, 6, 1]
[3, 5, 4, 6, 2]
[3, 5, 4, 6, 7, 0]
[3, 5, 4, 6, 7, 1]
[3, 5, 4, 6, 7, 2]
[3, 5, 4, 6, 7, 0, 1]
[3, 5, 4, 6, 7, 0, 2]
[3, 5, 4, 6, 7, 0, 1, 2]
failed -> 32 times
after fail n ======> 7
[0, 1, 2, 3, 6, 5, 4]
0.07894736842105263 0.08695652173913043
itercount --------> 1
[2, 0, 1]
[2, 0, 3]
0.08695652173913043 0.0967741935483871
itercount --------> 2
[3, 4, 1]
0.0967741935483871 0.13043478260869565
itercount --------> 3
[3, 2, 4]
[3, 2, 7]
0.13043478260869565 0.14285714285714285
itercount --------> 4
[3, 4, 6]
0.14285714285714285 0.18181818181818182
itercount --------> 5
[3, 4, 6]
0.18181818181818182 0.23809523809523808
itercount --------> 6
[3, 6, 7]
[3, 6, 5]
[3, 6, 4]
[3, 6, 0]
[3, 6, 1]
[3, 6, 2]
[3, 6, 7, 5]
[3, 6, 7, 4]
[3, 6, 7, 0]
[3, 6, 7, 1]
[3, 6, 7, 2]
[3, 6, 7, 5, 4]
0.23809523809523808 0.25
itercount --------> 7
[3, 5, 4]
[3, 5, 6]
[3, 5, 7]
[3, 5, 0]
[3, 5, 1]
[3, 5, 2]
[3, 5, 4, 6]
0.25 0.25925925925925924
itercount --------> 8
[3, 5, 6]
[3, 5, 0]
[3, 5, 1]
[3, 5, 7]
[3, 5, 4]
[3, 5, 2]
0.25925925925925924 0.2727272727272727
itercount --------> 9
[3, 6, 7]
[3, 6, 5]
[3, 6, 0]
[3, 6, 1]
[3, 6, 2]
[3, 6, 4]
[3, 6, 7, 5]
0.2727272727272727 0.2857142857142857
itercount --------> 10
[3, 5, 6]
[3, 5, 7]
[3, 5, 0]
0.2857142857142857 0.3157894736842105
itercount --------> 11
[3, 0, 1]
[3, 0, 2]
[3, 0, 5]
[3, 0, 7]
[3, 0, 6]
[3, 0, 4]
[3, 0, 1, 2]
[3, 0, 1, 5]
[3, 0, 1, 7]
[3, 0, 1, 6]
[3, 0, 1, 4]
[3, 0, 1, 2, 5]
[3, 0, 1, 2, 7]
[3, 0, 1, 2, 6]
[3, 0, 1, 2, 4]
[3, 0, 1, 2, 5, 7]
[3, 0, 1, 2, 5, 6]
[3, 0, 1, 2, 5, 4]
[3, 0, 1, 2, 5, 7, 6]
[3, 0, 1, 2, 5, 7, 4]
[3, 0, 1, 2, 5, 7, 6, 4]
failed -> 33 times
after fail n ======> 8
[0, 1, 2, 3, 6, 5, 4, 7]
0.07894736842105263 0.13636363636363635
itercount --------> 1
[1, 0, 2]
[1, 0, 3]
0.13636363636363635 0.15789473684210525
itercount --------> 2
[0, 1, 5]
0.15789473684210525 0.16279069767441862
itercount --------> 3
[0, 5, 2]
0.16279069767441862 0.20689655172413793
itercount --------> 4
[6, 4, 5]
0.20689655172413793 0.21212121212121213
itercount --------> 5
[5, 4, 6]
0.21212121212121213 0.25
itercount --------> 6
[1, 5, 6]
0.25 0.2727272727272727
itercount --------> 7
[3, 6, 7]
[3, 6, 0]
[3, 6, 1]
0.2727272727272727 0.28
itercount --------> 8
[0, 1, 5]
[0, 1, 3]
[0, 1, 2]
[0, 1, 4]
[0, 1, 6]
0.28 0.2916666666666667
itercount --------> 9
[0, 1, 3]
[0, 1, 5]
[0, 1, 2]
[0, 1, 6]
[0, 1, 4]
0.2916666666666667 0.30434782608695654
itercount --------> 10
[0, 3, 2]
[0, 3, 5]
0.30434782608695654 0.32142857142857145
itercount --------> 11
[0, 1, 3]
[0, 1, 6]
[0, 1, 2]
0.32142857142857145 0.375
itercount --------> 12
[0, 3, 6]
[0, 3, 1]
[0, 3, 2]
[0, 3, 4]
[0, 3, 7]
0.375 0.38095238095238093
itercount --------> 13
[0, 7, 3]
0.38095238095238093 0.45454545454545453
itercount --------> 14
[0, 6, 3]
0.45454545454545453 0.5217391304347826
itercount --------> 15
[0, 1, 2]
[0, 1, 6]
[0, 1, 7]
[0, 1, 3]
[0, 1, 4]
[0, 1, 5]
[0, 1, 2, 6]
[0, 1, 2, 7]
[0, 1, 2, 3]
0.5217391304347826 0.5454545454545454
itercount --------> 16
[0, 2, 1]
[0, 2, 6]
[0, 2, 7]
[0, 2, 3]
[0, 2, 4]
[0, 2, 5]
[0, 2, 1, 6]
[0, 2, 1, 7]
[0, 2, 1, 3]
[0, 2, 1, 4]
[0, 2, 1, 5]
0.5454545454545454 0.5714285714285714
itercount --------> 17
[0, 1, 2]
[0, 1, 7]
[0, 1, 3]
[0, 1, 4]
[0, 1, 6]
[0, 1, 5]
[0, 1, 2, 7]
[0, 1, 2, 3]
[0, 1, 2, 4]
[0, 1, 2, 6]
[0, 1, 2, 5]
[0, 1, 2, 7, 3]
[0, 1, 2, 7, 4]
[0, 1, 2, 7, 6]
[0, 1, 2, 7, 5]
[0, 1, 2, 7, 3, 4]
[0, 1, 2, 7, 3, 6]
0.5714285714285714 0.6190476190476191
itercount --------> 18
[6, 3, 4]
0.6190476190476191 0.6666666666666666
itercount --------> 19
[0, 1, 2]
[0, 1, 6]
[0, 1, 3]
[0, 1, 7]
[0, 1, 5]
[0, 1, 4]
[0, 1, 2, 6]
[0, 1, 2, 3]
[0, 1, 2, 7]
[0, 1, 2, 5]
[0, 1, 2, 4]
[0, 1, 2, 6, 3]
0.6666666666666666 0.6956521739130435
itercount --------> 20
[0, 2, 3]
[0, 2, 6]
[0, 2, 7]
[0, 2, 1]
[0, 2, 5]
[0, 2, 4]
[0, 2, 3, 6]
[0, 2, 3, 7]
[0, 2, 3, 1]
[0, 2, 3, 5]
[0, 2, 3, 4]
[0, 2, 3, 6, 7]
[0, 2, 3, 6, 1]
[0, 2, 3, 6, 5]
[0, 2, 3, 6, 4]
[0, 2, 3, 6, 7, 1]
[0, 2, 3, 6, 7, 5]
[0, 2, 3, 6, 7, 4]
[0, 2, 3, 6, 7, 1, 5]
[0, 2, 3, 6, 7, 1, 4]
[0, 2, 3, 6, 7, 1, 5, 4]
failed -> 34 times
after fail n ======> 5
[0, 1, 2, 3, 6]
0.07894736842105263 0.13636363636363635
itercount --------> 1
[2, 0, 1]
0.13636363636363635 0.21428571428571427
itercount --------> 2
[6, 3, 5]
[6, 3, 4]
[6, 3, 7]
[6, 3, 0]
0.21428571428571427 0.2962962962962963
itercount --------> 3
[5, 0, 1]
[5, 0, 2]
[5, 0, 6]
[5, 0, 3]
[5, 0, 4]
0.2962962962962963 0.34615384615384615
itercount --------> 4
[0, 1, 2]
[0, 1, 3]
[0, 1, 5]
0.34615384615384615 0.36363636363636365
itercount --------> 5
[0, 1, 3]
0.36363636363636365 0.36666666666666664
itercount --------> 6
[3, 6, 0]
[3, 6, 5]
[3, 6, 7]
[3, 6, 1]
[3, 6, 2]
[3, 6, 4]
[3, 6, 0, 5]
0.36666666666666664 0.37037037037037035
itercount --------> 7
[5, 6, 3]
[5, 6, 0]
[5, 6, 4]
[5, 6, 7]
0.37037037037037035 0.3793103448275862
itercount --------> 8
[6, 5, 0]
0.3793103448275862 0.40540540540540543
itercount --------> 9
[0, 5, 6]
[0, 5, 1]
[0, 5, 3]
[0, 5, 2]
[0, 5, 7]
0.40540540540540543 0.4838709677419355
itercount --------> 10
[0, 3, 5]
[0, 3, 7]
[0, 3, 6]
[0, 3, 1]
[0, 3, 2]
[0, 3, 4]
[0, 3, 5, 7]
[0, 3, 5, 6]
[0, 3, 5, 1]
0.4838709677419355 0.5416666666666666
itercount --------> 11
[0, 3, 5]
[0, 3, 7]
[0, 3, 6]
[0, 3, 1]
[0, 3, 2]
[0, 3, 4]
[0, 3, 5, 7]
[0, 3, 5, 6]
[0, 3, 5, 1]
0.5416666666666666 0.5909090909090909
itercount --------> 12
[5, 6, 7]
[5, 6, 0]
[5, 6, 3]
[5, 6, 1]
[5, 6, 2]
[5, 6, 4]
[5, 6, 7, 0]
[5, 6, 7, 3]
[5, 6, 7, 1]
[5, 6, 7, 2]
[5, 6, 7, 4]
[5, 6, 7, 0, 3]
0.5909090909090909 0.6086956521739131
itercount --------> 13
[5, 6, 0]
[5, 6, 1]
[5, 6, 2]
[5, 6, 3]
[5, 6, 7]
[5, 6, 4]
[5, 6, 0, 1]
[5, 6, 0, 2]
[5, 6, 0, 3]
0.6086956521739131 0.6818181818181818
itercount --------> 14
[5, 6, 0]
[5, 6, 1]
[5, 6, 2]
[5, 6, 3]
[5, 6, 7]
[5, 6, 4]
[5, 6, 0, 1]
[5, 6, 0, 2]
[5, 6, 0, 3]
[5, 6, 0, 7]
[5, 6, 0, 4]
[5, 6, 0, 1, 2]
[5, 6, 0, 1, 3]
[5, 6, 0, 1, 7]
[5, 6, 0, 1, 4]
[5, 6, 0, 1, 2, 3]
[5, 6, 0, 1, 2, 7]
[5, 6, 0, 1, 2, 4]
[5, 6, 0, 1, 2, 3, 7]
[5, 6, 0, 1, 2, 3, 4]
[5, 6, 0, 1, 2, 3, 7, 4]
failed -> 35 times
after fail n ======> 6
[0, 1, 2, 3, 6, 5]
0.07894736842105263 0.13636363636363635
itercount --------> 1
[2, 0, 1]
0.13636363636363635 0.21428571428571427
itercount --------> 2
[6, 3, 5]
[6, 3, 4]
0.21428571428571427 0.25
itercount --------> 3
[6, 5, 0]
[6, 5, 1]
0.25 0.2857142857142857
itercount --------> 4
[6, 5, 4]
0.2857142857142857 0.3076923076923077
itercount --------> 5
[6, 3, 5]
0.3076923076923077 0.3103448275862069
itercount --------> 6
[5, 3, 6]
[5, 3, 7]
[5, 3, 0]
0.3103448275862069 0.32
itercount --------> 7
[3, 6, 7]
[3, 6, 5]
[3, 6, 4]
[3, 6, 0]
[3, 6, 1]
[3, 6, 2]
[3, 6, 7, 5]
[3, 6, 7, 4]
[3, 6, 7, 0]
[3, 6, 7, 1]
0.32 0.38461538461538464
itercount --------> 8
[6, 3, 5]
[6, 3, 7]
[6, 3, 0]
[6, 3, 1]
[6, 3, 2]
[6, 3, 4]
0.38461538461538464 0.4166666666666667
itercount --------> 9
[6, 5, 3]
[6, 5, 4]
0.4166666666666667 0.4583333333333333
itercount --------> 10
[6, 7, 5]
[6, 7, 3]
[6, 7, 4]
[6, 7, 0]
[6, 7, 1]
[6, 7, 2]
[6, 7, 5, 3]
[6, 7, 5, 4]
[6, 7, 5, 0]
0.4583333333333333 0.6521739130434783
itercount --------> 11
[6, 5, 3]
[6, 5, 7]
[6, 5, 0]
0.6521739130434783 0.6818181818181818
itercount --------> 12
[6, 0, 2]
[6, 0, 5]
[6, 0, 3]
[6, 0, 7]
[6, 0, 1]
[6, 0, 4]
[6, 0, 2, 5]
[6, 0, 2, 3]
[6, 0, 2, 7]
[6, 0, 2, 1]
0.6818181818181818 0.7142857142857143
itercount --------> 13
[3, 5, 6]
[3, 5, 7]
[3, 5, 0]
[3, 5, 1]
[3, 5, 2]
[3, 5, 4]
[3, 5, 6, 7]
[3, 5, 6, 0]
[3, 5, 6, 1]
[3, 5, 6, 2]
[3, 5, 6, 4]
[3, 5, 6, 7, 0]
[3, 5, 6, 7, 1]
[3, 5, 6, 7, 2]
[3, 5, 6, 7, 4]
[3, 5, 6, 7, 0, 1]
[3, 5, 6, 7, 0, 2]
[3, 5, 6, 7, 0, 4]
0.7142857142857143 0.7272727272727273
itercount --------> 14
[3, 4, 5]
[3, 4, 6]
[3, 4, 7]
[3, 4, 0]
[3, 4, 1]
[3, 4, 2]
[3, 4, 5, 6]
[3, 4, 5, 7]
[3, 4, 5, 0]
[3, 4, 5, 1]
[3, 4, 5, 2]
[3, 4, 5, 6, 7]
[3, 4, 5, 6, 0]
[3, 4, 5, 6, 1]
[3, 4, 5, 6, 2]
[3, 4, 5, 6, 7, 0]
[3, 4, 5, 6, 7, 1]
[3, 4, 5, 6, 7, 2]
[3, 4, 5, 6, 7, 0, 1]
[3, 4, 5, 6, 7, 0, 2]
[3, 4, 5, 6, 7, 0, 1, 2]
failed -> 36 times
after fail n ======> 7
[0, 1, 2, 3, 6, 5, 4]
0.07894736842105263 0.08433734939759036
itercount --------> 1
[0, 1, 2]
0.08433734939759036 0.3142857142857143
itercount --------> 2
[0, 3, 6]
[0, 3, 7]
[0, 3, 5]
[0, 3, 1]
[0, 3, 2]
0.3142857142857143 0.375
itercount --------> 3
[0, 3, 6]
0.375 0.4642857142857143
itercount --------> 4
[0, 3, 7]
[0, 3, 6]
[0, 3, 1]
[0, 3, 2]
[0, 3, 4]
[0, 3, 5]
[0, 3, 7, 6]
[0, 3, 7, 1]
[0, 3, 7, 2]
0.4642857142857143 0.5185185185185185
itercount --------> 5
[0, 5, 1]
0.5185185185185185 0.5217391304347826
itercount --------> 6
[0, 1, 2]
0.5217391304347826 0.6
itercount --------> 7
[0, 2, 1]
0.6 0.625
itercount --------> 8
[0, 1, 2]
[0, 1, 5]
[0, 1, 6]
[0, 1, 3]
[0, 1, 7]
[0, 1, 4]
[0, 1, 2, 5]
[0, 1, 2, 6]
0.625 0.6521739130434783
itercount --------> 9
[0, 1, 2]
[0, 1, 5]
[0, 1, 3]
[0, 1, 6]
[0, 1, 7]
[0, 1, 4]
[0, 1, 2, 5]
[0, 1, 2, 3]
[0, 1, 2, 6]
[0, 1, 2, 7]
[0, 1, 2, 4]
[0, 1, 2, 5, 3]
0.6521739130434783 0.6956521739130435
itercount --------> 10
[0, 1, 2]
[0, 1, 5]
[0, 1, 6]
[0, 1, 3]
[0, 1, 7]
[0, 1, 4]
[0, 1, 2, 5]
[0, 1, 2, 6]
[0, 1, 2, 3]
[0, 1, 2, 7]
0.6956521739130435 0.7272727272727273
itercount --------> 11
[0, 6, 1]
[0, 6, 2]
[0, 6, 5]
[0, 6, 7]
[0, 6, 3]
[0, 6, 4]
[0, 6, 1, 2]
[0, 6, 1, 5]
[0, 6, 1, 7]
[0, 6, 1, 3]
[0, 6, 1, 4]
[0, 6, 1, 2, 5]
[0, 6, 1, 2, 7]
[0, 6, 1, 2, 3]
[0, 6, 1, 2, 4]
[0, 6, 1, 2, 5, 7]
[0, 6, 1, 2, 5, 3]
[0, 6, 1, 2, 5, 4]
0.7272727272727273 0.7391304347826086
itercount --------> 12
[0, 3, 1]
[0, 3, 2]
[0, 3, 5]
[0, 3, 6]
[0, 3, 7]
[0, 3, 4]
[0, 3, 1, 2]
[0, 3, 1, 5]
[0, 3, 1, 6]
[0, 3, 1, 7]
[0, 3, 1, 4]
[0, 3, 1, 2, 5]
[0, 3, 1, 2, 6]
[0, 3, 1, 2, 7]
[0, 3, 1, 2, 4]
[0, 3, 1, 2, 5, 6]
[0, 3, 1, 2, 5, 7]
[0, 3, 1, 2, 5, 4]
[0, 3, 1, 2, 5, 6, 7]
[0, 3, 1, 2, 5, 6, 4]
[0, 3, 1, 2, 5, 6, 7, 4]
failed -> 37 times
after fail n ======> 8
[0, 1, 2, 3, 6, 5, 4, 7]
0.07894736842105263 0.13636363636363635
itercount --------> 1
[0, 1, 2]
0.13636363636363635 0.21428571428571427
itercount --------> 2
[6, 3, 5]
[6, 3, 4]
0.21428571428571427 0.25
itercount --------> 3
[6, 5, 0]
[6, 5, 1]
0.25 0.3076923076923077
itercount --------> 4
[6, 3, 5]
[6, 3, 7]
[6, 3, 4]
[6, 3, 0]
[6, 3, 1]
[6, 3, 2]
[6, 3, 5, 7]
0.3076923076923077 0.36363636363636365
itercount --------> 5
[0, 1, 2]
[0, 1, 3]
[0, 1, 7]
[0, 1, 5]
[0, 1, 4]
[0, 1, 6]
[0, 1, 2, 3]
[0, 1, 2, 7]
[0, 1, 2, 5]
[0, 1, 2, 4]
[0, 1, 2, 6]
0.36363636363636365 0.4090909090909091
itercount --------> 6
[0, 1, 2]
[0, 1, 3]
0.4090909090909091 0.4166666666666667
itercount --------> 7
[0, 2, 1]
[0, 2, 3]
0.4166666666666667 0.45
itercount --------> 8
[7, 0, 1]
[7, 0, 2]
[7, 0, 3]
0.45 0.4782608695652174
itercount --------> 9
[5, 4, 3]
[5, 4, 7]
[5, 4, 6]
[5, 4, 0]
[5, 4, 1]
[5, 4, 2]
[5, 4, 3, 7]
0.4782608695652174 0.6666666666666666
itercount --------> 10
[0, 1, 2]
[0, 1, 5]
[0, 1, 3]
[0, 1, 6]
[0, 1, 7]
0.6666666666666666 0.6956521739130435
itercount --------> 11
[3, 5, 6]
[3, 5, 7]
[3, 5, 0]
[3, 5, 1]
[3, 5, 2]
[3, 5, 4]
[3, 5, 6, 7]
[3, 5, 6, 0]
[3, 5, 6, 1]
[3, 5, 6, 2]
[3, 5, 6, 4]
[3, 5, 6, 7, 0]
[3, 5, 6, 7, 1]
[3, 5, 6, 7, 2]
[3, 5, 6, 7, 4]
[3, 5, 6, 7, 0, 1]
[3, 5, 6, 7, 0, 2]
[3, 5, 6, 7, 0, 4]
[3, 5, 6, 7, 0, 1, 2]
[3, 5, 6, 7, 0, 1, 4]
[3, 5, 6, 7, 0, 1, 2, 4]
failed -> 38 times
after fail n ======> 5
[0, 1, 2, 3, 6]
0.07894736842105263 0.0967741935483871
itercount --------> 1
[3, 2, 6]
0.0967741935483871 0.13333333333333333
itercount --------> 2
[2, 3, 4]
0.13333333333333333 0.16279069767441862
itercount --------> 3
[2, 3, 0]
0.16279069767441862 0.30434782608695654
itercount --------> 4
[3, 7, 6]
[3, 7, 0]
0.30434782608695654 0.3181818181818182
itercount --------> 5
[3, 7, 6]
[3, 7, 5]
[3, 7, 0]
0.3181818181818182 0.4117647058823529
itercount --------> 6
[0, 2, 1]
[0, 2, 3]
[0, 2, 6]
[0, 2, 7]
[0, 2, 4]
[0, 2, 5]
[0, 2, 1, 3]
0.4117647058823529 0.4375
itercount --------> 7
[2, 3, 6]
[2, 3, 7]
[2, 3, 0]
[2, 3, 4]
[2, 3, 5]
0.4375 0.44
itercount --------> 8
[2, 3, 6]
[2, 3, 0]
[2, 3, 7]
[2, 3, 5]
0.44 0.4782608695652174
itercount --------> 9
[3, 2, 6]
[3, 2, 5]
[3, 2, 4]
[3, 2, 7]
[3, 2, 0]
[3, 2, 1]
0.4782608695652174 0.5
itercount --------> 10
[3, 7, 6]
[3, 7, 5]
[3, 7, 4]
[3, 7, 0]
[3, 7, 1]
[3, 7, 2]
[3, 7, 6, 5]
[3, 7, 6, 4]
[3, 7, 6, 0]
[3, 7, 6, 1]
[3, 7, 6, 2]
[3, 7, 6, 5, 4]
[3, 7, 6, 5, 0]
[3, 7, 6, 5, 1]
[3, 7, 6, 5, 2]
[3, 7, 6, 5, 4, 0]
0.5 0.5217391304347826
itercount --------> 11
[3, 4, 7]
[3, 4, 5]
[3, 4, 6]
[3, 4, 0]
[3, 4, 1]
0.5217391304347826 0.6086956521739131
itercount --------> 12
[1, 2, 4]
[1, 2, 6]
[1, 2, 0]
[1, 2, 3]
[1, 2, 5]
[1, 2, 7]
[1, 2, 4, 6]
[1, 2, 4, 0]
[1, 2, 4, 3]
0.6086956521739131 0.68
itercount --------> 13
[1, 2, 0]
[1, 2, 3]
[1, 2, 5]
[1, 2, 6]
[1, 2, 7]
[1, 2, 4]
[1, 2, 0, 3]
[1, 2, 0, 5]
[1, 2, 0, 6]
[1, 2, 0, 7]
0.68 0.7083333333333334
itercount --------> 14
[0, 1, 2]
[0, 1, 3]
[0, 1, 5]
[0, 1, 6]
[0, 1, 7]
[0, 1, 4]
[0, 1, 2, 3]
[0, 1, 2, 5]
[0, 1, 2, 6]
[0, 1, 2, 7]
[0, 1, 2, 4]
[0, 1, 2, 3, 5]
[0, 1, 2, 3, 6]
[0, 1, 2, 3, 7]
[0, 1, 2, 3, 4]
[0, 1, 2, 3, 5, 6]
[0, 1, 2, 3, 5, 7]
[0, 1, 2, 3, 5, 4]
[0, 1, 2, 3, 5, 6, 7]
[0, 1, 2, 3, 5, 6, 4]
[0, 1, 2, 3, 5, 6, 7, 4]
failed -> 39 times
after fail n ======> 6
[0, 1, 2, 3, 6, 5]
0.07894736842105263 0.13636363636363635
itercount --------> 1
[2, 0, 1]
0.13636363636363635 0.21428571428571427
itercount --------> 2
[6, 3, 5]
[6, 3, 4]
0.21428571428571427 0.25
itercount --------> 3
[6, 5, 0]
0.25 0.3076923076923077
itercount --------> 4
[6, 3, 5]
0.3076923076923077 0.3103448275862069
itercount --------> 5
[5, 3, 6]
[5, 3, 7]
0.3103448275862069 0.36363636363636365
itercount --------> 6
[0, 1, 2]
[0, 1, 3]
[0, 1, 7]
[0, 1, 5]
[0, 1, 4]
[0, 1, 6]
[0, 1, 2, 3]
[0, 1, 2, 7]
[0, 1, 2, 5]
[0, 1, 2, 4]
[0, 1, 2, 6]
0.36363636363636365 0.4090909090909091
itercount --------> 7
[0, 1, 2]
[0, 1, 3]
0.4090909090909091 0.42857142857142855
itercount --------> 8
[0, 1, 2]
[0, 1, 7]
[0, 1, 3]
0.42857142857142855 0.43478260869565216
itercount --------> 9
[0, 1, 2]
[0, 1, 4]
[0, 1, 3]
[0, 1, 5]
[0, 1, 7]
[0, 1, 6]
[0, 1, 2, 4]
0.43478260869565216 0.45454545454545453
itercount --------> 10
[0, 2, 4]
[0, 2, 3]
0.45454545454545453 0.47368421052631576
itercount --------> 11
[5, 7, 3]
[5, 7, 4]
0.47368421052631576 0.5263157894736842
itercount --------> 12
[7, 4, 0]
[7, 4, 1]
[7, 4, 2]
[7, 4, 5]
[7, 4, 3]
[7, 4, 6]
[7, 4, 0, 1]
[7, 4, 0, 2]
[7, 4, 0, 5]
[7, 4, 0, 3]
0.5263157894736842 0.6190476190476191
itercount --------> 13
[0, 1, 2]
[0, 1, 7]
[0, 1, 5]
[0, 1, 3]
[0, 1, 4]
[0, 1, 6]
[0, 1, 2, 7]
[0, 1, 2, 5]
[0, 1, 2, 3]
[0, 1, 2, 4]
[0, 1, 2, 6]
[0, 1, 2, 7, 5]
[0, 1, 2, 7, 3]
[0, 1, 2, 7, 4]
[0, 1, 2, 7, 6]
[0, 1, 2, 7, 5, 3]
0.6190476190476191 0.6521739130434783
itercount --------> 14
[3, 7, 5]
[3, 7, 0]
[3, 7, 1]
[3, 7, 2]
[3, 7, 6]
[3, 7, 4]
[3, 7, 5, 0]
[3, 7, 5, 1]
[3, 7, 5, 2]
[3, 7, 5, 6]
[3, 7, 5, 4]
[3, 7, 5, 0, 1]
[3, 7, 5, 0, 2]
[3, 7, 5, 0, 6]
[3, 7, 5, 0, 4]
[3, 7, 5, 0, 1, 2]
0.6521739130434783 0.6666666666666666
itercount --------> 15
[0, 1, 2]
[0, 1, 3]
[0, 1, 5]
[0, 1, 6]
[0, 1, 7]
[0, 1, 4]
[0, 1, 2, 3]
[0, 1, 2, 5]
[0, 1, 2, 6]
[0, 1, 2, 7]
0.6666666666666666 0.6956521739130435
itercount --------> 16
[3, 5, 6]
[3, 5, 7]
[3, 5, 0]
[3, 5, 1]
[3, 5, 2]
[3, 5, 4]
[3, 5, 6, 7]
[3, 5, 6, 0]
[3, 5, 6, 1]
[3, 5, 6, 2]
[3, 5, 6, 4]
[3, 5, 6, 7, 0]
[3, 5, 6, 7, 1]
[3, 5, 6, 7, 2]
[3, 5, 6, 7, 4]
[3, 5, 6, 7, 0, 1]
[3, 5, 6, 7, 0, 2]
[3, 5, 6, 7, 0, 4]
[3, 5, 6, 7, 0, 1, 2]
[3, 5, 6, 7, 0, 1, 4]
[3, 5, 6, 7, 0, 1, 2, 4]
failed -> 40 times
after fail n ======> 7
[0, 1, 2, 3, 6, 5, 4]
0.07894736842105263 0.08695652173913043
itercount --------> 1
[2, 0, 1]
0.08695652173913043 0.18181818181818182
itercount --------> 2
[4, 3, 6]
0.18181818181818182 0.27586206896551724
itercount --------> 3
[6, 5, 7]
0.27586206896551724 0.4074074074074074
itercount --------> 4
[6, 5, 4]
[6, 5, 7]
[6, 5, 3]
[6, 5, 0]
[6, 5, 1]
[6, 5, 2]
[6, 5, 4, 7]
[6, 5, 4, 3]
[6, 5, 4, 0]
[6, 5, 4, 1]
0.4074074074074074 0.45454545454545453
itercount --------> 5
[7, 3, 4]
[7, 3, 6]
[7, 3, 5]
0.45454545454545453 0.4583333333333333
itercount --------> 6
[3, 4, 5]
[3, 4, 6]
[3, 4, 7]
[3, 4, 0]
[3, 4, 1]
[3, 4, 2]
[3, 4, 5, 6]
[3, 4, 5, 7]
[3, 4, 5, 0]
[3, 4, 5, 1]
[3, 4, 5, 2]
[3, 4, 5, 6, 7]
0.4583333333333333 0.55
itercount --------> 7
[0, 1, 2]
[0, 1, 5]
[0, 1, 7]
[0, 1, 4]
[0, 1, 3]
[0, 1, 6]
[0, 1, 2, 5]
0.55 0.5909090909090909
itercount --------> 8
[4, 5, 7]
[4, 5, 3]
[4, 5, 0]
[4, 5, 1]
0.5909090909090909 0.65
itercount --------> 9
[0, 1, 2]
[0, 1, 5]
[0, 1, 7]
[0, 1, 3]
[0, 1, 4]
[0, 1, 6]
[0, 1, 2, 5]
[0, 1, 2, 7]
[0, 1, 2, 3]
[0, 1, 2, 4]
[0, 1, 2, 6]
[0, 1, 2, 5, 7]
[0, 1, 2, 5, 3]
[0, 1, 2, 5, 4]
[0, 1, 2, 5, 6]
[0, 1, 2, 5, 7, 3]
0.65 0.6521739130434783
itercount --------> 10
[3, 7, 5]
[3, 7, 0]
[3, 7, 1]
[3, 7, 2]
[3, 7, 6]
[3, 7, 4]
[3, 7, 5, 0]
[3, 7, 5, 1]
0.6521739130434783 0.7272727272727273
itercount --------> 11
[3, 5, 6]
[3, 5, 7]
[3, 5, 0]
[3, 5, 1]
[3, 5, 2]
[3, 5, 4]
[3, 5, 6, 7]
[3, 5, 6, 0]
[3, 5, 6, 1]
[3, 5, 6, 2]
[3, 5, 6, 4]
[3, 5, 6, 7, 0]
[3, 5, 6, 7, 1]
[3, 5, 6, 7, 2]
[3, 5, 6, 7, 4]
[3, 5, 6, 7, 0, 1]
[3, 5, 6, 7, 0, 2]
[3, 5, 6, 7, 0, 4]
[3, 5, 6, 7, 0, 1, 2]
[3, 5, 6, 7, 0, 1, 4]
[3, 5, 6, 7, 0, 1, 2, 4]
failed -> 41 times
after fail n ======> 8
[0, 1, 2, 3, 6, 5, 4, 7]
0.07894736842105263 0.08196721311475409
itercount --------> 1
[0, 1, 2]
0.08196721311475409 0.2
itercount --------> 2
[3, 7, 4]
0.2 0.2413793103448276
itercount --------> 3
[7, 3, 0]
[7, 3, 1]
[7, 3, 2]
0.2413793103448276 0.25
itercount --------> 4
[2, 7, 3]
0.25 0.2903225806451613
itercount --------> 5
[7, 0, 1]
0.2903225806451613 0.2916666666666667
itercount --------> 6
[3, 7, 6]
[3, 7, 4]
0.2916666666666667 0.4
itercount --------> 7
[3, 7, 6]
0.4 0.4230769230769231
itercount --------> 8
[3, 6, 5]
0.4230769230769231 0.4444444444444444
itercount --------> 9
[5, 6, 0]
[5, 6, 1]
[5, 6, 2]
[5, 6, 3]
0.4444444444444444 0.45454545454545453
itercount --------> 10
[0, 1, 2]
[0, 1, 6]
[0, 1, 3]
[0, 1, 7]
[0, 1, 5]
0.45454545454545453 0.4782608695652174
itercount --------> 11
[3, 6, 5]
[3, 6, 4]
[3, 6, 7]
[3, 6, 0]
[3, 6, 1]
[3, 6, 2]
[3, 6, 5, 4]
[3, 6, 5, 7]
[3, 6, 5, 0]
[3, 6, 5, 1]
[3, 6, 5, 2]
[3, 6, 5, 4, 7]
0.4782608695652174 0.5
itercount --------> 12
[0, 1, 2]
[0, 1, 5]
[0, 1, 6]
[0, 1, 3]
[0, 1, 4]
[0, 1, 7]
[0, 1, 2, 5]
[0, 1, 2, 6]
[0, 1, 2, 3]
[0, 1, 2, 4]
[0, 1, 2, 7]
[0, 1, 2, 5, 6]
[0, 1, 2, 5, 3]
[0, 1, 2, 5, 4]
[0, 1, 2, 5, 7]
[0, 1, 2, 5, 6, 3]
0.5 0.52
itercount --------> 13
[5, 0, 1]
[5, 0, 2]
[5, 0, 3]
[5, 0, 6]
[5, 0, 7]
[5, 0, 4]
[5, 0, 1, 2]
[5, 0, 1, 3]
[5, 0, 1, 6]
[5, 0, 1, 7]
[5, 0, 1, 4]
[5, 0, 1, 2, 3]
[5, 0, 1, 2, 6]
[5, 0, 1, 2, 7]
[5, 0, 1, 2, 4]
[5, 0, 1, 2, 3, 6]
[5, 0, 1, 2, 3, 7]
[5, 0, 1, 2, 3, 4]
0.52 0.5555555555555556
itercount --------> 14
[5, 0, 1]
[5, 0, 2]
[5, 0, 6]
0.5555555555555556 0.6
itercount --------> 15
[0, 1, 2]
[0, 1, 5]
[0, 1, 6]
[0, 1, 3]
[0, 1, 4]
[0, 1, 7]
0.6 0.6521739130434783
itercount --------> 16
[0, 1, 2]
[0, 1, 5]
[0, 1, 3]
[0, 1, 4]
[0, 1, 6]
[0, 1, 7]
[0, 1, 2, 5]
[0, 1, 2, 3]
[0, 1, 2, 4]
0.6521739130434783 0.7142857142857143
itercount --------> 17
[0, 1, 2]
[0, 1, 3]
[0, 1, 5]
[0, 1, 6]
[0, 1, 4]
[0, 1, 7]
[0, 1, 2, 3]
0.7142857142857143 0.75
itercount --------> 18
[3, 5, 6]
[3, 5, 4]
[3, 5, 0]
[3, 5, 1]
[3, 5, 2]
[3, 5, 7]
[3, 5, 6, 4]
[3, 5, 6, 0]
[3, 5, 6, 1]
[3, 5, 6, 2]
[3, 5, 6, 7]
[3, 5, 6, 4, 0]
[3, 5, 6, 4, 1]
[3, 5, 6, 4, 2]
[3, 5, 6, 4, 7]
[3, 5, 6, 4, 0, 1]
[3, 5, 6, 4, 0, 2]
[3, 5, 6, 4, 0, 7]
[3, 5, 6, 4, 0, 1, 2]
[3, 5, 6, 4, 0, 1, 7]
[3, 5, 6, 4, 0, 1, 2, 7]
failed -> 42 times
after fail n ======> 5
[0, 1, 2, 3, 6]
0.07894736842105263 0.08695652173913043
itercount --------> 1
[3, 0, 1]
0.08695652173913043 0.13333333333333333
itercount --------> 2
[3, 2, 4]
0.13333333333333333 0.21951219512195122
itercount --------> 3
[2, 3, 0]
0.21951219512195122 0.2692307692307692
itercount --------> 4
[3, 2, 6]
[3, 2, 0]
[3, 2, 1]
0.2692307692307692 0.3235294117647059
itercount --------> 5
[2, 3, 5]
0.3235294117647059 0.36
itercount --------> 6
[3, 6, 7]
[3, 6, 5]
[3, 6, 0]
[3, 6, 1]
[3, 6, 2]
[3, 6, 4]
[3, 6, 7, 5]
[3, 6, 7, 0]
[3, 6, 7, 1]
0.36 0.4583333333333333
itercount --------> 7
[3, 6, 5]
[3, 6, 7]
[3, 6, 4]
[3, 6, 0]
[3, 6, 1]
[3, 6, 2]
[3, 6, 5, 7]
[3, 6, 5, 4]
0.4583333333333333 0.5384615384615384
itercount --------> 8
[6, 5, 7]
[6, 5, 3]
[6, 5, 0]
[6, 5, 1]
0.5384615384615384 0.7142857142857143
itercount --------> 9
[3, 5, 6]
[3, 5, 7]
[3, 5, 0]
[3, 5, 1]
[3, 5, 2]
[3, 5, 4]
[3, 5, 6, 7]
[3, 5, 6, 0]
[3, 5, 6, 1]
[3, 5, 6, 2]
[3, 5, 6, 4]
[3, 5, 6, 7, 0]
[3, 5, 6, 7, 1]
[3, 5, 6, 7, 2]
[3, 5, 6, 7, 4]
[3, 5, 6, 7, 0, 1]
[3, 5, 6, 7, 0, 2]
[3, 5, 6, 7, 0, 4]
0.7142857142857143 0.7272727272727273
itercount --------> 10
[3, 4, 5]
[3, 4, 6]
[3, 4, 7]
[3, 4, 0]
[3, 4, 1]
[3, 4, 2]
[3, 4, 5, 6]
[3, 4, 5, 7]
[3, 4, 5, 0]
[3, 4, 5, 1]
[3, 4, 5, 2]
[3, 4, 5, 6, 7]
[3, 4, 5, 6, 0]
[3, 4, 5, 6, 1]
[3, 4, 5, 6, 2]
[3, 4, 5, 6, 7, 0]
[3, 4, 5, 6, 7, 1]
[3, 4, 5, 6, 7, 2]
[3, 4, 5, 6, 7, 0, 1]
[3, 4, 5, 6, 7, 0, 2]
[3, 4, 5, 6, 7, 0, 1, 2]
failed -> 43 times
after fail n ======> 6
[0, 1, 2, 3, 6, 5]
0.07894736842105263 0.08333333333333333
itercount --------> 1
[2, 1, 0]
0.08333333333333333 0.21428571428571427
itercount --------> 2
[6, 2, 4]
0.21428571428571427 0.2903225806451613
itercount --------> 3
[2, 6, 3]
[2, 6, 5]
0.2903225806451613 0.29411764705882354
itercount --------> 4
[6, 2, 3]
[6, 2, 5]
0.29411764705882354 0.3076923076923077
itercount --------> 5
[6, 3, 5]
0.3076923076923077 0.3103448275862069
itercount --------> 6
[2, 5, 6]
[2, 5, 3]
0.3103448275862069 0.36
itercount --------> 7
[3, 6, 2]
[3, 6, 5]
[3, 6, 7]
[3, 6, 0]
[3, 6, 1]
[3, 6, 4]
[3, 6, 2, 5]
[3, 6, 2, 7]
0.36 0.44
itercount --------> 8
[6, 3, 5]
[6, 3, 7]
[6, 3, 4]
[6, 3, 0]
0.44 0.4666666666666667
itercount --------> 9
[0, 6, 1]
[0, 6, 2]
[0, 6, 5]
0.4666666666666667 0.5217391304347826
itercount --------> 10
[0, 1, 2]
0.5217391304347826 0.5454545454545454
itercount --------> 11
[0, 1, 2]
[0, 1, 5]
0.5454545454545454 0.56
itercount --------> 12
[0, 1, 2]
[0, 1, 5]
[0, 1, 6]
0.56 0.6363636363636364
itercount --------> 13
[5, 6, 3]
0.6363636363636364 0.64
itercount --------> 14
[6, 5, 7]
[6, 5, 0]
[6, 5, 1]
[6, 5, 2]
[6, 5, 3]
[6, 5, 4]
[6, 5, 7, 0]
[6, 5, 7, 1]
[6, 5, 7, 2]
0.64 0.6666666666666666
itercount --------> 15
[1, 2, 0]
[1, 2, 3]
[1, 2, 6]
[1, 2, 7]
[1, 2, 5]
[1, 2, 4]
[1, 2, 0, 3]
[1, 2, 0, 6]
[1, 2, 0, 7]
[1, 2, 0, 5]
[1, 2, 0, 4]
[1, 2, 0, 3, 6]
[1, 2, 0, 3, 7]
[1, 2, 0, 3, 5]
[1, 2, 0, 3, 4]
[1, 2, 0, 3, 6, 7]
[1, 2, 0, 3, 6, 5]
[1, 2, 0, 3, 6, 4]
[1, 2, 0, 3, 6, 7, 5]
[1, 2, 0, 3, 6, 7, 4]
[1, 2, 0, 3, 6, 7, 5, 4]
0.6666666666666666 0.68
itercount --------> 16
[1, 2, 3]
[1, 2, 5]
[1, 2, 6]
[1, 2, 7]
[1, 2, 0]
[1, 2, 4]
[1, 2, 3, 5]
[1, 2, 3, 6]
[1, 2, 3, 7]
[1, 2, 3, 0]
[1, 2, 3, 4]
[1, 2, 3, 5, 6]
[1, 2, 3, 5, 7]
[1, 2, 3, 5, 0]
[1, 2, 3, 5, 4]
[1, 2, 3, 5, 6, 7]
[1, 2, 3, 5, 6, 0]
[1, 2, 3, 5, 6, 4]
[1, 2, 3, 5, 6, 7, 0]
[1, 2, 3, 5, 6, 7, 4]
[1, 2, 3, 5, 6, 7, 0, 4]
0.68 0.7391304347826086
itercount --------> 17
[0, 1, 2]
[0, 1, 3]
[0, 1, 7]
[0, 1, 5]
[0, 1, 4]
[0, 1, 6]
[0, 1, 2, 3]
[0, 1, 2, 7]
[0, 1, 2, 5]
[0, 1, 2, 4]
[0, 1, 2, 6]
[0, 1, 2, 3, 7]
[0, 1, 2, 3, 5]
[0, 1, 2, 3, 4]
[0, 1, 2, 3, 6]
[0, 1, 2, 3, 7, 5]
[0, 1, 2, 3, 7, 4]
[0, 1, 2, 3, 7, 6]
[0, 1, 2, 3, 7, 5, 4]
[0, 1, 2, 3, 7, 5, 6]
[0, 1, 2, 3, 7, 5, 4, 6]
failed -> 44 times
after fail n ======> 7
[0, 1, 2, 3, 6, 5, 4]
0.07894736842105263 0.13636363636363635
itercount --------> 1
[2, 0, 1]
[2, 0, 3]
0.13636363636363635 0.14814814814814814
itercount --------> 2
[0, 2, 1]
[0, 2, 5]
0.14814814814814814 0.21621621621621623
itercount --------> 3
[0, 1, 2]
[0, 1, 5]
0.21621621621621623 0.25
itercount --------> 4
[0, 5, 2]
[0, 5, 3]
[0, 5, 4]
0.25 0.3076923076923077
itercount --------> 5
[0, 2, 3]
0.3076923076923077 0.34782608695652173
itercount --------> 6
[3, 6, 7]
[3, 6, 5]
[3, 6, 0]
[3, 6, 1]
[3, 6, 2]
[3, 6, 4]
[3, 6, 7, 5]
0.34782608695652173 0.45454545454545453
itercount --------> 7
[6, 3, 5]
0.45454545454545453 0.5
itercount --------> 8
[0, 1, 2]
[0, 1, 5]
[0, 1, 6]
[0, 1, 3]
0.5 0.5454545454545454
itercount --------> 9
[0, 1, 2]
[0, 1, 5]
[0, 1, 3]
[0, 1, 6]
[0, 1, 4]
[0, 1, 7]
[0, 1, 2, 5]
[0, 1, 2, 3]
[0, 1, 2, 6]
[0, 1, 2, 4]
[0, 1, 2, 7]
[0, 1, 2, 5, 3]
[0, 1, 2, 5, 6]
[0, 1, 2, 5, 4]
[0, 1, 2, 5, 7]
[0, 1, 2, 5, 3, 6]
0.5454545454545454 0.5833333333333334
itercount --------> 10
[0, 1, 2]
[0, 1, 5]
[0, 1, 6]
[0, 1, 3]
[0, 1, 7]
[0, 1, 4]
[0, 1, 2, 5]
[0, 1, 2, 6]
[0, 1, 2, 3]
[0, 1, 2, 7]
[0, 1, 2, 4]
[0, 1, 2, 5, 6]
[0, 1, 2, 5, 3]
[0, 1, 2, 5, 7]
[0, 1, 2, 5, 4]
[0, 1, 2, 5, 6, 3]
[0, 1, 2, 5, 6, 7]
[0, 1, 2, 5, 6, 4]
[0, 1, 2, 5, 6, 3, 7]
[0, 1, 2, 5, 6, 3, 4]
[0, 1, 2, 5, 6, 3, 7, 4]
failed -> 45 times
after fail n ======> 8
[0, 1, 2, 3, 6, 5, 4, 7]
0.07894736842105263 0.08695652173913043
itercount --------> 1
[0, 1, 2]
0.08695652173913043 0.13333333333333333
itercount --------> 2
[0, 3, 7]
0.13333333333333333 0.22727272727272727
itercount --------> 3
[3, 0, 4]
0.22727272727272727 0.2857142857142857
itercount --------> 4
[3, 4, 6]
[3, 4, 7]
[3, 4, 1]
[3, 4, 2]
[3, 4, 5]
0.2857142857142857 0.35
itercount --------> 5
[3, 1, 2]
[3, 1, 4]
[3, 1, 5]
[3, 1, 0]
[3, 1, 6]
[3, 1, 7]
0.35 0.3684210526315789
itercount --------> 6
[0, 1, 2]
[0, 1, 3]
[0, 1, 5]
[0, 1, 7]
[0, 1, 4]
[0, 1, 6]
[0, 1, 2, 3]
[0, 1, 2, 5]
[0, 1, 2, 7]
[0, 1, 2, 4]
[0, 1, 2, 6]
[0, 1, 2, 3, 5]
[0, 1, 2, 3, 7]
0.3684210526315789 0.4
itercount --------> 7
[3, 4, 6]
[3, 4, 7]
[3, 4, 0]
[3, 4, 1]
[3, 4, 2]
[3, 4, 5]
[3, 4, 6, 7]
[3, 4, 6, 0]
0.4 0.5454545454545454
itercount --------> 8
[0, 7, 5]
0.5454545454545454 0.5789473684210527
itercount --------> 9
[0, 1, 2]
[0, 1, 5]
[0, 1, 7]
[0, 1, 4]
[0, 1, 3]
[0, 1, 6]
[0, 1, 2, 5]
0.5789473684210527 0.631578947368421
itercount --------> 10
[0, 1, 2]
[0, 1, 5]
[0, 1, 7]
[0, 1, 4]
[0, 1, 3]
[0, 1, 6]
[0, 1, 2, 5]
[0, 1, 2, 7]
[0, 1, 2, 4]
[0, 1, 2, 3]
[0, 1, 2, 6]
[0, 1, 2, 5, 7]
[0, 1, 2, 5, 4]
0.631578947368421 0.65
itercount --------> 11
[4, 7, 5]
[4, 7, 3]
[4, 7, 0]
[4, 7, 1]
[4, 7, 2]
[4, 7, 6]
[4, 7, 5, 3]
[4, 7, 5, 0]
[4, 7, 5, 1]
[4, 7, 5, 2]
[4, 7, 5, 6]
[4, 7, 5, 3, 0]
[4, 7, 5, 3, 1]
[4, 7, 5, 3, 2]
[4, 7, 5, 3, 6]
[4, 7, 5, 3, 0, 1]
[4, 7, 5, 3, 0, 2]
[4, 7, 5, 3, 0, 6]
[4, 7, 5, 3, 0, 1, 2]
[4, 7, 5, 3, 0, 1, 6]
[4, 7, 5, 3, 0, 1, 2, 6]
failed -> 46 times
after fail n ======> 5
[0, 1, 2, 3, 6]
0.07894736842105263 0.10526315789473684
itercount --------> 1
[0, 3, 5]
[0, 3, 4]
[0, 3, 1]
0.10526315789473684 0.14893617021276595
itercount --------> 2
[0, 1, 5]
[0, 1, 2]
0.14893617021276595 0.15384615384615385
itercount --------> 3
[2, 1, 0]
0.15384615384615385 0.2857142857142857
itercount --------> 4
[0, 1, 2]
[0, 1, 4]
0.2857142857142857 0.36363636363636365
itercount --------> 5
[0, 1, 2]
[0, 1, 7]
[0, 1, 3]
[0, 1, 6]
0.36363636363636365 0.375
itercount --------> 6
[0, 1, 6]
[0, 1, 3]
[0, 1, 5]
[0, 1, 2]
[0, 1, 7]
0.375 0.39285714285714285
itercount --------> 7
[0, 1, 6]
0.39285714285714285 0.4074074074074074
itercount --------> 8
[0, 6, 1]
[0, 6, 7]
[0, 6, 2]
[0, 6, 4]
0.4074074074074074 0.4583333333333333
itercount --------> 9
[6, 5, 7]
[6, 5, 3]
[6, 5, 4]
[6, 5, 0]
[6, 5, 1]
[6, 5, 2]
[6, 5, 7, 3]
[6, 5, 7, 4]
[6, 5, 7, 0]
0.4583333333333333 0.4827586206896552
itercount --------> 10
[6, 5, 0]
[6, 5, 1]
[6, 5, 2]
[6, 5, 3]
[6, 5, 4]
[6, 5, 7]
[6, 5, 0, 1]
[6, 5, 0, 2]
[6, 5, 0, 3]
[6, 5, 0, 4]
[6, 5, 0, 7]
[6, 5, 0, 1, 2]
0.4827586206896552 0.5185185185185185
itercount --------> 11
[6, 5, 4]
[6, 5, 1]
[6, 5, 2]
[6, 5, 3]
[6, 5, 7]
[6, 5, 0]
[6, 5, 4, 1]
[6, 5, 4, 2]
[6, 5, 4, 3]
[6, 5, 4, 7]
[6, 5, 4, 0]
[6, 5, 4, 1, 2]
[6, 5, 4, 1, 3]
[6, 5, 4, 1, 7]
[6, 5, 4, 1, 0]
[6, 5, 4, 1, 2, 3]
0.5185185185185185 0.5217391304347826
itercount --------> 12
[5, 6, 3]
[5, 6, 7]
[5, 6, 4]
0.5217391304347826 0.5384615384615384
itercount --------> 13
[5, 6, 7]
[5, 6, 3]
[5, 6, 4]
[5, 6, 0]
[5, 6, 1]
[5, 6, 2]
[5, 6, 7, 3]
[5, 6, 7, 4]
[5, 6, 7, 0]
[5, 6, 7, 1]
[5, 6, 7, 2]
[5, 6, 7, 3, 4]
[5, 6, 7, 3, 0]
[5, 6, 7, 3, 1]
[5, 6, 7, 3, 2]
[5, 6, 7, 3, 4, 0]
[5, 6, 7, 3, 4, 1]
[5, 6, 7, 3, 4, 2]
[5, 6, 7, 3, 4, 0, 1]
[5, 6, 7, 3, 4, 0, 2]
[5, 6, 7, 3, 4, 0, 1, 2]
failed -> 47 times
after fail n ======> 6
[0, 1, 2, 3, 6, 5]
0.07894736842105263 0.13333333333333333
itercount --------> 1
[3, 0, 4]
0.13333333333333333 0.14285714285714285
itercount --------> 2
[3, 4, 6]
0.14285714285714285 0.15
itercount --------> 3
[3, 4, 7]
0.15 0.23809523809523808
itercount --------> 4
[3, 6, 7]
[3, 6, 5]
[3, 6, 4]
[3, 6, 0]
[3, 6, 1]
[3, 6, 2]
[3, 6, 7, 5]
0.23809523809523808 0.2413793103448276
itercount --------> 5
[3, 5, 0]
[3, 5, 7]
[3, 5, 1]
[3, 5, 2]
0.2413793103448276 0.3
itercount --------> 6
[0, 7, 3]
[0, 7, 4]
[0, 7, 6]
[0, 7, 5]
[0, 7, 1]
0.3 0.3181818181818182
itercount --------> 7
[3, 7, 5]
[3, 7, 6]
[3, 7, 4]
[3, 7, 0]
[3, 7, 1]
0.3181818181818182 0.391304347826087
itercount --------> 8
[3, 6, 4]
[3, 6, 5]
[3, 6, 7]
[3, 6, 0]
[3, 6, 1]
[3, 6, 2]
[3, 6, 4, 5]
0.391304347826087 0.6
itercount --------> 9
[3, 5, 7]
[3, 5, 0]
0.6 0.6666666666666666
itercount --------> 10
[5, 6, 7]
[5, 6, 3]
[5, 6, 0]
[5, 6, 1]
[5, 6, 2]
[5, 6, 4]
[5, 6, 7, 3]
[5, 6, 7, 0]
0.6666666666666666 0.6818181818181818
itercount --------> 11
[3, 5, 4]
[3, 5, 6]
[3, 5, 7]
[3, 5, 0]
[3, 5, 1]
[3, 5, 2]
[3, 5, 4, 6]
[3, 5, 4, 7]
[3, 5, 4, 0]
0.6818181818181818 0.7142857142857143
itercount --------> 12
[3, 5, 6]
[3, 5, 7]
[3, 5, 0]
[3, 5, 1]
[3, 5, 2]
[3, 5, 4]
[3, 5, 6, 7]
[3, 5, 6, 0]
[3, 5, 6, 1]
[3, 5, 6, 2]
[3, 5, 6, 4]
[3, 5, 6, 7, 0]
[3, 5, 6, 7, 1]
[3, 5, 6, 7, 2]
[3, 5, 6, 7, 4]
[3, 5, 6, 7, 0, 1]
[3, 5, 6, 7, 0, 2]
[3, 5, 6, 7, 0, 4]
[3, 5, 6, 7, 0, 1, 2]
[3, 5, 6, 7, 0, 1, 4]
[3, 5, 6, 7, 0, 1, 2, 4]
failed -> 48 times
after fail n ======> 7
[0, 1, 2, 3, 6, 5, 4]
0.07894736842105263 0.13636363636363635
itercount --------> 1
[2, 0, 1]
0.13636363636363635 0.21428571428571427
itercount --------> 2
[6, 3, 5]
[6, 3, 4]
[6, 3, 7]
0.21428571428571427 0.23076923076923078
itercount --------> 3
[7, 6, 4]
[7, 6, 0]
0.23076923076923078 0.25
itercount --------> 4
[0, 6, 5]
[0, 6, 1]
[0, 6, 2]
0.25 0.2962962962962963
itercount --------> 5
[5, 0, 1]
[5, 0, 2]
0.2962962962962963 0.3076923076923077
itercount --------> 6
[0, 6, 5]
[0, 6, 4]
0.3076923076923077 0.3225806451612903
itercount --------> 7
[0, 6, 5]
[0, 6, 1]
0.3225806451612903 0.34375
itercount --------> 8
[6, 0, 3]
0.34375 0.34615384615384615
itercount --------> 9
[0, 6, 3]
[0, 6, 5]
0.34615384615384615 0.36363636363636365
itercount --------> 10
[6, 7, 5]
[6, 7, 3]
[6, 7, 0]
[6, 7, 1]
0.36363636363636365 0.47619047619047616
itercount --------> 11
[6, 5, 7]
[6, 5, 3]
[6, 5, 4]
[6, 5, 0]
[6, 5, 1]
0.47619047619047616 0.5238095238095238
itercount --------> 12
[6, 3, 7]
[6, 3, 4]
[6, 3, 5]
[6, 3, 0]
[6, 3, 1]
[6, 3, 2]
[6, 3, 7, 4]
[6, 3, 7, 5]
0.5238095238095238 0.55
itercount --------> 13
[6, 0, 5]
[6, 0, 4]
[6, 0, 7]
[6, 0, 3]
[6, 0, 1]
0.55 0.5789473684210527
itercount --------> 14
[5, 0, 1]
[5, 0, 2]
[5, 0, 4]
[5, 0, 7]
[5, 0, 3]
[5, 0, 6]
[5, 0, 1, 2]
[5, 0, 1, 4]
[5, 0, 1, 7]
[5, 0, 1, 3]
[5, 0, 1, 6]
[5, 0, 1, 2, 4]
[5, 0, 1, 2, 7]
[5, 0, 1, 2, 3]
[5, 0, 1, 2, 6]
[5, 0, 1, 2, 4, 7]
[5, 0, 1, 2, 4, 3]
[5, 0, 1, 2, 4, 6]
[5, 0, 1, 2, 4, 7, 3]
[5, 0, 1, 2, 4, 7, 6]
[5, 0, 1, 2, 4, 7, 3, 6]
failed -> 49 times
after fail n ======> 8
[0, 1, 2, 3, 6, 5, 4, 7]
0.07894736842105263 0.09243697478991597
itercount --------> 1
[0, 1, 2]
0.09243697478991597 0.3142857142857143
itercount --------> 2
[0, 1, 2]
[0, 1, 5]
0.3142857142857143 0.3333333333333333
itercount --------> 3
[0, 3, 5]
[0, 3, 6]
[0, 3, 7]
0.3333333333333333 0.36
itercount --------> 4
[3, 6, 7]
[3, 6, 0]
[3, 6, 5]
[3, 6, 1]
[3, 6, 2]
[3, 6, 4]
[3, 6, 7, 0]
[3, 6, 7, 5]
[3, 6, 7, 1]
0.36 0.44
itercount --------> 5
[6, 3, 5]
[6, 3, 7]
[6, 3, 0]
[6, 3, 4]
[6, 3, 1]
[6, 3, 2]
[6, 3, 5, 7]
[6, 3, 5, 0]
[6, 3, 5, 4]
0.44 0.4827586206896552
itercount --------> 6
[6, 0, 5]
0.4827586206896552 0.7142857142857143
itercount --------> 7
[3, 5, 6]
[3, 5, 7]
[3, 5, 0]
[3, 5, 1]
[3, 5, 2]
[3, 5, 4]
[3, 5, 6, 7]
[3, 5, 6, 0]
[3, 5, 6, 1]
[3, 5, 6, 2]
[3, 5, 6, 4]
[3, 5, 6, 7, 0]
[3, 5, 6, 7, 1]
[3, 5, 6, 7, 2]
[3, 5, 6, 7, 4]
[3, 5, 6, 7, 0, 1]
[3, 5, 6, 7, 0, 2]
[3, 5, 6, 7, 0, 4]
[3, 5, 6, 7, 0, 1, 2]
[3, 5, 6, 7, 0, 1, 4]
0.7142857142857143 0.7272727272727273
itercount --------> 8
[3, 4, 5]
[3, 4, 6]
[3, 4, 7]
[3, 4, 0]
[3, 4, 1]
[3, 4, 2]
[3, 4, 5, 6]
[3, 4, 5, 7]
[3, 4, 5, 0]
[3, 4, 5, 1]
[3, 4, 5, 2]
[3, 4, 5, 6, 7]
[3, 4, 5, 6, 0]
[3, 4, 5, 6, 1]
[3, 4, 5, 6, 2]
[3, 4, 5, 6, 7, 0]
[3, 4, 5, 6, 7, 1]
[3, 4, 5, 6, 7, 2]
[3, 4, 5, 6, 7, 0, 1]
[3, 4, 5, 6, 7, 0, 2]
[3, 4, 5, 6, 7, 0, 1, 2]
failed -> 50 times
after fail n ======> 5
Runs with the maximum attractor JI -> [1, 41]
