{0: 46, 1: 46, 2: 46, 3: 38, 7: 38, 6: 31, 4: 29, 5: 18}
[0, 1, 2]
0.07407407407407407 0.11764705882352941
itercount --------> 1
[2, 3, 7]
0.11764705882352941 0.13513513513513514
itercount --------> 2
[2, 6, 0]
0.13513513513513514 0.15151515151515152
itercount --------> 3
[2, 0, 1]
0.15151515151515152 0.25
itercount --------> 4
[2, 4, 6]
[2, 4, 7]
0.25 0.25925925925925924
itercount --------> 5
[2, 4, 6]
[2, 4, 5]
0.25925925925925924 0.2682926829268293
itercount --------> 6
[2, 5, 0]
[2, 5, 1]
0.2682926829268293 0.2962962962962963
itercount --------> 7
[2, 3, 6]
[2, 3, 4]
[2, 3, 5]
0.2962962962962963 0.3076923076923077
itercount --------> 8
[2, 3, 4]
[2, 3, 0]
0.3076923076923077 0.3333333333333333
itercount --------> 9
[3, 4, 5]
[3, 4, 6]
0.3333333333333333 0.36
itercount --------> 10
[0, 1, 2]
[0, 1, 3]
[0, 1, 5]
[0, 1, 4]
0.36 0.391304347826087
itercount --------> 11
[5, 3, 1]
[5, 3, 2]
[5, 3, 6]
0.391304347826087 0.44
itercount --------> 12
[3, 7, 5]
0.44 0.5652173913043478
itercount --------> 13
[3, 5, 1]
[3, 5, 2]
[3, 5, 0]
[3, 5, 7]
0.5652173913043478 0.5833333333333334
itercount --------> 14
[0, 1, 2]
[0, 1, 5]
[0, 1, 3]
[0, 1, 6]
[0, 1, 7]
[0, 1, 4]
[0, 1, 2, 5]
[0, 1, 2, 3]
[0, 1, 2, 6]
[0, 1, 2, 7]
[0, 1, 2, 4]
[0, 1, 2, 5, 3]
[0, 1, 2, 5, 6]
[0, 1, 2, 5, 7]
0.5833333333333334 0.68
itercount --------> 15
[1, 2, 3]
[1, 2, 5]
[1, 2, 0]
[1, 2, 7]
[1, 2, 6]
[1, 2, 4]
[1, 2, 3, 5]
[1, 2, 3, 0]
[1, 2, 3, 7]
[1, 2, 3, 6]
0.68 0.6818181818181818
itercount --------> 16
[1, 2, 5]
[1, 2, 0]
[1, 2, 3]
[1, 2, 6]
[1, 2, 4]
[1, 2, 7]
[1, 2, 5, 0]
[1, 2, 5, 3]
[1, 2, 5, 6]
[1, 2, 5, 4]
[1, 2, 5, 7]
[1, 2, 5, 0, 3]
[1, 2, 5, 0, 6]
[1, 2, 5, 0, 4]
[1, 2, 5, 0, 7]
[1, 2, 5, 0, 3, 6]
[1, 2, 5, 0, 3, 4]
[1, 2, 5, 0, 3, 7]
0.6818181818181818 0.7142857142857143
itercount --------> 17
[5, 6, 1]
[5, 6, 2]
[5, 6, 3]
[5, 6, 4]
[5, 6, 0]
[5, 6, 7]
[5, 6, 1, 2]
[5, 6, 1, 3]
[5, 6, 1, 4]
[5, 6, 1, 0]
[5, 6, 1, 7]
[5, 6, 1, 2, 3]
[5, 6, 1, 2, 4]
[5, 6, 1, 2, 0]
[5, 6, 1, 2, 7]
[5, 6, 1, 2, 3, 4]
[5, 6, 1, 2, 3, 0]
[5, 6, 1, 2, 3, 7]
[5, 6, 1, 2, 3, 4, 0]
[5, 6, 1, 2, 3, 4, 7]
[5, 6, 1, 2, 3, 4, 0, 7]
0.7142857142857143 0.75
itercount --------> 18
[3, 5, 6]
[3, 5, 4]
[3, 5, 0]
[3, 5, 1]
[3, 5, 2]
[3, 5, 7]
[3, 5, 6, 4]
[3, 5, 6, 0]
[3, 5, 6, 1]
[3, 5, 6, 2]
[3, 5, 6, 7]
[3, 5, 6, 4, 0]
[3, 5, 6, 4, 1]
[3, 5, 6, 4, 2]
[3, 5, 6, 4, 7]
[3, 5, 6, 4, 0, 1]
[3, 5, 6, 4, 0, 2]
[3, 5, 6, 4, 0, 7]
[3, 5, 6, 4, 0, 1, 2]
[3, 5, 6, 4, 0, 1, 7]
[3, 5, 6, 4, 0, 1, 2, 7]
failed Once
after fail n ======> 4
[0, 1, 2, 3]
0.07407407407407407 0.07692307692307693
itercount --------> 1
[3, 2, 6]
0.07692307692307693 0.17391304347826086
itercount --------> 2
[3, 4, 2]
[3, 4, 6]
0.17391304347826086 0.24
itercount --------> 3
[3, 2, 6]
[3, 2, 4]
[3, 2, 7]
[3, 2, 0]
0.24 0.2608695652173913
itercount --------> 4
[3, 4, 6]
[3, 4, 7]
[3, 4, 2]
[3, 4, 0]
[3, 4, 1]
[3, 4, 5]
[3, 4, 6, 7]
0.2608695652173913 0.2916666666666667
itercount --------> 5
[2, 0, 1]
[2, 0, 6]
[2, 0, 7]
0.2916666666666667 0.30434782608695654
itercount --------> 6
[3, 2, 0]
[3, 2, 6]
[3, 2, 7]
[3, 2, 1]
0.30434782608695654 0.3333333333333333
itercount --------> 7
[0, 2, 3]
[0, 2, 7]
[0, 2, 1]
0.3333333333333333 0.35
itercount --------> 8
[3, 0, 1]
0.35 0.36
itercount --------> 9
[2, 5, 3]
[2, 5, 6]
[2, 5, 7]
[2, 5, 4]
[2, 5, 1]
0.36 0.391304347826087
itercount --------> 10
[3, 2, 5]
0.391304347826087 0.4166666666666667
itercount --------> 11
[2, 3, 4]
[2, 3, 5]
0.4166666666666667 0.5
itercount --------> 12
[2, 3, 4]
[2, 3, 6]
[2, 3, 1]
[2, 3, 5]
[2, 3, 0]
[2, 3, 7]
[2, 3, 4, 6]
[2, 3, 4, 1]
[2, 3, 4, 5]
[2, 3, 4, 0]
[2, 3, 4, 7]
[2, 3, 4, 6, 1]
[2, 3, 4, 6, 5]
[2, 3, 4, 6, 0]
[2, 3, 4, 6, 7]
[2, 3, 4, 6, 1, 5]
0.5 0.5238095238095238
itercount --------> 13
[3, 4, 6]
[3, 4, 5]
[3, 4, 7]
[3, 4, 0]
[3, 4, 1]
[3, 4, 2]
[3, 4, 6, 5]
[3, 4, 6, 7]
[3, 4, 6, 0]
[3, 4, 6, 1]
[3, 4, 6, 2]
[3, 4, 6, 5, 7]
[3, 4, 6, 5, 0]
[3, 4, 6, 5, 1]
[3, 4, 6, 5, 2]
[3, 4, 6, 5, 7, 0]
[3, 4, 6, 5, 7, 1]
[3, 4, 6, 5, 7, 2]
[3, 4, 6, 5, 7, 0, 1]
[3, 4, 6, 5, 7, 0, 2]
[3, 4, 6, 5, 7, 0, 1, 2]
failed -> 2 times
after fail n ======> 5
[0, 1, 2, 3, 7]
0.07407407407407407 0.11764705882352941
itercount --------> 1
[0, 3, 7]
0.11764705882352941 0.13513513513513514
itercount --------> 2
[0, 6, 1]
0.13513513513513514 0.14634146341463414
itercount --------> 3
[0, 4, 1]
0.14634146341463414 0.21212121212121213
itercount --------> 4
[0, 4, 7]
0.21212121212121213 0.22857142857142856
itercount --------> 5
[0, 7, 1]
[0, 7, 4]
0.22857142857142856 0.23333333333333334
itercount --------> 6
[0, 1, 2]
[0, 1, 6]
0.23333333333333334 0.28
itercount --------> 7
[1, 2, 0]
[1, 2, 4]
[1, 2, 3]
[1, 2, 6]
0.28 0.2916666666666667
itercount --------> 8
[2, 4, 6]
[2, 4, 3]
0.2916666666666667 0.3181818181818182
itercount --------> 9
[3, 0, 7]
[3, 0, 2]
[3, 0, 4]
[3, 0, 6]
[3, 0, 1]
[3, 0, 5]
[3, 0, 7, 2]
[3, 0, 7, 4]
[3, 0, 7, 6]
0.3181818181818182 0.32
itercount --------> 10
[0, 7, 4]
0.32 0.3333333333333333
itercount --------> 11
[0, 4, 2]
0.3333333333333333 0.38461538461538464
itercount --------> 12
[2, 0, 6]
0.38461538461538464 0.45454545454545453
itercount --------> 13
[3, 0, 6]
[3, 0, 7]
[3, 0, 4]
[3, 0, 5]
[3, 0, 1]
[3, 0, 2]
[3, 0, 6, 7]
[3, 0, 6, 4]
0.45454545454545453 0.5
itercount --------> 14
[0, 3, 6]
[0, 3, 1]
[0, 3, 2]
[0, 3, 7]
[0, 3, 4]
[0, 3, 5]
[0, 3, 6, 1]
0.5 0.5384615384615384
itercount --------> 15
[3, 0, 1]
[3, 0, 2]
[3, 0, 6]
[3, 0, 7]
[3, 0, 4]
[3, 0, 5]
[3, 0, 1, 2]
[3, 0, 1, 6]
[3, 0, 1, 7]
[3, 0, 1, 4]
[3, 0, 1, 5]
[3, 0, 1, 2, 6]
0.5384615384615384 0.56
itercount --------> 16
[3, 0, 7]
[3, 0, 6]
[3, 0, 1]
[3, 0, 4]
[3, 0, 2]
[3, 0, 5]
[3, 0, 7, 6]
[3, 0, 7, 1]
[3, 0, 7, 4]
[3, 0, 7, 2]
[3, 0, 7, 5]
[3, 0, 7, 6, 1]
[3, 0, 7, 6, 4]
[3, 0, 7, 6, 2]
[3, 0, 7, 6, 5]
[3, 0, 7, 6, 1, 4]
[3, 0, 7, 6, 1, 2]
[3, 0, 7, 6, 1, 5]
[3, 0, 7, 6, 1, 4, 2]
[3, 0, 7, 6, 1, 4, 5]
0.56 0.6086956521739131
itercount --------> 17
[3, 0, 4]
[3, 0, 7]
[3, 0, 6]
[3, 0, 1]
[3, 0, 2]
[3, 0, 5]
[3, 0, 4, 7]
[3, 0, 4, 6]
[3, 0, 4, 1]
[3, 0, 4, 2]
[3, 0, 4, 5]
[3, 0, 4, 7, 6]
[3, 0, 4, 7, 1]
[3, 0, 4, 7, 2]
[3, 0, 4, 7, 5]
[3, 0, 4, 7, 6, 1]
[3, 0, 4, 7, 6, 2]
[3, 0, 4, 7, 6, 5]
[3, 0, 4, 7, 6, 1, 2]
0.6086956521739131 0.6363636363636364
itercount --------> 18
[0, 3, 7]
[0, 3, 4]
[0, 3, 6]
[0, 3, 1]
[0, 3, 2]
[0, 3, 5]
[0, 3, 7, 4]
[0, 3, 7, 6]
[0, 3, 7, 1]
[0, 3, 7, 2]
[0, 3, 7, 5]
[0, 3, 7, 4, 6]
[0, 3, 7, 4, 1]
[0, 3, 7, 4, 2]
[0, 3, 7, 4, 5]
[0, 3, 7, 4, 6, 1]
[0, 3, 7, 4, 6, 2]
[0, 3, 7, 4, 6, 5]
[0, 3, 7, 4, 6, 1, 2]
[0, 3, 7, 4, 6, 1, 5]
[0, 3, 7, 4, 6, 1, 2, 5]
failed -> 3 times
after fail n ======> 6
[0, 1, 2, 3, 7, 6]
0.07407407407407407 0.08
itercount --------> 1
[1, 0, 2]
0.08 0.125
itercount --------> 2
[1, 3, 4]
0.125 0.2
itercount --------> 3
[1, 0, 2]
0.2 0.37037037037037035
itercount --------> 4
[1, 3, 4]
[1, 3, 7]
[1, 3, 5]
[1, 3, 6]
[1, 3, 0]
[1, 3, 2]
0.37037037037037035 0.4
itercount --------> 5
[3, 0, 1]
[3, 0, 2]
[3, 0, 4]
[3, 0, 5]
[3, 0, 7]
0.4 0.45454545454545453
itercount --------> 6
[3, 4, 5]
[3, 4, 6]
0.45454545454545453 0.5
itercount --------> 7
[0, 1, 2]
[0, 1, 3]
[0, 1, 4]
0.5 0.5217391304347826
itercount --------> 8
[0, 1, 2]
[0, 1, 3]
[0, 1, 4]
[0, 1, 6]
[0, 1, 5]
[0, 1, 7]
[0, 1, 2, 3]
[0, 1, 2, 4]
[0, 1, 2, 6]
[0, 1, 2, 5]
[0, 1, 2, 7]
[0, 1, 2, 3, 4]
[0, 1, 2, 3, 6]
0.5217391304347826 0.56
itercount --------> 9
[3, 0, 1]
[3, 0, 2]
[3, 0, 7]
[3, 0, 6]
[3, 0, 4]
[3, 0, 5]
[3, 0, 1, 2]
[3, 0, 1, 7]
[3, 0, 1, 6]
[3, 0, 1, 4]
[3, 0, 1, 5]
[3, 0, 1, 2, 7]
[3, 0, 1, 2, 6]
[3, 0, 1, 2, 4]
[3, 0, 1, 2, 5]
[3, 0, 1, 2, 7, 6]
[3, 0, 1, 2, 7, 4]
[3, 0, 1, 2, 7, 5]
[3, 0, 1, 2, 7, 6, 4]
[3, 0, 1, 2, 7, 6, 5]
[3, 0, 1, 2, 7, 6, 4, 5]
failed -> 4 times
after fail n ======> 7
[0, 1, 2, 3, 7, 6, 4]
0.07407407407407407 0.125
itercount --------> 1
[0, 3, 4]
[0, 3, 5]
[0, 3, 7]
0.125 0.15151515151515152
itercount --------> 2
[0, 5, 1]
0.15151515151515152 0.23076923076923078
itercount --------> 3
[7, 0, 6]
[7, 0, 4]
0.23076923076923078 0.3333333333333333
itercount --------> 4
[4, 0, 6]
0.3333333333333333 0.4583333333333333
itercount --------> 5
[6, 3, 7]
[6, 3, 5]
[6, 3, 4]
[6, 3, 0]
[6, 3, 1]
[6, 3, 2]
[6, 3, 7, 5]
[6, 3, 7, 4]
[6, 3, 7, 0]
[6, 3, 7, 1]
[6, 3, 7, 2]
[6, 3, 7, 5, 4]
0.4583333333333333 0.5384615384615384
itercount --------> 6
[5, 6, 7]
[5, 6, 3]
[5, 6, 0]
0.5384615384615384 0.6363636363636364
itercount --------> 7
[6, 5, 3]
[6, 5, 7]
[6, 5, 0]
0.6363636363636364 0.7142857142857143
itercount --------> 8
[5, 3, 6]
[5, 3, 7]
[5, 3, 0]
[5, 3, 1]
[5, 3, 2]
[5, 3, 4]
[5, 3, 6, 7]
[5, 3, 6, 0]
[5, 3, 6, 1]
[5, 3, 6, 2]
[5, 3, 6, 4]
[5, 3, 6, 7, 0]
[5, 3, 6, 7, 1]
[5, 3, 6, 7, 2]
[5, 3, 6, 7, 4]
[5, 3, 6, 7, 0, 1]
[5, 3, 6, 7, 0, 2]
[5, 3, 6, 7, 0, 4]
[5, 3, 6, 7, 0, 1, 2]
[5, 3, 6, 7, 0, 1, 4]
[5, 3, 6, 7, 0, 1, 2, 4]
failed -> 5 times
after fail n ======> 8
[0, 1, 2, 3, 7, 6, 4, 5]
0.07407407407407407 0.07692307692307693
itercount --------> 1
[7, 0, 1]
0.07692307692307693 0.0967741935483871
itercount --------> 2
[2, 6, 7]
0.0967741935483871 0.12
itercount --------> 3
[2, 6, 7]
[2, 6, 4]
0.12 0.14285714285714285
itercount --------> 4
[2, 4, 3]
0.14285714285714285 0.175
itercount --------> 5
[2, 1, 6]
0.175 0.1935483870967742
itercount --------> 6
[6, 2, 1]
0.1935483870967742 0.20689655172413793
itercount --------> 7
[6, 2, 1]
0.20689655172413793 0.2777777777777778
itercount --------> 8
[2, 1, 6]
[2, 1, 0]
0.2777777777777778 0.38461538461538464
itercount --------> 9
[2, 3, 1]
[2, 3, 4]
[2, 3, 5]
[2, 3, 7]
0.38461538461538464 0.4444444444444444
itercount --------> 10
[3, 6, 0]
[3, 6, 1]
[3, 6, 2]
[3, 6, 7]
[3, 6, 5]
[3, 6, 4]
[3, 6, 0, 1]
[3, 6, 0, 2]
[3, 6, 0, 7]
[3, 6, 0, 5]
0.4444444444444444 0.47619047619047616
itercount --------> 11
[6, 3, 5]
0.47619047619047616 0.5714285714285714
itercount --------> 12
[0, 1, 2]
[0, 1, 5]
[0, 1, 7]
[0, 1, 3]
[0, 1, 6]
[0, 1, 4]
[0, 1, 2, 5]
[0, 1, 2, 7]
[0, 1, 2, 3]
[0, 1, 2, 6]
[0, 1, 2, 4]
[0, 1, 2, 5, 7]
[0, 1, 2, 5, 3]
0.5714285714285714 0.5909090909090909
itercount --------> 13
[3, 5, 6]
[3, 5, 7]
[3, 5, 0]
[3, 5, 1]
[3, 5, 2]
[3, 5, 4]
[3, 5, 6, 7]
[3, 5, 6, 0]
[3, 5, 6, 1]
0.5909090909090909 0.5925925925925926
itercount --------> 14
[5, 6, 3]
[5, 6, 4]
[5, 6, 7]
[5, 6, 0]
[5, 6, 1]
[5, 6, 2]
[5, 6, 3, 4]
[5, 6, 3, 7]
[5, 6, 3, 0]
[5, 6, 3, 1]
[5, 6, 3, 2]
[5, 6, 3, 4, 7]
[5, 6, 3, 4, 0]
[5, 6, 3, 4, 1]
[5, 6, 3, 4, 2]
[5, 6, 3, 4, 7, 0]
[5, 6, 3, 4, 7, 1]
[5, 6, 3, 4, 7, 2]
[5, 6, 3, 4, 7, 0, 1]
[5, 6, 3, 4, 7, 0, 2]
0.5925925925925926 0.6153846153846154
itercount --------> 15
[5, 6, 3]
[5, 6, 4]
[5, 6, 7]
[5, 6, 0]
[5, 6, 1]
[5, 6, 2]
[5, 6, 3, 4]
[5, 6, 3, 7]
[5, 6, 3, 0]
[5, 6, 3, 1]
[5, 6, 3, 2]
[5, 6, 3, 4, 7]
[5, 6, 3, 4, 0]
[5, 6, 3, 4, 1]
[5, 6, 3, 4, 2]
[5, 6, 3, 4, 7, 0]
[5, 6, 3, 4, 7, 1]
[5, 6, 3, 4, 7, 2]
[5, 6, 3, 4, 7, 0, 1]
[5, 6, 3, 4, 7, 0, 2]
0.6153846153846154 0.64
itercount --------> 16
[5, 6, 3]
[5, 6, 4]
[5, 6, 7]
[5, 6, 0]
[5, 6, 1]
[5, 6, 2]
[5, 6, 3, 4]
[5, 6, 3, 7]
[5, 6, 3, 0]
[5, 6, 3, 1]
[5, 6, 3, 2]
[5, 6, 3, 4, 7]
[5, 6, 3, 4, 0]
[5, 6, 3, 4, 1]
[5, 6, 3, 4, 2]
[5, 6, 3, 4, 7, 0]
[5, 6, 3, 4, 7, 1]
[5, 6, 3, 4, 7, 2]
[5, 6, 3, 4, 7, 0, 1]
[5, 6, 3, 4, 7, 0, 2]
[5, 6, 3, 4, 7, 0, 1, 2]
failed -> 6 times
after fail n ======> 5
[0, 1, 2, 3, 7]
0.07407407407407407 0.08108108108108109
itercount --------> 1
[0, 2, 1]
0.08108108108108109 0.1724137931034483
itercount --------> 2
[0, 2, 6]
0.1724137931034483 0.19047619047619047
itercount --------> 3
[0, 1, 6]
0.19047619047619047 0.21739130434782608
itercount --------> 4
[0, 6, 1]
[0, 6, 4]
0.21739130434782608 0.34375
itercount --------> 5
[0, 6, 1]
0.34375 0.37037037037037035
itercount --------> 6
[6, 0, 7]
0.37037037037037035 0.4
itercount --------> 7
[6, 0, 3]
0.4 0.43478260869565216
itercount --------> 8
[6, 5, 7]
[6, 5, 3]
[6, 5, 4]
[6, 5, 0]
[6, 5, 2]
[6, 5, 1]
[6, 5, 7, 3]
[6, 5, 7, 4]
[6, 5, 7, 0]
[6, 5, 7, 2]
[6, 5, 7, 1]
[6, 5, 7, 3, 4]
[6, 5, 7, 3, 0]
[6, 5, 7, 3, 2]
[6, 5, 7, 3, 1]
[6, 5, 7, 3, 4, 0]
0.43478260869565216 0.46153846153846156
itercount --------> 9
[0, 6, 2]
[0, 6, 7]
[0, 6, 1]
[0, 6, 5]
[0, 6, 3]
[0, 6, 4]
[0, 6, 2, 7]
[0, 6, 2, 1]
[0, 6, 2, 5]
0.46153846153846156 0.5238095238095238
itercount --------> 10
[0, 1, 2]
[0, 1, 7]
[0, 1, 3]
[0, 1, 5]
0.5238095238095238 0.5263157894736842
itercount --------> 11
[0, 1, 2]
[0, 1, 5]
[0, 1, 7]
[0, 1, 3]
[0, 1, 4]
[0, 1, 6]
[0, 1, 2, 5]
0.5263157894736842 0.5789473684210527
itercount --------> 12
[0, 1, 2]
[0, 1, 7]
[0, 1, 5]
[0, 1, 3]
[0, 1, 4]
[0, 1, 6]
[0, 1, 2, 7]
[0, 1, 2, 5]
[0, 1, 2, 3]
[0, 1, 2, 4]
[0, 1, 2, 6]
[0, 1, 2, 7, 5]
[0, 1, 2, 7, 3]
[0, 1, 2, 7, 4]
[0, 1, 2, 7, 6]
[0, 1, 2, 7, 5, 3]
[0, 1, 2, 7, 5, 4]
[0, 1, 2, 7, 5, 6]
[0, 1, 2, 7, 5, 3, 4]
[0, 1, 2, 7, 5, 3, 6]
[0, 1, 2, 7, 5, 3, 4, 6]
failed -> 7 times
after fail n ======> 6
[0, 1, 2, 3, 7, 6]
0.07407407407407407 0.11764705882352941
itercount --------> 1
[1, 3, 7]
0.11764705882352941 0.16129032258064516
itercount --------> 2
[1, 6, 0]
0.16129032258064516 0.2857142857142857
itercount --------> 3
[0, 4, 2]
0.2857142857142857 0.32142857142857145
itercount --------> 4
[2, 3, 6]
[2, 3, 0]
[2, 3, 4]
[2, 3, 1]
0.32142857142857145 0.3333333333333333
itercount --------> 5
[6, 0, 3]
[6, 0, 1]
0.3333333333333333 0.36666666666666664
itercount --------> 6
[6, 0, 3]
[6, 0, 7]
[6, 0, 1]
[6, 0, 2]
[6, 0, 4]
[6, 0, 5]
[6, 0, 3, 7]
[6, 0, 3, 1]
[6, 0, 3, 2]
[6, 0, 3, 4]
0.36666666666666664 0.37037037037037035
itercount --------> 7
[6, 4, 1]
[6, 4, 0]
0.37037037037037035 0.4444444444444444
itercount --------> 8
[2, 0, 1]
[2, 0, 6]
[2, 0, 7]
[2, 0, 5]
0.4444444444444444 0.5833333333333334
itercount --------> 9
[5, 6, 1]
0.5833333333333334 0.6666666666666666
itercount --------> 10
[5, 6, 7]
[5, 6, 3]
[5, 6, 0]
[5, 6, 1]
[5, 6, 2]
[5, 6, 4]
[5, 6, 7, 3]
[5, 6, 7, 0]
[5, 6, 7, 1]
[5, 6, 7, 2]
[5, 6, 7, 4]
[5, 6, 7, 3, 0]
[5, 6, 7, 3, 1]
[5, 6, 7, 3, 2]
[5, 6, 7, 3, 4]
[5, 6, 7, 3, 0, 1]
[5, 6, 7, 3, 0, 2]
[5, 6, 7, 3, 0, 4]
[5, 6, 7, 3, 0, 1, 2]
[5, 6, 7, 3, 0, 1, 4]
[5, 6, 7, 3, 0, 1, 2, 4]
failed -> 8 times
after fail n ======> 7
[0, 1, 2, 3, 7, 6, 4]
0.07407407407407407 0.09433962264150944
itercount --------> 1
[0, 1, 2]
0.09433962264150944 0.15151515151515152
itercount --------> 2
[1, 4, 5]
[1, 4, 7]
0.15151515151515152 0.1891891891891892
itercount --------> 3
[0, 2, 4]
0.1891891891891892 0.225
itercount --------> 4
[0, 1, 6]
[0, 1, 2]
0.225 0.37037037037037035
itercount --------> 5
[6, 4, 1]
[6, 4, 7]
[6, 4, 0]
[6, 4, 2]
[6, 4, 5]
[6, 4, 3]
[6, 4, 1, 7]
0.37037037037037035 0.3793103448275862
itercount --------> 6
[0, 2, 3]
0.3793103448275862 0.4230769230769231
itercount --------> 7
[6, 3, 5]
[6, 3, 7]
[6, 3, 0]
[6, 3, 2]
[6, 3, 4]
[6, 3, 1]
[6, 3, 5, 7]
[6, 3, 5, 0]
[6, 3, 5, 2]
[6, 3, 5, 4]
0.4230769230769231 0.4827586206896552
itercount --------> 8
[6, 0, 2]
[6, 0, 5]
0.4827586206896552 0.6818181818181818
itercount --------> 9
[0, 2, 3]
[0, 2, 5]
[0, 2, 6]
[0, 2, 1]
[0, 2, 7]
[0, 2, 4]
[0, 2, 3, 5]
[0, 2, 3, 6]
[0, 2, 3, 1]
0.6818181818181818 0.7142857142857143
itercount --------> 10
[3, 5, 6]
[3, 5, 7]
[3, 5, 0]
[3, 5, 1]
[3, 5, 2]
[3, 5, 4]
[3, 5, 6, 7]
[3, 5, 6, 0]
[3, 5, 6, 1]
[3, 5, 6, 2]
[3, 5, 6, 4]
[3, 5, 6, 7, 0]
[3, 5, 6, 7, 1]
[3, 5, 6, 7, 2]
[3, 5, 6, 7, 4]
[3, 5, 6, 7, 0, 1]
[3, 5, 6, 7, 0, 2]
[3, 5, 6, 7, 0, 4]
[3, 5, 6, 7, 0, 1, 2]
[3, 5, 6, 7, 0, 1, 4]
0.7142857142857143 0.7272727272727273
itercount --------> 11
[3, 4, 5]
[3, 4, 6]
[3, 4, 7]
[3, 4, 0]
[3, 4, 1]
[3, 4, 2]
[3, 4, 5, 6]
[3, 4, 5, 7]
[3, 4, 5, 0]
[3, 4, 5, 1]
[3, 4, 5, 2]
[3, 4, 5, 6, 7]
[3, 4, 5, 6, 0]
[3, 4, 5, 6, 1]
[3, 4, 5, 6, 2]
[3, 4, 5, 6, 7, 0]
[3, 4, 5, 6, 7, 1]
[3, 4, 5, 6, 7, 2]
[3, 4, 5, 6, 7, 0, 1]
[3, 4, 5, 6, 7, 0, 2]
[3, 4, 5, 6, 7, 0, 1, 2]
failed -> 9 times
after fail n ======> 8
[0, 1, 2, 3, 7, 6, 4, 5]
0.07407407407407407 0.08695652173913043
itercount --------> 1
[0, 1, 2]
0.08695652173913043 0.13333333333333333
itercount --------> 2
[1, 3, 7]
[1, 3, 4]
0.13333333333333333 0.14285714285714285
itercount --------> 3
[1, 4, 0]
0.14285714285714285 0.15384615384615385
itercount --------> 4
[0, 1, 6]
0.15384615384615385 0.19047619047619047
itercount --------> 5
[0, 2, 3]
0.19047619047619047 0.20833333333333334
itercount --------> 6
[2, 3, 4]
0.20833333333333334 0.23809523809523808
itercount --------> 7
[2, 5, 3]
[2, 5, 4]
[2, 5, 6]
0.23809523809523808 0.2727272727272727
itercount --------> 8
[2, 4, 5]
0.2727272727272727 0.2962962962962963
itercount --------> 9
[2, 4, 6]
0.2962962962962963 0.3333333333333333
itercount --------> 10
[6, 2, 5]
0.3333333333333333 0.3448275862068966
itercount --------> 11
[6, 2, 5]
0.3448275862068966 0.35714285714285715
itercount --------> 12
[2, 6, 5]
[2, 6, 3]
[2, 6, 4]
[2, 6, 7]
[2, 6, 0]
[2, 6, 1]
0.35714285714285715 0.4074074074074074
itercount --------> 13
[2, 0, 5]
0.4074074074074074 0.43478260869565216
itercount --------> 14
[2, 6, 4]
[2, 6, 3]
[2, 6, 5]
0.43478260869565216 0.45454545454545453
itercount --------> 15
[6, 5, 2]
[6, 5, 4]
[6, 5, 3]
[6, 5, 0]
[6, 5, 7]
[6, 5, 1]
[6, 5, 2, 4]
0.45454545454545453 0.56
itercount --------> 16
[2, 5, 6]
[2, 5, 0]
[2, 5, 1]
[2, 5, 3]
[2, 5, 7]
0.56 0.5652173913043478
itercount --------> 17
[5, 2, 6]
0.5652173913043478 0.5833333333333334
itercount --------> 18
[2, 5, 0]
[2, 5, 6]
[2, 5, 1]
[2, 5, 3]
[2, 5, 7]
[2, 5, 4]
[2, 5, 0, 6]
[2, 5, 0, 1]
[2, 5, 0, 3]
[2, 5, 0, 7]
[2, 5, 0, 4]
[2, 5, 0, 6, 1]
[2, 5, 0, 6, 3]
[2, 5, 0, 6, 7]
[2, 5, 0, 6, 4]
[2, 5, 0, 6, 1, 3]
[2, 5, 0, 6, 1, 7]
[2, 5, 0, 6, 1, 4]
[2, 5, 0, 6, 1, 3, 7]
0.5833333333333334 0.6086956521739131
itercount --------> 19
[5, 0, 3]
[5, 0, 6]
[5, 0, 7]
[5, 0, 2]
[5, 0, 1]
[5, 0, 4]
[5, 0, 3, 6]
[5, 0, 3, 7]
[5, 0, 3, 2]
[5, 0, 3, 1]
[5, 0, 3, 4]
[5, 0, 3, 6, 7]
[5, 0, 3, 6, 2]
[5, 0, 3, 6, 1]
[5, 0, 3, 6, 4]
[5, 0, 3, 6, 7, 2]
[5, 0, 3, 6, 7, 1]
[5, 0, 3, 6, 7, 4]
[5, 0, 3, 6, 7, 2, 1]
[5, 0, 3, 6, 7, 2, 4]
[5, 0, 3, 6, 7, 2, 1, 4]
failed -> 10 times
after fail n ======> 5
[0, 1, 2, 3, 7]
0.07407407407407407 0.08108108108108109
itercount --------> 1
[1, 2, 7]
0.08108108108108109 0.10714285714285714
itercount --------> 2
[7, 3, 1]
[7, 3, 6]
[7, 3, 4]
0.10714285714285714 0.125
itercount --------> 3
[6, 7, 4]
0.125 0.1875
itercount --------> 4
[1, 6, 7]
0.1875 0.20588235294117646
itercount --------> 5
[6, 5, 1]
[6, 5, 3]
[6, 5, 0]
0.20588235294117646 0.20833333333333334
itercount --------> 6
[6, 3, 1]
0.20833333333333334 0.3076923076923077
itercount --------> 7
[1, 4, 5]
0.3076923076923077 0.34615384615384615
itercount --------> 8
[5, 1, 3]
0.34615384615384615 0.37037037037037035
itercount --------> 9
[1, 3, 0]
[1, 3, 5]
[1, 3, 2]
[1, 3, 6]
[1, 3, 4]
[1, 3, 7]
[1, 3, 0, 5]
[1, 3, 0, 2]
0.37037037037037035 0.43478260869565216
itercount --------> 10
[3, 6, 5]
[3, 6, 7]
[3, 6, 0]
[3, 6, 1]
[3, 6, 2]
[3, 6, 4]
[3, 6, 5, 7]
[3, 6, 5, 0]
[3, 6, 5, 1]
[3, 6, 5, 2]
[3, 6, 5, 4]
[3, 6, 5, 7, 0]
0.43478260869565216 0.5
itercount --------> 11
[3, 6, 7]
[3, 6, 5]
[3, 6, 4]
[3, 6, 0]
[3, 6, 1]
[3, 6, 2]
[3, 6, 7, 5]
0.5 0.6
itercount --------> 12
[5, 3, 6]
0.6 0.6363636363636364
itercount --------> 13
[6, 3, 5]
[6, 3, 7]
[6, 3, 0]
[6, 3, 1]
[6, 3, 2]
[6, 3, 4]
[6, 3, 5, 7]
[6, 3, 5, 0]
[6, 3, 5, 1]
[6, 3, 5, 2]
0.6363636363636364 0.6818181818181818
itercount --------> 14
[5, 3, 6]
[5, 3, 1]
[5, 3, 2]
[5, 3, 7]
[5, 3, 0]
[5, 3, 4]
[5, 3, 6, 1]
[5, 3, 6, 2]
[5, 3, 6, 7]
[5, 3, 6, 0]
[5, 3, 6, 4]
[5, 3, 6, 1, 2]
[5, 3, 6, 1, 7]
[5, 3, 6, 1, 0]
[5, 3, 6, 1, 4]
[5, 3, 6, 1, 2, 7]
[5, 3, 6, 1, 2, 0]
[5, 3, 6, 1, 2, 4]
[5, 3, 6, 1, 2, 7, 0]
[5, 3, 6, 1, 2, 7, 4]
[5, 3, 6, 1, 2, 7, 0, 4]
failed -> 11 times
after fail n ======> 6
[0, 1, 2, 3, 7, 6]
0.07407407407407407 0.07692307692307693
itercount --------> 1
[0, 1, 2]
0.07692307692307693 0.1111111111111111
itercount --------> 2
[0, 6, 7]
[0, 6, 4]
[0, 6, 1]
0.1111111111111111 0.15789473684210525
itercount --------> 3
[0, 1, 2]
[0, 1, 5]
[0, 1, 7]
[0, 1, 3]
0.15789473684210525 0.19047619047619047
itercount --------> 4
[1, 2, 5]
[1, 2, 6]
[1, 2, 3]
[1, 2, 0]
0.19047619047619047 0.2
itercount --------> 5
[0, 1, 2]
[0, 1, 6]
[0, 1, 7]
[0, 1, 4]
[0, 1, 3]
[0, 1, 5]
[0, 1, 2, 6]
0.2 0.23809523809523808
itercount --------> 6
[0, 1, 2]
[0, 1, 6]
[0, 1, 4]
0.23809523809523808 0.25
itercount --------> 7
[0, 6, 4]
0.25 0.30434782608695654
itercount --------> 8
[5, 6, 0]
[5, 6, 4]
0.30434782608695654 0.32142857142857145
itercount --------> 9
[5, 0, 7]
0.32142857142857145 0.4166666666666667
itercount --------> 10
[5, 3, 6]
0.4166666666666667 0.45454545454545453
itercount --------> 11
[0, 1, 2]
[0, 1, 3]
[0, 1, 5]
[0, 1, 6]
[0, 1, 7]
[0, 1, 4]
[0, 1, 2, 3]
0.45454545454545453 0.5
itercount --------> 12
[0, 2, 6]
[0, 2, 3]
[0, 2, 7]
[0, 2, 1]
[0, 2, 5]
[0, 2, 4]
[0, 2, 6, 3]
[0, 2, 6, 7]
[0, 2, 6, 1]
[0, 2, 6, 5]
[0, 2, 6, 4]
[0, 2, 6, 3, 7]
0.5 0.5384615384615384
itercount --------> 13
[2, 0, 6]
[2, 0, 3]
[2, 0, 5]
0.5384615384615384 0.5714285714285714
itercount --------> 14
[0, 2, 6]
[0, 2, 3]
[0, 2, 5]
[0, 2, 7]
[0, 2, 1]
[0, 2, 4]
[0, 2, 6, 3]
0.5714285714285714 0.6086956521739131
itercount --------> 15
[0, 2, 6]
[0, 2, 5]
0.6086956521739131 0.64
itercount --------> 16
[0, 2, 6]
[0, 2, 3]
[0, 2, 7]
[0, 2, 5]
[0, 2, 1]
[0, 2, 4]
[0, 2, 6, 3]
0.64 0.6956521739130435
itercount --------> 17
[0, 2, 5]
[0, 2, 6]
[0, 2, 1]
[0, 2, 3]
[0, 2, 7]
[0, 2, 4]
[0, 2, 5, 6]
[0, 2, 5, 1]
[0, 2, 5, 3]
[0, 2, 5, 7]
[0, 2, 5, 4]
[0, 2, 5, 6, 1]
[0, 2, 5, 6, 3]
[0, 2, 5, 6, 7]
[0, 2, 5, 6, 4]
[0, 2, 5, 6, 1, 3]
0.6956521739130435 0.7391304347826086
itercount --------> 18
[0, 3, 2]
[0, 3, 5]
[0, 3, 6]
[0, 3, 7]
[0, 3, 1]
[0, 3, 4]
[0, 3, 2, 5]
[0, 3, 2, 6]
[0, 3, 2, 7]
[0, 3, 2, 1]
[0, 3, 2, 4]
[0, 3, 2, 5, 6]
[0, 3, 2, 5, 7]
[0, 3, 2, 5, 1]
[0, 3, 2, 5, 4]
[0, 3, 2, 5, 6, 7]
[0, 3, 2, 5, 6, 1]
[0, 3, 2, 5, 6, 4]
[0, 3, 2, 5, 6, 7, 1]
[0, 3, 2, 5, 6, 7, 4]
[0, 3, 2, 5, 6, 7, 1, 4]
0.7391304347826086 0.7727272727272727
itercount --------> 19
[0, 3, 7]
[0, 3, 5]
[0, 3, 6]
[0, 3, 1]
[0, 3, 2]
[0, 3, 4]
[0, 3, 7, 5]
[0, 3, 7, 6]
[0, 3, 7, 1]
[0, 3, 7, 2]
[0, 3, 7, 4]
[0, 3, 7, 5, 6]
[0, 3, 7, 5, 1]
[0, 3, 7, 5, 2]
[0, 3, 7, 5, 4]
[0, 3, 7, 5, 6, 1]
[0, 3, 7, 5, 6, 2]
[0, 3, 7, 5, 6, 4]
[0, 3, 7, 5, 6, 1, 2]
[0, 3, 7, 5, 6, 1, 4]
[0, 3, 7, 5, 6, 1, 2, 4]
failed -> 12 times
after fail n ======> 7
[0, 1, 2, 3, 7, 6, 4]
0.07407407407407407 0.07692307692307693
itercount --------> 1
[0, 1, 2]
0.07692307692307693 0.1111111111111111
itercount --------> 2
[2, 3, 6]
0.1111111111111111 0.13636363636363635
itercount --------> 3
[3, 2, 0]
0.13636363636363635 0.14814814814814814
itercount --------> 4
[0, 2, 6]
0.14814814814814814 0.19047619047619047
itercount --------> 5
[0, 1, 6]
[0, 1, 3]
[0, 1, 4]
0.19047619047619047 0.23333333333333334
itercount --------> 6
[6, 1, 0]
0.23333333333333334 0.24
itercount --------> 7
[6, 0, 1]
0.24 0.2727272727272727
itercount --------> 8
[6, 5, 0]
0.2727272727272727 0.3
itercount --------> 9
[0, 1, 2]
[0, 1, 5]
[0, 1, 6]
[0, 1, 3]
[0, 1, 4]
[0, 1, 7]
[0, 1, 2, 5]
[0, 1, 2, 6]
[0, 1, 2, 3]
[0, 1, 2, 4]
[0, 1, 2, 7]
0.3 0.3157894736842105
itercount --------> 10
[6, 0, 1]
[6, 0, 2]
[6, 0, 5]
[6, 0, 7]
[6, 0, 3]
[6, 0, 4]
[6, 0, 1, 2]
[6, 0, 1, 5]
[6, 0, 1, 7]
[6, 0, 1, 3]
[6, 0, 1, 4]
[6, 0, 1, 2, 5]
[6, 0, 1, 2, 7]
[6, 0, 1, 2, 3]
[6, 0, 1, 2, 4]
[6, 0, 1, 2, 5, 7]
[6, 0, 1, 2, 5, 3]
[6, 0, 1, 2, 5, 4]
[6, 0, 1, 2, 5, 7, 3]
[6, 0, 1, 2, 5, 7, 4]
[6, 0, 1, 2, 5, 7, 3, 4]
failed -> 13 times
after fail n ======> 8
[0, 1, 2, 3, 7, 6, 4, 5]
0.07407407407407407 0.07692307692307693
itercount --------> 1
[7, 0, 1]
[7, 0, 2]
0.07692307692307693 0.0967741935483871
itercount --------> 2
[1, 6, 7]
0.0967741935483871 0.1111111111111111
itercount --------> 3
[1, 6, 7]
0.1111111111111111 0.13333333333333333
itercount --------> 4
[4, 3, 7]
0.13333333333333333 0.14285714285714285
itercount --------> 5
[0, 1, 7]
0.14285714285714285 0.19230769230769232
itercount --------> 6
[0, 2, 6]
0.19230769230769232 0.21428571428571427
itercount --------> 7
[2, 7, 0]
0.21428571428571427 0.25
itercount --------> 8
[7, 4, 6]
[7, 4, 2]
[7, 4, 3]
0.25 0.32
itercount --------> 9
[4, 2, 6]
0.32 0.36363636363636365
itercount --------> 10
[4, 7, 0]
0.36363636363636365 0.4
itercount --------> 11
[4, 7, 3]
[4, 7, 6]
[4, 7, 0]
[4, 7, 1]
[4, 7, 2]
[4, 7, 5]
[4, 7, 3, 6]
[4, 7, 3, 0]
[4, 7, 3, 1]
[4, 7, 3, 2]
[4, 7, 3, 5]
[4, 7, 3, 6, 0]
[4, 7, 3, 6, 1]
[4, 7, 3, 6, 2]
[4, 7, 3, 6, 5]
[4, 7, 3, 6, 0, 1]
[4, 7, 3, 6, 0, 2]
[4, 7, 3, 6, 0, 5]
[4, 7, 3, 6, 0, 1, 2]
[4, 7, 3, 6, 0, 1, 5]
[4, 7, 3, 6, 0, 1, 2, 5]
failed -> 14 times
after fail n ======> 5
[0, 1, 2, 3, 7]
0.07407407407407407 0.11764705882352941
itercount --------> 1
[1, 3, 7]
[1, 3, 6]
[1, 3, 4]
[1, 3, 0]
0.11764705882352941 0.1282051282051282
itercount --------> 2
[1, 0, 6]
0.1282051282051282 0.25806451612903225
itercount --------> 3
[1, 0, 4]
0.25806451612903225 0.28125
itercount --------> 4
[1, 0, 3]
[1, 0, 6]
0.28125 0.2857142857142857
itercount --------> 5
[1, 0, 6]
0.2857142857142857 0.3055555555555556
itercount --------> 6
[1, 0, 2]
0.3055555555555556 0.3793103448275862
itercount --------> 7
[0, 3, 1]
[0, 3, 4]
[0, 3, 6]
[0, 3, 2]
[0, 3, 7]
[0, 3, 5]
[0, 3, 1, 4]
0.3793103448275862 0.4444444444444444
itercount --------> 8
[0, 7, 3]
0.4444444444444444 0.6086956521739131
itercount --------> 9
[0, 7, 3]
[0, 7, 6]
[0, 7, 1]
[0, 7, 5]
0.6086956521739131 0.625
itercount --------> 10
[0, 1, 3]
[0, 1, 6]
[0, 1, 7]
[0, 1, 5]
0.625 0.6363636363636364
itercount --------> 11
[0, 5, 7]
[0, 5, 6]
[0, 5, 1]
[0, 5, 2]
[0, 5, 3]
[0, 5, 4]
[0, 5, 7, 6]
[0, 5, 7, 1]
[0, 5, 7, 2]
0.6363636363636364 0.6666666666666666
itercount --------> 12
[5, 0, 7]
[5, 0, 6]
[5, 0, 3]
[5, 0, 1]
[5, 0, 2]
[5, 0, 4]
[5, 0, 7, 6]
[5, 0, 7, 3]
[5, 0, 7, 1]
[5, 0, 7, 2]
[5, 0, 7, 4]
[5, 0, 7, 6, 3]
[5, 0, 7, 6, 1]
[5, 0, 7, 6, 2]
[5, 0, 7, 6, 4]
[5, 0, 7, 6, 3, 1]
[5, 0, 7, 6, 3, 2]
[5, 0, 7, 6, 3, 4]
[5, 0, 7, 6, 3, 1, 2]
[5, 0, 7, 6, 3, 1, 4]
[5, 0, 7, 6, 3, 1, 2, 4]
failed -> 15 times
after fail n ======> 6
[0, 1, 2, 3, 7, 6]
0.07407407407407407 0.08
itercount --------> 1
[1, 0, 2]
0.08 0.14285714285714285
itercount --------> 2
[0, 1, 3]
0.14285714285714285 0.16666666666666666
itercount --------> 3
[3, 4, 7]
0.16666666666666666 0.2222222222222222
itercount --------> 4
[3, 1, 6]
[3, 1, 7]
0.2222222222222222 0.23684210526315788
itercount --------> 5
[1, 0, 3]
0.23684210526315788 0.2608695652173913
itercount --------> 6
[3, 4, 6]
0.2608695652173913 0.2916666666666667
itercount --------> 7
[3, 7, 0]
0.2916666666666667 0.3
itercount --------> 8
[0, 3, 1]
[0, 3, 2]
0.3 0.42857142857142855
itercount --------> 9
[3, 7, 0]
0.42857142857142855 0.56
itercount --------> 10
[3, 0, 1]
[3, 0, 2]
[3, 0, 7]
[3, 0, 6]
[3, 0, 4]
[3, 0, 5]
[3, 0, 1, 2]
[3, 0, 1, 7]
[3, 0, 1, 6]
[3, 0, 1, 4]
[3, 0, 1, 5]
[3, 0, 1, 2, 7]
[3, 0, 1, 2, 6]
[3, 0, 1, 2, 4]
[3, 0, 1, 2, 5]
[3, 0, 1, 2, 7, 6]
[3, 0, 1, 2, 7, 4]
[3, 0, 1, 2, 7, 5]
[3, 0, 1, 2, 7, 6, 4]
[3, 0, 1, 2, 7, 6, 5]
[3, 0, 1, 2, 7, 6, 4, 5]
failed -> 16 times
after fail n ======> 7
[0, 1, 2, 3, 7, 6, 4]
0.07407407407407407 0.08163265306122448
itercount --------> 1
[0, 1, 2]
0.08163265306122448 0.14814814814814814
itercount --------> 2
[2, 0, 1]
0.14814814814814814 0.25
itercount --------> 3
[6, 5, 0]
[6, 5, 1]
0.25 0.3076923076923077
itercount --------> 4
[6, 3, 5]
0.3076923076923077 0.3103448275862069
itercount --------> 5
[5, 3, 6]
[5, 3, 7]
0.3103448275862069 0.36363636363636365
itercount --------> 6
[0, 1, 2]
[0, 1, 3]
[0, 1, 7]
[0, 1, 5]
[0, 1, 4]
[0, 1, 6]
[0, 1, 2, 3]
[0, 1, 2, 7]
[0, 1, 2, 5]
[0, 1, 2, 4]
[0, 1, 2, 6]
[0, 1, 2, 3, 7]
[0, 1, 2, 3, 5]
0.36363636363636365 0.375
itercount --------> 7
[3, 5, 6]
[3, 5, 7]
[3, 5, 0]
0.375 0.42105263157894735
itercount --------> 8
[5, 0, 1]
[5, 0, 2]
[5, 0, 7]
[5, 0, 3]
[5, 0, 6]
[5, 0, 4]
[5, 0, 1, 2]
[5, 0, 1, 7]
[5, 0, 1, 3]
[5, 0, 1, 6]
[5, 0, 1, 4]
[5, 0, 1, 2, 7]
[5, 0, 1, 2, 3]
[5, 0, 1, 2, 6]
[5, 0, 1, 2, 4]
[5, 0, 1, 2, 7, 3]
[5, 0, 1, 2, 7, 6]
[5, 0, 1, 2, 7, 4]
[5, 0, 1, 2, 7, 3, 6]
[5, 0, 1, 2, 7, 3, 4]
[5, 0, 1, 2, 7, 3, 6, 4]
0.42105263157894735 0.42857142857142855
itercount --------> 9
[3, 5, 7]
[3, 5, 4]
[3, 5, 6]
0.42857142857142855 0.4782608695652174
itercount --------> 10
[3, 6, 7]
[3, 6, 5]
[3, 6, 4]
[3, 6, 0]
[3, 6, 1]
[3, 6, 2]
[3, 6, 7, 5]
[3, 6, 7, 4]
[3, 6, 7, 0]
[3, 6, 7, 1]
[3, 6, 7, 2]
[3, 6, 7, 5, 4]
[3, 6, 7, 5, 0]
[3, 6, 7, 5, 1]
[3, 6, 7, 5, 2]
[3, 6, 7, 5, 4, 0]
[3, 6, 7, 5, 4, 1]
[3, 6, 7, 5, 4, 2]
[3, 6, 7, 5, 4, 0, 1]
[3, 6, 7, 5, 4, 0, 2]
0.4782608695652174 0.5
itercount --------> 11
[3, 6, 5]
[3, 6, 4]
[3, 6, 7]
[3, 6, 0]
[3, 6, 1]
[3, 6, 2]
[3, 6, 5, 4]
[3, 6, 5, 7]
[3, 6, 5, 0]
0.5 0.5454545454545454
itercount --------> 12
[6, 3, 7]
[6, 3, 0]
[6, 3, 2]
[6, 3, 5]
[6, 3, 4]
[6, 3, 1]
[6, 3, 7, 0]
[6, 3, 7, 2]
[6, 3, 7, 5]
[6, 3, 7, 4]
[6, 3, 7, 1]
[6, 3, 7, 0, 2]
[6, 3, 7, 0, 5]
[6, 3, 7, 0, 4]
[6, 3, 7, 0, 1]
[6, 3, 7, 0, 2, 5]
[6, 3, 7, 0, 2, 4]
[6, 3, 7, 0, 2, 1]
0.5454545454545454 0.5714285714285714
itercount --------> 13
[6, 3, 7]
[6, 3, 4]
[6, 3, 5]
[6, 3, 0]
[6, 3, 1]
[6, 3, 2]
[6, 3, 7, 4]
[6, 3, 7, 5]
[6, 3, 7, 0]
[6, 3, 7, 1]
[6, 3, 7, 2]
[6, 3, 7, 4, 5]
[6, 3, 7, 4, 0]
[6, 3, 7, 4, 1]
[6, 3, 7, 4, 2]
[6, 3, 7, 4, 5, 0]
0.5714285714285714 0.5833333333333334
itercount --------> 14
[4, 0, 1]
[4, 0, 2]
0.5833333333333334 0.6086956521739131
itercount --------> 15
[4, 6, 3]
0.6086956521739131 0.6363636363636364
itercount --------> 16
[4, 0, 1]
[4, 0, 2]
[4, 0, 3]
0.6363636363636364 0.7083333333333334
itercount --------> 17
[0, 1, 2]
[0, 1, 3]
[0, 1, 5]
[0, 1, 6]
[0, 1, 7]
[0, 1, 4]
[0, 1, 2, 3]
[0, 1, 2, 5]
[0, 1, 2, 6]
[0, 1, 2, 7]
[0, 1, 2, 4]
[0, 1, 2, 3, 5]
[0, 1, 2, 3, 6]
[0, 1, 2, 3, 7]
[0, 1, 2, 3, 4]
[0, 1, 2, 3, 5, 6]
[0, 1, 2, 3, 5, 7]
[0, 1, 2, 3, 5, 4]
[0, 1, 2, 3, 5, 6, 7]
[0, 1, 2, 3, 5, 6, 4]
[0, 1, 2, 3, 5, 6, 7, 4]
failed -> 17 times
after fail n ======> 8
[0, 1, 2, 3, 7, 6, 4, 5]
0.07407407407407407 0.07692307692307693
itercount --------> 1
[6, 4, 3]
[6, 4, 7]
0.07692307692307693 0.08108108108108109
itercount --------> 2
[1, 2, 0]
0.08108108108108109 0.09090909090909091
itercount --------> 3
[1, 2, 0]
0.09090909090909091 0.125
itercount --------> 4
[0, 1, 2]
[0, 1, 4]
[0, 1, 6]
0.125 0.19047619047619047
itercount --------> 5
[4, 3, 6]
[4, 3, 7]
0.19047619047619047 0.22727272727272727
itercount --------> 6
[0, 1, 2]
[0, 1, 4]
0.22727272727272727 0.32
itercount --------> 7
[6, 3, 5]
[6, 3, 7]
[6, 3, 4]
[6, 3, 0]
[6, 3, 1]
[6, 3, 2]
[6, 3, 5, 7]
[6, 3, 5, 4]
[6, 3, 5, 0]
0.32 0.36
itercount --------> 8
[3, 7, 6]
0.36 0.4074074074074074
itercount --------> 9
[6, 5, 4]
[6, 5, 7]
[6, 5, 3]
[6, 5, 0]
[6, 5, 1]
[6, 5, 2]
[6, 5, 4, 7]
[6, 5, 4, 3]
[6, 5, 4, 0]
0.4074074074074074 0.45454545454545453
itercount --------> 10
[7, 3, 4]
[7, 3, 6]
[7, 3, 5]
0.45454545454545453 0.4583333333333333
itercount --------> 11
[3, 4, 5]
[3, 4, 6]
[3, 4, 7]
[3, 4, 0]
[3, 4, 1]
[3, 4, 2]
[3, 4, 5, 6]
[3, 4, 5, 7]
[3, 4, 5, 0]
[3, 4, 5, 1]
[3, 4, 5, 2]
[3, 4, 5, 6, 7]
0.4583333333333333 0.55
itercount --------> 12
[0, 1, 2]
[0, 1, 5]
[0, 1, 7]
[0, 1, 4]
[0, 1, 3]
[0, 1, 6]
[0, 1, 2, 5]
0.55 0.5909090909090909
itercount --------> 13
[4, 5, 7]
[4, 5, 3]
[4, 5, 0]
[4, 5, 1]
[4, 5, 2]
[4, 5, 6]
[4, 5, 7, 3]
[4, 5, 7, 0]
0.5909090909090909 0.65
itercount --------> 14
[0, 1, 2]
[0, 1, 5]
[0, 1, 7]
[0, 1, 3]
[0, 1, 4]
[0, 1, 6]
[0, 1, 2, 5]
[0, 1, 2, 7]
[0, 1, 2, 3]
[0, 1, 2, 4]
[0, 1, 2, 6]
[0, 1, 2, 5, 7]
[0, 1, 2, 5, 3]
[0, 1, 2, 5, 4]
[0, 1, 2, 5, 6]
[0, 1, 2, 5, 7, 3]
[0, 1, 2, 5, 7, 4]
[0, 1, 2, 5, 7, 6]
[0, 1, 2, 5, 7, 3, 4]
0.65 0.6521739130434783
itercount --------> 15
[3, 7, 5]
[3, 7, 0]
[3, 7, 1]
[3, 7, 2]
[3, 7, 6]
[3, 7, 4]
[3, 7, 5, 0]
0.6521739130434783 0.6666666666666666
itercount --------> 16
[0, 1, 3]
[0, 1, 5]
[0, 1, 6]
[0, 1, 7]
[0, 1, 2]
[0, 1, 4]
[0, 1, 3, 5]
[0, 1, 3, 6]
[0, 1, 3, 7]
[0, 1, 3, 2]
[0, 1, 3, 4]
[0, 1, 3, 5, 6]
[0, 1, 3, 5, 7]
[0, 1, 3, 5, 2]
[0, 1, 3, 5, 4]
[0, 1, 3, 5, 6, 7]
[0, 1, 3, 5, 6, 2]
[0, 1, 3, 5, 6, 4]
[0, 1, 3, 5, 6, 7, 2]
[0, 1, 3, 5, 6, 7, 4]
[0, 1, 3, 5, 6, 7, 2, 4]
failed -> 18 times
after fail n ======> 5
[0, 1, 2, 3, 7]
0.07407407407407407 0.1111111111111111
itercount --------> 1
[2, 6, 7]
0.1111111111111111 0.13333333333333333
itercount --------> 2
[2, 7, 4]
[2, 7, 3]
0.13333333333333333 0.16129032258064516
itercount --------> 3
[7, 2, 6]
[7, 2, 0]
0.16129032258064516 0.22727272727272727
itercount --------> 4
[7, 6, 4]
[7, 6, 3]
[7, 6, 5]
[7, 6, 0]
[7, 6, 1]
[7, 6, 2]
[7, 6, 4, 3]
0.22727272727272727 0.2857142857142857
itercount --------> 5
[0, 1, 2]
[0, 1, 7]
0.2857142857142857 0.3333333333333333
itercount --------> 6
[0, 1, 2]
[0, 1, 7]
[0, 1, 4]
[0, 1, 3]
0.3333333333333333 0.34782608695652173
itercount --------> 7
[0, 2, 3]
0.34782608695652173 0.36363636363636365
itercount --------> 8
[5, 4, 3]
[5, 4, 7]
[5, 4, 0]
[5, 4, 1]
[5, 4, 2]
[5, 4, 6]
0.36363636363636365 0.375
itercount --------> 9
[5, 7, 4]
[5, 7, 6]
[5, 7, 0]
[5, 7, 1]
[5, 7, 2]
[5, 7, 3]
[5, 7, 4, 6]
[5, 7, 4, 0]
[5, 7, 4, 1]
[5, 7, 4, 2]
[5, 7, 4, 3]
[5, 7, 4, 6, 0]
[5, 7, 4, 6, 1]
[5, 7, 4, 6, 2]
[5, 7, 4, 6, 3]
0.375 0.4
itercount --------> 10
[2, 4, 7]
[2, 4, 6]
0.4 0.41379310344827586
itercount --------> 11
[7, 0, 1]
[7, 0, 2]
[7, 0, 5]
[7, 0, 6]
[7, 0, 3]
[7, 0, 4]
[7, 0, 1, 2]
[7, 0, 1, 5]
[7, 0, 1, 6]
[7, 0, 1, 3]
[7, 0, 1, 4]
[7, 0, 1, 2, 5]
[7, 0, 1, 2, 6]
[7, 0, 1, 2, 3]
[7, 0, 1, 2, 4]
[7, 0, 1, 2, 5, 6]
0.41379310344827586 0.44
itercount --------> 12
[2, 7, 3]
[2, 7, 6]
[2, 7, 0]
[2, 7, 1]
0.44 0.4782608695652174
itercount --------> 13
[0, 1, 2]
[0, 1, 7]
[0, 1, 3]
[0, 1, 4]
0.4782608695652174 0.5
itercount --------> 14
[7, 1, 2]
[7, 1, 3]
[7, 1, 4]
[7, 1, 0]
[7, 1, 5]
[7, 1, 6]
[7, 1, 2, 3]
[7, 1, 2, 4]
[7, 1, 2, 0]
[7, 1, 2, 5]
[7, 1, 2, 6]
[7, 1, 2, 3, 4]
[7, 1, 2, 3, 0]
[7, 1, 2, 3, 5]
[7, 1, 2, 3, 6]
[7, 1, 2, 3, 4, 0]
[7, 1, 2, 3, 4, 5]
[7, 1, 2, 3, 4, 6]
[7, 1, 2, 3, 4, 0, 5]
[7, 1, 2, 3, 4, 0, 6]
[7, 1, 2, 3, 4, 0, 5, 6]
failed -> 19 times
after fail n ======> 6
[0, 1, 2, 3, 7, 6]
0.07407407407407407 0.0967741935483871
itercount --------> 1
[3, 1, 6]
0.0967741935483871 0.11764705882352941
itercount --------> 2
[1, 3, 7]
0.11764705882352941 0.16129032258064516
itercount --------> 3
[1, 6, 0]
0.16129032258064516 0.22580645161290322
itercount --------> 4
[1, 0, 2]
[1, 0, 4]
0.22580645161290322 0.3333333333333333
itercount --------> 5
[4, 1, 6]
0.3333333333333333 0.4230769230769231
itercount --------> 6
[6, 3, 5]
0.4230769230769231 0.4444444444444444
itercount --------> 7
[5, 0, 1]
0.4444444444444444 0.5
itercount --------> 8
[0, 1, 2]
[0, 1, 5]
[0, 1, 4]
[0, 1, 7]
[0, 1, 6]
[0, 1, 3]
[0, 1, 2, 5]
[0, 1, 2, 4]
[0, 1, 2, 7]
[0, 1, 2, 6]
[0, 1, 2, 3]
[0, 1, 2, 5, 4]
[0, 1, 2, 5, 7]
0.5 0.5217391304347826
itercount --------> 9
[5, 3, 6]
0.5217391304347826 0.5555555555555556
itercount --------> 10
[6, 7, 5]
[6, 7, 3]
[6, 7, 0]
[6, 7, 1]
[6, 7, 2]
[6, 7, 4]
[6, 7, 5, 3]
[6, 7, 5, 0]
[6, 7, 5, 1]
[6, 7, 5, 2]
[6, 7, 5, 4]
[6, 7, 5, 3, 0]
[6, 7, 5, 3, 1]
[6, 7, 5, 3, 2]
[6, 7, 5, 3, 4]
[6, 7, 5, 3, 0, 1]
[6, 7, 5, 3, 0, 2]
[6, 7, 5, 3, 0, 4]
[6, 7, 5, 3, 0, 1, 2]
[6, 7, 5, 3, 0, 1, 4]
[6, 7, 5, 3, 0, 1, 2, 4]
0.5555555555555556 0.5769230769230769
itercount --------> 11
[6, 7, 5]
[6, 7, 3]
[6, 7, 4]
[6, 7, 0]
[6, 7, 1]
[6, 7, 2]
[6, 7, 5, 3]
[6, 7, 5, 4]
[6, 7, 5, 0]
[6, 7, 5, 1]
[6, 7, 5, 2]
[6, 7, 5, 3, 4]
[6, 7, 5, 3, 0]
[6, 7, 5, 3, 1]
[6, 7, 5, 3, 2]
[6, 7, 5, 3, 4, 0]
[6, 7, 5, 3, 4, 1]
[6, 7, 5, 3, 4, 2]
[6, 7, 5, 3, 4, 0, 1]
[6, 7, 5, 3, 4, 0, 2]
[6, 7, 5, 3, 4, 0, 1, 2]
failed -> 20 times
after fail n ======> 7
[0, 1, 2, 3, 7, 6, 4]
0.07407407407407407 0.11764705882352941
itercount --------> 1
[1, 3, 7]
0.11764705882352941 0.16129032258064516
itercount --------> 2
[1, 6, 0]
0.16129032258064516 0.2
itercount --------> 3
[6, 4, 3]
0.2 0.4
itercount --------> 4
[6, 5, 3]
[6, 5, 4]
0.4 0.5384615384615384
itercount --------> 5
[5, 6, 7]
[5, 6, 3]
[5, 6, 0]
[5, 6, 1]
[5, 6, 2]
0.5384615384615384 0.6363636363636364
itercount --------> 6
[6, 5, 3]
[6, 5, 7]
[6, 5, 0]
0.6363636363636364 0.6666666666666666
itercount --------> 7
[5, 6, 7]
[5, 6, 3]
[5, 6, 0]
[5, 6, 1]
[5, 6, 2]
[5, 6, 4]
[5, 6, 7, 3]
[5, 6, 7, 0]
[5, 6, 7, 1]
[5, 6, 7, 2]
[5, 6, 7, 4]
[5, 6, 7, 3, 0]
[5, 6, 7, 3, 1]
[5, 6, 7, 3, 2]
[5, 6, 7, 3, 4]
[5, 6, 7, 3, 0, 1]
[5, 6, 7, 3, 0, 2]
[5, 6, 7, 3, 0, 4]
[5, 6, 7, 3, 0, 1, 2]
[5, 6, 7, 3, 0, 1, 4]
[5, 6, 7, 3, 0, 1, 2, 4]
failed -> 21 times
after fail n ======> 8
[0, 1, 2, 3, 7, 6, 4, 5]
0.07407407407407407 0.08333333333333333
itercount --------> 1
[0, 3, 7]
0.08333333333333333 0.1111111111111111
itercount --------> 2
[0, 6, 7]
0.1111111111111111 0.13513513513513514
itercount --------> 3
[0, 4, 6]
0.13513513513513514 0.15384615384615385
itercount --------> 4
[4, 6, 7]
[4, 6, 1]
0.15384615384615385 0.15625
itercount --------> 5
[1, 4, 6]
0.15625 0.2
itercount --------> 6
[4, 6, 3]
[4, 6, 7]
[4, 6, 5]
0.2 0.20689655172413793
itercount --------> 7
[4, 3, 5]
[4, 3, 0]
[4, 3, 6]
[4, 3, 7]
0.20689655172413793 0.25
itercount --------> 8
[4, 0, 6]
[4, 0, 5]
[4, 0, 7]
[4, 0, 3]
[4, 0, 1]
0.25 0.2727272727272727
itercount --------> 9
[4, 6, 5]
[4, 6, 7]
[4, 6, 3]
0.2727272727272727 0.2916666666666667
itercount --------> 10
[4, 5, 3]
0.2916666666666667 0.34615384615384615
itercount --------> 11
[4, 5, 3]
[4, 5, 7]
[4, 5, 0]
[4, 5, 1]
[4, 5, 2]
0.34615384615384615 0.35
itercount --------> 12
[4, 5, 7]
[4, 5, 3]
[4, 5, 6]
[4, 5, 0]
0.35 0.3684210526315789
itercount --------> 13
[5, 0, 1]
[5, 0, 2]
0.3684210526315789 0.391304347826087
itercount --------> 14
[4, 5, 3]
[4, 5, 7]
[4, 5, 6]
[4, 5, 0]
[4, 5, 1]
[4, 5, 2]
[4, 5, 3, 7]
[4, 5, 3, 6]
[4, 5, 3, 0]
0.391304347826087 0.5185185185185185
itercount --------> 15
[5, 6, 4]
[5, 6, 7]
[5, 6, 0]
[5, 6, 1]
[5, 6, 2]
[5, 6, 3]
[5, 6, 4, 7]
[5, 6, 4, 0]
[5, 6, 4, 1]
[5, 6, 4, 2]
[5, 6, 4, 3]
[5, 6, 4, 7, 0]
[5, 6, 4, 7, 1]
[5, 6, 4, 7, 2]
0.5185185185185185 0.52
itercount --------> 16
[5, 6, 7]
[5, 6, 3]
0.52 0.5217391304347826
itercount --------> 17
[5, 6, 7]
[5, 6, 3]
[5, 6, 4]
[5, 6, 0]
[5, 6, 1]
[5, 6, 2]
[5, 6, 7, 3]
0.5217391304347826 0.5454545454545454
itercount --------> 18
[4, 6, 5]
[4, 6, 3]
0.5454545454545454 0.6190476190476191
itercount --------> 19
[4, 3, 7]
[4, 3, 5]
[4, 3, 6]
[4, 3, 0]
[4, 3, 1]
[4, 3, 2]
[4, 3, 7, 5]
[4, 3, 7, 6]
[4, 3, 7, 0]
[4, 3, 7, 1]
[4, 3, 7, 2]
[4, 3, 7, 5, 6]
[4, 3, 7, 5, 0]
[4, 3, 7, 5, 1]
[4, 3, 7, 5, 2]
[4, 3, 7, 5, 6, 0]
[4, 3, 7, 5, 6, 1]
[4, 3, 7, 5, 6, 2]
[4, 3, 7, 5, 6, 0, 1]
[4, 3, 7, 5, 6, 0, 2]
[4, 3, 7, 5, 6, 0, 1, 2]
failed -> 22 times
after fail n ======> 5
[0, 1, 2, 3, 7]
0.07407407407407407 0.0967741935483871
itercount --------> 1
[0, 7, 6]
0.0967741935483871 0.10344827586206896
itercount --------> 2
[0, 6, 7]
0.10344827586206896 0.14285714285714285
itercount --------> 3
[0, 7, 1]
0.14285714285714285 0.2
itercount --------> 4
[0, 4, 6]
[0, 4, 3]
0.2 0.23076923076923078
itercount --------> 5
[0, 3, 4]
0.23076923076923078 0.2608695652173913
itercount --------> 6
[0, 4, 3]
0.2608695652173913 0.3333333333333333
itercount --------> 7
[3, 0, 4]
[3, 0, 6]
[3, 0, 7]
[3, 0, 1]
[3, 0, 2]
[3, 0, 5]
[3, 0, 4, 6]
0.3333333333333333 0.35714285714285715
itercount --------> 8
[0, 3, 6]
0.35714285714285715 0.37142857142857144
itercount --------> 9
[0, 3, 1]
0.37142857142857144 0.46153846153846156
itercount --------> 10
[0, 3, 7]
[0, 3, 6]
[0, 3, 1]
0.46153846153846156 0.48
itercount --------> 11
[3, 7, 0]
[3, 7, 6]
[3, 7, 1]
[3, 7, 2]
[3, 7, 4]
[3, 7, 5]
[3, 7, 0, 6]
[3, 7, 0, 1]
[3, 7, 0, 2]
0.48 0.5217391304347826
itercount --------> 12
[3, 7, 6]
[3, 7, 0]
[3, 7, 1]
[3, 7, 2]
[3, 7, 4]
[3, 7, 5]
[3, 7, 6, 0]
[3, 7, 6, 1]
[3, 7, 6, 2]
[3, 7, 6, 4]
[3, 7, 6, 5]
[3, 7, 6, 0, 1]
[3, 7, 6, 0, 2]
[3, 7, 6, 0, 4]
[3, 7, 6, 0, 5]
[3, 7, 6, 0, 1, 2]
[3, 7, 6, 0, 1, 4]
0.5217391304347826 0.5833333333333334
itercount --------> 13
[0, 1, 2]
[0, 1, 3]
[0, 1, 6]
[0, 1, 7]
[0, 1, 5]
0.5833333333333334 0.625
itercount --------> 14
[0, 1, 2]
[0, 1, 3]
0.625 0.6818181818181818
itercount --------> 15
[5, 3, 6]
[5, 3, 7]
[5, 3, 0]
[5, 3, 1]
[5, 3, 2]
[5, 3, 4]
[5, 3, 6, 7]
[5, 3, 6, 0]
0.6818181818181818 0.7272727272727273
itercount --------> 16
[3, 5, 6]
[3, 5, 7]
[3, 5, 0]
[3, 5, 1]
[3, 5, 2]
[3, 5, 4]
[3, 5, 6, 7]
[3, 5, 6, 0]
[3, 5, 6, 1]
[3, 5, 6, 2]
[3, 5, 6, 4]
[3, 5, 6, 7, 0]
[3, 5, 6, 7, 1]
[3, 5, 6, 7, 2]
[3, 5, 6, 7, 4]
[3, 5, 6, 7, 0, 1]
0.7272727272727273 0.7619047619047619
itercount --------> 17
[3, 5, 6]
[3, 5, 7]
[3, 5, 0]
[3, 5, 1]
[3, 5, 2]
[3, 5, 4]
[3, 5, 6, 7]
[3, 5, 6, 0]
[3, 5, 6, 1]
[3, 5, 6, 2]
[3, 5, 6, 4]
[3, 5, 6, 7, 0]
[3, 5, 6, 7, 1]
[3, 5, 6, 7, 2]
[3, 5, 6, 7, 4]
[3, 5, 6, 7, 0, 1]
[3, 5, 6, 7, 0, 2]
[3, 5, 6, 7, 0, 4]
0.7619047619047619 0.8095238095238095
itercount --------> 18
[3, 6, 7]
[3, 6, 0]
[3, 6, 1]
[3, 6, 2]
[3, 6, 5]
[3, 6, 4]
[3, 6, 7, 0]
[3, 6, 7, 1]
[3, 6, 7, 2]
[3, 6, 7, 5]
[3, 6, 7, 4]
[3, 6, 7, 0, 1]
[3, 6, 7, 0, 2]
[3, 6, 7, 0, 5]
[3, 6, 7, 0, 4]
[3, 6, 7, 0, 1, 2]
[3, 6, 7, 0, 1, 5]
[3, 6, 7, 0, 1, 4]
[3, 6, 7, 0, 1, 2, 5]
[3, 6, 7, 0, 1, 2, 4]
[3, 6, 7, 0, 1, 2, 5, 4]
failed -> 23 times
after fail n ======> 6
[0, 1, 2, 3, 7, 6]
0.07407407407407407 0.07692307692307693
itercount --------> 1
[2, 3, 6]
0.07692307692307693 0.08333333333333333
itercount --------> 2
[3, 6, 7]
[3, 6, 4]
[3, 6, 2]
0.08333333333333333 0.1111111111111111
itercount --------> 3
[3, 2, 6]
[3, 2, 7]
0.1111111111111111 0.13043478260869565
itercount --------> 4
[0, 1, 2]
0.13043478260869565 0.15789473684210525
itercount --------> 5
[0, 1, 2]
[0, 1, 5]
[0, 1, 7]
[0, 1, 3]
[0, 1, 4]
[0, 1, 6]
[0, 1, 2, 5]
[0, 1, 2, 7]
[0, 1, 2, 3]
0.15789473684210525 0.19047619047619047
itercount --------> 6
[0, 1, 6]
0.19047619047619047 0.2
itercount --------> 7
[0, 6, 4]
0.2 0.3235294117647059
itercount --------> 8
[0, 6, 7]
0.3235294117647059 0.37037037037037035
itercount --------> 9
[6, 1, 5]
[6, 1, 7]
[6, 1, 0]
[6, 1, 3]
[6, 1, 4]
[6, 1, 2]
[6, 1, 5, 7]
0.37037037037037035 0.4
itercount --------> 10
[6, 1, 5]
0.4 0.43478260869565216
itercount --------> 11
[6, 5, 7]
[6, 5, 3]
[6, 5, 4]
[6, 5, 1]
[6, 5, 2]
[6, 5, 0]
[6, 5, 7, 3]
[6, 5, 7, 4]
[6, 5, 7, 1]
[6, 5, 7, 2]
[6, 5, 7, 0]
[6, 5, 7, 3, 4]
[6, 5, 7, 3, 1]
[6, 5, 7, 3, 2]
[6, 5, 7, 3, 0]
[6, 5, 7, 3, 4, 1]
[6, 5, 7, 3, 4, 2]
[6, 5, 7, 3, 4, 0]
[6, 5, 7, 3, 4, 1, 2]
0.43478260869565216 0.45454545454545453
itercount --------> 12
[6, 5, 7]
[6, 5, 3]
[6, 5, 4]
[6, 5, 0]
[6, 5, 1]
[6, 5, 2]
[6, 5, 7, 3]
[6, 5, 7, 4]
[6, 5, 7, 0]
[6, 5, 7, 1]
[6, 5, 7, 2]
[6, 5, 7, 3, 4]
[6, 5, 7, 3, 0]
[6, 5, 7, 3, 1]
[6, 5, 7, 3, 2]
[6, 5, 7, 3, 4, 0]
[6, 5, 7, 3, 4, 1]
[6, 5, 7, 3, 4, 2]
[6, 5, 7, 3, 4, 0, 1]
[6, 5, 7, 3, 4, 0, 2]
[6, 5, 7, 3, 4, 0, 1, 2]
failed -> 24 times
after fail n ======> 7
[0, 1, 2, 3, 7, 6, 4]
0.07407407407407407 0.07692307692307693
itercount --------> 1
[1, 0, 2]
0.07692307692307693 0.1111111111111111
itercount --------> 2
[2, 3, 6]
0.1111111111111111 0.13636363636363635
itercount --------> 3
[3, 2, 0]
0.13636363636363635 0.15384615384615385
itercount --------> 4
[0, 2, 6]
0.15384615384615385 0.20833333333333334
itercount --------> 5
[0, 2, 1]
0.20833333333333334 0.23809523809523808
itercount --------> 6
[0, 1, 2]
[0, 1, 6]
0.23809523809523808 0.25
itercount --------> 7
[0, 4, 6]
0.25 0.25925925925925924
itercount --------> 8
[0, 4, 5]
0.25925925925925924 0.2682926829268293
itercount --------> 9
[0, 5, 7]
0.2682926829268293 0.2777777777777778
itercount --------> 10
[0, 7, 5]
[0, 7, 1]
0.2777777777777778 0.38461538461538464
itercount --------> 11
[0, 1, 2]
[0, 1, 7]
[0, 1, 3]
[0, 1, 5]
0.38461538461538464 0.4074074074074074
itercount --------> 12
[0, 3, 7]
[0, 3, 5]
0.4074074074074074 0.45454545454545453
itercount --------> 13
[0, 3, 6]
0.45454545454545453 0.5
itercount --------> 14
[0, 1, 2]
[0, 1, 5]
[0, 1, 7]
[0, 1, 3]
[0, 1, 6]
[0, 1, 4]
[0, 1, 2, 5]
[0, 1, 2, 7]
[0, 1, 2, 3]
[0, 1, 2, 6]
[0, 1, 2, 4]
[0, 1, 2, 5, 7]
[0, 1, 2, 5, 3]
[0, 1, 2, 5, 6]
[0, 1, 2, 5, 4]
0.5 0.5263157894736842
itercount --------> 15
[0, 1, 2]
[0, 1, 5]
[0, 1, 3]
[0, 1, 7]
[0, 1, 6]
[0, 1, 4]
[0, 1, 2, 5]
[0, 1, 2, 3]
[0, 1, 2, 7]
[0, 1, 2, 6]
[0, 1, 2, 4]
[0, 1, 2, 5, 3]
[0, 1, 2, 5, 7]
[0, 1, 2, 5, 6]
[0, 1, 2, 5, 4]
[0, 1, 2, 5, 3, 7]
0.5263157894736842 0.5714285714285714
itercount --------> 16
[3, 6, 7]
[3, 6, 5]
[3, 6, 0]
[3, 6, 1]
0.5714285714285714 0.6086956521739131
itercount --------> 17
[0, 1, 2]
[0, 1, 3]
[0, 1, 7]
[0, 1, 6]
[0, 1, 5]
[0, 1, 4]
[0, 1, 2, 3]
[0, 1, 2, 7]
[0, 1, 2, 6]
[0, 1, 2, 5]
[0, 1, 2, 4]
[0, 1, 2, 3, 7]
[0, 1, 2, 3, 6]
0.6086956521739131 0.6666666666666666
itercount --------> 18
[0, 1, 2]
[0, 1, 6]
[0, 1, 3]
[0, 1, 7]
[0, 1, 5]
[0, 1, 4]
[0, 1, 2, 6]
0.6666666666666666 0.6956521739130435
itercount --------> 19
[0, 1, 2]
[0, 1, 3]
[0, 1, 6]
[0, 1, 7]
[0, 1, 5]
[0, 1, 4]
[0, 1, 2, 3]
[0, 1, 2, 6]
[0, 1, 2, 7]
[0, 1, 2, 5]
[0, 1, 2, 4]
[0, 1, 2, 3, 6]
[0, 1, 2, 3, 7]
[0, 1, 2, 3, 5]
0.6956521739130435 0.7391304347826086
itercount --------> 20
[3, 0, 1]
[3, 0, 2]
[3, 0, 7]
[3, 0, 5]
[3, 0, 6]
[3, 0, 4]
[3, 0, 1, 2]
[3, 0, 1, 7]
[3, 0, 1, 5]
[3, 0, 1, 6]
[3, 0, 1, 4]
[3, 0, 1, 2, 7]
[3, 0, 1, 2, 5]
[3, 0, 1, 2, 6]
[3, 0, 1, 2, 4]
[3, 0, 1, 2, 7, 5]
[3, 0, 1, 2, 7, 6]
[3, 0, 1, 2, 7, 4]
[3, 0, 1, 2, 7, 5, 6]
[3, 0, 1, 2, 7, 5, 4]
[3, 0, 1, 2, 7, 5, 6, 4]
failed -> 25 times
after fail n ======> 8
[0, 1, 2, 3, 7, 6, 4, 5]
0.07407407407407407 0.11764705882352941
itercount --------> 1
[1, 3, 7]
[1, 3, 6]
[1, 3, 4]
0.11764705882352941 0.16666666666666666
itercount --------> 2
[1, 3, 4]
[1, 3, 0]
0.16666666666666666 0.25
itercount --------> 3
[0, 1, 2]
[0, 1, 3]
[0, 1, 4]
0.25 0.27586206896551724
itercount --------> 4
[6, 1, 3]
[6, 1, 4]
[6, 1, 5]
[6, 1, 7]
[6, 1, 0]
[6, 1, 2]
0.27586206896551724 0.2962962962962963
itercount --------> 5
[6, 4, 3]
0.2962962962962963 0.36666666666666664
itercount --------> 6
[6, 3, 5]
[6, 3, 7]
[6, 3, 0]
0.36666666666666664 0.375
itercount --------> 7
[0, 1, 6]
0.375 0.4
itercount --------> 8
[1, 6, 3]
[1, 6, 0]
[1, 6, 5]
[1, 6, 7]
[1, 6, 2]
[1, 6, 4]
[1, 6, 3, 0]
[1, 6, 3, 5]
[1, 6, 3, 7]
0.4 0.4074074074074074
itercount --------> 9
[1, 6, 0]
[1, 6, 7]
[1, 6, 2]
[1, 6, 4]
[1, 6, 5]
0.4074074074074074 0.42857142857142855
itercount --------> 10
[3, 6, 5]
0.42857142857142855 0.45454545454545453
itercount --------> 11
[3, 5, 0]
0.45454545454545453 0.5217391304347826
itercount --------> 12
[0, 1, 2]
[0, 1, 3]
[0, 1, 5]
[0, 1, 6]
[0, 1, 4]
[0, 1, 7]
[0, 1, 2, 3]
[0, 1, 2, 5]
[0, 1, 2, 6]
[0, 1, 2, 4]
0.5217391304347826 0.5714285714285714
itercount --------> 13
[6, 7, 0]
[6, 7, 3]
[6, 7, 5]
[6, 7, 4]
[6, 7, 1]
[6, 7, 2]
[6, 7, 0, 3]
0.5714285714285714 0.6666666666666666
itercount --------> 14
[5, 3, 6]
[5, 3, 0]
[5, 3, 1]
[5, 3, 2]
[5, 3, 4]
[5, 3, 7]
[5, 3, 6, 0]
[5, 3, 6, 1]
[5, 3, 6, 2]
[5, 3, 6, 4]
[5, 3, 6, 7]
[5, 3, 6, 0, 1]
[5, 3, 6, 0, 2]
[5, 3, 6, 0, 4]
[5, 3, 6, 0, 7]
[5, 3, 6, 0, 1, 2]
0.6666666666666666 0.7
itercount --------> 15
[5, 6, 3]
[5, 6, 4]
[5, 6, 7]
[5, 6, 0]
[5, 6, 1]
[5, 6, 2]
[5, 6, 3, 4]
[5, 6, 3, 7]
[5, 6, 3, 0]
[5, 6, 3, 1]
[5, 6, 3, 2]
[5, 6, 3, 4, 7]
[5, 6, 3, 4, 0]
[5, 6, 3, 4, 1]
[5, 6, 3, 4, 2]
[5, 6, 3, 4, 7, 0]
[5, 6, 3, 4, 7, 1]
[5, 6, 3, 4, 7, 2]
[5, 6, 3, 4, 7, 0, 1]
[5, 6, 3, 4, 7, 0, 2]
[5, 6, 3, 4, 7, 0, 1, 2]
failed -> 26 times
after fail n ======> 5
[0, 1, 2, 3, 7]
0.07407407407407407 0.0967741935483871
itercount --------> 1
[1, 5, 6]
0.0967741935483871 0.125
itercount --------> 2
[1, 4, 0]
0.125 0.19230769230769232
itercount --------> 3
[1, 3, 4]
0.19230769230769232 0.2857142857142857
itercount --------> 4
[3, 7, 4]
[3, 7, 6]
[3, 7, 5]
0.2857142857142857 0.30434782608695654
itercount --------> 5
[3, 6, 4]
[3, 6, 0]
[3, 6, 1]
[3, 6, 2]
[3, 6, 5]
0.30434782608695654 0.36363636363636365
itercount --------> 6
[0, 1, 2]
[0, 1, 4]
[0, 1, 3]
[0, 1, 5]
[0, 1, 6]
[0, 1, 7]
[0, 1, 2, 4]
[0, 1, 2, 3]
[0, 1, 2, 5]
0.36363636363636365 0.4
itercount --------> 7
[0, 1, 2]
[0, 1, 5]
[0, 1, 3]
[0, 1, 4]
[0, 1, 6]
[0, 1, 7]
[0, 1, 2, 5]
[0, 1, 2, 3]
[0, 1, 2, 4]
[0, 1, 2, 6]
[0, 1, 2, 7]
0.4 0.42105263157894735
itercount --------> 8
[5, 0, 1]
[5, 0, 2]
[5, 0, 3]
[5, 0, 4]
[5, 0, 7]
[5, 0, 6]
[5, 0, 1, 2]
[5, 0, 1, 3]
[5, 0, 1, 4]
[5, 0, 1, 7]
[5, 0, 1, 6]
[5, 0, 1, 2, 3]
[5, 0, 1, 2, 4]
[5, 0, 1, 2, 7]
[5, 0, 1, 2, 6]
[5, 0, 1, 2, 3, 4]
[5, 0, 1, 2, 3, 7]
[5, 0, 1, 2, 3, 6]
0.42105263157894735 0.42857142857142855
itercount --------> 9
[4, 3, 5]
[4, 3, 6]
[4, 3, 7]
[4, 3, 0]
[4, 3, 1]
[4, 3, 2]
[4, 3, 5, 6]
[4, 3, 5, 7]
[4, 3, 5, 0]
[4, 3, 5, 1]
0.42857142857142855 0.45
itercount --------> 10
[4, 3, 5]
[4, 3, 7]
[4, 3, 6]
[4, 3, 0]
[4, 3, 1]
[4, 3, 2]
[4, 3, 5, 7]
[4, 3, 5, 6]
0.45 0.47619047619047616
itercount --------> 11
[3, 5, 6]
[3, 5, 7]
[3, 5, 4]
[3, 5, 0]
[3, 5, 1]
[3, 5, 2]
[3, 5, 6, 7]
[3, 5, 6, 4]
[3, 5, 6, 0]
[3, 5, 6, 1]
[3, 5, 6, 2]
[3, 5, 6, 7, 4]
0.47619047619047616 0.5
itercount --------> 12
[0, 1, 2]
[0, 1, 5]
[0, 1, 7]
[0, 1, 3]
[0, 1, 4]
[0, 1, 6]
[0, 1, 2, 5]
[0, 1, 2, 7]
[0, 1, 2, 3]
[0, 1, 2, 4]
[0, 1, 2, 6]
[0, 1, 2, 5, 7]
[0, 1, 2, 5, 3]
0.5 0.5238095238095238
itercount --------> 13
[5, 7, 0]
[5, 7, 1]
[5, 7, 2]
[5, 7, 4]
[5, 7, 3]
[5, 7, 6]
[5, 7, 0, 1]
[5, 7, 0, 2]
[5, 7, 0, 4]
[5, 7, 0, 3]
[5, 7, 0, 6]
[5, 7, 0, 1, 2]
[5, 7, 0, 1, 4]
[5, 7, 0, 1, 3]
[5, 7, 0, 1, 6]
[5, 7, 0, 1, 2, 4]
[5, 7, 0, 1, 2, 3]
[5, 7, 0, 1, 2, 6]
[5, 7, 0, 1, 2, 4, 3]
0.5238095238095238 0.6363636363636364
itercount --------> 14
[5, 7, 0]
[5, 7, 1]
[5, 7, 2]
[5, 7, 6]
[5, 7, 3]
[5, 7, 4]
[5, 7, 0, 1]
[5, 7, 0, 2]
[5, 7, 0, 6]
[5, 7, 0, 3]
[5, 7, 0, 4]
[5, 7, 0, 1, 2]
[5, 7, 0, 1, 6]
[5, 7, 0, 1, 3]
[5, 7, 0, 1, 4]
[5, 7, 0, 1, 2, 6]
[5, 7, 0, 1, 2, 3]
[5, 7, 0, 1, 2, 4]
[5, 7, 0, 1, 2, 6, 3]
[5, 7, 0, 1, 2, 6, 4]
[5, 7, 0, 1, 2, 6, 3, 4]
failed -> 27 times
after fail n ======> 6
[0, 1, 2, 3, 7, 6]
0.07407407407407407 0.0967741935483871
itercount --------> 1
[0, 1, 3]
0.0967741935483871 0.1
itercount --------> 2
[0, 1, 7]
[0, 1, 3]
0.1 0.13043478260869565
itercount --------> 3
[0, 1, 2]
0.13043478260869565 0.15789473684210525
itercount --------> 4
[0, 1, 2]
[0, 1, 5]
[0, 1, 7]
[0, 1, 3]
0.15789473684210525 0.19047619047619047
itercount --------> 5
[1, 3, 6]
[1, 3, 4]
[1, 3, 5]
[1, 3, 7]
[1, 3, 0]
0.19047619047619047 0.21052631578947367
itercount --------> 6
[0, 1, 2]
[0, 1, 5]
[0, 1, 4]
0.21052631578947367 0.30434782608695654
itercount --------> 7
[6, 1, 5]
0.30434782608695654 0.36
itercount --------> 8
[6, 1, 7]
[6, 1, 4]
[6, 1, 5]
0.36 0.36363636363636365
itercount --------> 9
[6, 1, 0]
[6, 1, 4]
[6, 1, 3]
[6, 1, 7]
[6, 1, 5]
[6, 1, 2]
[6, 1, 0, 4]
0.36363636363636365 0.42857142857142855
itercount --------> 10
[0, 1, 2]
[0, 1, 3]
[0, 1, 6]
[0, 1, 5]
[0, 1, 7]
[0, 1, 4]
[0, 1, 2, 3]
[0, 1, 2, 6]
[0, 1, 2, 5]
[0, 1, 2, 7]
[0, 1, 2, 4]
[0, 1, 2, 3, 6]
0.42857142857142855 0.44
itercount --------> 11
[0, 1, 2]
[0, 1, 3]
[0, 1, 7]
[0, 1, 6]
0.44 0.4444444444444444
itercount --------> 12
[0, 1, 2]
[0, 1, 7]
[0, 1, 3]
[0, 1, 4]
[0, 1, 5]
[0, 1, 6]
[0, 1, 2, 7]
[0, 1, 2, 3]
[0, 1, 2, 4]
0.4444444444444444 0.46153846153846156
itercount --------> 13
[0, 4, 5]
[0, 4, 7]
[0, 4, 1]
[0, 4, 3]
[0, 4, 2]
[0, 4, 6]
[0, 4, 5, 7]
[0, 4, 5, 1]
0.46153846153846156 0.48148148148148145
itercount --------> 14
[0, 1, 2]
[0, 1, 3]
[0, 1, 4]
[0, 1, 7]
[0, 1, 5]
[0, 1, 6]
[0, 1, 2, 3]
[0, 1, 2, 4]
[0, 1, 2, 7]
[0, 1, 2, 5]
0.48148148148148145 0.5
itercount --------> 15
[0, 7, 1]
[0, 7, 3]
[0, 7, 4]
[0, 7, 5]
[0, 7, 2]
[0, 7, 6]
[0, 7, 1, 3]
0.5 0.5217391304347826
itercount --------> 16
[0, 3, 1]
[0, 3, 7]
0.5217391304347826 0.56
itercount --------> 17
[0, 1, 3]
[0, 1, 4]
[0, 1, 5]
0.56 0.5714285714285714
itercount --------> 18
[0, 5, 3]
[0, 5, 6]
0.5714285714285714 0.631578947368421
itercount --------> 19
[0, 1, 2]
[0, 1, 5]
[0, 1, 3]
[0, 1, 7]
[0, 1, 6]
[0, 1, 4]
[0, 1, 2, 5]
[0, 1, 2, 3]
[0, 1, 2, 7]
[0, 1, 2, 6]
[0, 1, 2, 4]
[0, 1, 2, 5, 3]
[0, 1, 2, 5, 7]
[0, 1, 2, 5, 6]
[0, 1, 2, 5, 4]
[0, 1, 2, 5, 3, 7]
[0, 1, 2, 5, 3, 6]
0.631578947368421 0.6666666666666666
itercount --------> 20
[5, 6, 7]
[5, 6, 3]
[5, 6, 0]
[5, 6, 1]
[5, 6, 2]
[5, 6, 4]
[5, 6, 7, 3]
[5, 6, 7, 0]
[5, 6, 7, 1]
[5, 6, 7, 2]
[5, 6, 7, 4]
[5, 6, 7, 3, 0]
[5, 6, 7, 3, 1]
[5, 6, 7, 3, 2]
[5, 6, 7, 3, 4]
[5, 6, 7, 3, 0, 1]
[5, 6, 7, 3, 0, 2]
[5, 6, 7, 3, 0, 4]
[5, 6, 7, 3, 0, 1, 2]
[5, 6, 7, 3, 0, 1, 4]
[5, 6, 7, 3, 0, 1, 2, 4]
failed -> 28 times
after fail n ======> 7
[0, 1, 2, 3, 7, 6, 4]
0.07407407407407407 0.08108108108108109
itercount --------> 1
[1, 2, 7]
0.08108108108108109 0.1111111111111111
itercount --------> 2
[2, 6, 7]
[2, 6, 4]
0.1111111111111111 0.13043478260869565
itercount --------> 3
[4, 2, 0]
0.13043478260869565 0.25
itercount --------> 4
[2, 6, 3]
[2, 6, 7]
0.25 0.3142857142857143
itercount --------> 5
[2, 3, 6]
[2, 3, 7]
[2, 3, 5]
[2, 3, 0]
[2, 3, 1]
[2, 3, 4]
[2, 3, 6, 7]
[2, 3, 6, 5]
0.3142857142857143 0.3333333333333333
itercount --------> 6
[2, 3, 0]
0.3333333333333333 0.375
itercount --------> 7
[3, 6, 7]
[3, 6, 0]
[3, 6, 1]
[3, 6, 2]
[3, 6, 5]
[3, 6, 4]
[3, 6, 7, 0]
0.375 0.4782608695652174
itercount --------> 8
[3, 6, 2]
[3, 6, 5]
[3, 6, 7]
[3, 6, 0]
[3, 6, 1]
[3, 6, 4]
[3, 6, 2, 5]
0.4782608695652174 0.4827586206896552
itercount --------> 9
[2, 3, 5]
[2, 3, 6]
[2, 3, 0]
[2, 3, 1]
[2, 3, 4]
[2, 3, 7]
[2, 3, 5, 6]
[2, 3, 5, 0]
0.4827586206896552 0.5454545454545454
itercount --------> 10
[2, 0, 1]
0.5454545454545454 0.6
itercount --------> 11
[0, 1, 2]
[0, 1, 5]
0.6 0.6363636363636364
itercount --------> 12
[1, 2, 0]
[1, 2, 3]
[1, 2, 5]
[1, 2, 6]
[1, 2, 4]
[1, 2, 7]
[1, 2, 0, 3]
[1, 2, 0, 5]
[1, 2, 0, 6]
[1, 2, 0, 4]
[1, 2, 0, 7]
0.6363636363636364 0.6666666666666666
itercount --------> 13
[1, 2, 0]
[1, 2, 7]
[1, 2, 3]
[1, 2, 5]
[1, 2, 4]
[1, 2, 6]
[1, 2, 0, 7]
[1, 2, 0, 3]
[1, 2, 0, 5]
[1, 2, 0, 4]
[1, 2, 0, 6]
[1, 2, 0, 7, 3]
0.6666666666666666 0.7
itercount --------> 14
[1, 2, 7]
[1, 2, 3]
[1, 2, 0]
[1, 2, 4]
[1, 2, 5]
[1, 2, 6]
[1, 2, 7, 3]
[1, 2, 7, 0]
[1, 2, 7, 4]
[1, 2, 7, 5]
[1, 2, 7, 6]
[1, 2, 7, 3, 0]
[1, 2, 7, 3, 4]
[1, 2, 7, 3, 5]
[1, 2, 7, 3, 6]
[1, 2, 7, 3, 0, 4]
[1, 2, 7, 3, 0, 5]
[1, 2, 7, 3, 0, 6]
[1, 2, 7, 3, 0, 4, 5]
[1, 2, 7, 3, 0, 4, 6]
[1, 2, 7, 3, 0, 4, 5, 6]
failed -> 29 times
after fail n ======> 8
[0, 1, 2, 3, 7, 6, 4, 5]
0.07407407407407407 0.08695652173913043
itercount --------> 1
[0, 1, 2]
0.08695652173913043 0.18181818181818182
itercount --------> 2
[0, 1, 2]
[0, 1, 3]
0.18181818181818182 0.19230769230769232
itercount --------> 3
[1, 0, 2]
0.19230769230769232 0.20833333333333334
itercount --------> 4
[1, 3, 5]
[1, 3, 6]
[1, 3, 4]
0.20833333333333334 0.25
itercount --------> 5
[0, 1, 2]
[0, 1, 4]
0.25 0.27586206896551724
itercount --------> 6
[6, 5, 1]
[6, 5, 4]
[6, 5, 3]
[6, 5, 7]
[6, 5, 0]
[6, 5, 2]
[6, 5, 1, 4]
[6, 5, 1, 3]
[6, 5, 1, 7]
[6, 5, 1, 0]
[6, 5, 1, 2]
0.27586206896551724 0.3076923076923077
itercount --------> 7
[6, 5, 4]
[6, 5, 3]
[6, 5, 7]
[6, 5, 0]
[6, 5, 1]
0.3076923076923077 0.3103448275862069
itercount --------> 8
[6, 1, 5]
[6, 1, 4]
0.3103448275862069 0.4375
itercount --------> 9
[0, 1, 2]
[0, 1, 5]
0.4375 0.45454545454545453
itercount --------> 10
[3, 4, 0]
[3, 4, 1]
[3, 4, 2]
[3, 4, 5]
[3, 4, 6]
[3, 4, 7]
[3, 4, 0, 1]
[3, 4, 0, 2]
[3, 4, 0, 5]
0.45454545454545453 0.5
itercount --------> 11
[4, 3, 0]
[4, 3, 1]
[4, 3, 2]
[4, 3, 6]
[4, 3, 7]
[4, 3, 5]
[4, 3, 0, 1]
[4, 3, 0, 2]
[4, 3, 0, 6]
[4, 3, 0, 7]
[4, 3, 0, 5]
[4, 3, 0, 1, 2]
0.5 0.5238095238095238
itercount --------> 12
[4, 3, 0]
[4, 3, 1]
[4, 3, 2]
[4, 3, 6]
[4, 3, 7]
[4, 3, 5]
[4, 3, 0, 1]
[4, 3, 0, 2]
[4, 3, 0, 6]
[4, 3, 0, 7]
[4, 3, 0, 5]
[4, 3, 0, 1, 2]
[4, 3, 0, 1, 6]
[4, 3, 0, 1, 7]
[4, 3, 0, 1, 5]
[4, 3, 0, 1, 2, 6]
[4, 3, 0, 1, 2, 7]
[4, 3, 0, 1, 2, 5]
[4, 3, 0, 1, 2, 6, 7]
[4, 3, 0, 1, 2, 6, 5]
[4, 3, 0, 1, 2, 6, 7, 5]
failed -> 30 times
after fail n ======> 5
[0, 1, 2, 3, 7]
0.07407407407407407 0.11764705882352941
itercount --------> 1
[1, 3, 7]
0.11764705882352941 0.13513513513513514
itercount --------> 2
[1, 6, 0]
0.13513513513513514 0.14634146341463414
itercount --------> 3
[1, 4, 0]
0.14634146341463414 0.2
itercount --------> 4
[1, 3, 7]
0.2 0.27586206896551724
itercount --------> 5
[1, 7, 0]
[1, 7, 3]
[1, 7, 6]
[1, 7, 4]
[1, 7, 5]
0.27586206896551724 0.34375
itercount --------> 6
[1, 0, 7]
[1, 0, 3]
0.34375 0.3548387096774194
itercount --------> 7
[0, 2, 1]
0.3548387096774194 0.44
itercount --------> 8
[0, 1, 6]
[0, 1, 3]
[0, 1, 4]
[0, 1, 2]
[0, 1, 5]
[0, 1, 7]
[0, 1, 6, 3]
0.44 0.5
itercount --------> 9
[0, 4, 6]
[0, 4, 3]
[0, 4, 7]
[0, 4, 1]
[0, 4, 5]
[0, 4, 2]
[0, 4, 6, 3]
0.5 0.6
itercount --------> 10
[0, 1, 2]
[0, 1, 6]
[0, 1, 3]
[0, 1, 5]
[0, 1, 7]
0.6 0.625
itercount --------> 11
[0, 1, 2]
[0, 1, 3]
[0, 1, 6]
[0, 1, 7]
[0, 1, 5]
[0, 1, 4]
[0, 1, 2, 3]
[0, 1, 2, 6]
[0, 1, 2, 7]
[0, 1, 2, 5]
[0, 1, 2, 4]
[0, 1, 2, 3, 6]
[0, 1, 2, 3, 7]
0.625 0.6521739130434783
itercount --------> 12
[0, 1, 3]
[0, 1, 6]
[0, 1, 7]
[0, 1, 5]
[0, 1, 2]
[0, 1, 4]
[0, 1, 3, 6]
[0, 1, 3, 7]
[0, 1, 3, 5]
0.6521739130434783 0.6666666666666666
itercount --------> 13
[0, 1, 2]
[0, 1, 3]
[0, 1, 7]
[0, 1, 5]
[0, 1, 6]
[0, 1, 4]
[0, 1, 2, 3]
[0, 1, 2, 7]
[0, 1, 2, 5]
[0, 1, 2, 6]
[0, 1, 2, 4]
[0, 1, 2, 3, 7]
[0, 1, 2, 3, 5]
0.6666666666666666 0.6956521739130435
itercount --------> 14
[0, 1, 2]
[0, 1, 3]
[0, 1, 6]
[0, 1, 7]
[0, 1, 5]
[0, 1, 4]
[0, 1, 2, 3]
[0, 1, 2, 6]
[0, 1, 2, 7]
[0, 1, 2, 5]
[0, 1, 2, 4]
[0, 1, 2, 3, 6]
0.6956521739130435 0.7
itercount --------> 15
[0, 1, 2]
[0, 1, 3]
[0, 1, 7]
[0, 1, 4]
[0, 1, 5]
[0, 1, 6]
[0, 1, 2, 3]
[0, 1, 2, 7]
[0, 1, 2, 4]
[0, 1, 2, 5]
[0, 1, 2, 6]
[0, 1, 2, 3, 7]
[0, 1, 2, 3, 4]
[0, 1, 2, 3, 5]
[0, 1, 2, 3, 6]
[0, 1, 2, 3, 7, 4]
[0, 1, 2, 3, 7, 5]
[0, 1, 2, 3, 7, 6]
[0, 1, 2, 3, 7, 4, 5]
[0, 1, 2, 3, 7, 4, 6]
[0, 1, 2, 3, 7, 4, 5, 6]
failed -> 31 times
after fail n ======> 6
[0, 1, 2, 3, 7, 6]
0.07407407407407407 0.10204081632653061
itercount --------> 1
[0, 2, 1]
0.10204081632653061 0.10526315789473684
itercount --------> 2
[0, 1, 6]
0.10526315789473684 0.11428571428571428
itercount --------> 3
[0, 1, 6]
[0, 1, 4]
[0, 1, 5]
0.11428571428571428 0.15
itercount --------> 4
[6, 4, 7]
0.15 0.2
itercount --------> 5
[6, 7, 4]
0.2 0.38095238095238093
itercount --------> 6
[6, 3, 5]
[6, 3, 7]
[6, 3, 0]
[6, 3, 1]
0.38095238095238093 0.4
itercount --------> 7
[6, 3, 4]
0.4 0.7142857142857143
itercount --------> 8
[5, 3, 6]
[5, 3, 7]
[5, 3, 0]
[5, 3, 1]
[5, 3, 2]
[5, 3, 4]
[5, 3, 6, 7]
[5, 3, 6, 0]
[5, 3, 6, 1]
[5, 3, 6, 2]
[5, 3, 6, 4]
[5, 3, 6, 7, 0]
[5, 3, 6, 7, 1]
[5, 3, 6, 7, 2]
[5, 3, 6, 7, 4]
[5, 3, 6, 7, 0, 1]
[5, 3, 6, 7, 0, 2]
[5, 3, 6, 7, 0, 4]
[5, 3, 6, 7, 0, 1, 2]
[5, 3, 6, 7, 0, 1, 4]
[5, 3, 6, 7, 0, 1, 2, 4]
failed -> 32 times
after fail n ======> 7
[0, 1, 2, 3, 7, 6, 4]
0.07407407407407407 0.08571428571428572
itercount --------> 1
[0, 2, 3]
0.08571428571428572 0.125
itercount --------> 2
[3, 1, 6]
0.125 0.20689655172413793
itercount --------> 3
[3, 0, 1]
[3, 0, 4]
[3, 0, 6]
0.20689655172413793 0.21739130434782608
itercount --------> 4
[0, 3, 6]
[0, 3, 1]
0.21739130434782608 0.25
itercount --------> 5
[3, 0, 6]
0.25 0.2608695652173913
itercount --------> 6
[3, 6, 7]
[3, 6, 4]
[3, 6, 0]
[3, 6, 1]
[3, 6, 2]
[3, 6, 5]
0.2608695652173913 0.2692307692307692
itercount --------> 7
[3, 5, 6]
[3, 5, 0]
[3, 5, 1]
[3, 5, 4]
[3, 5, 7]
[3, 5, 2]
[3, 5, 6, 0]
[3, 5, 6, 1]
0.2692307692307692 0.2727272727272727
itercount --------> 8
[3, 6, 7]
[3, 6, 4]
[3, 6, 0]
[3, 6, 1]
[3, 6, 2]
[3, 6, 5]
[3, 6, 7, 4]
0.2727272727272727 0.2916666666666667
itercount --------> 9
[3, 6, 7]
0.2916666666666667 0.3333333333333333
itercount --------> 10
[3, 5, 6]
[3, 5, 7]
[3, 5, 0]
[3, 5, 1]
[3, 5, 4]
[3, 5, 2]
[3, 5, 6, 7]
[3, 5, 6, 0]
[3, 5, 6, 1]
[3, 5, 6, 4]
[3, 5, 6, 2]
[3, 5, 6, 7, 0]
[3, 5, 6, 7, 1]
[3, 5, 6, 7, 4]
[3, 5, 6, 7, 2]
[3, 5, 6, 7, 0, 1]
[3, 5, 6, 7, 0, 4]
[3, 5, 6, 7, 0, 2]
0.3333333333333333 0.35
itercount --------> 11
[3, 5, 6]
[3, 5, 7]
[3, 5, 4]
[3, 5, 0]
[3, 5, 1]
[3, 5, 2]
[3, 5, 6, 7]
[3, 5, 6, 4]
[3, 5, 6, 0]
[3, 5, 6, 1]
[3, 5, 6, 2]
[3, 5, 6, 7, 4]
[3, 5, 6, 7, 0]
[3, 5, 6, 7, 1]
[3, 5, 6, 7, 2]
[3, 5, 6, 7, 4, 0]
[3, 5, 6, 7, 4, 1]
[3, 5, 6, 7, 4, 2]
[3, 5, 6, 7, 4, 0, 1]
[3, 5, 6, 7, 4, 0, 2]
[3, 5, 6, 7, 4, 0, 1, 2]
failed -> 33 times
after fail n ======> 8
[0, 1, 2, 3, 7, 6, 4, 5]
0.07407407407407407 0.07692307692307693
itercount --------> 1
[1, 0, 2]
0.07692307692307693 0.1111111111111111
itercount --------> 2
[2, 3, 6]
0.1111111111111111 0.13043478260869565
itercount --------> 3
[2, 6, 4]
[2, 6, 3]
0.13043478260869565 0.13636363636363635
itercount --------> 4
[3, 2, 0]
0.13636363636363635 0.15384615384615385
itercount --------> 5
[0, 2, 6]
0.15384615384615385 0.19047619047619047
itercount --------> 6
[0, 6, 3]
0.19047619047619047 0.21739130434782608
itercount --------> 7
[0, 6, 4]
0.21739130434782608 0.25
itercount --------> 8
[6, 0, 2]
0.25 0.2631578947368421
itercount --------> 9
[0, 2, 7]
[0, 2, 6]
0.2631578947368421 0.37037037037037035
itercount --------> 10
[6, 0, 5]
[6, 0, 7]
0.37037037037037035 0.4
itercount --------> 11
[6, 0, 1]
0.4 0.43478260869565216
itercount --------> 12
[6, 5, 7]
[6, 5, 3]
[6, 5, 4]
[6, 5, 0]
[6, 5, 1]
[6, 5, 2]
[6, 5, 7, 3]
[6, 5, 7, 4]
[6, 5, 7, 0]
[6, 5, 7, 1]
[6, 5, 7, 2]
[6, 5, 7, 3, 4]
[6, 5, 7, 3, 0]
[6, 5, 7, 3, 1]
[6, 5, 7, 3, 2]
[6, 5, 7, 3, 4, 0]
[6, 5, 7, 3, 4, 1]
0.43478260869565216 0.4444444444444444
itercount --------> 13
[1, 0, 6]
0.4444444444444444 0.46153846153846156
itercount --------> 14
[0, 6, 1]
[0, 6, 7]
[0, 6, 2]
[0, 6, 5]
[0, 6, 3]
[0, 6, 4]
[0, 6, 1, 7]
[0, 6, 1, 2]
0.46153846153846156 0.48
itercount --------> 15
[0, 6, 7]
[0, 6, 1]
0.48 0.5
itercount --------> 16
[7, 0, 1]
[7, 0, 2]
[7, 0, 6]
[7, 0, 5]
0.5 0.5238095238095238
itercount --------> 17
[0, 1, 2]
[0, 1, 7]
[0, 1, 3]
[0, 1, 5]
[0, 1, 4]
0.5238095238095238 0.55
itercount --------> 18
[0, 1, 2]
[0, 1, 7]
[0, 1, 4]
[0, 1, 5]
[0, 1, 3]
[0, 1, 6]
[0, 1, 2, 7]
[0, 1, 2, 4]
[0, 1, 2, 5]
0.55 0.5789473684210527
itercount --------> 19
[0, 1, 2]
[0, 1, 7]
[0, 1, 5]
[0, 1, 3]
[0, 1, 4]
[0, 1, 6]
[0, 1, 2, 7]
[0, 1, 2, 5]
[0, 1, 2, 3]
[0, 1, 2, 4]
[0, 1, 2, 6]
[0, 1, 2, 7, 5]
[0, 1, 2, 7, 3]
[0, 1, 2, 7, 4]
[0, 1, 2, 7, 6]
[0, 1, 2, 7, 5, 3]
[0, 1, 2, 7, 5, 4]
[0, 1, 2, 7, 5, 6]
[0, 1, 2, 7, 5, 3, 4]
[0, 1, 2, 7, 5, 3, 6]
[0, 1, 2, 7, 5, 3, 4, 6]
failed -> 34 times
after fail n ======> 5
[0, 1, 2, 3, 7]
0.07407407407407407 0.10204081632653061
itercount --------> 1
[0, 1, 2]
0.10204081632653061 0.22727272727272727
itercount --------> 2
[6, 4, 7]
[6, 4, 3]
0.22727272727272727 0.5161290322580645
itercount --------> 3
[0, 1, 2]
[0, 1, 7]
[0, 1, 6]
[0, 1, 3]
[0, 1, 5]
0.5161290322580645 0.7142857142857143
itercount --------> 4
[5, 3, 6]
[5, 3, 7]
[5, 3, 0]
[5, 3, 1]
[5, 3, 2]
[5, 3, 4]
[5, 3, 6, 7]
[5, 3, 6, 0]
[5, 3, 6, 1]
[5, 3, 6, 2]
[5, 3, 6, 4]
[5, 3, 6, 7, 0]
[5, 3, 6, 7, 1]
[5, 3, 6, 7, 2]
[5, 3, 6, 7, 4]
[5, 3, 6, 7, 0, 1]
[5, 3, 6, 7, 0, 2]
[5, 3, 6, 7, 0, 4]
[5, 3, 6, 7, 0, 1, 2]
[5, 3, 6, 7, 0, 1, 4]
[5, 3, 6, 7, 0, 1, 2, 4]
failed -> 35 times
after fail n ======> 6
[0, 1, 2, 3, 7, 6]
0.07407407407407407 0.08
itercount --------> 1
[0, 1, 2]
[0, 1, 3]
0.08 0.09090909090909091
itercount --------> 2
[0, 3, 4]
[0, 3, 2]
0.09090909090909091 0.125
itercount --------> 3
[3, 2, 4]
0.125 0.13636363636363635
itercount --------> 4
[3, 4, 0]
0.13636363636363635 0.14285714285714285
itercount --------> 5
[3, 4, 7]
0.14285714285714285 0.15
itercount --------> 6
[3, 4, 7]
[3, 4, 6]
[3, 4, 5]
[3, 4, 0]
0.15 0.19230769230769232
itercount --------> 7
[3, 0, 2]
0.19230769230769232 0.22727272727272727
itercount --------> 8
[0, 3, 6]
[0, 3, 1]
0.22727272727272727 0.23076923076923078
itercount --------> 9
[3, 0, 6]
[3, 0, 4]
[3, 0, 7]
0.23076923076923078 0.25
itercount --------> 10
[3, 0, 6]
0.25 0.3333333333333333
itercount --------> 11
[0, 7, 4]
[0, 7, 2]
0.3333333333333333 0.375
itercount --------> 12
[0, 3, 4]
0.375 0.4166666666666667
itercount --------> 13
[0, 6, 4]
[0, 6, 3]
[0, 6, 7]
[0, 6, 1]
[0, 6, 5]
[0, 6, 2]
[0, 6, 4, 3]
0.4166666666666667 0.5384615384615384
itercount --------> 14
[0, 3, 6]
[0, 3, 7]
[0, 3, 1]
[0, 3, 5]
[0, 3, 4]
[0, 3, 2]
[0, 3, 6, 7]
[0, 3, 6, 1]
[0, 3, 6, 5]
[0, 3, 6, 4]
[0, 3, 6, 2]
[0, 3, 6, 7, 1]
[0, 3, 6, 7, 5]
[0, 3, 6, 7, 4]
[0, 3, 6, 7, 2]
[0, 3, 6, 7, 1, 5]
[0, 3, 6, 7, 1, 4]
[0, 3, 6, 7, 1, 2]
0.5384615384615384 0.56
itercount --------> 15
[3, 0, 6]
[3, 0, 7]
[3, 0, 5]
[3, 0, 4]
[3, 0, 1]
[3, 0, 2]
[3, 0, 6, 7]
[3, 0, 6, 5]
[3, 0, 6, 4]
[3, 0, 6, 1]
[3, 0, 6, 2]
[3, 0, 6, 7, 5]
[3, 0, 6, 7, 4]
[3, 0, 6, 7, 1]
[3, 0, 6, 7, 2]
[3, 0, 6, 7, 5, 4]
[3, 0, 6, 7, 5, 1]
[3, 0, 6, 7, 5, 2]
[3, 0, 6, 7, 5, 4, 1]
0.56 0.5909090909090909
itercount --------> 16
[0, 4, 3]
[0, 4, 7]
[0, 4, 6]
[0, 4, 1]
[0, 4, 5]
[0, 4, 2]
[0, 4, 3, 7]
[0, 4, 3, 6]
[0, 4, 3, 1]
[0, 4, 3, 5]
[0, 4, 3, 2]
[0, 4, 3, 7, 6]
[0, 4, 3, 7, 1]
[0, 4, 3, 7, 5]
[0, 4, 3, 7, 2]
[0, 4, 3, 7, 6, 1]
[0, 4, 3, 7, 6, 5]
[0, 4, 3, 7, 6, 2]
[0, 4, 3, 7, 6, 1, 5]
[0, 4, 3, 7, 6, 1, 2]
[0, 4, 3, 7, 6, 1, 5, 2]
failed -> 36 times
after fail n ======> 7
[0, 1, 2, 3, 7, 6, 4]
0.07407407407407407 0.08196721311475409
itercount --------> 1
[1, 2, 0]
0.08196721311475409 0.21875
itercount --------> 2
[6, 3, 0]
0.21875 0.2857142857142857
itercount --------> 3
[0, 1, 2]
[0, 1, 6]
[0, 1, 3]
0.2857142857142857 0.3235294117647059
itercount --------> 4
[1, 0, 3]
[1, 0, 4]
[1, 0, 6]
[1, 0, 2]
0.3235294117647059 0.39285714285714285
itercount --------> 5
[0, 1, 3]
[0, 1, 4]
[0, 1, 6]
[0, 1, 7]
[0, 1, 2]
[0, 1, 5]
[0, 1, 3, 4]
[0, 1, 3, 6]
[0, 1, 3, 7]
[0, 1, 3, 2]
[0, 1, 3, 5]
[0, 1, 3, 4, 6]
0.39285714285714285 0.4
itercount --------> 6
[0, 6, 3]
[0, 6, 1]
[0, 6, 5]
[0, 6, 7]
[0, 6, 2]
[0, 6, 4]
[0, 6, 3, 1]
[0, 6, 3, 5]
[0, 6, 3, 7]
0.4 0.4074074074074074
itercount --------> 7
[0, 6, 1]
[0, 6, 7]
[0, 6, 2]
[0, 6, 4]
0.4074074074074074 0.4583333333333333
itercount --------> 8
[6, 5, 7]
[6, 5, 3]
[6, 5, 4]
[6, 5, 0]
[6, 5, 1]
[6, 5, 2]
[6, 5, 7, 3]
0.4583333333333333 0.4782608695652174
itercount --------> 9
[6, 3, 0]
0.4782608695652174 0.5
itercount --------> 10
[6, 0, 1]
[6, 0, 2]
[6, 0, 3]
[6, 0, 7]
[6, 0, 4]
[6, 0, 5]
[6, 0, 1, 2]
[6, 0, 1, 3]
[6, 0, 1, 7]
[6, 0, 1, 4]
[6, 0, 1, 5]
[6, 0, 1, 2, 3]
[6, 0, 1, 2, 7]
[6, 0, 1, 2, 4]
[6, 0, 1, 2, 5]
0.5 0.5238095238095238
itercount --------> 11
[6, 3, 7]
[6, 3, 4]
[6, 3, 5]
[6, 3, 0]
[6, 3, 1]
[6, 3, 2]
[6, 3, 7, 4]
[6, 3, 7, 5]
[6, 3, 7, 0]
[6, 3, 7, 1]
[6, 3, 7, 2]
[6, 3, 7, 4, 5]
0.5238095238095238 0.5652173913043478
itercount --------> 12
[6, 4, 0]
0.5652173913043478 0.6153846153846154
itercount --------> 13
[0, 1, 2]
[0, 1, 5]
[0, 1, 6]
[0, 1, 7]
[0, 1, 3]
[0, 1, 4]
[0, 1, 2, 5]
[0, 1, 2, 6]
[0, 1, 2, 7]
[0, 1, 2, 3]
[0, 1, 2, 4]
[0, 1, 2, 5, 6]
[0, 1, 2, 5, 7]
0.6153846153846154 0.6666666666666666
itercount --------> 14
[6, 5, 7]
[6, 5, 0]
[6, 5, 1]
[6, 5, 2]
[6, 5, 3]
[6, 5, 4]
[6, 5, 7, 0]
[6, 5, 7, 1]
[6, 5, 7, 2]
[6, 5, 7, 3]
[6, 5, 7, 4]
[6, 5, 7, 0, 1]
[6, 5, 7, 0, 2]
[6, 5, 7, 0, 3]
[6, 5, 7, 0, 4]
[6, 5, 7, 0, 1, 2]
[6, 5, 7, 0, 1, 3]
[6, 5, 7, 0, 1, 4]
[6, 5, 7, 0, 1, 2, 3]
[6, 5, 7, 0, 1, 2, 4]
[6, 5, 7, 0, 1, 2, 3, 4]
failed -> 37 times
after fail n ======> 8
[0, 1, 2, 3, 7, 6, 4, 5]
0.07407407407407407 0.08
itercount --------> 1
[2, 0, 1]
0.08 0.125
itercount --------> 2
[2, 3, 4]
[2, 3, 5]
[2, 3, 7]
0.125 0.15151515151515152
itercount --------> 3
[2, 0, 1]
0.15151515151515152 0.25
itercount --------> 4
[2, 4, 6]
0.25 0.36666666666666664
itercount --------> 5
[2, 6, 7]
0.36666666666666664 0.38461538461538464
itercount --------> 6
[6, 2, 7]
[6, 2, 5]
[6, 2, 3]
[6, 2, 4]
[6, 2, 0]
0.38461538461538464 0.4
itercount --------> 7
[6, 5, 7]
[6, 5, 3]
[6, 5, 0]
[6, 5, 1]
0.4 0.44
itercount --------> 8
[6, 5, 7]
[6, 5, 3]
0.44 0.45161290322580644
itercount --------> 9
[0, 1, 2]
[0, 1, 7]
[0, 1, 5]
0.45161290322580644 0.4782608695652174
itercount --------> 10
[0, 1, 2]
[0, 1, 5]
[0, 1, 6]
0.4782608695652174 0.5238095238095238
itercount --------> 11
[0, 1, 2]
[0, 1, 5]
[0, 1, 7]
[0, 1, 3]
[0, 1, 4]
[0, 1, 6]
[0, 1, 2, 5]
[0, 1, 2, 7]
0.5238095238095238 0.55
itercount --------> 12
[0, 1, 2]
[0, 1, 5]
[0, 1, 4]
[0, 1, 6]
[0, 1, 7]
[0, 1, 3]
[0, 1, 2, 5]
[0, 1, 2, 4]
[0, 1, 2, 6]
[0, 1, 2, 7]
0.55 0.5789473684210527
itercount --------> 13
[5, 0, 1]
[5, 0, 2]
[5, 0, 4]
[5, 0, 7]
[5, 0, 3]
[5, 0, 6]
[5, 0, 1, 2]
[5, 0, 1, 4]
[5, 0, 1, 7]
[5, 0, 1, 3]
[5, 0, 1, 6]
[5, 0, 1, 2, 4]
[5, 0, 1, 2, 7]
[5, 0, 1, 2, 3]
[5, 0, 1, 2, 6]
[5, 0, 1, 2, 4, 7]
[5, 0, 1, 2, 4, 3]
[5, 0, 1, 2, 4, 6]
[5, 0, 1, 2, 4, 7, 3]
[5, 0, 1, 2, 4, 7, 6]
[5, 0, 1, 2, 4, 7, 3, 6]
failed -> 38 times
after fail n ======> 5
[0, 1, 2, 3, 7]
0.07407407407407407 0.11764705882352941
itercount --------> 1
[1, 3, 7]
[1, 3, 6]
0.11764705882352941 0.125
itercount --------> 2
[1, 3, 4]
[1, 3, 5]
[1, 3, 7]
0.125 0.22580645161290322
itercount --------> 3
[1, 0, 2]
[1, 0, 4]
[1, 0, 5]
0.22580645161290322 0.3333333333333333
itercount --------> 4
[4, 1, 6]
0.3333333333333333 0.4583333333333333
itercount --------> 5
[6, 3, 7]
[6, 3, 5]
[6, 3, 4]
[6, 3, 0]
[6, 3, 1]
[6, 3, 2]
[6, 3, 7, 5]
[6, 3, 7, 4]
[6, 3, 7, 0]
[6, 3, 7, 1]
[6, 3, 7, 2]
[6, 3, 7, 5, 4]
0.4583333333333333 0.5384615384615384
itercount --------> 6
[5, 6, 7]
[5, 6, 3]
[5, 6, 0]
[5, 6, 1]
0.5384615384615384 0.6363636363636364
itercount --------> 7
[6, 5, 3]
[6, 5, 7]
[6, 5, 0]
0.6363636363636364 0.6666666666666666
itercount --------> 8
[5, 6, 7]
[5, 6, 3]
[5, 6, 0]
[5, 6, 1]
[5, 6, 2]
[5, 6, 4]
[5, 6, 7, 3]
[5, 6, 7, 0]
[5, 6, 7, 1]
[5, 6, 7, 2]
[5, 6, 7, 4]
[5, 6, 7, 3, 0]
[5, 6, 7, 3, 1]
[5, 6, 7, 3, 2]
[5, 6, 7, 3, 4]
[5, 6, 7, 3, 0, 1]
[5, 6, 7, 3, 0, 2]
[5, 6, 7, 3, 0, 4]
[5, 6, 7, 3, 0, 1, 2]
[5, 6, 7, 3, 0, 1, 4]
[5, 6, 7, 3, 0, 1, 2, 4]
failed -> 39 times
after fail n ======> 6
[0, 1, 2, 3, 7, 6]
0.07407407407407407 0.07692307692307693
itercount --------> 1
[1, 0, 2]
0.07692307692307693 0.1111111111111111
itercount --------> 2
[1, 6, 7]
0.1111111111111111 0.125
itercount --------> 3
[1, 3, 4]
0.125 0.2
itercount --------> 4
[1, 0, 2]
0.2 0.37037037037037035
itercount --------> 5
[1, 3, 4]
[1, 3, 7]
0.37037037037037035 0.43478260869565216
itercount --------> 6
[1, 4, 6]
[1, 4, 3]
[1, 4, 5]
[1, 4, 0]
[1, 4, 2]
[1, 4, 7]
[1, 4, 6, 3]
0.43478260869565216 0.4444444444444444
itercount --------> 7
[1, 0, 2]
0.4444444444444444 0.48
itercount --------> 8
[0, 1, 2]
[0, 1, 3]
0.48 0.5217391304347826
itercount --------> 9
[0, 1, 2]
[0, 1, 4]
[0, 1, 3]
[0, 1, 5]
[0, 1, 6]
[0, 1, 7]
[0, 1, 2, 4]
[0, 1, 2, 3]
[0, 1, 2, 5]
[0, 1, 2, 6]
[0, 1, 2, 7]
0.5217391304347826 0.5454545454545454
itercount --------> 10
[0, 1, 2]
[0, 1, 4]
[0, 1, 3]
[0, 1, 6]
[0, 1, 5]
[0, 1, 7]
[0, 1, 2, 4]
[0, 1, 2, 3]
[0, 1, 2, 6]
[0, 1, 2, 5]
[0, 1, 2, 7]
[0, 1, 2, 4, 3]
[0, 1, 2, 4, 6]
0.5454545454545454 0.6666666666666666
itercount --------> 11
[7, 5, 6]
[7, 5, 3]
[7, 5, 0]
[7, 5, 1]
[7, 5, 2]
0.6666666666666666 0.6956521739130435
itercount --------> 12
[3, 5, 6]
[3, 5, 7]
[3, 5, 0]
[3, 5, 1]
[3, 5, 2]
[3, 5, 4]
[3, 5, 6, 7]
[3, 5, 6, 0]
[3, 5, 6, 1]
[3, 5, 6, 2]
[3, 5, 6, 4]
[3, 5, 6, 7, 0]
[3, 5, 6, 7, 1]
[3, 5, 6, 7, 2]
[3, 5, 6, 7, 4]
[3, 5, 6, 7, 0, 1]
[3, 5, 6, 7, 0, 2]
[3, 5, 6, 7, 0, 4]
[3, 5, 6, 7, 0, 1, 2]
[3, 5, 6, 7, 0, 1, 4]
[3, 5, 6, 7, 0, 1, 2, 4]
failed -> 40 times
after fail n ======> 7
[0, 1, 2, 3, 7, 6, 4]
0.07407407407407407 0.08
itercount --------> 1
[2, 0, 1]
[2, 0, 3]
0.08 0.16279069767441862
itercount --------> 2
[2, 1, 0]
0.16279069767441862 0.25925925925925924
itercount --------> 3
[2, 4, 6]
[2, 4, 5]
0.25925925925925924 0.2682926829268293
itercount --------> 4
[2, 5, 0]
0.2682926829268293 0.2962962962962963
itercount --------> 5
[2, 3, 6]
[2, 3, 4]
[2, 3, 5]
0.2962962962962963 0.3076923076923077
itercount --------> 6
[2, 3, 4]
[2, 3, 0]
[2, 3, 1]
[2, 3, 5]
[2, 3, 6]
[2, 3, 7]
0.3076923076923077 0.4583333333333333
itercount --------> 7
[2, 6, 4]
0.4583333333333333 0.4782608695652174
itercount --------> 8
[5, 0, 1]
[5, 0, 2]
[5, 0, 3]
[5, 0, 4]
0.4782608695652174 0.5
itercount --------> 9
[0, 1, 2]
[0, 1, 5]
[0, 1, 4]
[0, 1, 7]
[0, 1, 6]
[0, 1, 3]
[0, 1, 2, 5]
0.5 0.5217391304347826
itercount --------> 10
[5, 3, 6]
[5, 3, 4]
0.5217391304347826 0.6956521739130435
itercount --------> 11
[7, 5, 6]
[7, 5, 3]
[7, 5, 0]
[7, 5, 1]
0.6956521739130435 0.7142857142857143
itercount --------> 12
[5, 3, 6]
[5, 3, 7]
[5, 3, 0]
[5, 3, 1]
[5, 3, 2]
[5, 3, 4]
[5, 3, 6, 7]
[5, 3, 6, 0]
[5, 3, 6, 1]
[5, 3, 6, 2]
[5, 3, 6, 4]
[5, 3, 6, 7, 0]
[5, 3, 6, 7, 1]
[5, 3, 6, 7, 2]
[5, 3, 6, 7, 4]
[5, 3, 6, 7, 0, 1]
[5, 3, 6, 7, 0, 2]
[5, 3, 6, 7, 0, 4]
[5, 3, 6, 7, 0, 1, 2]
[5, 3, 6, 7, 0, 1, 4]
[5, 3, 6, 7, 0, 1, 2, 4]
failed -> 41 times
after fail n ======> 8
[0, 1, 2, 3, 7, 6, 4, 5]
0.07407407407407407 0.08196721311475409
itercount --------> 1
[1, 2, 0]
0.08196721311475409 0.21875
itercount --------> 2
[6, 3, 0]
0.21875 0.24242424242424243
itercount --------> 3
[0, 3, 6]
0.24242424242424243 0.2857142857142857
itercount --------> 4
[0, 1, 2]
0.2857142857142857 0.37037037037037035
itercount --------> 5
[0, 6, 3]
[0, 6, 4]
[0, 6, 7]
0.37037037037037035 0.38461538461538464
itercount --------> 6
[6, 0, 5]
[6, 0, 4]
0.38461538461538464 0.45454545454545453
itercount --------> 7
[0, 6, 5]
[0, 6, 1]
[0, 6, 2]
[0, 6, 7]
[0, 6, 3]
[0, 6, 4]
[0, 6, 5, 1]
0.45454545454545453 0.53125
itercount --------> 8
[0, 1, 2]
[0, 1, 6]
[0, 1, 5]
[0, 1, 3]
[0, 1, 7]
[0, 1, 4]
[0, 1, 2, 6]
[0, 1, 2, 5]
0.53125 0.5555555555555556
itercount --------> 9
[0, 1, 2]
[0, 1, 5]
0.5555555555555556 0.56
itercount --------> 10
[0, 1, 2]
[0, 1, 5]
[0, 1, 6]
[0, 1, 3]
[0, 1, 7]
[0, 1, 4]
[0, 1, 2, 5]
0.56 0.6086956521739131
itercount --------> 11
[0, 1, 2]
[0, 1, 5]
[0, 1, 6]
[0, 1, 3]
[0, 1, 7]
[0, 1, 4]
[0, 1, 2, 5]
[0, 1, 2, 6]
[0, 1, 2, 3]
0.6086956521739131 0.6363636363636364
itercount --------> 12
[5, 6, 0]
[5, 6, 1]
[5, 6, 2]
[5, 6, 7]
[5, 6, 3]
[5, 6, 4]
[5, 6, 0, 1]
[5, 6, 0, 2]
[5, 6, 0, 7]
[5, 6, 0, 3]
[5, 6, 0, 4]
[5, 6, 0, 1, 2]
0.6363636363636364 0.6666666666666666
itercount --------> 13
[5, 6, 7]
[5, 6, 3]
[5, 6, 0]
[5, 6, 1]
[5, 6, 2]
[5, 6, 4]
[5, 6, 7, 3]
[5, 6, 7, 0]
[5, 6, 7, 1]
[5, 6, 7, 2]
[5, 6, 7, 4]
[5, 6, 7, 3, 0]
[5, 6, 7, 3, 1]
[5, 6, 7, 3, 2]
[5, 6, 7, 3, 4]
[5, 6, 7, 3, 0, 1]
[5, 6, 7, 3, 0, 2]
[5, 6, 7, 3, 0, 4]
[5, 6, 7, 3, 0, 1, 2]
[5, 6, 7, 3, 0, 1, 4]
[5, 6, 7, 3, 0, 1, 2, 4]
failed -> 42 times
after fail n ======> 5
[0, 1, 2, 3, 7]
0.07407407407407407 0.07692307692307693
itercount --------> 1
[0, 1, 2]
0.07692307692307693 0.14285714285714285
itercount --------> 2
[0, 1, 2]
[0, 1, 7]
0.14285714285714285 0.16666666666666666
itercount --------> 3
[3, 7, 6]
0.16666666666666666 0.18181818181818182
itercount --------> 4
[0, 1, 2]
[0, 1, 3]
[0, 1, 7]
[0, 1, 4]
0.18181818181818182 0.21428571428571427
itercount --------> 5
[5, 6, 0]
0.21428571428571427 0.2222222222222222
itercount --------> 6
[6, 0, 5]
0.2222222222222222 0.22727272727272727
itercount --------> 7
[5, 0, 1]
[5, 0, 2]
0.22727272727272727 0.23809523809523808
itercount --------> 8
[5, 2, 0]
[5, 2, 3]
[5, 2, 6]
[5, 2, 1]
0.23809523809523808 0.2608695652173913
itercount --------> 9
[5, 6, 3]
0.2608695652173913 0.2727272727272727
itercount --------> 10
[5, 6, 3]
0.2727272727272727 0.3333333333333333
itercount --------> 11
[5, 3, 6]
0.3333333333333333 0.4
itercount --------> 12
[5, 6, 4]
0.4 0.43478260869565216
itercount --------> 13
[6, 0, 1]
[6, 0, 2]
[6, 0, 5]
[6, 0, 4]
[6, 0, 3]
[6, 0, 7]
[6, 0, 1, 2]
[6, 0, 1, 5]
[6, 0, 1, 4]
0.43478260869565216 0.5833333333333334
itercount --------> 14
[0, 1, 2]
[0, 1, 5]
[0, 1, 6]
[0, 1, 3]
[0, 1, 7]
[0, 1, 4]
[0, 1, 2, 5]
[0, 1, 2, 6]
0.5833333333333334 0.6363636363636364
itercount --------> 15
[5, 0, 1]
[5, 0, 2]
[5, 0, 3]
[5, 0, 6]
[5, 0, 7]
[5, 0, 4]
[5, 0, 1, 2]
[5, 0, 1, 3]
[5, 0, 1, 6]
[5, 0, 1, 7]
[5, 0, 1, 4]
[5, 0, 1, 2, 3]
[5, 0, 1, 2, 6]
[5, 0, 1, 2, 7]
[5, 0, 1, 2, 4]
[5, 0, 1, 2, 3, 6]
[5, 0, 1, 2, 3, 7]
[5, 0, 1, 2, 3, 4]
[5, 0, 1, 2, 3, 6, 7]
[5, 0, 1, 2, 3, 6, 4]
[5, 0, 1, 2, 3, 6, 7, 4]
failed -> 43 times
after fail n ======> 6
[0, 1, 2, 3, 7, 6]
0.07407407407407407 0.1111111111111111
itercount --------> 1
[0, 3, 6]
[0, 3, 4]
0.1111111111111111 0.125
itercount --------> 2
[3, 6, 4]
[3, 6, 7]
[3, 6, 1]
0.125 0.16666666666666666
itercount --------> 3
[1, 0, 4]
[1, 0, 6]
[1, 0, 7]
[1, 0, 3]
0.16666666666666666 0.24
itercount --------> 4
[1, 3, 4]
[1, 3, 6]
[1, 3, 2]
[1, 3, 7]
0.24 0.2727272727272727
itercount --------> 5
[1, 7, 6]
[1, 7, 3]
0.2727272727272727 0.2857142857142857
itercount --------> 6
[3, 6, 4]
[3, 6, 7]
[3, 6, 0]
0.2857142857142857 0.391304347826087
itercount --------> 7
[0, 4, 3]
0.391304347826087 0.4166666666666667
itercount --------> 8
[0, 4, 6]
0.4166666666666667 0.5517241379310345
itercount --------> 9
[0, 1, 7]
[0, 1, 6]
[0, 1, 5]
[0, 1, 2]
0.5517241379310345 0.6153846153846154
itercount --------> 10
[7, 5, 6]
[7, 5, 0]
0.6153846153846154 0.6666666666666666
itercount --------> 11
[0, 1, 2]
[0, 1, 3]
[0, 1, 5]
[0, 1, 6]
[0, 1, 7]
[0, 1, 4]
[0, 1, 2, 3]
[0, 1, 2, 5]
[0, 1, 2, 6]
[0, 1, 2, 7]
[0, 1, 2, 4]
[0, 1, 2, 3, 5]
[0, 1, 2, 3, 6]
[0, 1, 2, 3, 7]
0.6666666666666666 0.6956521739130435
itercount --------> 12
[3, 5, 6]
[3, 5, 7]
[3, 5, 0]
[3, 5, 1]
[3, 5, 2]
[3, 5, 4]
[3, 5, 6, 7]
[3, 5, 6, 0]
[3, 5, 6, 1]
[3, 5, 6, 2]
[3, 5, 6, 4]
[3, 5, 6, 7, 0]
[3, 5, 6, 7, 1]
[3, 5, 6, 7, 2]
[3, 5, 6, 7, 4]
[3, 5, 6, 7, 0, 1]
[3, 5, 6, 7, 0, 2]
[3, 5, 6, 7, 0, 4]
[3, 5, 6, 7, 0, 1, 2]
[3, 5, 6, 7, 0, 1, 4]
[3, 5, 6, 7, 0, 1, 2, 4]
failed -> 44 times
after fail n ======> 7
[0, 1, 2, 3, 7, 6, 4]
0.07407407407407407 0.08
itercount --------> 1
[1, 0, 2]
0.08 0.125
itercount --------> 2
[1, 3, 4]
0.125 0.2
itercount --------> 3
[1, 0, 2]
0.2 0.37037037037037035
itercount --------> 4
[1, 3, 4]
[1, 3, 7]
0.37037037037037035 0.43478260869565216
itercount --------> 5
[1, 4, 6]
0.43478260869565216 0.4444444444444444
itercount --------> 6
[1, 0, 2]
[1, 0, 3]
0.4444444444444444 0.48
itercount --------> 7
[0, 1, 2]
[0, 1, 3]
[0, 1, 4]
[0, 1, 5]
0.48 0.5217391304347826
itercount --------> 8
[0, 1, 2]
[0, 1, 4]
[0, 1, 3]
[0, 1, 5]
[0, 1, 6]
[0, 1, 7]
[0, 1, 2, 4]
[0, 1, 2, 3]
[0, 1, 2, 5]
[0, 1, 2, 6]
[0, 1, 2, 7]
0.5217391304347826 0.5454545454545454
itercount --------> 9
[0, 1, 2]
[0, 1, 4]
[0, 1, 3]
[0, 1, 6]
[0, 1, 5]
[0, 1, 7]
[0, 1, 2, 4]
[0, 1, 2, 3]
[0, 1, 2, 6]
[0, 1, 2, 5]
[0, 1, 2, 7]
[0, 1, 2, 4, 3]
[0, 1, 2, 4, 6]
[0, 1, 2, 4, 5]
[0, 1, 2, 4, 7]
[0, 1, 2, 4, 3, 6]
0.5454545454545454 0.56
itercount --------> 10
[3, 0, 1]
[3, 0, 2]
[3, 0, 7]
[3, 0, 6]
[3, 0, 4]
[3, 0, 5]
[3, 0, 1, 2]
[3, 0, 1, 7]
[3, 0, 1, 6]
[3, 0, 1, 4]
[3, 0, 1, 5]
[3, 0, 1, 2, 7]
[3, 0, 1, 2, 6]
[3, 0, 1, 2, 4]
[3, 0, 1, 2, 5]
[3, 0, 1, 2, 7, 6]
[3, 0, 1, 2, 7, 4]
[3, 0, 1, 2, 7, 5]
[3, 0, 1, 2, 7, 6, 4]
[3, 0, 1, 2, 7, 6, 5]
[3, 0, 1, 2, 7, 6, 4, 5]
0.56 0.5769230769230769
itercount --------> 11
[3, 6, 7]
[3, 6, 5]
[3, 6, 4]
[3, 6, 0]
[3, 6, 1]
[3, 6, 2]
[3, 6, 7, 5]
[3, 6, 7, 4]
[3, 6, 7, 0]
[3, 6, 7, 1]
[3, 6, 7, 2]
[3, 6, 7, 5, 4]
[3, 6, 7, 5, 0]
[3, 6, 7, 5, 1]
[3, 6, 7, 5, 2]
[3, 6, 7, 5, 4, 0]
[3, 6, 7, 5, 4, 1]
[3, 6, 7, 5, 4, 2]
[3, 6, 7, 5, 4, 0, 1]
[3, 6, 7, 5, 4, 0, 2]
[3, 6, 7, 5, 4, 0, 1, 2]
failed -> 45 times
after fail n ======> 8
[0, 1, 2, 3, 7, 6, 4, 5]
0.07407407407407407 0.08695652173913043
itercount --------> 1
[0, 2, 1]
0.08695652173913043 0.13333333333333333
itercount --------> 2
[1, 3, 4]
0.13333333333333333 0.13636363636363635
itercount --------> 3
[1, 0, 2]
0.13636363636363635 0.20689655172413793
itercount --------> 4
[6, 1, 3]
0.20689655172413793 0.21739130434782608
itercount --------> 5
[3, 6, 1]
0.21739130434782608 0.22857142857142856
itercount --------> 6
[1, 3, 5]
0.22857142857142856 0.25806451612903225
itercount --------> 7
[1, 5, 6]
0.25806451612903225 0.3076923076923077
itercount --------> 8
[1, 3, 4]
[1, 3, 6]
[1, 3, 0]
[1, 3, 2]
[1, 3, 7]
[1, 3, 5]
[1, 3, 4, 6]
0.3076923076923077 0.3235294117647059
itercount --------> 9
[1, 3, 6]
0.3235294117647059 0.3333333333333333
itercount --------> 10
[1, 3, 0]
0.3333333333333333 0.375
itercount --------> 11
[3, 1, 6]
[3, 1, 7]
0.375 0.4782608695652174
itercount --------> 12
[3, 6, 0]
[3, 6, 1]
[3, 6, 2]
[3, 6, 7]
[3, 6, 5]
[3, 6, 4]
[3, 6, 0, 1]
[3, 6, 0, 2]
0.4782608695652174 0.4827586206896552
itercount --------> 13
[2, 0, 1]
0.4827586206896552 0.5833333333333334
itercount --------> 14
[0, 1, 2]
[0, 1, 5]
[0, 1, 6]
[0, 1, 7]
[0, 1, 3]
[0, 1, 4]
[0, 1, 2, 5]
0.5833333333333334 0.6086956521739131
itercount --------> 15
[1, 2, 0]
[1, 2, 3]
[1, 2, 5]
[1, 2, 7]
[1, 2, 4]
[1, 2, 6]
[1, 2, 0, 3]
0.6086956521739131 0.6363636363636364
itercount --------> 16
[1, 2, 0]
[1, 2, 3]
[1, 2, 7]
[1, 2, 4]
[1, 2, 5]
[1, 2, 6]
[1, 2, 0, 3]
[1, 2, 0, 7]
[1, 2, 0, 4]
[1, 2, 0, 5]
0.6363636363636364 0.6666666666666666
itercount --------> 17
[0, 1, 2]
[0, 1, 3]
[0, 1, 7]
[0, 1, 4]
[0, 1, 5]
[0, 1, 6]
[0, 1, 2, 3]
[0, 1, 2, 7]
[0, 1, 2, 4]
[0, 1, 2, 5]
[0, 1, 2, 6]
[0, 1, 2, 3, 7]
[0, 1, 2, 3, 4]
[0, 1, 2, 3, 5]
[0, 1, 2, 3, 6]
[0, 1, 2, 3, 7, 4]
[0, 1, 2, 3, 7, 5]
[0, 1, 2, 3, 7, 6]
[0, 1, 2, 3, 7, 4, 5]
[0, 1, 2, 3, 7, 4, 6]
[0, 1, 2, 3, 7, 4, 5, 6]
failed -> 46 times
after fail n ======> 5
[0, 1, 2, 3, 7]
0.07407407407407407 0.1111111111111111
itercount --------> 1
[0, 6, 7]
0.1111111111111111 0.13043478260869565
itercount --------> 2
[1, 2, 0]
0.13043478260869565 0.15789473684210525
itercount --------> 3
[0, 1, 2]
[0, 1, 5]
[0, 1, 7]
[0, 1, 3]
0.15789473684210525 0.21052631578947367
itercount --------> 4
[0, 1, 2]
[0, 1, 5]
[0, 1, 4]
[0, 1, 6]
0.21052631578947367 0.21739130434782608
itercount --------> 5
[1, 6, 7]
0.21739130434782608 0.2608695652173913
itercount --------> 6
[1, 4, 7]
[1, 4, 6]
[1, 4, 3]
[1, 4, 0]
0.2608695652173913 0.2857142857142857
itercount --------> 7
[0, 1, 2]
[0, 1, 7]
0.2857142857142857 0.30434782608695654
itercount --------> 8
[1, 5, 3]
[1, 5, 4]
0.30434782608695654 0.35294117647058826
itercount --------> 9
[5, 1, 6]
[5, 1, 4]
[5, 1, 3]
[5, 1, 7]
0.35294117647058826 0.36363636363636365
itercount --------> 10
[0, 1, 2]
[0, 1, 7]
[0, 1, 6]
[0, 1, 4]
[0, 1, 3]
[0, 1, 5]
0.36363636363636365 0.38461538461538464
itercount --------> 11
[4, 5, 7]
[4, 5, 1]
[4, 5, 0]
0.38461538461538464 0.4
itercount --------> 12
[5, 6, 7]
[5, 6, 3]
0.4 0.4782608695652174
itercount --------> 13
[5, 6, 7]
[5, 6, 3]
0.4782608695652174 0.5
itercount --------> 14
[5, 7, 6]
[5, 7, 1]
[5, 7, 3]
[5, 7, 4]
[5, 7, 0]
[5, 7, 2]
[5, 7, 6, 1]
[5, 7, 6, 3]
[5, 7, 6, 4]
[5, 7, 6, 0]
[5, 7, 6, 2]
[5, 7, 6, 1, 3]
[5, 7, 6, 1, 4]
0.5 0.6521739130434783
itercount --------> 15
[1, 7, 0]
[1, 7, 2]
[1, 7, 5]
[1, 7, 3]
[1, 7, 4]
[1, 7, 6]
[1, 7, 0, 2]
[1, 7, 0, 5]
[1, 7, 0, 3]
0.6521739130434783 0.68
itercount --------> 16
[0, 1, 2]
[0, 1, 3]
[0, 1, 5]
[0, 1, 7]
[0, 1, 4]
[0, 1, 6]
[0, 1, 2, 3]
0.68 0.7391304347826086
itercount --------> 17
[0, 1, 2]
[0, 1, 3]
[0, 1, 7]
[0, 1, 5]
[0, 1, 4]
[0, 1, 6]
[0, 1, 2, 3]
[0, 1, 2, 7]
[0, 1, 2, 5]
[0, 1, 2, 4]
[0, 1, 2, 6]
[0, 1, 2, 3, 7]
[0, 1, 2, 3, 5]
[0, 1, 2, 3, 4]
[0, 1, 2, 3, 6]
[0, 1, 2, 3, 7, 5]
[0, 1, 2, 3, 7, 4]
[0, 1, 2, 3, 7, 6]
[0, 1, 2, 3, 7, 5, 4]
[0, 1, 2, 3, 7, 5, 6]
[0, 1, 2, 3, 7, 5, 4, 6]
failed -> 47 times
after fail n ======> 6
[0, 1, 2, 3, 7, 6]
0.07407407407407407 0.0967741935483871
itercount --------> 1
[3, 0, 6]
0.0967741935483871 0.1111111111111111
itercount --------> 2
[3, 0, 6]
0.1111111111111111 0.11764705882352941
itercount --------> 3
[0, 3, 7]
0.11764705882352941 0.16129032258064516
itercount --------> 4
[0, 6, 1]
[0, 6, 2]
0.16129032258064516 0.22580645161290322
itercount --------> 5
[0, 1, 2]
[0, 1, 4]
[0, 1, 5]
0.22580645161290322 0.3076923076923077
itercount --------> 6
[4, 0, 5]
0.3076923076923077 0.391304347826087
itercount --------> 7
[3, 6, 4]
0.391304347826087 0.4
itercount --------> 8
[0, 1, 2]
[0, 1, 3]
[0, 1, 6]
0.4 0.42857142857142855
itercount --------> 9
[6, 3, 4]
0.42857142857142855 0.5454545454545454
itercount --------> 10
[3, 6, 7]
[3, 6, 5]
0.5454545454545454 0.5555555555555556
itercount --------> 11
[0, 5, 1]
[0, 5, 2]
0.5555555555555556 0.6
itercount --------> 12
[5, 0, 1]
[5, 0, 2]
[5, 0, 3]
[5, 0, 6]
[5, 0, 7]
[5, 0, 4]
[5, 0, 1, 2]
[5, 0, 1, 3]
[5, 0, 1, 6]
[5, 0, 1, 7]
[5, 0, 1, 4]
[5, 0, 1, 2, 3]
0.6 0.6521739130434783
itercount --------> 13
[5, 6, 3]
[5, 6, 0]
[5, 6, 1]
[5, 6, 2]
[5, 6, 7]
[5, 6, 4]
[5, 6, 3, 0]
[5, 6, 3, 1]
[5, 6, 3, 2]
[5, 6, 3, 7]
[5, 6, 3, 4]
[5, 6, 3, 0, 1]
[5, 6, 3, 0, 2]
[5, 6, 3, 0, 7]
[5, 6, 3, 0, 4]
[5, 6, 3, 0, 1, 2]
0.6521739130434783 0.7142857142857143
itercount --------> 14
[0, 1, 2]
[0, 1, 5]
[0, 1, 3]
[0, 1, 4]
[0, 1, 6]
[0, 1, 7]
[0, 1, 2, 5]
[0, 1, 2, 3]
[0, 1, 2, 4]
[0, 1, 2, 6]
[0, 1, 2, 7]
[0, 1, 2, 5, 3]
[0, 1, 2, 5, 4]
[0, 1, 2, 5, 6]
[0, 1, 2, 5, 7]
[0, 1, 2, 5, 3, 4]
[0, 1, 2, 5, 3, 6]
[0, 1, 2, 5, 3, 7]
[0, 1, 2, 5, 3, 4, 6]
[0, 1, 2, 5, 3, 4, 7]
[0, 1, 2, 5, 3, 4, 6, 7]
failed -> 48 times
after fail n ======> 7
[0, 1, 2, 3, 7, 6, 4]
0.07407407407407407 0.07692307692307693
itercount --------> 1
[0, 1, 2]
[0, 1, 6]
0.07692307692307693 0.08571428571428572
itercount --------> 2
[0, 4, 1]
0.08571428571428572 0.15151515151515152
itercount --------> 3
[4, 2, 1]
0.15151515151515152 0.21739130434782608
itercount --------> 4
[4, 1, 3]
0.21739130434782608 0.22727272727272727
itercount --------> 5
[4, 0, 6]
0.22727272727272727 0.25
itercount --------> 6
[4, 0, 1]
[4, 0, 6]
0.25 0.2631578947368421
itercount --------> 7
[4, 0, 1]
[4, 0, 2]
[4, 0, 5]
[4, 0, 7]
[4, 0, 3]
[4, 0, 6]
[4, 0, 1, 2]
[4, 0, 1, 5]
[4, 0, 1, 7]
[4, 0, 1, 3]
[4, 0, 1, 6]
[4, 0, 1, 2, 5]
0.2631578947368421 0.2727272727272727
itercount --------> 8
[4, 5, 7]
[4, 5, 6]
[4, 5, 3]
[4, 5, 0]
[4, 5, 1]
[4, 5, 2]
[4, 5, 7, 6]
[4, 5, 7, 3]
0.2727272727272727 0.30434782608695654
itercount --------> 9
[4, 3, 6]
[4, 3, 5]
[4, 3, 7]
[4, 3, 0]
[4, 3, 1]
[4, 3, 2]
[4, 3, 6, 5]
[4, 3, 6, 7]
[4, 3, 6, 0]
[4, 3, 6, 1]
[4, 3, 6, 2]
[4, 3, 6, 5, 7]
[4, 3, 6, 5, 0]
[4, 3, 6, 5, 1]
[4, 3, 6, 5, 2]
[4, 3, 6, 5, 7, 0]
[4, 3, 6, 5, 7, 1]
[4, 3, 6, 5, 7, 2]
[4, 3, 6, 5, 7, 0, 1]
[4, 3, 6, 5, 7, 0, 2]
[4, 3, 6, 5, 7, 0, 1, 2]
failed -> 49 times
after fail n ======> 8
[0, 1, 2, 3, 7, 6, 4, 5]
0.07407407407407407 0.07692307692307693
itercount --------> 1
[6, 4, 3]
0.07692307692307693 0.16666666666666666
itercount --------> 2
[1, 0, 2]
0.16666666666666666 0.27586206896551724
itercount --------> 3
[6, 5, 7]
0.27586206896551724 0.4074074074074074
itercount --------> 4
[6, 5, 4]
[6, 5, 7]
[6, 5, 3]
[6, 5, 0]
[6, 5, 1]
[6, 5, 2]
[6, 5, 4, 7]
[6, 5, 4, 3]
[6, 5, 4, 0]
[6, 5, 4, 1]
0.4074074074074074 0.45454545454545453
itercount --------> 5
[7, 3, 4]
[7, 3, 6]
[7, 3, 5]
0.45454545454545453 0.4583333333333333
itercount --------> 6
[3, 4, 5]
[3, 4, 6]
[3, 4, 7]
[3, 4, 0]
[3, 4, 1]
[3, 4, 2]
[3, 4, 5, 6]
[3, 4, 5, 7]
[3, 4, 5, 0]
[3, 4, 5, 1]
[3, 4, 5, 2]
[3, 4, 5, 6, 7]
0.4583333333333333 0.55
itercount --------> 7
[0, 1, 2]
[0, 1, 5]
[0, 1, 7]
[0, 1, 4]
[0, 1, 3]
[0, 1, 6]
[0, 1, 2, 5]
0.55 0.5909090909090909
itercount --------> 8
[4, 5, 7]
[4, 5, 3]
[4, 5, 0]
[4, 5, 1]
[4, 5, 2]
[4, 5, 6]
[4, 5, 7, 3]
[4, 5, 7, 0]
0.5909090909090909 0.65
itercount --------> 9
[0, 1, 2]
[0, 1, 5]
[0, 1, 7]
[0, 1, 3]
[0, 1, 4]
[0, 1, 6]
[0, 1, 2, 5]
[0, 1, 2, 7]
0.65 0.6842105263157895
itercount --------> 10
[0, 1, 2]
[0, 1, 5]
[0, 1, 7]
[0, 1, 3]
[0, 1, 4]
[0, 1, 6]
[0, 1, 2, 5]
[0, 1, 2, 7]
[0, 1, 2, 3]
[0, 1, 2, 4]
[0, 1, 2, 6]
[0, 1, 2, 5, 7]
[0, 1, 2, 5, 3]
[0, 1, 2, 5, 4]
[0, 1, 2, 5, 6]
[0, 1, 2, 5, 7, 3]
[0, 1, 2, 5, 7, 4]
[0, 1, 2, 5, 7, 6]
[0, 1, 2, 5, 7, 3, 4]
0.6842105263157895 0.7619047619047619
itercount --------> 11
[3, 5, 6]
[3, 5, 7]
[3, 5, 0]
[3, 5, 1]
[3, 5, 2]
[3, 5, 4]
[3, 5, 6, 7]
[3, 5, 6, 0]
[3, 5, 6, 1]
[3, 5, 6, 2]
[3, 5, 6, 4]
[3, 5, 6, 7, 0]
[3, 5, 6, 7, 1]
[3, 5, 6, 7, 2]
[3, 5, 6, 7, 4]
[3, 5, 6, 7, 0, 1]
[3, 5, 6, 7, 0, 2]
[3, 5, 6, 7, 0, 4]
[3, 5, 6, 7, 0, 1, 2]
[3, 5, 6, 7, 0, 1, 4]
[3, 5, 6, 7, 0, 1, 2, 4]
failed -> 50 times
after fail n ======> 5
Runs with the maximum attractor JI -> [22]
