{2: 120, 0: 74, 1: 74, 5: 63, 3: 29, 7: 26, 4: 21, 6: 21}
[2, 0, 1]
0.03669724770642202 0.08888888888888889
itercount --------> 1
[2, 5, 0]
0.08888888888888889 0.1
itercount --------> 2
[2, 3, 0]
0.1 0.10810810810810811
itercount --------> 3
[2, 0, 1]
0.10810810810810811 0.20588235294117646
itercount --------> 4
[2, 0, 1]
0.20588235294117646 0.23333333333333334
itercount --------> 5
[2, 0, 1]
[2, 0, 7]
0.23333333333333334 0.38095238095238093
itercount --------> 6
[0, 1, 2]
[0, 1, 5]
[0, 1, 7]
0.38095238095238093 0.5769230769230769
itercount --------> 7
[0, 1, 2]
[0, 1, 5]
[0, 1, 4]
0.5769230769230769 0.625
itercount --------> 8
[0, 1, 2]
[0, 1, 5]
0.625 0.75
itercount --------> 9
[0, 1, 2]
[0, 1, 5]
[0, 1, 6]
[0, 1, 7]
[0, 1, 3]
[0, 1, 4]
[0, 1, 2, 5]
[0, 1, 2, 6]
[0, 1, 2, 7]
[0, 1, 2, 3]
[0, 1, 2, 4]
[0, 1, 2, 5, 6]
[0, 1, 2, 5, 7]
[0, 1, 2, 5, 3]
[0, 1, 2, 5, 4]
[0, 1, 2, 5, 6, 7]
[0, 1, 2, 5, 6, 3]
[0, 1, 2, 5, 6, 4]
[0, 1, 2, 5, 6, 7, 3]
[0, 1, 2, 5, 6, 7, 4]
[0, 1, 2, 5, 6, 7, 3, 4]
failed Once
after fail n ======> 4
[2, 0, 1, 5]
0.03669724770642202 0.04838709677419355
itercount --------> 1
[2, 0, 1]
0.04838709677419355 0.06521739130434782
itercount --------> 2
[2, 0, 1]
[2, 0, 3]
0.06521739130434782 0.1206896551724138
itercount --------> 3
[2, 1, 0]
0.1206896551724138 0.20588235294117646
itercount --------> 4
[2, 0, 1]
0.20588235294117646 0.23333333333333334
itercount --------> 5
[2, 0, 1]
[2, 0, 7]
0.23333333333333334 0.5769230769230769
itercount --------> 6
[0, 1, 2]
[0, 1, 5]
[0, 1, 4]
[0, 1, 6]
[0, 1, 3]
[0, 1, 7]
[0, 1, 2, 5]
[0, 1, 2, 4]
0.5769230769230769 0.6818181818181818
itercount --------> 7
[0, 1, 2]
[0, 1, 5]
[0, 1, 6]
[0, 1, 3]
[0, 1, 4]
[0, 1, 7]
[0, 1, 2, 5]
[0, 1, 2, 6]
[0, 1, 2, 3]
[0, 1, 2, 4]
[0, 1, 2, 7]
[0, 1, 2, 5, 6]
[0, 1, 2, 5, 3]
[0, 1, 2, 5, 4]
[0, 1, 2, 5, 7]
[0, 1, 2, 5, 6, 3]
[0, 1, 2, 5, 6, 4]
[0, 1, 2, 5, 6, 7]
0.6818181818181818 0.6956521739130435
itercount --------> 8
[5, 6, 7]
[5, 6, 0]
[5, 6, 1]
[5, 6, 2]
[5, 6, 4]
[5, 6, 3]
[5, 6, 7, 0]
[5, 6, 7, 1]
0.6956521739130435 0.75
itercount --------> 9
[0, 1, 2]
[0, 1, 5]
[0, 1, 6]
[0, 1, 7]
[0, 1, 3]
[0, 1, 4]
[0, 1, 2, 5]
[0, 1, 2, 6]
[0, 1, 2, 7]
[0, 1, 2, 3]
[0, 1, 2, 4]
[0, 1, 2, 5, 6]
0.75 0.7894736842105263
itercount --------> 10
[0, 1, 2]
[0, 1, 5]
[0, 1, 7]
[0, 1, 3]
[0, 1, 4]
[0, 1, 6]
[0, 1, 2, 5]
[0, 1, 2, 7]
[0, 1, 2, 3]
[0, 1, 2, 4]
[0, 1, 2, 6]
[0, 1, 2, 5, 7]
[0, 1, 2, 5, 3]
[0, 1, 2, 5, 4]
[0, 1, 2, 5, 6]
[0, 1, 2, 5, 7, 3]
[0, 1, 2, 5, 7, 4]
[0, 1, 2, 5, 7, 6]
[0, 1, 2, 5, 7, 3, 4]
[0, 1, 2, 5, 7, 3, 6]
[0, 1, 2, 5, 7, 3, 4, 6]
failed -> 2 times
after fail n ======> 5
[2, 0, 1, 5, 3]
0.03669724770642202 0.047058823529411764
itercount --------> 1
[2, 5, 0]
0.047058823529411764 0.08888888888888889
itercount --------> 2
[2, 5, 0]
[2, 5, 1]
0.08888888888888889 0.11538461538461539
itercount --------> 3
[3, 7, 0]
[3, 7, 1]
0.11538461538461539 0.23333333333333334
itercount --------> 4
[0, 1, 2]
[0, 1, 7]
[0, 1, 5]
[0, 1, 4]
[0, 1, 6]
[0, 1, 3]
[0, 1, 2, 7]
0.23333333333333334 0.5769230769230769
itercount --------> 5
[0, 1, 2]
0.5769230769230769 0.6818181818181818
itercount --------> 6
[0, 1, 2]
[0, 1, 5]
[0, 1, 4]
[0, 1, 6]
[0, 1, 7]
[0, 1, 3]
[0, 1, 2, 5]
[0, 1, 2, 4]
[0, 1, 2, 6]
0.6818181818181818 0.75
itercount --------> 7
[0, 1, 2]
[0, 1, 5]
[0, 1, 4]
[0, 1, 7]
[0, 1, 3]
[0, 1, 6]
[0, 1, 2, 5]
[0, 1, 2, 4]
0.75 0.7894736842105263
itercount --------> 8
[0, 1, 2]
[0, 1, 5]
[0, 1, 7]
[0, 1, 3]
[0, 1, 4]
[0, 1, 6]
[0, 1, 2, 5]
[0, 1, 2, 7]
[0, 1, 2, 3]
[0, 1, 2, 4]
[0, 1, 2, 6]
[0, 1, 2, 5, 7]
[0, 1, 2, 5, 3]
[0, 1, 2, 5, 4]
[0, 1, 2, 5, 6]
[0, 1, 2, 5, 7, 3]
[0, 1, 2, 5, 7, 4]
[0, 1, 2, 5, 7, 6]
[0, 1, 2, 5, 7, 3, 4]
[0, 1, 2, 5, 7, 3, 6]
[0, 1, 2, 5, 7, 3, 4, 6]
failed -> 3 times
after fail n ======> 6
[2, 0, 1, 5, 3, 7]
0.03669724770642202 0.05194805194805195
itercount --------> 1
[2, 5, 1]
0.05194805194805195 0.07547169811320754
itercount --------> 2
[2, 0, 1]
0.07547169811320754 0.08888888888888889
itercount --------> 3
[2, 5, 0]
[2, 5, 1]
0.08888888888888889 0.11538461538461539
itercount --------> 4
[3, 7, 0]
0.11538461538461539 0.3181818181818182
itercount --------> 5
[3, 0, 1]
0.3181818181818182 0.4230769230769231
itercount --------> 6
[0, 2, 3]
[0, 2, 7]
[0, 2, 1]
[0, 2, 5]
0.4230769230769231 0.5
itercount --------> 7
[7, 3, 0]
[7, 3, 1]
0.5 0.5714285714285714
itercount --------> 8
[0, 1, 2]
[0, 1, 5]
[0, 1, 3]
[0, 1, 7]
[0, 1, 4]
0.5714285714285714 0.631578947368421
itercount --------> 9
[0, 1, 2]
[0, 1, 3]
[0, 1, 5]
[0, 1, 7]
[0, 1, 4]
[0, 1, 6]
[0, 1, 2, 3]
[0, 1, 2, 5]
[0, 1, 2, 7]
[0, 1, 2, 4]
[0, 1, 2, 6]
0.631578947368421 0.6666666666666666
itercount --------> 10
[0, 1, 2]
[0, 1, 3]
[0, 1, 5]
[0, 1, 7]
[0, 1, 4]
[0, 1, 6]
[0, 1, 2, 3]
[0, 1, 2, 5]
[0, 1, 2, 7]
[0, 1, 2, 4]
[0, 1, 2, 6]
[0, 1, 2, 3, 5]
[0, 1, 2, 3, 7]
0.6666666666666666 0.75
itercount --------> 11
[0, 1, 2]
[0, 1, 5]
[0, 1, 7]
[0, 1, 3]
[0, 1, 4]
0.75 0.7894736842105263
itercount --------> 12
[0, 1, 2]
[0, 1, 5]
[0, 1, 7]
[0, 1, 3]
[0, 1, 4]
[0, 1, 6]
[0, 1, 2, 5]
[0, 1, 2, 7]
[0, 1, 2, 3]
[0, 1, 2, 4]
[0, 1, 2, 6]
[0, 1, 2, 5, 7]
[0, 1, 2, 5, 3]
[0, 1, 2, 5, 4]
[0, 1, 2, 5, 6]
[0, 1, 2, 5, 7, 3]
[0, 1, 2, 5, 7, 4]
[0, 1, 2, 5, 7, 6]
[0, 1, 2, 5, 7, 3, 4]
[0, 1, 2, 5, 7, 3, 6]
[0, 1, 2, 5, 7, 3, 4, 6]
failed -> 4 times
after fail n ======> 7
[2, 0, 1, 5, 3, 7, 4]
0.03669724770642202 0.05194805194805195
itercount --------> 1
[2, 0, 1]
[2, 0, 5]
0.05194805194805195 0.14035087719298245
itercount --------> 2
[1, 2, 5]
0.14035087719298245 0.21621621621621623
itercount --------> 3
[2, 5, 0]
0.21621621621621623 0.2692307692307692
itercount --------> 4
[3, 1, 2]
0.2692307692307692 0.3181818181818182
itercount --------> 5
[3, 0, 1]
[3, 0, 2]
0.3181818181818182 0.3235294117647059
itercount --------> 6
[2, 0, 1]
0.3235294117647059 0.4230769230769231
itercount --------> 7
[0, 1, 2]
[0, 1, 3]
[0, 1, 7]
[0, 1, 5]
0.4230769230769231 0.5
itercount --------> 8
[7, 3, 0]
0.5 0.6818181818181818
itercount --------> 9
[0, 1, 2]
[0, 1, 5]
[0, 1, 4]
0.6818181818181818 0.75
itercount --------> 10
[0, 1, 2]
[0, 1, 5]
[0, 1, 6]
[0, 1, 7]
[0, 1, 3]
[0, 1, 4]
[0, 1, 2, 5]
[0, 1, 2, 6]
[0, 1, 2, 7]
[0, 1, 2, 3]
[0, 1, 2, 4]
[0, 1, 2, 5, 6]
[0, 1, 2, 5, 7]
[0, 1, 2, 5, 3]
[0, 1, 2, 5, 4]
[0, 1, 2, 5, 6, 7]
[0, 1, 2, 5, 6, 3]
[0, 1, 2, 5, 6, 4]
0.75 0.7894736842105263
itercount --------> 11
[0, 1, 2]
[0, 1, 5]
[0, 1, 7]
[0, 1, 3]
[0, 1, 4]
[0, 1, 6]
[0, 1, 2, 5]
[0, 1, 2, 7]
[0, 1, 2, 3]
[0, 1, 2, 4]
[0, 1, 2, 6]
[0, 1, 2, 5, 7]
[0, 1, 2, 5, 3]
[0, 1, 2, 5, 4]
[0, 1, 2, 5, 6]
[0, 1, 2, 5, 7, 3]
[0, 1, 2, 5, 7, 4]
[0, 1, 2, 5, 7, 6]
[0, 1, 2, 5, 7, 3, 4]
[0, 1, 2, 5, 7, 3, 6]
[0, 1, 2, 5, 7, 3, 4, 6]
failed -> 5 times
after fail n ======> 8
[2, 0, 1, 5, 3, 7, 4, 6]
0.03669724770642202 0.04838709677419355
itercount --------> 1
[2, 1, 0]
0.04838709677419355 0.1
itercount --------> 2
[2, 3, 0]
[2, 3, 1]
0.1 0.11538461538461539
itercount --------> 3
[3, 7, 0]
0.11538461538461539 0.3181818181818182
itercount --------> 4
[3, 0, 1]
0.3181818181818182 0.4411764705882353
itercount --------> 5
[0, 1, 2]
0.4411764705882353 0.5769230769230769
itercount --------> 6
[0, 1, 2]
[0, 1, 5]
0.5769230769230769 0.6818181818181818
itercount --------> 7
[0, 1, 2]
[0, 1, 5]
[0, 1, 4]
0.6818181818181818 0.75
itercount --------> 8
[0, 1, 2]
[0, 1, 5]
[0, 1, 6]
[0, 1, 7]
[0, 1, 3]
[0, 1, 4]
[0, 1, 2, 5]
[0, 1, 2, 6]
[0, 1, 2, 7]
[0, 1, 2, 3]
[0, 1, 2, 4]
[0, 1, 2, 5, 6]
[0, 1, 2, 5, 7]
[0, 1, 2, 5, 3]
[0, 1, 2, 5, 4]
[0, 1, 2, 5, 6, 7]
[0, 1, 2, 5, 6, 3]
[0, 1, 2, 5, 6, 4]
[0, 1, 2, 5, 6, 7, 3]
[0, 1, 2, 5, 6, 7, 4]
[0, 1, 2, 5, 6, 7, 3, 4]
failed -> 6 times
after fail n ======> 5
[2, 0, 1, 5, 3]
0.03669724770642202 0.06557377049180328
itercount --------> 1
[2, 1, 0]
[2, 1, 5]
0.06557377049180328 0.14
itercount --------> 2
[2, 1, 0]
0.14 0.18421052631578946
itercount --------> 3
[1, 2, 0]
0.18421052631578946 0.23333333333333334
itercount --------> 4
[1, 2, 7]
0.23333333333333334 0.5769230769230769
itercount --------> 5
[1, 0, 2]
[1, 0, 5]
0.5769230769230769 0.6818181818181818
itercount --------> 6
[0, 1, 2]
[0, 1, 5]
[0, 1, 4]
[0, 1, 6]
[0, 1, 7]
[0, 1, 3]
[0, 1, 2, 5]
[0, 1, 2, 4]
0.6818181818181818 0.75
itercount --------> 7
[0, 1, 2]
[0, 1, 5]
[0, 1, 6]
0.75 0.7894736842105263
itercount --------> 8
[0, 1, 2]
[0, 1, 5]
[0, 1, 7]
[0, 1, 3]
[0, 1, 4]
[0, 1, 6]
[0, 1, 2, 5]
[0, 1, 2, 7]
[0, 1, 2, 3]
[0, 1, 2, 4]
[0, 1, 2, 6]
[0, 1, 2, 5, 7]
[0, 1, 2, 5, 3]
[0, 1, 2, 5, 4]
[0, 1, 2, 5, 6]
[0, 1, 2, 5, 7, 3]
[0, 1, 2, 5, 7, 4]
[0, 1, 2, 5, 7, 6]
[0, 1, 2, 5, 7, 3, 4]
[0, 1, 2, 5, 7, 3, 6]
[0, 1, 2, 5, 7, 3, 4, 6]
failed -> 7 times
after fail n ======> 6
[2, 0, 1, 5, 3, 7]
0.03669724770642202 0.04838709677419355
itercount --------> 1
[2, 1, 0]
0.04838709677419355 0.07894736842105263
itercount --------> 2
[2, 3, 0]
0.07894736842105263 0.1
itercount --------> 3
[2, 3, 0]
0.1 0.20588235294117646
itercount --------> 4
[2, 0, 1]
0.20588235294117646 0.23333333333333334
itercount --------> 5
[2, 0, 1]
[2, 0, 7]
0.23333333333333334 0.38095238095238093
itercount --------> 6
[0, 1, 2]
[0, 1, 5]
[0, 1, 7]
0.38095238095238093 0.5769230769230769
itercount --------> 7
[0, 1, 2]
[0, 1, 5]
0.5769230769230769 0.6818181818181818
itercount --------> 8
[0, 1, 2]
[0, 1, 5]
[0, 1, 4]
[0, 1, 6]
[0, 1, 7]
[0, 1, 3]
[0, 1, 2, 5]
[0, 1, 2, 4]
[0, 1, 2, 6]
[0, 1, 2, 7]
[0, 1, 2, 3]
[0, 1, 2, 5, 4]
[0, 1, 2, 5, 6]
[0, 1, 2, 5, 7]
[0, 1, 2, 5, 3]
[0, 1, 2, 5, 4, 6]
[0, 1, 2, 5, 4, 7]
[0, 1, 2, 5, 4, 3]
[0, 1, 2, 5, 4, 6, 7]
[0, 1, 2, 5, 4, 6, 3]
[0, 1, 2, 5, 4, 6, 7, 3]
failed -> 8 times
after fail n ======> 7
[2, 0, 1, 5, 3, 7, 4]
0.03669724770642202 0.05194805194805195
itercount --------> 1
[2, 0, 1]
0.05194805194805195 0.225
itercount --------> 2
[5, 2, 0]
0.225 0.2692307692307692
itercount --------> 3
[2, 3, 5]
0.2692307692307692 0.4411764705882353
itercount --------> 4
[2, 0, 1]
0.4411764705882353 0.5769230769230769
itercount --------> 5
[0, 1, 2]
[0, 1, 5]
0.5769230769230769 0.6818181818181818
itercount --------> 6
[0, 1, 2]
[0, 1, 5]
[0, 1, 4]
[0, 1, 6]
0.6818181818181818 0.75
itercount --------> 7
[0, 1, 2]
[0, 1, 5]
[0, 1, 4]
[0, 1, 7]
[0, 1, 3]
[0, 1, 6]
[0, 1, 2, 5]
[0, 1, 2, 4]
[0, 1, 2, 7]
[0, 1, 2, 3]
[0, 1, 2, 6]
[0, 1, 2, 5, 4]
0.75 0.7894736842105263
itercount --------> 8
[0, 1, 2]
[0, 1, 5]
[0, 1, 7]
[0, 1, 3]
[0, 1, 4]
[0, 1, 6]
[0, 1, 2, 5]
[0, 1, 2, 7]
[0, 1, 2, 3]
[0, 1, 2, 4]
[0, 1, 2, 6]
[0, 1, 2, 5, 7]
[0, 1, 2, 5, 3]
[0, 1, 2, 5, 4]
[0, 1, 2, 5, 6]
[0, 1, 2, 5, 7, 3]
[0, 1, 2, 5, 7, 4]
[0, 1, 2, 5, 7, 6]
[0, 1, 2, 5, 7, 3, 4]
[0, 1, 2, 5, 7, 3, 6]
[0, 1, 2, 5, 7, 3, 4, 6]
failed -> 9 times
after fail n ======> 8
[2, 0, 1, 5, 3, 7, 4, 6]
0.03669724770642202 0.04838709677419355
itercount --------> 1
[2, 0, 5]
0.04838709677419355 0.05405405405405406
itercount --------> 2
[0, 2, 1]
[0, 2, 7]
0.05405405405405406 0.07407407407407407
itercount --------> 3
[0, 3, 7]
0.07407407407407407 0.13793103448275862
itercount --------> 4
[0, 3, 5]
0.13793103448275862 0.17391304347826086
itercount --------> 5
[0, 3, 4]
[0, 3, 1]
0.17391304347826086 0.19047619047619047
itercount --------> 6
[0, 1, 2]
[0, 1, 5]
[0, 1, 3]
0.19047619047619047 0.2857142857142857
itercount --------> 7
[0, 1, 2]
[0, 1, 5]
[0, 1, 4]
0.2857142857142857 0.4230769230769231
itercount --------> 8
[3, 1, 0]
0.4230769230769231 0.55
itercount --------> 9
[3, 7, 0]
[3, 7, 1]
[3, 7, 2]
[3, 7, 5]
[3, 7, 6]
[3, 7, 4]
[3, 7, 0, 1]
[3, 7, 0, 2]
[3, 7, 0, 5]
[3, 7, 0, 6]
[3, 7, 0, 4]
[3, 7, 0, 1, 2]
[3, 7, 0, 1, 5]
[3, 7, 0, 1, 6]
[3, 7, 0, 1, 4]
[3, 7, 0, 1, 2, 5]
[3, 7, 0, 1, 2, 6]
[3, 7, 0, 1, 2, 4]
[3, 7, 0, 1, 2, 5, 6]
[3, 7, 0, 1, 2, 5, 4]
[3, 7, 0, 1, 2, 5, 6, 4]
failed -> 10 times
after fail n ======> 5
[2, 0, 1, 5, 3]
0.03669724770642202 0.04838709677419355
itercount --------> 1
[2, 1, 0]
0.04838709677419355 0.05555555555555555
itercount --------> 2
[1, 2, 0]
0.05555555555555555 0.06521739130434782
itercount --------> 3
[2, 1, 0]
0.06521739130434782 0.08823529411764706
itercount --------> 4
[2, 1, 0]
0.08823529411764706 0.11538461538461539
itercount --------> 5
[3, 7, 0]
0.11538461538461539 0.3181818181818182
itercount --------> 6
[7, 3, 0]
0.3181818181818182 0.5
itercount --------> 7
[7, 0, 1]
[7, 0, 2]
[7, 0, 3]
0.5 0.6818181818181818
itercount --------> 8
[0, 1, 2]
[0, 1, 5]
[0, 1, 4]
[0, 1, 6]
[0, 1, 7]
[0, 1, 3]
[0, 1, 2, 5]
[0, 1, 2, 4]
[0, 1, 2, 6]
[0, 1, 2, 7]
[0, 1, 2, 3]
[0, 1, 2, 5, 4]
[0, 1, 2, 5, 6]
[0, 1, 2, 5, 7]
[0, 1, 2, 5, 3]
[0, 1, 2, 5, 4, 6]
[0, 1, 2, 5, 4, 7]
[0, 1, 2, 5, 4, 3]
[0, 1, 2, 5, 4, 6, 7]
[0, 1, 2, 5, 4, 6, 3]
[0, 1, 2, 5, 4, 6, 7, 3]
failed -> 11 times
after fail n ======> 6
[2, 0, 1, 5, 3, 7]
0.03669724770642202 0.04838709677419355
itercount --------> 1
[2, 0, 1]
0.04838709677419355 0.07894736842105263
itercount --------> 2
[2, 3, 0]
0.07894736842105263 0.10810810810810811
itercount --------> 3
[2, 0, 1]
0.10810810810810811 0.11290322580645161
itercount --------> 4
[0, 2, 1]
0.11290322580645161 0.1206896551724138
itercount --------> 5
[2, 0, 1]
[2, 0, 7]
0.1206896551724138 0.22727272727272727
itercount --------> 6
[1, 0, 2]
0.22727272727272727 0.4411764705882353
itercount --------> 7
[1, 2, 0]
[1, 2, 5]
0.4411764705882353 0.5769230769230769
itercount --------> 8
[0, 1, 2]
[0, 1, 5]
[0, 1, 4]
0.5769230769230769 0.6818181818181818
itercount --------> 9
[0, 1, 2]
[0, 1, 5]
[0, 1, 6]
[0, 1, 3]
[0, 1, 4]
[0, 1, 7]
[0, 1, 2, 5]
[0, 1, 2, 6]
[0, 1, 2, 3]
[0, 1, 2, 4]
[0, 1, 2, 7]
[0, 1, 2, 5, 6]
[0, 1, 2, 5, 3]
[0, 1, 2, 5, 4]
[0, 1, 2, 5, 7]
[0, 1, 2, 5, 6, 3]
[0, 1, 2, 5, 6, 4]
[0, 1, 2, 5, 6, 7]
[0, 1, 2, 5, 6, 3, 4]
[0, 1, 2, 5, 6, 3, 7]
[0, 1, 2, 5, 6, 3, 4, 7]
failed -> 12 times
after fail n ======> 7
[2, 0, 1, 5, 3, 7, 4]
0.03669724770642202 0.125
itercount --------> 1
[0, 2, 5]
0.125 0.16666666666666666
itercount --------> 2
[2, 0, 3]
0.16666666666666666 0.1951219512195122
itercount --------> 3
[0, 2, 5]
0.1951219512195122 0.5769230769230769
itercount --------> 4
[0, 2, 5]
[0, 2, 1]
[0, 2, 4]
0.5769230769230769 0.6818181818181818
itercount --------> 5
[0, 2, 1]
0.6818181818181818 0.75
itercount --------> 6
[0, 1, 2]
[0, 1, 5]
[0, 1, 6]
[0, 1, 7]
[0, 1, 3]
[0, 1, 4]
[0, 1, 2, 5]
[0, 1, 2, 6]
[0, 1, 2, 7]
[0, 1, 2, 3]
[0, 1, 2, 4]
[0, 1, 2, 5, 6]
0.75 0.7894736842105263
itercount --------> 7
[0, 1, 2]
[0, 1, 5]
[0, 1, 7]
[0, 1, 3]
[0, 1, 4]
[0, 1, 6]
[0, 1, 2, 5]
[0, 1, 2, 7]
[0, 1, 2, 3]
[0, 1, 2, 4]
[0, 1, 2, 6]
[0, 1, 2, 5, 7]
[0, 1, 2, 5, 3]
[0, 1, 2, 5, 4]
[0, 1, 2, 5, 6]
[0, 1, 2, 5, 7, 3]
[0, 1, 2, 5, 7, 4]
[0, 1, 2, 5, 7, 6]
[0, 1, 2, 5, 7, 3, 4]
[0, 1, 2, 5, 7, 3, 6]
[0, 1, 2, 5, 7, 3, 4, 6]
failed -> 13 times
after fail n ======> 8
[2, 0, 1, 5, 3, 7, 4, 6]
0.03669724770642202 0.04838709677419355
itercount --------> 1
[2, 0, 1]
0.04838709677419355 0.07894736842105263
itercount --------> 2
[2, 0, 1]
0.07894736842105263 0.1
itercount --------> 3
[2, 0, 1]
0.1 0.11538461538461539
itercount --------> 4
[3, 7, 0]
0.11538461538461539 0.3181818181818182
itercount --------> 5
[7, 3, 0]
[7, 3, 1]
0.3181818181818182 0.5
itercount --------> 6
[3, 0, 1]
[3, 0, 2]
[3, 0, 7]
[3, 0, 5]
[3, 0, 4]
[3, 0, 6]
[3, 0, 1, 2]
[3, 0, 1, 7]
[3, 0, 1, 5]
[3, 0, 1, 4]
[3, 0, 1, 6]
[3, 0, 1, 2, 7]
[3, 0, 1, 2, 5]
[3, 0, 1, 2, 4]
0.5 0.55
itercount --------> 7
[3, 7, 0]
[3, 7, 1]
[3, 7, 2]
[3, 7, 5]
[3, 7, 6]
[3, 7, 4]
[3, 7, 0, 1]
[3, 7, 0, 2]
[3, 7, 0, 5]
[3, 7, 0, 6]
[3, 7, 0, 4]
[3, 7, 0, 1, 2]
[3, 7, 0, 1, 5]
[3, 7, 0, 1, 6]
0.55 0.5789473684210527
itercount --------> 8
[3, 7, 0]
[3, 7, 1]
[3, 7, 2]
[3, 7, 4]
[3, 7, 5]
[3, 7, 6]
[3, 7, 0, 1]
[3, 7, 0, 2]
[3, 7, 0, 4]
[3, 7, 0, 5]
[3, 7, 0, 6]
[3, 7, 0, 1, 2]
[3, 7, 0, 1, 4]
[3, 7, 0, 1, 5]
[3, 7, 0, 1, 6]
[3, 7, 0, 1, 2, 4]
[3, 7, 0, 1, 2, 5]
[3, 7, 0, 1, 2, 6]
[3, 7, 0, 1, 2, 4, 5]
[3, 7, 0, 1, 2, 4, 6]
[3, 7, 0, 1, 2, 4, 5, 6]
failed -> 14 times
after fail n ======> 5
[2, 0, 1, 5, 3]
0.03669724770642202 0.046296296296296294
itercount --------> 1
[2, 1, 0]
0.046296296296296294 0.09876543209876543
itercount --------> 2
[2, 1, 0]
0.09876543209876543 0.13114754098360656
itercount --------> 3
[2, 1, 0]
0.13114754098360656 0.1951219512195122
itercount --------> 4
[1, 2, 0]
[1, 2, 7]
0.1951219512195122 0.3269230769230769
itercount --------> 5
[2, 1, 0]
0.3269230769230769 0.4722222222222222
itercount --------> 6
[0, 1, 2]
[0, 1, 5]
0.4722222222222222 0.5769230769230769
itercount --------> 7
[0, 1, 2]
[0, 1, 5]
0.5769230769230769 0.6818181818181818
itercount --------> 8
[0, 1, 2]
[0, 1, 5]
[0, 1, 4]
[0, 1, 6]
[0, 1, 7]
[0, 1, 3]
[0, 1, 2, 5]
[0, 1, 2, 4]
0.6818181818181818 0.75
itercount --------> 9
[0, 1, 2]
[0, 1, 5]
[0, 1, 6]
[0, 1, 7]
[0, 1, 3]
[0, 1, 4]
[0, 1, 2, 5]
[0, 1, 2, 6]
0.75 0.7894736842105263
itercount --------> 10
[0, 1, 2]
[0, 1, 5]
[0, 1, 7]
[0, 1, 3]
[0, 1, 4]
[0, 1, 6]
[0, 1, 2, 5]
[0, 1, 2, 7]
[0, 1, 2, 3]
[0, 1, 2, 4]
[0, 1, 2, 6]
[0, 1, 2, 5, 7]
[0, 1, 2, 5, 3]
[0, 1, 2, 5, 4]
[0, 1, 2, 5, 6]
[0, 1, 2, 5, 7, 3]
[0, 1, 2, 5, 7, 4]
[0, 1, 2, 5, 7, 6]
[0, 1, 2, 5, 7, 3, 4]
[0, 1, 2, 5, 7, 3, 6]
[0, 1, 2, 5, 7, 3, 4, 6]
failed -> 15 times
after fail n ======> 6
[2, 0, 1, 5, 3, 7]
0.03669724770642202 0.043010752688172046
itercount --------> 1
[0, 2, 1]
[0, 2, 5]
0.043010752688172046 0.05194805194805195
itercount --------> 2
[0, 1, 5]
0.05194805194805195 0.07017543859649122
itercount --------> 3
[0, 2, 5]
0.07017543859649122 0.08888888888888889
itercount --------> 4
[0, 2, 5]
0.08888888888888889 0.0975609756097561
itercount --------> 5
[2, 5, 7]
0.0975609756097561 0.1
itercount --------> 6
[0, 2, 3]
0.1 0.20588235294117646
itercount --------> 7
[0, 2, 1]
0.20588235294117646 0.23333333333333334
itercount --------> 8
[0, 1, 2]
0.23333333333333334 0.2692307692307692
itercount --------> 9
[7, 0, 1]
0.2692307692307692 0.6818181818181818
itercount --------> 10
[0, 1, 2]
[0, 1, 5]
[0, 1, 4]
[0, 1, 6]
[0, 1, 7]
[0, 1, 3]
[0, 1, 2, 5]
[0, 1, 2, 4]
0.6818181818181818 0.75
itercount --------> 11
[0, 1, 2]
[0, 1, 5]
[0, 1, 6]
[0, 1, 7]
[0, 1, 3]
[0, 1, 4]
[0, 1, 2, 5]
[0, 1, 2, 6]
[0, 1, 2, 7]
[0, 1, 2, 3]
[0, 1, 2, 4]
[0, 1, 2, 5, 6]
[0, 1, 2, 5, 7]
[0, 1, 2, 5, 3]
[0, 1, 2, 5, 4]
[0, 1, 2, 5, 6, 7]
0.75 0.7894736842105263
itercount --------> 12
[0, 1, 2]
[0, 1, 5]
[0, 1, 7]
[0, 1, 3]
[0, 1, 4]
[0, 1, 6]
[0, 1, 2, 5]
[0, 1, 2, 7]
[0, 1, 2, 3]
[0, 1, 2, 4]
[0, 1, 2, 6]
[0, 1, 2, 5, 7]
[0, 1, 2, 5, 3]
[0, 1, 2, 5, 4]
[0, 1, 2, 5, 6]
[0, 1, 2, 5, 7, 3]
[0, 1, 2, 5, 7, 4]
[0, 1, 2, 5, 7, 6]
[0, 1, 2, 5, 7, 3, 4]
[0, 1, 2, 5, 7, 3, 6]
[0, 1, 2, 5, 7, 3, 4, 6]
failed -> 16 times
after fail n ======> 7
[2, 0, 1, 5, 3, 7, 4]
0.03669724770642202 0.05555555555555555
itercount --------> 1
[0, 2, 1]
0.05555555555555555 0.07894736842105263
itercount --------> 2
[0, 2, 3]
0.07894736842105263 0.20588235294117646
itercount --------> 3
[0, 2, 7]
0.20588235294117646 0.2619047619047619
itercount --------> 4
[2, 0, 1]
0.2619047619047619 0.4411764705882353
itercount --------> 5
[2, 1, 0]
0.4411764705882353 0.5769230769230769
itercount --------> 6
[2, 0, 1]
[2, 0, 5]
0.5769230769230769 0.6818181818181818
itercount --------> 7
[0, 1, 2]
[0, 1, 5]
[0, 1, 4]
[0, 1, 6]
0.6818181818181818 0.75
itercount --------> 8
[0, 1, 2]
[0, 1, 5]
[0, 1, 4]
[0, 1, 7]
[0, 1, 3]
[0, 1, 6]
[0, 1, 2, 5]
[0, 1, 2, 4]
[0, 1, 2, 7]
[0, 1, 2, 3]
[0, 1, 2, 6]
[0, 1, 2, 5, 4]
0.75 0.7894736842105263
itercount --------> 9
[0, 1, 2]
[0, 1, 5]
[0, 1, 7]
[0, 1, 3]
[0, 1, 4]
[0, 1, 6]
[0, 1, 2, 5]
[0, 1, 2, 7]
[0, 1, 2, 3]
[0, 1, 2, 4]
[0, 1, 2, 6]
[0, 1, 2, 5, 7]
[0, 1, 2, 5, 3]
[0, 1, 2, 5, 4]
[0, 1, 2, 5, 6]
[0, 1, 2, 5, 7, 3]
[0, 1, 2, 5, 7, 4]
[0, 1, 2, 5, 7, 6]
[0, 1, 2, 5, 7, 3, 4]
[0, 1, 2, 5, 7, 3, 6]
[0, 1, 2, 5, 7, 3, 4, 6]
failed -> 17 times
after fail n ======> 8
[2, 0, 1, 5, 3, 7, 4, 6]
0.03669724770642202 0.04838709677419355
itercount --------> 1
[0, 2, 5]
[0, 2, 1]
0.04838709677419355 0.06
itercount --------> 2
[2, 0, 5]
[2, 0, 1]
0.06 0.07894736842105263
itercount --------> 3
[0, 2, 5]
0.07894736842105263 0.08823529411764706
itercount --------> 4
[0, 7, 5]
0.08823529411764706 0.16
itercount --------> 5
[0, 1, 2]
[0, 1, 3]
0.16 0.27586206896551724
itercount --------> 6
[0, 1, 2]
[0, 1, 6]
0.27586206896551724 0.5769230769230769
itercount --------> 7
[0, 1, 2]
[0, 1, 5]
0.5769230769230769 0.6818181818181818
itercount --------> 8
[0, 1, 2]
[0, 1, 5]
[0, 1, 4]
[0, 1, 6]
[0, 1, 7]
[0, 1, 3]
[0, 1, 2, 5]
[0, 1, 2, 4]
[0, 1, 2, 6]
0.6818181818181818 0.75
itercount --------> 9
[0, 1, 2]
[0, 1, 5]
[0, 1, 4]
[0, 1, 7]
[0, 1, 3]
[0, 1, 6]
[0, 1, 2, 5]
[0, 1, 2, 4]
[0, 1, 2, 7]
[0, 1, 2, 3]
[0, 1, 2, 6]
[0, 1, 2, 5, 4]
[0, 1, 2, 5, 7]
[0, 1, 2, 5, 3]
[0, 1, 2, 5, 6]
[0, 1, 2, 5, 4, 7]
[0, 1, 2, 5, 4, 3]
0.75 0.7894736842105263
itercount --------> 10
[0, 1, 2]
[0, 1, 5]
[0, 1, 7]
[0, 1, 3]
[0, 1, 4]
[0, 1, 6]
[0, 1, 2, 5]
[0, 1, 2, 7]
[0, 1, 2, 3]
[0, 1, 2, 4]
[0, 1, 2, 6]
[0, 1, 2, 5, 7]
[0, 1, 2, 5, 3]
[0, 1, 2, 5, 4]
[0, 1, 2, 5, 6]
[0, 1, 2, 5, 7, 3]
[0, 1, 2, 5, 7, 4]
[0, 1, 2, 5, 7, 6]
[0, 1, 2, 5, 7, 3, 4]
[0, 1, 2, 5, 7, 3, 6]
[0, 1, 2, 5, 7, 3, 4, 6]
failed -> 18 times
after fail n ======> 5
[2, 0, 1, 5, 3]
0.03669724770642202 0.04838709677419355
itercount --------> 1
[2, 1, 0]
0.04838709677419355 0.1
itercount --------> 2
[2, 3, 0]
0.1 0.11538461538461539
itercount --------> 3
[3, 7, 0]
[3, 7, 1]
0.11538461538461539 0.3181818181818182
itercount --------> 4
[3, 0, 1]
[3, 0, 2]
[3, 0, 4]
0.3181818181818182 0.35
itercount --------> 5
[3, 6, 7]
[3, 6, 0]
[3, 6, 1]
[3, 6, 2]
[3, 6, 4]
[3, 6, 5]
[3, 6, 7, 0]
[3, 6, 7, 1]
[3, 6, 7, 2]
[3, 6, 7, 4]
[3, 6, 7, 5]
[3, 6, 7, 0, 1]
[3, 6, 7, 0, 2]
[3, 6, 7, 0, 4]
[3, 6, 7, 0, 5]
[3, 6, 7, 0, 1, 2]
0.35 0.375
itercount --------> 6
[4, 3, 7]
[4, 3, 5]
[4, 3, 0]
[4, 3, 1]
[4, 3, 2]
[4, 3, 6]
[4, 3, 7, 5]
0.375 0.4583333333333333
itercount --------> 7
[4, 5, 3]
[4, 5, 7]
[4, 5, 0]
0.4583333333333333 0.55
itercount --------> 8
[3, 4, 0]
[3, 4, 1]
[3, 4, 2]
[3, 4, 5]
[3, 4, 6]
[3, 4, 7]
[3, 4, 0, 1]
[3, 4, 0, 2]
[3, 4, 0, 5]
0.55 0.5714285714285714
itercount --------> 9
[5, 4, 3]
[5, 4, 0]
[5, 4, 1]
[5, 4, 2]
0.5714285714285714 0.631578947368421
itercount --------> 10
[0, 1, 2]
[0, 1, 3]
[0, 1, 4]
[0, 1, 5]
[0, 1, 7]
[0, 1, 6]
0.631578947368421 0.6666666666666666
itercount --------> 11
[0, 1, 2]
[0, 1, 3]
[0, 1, 4]
[0, 1, 5]
[0, 1, 7]
[0, 1, 6]
[0, 1, 2, 3]
[0, 1, 2, 4]
[0, 1, 2, 5]
[0, 1, 2, 7]
[0, 1, 2, 6]
[0, 1, 2, 3, 4]
0.6666666666666666 0.75
itercount --------> 12
[0, 1, 2]
[0, 1, 5]
[0, 1, 7]
[0, 1, 3]
[0, 1, 4]
[0, 1, 6]
[0, 1, 2, 5]
[0, 1, 2, 7]
[0, 1, 2, 3]
[0, 1, 2, 4]
0.75 0.7894736842105263
itercount --------> 13
[0, 1, 2]
[0, 1, 5]
[0, 1, 7]
[0, 1, 3]
[0, 1, 4]
[0, 1, 6]
[0, 1, 2, 5]
[0, 1, 2, 7]
[0, 1, 2, 3]
[0, 1, 2, 4]
[0, 1, 2, 6]
[0, 1, 2, 5, 7]
[0, 1, 2, 5, 3]
[0, 1, 2, 5, 4]
[0, 1, 2, 5, 6]
[0, 1, 2, 5, 7, 3]
[0, 1, 2, 5, 7, 4]
[0, 1, 2, 5, 7, 6]
[0, 1, 2, 5, 7, 3, 4]
[0, 1, 2, 5, 7, 3, 6]
[0, 1, 2, 5, 7, 3, 4, 6]
failed -> 19 times
after fail n ======> 6
[2, 0, 1, 5, 3, 7]
0.03669724770642202 0.125
itercount --------> 1
[0, 1, 2]
0.125 0.225
itercount --------> 2
[5, 0, 1]
0.225 0.2692307692307692
itercount --------> 3
[3, 0, 1]
0.2692307692307692 0.4411764705882353
itercount --------> 4
[0, 1, 2]
[0, 1, 5]
0.4411764705882353 0.5769230769230769
itercount --------> 5
[0, 1, 2]
[0, 1, 5]
[0, 1, 4]
[0, 1, 6]
[0, 1, 3]
[0, 1, 7]
[0, 1, 2, 5]
[0, 1, 2, 4]
0.5769230769230769 0.6818181818181818
itercount --------> 6
[0, 1, 2]
[0, 1, 5]
[0, 1, 6]
[0, 1, 3]
[0, 1, 4]
[0, 1, 7]
[0, 1, 2, 5]
[0, 1, 2, 6]
[0, 1, 2, 3]
[0, 1, 2, 4]
[0, 1, 2, 7]
[0, 1, 2, 5, 6]
0.6818181818181818 0.75
itercount --------> 7
[0, 1, 2]
[0, 1, 5]
[0, 1, 3]
[0, 1, 4]
[0, 1, 6]
[0, 1, 7]
[0, 1, 2, 5]
[0, 1, 2, 3]
[0, 1, 2, 4]
[0, 1, 2, 6]
[0, 1, 2, 7]
[0, 1, 2, 5, 3]
[0, 1, 2, 5, 4]
[0, 1, 2, 5, 6]
[0, 1, 2, 5, 7]
[0, 1, 2, 5, 3, 4]
[0, 1, 2, 5, 3, 6]
[0, 1, 2, 5, 3, 7]
[0, 1, 2, 5, 3, 4, 6]
[0, 1, 2, 5, 3, 4, 7]
[0, 1, 2, 5, 3, 4, 6, 7]
failed -> 20 times
after fail n ======> 7
[2, 0, 1, 5, 3, 7, 4]
0.03669724770642202 0.04838709677419355
itercount --------> 1
[0, 2, 1]
[0, 2, 7]
0.04838709677419355 0.16666666666666666
itercount --------> 2
[2, 1, 3]
0.16666666666666666 0.2692307692307692
itercount --------> 3
[1, 2, 3]
0.2692307692307692 0.4411764705882353
itercount --------> 4
[1, 2, 5]
0.4411764705882353 0.5769230769230769
itercount --------> 5
[1, 2, 5]
[1, 2, 0]
[1, 2, 4]
[1, 2, 6]
0.5769230769230769 0.6818181818181818
itercount --------> 6
[1, 2, 0]
0.6818181818181818 0.75
itercount --------> 7
[0, 1, 2]
[0, 1, 5]
[0, 1, 4]
[0, 1, 7]
[0, 1, 3]
[0, 1, 6]
[0, 1, 2, 5]
[0, 1, 2, 4]
0.75 0.7894736842105263
itercount --------> 8
[0, 1, 2]
[0, 1, 5]
[0, 1, 7]
[0, 1, 3]
[0, 1, 4]
[0, 1, 6]
[0, 1, 2, 5]
[0, 1, 2, 7]
[0, 1, 2, 3]
[0, 1, 2, 4]
[0, 1, 2, 6]
[0, 1, 2, 5, 7]
[0, 1, 2, 5, 3]
[0, 1, 2, 5, 4]
[0, 1, 2, 5, 6]
[0, 1, 2, 5, 7, 3]
[0, 1, 2, 5, 7, 4]
[0, 1, 2, 5, 7, 6]
[0, 1, 2, 5, 7, 3, 4]
[0, 1, 2, 5, 7, 3, 6]
[0, 1, 2, 5, 7, 3, 4, 6]
failed -> 21 times
after fail n ======> 8
[2, 0, 1, 5, 3, 7, 4, 6]
0.03669724770642202 0.05194805194805195
itercount --------> 1
[2, 1, 0]
0.05194805194805195 0.16071428571428573
itercount --------> 2
[5, 2, 1]
0.16071428571428573 0.2692307692307692
itercount --------> 3
[3, 0, 2]
0.2692307692307692 0.3181818181818182
itercount --------> 4
[3, 0, 1]
[3, 0, 2]
[3, 0, 4]
[3, 0, 6]
[3, 0, 7]
[3, 0, 5]
0.3181818181818182 0.4411764705882353
itercount --------> 5
[5, 0, 2]
0.4411764705882353 0.6818181818181818
itercount --------> 6
[0, 1, 2]
[0, 1, 5]
[0, 1, 4]
[0, 1, 6]
[0, 1, 7]
[0, 1, 3]
[0, 1, 2, 5]
[0, 1, 2, 4]
[0, 1, 2, 6]
[0, 1, 2, 7]
[0, 1, 2, 3]
[0, 1, 2, 5, 4]
[0, 1, 2, 5, 6]
[0, 1, 2, 5, 7]
[0, 1, 2, 5, 3]
[0, 1, 2, 5, 4, 6]
[0, 1, 2, 5, 4, 7]
[0, 1, 2, 5, 4, 3]
[0, 1, 2, 5, 4, 6, 7]
[0, 1, 2, 5, 4, 6, 3]
[0, 1, 2, 5, 4, 6, 7, 3]
failed -> 22 times
after fail n ======> 5
[2, 0, 1, 5, 3]
0.03669724770642202 0.046296296296296294
itercount --------> 1
[2, 5, 0]
0.046296296296296294 0.047058823529411764
itercount --------> 2
[2, 5, 0]
0.047058823529411764 0.06557377049180328
itercount --------> 3
[2, 0, 5]
[2, 0, 1]
0.06557377049180328 0.08888888888888889
itercount --------> 4
[2, 0, 5]
[2, 0, 1]
0.08888888888888889 0.12121212121212122
itercount --------> 5
[0, 1, 2]
[0, 1, 5]
[0, 1, 3]
0.12121212121212122 0.13793103448275862
itercount --------> 6
[0, 2, 5]
[0, 2, 1]
[0, 2, 3]
0.13793103448275862 0.2692307692307692
itercount --------> 7
[7, 0, 1]
0.2692307692307692 0.35714285714285715
itercount --------> 8
[5, 1, 0]
0.35714285714285715 0.39473684210526316
itercount --------> 9
[5, 1, 3]
[5, 1, 0]
0.39473684210526316 0.6818181818181818
itercount --------> 10
[0, 1, 2]
[0, 1, 5]
[0, 1, 4]
[0, 1, 6]
[0, 1, 7]
[0, 1, 3]
[0, 1, 2, 5]
[0, 1, 2, 4]
0.6818181818181818 0.75
itercount --------> 11
[0, 1, 2]
[0, 1, 5]
[0, 1, 6]
[0, 1, 7]
[0, 1, 3]
[0, 1, 4]
[0, 1, 2, 5]
[0, 1, 2, 6]
[0, 1, 2, 7]
[0, 1, 2, 3]
[0, 1, 2, 4]
[0, 1, 2, 5, 6]
0.75 0.7894736842105263
itercount --------> 12
[0, 1, 2]
[0, 1, 5]
[0, 1, 7]
[0, 1, 3]
[0, 1, 4]
[0, 1, 6]
[0, 1, 2, 5]
[0, 1, 2, 7]
[0, 1, 2, 3]
[0, 1, 2, 4]
[0, 1, 2, 6]
[0, 1, 2, 5, 7]
[0, 1, 2, 5, 3]
[0, 1, 2, 5, 4]
[0, 1, 2, 5, 6]
[0, 1, 2, 5, 7, 3]
[0, 1, 2, 5, 7, 4]
[0, 1, 2, 5, 7, 6]
[0, 1, 2, 5, 7, 3, 4]
[0, 1, 2, 5, 7, 3, 6]
[0, 1, 2, 5, 7, 3, 4, 6]
failed -> 23 times
after fail n ======> 6
[2, 0, 1, 5, 3, 7]
0.03669724770642202 0.04838709677419355
itercount --------> 1
[2, 0, 1]
0.04838709677419355 0.06521739130434782
itercount --------> 2
[2, 0, 1]
0.06521739130434782 0.08823529411764706
itercount --------> 3
[2, 0, 1]
[2, 0, 3]
[2, 0, 7]
0.08823529411764706 0.13793103448275862
itercount --------> 4
[0, 1, 2]
0.13793103448275862 0.19047619047619047
itercount --------> 5
[0, 1, 2]
[0, 1, 5]
[0, 1, 3]
0.19047619047619047 0.28125
itercount --------> 6
[0, 7, 1]
0.28125 0.32142857142857145
itercount --------> 7
[7, 0, 1]
[7, 0, 2]
0.32142857142857145 0.3541666666666667
itercount --------> 8
[0, 1, 2]
0.3541666666666667 0.425
itercount --------> 9
[0, 1, 2]
[0, 1, 5]
0.425 0.4411764705882353
itercount --------> 10
[0, 1, 2]
[0, 1, 5]
0.4411764705882353 0.5769230769230769
itercount --------> 11
[0, 1, 2]
[0, 1, 5]
[0, 1, 4]
0.5769230769230769 0.6818181818181818
itercount --------> 12
[0, 1, 2]
[0, 1, 5]
[0, 1, 6]
[0, 1, 3]
[0, 1, 4]
[0, 1, 7]
[0, 1, 2, 5]
[0, 1, 2, 6]
0.6818181818181818 0.75
itercount --------> 13
[0, 1, 2]
[0, 1, 5]
[0, 1, 3]
[0, 1, 4]
[0, 1, 6]
[0, 1, 7]
[0, 1, 2, 5]
[0, 1, 2, 3]
[0, 1, 2, 4]
[0, 1, 2, 6]
[0, 1, 2, 7]
[0, 1, 2, 5, 3]
[0, 1, 2, 5, 4]
[0, 1, 2, 5, 6]
[0, 1, 2, 5, 7]
[0, 1, 2, 5, 3, 4]
[0, 1, 2, 5, 3, 6]
[0, 1, 2, 5, 3, 7]
0.75 0.7894736842105263
itercount --------> 14
[0, 1, 2]
[0, 1, 5]
[0, 1, 7]
[0, 1, 3]
[0, 1, 4]
[0, 1, 6]
[0, 1, 2, 5]
[0, 1, 2, 7]
[0, 1, 2, 3]
[0, 1, 2, 4]
[0, 1, 2, 6]
[0, 1, 2, 5, 7]
[0, 1, 2, 5, 3]
[0, 1, 2, 5, 4]
[0, 1, 2, 5, 6]
[0, 1, 2, 5, 7, 3]
[0, 1, 2, 5, 7, 4]
[0, 1, 2, 5, 7, 6]
[0, 1, 2, 5, 7, 3, 4]
[0, 1, 2, 5, 7, 3, 6]
[0, 1, 2, 5, 7, 3, 4, 6]
failed -> 24 times
after fail n ======> 7
[2, 0, 1, 5, 3, 7, 4]
0.03669724770642202 0.05194805194805195
itercount --------> 1
[2, 0, 1]
0.05194805194805195 0.14035087719298245
itercount --------> 2
[1, 2, 5]
0.14035087719298245 0.2692307692307692
itercount --------> 3
[3, 0, 1]
[3, 0, 2]
0.2692307692307692 0.3181818181818182
itercount --------> 4
[3, 0, 1]
0.3181818181818182 0.32608695652173914
itercount --------> 5
[0, 1, 5]
0.32608695652173914 0.5
itercount --------> 6
[1, 0, 2]
0.5 0.6818181818181818
itercount --------> 7
[0, 1, 2]
[0, 1, 5]
[0, 1, 4]
[0, 1, 6]
[0, 1, 7]
[0, 1, 3]
[0, 1, 2, 5]
[0, 1, 2, 4]
0.6818181818181818 0.75
itercount --------> 8
[0, 1, 2]
[0, 1, 5]
[0, 1, 6]
[0, 1, 7]
[0, 1, 3]
[0, 1, 4]
[0, 1, 2, 5]
[0, 1, 2, 6]
[0, 1, 2, 7]
[0, 1, 2, 3]
[0, 1, 2, 4]
[0, 1, 2, 5, 6]
[0, 1, 2, 5, 7]
[0, 1, 2, 5, 3]
[0, 1, 2, 5, 4]
[0, 1, 2, 5, 6, 7]
0.75 0.7894736842105263
itercount --------> 9
[0, 1, 2]
[0, 1, 5]
[0, 1, 7]
[0, 1, 3]
[0, 1, 4]
[0, 1, 6]
[0, 1, 2, 5]
[0, 1, 2, 7]
[0, 1, 2, 3]
[0, 1, 2, 4]
[0, 1, 2, 6]
[0, 1, 2, 5, 7]
[0, 1, 2, 5, 3]
[0, 1, 2, 5, 4]
[0, 1, 2, 5, 6]
[0, 1, 2, 5, 7, 3]
[0, 1, 2, 5, 7, 4]
[0, 1, 2, 5, 7, 6]
[0, 1, 2, 5, 7, 3, 4]
[0, 1, 2, 5, 7, 3, 6]
[0, 1, 2, 5, 7, 3, 4, 6]
failed -> 25 times
after fail n ======> 8
[2, 0, 1, 5, 3, 7, 4, 6]
0.03669724770642202 0.047058823529411764
itercount --------> 1
[2, 5, 0]
0.047058823529411764 0.06
itercount --------> 2
[2, 0, 3]
0.06 0.07228915662650602
itercount --------> 3
[2, 0, 1]
0.07228915662650602 0.1016949152542373
itercount --------> 4
[2, 0, 1]
0.1016949152542373 0.1276595744680851
itercount --------> 5
[2, 0, 1]
0.1276595744680851 0.20689655172413793
itercount --------> 6
[0, 1, 2]
[0, 1, 5]
0.20689655172413793 0.2608695652173913
itercount --------> 7
[0, 1, 2]
[0, 1, 5]
[0, 1, 7]
0.2608695652173913 0.6
itercount --------> 8
[0, 1, 2]
[0, 1, 5]
[0, 1, 4]
[0, 1, 6]
0.6 0.631578947368421
itercount --------> 9
[0, 1, 2]
[0, 1, 5]
[0, 1, 6]
[0, 1, 4]
[0, 1, 7]
[0, 1, 3]
[0, 1, 2, 5]
[0, 1, 2, 6]
[0, 1, 2, 4]
[0, 1, 2, 7]
[0, 1, 2, 3]
[0, 1, 2, 5, 6]
[0, 1, 2, 5, 4]
0.631578947368421 0.6666666666666666
itercount --------> 10
[0, 1, 2]
[0, 1, 4]
[0, 1, 6]
[0, 1, 5]
[0, 1, 7]
[0, 1, 3]
[0, 1, 2, 4]
[0, 1, 2, 6]
[0, 1, 2, 5]
[0, 1, 2, 7]
[0, 1, 2, 3]
[0, 1, 2, 4, 6]
0.6666666666666666 0.7894736842105263
itercount --------> 11
[0, 1, 2]
[0, 1, 5]
[0, 1, 7]
[0, 1, 3]
[0, 1, 4]
[0, 1, 6]
[0, 1, 2, 5]
[0, 1, 2, 7]
[0, 1, 2, 3]
[0, 1, 2, 4]
[0, 1, 2, 6]
[0, 1, 2, 5, 7]
[0, 1, 2, 5, 3]
[0, 1, 2, 5, 4]
[0, 1, 2, 5, 6]
[0, 1, 2, 5, 7, 3]
[0, 1, 2, 5, 7, 4]
[0, 1, 2, 5, 7, 6]
[0, 1, 2, 5, 7, 3, 4]
[0, 1, 2, 5, 7, 3, 6]
[0, 1, 2, 5, 7, 3, 4, 6]
failed -> 26 times
after fail n ======> 5
[2, 0, 1, 5, 3]
0.03669724770642202 0.06557377049180328
itercount --------> 1
[2, 5, 0]
[2, 5, 1]
[2, 5, 3]
0.06557377049180328 0.08333333333333333
itercount --------> 2
[2, 0, 1]
0.08333333333333333 0.1951219512195122
itercount --------> 3
[2, 0, 1]
[2, 0, 7]
0.1951219512195122 0.325
itercount --------> 4
[2, 0, 1]
0.325 0.4722222222222222
itercount --------> 5
[2, 0, 1]
[2, 0, 5]
0.4722222222222222 0.5769230769230769
itercount --------> 6
[0, 1, 2]
[0, 1, 5]
0.5769230769230769 0.6818181818181818
itercount --------> 7
[0, 1, 2]
[0, 1, 5]
[0, 1, 4]
[0, 1, 6]
0.6818181818181818 0.75
itercount --------> 8
[0, 1, 2]
[0, 1, 5]
[0, 1, 4]
[0, 1, 7]
[0, 1, 3]
[0, 1, 6]
[0, 1, 2, 5]
[0, 1, 2, 4]
0.75 0.7894736842105263
itercount --------> 9
[0, 1, 2]
[0, 1, 5]
[0, 1, 7]
[0, 1, 3]
[0, 1, 4]
[0, 1, 6]
[0, 1, 2, 5]
[0, 1, 2, 7]
[0, 1, 2, 3]
[0, 1, 2, 4]
[0, 1, 2, 6]
[0, 1, 2, 5, 7]
[0, 1, 2, 5, 3]
[0, 1, 2, 5, 4]
[0, 1, 2, 5, 6]
[0, 1, 2, 5, 7, 3]
[0, 1, 2, 5, 7, 4]
[0, 1, 2, 5, 7, 6]
[0, 1, 2, 5, 7, 3, 4]
[0, 1, 2, 5, 7, 3, 6]
[0, 1, 2, 5, 7, 3, 4, 6]
failed -> 27 times
after fail n ======> 6
[2, 0, 1, 5, 3, 7]
0.03669724770642202 0.05194805194805195
itercount --------> 1
[2, 5, 1]
0.05194805194805195 0.07547169811320754
itercount --------> 2
[2, 0, 1]
[2, 0, 5]
0.07547169811320754 0.07894736842105263
itercount --------> 3
[2, 0, 1]
0.07894736842105263 0.08823529411764706
itercount --------> 4
[2, 5, 0]
0.08823529411764706 0.10810810810810811
itercount --------> 5
[2, 5, 7]
[2, 5, 3]
0.10810810810810811 0.23333333333333334
itercount --------> 6
[2, 0, 1]
0.23333333333333334 0.2692307692307692
itercount --------> 7
[7, 0, 1]
0.2692307692307692 0.38095238095238093
itercount --------> 8
[0, 1, 2]
[0, 1, 5]
[0, 1, 7]
0.38095238095238093 0.6818181818181818
itercount --------> 9
[0, 1, 2]
[0, 1, 5]
[0, 1, 4]
[0, 1, 6]
0.6818181818181818 0.75
itercount --------> 10
[0, 1, 2]
[0, 1, 5]
[0, 1, 4]
[0, 1, 7]
[0, 1, 3]
[0, 1, 6]
[0, 1, 2, 5]
[0, 1, 2, 4]
[0, 1, 2, 7]
[0, 1, 2, 3]
[0, 1, 2, 6]
[0, 1, 2, 5, 4]
0.75 0.7894736842105263
itercount --------> 11
[0, 1, 2]
[0, 1, 5]
[0, 1, 7]
[0, 1, 3]
[0, 1, 4]
[0, 1, 6]
[0, 1, 2, 5]
[0, 1, 2, 7]
[0, 1, 2, 3]
[0, 1, 2, 4]
[0, 1, 2, 6]
[0, 1, 2, 5, 7]
[0, 1, 2, 5, 3]
[0, 1, 2, 5, 4]
[0, 1, 2, 5, 6]
[0, 1, 2, 5, 7, 3]
[0, 1, 2, 5, 7, 4]
[0, 1, 2, 5, 7, 6]
[0, 1, 2, 5, 7, 3, 4]
[0, 1, 2, 5, 7, 3, 6]
[0, 1, 2, 5, 7, 3, 4, 6]
failed -> 28 times
after fail n ======> 7
[2, 0, 1, 5, 3, 7, 4]
0.03669724770642202 0.038461538461538464
itercount --------> 1
[0, 5, 1]
[0, 5, 2]
0.038461538461538464 0.06521739130434782
itercount --------> 2
[4, 5, 1]
[4, 5, 0]
0.06521739130434782 0.07547169811320754
itercount --------> 3
[0, 2, 1]
0.07547169811320754 0.10810810810810811
itercount --------> 4
[0, 1, 2]
0.10810810810810811 0.12121212121212122
itercount --------> 5
[0, 5, 1]
0.12121212121212122 0.13953488372093023
itercount --------> 6
[5, 0, 1]
0.13953488372093023 0.1935483870967742
itercount --------> 7
[5, 0, 1]
[5, 0, 2]
[5, 0, 4]
[5, 0, 3]
0.1935483870967742 0.2127659574468085
itercount --------> 8
[0, 1, 2]
[0, 1, 5]
[0, 1, 4]
0.2127659574468085 0.3541666666666667
itercount --------> 9
[5, 0, 1]
[5, 0, 2]
0.3541666666666667 0.4411764705882353
itercount --------> 10
[0, 1, 2]
[0, 1, 5]
[0, 1, 3]
[0, 1, 4]
0.4411764705882353 0.5769230769230769
itercount --------> 11
[0, 1, 2]
[0, 1, 5]
[0, 1, 3]
[0, 1, 6]
[0, 1, 4]
[0, 1, 7]
[0, 1, 2, 5]
[0, 1, 2, 3]
[0, 1, 2, 6]
[0, 1, 2, 4]
[0, 1, 2, 7]
[0, 1, 2, 5, 3]
0.5769230769230769 0.6818181818181818
itercount --------> 12
[0, 1, 2]
[0, 1, 5]
[0, 1, 6]
[0, 1, 3]
[0, 1, 4]
[0, 1, 7]
[0, 1, 2, 5]
[0, 1, 2, 6]
[0, 1, 2, 3]
[0, 1, 2, 4]
[0, 1, 2, 7]
[0, 1, 2, 5, 6]
[0, 1, 2, 5, 3]
[0, 1, 2, 5, 4]
[0, 1, 2, 5, 7]
[0, 1, 2, 5, 6, 3]
[0, 1, 2, 5, 6, 4]
[0, 1, 2, 5, 6, 7]
[0, 1, 2, 5, 6, 3, 4]
[0, 1, 2, 5, 6, 3, 7]
[0, 1, 2, 5, 6, 3, 4, 7]
failed -> 29 times
after fail n ======> 8
[2, 0, 1, 5, 3, 7, 4, 6]
0.03669724770642202 0.05194805194805195
itercount --------> 1
[2, 1, 0]
[2, 1, 5]
[2, 1, 3]
0.05194805194805195 0.06578947368421052
itercount --------> 2
[2, 1, 0]
0.06578947368421052 0.11363636363636363
itercount --------> 3
[2, 0, 1]
0.11363636363636363 0.325
itercount --------> 4
[2, 0, 1]
0.325 0.4722222222222222
itercount --------> 5
[2, 0, 1]
[2, 0, 5]
0.4722222222222222 0.6818181818181818
itercount --------> 6
[0, 1, 2]
[0, 1, 5]
[0, 1, 4]
0.6818181818181818 0.75
itercount --------> 7
[0, 1, 2]
[0, 1, 5]
[0, 1, 6]
[0, 1, 7]
[0, 1, 3]
[0, 1, 4]
[0, 1, 2, 5]
[0, 1, 2, 6]
[0, 1, 2, 7]
[0, 1, 2, 3]
[0, 1, 2, 4]
[0, 1, 2, 5, 6]
[0, 1, 2, 5, 7]
[0, 1, 2, 5, 3]
[0, 1, 2, 5, 4]
[0, 1, 2, 5, 6, 7]
[0, 1, 2, 5, 6, 3]
0.75 0.7894736842105263
itercount --------> 8
[0, 1, 2]
[0, 1, 5]
[0, 1, 7]
[0, 1, 3]
[0, 1, 4]
[0, 1, 6]
[0, 1, 2, 5]
[0, 1, 2, 7]
[0, 1, 2, 3]
[0, 1, 2, 4]
[0, 1, 2, 6]
[0, 1, 2, 5, 7]
[0, 1, 2, 5, 3]
[0, 1, 2, 5, 4]
[0, 1, 2, 5, 6]
[0, 1, 2, 5, 7, 3]
[0, 1, 2, 5, 7, 4]
[0, 1, 2, 5, 7, 6]
[0, 1, 2, 5, 7, 3, 4]
[0, 1, 2, 5, 7, 3, 6]
[0, 1, 2, 5, 7, 3, 4, 6]
failed -> 30 times
after fail n ======> 5
[2, 0, 1, 5, 3]
0.03669724770642202 0.06557377049180328
itercount --------> 1
[2, 5, 0]
0.06557377049180328 0.08888888888888889
itercount --------> 2
[2, 5, 0]
[2, 5, 1]
0.08888888888888889 0.1
itercount --------> 3
[0, 1, 2]
[0, 1, 3]
0.1 0.23333333333333334
itercount --------> 4
[0, 1, 2]
[0, 1, 7]
0.23333333333333334 0.5769230769230769
itercount --------> 5
[0, 1, 2]
[0, 1, 5]
0.5769230769230769 0.6818181818181818
itercount --------> 6
[0, 1, 2]
[0, 1, 5]
[0, 1, 4]
[0, 1, 6]
0.6818181818181818 0.75
itercount --------> 7
[0, 1, 2]
[0, 1, 5]
[0, 1, 4]
[0, 1, 7]
[0, 1, 3]
[0, 1, 6]
[0, 1, 2, 5]
[0, 1, 2, 4]
0.75 0.7894736842105263
itercount --------> 8
[0, 1, 2]
[0, 1, 5]
[0, 1, 7]
[0, 1, 3]
[0, 1, 4]
[0, 1, 6]
[0, 1, 2, 5]
[0, 1, 2, 7]
[0, 1, 2, 3]
[0, 1, 2, 4]
[0, 1, 2, 6]
[0, 1, 2, 5, 7]
[0, 1, 2, 5, 3]
[0, 1, 2, 5, 4]
[0, 1, 2, 5, 6]
[0, 1, 2, 5, 7, 3]
[0, 1, 2, 5, 7, 4]
[0, 1, 2, 5, 7, 6]
[0, 1, 2, 5, 7, 3, 4]
[0, 1, 2, 5, 7, 3, 6]
[0, 1, 2, 5, 7, 3, 4, 6]
failed -> 31 times
after fail n ======> 6
[2, 0, 1, 5, 3, 7]
0.03669724770642202 0.0660377358490566
itercount --------> 1
[2, 0, 1]
0.0660377358490566 0.16666666666666666
itercount --------> 2
[2, 0, 1]
0.16666666666666666 0.20588235294117646
itercount --------> 3
[0, 1, 2]
[0, 1, 5]
[0, 1, 7]
[0, 1, 3]
[0, 1, 4]
[0, 1, 6]
[0, 1, 2, 5]
[0, 1, 2, 7]
0.20588235294117646 0.4411764705882353
itercount --------> 4
[0, 1, 2]
[0, 1, 5]
[0, 1, 3]
0.4411764705882353 0.5769230769230769
itercount --------> 5
[0, 1, 2]
[0, 1, 5]
[0, 1, 4]
[0, 1, 6]
[0, 1, 3]
[0, 1, 7]
[0, 1, 2, 5]
[0, 1, 2, 4]
0.5769230769230769 0.6818181818181818
itercount --------> 6
[0, 1, 2]
[0, 1, 5]
[0, 1, 6]
[0, 1, 3]
[0, 1, 4]
[0, 1, 7]
[0, 1, 2, 5]
[0, 1, 2, 6]
[0, 1, 2, 3]
[0, 1, 2, 4]
[0, 1, 2, 7]
[0, 1, 2, 5, 6]
[0, 1, 2, 5, 3]
[0, 1, 2, 5, 4]
[0, 1, 2, 5, 7]
[0, 1, 2, 5, 6, 3]
[0, 1, 2, 5, 6, 4]
[0, 1, 2, 5, 6, 7]
[0, 1, 2, 5, 6, 3, 4]
[0, 1, 2, 5, 6, 3, 7]
[0, 1, 2, 5, 6, 3, 4, 7]
failed -> 32 times
after fail n ======> 7
[2, 0, 1, 5, 3, 7, 4]
0.03669724770642202 0.04285714285714286
itercount --------> 1
[0, 2, 5]
0.04285714285714286 0.04838709677419355
itercount --------> 2
[0, 2, 5]
0.04838709677419355 0.05128205128205128
itercount --------> 3
[0, 2, 1]
0.05128205128205128 0.05714285714285714
itercount --------> 4
[0, 2, 1]
0.05714285714285714 0.06060606060606061
itercount --------> 5
[2, 0, 3]
0.06060606060606061 0.06896551724137931
itercount --------> 6
[0, 2, 3]
0.06896551724137931 0.07407407407407407
itercount --------> 7
[0, 2, 5]
[0, 2, 1]
[0, 2, 3]
0.07407407407407407 0.10256410256410256
itercount --------> 8
[0, 2, 1]
0.10256410256410256 0.12121212121212122
itercount --------> 9
[2, 0, 1]
0.12121212121212122 0.12903225806451613
itercount --------> 10
[0, 2, 1]
[0, 2, 5]
0.12903225806451613 0.1388888888888889
itercount --------> 11
[2, 0, 4]
[2, 0, 1]
[2, 0, 5]
[2, 0, 7]
0.1388888888888889 0.27586206896551724
itercount --------> 12
[2, 4, 0]
0.27586206896551724 0.40625
itercount --------> 13
[2, 5, 0]
0.40625 0.6818181818181818
itercount --------> 14
[0, 1, 2]
[0, 1, 5]
[0, 1, 4]
[0, 1, 6]
[0, 1, 7]
[0, 1, 3]
[0, 1, 2, 5]
[0, 1, 2, 4]
0.6818181818181818 0.75
itercount --------> 15
[0, 1, 2]
[0, 1, 5]
[0, 1, 6]
[0, 1, 7]
[0, 1, 3]
[0, 1, 4]
[0, 1, 2, 5]
[0, 1, 2, 6]
[0, 1, 2, 7]
[0, 1, 2, 3]
[0, 1, 2, 4]
[0, 1, 2, 5, 6]
0.75 0.7894736842105263
itercount --------> 16
[0, 1, 2]
[0, 1, 5]
[0, 1, 7]
[0, 1, 3]
[0, 1, 4]
[0, 1, 6]
[0, 1, 2, 5]
[0, 1, 2, 7]
[0, 1, 2, 3]
[0, 1, 2, 4]
[0, 1, 2, 6]
[0, 1, 2, 5, 7]
[0, 1, 2, 5, 3]
[0, 1, 2, 5, 4]
[0, 1, 2, 5, 6]
[0, 1, 2, 5, 7, 3]
[0, 1, 2, 5, 7, 4]
[0, 1, 2, 5, 7, 6]
[0, 1, 2, 5, 7, 3, 4]
[0, 1, 2, 5, 7, 3, 6]
[0, 1, 2, 5, 7, 3, 4, 6]
failed -> 33 times
after fail n ======> 8
[2, 0, 1, 5, 3, 7, 4, 6]
0.03669724770642202 0.05194805194805195
itercount --------> 1
[2, 0, 1]
0.05194805194805195 0.21621621621621623
itercount --------> 2
[2, 5, 0]
[2, 5, 1]
0.21621621621621623 0.2692307692307692
itercount --------> 3
[3, 0, 2]
0.2692307692307692 0.2894736842105263
itercount --------> 4
[0, 2, 1]
0.2894736842105263 0.36666666666666664
itercount --------> 5
[2, 3, 0]
[2, 3, 1]
[2, 3, 5]
0.36666666666666664 0.4230769230769231
itercount --------> 6
[0, 2, 3]
[0, 2, 7]
[0, 2, 1]
0.4230769230769231 0.5
itercount --------> 7
[7, 3, 0]
[7, 3, 1]
0.5 0.5714285714285714
itercount --------> 8
[0, 1, 2]
[0, 1, 5]
[0, 1, 3]
[0, 1, 7]
[0, 1, 4]
[0, 1, 6]
[0, 1, 2, 5]
[0, 1, 2, 3]
[0, 1, 2, 7]
[0, 1, 2, 4]
[0, 1, 2, 6]
[0, 1, 2, 5, 3]
[0, 1, 2, 5, 7]
[0, 1, 2, 5, 4]
[0, 1, 2, 5, 6]
[0, 1, 2, 5, 3, 7]
[0, 1, 2, 5, 3, 4]
[0, 1, 2, 5, 3, 6]
0.5714285714285714 0.631578947368421
itercount --------> 9
[0, 1, 2]
[0, 1, 3]
[0, 1, 5]
[0, 1, 7]
[0, 1, 4]
[0, 1, 6]
[0, 1, 2, 3]
[0, 1, 2, 5]
[0, 1, 2, 7]
[0, 1, 2, 4]
[0, 1, 2, 6]
[0, 1, 2, 3, 5]
[0, 1, 2, 3, 7]
0.631578947368421 0.75
itercount --------> 10
[0, 1, 2]
[0, 1, 5]
[0, 1, 4]
[0, 1, 7]
[0, 1, 3]
[0, 1, 6]
[0, 1, 2, 5]
[0, 1, 2, 4]
[0, 1, 2, 7]
[0, 1, 2, 3]
[0, 1, 2, 6]
[0, 1, 2, 5, 4]
[0, 1, 2, 5, 7]
[0, 1, 2, 5, 3]
[0, 1, 2, 5, 6]
[0, 1, 2, 5, 4, 7]
[0, 1, 2, 5, 4, 3]
[0, 1, 2, 5, 4, 6]
[0, 1, 2, 5, 4, 7, 3]
[0, 1, 2, 5, 4, 7, 6]
[0, 1, 2, 5, 4, 7, 3, 6]
failed -> 34 times
after fail n ======> 5
[2, 0, 1, 5, 3]
0.03669724770642202 0.04838709677419355
itercount --------> 1
[2, 1, 0]
[2, 1, 3]
0.04838709677419355 0.0945945945945946
itercount --------> 2
[2, 1, 0]
0.0945945945945946 0.1206896551724138
itercount --------> 3
[2, 0, 1]
0.1206896551724138 0.16666666666666666
itercount --------> 4
[2, 0, 1]
0.16666666666666666 0.20588235294117646
itercount --------> 5
[0, 1, 2]
[0, 1, 7]
0.20588235294117646 0.4411764705882353
itercount --------> 6
[1, 2, 0]
0.4411764705882353 0.5769230769230769
itercount --------> 7
[0, 1, 2]
[0, 1, 5]
0.5769230769230769 0.6818181818181818
itercount --------> 8
[0, 1, 2]
[0, 1, 5]
[0, 1, 4]
[0, 1, 6]
0.6818181818181818 0.75
itercount --------> 9
[0, 1, 2]
[0, 1, 5]
[0, 1, 4]
[0, 1, 7]
[0, 1, 3]
[0, 1, 6]
[0, 1, 2, 5]
[0, 1, 2, 4]
[0, 1, 2, 7]
[0, 1, 2, 3]
[0, 1, 2, 6]
[0, 1, 2, 5, 4]
0.75 0.7894736842105263
itercount --------> 10
[0, 1, 2]
[0, 1, 5]
[0, 1, 7]
[0, 1, 3]
[0, 1, 4]
[0, 1, 6]
[0, 1, 2, 5]
[0, 1, 2, 7]
[0, 1, 2, 3]
[0, 1, 2, 4]
[0, 1, 2, 6]
[0, 1, 2, 5, 7]
[0, 1, 2, 5, 3]
[0, 1, 2, 5, 4]
[0, 1, 2, 5, 6]
[0, 1, 2, 5, 7, 3]
[0, 1, 2, 5, 7, 4]
[0, 1, 2, 5, 7, 6]
[0, 1, 2, 5, 7, 3, 4]
[0, 1, 2, 5, 7, 3, 6]
[0, 1, 2, 5, 7, 3, 4, 6]
failed -> 35 times
after fail n ======> 6
[2, 0, 1, 5, 3, 7]
0.03669724770642202 0.05194805194805195
itercount --------> 1
[2, 0, 1]
0.05194805194805195 0.08888888888888889
itercount --------> 2
[2, 0, 1]
0.08888888888888889 0.10810810810810811
itercount --------> 3
[5, 7, 0]
0.10810810810810811 0.28125
itercount --------> 4
[5, 3, 7]
0.28125 0.29545454545454547
itercount --------> 5
[5, 0, 1]
0.29545454545454547 0.36666666666666664
itercount --------> 6
[1, 2, 0]
0.36666666666666664 0.4230769230769231
itercount --------> 7
[0, 1, 2]
[0, 1, 5]
[0, 1, 7]
[0, 1, 3]
[0, 1, 4]
0.4230769230769231 0.5
itercount --------> 8
[7, 0, 1]
[7, 0, 2]
[7, 0, 3]
0.5 0.6818181818181818
itercount --------> 9
[0, 1, 2]
[0, 1, 5]
[0, 1, 3]
[0, 1, 6]
[0, 1, 7]
[0, 1, 4]
[0, 1, 2, 5]
[0, 1, 2, 3]
[0, 1, 2, 6]
[0, 1, 2, 7]
[0, 1, 2, 4]
[0, 1, 2, 5, 3]
[0, 1, 2, 5, 6]
[0, 1, 2, 5, 7]
[0, 1, 2, 5, 4]
[0, 1, 2, 5, 3, 6]
[0, 1, 2, 5, 3, 7]
[0, 1, 2, 5, 3, 4]
[0, 1, 2, 5, 3, 6, 7]
[0, 1, 2, 5, 3, 6, 4]
[0, 1, 2, 5, 3, 6, 7, 4]
failed -> 36 times
after fail n ======> 7
[2, 0, 1, 5, 3, 7, 4]
0.03669724770642202 0.05555555555555555
itercount --------> 1
[2, 5, 0]
0.05555555555555555 0.06521739130434782
itercount --------> 2
[2, 5, 0]
0.06521739130434782 0.07407407407407407
itercount --------> 3
[2, 3, 0]
0.07407407407407407 0.12121212121212122
itercount --------> 4
[2, 0, 1]
0.12121212121212122 0.12903225806451613
itercount --------> 5
[2, 0, 1]
[2, 0, 3]
[2, 0, 5]
[2, 0, 4]
0.12903225806451613 0.2692307692307692
itercount --------> 6
[7, 0, 1]
0.2692307692307692 0.35714285714285715
itercount --------> 7
[1, 2, 0]
0.35714285714285715 0.4230769230769231
itercount --------> 8
[2, 0, 1]
0.4230769230769231 0.4411764705882353
itercount --------> 9
[2, 0, 1]
0.4411764705882353 0.5769230769230769
itercount --------> 10
[2, 0, 1]
0.5769230769230769 0.6818181818181818
itercount --------> 11
[0, 1, 2]
[0, 1, 5]
[0, 1, 4]
0.6818181818181818 0.75
itercount --------> 12
[0, 1, 2]
[0, 1, 5]
[0, 1, 6]
[0, 1, 7]
[0, 1, 3]
[0, 1, 4]
[0, 1, 2, 5]
[0, 1, 2, 6]
[0, 1, 2, 7]
[0, 1, 2, 3]
[0, 1, 2, 4]
[0, 1, 2, 5, 6]
0.75 0.7894736842105263
itercount --------> 13
[0, 1, 2]
[0, 1, 5]
[0, 1, 7]
[0, 1, 3]
[0, 1, 4]
[0, 1, 6]
[0, 1, 2, 5]
[0, 1, 2, 7]
[0, 1, 2, 3]
[0, 1, 2, 4]
[0, 1, 2, 6]
[0, 1, 2, 5, 7]
[0, 1, 2, 5, 3]
[0, 1, 2, 5, 4]
[0, 1, 2, 5, 6]
[0, 1, 2, 5, 7, 3]
[0, 1, 2, 5, 7, 4]
[0, 1, 2, 5, 7, 6]
[0, 1, 2, 5, 7, 3, 4]
[0, 1, 2, 5, 7, 3, 6]
[0, 1, 2, 5, 7, 3, 4, 6]
failed -> 37 times
after fail n ======> 8
[2, 0, 1, 5, 3, 7, 4, 6]
0.03669724770642202 0.046296296296296294
itercount --------> 1
[2, 0, 1]
0.046296296296296294 0.09876543209876543
itercount --------> 2
[2, 0, 1]
0.09876543209876543 0.1951219512195122
itercount --------> 3
[0, 2, 1]
[0, 2, 7]
0.1951219512195122 0.3269230769230769
itercount --------> 4
[2, 0, 1]
0.3269230769230769 0.4722222222222222
itercount --------> 5
[0, 1, 2]
[0, 1, 5]
0.4722222222222222 0.5769230769230769
itercount --------> 6
[0, 1, 2]
[0, 1, 5]
0.5769230769230769 0.6818181818181818
itercount --------> 7
[0, 1, 2]
[0, 1, 5]
[0, 1, 4]
[0, 1, 6]
0.6818181818181818 0.75
itercount --------> 8
[0, 1, 2]
[0, 1, 5]
[0, 1, 4]
[0, 1, 7]
[0, 1, 3]
[0, 1, 6]
[0, 1, 2, 5]
[0, 1, 2, 4]
0.75 0.7894736842105263
itercount --------> 9
[0, 1, 2]
[0, 1, 5]
[0, 1, 7]
[0, 1, 3]
[0, 1, 4]
[0, 1, 6]
[0, 1, 2, 5]
[0, 1, 2, 7]
[0, 1, 2, 3]
[0, 1, 2, 4]
[0, 1, 2, 6]
[0, 1, 2, 5, 7]
[0, 1, 2, 5, 3]
[0, 1, 2, 5, 4]
[0, 1, 2, 5, 6]
[0, 1, 2, 5, 7, 3]
[0, 1, 2, 5, 7, 4]
[0, 1, 2, 5, 7, 6]
[0, 1, 2, 5, 7, 3, 4]
[0, 1, 2, 5, 7, 3, 6]
[0, 1, 2, 5, 7, 3, 4, 6]
failed -> 38 times
after fail n ======> 5
[2, 0, 1, 5, 3]
0.03669724770642202 0.04838709677419355
itercount --------> 1
[2, 1, 0]
0.04838709677419355 0.06521739130434782
itercount --------> 2
[2, 1, 0]
0.06521739130434782 0.08823529411764706
itercount --------> 3
[2, 1, 0]
0.08823529411764706 0.11538461538461539
itercount --------> 4
[3, 7, 0]
0.11538461538461539 0.3181818181818182
itercount --------> 5
[3, 0, 1]
0.3181818181818182 0.4230769230769231
itercount --------> 6
[0, 1, 2]
[0, 1, 3]
[0, 1, 7]
[0, 1, 5]
0.4230769230769231 0.5
itercount --------> 7
[7, 3, 0]
0.5 0.5714285714285714
itercount --------> 8
[0, 1, 2]
[0, 1, 5]
[0, 1, 3]
[0, 1, 7]
[0, 1, 4]
0.5714285714285714 0.631578947368421
itercount --------> 9
[0, 1, 2]
[0, 1, 3]
[0, 1, 5]
[0, 1, 7]
[0, 1, 4]
[0, 1, 6]
[0, 1, 2, 3]
[0, 1, 2, 5]
[0, 1, 2, 7]
[0, 1, 2, 4]
[0, 1, 2, 6]
[0, 1, 2, 3, 5]
[0, 1, 2, 3, 7]
0.631578947368421 0.75
itercount --------> 10
[0, 1, 2]
[0, 1, 5]
[0, 1, 6]
0.75 0.7894736842105263
itercount --------> 11
[0, 1, 2]
[0, 1, 5]
[0, 1, 7]
[0, 1, 3]
[0, 1, 4]
[0, 1, 6]
[0, 1, 2, 5]
[0, 1, 2, 7]
[0, 1, 2, 3]
[0, 1, 2, 4]
[0, 1, 2, 6]
[0, 1, 2, 5, 7]
[0, 1, 2, 5, 3]
[0, 1, 2, 5, 4]
[0, 1, 2, 5, 6]
[0, 1, 2, 5, 7, 3]
[0, 1, 2, 5, 7, 4]
[0, 1, 2, 5, 7, 6]
[0, 1, 2, 5, 7, 3, 4]
[0, 1, 2, 5, 7, 3, 6]
[0, 1, 2, 5, 7, 3, 4, 6]
failed -> 39 times
after fail n ======> 6
[2, 0, 1, 5, 3, 7]
0.03669724770642202 0.05194805194805195
itercount --------> 1
[2, 5, 0]
0.05194805194805195 0.05555555555555555
itercount --------> 2
[2, 1, 0]
0.05555555555555555 0.07894736842105263
itercount --------> 3
[2, 0, 1]
0.07894736842105263 0.1
itercount --------> 4
[0, 1, 2]
[0, 1, 3]
0.1 0.16666666666666666
itercount --------> 5
[0, 2, 1]
0.16666666666666666 0.23333333333333334
itercount --------> 6
[0, 1, 2]
[0, 1, 7]
[0, 1, 5]
0.23333333333333334 0.2692307692307692
itercount --------> 7
[7, 0, 1]
0.2692307692307692 0.6818181818181818
itercount --------> 8
[0, 1, 2]
[0, 1, 5]
[0, 1, 4]
[0, 1, 6]
[0, 1, 7]
[0, 1, 3]
[0, 1, 2, 5]
[0, 1, 2, 4]
[0, 1, 2, 6]
0.6818181818181818 0.75
itercount --------> 9
[0, 1, 2]
[0, 1, 5]
[0, 1, 4]
[0, 1, 7]
[0, 1, 3]
[0, 1, 6]
[0, 1, 2, 5]
[0, 1, 2, 4]
[0, 1, 2, 7]
[0, 1, 2, 3]
[0, 1, 2, 6]
[0, 1, 2, 5, 4]
[0, 1, 2, 5, 7]
[0, 1, 2, 5, 3]
[0, 1, 2, 5, 6]
[0, 1, 2, 5, 4, 7]
[0, 1, 2, 5, 4, 3]
[0, 1, 2, 5, 4, 6]
[0, 1, 2, 5, 4, 7, 3]
[0, 1, 2, 5, 4, 7, 6]
[0, 1, 2, 5, 4, 7, 3, 6]
failed -> 40 times
after fail n ======> 7
[2, 0, 1, 5, 3, 7, 4]
0.03669724770642202 0.05555555555555555
itercount --------> 1
[2, 0, 1]
0.05555555555555555 0.06521739130434782
itercount --------> 2
[2, 1, 3]
[2, 1, 5]
0.06521739130434782 0.1
itercount --------> 3
[2, 3, 0]
0.1 0.11538461538461539
itercount --------> 4
[3, 7, 0]
0.11538461538461539 0.3181818181818182
itercount --------> 5
[3, 0, 1]
[3, 0, 2]
[3, 0, 4]
[3, 0, 6]
[3, 0, 7]
[3, 0, 5]
[3, 0, 1, 2]
[3, 0, 1, 4]
0.3181818181818182 0.35
itercount --------> 6
[3, 6, 7]
[3, 6, 0]
[3, 6, 1]
[3, 6, 2]
[3, 6, 4]
[3, 6, 5]
0.35 0.3684210526315789
itercount --------> 7
[3, 7, 4]
[3, 7, 6]
[3, 7, 0]
0.3684210526315789 0.4
itercount --------> 8
[3, 2, 4]
[3, 2, 6]
[3, 2, 0]
[3, 2, 1]
0.4 0.4444444444444444
itercount --------> 9
[0, 1, 2]
[0, 1, 3]
[0, 1, 5]
[0, 1, 7]
[0, 1, 4]
[0, 1, 6]
[0, 1, 2, 3]
[0, 1, 2, 5]
[0, 1, 2, 7]
[0, 1, 2, 4]
[0, 1, 2, 6]
[0, 1, 2, 3, 5]
[0, 1, 2, 3, 7]
[0, 1, 2, 3, 4]
0.4444444444444444 0.45
itercount --------> 10
[3, 6, 7]
[3, 6, 0]
[3, 6, 1]
[3, 6, 2]
[3, 6, 4]
[3, 6, 5]
[3, 6, 7, 0]
0.45 0.55
itercount --------> 11
[3, 6, 0]
[3, 6, 1]
[3, 6, 2]
0.55 0.5714285714285714
itercount --------> 12
[2, 0, 1]
[2, 0, 3]
[2, 0, 5]
[2, 0, 6]
0.5714285714285714 0.631578947368421
itercount --------> 13
[0, 1, 2]
[0, 1, 3]
[0, 1, 5]
[0, 1, 6]
[0, 1, 7]
[0, 1, 4]
[0, 1, 2, 3]
[0, 1, 2, 5]
[0, 1, 2, 6]
[0, 1, 2, 7]
[0, 1, 2, 4]
[0, 1, 2, 3, 5]
[0, 1, 2, 3, 6]
0.631578947368421 0.75
itercount --------> 14
[0, 1, 2]
[0, 1, 5]
[0, 1, 4]
[0, 1, 7]
[0, 1, 3]
[0, 1, 6]
[0, 1, 2, 5]
[0, 1, 2, 4]
[0, 1, 2, 7]
[0, 1, 2, 3]
[0, 1, 2, 6]
[0, 1, 2, 5, 4]
[0, 1, 2, 5, 7]
[0, 1, 2, 5, 3]
[0, 1, 2, 5, 6]
[0, 1, 2, 5, 4, 7]
[0, 1, 2, 5, 4, 3]
[0, 1, 2, 5, 4, 6]
[0, 1, 2, 5, 4, 7, 3]
[0, 1, 2, 5, 4, 7, 6]
0.75 0.7894736842105263
itercount --------> 15
[0, 1, 2]
[0, 1, 5]
[0, 1, 7]
[0, 1, 3]
[0, 1, 4]
[0, 1, 6]
[0, 1, 2, 5]
[0, 1, 2, 7]
[0, 1, 2, 3]
[0, 1, 2, 4]
[0, 1, 2, 6]
[0, 1, 2, 5, 7]
[0, 1, 2, 5, 3]
[0, 1, 2, 5, 4]
[0, 1, 2, 5, 6]
[0, 1, 2, 5, 7, 3]
[0, 1, 2, 5, 7, 4]
[0, 1, 2, 5, 7, 6]
[0, 1, 2, 5, 7, 3, 4]
[0, 1, 2, 5, 7, 3, 6]
[0, 1, 2, 5, 7, 3, 4, 6]
failed -> 41 times
after fail n ======> 8
[2, 0, 1, 5, 3, 7, 4, 6]
0.03669724770642202 0.0392156862745098
itercount --------> 1
[2, 0, 1]
0.0392156862745098 0.05128205128205128
itercount --------> 2
[0, 2, 3]
0.05128205128205128 0.08163265306122448
itercount --------> 3
[2, 0, 4]
0.08163265306122448 0.1
itercount --------> 4
[2, 4, 0]
0.1 0.20588235294117646
itercount --------> 5
[2, 0, 7]
[2, 0, 4]
[2, 0, 1]
[2, 0, 5]
0.20588235294117646 0.23333333333333334
itercount --------> 6
[2, 7, 4]
0.23333333333333334 0.5
itercount --------> 7
[2, 0, 1]
0.5 0.6818181818181818
itercount --------> 8
[0, 1, 2]
[0, 1, 5]
[0, 1, 6]
[0, 1, 3]
[0, 1, 4]
[0, 1, 7]
[0, 1, 2, 5]
[0, 1, 2, 6]
[0, 1, 2, 3]
[0, 1, 2, 4]
[0, 1, 2, 7]
0.6818181818181818 0.75
itercount --------> 9
[0, 1, 2]
[0, 1, 5]
[0, 1, 6]
0.75 0.7894736842105263
itercount --------> 10
[0, 1, 2]
[0, 1, 5]
[0, 1, 7]
[0, 1, 3]
[0, 1, 4]
[0, 1, 6]
[0, 1, 2, 5]
[0, 1, 2, 7]
[0, 1, 2, 3]
[0, 1, 2, 4]
[0, 1, 2, 6]
[0, 1, 2, 5, 7]
[0, 1, 2, 5, 3]
[0, 1, 2, 5, 4]
[0, 1, 2, 5, 6]
[0, 1, 2, 5, 7, 3]
[0, 1, 2, 5, 7, 4]
[0, 1, 2, 5, 7, 6]
[0, 1, 2, 5, 7, 3, 4]
[0, 1, 2, 5, 7, 3, 6]
[0, 1, 2, 5, 7, 3, 4, 6]
failed -> 42 times
after fail n ======> 5
[2, 0, 1, 5, 3]
0.03669724770642202 0.05194805194805195
itercount --------> 1
[2, 5, 0]
0.05194805194805195 0.07017543859649122
itercount --------> 2
[2, 5, 0]
[2, 5, 7]
0.07017543859649122 0.0975609756097561
itercount --------> 3
[5, 2, 7]
[5, 2, 0]
0.0975609756097561 0.20588235294117646
itercount --------> 4
[0, 2, 3]
0.20588235294117646 0.39473684210526316
itercount --------> 5
[2, 1, 0]
[2, 1, 5]
0.39473684210526316 0.5769230769230769
itercount --------> 6
[0, 1, 2]
[0, 1, 5]
[0, 1, 4]
[0, 1, 6]
[0, 1, 7]
[0, 1, 3]
[0, 1, 2, 5]
0.5769230769230769 0.6818181818181818
itercount --------> 7
[0, 1, 2]
[0, 1, 5]
[0, 1, 4]
[0, 1, 6]
[0, 1, 7]
[0, 1, 3]
[0, 1, 2, 5]
[0, 1, 2, 4]
[0, 1, 2, 6]
0.6818181818181818 0.75
itercount --------> 8
[0, 1, 2]
[0, 1, 5]
[0, 1, 4]
[0, 1, 7]
[0, 1, 3]
[0, 1, 6]
[0, 1, 2, 5]
[0, 1, 2, 4]
[0, 1, 2, 7]
[0, 1, 2, 3]
[0, 1, 2, 6]
[0, 1, 2, 5, 4]
[0, 1, 2, 5, 7]
[0, 1, 2, 5, 3]
[0, 1, 2, 5, 6]
[0, 1, 2, 5, 4, 7]
[0, 1, 2, 5, 4, 3]
[0, 1, 2, 5, 4, 6]
[0, 1, 2, 5, 4, 7, 3]
[0, 1, 2, 5, 4, 7, 6]
[0, 1, 2, 5, 4, 7, 3, 6]
failed -> 43 times
after fail n ======> 6
[2, 0, 1, 5, 3, 7]
0.03669724770642202 0.043010752688172046
itercount --------> 1
[0, 2, 1]
0.043010752688172046 0.06557377049180328
itercount --------> 2
[0, 2, 1]
0.06557377049180328 0.08888888888888889
itercount --------> 3
[0, 2, 5]
[0, 2, 7]
0.08888888888888889 0.1323529411764706
itercount --------> 4
[2, 1, 0]
[2, 1, 5]
[2, 1, 3]
[2, 1, 7]
[2, 1, 4]
[2, 1, 6]
[2, 1, 0, 5]
0.1323529411764706 0.20454545454545456
itercount --------> 5
[2, 5, 0]
0.20454545454545456 0.23333333333333334
itercount --------> 6
[2, 7, 3]
0.23333333333333334 0.3181818181818182
itercount --------> 7
[3, 0, 1]
0.3181818181818182 0.5
itercount --------> 8
[3, 0, 1]
[3, 0, 2]
[3, 0, 7]
[3, 0, 5]
[3, 0, 4]
[3, 0, 6]
[3, 0, 1, 2]
[3, 0, 1, 7]
[3, 0, 1, 5]
[3, 0, 1, 4]
[3, 0, 1, 6]
[3, 0, 1, 2, 7]
[3, 0, 1, 2, 5]
[3, 0, 1, 2, 4]
[3, 0, 1, 2, 6]
[3, 0, 1, 2, 7, 5]
[3, 0, 1, 2, 7, 4]
[3, 0, 1, 2, 7, 6]
[3, 0, 1, 2, 7, 5, 4]
[3, 0, 1, 2, 7, 5, 6]
[3, 0, 1, 2, 7, 5, 4, 6]
failed -> 44 times
after fail n ======> 7
[2, 0, 1, 5, 3, 7, 4]
0.03669724770642202 0.05194805194805195
itercount --------> 1
[2, 5, 1]
0.05194805194805195 0.07547169811320754
itercount --------> 2
[2, 0, 1]
0.07547169811320754 0.10810810810810811
itercount --------> 3
[5, 7, 0]
0.10810810810810811 0.3181818181818182
itercount --------> 4
[3, 0, 1]
0.3181818181818182 0.5769230769230769
itercount --------> 5
[1, 2, 0]
[1, 2, 5]
[1, 2, 3]
[1, 2, 4]
[1, 2, 6]
[1, 2, 7]
[1, 2, 0, 5]
0.5769230769230769 0.6818181818181818
itercount --------> 6
[0, 1, 2]
[0, 1, 5]
[0, 1, 4]
[0, 1, 6]
[0, 1, 7]
[0, 1, 3]
[0, 1, 2, 5]
[0, 1, 2, 4]
[0, 1, 2, 6]
[0, 1, 2, 7]
[0, 1, 2, 3]
[0, 1, 2, 5, 4]
0.6818181818181818 0.75
itercount --------> 7
[0, 1, 2]
[0, 1, 5]
[0, 1, 6]
[0, 1, 7]
[0, 1, 3]
[0, 1, 4]
[0, 1, 2, 5]
[0, 1, 2, 6]
[0, 1, 2, 7]
[0, 1, 2, 3]
[0, 1, 2, 4]
[0, 1, 2, 5, 6]
[0, 1, 2, 5, 7]
[0, 1, 2, 5, 3]
[0, 1, 2, 5, 4]
[0, 1, 2, 5, 6, 7]
[0, 1, 2, 5, 6, 3]
[0, 1, 2, 5, 6, 4]
[0, 1, 2, 5, 6, 7, 3]
[0, 1, 2, 5, 6, 7, 4]
[0, 1, 2, 5, 6, 7, 3, 4]
failed -> 45 times
after fail n ======> 8
[2, 0, 1, 5, 3, 7, 4, 6]
0.03669724770642202 0.038461538461538464
itercount --------> 1
[2, 0, 5]
0.038461538461538464 0.04838709677419355
itercount --------> 2
[2, 0, 5]
[2, 0, 1]
0.04838709677419355 0.06
itercount --------> 3
[2, 0, 5]
[2, 0, 1]
0.06 0.07142857142857142
itercount --------> 4
[0, 2, 5]
[0, 2, 1]
[0, 2, 6]
0.07142857142857142 0.07894736842105263
itercount --------> 5
[2, 5, 0]
0.07894736842105263 0.08888888888888889
itercount --------> 6
[2, 5, 7]
0.08888888888888889 0.18181818181818182
itercount --------> 7
[5, 0, 1]
0.18181818181818182 0.22727272727272727
itercount --------> 8
[5, 7, 3]
0.22727272727272727 0.32142857142857145
itercount --------> 9
[5, 7, 0]
[5, 7, 1]
0.32142857142857145 0.3695652173913043
itercount --------> 10
[5, 1, 2]
0.3695652173913043 0.3870967741935484
itercount --------> 11
[5, 1, 2]
[5, 1, 0]
0.3870967741935484 0.4444444444444444
itercount --------> 12
[5, 3, 1]
[5, 3, 2]
0.4444444444444444 0.48
itercount --------> 13
[2, 5, 1]
0.48 0.5714285714285714
itercount --------> 14
[0, 1, 2]
[0, 1, 7]
0.5714285714285714 0.631578947368421
itercount --------> 15
[0, 1, 2]
[0, 1, 3]
[0, 1, 5]
[0, 1, 7]
[0, 1, 4]
[0, 1, 6]
[0, 1, 2, 3]
[0, 1, 2, 5]
[0, 1, 2, 7]
[0, 1, 2, 4]
[0, 1, 2, 6]
[0, 1, 2, 3, 5]
[0, 1, 2, 3, 7]
0.631578947368421 0.75
itercount --------> 16
[0, 1, 2]
[0, 1, 5]
[0, 1, 4]
[0, 1, 7]
[0, 1, 3]
[0, 1, 6]
[0, 1, 2, 5]
[0, 1, 2, 4]
[0, 1, 2, 7]
[0, 1, 2, 3]
[0, 1, 2, 6]
[0, 1, 2, 5, 4]
[0, 1, 2, 5, 7]
[0, 1, 2, 5, 3]
[0, 1, 2, 5, 6]
[0, 1, 2, 5, 4, 7]
[0, 1, 2, 5, 4, 3]
[0, 1, 2, 5, 4, 6]
[0, 1, 2, 5, 4, 7, 3]
[0, 1, 2, 5, 4, 7, 6]
[0, 1, 2, 5, 4, 7, 3, 6]
failed -> 46 times
after fail n ======> 5
[2, 0, 1, 5, 3]
0.03669724770642202 0.05194805194805195
itercount --------> 1
[2, 5, 1]
0.05194805194805195 0.05555555555555555
itercount --------> 2
[2, 0, 1]
0.05555555555555555 0.07894736842105263
itercount --------> 3
[2, 0, 1]
0.07894736842105263 0.08823529411764706
itercount --------> 4
[2, 5, 0]
0.08823529411764706 0.08888888888888889
itercount --------> 5
[2, 5, 0]
0.08888888888888889 0.10810810810810811
itercount --------> 6
[2, 5, 7]
0.10810810810810811 0.19047619047619047
itercount --------> 7
[0, 1, 2]
[0, 1, 5]
[0, 1, 3]
0.19047619047619047 0.32
itercount --------> 8
[0, 1, 2]
[0, 1, 7]
0.32 0.38095238095238093
itercount --------> 9
[0, 1, 2]
[0, 1, 5]
[0, 1, 7]
[0, 1, 3]
[0, 1, 4]
[0, 1, 6]
[0, 1, 2, 5]
[0, 1, 2, 7]
[0, 1, 2, 3]
[0, 1, 2, 4]
0.38095238095238093 0.42105263157894735
itercount --------> 10
[0, 1, 2]
[0, 1, 5]
[0, 1, 7]
[0, 1, 3]
[0, 1, 4]
[0, 1, 6]
[0, 1, 2, 5]
[0, 1, 2, 7]
[0, 1, 2, 3]
[0, 1, 2, 4]
[0, 1, 2, 6]
[0, 1, 2, 5, 7]
[0, 1, 2, 5, 3]
[0, 1, 2, 5, 4]
[0, 1, 2, 5, 6]
[0, 1, 2, 5, 7, 3]
[0, 1, 2, 5, 7, 4]
[0, 1, 2, 5, 7, 6]
[0, 1, 2, 5, 7, 3, 4]
[0, 1, 2, 5, 7, 3, 6]
[0, 1, 2, 5, 7, 3, 4, 6]
failed -> 47 times
after fail n ======> 6
[2, 0, 1, 5, 3, 7]
0.03669724770642202 0.05194805194805195
itercount --------> 1
[2, 5, 0]
0.05194805194805195 0.07547169811320754
itercount --------> 2
[2, 0, 1]
0.07547169811320754 0.10810810810810811
itercount --------> 3
[5, 7, 0]
0.10810810810810811 0.11538461538461539
itercount --------> 4
[3, 7, 0]
0.11538461538461539 0.20588235294117646
itercount --------> 5
[0, 1, 2]
[0, 1, 7]
0.20588235294117646 0.5769230769230769
itercount --------> 6
[0, 1, 2]
[0, 1, 5]
0.5769230769230769 0.6818181818181818
itercount --------> 7
[0, 1, 2]
[0, 1, 5]
[0, 1, 4]
0.6818181818181818 0.75
itercount --------> 8
[0, 1, 2]
[0, 1, 5]
[0, 1, 6]
[0, 1, 7]
[0, 1, 3]
[0, 1, 4]
[0, 1, 2, 5]
[0, 1, 2, 6]
[0, 1, 2, 7]
[0, 1, 2, 3]
[0, 1, 2, 4]
[0, 1, 2, 5, 6]
[0, 1, 2, 5, 7]
[0, 1, 2, 5, 3]
[0, 1, 2, 5, 4]
[0, 1, 2, 5, 6, 7]
[0, 1, 2, 5, 6, 3]
0.75 0.7894736842105263
itercount --------> 9
[0, 1, 2]
[0, 1, 5]
[0, 1, 7]
[0, 1, 3]
[0, 1, 4]
[0, 1, 6]
[0, 1, 2, 5]
[0, 1, 2, 7]
[0, 1, 2, 3]
[0, 1, 2, 4]
[0, 1, 2, 6]
[0, 1, 2, 5, 7]
[0, 1, 2, 5, 3]
[0, 1, 2, 5, 4]
[0, 1, 2, 5, 6]
[0, 1, 2, 5, 7, 3]
[0, 1, 2, 5, 7, 4]
[0, 1, 2, 5, 7, 6]
[0, 1, 2, 5, 7, 3, 4]
[0, 1, 2, 5, 7, 3, 6]
[0, 1, 2, 5, 7, 3, 4, 6]
failed -> 48 times
after fail n ======> 7
[2, 0, 1, 5, 3, 7, 4]
0.03669724770642202 0.043010752688172046
itercount --------> 1
[2, 5, 0]
0.043010752688172046 0.05194805194805195
itercount --------> 2
[2, 5, 1]
0.05194805194805195 0.07547169811320754
itercount --------> 3
[2, 0, 1]
[2, 0, 5]
0.07547169811320754 0.08823529411764706
itercount --------> 4
[2, 0, 1]
0.08823529411764706 0.1
itercount --------> 5
[2, 3, 0]
0.1 0.10810810810810811
itercount --------> 6
[2, 0, 1]
0.10810810810810811 0.20588235294117646
itercount --------> 7
[2, 0, 1]
0.20588235294117646 0.23333333333333334
itercount --------> 8
[2, 0, 1]
[2, 0, 7]
0.23333333333333334 0.4230769230769231
itercount --------> 9
[2, 0, 1]
0.4230769230769231 0.5769230769230769
itercount --------> 10
[2, 0, 1]
[2, 0, 5]
0.5769230769230769 0.6818181818181818
itercount --------> 11
[0, 1, 2]
[0, 1, 5]
[0, 1, 4]
0.6818181818181818 0.75
itercount --------> 12
[0, 1, 2]
[0, 1, 5]
[0, 1, 6]
[0, 1, 7]
[0, 1, 3]
[0, 1, 4]
[0, 1, 2, 5]
[0, 1, 2, 6]
[0, 1, 2, 7]
[0, 1, 2, 3]
[0, 1, 2, 4]
[0, 1, 2, 5, 6]
[0, 1, 2, 5, 7]
[0, 1, 2, 5, 3]
[0, 1, 2, 5, 4]
[0, 1, 2, 5, 6, 7]
[0, 1, 2, 5, 6, 3]
[0, 1, 2, 5, 6, 4]
[0, 1, 2, 5, 6, 7, 3]
[0, 1, 2, 5, 6, 7, 4]
[0, 1, 2, 5, 6, 7, 3, 4]
0.75 0.7894736842105263
itercount --------> 13
[0, 1, 2]
[0, 1, 5]
[0, 1, 7]
[0, 1, 3]
[0, 1, 4]
[0, 1, 6]
[0, 1, 2, 5]
[0, 1, 2, 7]
[0, 1, 2, 3]
[0, 1, 2, 4]
[0, 1, 2, 6]
[0, 1, 2, 5, 7]
[0, 1, 2, 5, 3]
[0, 1, 2, 5, 4]
[0, 1, 2, 5, 6]
[0, 1, 2, 5, 7, 3]
[0, 1, 2, 5, 7, 4]
[0, 1, 2, 5, 7, 6]
[0, 1, 2, 5, 7, 3, 4]
[0, 1, 2, 5, 7, 3, 6]
[0, 1, 2, 5, 7, 3, 4, 6]
failed -> 49 times
after fail n ======> 8
[2, 0, 1, 5, 3, 7, 4, 6]
0.03669724770642202 0.05194805194805195
itercount --------> 1
[2, 0, 1]
[2, 0, 5]
0.05194805194805195 0.0759493670886076
itercount --------> 2
[5, 1, 0]
0.0759493670886076 0.17142857142857143
itercount --------> 3
[5, 6, 2]
0.17142857142857143 0.19230769230769232
itercount --------> 4
[2, 3, 6]
[2, 3, 5]
0.19230769230769232 0.3235294117647059
itercount --------> 5
[2, 5, 6]
[2, 5, 0]
0.3235294117647059 0.36666666666666664
itercount --------> 6
[2, 6, 0]
0.36666666666666664 0.4230769230769231
itercount --------> 7
[0, 1, 2]
[0, 1, 6]
[0, 1, 7]
[0, 1, 5]
[0, 1, 3]
[0, 1, 4]
[0, 1, 2, 6]
[0, 1, 2, 7]
[0, 1, 2, 5]
[0, 1, 2, 3]
[0, 1, 2, 4]
0.4230769230769231 0.4583333333333333
itercount --------> 8
[2, 6, 0]
[2, 6, 1]
0.4583333333333333 0.5
itercount --------> 9
[6, 7, 0]
[6, 7, 1]
[6, 7, 2]
0.5 0.5714285714285714
itercount --------> 10
[0, 1, 2]
[0, 1, 5]
[0, 1, 6]
[0, 1, 7]
0.5714285714285714 0.631578947368421
itercount --------> 11
[0, 1, 2]
[0, 1, 5]
[0, 1, 6]
[0, 1, 7]
[0, 1, 3]
[0, 1, 4]
[0, 1, 2, 5]
[0, 1, 2, 6]
[0, 1, 2, 7]
[0, 1, 2, 3]
[0, 1, 2, 4]
[0, 1, 2, 5, 6]
[0, 1, 2, 5, 7]
[0, 1, 2, 5, 3]
[0, 1, 2, 5, 4]
[0, 1, 2, 5, 6, 7]
0.631578947368421 0.75
itercount --------> 12
[0, 1, 2]
[0, 1, 5]
[0, 1, 3]
[0, 1, 7]
[0, 1, 4]
[0, 1, 6]
[0, 1, 2, 5]
[0, 1, 2, 3]
[0, 1, 2, 7]
[0, 1, 2, 4]
[0, 1, 2, 6]
[0, 1, 2, 5, 3]
[0, 1, 2, 5, 7]
[0, 1, 2, 5, 4]
[0, 1, 2, 5, 6]
[0, 1, 2, 5, 3, 7]
[0, 1, 2, 5, 3, 4]
0.75 0.7894736842105263
itercount --------> 13
[0, 1, 2]
[0, 1, 5]
[0, 1, 7]
[0, 1, 3]
[0, 1, 4]
[0, 1, 6]
[0, 1, 2, 5]
[0, 1, 2, 7]
[0, 1, 2, 3]
[0, 1, 2, 4]
[0, 1, 2, 6]
[0, 1, 2, 5, 7]
[0, 1, 2, 5, 3]
[0, 1, 2, 5, 4]
[0, 1, 2, 5, 6]
[0, 1, 2, 5, 7, 3]
[0, 1, 2, 5, 7, 4]
[0, 1, 2, 5, 7, 6]
[0, 1, 2, 5, 7, 3, 4]
[0, 1, 2, 5, 7, 3, 6]
[0, 1, 2, 5, 7, 3, 4, 6]
failed -> 50 times
after fail n ======> 5
Runs with the maximum attractor JI -> [1, 2, 3, 4, 6, 8, 12, 14, 15, 16, 17, 18, 20, 22, 23, 24, 25, 26, 27, 29, 30, 32, 34, 36, 37, 38, 40, 41, 47, 48, 49]
